<?xml version="1.0" encoding="UTF-8"?>
<testsuite name="goos.core.SniperStateTest" tests="6" skipped="0" failures="0" errors="0" timestamp="2021-10-24T02:26:20" hostname="buildkitsandbox" time="0.029">
  <properties/>
  <testcase name="JOINING should become LOST when closed" classname="goos.core.SniperStateTest" time="0.005"/>
  <testcase name="BIDDING should become LOST when closed" classname="goos.core.SniperStateTest" time="0.001"/>
  <testcase name="WINNING should become WON when closed" classname="goos.core.SniperStateTest" time="0.001"/>
  <testcase name="LOSING should become LOST when closed" classname="goos.core.SniperStateTest" time="0.001"/>
  <testcase name="LOST should not be closeable" classname="goos.core.SniperStateTest" time="0.009"/>
  <testcase name="WON should not be closeable" classname="goos.core.SniperStateTest" time="0.001"/>
  <system-out><![CDATA[]]></system-out>
  <system-err><![CDATA[]]></system-err>
</testsuite>
