<?xml version="1.0" encoding="UTF-8"?>
<testsuite name="goos.core.SniperLauncherTest" tests="1" skipped="0" failures="0" errors="0" timestamp="2021-12-28T02:32:08" hostname="buildkitsandbox" time="0.174">
  <properties/>
  <testcase name="adds new sniper to collector and then joins auction" classname="goos.core.SniperLauncherTest" time="0.174"/>
  <system-out><![CDATA[]]></system-out>
  <system-err><![CDATA[]]></system-err>
</testsuite>
