<?xml version="1.0" encoding="UTF-8"?>
<testsuite name="goos.ui.swing.MainWindowTest" tests="3" skipped="0" failures="0" errors="0" timestamp="2021-12-25T02:34:21" hostname="buildkitsandbox" time="5.284">
  <properties/>
  <testcase name="window has expected features" classname="goos.ui.swing.MainWindowTest" time="3.739"/>
  <testcase name="make user request when join button clicked" classname="goos.ui.swing.MainWindowTest" time="1.299"/>
  <testcase name="make user request when reset button clicked" classname="goos.ui.swing.MainWindowTest" time="0.237"/>
  <system-out><![CDATA[]]></system-out>
  <system-err><![CDATA[SLF4J: Failed to load class "org.slf4j.impl.StaticLoggerBinder".
SLF4J: Defaulting to no-operation (NOP) logger implementation
SLF4J: See http://www.slf4j.org/codes.html#StaticLoggerBinder for further details.
Dec 25, 2021 2:34:24 AM io.netty.util.internal.MacAddressUtil defaultMachineId
WARNING: Failed to find a usable hardware address from the network interfaces; using random bytes: 79:6a:97:22:91:f6:b9:a8
Dec 25, 2021 2:34:24 AM net.sourceforge.marathon.javaagent.server.JavaServer serve
INFO: JavaServer.serve(POST /session): {
  "desiredCapabilities": {
    "browserName": "java",
    "platform": "ANY"
  },
  "capabilities": {
    "firstMatch": [
      {
        "browserName": "java"
      }
    ]
  }
}
Dec 25, 2021 2:34:24 AM net.sourceforge.marathon.javaagent.server.JavaServer createSession
INFO: Creating device with type: EVENT_QUEUE
Dec 25, 2021 2:34:24 AM net.sourceforge.marathon.javaagent.Device getDevice
INFO: Creating a EVENT_QUEUE device
Dec 25, 2021 2:34:24 AM net.sourceforge.marathon.javaagent.server.JavaServer serve
INFO: POST(/session, {"desiredCapabilities":{"browserName":"java","platform":"ANY"},"capabilities":{"firstMatch":[{"browserName":"java"}]}}) = {data=, status=REDIRECT}
Dec 25, 2021 2:34:24 AM net.sourceforge.marathon.javaagent.server.JavaServer serve
INFO: JavaServer.serve(GET /session/e310f56f-cc2f-45e4-adc9-82ebb70a49c5): {}
Dec 25, 2021 2:34:24 AM net.sourceforge.marathon.javaagent.server.JavaServer serve
INFO: GET(/session/e310f56f-cc2f-45e4-adc9-82ebb70a49c5) = {data={"name":"getCapabilities","sessionId":"e310f56f-cc2f-45e4-adc9-82ebb70a49c5","value":{"applicationCacheEnabled":false,"rotatable":false,"loggingPrefs":{"driver":"ALL"},"handlesAlerts":false,"databaseEnabled":false,"version":"1.0","platform":"ANY","browserConnectionEnabled":false,"nativeEvents":false,"acceptSslCerts":false,"locationContextEnabled":false,"webStorageEnabled":false,"browserName":"java","takesScreenshot":true,"javascriptEnabled":true,"cssSelectorsEnabled":false},"status":0}, status=OK}
Dec 25, 2021 2:34:24 AM org.openqa.selenium.remote.ProtocolHandshake createSession
INFO: Detected dialect: OSS
Dec 25, 2021 2:34:24 AM net.sourceforge.marathon.javaagent.server.JavaServer serve
INFO: JavaServer.serve(POST /session/e310f56f-cc2f-45e4-adc9-82ebb70a49c5/element): {
  "using": "css selector",
  "value": "."
}
Dec 25, 2021 2:34:24 AM net.sourceforge.marathon.javaagent.server.JavaServer serve
INFO: POST(/session/e310f56f-cc2f-45e4-adc9-82ebb70a49c5/element, {"using":"css selector","value":"."}) = {data={"name":"findElement","sessionId":"e310f56f-cc2f-45e4-adc9-82ebb70a49c5","value":{"ELEMENT":"5f6bc914-2968-4450-918a-32a80f74712a"},"status":0}, status=OK}
Dec 25, 2021 2:34:24 AM net.sourceforge.marathon.javaagent.server.JavaServer serve
INFO: JavaServer.serve(GET /session/e310f56f-cc2f-45e4-adc9-82ebb70a49c5/element/5f6bc914-2968-4450-918a-32a80f74712a/attribute/name): {}
Dec 25, 2021 2:34:24 AM net.sourceforge.marathon.javaagent.server.JavaServer serve
INFO: GET(/session/e310f56f-cc2f-45e4-adc9-82ebb70a49c5/element/5f6bc914-2968-4450-918a-32a80f74712a/attribute/name) = {data={"name":"getElementAttribute","sessionId":"e310f56f-cc2f-45e4-adc9-82ebb70a49c5","value":"Auction Sniper Name","status":0}, status=OK}
Dec 25, 2021 2:34:24 AM net.sourceforge.marathon.javaagent.server.JavaServer serve
INFO: JavaServer.serve(POST /session/e310f56f-cc2f-45e4-adc9-82ebb70a49c5/element): {
  "using": "css selector",
  "value": "."
}
Dec 25, 2021 2:34:24 AM net.sourceforge.marathon.javaagent.server.JavaServer serve
INFO: POST(/session/e310f56f-cc2f-45e4-adc9-82ebb70a49c5/element, {"using":"css selector","value":"."}) = {data={"name":"findElement","sessionId":"e310f56f-cc2f-45e4-adc9-82ebb70a49c5","value":{"ELEMENT":"5f6bc914-2968-4450-918a-32a80f74712a"},"status":0}, status=OK}
Dec 25, 2021 2:34:25 AM net.sourceforge.marathon.javaagent.server.JavaServer serve
INFO: JavaServer.serve(GET /session/e310f56f-cc2f-45e4-adc9-82ebb70a49c5/element/5f6bc914-2968-4450-918a-32a80f74712a/displayed): {}
Dec 25, 2021 2:34:25 AM net.sourceforge.marathon.javaagent.server.JavaServer serve
INFO: GET(/session/e310f56f-cc2f-45e4-adc9-82ebb70a49c5/element/5f6bc914-2968-4450-918a-32a80f74712a/displayed) = {data={"name":"isDisplayed","sessionId":"e310f56f-cc2f-45e4-adc9-82ebb70a49c5","value":true,"status":0}, status=OK}
Dec 25, 2021 2:34:25 AM net.sourceforge.marathon.javaagent.server.JavaServer serve
INFO: JavaServer.serve(GET /session/e310f56f-cc2f-45e4-adc9-82ebb70a49c5/title): {}
Dec 25, 2021 2:34:25 AM net.sourceforge.marathon.javaagent.server.JavaServer serve
INFO: GET(/session/e310f56f-cc2f-45e4-adc9-82ebb70a49c5/title) = {data={"name":"getWindowTitle","sessionId":"e310f56f-cc2f-45e4-adc9-82ebb70a49c5","value":"Auction Sniper","status":0}, status=OK}
Dec 25, 2021 2:34:25 AM net.sourceforge.marathon.javaagent.server.JavaServer serve
INFO: JavaServer.serve(POST /session/e310f56f-cc2f-45e4-adc9-82ebb70a49c5/element): {
  "using": "name",
  "value": "snipers table"
}
Dec 25, 2021 2:34:25 AM net.sourceforge.marathon.javaagent.server.JavaServer serve
INFO: POST(/session/e310f56f-cc2f-45e4-adc9-82ebb70a49c5/element, {"using":"name","value":"snipers table"}) = {data={"name":"findElement","sessionId":"e310f56f-cc2f-45e4-adc9-82ebb70a49c5","value":{"ELEMENT":"a27156c1-b21d-4aa9-a26a-d4e7be3df5d2"},"status":0}, status=OK}
Dec 25, 2021 2:34:25 AM net.sourceforge.marathon.javaagent.server.JavaServer serve
INFO: JavaServer.serve(POST /session/e310f56f-cc2f-45e4-adc9-82ebb70a49c5/element/a27156c1-b21d-4aa9-a26a-d4e7be3df5d2/elements): {
  "id": "a27156c1-b21d-4aa9-a26a-d4e7be3df5d2",
  "using": "css selector",
  "value": ".::header.::all-items"
}
Dec 25, 2021 2:34:25 AM net.sourceforge.marathon.javaagent.server.JavaServer serve
INFO: POST(/session/e310f56f-cc2f-45e4-adc9-82ebb70a49c5/element/a27156c1-b21d-4aa9-a26a-d4e7be3df5d2/elements, {"using":"css selector","id":"a27156c1-b21d-4aa9-a26a-d4e7be3df5d2","value":".::header.::all-items"}) = {data={"name":"findElementsOfElement","sessionId":"e310f56f-cc2f-45e4-adc9-82ebb70a49c5","value":[{"ELEMENT":"1578a206-b61a-4f19-8f2e-fd6cce8be501%23%7B%22selector%22%3A%22nth-item%22%2C%22parameters%22%3A%5B1%5D%7D"},{"ELEMENT":"1578a206-b61a-4f19-8f2e-fd6cce8be501%23%7B%22selector%22%3A%22nth-item%22%2C%22parameters%22%3A%5B2%5D%7D"},{"ELEMENT":"1578a206-b61a-4f19-8f2e-fd6cce8be501%23%7B%22selector%22%3A%22nth-item%22%2C%22parameters%22%3A%5B3%5D%7D"},{"ELEMENT":"1578a206-b61a-4f19-8f2e-fd6cce8be501%23%7B%22selector%22%3A%22nth-item%22%2C%22parameters%22%3A%5B4%5D%7D"}],"status":0}, status=OK}
Dec 25, 2021 2:34:25 AM net.sourceforge.marathon.javaagent.server.JavaServer serve
INFO: JavaServer.serve(GET /session/e310f56f-cc2f-45e4-adc9-82ebb70a49c5/element/1578a206-b61a-4f19-8f2e-fd6cce8be501%23%7B%22selector%22%3A%22nth-item%22%2C%22parameters%22%3A%5B1%5D%7D/text): {}
Dec 25, 2021 2:34:25 AM net.sourceforge.marathon.javaagent.server.JavaServer serve
INFO: GET(/session/e310f56f-cc2f-45e4-adc9-82ebb70a49c5/element/1578a206-b61a-4f19-8f2e-fd6cce8be501%23%7B%22selector%22%3A%22nth-item%22%2C%22parameters%22%3A%5B1%5D%7D/text) = {data={"name":"getElementText","sessionId":"e310f56f-cc2f-45e4-adc9-82ebb70a49c5","value":"Item","status":0}, status=OK}
Dec 25, 2021 2:34:25 AM net.sourceforge.marathon.javaagent.server.JavaServer serve
INFO: JavaServer.serve(GET /session/e310f56f-cc2f-45e4-adc9-82ebb70a49c5/element/1578a206-b61a-4f19-8f2e-fd6cce8be501%23%7B%22selector%22%3A%22nth-item%22%2C%22parameters%22%3A%5B2%5D%7D/text): {}
Dec 25, 2021 2:34:25 AM net.sourceforge.marathon.javaagent.server.JavaServer serve
INFO: GET(/session/e310f56f-cc2f-45e4-adc9-82ebb70a49c5/element/1578a206-b61a-4f19-8f2e-fd6cce8be501%23%7B%22selector%22%3A%22nth-item%22%2C%22parameters%22%3A%5B2%5D%7D/text) = {data={"name":"getElementText","sessionId":"e310f56f-cc2f-45e4-adc9-82ebb70a49c5","value":"Last Price","status":0}, status=OK}
Dec 25, 2021 2:34:25 AM net.sourceforge.marathon.javaagent.server.JavaServer serve
INFO: JavaServer.serve(GET /session/e310f56f-cc2f-45e4-adc9-82ebb70a49c5/element/1578a206-b61a-4f19-8f2e-fd6cce8be501%23%7B%22selector%22%3A%22nth-item%22%2C%22parameters%22%3A%5B3%5D%7D/text): {}
Dec 25, 2021 2:34:25 AM net.sourceforge.marathon.javaagent.server.JavaServer serve
INFO: GET(/session/e310f56f-cc2f-45e4-adc9-82ebb70a49c5/element/1578a206-b61a-4f19-8f2e-fd6cce8be501%23%7B%22selector%22%3A%22nth-item%22%2C%22parameters%22%3A%5B3%5D%7D/text) = {data={"name":"getElementText","sessionId":"e310f56f-cc2f-45e4-adc9-82ebb70a49c5","value":"Last Bid","status":0}, status=OK}
Dec 25, 2021 2:34:25 AM net.sourceforge.marathon.javaagent.server.JavaServer serve
INFO: JavaServer.serve(GET /session/e310f56f-cc2f-45e4-adc9-82ebb70a49c5/element/1578a206-b61a-4f19-8f2e-fd6cce8be501%23%7B%22selector%22%3A%22nth-item%22%2C%22parameters%22%3A%5B4%5D%7D/text): {}
Dec 25, 2021 2:34:25 AM net.sourceforge.marathon.javaagent.server.JavaServer serve
INFO: GET(/session/e310f56f-cc2f-45e4-adc9-82ebb70a49c5/element/1578a206-b61a-4f19-8f2e-fd6cce8be501%23%7B%22selector%22%3A%22nth-item%22%2C%22parameters%22%3A%5B4%5D%7D/text) = {data={"name":"getElementText","sessionId":"e310f56f-cc2f-45e4-adc9-82ebb70a49c5","value":"State","status":0}, status=OK}
Dec 25, 2021 2:34:25 AM net.sourceforge.marathon.javaagent.server.JavaServer serve
INFO: JavaServer.serve(DELETE /session/e310f56f-cc2f-45e4-adc9-82ebb70a49c5/window): {}
Dec 25, 2021 2:34:25 AM net.sourceforge.marathon.javaagent.server.JavaServer serve
INFO: DELETE(/session/e310f56f-cc2f-45e4-adc9-82ebb70a49c5/window) = {data={"name":"closeSession","sessionId":"e310f56f-cc2f-45e4-adc9-82ebb70a49c5","status":0}, status=OK}
Dec 25, 2021 2:34:25 AM net.sourceforge.marathon.javaagent.server.JavaServer serve
INFO: JavaServer.serve(POST /session): {
  "desiredCapabilities": {
    "browserName": "java",
    "platform": "ANY"
  },
  "capabilities": {
    "firstMatch": [
      {
        "browserName": "java"
      }
    ]
  }
}
Dec 25, 2021 2:34:25 AM net.sourceforge.marathon.javaagent.server.JavaServer createSession
INFO: Creating device with type: EVENT_QUEUE
Dec 25, 2021 2:34:25 AM net.sourceforge.marathon.javaagent.Device getDevice
INFO: Creating a EVENT_QUEUE device
Dec 25, 2021 2:34:25 AM net.sourceforge.marathon.javaagent.server.JavaServer serve
INFO: POST(/session, {"desiredCapabilities":{"browserName":"java","platform":"ANY"},"capabilities":{"firstMatch":[{"browserName":"java"}]}}) = {data=, status=REDIRECT}
Dec 25, 2021 2:34:25 AM net.sourceforge.marathon.javaagent.server.JavaServer serve
INFO: JavaServer.serve(GET /session/6fc66266-9c28-4c8a-b9bb-21ac0713cf5d): {}
Dec 25, 2021 2:34:25 AM net.sourceforge.marathon.javaagent.server.JavaServer serve
INFO: GET(/session/6fc66266-9c28-4c8a-b9bb-21ac0713cf5d) = {data={"name":"getCapabilities","sessionId":"6fc66266-9c28-4c8a-b9bb-21ac0713cf5d","value":{"applicationCacheEnabled":false,"rotatable":false,"loggingPrefs":{"driver":"ALL"},"handlesAlerts":false,"databaseEnabled":false,"version":"1.0","platform":"ANY","browserConnectionEnabled":false,"nativeEvents":false,"acceptSslCerts":false,"locationContextEnabled":false,"webStorageEnabled":false,"browserName":"java","takesScreenshot":true,"javascriptEnabled":true,"cssSelectorsEnabled":false},"status":0}, status=OK}
Dec 25, 2021 2:34:25 AM org.openqa.selenium.remote.ProtocolHandshake createSession
INFO: Detected dialect: OSS
Dec 25, 2021 2:34:25 AM net.sourceforge.marathon.javaagent.server.JavaServer serve
INFO: JavaServer.serve(POST /session/6fc66266-9c28-4c8a-b9bb-21ac0713cf5d/element): {
  "using": "name",
  "value": "new item id field"
}
Dec 25, 2021 2:34:25 AM net.sourceforge.marathon.javaagent.server.JavaServer serve
INFO: POST(/session/6fc66266-9c28-4c8a-b9bb-21ac0713cf5d/element, {"using":"name","value":"new item id field"}) = {data={"name":"findElement","sessionId":"6fc66266-9c28-4c8a-b9bb-21ac0713cf5d","value":{"ELEMENT":"b1851201-35c7-4fa0-a59a-9c85169ddff7"},"status":0}, status=OK}
Dec 25, 2021 2:34:25 AM net.sourceforge.marathon.javaagent.server.JavaServer serve
INFO: JavaServer.serve(POST /session/6fc66266-9c28-4c8a-b9bb-21ac0713cf5d/element/b1851201-35c7-4fa0-a59a-9c85169ddff7/clear): {
  "id": "b1851201-35c7-4fa0-a59a-9c85169ddff7"
}
Dec 25, 2021 2:34:25 AM net.sourceforge.marathon.javaagent.server.JavaServer serve
INFO: POST(/session/6fc66266-9c28-4c8a-b9bb-21ac0713cf5d/element/b1851201-35c7-4fa0-a59a-9c85169ddff7/clear, {"id":"b1851201-35c7-4fa0-a59a-9c85169ddff7"}) = {data={"name":"clearElement","sessionId":"6fc66266-9c28-4c8a-b9bb-21ac0713cf5d","status":0}, status=OK}
Dec 25, 2021 2:34:25 AM net.sourceforge.marathon.javaagent.server.JavaServer serve
INFO: JavaServer.serve(POST /session/6fc66266-9c28-4c8a-b9bb-21ac0713cf5d/element/b1851201-35c7-4fa0-a59a-9c85169ddff7/value): {
  "id": "b1851201-35c7-4fa0-a59a-9c85169ddff7",
  "value": [
    "an item-id"
  ]
}
Dec 25, 2021 2:34:25 AM net.sourceforge.marathon.javaagent.EventQueueDevice dispatchEvent
INFO: java.awt.event.KeyEvent[KEY_PRESSED,keyCode=65,keyText=A,keyChar='a',keyLocation=KEY_LOCATION_UNKNOWN,rawCode=0,primaryLevelUnicode=0,scancode=0,extendedKeyCode=0x0] on new item id field
Dec 25, 2021 2:34:25 AM net.sourceforge.marathon.javaagent.EventQueueDevice dispatchEvent
INFO: java.awt.event.KeyEvent[KEY_TYPED,keyCode=0,keyText=Unknown keyCode: 0x0,keyChar='a',keyLocation=KEY_LOCATION_UNKNOWN,rawCode=0,primaryLevelUnicode=0,scancode=0,extendedKeyCode=0x0] on new item id field
Dec 25, 2021 2:34:25 AM net.sourceforge.marathon.javaagent.EventQueueDevice dispatchEvent
INFO: java.awt.event.KeyEvent[KEY_RELEASED,keyCode=65,keyText=A,keyChar='a',keyLocation=KEY_LOCATION_UNKNOWN,rawCode=0,primaryLevelUnicode=0,scancode=0,extendedKeyCode=0x0] on new item id field
Dec 25, 2021 2:34:25 AM net.sourceforge.marathon.javaagent.EventQueueDevice dispatchEvent
INFO: java.awt.event.KeyEvent[KEY_PRESSED,keyCode=78,keyText=N,keyChar='n',keyLocation=KEY_LOCATION_UNKNOWN,rawCode=0,primaryLevelUnicode=0,scancode=0,extendedKeyCode=0x0] on new item id field
Dec 25, 2021 2:34:25 AM net.sourceforge.marathon.javaagent.EventQueueDevice dispatchEvent
INFO: java.awt.event.KeyEvent[KEY_TYPED,keyCode=0,keyText=Unknown keyCode: 0x0,keyChar='n',keyLocation=KEY_LOCATION_UNKNOWN,rawCode=0,primaryLevelUnicode=0,scancode=0,extendedKeyCode=0x0] on new item id field
Dec 25, 2021 2:34:25 AM net.sourceforge.marathon.javaagent.EventQueueDevice dispatchEvent
INFO: java.awt.event.KeyEvent[KEY_RELEASED,keyCode=78,keyText=N,keyChar='n',keyLocation=KEY_LOCATION_UNKNOWN,rawCode=0,primaryLevelUnicode=0,scancode=0,extendedKeyCode=0x0] on new item id field
Dec 25, 2021 2:34:25 AM net.sourceforge.marathon.javaagent.EventQueueDevice dispatchEvent
INFO: java.awt.event.KeyEvent[KEY_PRESSED,keyCode=16,keyText=Shift,keyChar=Undefined keyChar,modifiers=Shift,extModifiers=Shift,keyLocation=KEY_LOCATION_UNKNOWN,rawCode=0,primaryLevelUnicode=0,scancode=0,extendedKeyCode=0x0] on new item id field
Dec 25, 2021 2:34:25 AM net.sourceforge.marathon.javaagent.EventQueueDevice dispatchEvent
INFO: java.awt.event.KeyEvent[KEY_PRESSED,keyCode=32,keyText=Space,keyChar=' ',modifiers=Shift,extModifiers=Shift,keyLocation=KEY_LOCATION_UNKNOWN,rawCode=0,primaryLevelUnicode=0,scancode=0,extendedKeyCode=0x0] on new item id field
Dec 25, 2021 2:34:25 AM net.sourceforge.marathon.javaagent.EventQueueDevice dispatchEvent
INFO: java.awt.event.KeyEvent[KEY_TYPED,keyCode=0,keyText=Unknown keyCode: 0x0,keyChar=' ',modifiers=Shift,extModifiers=Shift,keyLocation=KEY_LOCATION_UNKNOWN,rawCode=0,primaryLevelUnicode=0,scancode=0,extendedKeyCode=0x0] on new item id field
Dec 25, 2021 2:34:25 AM net.sourceforge.marathon.javaagent.EventQueueDevice dispatchEvent
INFO: java.awt.event.KeyEvent[KEY_RELEASED,keyCode=32,keyText=Space,keyChar=' ',modifiers=Shift,extModifiers=Shift,keyLocation=KEY_LOCATION_UNKNOWN,rawCode=0,primaryLevelUnicode=0,scancode=0,extendedKeyCode=0x0] on new item id field
Dec 25, 2021 2:34:25 AM net.sourceforge.marathon.javaagent.EventQueueDevice dispatchEvent
INFO: java.awt.event.KeyEvent[KEY_RELEASED,keyCode=16,keyText=Shift,keyChar=Undefined keyChar,keyLocation=KEY_LOCATION_UNKNOWN,rawCode=0,primaryLevelUnicode=0,scancode=0,extendedKeyCode=0x0] on new item id field
Dec 25, 2021 2:34:25 AM net.sourceforge.marathon.javaagent.EventQueueDevice dispatchEvent
INFO: java.awt.event.KeyEvent[KEY_PRESSED,keyCode=73,keyText=I,keyChar='i',keyLocation=KEY_LOCATION_UNKNOWN,rawCode=0,primaryLevelUnicode=0,scancode=0,extendedKeyCode=0x0] on new item id field
Dec 25, 2021 2:34:25 AM net.sourceforge.marathon.javaagent.EventQueueDevice dispatchEvent
INFO: java.awt.event.KeyEvent[KEY_TYPED,keyCode=0,keyText=Unknown keyCode: 0x0,keyChar='i',keyLocation=KEY_LOCATION_UNKNOWN,rawCode=0,primaryLevelUnicode=0,scancode=0,extendedKeyCode=0x0] on new item id field
Dec 25, 2021 2:34:25 AM net.sourceforge.marathon.javaagent.EventQueueDevice dispatchEvent
INFO: java.awt.event.KeyEvent[KEY_RELEASED,keyCode=73,keyText=I,keyChar='i',keyLocation=KEY_LOCATION_UNKNOWN,rawCode=0,primaryLevelUnicode=0,scancode=0,extendedKeyCode=0x0] on new item id field
Dec 25, 2021 2:34:25 AM net.sourceforge.marathon.javaagent.EventQueueDevice dispatchEvent
INFO: java.awt.event.KeyEvent[KEY_PRESSED,keyCode=84,keyText=T,keyChar='t',keyLocation=KEY_LOCATION_UNKNOWN,rawCode=0,primaryLevelUnicode=0,scancode=0,extendedKeyCode=0x0] on new item id field
Dec 25, 2021 2:34:25 AM net.sourceforge.marathon.javaagent.EventQueueDevice dispatchEvent
INFO: java.awt.event.KeyEvent[KEY_TYPED,keyCode=0,keyText=Unknown keyCode: 0x0,keyChar='t',keyLocation=KEY_LOCATION_UNKNOWN,rawCode=0,primaryLevelUnicode=0,scancode=0,extendedKeyCode=0x0] on new item id field
Dec 25, 2021 2:34:25 AM net.sourceforge.marathon.javaagent.EventQueueDevice dispatchEvent
INFO: java.awt.event.KeyEvent[KEY_RELEASED,keyCode=84,keyText=T,keyChar='t',keyLocation=KEY_LOCATION_UNKNOWN,rawCode=0,primaryLevelUnicode=0,scancode=0,extendedKeyCode=0x0] on new item id field
Dec 25, 2021 2:34:25 AM net.sourceforge.marathon.javaagent.EventQueueDevice dispatchEvent
INFO: java.awt.event.KeyEvent[KEY_PRESSED,keyCode=69,keyText=E,keyChar='e',keyLocation=KEY_LOCATION_UNKNOWN,rawCode=0,primaryLevelUnicode=0,scancode=0,extendedKeyCode=0x0] on new item id field
Dec 25, 2021 2:34:25 AM net.sourceforge.marathon.javaagent.EventQueueDevice dispatchEvent
INFO: java.awt.event.KeyEvent[KEY_TYPED,keyCode=0,keyText=Unknown keyCode: 0x0,keyChar='e',keyLocation=KEY_LOCATION_UNKNOWN,rawCode=0,primaryLevelUnicode=0,scancode=0,extendedKeyCode=0x0] on new item id field
Dec 25, 2021 2:34:25 AM net.sourceforge.marathon.javaagent.EventQueueDevice dispatchEvent
INFO: java.awt.event.KeyEvent[KEY_RELEASED,keyCode=69,keyText=E,keyChar='e',keyLocation=KEY_LOCATION_UNKNOWN,rawCode=0,primaryLevelUnicode=0,scancode=0,extendedKeyCode=0x0] on new item id field
Dec 25, 2021 2:34:25 AM net.sourceforge.marathon.javaagent.EventQueueDevice dispatchEvent
INFO: java.awt.event.KeyEvent[KEY_PRESSED,keyCode=77,keyText=M,keyChar='m',keyLocation=KEY_LOCATION_UNKNOWN,rawCode=0,primaryLevelUnicode=0,scancode=0,extendedKeyCode=0x0] on new item id field
Dec 25, 2021 2:34:25 AM net.sourceforge.marathon.javaagent.EventQueueDevice dispatchEvent
INFO: java.awt.event.KeyEvent[KEY_TYPED,keyCode=0,keyText=Unknown keyCode: 0x0,keyChar='m',keyLocation=KEY_LOCATION_UNKNOWN,rawCode=0,primaryLevelUnicode=0,scancode=0,extendedKeyCode=0x0] on new item id field
Dec 25, 2021 2:34:25 AM net.sourceforge.marathon.javaagent.EventQueueDevice dispatchEvent
INFO: java.awt.event.KeyEvent[KEY_RELEASED,keyCode=77,keyText=M,keyChar='m',keyLocation=KEY_LOCATION_UNKNOWN,rawCode=0,primaryLevelUnicode=0,scancode=0,extendedKeyCode=0x0] on new item id field
Dec 25, 2021 2:34:25 AM net.sourceforge.marathon.javaagent.EventQueueDevice dispatchEvent
INFO: java.awt.event.KeyEvent[KEY_PRESSED,keyCode=45,keyText=Minus,keyChar='-',keyLocation=KEY_LOCATION_UNKNOWN,rawCode=0,primaryLevelUnicode=0,scancode=0,extendedKeyCode=0x0] on new item id field
Dec 25, 2021 2:34:25 AM net.sourceforge.marathon.javaagent.EventQueueDevice dispatchEvent
INFO: java.awt.event.KeyEvent[KEY_TYPED,keyCode=0,keyText=Unknown keyCode: 0x0,keyChar='-',keyLocation=KEY_LOCATION_UNKNOWN,rawCode=0,primaryLevelUnicode=0,scancode=0,extendedKeyCode=0x0] on new item id field
Dec 25, 2021 2:34:25 AM net.sourceforge.marathon.javaagent.EventQueueDevice dispatchEvent
INFO: java.awt.event.KeyEvent[KEY_RELEASED,keyCode=45,keyText=Minus,keyChar='-',keyLocation=KEY_LOCATION_UNKNOWN,rawCode=0,primaryLevelUnicode=0,scancode=0,extendedKeyCode=0x0] on new item id field
Dec 25, 2021 2:34:25 AM net.sourceforge.marathon.javaagent.EventQueueDevice dispatchEvent
INFO: java.awt.event.KeyEvent[KEY_PRESSED,keyCode=73,keyText=I,keyChar='i',keyLocation=KEY_LOCATION_UNKNOWN,rawCode=0,primaryLevelUnicode=0,scancode=0,extendedKeyCode=0x0] on new item id field
Dec 25, 2021 2:34:25 AM net.sourceforge.marathon.javaagent.EventQueueDevice dispatchEvent
INFO: java.awt.event.KeyEvent[KEY_TYPED,keyCode=0,keyText=Unknown keyCode: 0x0,keyChar='i',keyLocation=KEY_LOCATION_UNKNOWN,rawCode=0,primaryLevelUnicode=0,scancode=0,extendedKeyCode=0x0] on new item id field
Dec 25, 2021 2:34:25 AM net.sourceforge.marathon.javaagent.EventQueueDevice dispatchEvent
INFO: java.awt.event.KeyEvent[KEY_RELEASED,keyCode=73,keyText=I,keyChar='i',keyLocation=KEY_LOCATION_UNKNOWN,rawCode=0,primaryLevelUnicode=0,scancode=0,extendedKeyCode=0x0] on new item id field
Dec 25, 2021 2:34:25 AM net.sourceforge.marathon.javaagent.EventQueueDevice dispatchEvent
INFO: java.awt.event.KeyEvent[KEY_PRESSED,keyCode=68,keyText=D,keyChar='d',keyLocation=KEY_LOCATION_UNKNOWN,rawCode=0,primaryLevelUnicode=0,scancode=0,extendedKeyCode=0x0] on new item id field
Dec 25, 2021 2:34:25 AM net.sourceforge.marathon.javaagent.EventQueueDevice dispatchEvent
INFO: java.awt.event.KeyEvent[KEY_TYPED,keyCode=0,keyText=Unknown keyCode: 0x0,keyChar='d',keyLocation=KEY_LOCATION_UNKNOWN,rawCode=0,primaryLevelUnicode=0,scancode=0,extendedKeyCode=0x0] on new item id field
Dec 25, 2021 2:34:25 AM net.sourceforge.marathon.javaagent.EventQueueDevice dispatchEvent
INFO: java.awt.event.KeyEvent[KEY_RELEASED,keyCode=68,keyText=D,keyChar='d',keyLocation=KEY_LOCATION_UNKNOWN,rawCode=0,primaryLevelUnicode=0,scancode=0,extendedKeyCode=0x0] on new item id field
Dec 25, 2021 2:34:25 AM net.sourceforge.marathon.javaagent.server.JavaServer serve
INFO: POST(/session/6fc66266-9c28-4c8a-b9bb-21ac0713cf5d/element/b1851201-35c7-4fa0-a59a-9c85169ddff7/value, {"id":"b1851201-35c7-4fa0-a59a-9c85169ddff7","value":["an item-id"]}) = {data={"name":"sendKeysElement","sessionId":"6fc66266-9c28-4c8a-b9bb-21ac0713cf5d","status":0}, status=OK}
Dec 25, 2021 2:34:25 AM net.sourceforge.marathon.javaagent.server.JavaServer serve
INFO: JavaServer.serve(POST /session/6fc66266-9c28-4c8a-b9bb-21ac0713cf5d/element): {
  "using": "name",
  "value": "new item stop price field"
}
Dec 25, 2021 2:34:25 AM net.sourceforge.marathon.javaagent.server.JavaServer serve
INFO: POST(/session/6fc66266-9c28-4c8a-b9bb-21ac0713cf5d/element, {"using":"name","value":"new item stop price field"}) = {data={"name":"findElement","sessionId":"6fc66266-9c28-4c8a-b9bb-21ac0713cf5d","value":{"ELEMENT":"bb7f8f4a-e7d3-49cc-b4b6-99a26adace61"},"status":0}, status=OK}
Dec 25, 2021 2:34:25 AM net.sourceforge.marathon.javaagent.server.JavaServer serve
INFO: JavaServer.serve(POST /session/6fc66266-9c28-4c8a-b9bb-21ac0713cf5d/element/bb7f8f4a-e7d3-49cc-b4b6-99a26adace61/clear): {
  "id": "bb7f8f4a-e7d3-49cc-b4b6-99a26adace61"
}
Dec 25, 2021 2:34:25 AM net.sourceforge.marathon.javaagent.server.JavaServer serve
INFO: POST(/session/6fc66266-9c28-4c8a-b9bb-21ac0713cf5d/element/bb7f8f4a-e7d3-49cc-b4b6-99a26adace61/clear, {"id":"bb7f8f4a-e7d3-49cc-b4b6-99a26adace61"}) = {data={"name":"clearElement","sessionId":"6fc66266-9c28-4c8a-b9bb-21ac0713cf5d","status":0}, status=OK}
Dec 25, 2021 2:34:25 AM net.sourceforge.marathon.javaagent.server.JavaServer serve
INFO: JavaServer.serve(POST /session/6fc66266-9c28-4c8a-b9bb-21ac0713cf5d/element/bb7f8f4a-e7d3-49cc-b4b6-99a26adace61/value): {
  "id": "bb7f8f4a-e7d3-49cc-b4b6-99a26adace61",
  "value": [
    "11000"
  ]
}
Dec 25, 2021 2:34:25 AM net.sourceforge.marathon.javaagent.EventQueueDevice dispatchEvent
INFO: java.awt.event.KeyEvent[KEY_PRESSED,keyCode=49,keyText=1,keyChar='1',keyLocation=KEY_LOCATION_UNKNOWN,rawCode=0,primaryLevelUnicode=0,scancode=0,extendedKeyCode=0x0] on new item stop price field
Dec 25, 2021 2:34:25 AM net.sourceforge.marathon.javaagent.EventQueueDevice dispatchEvent
INFO: java.awt.event.KeyEvent[KEY_TYPED,keyCode=0,keyText=Unknown keyCode: 0x0,keyChar='1',keyLocation=KEY_LOCATION_UNKNOWN,rawCode=0,primaryLevelUnicode=0,scancode=0,extendedKeyCode=0x0] on new item stop price field
Dec 25, 2021 2:34:25 AM net.sourceforge.marathon.javaagent.EventQueueDevice dispatchEvent
INFO: java.awt.event.KeyEvent[KEY_RELEASED,keyCode=49,keyText=1,keyChar='1',keyLocation=KEY_LOCATION_UNKNOWN,rawCode=0,primaryLevelUnicode=0,scancode=0,extendedKeyCode=0x0] on new item stop price field
Dec 25, 2021 2:34:25 AM net.sourceforge.marathon.javaagent.EventQueueDevice dispatchEvent
INFO: java.awt.event.KeyEvent[KEY_PRESSED,keyCode=49,keyText=1,keyChar='1',keyLocation=KEY_LOCATION_UNKNOWN,rawCode=0,primaryLevelUnicode=0,scancode=0,extendedKeyCode=0x0] on new item stop price field
Dec 25, 2021 2:34:25 AM net.sourceforge.marathon.javaagent.EventQueueDevice dispatchEvent
INFO: java.awt.event.KeyEvent[KEY_TYPED,keyCode=0,keyText=Unknown keyCode: 0x0,keyChar='1',keyLocation=KEY_LOCATION_UNKNOWN,rawCode=0,primaryLevelUnicode=0,scancode=0,extendedKeyCode=0x0] on new item stop price field
Dec 25, 2021 2:34:25 AM net.sourceforge.marathon.javaagent.EventQueueDevice dispatchEvent
INFO: java.awt.event.KeyEvent[KEY_RELEASED,keyCode=49,keyText=1,keyChar='1',keyLocation=KEY_LOCATION_UNKNOWN,rawCode=0,primaryLevelUnicode=0,scancode=0,extendedKeyCode=0x0] on new item stop price field
Dec 25, 2021 2:34:25 AM net.sourceforge.marathon.javaagent.EventQueueDevice dispatchEvent
INFO: java.awt.event.KeyEvent[KEY_PRESSED,keyCode=48,keyText=0,keyChar='0',keyLocation=KEY_LOCATION_UNKNOWN,rawCode=0,primaryLevelUnicode=0,scancode=0,extendedKeyCode=0x0] on new item stop price field
Dec 25, 2021 2:34:25 AM net.sourceforge.marathon.javaagent.EventQueueDevice dispatchEvent
INFO: java.awt.event.KeyEvent[KEY_TYPED,keyCode=0,keyText=Unknown keyCode: 0x0,keyChar='0',keyLocation=KEY_LOCATION_UNKNOWN,rawCode=0,primaryLevelUnicode=0,scancode=0,extendedKeyCode=0x0] on new item stop price field
Dec 25, 2021 2:34:25 AM net.sourceforge.marathon.javaagent.EventQueueDevice dispatchEvent
INFO: java.awt.event.KeyEvent[KEY_RELEASED,keyCode=48,keyText=0,keyChar='0',keyLocation=KEY_LOCATION_UNKNOWN,rawCode=0,primaryLevelUnicode=0,scancode=0,extendedKeyCode=0x0] on new item stop price field
Dec 25, 2021 2:34:25 AM net.sourceforge.marathon.javaagent.EventQueueDevice dispatchEvent
INFO: java.awt.event.KeyEvent[KEY_PRESSED,keyCode=48,keyText=0,keyChar='0',keyLocation=KEY_LOCATION_UNKNOWN,rawCode=0,primaryLevelUnicode=0,scancode=0,extendedKeyCode=0x0] on new item stop price field
Dec 25, 2021 2:34:25 AM net.sourceforge.marathon.javaagent.EventQueueDevice dispatchEvent
INFO: java.awt.event.KeyEvent[KEY_TYPED,keyCode=0,keyText=Unknown keyCode: 0x0,keyChar='0',keyLocation=KEY_LOCATION_UNKNOWN,rawCode=0,primaryLevelUnicode=0,scancode=0,extendedKeyCode=0x0] on new item stop price field
Dec 25, 2021 2:34:25 AM net.sourceforge.marathon.javaagent.EventQueueDevice dispatchEvent
INFO: java.awt.event.KeyEvent[KEY_RELEASED,keyCode=48,keyText=0,keyChar='0',keyLocation=KEY_LOCATION_UNKNOWN,rawCode=0,primaryLevelUnicode=0,scancode=0,extendedKeyCode=0x0] on new item stop price field
Dec 25, 2021 2:34:25 AM net.sourceforge.marathon.javaagent.EventQueueDevice dispatchEvent
INFO: java.awt.event.KeyEvent[KEY_PRESSED,keyCode=48,keyText=0,keyChar='0',keyLocation=KEY_LOCATION_UNKNOWN,rawCode=0,primaryLevelUnicode=0,scancode=0,extendedKeyCode=0x0] on new item stop price field
Dec 25, 2021 2:34:25 AM net.sourceforge.marathon.javaagent.EventQueueDevice dispatchEvent
INFO: java.awt.event.KeyEvent[KEY_TYPED,keyCode=0,keyText=Unknown keyCode: 0x0,keyChar='0',keyLocation=KEY_LOCATION_UNKNOWN,rawCode=0,primaryLevelUnicode=0,scancode=0,extendedKeyCode=0x0] on new item stop price field
Dec 25, 2021 2:34:25 AM net.sourceforge.marathon.javaagent.EventQueueDevice dispatchEvent
INFO: java.awt.event.KeyEvent[KEY_RELEASED,keyCode=48,keyText=0,keyChar='0',keyLocation=KEY_LOCATION_UNKNOWN,rawCode=0,primaryLevelUnicode=0,scancode=0,extendedKeyCode=0x0] on new item stop price field
Dec 25, 2021 2:34:25 AM net.sourceforge.marathon.javaagent.server.JavaServer serve
INFO: POST(/session/6fc66266-9c28-4c8a-b9bb-21ac0713cf5d/element/bb7f8f4a-e7d3-49cc-b4b6-99a26adace61/value, {"id":"bb7f8f4a-e7d3-49cc-b4b6-99a26adace61","value":["11000"]}) = {data={"name":"sendKeysElement","sessionId":"6fc66266-9c28-4c8a-b9bb-21ac0713cf5d","status":0}, status=OK}
Dec 25, 2021 2:34:25 AM net.sourceforge.marathon.javaagent.server.JavaServer serve
INFO: JavaServer.serve(POST /session/6fc66266-9c28-4c8a-b9bb-21ac0713cf5d/element): {
  "using": "name",
  "value": "join button"
}
Dec 25, 2021 2:34:25 AM net.sourceforge.marathon.javaagent.server.JavaServer serve
INFO: POST(/session/6fc66266-9c28-4c8a-b9bb-21ac0713cf5d/element, {"using":"name","value":"join button"}) = {data={"name":"findElement","sessionId":"6fc66266-9c28-4c8a-b9bb-21ac0713cf5d","value":{"ELEMENT":"c2dbeb61-0991-4463-a8c9-ddb26187d287"},"status":0}, status=OK}
Dec 25, 2021 2:34:25 AM net.sourceforge.marathon.javaagent.server.JavaServer serve
INFO: JavaServer.serve(POST /session/6fc66266-9c28-4c8a-b9bb-21ac0713cf5d/element/c2dbeb61-0991-4463-a8c9-ddb26187d287/click): {
  "id": "c2dbeb61-0991-4463-a8c9-ddb26187d287"
}
Dec 25, 2021 2:34:25 AM net.sourceforge.marathon.javaagent.EventQueueDevice dispatchEvent
INFO: java.awt.event.MouseEvent[MOUSE_PRESSED,(58,12),absolute(589,17),button=1,modifiers=Button1,extModifiers=Button1,clickCount=1] on join button
Dec 25, 2021 2:34:25 AM net.sourceforge.marathon.javaagent.EventQueueDevice dispatchEvent
INFO: java.awt.event.MouseEvent[MOUSE_RELEASED,(58,12),absolute(589,17),button=1,modifiers=Button1,clickCount=1] on join button
Dec 25, 2021 2:34:25 AM net.sourceforge.marathon.javaagent.EventQueueDevice dispatchEvent
INFO: java.awt.event.MouseEvent[MOUSE_CLICKED,(58,12),absolute(589,17),button=1,modifiers=Button1,clickCount=1] on join button
Dec 25, 2021 2:34:26 AM net.sourceforge.marathon.javaagent.server.JavaServer serve
INFO: POST(/session/6fc66266-9c28-4c8a-b9bb-21ac0713cf5d/element/c2dbeb61-0991-4463-a8c9-ddb26187d287/click, {"id":"c2dbeb61-0991-4463-a8c9-ddb26187d287"}) = {data={"name":"clickElement","sessionId":"6fc66266-9c28-4c8a-b9bb-21ac0713cf5d","status":0}, status=OK}
Dec 25, 2021 2:34:26 AM net.sourceforge.marathon.javaagent.server.JavaServer serve
INFO: JavaServer.serve(DELETE /session/6fc66266-9c28-4c8a-b9bb-21ac0713cf5d/window): {}
Dec 25, 2021 2:34:26 AM net.sourceforge.marathon.javaagent.server.JavaServer serve
INFO: DELETE(/session/6fc66266-9c28-4c8a-b9bb-21ac0713cf5d/window) = {data={"name":"closeSession","sessionId":"6fc66266-9c28-4c8a-b9bb-21ac0713cf5d","status":0}, status=OK}
Dec 25, 2021 2:34:26 AM net.sourceforge.marathon.javaagent.server.JavaServer serve
INFO: JavaServer.serve(POST /session): {
  "desiredCapabilities": {
    "browserName": "java",
    "platform": "ANY"
  },
  "capabilities": {
    "firstMatch": [
      {
        "browserName": "java"
      }
    ]
  }
}
Dec 25, 2021 2:34:26 AM net.sourceforge.marathon.javaagent.server.JavaServer createSession
INFO: Creating device with type: EVENT_QUEUE
Dec 25, 2021 2:34:26 AM net.sourceforge.marathon.javaagent.Device getDevice
INFO: Creating a EVENT_QUEUE device
Dec 25, 2021 2:34:26 AM net.sourceforge.marathon.javaagent.server.JavaServer serve
INFO: POST(/session, {"desiredCapabilities":{"browserName":"java","platform":"ANY"},"capabilities":{"firstMatch":[{"browserName":"java"}]}}) = {data=, status=REDIRECT}
Dec 25, 2021 2:34:26 AM net.sourceforge.marathon.javaagent.server.JavaServer serve
INFO: JavaServer.serve(GET /session/b6b24c8f-5db2-425a-bd30-4fb05ffa1820): {}
Dec 25, 2021 2:34:26 AM net.sourceforge.marathon.javaagent.server.JavaServer serve
INFO: GET(/session/b6b24c8f-5db2-425a-bd30-4fb05ffa1820) = {data={"name":"getCapabilities","sessionId":"b6b24c8f-5db2-425a-bd30-4fb05ffa1820","value":{"applicationCacheEnabled":false,"rotatable":false,"loggingPrefs":{"driver":"ALL"},"handlesAlerts":false,"databaseEnabled":false,"version":"1.0","platform":"ANY","browserConnectionEnabled":false,"nativeEvents":false,"acceptSslCerts":false,"locationContextEnabled":false,"webStorageEnabled":false,"browserName":"java","takesScreenshot":true,"javascriptEnabled":true,"cssSelectorsEnabled":false},"status":0}, status=OK}
Dec 25, 2021 2:34:26 AM org.openqa.selenium.remote.ProtocolHandshake createSession
INFO: Detected dialect: OSS
Dec 25, 2021 2:34:26 AM net.sourceforge.marathon.javaagent.server.JavaServer serve
INFO: JavaServer.serve(POST /session/b6b24c8f-5db2-425a-bd30-4fb05ffa1820/element): {
  "using": "name",
  "value": "sniper reset button"
}
Dec 25, 2021 2:34:26 AM net.sourceforge.marathon.javaagent.server.JavaServer serve
INFO: POST(/session/b6b24c8f-5db2-425a-bd30-4fb05ffa1820/element, {"using":"name","value":"sniper reset button"}) = {data={"name":"findElement","sessionId":"b6b24c8f-5db2-425a-bd30-4fb05ffa1820","value":{"ELEMENT":"c0fc0b86-e259-4666-b997-8ad43efdfb66"},"status":0}, status=OK}
Dec 25, 2021 2:34:26 AM net.sourceforge.marathon.javaagent.server.JavaServer serve
INFO: JavaServer.serve(POST /session/b6b24c8f-5db2-425a-bd30-4fb05ffa1820/element/c0fc0b86-e259-4666-b997-8ad43efdfb66/click): {
  "id": "c0fc0b86-e259-4666-b997-8ad43efdfb66"
}
Dec 25, 2021 2:34:26 AM net.sourceforge.marathon.javaagent.EventQueueDevice dispatchEvent
INFO: java.awt.event.MouseEvent[MOUSE_PRESSED,(37,12),absolute(326,474),button=1,modifiers=Button1,extModifiers=Button1,clickCount=1] on sniper reset button
Dec 25, 2021 2:34:26 AM net.sourceforge.marathon.javaagent.EventQueueDevice dispatchEvent
INFO: java.awt.event.MouseEvent[MOUSE_RELEASED,(37,12),absolute(326,474),button=1,modifiers=Button1,clickCount=1] on sniper reset button
Dec 25, 2021 2:34:26 AM net.sourceforge.marathon.javaagent.EventQueueDevice dispatchEvent
INFO: java.awt.event.MouseEvent[MOUSE_CLICKED,(37,12),absolute(326,474),button=1,modifiers=Button1,clickCount=1] on sniper reset button
Dec 25, 2021 2:34:26 AM net.sourceforge.marathon.javaagent.server.JavaServer serve
INFO: POST(/session/b6b24c8f-5db2-425a-bd30-4fb05ffa1820/element/c0fc0b86-e259-4666-b997-8ad43efdfb66/click, {"id":"c0fc0b86-e259-4666-b997-8ad43efdfb66"}) = {data={"name":"clickElement","sessionId":"b6b24c8f-5db2-425a-bd30-4fb05ffa1820","status":0}, status=OK}
Dec 25, 2021 2:34:26 AM net.sourceforge.marathon.javaagent.server.JavaServer serve
INFO: JavaServer.serve(DELETE /session/b6b24c8f-5db2-425a-bd30-4fb05ffa1820/window): {}
Dec 25, 2021 2:34:26 AM net.sourceforge.marathon.javaagent.server.JavaServer serve
INFO: DELETE(/session/b6b24c8f-5db2-425a-bd30-4fb05ffa1820/window) = {data={"name":"closeSession","sessionId":"b6b24c8f-5db2-425a-bd30-4fb05ffa1820","status":0}, status=OK}
]]></system-err>
</testsuite>
