<?xml version="1.0" encoding="UTF-8"?>
<testsuite name="goos.ui.swing.MainWindowTest" tests="3" skipped="0" failures="0" errors="0" timestamp="2022-02-13T02:29:08" hostname="buildkitsandbox" time="5.089">
  <properties/>
  <testcase name="window has expected features" classname="goos.ui.swing.MainWindowTest" time="3.706"/>
  <testcase name="make user request when join button clicked" classname="goos.ui.swing.MainWindowTest" time="1.187"/>
  <testcase name="make user request when reset button clicked" classname="goos.ui.swing.MainWindowTest" time="0.193"/>
  <system-out><![CDATA[]]></system-out>
  <system-err><![CDATA[SLF4J: Failed to load class "org.slf4j.impl.StaticLoggerBinder".
SLF4J: Defaulting to no-operation (NOP) logger implementation
SLF4J: See http://www.slf4j.org/codes.html#StaticLoggerBinder for further details.
Feb 13, 2022 2:29:11 AM io.netty.util.internal.MacAddressUtil defaultMachineId
WARNING: Failed to find a usable hardware address from the network interfaces; using random bytes: d3:31:0b:42:d7:7b:9c:4b
Feb 13, 2022 2:29:11 AM net.sourceforge.marathon.javaagent.server.JavaServer serve
INFO: JavaServer.serve(POST /session): {
  "desiredCapabilities": {
    "browserName": "java",
    "platform": "ANY"
  },
  "capabilities": {
    "firstMatch": [
      {
        "browserName": "java"
      }
    ]
  }
}
Feb 13, 2022 2:29:11 AM net.sourceforge.marathon.javaagent.server.JavaServer createSession
INFO: Creating device with type: EVENT_QUEUE
Feb 13, 2022 2:29:11 AM net.sourceforge.marathon.javaagent.Device getDevice
INFO: Creating a EVENT_QUEUE device
Feb 13, 2022 2:29:11 AM net.sourceforge.marathon.javaagent.server.JavaServer serve
INFO: POST(/session, {"desiredCapabilities":{"browserName":"java","platform":"ANY"},"capabilities":{"firstMatch":[{"browserName":"java"}]}}) = {data=, status=REDIRECT}
Feb 13, 2022 2:29:11 AM net.sourceforge.marathon.javaagent.server.JavaServer serve
INFO: JavaServer.serve(GET /session/c3889cfa-0372-4506-b9f1-9e4c24e69f4f): {}
Feb 13, 2022 2:29:11 AM net.sourceforge.marathon.javaagent.server.JavaServer serve
INFO: GET(/session/c3889cfa-0372-4506-b9f1-9e4c24e69f4f) = {data={"name":"getCapabilities","sessionId":"c3889cfa-0372-4506-b9f1-9e4c24e69f4f","value":{"applicationCacheEnabled":false,"rotatable":false,"loggingPrefs":{"driver":"ALL"},"handlesAlerts":false,"databaseEnabled":false,"version":"1.0","platform":"ANY","browserConnectionEnabled":false,"nativeEvents":false,"acceptSslCerts":false,"locationContextEnabled":false,"webStorageEnabled":false,"browserName":"java","takesScreenshot":true,"javascriptEnabled":true,"cssSelectorsEnabled":false},"status":0}, status=OK}
Feb 13, 2022 2:29:11 AM org.openqa.selenium.remote.ProtocolHandshake createSession
INFO: Detected dialect: OSS
Feb 13, 2022 2:29:11 AM net.sourceforge.marathon.javaagent.server.JavaServer serve
INFO: JavaServer.serve(POST /session/c3889cfa-0372-4506-b9f1-9e4c24e69f4f/element): {
  "using": "css selector",
  "value": "."
}
Feb 13, 2022 2:29:11 AM net.sourceforge.marathon.javaagent.server.JavaServer serve
INFO: POST(/session/c3889cfa-0372-4506-b9f1-9e4c24e69f4f/element, {"using":"css selector","value":"."}) = {data={"name":"findElement","sessionId":"c3889cfa-0372-4506-b9f1-9e4c24e69f4f","value":{"ELEMENT":"8e2a1f11-7f6f-4e09-88b9-f7a22320f7cd"},"status":0}, status=OK}
Feb 13, 2022 2:29:11 AM net.sourceforge.marathon.javaagent.server.JavaServer serve
INFO: JavaServer.serve(GET /session/c3889cfa-0372-4506-b9f1-9e4c24e69f4f/element/8e2a1f11-7f6f-4e09-88b9-f7a22320f7cd/attribute/name): {}
Feb 13, 2022 2:29:11 AM net.sourceforge.marathon.javaagent.server.JavaServer serve
INFO: GET(/session/c3889cfa-0372-4506-b9f1-9e4c24e69f4f/element/8e2a1f11-7f6f-4e09-88b9-f7a22320f7cd/attribute/name) = {data={"name":"getElementAttribute","sessionId":"c3889cfa-0372-4506-b9f1-9e4c24e69f4f","value":"Auction Sniper Name","status":0}, status=OK}
Feb 13, 2022 2:29:11 AM net.sourceforge.marathon.javaagent.server.JavaServer serve
INFO: JavaServer.serve(POST /session/c3889cfa-0372-4506-b9f1-9e4c24e69f4f/element): {
  "using": "css selector",
  "value": "."
}
Feb 13, 2022 2:29:11 AM net.sourceforge.marathon.javaagent.server.JavaServer serve
INFO: POST(/session/c3889cfa-0372-4506-b9f1-9e4c24e69f4f/element, {"using":"css selector","value":"."}) = {data={"name":"findElement","sessionId":"c3889cfa-0372-4506-b9f1-9e4c24e69f4f","value":{"ELEMENT":"8e2a1f11-7f6f-4e09-88b9-f7a22320f7cd"},"status":0}, status=OK}
Feb 13, 2022 2:29:11 AM net.sourceforge.marathon.javaagent.server.JavaServer serve
INFO: JavaServer.serve(GET /session/c3889cfa-0372-4506-b9f1-9e4c24e69f4f/element/8e2a1f11-7f6f-4e09-88b9-f7a22320f7cd/displayed): {}
Feb 13, 2022 2:29:11 AM net.sourceforge.marathon.javaagent.server.JavaServer serve
INFO: GET(/session/c3889cfa-0372-4506-b9f1-9e4c24e69f4f/element/8e2a1f11-7f6f-4e09-88b9-f7a22320f7cd/displayed) = {data={"name":"isDisplayed","sessionId":"c3889cfa-0372-4506-b9f1-9e4c24e69f4f","value":true,"status":0}, status=OK}
Feb 13, 2022 2:29:11 AM net.sourceforge.marathon.javaagent.server.JavaServer serve
INFO: JavaServer.serve(GET /session/c3889cfa-0372-4506-b9f1-9e4c24e69f4f/title): {}
Feb 13, 2022 2:29:11 AM net.sourceforge.marathon.javaagent.server.JavaServer serve
INFO: GET(/session/c3889cfa-0372-4506-b9f1-9e4c24e69f4f/title) = {data={"name":"getWindowTitle","sessionId":"c3889cfa-0372-4506-b9f1-9e4c24e69f4f","value":"Auction Sniper","status":0}, status=OK}
Feb 13, 2022 2:29:11 AM net.sourceforge.marathon.javaagent.server.JavaServer serve
INFO: JavaServer.serve(POST /session/c3889cfa-0372-4506-b9f1-9e4c24e69f4f/element): {
  "using": "name",
  "value": "snipers table"
}
Feb 13, 2022 2:29:11 AM net.sourceforge.marathon.javaagent.server.JavaServer serve
INFO: POST(/session/c3889cfa-0372-4506-b9f1-9e4c24e69f4f/element, {"using":"name","value":"snipers table"}) = {data={"name":"findElement","sessionId":"c3889cfa-0372-4506-b9f1-9e4c24e69f4f","value":{"ELEMENT":"4fd64b2c-735f-4ff4-9af4-b6520808964d"},"status":0}, status=OK}
Feb 13, 2022 2:29:12 AM net.sourceforge.marathon.javaagent.server.JavaServer serve
INFO: JavaServer.serve(POST /session/c3889cfa-0372-4506-b9f1-9e4c24e69f4f/element/4fd64b2c-735f-4ff4-9af4-b6520808964d/elements): {
  "id": "4fd64b2c-735f-4ff4-9af4-b6520808964d",
  "using": "css selector",
  "value": ".::header.::all-items"
}
Feb 13, 2022 2:29:12 AM net.sourceforge.marathon.javaagent.server.JavaServer serve
INFO: POST(/session/c3889cfa-0372-4506-b9f1-9e4c24e69f4f/element/4fd64b2c-735f-4ff4-9af4-b6520808964d/elements, {"using":"css selector","id":"4fd64b2c-735f-4ff4-9af4-b6520808964d","value":".::header.::all-items"}) = {data={"name":"findElementsOfElement","sessionId":"c3889cfa-0372-4506-b9f1-9e4c24e69f4f","value":[{"ELEMENT":"de17f689-b642-4c83-9165-a0f232b3cc52%23%7B%22selector%22%3A%22nth-item%22%2C%22parameters%22%3A%5B1%5D%7D"},{"ELEMENT":"de17f689-b642-4c83-9165-a0f232b3cc52%23%7B%22selector%22%3A%22nth-item%22%2C%22parameters%22%3A%5B2%5D%7D"},{"ELEMENT":"de17f689-b642-4c83-9165-a0f232b3cc52%23%7B%22selector%22%3A%22nth-item%22%2C%22parameters%22%3A%5B3%5D%7D"},{"ELEMENT":"de17f689-b642-4c83-9165-a0f232b3cc52%23%7B%22selector%22%3A%22nth-item%22%2C%22parameters%22%3A%5B4%5D%7D"}],"status":0}, status=OK}
Feb 13, 2022 2:29:12 AM net.sourceforge.marathon.javaagent.server.JavaServer serve
INFO: JavaServer.serve(GET /session/c3889cfa-0372-4506-b9f1-9e4c24e69f4f/element/de17f689-b642-4c83-9165-a0f232b3cc52%23%7B%22selector%22%3A%22nth-item%22%2C%22parameters%22%3A%5B1%5D%7D/text): {}
Feb 13, 2022 2:29:12 AM net.sourceforge.marathon.javaagent.server.JavaServer serve
INFO: GET(/session/c3889cfa-0372-4506-b9f1-9e4c24e69f4f/element/de17f689-b642-4c83-9165-a0f232b3cc52%23%7B%22selector%22%3A%22nth-item%22%2C%22parameters%22%3A%5B1%5D%7D/text) = {data={"name":"getElementText","sessionId":"c3889cfa-0372-4506-b9f1-9e4c24e69f4f","value":"Item","status":0}, status=OK}
Feb 13, 2022 2:29:12 AM net.sourceforge.marathon.javaagent.server.JavaServer serve
INFO: JavaServer.serve(GET /session/c3889cfa-0372-4506-b9f1-9e4c24e69f4f/element/de17f689-b642-4c83-9165-a0f232b3cc52%23%7B%22selector%22%3A%22nth-item%22%2C%22parameters%22%3A%5B2%5D%7D/text): {}
Feb 13, 2022 2:29:12 AM net.sourceforge.marathon.javaagent.server.JavaServer serve
INFO: GET(/session/c3889cfa-0372-4506-b9f1-9e4c24e69f4f/element/de17f689-b642-4c83-9165-a0f232b3cc52%23%7B%22selector%22%3A%22nth-item%22%2C%22parameters%22%3A%5B2%5D%7D/text) = {data={"name":"getElementText","sessionId":"c3889cfa-0372-4506-b9f1-9e4c24e69f4f","value":"Last Price","status":0}, status=OK}
Feb 13, 2022 2:29:12 AM net.sourceforge.marathon.javaagent.server.JavaServer serve
INFO: JavaServer.serve(GET /session/c3889cfa-0372-4506-b9f1-9e4c24e69f4f/element/de17f689-b642-4c83-9165-a0f232b3cc52%23%7B%22selector%22%3A%22nth-item%22%2C%22parameters%22%3A%5B3%5D%7D/text): {}
Feb 13, 2022 2:29:12 AM net.sourceforge.marathon.javaagent.server.JavaServer serve
INFO: GET(/session/c3889cfa-0372-4506-b9f1-9e4c24e69f4f/element/de17f689-b642-4c83-9165-a0f232b3cc52%23%7B%22selector%22%3A%22nth-item%22%2C%22parameters%22%3A%5B3%5D%7D/text) = {data={"name":"getElementText","sessionId":"c3889cfa-0372-4506-b9f1-9e4c24e69f4f","value":"Last Bid","status":0}, status=OK}
Feb 13, 2022 2:29:12 AM net.sourceforge.marathon.javaagent.server.JavaServer serve
INFO: JavaServer.serve(GET /session/c3889cfa-0372-4506-b9f1-9e4c24e69f4f/element/de17f689-b642-4c83-9165-a0f232b3cc52%23%7B%22selector%22%3A%22nth-item%22%2C%22parameters%22%3A%5B4%5D%7D/text): {}
Feb 13, 2022 2:29:12 AM net.sourceforge.marathon.javaagent.server.JavaServer serve
INFO: GET(/session/c3889cfa-0372-4506-b9f1-9e4c24e69f4f/element/de17f689-b642-4c83-9165-a0f232b3cc52%23%7B%22selector%22%3A%22nth-item%22%2C%22parameters%22%3A%5B4%5D%7D/text) = {data={"name":"getElementText","sessionId":"c3889cfa-0372-4506-b9f1-9e4c24e69f4f","value":"State","status":0}, status=OK}
Feb 13, 2022 2:29:12 AM net.sourceforge.marathon.javaagent.server.JavaServer serve
INFO: JavaServer.serve(DELETE /session/c3889cfa-0372-4506-b9f1-9e4c24e69f4f/window): {}
Feb 13, 2022 2:29:12 AM net.sourceforge.marathon.javaagent.server.JavaServer serve
INFO: DELETE(/session/c3889cfa-0372-4506-b9f1-9e4c24e69f4f/window) = {data={"name":"closeSession","sessionId":"c3889cfa-0372-4506-b9f1-9e4c24e69f4f","status":0}, status=OK}
Feb 13, 2022 2:29:12 AM net.sourceforge.marathon.javaagent.server.JavaServer serve
INFO: JavaServer.serve(POST /session): {
  "desiredCapabilities": {
    "browserName": "java",
    "platform": "ANY"
  },
  "capabilities": {
    "firstMatch": [
      {
        "browserName": "java"
      }
    ]
  }
}
Feb 13, 2022 2:29:12 AM net.sourceforge.marathon.javaagent.server.JavaServer createSession
INFO: Creating device with type: EVENT_QUEUE
Feb 13, 2022 2:29:12 AM net.sourceforge.marathon.javaagent.Device getDevice
INFO: Creating a EVENT_QUEUE device
Feb 13, 2022 2:29:12 AM net.sourceforge.marathon.javaagent.server.JavaServer serve
INFO: POST(/session, {"desiredCapabilities":{"browserName":"java","platform":"ANY"},"capabilities":{"firstMatch":[{"browserName":"java"}]}}) = {data=, status=REDIRECT}
Feb 13, 2022 2:29:12 AM net.sourceforge.marathon.javaagent.server.JavaServer serve
INFO: JavaServer.serve(GET /session/7fd719d8-4c24-43d9-a55c-5904a4249374): {}
Feb 13, 2022 2:29:12 AM net.sourceforge.marathon.javaagent.server.JavaServer serve
INFO: GET(/session/7fd719d8-4c24-43d9-a55c-5904a4249374) = {data={"name":"getCapabilities","sessionId":"7fd719d8-4c24-43d9-a55c-5904a4249374","value":{"applicationCacheEnabled":false,"rotatable":false,"loggingPrefs":{"driver":"ALL"},"handlesAlerts":false,"databaseEnabled":false,"version":"1.0","platform":"ANY","browserConnectionEnabled":false,"nativeEvents":false,"acceptSslCerts":false,"locationContextEnabled":false,"webStorageEnabled":false,"browserName":"java","takesScreenshot":true,"javascriptEnabled":true,"cssSelectorsEnabled":false},"status":0}, status=OK}
Feb 13, 2022 2:29:12 AM org.openqa.selenium.remote.ProtocolHandshake createSession
INFO: Detected dialect: OSS
Feb 13, 2022 2:29:12 AM net.sourceforge.marathon.javaagent.server.JavaServer serve
INFO: JavaServer.serve(POST /session/7fd719d8-4c24-43d9-a55c-5904a4249374/element): {
  "using": "name",
  "value": "new item id field"
}
Feb 13, 2022 2:29:12 AM net.sourceforge.marathon.javaagent.server.JavaServer serve
INFO: POST(/session/7fd719d8-4c24-43d9-a55c-5904a4249374/element, {"using":"name","value":"new item id field"}) = {data={"name":"findElement","sessionId":"7fd719d8-4c24-43d9-a55c-5904a4249374","value":{"ELEMENT":"4e3d2d59-adf4-4b16-ab93-65b145663757"},"status":0}, status=OK}
Feb 13, 2022 2:29:12 AM net.sourceforge.marathon.javaagent.server.JavaServer serve
INFO: JavaServer.serve(POST /session/7fd719d8-4c24-43d9-a55c-5904a4249374/element/4e3d2d59-adf4-4b16-ab93-65b145663757/clear): {
  "id": "4e3d2d59-adf4-4b16-ab93-65b145663757"
}
Feb 13, 2022 2:29:12 AM net.sourceforge.marathon.javaagent.server.JavaServer serve
INFO: POST(/session/7fd719d8-4c24-43d9-a55c-5904a4249374/element/4e3d2d59-adf4-4b16-ab93-65b145663757/clear, {"id":"4e3d2d59-adf4-4b16-ab93-65b145663757"}) = {data={"name":"clearElement","sessionId":"7fd719d8-4c24-43d9-a55c-5904a4249374","status":0}, status=OK}
Feb 13, 2022 2:29:12 AM net.sourceforge.marathon.javaagent.server.JavaServer serve
INFO: JavaServer.serve(POST /session/7fd719d8-4c24-43d9-a55c-5904a4249374/element/4e3d2d59-adf4-4b16-ab93-65b145663757/value): {
  "id": "4e3d2d59-adf4-4b16-ab93-65b145663757",
  "value": [
    "an item-id"
  ]
}
Feb 13, 2022 2:29:12 AM net.sourceforge.marathon.javaagent.EventQueueDevice dispatchEvent
INFO: java.awt.event.KeyEvent[KEY_PRESSED,keyCode=65,keyText=A,keyChar='a',keyLocation=KEY_LOCATION_UNKNOWN,rawCode=0,primaryLevelUnicode=0,scancode=0,extendedKeyCode=0x0] on new item id field
Feb 13, 2022 2:29:12 AM net.sourceforge.marathon.javaagent.EventQueueDevice dispatchEvent
INFO: java.awt.event.KeyEvent[KEY_TYPED,keyCode=0,keyText=Unknown keyCode: 0x0,keyChar='a',keyLocation=KEY_LOCATION_UNKNOWN,rawCode=0,primaryLevelUnicode=0,scancode=0,extendedKeyCode=0x0] on new item id field
Feb 13, 2022 2:29:12 AM net.sourceforge.marathon.javaagent.EventQueueDevice dispatchEvent
INFO: java.awt.event.KeyEvent[KEY_RELEASED,keyCode=65,keyText=A,keyChar='a',keyLocation=KEY_LOCATION_UNKNOWN,rawCode=0,primaryLevelUnicode=0,scancode=0,extendedKeyCode=0x0] on new item id field
Feb 13, 2022 2:29:12 AM net.sourceforge.marathon.javaagent.EventQueueDevice dispatchEvent
INFO: java.awt.event.KeyEvent[KEY_PRESSED,keyCode=78,keyText=N,keyChar='n',keyLocation=KEY_LOCATION_UNKNOWN,rawCode=0,primaryLevelUnicode=0,scancode=0,extendedKeyCode=0x0] on new item id field
Feb 13, 2022 2:29:12 AM net.sourceforge.marathon.javaagent.EventQueueDevice dispatchEvent
INFO: java.awt.event.KeyEvent[KEY_TYPED,keyCode=0,keyText=Unknown keyCode: 0x0,keyChar='n',keyLocation=KEY_LOCATION_UNKNOWN,rawCode=0,primaryLevelUnicode=0,scancode=0,extendedKeyCode=0x0] on new item id field
Feb 13, 2022 2:29:12 AM net.sourceforge.marathon.javaagent.EventQueueDevice dispatchEvent
INFO: java.awt.event.KeyEvent[KEY_RELEASED,keyCode=78,keyText=N,keyChar='n',keyLocation=KEY_LOCATION_UNKNOWN,rawCode=0,primaryLevelUnicode=0,scancode=0,extendedKeyCode=0x0] on new item id field
Feb 13, 2022 2:29:12 AM net.sourceforge.marathon.javaagent.EventQueueDevice dispatchEvent
INFO: java.awt.event.KeyEvent[KEY_PRESSED,keyCode=16,keyText=Shift,keyChar=Undefined keyChar,modifiers=Shift,extModifiers=Shift,keyLocation=KEY_LOCATION_UNKNOWN,rawCode=0,primaryLevelUnicode=0,scancode=0,extendedKeyCode=0x0] on new item id field
Feb 13, 2022 2:29:12 AM net.sourceforge.marathon.javaagent.EventQueueDevice dispatchEvent
INFO: java.awt.event.KeyEvent[KEY_PRESSED,keyCode=32,keyText=Space,keyChar=' ',modifiers=Shift,extModifiers=Shift,keyLocation=KEY_LOCATION_UNKNOWN,rawCode=0,primaryLevelUnicode=0,scancode=0,extendedKeyCode=0x0] on new item id field
Feb 13, 2022 2:29:12 AM net.sourceforge.marathon.javaagent.EventQueueDevice dispatchEvent
INFO: java.awt.event.KeyEvent[KEY_TYPED,keyCode=0,keyText=Unknown keyCode: 0x0,keyChar=' ',modifiers=Shift,extModifiers=Shift,keyLocation=KEY_LOCATION_UNKNOWN,rawCode=0,primaryLevelUnicode=0,scancode=0,extendedKeyCode=0x0] on new item id field
Feb 13, 2022 2:29:12 AM net.sourceforge.marathon.javaagent.EventQueueDevice dispatchEvent
INFO: java.awt.event.KeyEvent[KEY_RELEASED,keyCode=32,keyText=Space,keyChar=' ',modifiers=Shift,extModifiers=Shift,keyLocation=KEY_LOCATION_UNKNOWN,rawCode=0,primaryLevelUnicode=0,scancode=0,extendedKeyCode=0x0] on new item id field
Feb 13, 2022 2:29:12 AM net.sourceforge.marathon.javaagent.EventQueueDevice dispatchEvent
INFO: java.awt.event.KeyEvent[KEY_RELEASED,keyCode=16,keyText=Shift,keyChar=Undefined keyChar,keyLocation=KEY_LOCATION_UNKNOWN,rawCode=0,primaryLevelUnicode=0,scancode=0,extendedKeyCode=0x0] on new item id field
Feb 13, 2022 2:29:12 AM net.sourceforge.marathon.javaagent.EventQueueDevice dispatchEvent
INFO: java.awt.event.KeyEvent[KEY_PRESSED,keyCode=73,keyText=I,keyChar='i',keyLocation=KEY_LOCATION_UNKNOWN,rawCode=0,primaryLevelUnicode=0,scancode=0,extendedKeyCode=0x0] on new item id field
Feb 13, 2022 2:29:12 AM net.sourceforge.marathon.javaagent.EventQueueDevice dispatchEvent
INFO: java.awt.event.KeyEvent[KEY_TYPED,keyCode=0,keyText=Unknown keyCode: 0x0,keyChar='i',keyLocation=KEY_LOCATION_UNKNOWN,rawCode=0,primaryLevelUnicode=0,scancode=0,extendedKeyCode=0x0] on new item id field
Feb 13, 2022 2:29:12 AM net.sourceforge.marathon.javaagent.EventQueueDevice dispatchEvent
INFO: java.awt.event.KeyEvent[KEY_RELEASED,keyCode=73,keyText=I,keyChar='i',keyLocation=KEY_LOCATION_UNKNOWN,rawCode=0,primaryLevelUnicode=0,scancode=0,extendedKeyCode=0x0] on new item id field
Feb 13, 2022 2:29:12 AM net.sourceforge.marathon.javaagent.EventQueueDevice dispatchEvent
INFO: java.awt.event.KeyEvent[KEY_PRESSED,keyCode=84,keyText=T,keyChar='t',keyLocation=KEY_LOCATION_UNKNOWN,rawCode=0,primaryLevelUnicode=0,scancode=0,extendedKeyCode=0x0] on new item id field
Feb 13, 2022 2:29:12 AM net.sourceforge.marathon.javaagent.EventQueueDevice dispatchEvent
INFO: java.awt.event.KeyEvent[KEY_TYPED,keyCode=0,keyText=Unknown keyCode: 0x0,keyChar='t',keyLocation=KEY_LOCATION_UNKNOWN,rawCode=0,primaryLevelUnicode=0,scancode=0,extendedKeyCode=0x0] on new item id field
Feb 13, 2022 2:29:12 AM net.sourceforge.marathon.javaagent.EventQueueDevice dispatchEvent
INFO: java.awt.event.KeyEvent[KEY_RELEASED,keyCode=84,keyText=T,keyChar='t',keyLocation=KEY_LOCATION_UNKNOWN,rawCode=0,primaryLevelUnicode=0,scancode=0,extendedKeyCode=0x0] on new item id field
Feb 13, 2022 2:29:12 AM net.sourceforge.marathon.javaagent.EventQueueDevice dispatchEvent
INFO: java.awt.event.KeyEvent[KEY_PRESSED,keyCode=69,keyText=E,keyChar='e',keyLocation=KEY_LOCATION_UNKNOWN,rawCode=0,primaryLevelUnicode=0,scancode=0,extendedKeyCode=0x0] on new item id field
Feb 13, 2022 2:29:12 AM net.sourceforge.marathon.javaagent.EventQueueDevice dispatchEvent
INFO: java.awt.event.KeyEvent[KEY_TYPED,keyCode=0,keyText=Unknown keyCode: 0x0,keyChar='e',keyLocation=KEY_LOCATION_UNKNOWN,rawCode=0,primaryLevelUnicode=0,scancode=0,extendedKeyCode=0x0] on new item id field
Feb 13, 2022 2:29:12 AM net.sourceforge.marathon.javaagent.EventQueueDevice dispatchEvent
INFO: java.awt.event.KeyEvent[KEY_RELEASED,keyCode=69,keyText=E,keyChar='e',keyLocation=KEY_LOCATION_UNKNOWN,rawCode=0,primaryLevelUnicode=0,scancode=0,extendedKeyCode=0x0] on new item id field
Feb 13, 2022 2:29:12 AM net.sourceforge.marathon.javaagent.EventQueueDevice dispatchEvent
INFO: java.awt.event.KeyEvent[KEY_PRESSED,keyCode=77,keyText=M,keyChar='m',keyLocation=KEY_LOCATION_UNKNOWN,rawCode=0,primaryLevelUnicode=0,scancode=0,extendedKeyCode=0x0] on new item id field
Feb 13, 2022 2:29:12 AM net.sourceforge.marathon.javaagent.EventQueueDevice dispatchEvent
INFO: java.awt.event.KeyEvent[KEY_TYPED,keyCode=0,keyText=Unknown keyCode: 0x0,keyChar='m',keyLocation=KEY_LOCATION_UNKNOWN,rawCode=0,primaryLevelUnicode=0,scancode=0,extendedKeyCode=0x0] on new item id field
Feb 13, 2022 2:29:12 AM net.sourceforge.marathon.javaagent.EventQueueDevice dispatchEvent
INFO: java.awt.event.KeyEvent[KEY_RELEASED,keyCode=77,keyText=M,keyChar='m',keyLocation=KEY_LOCATION_UNKNOWN,rawCode=0,primaryLevelUnicode=0,scancode=0,extendedKeyCode=0x0] on new item id field
Feb 13, 2022 2:29:12 AM net.sourceforge.marathon.javaagent.EventQueueDevice dispatchEvent
INFO: java.awt.event.KeyEvent[KEY_PRESSED,keyCode=45,keyText=Minus,keyChar='-',keyLocation=KEY_LOCATION_UNKNOWN,rawCode=0,primaryLevelUnicode=0,scancode=0,extendedKeyCode=0x0] on new item id field
Feb 13, 2022 2:29:12 AM net.sourceforge.marathon.javaagent.EventQueueDevice dispatchEvent
INFO: java.awt.event.KeyEvent[KEY_TYPED,keyCode=0,keyText=Unknown keyCode: 0x0,keyChar='-',keyLocation=KEY_LOCATION_UNKNOWN,rawCode=0,primaryLevelUnicode=0,scancode=0,extendedKeyCode=0x0] on new item id field
Feb 13, 2022 2:29:12 AM net.sourceforge.marathon.javaagent.EventQueueDevice dispatchEvent
INFO: java.awt.event.KeyEvent[KEY_RELEASED,keyCode=45,keyText=Minus,keyChar='-',keyLocation=KEY_LOCATION_UNKNOWN,rawCode=0,primaryLevelUnicode=0,scancode=0,extendedKeyCode=0x0] on new item id field
Feb 13, 2022 2:29:12 AM net.sourceforge.marathon.javaagent.EventQueueDevice dispatchEvent
INFO: java.awt.event.KeyEvent[KEY_PRESSED,keyCode=73,keyText=I,keyChar='i',keyLocation=KEY_LOCATION_UNKNOWN,rawCode=0,primaryLevelUnicode=0,scancode=0,extendedKeyCode=0x0] on new item id field
Feb 13, 2022 2:29:12 AM net.sourceforge.marathon.javaagent.EventQueueDevice dispatchEvent
INFO: java.awt.event.KeyEvent[KEY_TYPED,keyCode=0,keyText=Unknown keyCode: 0x0,keyChar='i',keyLocation=KEY_LOCATION_UNKNOWN,rawCode=0,primaryLevelUnicode=0,scancode=0,extendedKeyCode=0x0] on new item id field
Feb 13, 2022 2:29:12 AM net.sourceforge.marathon.javaagent.EventQueueDevice dispatchEvent
INFO: java.awt.event.KeyEvent[KEY_RELEASED,keyCode=73,keyText=I,keyChar='i',keyLocation=KEY_LOCATION_UNKNOWN,rawCode=0,primaryLevelUnicode=0,scancode=0,extendedKeyCode=0x0] on new item id field
Feb 13, 2022 2:29:12 AM net.sourceforge.marathon.javaagent.EventQueueDevice dispatchEvent
INFO: java.awt.event.KeyEvent[KEY_PRESSED,keyCode=68,keyText=D,keyChar='d',keyLocation=KEY_LOCATION_UNKNOWN,rawCode=0,primaryLevelUnicode=0,scancode=0,extendedKeyCode=0x0] on new item id field
Feb 13, 2022 2:29:12 AM net.sourceforge.marathon.javaagent.EventQueueDevice dispatchEvent
INFO: java.awt.event.KeyEvent[KEY_TYPED,keyCode=0,keyText=Unknown keyCode: 0x0,keyChar='d',keyLocation=KEY_LOCATION_UNKNOWN,rawCode=0,primaryLevelUnicode=0,scancode=0,extendedKeyCode=0x0] on new item id field
Feb 13, 2022 2:29:12 AM net.sourceforge.marathon.javaagent.EventQueueDevice dispatchEvent
INFO: java.awt.event.KeyEvent[KEY_RELEASED,keyCode=68,keyText=D,keyChar='d',keyLocation=KEY_LOCATION_UNKNOWN,rawCode=0,primaryLevelUnicode=0,scancode=0,extendedKeyCode=0x0] on new item id field
Feb 13, 2022 2:29:12 AM net.sourceforge.marathon.javaagent.server.JavaServer serve
INFO: POST(/session/7fd719d8-4c24-43d9-a55c-5904a4249374/element/4e3d2d59-adf4-4b16-ab93-65b145663757/value, {"id":"4e3d2d59-adf4-4b16-ab93-65b145663757","value":["an item-id"]}) = {data={"name":"sendKeysElement","sessionId":"7fd719d8-4c24-43d9-a55c-5904a4249374","status":0}, status=OK}
Feb 13, 2022 2:29:12 AM net.sourceforge.marathon.javaagent.server.JavaServer serve
INFO: JavaServer.serve(POST /session/7fd719d8-4c24-43d9-a55c-5904a4249374/element): {
  "using": "name",
  "value": "new item stop price field"
}
Feb 13, 2022 2:29:12 AM net.sourceforge.marathon.javaagent.server.JavaServer serve
INFO: POST(/session/7fd719d8-4c24-43d9-a55c-5904a4249374/element, {"using":"name","value":"new item stop price field"}) = {data={"name":"findElement","sessionId":"7fd719d8-4c24-43d9-a55c-5904a4249374","value":{"ELEMENT":"60090cca-c183-4023-a030-6f3ea9e7fd5f"},"status":0}, status=OK}
Feb 13, 2022 2:29:12 AM net.sourceforge.marathon.javaagent.server.JavaServer serve
INFO: JavaServer.serve(POST /session/7fd719d8-4c24-43d9-a55c-5904a4249374/element/60090cca-c183-4023-a030-6f3ea9e7fd5f/clear): {
  "id": "60090cca-c183-4023-a030-6f3ea9e7fd5f"
}
Feb 13, 2022 2:29:12 AM net.sourceforge.marathon.javaagent.server.JavaServer serve
INFO: POST(/session/7fd719d8-4c24-43d9-a55c-5904a4249374/element/60090cca-c183-4023-a030-6f3ea9e7fd5f/clear, {"id":"60090cca-c183-4023-a030-6f3ea9e7fd5f"}) = {data={"name":"clearElement","sessionId":"7fd719d8-4c24-43d9-a55c-5904a4249374","status":0}, status=OK}
Feb 13, 2022 2:29:12 AM net.sourceforge.marathon.javaagent.server.JavaServer serve
INFO: JavaServer.serve(POST /session/7fd719d8-4c24-43d9-a55c-5904a4249374/element/60090cca-c183-4023-a030-6f3ea9e7fd5f/value): {
  "id": "60090cca-c183-4023-a030-6f3ea9e7fd5f",
  "value": [
    "11000"
  ]
}
Feb 13, 2022 2:29:12 AM net.sourceforge.marathon.javaagent.EventQueueDevice dispatchEvent
INFO: java.awt.event.KeyEvent[KEY_PRESSED,keyCode=49,keyText=1,keyChar='1',keyLocation=KEY_LOCATION_UNKNOWN,rawCode=0,primaryLevelUnicode=0,scancode=0,extendedKeyCode=0x0] on new item stop price field
Feb 13, 2022 2:29:12 AM net.sourceforge.marathon.javaagent.EventQueueDevice dispatchEvent
INFO: java.awt.event.KeyEvent[KEY_TYPED,keyCode=0,keyText=Unknown keyCode: 0x0,keyChar='1',keyLocation=KEY_LOCATION_UNKNOWN,rawCode=0,primaryLevelUnicode=0,scancode=0,extendedKeyCode=0x0] on new item stop price field
Feb 13, 2022 2:29:12 AM net.sourceforge.marathon.javaagent.EventQueueDevice dispatchEvent
INFO: java.awt.event.KeyEvent[KEY_RELEASED,keyCode=49,keyText=1,keyChar='1',keyLocation=KEY_LOCATION_UNKNOWN,rawCode=0,primaryLevelUnicode=0,scancode=0,extendedKeyCode=0x0] on new item stop price field
Feb 13, 2022 2:29:12 AM net.sourceforge.marathon.javaagent.EventQueueDevice dispatchEvent
INFO: java.awt.event.KeyEvent[KEY_PRESSED,keyCode=49,keyText=1,keyChar='1',keyLocation=KEY_LOCATION_UNKNOWN,rawCode=0,primaryLevelUnicode=0,scancode=0,extendedKeyCode=0x0] on new item stop price field
Feb 13, 2022 2:29:12 AM net.sourceforge.marathon.javaagent.EventQueueDevice dispatchEvent
INFO: java.awt.event.KeyEvent[KEY_TYPED,keyCode=0,keyText=Unknown keyCode: 0x0,keyChar='1',keyLocation=KEY_LOCATION_UNKNOWN,rawCode=0,primaryLevelUnicode=0,scancode=0,extendedKeyCode=0x0] on new item stop price field
Feb 13, 2022 2:29:12 AM net.sourceforge.marathon.javaagent.EventQueueDevice dispatchEvent
INFO: java.awt.event.KeyEvent[KEY_RELEASED,keyCode=49,keyText=1,keyChar='1',keyLocation=KEY_LOCATION_UNKNOWN,rawCode=0,primaryLevelUnicode=0,scancode=0,extendedKeyCode=0x0] on new item stop price field
Feb 13, 2022 2:29:12 AM net.sourceforge.marathon.javaagent.EventQueueDevice dispatchEvent
INFO: java.awt.event.KeyEvent[KEY_PRESSED,keyCode=48,keyText=0,keyChar='0',keyLocation=KEY_LOCATION_UNKNOWN,rawCode=0,primaryLevelUnicode=0,scancode=0,extendedKeyCode=0x0] on new item stop price field
Feb 13, 2022 2:29:12 AM net.sourceforge.marathon.javaagent.EventQueueDevice dispatchEvent
INFO: java.awt.event.KeyEvent[KEY_TYPED,keyCode=0,keyText=Unknown keyCode: 0x0,keyChar='0',keyLocation=KEY_LOCATION_UNKNOWN,rawCode=0,primaryLevelUnicode=0,scancode=0,extendedKeyCode=0x0] on new item stop price field
Feb 13, 2022 2:29:12 AM net.sourceforge.marathon.javaagent.EventQueueDevice dispatchEvent
INFO: java.awt.event.KeyEvent[KEY_RELEASED,keyCode=48,keyText=0,keyChar='0',keyLocation=KEY_LOCATION_UNKNOWN,rawCode=0,primaryLevelUnicode=0,scancode=0,extendedKeyCode=0x0] on new item stop price field
Feb 13, 2022 2:29:12 AM net.sourceforge.marathon.javaagent.EventQueueDevice dispatchEvent
INFO: java.awt.event.KeyEvent[KEY_PRESSED,keyCode=48,keyText=0,keyChar='0',keyLocation=KEY_LOCATION_UNKNOWN,rawCode=0,primaryLevelUnicode=0,scancode=0,extendedKeyCode=0x0] on new item stop price field
Feb 13, 2022 2:29:12 AM net.sourceforge.marathon.javaagent.EventQueueDevice dispatchEvent
INFO: java.awt.event.KeyEvent[KEY_TYPED,keyCode=0,keyText=Unknown keyCode: 0x0,keyChar='0',keyLocation=KEY_LOCATION_UNKNOWN,rawCode=0,primaryLevelUnicode=0,scancode=0,extendedKeyCode=0x0] on new item stop price field
Feb 13, 2022 2:29:12 AM net.sourceforge.marathon.javaagent.EventQueueDevice dispatchEvent
INFO: java.awt.event.KeyEvent[KEY_RELEASED,keyCode=48,keyText=0,keyChar='0',keyLocation=KEY_LOCATION_UNKNOWN,rawCode=0,primaryLevelUnicode=0,scancode=0,extendedKeyCode=0x0] on new item stop price field
Feb 13, 2022 2:29:12 AM net.sourceforge.marathon.javaagent.EventQueueDevice dispatchEvent
INFO: java.awt.event.KeyEvent[KEY_PRESSED,keyCode=48,keyText=0,keyChar='0',keyLocation=KEY_LOCATION_UNKNOWN,rawCode=0,primaryLevelUnicode=0,scancode=0,extendedKeyCode=0x0] on new item stop price field
Feb 13, 2022 2:29:12 AM net.sourceforge.marathon.javaagent.EventQueueDevice dispatchEvent
INFO: java.awt.event.KeyEvent[KEY_TYPED,keyCode=0,keyText=Unknown keyCode: 0x0,keyChar='0',keyLocation=KEY_LOCATION_UNKNOWN,rawCode=0,primaryLevelUnicode=0,scancode=0,extendedKeyCode=0x0] on new item stop price field
Feb 13, 2022 2:29:12 AM net.sourceforge.marathon.javaagent.EventQueueDevice dispatchEvent
INFO: java.awt.event.KeyEvent[KEY_RELEASED,keyCode=48,keyText=0,keyChar='0',keyLocation=KEY_LOCATION_UNKNOWN,rawCode=0,primaryLevelUnicode=0,scancode=0,extendedKeyCode=0x0] on new item stop price field
Feb 13, 2022 2:29:12 AM net.sourceforge.marathon.javaagent.server.JavaServer serve
INFO: POST(/session/7fd719d8-4c24-43d9-a55c-5904a4249374/element/60090cca-c183-4023-a030-6f3ea9e7fd5f/value, {"id":"60090cca-c183-4023-a030-6f3ea9e7fd5f","value":["11000"]}) = {data={"name":"sendKeysElement","sessionId":"7fd719d8-4c24-43d9-a55c-5904a4249374","status":0}, status=OK}
Feb 13, 2022 2:29:12 AM net.sourceforge.marathon.javaagent.server.JavaServer serve
INFO: JavaServer.serve(POST /session/7fd719d8-4c24-43d9-a55c-5904a4249374/element): {
  "using": "name",
  "value": "join button"
}
Feb 13, 2022 2:29:12 AM net.sourceforge.marathon.javaagent.server.JavaServer serve
INFO: POST(/session/7fd719d8-4c24-43d9-a55c-5904a4249374/element, {"using":"name","value":"join button"}) = {data={"name":"findElement","sessionId":"7fd719d8-4c24-43d9-a55c-5904a4249374","value":{"ELEMENT":"a9fd8cc9-08a0-4553-a3fe-b5e05e6ab552"},"status":0}, status=OK}
Feb 13, 2022 2:29:12 AM net.sourceforge.marathon.javaagent.server.JavaServer serve
INFO: JavaServer.serve(POST /session/7fd719d8-4c24-43d9-a55c-5904a4249374/element/a9fd8cc9-08a0-4553-a3fe-b5e05e6ab552/click): {
  "id": "a9fd8cc9-08a0-4553-a3fe-b5e05e6ab552"
}
Feb 13, 2022 2:29:12 AM net.sourceforge.marathon.javaagent.EventQueueDevice dispatchEvent
INFO: java.awt.event.MouseEvent[MOUSE_PRESSED,(58,12),absolute(589,17),button=1,modifiers=Button1,extModifiers=Button1,clickCount=1] on join button
Feb 13, 2022 2:29:12 AM net.sourceforge.marathon.javaagent.EventQueueDevice dispatchEvent
INFO: java.awt.event.MouseEvent[MOUSE_RELEASED,(58,12),absolute(589,17),button=1,modifiers=Button1,clickCount=1] on join button
Feb 13, 2022 2:29:12 AM net.sourceforge.marathon.javaagent.EventQueueDevice dispatchEvent
INFO: java.awt.event.MouseEvent[MOUSE_CLICKED,(58,12),absolute(589,17),button=1,modifiers=Button1,clickCount=1] on join button
Feb 13, 2022 2:29:12 AM net.sourceforge.marathon.javaagent.server.JavaServer serve
INFO: POST(/session/7fd719d8-4c24-43d9-a55c-5904a4249374/element/a9fd8cc9-08a0-4553-a3fe-b5e05e6ab552/click, {"id":"a9fd8cc9-08a0-4553-a3fe-b5e05e6ab552"}) = {data={"name":"clickElement","sessionId":"7fd719d8-4c24-43d9-a55c-5904a4249374","status":0}, status=OK}
Feb 13, 2022 2:29:13 AM net.sourceforge.marathon.javaagent.server.JavaServer serve
INFO: JavaServer.serve(DELETE /session/7fd719d8-4c24-43d9-a55c-5904a4249374/window): {}
Feb 13, 2022 2:29:13 AM net.sourceforge.marathon.javaagent.server.JavaServer serve
INFO: DELETE(/session/7fd719d8-4c24-43d9-a55c-5904a4249374/window) = {data={"name":"closeSession","sessionId":"7fd719d8-4c24-43d9-a55c-5904a4249374","status":0}, status=OK}
Feb 13, 2022 2:29:13 AM net.sourceforge.marathon.javaagent.server.JavaServer serve
INFO: JavaServer.serve(POST /session): {
  "desiredCapabilities": {
    "browserName": "java",
    "platform": "ANY"
  },
  "capabilities": {
    "firstMatch": [
      {
        "browserName": "java"
      }
    ]
  }
}
Feb 13, 2022 2:29:13 AM net.sourceforge.marathon.javaagent.server.JavaServer createSession
INFO: Creating device with type: EVENT_QUEUE
Feb 13, 2022 2:29:13 AM net.sourceforge.marathon.javaagent.Device getDevice
INFO: Creating a EVENT_QUEUE device
Feb 13, 2022 2:29:13 AM net.sourceforge.marathon.javaagent.server.JavaServer serve
INFO: POST(/session, {"desiredCapabilities":{"browserName":"java","platform":"ANY"},"capabilities":{"firstMatch":[{"browserName":"java"}]}}) = {data=, status=REDIRECT}
Feb 13, 2022 2:29:13 AM net.sourceforge.marathon.javaagent.server.JavaServer serve
INFO: JavaServer.serve(GET /session/5a22f6e6-4b03-411d-a7b4-f875c5f63d8f): {}
Feb 13, 2022 2:29:13 AM net.sourceforge.marathon.javaagent.server.JavaServer serve
INFO: GET(/session/5a22f6e6-4b03-411d-a7b4-f875c5f63d8f) = {data={"name":"getCapabilities","sessionId":"5a22f6e6-4b03-411d-a7b4-f875c5f63d8f","value":{"applicationCacheEnabled":false,"rotatable":false,"loggingPrefs":{"driver":"ALL"},"handlesAlerts":false,"databaseEnabled":false,"version":"1.0","platform":"ANY","browserConnectionEnabled":false,"nativeEvents":false,"acceptSslCerts":false,"locationContextEnabled":false,"webStorageEnabled":false,"browserName":"java","takesScreenshot":true,"javascriptEnabled":true,"cssSelectorsEnabled":false},"status":0}, status=OK}
Feb 13, 2022 2:29:13 AM org.openqa.selenium.remote.ProtocolHandshake createSession
INFO: Detected dialect: OSS
Feb 13, 2022 2:29:13 AM net.sourceforge.marathon.javaagent.server.JavaServer serve
INFO: JavaServer.serve(POST /session/5a22f6e6-4b03-411d-a7b4-f875c5f63d8f/element): {
  "using": "name",
  "value": "sniper reset button"
}
Feb 13, 2022 2:29:13 AM net.sourceforge.marathon.javaagent.server.JavaServer serve
INFO: POST(/session/5a22f6e6-4b03-411d-a7b4-f875c5f63d8f/element, {"using":"name","value":"sniper reset button"}) = {data={"name":"findElement","sessionId":"5a22f6e6-4b03-411d-a7b4-f875c5f63d8f","value":{"ELEMENT":"d0a33261-5927-47af-b516-a9958d5d574c"},"status":0}, status=OK}
Feb 13, 2022 2:29:13 AM net.sourceforge.marathon.javaagent.server.JavaServer serve
INFO: JavaServer.serve(POST /session/5a22f6e6-4b03-411d-a7b4-f875c5f63d8f/element/d0a33261-5927-47af-b516-a9958d5d574c/click): {
  "id": "d0a33261-5927-47af-b516-a9958d5d574c"
}
Feb 13, 2022 2:29:13 AM net.sourceforge.marathon.javaagent.EventQueueDevice dispatchEvent
INFO: java.awt.event.MouseEvent[MOUSE_PRESSED,(37,12),absolute(326,474),button=1,modifiers=Button1,extModifiers=Button1,clickCount=1] on sniper reset button
Feb 13, 2022 2:29:13 AM net.sourceforge.marathon.javaagent.EventQueueDevice dispatchEvent
INFO: java.awt.event.MouseEvent[MOUSE_RELEASED,(37,12),absolute(326,474),button=1,modifiers=Button1,clickCount=1] on sniper reset button
Feb 13, 2022 2:29:13 AM net.sourceforge.marathon.javaagent.EventQueueDevice dispatchEvent
INFO: java.awt.event.MouseEvent[MOUSE_CLICKED,(37,12),absolute(326,474),button=1,modifiers=Button1,clickCount=1] on sniper reset button
Feb 13, 2022 2:29:13 AM net.sourceforge.marathon.javaagent.server.JavaServer serve
INFO: POST(/session/5a22f6e6-4b03-411d-a7b4-f875c5f63d8f/element/d0a33261-5927-47af-b516-a9958d5d574c/click, {"id":"d0a33261-5927-47af-b516-a9958d5d574c"}) = {data={"name":"clickElement","sessionId":"5a22f6e6-4b03-411d-a7b4-f875c5f63d8f","status":0}, status=OK}
Feb 13, 2022 2:29:13 AM net.sourceforge.marathon.javaagent.server.JavaServer serve
INFO: JavaServer.serve(DELETE /session/5a22f6e6-4b03-411d-a7b4-f875c5f63d8f/window): {}
Feb 13, 2022 2:29:13 AM net.sourceforge.marathon.javaagent.server.JavaServer serve
INFO: DELETE(/session/5a22f6e6-4b03-411d-a7b4-f875c5f63d8f/window) = {data={"name":"closeSession","sessionId":"5a22f6e6-4b03-411d-a7b4-f875c5f63d8f","status":0}, status=OK}
]]></system-err>
</testsuite>
