<?xml version="1.0" encoding="UTF-8"?>
<testsuite name="goos.ui.swing.MainWindowTest" tests="3" skipped="0" failures="0" errors="0" timestamp="2021-10-17T02:25:36" hostname="buildkitsandbox" time="4.012">
  <properties/>
  <testcase name="window has expected features" classname="goos.ui.swing.MainWindowTest" time="3.061"/>
  <testcase name="make user request when join button clicked" classname="goos.ui.swing.MainWindowTest" time="0.758"/>
  <testcase name="make user request when reset button clicked" classname="goos.ui.swing.MainWindowTest" time="0.188"/>
  <system-out><![CDATA[]]></system-out>
  <system-err><![CDATA[Oct 17, 2021 2:25:37 AM io.mockk.impl.log.JULLogger warn
WARNING: Failed to transform class goos/ui/api/UserRequestListener
java.lang.IllegalArgumentException: Unsupported class file major version 59
	at net.bytebuddy.jar.asm.ClassReader.<init>(ClassReader.java:176)
	at net.bytebuddy.jar.asm.ClassReader.<init>(ClassReader.java:158)
	at net.bytebuddy.jar.asm.ClassReader.<init>(ClassReader.java:146)
	at net.bytebuddy.utility.OpenedClassReader.of(OpenedClassReader.java:69)
	at net.bytebuddy.dynamic.scaffold.TypeWriter$Default$ForInlining.create(TypeWriter.java:2877)
	at net.bytebuddy.dynamic.scaffold.TypeWriter$Default.make(TypeWriter.java:1653)
	at net.bytebuddy.dynamic.scaffold.inline.RedefinitionDynamicTypeBuilder.make(RedefinitionDynamicTypeBuilder.java:180)
	at net.bytebuddy.dynamic.scaffold.inline.AbstractInliningDynamicTypeBuilder.make(AbstractInliningDynamicTypeBuilder.java:94)
	at net.bytebuddy.dynamic.DynamicType$Builder$AbstractBase.make(DynamicType.java:2669)
	at io.mockk.proxy.jvm.transformation.InliningClassTransformer.transform(InliningClassTransformer.kt:78)
	at java.instrument/java.lang.instrument.ClassFileTransformer.transform(ClassFileTransformer.java:246)
	at java.instrument/sun.instrument.TransformerManager.transform(TransformerManager.java:188)
	at java.instrument/sun.instrument.InstrumentationImpl.transform(InstrumentationImpl.java:563)
	at java.instrument/sun.instrument.InstrumentationImpl.retransformClasses0(Native Method)
	at java.instrument/sun.instrument.InstrumentationImpl.retransformClasses(InstrumentationImpl.java:167)
	at io.mockk.proxy.jvm.transformation.JvmInlineInstrumentation.retransform(JvmInlineInstrumentation.kt:28)
	at io.mockk.proxy.common.transformation.RetransformInlineInstrumnetation$execute$1.invoke(RetransformInlineInstrumnetation.kt:19)
	at io.mockk.proxy.common.transformation.RetransformInlineInstrumnetation$execute$1.invoke(RetransformInlineInstrumnetation.kt:6)
	at io.mockk.proxy.common.transformation.ClassTransformationSpecMap.applyTransformation(ClassTransformationSpecMap.kt:41)
	at io.mockk.proxy.common.transformation.RetransformInlineInstrumnetation.execute(RetransformInlineInstrumnetation.kt:16)
	at io.mockk.proxy.jvm.ProxyMaker.inline(ProxyMaker.kt:88)
	at io.mockk.proxy.jvm.ProxyMaker.proxy(ProxyMaker.kt:30)
	at io.mockk.impl.instantiation.JvmMockFactory.newProxy(JvmMockFactory.kt:34)
	at io.mockk.impl.instantiation.AbstractMockFactory.newProxy$default(AbstractMockFactory.kt:29)
	at io.mockk.impl.instantiation.AbstractMockFactory.mockk(AbstractMockFactory.kt:59)
	at goos.ui.swing.MainWindowTest$1$1.invokeSuspend(MainWindowTest.kt:90)
	at goos.ui.swing.MainWindowTest$1$1.invoke(MainWindowTest.kt)
	at goos.ui.swing.MainWindowTest$1$1.invoke(MainWindowTest.kt)
	at io.kotest.core.TestConfiguration$beforeTest$1.beforeTest(TestConfiguration.kt:137)
	at io.kotest.core.spec.LifecycleKt.invokeAllBeforeTestCallbacks(lifecycle.kt:76)
	at io.kotest.core.internal.TestCaseExecutor.executeActiveTest(TestCaseExecutor.kt:152)
	at io.kotest.core.internal.TestCaseExecutor.access$executeActiveTest(TestCaseExecutor.kt:57)
	at io.kotest.core.internal.TestCaseExecutor$intercept$innerExecute$1$1.invokeSuspend(TestCaseExecutor.kt:89)
	at io.kotest.core.internal.TestCaseExecutor$intercept$innerExecute$1$1.invoke(TestCaseExecutor.kt)
	at io.kotest.core.internal.TestCaseExecutor$intercept$innerExecute$1$1.invoke(TestCaseExecutor.kt)
	at io.kotest.core.internal.TestCaseExecutor.executeIfEnabled(TestCaseExecutor.kt:117)
	at io.kotest.core.internal.TestCaseExecutor.access$executeIfEnabled(TestCaseExecutor.kt:57)
	at io.kotest.core.internal.TestCaseExecutor$intercept$innerExecute$1.invokeSuspend(TestCaseExecutor.kt:89)
	at io.kotest.core.internal.TestCaseExecutor$intercept$innerExecute$1.invoke(TestCaseExecutor.kt)
	at io.kotest.core.internal.TestCaseExecutor$intercept$innerExecute$1.invoke(TestCaseExecutor.kt)
	at io.kotest.core.internal.TestCaseExecutor.intercept(TestCaseExecutor.kt:103)
	at io.kotest.core.internal.TestCaseExecutor.execute(TestCaseExecutor.kt:69)
	at io.kotest.engine.spec.runners.SingleInstanceSpecRunner.runTest(SingleInstanceSpecRunner.kt:104)
	at io.kotest.engine.spec.runners.SingleInstanceSpecRunner.access$runTest(SingleInstanceSpecRunner.kt:34)
	at io.kotest.engine.spec.runners.SingleInstanceSpecRunner$execute$interceptAndRun$2$4.invokeSuspend(SingleInstanceSpecRunner.kt:57)
	at io.kotest.engine.spec.runners.SingleInstanceSpecRunner$execute$interceptAndRun$2$4.invoke(SingleInstanceSpecRunner.kt)
	at io.kotest.engine.spec.runners.SingleInstanceSpecRunner$execute$interceptAndRun$2$4.invoke(SingleInstanceSpecRunner.kt)
	at io.kotest.engine.launchers.SequentialTestLauncher$launch$3$1$1.invokeSuspend(SequentialTestLauncher.kt:22)
	at kotlin.coroutines.jvm.internal.BaseContinuationImpl.resumeWith(ContinuationImpl.kt:33)
	at kotlinx.coroutines.DispatchedTask.run(DispatchedTask.kt:106)
	at java.base/java.util.concurrent.ThreadPoolExecutor.runWorker(ThreadPoolExecutor.java:1130)
	at java.base/java.util.concurrent.ThreadPoolExecutor$Worker.run(ThreadPoolExecutor.java:630)
	at java.base/java.lang.Thread.run(Thread.java:832)

Oct 17, 2021 2:25:39 AM net.sourceforge.marathon.javaagent.server.JavaServer serve
INFO: JavaServer.serve(POST /session): {
  "desiredCapabilities": {
    "browserName": "java",
    "platform": "ANY"
  },
  "capabilities": {
    "firstMatch": [
      {
        "browserName": "java"
      }
    ]
  }
}
Oct 17, 2021 2:25:39 AM net.sourceforge.marathon.javaagent.server.JavaServer createSession
INFO: Creating device with type: EVENT_QUEUE
Oct 17, 2021 2:25:39 AM net.sourceforge.marathon.javaagent.Device getDevice
INFO: Creating a EVENT_QUEUE device
Oct 17, 2021 2:25:39 AM net.sourceforge.marathon.javaagent.server.JavaServer serve
INFO: POST(/session, {"desiredCapabilities":{"browserName":"java","platform":"ANY"},"capabilities":{"firstMatch":[{"browserName":"java"}]}}) = {data=, status=REDIRECT}
Oct 17, 2021 2:25:39 AM net.sourceforge.marathon.javaagent.server.JavaServer serve
INFO: JavaServer.serve(GET /session/d36d4d2b-5d26-446a-acfa-2e77e53ebbd0): {}
Oct 17, 2021 2:25:39 AM net.sourceforge.marathon.javaagent.server.JavaServer serve
INFO: GET(/session/d36d4d2b-5d26-446a-acfa-2e77e53ebbd0) = {data={"name":"getCapabilities","sessionId":"d36d4d2b-5d26-446a-acfa-2e77e53ebbd0","value":{"applicationCacheEnabled":false,"rotatable":false,"loggingPrefs":{"driver":"ALL"},"handlesAlerts":false,"databaseEnabled":false,"version":"1.0","platform":"ANY","browserConnectionEnabled":false,"nativeEvents":false,"acceptSslCerts":false,"locationContextEnabled":false,"webStorageEnabled":false,"browserName":"java","takesScreenshot":true,"javascriptEnabled":true,"cssSelectorsEnabled":false},"status":0}, status=OK}
Oct 17, 2021 2:25:39 AM org.openqa.selenium.remote.ProtocolHandshake createSession
INFO: Detected dialect: OSS
Oct 17, 2021 2:25:39 AM net.sourceforge.marathon.javaagent.server.JavaServer serve
INFO: JavaServer.serve(POST /session/d36d4d2b-5d26-446a-acfa-2e77e53ebbd0/element): {
  "using": "css selector",
  "value": "."
}
Oct 17, 2021 2:25:39 AM net.sourceforge.marathon.javaagent.server.JavaServer serve
INFO: POST(/session/d36d4d2b-5d26-446a-acfa-2e77e53ebbd0/element, {"using":"css selector","value":"."}) = {data={"name":"findElement","sessionId":"d36d4d2b-5d26-446a-acfa-2e77e53ebbd0","value":{"ELEMENT":"9ed57414-2eff-44c9-b979-5ac8001f0f6f"},"status":0}, status=OK}
Oct 17, 2021 2:25:39 AM net.sourceforge.marathon.javaagent.server.JavaServer serve
INFO: JavaServer.serve(GET /session/d36d4d2b-5d26-446a-acfa-2e77e53ebbd0/element/9ed57414-2eff-44c9-b979-5ac8001f0f6f/attribute/name): {}
Oct 17, 2021 2:25:39 AM net.sourceforge.marathon.javaagent.server.JavaServer serve
INFO: GET(/session/d36d4d2b-5d26-446a-acfa-2e77e53ebbd0/element/9ed57414-2eff-44c9-b979-5ac8001f0f6f/attribute/name) = {data={"name":"getElementAttribute","sessionId":"d36d4d2b-5d26-446a-acfa-2e77e53ebbd0","value":"Auction Sniper Name","status":0}, status=OK}
Oct 17, 2021 2:25:39 AM net.sourceforge.marathon.javaagent.server.JavaServer serve
INFO: JavaServer.serve(POST /session/d36d4d2b-5d26-446a-acfa-2e77e53ebbd0/element): {
  "using": "css selector",
  "value": "."
}
Oct 17, 2021 2:25:39 AM net.sourceforge.marathon.javaagent.server.JavaServer serve
INFO: POST(/session/d36d4d2b-5d26-446a-acfa-2e77e53ebbd0/element, {"using":"css selector","value":"."}) = {data={"name":"findElement","sessionId":"d36d4d2b-5d26-446a-acfa-2e77e53ebbd0","value":{"ELEMENT":"9ed57414-2eff-44c9-b979-5ac8001f0f6f"},"status":0}, status=OK}
Oct 17, 2021 2:25:39 AM net.sourceforge.marathon.javaagent.server.JavaServer serve
INFO: JavaServer.serve(GET /session/d36d4d2b-5d26-446a-acfa-2e77e53ebbd0/element/9ed57414-2eff-44c9-b979-5ac8001f0f6f/displayed): {}
Oct 17, 2021 2:25:39 AM net.sourceforge.marathon.javaagent.server.JavaServer serve
INFO: GET(/session/d36d4d2b-5d26-446a-acfa-2e77e53ebbd0/element/9ed57414-2eff-44c9-b979-5ac8001f0f6f/displayed) = {data={"name":"isDisplayed","sessionId":"d36d4d2b-5d26-446a-acfa-2e77e53ebbd0","value":true,"status":0}, status=OK}
Oct 17, 2021 2:25:39 AM net.sourceforge.marathon.javaagent.server.JavaServer serve
INFO: JavaServer.serve(GET /session/d36d4d2b-5d26-446a-acfa-2e77e53ebbd0/title): {}
Oct 17, 2021 2:25:39 AM net.sourceforge.marathon.javaagent.server.JavaServer serve
INFO: GET(/session/d36d4d2b-5d26-446a-acfa-2e77e53ebbd0/title) = {data={"name":"getWindowTitle","sessionId":"d36d4d2b-5d26-446a-acfa-2e77e53ebbd0","value":"Auction Sniper","status":0}, status=OK}
Oct 17, 2021 2:25:39 AM net.sourceforge.marathon.javaagent.server.JavaServer serve
INFO: JavaServer.serve(POST /session/d36d4d2b-5d26-446a-acfa-2e77e53ebbd0/element): {
  "using": "name",
  "value": "snipers table"
}
Oct 17, 2021 2:25:39 AM net.sourceforge.marathon.javaagent.server.JavaServer serve
INFO: POST(/session/d36d4d2b-5d26-446a-acfa-2e77e53ebbd0/element, {"using":"name","value":"snipers table"}) = {data={"name":"findElement","sessionId":"d36d4d2b-5d26-446a-acfa-2e77e53ebbd0","value":{"ELEMENT":"e9361687-8782-40ee-a9dc-1339836f5845"},"status":0}, status=OK}
Oct 17, 2021 2:25:39 AM net.sourceforge.marathon.javaagent.server.JavaServer serve
INFO: JavaServer.serve(POST /session/d36d4d2b-5d26-446a-acfa-2e77e53ebbd0/element/e9361687-8782-40ee-a9dc-1339836f5845/elements): {
  "id": "e9361687-8782-40ee-a9dc-1339836f5845",
  "using": "css selector",
  "value": ".::header.::all-items"
}
Oct 17, 2021 2:25:39 AM net.sourceforge.marathon.javaagent.server.JavaServer serve
INFO: POST(/session/d36d4d2b-5d26-446a-acfa-2e77e53ebbd0/element/e9361687-8782-40ee-a9dc-1339836f5845/elements, {"using":"css selector","id":"e9361687-8782-40ee-a9dc-1339836f5845","value":".::header.::all-items"}) = {data={"name":"findElementsOfElement","sessionId":"d36d4d2b-5d26-446a-acfa-2e77e53ebbd0","value":[{"ELEMENT":"69a61181-5157-4522-9591-05c24cc36aa7%23%7B%22selector%22%3A%22nth-item%22%2C%22parameters%22%3A%5B1%5D%7D"},{"ELEMENT":"69a61181-5157-4522-9591-05c24cc36aa7%23%7B%22selector%22%3A%22nth-item%22%2C%22parameters%22%3A%5B2%5D%7D"},{"ELEMENT":"69a61181-5157-4522-9591-05c24cc36aa7%23%7B%22selector%22%3A%22nth-item%22%2C%22parameters%22%3A%5B3%5D%7D"},{"ELEMENT":"69a61181-5157-4522-9591-05c24cc36aa7%23%7B%22selector%22%3A%22nth-item%22%2C%22parameters%22%3A%5B4%5D%7D"}],"status":0}, status=OK}
Oct 17, 2021 2:25:39 AM net.sourceforge.marathon.javaagent.server.JavaServer serve
INFO: JavaServer.serve(GET /session/d36d4d2b-5d26-446a-acfa-2e77e53ebbd0/element/69a61181-5157-4522-9591-05c24cc36aa7%23%7B%22selector%22%3A%22nth-item%22%2C%22parameters%22%3A%5B1%5D%7D/text): {}
Oct 17, 2021 2:25:39 AM net.sourceforge.marathon.javaagent.server.JavaServer serve
INFO: GET(/session/d36d4d2b-5d26-446a-acfa-2e77e53ebbd0/element/69a61181-5157-4522-9591-05c24cc36aa7%23%7B%22selector%22%3A%22nth-item%22%2C%22parameters%22%3A%5B1%5D%7D/text) = {data={"name":"getElementText","sessionId":"d36d4d2b-5d26-446a-acfa-2e77e53ebbd0","value":"Item","status":0}, status=OK}
Oct 17, 2021 2:25:39 AM net.sourceforge.marathon.javaagent.server.JavaServer serve
INFO: JavaServer.serve(GET /session/d36d4d2b-5d26-446a-acfa-2e77e53ebbd0/element/69a61181-5157-4522-9591-05c24cc36aa7%23%7B%22selector%22%3A%22nth-item%22%2C%22parameters%22%3A%5B2%5D%7D/text): {}
Oct 17, 2021 2:25:39 AM net.sourceforge.marathon.javaagent.server.JavaServer serve
INFO: GET(/session/d36d4d2b-5d26-446a-acfa-2e77e53ebbd0/element/69a61181-5157-4522-9591-05c24cc36aa7%23%7B%22selector%22%3A%22nth-item%22%2C%22parameters%22%3A%5B2%5D%7D/text) = {data={"name":"getElementText","sessionId":"d36d4d2b-5d26-446a-acfa-2e77e53ebbd0","value":"Last Price","status":0}, status=OK}
Oct 17, 2021 2:25:39 AM net.sourceforge.marathon.javaagent.server.JavaServer serve
INFO: JavaServer.serve(GET /session/d36d4d2b-5d26-446a-acfa-2e77e53ebbd0/element/69a61181-5157-4522-9591-05c24cc36aa7%23%7B%22selector%22%3A%22nth-item%22%2C%22parameters%22%3A%5B3%5D%7D/text): {}
Oct 17, 2021 2:25:39 AM net.sourceforge.marathon.javaagent.server.JavaServer serve
INFO: GET(/session/d36d4d2b-5d26-446a-acfa-2e77e53ebbd0/element/69a61181-5157-4522-9591-05c24cc36aa7%23%7B%22selector%22%3A%22nth-item%22%2C%22parameters%22%3A%5B3%5D%7D/text) = {data={"name":"getElementText","sessionId":"d36d4d2b-5d26-446a-acfa-2e77e53ebbd0","value":"Last Bid","status":0}, status=OK}
Oct 17, 2021 2:25:39 AM net.sourceforge.marathon.javaagent.server.JavaServer serve
INFO: JavaServer.serve(GET /session/d36d4d2b-5d26-446a-acfa-2e77e53ebbd0/element/69a61181-5157-4522-9591-05c24cc36aa7%23%7B%22selector%22%3A%22nth-item%22%2C%22parameters%22%3A%5B4%5D%7D/text): {}
Oct 17, 2021 2:25:39 AM net.sourceforge.marathon.javaagent.server.JavaServer serve
INFO: GET(/session/d36d4d2b-5d26-446a-acfa-2e77e53ebbd0/element/69a61181-5157-4522-9591-05c24cc36aa7%23%7B%22selector%22%3A%22nth-item%22%2C%22parameters%22%3A%5B4%5D%7D/text) = {data={"name":"getElementText","sessionId":"d36d4d2b-5d26-446a-acfa-2e77e53ebbd0","value":"State","status":0}, status=OK}
Oct 17, 2021 2:25:39 AM net.sourceforge.marathon.javaagent.server.JavaServer serve
INFO: JavaServer.serve(DELETE /session/d36d4d2b-5d26-446a-acfa-2e77e53ebbd0/window): {}
Oct 17, 2021 2:25:39 AM net.sourceforge.marathon.javaagent.server.JavaServer serve
INFO: DELETE(/session/d36d4d2b-5d26-446a-acfa-2e77e53ebbd0/window) = {data={"name":"closeSession","sessionId":"d36d4d2b-5d26-446a-acfa-2e77e53ebbd0","status":0}, status=OK}
Oct 17, 2021 2:25:39 AM net.sourceforge.marathon.javaagent.server.JavaServer serve
INFO: JavaServer.serve(POST /session): {
  "desiredCapabilities": {
    "browserName": "java",
    "platform": "ANY"
  },
  "capabilities": {
    "firstMatch": [
      {
        "browserName": "java"
      }
    ]
  }
}
Oct 17, 2021 2:25:39 AM net.sourceforge.marathon.javaagent.server.JavaServer createSession
INFO: Creating device with type: EVENT_QUEUE
Oct 17, 2021 2:25:39 AM net.sourceforge.marathon.javaagent.Device getDevice
INFO: Creating a EVENT_QUEUE device
Oct 17, 2021 2:25:39 AM net.sourceforge.marathon.javaagent.server.JavaServer serve
INFO: POST(/session, {"desiredCapabilities":{"browserName":"java","platform":"ANY"},"capabilities":{"firstMatch":[{"browserName":"java"}]}}) = {data=, status=REDIRECT}
Oct 17, 2021 2:25:39 AM net.sourceforge.marathon.javaagent.server.JavaServer serve
INFO: JavaServer.serve(GET /session/cf34242f-b702-4fbb-b6c2-832c9e313ce9): {}
Oct 17, 2021 2:25:39 AM net.sourceforge.marathon.javaagent.server.JavaServer serve
INFO: GET(/session/cf34242f-b702-4fbb-b6c2-832c9e313ce9) = {data={"name":"getCapabilities","sessionId":"cf34242f-b702-4fbb-b6c2-832c9e313ce9","value":{"applicationCacheEnabled":false,"rotatable":false,"loggingPrefs":{"driver":"ALL"},"handlesAlerts":false,"databaseEnabled":false,"version":"1.0","platform":"ANY","browserConnectionEnabled":false,"nativeEvents":false,"acceptSslCerts":false,"locationContextEnabled":false,"webStorageEnabled":false,"browserName":"java","takesScreenshot":true,"javascriptEnabled":true,"cssSelectorsEnabled":false},"status":0}, status=OK}
Oct 17, 2021 2:25:39 AM org.openqa.selenium.remote.ProtocolHandshake createSession
INFO: Detected dialect: OSS
Oct 17, 2021 2:25:39 AM net.sourceforge.marathon.javaagent.server.JavaServer serve
INFO: JavaServer.serve(POST /session/cf34242f-b702-4fbb-b6c2-832c9e313ce9/element): {
  "using": "name",
  "value": "new item id field"
}
Oct 17, 2021 2:25:39 AM net.sourceforge.marathon.javaagent.server.JavaServer serve
INFO: POST(/session/cf34242f-b702-4fbb-b6c2-832c9e313ce9/element, {"using":"name","value":"new item id field"}) = {data={"name":"findElement","sessionId":"cf34242f-b702-4fbb-b6c2-832c9e313ce9","value":{"ELEMENT":"569e1b89-9c31-458c-9528-6ba50236e16e"},"status":0}, status=OK}
Oct 17, 2021 2:25:39 AM net.sourceforge.marathon.javaagent.server.JavaServer serve
INFO: JavaServer.serve(POST /session/cf34242f-b702-4fbb-b6c2-832c9e313ce9/element/569e1b89-9c31-458c-9528-6ba50236e16e/clear): {
  "id": "569e1b89-9c31-458c-9528-6ba50236e16e"
}
Oct 17, 2021 2:25:39 AM net.sourceforge.marathon.javaagent.server.JavaServer serve
INFO: POST(/session/cf34242f-b702-4fbb-b6c2-832c9e313ce9/element/569e1b89-9c31-458c-9528-6ba50236e16e/clear, {"id":"569e1b89-9c31-458c-9528-6ba50236e16e"}) = {data={"name":"clearElement","sessionId":"cf34242f-b702-4fbb-b6c2-832c9e313ce9","status":0}, status=OK}
Oct 17, 2021 2:25:40 AM net.sourceforge.marathon.javaagent.server.JavaServer serve
INFO: JavaServer.serve(POST /session/cf34242f-b702-4fbb-b6c2-832c9e313ce9/element/569e1b89-9c31-458c-9528-6ba50236e16e/value): {
  "id": "569e1b89-9c31-458c-9528-6ba50236e16e",
  "value": [
    "an item-id"
  ]
}
Oct 17, 2021 2:25:40 AM net.sourceforge.marathon.javaagent.EventQueueDevice dispatchEvent
INFO: java.awt.event.KeyEvent[KEY_PRESSED,keyCode=65,keyText=A,keyChar='a',keyLocation=KEY_LOCATION_UNKNOWN,rawCode=0,primaryLevelUnicode=0,scancode=0,extendedKeyCode=0x0] on new item id field
Oct 17, 2021 2:25:40 AM net.sourceforge.marathon.javaagent.EventQueueDevice dispatchEvent
INFO: java.awt.event.KeyEvent[KEY_TYPED,keyCode=0,keyText=Unknown keyCode: 0x0,keyChar='a',keyLocation=KEY_LOCATION_UNKNOWN,rawCode=0,primaryLevelUnicode=0,scancode=0,extendedKeyCode=0x0] on new item id field
Oct 17, 2021 2:25:40 AM net.sourceforge.marathon.javaagent.EventQueueDevice dispatchEvent
INFO: java.awt.event.KeyEvent[KEY_RELEASED,keyCode=65,keyText=A,keyChar='a',keyLocation=KEY_LOCATION_UNKNOWN,rawCode=0,primaryLevelUnicode=0,scancode=0,extendedKeyCode=0x0] on new item id field
Oct 17, 2021 2:25:40 AM net.sourceforge.marathon.javaagent.EventQueueDevice dispatchEvent
INFO: java.awt.event.KeyEvent[KEY_PRESSED,keyCode=78,keyText=N,keyChar='n',keyLocation=KEY_LOCATION_UNKNOWN,rawCode=0,primaryLevelUnicode=0,scancode=0,extendedKeyCode=0x0] on new item id field
Oct 17, 2021 2:25:40 AM net.sourceforge.marathon.javaagent.EventQueueDevice dispatchEvent
INFO: java.awt.event.KeyEvent[KEY_TYPED,keyCode=0,keyText=Unknown keyCode: 0x0,keyChar='n',keyLocation=KEY_LOCATION_UNKNOWN,rawCode=0,primaryLevelUnicode=0,scancode=0,extendedKeyCode=0x0] on new item id field
Oct 17, 2021 2:25:40 AM net.sourceforge.marathon.javaagent.EventQueueDevice dispatchEvent
INFO: java.awt.event.KeyEvent[KEY_RELEASED,keyCode=78,keyText=N,keyChar='n',keyLocation=KEY_LOCATION_UNKNOWN,rawCode=0,primaryLevelUnicode=0,scancode=0,extendedKeyCode=0x0] on new item id field
Oct 17, 2021 2:25:40 AM net.sourceforge.marathon.javaagent.EventQueueDevice dispatchEvent
INFO: java.awt.event.KeyEvent[KEY_PRESSED,keyCode=16,keyText=Shift,keyChar=Undefined keyChar,modifiers=Shift,extModifiers=Shift,keyLocation=KEY_LOCATION_UNKNOWN,rawCode=0,primaryLevelUnicode=0,scancode=0,extendedKeyCode=0x0] on new item id field
Oct 17, 2021 2:25:40 AM net.sourceforge.marathon.javaagent.EventQueueDevice dispatchEvent
INFO: java.awt.event.KeyEvent[KEY_PRESSED,keyCode=32,keyText=Space,keyChar=' ',modifiers=Shift,extModifiers=Shift,keyLocation=KEY_LOCATION_UNKNOWN,rawCode=0,primaryLevelUnicode=0,scancode=0,extendedKeyCode=0x0] on new item id field
Oct 17, 2021 2:25:40 AM net.sourceforge.marathon.javaagent.EventQueueDevice dispatchEvent
INFO: java.awt.event.KeyEvent[KEY_TYPED,keyCode=0,keyText=Unknown keyCode: 0x0,keyChar=' ',modifiers=Shift,extModifiers=Shift,keyLocation=KEY_LOCATION_UNKNOWN,rawCode=0,primaryLevelUnicode=0,scancode=0,extendedKeyCode=0x0] on new item id field
Oct 17, 2021 2:25:40 AM net.sourceforge.marathon.javaagent.EventQueueDevice dispatchEvent
INFO: java.awt.event.KeyEvent[KEY_RELEASED,keyCode=32,keyText=Space,keyChar=' ',modifiers=Shift,extModifiers=Shift,keyLocation=KEY_LOCATION_UNKNOWN,rawCode=0,primaryLevelUnicode=0,scancode=0,extendedKeyCode=0x0] on new item id field
Oct 17, 2021 2:25:40 AM net.sourceforge.marathon.javaagent.EventQueueDevice dispatchEvent
INFO: java.awt.event.KeyEvent[KEY_RELEASED,keyCode=16,keyText=Shift,keyChar=Undefined keyChar,keyLocation=KEY_LOCATION_UNKNOWN,rawCode=0,primaryLevelUnicode=0,scancode=0,extendedKeyCode=0x0] on new item id field
Oct 17, 2021 2:25:40 AM net.sourceforge.marathon.javaagent.EventQueueDevice dispatchEvent
INFO: java.awt.event.KeyEvent[KEY_PRESSED,keyCode=73,keyText=I,keyChar='i',keyLocation=KEY_LOCATION_UNKNOWN,rawCode=0,primaryLevelUnicode=0,scancode=0,extendedKeyCode=0x0] on new item id field
Oct 17, 2021 2:25:40 AM net.sourceforge.marathon.javaagent.EventQueueDevice dispatchEvent
INFO: java.awt.event.KeyEvent[KEY_TYPED,keyCode=0,keyText=Unknown keyCode: 0x0,keyChar='i',keyLocation=KEY_LOCATION_UNKNOWN,rawCode=0,primaryLevelUnicode=0,scancode=0,extendedKeyCode=0x0] on new item id field
Oct 17, 2021 2:25:40 AM net.sourceforge.marathon.javaagent.EventQueueDevice dispatchEvent
INFO: java.awt.event.KeyEvent[KEY_RELEASED,keyCode=73,keyText=I,keyChar='i',keyLocation=KEY_LOCATION_UNKNOWN,rawCode=0,primaryLevelUnicode=0,scancode=0,extendedKeyCode=0x0] on new item id field
Oct 17, 2021 2:25:40 AM net.sourceforge.marathon.javaagent.EventQueueDevice dispatchEvent
INFO: java.awt.event.KeyEvent[KEY_PRESSED,keyCode=84,keyText=T,keyChar='t',keyLocation=KEY_LOCATION_UNKNOWN,rawCode=0,primaryLevelUnicode=0,scancode=0,extendedKeyCode=0x0] on new item id field
Oct 17, 2021 2:25:40 AM net.sourceforge.marathon.javaagent.EventQueueDevice dispatchEvent
INFO: java.awt.event.KeyEvent[KEY_TYPED,keyCode=0,keyText=Unknown keyCode: 0x0,keyChar='t',keyLocation=KEY_LOCATION_UNKNOWN,rawCode=0,primaryLevelUnicode=0,scancode=0,extendedKeyCode=0x0] on new item id field
Oct 17, 2021 2:25:40 AM net.sourceforge.marathon.javaagent.EventQueueDevice dispatchEvent
INFO: java.awt.event.KeyEvent[KEY_RELEASED,keyCode=84,keyText=T,keyChar='t',keyLocation=KEY_LOCATION_UNKNOWN,rawCode=0,primaryLevelUnicode=0,scancode=0,extendedKeyCode=0x0] on new item id field
Oct 17, 2021 2:25:40 AM net.sourceforge.marathon.javaagent.EventQueueDevice dispatchEvent
INFO: java.awt.event.KeyEvent[KEY_PRESSED,keyCode=69,keyText=E,keyChar='e',keyLocation=KEY_LOCATION_UNKNOWN,rawCode=0,primaryLevelUnicode=0,scancode=0,extendedKeyCode=0x0] on new item id field
Oct 17, 2021 2:25:40 AM net.sourceforge.marathon.javaagent.EventQueueDevice dispatchEvent
INFO: java.awt.event.KeyEvent[KEY_TYPED,keyCode=0,keyText=Unknown keyCode: 0x0,keyChar='e',keyLocation=KEY_LOCATION_UNKNOWN,rawCode=0,primaryLevelUnicode=0,scancode=0,extendedKeyCode=0x0] on new item id field
Oct 17, 2021 2:25:40 AM net.sourceforge.marathon.javaagent.EventQueueDevice dispatchEvent
INFO: java.awt.event.KeyEvent[KEY_RELEASED,keyCode=69,keyText=E,keyChar='e',keyLocation=KEY_LOCATION_UNKNOWN,rawCode=0,primaryLevelUnicode=0,scancode=0,extendedKeyCode=0x0] on new item id field
Oct 17, 2021 2:25:40 AM net.sourceforge.marathon.javaagent.EventQueueDevice dispatchEvent
INFO: java.awt.event.KeyEvent[KEY_PRESSED,keyCode=77,keyText=M,keyChar='m',keyLocation=KEY_LOCATION_UNKNOWN,rawCode=0,primaryLevelUnicode=0,scancode=0,extendedKeyCode=0x0] on new item id field
Oct 17, 2021 2:25:40 AM net.sourceforge.marathon.javaagent.EventQueueDevice dispatchEvent
INFO: java.awt.event.KeyEvent[KEY_TYPED,keyCode=0,keyText=Unknown keyCode: 0x0,keyChar='m',keyLocation=KEY_LOCATION_UNKNOWN,rawCode=0,primaryLevelUnicode=0,scancode=0,extendedKeyCode=0x0] on new item id field
Oct 17, 2021 2:25:40 AM net.sourceforge.marathon.javaagent.EventQueueDevice dispatchEvent
INFO: java.awt.event.KeyEvent[KEY_RELEASED,keyCode=77,keyText=M,keyChar='m',keyLocation=KEY_LOCATION_UNKNOWN,rawCode=0,primaryLevelUnicode=0,scancode=0,extendedKeyCode=0x0] on new item id field
Oct 17, 2021 2:25:40 AM net.sourceforge.marathon.javaagent.EventQueueDevice dispatchEvent
INFO: java.awt.event.KeyEvent[KEY_PRESSED,keyCode=45,keyText=Minus,keyChar='-',keyLocation=KEY_LOCATION_UNKNOWN,rawCode=0,primaryLevelUnicode=0,scancode=0,extendedKeyCode=0x0] on new item id field
Oct 17, 2021 2:25:40 AM net.sourceforge.marathon.javaagent.EventQueueDevice dispatchEvent
INFO: java.awt.event.KeyEvent[KEY_TYPED,keyCode=0,keyText=Unknown keyCode: 0x0,keyChar='-',keyLocation=KEY_LOCATION_UNKNOWN,rawCode=0,primaryLevelUnicode=0,scancode=0,extendedKeyCode=0x0] on new item id field
Oct 17, 2021 2:25:40 AM net.sourceforge.marathon.javaagent.EventQueueDevice dispatchEvent
INFO: java.awt.event.KeyEvent[KEY_RELEASED,keyCode=45,keyText=Minus,keyChar='-',keyLocation=KEY_LOCATION_UNKNOWN,rawCode=0,primaryLevelUnicode=0,scancode=0,extendedKeyCode=0x0] on new item id field
Oct 17, 2021 2:25:40 AM net.sourceforge.marathon.javaagent.EventQueueDevice dispatchEvent
INFO: java.awt.event.KeyEvent[KEY_PRESSED,keyCode=73,keyText=I,keyChar='i',keyLocation=KEY_LOCATION_UNKNOWN,rawCode=0,primaryLevelUnicode=0,scancode=0,extendedKeyCode=0x0] on new item id field
Oct 17, 2021 2:25:40 AM net.sourceforge.marathon.javaagent.EventQueueDevice dispatchEvent
INFO: java.awt.event.KeyEvent[KEY_TYPED,keyCode=0,keyText=Unknown keyCode: 0x0,keyChar='i',keyLocation=KEY_LOCATION_UNKNOWN,rawCode=0,primaryLevelUnicode=0,scancode=0,extendedKeyCode=0x0] on new item id field
Oct 17, 2021 2:25:40 AM net.sourceforge.marathon.javaagent.EventQueueDevice dispatchEvent
INFO: java.awt.event.KeyEvent[KEY_RELEASED,keyCode=73,keyText=I,keyChar='i',keyLocation=KEY_LOCATION_UNKNOWN,rawCode=0,primaryLevelUnicode=0,scancode=0,extendedKeyCode=0x0] on new item id field
Oct 17, 2021 2:25:40 AM net.sourceforge.marathon.javaagent.EventQueueDevice dispatchEvent
INFO: java.awt.event.KeyEvent[KEY_PRESSED,keyCode=68,keyText=D,keyChar='d',keyLocation=KEY_LOCATION_UNKNOWN,rawCode=0,primaryLevelUnicode=0,scancode=0,extendedKeyCode=0x0] on new item id field
Oct 17, 2021 2:25:40 AM net.sourceforge.marathon.javaagent.EventQueueDevice dispatchEvent
INFO: java.awt.event.KeyEvent[KEY_TYPED,keyCode=0,keyText=Unknown keyCode: 0x0,keyChar='d',keyLocation=KEY_LOCATION_UNKNOWN,rawCode=0,primaryLevelUnicode=0,scancode=0,extendedKeyCode=0x0] on new item id field
Oct 17, 2021 2:25:40 AM net.sourceforge.marathon.javaagent.EventQueueDevice dispatchEvent
INFO: java.awt.event.KeyEvent[KEY_RELEASED,keyCode=68,keyText=D,keyChar='d',keyLocation=KEY_LOCATION_UNKNOWN,rawCode=0,primaryLevelUnicode=0,scancode=0,extendedKeyCode=0x0] on new item id field
Oct 17, 2021 2:25:40 AM net.sourceforge.marathon.javaagent.server.JavaServer serve
INFO: POST(/session/cf34242f-b702-4fbb-b6c2-832c9e313ce9/element/569e1b89-9c31-458c-9528-6ba50236e16e/value, {"id":"569e1b89-9c31-458c-9528-6ba50236e16e","value":["an item-id"]}) = {data={"name":"sendKeysElement","sessionId":"cf34242f-b702-4fbb-b6c2-832c9e313ce9","status":0}, status=OK}
Oct 17, 2021 2:25:40 AM net.sourceforge.marathon.javaagent.server.JavaServer serve
INFO: JavaServer.serve(POST /session/cf34242f-b702-4fbb-b6c2-832c9e313ce9/element): {
  "using": "name",
  "value": "new item stop price field"
}
Oct 17, 2021 2:25:40 AM net.sourceforge.marathon.javaagent.server.JavaServer serve
INFO: POST(/session/cf34242f-b702-4fbb-b6c2-832c9e313ce9/element, {"using":"name","value":"new item stop price field"}) = {data={"name":"findElement","sessionId":"cf34242f-b702-4fbb-b6c2-832c9e313ce9","value":{"ELEMENT":"1425e943-b52c-435a-a2a2-888f1c1b7556"},"status":0}, status=OK}
Oct 17, 2021 2:25:40 AM net.sourceforge.marathon.javaagent.server.JavaServer serve
INFO: JavaServer.serve(POST /session/cf34242f-b702-4fbb-b6c2-832c9e313ce9/element/1425e943-b52c-435a-a2a2-888f1c1b7556/clear): {
  "id": "1425e943-b52c-435a-a2a2-888f1c1b7556"
}
Oct 17, 2021 2:25:40 AM net.sourceforge.marathon.javaagent.server.JavaServer serve
INFO: POST(/session/cf34242f-b702-4fbb-b6c2-832c9e313ce9/element/1425e943-b52c-435a-a2a2-888f1c1b7556/clear, {"id":"1425e943-b52c-435a-a2a2-888f1c1b7556"}) = {data={"name":"clearElement","sessionId":"cf34242f-b702-4fbb-b6c2-832c9e313ce9","status":0}, status=OK}
Oct 17, 2021 2:25:40 AM net.sourceforge.marathon.javaagent.server.JavaServer serve
INFO: JavaServer.serve(POST /session/cf34242f-b702-4fbb-b6c2-832c9e313ce9/element/1425e943-b52c-435a-a2a2-888f1c1b7556/value): {
  "id": "1425e943-b52c-435a-a2a2-888f1c1b7556",
  "value": [
    "11000"
  ]
}
Oct 17, 2021 2:25:40 AM net.sourceforge.marathon.javaagent.EventQueueDevice dispatchEvent
INFO: java.awt.event.KeyEvent[KEY_PRESSED,keyCode=49,keyText=1,keyChar='1',keyLocation=KEY_LOCATION_UNKNOWN,rawCode=0,primaryLevelUnicode=0,scancode=0,extendedKeyCode=0x0] on new item stop price field
Oct 17, 2021 2:25:40 AM net.sourceforge.marathon.javaagent.EventQueueDevice dispatchEvent
INFO: java.awt.event.KeyEvent[KEY_TYPED,keyCode=0,keyText=Unknown keyCode: 0x0,keyChar='1',keyLocation=KEY_LOCATION_UNKNOWN,rawCode=0,primaryLevelUnicode=0,scancode=0,extendedKeyCode=0x0] on new item stop price field
Oct 17, 2021 2:25:40 AM net.sourceforge.marathon.javaagent.EventQueueDevice dispatchEvent
INFO: java.awt.event.KeyEvent[KEY_RELEASED,keyCode=49,keyText=1,keyChar='1',keyLocation=KEY_LOCATION_UNKNOWN,rawCode=0,primaryLevelUnicode=0,scancode=0,extendedKeyCode=0x0] on new item stop price field
Oct 17, 2021 2:25:40 AM net.sourceforge.marathon.javaagent.EventQueueDevice dispatchEvent
INFO: java.awt.event.KeyEvent[KEY_PRESSED,keyCode=49,keyText=1,keyChar='1',keyLocation=KEY_LOCATION_UNKNOWN,rawCode=0,primaryLevelUnicode=0,scancode=0,extendedKeyCode=0x0] on new item stop price field
Oct 17, 2021 2:25:40 AM net.sourceforge.marathon.javaagent.EventQueueDevice dispatchEvent
INFO: java.awt.event.KeyEvent[KEY_TYPED,keyCode=0,keyText=Unknown keyCode: 0x0,keyChar='1',keyLocation=KEY_LOCATION_UNKNOWN,rawCode=0,primaryLevelUnicode=0,scancode=0,extendedKeyCode=0x0] on new item stop price field
Oct 17, 2021 2:25:40 AM net.sourceforge.marathon.javaagent.EventQueueDevice dispatchEvent
INFO: java.awt.event.KeyEvent[KEY_RELEASED,keyCode=49,keyText=1,keyChar='1',keyLocation=KEY_LOCATION_UNKNOWN,rawCode=0,primaryLevelUnicode=0,scancode=0,extendedKeyCode=0x0] on new item stop price field
Oct 17, 2021 2:25:40 AM net.sourceforge.marathon.javaagent.EventQueueDevice dispatchEvent
INFO: java.awt.event.KeyEvent[KEY_PRESSED,keyCode=48,keyText=0,keyChar='0',keyLocation=KEY_LOCATION_UNKNOWN,rawCode=0,primaryLevelUnicode=0,scancode=0,extendedKeyCode=0x0] on new item stop price field
Oct 17, 2021 2:25:40 AM net.sourceforge.marathon.javaagent.EventQueueDevice dispatchEvent
INFO: java.awt.event.KeyEvent[KEY_TYPED,keyCode=0,keyText=Unknown keyCode: 0x0,keyChar='0',keyLocation=KEY_LOCATION_UNKNOWN,rawCode=0,primaryLevelUnicode=0,scancode=0,extendedKeyCode=0x0] on new item stop price field
Oct 17, 2021 2:25:40 AM net.sourceforge.marathon.javaagent.EventQueueDevice dispatchEvent
INFO: java.awt.event.KeyEvent[KEY_RELEASED,keyCode=48,keyText=0,keyChar='0',keyLocation=KEY_LOCATION_UNKNOWN,rawCode=0,primaryLevelUnicode=0,scancode=0,extendedKeyCode=0x0] on new item stop price field
Oct 17, 2021 2:25:40 AM net.sourceforge.marathon.javaagent.EventQueueDevice dispatchEvent
INFO: java.awt.event.KeyEvent[KEY_PRESSED,keyCode=48,keyText=0,keyChar='0',keyLocation=KEY_LOCATION_UNKNOWN,rawCode=0,primaryLevelUnicode=0,scancode=0,extendedKeyCode=0x0] on new item stop price field
Oct 17, 2021 2:25:40 AM net.sourceforge.marathon.javaagent.EventQueueDevice dispatchEvent
INFO: java.awt.event.KeyEvent[KEY_TYPED,keyCode=0,keyText=Unknown keyCode: 0x0,keyChar='0',keyLocation=KEY_LOCATION_UNKNOWN,rawCode=0,primaryLevelUnicode=0,scancode=0,extendedKeyCode=0x0] on new item stop price field
Oct 17, 2021 2:25:40 AM net.sourceforge.marathon.javaagent.EventQueueDevice dispatchEvent
INFO: java.awt.event.KeyEvent[KEY_RELEASED,keyCode=48,keyText=0,keyChar='0',keyLocation=KEY_LOCATION_UNKNOWN,rawCode=0,primaryLevelUnicode=0,scancode=0,extendedKeyCode=0x0] on new item stop price field
Oct 17, 2021 2:25:40 AM net.sourceforge.marathon.javaagent.EventQueueDevice dispatchEvent
INFO: java.awt.event.KeyEvent[KEY_PRESSED,keyCode=48,keyText=0,keyChar='0',keyLocation=KEY_LOCATION_UNKNOWN,rawCode=0,primaryLevelUnicode=0,scancode=0,extendedKeyCode=0x0] on new item stop price field
Oct 17, 2021 2:25:40 AM net.sourceforge.marathon.javaagent.EventQueueDevice dispatchEvent
INFO: java.awt.event.KeyEvent[KEY_TYPED,keyCode=0,keyText=Unknown keyCode: 0x0,keyChar='0',keyLocation=KEY_LOCATION_UNKNOWN,rawCode=0,primaryLevelUnicode=0,scancode=0,extendedKeyCode=0x0] on new item stop price field
Oct 17, 2021 2:25:40 AM net.sourceforge.marathon.javaagent.EventQueueDevice dispatchEvent
INFO: java.awt.event.KeyEvent[KEY_RELEASED,keyCode=48,keyText=0,keyChar='0',keyLocation=KEY_LOCATION_UNKNOWN,rawCode=0,primaryLevelUnicode=0,scancode=0,extendedKeyCode=0x0] on new item stop price field
Oct 17, 2021 2:25:40 AM net.sourceforge.marathon.javaagent.server.JavaServer serve
INFO: POST(/session/cf34242f-b702-4fbb-b6c2-832c9e313ce9/element/1425e943-b52c-435a-a2a2-888f1c1b7556/value, {"id":"1425e943-b52c-435a-a2a2-888f1c1b7556","value":["11000"]}) = {data={"name":"sendKeysElement","sessionId":"cf34242f-b702-4fbb-b6c2-832c9e313ce9","status":0}, status=OK}
Oct 17, 2021 2:25:40 AM net.sourceforge.marathon.javaagent.server.JavaServer serve
INFO: JavaServer.serve(POST /session/cf34242f-b702-4fbb-b6c2-832c9e313ce9/element): {
  "using": "name",
  "value": "join button"
}
Oct 17, 2021 2:25:40 AM net.sourceforge.marathon.javaagent.server.JavaServer serve
INFO: POST(/session/cf34242f-b702-4fbb-b6c2-832c9e313ce9/element, {"using":"name","value":"join button"}) = {data={"name":"findElement","sessionId":"cf34242f-b702-4fbb-b6c2-832c9e313ce9","value":{"ELEMENT":"a32748f0-826d-404f-b33c-56dcf96e4e3e"},"status":0}, status=OK}
Oct 17, 2021 2:25:40 AM net.sourceforge.marathon.javaagent.server.JavaServer serve
INFO: JavaServer.serve(POST /session/cf34242f-b702-4fbb-b6c2-832c9e313ce9/element/a32748f0-826d-404f-b33c-56dcf96e4e3e/click): {
  "id": "a32748f0-826d-404f-b33c-56dcf96e4e3e"
}
Oct 17, 2021 2:25:40 AM net.sourceforge.marathon.javaagent.EventQueueDevice dispatchEvent
INFO: java.awt.event.MouseEvent[MOUSE_PRESSED,(58,12),absolute(589,17),button=1,modifiers=Button1,extModifiers=Button1,clickCount=1] on join button
Oct 17, 2021 2:25:40 AM net.sourceforge.marathon.javaagent.EventQueueDevice dispatchEvent
INFO: java.awt.event.MouseEvent[MOUSE_RELEASED,(58,12),absolute(589,17),button=1,modifiers=Button1,clickCount=1] on join button
Oct 17, 2021 2:25:40 AM net.sourceforge.marathon.javaagent.EventQueueDevice dispatchEvent
INFO: java.awt.event.MouseEvent[MOUSE_CLICKED,(58,12),absolute(589,17),button=1,modifiers=Button1,clickCount=1] on join button
Oct 17, 2021 2:25:40 AM net.sourceforge.marathon.javaagent.server.JavaServer serve
INFO: POST(/session/cf34242f-b702-4fbb-b6c2-832c9e313ce9/element/a32748f0-826d-404f-b33c-56dcf96e4e3e/click, {"id":"a32748f0-826d-404f-b33c-56dcf96e4e3e"}) = {data={"name":"clickElement","sessionId":"cf34242f-b702-4fbb-b6c2-832c9e313ce9","status":0}, status=OK}
Oct 17, 2021 2:25:40 AM net.sourceforge.marathon.javaagent.server.JavaServer serve
INFO: JavaServer.serve(DELETE /session/cf34242f-b702-4fbb-b6c2-832c9e313ce9/window): {}
Oct 17, 2021 2:25:40 AM net.sourceforge.marathon.javaagent.server.JavaServer serve
INFO: DELETE(/session/cf34242f-b702-4fbb-b6c2-832c9e313ce9/window) = {data={"name":"closeSession","sessionId":"cf34242f-b702-4fbb-b6c2-832c9e313ce9","status":0}, status=OK}
Oct 17, 2021 2:25:40 AM net.sourceforge.marathon.javaagent.server.JavaServer serve
INFO: JavaServer.serve(POST /session): {
  "desiredCapabilities": {
    "browserName": "java",
    "platform": "ANY"
  },
  "capabilities": {
    "firstMatch": [
      {
        "browserName": "java"
      }
    ]
  }
}
Oct 17, 2021 2:25:40 AM net.sourceforge.marathon.javaagent.server.JavaServer createSession
INFO: Creating device with type: EVENT_QUEUE
Oct 17, 2021 2:25:40 AM net.sourceforge.marathon.javaagent.Device getDevice
INFO: Creating a EVENT_QUEUE device
Oct 17, 2021 2:25:40 AM net.sourceforge.marathon.javaagent.server.JavaServer serve
INFO: POST(/session, {"desiredCapabilities":{"browserName":"java","platform":"ANY"},"capabilities":{"firstMatch":[{"browserName":"java"}]}}) = {data=, status=REDIRECT}
Oct 17, 2021 2:25:40 AM net.sourceforge.marathon.javaagent.server.JavaServer serve
INFO: JavaServer.serve(GET /session/93e0ffad-3456-4eb5-ab24-d6bb74f888bf): {}
Oct 17, 2021 2:25:40 AM net.sourceforge.marathon.javaagent.server.JavaServer serve
INFO: GET(/session/93e0ffad-3456-4eb5-ab24-d6bb74f888bf) = {data={"name":"getCapabilities","sessionId":"93e0ffad-3456-4eb5-ab24-d6bb74f888bf","value":{"applicationCacheEnabled":false,"rotatable":false,"loggingPrefs":{"driver":"ALL"},"handlesAlerts":false,"databaseEnabled":false,"version":"1.0","platform":"ANY","browserConnectionEnabled":false,"nativeEvents":false,"acceptSslCerts":false,"locationContextEnabled":false,"webStorageEnabled":false,"browserName":"java","takesScreenshot":true,"javascriptEnabled":true,"cssSelectorsEnabled":false},"status":0}, status=OK}
Oct 17, 2021 2:25:40 AM org.openqa.selenium.remote.ProtocolHandshake createSession
INFO: Detected dialect: OSS
Oct 17, 2021 2:25:40 AM net.sourceforge.marathon.javaagent.server.JavaServer serve
INFO: JavaServer.serve(POST /session/93e0ffad-3456-4eb5-ab24-d6bb74f888bf/element): {
  "using": "name",
  "value": "sniper reset button"
}
Oct 17, 2021 2:25:40 AM net.sourceforge.marathon.javaagent.server.JavaServer serve
INFO: POST(/session/93e0ffad-3456-4eb5-ab24-d6bb74f888bf/element, {"using":"name","value":"sniper reset button"}) = {data={"name":"findElement","sessionId":"93e0ffad-3456-4eb5-ab24-d6bb74f888bf","value":{"ELEMENT":"27b13c1e-07ab-4a64-822d-88b67de12e6e"},"status":0}, status=OK}
Oct 17, 2021 2:25:40 AM net.sourceforge.marathon.javaagent.server.JavaServer serve
INFO: JavaServer.serve(POST /session/93e0ffad-3456-4eb5-ab24-d6bb74f888bf/element/27b13c1e-07ab-4a64-822d-88b67de12e6e/click): {
  "id": "27b13c1e-07ab-4a64-822d-88b67de12e6e"
}
Oct 17, 2021 2:25:40 AM net.sourceforge.marathon.javaagent.EventQueueDevice dispatchEvent
INFO: java.awt.event.MouseEvent[MOUSE_PRESSED,(37,12),absolute(326,474),button=1,modifiers=Button1,extModifiers=Button1,clickCount=1] on sniper reset button
Oct 17, 2021 2:25:40 AM net.sourceforge.marathon.javaagent.EventQueueDevice dispatchEvent
INFO: java.awt.event.MouseEvent[MOUSE_RELEASED,(37,12),absolute(326,474),button=1,modifiers=Button1,clickCount=1] on sniper reset button
Oct 17, 2021 2:25:40 AM net.sourceforge.marathon.javaagent.EventQueueDevice dispatchEvent
INFO: java.awt.event.MouseEvent[MOUSE_CLICKED,(37,12),absolute(326,474),button=1,modifiers=Button1,clickCount=1] on sniper reset button
Oct 17, 2021 2:25:40 AM net.sourceforge.marathon.javaagent.server.JavaServer serve
INFO: POST(/session/93e0ffad-3456-4eb5-ab24-d6bb74f888bf/element/27b13c1e-07ab-4a64-822d-88b67de12e6e/click, {"id":"27b13c1e-07ab-4a64-822d-88b67de12e6e"}) = {data={"name":"clickElement","sessionId":"93e0ffad-3456-4eb5-ab24-d6bb74f888bf","status":0}, status=OK}
Oct 17, 2021 2:25:40 AM net.sourceforge.marathon.javaagent.server.JavaServer serve
INFO: JavaServer.serve(DELETE /session/93e0ffad-3456-4eb5-ab24-d6bb74f888bf/window): {}
Oct 17, 2021 2:25:40 AM net.sourceforge.marathon.javaagent.server.JavaServer serve
INFO: DELETE(/session/93e0ffad-3456-4eb5-ab24-d6bb74f888bf/window) = {data={"name":"closeSession","sessionId":"93e0ffad-3456-4eb5-ab24-d6bb74f888bf","status":0}, status=OK}
]]></system-err>
</testsuite>
