<?xml version="1.0" encoding="UTF-8"?>
<testsuite name="goos.ui.stub.StubUiTest" tests="1" skipped="0" failures="0" errors="0" timestamp="2021-12-09T02:29:41" hostname="buildkitsandbox" time="0.025">
  <properties/>
  <testcase name="a test" classname="goos.ui.stub.StubUiTest" time="0.025"/>
  <system-out><![CDATA[]]></system-out>
  <system-err><![CDATA[]]></system-err>
</testsuite>
