<?xml version="1.0" encoding="UTF-8"?>
<testsuite name="goos.ui.swing.MainWindowTest" tests="3" skipped="0" failures="0" errors="0" timestamp="2021-09-24T02:23:03" hostname="buildkitsandbox" time="3.555">
  <properties/>
  <testcase name="window has expected features" classname="goos.ui.swing.MainWindowTest" time="2.638"/>
  <testcase name="make user request when join button clicked" classname="goos.ui.swing.MainWindowTest" time="0.744"/>
  <testcase name="make user request when reset button clicked" classname="goos.ui.swing.MainWindowTest" time="0.168"/>
  <system-out><![CDATA[]]></system-out>
  <system-err><![CDATA[Sep 24, 2021 2:23:03 AM io.mockk.impl.log.JULLogger warn
WARNING: Failed to transform class goos/ui/api/UserRequestListener
java.lang.IllegalArgumentException: Unsupported class file major version 59
	at net.bytebuddy.jar.asm.ClassReader.<init>(ClassReader.java:176)
	at net.bytebuddy.jar.asm.ClassReader.<init>(ClassReader.java:158)
	at net.bytebuddy.jar.asm.ClassReader.<init>(ClassReader.java:146)
	at net.bytebuddy.utility.OpenedClassReader.of(OpenedClassReader.java:69)
	at net.bytebuddy.dynamic.scaffold.TypeWriter$Default$ForInlining.create(TypeWriter.java:2877)
	at net.bytebuddy.dynamic.scaffold.TypeWriter$Default.make(TypeWriter.java:1653)
	at net.bytebuddy.dynamic.scaffold.inline.RedefinitionDynamicTypeBuilder.make(RedefinitionDynamicTypeBuilder.java:180)
	at net.bytebuddy.dynamic.scaffold.inline.AbstractInliningDynamicTypeBuilder.make(AbstractInliningDynamicTypeBuilder.java:94)
	at net.bytebuddy.dynamic.DynamicType$Builder$AbstractBase.make(DynamicType.java:2669)
	at io.mockk.proxy.jvm.transformation.InliningClassTransformer.transform(InliningClassTransformer.kt:78)
	at java.instrument/java.lang.instrument.ClassFileTransformer.transform(ClassFileTransformer.java:246)
	at java.instrument/sun.instrument.TransformerManager.transform(TransformerManager.java:188)
	at java.instrument/sun.instrument.InstrumentationImpl.transform(InstrumentationImpl.java:563)
	at java.instrument/sun.instrument.InstrumentationImpl.retransformClasses0(Native Method)
	at java.instrument/sun.instrument.InstrumentationImpl.retransformClasses(InstrumentationImpl.java:167)
	at io.mockk.proxy.jvm.transformation.JvmInlineInstrumentation.retransform(JvmInlineInstrumentation.kt:28)
	at io.mockk.proxy.common.transformation.RetransformInlineInstrumnetation$execute$1.invoke(RetransformInlineInstrumnetation.kt:19)
	at io.mockk.proxy.common.transformation.RetransformInlineInstrumnetation$execute$1.invoke(RetransformInlineInstrumnetation.kt:6)
	at io.mockk.proxy.common.transformation.ClassTransformationSpecMap.applyTransformation(ClassTransformationSpecMap.kt:41)
	at io.mockk.proxy.common.transformation.RetransformInlineInstrumnetation.execute(RetransformInlineInstrumnetation.kt:16)
	at io.mockk.proxy.jvm.ProxyMaker.inline(ProxyMaker.kt:88)
	at io.mockk.proxy.jvm.ProxyMaker.proxy(ProxyMaker.kt:30)
	at io.mockk.impl.instantiation.JvmMockFactory.newProxy(JvmMockFactory.kt:34)
	at io.mockk.impl.instantiation.AbstractMockFactory.newProxy$default(AbstractMockFactory.kt:29)
	at io.mockk.impl.instantiation.AbstractMockFactory.mockk(AbstractMockFactory.kt:59)
	at goos.ui.swing.MainWindowTest$1$1.invokeSuspend(MainWindowTest.kt:90)
	at goos.ui.swing.MainWindowTest$1$1.invoke(MainWindowTest.kt)
	at goos.ui.swing.MainWindowTest$1$1.invoke(MainWindowTest.kt)
	at io.kotest.core.TestConfiguration$beforeTest$1.beforeTest(TestConfiguration.kt:137)
	at io.kotest.core.spec.LifecycleKt.invokeAllBeforeTestCallbacks(lifecycle.kt:76)
	at io.kotest.core.internal.TestCaseExecutor.executeActiveTest(TestCaseExecutor.kt:152)
	at io.kotest.core.internal.TestCaseExecutor.access$executeActiveTest(TestCaseExecutor.kt:57)
	at io.kotest.core.internal.TestCaseExecutor$intercept$innerExecute$1$1.invokeSuspend(TestCaseExecutor.kt:89)
	at io.kotest.core.internal.TestCaseExecutor$intercept$innerExecute$1$1.invoke(TestCaseExecutor.kt)
	at io.kotest.core.internal.TestCaseExecutor$intercept$innerExecute$1$1.invoke(TestCaseExecutor.kt)
	at io.kotest.core.internal.TestCaseExecutor.executeIfEnabled(TestCaseExecutor.kt:117)
	at io.kotest.core.internal.TestCaseExecutor.access$executeIfEnabled(TestCaseExecutor.kt:57)
	at io.kotest.core.internal.TestCaseExecutor$intercept$innerExecute$1.invokeSuspend(TestCaseExecutor.kt:89)
	at io.kotest.core.internal.TestCaseExecutor$intercept$innerExecute$1.invoke(TestCaseExecutor.kt)
	at io.kotest.core.internal.TestCaseExecutor$intercept$innerExecute$1.invoke(TestCaseExecutor.kt)
	at io.kotest.core.internal.TestCaseExecutor.intercept(TestCaseExecutor.kt:103)
	at io.kotest.core.internal.TestCaseExecutor.execute(TestCaseExecutor.kt:69)
	at io.kotest.engine.spec.runners.SingleInstanceSpecRunner.runTest(SingleInstanceSpecRunner.kt:104)
	at io.kotest.engine.spec.runners.SingleInstanceSpecRunner.access$runTest(SingleInstanceSpecRunner.kt:34)
	at io.kotest.engine.spec.runners.SingleInstanceSpecRunner$execute$interceptAndRun$2$4.invokeSuspend(SingleInstanceSpecRunner.kt:57)
	at io.kotest.engine.spec.runners.SingleInstanceSpecRunner$execute$interceptAndRun$2$4.invoke(SingleInstanceSpecRunner.kt)
	at io.kotest.engine.spec.runners.SingleInstanceSpecRunner$execute$interceptAndRun$2$4.invoke(SingleInstanceSpecRunner.kt)
	at io.kotest.engine.launchers.SequentialTestLauncher$launch$3$1$1.invokeSuspend(SequentialTestLauncher.kt:22)
	at kotlin.coroutines.jvm.internal.BaseContinuationImpl.resumeWith(ContinuationImpl.kt:33)
	at kotlinx.coroutines.DispatchedTask.run(DispatchedTask.kt:106)
	at java.base/java.util.concurrent.ThreadPoolExecutor.runWorker(ThreadPoolExecutor.java:1130)
	at java.base/java.util.concurrent.ThreadPoolExecutor$Worker.run(ThreadPoolExecutor.java:630)
	at java.base/java.lang.Thread.run(Thread.java:832)

Sep 24, 2021 2:23:05 AM net.sourceforge.marathon.javaagent.server.JavaServer serve
INFO: JavaServer.serve(POST /session): {
  "desiredCapabilities": {
    "browserName": "java",
    "platform": "ANY"
  },
  "capabilities": {
    "firstMatch": [
      {
        "browserName": "java"
      }
    ]
  }
}
Sep 24, 2021 2:23:05 AM net.sourceforge.marathon.javaagent.server.JavaServer createSession
INFO: Creating device with type: EVENT_QUEUE
Sep 24, 2021 2:23:05 AM net.sourceforge.marathon.javaagent.Device getDevice
INFO: Creating a EVENT_QUEUE device
Sep 24, 2021 2:23:05 AM net.sourceforge.marathon.javaagent.server.JavaServer serve
INFO: POST(/session, {"desiredCapabilities":{"browserName":"java","platform":"ANY"},"capabilities":{"firstMatch":[{"browserName":"java"}]}}) = {data=, status=REDIRECT}
Sep 24, 2021 2:23:05 AM net.sourceforge.marathon.javaagent.server.JavaServer serve
INFO: JavaServer.serve(GET /session/f959e5ee-511e-4c7c-951b-84acf3e11c4f): {}
Sep 24, 2021 2:23:05 AM net.sourceforge.marathon.javaagent.server.JavaServer serve
INFO: GET(/session/f959e5ee-511e-4c7c-951b-84acf3e11c4f) = {data={"name":"getCapabilities","sessionId":"f959e5ee-511e-4c7c-951b-84acf3e11c4f","value":{"applicationCacheEnabled":false,"rotatable":false,"loggingPrefs":{"driver":"ALL"},"handlesAlerts":false,"databaseEnabled":false,"version":"1.0","platform":"ANY","browserConnectionEnabled":false,"nativeEvents":false,"acceptSslCerts":false,"locationContextEnabled":false,"webStorageEnabled":false,"browserName":"java","takesScreenshot":true,"javascriptEnabled":true,"cssSelectorsEnabled":false},"status":0}, status=OK}
Sep 24, 2021 2:23:05 AM org.openqa.selenium.remote.ProtocolHandshake createSession
INFO: Detected dialect: OSS
Sep 24, 2021 2:23:05 AM net.sourceforge.marathon.javaagent.server.JavaServer serve
INFO: JavaServer.serve(POST /session/f959e5ee-511e-4c7c-951b-84acf3e11c4f/element): {
  "using": "css selector",
  "value": "."
}
Sep 24, 2021 2:23:05 AM net.sourceforge.marathon.javaagent.server.JavaServer serve
INFO: POST(/session/f959e5ee-511e-4c7c-951b-84acf3e11c4f/element, {"using":"css selector","value":"."}) = {data={"name":"findElement","sessionId":"f959e5ee-511e-4c7c-951b-84acf3e11c4f","value":{"ELEMENT":"d4ee4571-b82c-4dfe-b2e1-05882cbc39b4"},"status":0}, status=OK}
Sep 24, 2021 2:23:05 AM net.sourceforge.marathon.javaagent.server.JavaServer serve
INFO: JavaServer.serve(GET /session/f959e5ee-511e-4c7c-951b-84acf3e11c4f/element/d4ee4571-b82c-4dfe-b2e1-05882cbc39b4/attribute/name): {}
Sep 24, 2021 2:23:05 AM net.sourceforge.marathon.javaagent.server.JavaServer serve
INFO: GET(/session/f959e5ee-511e-4c7c-951b-84acf3e11c4f/element/d4ee4571-b82c-4dfe-b2e1-05882cbc39b4/attribute/name) = {data={"name":"getElementAttribute","sessionId":"f959e5ee-511e-4c7c-951b-84acf3e11c4f","value":"Auction Sniper Name","status":0}, status=OK}
Sep 24, 2021 2:23:05 AM net.sourceforge.marathon.javaagent.server.JavaServer serve
INFO: JavaServer.serve(POST /session/f959e5ee-511e-4c7c-951b-84acf3e11c4f/element): {
  "using": "css selector",
  "value": "."
}
Sep 24, 2021 2:23:05 AM net.sourceforge.marathon.javaagent.server.JavaServer serve
INFO: POST(/session/f959e5ee-511e-4c7c-951b-84acf3e11c4f/element, {"using":"css selector","value":"."}) = {data={"name":"findElement","sessionId":"f959e5ee-511e-4c7c-951b-84acf3e11c4f","value":{"ELEMENT":"d4ee4571-b82c-4dfe-b2e1-05882cbc39b4"},"status":0}, status=OK}
Sep 24, 2021 2:23:05 AM net.sourceforge.marathon.javaagent.server.JavaServer serve
INFO: JavaServer.serve(GET /session/f959e5ee-511e-4c7c-951b-84acf3e11c4f/element/d4ee4571-b82c-4dfe-b2e1-05882cbc39b4/displayed): {}
Sep 24, 2021 2:23:05 AM net.sourceforge.marathon.javaagent.server.JavaServer serve
INFO: GET(/session/f959e5ee-511e-4c7c-951b-84acf3e11c4f/element/d4ee4571-b82c-4dfe-b2e1-05882cbc39b4/displayed) = {data={"name":"isDisplayed","sessionId":"f959e5ee-511e-4c7c-951b-84acf3e11c4f","value":true,"status":0}, status=OK}
Sep 24, 2021 2:23:05 AM net.sourceforge.marathon.javaagent.server.JavaServer serve
INFO: JavaServer.serve(GET /session/f959e5ee-511e-4c7c-951b-84acf3e11c4f/title): {}
Sep 24, 2021 2:23:05 AM net.sourceforge.marathon.javaagent.server.JavaServer serve
INFO: GET(/session/f959e5ee-511e-4c7c-951b-84acf3e11c4f/title) = {data={"name":"getWindowTitle","sessionId":"f959e5ee-511e-4c7c-951b-84acf3e11c4f","value":"Auction Sniper","status":0}, status=OK}
Sep 24, 2021 2:23:05 AM net.sourceforge.marathon.javaagent.server.JavaServer serve
INFO: JavaServer.serve(POST /session/f959e5ee-511e-4c7c-951b-84acf3e11c4f/element): {
  "using": "name",
  "value": "snipers table"
}
Sep 24, 2021 2:23:05 AM net.sourceforge.marathon.javaagent.server.JavaServer serve
INFO: POST(/session/f959e5ee-511e-4c7c-951b-84acf3e11c4f/element, {"using":"name","value":"snipers table"}) = {data={"name":"findElement","sessionId":"f959e5ee-511e-4c7c-951b-84acf3e11c4f","value":{"ELEMENT":"a35911ad-5b8c-4530-93c4-5c4c216f42ca"},"status":0}, status=OK}
Sep 24, 2021 2:23:05 AM net.sourceforge.marathon.javaagent.server.JavaServer serve
INFO: JavaServer.serve(POST /session/f959e5ee-511e-4c7c-951b-84acf3e11c4f/element/a35911ad-5b8c-4530-93c4-5c4c216f42ca/elements): {
  "id": "a35911ad-5b8c-4530-93c4-5c4c216f42ca",
  "using": "css selector",
  "value": ".::header.::all-items"
}
Sep 24, 2021 2:23:05 AM net.sourceforge.marathon.javaagent.server.JavaServer serve
INFO: POST(/session/f959e5ee-511e-4c7c-951b-84acf3e11c4f/element/a35911ad-5b8c-4530-93c4-5c4c216f42ca/elements, {"using":"css selector","id":"a35911ad-5b8c-4530-93c4-5c4c216f42ca","value":".::header.::all-items"}) = {data={"name":"findElementsOfElement","sessionId":"f959e5ee-511e-4c7c-951b-84acf3e11c4f","value":[{"ELEMENT":"0819a601-d242-4067-a583-5fa7dc7f3a1b%23%7B%22selector%22%3A%22nth-item%22%2C%22parameters%22%3A%5B1%5D%7D"},{"ELEMENT":"0819a601-d242-4067-a583-5fa7dc7f3a1b%23%7B%22selector%22%3A%22nth-item%22%2C%22parameters%22%3A%5B2%5D%7D"},{"ELEMENT":"0819a601-d242-4067-a583-5fa7dc7f3a1b%23%7B%22selector%22%3A%22nth-item%22%2C%22parameters%22%3A%5B3%5D%7D"},{"ELEMENT":"0819a601-d242-4067-a583-5fa7dc7f3a1b%23%7B%22selector%22%3A%22nth-item%22%2C%22parameters%22%3A%5B4%5D%7D"}],"status":0}, status=OK}
Sep 24, 2021 2:23:05 AM net.sourceforge.marathon.javaagent.server.JavaServer serve
INFO: JavaServer.serve(GET /session/f959e5ee-511e-4c7c-951b-84acf3e11c4f/element/0819a601-d242-4067-a583-5fa7dc7f3a1b%23%7B%22selector%22%3A%22nth-item%22%2C%22parameters%22%3A%5B1%5D%7D/text): {}
Sep 24, 2021 2:23:05 AM net.sourceforge.marathon.javaagent.server.JavaServer serve
INFO: GET(/session/f959e5ee-511e-4c7c-951b-84acf3e11c4f/element/0819a601-d242-4067-a583-5fa7dc7f3a1b%23%7B%22selector%22%3A%22nth-item%22%2C%22parameters%22%3A%5B1%5D%7D/text) = {data={"name":"getElementText","sessionId":"f959e5ee-511e-4c7c-951b-84acf3e11c4f","value":"Item","status":0}, status=OK}
Sep 24, 2021 2:23:05 AM net.sourceforge.marathon.javaagent.server.JavaServer serve
INFO: JavaServer.serve(GET /session/f959e5ee-511e-4c7c-951b-84acf3e11c4f/element/0819a601-d242-4067-a583-5fa7dc7f3a1b%23%7B%22selector%22%3A%22nth-item%22%2C%22parameters%22%3A%5B2%5D%7D/text): {}
Sep 24, 2021 2:23:05 AM net.sourceforge.marathon.javaagent.server.JavaServer serve
INFO: GET(/session/f959e5ee-511e-4c7c-951b-84acf3e11c4f/element/0819a601-d242-4067-a583-5fa7dc7f3a1b%23%7B%22selector%22%3A%22nth-item%22%2C%22parameters%22%3A%5B2%5D%7D/text) = {data={"name":"getElementText","sessionId":"f959e5ee-511e-4c7c-951b-84acf3e11c4f","value":"Last Price","status":0}, status=OK}
Sep 24, 2021 2:23:05 AM net.sourceforge.marathon.javaagent.server.JavaServer serve
INFO: JavaServer.serve(GET /session/f959e5ee-511e-4c7c-951b-84acf3e11c4f/element/0819a601-d242-4067-a583-5fa7dc7f3a1b%23%7B%22selector%22%3A%22nth-item%22%2C%22parameters%22%3A%5B3%5D%7D/text): {}
Sep 24, 2021 2:23:05 AM net.sourceforge.marathon.javaagent.server.JavaServer serve
INFO: GET(/session/f959e5ee-511e-4c7c-951b-84acf3e11c4f/element/0819a601-d242-4067-a583-5fa7dc7f3a1b%23%7B%22selector%22%3A%22nth-item%22%2C%22parameters%22%3A%5B3%5D%7D/text) = {data={"name":"getElementText","sessionId":"f959e5ee-511e-4c7c-951b-84acf3e11c4f","value":"Last Bid","status":0}, status=OK}
Sep 24, 2021 2:23:05 AM net.sourceforge.marathon.javaagent.server.JavaServer serve
INFO: JavaServer.serve(GET /session/f959e5ee-511e-4c7c-951b-84acf3e11c4f/element/0819a601-d242-4067-a583-5fa7dc7f3a1b%23%7B%22selector%22%3A%22nth-item%22%2C%22parameters%22%3A%5B4%5D%7D/text): {}
Sep 24, 2021 2:23:06 AM net.sourceforge.marathon.javaagent.server.JavaServer serve
INFO: GET(/session/f959e5ee-511e-4c7c-951b-84acf3e11c4f/element/0819a601-d242-4067-a583-5fa7dc7f3a1b%23%7B%22selector%22%3A%22nth-item%22%2C%22parameters%22%3A%5B4%5D%7D/text) = {data={"name":"getElementText","sessionId":"f959e5ee-511e-4c7c-951b-84acf3e11c4f","value":"State","status":0}, status=OK}
Sep 24, 2021 2:23:06 AM net.sourceforge.marathon.javaagent.server.JavaServer serve
INFO: JavaServer.serve(DELETE /session/f959e5ee-511e-4c7c-951b-84acf3e11c4f/window): {}
Sep 24, 2021 2:23:06 AM net.sourceforge.marathon.javaagent.server.JavaServer serve
INFO: DELETE(/session/f959e5ee-511e-4c7c-951b-84acf3e11c4f/window) = {data={"name":"closeSession","sessionId":"f959e5ee-511e-4c7c-951b-84acf3e11c4f","status":0}, status=OK}
Sep 24, 2021 2:23:06 AM net.sourceforge.marathon.javaagent.server.JavaServer serve
INFO: JavaServer.serve(POST /session): {
  "desiredCapabilities": {
    "browserName": "java",
    "platform": "ANY"
  },
  "capabilities": {
    "firstMatch": [
      {
        "browserName": "java"
      }
    ]
  }
}
Sep 24, 2021 2:23:06 AM net.sourceforge.marathon.javaagent.server.JavaServer createSession
INFO: Creating device with type: EVENT_QUEUE
Sep 24, 2021 2:23:06 AM net.sourceforge.marathon.javaagent.Device getDevice
INFO: Creating a EVENT_QUEUE device
Sep 24, 2021 2:23:06 AM net.sourceforge.marathon.javaagent.server.JavaServer serve
INFO: POST(/session, {"desiredCapabilities":{"browserName":"java","platform":"ANY"},"capabilities":{"firstMatch":[{"browserName":"java"}]}}) = {data=, status=REDIRECT}
Sep 24, 2021 2:23:06 AM net.sourceforge.marathon.javaagent.server.JavaServer serve
INFO: JavaServer.serve(GET /session/ae30358c-9c9b-440e-a1cc-cc7f9816f4a9): {}
Sep 24, 2021 2:23:06 AM net.sourceforge.marathon.javaagent.server.JavaServer serve
INFO: GET(/session/ae30358c-9c9b-440e-a1cc-cc7f9816f4a9) = {data={"name":"getCapabilities","sessionId":"ae30358c-9c9b-440e-a1cc-cc7f9816f4a9","value":{"applicationCacheEnabled":false,"rotatable":false,"loggingPrefs":{"driver":"ALL"},"handlesAlerts":false,"databaseEnabled":false,"version":"1.0","platform":"ANY","browserConnectionEnabled":false,"nativeEvents":false,"acceptSslCerts":false,"locationContextEnabled":false,"webStorageEnabled":false,"browserName":"java","takesScreenshot":true,"javascriptEnabled":true,"cssSelectorsEnabled":false},"status":0}, status=OK}
Sep 24, 2021 2:23:06 AM org.openqa.selenium.remote.ProtocolHandshake createSession
INFO: Detected dialect: OSS
Sep 24, 2021 2:23:06 AM net.sourceforge.marathon.javaagent.server.JavaServer serve
INFO: JavaServer.serve(POST /session/ae30358c-9c9b-440e-a1cc-cc7f9816f4a9/element): {
  "using": "name",
  "value": "new item id field"
}
Sep 24, 2021 2:23:06 AM net.sourceforge.marathon.javaagent.server.JavaServer serve
INFO: POST(/session/ae30358c-9c9b-440e-a1cc-cc7f9816f4a9/element, {"using":"name","value":"new item id field"}) = {data={"name":"findElement","sessionId":"ae30358c-9c9b-440e-a1cc-cc7f9816f4a9","value":{"ELEMENT":"4d0f917a-b1f6-49af-8b85-be30076f806b"},"status":0}, status=OK}
Sep 24, 2021 2:23:06 AM net.sourceforge.marathon.javaagent.server.JavaServer serve
INFO: JavaServer.serve(POST /session/ae30358c-9c9b-440e-a1cc-cc7f9816f4a9/element/4d0f917a-b1f6-49af-8b85-be30076f806b/clear): {
  "id": "4d0f917a-b1f6-49af-8b85-be30076f806b"
}
Sep 24, 2021 2:23:06 AM net.sourceforge.marathon.javaagent.server.JavaServer serve
INFO: POST(/session/ae30358c-9c9b-440e-a1cc-cc7f9816f4a9/element/4d0f917a-b1f6-49af-8b85-be30076f806b/clear, {"id":"4d0f917a-b1f6-49af-8b85-be30076f806b"}) = {data={"name":"clearElement","sessionId":"ae30358c-9c9b-440e-a1cc-cc7f9816f4a9","status":0}, status=OK}
Sep 24, 2021 2:23:06 AM net.sourceforge.marathon.javaagent.server.JavaServer serve
INFO: JavaServer.serve(POST /session/ae30358c-9c9b-440e-a1cc-cc7f9816f4a9/element/4d0f917a-b1f6-49af-8b85-be30076f806b/value): {
  "id": "4d0f917a-b1f6-49af-8b85-be30076f806b",
  "value": [
    "an item-id"
  ]
}
Sep 24, 2021 2:23:06 AM net.sourceforge.marathon.javaagent.EventQueueDevice dispatchEvent
INFO: java.awt.event.KeyEvent[KEY_PRESSED,keyCode=65,keyText=A,keyChar='a',keyLocation=KEY_LOCATION_UNKNOWN,rawCode=0,primaryLevelUnicode=0,scancode=0,extendedKeyCode=0x0] on new item id field
Sep 24, 2021 2:23:06 AM net.sourceforge.marathon.javaagent.EventQueueDevice dispatchEvent
INFO: java.awt.event.KeyEvent[KEY_TYPED,keyCode=0,keyText=Unknown keyCode: 0x0,keyChar='a',keyLocation=KEY_LOCATION_UNKNOWN,rawCode=0,primaryLevelUnicode=0,scancode=0,extendedKeyCode=0x0] on new item id field
Sep 24, 2021 2:23:06 AM net.sourceforge.marathon.javaagent.EventQueueDevice dispatchEvent
INFO: java.awt.event.KeyEvent[KEY_RELEASED,keyCode=65,keyText=A,keyChar='a',keyLocation=KEY_LOCATION_UNKNOWN,rawCode=0,primaryLevelUnicode=0,scancode=0,extendedKeyCode=0x0] on new item id field
Sep 24, 2021 2:23:06 AM net.sourceforge.marathon.javaagent.EventQueueDevice dispatchEvent
INFO: java.awt.event.KeyEvent[KEY_PRESSED,keyCode=78,keyText=N,keyChar='n',keyLocation=KEY_LOCATION_UNKNOWN,rawCode=0,primaryLevelUnicode=0,scancode=0,extendedKeyCode=0x0] on new item id field
Sep 24, 2021 2:23:06 AM net.sourceforge.marathon.javaagent.EventQueueDevice dispatchEvent
INFO: java.awt.event.KeyEvent[KEY_TYPED,keyCode=0,keyText=Unknown keyCode: 0x0,keyChar='n',keyLocation=KEY_LOCATION_UNKNOWN,rawCode=0,primaryLevelUnicode=0,scancode=0,extendedKeyCode=0x0] on new item id field
Sep 24, 2021 2:23:06 AM net.sourceforge.marathon.javaagent.EventQueueDevice dispatchEvent
INFO: java.awt.event.KeyEvent[KEY_RELEASED,keyCode=78,keyText=N,keyChar='n',keyLocation=KEY_LOCATION_UNKNOWN,rawCode=0,primaryLevelUnicode=0,scancode=0,extendedKeyCode=0x0] on new item id field
Sep 24, 2021 2:23:06 AM net.sourceforge.marathon.javaagent.EventQueueDevice dispatchEvent
INFO: java.awt.event.KeyEvent[KEY_PRESSED,keyCode=16,keyText=Shift,keyChar=Undefined keyChar,modifiers=Shift,extModifiers=Shift,keyLocation=KEY_LOCATION_UNKNOWN,rawCode=0,primaryLevelUnicode=0,scancode=0,extendedKeyCode=0x0] on new item id field
Sep 24, 2021 2:23:06 AM net.sourceforge.marathon.javaagent.EventQueueDevice dispatchEvent
INFO: java.awt.event.KeyEvent[KEY_PRESSED,keyCode=32,keyText=Space,keyChar=' ',modifiers=Shift,extModifiers=Shift,keyLocation=KEY_LOCATION_UNKNOWN,rawCode=0,primaryLevelUnicode=0,scancode=0,extendedKeyCode=0x0] on new item id field
Sep 24, 2021 2:23:06 AM net.sourceforge.marathon.javaagent.EventQueueDevice dispatchEvent
INFO: java.awt.event.KeyEvent[KEY_TYPED,keyCode=0,keyText=Unknown keyCode: 0x0,keyChar=' ',modifiers=Shift,extModifiers=Shift,keyLocation=KEY_LOCATION_UNKNOWN,rawCode=0,primaryLevelUnicode=0,scancode=0,extendedKeyCode=0x0] on new item id field
Sep 24, 2021 2:23:06 AM net.sourceforge.marathon.javaagent.EventQueueDevice dispatchEvent
INFO: java.awt.event.KeyEvent[KEY_RELEASED,keyCode=32,keyText=Space,keyChar=' ',modifiers=Shift,extModifiers=Shift,keyLocation=KEY_LOCATION_UNKNOWN,rawCode=0,primaryLevelUnicode=0,scancode=0,extendedKeyCode=0x0] on new item id field
Sep 24, 2021 2:23:06 AM net.sourceforge.marathon.javaagent.EventQueueDevice dispatchEvent
INFO: java.awt.event.KeyEvent[KEY_RELEASED,keyCode=16,keyText=Shift,keyChar=Undefined keyChar,keyLocation=KEY_LOCATION_UNKNOWN,rawCode=0,primaryLevelUnicode=0,scancode=0,extendedKeyCode=0x0] on new item id field
Sep 24, 2021 2:23:06 AM net.sourceforge.marathon.javaagent.EventQueueDevice dispatchEvent
INFO: java.awt.event.KeyEvent[KEY_PRESSED,keyCode=73,keyText=I,keyChar='i',keyLocation=KEY_LOCATION_UNKNOWN,rawCode=0,primaryLevelUnicode=0,scancode=0,extendedKeyCode=0x0] on new item id field
Sep 24, 2021 2:23:06 AM net.sourceforge.marathon.javaagent.EventQueueDevice dispatchEvent
INFO: java.awt.event.KeyEvent[KEY_TYPED,keyCode=0,keyText=Unknown keyCode: 0x0,keyChar='i',keyLocation=KEY_LOCATION_UNKNOWN,rawCode=0,primaryLevelUnicode=0,scancode=0,extendedKeyCode=0x0] on new item id field
Sep 24, 2021 2:23:06 AM net.sourceforge.marathon.javaagent.EventQueueDevice dispatchEvent
INFO: java.awt.event.KeyEvent[KEY_RELEASED,keyCode=73,keyText=I,keyChar='i',keyLocation=KEY_LOCATION_UNKNOWN,rawCode=0,primaryLevelUnicode=0,scancode=0,extendedKeyCode=0x0] on new item id field
Sep 24, 2021 2:23:06 AM net.sourceforge.marathon.javaagent.EventQueueDevice dispatchEvent
INFO: java.awt.event.KeyEvent[KEY_PRESSED,keyCode=84,keyText=T,keyChar='t',keyLocation=KEY_LOCATION_UNKNOWN,rawCode=0,primaryLevelUnicode=0,scancode=0,extendedKeyCode=0x0] on new item id field
Sep 24, 2021 2:23:06 AM net.sourceforge.marathon.javaagent.EventQueueDevice dispatchEvent
INFO: java.awt.event.KeyEvent[KEY_TYPED,keyCode=0,keyText=Unknown keyCode: 0x0,keyChar='t',keyLocation=KEY_LOCATION_UNKNOWN,rawCode=0,primaryLevelUnicode=0,scancode=0,extendedKeyCode=0x0] on new item id field
Sep 24, 2021 2:23:06 AM net.sourceforge.marathon.javaagent.EventQueueDevice dispatchEvent
INFO: java.awt.event.KeyEvent[KEY_RELEASED,keyCode=84,keyText=T,keyChar='t',keyLocation=KEY_LOCATION_UNKNOWN,rawCode=0,primaryLevelUnicode=0,scancode=0,extendedKeyCode=0x0] on new item id field
Sep 24, 2021 2:23:06 AM net.sourceforge.marathon.javaagent.EventQueueDevice dispatchEvent
INFO: java.awt.event.KeyEvent[KEY_PRESSED,keyCode=69,keyText=E,keyChar='e',keyLocation=KEY_LOCATION_UNKNOWN,rawCode=0,primaryLevelUnicode=0,scancode=0,extendedKeyCode=0x0] on new item id field
Sep 24, 2021 2:23:06 AM net.sourceforge.marathon.javaagent.EventQueueDevice dispatchEvent
INFO: java.awt.event.KeyEvent[KEY_TYPED,keyCode=0,keyText=Unknown keyCode: 0x0,keyChar='e',keyLocation=KEY_LOCATION_UNKNOWN,rawCode=0,primaryLevelUnicode=0,scancode=0,extendedKeyCode=0x0] on new item id field
Sep 24, 2021 2:23:06 AM net.sourceforge.marathon.javaagent.EventQueueDevice dispatchEvent
INFO: java.awt.event.KeyEvent[KEY_RELEASED,keyCode=69,keyText=E,keyChar='e',keyLocation=KEY_LOCATION_UNKNOWN,rawCode=0,primaryLevelUnicode=0,scancode=0,extendedKeyCode=0x0] on new item id field
Sep 24, 2021 2:23:06 AM net.sourceforge.marathon.javaagent.EventQueueDevice dispatchEvent
INFO: java.awt.event.KeyEvent[KEY_PRESSED,keyCode=77,keyText=M,keyChar='m',keyLocation=KEY_LOCATION_UNKNOWN,rawCode=0,primaryLevelUnicode=0,scancode=0,extendedKeyCode=0x0] on new item id field
Sep 24, 2021 2:23:06 AM net.sourceforge.marathon.javaagent.EventQueueDevice dispatchEvent
INFO: java.awt.event.KeyEvent[KEY_TYPED,keyCode=0,keyText=Unknown keyCode: 0x0,keyChar='m',keyLocation=KEY_LOCATION_UNKNOWN,rawCode=0,primaryLevelUnicode=0,scancode=0,extendedKeyCode=0x0] on new item id field
Sep 24, 2021 2:23:06 AM net.sourceforge.marathon.javaagent.EventQueueDevice dispatchEvent
INFO: java.awt.event.KeyEvent[KEY_RELEASED,keyCode=77,keyText=M,keyChar='m',keyLocation=KEY_LOCATION_UNKNOWN,rawCode=0,primaryLevelUnicode=0,scancode=0,extendedKeyCode=0x0] on new item id field
Sep 24, 2021 2:23:06 AM net.sourceforge.marathon.javaagent.EventQueueDevice dispatchEvent
INFO: java.awt.event.KeyEvent[KEY_PRESSED,keyCode=45,keyText=Minus,keyChar='-',keyLocation=KEY_LOCATION_UNKNOWN,rawCode=0,primaryLevelUnicode=0,scancode=0,extendedKeyCode=0x0] on new item id field
Sep 24, 2021 2:23:06 AM net.sourceforge.marathon.javaagent.EventQueueDevice dispatchEvent
INFO: java.awt.event.KeyEvent[KEY_TYPED,keyCode=0,keyText=Unknown keyCode: 0x0,keyChar='-',keyLocation=KEY_LOCATION_UNKNOWN,rawCode=0,primaryLevelUnicode=0,scancode=0,extendedKeyCode=0x0] on new item id field
Sep 24, 2021 2:23:06 AM net.sourceforge.marathon.javaagent.EventQueueDevice dispatchEvent
INFO: java.awt.event.KeyEvent[KEY_RELEASED,keyCode=45,keyText=Minus,keyChar='-',keyLocation=KEY_LOCATION_UNKNOWN,rawCode=0,primaryLevelUnicode=0,scancode=0,extendedKeyCode=0x0] on new item id field
Sep 24, 2021 2:23:06 AM net.sourceforge.marathon.javaagent.EventQueueDevice dispatchEvent
INFO: java.awt.event.KeyEvent[KEY_PRESSED,keyCode=73,keyText=I,keyChar='i',keyLocation=KEY_LOCATION_UNKNOWN,rawCode=0,primaryLevelUnicode=0,scancode=0,extendedKeyCode=0x0] on new item id field
Sep 24, 2021 2:23:06 AM net.sourceforge.marathon.javaagent.EventQueueDevice dispatchEvent
INFO: java.awt.event.KeyEvent[KEY_TYPED,keyCode=0,keyText=Unknown keyCode: 0x0,keyChar='i',keyLocation=KEY_LOCATION_UNKNOWN,rawCode=0,primaryLevelUnicode=0,scancode=0,extendedKeyCode=0x0] on new item id field
Sep 24, 2021 2:23:06 AM net.sourceforge.marathon.javaagent.EventQueueDevice dispatchEvent
INFO: java.awt.event.KeyEvent[KEY_RELEASED,keyCode=73,keyText=I,keyChar='i',keyLocation=KEY_LOCATION_UNKNOWN,rawCode=0,primaryLevelUnicode=0,scancode=0,extendedKeyCode=0x0] on new item id field
Sep 24, 2021 2:23:06 AM net.sourceforge.marathon.javaagent.EventQueueDevice dispatchEvent
INFO: java.awt.event.KeyEvent[KEY_PRESSED,keyCode=68,keyText=D,keyChar='d',keyLocation=KEY_LOCATION_UNKNOWN,rawCode=0,primaryLevelUnicode=0,scancode=0,extendedKeyCode=0x0] on new item id field
Sep 24, 2021 2:23:06 AM net.sourceforge.marathon.javaagent.EventQueueDevice dispatchEvent
INFO: java.awt.event.KeyEvent[KEY_TYPED,keyCode=0,keyText=Unknown keyCode: 0x0,keyChar='d',keyLocation=KEY_LOCATION_UNKNOWN,rawCode=0,primaryLevelUnicode=0,scancode=0,extendedKeyCode=0x0] on new item id field
Sep 24, 2021 2:23:06 AM net.sourceforge.marathon.javaagent.EventQueueDevice dispatchEvent
INFO: java.awt.event.KeyEvent[KEY_RELEASED,keyCode=68,keyText=D,keyChar='d',keyLocation=KEY_LOCATION_UNKNOWN,rawCode=0,primaryLevelUnicode=0,scancode=0,extendedKeyCode=0x0] on new item id field
Sep 24, 2021 2:23:06 AM net.sourceforge.marathon.javaagent.server.JavaServer serve
INFO: POST(/session/ae30358c-9c9b-440e-a1cc-cc7f9816f4a9/element/4d0f917a-b1f6-49af-8b85-be30076f806b/value, {"id":"4d0f917a-b1f6-49af-8b85-be30076f806b","value":["an item-id"]}) = {data={"name":"sendKeysElement","sessionId":"ae30358c-9c9b-440e-a1cc-cc7f9816f4a9","status":0}, status=OK}
Sep 24, 2021 2:23:06 AM net.sourceforge.marathon.javaagent.server.JavaServer serve
INFO: JavaServer.serve(POST /session/ae30358c-9c9b-440e-a1cc-cc7f9816f4a9/element): {
  "using": "name",
  "value": "new item stop price field"
}
Sep 24, 2021 2:23:06 AM net.sourceforge.marathon.javaagent.server.JavaServer serve
INFO: POST(/session/ae30358c-9c9b-440e-a1cc-cc7f9816f4a9/element, {"using":"name","value":"new item stop price field"}) = {data={"name":"findElement","sessionId":"ae30358c-9c9b-440e-a1cc-cc7f9816f4a9","value":{"ELEMENT":"ebf484e1-d5aa-467e-9417-5155c7179b2d"},"status":0}, status=OK}
Sep 24, 2021 2:23:06 AM net.sourceforge.marathon.javaagent.server.JavaServer serve
INFO: JavaServer.serve(POST /session/ae30358c-9c9b-440e-a1cc-cc7f9816f4a9/element/ebf484e1-d5aa-467e-9417-5155c7179b2d/clear): {
  "id": "ebf484e1-d5aa-467e-9417-5155c7179b2d"
}
Sep 24, 2021 2:23:06 AM net.sourceforge.marathon.javaagent.server.JavaServer serve
INFO: POST(/session/ae30358c-9c9b-440e-a1cc-cc7f9816f4a9/element/ebf484e1-d5aa-467e-9417-5155c7179b2d/clear, {"id":"ebf484e1-d5aa-467e-9417-5155c7179b2d"}) = {data={"name":"clearElement","sessionId":"ae30358c-9c9b-440e-a1cc-cc7f9816f4a9","status":0}, status=OK}
Sep 24, 2021 2:23:06 AM net.sourceforge.marathon.javaagent.server.JavaServer serve
INFO: JavaServer.serve(POST /session/ae30358c-9c9b-440e-a1cc-cc7f9816f4a9/element/ebf484e1-d5aa-467e-9417-5155c7179b2d/value): {
  "id": "ebf484e1-d5aa-467e-9417-5155c7179b2d",
  "value": [
    "11000"
  ]
}
Sep 24, 2021 2:23:06 AM net.sourceforge.marathon.javaagent.EventQueueDevice dispatchEvent
INFO: java.awt.event.KeyEvent[KEY_PRESSED,keyCode=49,keyText=1,keyChar='1',keyLocation=KEY_LOCATION_UNKNOWN,rawCode=0,primaryLevelUnicode=0,scancode=0,extendedKeyCode=0x0] on new item stop price field
Sep 24, 2021 2:23:06 AM net.sourceforge.marathon.javaagent.EventQueueDevice dispatchEvent
INFO: java.awt.event.KeyEvent[KEY_TYPED,keyCode=0,keyText=Unknown keyCode: 0x0,keyChar='1',keyLocation=KEY_LOCATION_UNKNOWN,rawCode=0,primaryLevelUnicode=0,scancode=0,extendedKeyCode=0x0] on new item stop price field
Sep 24, 2021 2:23:06 AM net.sourceforge.marathon.javaagent.EventQueueDevice dispatchEvent
INFO: java.awt.event.KeyEvent[KEY_RELEASED,keyCode=49,keyText=1,keyChar='1',keyLocation=KEY_LOCATION_UNKNOWN,rawCode=0,primaryLevelUnicode=0,scancode=0,extendedKeyCode=0x0] on new item stop price field
Sep 24, 2021 2:23:06 AM net.sourceforge.marathon.javaagent.EventQueueDevice dispatchEvent
INFO: java.awt.event.KeyEvent[KEY_PRESSED,keyCode=49,keyText=1,keyChar='1',keyLocation=KEY_LOCATION_UNKNOWN,rawCode=0,primaryLevelUnicode=0,scancode=0,extendedKeyCode=0x0] on new item stop price field
Sep 24, 2021 2:23:06 AM net.sourceforge.marathon.javaagent.EventQueueDevice dispatchEvent
INFO: java.awt.event.KeyEvent[KEY_TYPED,keyCode=0,keyText=Unknown keyCode: 0x0,keyChar='1',keyLocation=KEY_LOCATION_UNKNOWN,rawCode=0,primaryLevelUnicode=0,scancode=0,extendedKeyCode=0x0] on new item stop price field
Sep 24, 2021 2:23:06 AM net.sourceforge.marathon.javaagent.EventQueueDevice dispatchEvent
INFO: java.awt.event.KeyEvent[KEY_RELEASED,keyCode=49,keyText=1,keyChar='1',keyLocation=KEY_LOCATION_UNKNOWN,rawCode=0,primaryLevelUnicode=0,scancode=0,extendedKeyCode=0x0] on new item stop price field
Sep 24, 2021 2:23:06 AM net.sourceforge.marathon.javaagent.EventQueueDevice dispatchEvent
INFO: java.awt.event.KeyEvent[KEY_PRESSED,keyCode=48,keyText=0,keyChar='0',keyLocation=KEY_LOCATION_UNKNOWN,rawCode=0,primaryLevelUnicode=0,scancode=0,extendedKeyCode=0x0] on new item stop price field
Sep 24, 2021 2:23:06 AM net.sourceforge.marathon.javaagent.EventQueueDevice dispatchEvent
INFO: java.awt.event.KeyEvent[KEY_TYPED,keyCode=0,keyText=Unknown keyCode: 0x0,keyChar='0',keyLocation=KEY_LOCATION_UNKNOWN,rawCode=0,primaryLevelUnicode=0,scancode=0,extendedKeyCode=0x0] on new item stop price field
Sep 24, 2021 2:23:06 AM net.sourceforge.marathon.javaagent.EventQueueDevice dispatchEvent
INFO: java.awt.event.KeyEvent[KEY_RELEASED,keyCode=48,keyText=0,keyChar='0',keyLocation=KEY_LOCATION_UNKNOWN,rawCode=0,primaryLevelUnicode=0,scancode=0,extendedKeyCode=0x0] on new item stop price field
Sep 24, 2021 2:23:06 AM net.sourceforge.marathon.javaagent.EventQueueDevice dispatchEvent
INFO: java.awt.event.KeyEvent[KEY_PRESSED,keyCode=48,keyText=0,keyChar='0',keyLocation=KEY_LOCATION_UNKNOWN,rawCode=0,primaryLevelUnicode=0,scancode=0,extendedKeyCode=0x0] on new item stop price field
Sep 24, 2021 2:23:06 AM net.sourceforge.marathon.javaagent.EventQueueDevice dispatchEvent
INFO: java.awt.event.KeyEvent[KEY_TYPED,keyCode=0,keyText=Unknown keyCode: 0x0,keyChar='0',keyLocation=KEY_LOCATION_UNKNOWN,rawCode=0,primaryLevelUnicode=0,scancode=0,extendedKeyCode=0x0] on new item stop price field
Sep 24, 2021 2:23:06 AM net.sourceforge.marathon.javaagent.EventQueueDevice dispatchEvent
INFO: java.awt.event.KeyEvent[KEY_RELEASED,keyCode=48,keyText=0,keyChar='0',keyLocation=KEY_LOCATION_UNKNOWN,rawCode=0,primaryLevelUnicode=0,scancode=0,extendedKeyCode=0x0] on new item stop price field
Sep 24, 2021 2:23:06 AM net.sourceforge.marathon.javaagent.EventQueueDevice dispatchEvent
INFO: java.awt.event.KeyEvent[KEY_PRESSED,keyCode=48,keyText=0,keyChar='0',keyLocation=KEY_LOCATION_UNKNOWN,rawCode=0,primaryLevelUnicode=0,scancode=0,extendedKeyCode=0x0] on new item stop price field
Sep 24, 2021 2:23:06 AM net.sourceforge.marathon.javaagent.EventQueueDevice dispatchEvent
INFO: java.awt.event.KeyEvent[KEY_TYPED,keyCode=0,keyText=Unknown keyCode: 0x0,keyChar='0',keyLocation=KEY_LOCATION_UNKNOWN,rawCode=0,primaryLevelUnicode=0,scancode=0,extendedKeyCode=0x0] on new item stop price field
Sep 24, 2021 2:23:06 AM net.sourceforge.marathon.javaagent.EventQueueDevice dispatchEvent
INFO: java.awt.event.KeyEvent[KEY_RELEASED,keyCode=48,keyText=0,keyChar='0',keyLocation=KEY_LOCATION_UNKNOWN,rawCode=0,primaryLevelUnicode=0,scancode=0,extendedKeyCode=0x0] on new item stop price field
Sep 24, 2021 2:23:06 AM net.sourceforge.marathon.javaagent.server.JavaServer serve
INFO: POST(/session/ae30358c-9c9b-440e-a1cc-cc7f9816f4a9/element/ebf484e1-d5aa-467e-9417-5155c7179b2d/value, {"id":"ebf484e1-d5aa-467e-9417-5155c7179b2d","value":["11000"]}) = {data={"name":"sendKeysElement","sessionId":"ae30358c-9c9b-440e-a1cc-cc7f9816f4a9","status":0}, status=OK}
Sep 24, 2021 2:23:06 AM net.sourceforge.marathon.javaagent.server.JavaServer serve
INFO: JavaServer.serve(POST /session/ae30358c-9c9b-440e-a1cc-cc7f9816f4a9/element): {
  "using": "name",
  "value": "join button"
}
Sep 24, 2021 2:23:06 AM net.sourceforge.marathon.javaagent.server.JavaServer serve
INFO: POST(/session/ae30358c-9c9b-440e-a1cc-cc7f9816f4a9/element, {"using":"name","value":"join button"}) = {data={"name":"findElement","sessionId":"ae30358c-9c9b-440e-a1cc-cc7f9816f4a9","value":{"ELEMENT":"7ec8964b-ef15-4cff-a5fa-2aac352e2562"},"status":0}, status=OK}
Sep 24, 2021 2:23:06 AM net.sourceforge.marathon.javaagent.server.JavaServer serve
INFO: JavaServer.serve(POST /session/ae30358c-9c9b-440e-a1cc-cc7f9816f4a9/element/7ec8964b-ef15-4cff-a5fa-2aac352e2562/click): {
  "id": "7ec8964b-ef15-4cff-a5fa-2aac352e2562"
}
Sep 24, 2021 2:23:06 AM net.sourceforge.marathon.javaagent.EventQueueDevice dispatchEvent
INFO: java.awt.event.MouseEvent[MOUSE_PRESSED,(58,12),absolute(589,17),button=1,modifiers=Button1,extModifiers=Button1,clickCount=1] on join button
Sep 24, 2021 2:23:06 AM net.sourceforge.marathon.javaagent.EventQueueDevice dispatchEvent
INFO: java.awt.event.MouseEvent[MOUSE_RELEASED,(58,12),absolute(589,17),button=1,modifiers=Button1,clickCount=1] on join button
Sep 24, 2021 2:23:06 AM net.sourceforge.marathon.javaagent.EventQueueDevice dispatchEvent
INFO: java.awt.event.MouseEvent[MOUSE_CLICKED,(58,12),absolute(589,17),button=1,modifiers=Button1,clickCount=1] on join button
Sep 24, 2021 2:23:06 AM net.sourceforge.marathon.javaagent.server.JavaServer serve
INFO: POST(/session/ae30358c-9c9b-440e-a1cc-cc7f9816f4a9/element/7ec8964b-ef15-4cff-a5fa-2aac352e2562/click, {"id":"7ec8964b-ef15-4cff-a5fa-2aac352e2562"}) = {data={"name":"clickElement","sessionId":"ae30358c-9c9b-440e-a1cc-cc7f9816f4a9","status":0}, status=OK}
Sep 24, 2021 2:23:06 AM net.sourceforge.marathon.javaagent.server.JavaServer serve
INFO: JavaServer.serve(DELETE /session/ae30358c-9c9b-440e-a1cc-cc7f9816f4a9/window): {}
Sep 24, 2021 2:23:06 AM net.sourceforge.marathon.javaagent.server.JavaServer serve
INFO: DELETE(/session/ae30358c-9c9b-440e-a1cc-cc7f9816f4a9/window) = {data={"name":"closeSession","sessionId":"ae30358c-9c9b-440e-a1cc-cc7f9816f4a9","status":0}, status=OK}
Sep 24, 2021 2:23:06 AM net.sourceforge.marathon.javaagent.server.JavaServer serve
INFO: JavaServer.serve(POST /session): {
  "desiredCapabilities": {
    "browserName": "java",
    "platform": "ANY"
  },
  "capabilities": {
    "firstMatch": [
      {
        "browserName": "java"
      }
    ]
  }
}
Sep 24, 2021 2:23:06 AM net.sourceforge.marathon.javaagent.server.JavaServer createSession
INFO: Creating device with type: EVENT_QUEUE
Sep 24, 2021 2:23:06 AM net.sourceforge.marathon.javaagent.Device getDevice
INFO: Creating a EVENT_QUEUE device
Sep 24, 2021 2:23:06 AM net.sourceforge.marathon.javaagent.server.JavaServer serve
INFO: POST(/session, {"desiredCapabilities":{"browserName":"java","platform":"ANY"},"capabilities":{"firstMatch":[{"browserName":"java"}]}}) = {data=, status=REDIRECT}
Sep 24, 2021 2:23:06 AM net.sourceforge.marathon.javaagent.server.JavaServer serve
INFO: JavaServer.serve(GET /session/5cab3026-6e9c-4060-ba89-9bf7ed9e28b6): {}
Sep 24, 2021 2:23:06 AM net.sourceforge.marathon.javaagent.server.JavaServer serve
INFO: GET(/session/5cab3026-6e9c-4060-ba89-9bf7ed9e28b6) = {data={"name":"getCapabilities","sessionId":"5cab3026-6e9c-4060-ba89-9bf7ed9e28b6","value":{"applicationCacheEnabled":false,"rotatable":false,"loggingPrefs":{"driver":"ALL"},"handlesAlerts":false,"databaseEnabled":false,"version":"1.0","platform":"ANY","browserConnectionEnabled":false,"nativeEvents":false,"acceptSslCerts":false,"locationContextEnabled":false,"webStorageEnabled":false,"browserName":"java","takesScreenshot":true,"javascriptEnabled":true,"cssSelectorsEnabled":false},"status":0}, status=OK}
Sep 24, 2021 2:23:06 AM org.openqa.selenium.remote.ProtocolHandshake createSession
INFO: Detected dialect: OSS
Sep 24, 2021 2:23:06 AM net.sourceforge.marathon.javaagent.server.JavaServer serve
INFO: JavaServer.serve(POST /session/5cab3026-6e9c-4060-ba89-9bf7ed9e28b6/element): {
  "using": "name",
  "value": "sniper reset button"
}
Sep 24, 2021 2:23:06 AM net.sourceforge.marathon.javaagent.server.JavaServer serve
INFO: POST(/session/5cab3026-6e9c-4060-ba89-9bf7ed9e28b6/element, {"using":"name","value":"sniper reset button"}) = {data={"name":"findElement","sessionId":"5cab3026-6e9c-4060-ba89-9bf7ed9e28b6","value":{"ELEMENT":"e341a2f6-8443-4b80-83a7-aef976f2b64b"},"status":0}, status=OK}
Sep 24, 2021 2:23:06 AM net.sourceforge.marathon.javaagent.server.JavaServer serve
INFO: JavaServer.serve(POST /session/5cab3026-6e9c-4060-ba89-9bf7ed9e28b6/element/e341a2f6-8443-4b80-83a7-aef976f2b64b/click): {
  "id": "e341a2f6-8443-4b80-83a7-aef976f2b64b"
}
Sep 24, 2021 2:23:06 AM net.sourceforge.marathon.javaagent.EventQueueDevice dispatchEvent
INFO: java.awt.event.MouseEvent[MOUSE_PRESSED,(37,12),absolute(326,474),button=1,modifiers=Button1,extModifiers=Button1,clickCount=1] on sniper reset button
Sep 24, 2021 2:23:06 AM net.sourceforge.marathon.javaagent.EventQueueDevice dispatchEvent
INFO: java.awt.event.MouseEvent[MOUSE_RELEASED,(37,12),absolute(326,474),button=1,modifiers=Button1,clickCount=1] on sniper reset button
Sep 24, 2021 2:23:06 AM net.sourceforge.marathon.javaagent.EventQueueDevice dispatchEvent
INFO: java.awt.event.MouseEvent[MOUSE_CLICKED,(37,12),absolute(326,474),button=1,modifiers=Button1,clickCount=1] on sniper reset button
Sep 24, 2021 2:23:06 AM net.sourceforge.marathon.javaagent.server.JavaServer serve
INFO: POST(/session/5cab3026-6e9c-4060-ba89-9bf7ed9e28b6/element/e341a2f6-8443-4b80-83a7-aef976f2b64b/click, {"id":"e341a2f6-8443-4b80-83a7-aef976f2b64b"}) = {data={"name":"clickElement","sessionId":"5cab3026-6e9c-4060-ba89-9bf7ed9e28b6","status":0}, status=OK}
Sep 24, 2021 2:23:06 AM net.sourceforge.marathon.javaagent.server.JavaServer serve
INFO: JavaServer.serve(DELETE /session/5cab3026-6e9c-4060-ba89-9bf7ed9e28b6/window): {}
Sep 24, 2021 2:23:06 AM net.sourceforge.marathon.javaagent.server.JavaServer serve
INFO: DELETE(/session/5cab3026-6e9c-4060-ba89-9bf7ed9e28b6/window) = {data={"name":"closeSession","sessionId":"5cab3026-6e9c-4060-ba89-9bf7ed9e28b6","status":0}, status=OK}
]]></system-err>
</testsuite>
