<?xml version="1.0" encoding="UTF-8"?>
<testsuite name="goos.ui.swing.MainWindowTest" tests="3" skipped="0" failures="0" errors="0" timestamp="2021-09-25T02:24:36" hostname="buildkitsandbox" time="3.478">
  <properties/>
  <testcase name="window has expected features" classname="goos.ui.swing.MainWindowTest" time="2.626"/>
  <testcase name="make user request when join button clicked" classname="goos.ui.swing.MainWindowTest" time="0.67"/>
  <testcase name="make user request when reset button clicked" classname="goos.ui.swing.MainWindowTest" time="0.175"/>
  <system-out><![CDATA[]]></system-out>
  <system-err><![CDATA[Sep 25, 2021 2:24:36 AM io.mockk.impl.log.JULLogger warn
WARNING: Failed to transform class goos/ui/api/UserRequestListener
java.lang.IllegalArgumentException: Unsupported class file major version 59
	at net.bytebuddy.jar.asm.ClassReader.<init>(ClassReader.java:176)
	at net.bytebuddy.jar.asm.ClassReader.<init>(ClassReader.java:158)
	at net.bytebuddy.jar.asm.ClassReader.<init>(ClassReader.java:146)
	at net.bytebuddy.utility.OpenedClassReader.of(OpenedClassReader.java:69)
	at net.bytebuddy.dynamic.scaffold.TypeWriter$Default$ForInlining.create(TypeWriter.java:2877)
	at net.bytebuddy.dynamic.scaffold.TypeWriter$Default.make(TypeWriter.java:1653)
	at net.bytebuddy.dynamic.scaffold.inline.RedefinitionDynamicTypeBuilder.make(RedefinitionDynamicTypeBuilder.java:180)
	at net.bytebuddy.dynamic.scaffold.inline.AbstractInliningDynamicTypeBuilder.make(AbstractInliningDynamicTypeBuilder.java:94)
	at net.bytebuddy.dynamic.DynamicType$Builder$AbstractBase.make(DynamicType.java:2669)
	at io.mockk.proxy.jvm.transformation.InliningClassTransformer.transform(InliningClassTransformer.kt:78)
	at java.instrument/java.lang.instrument.ClassFileTransformer.transform(ClassFileTransformer.java:246)
	at java.instrument/sun.instrument.TransformerManager.transform(TransformerManager.java:188)
	at java.instrument/sun.instrument.InstrumentationImpl.transform(InstrumentationImpl.java:563)
	at java.instrument/sun.instrument.InstrumentationImpl.retransformClasses0(Native Method)
	at java.instrument/sun.instrument.InstrumentationImpl.retransformClasses(InstrumentationImpl.java:167)
	at io.mockk.proxy.jvm.transformation.JvmInlineInstrumentation.retransform(JvmInlineInstrumentation.kt:28)
	at io.mockk.proxy.common.transformation.RetransformInlineInstrumnetation$execute$1.invoke(RetransformInlineInstrumnetation.kt:19)
	at io.mockk.proxy.common.transformation.RetransformInlineInstrumnetation$execute$1.invoke(RetransformInlineInstrumnetation.kt:6)
	at io.mockk.proxy.common.transformation.ClassTransformationSpecMap.applyTransformation(ClassTransformationSpecMap.kt:41)
	at io.mockk.proxy.common.transformation.RetransformInlineInstrumnetation.execute(RetransformInlineInstrumnetation.kt:16)
	at io.mockk.proxy.jvm.ProxyMaker.inline(ProxyMaker.kt:88)
	at io.mockk.proxy.jvm.ProxyMaker.proxy(ProxyMaker.kt:30)
	at io.mockk.impl.instantiation.JvmMockFactory.newProxy(JvmMockFactory.kt:34)
	at io.mockk.impl.instantiation.AbstractMockFactory.newProxy$default(AbstractMockFactory.kt:29)
	at io.mockk.impl.instantiation.AbstractMockFactory.mockk(AbstractMockFactory.kt:59)
	at goos.ui.swing.MainWindowTest$1$1.invokeSuspend(MainWindowTest.kt:90)
	at goos.ui.swing.MainWindowTest$1$1.invoke(MainWindowTest.kt)
	at goos.ui.swing.MainWindowTest$1$1.invoke(MainWindowTest.kt)
	at io.kotest.core.TestConfiguration$beforeTest$1.beforeTest(TestConfiguration.kt:137)
	at io.kotest.core.spec.LifecycleKt.invokeAllBeforeTestCallbacks(lifecycle.kt:76)
	at io.kotest.core.internal.TestCaseExecutor.executeActiveTest(TestCaseExecutor.kt:152)
	at io.kotest.core.internal.TestCaseExecutor.access$executeActiveTest(TestCaseExecutor.kt:57)
	at io.kotest.core.internal.TestCaseExecutor$intercept$innerExecute$1$1.invokeSuspend(TestCaseExecutor.kt:89)
	at io.kotest.core.internal.TestCaseExecutor$intercept$innerExecute$1$1.invoke(TestCaseExecutor.kt)
	at io.kotest.core.internal.TestCaseExecutor$intercept$innerExecute$1$1.invoke(TestCaseExecutor.kt)
	at io.kotest.core.internal.TestCaseExecutor.executeIfEnabled(TestCaseExecutor.kt:117)
	at io.kotest.core.internal.TestCaseExecutor.access$executeIfEnabled(TestCaseExecutor.kt:57)
	at io.kotest.core.internal.TestCaseExecutor$intercept$innerExecute$1.invokeSuspend(TestCaseExecutor.kt:89)
	at io.kotest.core.internal.TestCaseExecutor$intercept$innerExecute$1.invoke(TestCaseExecutor.kt)
	at io.kotest.core.internal.TestCaseExecutor$intercept$innerExecute$1.invoke(TestCaseExecutor.kt)
	at io.kotest.core.internal.TestCaseExecutor.intercept(TestCaseExecutor.kt:103)
	at io.kotest.core.internal.TestCaseExecutor.execute(TestCaseExecutor.kt:69)
	at io.kotest.engine.spec.runners.SingleInstanceSpecRunner.runTest(SingleInstanceSpecRunner.kt:104)
	at io.kotest.engine.spec.runners.SingleInstanceSpecRunner.access$runTest(SingleInstanceSpecRunner.kt:34)
	at io.kotest.engine.spec.runners.SingleInstanceSpecRunner$execute$interceptAndRun$2$4.invokeSuspend(SingleInstanceSpecRunner.kt:57)
	at io.kotest.engine.spec.runners.SingleInstanceSpecRunner$execute$interceptAndRun$2$4.invoke(SingleInstanceSpecRunner.kt)
	at io.kotest.engine.spec.runners.SingleInstanceSpecRunner$execute$interceptAndRun$2$4.invoke(SingleInstanceSpecRunner.kt)
	at io.kotest.engine.launchers.SequentialTestLauncher$launch$3$1$1.invokeSuspend(SequentialTestLauncher.kt:22)
	at kotlin.coroutines.jvm.internal.BaseContinuationImpl.resumeWith(ContinuationImpl.kt:33)
	at kotlinx.coroutines.DispatchedTask.run(DispatchedTask.kt:106)
	at java.base/java.util.concurrent.ThreadPoolExecutor.runWorker(ThreadPoolExecutor.java:1130)
	at java.base/java.util.concurrent.ThreadPoolExecutor$Worker.run(ThreadPoolExecutor.java:630)
	at java.base/java.lang.Thread.run(Thread.java:832)

Sep 25, 2021 2:24:38 AM net.sourceforge.marathon.javaagent.server.JavaServer serve
INFO: JavaServer.serve(POST /session): {
  "desiredCapabilities": {
    "browserName": "java",
    "platform": "ANY"
  },
  "capabilities": {
    "firstMatch": [
      {
        "browserName": "java"
      }
    ]
  }
}
Sep 25, 2021 2:24:38 AM net.sourceforge.marathon.javaagent.server.JavaServer createSession
INFO: Creating device with type: EVENT_QUEUE
Sep 25, 2021 2:24:38 AM net.sourceforge.marathon.javaagent.Device getDevice
INFO: Creating a EVENT_QUEUE device
Sep 25, 2021 2:24:38 AM net.sourceforge.marathon.javaagent.server.JavaServer serve
INFO: POST(/session, {"desiredCapabilities":{"browserName":"java","platform":"ANY"},"capabilities":{"firstMatch":[{"browserName":"java"}]}}) = {data=, status=REDIRECT}
Sep 25, 2021 2:24:38 AM net.sourceforge.marathon.javaagent.server.JavaServer serve
INFO: JavaServer.serve(GET /session/1f932047-9c74-430d-a36d-9db65f38945f): {}
Sep 25, 2021 2:24:38 AM net.sourceforge.marathon.javaagent.server.JavaServer serve
INFO: GET(/session/1f932047-9c74-430d-a36d-9db65f38945f) = {data={"name":"getCapabilities","sessionId":"1f932047-9c74-430d-a36d-9db65f38945f","value":{"applicationCacheEnabled":false,"rotatable":false,"loggingPrefs":{"driver":"ALL"},"handlesAlerts":false,"databaseEnabled":false,"version":"1.0","platform":"ANY","browserConnectionEnabled":false,"nativeEvents":false,"acceptSslCerts":false,"locationContextEnabled":false,"webStorageEnabled":false,"browserName":"java","takesScreenshot":true,"javascriptEnabled":true,"cssSelectorsEnabled":false},"status":0}, status=OK}
Sep 25, 2021 2:24:38 AM org.openqa.selenium.remote.ProtocolHandshake createSession
INFO: Detected dialect: OSS
Sep 25, 2021 2:24:38 AM net.sourceforge.marathon.javaagent.server.JavaServer serve
INFO: JavaServer.serve(POST /session/1f932047-9c74-430d-a36d-9db65f38945f/element): {
  "using": "css selector",
  "value": "."
}
Sep 25, 2021 2:24:38 AM net.sourceforge.marathon.javaagent.server.JavaServer serve
INFO: POST(/session/1f932047-9c74-430d-a36d-9db65f38945f/element, {"using":"css selector","value":"."}) = {data={"name":"findElement","sessionId":"1f932047-9c74-430d-a36d-9db65f38945f","value":{"ELEMENT":"5aae4af4-8b52-40cf-997e-3e9b59c58cc0"},"status":0}, status=OK}
Sep 25, 2021 2:24:38 AM net.sourceforge.marathon.javaagent.server.JavaServer serve
INFO: JavaServer.serve(GET /session/1f932047-9c74-430d-a36d-9db65f38945f/element/5aae4af4-8b52-40cf-997e-3e9b59c58cc0/attribute/name): {}
Sep 25, 2021 2:24:38 AM net.sourceforge.marathon.javaagent.server.JavaServer serve
INFO: GET(/session/1f932047-9c74-430d-a36d-9db65f38945f/element/5aae4af4-8b52-40cf-997e-3e9b59c58cc0/attribute/name) = {data={"name":"getElementAttribute","sessionId":"1f932047-9c74-430d-a36d-9db65f38945f","value":"Auction Sniper Name","status":0}, status=OK}
Sep 25, 2021 2:24:38 AM net.sourceforge.marathon.javaagent.server.JavaServer serve
INFO: JavaServer.serve(POST /session/1f932047-9c74-430d-a36d-9db65f38945f/element): {
  "using": "css selector",
  "value": "."
}
Sep 25, 2021 2:24:38 AM net.sourceforge.marathon.javaagent.server.JavaServer serve
INFO: POST(/session/1f932047-9c74-430d-a36d-9db65f38945f/element, {"using":"css selector","value":"."}) = {data={"name":"findElement","sessionId":"1f932047-9c74-430d-a36d-9db65f38945f","value":{"ELEMENT":"5aae4af4-8b52-40cf-997e-3e9b59c58cc0"},"status":0}, status=OK}
Sep 25, 2021 2:24:38 AM net.sourceforge.marathon.javaagent.server.JavaServer serve
INFO: JavaServer.serve(GET /session/1f932047-9c74-430d-a36d-9db65f38945f/element/5aae4af4-8b52-40cf-997e-3e9b59c58cc0/displayed): {}
Sep 25, 2021 2:24:38 AM net.sourceforge.marathon.javaagent.server.JavaServer serve
INFO: GET(/session/1f932047-9c74-430d-a36d-9db65f38945f/element/5aae4af4-8b52-40cf-997e-3e9b59c58cc0/displayed) = {data={"name":"isDisplayed","sessionId":"1f932047-9c74-430d-a36d-9db65f38945f","value":true,"status":0}, status=OK}
Sep 25, 2021 2:24:38 AM net.sourceforge.marathon.javaagent.server.JavaServer serve
INFO: JavaServer.serve(GET /session/1f932047-9c74-430d-a36d-9db65f38945f/title): {}
Sep 25, 2021 2:24:38 AM net.sourceforge.marathon.javaagent.server.JavaServer serve
INFO: GET(/session/1f932047-9c74-430d-a36d-9db65f38945f/title) = {data={"name":"getWindowTitle","sessionId":"1f932047-9c74-430d-a36d-9db65f38945f","value":"Auction Sniper","status":0}, status=OK}
Sep 25, 2021 2:24:38 AM net.sourceforge.marathon.javaagent.server.JavaServer serve
INFO: JavaServer.serve(POST /session/1f932047-9c74-430d-a36d-9db65f38945f/element): {
  "using": "name",
  "value": "snipers table"
}
Sep 25, 2021 2:24:38 AM net.sourceforge.marathon.javaagent.server.JavaServer serve
INFO: POST(/session/1f932047-9c74-430d-a36d-9db65f38945f/element, {"using":"name","value":"snipers table"}) = {data={"name":"findElement","sessionId":"1f932047-9c74-430d-a36d-9db65f38945f","value":{"ELEMENT":"6c0ee2fa-e90f-4722-8dcd-aeac3634dff3"},"status":0}, status=OK}
Sep 25, 2021 2:24:38 AM net.sourceforge.marathon.javaagent.server.JavaServer serve
INFO: JavaServer.serve(POST /session/1f932047-9c74-430d-a36d-9db65f38945f/element/6c0ee2fa-e90f-4722-8dcd-aeac3634dff3/elements): {
  "id": "6c0ee2fa-e90f-4722-8dcd-aeac3634dff3",
  "using": "css selector",
  "value": ".::header.::all-items"
}
Sep 25, 2021 2:24:38 AM net.sourceforge.marathon.javaagent.server.JavaServer serve
INFO: POST(/session/1f932047-9c74-430d-a36d-9db65f38945f/element/6c0ee2fa-e90f-4722-8dcd-aeac3634dff3/elements, {"using":"css selector","id":"6c0ee2fa-e90f-4722-8dcd-aeac3634dff3","value":".::header.::all-items"}) = {data={"name":"findElementsOfElement","sessionId":"1f932047-9c74-430d-a36d-9db65f38945f","value":[{"ELEMENT":"b84e10d5-d1e4-474a-b07c-356fb4a730fd%23%7B%22selector%22%3A%22nth-item%22%2C%22parameters%22%3A%5B1%5D%7D"},{"ELEMENT":"b84e10d5-d1e4-474a-b07c-356fb4a730fd%23%7B%22selector%22%3A%22nth-item%22%2C%22parameters%22%3A%5B2%5D%7D"},{"ELEMENT":"b84e10d5-d1e4-474a-b07c-356fb4a730fd%23%7B%22selector%22%3A%22nth-item%22%2C%22parameters%22%3A%5B3%5D%7D"},{"ELEMENT":"b84e10d5-d1e4-474a-b07c-356fb4a730fd%23%7B%22selector%22%3A%22nth-item%22%2C%22parameters%22%3A%5B4%5D%7D"}],"status":0}, status=OK}
Sep 25, 2021 2:24:38 AM net.sourceforge.marathon.javaagent.server.JavaServer serve
INFO: JavaServer.serve(GET /session/1f932047-9c74-430d-a36d-9db65f38945f/element/b84e10d5-d1e4-474a-b07c-356fb4a730fd%23%7B%22selector%22%3A%22nth-item%22%2C%22parameters%22%3A%5B1%5D%7D/text): {}
Sep 25, 2021 2:24:38 AM net.sourceforge.marathon.javaagent.server.JavaServer serve
INFO: GET(/session/1f932047-9c74-430d-a36d-9db65f38945f/element/b84e10d5-d1e4-474a-b07c-356fb4a730fd%23%7B%22selector%22%3A%22nth-item%22%2C%22parameters%22%3A%5B1%5D%7D/text) = {data={"name":"getElementText","sessionId":"1f932047-9c74-430d-a36d-9db65f38945f","value":"Item","status":0}, status=OK}
Sep 25, 2021 2:24:38 AM net.sourceforge.marathon.javaagent.server.JavaServer serve
INFO: JavaServer.serve(GET /session/1f932047-9c74-430d-a36d-9db65f38945f/element/b84e10d5-d1e4-474a-b07c-356fb4a730fd%23%7B%22selector%22%3A%22nth-item%22%2C%22parameters%22%3A%5B2%5D%7D/text): {}
Sep 25, 2021 2:24:38 AM net.sourceforge.marathon.javaagent.server.JavaServer serve
INFO: GET(/session/1f932047-9c74-430d-a36d-9db65f38945f/element/b84e10d5-d1e4-474a-b07c-356fb4a730fd%23%7B%22selector%22%3A%22nth-item%22%2C%22parameters%22%3A%5B2%5D%7D/text) = {data={"name":"getElementText","sessionId":"1f932047-9c74-430d-a36d-9db65f38945f","value":"Last Price","status":0}, status=OK}
Sep 25, 2021 2:24:38 AM net.sourceforge.marathon.javaagent.server.JavaServer serve
INFO: JavaServer.serve(GET /session/1f932047-9c74-430d-a36d-9db65f38945f/element/b84e10d5-d1e4-474a-b07c-356fb4a730fd%23%7B%22selector%22%3A%22nth-item%22%2C%22parameters%22%3A%5B3%5D%7D/text): {}
Sep 25, 2021 2:24:38 AM net.sourceforge.marathon.javaagent.server.JavaServer serve
INFO: GET(/session/1f932047-9c74-430d-a36d-9db65f38945f/element/b84e10d5-d1e4-474a-b07c-356fb4a730fd%23%7B%22selector%22%3A%22nth-item%22%2C%22parameters%22%3A%5B3%5D%7D/text) = {data={"name":"getElementText","sessionId":"1f932047-9c74-430d-a36d-9db65f38945f","value":"Last Bid","status":0}, status=OK}
Sep 25, 2021 2:24:38 AM net.sourceforge.marathon.javaagent.server.JavaServer serve
INFO: JavaServer.serve(GET /session/1f932047-9c74-430d-a36d-9db65f38945f/element/b84e10d5-d1e4-474a-b07c-356fb4a730fd%23%7B%22selector%22%3A%22nth-item%22%2C%22parameters%22%3A%5B4%5D%7D/text): {}
Sep 25, 2021 2:24:38 AM net.sourceforge.marathon.javaagent.server.JavaServer serve
INFO: GET(/session/1f932047-9c74-430d-a36d-9db65f38945f/element/b84e10d5-d1e4-474a-b07c-356fb4a730fd%23%7B%22selector%22%3A%22nth-item%22%2C%22parameters%22%3A%5B4%5D%7D/text) = {data={"name":"getElementText","sessionId":"1f932047-9c74-430d-a36d-9db65f38945f","value":"State","status":0}, status=OK}
Sep 25, 2021 2:24:38 AM net.sourceforge.marathon.javaagent.server.JavaServer serve
INFO: JavaServer.serve(DELETE /session/1f932047-9c74-430d-a36d-9db65f38945f/window): {}
Sep 25, 2021 2:24:38 AM net.sourceforge.marathon.javaagent.server.JavaServer serve
INFO: DELETE(/session/1f932047-9c74-430d-a36d-9db65f38945f/window) = {data={"name":"closeSession","sessionId":"1f932047-9c74-430d-a36d-9db65f38945f","status":0}, status=OK}
Sep 25, 2021 2:24:38 AM net.sourceforge.marathon.javaagent.server.JavaServer serve
INFO: JavaServer.serve(POST /session): {
  "desiredCapabilities": {
    "browserName": "java",
    "platform": "ANY"
  },
  "capabilities": {
    "firstMatch": [
      {
        "browserName": "java"
      }
    ]
  }
}
Sep 25, 2021 2:24:38 AM net.sourceforge.marathon.javaagent.server.JavaServer createSession
INFO: Creating device with type: EVENT_QUEUE
Sep 25, 2021 2:24:38 AM net.sourceforge.marathon.javaagent.Device getDevice
INFO: Creating a EVENT_QUEUE device
Sep 25, 2021 2:24:38 AM net.sourceforge.marathon.javaagent.server.JavaServer serve
INFO: POST(/session, {"desiredCapabilities":{"browserName":"java","platform":"ANY"},"capabilities":{"firstMatch":[{"browserName":"java"}]}}) = {data=, status=REDIRECT}
Sep 25, 2021 2:24:38 AM net.sourceforge.marathon.javaagent.server.JavaServer serve
INFO: JavaServer.serve(GET /session/81dd4f2e-5ba2-40e7-956f-451ce485242e): {}
Sep 25, 2021 2:24:38 AM net.sourceforge.marathon.javaagent.server.JavaServer serve
INFO: GET(/session/81dd4f2e-5ba2-40e7-956f-451ce485242e) = {data={"name":"getCapabilities","sessionId":"81dd4f2e-5ba2-40e7-956f-451ce485242e","value":{"applicationCacheEnabled":false,"rotatable":false,"loggingPrefs":{"driver":"ALL"},"handlesAlerts":false,"databaseEnabled":false,"version":"1.0","platform":"ANY","browserConnectionEnabled":false,"nativeEvents":false,"acceptSslCerts":false,"locationContextEnabled":false,"webStorageEnabled":false,"browserName":"java","takesScreenshot":true,"javascriptEnabled":true,"cssSelectorsEnabled":false},"status":0}, status=OK}
Sep 25, 2021 2:24:38 AM org.openqa.selenium.remote.ProtocolHandshake createSession
INFO: Detected dialect: OSS
Sep 25, 2021 2:24:38 AM net.sourceforge.marathon.javaagent.server.JavaServer serve
INFO: JavaServer.serve(POST /session/81dd4f2e-5ba2-40e7-956f-451ce485242e/element): {
  "using": "name",
  "value": "new item id field"
}
Sep 25, 2021 2:24:38 AM net.sourceforge.marathon.javaagent.server.JavaServer serve
INFO: POST(/session/81dd4f2e-5ba2-40e7-956f-451ce485242e/element, {"using":"name","value":"new item id field"}) = {data={"name":"findElement","sessionId":"81dd4f2e-5ba2-40e7-956f-451ce485242e","value":{"ELEMENT":"94c93d63-8a63-48fd-b470-9640ab2332c1"},"status":0}, status=OK}
Sep 25, 2021 2:24:38 AM net.sourceforge.marathon.javaagent.server.JavaServer serve
INFO: JavaServer.serve(POST /session/81dd4f2e-5ba2-40e7-956f-451ce485242e/element/94c93d63-8a63-48fd-b470-9640ab2332c1/clear): {
  "id": "94c93d63-8a63-48fd-b470-9640ab2332c1"
}
Sep 25, 2021 2:24:38 AM net.sourceforge.marathon.javaagent.server.JavaServer serve
INFO: POST(/session/81dd4f2e-5ba2-40e7-956f-451ce485242e/element/94c93d63-8a63-48fd-b470-9640ab2332c1/clear, {"id":"94c93d63-8a63-48fd-b470-9640ab2332c1"}) = {data={"name":"clearElement","sessionId":"81dd4f2e-5ba2-40e7-956f-451ce485242e","status":0}, status=OK}
Sep 25, 2021 2:24:38 AM net.sourceforge.marathon.javaagent.server.JavaServer serve
INFO: JavaServer.serve(POST /session/81dd4f2e-5ba2-40e7-956f-451ce485242e/element/94c93d63-8a63-48fd-b470-9640ab2332c1/value): {
  "id": "94c93d63-8a63-48fd-b470-9640ab2332c1",
  "value": [
    "an item-id"
  ]
}
Sep 25, 2021 2:24:38 AM net.sourceforge.marathon.javaagent.EventQueueDevice dispatchEvent
INFO: java.awt.event.KeyEvent[KEY_PRESSED,keyCode=65,keyText=A,keyChar='a',keyLocation=KEY_LOCATION_UNKNOWN,rawCode=0,primaryLevelUnicode=0,scancode=0,extendedKeyCode=0x0] on new item id field
Sep 25, 2021 2:24:38 AM net.sourceforge.marathon.javaagent.EventQueueDevice dispatchEvent
INFO: java.awt.event.KeyEvent[KEY_TYPED,keyCode=0,keyText=Unknown keyCode: 0x0,keyChar='a',keyLocation=KEY_LOCATION_UNKNOWN,rawCode=0,primaryLevelUnicode=0,scancode=0,extendedKeyCode=0x0] on new item id field
Sep 25, 2021 2:24:38 AM net.sourceforge.marathon.javaagent.EventQueueDevice dispatchEvent
INFO: java.awt.event.KeyEvent[KEY_RELEASED,keyCode=65,keyText=A,keyChar='a',keyLocation=KEY_LOCATION_UNKNOWN,rawCode=0,primaryLevelUnicode=0,scancode=0,extendedKeyCode=0x0] on new item id field
Sep 25, 2021 2:24:38 AM net.sourceforge.marathon.javaagent.EventQueueDevice dispatchEvent
INFO: java.awt.event.KeyEvent[KEY_PRESSED,keyCode=78,keyText=N,keyChar='n',keyLocation=KEY_LOCATION_UNKNOWN,rawCode=0,primaryLevelUnicode=0,scancode=0,extendedKeyCode=0x0] on new item id field
Sep 25, 2021 2:24:38 AM net.sourceforge.marathon.javaagent.EventQueueDevice dispatchEvent
INFO: java.awt.event.KeyEvent[KEY_TYPED,keyCode=0,keyText=Unknown keyCode: 0x0,keyChar='n',keyLocation=KEY_LOCATION_UNKNOWN,rawCode=0,primaryLevelUnicode=0,scancode=0,extendedKeyCode=0x0] on new item id field
Sep 25, 2021 2:24:38 AM net.sourceforge.marathon.javaagent.EventQueueDevice dispatchEvent
INFO: java.awt.event.KeyEvent[KEY_RELEASED,keyCode=78,keyText=N,keyChar='n',keyLocation=KEY_LOCATION_UNKNOWN,rawCode=0,primaryLevelUnicode=0,scancode=0,extendedKeyCode=0x0] on new item id field
Sep 25, 2021 2:24:38 AM net.sourceforge.marathon.javaagent.EventQueueDevice dispatchEvent
INFO: java.awt.event.KeyEvent[KEY_PRESSED,keyCode=16,keyText=Shift,keyChar=Undefined keyChar,modifiers=Shift,extModifiers=Shift,keyLocation=KEY_LOCATION_UNKNOWN,rawCode=0,primaryLevelUnicode=0,scancode=0,extendedKeyCode=0x0] on new item id field
Sep 25, 2021 2:24:38 AM net.sourceforge.marathon.javaagent.EventQueueDevice dispatchEvent
INFO: java.awt.event.KeyEvent[KEY_PRESSED,keyCode=32,keyText=Space,keyChar=' ',modifiers=Shift,extModifiers=Shift,keyLocation=KEY_LOCATION_UNKNOWN,rawCode=0,primaryLevelUnicode=0,scancode=0,extendedKeyCode=0x0] on new item id field
Sep 25, 2021 2:24:38 AM net.sourceforge.marathon.javaagent.EventQueueDevice dispatchEvent
INFO: java.awt.event.KeyEvent[KEY_TYPED,keyCode=0,keyText=Unknown keyCode: 0x0,keyChar=' ',modifiers=Shift,extModifiers=Shift,keyLocation=KEY_LOCATION_UNKNOWN,rawCode=0,primaryLevelUnicode=0,scancode=0,extendedKeyCode=0x0] on new item id field
Sep 25, 2021 2:24:38 AM net.sourceforge.marathon.javaagent.EventQueueDevice dispatchEvent
INFO: java.awt.event.KeyEvent[KEY_RELEASED,keyCode=32,keyText=Space,keyChar=' ',modifiers=Shift,extModifiers=Shift,keyLocation=KEY_LOCATION_UNKNOWN,rawCode=0,primaryLevelUnicode=0,scancode=0,extendedKeyCode=0x0] on new item id field
Sep 25, 2021 2:24:38 AM net.sourceforge.marathon.javaagent.EventQueueDevice dispatchEvent
INFO: java.awt.event.KeyEvent[KEY_RELEASED,keyCode=16,keyText=Shift,keyChar=Undefined keyChar,keyLocation=KEY_LOCATION_UNKNOWN,rawCode=0,primaryLevelUnicode=0,scancode=0,extendedKeyCode=0x0] on new item id field
Sep 25, 2021 2:24:39 AM net.sourceforge.marathon.javaagent.EventQueueDevice dispatchEvent
INFO: java.awt.event.KeyEvent[KEY_PRESSED,keyCode=73,keyText=I,keyChar='i',keyLocation=KEY_LOCATION_UNKNOWN,rawCode=0,primaryLevelUnicode=0,scancode=0,extendedKeyCode=0x0] on new item id field
Sep 25, 2021 2:24:39 AM net.sourceforge.marathon.javaagent.EventQueueDevice dispatchEvent
INFO: java.awt.event.KeyEvent[KEY_TYPED,keyCode=0,keyText=Unknown keyCode: 0x0,keyChar='i',keyLocation=KEY_LOCATION_UNKNOWN,rawCode=0,primaryLevelUnicode=0,scancode=0,extendedKeyCode=0x0] on new item id field
Sep 25, 2021 2:24:39 AM net.sourceforge.marathon.javaagent.EventQueueDevice dispatchEvent
INFO: java.awt.event.KeyEvent[KEY_RELEASED,keyCode=73,keyText=I,keyChar='i',keyLocation=KEY_LOCATION_UNKNOWN,rawCode=0,primaryLevelUnicode=0,scancode=0,extendedKeyCode=0x0] on new item id field
Sep 25, 2021 2:24:39 AM net.sourceforge.marathon.javaagent.EventQueueDevice dispatchEvent
INFO: java.awt.event.KeyEvent[KEY_PRESSED,keyCode=84,keyText=T,keyChar='t',keyLocation=KEY_LOCATION_UNKNOWN,rawCode=0,primaryLevelUnicode=0,scancode=0,extendedKeyCode=0x0] on new item id field
Sep 25, 2021 2:24:39 AM net.sourceforge.marathon.javaagent.EventQueueDevice dispatchEvent
INFO: java.awt.event.KeyEvent[KEY_TYPED,keyCode=0,keyText=Unknown keyCode: 0x0,keyChar='t',keyLocation=KEY_LOCATION_UNKNOWN,rawCode=0,primaryLevelUnicode=0,scancode=0,extendedKeyCode=0x0] on new item id field
Sep 25, 2021 2:24:39 AM net.sourceforge.marathon.javaagent.EventQueueDevice dispatchEvent
INFO: java.awt.event.KeyEvent[KEY_RELEASED,keyCode=84,keyText=T,keyChar='t',keyLocation=KEY_LOCATION_UNKNOWN,rawCode=0,primaryLevelUnicode=0,scancode=0,extendedKeyCode=0x0] on new item id field
Sep 25, 2021 2:24:39 AM net.sourceforge.marathon.javaagent.EventQueueDevice dispatchEvent
INFO: java.awt.event.KeyEvent[KEY_PRESSED,keyCode=69,keyText=E,keyChar='e',keyLocation=KEY_LOCATION_UNKNOWN,rawCode=0,primaryLevelUnicode=0,scancode=0,extendedKeyCode=0x0] on new item id field
Sep 25, 2021 2:24:39 AM net.sourceforge.marathon.javaagent.EventQueueDevice dispatchEvent
INFO: java.awt.event.KeyEvent[KEY_TYPED,keyCode=0,keyText=Unknown keyCode: 0x0,keyChar='e',keyLocation=KEY_LOCATION_UNKNOWN,rawCode=0,primaryLevelUnicode=0,scancode=0,extendedKeyCode=0x0] on new item id field
Sep 25, 2021 2:24:39 AM net.sourceforge.marathon.javaagent.EventQueueDevice dispatchEvent
INFO: java.awt.event.KeyEvent[KEY_RELEASED,keyCode=69,keyText=E,keyChar='e',keyLocation=KEY_LOCATION_UNKNOWN,rawCode=0,primaryLevelUnicode=0,scancode=0,extendedKeyCode=0x0] on new item id field
Sep 25, 2021 2:24:39 AM net.sourceforge.marathon.javaagent.EventQueueDevice dispatchEvent
INFO: java.awt.event.KeyEvent[KEY_PRESSED,keyCode=77,keyText=M,keyChar='m',keyLocation=KEY_LOCATION_UNKNOWN,rawCode=0,primaryLevelUnicode=0,scancode=0,extendedKeyCode=0x0] on new item id field
Sep 25, 2021 2:24:39 AM net.sourceforge.marathon.javaagent.EventQueueDevice dispatchEvent
INFO: java.awt.event.KeyEvent[KEY_TYPED,keyCode=0,keyText=Unknown keyCode: 0x0,keyChar='m',keyLocation=KEY_LOCATION_UNKNOWN,rawCode=0,primaryLevelUnicode=0,scancode=0,extendedKeyCode=0x0] on new item id field
Sep 25, 2021 2:24:39 AM net.sourceforge.marathon.javaagent.EventQueueDevice dispatchEvent
INFO: java.awt.event.KeyEvent[KEY_RELEASED,keyCode=77,keyText=M,keyChar='m',keyLocation=KEY_LOCATION_UNKNOWN,rawCode=0,primaryLevelUnicode=0,scancode=0,extendedKeyCode=0x0] on new item id field
Sep 25, 2021 2:24:39 AM net.sourceforge.marathon.javaagent.EventQueueDevice dispatchEvent
INFO: java.awt.event.KeyEvent[KEY_PRESSED,keyCode=45,keyText=Minus,keyChar='-',keyLocation=KEY_LOCATION_UNKNOWN,rawCode=0,primaryLevelUnicode=0,scancode=0,extendedKeyCode=0x0] on new item id field
Sep 25, 2021 2:24:39 AM net.sourceforge.marathon.javaagent.EventQueueDevice dispatchEvent
INFO: java.awt.event.KeyEvent[KEY_TYPED,keyCode=0,keyText=Unknown keyCode: 0x0,keyChar='-',keyLocation=KEY_LOCATION_UNKNOWN,rawCode=0,primaryLevelUnicode=0,scancode=0,extendedKeyCode=0x0] on new item id field
Sep 25, 2021 2:24:39 AM net.sourceforge.marathon.javaagent.EventQueueDevice dispatchEvent
INFO: java.awt.event.KeyEvent[KEY_RELEASED,keyCode=45,keyText=Minus,keyChar='-',keyLocation=KEY_LOCATION_UNKNOWN,rawCode=0,primaryLevelUnicode=0,scancode=0,extendedKeyCode=0x0] on new item id field
Sep 25, 2021 2:24:39 AM net.sourceforge.marathon.javaagent.EventQueueDevice dispatchEvent
INFO: java.awt.event.KeyEvent[KEY_PRESSED,keyCode=73,keyText=I,keyChar='i',keyLocation=KEY_LOCATION_UNKNOWN,rawCode=0,primaryLevelUnicode=0,scancode=0,extendedKeyCode=0x0] on new item id field
Sep 25, 2021 2:24:39 AM net.sourceforge.marathon.javaagent.EventQueueDevice dispatchEvent
INFO: java.awt.event.KeyEvent[KEY_TYPED,keyCode=0,keyText=Unknown keyCode: 0x0,keyChar='i',keyLocation=KEY_LOCATION_UNKNOWN,rawCode=0,primaryLevelUnicode=0,scancode=0,extendedKeyCode=0x0] on new item id field
Sep 25, 2021 2:24:39 AM net.sourceforge.marathon.javaagent.EventQueueDevice dispatchEvent
INFO: java.awt.event.KeyEvent[KEY_RELEASED,keyCode=73,keyText=I,keyChar='i',keyLocation=KEY_LOCATION_UNKNOWN,rawCode=0,primaryLevelUnicode=0,scancode=0,extendedKeyCode=0x0] on new item id field
Sep 25, 2021 2:24:39 AM net.sourceforge.marathon.javaagent.EventQueueDevice dispatchEvent
INFO: java.awt.event.KeyEvent[KEY_PRESSED,keyCode=68,keyText=D,keyChar='d',keyLocation=KEY_LOCATION_UNKNOWN,rawCode=0,primaryLevelUnicode=0,scancode=0,extendedKeyCode=0x0] on new item id field
Sep 25, 2021 2:24:39 AM net.sourceforge.marathon.javaagent.EventQueueDevice dispatchEvent
INFO: java.awt.event.KeyEvent[KEY_TYPED,keyCode=0,keyText=Unknown keyCode: 0x0,keyChar='d',keyLocation=KEY_LOCATION_UNKNOWN,rawCode=0,primaryLevelUnicode=0,scancode=0,extendedKeyCode=0x0] on new item id field
Sep 25, 2021 2:24:39 AM net.sourceforge.marathon.javaagent.EventQueueDevice dispatchEvent
INFO: java.awt.event.KeyEvent[KEY_RELEASED,keyCode=68,keyText=D,keyChar='d',keyLocation=KEY_LOCATION_UNKNOWN,rawCode=0,primaryLevelUnicode=0,scancode=0,extendedKeyCode=0x0] on new item id field
Sep 25, 2021 2:24:39 AM net.sourceforge.marathon.javaagent.server.JavaServer serve
INFO: POST(/session/81dd4f2e-5ba2-40e7-956f-451ce485242e/element/94c93d63-8a63-48fd-b470-9640ab2332c1/value, {"id":"94c93d63-8a63-48fd-b470-9640ab2332c1","value":["an item-id"]}) = {data={"name":"sendKeysElement","sessionId":"81dd4f2e-5ba2-40e7-956f-451ce485242e","status":0}, status=OK}
Sep 25, 2021 2:24:39 AM net.sourceforge.marathon.javaagent.server.JavaServer serve
INFO: JavaServer.serve(POST /session/81dd4f2e-5ba2-40e7-956f-451ce485242e/element): {
  "using": "name",
  "value": "new item stop price field"
}
Sep 25, 2021 2:24:39 AM net.sourceforge.marathon.javaagent.server.JavaServer serve
INFO: POST(/session/81dd4f2e-5ba2-40e7-956f-451ce485242e/element, {"using":"name","value":"new item stop price field"}) = {data={"name":"findElement","sessionId":"81dd4f2e-5ba2-40e7-956f-451ce485242e","value":{"ELEMENT":"722c4c80-f9a3-4cdc-9d68-71c0aa50cae6"},"status":0}, status=OK}
Sep 25, 2021 2:24:39 AM net.sourceforge.marathon.javaagent.server.JavaServer serve
INFO: JavaServer.serve(POST /session/81dd4f2e-5ba2-40e7-956f-451ce485242e/element/722c4c80-f9a3-4cdc-9d68-71c0aa50cae6/clear): {
  "id": "722c4c80-f9a3-4cdc-9d68-71c0aa50cae6"
}
Sep 25, 2021 2:24:39 AM net.sourceforge.marathon.javaagent.server.JavaServer serve
INFO: POST(/session/81dd4f2e-5ba2-40e7-956f-451ce485242e/element/722c4c80-f9a3-4cdc-9d68-71c0aa50cae6/clear, {"id":"722c4c80-f9a3-4cdc-9d68-71c0aa50cae6"}) = {data={"name":"clearElement","sessionId":"81dd4f2e-5ba2-40e7-956f-451ce485242e","status":0}, status=OK}
Sep 25, 2021 2:24:39 AM net.sourceforge.marathon.javaagent.server.JavaServer serve
INFO: JavaServer.serve(POST /session/81dd4f2e-5ba2-40e7-956f-451ce485242e/element/722c4c80-f9a3-4cdc-9d68-71c0aa50cae6/value): {
  "id": "722c4c80-f9a3-4cdc-9d68-71c0aa50cae6",
  "value": [
    "11000"
  ]
}
Sep 25, 2021 2:24:39 AM net.sourceforge.marathon.javaagent.EventQueueDevice dispatchEvent
INFO: java.awt.event.KeyEvent[KEY_PRESSED,keyCode=49,keyText=1,keyChar='1',keyLocation=KEY_LOCATION_UNKNOWN,rawCode=0,primaryLevelUnicode=0,scancode=0,extendedKeyCode=0x0] on new item stop price field
Sep 25, 2021 2:24:39 AM net.sourceforge.marathon.javaagent.EventQueueDevice dispatchEvent
INFO: java.awt.event.KeyEvent[KEY_TYPED,keyCode=0,keyText=Unknown keyCode: 0x0,keyChar='1',keyLocation=KEY_LOCATION_UNKNOWN,rawCode=0,primaryLevelUnicode=0,scancode=0,extendedKeyCode=0x0] on new item stop price field
Sep 25, 2021 2:24:39 AM net.sourceforge.marathon.javaagent.EventQueueDevice dispatchEvent
INFO: java.awt.event.KeyEvent[KEY_RELEASED,keyCode=49,keyText=1,keyChar='1',keyLocation=KEY_LOCATION_UNKNOWN,rawCode=0,primaryLevelUnicode=0,scancode=0,extendedKeyCode=0x0] on new item stop price field
Sep 25, 2021 2:24:39 AM net.sourceforge.marathon.javaagent.EventQueueDevice dispatchEvent
INFO: java.awt.event.KeyEvent[KEY_PRESSED,keyCode=49,keyText=1,keyChar='1',keyLocation=KEY_LOCATION_UNKNOWN,rawCode=0,primaryLevelUnicode=0,scancode=0,extendedKeyCode=0x0] on new item stop price field
Sep 25, 2021 2:24:39 AM net.sourceforge.marathon.javaagent.EventQueueDevice dispatchEvent
INFO: java.awt.event.KeyEvent[KEY_TYPED,keyCode=0,keyText=Unknown keyCode: 0x0,keyChar='1',keyLocation=KEY_LOCATION_UNKNOWN,rawCode=0,primaryLevelUnicode=0,scancode=0,extendedKeyCode=0x0] on new item stop price field
Sep 25, 2021 2:24:39 AM net.sourceforge.marathon.javaagent.EventQueueDevice dispatchEvent
INFO: java.awt.event.KeyEvent[KEY_RELEASED,keyCode=49,keyText=1,keyChar='1',keyLocation=KEY_LOCATION_UNKNOWN,rawCode=0,primaryLevelUnicode=0,scancode=0,extendedKeyCode=0x0] on new item stop price field
Sep 25, 2021 2:24:39 AM net.sourceforge.marathon.javaagent.EventQueueDevice dispatchEvent
INFO: java.awt.event.KeyEvent[KEY_PRESSED,keyCode=48,keyText=0,keyChar='0',keyLocation=KEY_LOCATION_UNKNOWN,rawCode=0,primaryLevelUnicode=0,scancode=0,extendedKeyCode=0x0] on new item stop price field
Sep 25, 2021 2:24:39 AM net.sourceforge.marathon.javaagent.EventQueueDevice dispatchEvent
INFO: java.awt.event.KeyEvent[KEY_TYPED,keyCode=0,keyText=Unknown keyCode: 0x0,keyChar='0',keyLocation=KEY_LOCATION_UNKNOWN,rawCode=0,primaryLevelUnicode=0,scancode=0,extendedKeyCode=0x0] on new item stop price field
Sep 25, 2021 2:24:39 AM net.sourceforge.marathon.javaagent.EventQueueDevice dispatchEvent
INFO: java.awt.event.KeyEvent[KEY_RELEASED,keyCode=48,keyText=0,keyChar='0',keyLocation=KEY_LOCATION_UNKNOWN,rawCode=0,primaryLevelUnicode=0,scancode=0,extendedKeyCode=0x0] on new item stop price field
Sep 25, 2021 2:24:39 AM net.sourceforge.marathon.javaagent.EventQueueDevice dispatchEvent
INFO: java.awt.event.KeyEvent[KEY_PRESSED,keyCode=48,keyText=0,keyChar='0',keyLocation=KEY_LOCATION_UNKNOWN,rawCode=0,primaryLevelUnicode=0,scancode=0,extendedKeyCode=0x0] on new item stop price field
Sep 25, 2021 2:24:39 AM net.sourceforge.marathon.javaagent.EventQueueDevice dispatchEvent
INFO: java.awt.event.KeyEvent[KEY_TYPED,keyCode=0,keyText=Unknown keyCode: 0x0,keyChar='0',keyLocation=KEY_LOCATION_UNKNOWN,rawCode=0,primaryLevelUnicode=0,scancode=0,extendedKeyCode=0x0] on new item stop price field
Sep 25, 2021 2:24:39 AM net.sourceforge.marathon.javaagent.EventQueueDevice dispatchEvent
INFO: java.awt.event.KeyEvent[KEY_RELEASED,keyCode=48,keyText=0,keyChar='0',keyLocation=KEY_LOCATION_UNKNOWN,rawCode=0,primaryLevelUnicode=0,scancode=0,extendedKeyCode=0x0] on new item stop price field
Sep 25, 2021 2:24:39 AM net.sourceforge.marathon.javaagent.EventQueueDevice dispatchEvent
INFO: java.awt.event.KeyEvent[KEY_PRESSED,keyCode=48,keyText=0,keyChar='0',keyLocation=KEY_LOCATION_UNKNOWN,rawCode=0,primaryLevelUnicode=0,scancode=0,extendedKeyCode=0x0] on new item stop price field
Sep 25, 2021 2:24:39 AM net.sourceforge.marathon.javaagent.EventQueueDevice dispatchEvent
INFO: java.awt.event.KeyEvent[KEY_TYPED,keyCode=0,keyText=Unknown keyCode: 0x0,keyChar='0',keyLocation=KEY_LOCATION_UNKNOWN,rawCode=0,primaryLevelUnicode=0,scancode=0,extendedKeyCode=0x0] on new item stop price field
Sep 25, 2021 2:24:39 AM net.sourceforge.marathon.javaagent.EventQueueDevice dispatchEvent
INFO: java.awt.event.KeyEvent[KEY_RELEASED,keyCode=48,keyText=0,keyChar='0',keyLocation=KEY_LOCATION_UNKNOWN,rawCode=0,primaryLevelUnicode=0,scancode=0,extendedKeyCode=0x0] on new item stop price field
Sep 25, 2021 2:24:39 AM net.sourceforge.marathon.javaagent.server.JavaServer serve
INFO: POST(/session/81dd4f2e-5ba2-40e7-956f-451ce485242e/element/722c4c80-f9a3-4cdc-9d68-71c0aa50cae6/value, {"id":"722c4c80-f9a3-4cdc-9d68-71c0aa50cae6","value":["11000"]}) = {data={"name":"sendKeysElement","sessionId":"81dd4f2e-5ba2-40e7-956f-451ce485242e","status":0}, status=OK}
Sep 25, 2021 2:24:39 AM net.sourceforge.marathon.javaagent.server.JavaServer serve
INFO: JavaServer.serve(POST /session/81dd4f2e-5ba2-40e7-956f-451ce485242e/element): {
  "using": "name",
  "value": "join button"
}
Sep 25, 2021 2:24:39 AM net.sourceforge.marathon.javaagent.server.JavaServer serve
INFO: POST(/session/81dd4f2e-5ba2-40e7-956f-451ce485242e/element, {"using":"name","value":"join button"}) = {data={"name":"findElement","sessionId":"81dd4f2e-5ba2-40e7-956f-451ce485242e","value":{"ELEMENT":"4ec362e8-fc12-43c3-9d62-d806c0a90033"},"status":0}, status=OK}
Sep 25, 2021 2:24:39 AM net.sourceforge.marathon.javaagent.server.JavaServer serve
INFO: JavaServer.serve(POST /session/81dd4f2e-5ba2-40e7-956f-451ce485242e/element/4ec362e8-fc12-43c3-9d62-d806c0a90033/click): {
  "id": "4ec362e8-fc12-43c3-9d62-d806c0a90033"
}
Sep 25, 2021 2:24:39 AM net.sourceforge.marathon.javaagent.EventQueueDevice dispatchEvent
INFO: java.awt.event.MouseEvent[MOUSE_PRESSED,(58,12),absolute(589,17),button=1,modifiers=Button1,extModifiers=Button1,clickCount=1] on join button
Sep 25, 2021 2:24:39 AM net.sourceforge.marathon.javaagent.EventQueueDevice dispatchEvent
INFO: java.awt.event.MouseEvent[MOUSE_RELEASED,(58,12),absolute(589,17),button=1,modifiers=Button1,clickCount=1] on join button
Sep 25, 2021 2:24:39 AM net.sourceforge.marathon.javaagent.EventQueueDevice dispatchEvent
INFO: java.awt.event.MouseEvent[MOUSE_CLICKED,(58,12),absolute(589,17),button=1,modifiers=Button1,clickCount=1] on join button
Sep 25, 2021 2:24:39 AM net.sourceforge.marathon.javaagent.server.JavaServer serve
INFO: POST(/session/81dd4f2e-5ba2-40e7-956f-451ce485242e/element/4ec362e8-fc12-43c3-9d62-d806c0a90033/click, {"id":"4ec362e8-fc12-43c3-9d62-d806c0a90033"}) = {data={"name":"clickElement","sessionId":"81dd4f2e-5ba2-40e7-956f-451ce485242e","status":0}, status=OK}
Sep 25, 2021 2:24:39 AM net.sourceforge.marathon.javaagent.server.JavaServer serve
INFO: JavaServer.serve(DELETE /session/81dd4f2e-5ba2-40e7-956f-451ce485242e/window): {}
Sep 25, 2021 2:24:39 AM net.sourceforge.marathon.javaagent.server.JavaServer serve
INFO: DELETE(/session/81dd4f2e-5ba2-40e7-956f-451ce485242e/window) = {data={"name":"closeSession","sessionId":"81dd4f2e-5ba2-40e7-956f-451ce485242e","status":0}, status=OK}
Sep 25, 2021 2:24:39 AM net.sourceforge.marathon.javaagent.server.JavaServer serve
INFO: JavaServer.serve(POST /session): {
  "desiredCapabilities": {
    "browserName": "java",
    "platform": "ANY"
  },
  "capabilities": {
    "firstMatch": [
      {
        "browserName": "java"
      }
    ]
  }
}
Sep 25, 2021 2:24:39 AM net.sourceforge.marathon.javaagent.server.JavaServer createSession
INFO: Creating device with type: EVENT_QUEUE
Sep 25, 2021 2:24:39 AM net.sourceforge.marathon.javaagent.Device getDevice
INFO: Creating a EVENT_QUEUE device
Sep 25, 2021 2:24:39 AM net.sourceforge.marathon.javaagent.server.JavaServer serve
INFO: POST(/session, {"desiredCapabilities":{"browserName":"java","platform":"ANY"},"capabilities":{"firstMatch":[{"browserName":"java"}]}}) = {data=, status=REDIRECT}
Sep 25, 2021 2:24:39 AM net.sourceforge.marathon.javaagent.server.JavaServer serve
INFO: JavaServer.serve(GET /session/6aed6e21-2aac-4d44-87d8-aa99cd58c34c): {}
Sep 25, 2021 2:24:39 AM net.sourceforge.marathon.javaagent.server.JavaServer serve
INFO: GET(/session/6aed6e21-2aac-4d44-87d8-aa99cd58c34c) = {data={"name":"getCapabilities","sessionId":"6aed6e21-2aac-4d44-87d8-aa99cd58c34c","value":{"applicationCacheEnabled":false,"rotatable":false,"loggingPrefs":{"driver":"ALL"},"handlesAlerts":false,"databaseEnabled":false,"version":"1.0","platform":"ANY","browserConnectionEnabled":false,"nativeEvents":false,"acceptSslCerts":false,"locationContextEnabled":false,"webStorageEnabled":false,"browserName":"java","takesScreenshot":true,"javascriptEnabled":true,"cssSelectorsEnabled":false},"status":0}, status=OK}
Sep 25, 2021 2:24:39 AM org.openqa.selenium.remote.ProtocolHandshake createSession
INFO: Detected dialect: OSS
Sep 25, 2021 2:24:39 AM net.sourceforge.marathon.javaagent.server.JavaServer serve
INFO: JavaServer.serve(POST /session/6aed6e21-2aac-4d44-87d8-aa99cd58c34c/element): {
  "using": "name",
  "value": "sniper reset button"
}
Sep 25, 2021 2:24:39 AM net.sourceforge.marathon.javaagent.server.JavaServer serve
INFO: POST(/session/6aed6e21-2aac-4d44-87d8-aa99cd58c34c/element, {"using":"name","value":"sniper reset button"}) = {data={"name":"findElement","sessionId":"6aed6e21-2aac-4d44-87d8-aa99cd58c34c","value":{"ELEMENT":"e7cb0a6a-7a20-49d6-850b-4e27784a5e2d"},"status":0}, status=OK}
Sep 25, 2021 2:24:39 AM net.sourceforge.marathon.javaagent.server.JavaServer serve
INFO: JavaServer.serve(POST /session/6aed6e21-2aac-4d44-87d8-aa99cd58c34c/element/e7cb0a6a-7a20-49d6-850b-4e27784a5e2d/click): {
  "id": "e7cb0a6a-7a20-49d6-850b-4e27784a5e2d"
}
Sep 25, 2021 2:24:39 AM net.sourceforge.marathon.javaagent.EventQueueDevice dispatchEvent
INFO: java.awt.event.MouseEvent[MOUSE_PRESSED,(37,12),absolute(326,474),button=1,modifiers=Button1,extModifiers=Button1,clickCount=1] on sniper reset button
Sep 25, 2021 2:24:39 AM net.sourceforge.marathon.javaagent.EventQueueDevice dispatchEvent
INFO: java.awt.event.MouseEvent[MOUSE_RELEASED,(37,12),absolute(326,474),button=1,modifiers=Button1,clickCount=1] on sniper reset button
Sep 25, 2021 2:24:39 AM net.sourceforge.marathon.javaagent.EventQueueDevice dispatchEvent
INFO: java.awt.event.MouseEvent[MOUSE_CLICKED,(37,12),absolute(326,474),button=1,modifiers=Button1,clickCount=1] on sniper reset button
Sep 25, 2021 2:24:39 AM net.sourceforge.marathon.javaagent.server.JavaServer serve
INFO: POST(/session/6aed6e21-2aac-4d44-87d8-aa99cd58c34c/element/e7cb0a6a-7a20-49d6-850b-4e27784a5e2d/click, {"id":"e7cb0a6a-7a20-49d6-850b-4e27784a5e2d"}) = {data={"name":"clickElement","sessionId":"6aed6e21-2aac-4d44-87d8-aa99cd58c34c","status":0}, status=OK}
Sep 25, 2021 2:24:39 AM net.sourceforge.marathon.javaagent.server.JavaServer serve
INFO: JavaServer.serve(DELETE /session/6aed6e21-2aac-4d44-87d8-aa99cd58c34c/window): {}
Sep 25, 2021 2:24:39 AM net.sourceforge.marathon.javaagent.server.JavaServer serve
INFO: DELETE(/session/6aed6e21-2aac-4d44-87d8-aa99cd58c34c/window) = {data={"name":"closeSession","sessionId":"6aed6e21-2aac-4d44-87d8-aa99cd58c34c","status":0}, status=OK}
]]></system-err>
</testsuite>
