<?xml version="1.0" encoding="UTF-8"?>
<testsuite name="goos.ui.swing.MainWindowTest" tests="3" skipped="0" failures="0" errors="0" timestamp="2021-11-21T02:27:14" hostname="buildkitsandbox" time="3.824">
  <properties/>
  <testcase name="window has expected features" classname="goos.ui.swing.MainWindowTest" time="2.818"/>
  <testcase name="make user request when join button clicked" classname="goos.ui.swing.MainWindowTest" time="0.819"/>
  <testcase name="make user request when reset button clicked" classname="goos.ui.swing.MainWindowTest" time="0.182"/>
  <system-out><![CDATA[]]></system-out>
  <system-err><![CDATA[Nov 21, 2021 2:27:15 AM io.mockk.impl.log.JULLogger warn
WARNING: Failed to transform class goos/ui/api/UserRequestListener
java.lang.IllegalArgumentException: Unsupported class file major version 59
	at net.bytebuddy.jar.asm.ClassReader.<init>(ClassReader.java:176)
	at net.bytebuddy.jar.asm.ClassReader.<init>(ClassReader.java:158)
	at net.bytebuddy.jar.asm.ClassReader.<init>(ClassReader.java:146)
	at net.bytebuddy.utility.OpenedClassReader.of(OpenedClassReader.java:69)
	at net.bytebuddy.dynamic.scaffold.TypeWriter$Default$ForInlining.create(TypeWriter.java:2877)
	at net.bytebuddy.dynamic.scaffold.TypeWriter$Default.make(TypeWriter.java:1653)
	at net.bytebuddy.dynamic.scaffold.inline.RedefinitionDynamicTypeBuilder.make(RedefinitionDynamicTypeBuilder.java:180)
	at net.bytebuddy.dynamic.scaffold.inline.AbstractInliningDynamicTypeBuilder.make(AbstractInliningDynamicTypeBuilder.java:94)
	at net.bytebuddy.dynamic.DynamicType$Builder$AbstractBase.make(DynamicType.java:2669)
	at io.mockk.proxy.jvm.transformation.InliningClassTransformer.transform(InliningClassTransformer.kt:78)
	at java.instrument/java.lang.instrument.ClassFileTransformer.transform(ClassFileTransformer.java:246)
	at java.instrument/sun.instrument.TransformerManager.transform(TransformerManager.java:188)
	at java.instrument/sun.instrument.InstrumentationImpl.transform(InstrumentationImpl.java:563)
	at java.instrument/sun.instrument.InstrumentationImpl.retransformClasses0(Native Method)
	at java.instrument/sun.instrument.InstrumentationImpl.retransformClasses(InstrumentationImpl.java:167)
	at io.mockk.proxy.jvm.transformation.JvmInlineInstrumentation.retransform(JvmInlineInstrumentation.kt:28)
	at io.mockk.proxy.common.transformation.RetransformInlineInstrumnetation$execute$1.invoke(RetransformInlineInstrumnetation.kt:19)
	at io.mockk.proxy.common.transformation.RetransformInlineInstrumnetation$execute$1.invoke(RetransformInlineInstrumnetation.kt:6)
	at io.mockk.proxy.common.transformation.ClassTransformationSpecMap.applyTransformation(ClassTransformationSpecMap.kt:41)
	at io.mockk.proxy.common.transformation.RetransformInlineInstrumnetation.execute(RetransformInlineInstrumnetation.kt:16)
	at io.mockk.proxy.jvm.ProxyMaker.inline(ProxyMaker.kt:88)
	at io.mockk.proxy.jvm.ProxyMaker.proxy(ProxyMaker.kt:30)
	at io.mockk.impl.instantiation.JvmMockFactory.newProxy(JvmMockFactory.kt:34)
	at io.mockk.impl.instantiation.AbstractMockFactory.newProxy$default(AbstractMockFactory.kt:29)
	at io.mockk.impl.instantiation.AbstractMockFactory.mockk(AbstractMockFactory.kt:59)
	at goos.ui.swing.MainWindowTest$1$1.invokeSuspend(MainWindowTest.kt:90)
	at goos.ui.swing.MainWindowTest$1$1.invoke(MainWindowTest.kt)
	at goos.ui.swing.MainWindowTest$1$1.invoke(MainWindowTest.kt)
	at io.kotest.core.TestConfiguration$beforeTest$1.beforeTest(TestConfiguration.kt:137)
	at io.kotest.core.spec.LifecycleKt.invokeAllBeforeTestCallbacks(lifecycle.kt:76)
	at io.kotest.core.internal.TestCaseExecutor.executeActiveTest(TestCaseExecutor.kt:152)
	at io.kotest.core.internal.TestCaseExecutor.access$executeActiveTest(TestCaseExecutor.kt:57)
	at io.kotest.core.internal.TestCaseExecutor$intercept$innerExecute$1$1.invokeSuspend(TestCaseExecutor.kt:89)
	at io.kotest.core.internal.TestCaseExecutor$intercept$innerExecute$1$1.invoke(TestCaseExecutor.kt)
	at io.kotest.core.internal.TestCaseExecutor$intercept$innerExecute$1$1.invoke(TestCaseExecutor.kt)
	at io.kotest.core.internal.TestCaseExecutor.executeIfEnabled(TestCaseExecutor.kt:117)
	at io.kotest.core.internal.TestCaseExecutor.access$executeIfEnabled(TestCaseExecutor.kt:57)
	at io.kotest.core.internal.TestCaseExecutor$intercept$innerExecute$1.invokeSuspend(TestCaseExecutor.kt:89)
	at io.kotest.core.internal.TestCaseExecutor$intercept$innerExecute$1.invoke(TestCaseExecutor.kt)
	at io.kotest.core.internal.TestCaseExecutor$intercept$innerExecute$1.invoke(TestCaseExecutor.kt)
	at io.kotest.core.internal.TestCaseExecutor.intercept(TestCaseExecutor.kt:103)
	at io.kotest.core.internal.TestCaseExecutor.execute(TestCaseExecutor.kt:69)
	at io.kotest.engine.spec.runners.SingleInstanceSpecRunner.runTest(SingleInstanceSpecRunner.kt:104)
	at io.kotest.engine.spec.runners.SingleInstanceSpecRunner.access$runTest(SingleInstanceSpecRunner.kt:34)
	at io.kotest.engine.spec.runners.SingleInstanceSpecRunner$execute$interceptAndRun$2$4.invokeSuspend(SingleInstanceSpecRunner.kt:57)
	at io.kotest.engine.spec.runners.SingleInstanceSpecRunner$execute$interceptAndRun$2$4.invoke(SingleInstanceSpecRunner.kt)
	at io.kotest.engine.spec.runners.SingleInstanceSpecRunner$execute$interceptAndRun$2$4.invoke(SingleInstanceSpecRunner.kt)
	at io.kotest.engine.launchers.SequentialTestLauncher$launch$3$1$1.invokeSuspend(SequentialTestLauncher.kt:22)
	at kotlin.coroutines.jvm.internal.BaseContinuationImpl.resumeWith(ContinuationImpl.kt:33)
	at kotlinx.coroutines.DispatchedTask.run(DispatchedTask.kt:106)
	at java.base/java.util.concurrent.ThreadPoolExecutor.runWorker(ThreadPoolExecutor.java:1130)
	at java.base/java.util.concurrent.ThreadPoolExecutor$Worker.run(ThreadPoolExecutor.java:630)
	at java.base/java.lang.Thread.run(Thread.java:832)

Nov 21, 2021 2:27:17 AM net.sourceforge.marathon.javaagent.server.JavaServer serve
INFO: JavaServer.serve(POST /session): {
  "desiredCapabilities": {
    "browserName": "java",
    "platform": "ANY"
  },
  "capabilities": {
    "firstMatch": [
      {
        "browserName": "java"
      }
    ]
  }
}
Nov 21, 2021 2:27:17 AM net.sourceforge.marathon.javaagent.server.JavaServer createSession
INFO: Creating device with type: EVENT_QUEUE
Nov 21, 2021 2:27:17 AM net.sourceforge.marathon.javaagent.Device getDevice
INFO: Creating a EVENT_QUEUE device
Nov 21, 2021 2:27:17 AM net.sourceforge.marathon.javaagent.server.JavaServer serve
INFO: POST(/session, {"desiredCapabilities":{"browserName":"java","platform":"ANY"},"capabilities":{"firstMatch":[{"browserName":"java"}]}}) = {data=, status=REDIRECT}
Nov 21, 2021 2:27:17 AM net.sourceforge.marathon.javaagent.server.JavaServer serve
INFO: JavaServer.serve(GET /session/731ec900-8bb4-4976-bec9-59839b8bf034): {}
Nov 21, 2021 2:27:17 AM net.sourceforge.marathon.javaagent.server.JavaServer serve
INFO: GET(/session/731ec900-8bb4-4976-bec9-59839b8bf034) = {data={"name":"getCapabilities","sessionId":"731ec900-8bb4-4976-bec9-59839b8bf034","value":{"applicationCacheEnabled":false,"rotatable":false,"loggingPrefs":{"driver":"ALL"},"handlesAlerts":false,"databaseEnabled":false,"version":"1.0","platform":"ANY","browserConnectionEnabled":false,"nativeEvents":false,"acceptSslCerts":false,"locationContextEnabled":false,"webStorageEnabled":false,"browserName":"java","takesScreenshot":true,"javascriptEnabled":true,"cssSelectorsEnabled":false},"status":0}, status=OK}
Nov 21, 2021 2:27:17 AM org.openqa.selenium.remote.ProtocolHandshake createSession
INFO: Detected dialect: OSS
Nov 21, 2021 2:27:17 AM net.sourceforge.marathon.javaagent.server.JavaServer serve
INFO: JavaServer.serve(POST /session/731ec900-8bb4-4976-bec9-59839b8bf034/element): {
  "using": "css selector",
  "value": "."
}
Nov 21, 2021 2:27:17 AM net.sourceforge.marathon.javaagent.server.JavaServer serve
INFO: POST(/session/731ec900-8bb4-4976-bec9-59839b8bf034/element, {"using":"css selector","value":"."}) = {data={"name":"findElement","sessionId":"731ec900-8bb4-4976-bec9-59839b8bf034","value":{"ELEMENT":"8cc1a472-7cfe-4b79-8e17-fae235f0345a"},"status":0}, status=OK}
Nov 21, 2021 2:27:17 AM net.sourceforge.marathon.javaagent.server.JavaServer serve
INFO: JavaServer.serve(GET /session/731ec900-8bb4-4976-bec9-59839b8bf034/element/8cc1a472-7cfe-4b79-8e17-fae235f0345a/attribute/name): {}
Nov 21, 2021 2:27:17 AM net.sourceforge.marathon.javaagent.server.JavaServer serve
INFO: GET(/session/731ec900-8bb4-4976-bec9-59839b8bf034/element/8cc1a472-7cfe-4b79-8e17-fae235f0345a/attribute/name) = {data={"name":"getElementAttribute","sessionId":"731ec900-8bb4-4976-bec9-59839b8bf034","value":"Auction Sniper Name","status":0}, status=OK}
Nov 21, 2021 2:27:17 AM net.sourceforge.marathon.javaagent.server.JavaServer serve
INFO: JavaServer.serve(POST /session/731ec900-8bb4-4976-bec9-59839b8bf034/element): {
  "using": "css selector",
  "value": "."
}
Nov 21, 2021 2:27:17 AM net.sourceforge.marathon.javaagent.server.JavaServer serve
INFO: POST(/session/731ec900-8bb4-4976-bec9-59839b8bf034/element, {"using":"css selector","value":"."}) = {data={"name":"findElement","sessionId":"731ec900-8bb4-4976-bec9-59839b8bf034","value":{"ELEMENT":"8cc1a472-7cfe-4b79-8e17-fae235f0345a"},"status":0}, status=OK}
Nov 21, 2021 2:27:17 AM net.sourceforge.marathon.javaagent.server.JavaServer serve
INFO: JavaServer.serve(GET /session/731ec900-8bb4-4976-bec9-59839b8bf034/element/8cc1a472-7cfe-4b79-8e17-fae235f0345a/displayed): {}
Nov 21, 2021 2:27:17 AM net.sourceforge.marathon.javaagent.server.JavaServer serve
INFO: GET(/session/731ec900-8bb4-4976-bec9-59839b8bf034/element/8cc1a472-7cfe-4b79-8e17-fae235f0345a/displayed) = {data={"name":"isDisplayed","sessionId":"731ec900-8bb4-4976-bec9-59839b8bf034","value":true,"status":0}, status=OK}
Nov 21, 2021 2:27:17 AM net.sourceforge.marathon.javaagent.server.JavaServer serve
INFO: JavaServer.serve(GET /session/731ec900-8bb4-4976-bec9-59839b8bf034/title): {}
Nov 21, 2021 2:27:17 AM net.sourceforge.marathon.javaagent.server.JavaServer serve
INFO: GET(/session/731ec900-8bb4-4976-bec9-59839b8bf034/title) = {data={"name":"getWindowTitle","sessionId":"731ec900-8bb4-4976-bec9-59839b8bf034","value":"Auction Sniper","status":0}, status=OK}
Nov 21, 2021 2:27:17 AM net.sourceforge.marathon.javaagent.server.JavaServer serve
INFO: JavaServer.serve(POST /session/731ec900-8bb4-4976-bec9-59839b8bf034/element): {
  "using": "name",
  "value": "snipers table"
}
Nov 21, 2021 2:27:17 AM net.sourceforge.marathon.javaagent.server.JavaServer serve
INFO: POST(/session/731ec900-8bb4-4976-bec9-59839b8bf034/element, {"using":"name","value":"snipers table"}) = {data={"name":"findElement","sessionId":"731ec900-8bb4-4976-bec9-59839b8bf034","value":{"ELEMENT":"fe614f46-a054-4771-8372-b6c5f7271020"},"status":0}, status=OK}
Nov 21, 2021 2:27:17 AM net.sourceforge.marathon.javaagent.server.JavaServer serve
INFO: JavaServer.serve(POST /session/731ec900-8bb4-4976-bec9-59839b8bf034/element/fe614f46-a054-4771-8372-b6c5f7271020/elements): {
  "id": "fe614f46-a054-4771-8372-b6c5f7271020",
  "using": "css selector",
  "value": ".::header.::all-items"
}
Nov 21, 2021 2:27:17 AM net.sourceforge.marathon.javaagent.server.JavaServer serve
INFO: POST(/session/731ec900-8bb4-4976-bec9-59839b8bf034/element/fe614f46-a054-4771-8372-b6c5f7271020/elements, {"using":"css selector","id":"fe614f46-a054-4771-8372-b6c5f7271020","value":".::header.::all-items"}) = {data={"name":"findElementsOfElement","sessionId":"731ec900-8bb4-4976-bec9-59839b8bf034","value":[{"ELEMENT":"2dfb53a3-e44d-47bb-93b6-7fb0d6de9917%23%7B%22selector%22%3A%22nth-item%22%2C%22parameters%22%3A%5B1%5D%7D"},{"ELEMENT":"2dfb53a3-e44d-47bb-93b6-7fb0d6de9917%23%7B%22selector%22%3A%22nth-item%22%2C%22parameters%22%3A%5B2%5D%7D"},{"ELEMENT":"2dfb53a3-e44d-47bb-93b6-7fb0d6de9917%23%7B%22selector%22%3A%22nth-item%22%2C%22parameters%22%3A%5B3%5D%7D"},{"ELEMENT":"2dfb53a3-e44d-47bb-93b6-7fb0d6de9917%23%7B%22selector%22%3A%22nth-item%22%2C%22parameters%22%3A%5B4%5D%7D"}],"status":0}, status=OK}
Nov 21, 2021 2:27:17 AM net.sourceforge.marathon.javaagent.server.JavaServer serve
INFO: JavaServer.serve(GET /session/731ec900-8bb4-4976-bec9-59839b8bf034/element/2dfb53a3-e44d-47bb-93b6-7fb0d6de9917%23%7B%22selector%22%3A%22nth-item%22%2C%22parameters%22%3A%5B1%5D%7D/text): {}
Nov 21, 2021 2:27:17 AM net.sourceforge.marathon.javaagent.server.JavaServer serve
INFO: GET(/session/731ec900-8bb4-4976-bec9-59839b8bf034/element/2dfb53a3-e44d-47bb-93b6-7fb0d6de9917%23%7B%22selector%22%3A%22nth-item%22%2C%22parameters%22%3A%5B1%5D%7D/text) = {data={"name":"getElementText","sessionId":"731ec900-8bb4-4976-bec9-59839b8bf034","value":"Item","status":0}, status=OK}
Nov 21, 2021 2:27:17 AM net.sourceforge.marathon.javaagent.server.JavaServer serve
INFO: JavaServer.serve(GET /session/731ec900-8bb4-4976-bec9-59839b8bf034/element/2dfb53a3-e44d-47bb-93b6-7fb0d6de9917%23%7B%22selector%22%3A%22nth-item%22%2C%22parameters%22%3A%5B2%5D%7D/text): {}
Nov 21, 2021 2:27:17 AM net.sourceforge.marathon.javaagent.server.JavaServer serve
INFO: GET(/session/731ec900-8bb4-4976-bec9-59839b8bf034/element/2dfb53a3-e44d-47bb-93b6-7fb0d6de9917%23%7B%22selector%22%3A%22nth-item%22%2C%22parameters%22%3A%5B2%5D%7D/text) = {data={"name":"getElementText","sessionId":"731ec900-8bb4-4976-bec9-59839b8bf034","value":"Last Price","status":0}, status=OK}
Nov 21, 2021 2:27:17 AM net.sourceforge.marathon.javaagent.server.JavaServer serve
INFO: JavaServer.serve(GET /session/731ec900-8bb4-4976-bec9-59839b8bf034/element/2dfb53a3-e44d-47bb-93b6-7fb0d6de9917%23%7B%22selector%22%3A%22nth-item%22%2C%22parameters%22%3A%5B3%5D%7D/text): {}
Nov 21, 2021 2:27:17 AM net.sourceforge.marathon.javaagent.server.JavaServer serve
INFO: GET(/session/731ec900-8bb4-4976-bec9-59839b8bf034/element/2dfb53a3-e44d-47bb-93b6-7fb0d6de9917%23%7B%22selector%22%3A%22nth-item%22%2C%22parameters%22%3A%5B3%5D%7D/text) = {data={"name":"getElementText","sessionId":"731ec900-8bb4-4976-bec9-59839b8bf034","value":"Last Bid","status":0}, status=OK}
Nov 21, 2021 2:27:17 AM net.sourceforge.marathon.javaagent.server.JavaServer serve
INFO: JavaServer.serve(GET /session/731ec900-8bb4-4976-bec9-59839b8bf034/element/2dfb53a3-e44d-47bb-93b6-7fb0d6de9917%23%7B%22selector%22%3A%22nth-item%22%2C%22parameters%22%3A%5B4%5D%7D/text): {}
Nov 21, 2021 2:27:17 AM net.sourceforge.marathon.javaagent.server.JavaServer serve
INFO: GET(/session/731ec900-8bb4-4976-bec9-59839b8bf034/element/2dfb53a3-e44d-47bb-93b6-7fb0d6de9917%23%7B%22selector%22%3A%22nth-item%22%2C%22parameters%22%3A%5B4%5D%7D/text) = {data={"name":"getElementText","sessionId":"731ec900-8bb4-4976-bec9-59839b8bf034","value":"State","status":0}, status=OK}
Nov 21, 2021 2:27:17 AM net.sourceforge.marathon.javaagent.server.JavaServer serve
INFO: JavaServer.serve(DELETE /session/731ec900-8bb4-4976-bec9-59839b8bf034/window): {}
Nov 21, 2021 2:27:17 AM net.sourceforge.marathon.javaagent.server.JavaServer serve
INFO: DELETE(/session/731ec900-8bb4-4976-bec9-59839b8bf034/window) = {data={"name":"closeSession","sessionId":"731ec900-8bb4-4976-bec9-59839b8bf034","status":0}, status=OK}
Nov 21, 2021 2:27:17 AM net.sourceforge.marathon.javaagent.server.JavaServer serve
INFO: JavaServer.serve(POST /session): {
  "desiredCapabilities": {
    "browserName": "java",
    "platform": "ANY"
  },
  "capabilities": {
    "firstMatch": [
      {
        "browserName": "java"
      }
    ]
  }
}
Nov 21, 2021 2:27:17 AM net.sourceforge.marathon.javaagent.server.JavaServer createSession
INFO: Creating device with type: EVENT_QUEUE
Nov 21, 2021 2:27:17 AM net.sourceforge.marathon.javaagent.Device getDevice
INFO: Creating a EVENT_QUEUE device
Nov 21, 2021 2:27:17 AM net.sourceforge.marathon.javaagent.server.JavaServer serve
INFO: POST(/session, {"desiredCapabilities":{"browserName":"java","platform":"ANY"},"capabilities":{"firstMatch":[{"browserName":"java"}]}}) = {data=, status=REDIRECT}
Nov 21, 2021 2:27:17 AM net.sourceforge.marathon.javaagent.server.JavaServer serve
INFO: JavaServer.serve(GET /session/f0d3500f-f1c8-42fd-9297-16589eeaaaa7): {}
Nov 21, 2021 2:27:17 AM net.sourceforge.marathon.javaagent.server.JavaServer serve
INFO: GET(/session/f0d3500f-f1c8-42fd-9297-16589eeaaaa7) = {data={"name":"getCapabilities","sessionId":"f0d3500f-f1c8-42fd-9297-16589eeaaaa7","value":{"applicationCacheEnabled":false,"rotatable":false,"loggingPrefs":{"driver":"ALL"},"handlesAlerts":false,"databaseEnabled":false,"version":"1.0","platform":"ANY","browserConnectionEnabled":false,"nativeEvents":false,"acceptSslCerts":false,"locationContextEnabled":false,"webStorageEnabled":false,"browserName":"java","takesScreenshot":true,"javascriptEnabled":true,"cssSelectorsEnabled":false},"status":0}, status=OK}
Nov 21, 2021 2:27:17 AM org.openqa.selenium.remote.ProtocolHandshake createSession
INFO: Detected dialect: OSS
Nov 21, 2021 2:27:17 AM net.sourceforge.marathon.javaagent.server.JavaServer serve
INFO: JavaServer.serve(POST /session/f0d3500f-f1c8-42fd-9297-16589eeaaaa7/element): {
  "using": "name",
  "value": "new item id field"
}
Nov 21, 2021 2:27:17 AM net.sourceforge.marathon.javaagent.server.JavaServer serve
INFO: POST(/session/f0d3500f-f1c8-42fd-9297-16589eeaaaa7/element, {"using":"name","value":"new item id field"}) = {data={"name":"findElement","sessionId":"f0d3500f-f1c8-42fd-9297-16589eeaaaa7","value":{"ELEMENT":"24832a40-6a54-4a5a-a67c-ede616d23baa"},"status":0}, status=OK}
Nov 21, 2021 2:27:17 AM net.sourceforge.marathon.javaagent.server.JavaServer serve
INFO: JavaServer.serve(POST /session/f0d3500f-f1c8-42fd-9297-16589eeaaaa7/element/24832a40-6a54-4a5a-a67c-ede616d23baa/clear): {
  "id": "24832a40-6a54-4a5a-a67c-ede616d23baa"
}
Nov 21, 2021 2:27:17 AM net.sourceforge.marathon.javaagent.server.JavaServer serve
INFO: POST(/session/f0d3500f-f1c8-42fd-9297-16589eeaaaa7/element/24832a40-6a54-4a5a-a67c-ede616d23baa/clear, {"id":"24832a40-6a54-4a5a-a67c-ede616d23baa"}) = {data={"name":"clearElement","sessionId":"f0d3500f-f1c8-42fd-9297-16589eeaaaa7","status":0}, status=OK}
Nov 21, 2021 2:27:17 AM net.sourceforge.marathon.javaagent.server.JavaServer serve
INFO: JavaServer.serve(POST /session/f0d3500f-f1c8-42fd-9297-16589eeaaaa7/element/24832a40-6a54-4a5a-a67c-ede616d23baa/value): {
  "id": "24832a40-6a54-4a5a-a67c-ede616d23baa",
  "value": [
    "an item-id"
  ]
}
Nov 21, 2021 2:27:17 AM net.sourceforge.marathon.javaagent.EventQueueDevice dispatchEvent
INFO: java.awt.event.KeyEvent[KEY_PRESSED,keyCode=65,keyText=A,keyChar='a',keyLocation=KEY_LOCATION_UNKNOWN,rawCode=0,primaryLevelUnicode=0,scancode=0,extendedKeyCode=0x0] on new item id field
Nov 21, 2021 2:27:17 AM net.sourceforge.marathon.javaagent.EventQueueDevice dispatchEvent
INFO: java.awt.event.KeyEvent[KEY_TYPED,keyCode=0,keyText=Unknown keyCode: 0x0,keyChar='a',keyLocation=KEY_LOCATION_UNKNOWN,rawCode=0,primaryLevelUnicode=0,scancode=0,extendedKeyCode=0x0] on new item id field
Nov 21, 2021 2:27:17 AM net.sourceforge.marathon.javaagent.EventQueueDevice dispatchEvent
INFO: java.awt.event.KeyEvent[KEY_RELEASED,keyCode=65,keyText=A,keyChar='a',keyLocation=KEY_LOCATION_UNKNOWN,rawCode=0,primaryLevelUnicode=0,scancode=0,extendedKeyCode=0x0] on new item id field
Nov 21, 2021 2:27:17 AM net.sourceforge.marathon.javaagent.EventQueueDevice dispatchEvent
INFO: java.awt.event.KeyEvent[KEY_PRESSED,keyCode=78,keyText=N,keyChar='n',keyLocation=KEY_LOCATION_UNKNOWN,rawCode=0,primaryLevelUnicode=0,scancode=0,extendedKeyCode=0x0] on new item id field
Nov 21, 2021 2:27:17 AM net.sourceforge.marathon.javaagent.EventQueueDevice dispatchEvent
INFO: java.awt.event.KeyEvent[KEY_TYPED,keyCode=0,keyText=Unknown keyCode: 0x0,keyChar='n',keyLocation=KEY_LOCATION_UNKNOWN,rawCode=0,primaryLevelUnicode=0,scancode=0,extendedKeyCode=0x0] on new item id field
Nov 21, 2021 2:27:17 AM net.sourceforge.marathon.javaagent.EventQueueDevice dispatchEvent
INFO: java.awt.event.KeyEvent[KEY_RELEASED,keyCode=78,keyText=N,keyChar='n',keyLocation=KEY_LOCATION_UNKNOWN,rawCode=0,primaryLevelUnicode=0,scancode=0,extendedKeyCode=0x0] on new item id field
Nov 21, 2021 2:27:17 AM net.sourceforge.marathon.javaagent.EventQueueDevice dispatchEvent
INFO: java.awt.event.KeyEvent[KEY_PRESSED,keyCode=16,keyText=Shift,keyChar=Undefined keyChar,modifiers=Shift,extModifiers=Shift,keyLocation=KEY_LOCATION_UNKNOWN,rawCode=0,primaryLevelUnicode=0,scancode=0,extendedKeyCode=0x0] on new item id field
Nov 21, 2021 2:27:17 AM net.sourceforge.marathon.javaagent.EventQueueDevice dispatchEvent
INFO: java.awt.event.KeyEvent[KEY_PRESSED,keyCode=32,keyText=Space,keyChar=' ',modifiers=Shift,extModifiers=Shift,keyLocation=KEY_LOCATION_UNKNOWN,rawCode=0,primaryLevelUnicode=0,scancode=0,extendedKeyCode=0x0] on new item id field
Nov 21, 2021 2:27:17 AM net.sourceforge.marathon.javaagent.EventQueueDevice dispatchEvent
INFO: java.awt.event.KeyEvent[KEY_TYPED,keyCode=0,keyText=Unknown keyCode: 0x0,keyChar=' ',modifiers=Shift,extModifiers=Shift,keyLocation=KEY_LOCATION_UNKNOWN,rawCode=0,primaryLevelUnicode=0,scancode=0,extendedKeyCode=0x0] on new item id field
Nov 21, 2021 2:27:17 AM net.sourceforge.marathon.javaagent.EventQueueDevice dispatchEvent
INFO: java.awt.event.KeyEvent[KEY_RELEASED,keyCode=32,keyText=Space,keyChar=' ',modifiers=Shift,extModifiers=Shift,keyLocation=KEY_LOCATION_UNKNOWN,rawCode=0,primaryLevelUnicode=0,scancode=0,extendedKeyCode=0x0] on new item id field
Nov 21, 2021 2:27:17 AM net.sourceforge.marathon.javaagent.EventQueueDevice dispatchEvent
INFO: java.awt.event.KeyEvent[KEY_RELEASED,keyCode=16,keyText=Shift,keyChar=Undefined keyChar,keyLocation=KEY_LOCATION_UNKNOWN,rawCode=0,primaryLevelUnicode=0,scancode=0,extendedKeyCode=0x0] on new item id field
Nov 21, 2021 2:27:17 AM net.sourceforge.marathon.javaagent.EventQueueDevice dispatchEvent
INFO: java.awt.event.KeyEvent[KEY_PRESSED,keyCode=73,keyText=I,keyChar='i',keyLocation=KEY_LOCATION_UNKNOWN,rawCode=0,primaryLevelUnicode=0,scancode=0,extendedKeyCode=0x0] on new item id field
Nov 21, 2021 2:27:17 AM net.sourceforge.marathon.javaagent.EventQueueDevice dispatchEvent
INFO: java.awt.event.KeyEvent[KEY_TYPED,keyCode=0,keyText=Unknown keyCode: 0x0,keyChar='i',keyLocation=KEY_LOCATION_UNKNOWN,rawCode=0,primaryLevelUnicode=0,scancode=0,extendedKeyCode=0x0] on new item id field
Nov 21, 2021 2:27:17 AM net.sourceforge.marathon.javaagent.EventQueueDevice dispatchEvent
INFO: java.awt.event.KeyEvent[KEY_RELEASED,keyCode=73,keyText=I,keyChar='i',keyLocation=KEY_LOCATION_UNKNOWN,rawCode=0,primaryLevelUnicode=0,scancode=0,extendedKeyCode=0x0] on new item id field
Nov 21, 2021 2:27:17 AM net.sourceforge.marathon.javaagent.EventQueueDevice dispatchEvent
INFO: java.awt.event.KeyEvent[KEY_PRESSED,keyCode=84,keyText=T,keyChar='t',keyLocation=KEY_LOCATION_UNKNOWN,rawCode=0,primaryLevelUnicode=0,scancode=0,extendedKeyCode=0x0] on new item id field
Nov 21, 2021 2:27:17 AM net.sourceforge.marathon.javaagent.EventQueueDevice dispatchEvent
INFO: java.awt.event.KeyEvent[KEY_TYPED,keyCode=0,keyText=Unknown keyCode: 0x0,keyChar='t',keyLocation=KEY_LOCATION_UNKNOWN,rawCode=0,primaryLevelUnicode=0,scancode=0,extendedKeyCode=0x0] on new item id field
Nov 21, 2021 2:27:17 AM net.sourceforge.marathon.javaagent.EventQueueDevice dispatchEvent
INFO: java.awt.event.KeyEvent[KEY_RELEASED,keyCode=84,keyText=T,keyChar='t',keyLocation=KEY_LOCATION_UNKNOWN,rawCode=0,primaryLevelUnicode=0,scancode=0,extendedKeyCode=0x0] on new item id field
Nov 21, 2021 2:27:17 AM net.sourceforge.marathon.javaagent.EventQueueDevice dispatchEvent
INFO: java.awt.event.KeyEvent[KEY_PRESSED,keyCode=69,keyText=E,keyChar='e',keyLocation=KEY_LOCATION_UNKNOWN,rawCode=0,primaryLevelUnicode=0,scancode=0,extendedKeyCode=0x0] on new item id field
Nov 21, 2021 2:27:17 AM net.sourceforge.marathon.javaagent.EventQueueDevice dispatchEvent
INFO: java.awt.event.KeyEvent[KEY_TYPED,keyCode=0,keyText=Unknown keyCode: 0x0,keyChar='e',keyLocation=KEY_LOCATION_UNKNOWN,rawCode=0,primaryLevelUnicode=0,scancode=0,extendedKeyCode=0x0] on new item id field
Nov 21, 2021 2:27:17 AM net.sourceforge.marathon.javaagent.EventQueueDevice dispatchEvent
INFO: java.awt.event.KeyEvent[KEY_RELEASED,keyCode=69,keyText=E,keyChar='e',keyLocation=KEY_LOCATION_UNKNOWN,rawCode=0,primaryLevelUnicode=0,scancode=0,extendedKeyCode=0x0] on new item id field
Nov 21, 2021 2:27:17 AM net.sourceforge.marathon.javaagent.EventQueueDevice dispatchEvent
INFO: java.awt.event.KeyEvent[KEY_PRESSED,keyCode=77,keyText=M,keyChar='m',keyLocation=KEY_LOCATION_UNKNOWN,rawCode=0,primaryLevelUnicode=0,scancode=0,extendedKeyCode=0x0] on new item id field
Nov 21, 2021 2:27:17 AM net.sourceforge.marathon.javaagent.EventQueueDevice dispatchEvent
INFO: java.awt.event.KeyEvent[KEY_TYPED,keyCode=0,keyText=Unknown keyCode: 0x0,keyChar='m',keyLocation=KEY_LOCATION_UNKNOWN,rawCode=0,primaryLevelUnicode=0,scancode=0,extendedKeyCode=0x0] on new item id field
Nov 21, 2021 2:27:18 AM net.sourceforge.marathon.javaagent.EventQueueDevice dispatchEvent
INFO: java.awt.event.KeyEvent[KEY_RELEASED,keyCode=77,keyText=M,keyChar='m',keyLocation=KEY_LOCATION_UNKNOWN,rawCode=0,primaryLevelUnicode=0,scancode=0,extendedKeyCode=0x0] on new item id field
Nov 21, 2021 2:27:18 AM net.sourceforge.marathon.javaagent.EventQueueDevice dispatchEvent
INFO: java.awt.event.KeyEvent[KEY_PRESSED,keyCode=45,keyText=Minus,keyChar='-',keyLocation=KEY_LOCATION_UNKNOWN,rawCode=0,primaryLevelUnicode=0,scancode=0,extendedKeyCode=0x0] on new item id field
Nov 21, 2021 2:27:18 AM net.sourceforge.marathon.javaagent.EventQueueDevice dispatchEvent
INFO: java.awt.event.KeyEvent[KEY_TYPED,keyCode=0,keyText=Unknown keyCode: 0x0,keyChar='-',keyLocation=KEY_LOCATION_UNKNOWN,rawCode=0,primaryLevelUnicode=0,scancode=0,extendedKeyCode=0x0] on new item id field
Nov 21, 2021 2:27:18 AM net.sourceforge.marathon.javaagent.EventQueueDevice dispatchEvent
INFO: java.awt.event.KeyEvent[KEY_RELEASED,keyCode=45,keyText=Minus,keyChar='-',keyLocation=KEY_LOCATION_UNKNOWN,rawCode=0,primaryLevelUnicode=0,scancode=0,extendedKeyCode=0x0] on new item id field
Nov 21, 2021 2:27:18 AM net.sourceforge.marathon.javaagent.EventQueueDevice dispatchEvent
INFO: java.awt.event.KeyEvent[KEY_PRESSED,keyCode=73,keyText=I,keyChar='i',keyLocation=KEY_LOCATION_UNKNOWN,rawCode=0,primaryLevelUnicode=0,scancode=0,extendedKeyCode=0x0] on new item id field
Nov 21, 2021 2:27:18 AM net.sourceforge.marathon.javaagent.EventQueueDevice dispatchEvent
INFO: java.awt.event.KeyEvent[KEY_TYPED,keyCode=0,keyText=Unknown keyCode: 0x0,keyChar='i',keyLocation=KEY_LOCATION_UNKNOWN,rawCode=0,primaryLevelUnicode=0,scancode=0,extendedKeyCode=0x0] on new item id field
Nov 21, 2021 2:27:18 AM net.sourceforge.marathon.javaagent.EventQueueDevice dispatchEvent
INFO: java.awt.event.KeyEvent[KEY_RELEASED,keyCode=73,keyText=I,keyChar='i',keyLocation=KEY_LOCATION_UNKNOWN,rawCode=0,primaryLevelUnicode=0,scancode=0,extendedKeyCode=0x0] on new item id field
Nov 21, 2021 2:27:18 AM net.sourceforge.marathon.javaagent.EventQueueDevice dispatchEvent
INFO: java.awt.event.KeyEvent[KEY_PRESSED,keyCode=68,keyText=D,keyChar='d',keyLocation=KEY_LOCATION_UNKNOWN,rawCode=0,primaryLevelUnicode=0,scancode=0,extendedKeyCode=0x0] on new item id field
Nov 21, 2021 2:27:18 AM net.sourceforge.marathon.javaagent.EventQueueDevice dispatchEvent
INFO: java.awt.event.KeyEvent[KEY_TYPED,keyCode=0,keyText=Unknown keyCode: 0x0,keyChar='d',keyLocation=KEY_LOCATION_UNKNOWN,rawCode=0,primaryLevelUnicode=0,scancode=0,extendedKeyCode=0x0] on new item id field
Nov 21, 2021 2:27:18 AM net.sourceforge.marathon.javaagent.EventQueueDevice dispatchEvent
INFO: java.awt.event.KeyEvent[KEY_RELEASED,keyCode=68,keyText=D,keyChar='d',keyLocation=KEY_LOCATION_UNKNOWN,rawCode=0,primaryLevelUnicode=0,scancode=0,extendedKeyCode=0x0] on new item id field
Nov 21, 2021 2:27:18 AM net.sourceforge.marathon.javaagent.server.JavaServer serve
INFO: POST(/session/f0d3500f-f1c8-42fd-9297-16589eeaaaa7/element/24832a40-6a54-4a5a-a67c-ede616d23baa/value, {"id":"24832a40-6a54-4a5a-a67c-ede616d23baa","value":["an item-id"]}) = {data={"name":"sendKeysElement","sessionId":"f0d3500f-f1c8-42fd-9297-16589eeaaaa7","status":0}, status=OK}
Nov 21, 2021 2:27:18 AM net.sourceforge.marathon.javaagent.server.JavaServer serve
INFO: JavaServer.serve(POST /session/f0d3500f-f1c8-42fd-9297-16589eeaaaa7/element): {
  "using": "name",
  "value": "new item stop price field"
}
Nov 21, 2021 2:27:18 AM net.sourceforge.marathon.javaagent.server.JavaServer serve
INFO: POST(/session/f0d3500f-f1c8-42fd-9297-16589eeaaaa7/element, {"using":"name","value":"new item stop price field"}) = {data={"name":"findElement","sessionId":"f0d3500f-f1c8-42fd-9297-16589eeaaaa7","value":{"ELEMENT":"2a2cd9e2-1384-4f61-b785-bfab9b83f07c"},"status":0}, status=OK}
Nov 21, 2021 2:27:18 AM net.sourceforge.marathon.javaagent.server.JavaServer serve
INFO: JavaServer.serve(POST /session/f0d3500f-f1c8-42fd-9297-16589eeaaaa7/element/2a2cd9e2-1384-4f61-b785-bfab9b83f07c/clear): {
  "id": "2a2cd9e2-1384-4f61-b785-bfab9b83f07c"
}
Nov 21, 2021 2:27:18 AM net.sourceforge.marathon.javaagent.server.JavaServer serve
INFO: POST(/session/f0d3500f-f1c8-42fd-9297-16589eeaaaa7/element/2a2cd9e2-1384-4f61-b785-bfab9b83f07c/clear, {"id":"2a2cd9e2-1384-4f61-b785-bfab9b83f07c"}) = {data={"name":"clearElement","sessionId":"f0d3500f-f1c8-42fd-9297-16589eeaaaa7","status":0}, status=OK}
Nov 21, 2021 2:27:18 AM net.sourceforge.marathon.javaagent.server.JavaServer serve
INFO: JavaServer.serve(POST /session/f0d3500f-f1c8-42fd-9297-16589eeaaaa7/element/2a2cd9e2-1384-4f61-b785-bfab9b83f07c/value): {
  "id": "2a2cd9e2-1384-4f61-b785-bfab9b83f07c",
  "value": [
    "11000"
  ]
}
Nov 21, 2021 2:27:18 AM net.sourceforge.marathon.javaagent.EventQueueDevice dispatchEvent
INFO: java.awt.event.KeyEvent[KEY_PRESSED,keyCode=49,keyText=1,keyChar='1',keyLocation=KEY_LOCATION_UNKNOWN,rawCode=0,primaryLevelUnicode=0,scancode=0,extendedKeyCode=0x0] on new item stop price field
Nov 21, 2021 2:27:18 AM net.sourceforge.marathon.javaagent.EventQueueDevice dispatchEvent
INFO: java.awt.event.KeyEvent[KEY_TYPED,keyCode=0,keyText=Unknown keyCode: 0x0,keyChar='1',keyLocation=KEY_LOCATION_UNKNOWN,rawCode=0,primaryLevelUnicode=0,scancode=0,extendedKeyCode=0x0] on new item stop price field
Nov 21, 2021 2:27:18 AM net.sourceforge.marathon.javaagent.EventQueueDevice dispatchEvent
INFO: java.awt.event.KeyEvent[KEY_RELEASED,keyCode=49,keyText=1,keyChar='1',keyLocation=KEY_LOCATION_UNKNOWN,rawCode=0,primaryLevelUnicode=0,scancode=0,extendedKeyCode=0x0] on new item stop price field
Nov 21, 2021 2:27:18 AM net.sourceforge.marathon.javaagent.EventQueueDevice dispatchEvent
INFO: java.awt.event.KeyEvent[KEY_PRESSED,keyCode=49,keyText=1,keyChar='1',keyLocation=KEY_LOCATION_UNKNOWN,rawCode=0,primaryLevelUnicode=0,scancode=0,extendedKeyCode=0x0] on new item stop price field
Nov 21, 2021 2:27:18 AM net.sourceforge.marathon.javaagent.EventQueueDevice dispatchEvent
INFO: java.awt.event.KeyEvent[KEY_TYPED,keyCode=0,keyText=Unknown keyCode: 0x0,keyChar='1',keyLocation=KEY_LOCATION_UNKNOWN,rawCode=0,primaryLevelUnicode=0,scancode=0,extendedKeyCode=0x0] on new item stop price field
Nov 21, 2021 2:27:18 AM net.sourceforge.marathon.javaagent.EventQueueDevice dispatchEvent
INFO: java.awt.event.KeyEvent[KEY_RELEASED,keyCode=49,keyText=1,keyChar='1',keyLocation=KEY_LOCATION_UNKNOWN,rawCode=0,primaryLevelUnicode=0,scancode=0,extendedKeyCode=0x0] on new item stop price field
Nov 21, 2021 2:27:18 AM net.sourceforge.marathon.javaagent.EventQueueDevice dispatchEvent
INFO: java.awt.event.KeyEvent[KEY_PRESSED,keyCode=48,keyText=0,keyChar='0',keyLocation=KEY_LOCATION_UNKNOWN,rawCode=0,primaryLevelUnicode=0,scancode=0,extendedKeyCode=0x0] on new item stop price field
Nov 21, 2021 2:27:18 AM net.sourceforge.marathon.javaagent.EventQueueDevice dispatchEvent
INFO: java.awt.event.KeyEvent[KEY_TYPED,keyCode=0,keyText=Unknown keyCode: 0x0,keyChar='0',keyLocation=KEY_LOCATION_UNKNOWN,rawCode=0,primaryLevelUnicode=0,scancode=0,extendedKeyCode=0x0] on new item stop price field
Nov 21, 2021 2:27:18 AM net.sourceforge.marathon.javaagent.EventQueueDevice dispatchEvent
INFO: java.awt.event.KeyEvent[KEY_RELEASED,keyCode=48,keyText=0,keyChar='0',keyLocation=KEY_LOCATION_UNKNOWN,rawCode=0,primaryLevelUnicode=0,scancode=0,extendedKeyCode=0x0] on new item stop price field
Nov 21, 2021 2:27:18 AM net.sourceforge.marathon.javaagent.EventQueueDevice dispatchEvent
INFO: java.awt.event.KeyEvent[KEY_PRESSED,keyCode=48,keyText=0,keyChar='0',keyLocation=KEY_LOCATION_UNKNOWN,rawCode=0,primaryLevelUnicode=0,scancode=0,extendedKeyCode=0x0] on new item stop price field
Nov 21, 2021 2:27:18 AM net.sourceforge.marathon.javaagent.EventQueueDevice dispatchEvent
INFO: java.awt.event.KeyEvent[KEY_TYPED,keyCode=0,keyText=Unknown keyCode: 0x0,keyChar='0',keyLocation=KEY_LOCATION_UNKNOWN,rawCode=0,primaryLevelUnicode=0,scancode=0,extendedKeyCode=0x0] on new item stop price field
Nov 21, 2021 2:27:18 AM net.sourceforge.marathon.javaagent.EventQueueDevice dispatchEvent
INFO: java.awt.event.KeyEvent[KEY_RELEASED,keyCode=48,keyText=0,keyChar='0',keyLocation=KEY_LOCATION_UNKNOWN,rawCode=0,primaryLevelUnicode=0,scancode=0,extendedKeyCode=0x0] on new item stop price field
Nov 21, 2021 2:27:18 AM net.sourceforge.marathon.javaagent.EventQueueDevice dispatchEvent
INFO: java.awt.event.KeyEvent[KEY_PRESSED,keyCode=48,keyText=0,keyChar='0',keyLocation=KEY_LOCATION_UNKNOWN,rawCode=0,primaryLevelUnicode=0,scancode=0,extendedKeyCode=0x0] on new item stop price field
Nov 21, 2021 2:27:18 AM net.sourceforge.marathon.javaagent.EventQueueDevice dispatchEvent
INFO: java.awt.event.KeyEvent[KEY_TYPED,keyCode=0,keyText=Unknown keyCode: 0x0,keyChar='0',keyLocation=KEY_LOCATION_UNKNOWN,rawCode=0,primaryLevelUnicode=0,scancode=0,extendedKeyCode=0x0] on new item stop price field
Nov 21, 2021 2:27:18 AM net.sourceforge.marathon.javaagent.EventQueueDevice dispatchEvent
INFO: java.awt.event.KeyEvent[KEY_RELEASED,keyCode=48,keyText=0,keyChar='0',keyLocation=KEY_LOCATION_UNKNOWN,rawCode=0,primaryLevelUnicode=0,scancode=0,extendedKeyCode=0x0] on new item stop price field
Nov 21, 2021 2:27:18 AM net.sourceforge.marathon.javaagent.server.JavaServer serve
INFO: POST(/session/f0d3500f-f1c8-42fd-9297-16589eeaaaa7/element/2a2cd9e2-1384-4f61-b785-bfab9b83f07c/value, {"id":"2a2cd9e2-1384-4f61-b785-bfab9b83f07c","value":["11000"]}) = {data={"name":"sendKeysElement","sessionId":"f0d3500f-f1c8-42fd-9297-16589eeaaaa7","status":0}, status=OK}
Nov 21, 2021 2:27:18 AM net.sourceforge.marathon.javaagent.server.JavaServer serve
INFO: JavaServer.serve(POST /session/f0d3500f-f1c8-42fd-9297-16589eeaaaa7/element): {
  "using": "name",
  "value": "join button"
}
Nov 21, 2021 2:27:18 AM net.sourceforge.marathon.javaagent.server.JavaServer serve
INFO: POST(/session/f0d3500f-f1c8-42fd-9297-16589eeaaaa7/element, {"using":"name","value":"join button"}) = {data={"name":"findElement","sessionId":"f0d3500f-f1c8-42fd-9297-16589eeaaaa7","value":{"ELEMENT":"25d91a02-9378-434f-a60a-47cb735a9964"},"status":0}, status=OK}
Nov 21, 2021 2:27:18 AM net.sourceforge.marathon.javaagent.server.JavaServer serve
INFO: JavaServer.serve(POST /session/f0d3500f-f1c8-42fd-9297-16589eeaaaa7/element/25d91a02-9378-434f-a60a-47cb735a9964/click): {
  "id": "25d91a02-9378-434f-a60a-47cb735a9964"
}
Nov 21, 2021 2:27:18 AM net.sourceforge.marathon.javaagent.EventQueueDevice dispatchEvent
INFO: java.awt.event.MouseEvent[MOUSE_PRESSED,(58,12),absolute(589,17),button=1,modifiers=Button1,extModifiers=Button1,clickCount=1] on join button
Nov 21, 2021 2:27:18 AM net.sourceforge.marathon.javaagent.EventQueueDevice dispatchEvent
INFO: java.awt.event.MouseEvent[MOUSE_RELEASED,(58,12),absolute(589,17),button=1,modifiers=Button1,clickCount=1] on join button
Nov 21, 2021 2:27:18 AM net.sourceforge.marathon.javaagent.EventQueueDevice dispatchEvent
INFO: java.awt.event.MouseEvent[MOUSE_CLICKED,(58,12),absolute(589,17),button=1,modifiers=Button1,clickCount=1] on join button
Nov 21, 2021 2:27:18 AM net.sourceforge.marathon.javaagent.server.JavaServer serve
INFO: POST(/session/f0d3500f-f1c8-42fd-9297-16589eeaaaa7/element/25d91a02-9378-434f-a60a-47cb735a9964/click, {"id":"25d91a02-9378-434f-a60a-47cb735a9964"}) = {data={"name":"clickElement","sessionId":"f0d3500f-f1c8-42fd-9297-16589eeaaaa7","status":0}, status=OK}
Nov 21, 2021 2:27:18 AM net.sourceforge.marathon.javaagent.server.JavaServer serve
INFO: JavaServer.serve(DELETE /session/f0d3500f-f1c8-42fd-9297-16589eeaaaa7/window): {}
Nov 21, 2021 2:27:18 AM net.sourceforge.marathon.javaagent.server.JavaServer serve
INFO: DELETE(/session/f0d3500f-f1c8-42fd-9297-16589eeaaaa7/window) = {data={"name":"closeSession","sessionId":"f0d3500f-f1c8-42fd-9297-16589eeaaaa7","status":0}, status=OK}
Nov 21, 2021 2:27:18 AM net.sourceforge.marathon.javaagent.server.JavaServer serve
INFO: JavaServer.serve(POST /session): {
  "desiredCapabilities": {
    "browserName": "java",
    "platform": "ANY"
  },
  "capabilities": {
    "firstMatch": [
      {
        "browserName": "java"
      }
    ]
  }
}
Nov 21, 2021 2:27:18 AM net.sourceforge.marathon.javaagent.server.JavaServer createSession
INFO: Creating device with type: EVENT_QUEUE
Nov 21, 2021 2:27:18 AM net.sourceforge.marathon.javaagent.Device getDevice
INFO: Creating a EVENT_QUEUE device
Nov 21, 2021 2:27:18 AM net.sourceforge.marathon.javaagent.server.JavaServer serve
INFO: POST(/session, {"desiredCapabilities":{"browserName":"java","platform":"ANY"},"capabilities":{"firstMatch":[{"browserName":"java"}]}}) = {data=, status=REDIRECT}
Nov 21, 2021 2:27:18 AM net.sourceforge.marathon.javaagent.server.JavaServer serve
INFO: JavaServer.serve(GET /session/e23c1b87-db3b-49b8-8656-6b43053a54b3): {}
Nov 21, 2021 2:27:18 AM net.sourceforge.marathon.javaagent.server.JavaServer serve
INFO: GET(/session/e23c1b87-db3b-49b8-8656-6b43053a54b3) = {data={"name":"getCapabilities","sessionId":"e23c1b87-db3b-49b8-8656-6b43053a54b3","value":{"applicationCacheEnabled":false,"rotatable":false,"loggingPrefs":{"driver":"ALL"},"handlesAlerts":false,"databaseEnabled":false,"version":"1.0","platform":"ANY","browserConnectionEnabled":false,"nativeEvents":false,"acceptSslCerts":false,"locationContextEnabled":false,"webStorageEnabled":false,"browserName":"java","takesScreenshot":true,"javascriptEnabled":true,"cssSelectorsEnabled":false},"status":0}, status=OK}
Nov 21, 2021 2:27:18 AM org.openqa.selenium.remote.ProtocolHandshake createSession
INFO: Detected dialect: OSS
Nov 21, 2021 2:27:18 AM net.sourceforge.marathon.javaagent.server.JavaServer serve
INFO: JavaServer.serve(POST /session/e23c1b87-db3b-49b8-8656-6b43053a54b3/element): {
  "using": "name",
  "value": "sniper reset button"
}
Nov 21, 2021 2:27:18 AM net.sourceforge.marathon.javaagent.server.JavaServer serve
INFO: POST(/session/e23c1b87-db3b-49b8-8656-6b43053a54b3/element, {"using":"name","value":"sniper reset button"}) = {data={"name":"findElement","sessionId":"e23c1b87-db3b-49b8-8656-6b43053a54b3","value":{"ELEMENT":"a063cb95-fbac-45af-96d0-778c54473c80"},"status":0}, status=OK}
Nov 21, 2021 2:27:18 AM net.sourceforge.marathon.javaagent.server.JavaServer serve
INFO: JavaServer.serve(POST /session/e23c1b87-db3b-49b8-8656-6b43053a54b3/element/a063cb95-fbac-45af-96d0-778c54473c80/click): {
  "id": "a063cb95-fbac-45af-96d0-778c54473c80"
}
Nov 21, 2021 2:27:18 AM net.sourceforge.marathon.javaagent.EventQueueDevice dispatchEvent
INFO: java.awt.event.MouseEvent[MOUSE_PRESSED,(37,12),absolute(326,474),button=1,modifiers=Button1,extModifiers=Button1,clickCount=1] on sniper reset button
Nov 21, 2021 2:27:18 AM net.sourceforge.marathon.javaagent.EventQueueDevice dispatchEvent
INFO: java.awt.event.MouseEvent[MOUSE_RELEASED,(37,12),absolute(326,474),button=1,modifiers=Button1,clickCount=1] on sniper reset button
Nov 21, 2021 2:27:18 AM net.sourceforge.marathon.javaagent.EventQueueDevice dispatchEvent
INFO: java.awt.event.MouseEvent[MOUSE_CLICKED,(37,12),absolute(326,474),button=1,modifiers=Button1,clickCount=1] on sniper reset button
Nov 21, 2021 2:27:18 AM net.sourceforge.marathon.javaagent.server.JavaServer serve
INFO: POST(/session/e23c1b87-db3b-49b8-8656-6b43053a54b3/element/a063cb95-fbac-45af-96d0-778c54473c80/click, {"id":"a063cb95-fbac-45af-96d0-778c54473c80"}) = {data={"name":"clickElement","sessionId":"e23c1b87-db3b-49b8-8656-6b43053a54b3","status":0}, status=OK}
Nov 21, 2021 2:27:18 AM net.sourceforge.marathon.javaagent.server.JavaServer serve
INFO: JavaServer.serve(DELETE /session/e23c1b87-db3b-49b8-8656-6b43053a54b3/window): {}
Nov 21, 2021 2:27:18 AM net.sourceforge.marathon.javaagent.server.JavaServer serve
INFO: DELETE(/session/e23c1b87-db3b-49b8-8656-6b43053a54b3/window) = {data={"name":"closeSession","sessionId":"e23c1b87-db3b-49b8-8656-6b43053a54b3","status":0}, status=OK}
]]></system-err>
</testsuite>
