<?xml version="1.0" encoding="UTF-8"?>
<testsuite name="goos.ui.swing.MainWindowTest" tests="3" skipped="0" failures="0" errors="0" timestamp="2021-11-01T02:26:57" hostname="buildkitsandbox" time="4.092">
  <properties/>
  <testcase name="window has expected features" classname="goos.ui.swing.MainWindowTest" time="3.086"/>
  <testcase name="make user request when join button clicked" classname="goos.ui.swing.MainWindowTest" time="0.818"/>
  <testcase name="make user request when reset button clicked" classname="goos.ui.swing.MainWindowTest" time="0.184"/>
  <system-out><![CDATA[]]></system-out>
  <system-err><![CDATA[Nov 01, 2021 2:26:57 AM io.mockk.impl.log.JULLogger warn
WARNING: Failed to transform class goos/ui/api/UserRequestListener
java.lang.IllegalArgumentException: Unsupported class file major version 59
	at net.bytebuddy.jar.asm.ClassReader.<init>(ClassReader.java:176)
	at net.bytebuddy.jar.asm.ClassReader.<init>(ClassReader.java:158)
	at net.bytebuddy.jar.asm.ClassReader.<init>(ClassReader.java:146)
	at net.bytebuddy.utility.OpenedClassReader.of(OpenedClassReader.java:69)
	at net.bytebuddy.dynamic.scaffold.TypeWriter$Default$ForInlining.create(TypeWriter.java:2877)
	at net.bytebuddy.dynamic.scaffold.TypeWriter$Default.make(TypeWriter.java:1653)
	at net.bytebuddy.dynamic.scaffold.inline.RedefinitionDynamicTypeBuilder.make(RedefinitionDynamicTypeBuilder.java:180)
	at net.bytebuddy.dynamic.scaffold.inline.AbstractInliningDynamicTypeBuilder.make(AbstractInliningDynamicTypeBuilder.java:94)
	at net.bytebuddy.dynamic.DynamicType$Builder$AbstractBase.make(DynamicType.java:2669)
	at io.mockk.proxy.jvm.transformation.InliningClassTransformer.transform(InliningClassTransformer.kt:78)
	at java.instrument/java.lang.instrument.ClassFileTransformer.transform(ClassFileTransformer.java:246)
	at java.instrument/sun.instrument.TransformerManager.transform(TransformerManager.java:188)
	at java.instrument/sun.instrument.InstrumentationImpl.transform(InstrumentationImpl.java:563)
	at java.instrument/sun.instrument.InstrumentationImpl.retransformClasses0(Native Method)
	at java.instrument/sun.instrument.InstrumentationImpl.retransformClasses(InstrumentationImpl.java:167)
	at io.mockk.proxy.jvm.transformation.JvmInlineInstrumentation.retransform(JvmInlineInstrumentation.kt:28)
	at io.mockk.proxy.common.transformation.RetransformInlineInstrumnetation$execute$1.invoke(RetransformInlineInstrumnetation.kt:19)
	at io.mockk.proxy.common.transformation.RetransformInlineInstrumnetation$execute$1.invoke(RetransformInlineInstrumnetation.kt:6)
	at io.mockk.proxy.common.transformation.ClassTransformationSpecMap.applyTransformation(ClassTransformationSpecMap.kt:41)
	at io.mockk.proxy.common.transformation.RetransformInlineInstrumnetation.execute(RetransformInlineInstrumnetation.kt:16)
	at io.mockk.proxy.jvm.ProxyMaker.inline(ProxyMaker.kt:88)
	at io.mockk.proxy.jvm.ProxyMaker.proxy(ProxyMaker.kt:30)
	at io.mockk.impl.instantiation.JvmMockFactory.newProxy(JvmMockFactory.kt:34)
	at io.mockk.impl.instantiation.AbstractMockFactory.newProxy$default(AbstractMockFactory.kt:29)
	at io.mockk.impl.instantiation.AbstractMockFactory.mockk(AbstractMockFactory.kt:59)
	at goos.ui.swing.MainWindowTest$1$1.invokeSuspend(MainWindowTest.kt:90)
	at goos.ui.swing.MainWindowTest$1$1.invoke(MainWindowTest.kt)
	at goos.ui.swing.MainWindowTest$1$1.invoke(MainWindowTest.kt)
	at io.kotest.core.TestConfiguration$beforeTest$1.beforeTest(TestConfiguration.kt:137)
	at io.kotest.core.spec.LifecycleKt.invokeAllBeforeTestCallbacks(lifecycle.kt:76)
	at io.kotest.core.internal.TestCaseExecutor.executeActiveTest(TestCaseExecutor.kt:152)
	at io.kotest.core.internal.TestCaseExecutor.access$executeActiveTest(TestCaseExecutor.kt:57)
	at io.kotest.core.internal.TestCaseExecutor$intercept$innerExecute$1$1.invokeSuspend(TestCaseExecutor.kt:89)
	at io.kotest.core.internal.TestCaseExecutor$intercept$innerExecute$1$1.invoke(TestCaseExecutor.kt)
	at io.kotest.core.internal.TestCaseExecutor$intercept$innerExecute$1$1.invoke(TestCaseExecutor.kt)
	at io.kotest.core.internal.TestCaseExecutor.executeIfEnabled(TestCaseExecutor.kt:117)
	at io.kotest.core.internal.TestCaseExecutor.access$executeIfEnabled(TestCaseExecutor.kt:57)
	at io.kotest.core.internal.TestCaseExecutor$intercept$innerExecute$1.invokeSuspend(TestCaseExecutor.kt:89)
	at io.kotest.core.internal.TestCaseExecutor$intercept$innerExecute$1.invoke(TestCaseExecutor.kt)
	at io.kotest.core.internal.TestCaseExecutor$intercept$innerExecute$1.invoke(TestCaseExecutor.kt)
	at io.kotest.core.internal.TestCaseExecutor.intercept(TestCaseExecutor.kt:103)
	at io.kotest.core.internal.TestCaseExecutor.execute(TestCaseExecutor.kt:69)
	at io.kotest.engine.spec.runners.SingleInstanceSpecRunner.runTest(SingleInstanceSpecRunner.kt:104)
	at io.kotest.engine.spec.runners.SingleInstanceSpecRunner.access$runTest(SingleInstanceSpecRunner.kt:34)
	at io.kotest.engine.spec.runners.SingleInstanceSpecRunner$execute$interceptAndRun$2$4.invokeSuspend(SingleInstanceSpecRunner.kt:57)
	at io.kotest.engine.spec.runners.SingleInstanceSpecRunner$execute$interceptAndRun$2$4.invoke(SingleInstanceSpecRunner.kt)
	at io.kotest.engine.spec.runners.SingleInstanceSpecRunner$execute$interceptAndRun$2$4.invoke(SingleInstanceSpecRunner.kt)
	at io.kotest.engine.launchers.SequentialTestLauncher$launch$3$1$1.invokeSuspend(SequentialTestLauncher.kt:22)
	at kotlin.coroutines.jvm.internal.BaseContinuationImpl.resumeWith(ContinuationImpl.kt:33)
	at kotlinx.coroutines.DispatchedTask.run(DispatchedTask.kt:106)
	at java.base/java.util.concurrent.ThreadPoolExecutor.runWorker(ThreadPoolExecutor.java:1130)
	at java.base/java.util.concurrent.ThreadPoolExecutor$Worker.run(ThreadPoolExecutor.java:630)
	at java.base/java.lang.Thread.run(Thread.java:832)

Nov 01, 2021 2:26:59 AM net.sourceforge.marathon.javaagent.server.JavaServer serve
INFO: JavaServer.serve(POST /session): {
  "desiredCapabilities": {
    "browserName": "java",
    "platform": "ANY"
  },
  "capabilities": {
    "firstMatch": [
      {
        "browserName": "java"
      }
    ]
  }
}
Nov 01, 2021 2:26:59 AM net.sourceforge.marathon.javaagent.server.JavaServer createSession
INFO: Creating device with type: EVENT_QUEUE
Nov 01, 2021 2:26:59 AM net.sourceforge.marathon.javaagent.Device getDevice
INFO: Creating a EVENT_QUEUE device
Nov 01, 2021 2:26:59 AM net.sourceforge.marathon.javaagent.server.JavaServer serve
INFO: POST(/session, {"desiredCapabilities":{"browserName":"java","platform":"ANY"},"capabilities":{"firstMatch":[{"browserName":"java"}]}}) = {data=, status=REDIRECT}
Nov 01, 2021 2:26:59 AM net.sourceforge.marathon.javaagent.server.JavaServer serve
INFO: JavaServer.serve(GET /session/f50b95a1-a764-447c-b085-cc3d4d478b9b): {}
Nov 01, 2021 2:26:59 AM net.sourceforge.marathon.javaagent.server.JavaServer serve
INFO: GET(/session/f50b95a1-a764-447c-b085-cc3d4d478b9b) = {data={"name":"getCapabilities","sessionId":"f50b95a1-a764-447c-b085-cc3d4d478b9b","value":{"applicationCacheEnabled":false,"rotatable":false,"loggingPrefs":{"driver":"ALL"},"handlesAlerts":false,"databaseEnabled":false,"version":"1.0","platform":"ANY","browserConnectionEnabled":false,"nativeEvents":false,"acceptSslCerts":false,"locationContextEnabled":false,"webStorageEnabled":false,"browserName":"java","takesScreenshot":true,"javascriptEnabled":true,"cssSelectorsEnabled":false},"status":0}, status=OK}
Nov 01, 2021 2:26:59 AM org.openqa.selenium.remote.ProtocolHandshake createSession
INFO: Detected dialect: OSS
Nov 01, 2021 2:26:59 AM net.sourceforge.marathon.javaagent.server.JavaServer serve
INFO: JavaServer.serve(POST /session/f50b95a1-a764-447c-b085-cc3d4d478b9b/element): {
  "using": "css selector",
  "value": "."
}
Nov 01, 2021 2:26:59 AM net.sourceforge.marathon.javaagent.server.JavaServer serve
INFO: POST(/session/f50b95a1-a764-447c-b085-cc3d4d478b9b/element, {"using":"css selector","value":"."}) = {data={"name":"findElement","sessionId":"f50b95a1-a764-447c-b085-cc3d4d478b9b","value":{"ELEMENT":"c51861d0-5bfa-483a-84f3-0da2dbbb4cee"},"status":0}, status=OK}
Nov 01, 2021 2:27:00 AM net.sourceforge.marathon.javaagent.server.JavaServer serve
INFO: JavaServer.serve(GET /session/f50b95a1-a764-447c-b085-cc3d4d478b9b/element/c51861d0-5bfa-483a-84f3-0da2dbbb4cee/attribute/name): {}
Nov 01, 2021 2:27:00 AM net.sourceforge.marathon.javaagent.server.JavaServer serve
INFO: GET(/session/f50b95a1-a764-447c-b085-cc3d4d478b9b/element/c51861d0-5bfa-483a-84f3-0da2dbbb4cee/attribute/name) = {data={"name":"getElementAttribute","sessionId":"f50b95a1-a764-447c-b085-cc3d4d478b9b","value":"Auction Sniper Name","status":0}, status=OK}
Nov 01, 2021 2:27:00 AM net.sourceforge.marathon.javaagent.server.JavaServer serve
INFO: JavaServer.serve(POST /session/f50b95a1-a764-447c-b085-cc3d4d478b9b/element): {
  "using": "css selector",
  "value": "."
}
Nov 01, 2021 2:27:00 AM net.sourceforge.marathon.javaagent.server.JavaServer serve
INFO: POST(/session/f50b95a1-a764-447c-b085-cc3d4d478b9b/element, {"using":"css selector","value":"."}) = {data={"name":"findElement","sessionId":"f50b95a1-a764-447c-b085-cc3d4d478b9b","value":{"ELEMENT":"c51861d0-5bfa-483a-84f3-0da2dbbb4cee"},"status":0}, status=OK}
Nov 01, 2021 2:27:00 AM net.sourceforge.marathon.javaagent.server.JavaServer serve
INFO: JavaServer.serve(GET /session/f50b95a1-a764-447c-b085-cc3d4d478b9b/element/c51861d0-5bfa-483a-84f3-0da2dbbb4cee/displayed): {}
Nov 01, 2021 2:27:00 AM net.sourceforge.marathon.javaagent.server.JavaServer serve
INFO: GET(/session/f50b95a1-a764-447c-b085-cc3d4d478b9b/element/c51861d0-5bfa-483a-84f3-0da2dbbb4cee/displayed) = {data={"name":"isDisplayed","sessionId":"f50b95a1-a764-447c-b085-cc3d4d478b9b","value":true,"status":0}, status=OK}
Nov 01, 2021 2:27:00 AM net.sourceforge.marathon.javaagent.server.JavaServer serve
INFO: JavaServer.serve(GET /session/f50b95a1-a764-447c-b085-cc3d4d478b9b/title): {}
Nov 01, 2021 2:27:00 AM net.sourceforge.marathon.javaagent.server.JavaServer serve
INFO: GET(/session/f50b95a1-a764-447c-b085-cc3d4d478b9b/title) = {data={"name":"getWindowTitle","sessionId":"f50b95a1-a764-447c-b085-cc3d4d478b9b","value":"Auction Sniper","status":0}, status=OK}
Nov 01, 2021 2:27:00 AM net.sourceforge.marathon.javaagent.server.JavaServer serve
INFO: JavaServer.serve(POST /session/f50b95a1-a764-447c-b085-cc3d4d478b9b/element): {
  "using": "name",
  "value": "snipers table"
}
Nov 01, 2021 2:27:00 AM net.sourceforge.marathon.javaagent.server.JavaServer serve
INFO: POST(/session/f50b95a1-a764-447c-b085-cc3d4d478b9b/element, {"using":"name","value":"snipers table"}) = {data={"name":"findElement","sessionId":"f50b95a1-a764-447c-b085-cc3d4d478b9b","value":{"ELEMENT":"a4827207-67d3-40bd-ab7d-d9bbd84c7f94"},"status":0}, status=OK}
Nov 01, 2021 2:27:00 AM net.sourceforge.marathon.javaagent.server.JavaServer serve
INFO: JavaServer.serve(POST /session/f50b95a1-a764-447c-b085-cc3d4d478b9b/element/a4827207-67d3-40bd-ab7d-d9bbd84c7f94/elements): {
  "id": "a4827207-67d3-40bd-ab7d-d9bbd84c7f94",
  "using": "css selector",
  "value": ".::header.::all-items"
}
Nov 01, 2021 2:27:00 AM net.sourceforge.marathon.javaagent.server.JavaServer serve
INFO: POST(/session/f50b95a1-a764-447c-b085-cc3d4d478b9b/element/a4827207-67d3-40bd-ab7d-d9bbd84c7f94/elements, {"using":"css selector","id":"a4827207-67d3-40bd-ab7d-d9bbd84c7f94","value":".::header.::all-items"}) = {data={"name":"findElementsOfElement","sessionId":"f50b95a1-a764-447c-b085-cc3d4d478b9b","value":[{"ELEMENT":"8890f296-932a-498e-916e-12a10899a469%23%7B%22selector%22%3A%22nth-item%22%2C%22parameters%22%3A%5B1%5D%7D"},{"ELEMENT":"8890f296-932a-498e-916e-12a10899a469%23%7B%22selector%22%3A%22nth-item%22%2C%22parameters%22%3A%5B2%5D%7D"},{"ELEMENT":"8890f296-932a-498e-916e-12a10899a469%23%7B%22selector%22%3A%22nth-item%22%2C%22parameters%22%3A%5B3%5D%7D"},{"ELEMENT":"8890f296-932a-498e-916e-12a10899a469%23%7B%22selector%22%3A%22nth-item%22%2C%22parameters%22%3A%5B4%5D%7D"}],"status":0}, status=OK}
Nov 01, 2021 2:27:00 AM net.sourceforge.marathon.javaagent.server.JavaServer serve
INFO: JavaServer.serve(GET /session/f50b95a1-a764-447c-b085-cc3d4d478b9b/element/8890f296-932a-498e-916e-12a10899a469%23%7B%22selector%22%3A%22nth-item%22%2C%22parameters%22%3A%5B1%5D%7D/text): {}
Nov 01, 2021 2:27:00 AM net.sourceforge.marathon.javaagent.server.JavaServer serve
INFO: GET(/session/f50b95a1-a764-447c-b085-cc3d4d478b9b/element/8890f296-932a-498e-916e-12a10899a469%23%7B%22selector%22%3A%22nth-item%22%2C%22parameters%22%3A%5B1%5D%7D/text) = {data={"name":"getElementText","sessionId":"f50b95a1-a764-447c-b085-cc3d4d478b9b","value":"Item","status":0}, status=OK}
Nov 01, 2021 2:27:00 AM net.sourceforge.marathon.javaagent.server.JavaServer serve
INFO: JavaServer.serve(GET /session/f50b95a1-a764-447c-b085-cc3d4d478b9b/element/8890f296-932a-498e-916e-12a10899a469%23%7B%22selector%22%3A%22nth-item%22%2C%22parameters%22%3A%5B2%5D%7D/text): {}
Nov 01, 2021 2:27:00 AM net.sourceforge.marathon.javaagent.server.JavaServer serve
INFO: GET(/session/f50b95a1-a764-447c-b085-cc3d4d478b9b/element/8890f296-932a-498e-916e-12a10899a469%23%7B%22selector%22%3A%22nth-item%22%2C%22parameters%22%3A%5B2%5D%7D/text) = {data={"name":"getElementText","sessionId":"f50b95a1-a764-447c-b085-cc3d4d478b9b","value":"Last Price","status":0}, status=OK}
Nov 01, 2021 2:27:00 AM net.sourceforge.marathon.javaagent.server.JavaServer serve
INFO: JavaServer.serve(GET /session/f50b95a1-a764-447c-b085-cc3d4d478b9b/element/8890f296-932a-498e-916e-12a10899a469%23%7B%22selector%22%3A%22nth-item%22%2C%22parameters%22%3A%5B3%5D%7D/text): {}
Nov 01, 2021 2:27:00 AM net.sourceforge.marathon.javaagent.server.JavaServer serve
INFO: GET(/session/f50b95a1-a764-447c-b085-cc3d4d478b9b/element/8890f296-932a-498e-916e-12a10899a469%23%7B%22selector%22%3A%22nth-item%22%2C%22parameters%22%3A%5B3%5D%7D/text) = {data={"name":"getElementText","sessionId":"f50b95a1-a764-447c-b085-cc3d4d478b9b","value":"Last Bid","status":0}, status=OK}
Nov 01, 2021 2:27:00 AM net.sourceforge.marathon.javaagent.server.JavaServer serve
INFO: JavaServer.serve(GET /session/f50b95a1-a764-447c-b085-cc3d4d478b9b/element/8890f296-932a-498e-916e-12a10899a469%23%7B%22selector%22%3A%22nth-item%22%2C%22parameters%22%3A%5B4%5D%7D/text): {}
Nov 01, 2021 2:27:00 AM net.sourceforge.marathon.javaagent.server.JavaServer serve
INFO: GET(/session/f50b95a1-a764-447c-b085-cc3d4d478b9b/element/8890f296-932a-498e-916e-12a10899a469%23%7B%22selector%22%3A%22nth-item%22%2C%22parameters%22%3A%5B4%5D%7D/text) = {data={"name":"getElementText","sessionId":"f50b95a1-a764-447c-b085-cc3d4d478b9b","value":"State","status":0}, status=OK}
Nov 01, 2021 2:27:00 AM net.sourceforge.marathon.javaagent.server.JavaServer serve
INFO: JavaServer.serve(DELETE /session/f50b95a1-a764-447c-b085-cc3d4d478b9b/window): {}
Nov 01, 2021 2:27:00 AM net.sourceforge.marathon.javaagent.server.JavaServer serve
INFO: DELETE(/session/f50b95a1-a764-447c-b085-cc3d4d478b9b/window) = {data={"name":"closeSession","sessionId":"f50b95a1-a764-447c-b085-cc3d4d478b9b","status":0}, status=OK}
Nov 01, 2021 2:27:00 AM net.sourceforge.marathon.javaagent.server.JavaServer serve
INFO: JavaServer.serve(POST /session): {
  "desiredCapabilities": {
    "browserName": "java",
    "platform": "ANY"
  },
  "capabilities": {
    "firstMatch": [
      {
        "browserName": "java"
      }
    ]
  }
}
Nov 01, 2021 2:27:00 AM net.sourceforge.marathon.javaagent.server.JavaServer createSession
INFO: Creating device with type: EVENT_QUEUE
Nov 01, 2021 2:27:00 AM net.sourceforge.marathon.javaagent.Device getDevice
INFO: Creating a EVENT_QUEUE device
Nov 01, 2021 2:27:00 AM net.sourceforge.marathon.javaagent.server.JavaServer serve
INFO: POST(/session, {"desiredCapabilities":{"browserName":"java","platform":"ANY"},"capabilities":{"firstMatch":[{"browserName":"java"}]}}) = {data=, status=REDIRECT}
Nov 01, 2021 2:27:00 AM net.sourceforge.marathon.javaagent.server.JavaServer serve
INFO: JavaServer.serve(GET /session/1b186b4a-3e96-4399-b293-57079fe148f6): {}
Nov 01, 2021 2:27:00 AM net.sourceforge.marathon.javaagent.server.JavaServer serve
INFO: GET(/session/1b186b4a-3e96-4399-b293-57079fe148f6) = {data={"name":"getCapabilities","sessionId":"1b186b4a-3e96-4399-b293-57079fe148f6","value":{"applicationCacheEnabled":false,"rotatable":false,"loggingPrefs":{"driver":"ALL"},"handlesAlerts":false,"databaseEnabled":false,"version":"1.0","platform":"ANY","browserConnectionEnabled":false,"nativeEvents":false,"acceptSslCerts":false,"locationContextEnabled":false,"webStorageEnabled":false,"browserName":"java","takesScreenshot":true,"javascriptEnabled":true,"cssSelectorsEnabled":false},"status":0}, status=OK}
Nov 01, 2021 2:27:00 AM org.openqa.selenium.remote.ProtocolHandshake createSession
INFO: Detected dialect: OSS
Nov 01, 2021 2:27:00 AM net.sourceforge.marathon.javaagent.server.JavaServer serve
INFO: JavaServer.serve(POST /session/1b186b4a-3e96-4399-b293-57079fe148f6/element): {
  "using": "name",
  "value": "new item id field"
}
Nov 01, 2021 2:27:00 AM net.sourceforge.marathon.javaagent.server.JavaServer serve
INFO: POST(/session/1b186b4a-3e96-4399-b293-57079fe148f6/element, {"using":"name","value":"new item id field"}) = {data={"name":"findElement","sessionId":"1b186b4a-3e96-4399-b293-57079fe148f6","value":{"ELEMENT":"99d128c2-a30f-40bb-961a-78c646c3f029"},"status":0}, status=OK}
Nov 01, 2021 2:27:00 AM net.sourceforge.marathon.javaagent.server.JavaServer serve
INFO: JavaServer.serve(POST /session/1b186b4a-3e96-4399-b293-57079fe148f6/element/99d128c2-a30f-40bb-961a-78c646c3f029/clear): {
  "id": "99d128c2-a30f-40bb-961a-78c646c3f029"
}
Nov 01, 2021 2:27:00 AM net.sourceforge.marathon.javaagent.server.JavaServer serve
INFO: POST(/session/1b186b4a-3e96-4399-b293-57079fe148f6/element/99d128c2-a30f-40bb-961a-78c646c3f029/clear, {"id":"99d128c2-a30f-40bb-961a-78c646c3f029"}) = {data={"name":"clearElement","sessionId":"1b186b4a-3e96-4399-b293-57079fe148f6","status":0}, status=OK}
Nov 01, 2021 2:27:00 AM net.sourceforge.marathon.javaagent.server.JavaServer serve
INFO: JavaServer.serve(POST /session/1b186b4a-3e96-4399-b293-57079fe148f6/element/99d128c2-a30f-40bb-961a-78c646c3f029/value): {
  "id": "99d128c2-a30f-40bb-961a-78c646c3f029",
  "value": [
    "an item-id"
  ]
}
Nov 01, 2021 2:27:00 AM net.sourceforge.marathon.javaagent.EventQueueDevice dispatchEvent
INFO: java.awt.event.KeyEvent[KEY_PRESSED,keyCode=65,keyText=A,keyChar='a',keyLocation=KEY_LOCATION_UNKNOWN,rawCode=0,primaryLevelUnicode=0,scancode=0,extendedKeyCode=0x0] on new item id field
Nov 01, 2021 2:27:00 AM net.sourceforge.marathon.javaagent.EventQueueDevice dispatchEvent
INFO: java.awt.event.KeyEvent[KEY_TYPED,keyCode=0,keyText=Unknown keyCode: 0x0,keyChar='a',keyLocation=KEY_LOCATION_UNKNOWN,rawCode=0,primaryLevelUnicode=0,scancode=0,extendedKeyCode=0x0] on new item id field
Nov 01, 2021 2:27:00 AM net.sourceforge.marathon.javaagent.EventQueueDevice dispatchEvent
INFO: java.awt.event.KeyEvent[KEY_RELEASED,keyCode=65,keyText=A,keyChar='a',keyLocation=KEY_LOCATION_UNKNOWN,rawCode=0,primaryLevelUnicode=0,scancode=0,extendedKeyCode=0x0] on new item id field
Nov 01, 2021 2:27:00 AM net.sourceforge.marathon.javaagent.EventQueueDevice dispatchEvent
INFO: java.awt.event.KeyEvent[KEY_PRESSED,keyCode=78,keyText=N,keyChar='n',keyLocation=KEY_LOCATION_UNKNOWN,rawCode=0,primaryLevelUnicode=0,scancode=0,extendedKeyCode=0x0] on new item id field
Nov 01, 2021 2:27:00 AM net.sourceforge.marathon.javaagent.EventQueueDevice dispatchEvent
INFO: java.awt.event.KeyEvent[KEY_TYPED,keyCode=0,keyText=Unknown keyCode: 0x0,keyChar='n',keyLocation=KEY_LOCATION_UNKNOWN,rawCode=0,primaryLevelUnicode=0,scancode=0,extendedKeyCode=0x0] on new item id field
Nov 01, 2021 2:27:00 AM net.sourceforge.marathon.javaagent.EventQueueDevice dispatchEvent
INFO: java.awt.event.KeyEvent[KEY_RELEASED,keyCode=78,keyText=N,keyChar='n',keyLocation=KEY_LOCATION_UNKNOWN,rawCode=0,primaryLevelUnicode=0,scancode=0,extendedKeyCode=0x0] on new item id field
Nov 01, 2021 2:27:00 AM net.sourceforge.marathon.javaagent.EventQueueDevice dispatchEvent
INFO: java.awt.event.KeyEvent[KEY_PRESSED,keyCode=16,keyText=Shift,keyChar=Undefined keyChar,modifiers=Shift,extModifiers=Shift,keyLocation=KEY_LOCATION_UNKNOWN,rawCode=0,primaryLevelUnicode=0,scancode=0,extendedKeyCode=0x0] on new item id field
Nov 01, 2021 2:27:00 AM net.sourceforge.marathon.javaagent.EventQueueDevice dispatchEvent
INFO: java.awt.event.KeyEvent[KEY_PRESSED,keyCode=32,keyText=Space,keyChar=' ',modifiers=Shift,extModifiers=Shift,keyLocation=KEY_LOCATION_UNKNOWN,rawCode=0,primaryLevelUnicode=0,scancode=0,extendedKeyCode=0x0] on new item id field
Nov 01, 2021 2:27:00 AM net.sourceforge.marathon.javaagent.EventQueueDevice dispatchEvent
INFO: java.awt.event.KeyEvent[KEY_TYPED,keyCode=0,keyText=Unknown keyCode: 0x0,keyChar=' ',modifiers=Shift,extModifiers=Shift,keyLocation=KEY_LOCATION_UNKNOWN,rawCode=0,primaryLevelUnicode=0,scancode=0,extendedKeyCode=0x0] on new item id field
Nov 01, 2021 2:27:00 AM net.sourceforge.marathon.javaagent.EventQueueDevice dispatchEvent
INFO: java.awt.event.KeyEvent[KEY_RELEASED,keyCode=32,keyText=Space,keyChar=' ',modifiers=Shift,extModifiers=Shift,keyLocation=KEY_LOCATION_UNKNOWN,rawCode=0,primaryLevelUnicode=0,scancode=0,extendedKeyCode=0x0] on new item id field
Nov 01, 2021 2:27:00 AM net.sourceforge.marathon.javaagent.EventQueueDevice dispatchEvent
INFO: java.awt.event.KeyEvent[KEY_RELEASED,keyCode=16,keyText=Shift,keyChar=Undefined keyChar,keyLocation=KEY_LOCATION_UNKNOWN,rawCode=0,primaryLevelUnicode=0,scancode=0,extendedKeyCode=0x0] on new item id field
Nov 01, 2021 2:27:00 AM net.sourceforge.marathon.javaagent.EventQueueDevice dispatchEvent
INFO: java.awt.event.KeyEvent[KEY_PRESSED,keyCode=73,keyText=I,keyChar='i',keyLocation=KEY_LOCATION_UNKNOWN,rawCode=0,primaryLevelUnicode=0,scancode=0,extendedKeyCode=0x0] on new item id field
Nov 01, 2021 2:27:00 AM net.sourceforge.marathon.javaagent.EventQueueDevice dispatchEvent
INFO: java.awt.event.KeyEvent[KEY_TYPED,keyCode=0,keyText=Unknown keyCode: 0x0,keyChar='i',keyLocation=KEY_LOCATION_UNKNOWN,rawCode=0,primaryLevelUnicode=0,scancode=0,extendedKeyCode=0x0] on new item id field
Nov 01, 2021 2:27:00 AM net.sourceforge.marathon.javaagent.EventQueueDevice dispatchEvent
INFO: java.awt.event.KeyEvent[KEY_RELEASED,keyCode=73,keyText=I,keyChar='i',keyLocation=KEY_LOCATION_UNKNOWN,rawCode=0,primaryLevelUnicode=0,scancode=0,extendedKeyCode=0x0] on new item id field
Nov 01, 2021 2:27:00 AM net.sourceforge.marathon.javaagent.EventQueueDevice dispatchEvent
INFO: java.awt.event.KeyEvent[KEY_PRESSED,keyCode=84,keyText=T,keyChar='t',keyLocation=KEY_LOCATION_UNKNOWN,rawCode=0,primaryLevelUnicode=0,scancode=0,extendedKeyCode=0x0] on new item id field
Nov 01, 2021 2:27:00 AM net.sourceforge.marathon.javaagent.EventQueueDevice dispatchEvent
INFO: java.awt.event.KeyEvent[KEY_TYPED,keyCode=0,keyText=Unknown keyCode: 0x0,keyChar='t',keyLocation=KEY_LOCATION_UNKNOWN,rawCode=0,primaryLevelUnicode=0,scancode=0,extendedKeyCode=0x0] on new item id field
Nov 01, 2021 2:27:00 AM net.sourceforge.marathon.javaagent.EventQueueDevice dispatchEvent
INFO: java.awt.event.KeyEvent[KEY_RELEASED,keyCode=84,keyText=T,keyChar='t',keyLocation=KEY_LOCATION_UNKNOWN,rawCode=0,primaryLevelUnicode=0,scancode=0,extendedKeyCode=0x0] on new item id field
Nov 01, 2021 2:27:00 AM net.sourceforge.marathon.javaagent.EventQueueDevice dispatchEvent
INFO: java.awt.event.KeyEvent[KEY_PRESSED,keyCode=69,keyText=E,keyChar='e',keyLocation=KEY_LOCATION_UNKNOWN,rawCode=0,primaryLevelUnicode=0,scancode=0,extendedKeyCode=0x0] on new item id field
Nov 01, 2021 2:27:00 AM net.sourceforge.marathon.javaagent.EventQueueDevice dispatchEvent
INFO: java.awt.event.KeyEvent[KEY_TYPED,keyCode=0,keyText=Unknown keyCode: 0x0,keyChar='e',keyLocation=KEY_LOCATION_UNKNOWN,rawCode=0,primaryLevelUnicode=0,scancode=0,extendedKeyCode=0x0] on new item id field
Nov 01, 2021 2:27:00 AM net.sourceforge.marathon.javaagent.EventQueueDevice dispatchEvent
INFO: java.awt.event.KeyEvent[KEY_RELEASED,keyCode=69,keyText=E,keyChar='e',keyLocation=KEY_LOCATION_UNKNOWN,rawCode=0,primaryLevelUnicode=0,scancode=0,extendedKeyCode=0x0] on new item id field
Nov 01, 2021 2:27:00 AM net.sourceforge.marathon.javaagent.EventQueueDevice dispatchEvent
INFO: java.awt.event.KeyEvent[KEY_PRESSED,keyCode=77,keyText=M,keyChar='m',keyLocation=KEY_LOCATION_UNKNOWN,rawCode=0,primaryLevelUnicode=0,scancode=0,extendedKeyCode=0x0] on new item id field
Nov 01, 2021 2:27:00 AM net.sourceforge.marathon.javaagent.EventQueueDevice dispatchEvent
INFO: java.awt.event.KeyEvent[KEY_TYPED,keyCode=0,keyText=Unknown keyCode: 0x0,keyChar='m',keyLocation=KEY_LOCATION_UNKNOWN,rawCode=0,primaryLevelUnicode=0,scancode=0,extendedKeyCode=0x0] on new item id field
Nov 01, 2021 2:27:00 AM net.sourceforge.marathon.javaagent.EventQueueDevice dispatchEvent
INFO: java.awt.event.KeyEvent[KEY_RELEASED,keyCode=77,keyText=M,keyChar='m',keyLocation=KEY_LOCATION_UNKNOWN,rawCode=0,primaryLevelUnicode=0,scancode=0,extendedKeyCode=0x0] on new item id field
Nov 01, 2021 2:27:00 AM net.sourceforge.marathon.javaagent.EventQueueDevice dispatchEvent
INFO: java.awt.event.KeyEvent[KEY_PRESSED,keyCode=45,keyText=Minus,keyChar='-',keyLocation=KEY_LOCATION_UNKNOWN,rawCode=0,primaryLevelUnicode=0,scancode=0,extendedKeyCode=0x0] on new item id field
Nov 01, 2021 2:27:00 AM net.sourceforge.marathon.javaagent.EventQueueDevice dispatchEvent
INFO: java.awt.event.KeyEvent[KEY_TYPED,keyCode=0,keyText=Unknown keyCode: 0x0,keyChar='-',keyLocation=KEY_LOCATION_UNKNOWN,rawCode=0,primaryLevelUnicode=0,scancode=0,extendedKeyCode=0x0] on new item id field
Nov 01, 2021 2:27:00 AM net.sourceforge.marathon.javaagent.EventQueueDevice dispatchEvent
INFO: java.awt.event.KeyEvent[KEY_RELEASED,keyCode=45,keyText=Minus,keyChar='-',keyLocation=KEY_LOCATION_UNKNOWN,rawCode=0,primaryLevelUnicode=0,scancode=0,extendedKeyCode=0x0] on new item id field
Nov 01, 2021 2:27:00 AM net.sourceforge.marathon.javaagent.EventQueueDevice dispatchEvent
INFO: java.awt.event.KeyEvent[KEY_PRESSED,keyCode=73,keyText=I,keyChar='i',keyLocation=KEY_LOCATION_UNKNOWN,rawCode=0,primaryLevelUnicode=0,scancode=0,extendedKeyCode=0x0] on new item id field
Nov 01, 2021 2:27:00 AM net.sourceforge.marathon.javaagent.EventQueueDevice dispatchEvent
INFO: java.awt.event.KeyEvent[KEY_TYPED,keyCode=0,keyText=Unknown keyCode: 0x0,keyChar='i',keyLocation=KEY_LOCATION_UNKNOWN,rawCode=0,primaryLevelUnicode=0,scancode=0,extendedKeyCode=0x0] on new item id field
Nov 01, 2021 2:27:00 AM net.sourceforge.marathon.javaagent.EventQueueDevice dispatchEvent
INFO: java.awt.event.KeyEvent[KEY_RELEASED,keyCode=73,keyText=I,keyChar='i',keyLocation=KEY_LOCATION_UNKNOWN,rawCode=0,primaryLevelUnicode=0,scancode=0,extendedKeyCode=0x0] on new item id field
Nov 01, 2021 2:27:00 AM net.sourceforge.marathon.javaagent.EventQueueDevice dispatchEvent
INFO: java.awt.event.KeyEvent[KEY_PRESSED,keyCode=68,keyText=D,keyChar='d',keyLocation=KEY_LOCATION_UNKNOWN,rawCode=0,primaryLevelUnicode=0,scancode=0,extendedKeyCode=0x0] on new item id field
Nov 01, 2021 2:27:00 AM net.sourceforge.marathon.javaagent.EventQueueDevice dispatchEvent
INFO: java.awt.event.KeyEvent[KEY_TYPED,keyCode=0,keyText=Unknown keyCode: 0x0,keyChar='d',keyLocation=KEY_LOCATION_UNKNOWN,rawCode=0,primaryLevelUnicode=0,scancode=0,extendedKeyCode=0x0] on new item id field
Nov 01, 2021 2:27:00 AM net.sourceforge.marathon.javaagent.EventQueueDevice dispatchEvent
INFO: java.awt.event.KeyEvent[KEY_RELEASED,keyCode=68,keyText=D,keyChar='d',keyLocation=KEY_LOCATION_UNKNOWN,rawCode=0,primaryLevelUnicode=0,scancode=0,extendedKeyCode=0x0] on new item id field
Nov 01, 2021 2:27:00 AM net.sourceforge.marathon.javaagent.server.JavaServer serve
INFO: POST(/session/1b186b4a-3e96-4399-b293-57079fe148f6/element/99d128c2-a30f-40bb-961a-78c646c3f029/value, {"id":"99d128c2-a30f-40bb-961a-78c646c3f029","value":["an item-id"]}) = {data={"name":"sendKeysElement","sessionId":"1b186b4a-3e96-4399-b293-57079fe148f6","status":0}, status=OK}
Nov 01, 2021 2:27:00 AM net.sourceforge.marathon.javaagent.server.JavaServer serve
INFO: JavaServer.serve(POST /session/1b186b4a-3e96-4399-b293-57079fe148f6/element): {
  "using": "name",
  "value": "new item stop price field"
}
Nov 01, 2021 2:27:00 AM net.sourceforge.marathon.javaagent.server.JavaServer serve
INFO: POST(/session/1b186b4a-3e96-4399-b293-57079fe148f6/element, {"using":"name","value":"new item stop price field"}) = {data={"name":"findElement","sessionId":"1b186b4a-3e96-4399-b293-57079fe148f6","value":{"ELEMENT":"49f29ef6-df36-4343-8c86-565d82ac376e"},"status":0}, status=OK}
Nov 01, 2021 2:27:00 AM net.sourceforge.marathon.javaagent.server.JavaServer serve
INFO: JavaServer.serve(POST /session/1b186b4a-3e96-4399-b293-57079fe148f6/element/49f29ef6-df36-4343-8c86-565d82ac376e/clear): {
  "id": "49f29ef6-df36-4343-8c86-565d82ac376e"
}
Nov 01, 2021 2:27:00 AM net.sourceforge.marathon.javaagent.server.JavaServer serve
INFO: POST(/session/1b186b4a-3e96-4399-b293-57079fe148f6/element/49f29ef6-df36-4343-8c86-565d82ac376e/clear, {"id":"49f29ef6-df36-4343-8c86-565d82ac376e"}) = {data={"name":"clearElement","sessionId":"1b186b4a-3e96-4399-b293-57079fe148f6","status":0}, status=OK}
Nov 01, 2021 2:27:00 AM net.sourceforge.marathon.javaagent.server.JavaServer serve
INFO: JavaServer.serve(POST /session/1b186b4a-3e96-4399-b293-57079fe148f6/element/49f29ef6-df36-4343-8c86-565d82ac376e/value): {
  "id": "49f29ef6-df36-4343-8c86-565d82ac376e",
  "value": [
    "11000"
  ]
}
Nov 01, 2021 2:27:00 AM net.sourceforge.marathon.javaagent.EventQueueDevice dispatchEvent
INFO: java.awt.event.KeyEvent[KEY_PRESSED,keyCode=49,keyText=1,keyChar='1',keyLocation=KEY_LOCATION_UNKNOWN,rawCode=0,primaryLevelUnicode=0,scancode=0,extendedKeyCode=0x0] on new item stop price field
Nov 01, 2021 2:27:00 AM net.sourceforge.marathon.javaagent.EventQueueDevice dispatchEvent
INFO: java.awt.event.KeyEvent[KEY_TYPED,keyCode=0,keyText=Unknown keyCode: 0x0,keyChar='1',keyLocation=KEY_LOCATION_UNKNOWN,rawCode=0,primaryLevelUnicode=0,scancode=0,extendedKeyCode=0x0] on new item stop price field
Nov 01, 2021 2:27:00 AM net.sourceforge.marathon.javaagent.EventQueueDevice dispatchEvent
INFO: java.awt.event.KeyEvent[KEY_RELEASED,keyCode=49,keyText=1,keyChar='1',keyLocation=KEY_LOCATION_UNKNOWN,rawCode=0,primaryLevelUnicode=0,scancode=0,extendedKeyCode=0x0] on new item stop price field
Nov 01, 2021 2:27:00 AM net.sourceforge.marathon.javaagent.EventQueueDevice dispatchEvent
INFO: java.awt.event.KeyEvent[KEY_PRESSED,keyCode=49,keyText=1,keyChar='1',keyLocation=KEY_LOCATION_UNKNOWN,rawCode=0,primaryLevelUnicode=0,scancode=0,extendedKeyCode=0x0] on new item stop price field
Nov 01, 2021 2:27:00 AM net.sourceforge.marathon.javaagent.EventQueueDevice dispatchEvent
INFO: java.awt.event.KeyEvent[KEY_TYPED,keyCode=0,keyText=Unknown keyCode: 0x0,keyChar='1',keyLocation=KEY_LOCATION_UNKNOWN,rawCode=0,primaryLevelUnicode=0,scancode=0,extendedKeyCode=0x0] on new item stop price field
Nov 01, 2021 2:27:00 AM net.sourceforge.marathon.javaagent.EventQueueDevice dispatchEvent
INFO: java.awt.event.KeyEvent[KEY_RELEASED,keyCode=49,keyText=1,keyChar='1',keyLocation=KEY_LOCATION_UNKNOWN,rawCode=0,primaryLevelUnicode=0,scancode=0,extendedKeyCode=0x0] on new item stop price field
Nov 01, 2021 2:27:00 AM net.sourceforge.marathon.javaagent.EventQueueDevice dispatchEvent
INFO: java.awt.event.KeyEvent[KEY_PRESSED,keyCode=48,keyText=0,keyChar='0',keyLocation=KEY_LOCATION_UNKNOWN,rawCode=0,primaryLevelUnicode=0,scancode=0,extendedKeyCode=0x0] on new item stop price field
Nov 01, 2021 2:27:00 AM net.sourceforge.marathon.javaagent.EventQueueDevice dispatchEvent
INFO: java.awt.event.KeyEvent[KEY_TYPED,keyCode=0,keyText=Unknown keyCode: 0x0,keyChar='0',keyLocation=KEY_LOCATION_UNKNOWN,rawCode=0,primaryLevelUnicode=0,scancode=0,extendedKeyCode=0x0] on new item stop price field
Nov 01, 2021 2:27:00 AM net.sourceforge.marathon.javaagent.EventQueueDevice dispatchEvent
INFO: java.awt.event.KeyEvent[KEY_RELEASED,keyCode=48,keyText=0,keyChar='0',keyLocation=KEY_LOCATION_UNKNOWN,rawCode=0,primaryLevelUnicode=0,scancode=0,extendedKeyCode=0x0] on new item stop price field
Nov 01, 2021 2:27:00 AM net.sourceforge.marathon.javaagent.EventQueueDevice dispatchEvent
INFO: java.awt.event.KeyEvent[KEY_PRESSED,keyCode=48,keyText=0,keyChar='0',keyLocation=KEY_LOCATION_UNKNOWN,rawCode=0,primaryLevelUnicode=0,scancode=0,extendedKeyCode=0x0] on new item stop price field
Nov 01, 2021 2:27:00 AM net.sourceforge.marathon.javaagent.EventQueueDevice dispatchEvent
INFO: java.awt.event.KeyEvent[KEY_TYPED,keyCode=0,keyText=Unknown keyCode: 0x0,keyChar='0',keyLocation=KEY_LOCATION_UNKNOWN,rawCode=0,primaryLevelUnicode=0,scancode=0,extendedKeyCode=0x0] on new item stop price field
Nov 01, 2021 2:27:00 AM net.sourceforge.marathon.javaagent.EventQueueDevice dispatchEvent
INFO: java.awt.event.KeyEvent[KEY_RELEASED,keyCode=48,keyText=0,keyChar='0',keyLocation=KEY_LOCATION_UNKNOWN,rawCode=0,primaryLevelUnicode=0,scancode=0,extendedKeyCode=0x0] on new item stop price field
Nov 01, 2021 2:27:00 AM net.sourceforge.marathon.javaagent.EventQueueDevice dispatchEvent
INFO: java.awt.event.KeyEvent[KEY_PRESSED,keyCode=48,keyText=0,keyChar='0',keyLocation=KEY_LOCATION_UNKNOWN,rawCode=0,primaryLevelUnicode=0,scancode=0,extendedKeyCode=0x0] on new item stop price field
Nov 01, 2021 2:27:00 AM net.sourceforge.marathon.javaagent.EventQueueDevice dispatchEvent
INFO: java.awt.event.KeyEvent[KEY_TYPED,keyCode=0,keyText=Unknown keyCode: 0x0,keyChar='0',keyLocation=KEY_LOCATION_UNKNOWN,rawCode=0,primaryLevelUnicode=0,scancode=0,extendedKeyCode=0x0] on new item stop price field
Nov 01, 2021 2:27:00 AM net.sourceforge.marathon.javaagent.EventQueueDevice dispatchEvent
INFO: java.awt.event.KeyEvent[KEY_RELEASED,keyCode=48,keyText=0,keyChar='0',keyLocation=KEY_LOCATION_UNKNOWN,rawCode=0,primaryLevelUnicode=0,scancode=0,extendedKeyCode=0x0] on new item stop price field
Nov 01, 2021 2:27:00 AM net.sourceforge.marathon.javaagent.server.JavaServer serve
INFO: POST(/session/1b186b4a-3e96-4399-b293-57079fe148f6/element/49f29ef6-df36-4343-8c86-565d82ac376e/value, {"id":"49f29ef6-df36-4343-8c86-565d82ac376e","value":["11000"]}) = {data={"name":"sendKeysElement","sessionId":"1b186b4a-3e96-4399-b293-57079fe148f6","status":0}, status=OK}
Nov 01, 2021 2:27:00 AM net.sourceforge.marathon.javaagent.server.JavaServer serve
INFO: JavaServer.serve(POST /session/1b186b4a-3e96-4399-b293-57079fe148f6/element): {
  "using": "name",
  "value": "join button"
}
Nov 01, 2021 2:27:00 AM net.sourceforge.marathon.javaagent.server.JavaServer serve
INFO: POST(/session/1b186b4a-3e96-4399-b293-57079fe148f6/element, {"using":"name","value":"join button"}) = {data={"name":"findElement","sessionId":"1b186b4a-3e96-4399-b293-57079fe148f6","value":{"ELEMENT":"c9c822af-25c1-41c3-8925-e153858d01be"},"status":0}, status=OK}
Nov 01, 2021 2:27:00 AM net.sourceforge.marathon.javaagent.server.JavaServer serve
INFO: JavaServer.serve(POST /session/1b186b4a-3e96-4399-b293-57079fe148f6/element/c9c822af-25c1-41c3-8925-e153858d01be/click): {
  "id": "c9c822af-25c1-41c3-8925-e153858d01be"
}
Nov 01, 2021 2:27:00 AM net.sourceforge.marathon.javaagent.EventQueueDevice dispatchEvent
INFO: java.awt.event.MouseEvent[MOUSE_PRESSED,(58,12),absolute(589,17),button=1,modifiers=Button1,extModifiers=Button1,clickCount=1] on join button
Nov 01, 2021 2:27:00 AM net.sourceforge.marathon.javaagent.EventQueueDevice dispatchEvent
INFO: java.awt.event.MouseEvent[MOUSE_RELEASED,(58,12),absolute(589,17),button=1,modifiers=Button1,clickCount=1] on join button
Nov 01, 2021 2:27:00 AM net.sourceforge.marathon.javaagent.EventQueueDevice dispatchEvent
INFO: java.awt.event.MouseEvent[MOUSE_CLICKED,(58,12),absolute(589,17),button=1,modifiers=Button1,clickCount=1] on join button
Nov 01, 2021 2:27:01 AM net.sourceforge.marathon.javaagent.server.JavaServer serve
INFO: POST(/session/1b186b4a-3e96-4399-b293-57079fe148f6/element/c9c822af-25c1-41c3-8925-e153858d01be/click, {"id":"c9c822af-25c1-41c3-8925-e153858d01be"}) = {data={"name":"clickElement","sessionId":"1b186b4a-3e96-4399-b293-57079fe148f6","status":0}, status=OK}
Nov 01, 2021 2:27:01 AM net.sourceforge.marathon.javaagent.server.JavaServer serve
INFO: JavaServer.serve(DELETE /session/1b186b4a-3e96-4399-b293-57079fe148f6/window): {}
Nov 01, 2021 2:27:01 AM net.sourceforge.marathon.javaagent.server.JavaServer serve
INFO: DELETE(/session/1b186b4a-3e96-4399-b293-57079fe148f6/window) = {data={"name":"closeSession","sessionId":"1b186b4a-3e96-4399-b293-57079fe148f6","status":0}, status=OK}
Nov 01, 2021 2:27:01 AM net.sourceforge.marathon.javaagent.server.JavaServer serve
INFO: JavaServer.serve(POST /session): {
  "desiredCapabilities": {
    "browserName": "java",
    "platform": "ANY"
  },
  "capabilities": {
    "firstMatch": [
      {
        "browserName": "java"
      }
    ]
  }
}
Nov 01, 2021 2:27:01 AM net.sourceforge.marathon.javaagent.server.JavaServer createSession
INFO: Creating device with type: EVENT_QUEUE
Nov 01, 2021 2:27:01 AM net.sourceforge.marathon.javaagent.Device getDevice
INFO: Creating a EVENT_QUEUE device
Nov 01, 2021 2:27:01 AM net.sourceforge.marathon.javaagent.server.JavaServer serve
INFO: POST(/session, {"desiredCapabilities":{"browserName":"java","platform":"ANY"},"capabilities":{"firstMatch":[{"browserName":"java"}]}}) = {data=, status=REDIRECT}
Nov 01, 2021 2:27:01 AM net.sourceforge.marathon.javaagent.server.JavaServer serve
INFO: JavaServer.serve(GET /session/ed645830-f882-4295-ab19-dae2dda68eca): {}
Nov 01, 2021 2:27:01 AM net.sourceforge.marathon.javaagent.server.JavaServer serve
INFO: GET(/session/ed645830-f882-4295-ab19-dae2dda68eca) = {data={"name":"getCapabilities","sessionId":"ed645830-f882-4295-ab19-dae2dda68eca","value":{"applicationCacheEnabled":false,"rotatable":false,"loggingPrefs":{"driver":"ALL"},"handlesAlerts":false,"databaseEnabled":false,"version":"1.0","platform":"ANY","browserConnectionEnabled":false,"nativeEvents":false,"acceptSslCerts":false,"locationContextEnabled":false,"webStorageEnabled":false,"browserName":"java","takesScreenshot":true,"javascriptEnabled":true,"cssSelectorsEnabled":false},"status":0}, status=OK}
Nov 01, 2021 2:27:01 AM org.openqa.selenium.remote.ProtocolHandshake createSession
INFO: Detected dialect: OSS
Nov 01, 2021 2:27:01 AM net.sourceforge.marathon.javaagent.server.JavaServer serve
INFO: JavaServer.serve(POST /session/ed645830-f882-4295-ab19-dae2dda68eca/element): {
  "using": "name",
  "value": "sniper reset button"
}
Nov 01, 2021 2:27:01 AM net.sourceforge.marathon.javaagent.server.JavaServer serve
INFO: POST(/session/ed645830-f882-4295-ab19-dae2dda68eca/element, {"using":"name","value":"sniper reset button"}) = {data={"name":"findElement","sessionId":"ed645830-f882-4295-ab19-dae2dda68eca","value":{"ELEMENT":"f3c6bb67-06ef-421f-a366-533c4275a3a5"},"status":0}, status=OK}
Nov 01, 2021 2:27:01 AM net.sourceforge.marathon.javaagent.server.JavaServer serve
INFO: JavaServer.serve(POST /session/ed645830-f882-4295-ab19-dae2dda68eca/element/f3c6bb67-06ef-421f-a366-533c4275a3a5/click): {
  "id": "f3c6bb67-06ef-421f-a366-533c4275a3a5"
}
Nov 01, 2021 2:27:01 AM net.sourceforge.marathon.javaagent.EventQueueDevice dispatchEvent
INFO: java.awt.event.MouseEvent[MOUSE_PRESSED,(37,12),absolute(326,474),button=1,modifiers=Button1,extModifiers=Button1,clickCount=1] on sniper reset button
Nov 01, 2021 2:27:01 AM net.sourceforge.marathon.javaagent.EventQueueDevice dispatchEvent
INFO: java.awt.event.MouseEvent[MOUSE_RELEASED,(37,12),absolute(326,474),button=1,modifiers=Button1,clickCount=1] on sniper reset button
Nov 01, 2021 2:27:01 AM net.sourceforge.marathon.javaagent.EventQueueDevice dispatchEvent
INFO: java.awt.event.MouseEvent[MOUSE_CLICKED,(37,12),absolute(326,474),button=1,modifiers=Button1,clickCount=1] on sniper reset button
Nov 01, 2021 2:27:01 AM net.sourceforge.marathon.javaagent.server.JavaServer serve
INFO: POST(/session/ed645830-f882-4295-ab19-dae2dda68eca/element/f3c6bb67-06ef-421f-a366-533c4275a3a5/click, {"id":"f3c6bb67-06ef-421f-a366-533c4275a3a5"}) = {data={"name":"clickElement","sessionId":"ed645830-f882-4295-ab19-dae2dda68eca","status":0}, status=OK}
Nov 01, 2021 2:27:01 AM net.sourceforge.marathon.javaagent.server.JavaServer serve
INFO: JavaServer.serve(DELETE /session/ed645830-f882-4295-ab19-dae2dda68eca/window): {}
Nov 01, 2021 2:27:01 AM net.sourceforge.marathon.javaagent.server.JavaServer serve
INFO: DELETE(/session/ed645830-f882-4295-ab19-dae2dda68eca/window) = {data={"name":"closeSession","sessionId":"ed645830-f882-4295-ab19-dae2dda68eca","status":0}, status=OK}
]]></system-err>
</testsuite>
