<?xml version="1.0" encoding="UTF-8"?>
<testsuite name="goos.core.SniperLauncherTest" tests="1" skipped="0" failures="0" errors="0" timestamp="2022-02-07T02:24:48" hostname="buildkitsandbox" time="0.158">
  <properties/>
  <testcase name="adds new sniper to collector and then joins auction" classname="goos.core.SniperLauncherTest" time="0.158"/>
  <system-out><![CDATA[]]></system-out>
  <system-err><![CDATA[]]></system-err>
</testsuite>
