<?xml version="1.0" encoding="UTF-8"?>
<testsuite name="goos.ui.swing.MainWindowTest" tests="3" skipped="0" failures="0" errors="0" timestamp="2021-11-29T02:26:00" hostname="buildkitsandbox" time="3.505">
  <properties/>
  <testcase name="window has expected features" classname="goos.ui.swing.MainWindowTest" time="2.659"/>
  <testcase name="make user request when join button clicked" classname="goos.ui.swing.MainWindowTest" time="0.676"/>
  <testcase name="make user request when reset button clicked" classname="goos.ui.swing.MainWindowTest" time="0.166"/>
  <system-out><![CDATA[]]></system-out>
  <system-err><![CDATA[Nov 29, 2021 2:26:01 AM io.mockk.impl.log.JULLogger warn
WARNING: Failed to transform class goos/ui/api/UserRequestListener
java.lang.IllegalArgumentException: Unsupported class file major version 59
	at net.bytebuddy.jar.asm.ClassReader.<init>(ClassReader.java:176)
	at net.bytebuddy.jar.asm.ClassReader.<init>(ClassReader.java:158)
	at net.bytebuddy.jar.asm.ClassReader.<init>(ClassReader.java:146)
	at net.bytebuddy.utility.OpenedClassReader.of(OpenedClassReader.java:69)
	at net.bytebuddy.dynamic.scaffold.TypeWriter$Default$ForInlining.create(TypeWriter.java:2877)
	at net.bytebuddy.dynamic.scaffold.TypeWriter$Default.make(TypeWriter.java:1653)
	at net.bytebuddy.dynamic.scaffold.inline.RedefinitionDynamicTypeBuilder.make(RedefinitionDynamicTypeBuilder.java:180)
	at net.bytebuddy.dynamic.scaffold.inline.AbstractInliningDynamicTypeBuilder.make(AbstractInliningDynamicTypeBuilder.java:94)
	at net.bytebuddy.dynamic.DynamicType$Builder$AbstractBase.make(DynamicType.java:2669)
	at io.mockk.proxy.jvm.transformation.InliningClassTransformer.transform(InliningClassTransformer.kt:78)
	at java.instrument/java.lang.instrument.ClassFileTransformer.transform(ClassFileTransformer.java:246)
	at java.instrument/sun.instrument.TransformerManager.transform(TransformerManager.java:188)
	at java.instrument/sun.instrument.InstrumentationImpl.transform(InstrumentationImpl.java:563)
	at java.instrument/sun.instrument.InstrumentationImpl.retransformClasses0(Native Method)
	at java.instrument/sun.instrument.InstrumentationImpl.retransformClasses(InstrumentationImpl.java:167)
	at io.mockk.proxy.jvm.transformation.JvmInlineInstrumentation.retransform(JvmInlineInstrumentation.kt:28)
	at io.mockk.proxy.common.transformation.RetransformInlineInstrumnetation$execute$1.invoke(RetransformInlineInstrumnetation.kt:19)
	at io.mockk.proxy.common.transformation.RetransformInlineInstrumnetation$execute$1.invoke(RetransformInlineInstrumnetation.kt:6)
	at io.mockk.proxy.common.transformation.ClassTransformationSpecMap.applyTransformation(ClassTransformationSpecMap.kt:41)
	at io.mockk.proxy.common.transformation.RetransformInlineInstrumnetation.execute(RetransformInlineInstrumnetation.kt:16)
	at io.mockk.proxy.jvm.ProxyMaker.inline(ProxyMaker.kt:88)
	at io.mockk.proxy.jvm.ProxyMaker.proxy(ProxyMaker.kt:30)
	at io.mockk.impl.instantiation.JvmMockFactory.newProxy(JvmMockFactory.kt:34)
	at io.mockk.impl.instantiation.AbstractMockFactory.newProxy$default(AbstractMockFactory.kt:29)
	at io.mockk.impl.instantiation.AbstractMockFactory.mockk(AbstractMockFactory.kt:59)
	at goos.ui.swing.MainWindowTest$1$1.invokeSuspend(MainWindowTest.kt:90)
	at goos.ui.swing.MainWindowTest$1$1.invoke(MainWindowTest.kt)
	at goos.ui.swing.MainWindowTest$1$1.invoke(MainWindowTest.kt)
	at io.kotest.core.TestConfiguration$beforeTest$1.beforeTest(TestConfiguration.kt:137)
	at io.kotest.core.spec.LifecycleKt.invokeAllBeforeTestCallbacks(lifecycle.kt:76)
	at io.kotest.core.internal.TestCaseExecutor.executeActiveTest(TestCaseExecutor.kt:152)
	at io.kotest.core.internal.TestCaseExecutor.access$executeActiveTest(TestCaseExecutor.kt:57)
	at io.kotest.core.internal.TestCaseExecutor$intercept$innerExecute$1$1.invokeSuspend(TestCaseExecutor.kt:89)
	at io.kotest.core.internal.TestCaseExecutor$intercept$innerExecute$1$1.invoke(TestCaseExecutor.kt)
	at io.kotest.core.internal.TestCaseExecutor$intercept$innerExecute$1$1.invoke(TestCaseExecutor.kt)
	at io.kotest.core.internal.TestCaseExecutor.executeIfEnabled(TestCaseExecutor.kt:117)
	at io.kotest.core.internal.TestCaseExecutor.access$executeIfEnabled(TestCaseExecutor.kt:57)
	at io.kotest.core.internal.TestCaseExecutor$intercept$innerExecute$1.invokeSuspend(TestCaseExecutor.kt:89)
	at io.kotest.core.internal.TestCaseExecutor$intercept$innerExecute$1.invoke(TestCaseExecutor.kt)
	at io.kotest.core.internal.TestCaseExecutor$intercept$innerExecute$1.invoke(TestCaseExecutor.kt)
	at io.kotest.core.internal.TestCaseExecutor.intercept(TestCaseExecutor.kt:103)
	at io.kotest.core.internal.TestCaseExecutor.execute(TestCaseExecutor.kt:69)
	at io.kotest.engine.spec.runners.SingleInstanceSpecRunner.runTest(SingleInstanceSpecRunner.kt:104)
	at io.kotest.engine.spec.runners.SingleInstanceSpecRunner.access$runTest(SingleInstanceSpecRunner.kt:34)
	at io.kotest.engine.spec.runners.SingleInstanceSpecRunner$execute$interceptAndRun$2$4.invokeSuspend(SingleInstanceSpecRunner.kt:57)
	at io.kotest.engine.spec.runners.SingleInstanceSpecRunner$execute$interceptAndRun$2$4.invoke(SingleInstanceSpecRunner.kt)
	at io.kotest.engine.spec.runners.SingleInstanceSpecRunner$execute$interceptAndRun$2$4.invoke(SingleInstanceSpecRunner.kt)
	at io.kotest.engine.launchers.SequentialTestLauncher$launch$3$1$1.invokeSuspend(SequentialTestLauncher.kt:22)
	at kotlin.coroutines.jvm.internal.BaseContinuationImpl.resumeWith(ContinuationImpl.kt:33)
	at kotlinx.coroutines.DispatchedTask.run(DispatchedTask.kt:106)
	at java.base/java.util.concurrent.ThreadPoolExecutor.runWorker(ThreadPoolExecutor.java:1130)
	at java.base/java.util.concurrent.ThreadPoolExecutor$Worker.run(ThreadPoolExecutor.java:630)
	at java.base/java.lang.Thread.run(Thread.java:832)

Nov 29, 2021 2:26:02 AM net.sourceforge.marathon.javaagent.server.JavaServer serve
INFO: JavaServer.serve(POST /session): {
  "desiredCapabilities": {
    "browserName": "java",
    "platform": "ANY"
  },
  "capabilities": {
    "firstMatch": [
      {
        "browserName": "java"
      }
    ]
  }
}
Nov 29, 2021 2:26:03 AM net.sourceforge.marathon.javaagent.server.JavaServer createSession
INFO: Creating device with type: EVENT_QUEUE
Nov 29, 2021 2:26:03 AM net.sourceforge.marathon.javaagent.Device getDevice
INFO: Creating a EVENT_QUEUE device
Nov 29, 2021 2:26:03 AM net.sourceforge.marathon.javaagent.server.JavaServer serve
INFO: POST(/session, {"desiredCapabilities":{"browserName":"java","platform":"ANY"},"capabilities":{"firstMatch":[{"browserName":"java"}]}}) = {data=, status=REDIRECT}
Nov 29, 2021 2:26:03 AM net.sourceforge.marathon.javaagent.server.JavaServer serve
INFO: JavaServer.serve(GET /session/f4a72cc7-83a3-4500-ac1e-b313119f2aee): {}
Nov 29, 2021 2:26:03 AM net.sourceforge.marathon.javaagent.server.JavaServer serve
INFO: GET(/session/f4a72cc7-83a3-4500-ac1e-b313119f2aee) = {data={"name":"getCapabilities","sessionId":"f4a72cc7-83a3-4500-ac1e-b313119f2aee","value":{"applicationCacheEnabled":false,"rotatable":false,"loggingPrefs":{"driver":"ALL"},"handlesAlerts":false,"databaseEnabled":false,"version":"1.0","platform":"ANY","browserConnectionEnabled":false,"nativeEvents":false,"acceptSslCerts":false,"locationContextEnabled":false,"webStorageEnabled":false,"browserName":"java","takesScreenshot":true,"javascriptEnabled":true,"cssSelectorsEnabled":false},"status":0}, status=OK}
Nov 29, 2021 2:26:03 AM org.openqa.selenium.remote.ProtocolHandshake createSession
INFO: Detected dialect: OSS
Nov 29, 2021 2:26:03 AM net.sourceforge.marathon.javaagent.server.JavaServer serve
INFO: JavaServer.serve(POST /session/f4a72cc7-83a3-4500-ac1e-b313119f2aee/element): {
  "using": "css selector",
  "value": "."
}
Nov 29, 2021 2:26:03 AM net.sourceforge.marathon.javaagent.server.JavaServer serve
INFO: POST(/session/f4a72cc7-83a3-4500-ac1e-b313119f2aee/element, {"using":"css selector","value":"."}) = {data={"name":"findElement","sessionId":"f4a72cc7-83a3-4500-ac1e-b313119f2aee","value":{"ELEMENT":"af9ff7e8-4813-47ac-8036-8ef3d37dfee4"},"status":0}, status=OK}
Nov 29, 2021 2:26:03 AM net.sourceforge.marathon.javaagent.server.JavaServer serve
INFO: JavaServer.serve(GET /session/f4a72cc7-83a3-4500-ac1e-b313119f2aee/element/af9ff7e8-4813-47ac-8036-8ef3d37dfee4/attribute/name): {}
Nov 29, 2021 2:26:03 AM net.sourceforge.marathon.javaagent.server.JavaServer serve
INFO: GET(/session/f4a72cc7-83a3-4500-ac1e-b313119f2aee/element/af9ff7e8-4813-47ac-8036-8ef3d37dfee4/attribute/name) = {data={"name":"getElementAttribute","sessionId":"f4a72cc7-83a3-4500-ac1e-b313119f2aee","value":"Auction Sniper Name","status":0}, status=OK}
Nov 29, 2021 2:26:03 AM net.sourceforge.marathon.javaagent.server.JavaServer serve
INFO: JavaServer.serve(POST /session/f4a72cc7-83a3-4500-ac1e-b313119f2aee/element): {
  "using": "css selector",
  "value": "."
}
Nov 29, 2021 2:26:03 AM net.sourceforge.marathon.javaagent.server.JavaServer serve
INFO: POST(/session/f4a72cc7-83a3-4500-ac1e-b313119f2aee/element, {"using":"css selector","value":"."}) = {data={"name":"findElement","sessionId":"f4a72cc7-83a3-4500-ac1e-b313119f2aee","value":{"ELEMENT":"af9ff7e8-4813-47ac-8036-8ef3d37dfee4"},"status":0}, status=OK}
Nov 29, 2021 2:26:03 AM net.sourceforge.marathon.javaagent.server.JavaServer serve
INFO: JavaServer.serve(GET /session/f4a72cc7-83a3-4500-ac1e-b313119f2aee/element/af9ff7e8-4813-47ac-8036-8ef3d37dfee4/displayed): {}
Nov 29, 2021 2:26:03 AM net.sourceforge.marathon.javaagent.server.JavaServer serve
INFO: GET(/session/f4a72cc7-83a3-4500-ac1e-b313119f2aee/element/af9ff7e8-4813-47ac-8036-8ef3d37dfee4/displayed) = {data={"name":"isDisplayed","sessionId":"f4a72cc7-83a3-4500-ac1e-b313119f2aee","value":true,"status":0}, status=OK}
Nov 29, 2021 2:26:03 AM net.sourceforge.marathon.javaagent.server.JavaServer serve
INFO: JavaServer.serve(GET /session/f4a72cc7-83a3-4500-ac1e-b313119f2aee/title): {}
Nov 29, 2021 2:26:03 AM net.sourceforge.marathon.javaagent.server.JavaServer serve
INFO: GET(/session/f4a72cc7-83a3-4500-ac1e-b313119f2aee/title) = {data={"name":"getWindowTitle","sessionId":"f4a72cc7-83a3-4500-ac1e-b313119f2aee","value":"Auction Sniper","status":0}, status=OK}
Nov 29, 2021 2:26:03 AM net.sourceforge.marathon.javaagent.server.JavaServer serve
INFO: JavaServer.serve(POST /session/f4a72cc7-83a3-4500-ac1e-b313119f2aee/element): {
  "using": "name",
  "value": "snipers table"
}
Nov 29, 2021 2:26:03 AM net.sourceforge.marathon.javaagent.server.JavaServer serve
INFO: POST(/session/f4a72cc7-83a3-4500-ac1e-b313119f2aee/element, {"using":"name","value":"snipers table"}) = {data={"name":"findElement","sessionId":"f4a72cc7-83a3-4500-ac1e-b313119f2aee","value":{"ELEMENT":"c5476515-e49b-4f2f-a51a-f94dfa07b32e"},"status":0}, status=OK}
Nov 29, 2021 2:26:03 AM net.sourceforge.marathon.javaagent.server.JavaServer serve
INFO: JavaServer.serve(POST /session/f4a72cc7-83a3-4500-ac1e-b313119f2aee/element/c5476515-e49b-4f2f-a51a-f94dfa07b32e/elements): {
  "id": "c5476515-e49b-4f2f-a51a-f94dfa07b32e",
  "using": "css selector",
  "value": ".::header.::all-items"
}
Nov 29, 2021 2:26:03 AM net.sourceforge.marathon.javaagent.server.JavaServer serve
INFO: POST(/session/f4a72cc7-83a3-4500-ac1e-b313119f2aee/element/c5476515-e49b-4f2f-a51a-f94dfa07b32e/elements, {"using":"css selector","id":"c5476515-e49b-4f2f-a51a-f94dfa07b32e","value":".::header.::all-items"}) = {data={"name":"findElementsOfElement","sessionId":"f4a72cc7-83a3-4500-ac1e-b313119f2aee","value":[{"ELEMENT":"f1d2d05b-2519-4dde-84b2-304b3cb00e78%23%7B%22selector%22%3A%22nth-item%22%2C%22parameters%22%3A%5B1%5D%7D"},{"ELEMENT":"f1d2d05b-2519-4dde-84b2-304b3cb00e78%23%7B%22selector%22%3A%22nth-item%22%2C%22parameters%22%3A%5B2%5D%7D"},{"ELEMENT":"f1d2d05b-2519-4dde-84b2-304b3cb00e78%23%7B%22selector%22%3A%22nth-item%22%2C%22parameters%22%3A%5B3%5D%7D"},{"ELEMENT":"f1d2d05b-2519-4dde-84b2-304b3cb00e78%23%7B%22selector%22%3A%22nth-item%22%2C%22parameters%22%3A%5B4%5D%7D"}],"status":0}, status=OK}
Nov 29, 2021 2:26:03 AM net.sourceforge.marathon.javaagent.server.JavaServer serve
INFO: JavaServer.serve(GET /session/f4a72cc7-83a3-4500-ac1e-b313119f2aee/element/f1d2d05b-2519-4dde-84b2-304b3cb00e78%23%7B%22selector%22%3A%22nth-item%22%2C%22parameters%22%3A%5B1%5D%7D/text): {}
Nov 29, 2021 2:26:03 AM net.sourceforge.marathon.javaagent.server.JavaServer serve
INFO: GET(/session/f4a72cc7-83a3-4500-ac1e-b313119f2aee/element/f1d2d05b-2519-4dde-84b2-304b3cb00e78%23%7B%22selector%22%3A%22nth-item%22%2C%22parameters%22%3A%5B1%5D%7D/text) = {data={"name":"getElementText","sessionId":"f4a72cc7-83a3-4500-ac1e-b313119f2aee","value":"Item","status":0}, status=OK}
Nov 29, 2021 2:26:03 AM net.sourceforge.marathon.javaagent.server.JavaServer serve
INFO: JavaServer.serve(GET /session/f4a72cc7-83a3-4500-ac1e-b313119f2aee/element/f1d2d05b-2519-4dde-84b2-304b3cb00e78%23%7B%22selector%22%3A%22nth-item%22%2C%22parameters%22%3A%5B2%5D%7D/text): {}
Nov 29, 2021 2:26:03 AM net.sourceforge.marathon.javaagent.server.JavaServer serve
INFO: GET(/session/f4a72cc7-83a3-4500-ac1e-b313119f2aee/element/f1d2d05b-2519-4dde-84b2-304b3cb00e78%23%7B%22selector%22%3A%22nth-item%22%2C%22parameters%22%3A%5B2%5D%7D/text) = {data={"name":"getElementText","sessionId":"f4a72cc7-83a3-4500-ac1e-b313119f2aee","value":"Last Price","status":0}, status=OK}
Nov 29, 2021 2:26:03 AM net.sourceforge.marathon.javaagent.server.JavaServer serve
INFO: JavaServer.serve(GET /session/f4a72cc7-83a3-4500-ac1e-b313119f2aee/element/f1d2d05b-2519-4dde-84b2-304b3cb00e78%23%7B%22selector%22%3A%22nth-item%22%2C%22parameters%22%3A%5B3%5D%7D/text): {}
Nov 29, 2021 2:26:03 AM net.sourceforge.marathon.javaagent.server.JavaServer serve
INFO: GET(/session/f4a72cc7-83a3-4500-ac1e-b313119f2aee/element/f1d2d05b-2519-4dde-84b2-304b3cb00e78%23%7B%22selector%22%3A%22nth-item%22%2C%22parameters%22%3A%5B3%5D%7D/text) = {data={"name":"getElementText","sessionId":"f4a72cc7-83a3-4500-ac1e-b313119f2aee","value":"Last Bid","status":0}, status=OK}
Nov 29, 2021 2:26:03 AM net.sourceforge.marathon.javaagent.server.JavaServer serve
INFO: JavaServer.serve(GET /session/f4a72cc7-83a3-4500-ac1e-b313119f2aee/element/f1d2d05b-2519-4dde-84b2-304b3cb00e78%23%7B%22selector%22%3A%22nth-item%22%2C%22parameters%22%3A%5B4%5D%7D/text): {}
Nov 29, 2021 2:26:03 AM net.sourceforge.marathon.javaagent.server.JavaServer serve
INFO: GET(/session/f4a72cc7-83a3-4500-ac1e-b313119f2aee/element/f1d2d05b-2519-4dde-84b2-304b3cb00e78%23%7B%22selector%22%3A%22nth-item%22%2C%22parameters%22%3A%5B4%5D%7D/text) = {data={"name":"getElementText","sessionId":"f4a72cc7-83a3-4500-ac1e-b313119f2aee","value":"State","status":0}, status=OK}
Nov 29, 2021 2:26:03 AM net.sourceforge.marathon.javaagent.server.JavaServer serve
INFO: JavaServer.serve(DELETE /session/f4a72cc7-83a3-4500-ac1e-b313119f2aee/window): {}
Nov 29, 2021 2:26:03 AM net.sourceforge.marathon.javaagent.server.JavaServer serve
INFO: DELETE(/session/f4a72cc7-83a3-4500-ac1e-b313119f2aee/window) = {data={"name":"closeSession","sessionId":"f4a72cc7-83a3-4500-ac1e-b313119f2aee","status":0}, status=OK}
Nov 29, 2021 2:26:03 AM net.sourceforge.marathon.javaagent.server.JavaServer serve
INFO: JavaServer.serve(POST /session): {
  "desiredCapabilities": {
    "browserName": "java",
    "platform": "ANY"
  },
  "capabilities": {
    "firstMatch": [
      {
        "browserName": "java"
      }
    ]
  }
}
Nov 29, 2021 2:26:03 AM net.sourceforge.marathon.javaagent.server.JavaServer createSession
INFO: Creating device with type: EVENT_QUEUE
Nov 29, 2021 2:26:03 AM net.sourceforge.marathon.javaagent.Device getDevice
INFO: Creating a EVENT_QUEUE device
Nov 29, 2021 2:26:03 AM net.sourceforge.marathon.javaagent.server.JavaServer serve
INFO: POST(/session, {"desiredCapabilities":{"browserName":"java","platform":"ANY"},"capabilities":{"firstMatch":[{"browserName":"java"}]}}) = {data=, status=REDIRECT}
Nov 29, 2021 2:26:03 AM net.sourceforge.marathon.javaagent.server.JavaServer serve
INFO: JavaServer.serve(GET /session/eee9fd71-85b0-4aeb-8520-4bd66c7da108): {}
Nov 29, 2021 2:26:03 AM net.sourceforge.marathon.javaagent.server.JavaServer serve
INFO: GET(/session/eee9fd71-85b0-4aeb-8520-4bd66c7da108) = {data={"name":"getCapabilities","sessionId":"eee9fd71-85b0-4aeb-8520-4bd66c7da108","value":{"applicationCacheEnabled":false,"rotatable":false,"loggingPrefs":{"driver":"ALL"},"handlesAlerts":false,"databaseEnabled":false,"version":"1.0","platform":"ANY","browserConnectionEnabled":false,"nativeEvents":false,"acceptSslCerts":false,"locationContextEnabled":false,"webStorageEnabled":false,"browserName":"java","takesScreenshot":true,"javascriptEnabled":true,"cssSelectorsEnabled":false},"status":0}, status=OK}
Nov 29, 2021 2:26:03 AM org.openqa.selenium.remote.ProtocolHandshake createSession
INFO: Detected dialect: OSS
Nov 29, 2021 2:26:03 AM net.sourceforge.marathon.javaagent.server.JavaServer serve
INFO: JavaServer.serve(POST /session/eee9fd71-85b0-4aeb-8520-4bd66c7da108/element): {
  "using": "name",
  "value": "new item id field"
}
Nov 29, 2021 2:26:03 AM net.sourceforge.marathon.javaagent.server.JavaServer serve
INFO: POST(/session/eee9fd71-85b0-4aeb-8520-4bd66c7da108/element, {"using":"name","value":"new item id field"}) = {data={"name":"findElement","sessionId":"eee9fd71-85b0-4aeb-8520-4bd66c7da108","value":{"ELEMENT":"ad4bcd52-6cae-4a79-915d-b911a33e1fa3"},"status":0}, status=OK}
Nov 29, 2021 2:26:03 AM net.sourceforge.marathon.javaagent.server.JavaServer serve
INFO: JavaServer.serve(POST /session/eee9fd71-85b0-4aeb-8520-4bd66c7da108/element/ad4bcd52-6cae-4a79-915d-b911a33e1fa3/clear): {
  "id": "ad4bcd52-6cae-4a79-915d-b911a33e1fa3"
}
Nov 29, 2021 2:26:03 AM net.sourceforge.marathon.javaagent.server.JavaServer serve
INFO: POST(/session/eee9fd71-85b0-4aeb-8520-4bd66c7da108/element/ad4bcd52-6cae-4a79-915d-b911a33e1fa3/clear, {"id":"ad4bcd52-6cae-4a79-915d-b911a33e1fa3"}) = {data={"name":"clearElement","sessionId":"eee9fd71-85b0-4aeb-8520-4bd66c7da108","status":0}, status=OK}
Nov 29, 2021 2:26:03 AM net.sourceforge.marathon.javaagent.server.JavaServer serve
INFO: JavaServer.serve(POST /session/eee9fd71-85b0-4aeb-8520-4bd66c7da108/element/ad4bcd52-6cae-4a79-915d-b911a33e1fa3/value): {
  "id": "ad4bcd52-6cae-4a79-915d-b911a33e1fa3",
  "value": [
    "an item-id"
  ]
}
Nov 29, 2021 2:26:03 AM net.sourceforge.marathon.javaagent.EventQueueDevice dispatchEvent
INFO: java.awt.event.KeyEvent[KEY_PRESSED,keyCode=65,keyText=A,keyChar='a',keyLocation=KEY_LOCATION_UNKNOWN,rawCode=0,primaryLevelUnicode=0,scancode=0,extendedKeyCode=0x0] on new item id field
Nov 29, 2021 2:26:03 AM net.sourceforge.marathon.javaagent.EventQueueDevice dispatchEvent
INFO: java.awt.event.KeyEvent[KEY_TYPED,keyCode=0,keyText=Unknown keyCode: 0x0,keyChar='a',keyLocation=KEY_LOCATION_UNKNOWN,rawCode=0,primaryLevelUnicode=0,scancode=0,extendedKeyCode=0x0] on new item id field
Nov 29, 2021 2:26:03 AM net.sourceforge.marathon.javaagent.EventQueueDevice dispatchEvent
INFO: java.awt.event.KeyEvent[KEY_RELEASED,keyCode=65,keyText=A,keyChar='a',keyLocation=KEY_LOCATION_UNKNOWN,rawCode=0,primaryLevelUnicode=0,scancode=0,extendedKeyCode=0x0] on new item id field
Nov 29, 2021 2:26:03 AM net.sourceforge.marathon.javaagent.EventQueueDevice dispatchEvent
INFO: java.awt.event.KeyEvent[KEY_PRESSED,keyCode=78,keyText=N,keyChar='n',keyLocation=KEY_LOCATION_UNKNOWN,rawCode=0,primaryLevelUnicode=0,scancode=0,extendedKeyCode=0x0] on new item id field
Nov 29, 2021 2:26:03 AM net.sourceforge.marathon.javaagent.EventQueueDevice dispatchEvent
INFO: java.awt.event.KeyEvent[KEY_TYPED,keyCode=0,keyText=Unknown keyCode: 0x0,keyChar='n',keyLocation=KEY_LOCATION_UNKNOWN,rawCode=0,primaryLevelUnicode=0,scancode=0,extendedKeyCode=0x0] on new item id field
Nov 29, 2021 2:26:03 AM net.sourceforge.marathon.javaagent.EventQueueDevice dispatchEvent
INFO: java.awt.event.KeyEvent[KEY_RELEASED,keyCode=78,keyText=N,keyChar='n',keyLocation=KEY_LOCATION_UNKNOWN,rawCode=0,primaryLevelUnicode=0,scancode=0,extendedKeyCode=0x0] on new item id field
Nov 29, 2021 2:26:03 AM net.sourceforge.marathon.javaagent.EventQueueDevice dispatchEvent
INFO: java.awt.event.KeyEvent[KEY_PRESSED,keyCode=16,keyText=Shift,keyChar=Undefined keyChar,modifiers=Shift,extModifiers=Shift,keyLocation=KEY_LOCATION_UNKNOWN,rawCode=0,primaryLevelUnicode=0,scancode=0,extendedKeyCode=0x0] on new item id field
Nov 29, 2021 2:26:03 AM net.sourceforge.marathon.javaagent.EventQueueDevice dispatchEvent
INFO: java.awt.event.KeyEvent[KEY_PRESSED,keyCode=32,keyText=Space,keyChar=' ',modifiers=Shift,extModifiers=Shift,keyLocation=KEY_LOCATION_UNKNOWN,rawCode=0,primaryLevelUnicode=0,scancode=0,extendedKeyCode=0x0] on new item id field
Nov 29, 2021 2:26:03 AM net.sourceforge.marathon.javaagent.EventQueueDevice dispatchEvent
INFO: java.awt.event.KeyEvent[KEY_TYPED,keyCode=0,keyText=Unknown keyCode: 0x0,keyChar=' ',modifiers=Shift,extModifiers=Shift,keyLocation=KEY_LOCATION_UNKNOWN,rawCode=0,primaryLevelUnicode=0,scancode=0,extendedKeyCode=0x0] on new item id field
Nov 29, 2021 2:26:03 AM net.sourceforge.marathon.javaagent.EventQueueDevice dispatchEvent
INFO: java.awt.event.KeyEvent[KEY_RELEASED,keyCode=32,keyText=Space,keyChar=' ',modifiers=Shift,extModifiers=Shift,keyLocation=KEY_LOCATION_UNKNOWN,rawCode=0,primaryLevelUnicode=0,scancode=0,extendedKeyCode=0x0] on new item id field
Nov 29, 2021 2:26:03 AM net.sourceforge.marathon.javaagent.EventQueueDevice dispatchEvent
INFO: java.awt.event.KeyEvent[KEY_RELEASED,keyCode=16,keyText=Shift,keyChar=Undefined keyChar,keyLocation=KEY_LOCATION_UNKNOWN,rawCode=0,primaryLevelUnicode=0,scancode=0,extendedKeyCode=0x0] on new item id field
Nov 29, 2021 2:26:03 AM net.sourceforge.marathon.javaagent.EventQueueDevice dispatchEvent
INFO: java.awt.event.KeyEvent[KEY_PRESSED,keyCode=73,keyText=I,keyChar='i',keyLocation=KEY_LOCATION_UNKNOWN,rawCode=0,primaryLevelUnicode=0,scancode=0,extendedKeyCode=0x0] on new item id field
Nov 29, 2021 2:26:03 AM net.sourceforge.marathon.javaagent.EventQueueDevice dispatchEvent
INFO: java.awt.event.KeyEvent[KEY_TYPED,keyCode=0,keyText=Unknown keyCode: 0x0,keyChar='i',keyLocation=KEY_LOCATION_UNKNOWN,rawCode=0,primaryLevelUnicode=0,scancode=0,extendedKeyCode=0x0] on new item id field
Nov 29, 2021 2:26:03 AM net.sourceforge.marathon.javaagent.EventQueueDevice dispatchEvent
INFO: java.awt.event.KeyEvent[KEY_RELEASED,keyCode=73,keyText=I,keyChar='i',keyLocation=KEY_LOCATION_UNKNOWN,rawCode=0,primaryLevelUnicode=0,scancode=0,extendedKeyCode=0x0] on new item id field
Nov 29, 2021 2:26:03 AM net.sourceforge.marathon.javaagent.EventQueueDevice dispatchEvent
INFO: java.awt.event.KeyEvent[KEY_PRESSED,keyCode=84,keyText=T,keyChar='t',keyLocation=KEY_LOCATION_UNKNOWN,rawCode=0,primaryLevelUnicode=0,scancode=0,extendedKeyCode=0x0] on new item id field
Nov 29, 2021 2:26:03 AM net.sourceforge.marathon.javaagent.EventQueueDevice dispatchEvent
INFO: java.awt.event.KeyEvent[KEY_TYPED,keyCode=0,keyText=Unknown keyCode: 0x0,keyChar='t',keyLocation=KEY_LOCATION_UNKNOWN,rawCode=0,primaryLevelUnicode=0,scancode=0,extendedKeyCode=0x0] on new item id field
Nov 29, 2021 2:26:03 AM net.sourceforge.marathon.javaagent.EventQueueDevice dispatchEvent
INFO: java.awt.event.KeyEvent[KEY_RELEASED,keyCode=84,keyText=T,keyChar='t',keyLocation=KEY_LOCATION_UNKNOWN,rawCode=0,primaryLevelUnicode=0,scancode=0,extendedKeyCode=0x0] on new item id field
Nov 29, 2021 2:26:03 AM net.sourceforge.marathon.javaagent.EventQueueDevice dispatchEvent
INFO: java.awt.event.KeyEvent[KEY_PRESSED,keyCode=69,keyText=E,keyChar='e',keyLocation=KEY_LOCATION_UNKNOWN,rawCode=0,primaryLevelUnicode=0,scancode=0,extendedKeyCode=0x0] on new item id field
Nov 29, 2021 2:26:03 AM net.sourceforge.marathon.javaagent.EventQueueDevice dispatchEvent
INFO: java.awt.event.KeyEvent[KEY_TYPED,keyCode=0,keyText=Unknown keyCode: 0x0,keyChar='e',keyLocation=KEY_LOCATION_UNKNOWN,rawCode=0,primaryLevelUnicode=0,scancode=0,extendedKeyCode=0x0] on new item id field
Nov 29, 2021 2:26:03 AM net.sourceforge.marathon.javaagent.EventQueueDevice dispatchEvent
INFO: java.awt.event.KeyEvent[KEY_RELEASED,keyCode=69,keyText=E,keyChar='e',keyLocation=KEY_LOCATION_UNKNOWN,rawCode=0,primaryLevelUnicode=0,scancode=0,extendedKeyCode=0x0] on new item id field
Nov 29, 2021 2:26:03 AM net.sourceforge.marathon.javaagent.EventQueueDevice dispatchEvent
INFO: java.awt.event.KeyEvent[KEY_PRESSED,keyCode=77,keyText=M,keyChar='m',keyLocation=KEY_LOCATION_UNKNOWN,rawCode=0,primaryLevelUnicode=0,scancode=0,extendedKeyCode=0x0] on new item id field
Nov 29, 2021 2:26:03 AM net.sourceforge.marathon.javaagent.EventQueueDevice dispatchEvent
INFO: java.awt.event.KeyEvent[KEY_TYPED,keyCode=0,keyText=Unknown keyCode: 0x0,keyChar='m',keyLocation=KEY_LOCATION_UNKNOWN,rawCode=0,primaryLevelUnicode=0,scancode=0,extendedKeyCode=0x0] on new item id field
Nov 29, 2021 2:26:03 AM net.sourceforge.marathon.javaagent.EventQueueDevice dispatchEvent
INFO: java.awt.event.KeyEvent[KEY_RELEASED,keyCode=77,keyText=M,keyChar='m',keyLocation=KEY_LOCATION_UNKNOWN,rawCode=0,primaryLevelUnicode=0,scancode=0,extendedKeyCode=0x0] on new item id field
Nov 29, 2021 2:26:03 AM net.sourceforge.marathon.javaagent.EventQueueDevice dispatchEvent
INFO: java.awt.event.KeyEvent[KEY_PRESSED,keyCode=45,keyText=Minus,keyChar='-',keyLocation=KEY_LOCATION_UNKNOWN,rawCode=0,primaryLevelUnicode=0,scancode=0,extendedKeyCode=0x0] on new item id field
Nov 29, 2021 2:26:03 AM net.sourceforge.marathon.javaagent.EventQueueDevice dispatchEvent
INFO: java.awt.event.KeyEvent[KEY_TYPED,keyCode=0,keyText=Unknown keyCode: 0x0,keyChar='-',keyLocation=KEY_LOCATION_UNKNOWN,rawCode=0,primaryLevelUnicode=0,scancode=0,extendedKeyCode=0x0] on new item id field
Nov 29, 2021 2:26:03 AM net.sourceforge.marathon.javaagent.EventQueueDevice dispatchEvent
INFO: java.awt.event.KeyEvent[KEY_RELEASED,keyCode=45,keyText=Minus,keyChar='-',keyLocation=KEY_LOCATION_UNKNOWN,rawCode=0,primaryLevelUnicode=0,scancode=0,extendedKeyCode=0x0] on new item id field
Nov 29, 2021 2:26:03 AM net.sourceforge.marathon.javaagent.EventQueueDevice dispatchEvent
INFO: java.awt.event.KeyEvent[KEY_PRESSED,keyCode=73,keyText=I,keyChar='i',keyLocation=KEY_LOCATION_UNKNOWN,rawCode=0,primaryLevelUnicode=0,scancode=0,extendedKeyCode=0x0] on new item id field
Nov 29, 2021 2:26:03 AM net.sourceforge.marathon.javaagent.EventQueueDevice dispatchEvent
INFO: java.awt.event.KeyEvent[KEY_TYPED,keyCode=0,keyText=Unknown keyCode: 0x0,keyChar='i',keyLocation=KEY_LOCATION_UNKNOWN,rawCode=0,primaryLevelUnicode=0,scancode=0,extendedKeyCode=0x0] on new item id field
Nov 29, 2021 2:26:03 AM net.sourceforge.marathon.javaagent.EventQueueDevice dispatchEvent
INFO: java.awt.event.KeyEvent[KEY_RELEASED,keyCode=73,keyText=I,keyChar='i',keyLocation=KEY_LOCATION_UNKNOWN,rawCode=0,primaryLevelUnicode=0,scancode=0,extendedKeyCode=0x0] on new item id field
Nov 29, 2021 2:26:03 AM net.sourceforge.marathon.javaagent.EventQueueDevice dispatchEvent
INFO: java.awt.event.KeyEvent[KEY_PRESSED,keyCode=68,keyText=D,keyChar='d',keyLocation=KEY_LOCATION_UNKNOWN,rawCode=0,primaryLevelUnicode=0,scancode=0,extendedKeyCode=0x0] on new item id field
Nov 29, 2021 2:26:03 AM net.sourceforge.marathon.javaagent.EventQueueDevice dispatchEvent
INFO: java.awt.event.KeyEvent[KEY_TYPED,keyCode=0,keyText=Unknown keyCode: 0x0,keyChar='d',keyLocation=KEY_LOCATION_UNKNOWN,rawCode=0,primaryLevelUnicode=0,scancode=0,extendedKeyCode=0x0] on new item id field
Nov 29, 2021 2:26:03 AM net.sourceforge.marathon.javaagent.EventQueueDevice dispatchEvent
INFO: java.awt.event.KeyEvent[KEY_RELEASED,keyCode=68,keyText=D,keyChar='d',keyLocation=KEY_LOCATION_UNKNOWN,rawCode=0,primaryLevelUnicode=0,scancode=0,extendedKeyCode=0x0] on new item id field
Nov 29, 2021 2:26:03 AM net.sourceforge.marathon.javaagent.server.JavaServer serve
INFO: POST(/session/eee9fd71-85b0-4aeb-8520-4bd66c7da108/element/ad4bcd52-6cae-4a79-915d-b911a33e1fa3/value, {"id":"ad4bcd52-6cae-4a79-915d-b911a33e1fa3","value":["an item-id"]}) = {data={"name":"sendKeysElement","sessionId":"eee9fd71-85b0-4aeb-8520-4bd66c7da108","status":0}, status=OK}
Nov 29, 2021 2:26:03 AM net.sourceforge.marathon.javaagent.server.JavaServer serve
INFO: JavaServer.serve(POST /session/eee9fd71-85b0-4aeb-8520-4bd66c7da108/element): {
  "using": "name",
  "value": "new item stop price field"
}
Nov 29, 2021 2:26:03 AM net.sourceforge.marathon.javaagent.server.JavaServer serve
INFO: POST(/session/eee9fd71-85b0-4aeb-8520-4bd66c7da108/element, {"using":"name","value":"new item stop price field"}) = {data={"name":"findElement","sessionId":"eee9fd71-85b0-4aeb-8520-4bd66c7da108","value":{"ELEMENT":"9693fe32-eb05-43af-a159-da4eab563e2b"},"status":0}, status=OK}
Nov 29, 2021 2:26:03 AM net.sourceforge.marathon.javaagent.server.JavaServer serve
INFO: JavaServer.serve(POST /session/eee9fd71-85b0-4aeb-8520-4bd66c7da108/element/9693fe32-eb05-43af-a159-da4eab563e2b/clear): {
  "id": "9693fe32-eb05-43af-a159-da4eab563e2b"
}
Nov 29, 2021 2:26:03 AM net.sourceforge.marathon.javaagent.server.JavaServer serve
INFO: POST(/session/eee9fd71-85b0-4aeb-8520-4bd66c7da108/element/9693fe32-eb05-43af-a159-da4eab563e2b/clear, {"id":"9693fe32-eb05-43af-a159-da4eab563e2b"}) = {data={"name":"clearElement","sessionId":"eee9fd71-85b0-4aeb-8520-4bd66c7da108","status":0}, status=OK}
Nov 29, 2021 2:26:03 AM net.sourceforge.marathon.javaagent.server.JavaServer serve
INFO: JavaServer.serve(POST /session/eee9fd71-85b0-4aeb-8520-4bd66c7da108/element/9693fe32-eb05-43af-a159-da4eab563e2b/value): {
  "id": "9693fe32-eb05-43af-a159-da4eab563e2b",
  "value": [
    "11000"
  ]
}
Nov 29, 2021 2:26:03 AM net.sourceforge.marathon.javaagent.EventQueueDevice dispatchEvent
INFO: java.awt.event.KeyEvent[KEY_PRESSED,keyCode=49,keyText=1,keyChar='1',keyLocation=KEY_LOCATION_UNKNOWN,rawCode=0,primaryLevelUnicode=0,scancode=0,extendedKeyCode=0x0] on new item stop price field
Nov 29, 2021 2:26:03 AM net.sourceforge.marathon.javaagent.EventQueueDevice dispatchEvent
INFO: java.awt.event.KeyEvent[KEY_TYPED,keyCode=0,keyText=Unknown keyCode: 0x0,keyChar='1',keyLocation=KEY_LOCATION_UNKNOWN,rawCode=0,primaryLevelUnicode=0,scancode=0,extendedKeyCode=0x0] on new item stop price field
Nov 29, 2021 2:26:03 AM net.sourceforge.marathon.javaagent.EventQueueDevice dispatchEvent
INFO: java.awt.event.KeyEvent[KEY_RELEASED,keyCode=49,keyText=1,keyChar='1',keyLocation=KEY_LOCATION_UNKNOWN,rawCode=0,primaryLevelUnicode=0,scancode=0,extendedKeyCode=0x0] on new item stop price field
Nov 29, 2021 2:26:03 AM net.sourceforge.marathon.javaagent.EventQueueDevice dispatchEvent
INFO: java.awt.event.KeyEvent[KEY_PRESSED,keyCode=49,keyText=1,keyChar='1',keyLocation=KEY_LOCATION_UNKNOWN,rawCode=0,primaryLevelUnicode=0,scancode=0,extendedKeyCode=0x0] on new item stop price field
Nov 29, 2021 2:26:03 AM net.sourceforge.marathon.javaagent.EventQueueDevice dispatchEvent
INFO: java.awt.event.KeyEvent[KEY_TYPED,keyCode=0,keyText=Unknown keyCode: 0x0,keyChar='1',keyLocation=KEY_LOCATION_UNKNOWN,rawCode=0,primaryLevelUnicode=0,scancode=0,extendedKeyCode=0x0] on new item stop price field
Nov 29, 2021 2:26:03 AM net.sourceforge.marathon.javaagent.EventQueueDevice dispatchEvent
INFO: java.awt.event.KeyEvent[KEY_RELEASED,keyCode=49,keyText=1,keyChar='1',keyLocation=KEY_LOCATION_UNKNOWN,rawCode=0,primaryLevelUnicode=0,scancode=0,extendedKeyCode=0x0] on new item stop price field
Nov 29, 2021 2:26:03 AM net.sourceforge.marathon.javaagent.EventQueueDevice dispatchEvent
INFO: java.awt.event.KeyEvent[KEY_PRESSED,keyCode=48,keyText=0,keyChar='0',keyLocation=KEY_LOCATION_UNKNOWN,rawCode=0,primaryLevelUnicode=0,scancode=0,extendedKeyCode=0x0] on new item stop price field
Nov 29, 2021 2:26:03 AM net.sourceforge.marathon.javaagent.EventQueueDevice dispatchEvent
INFO: java.awt.event.KeyEvent[KEY_TYPED,keyCode=0,keyText=Unknown keyCode: 0x0,keyChar='0',keyLocation=KEY_LOCATION_UNKNOWN,rawCode=0,primaryLevelUnicode=0,scancode=0,extendedKeyCode=0x0] on new item stop price field
Nov 29, 2021 2:26:03 AM net.sourceforge.marathon.javaagent.EventQueueDevice dispatchEvent
INFO: java.awt.event.KeyEvent[KEY_RELEASED,keyCode=48,keyText=0,keyChar='0',keyLocation=KEY_LOCATION_UNKNOWN,rawCode=0,primaryLevelUnicode=0,scancode=0,extendedKeyCode=0x0] on new item stop price field
Nov 29, 2021 2:26:03 AM net.sourceforge.marathon.javaagent.EventQueueDevice dispatchEvent
INFO: java.awt.event.KeyEvent[KEY_PRESSED,keyCode=48,keyText=0,keyChar='0',keyLocation=KEY_LOCATION_UNKNOWN,rawCode=0,primaryLevelUnicode=0,scancode=0,extendedKeyCode=0x0] on new item stop price field
Nov 29, 2021 2:26:03 AM net.sourceforge.marathon.javaagent.EventQueueDevice dispatchEvent
INFO: java.awt.event.KeyEvent[KEY_TYPED,keyCode=0,keyText=Unknown keyCode: 0x0,keyChar='0',keyLocation=KEY_LOCATION_UNKNOWN,rawCode=0,primaryLevelUnicode=0,scancode=0,extendedKeyCode=0x0] on new item stop price field
Nov 29, 2021 2:26:03 AM net.sourceforge.marathon.javaagent.EventQueueDevice dispatchEvent
INFO: java.awt.event.KeyEvent[KEY_RELEASED,keyCode=48,keyText=0,keyChar='0',keyLocation=KEY_LOCATION_UNKNOWN,rawCode=0,primaryLevelUnicode=0,scancode=0,extendedKeyCode=0x0] on new item stop price field
Nov 29, 2021 2:26:03 AM net.sourceforge.marathon.javaagent.EventQueueDevice dispatchEvent
INFO: java.awt.event.KeyEvent[KEY_PRESSED,keyCode=48,keyText=0,keyChar='0',keyLocation=KEY_LOCATION_UNKNOWN,rawCode=0,primaryLevelUnicode=0,scancode=0,extendedKeyCode=0x0] on new item stop price field
Nov 29, 2021 2:26:03 AM net.sourceforge.marathon.javaagent.EventQueueDevice dispatchEvent
INFO: java.awt.event.KeyEvent[KEY_TYPED,keyCode=0,keyText=Unknown keyCode: 0x0,keyChar='0',keyLocation=KEY_LOCATION_UNKNOWN,rawCode=0,primaryLevelUnicode=0,scancode=0,extendedKeyCode=0x0] on new item stop price field
Nov 29, 2021 2:26:03 AM net.sourceforge.marathon.javaagent.EventQueueDevice dispatchEvent
INFO: java.awt.event.KeyEvent[KEY_RELEASED,keyCode=48,keyText=0,keyChar='0',keyLocation=KEY_LOCATION_UNKNOWN,rawCode=0,primaryLevelUnicode=0,scancode=0,extendedKeyCode=0x0] on new item stop price field
Nov 29, 2021 2:26:03 AM net.sourceforge.marathon.javaagent.server.JavaServer serve
INFO: POST(/session/eee9fd71-85b0-4aeb-8520-4bd66c7da108/element/9693fe32-eb05-43af-a159-da4eab563e2b/value, {"id":"9693fe32-eb05-43af-a159-da4eab563e2b","value":["11000"]}) = {data={"name":"sendKeysElement","sessionId":"eee9fd71-85b0-4aeb-8520-4bd66c7da108","status":0}, status=OK}
Nov 29, 2021 2:26:03 AM net.sourceforge.marathon.javaagent.server.JavaServer serve
INFO: JavaServer.serve(POST /session/eee9fd71-85b0-4aeb-8520-4bd66c7da108/element): {
  "using": "name",
  "value": "join button"
}
Nov 29, 2021 2:26:03 AM net.sourceforge.marathon.javaagent.server.JavaServer serve
INFO: POST(/session/eee9fd71-85b0-4aeb-8520-4bd66c7da108/element, {"using":"name","value":"join button"}) = {data={"name":"findElement","sessionId":"eee9fd71-85b0-4aeb-8520-4bd66c7da108","value":{"ELEMENT":"de92a425-4ba6-4b2d-960b-aea5afe84310"},"status":0}, status=OK}
Nov 29, 2021 2:26:03 AM net.sourceforge.marathon.javaagent.server.JavaServer serve
INFO: JavaServer.serve(POST /session/eee9fd71-85b0-4aeb-8520-4bd66c7da108/element/de92a425-4ba6-4b2d-960b-aea5afe84310/click): {
  "id": "de92a425-4ba6-4b2d-960b-aea5afe84310"
}
Nov 29, 2021 2:26:03 AM net.sourceforge.marathon.javaagent.EventQueueDevice dispatchEvent
INFO: java.awt.event.MouseEvent[MOUSE_PRESSED,(58,12),absolute(589,17),button=1,modifiers=Button1,extModifiers=Button1,clickCount=1] on join button
Nov 29, 2021 2:26:03 AM net.sourceforge.marathon.javaagent.EventQueueDevice dispatchEvent
INFO: java.awt.event.MouseEvent[MOUSE_RELEASED,(58,12),absolute(589,17),button=1,modifiers=Button1,clickCount=1] on join button
Nov 29, 2021 2:26:03 AM net.sourceforge.marathon.javaagent.EventQueueDevice dispatchEvent
INFO: java.awt.event.MouseEvent[MOUSE_CLICKED,(58,12),absolute(589,17),button=1,modifiers=Button1,clickCount=1] on join button
Nov 29, 2021 2:26:03 AM net.sourceforge.marathon.javaagent.server.JavaServer serve
INFO: POST(/session/eee9fd71-85b0-4aeb-8520-4bd66c7da108/element/de92a425-4ba6-4b2d-960b-aea5afe84310/click, {"id":"de92a425-4ba6-4b2d-960b-aea5afe84310"}) = {data={"name":"clickElement","sessionId":"eee9fd71-85b0-4aeb-8520-4bd66c7da108","status":0}, status=OK}
Nov 29, 2021 2:26:04 AM net.sourceforge.marathon.javaagent.server.JavaServer serve
INFO: JavaServer.serve(DELETE /session/eee9fd71-85b0-4aeb-8520-4bd66c7da108/window): {}
Nov 29, 2021 2:26:04 AM net.sourceforge.marathon.javaagent.server.JavaServer serve
INFO: DELETE(/session/eee9fd71-85b0-4aeb-8520-4bd66c7da108/window) = {data={"name":"closeSession","sessionId":"eee9fd71-85b0-4aeb-8520-4bd66c7da108","status":0}, status=OK}
Nov 29, 2021 2:26:04 AM net.sourceforge.marathon.javaagent.server.JavaServer serve
INFO: JavaServer.serve(POST /session): {
  "desiredCapabilities": {
    "browserName": "java",
    "platform": "ANY"
  },
  "capabilities": {
    "firstMatch": [
      {
        "browserName": "java"
      }
    ]
  }
}
Nov 29, 2021 2:26:04 AM net.sourceforge.marathon.javaagent.server.JavaServer createSession
INFO: Creating device with type: EVENT_QUEUE
Nov 29, 2021 2:26:04 AM net.sourceforge.marathon.javaagent.Device getDevice
INFO: Creating a EVENT_QUEUE device
Nov 29, 2021 2:26:04 AM net.sourceforge.marathon.javaagent.server.JavaServer serve
INFO: POST(/session, {"desiredCapabilities":{"browserName":"java","platform":"ANY"},"capabilities":{"firstMatch":[{"browserName":"java"}]}}) = {data=, status=REDIRECT}
Nov 29, 2021 2:26:04 AM net.sourceforge.marathon.javaagent.server.JavaServer serve
INFO: JavaServer.serve(GET /session/3d6cb178-9bda-4492-ab51-7ae11cabaf42): {}
Nov 29, 2021 2:26:04 AM net.sourceforge.marathon.javaagent.server.JavaServer serve
INFO: GET(/session/3d6cb178-9bda-4492-ab51-7ae11cabaf42) = {data={"name":"getCapabilities","sessionId":"3d6cb178-9bda-4492-ab51-7ae11cabaf42","value":{"applicationCacheEnabled":false,"rotatable":false,"loggingPrefs":{"driver":"ALL"},"handlesAlerts":false,"databaseEnabled":false,"version":"1.0","platform":"ANY","browserConnectionEnabled":false,"nativeEvents":false,"acceptSslCerts":false,"locationContextEnabled":false,"webStorageEnabled":false,"browserName":"java","takesScreenshot":true,"javascriptEnabled":true,"cssSelectorsEnabled":false},"status":0}, status=OK}
Nov 29, 2021 2:26:04 AM org.openqa.selenium.remote.ProtocolHandshake createSession
INFO: Detected dialect: OSS
Nov 29, 2021 2:26:04 AM net.sourceforge.marathon.javaagent.server.JavaServer serve
INFO: JavaServer.serve(POST /session/3d6cb178-9bda-4492-ab51-7ae11cabaf42/element): {
  "using": "name",
  "value": "sniper reset button"
}
Nov 29, 2021 2:26:04 AM net.sourceforge.marathon.javaagent.server.JavaServer serve
INFO: POST(/session/3d6cb178-9bda-4492-ab51-7ae11cabaf42/element, {"using":"name","value":"sniper reset button"}) = {data={"name":"findElement","sessionId":"3d6cb178-9bda-4492-ab51-7ae11cabaf42","value":{"ELEMENT":"025acf30-c886-4f3b-8f36-e3be438b626d"},"status":0}, status=OK}
Nov 29, 2021 2:26:04 AM net.sourceforge.marathon.javaagent.server.JavaServer serve
INFO: JavaServer.serve(POST /session/3d6cb178-9bda-4492-ab51-7ae11cabaf42/element/025acf30-c886-4f3b-8f36-e3be438b626d/click): {
  "id": "025acf30-c886-4f3b-8f36-e3be438b626d"
}
Nov 29, 2021 2:26:04 AM net.sourceforge.marathon.javaagent.EventQueueDevice dispatchEvent
INFO: java.awt.event.MouseEvent[MOUSE_PRESSED,(37,12),absolute(326,474),button=1,modifiers=Button1,extModifiers=Button1,clickCount=1] on sniper reset button
Nov 29, 2021 2:26:04 AM net.sourceforge.marathon.javaagent.EventQueueDevice dispatchEvent
INFO: java.awt.event.MouseEvent[MOUSE_RELEASED,(37,12),absolute(326,474),button=1,modifiers=Button1,clickCount=1] on sniper reset button
Nov 29, 2021 2:26:04 AM net.sourceforge.marathon.javaagent.EventQueueDevice dispatchEvent
INFO: java.awt.event.MouseEvent[MOUSE_CLICKED,(37,12),absolute(326,474),button=1,modifiers=Button1,clickCount=1] on sniper reset button
Nov 29, 2021 2:26:04 AM net.sourceforge.marathon.javaagent.server.JavaServer serve
INFO: POST(/session/3d6cb178-9bda-4492-ab51-7ae11cabaf42/element/025acf30-c886-4f3b-8f36-e3be438b626d/click, {"id":"025acf30-c886-4f3b-8f36-e3be438b626d"}) = {data={"name":"clickElement","sessionId":"3d6cb178-9bda-4492-ab51-7ae11cabaf42","status":0}, status=OK}
Nov 29, 2021 2:26:04 AM net.sourceforge.marathon.javaagent.server.JavaServer serve
INFO: JavaServer.serve(DELETE /session/3d6cb178-9bda-4492-ab51-7ae11cabaf42/window): {}
Nov 29, 2021 2:26:04 AM net.sourceforge.marathon.javaagent.server.JavaServer serve
INFO: DELETE(/session/3d6cb178-9bda-4492-ab51-7ae11cabaf42/window) = {data={"name":"closeSession","sessionId":"3d6cb178-9bda-4492-ab51-7ae11cabaf42","status":0}, status=OK}
]]></system-err>
</testsuite>
