<?xml version="1.0" encoding="UTF-8"?>
<testsuite name="goos.ui.swing.MainWindowTest" tests="3" skipped="0" failures="0" errors="0" timestamp="2021-12-17T02:32:10" hostname="buildkitsandbox" time="3.661">
  <properties/>
  <testcase name="window has expected features" classname="goos.ui.swing.MainWindowTest" time="2.825"/>
  <testcase name="make user request when join button clicked" classname="goos.ui.swing.MainWindowTest" time="0.664"/>
  <testcase name="make user request when reset button clicked" classname="goos.ui.swing.MainWindowTest" time="0.168"/>
  <system-out><![CDATA[]]></system-out>
  <system-err><![CDATA[Dec 17, 2021 2:32:11 AM io.mockk.impl.log.JULLogger warn
WARNING: Failed to transform class goos/ui/api/UserRequestListener
java.lang.IllegalArgumentException: Unsupported class file major version 59
	at net.bytebuddy.jar.asm.ClassReader.<init>(ClassReader.java:176)
	at net.bytebuddy.jar.asm.ClassReader.<init>(ClassReader.java:158)
	at net.bytebuddy.jar.asm.ClassReader.<init>(ClassReader.java:146)
	at net.bytebuddy.utility.OpenedClassReader.of(OpenedClassReader.java:69)
	at net.bytebuddy.dynamic.scaffold.TypeWriter$Default$ForInlining.create(TypeWriter.java:2877)
	at net.bytebuddy.dynamic.scaffold.TypeWriter$Default.make(TypeWriter.java:1653)
	at net.bytebuddy.dynamic.scaffold.inline.RedefinitionDynamicTypeBuilder.make(RedefinitionDynamicTypeBuilder.java:180)
	at net.bytebuddy.dynamic.scaffold.inline.AbstractInliningDynamicTypeBuilder.make(AbstractInliningDynamicTypeBuilder.java:94)
	at net.bytebuddy.dynamic.DynamicType$Builder$AbstractBase.make(DynamicType.java:2669)
	at io.mockk.proxy.jvm.transformation.InliningClassTransformer.transform(InliningClassTransformer.kt:78)
	at java.instrument/java.lang.instrument.ClassFileTransformer.transform(ClassFileTransformer.java:246)
	at java.instrument/sun.instrument.TransformerManager.transform(TransformerManager.java:188)
	at java.instrument/sun.instrument.InstrumentationImpl.transform(InstrumentationImpl.java:563)
	at java.instrument/sun.instrument.InstrumentationImpl.retransformClasses0(Native Method)
	at java.instrument/sun.instrument.InstrumentationImpl.retransformClasses(InstrumentationImpl.java:167)
	at io.mockk.proxy.jvm.transformation.JvmInlineInstrumentation.retransform(JvmInlineInstrumentation.kt:28)
	at io.mockk.proxy.common.transformation.RetransformInlineInstrumnetation$execute$1.invoke(RetransformInlineInstrumnetation.kt:19)
	at io.mockk.proxy.common.transformation.RetransformInlineInstrumnetation$execute$1.invoke(RetransformInlineInstrumnetation.kt:6)
	at io.mockk.proxy.common.transformation.ClassTransformationSpecMap.applyTransformation(ClassTransformationSpecMap.kt:41)
	at io.mockk.proxy.common.transformation.RetransformInlineInstrumnetation.execute(RetransformInlineInstrumnetation.kt:16)
	at io.mockk.proxy.jvm.ProxyMaker.inline(ProxyMaker.kt:88)
	at io.mockk.proxy.jvm.ProxyMaker.proxy(ProxyMaker.kt:30)
	at io.mockk.impl.instantiation.JvmMockFactory.newProxy(JvmMockFactory.kt:34)
	at io.mockk.impl.instantiation.AbstractMockFactory.newProxy$default(AbstractMockFactory.kt:29)
	at io.mockk.impl.instantiation.AbstractMockFactory.mockk(AbstractMockFactory.kt:59)
	at goos.ui.swing.MainWindowTest$1$1.invokeSuspend(MainWindowTest.kt:90)
	at goos.ui.swing.MainWindowTest$1$1.invoke(MainWindowTest.kt)
	at goos.ui.swing.MainWindowTest$1$1.invoke(MainWindowTest.kt)
	at io.kotest.core.TestConfiguration$beforeTest$1.beforeTest(TestConfiguration.kt:137)
	at io.kotest.core.spec.LifecycleKt.invokeAllBeforeTestCallbacks(lifecycle.kt:76)
	at io.kotest.core.internal.TestCaseExecutor.executeActiveTest(TestCaseExecutor.kt:152)
	at io.kotest.core.internal.TestCaseExecutor.access$executeActiveTest(TestCaseExecutor.kt:57)
	at io.kotest.core.internal.TestCaseExecutor$intercept$innerExecute$1$1.invokeSuspend(TestCaseExecutor.kt:89)
	at io.kotest.core.internal.TestCaseExecutor$intercept$innerExecute$1$1.invoke(TestCaseExecutor.kt)
	at io.kotest.core.internal.TestCaseExecutor$intercept$innerExecute$1$1.invoke(TestCaseExecutor.kt)
	at io.kotest.core.internal.TestCaseExecutor.executeIfEnabled(TestCaseExecutor.kt:117)
	at io.kotest.core.internal.TestCaseExecutor.access$executeIfEnabled(TestCaseExecutor.kt:57)
	at io.kotest.core.internal.TestCaseExecutor$intercept$innerExecute$1.invokeSuspend(TestCaseExecutor.kt:89)
	at io.kotest.core.internal.TestCaseExecutor$intercept$innerExecute$1.invoke(TestCaseExecutor.kt)
	at io.kotest.core.internal.TestCaseExecutor$intercept$innerExecute$1.invoke(TestCaseExecutor.kt)
	at io.kotest.core.internal.TestCaseExecutor.intercept(TestCaseExecutor.kt:103)
	at io.kotest.core.internal.TestCaseExecutor.execute(TestCaseExecutor.kt:69)
	at io.kotest.engine.spec.runners.SingleInstanceSpecRunner.runTest(SingleInstanceSpecRunner.kt:104)
	at io.kotest.engine.spec.runners.SingleInstanceSpecRunner.access$runTest(SingleInstanceSpecRunner.kt:34)
	at io.kotest.engine.spec.runners.SingleInstanceSpecRunner$execute$interceptAndRun$2$4.invokeSuspend(SingleInstanceSpecRunner.kt:57)
	at io.kotest.engine.spec.runners.SingleInstanceSpecRunner$execute$interceptAndRun$2$4.invoke(SingleInstanceSpecRunner.kt)
	at io.kotest.engine.spec.runners.SingleInstanceSpecRunner$execute$interceptAndRun$2$4.invoke(SingleInstanceSpecRunner.kt)
	at io.kotest.engine.launchers.SequentialTestLauncher$launch$3$1$1.invokeSuspend(SequentialTestLauncher.kt:22)
	at kotlin.coroutines.jvm.internal.BaseContinuationImpl.resumeWith(ContinuationImpl.kt:33)
	at kotlinx.coroutines.DispatchedTask.run(DispatchedTask.kt:106)
	at java.base/java.util.concurrent.ThreadPoolExecutor.runWorker(ThreadPoolExecutor.java:1130)
	at java.base/java.util.concurrent.ThreadPoolExecutor$Worker.run(ThreadPoolExecutor.java:630)
	at java.base/java.lang.Thread.run(Thread.java:832)

Dec 17, 2021 2:32:12 AM net.sourceforge.marathon.javaagent.server.JavaServer serve
INFO: JavaServer.serve(POST /session): {
  "desiredCapabilities": {
    "browserName": "java",
    "platform": "ANY"
  },
  "capabilities": {
    "firstMatch": [
      {
        "browserName": "java"
      }
    ]
  }
}
Dec 17, 2021 2:32:12 AM net.sourceforge.marathon.javaagent.server.JavaServer createSession
INFO: Creating device with type: EVENT_QUEUE
Dec 17, 2021 2:32:12 AM net.sourceforge.marathon.javaagent.Device getDevice
INFO: Creating a EVENT_QUEUE device
Dec 17, 2021 2:32:12 AM net.sourceforge.marathon.javaagent.server.JavaServer serve
INFO: POST(/session, {"desiredCapabilities":{"browserName":"java","platform":"ANY"},"capabilities":{"firstMatch":[{"browserName":"java"}]}}) = {data=, status=REDIRECT}
Dec 17, 2021 2:32:13 AM net.sourceforge.marathon.javaagent.server.JavaServer serve
INFO: JavaServer.serve(GET /session/fb97b40f-0f73-47fd-97b3-fa30e6fc35fe): {}
Dec 17, 2021 2:32:13 AM net.sourceforge.marathon.javaagent.server.JavaServer serve
INFO: GET(/session/fb97b40f-0f73-47fd-97b3-fa30e6fc35fe) = {data={"name":"getCapabilities","sessionId":"fb97b40f-0f73-47fd-97b3-fa30e6fc35fe","value":{"applicationCacheEnabled":false,"rotatable":false,"loggingPrefs":{"driver":"ALL"},"handlesAlerts":false,"databaseEnabled":false,"version":"1.0","platform":"ANY","browserConnectionEnabled":false,"nativeEvents":false,"acceptSslCerts":false,"locationContextEnabled":false,"webStorageEnabled":false,"browserName":"java","takesScreenshot":true,"javascriptEnabled":true,"cssSelectorsEnabled":false},"status":0}, status=OK}
Dec 17, 2021 2:32:13 AM org.openqa.selenium.remote.ProtocolHandshake createSession
INFO: Detected dialect: OSS
Dec 17, 2021 2:32:13 AM net.sourceforge.marathon.javaagent.server.JavaServer serve
INFO: JavaServer.serve(POST /session/fb97b40f-0f73-47fd-97b3-fa30e6fc35fe/element): {
  "using": "css selector",
  "value": "."
}
Dec 17, 2021 2:32:13 AM net.sourceforge.marathon.javaagent.server.JavaServer serve
INFO: POST(/session/fb97b40f-0f73-47fd-97b3-fa30e6fc35fe/element, {"using":"css selector","value":"."}) = {data={"name":"findElement","sessionId":"fb97b40f-0f73-47fd-97b3-fa30e6fc35fe","value":{"ELEMENT":"81ee4840-86e4-46ac-822a-85a498fdd676"},"status":0}, status=OK}
Dec 17, 2021 2:32:13 AM net.sourceforge.marathon.javaagent.server.JavaServer serve
INFO: JavaServer.serve(GET /session/fb97b40f-0f73-47fd-97b3-fa30e6fc35fe/element/81ee4840-86e4-46ac-822a-85a498fdd676/attribute/name): {}
Dec 17, 2021 2:32:13 AM net.sourceforge.marathon.javaagent.server.JavaServer serve
INFO: GET(/session/fb97b40f-0f73-47fd-97b3-fa30e6fc35fe/element/81ee4840-86e4-46ac-822a-85a498fdd676/attribute/name) = {data={"name":"getElementAttribute","sessionId":"fb97b40f-0f73-47fd-97b3-fa30e6fc35fe","value":"Auction Sniper Name","status":0}, status=OK}
Dec 17, 2021 2:32:13 AM net.sourceforge.marathon.javaagent.server.JavaServer serve
INFO: JavaServer.serve(POST /session/fb97b40f-0f73-47fd-97b3-fa30e6fc35fe/element): {
  "using": "css selector",
  "value": "."
}
Dec 17, 2021 2:32:13 AM net.sourceforge.marathon.javaagent.server.JavaServer serve
INFO: POST(/session/fb97b40f-0f73-47fd-97b3-fa30e6fc35fe/element, {"using":"css selector","value":"."}) = {data={"name":"findElement","sessionId":"fb97b40f-0f73-47fd-97b3-fa30e6fc35fe","value":{"ELEMENT":"81ee4840-86e4-46ac-822a-85a498fdd676"},"status":0}, status=OK}
Dec 17, 2021 2:32:13 AM net.sourceforge.marathon.javaagent.server.JavaServer serve
INFO: JavaServer.serve(GET /session/fb97b40f-0f73-47fd-97b3-fa30e6fc35fe/element/81ee4840-86e4-46ac-822a-85a498fdd676/displayed): {}
Dec 17, 2021 2:32:13 AM net.sourceforge.marathon.javaagent.server.JavaServer serve
INFO: GET(/session/fb97b40f-0f73-47fd-97b3-fa30e6fc35fe/element/81ee4840-86e4-46ac-822a-85a498fdd676/displayed) = {data={"name":"isDisplayed","sessionId":"fb97b40f-0f73-47fd-97b3-fa30e6fc35fe","value":true,"status":0}, status=OK}
Dec 17, 2021 2:32:13 AM net.sourceforge.marathon.javaagent.server.JavaServer serve
INFO: JavaServer.serve(GET /session/fb97b40f-0f73-47fd-97b3-fa30e6fc35fe/title): {}
Dec 17, 2021 2:32:13 AM net.sourceforge.marathon.javaagent.server.JavaServer serve
INFO: GET(/session/fb97b40f-0f73-47fd-97b3-fa30e6fc35fe/title) = {data={"name":"getWindowTitle","sessionId":"fb97b40f-0f73-47fd-97b3-fa30e6fc35fe","value":"Auction Sniper","status":0}, status=OK}
Dec 17, 2021 2:32:13 AM net.sourceforge.marathon.javaagent.server.JavaServer serve
INFO: JavaServer.serve(POST /session/fb97b40f-0f73-47fd-97b3-fa30e6fc35fe/element): {
  "using": "name",
  "value": "snipers table"
}
Dec 17, 2021 2:32:13 AM net.sourceforge.marathon.javaagent.server.JavaServer serve
INFO: POST(/session/fb97b40f-0f73-47fd-97b3-fa30e6fc35fe/element, {"using":"name","value":"snipers table"}) = {data={"name":"findElement","sessionId":"fb97b40f-0f73-47fd-97b3-fa30e6fc35fe","value":{"ELEMENT":"e65f3c31-d839-4d45-9051-639bf22367e7"},"status":0}, status=OK}
Dec 17, 2021 2:32:13 AM net.sourceforge.marathon.javaagent.server.JavaServer serve
INFO: JavaServer.serve(POST /session/fb97b40f-0f73-47fd-97b3-fa30e6fc35fe/element/e65f3c31-d839-4d45-9051-639bf22367e7/elements): {
  "id": "e65f3c31-d839-4d45-9051-639bf22367e7",
  "using": "css selector",
  "value": ".::header.::all-items"
}
Dec 17, 2021 2:32:13 AM net.sourceforge.marathon.javaagent.server.JavaServer serve
INFO: POST(/session/fb97b40f-0f73-47fd-97b3-fa30e6fc35fe/element/e65f3c31-d839-4d45-9051-639bf22367e7/elements, {"using":"css selector","id":"e65f3c31-d839-4d45-9051-639bf22367e7","value":".::header.::all-items"}) = {data={"name":"findElementsOfElement","sessionId":"fb97b40f-0f73-47fd-97b3-fa30e6fc35fe","value":[{"ELEMENT":"70ddc0e5-588f-4755-98cc-c22572e78941%23%7B%22selector%22%3A%22nth-item%22%2C%22parameters%22%3A%5B1%5D%7D"},{"ELEMENT":"70ddc0e5-588f-4755-98cc-c22572e78941%23%7B%22selector%22%3A%22nth-item%22%2C%22parameters%22%3A%5B2%5D%7D"},{"ELEMENT":"70ddc0e5-588f-4755-98cc-c22572e78941%23%7B%22selector%22%3A%22nth-item%22%2C%22parameters%22%3A%5B3%5D%7D"},{"ELEMENT":"70ddc0e5-588f-4755-98cc-c22572e78941%23%7B%22selector%22%3A%22nth-item%22%2C%22parameters%22%3A%5B4%5D%7D"}],"status":0}, status=OK}
Dec 17, 2021 2:32:13 AM net.sourceforge.marathon.javaagent.server.JavaServer serve
INFO: JavaServer.serve(GET /session/fb97b40f-0f73-47fd-97b3-fa30e6fc35fe/element/70ddc0e5-588f-4755-98cc-c22572e78941%23%7B%22selector%22%3A%22nth-item%22%2C%22parameters%22%3A%5B1%5D%7D/text): {}
Dec 17, 2021 2:32:13 AM net.sourceforge.marathon.javaagent.server.JavaServer serve
INFO: GET(/session/fb97b40f-0f73-47fd-97b3-fa30e6fc35fe/element/70ddc0e5-588f-4755-98cc-c22572e78941%23%7B%22selector%22%3A%22nth-item%22%2C%22parameters%22%3A%5B1%5D%7D/text) = {data={"name":"getElementText","sessionId":"fb97b40f-0f73-47fd-97b3-fa30e6fc35fe","value":"Item","status":0}, status=OK}
Dec 17, 2021 2:32:13 AM net.sourceforge.marathon.javaagent.server.JavaServer serve
INFO: JavaServer.serve(GET /session/fb97b40f-0f73-47fd-97b3-fa30e6fc35fe/element/70ddc0e5-588f-4755-98cc-c22572e78941%23%7B%22selector%22%3A%22nth-item%22%2C%22parameters%22%3A%5B2%5D%7D/text): {}
Dec 17, 2021 2:32:13 AM net.sourceforge.marathon.javaagent.server.JavaServer serve
INFO: GET(/session/fb97b40f-0f73-47fd-97b3-fa30e6fc35fe/element/70ddc0e5-588f-4755-98cc-c22572e78941%23%7B%22selector%22%3A%22nth-item%22%2C%22parameters%22%3A%5B2%5D%7D/text) = {data={"name":"getElementText","sessionId":"fb97b40f-0f73-47fd-97b3-fa30e6fc35fe","value":"Last Price","status":0}, status=OK}
Dec 17, 2021 2:32:13 AM net.sourceforge.marathon.javaagent.server.JavaServer serve
INFO: JavaServer.serve(GET /session/fb97b40f-0f73-47fd-97b3-fa30e6fc35fe/element/70ddc0e5-588f-4755-98cc-c22572e78941%23%7B%22selector%22%3A%22nth-item%22%2C%22parameters%22%3A%5B3%5D%7D/text): {}
Dec 17, 2021 2:32:13 AM net.sourceforge.marathon.javaagent.server.JavaServer serve
INFO: GET(/session/fb97b40f-0f73-47fd-97b3-fa30e6fc35fe/element/70ddc0e5-588f-4755-98cc-c22572e78941%23%7B%22selector%22%3A%22nth-item%22%2C%22parameters%22%3A%5B3%5D%7D/text) = {data={"name":"getElementText","sessionId":"fb97b40f-0f73-47fd-97b3-fa30e6fc35fe","value":"Last Bid","status":0}, status=OK}
Dec 17, 2021 2:32:13 AM net.sourceforge.marathon.javaagent.server.JavaServer serve
INFO: JavaServer.serve(GET /session/fb97b40f-0f73-47fd-97b3-fa30e6fc35fe/element/70ddc0e5-588f-4755-98cc-c22572e78941%23%7B%22selector%22%3A%22nth-item%22%2C%22parameters%22%3A%5B4%5D%7D/text): {}
Dec 17, 2021 2:32:13 AM net.sourceforge.marathon.javaagent.server.JavaServer serve
INFO: GET(/session/fb97b40f-0f73-47fd-97b3-fa30e6fc35fe/element/70ddc0e5-588f-4755-98cc-c22572e78941%23%7B%22selector%22%3A%22nth-item%22%2C%22parameters%22%3A%5B4%5D%7D/text) = {data={"name":"getElementText","sessionId":"fb97b40f-0f73-47fd-97b3-fa30e6fc35fe","value":"State","status":0}, status=OK}
Dec 17, 2021 2:32:13 AM net.sourceforge.marathon.javaagent.server.JavaServer serve
INFO: JavaServer.serve(DELETE /session/fb97b40f-0f73-47fd-97b3-fa30e6fc35fe/window): {}
Dec 17, 2021 2:32:13 AM net.sourceforge.marathon.javaagent.server.JavaServer serve
INFO: DELETE(/session/fb97b40f-0f73-47fd-97b3-fa30e6fc35fe/window) = {data={"name":"closeSession","sessionId":"fb97b40f-0f73-47fd-97b3-fa30e6fc35fe","status":0}, status=OK}
Dec 17, 2021 2:32:13 AM net.sourceforge.marathon.javaagent.server.JavaServer serve
INFO: JavaServer.serve(POST /session): {
  "desiredCapabilities": {
    "browserName": "java",
    "platform": "ANY"
  },
  "capabilities": {
    "firstMatch": [
      {
        "browserName": "java"
      }
    ]
  }
}
Dec 17, 2021 2:32:13 AM net.sourceforge.marathon.javaagent.server.JavaServer createSession
INFO: Creating device with type: EVENT_QUEUE
Dec 17, 2021 2:32:13 AM net.sourceforge.marathon.javaagent.Device getDevice
INFO: Creating a EVENT_QUEUE device
Dec 17, 2021 2:32:13 AM net.sourceforge.marathon.javaagent.server.JavaServer serve
INFO: POST(/session, {"desiredCapabilities":{"browserName":"java","platform":"ANY"},"capabilities":{"firstMatch":[{"browserName":"java"}]}}) = {data=, status=REDIRECT}
Dec 17, 2021 2:32:13 AM net.sourceforge.marathon.javaagent.server.JavaServer serve
INFO: JavaServer.serve(GET /session/92221bef-7cb4-4352-a392-8ce88990d5d6): {}
Dec 17, 2021 2:32:13 AM net.sourceforge.marathon.javaagent.server.JavaServer serve
INFO: GET(/session/92221bef-7cb4-4352-a392-8ce88990d5d6) = {data={"name":"getCapabilities","sessionId":"92221bef-7cb4-4352-a392-8ce88990d5d6","value":{"applicationCacheEnabled":false,"rotatable":false,"loggingPrefs":{"driver":"ALL"},"handlesAlerts":false,"databaseEnabled":false,"version":"1.0","platform":"ANY","browserConnectionEnabled":false,"nativeEvents":false,"acceptSslCerts":false,"locationContextEnabled":false,"webStorageEnabled":false,"browserName":"java","takesScreenshot":true,"javascriptEnabled":true,"cssSelectorsEnabled":false},"status":0}, status=OK}
Dec 17, 2021 2:32:13 AM org.openqa.selenium.remote.ProtocolHandshake createSession
INFO: Detected dialect: OSS
Dec 17, 2021 2:32:13 AM net.sourceforge.marathon.javaagent.server.JavaServer serve
INFO: JavaServer.serve(POST /session/92221bef-7cb4-4352-a392-8ce88990d5d6/element): {
  "using": "name",
  "value": "new item id field"
}
Dec 17, 2021 2:32:13 AM net.sourceforge.marathon.javaagent.server.JavaServer serve
INFO: POST(/session/92221bef-7cb4-4352-a392-8ce88990d5d6/element, {"using":"name","value":"new item id field"}) = {data={"name":"findElement","sessionId":"92221bef-7cb4-4352-a392-8ce88990d5d6","value":{"ELEMENT":"cdac6917-572e-4778-a804-a8c92217a616"},"status":0}, status=OK}
Dec 17, 2021 2:32:13 AM net.sourceforge.marathon.javaagent.server.JavaServer serve
INFO: JavaServer.serve(POST /session/92221bef-7cb4-4352-a392-8ce88990d5d6/element/cdac6917-572e-4778-a804-a8c92217a616/clear): {
  "id": "cdac6917-572e-4778-a804-a8c92217a616"
}
Dec 17, 2021 2:32:13 AM net.sourceforge.marathon.javaagent.server.JavaServer serve
INFO: POST(/session/92221bef-7cb4-4352-a392-8ce88990d5d6/element/cdac6917-572e-4778-a804-a8c92217a616/clear, {"id":"cdac6917-572e-4778-a804-a8c92217a616"}) = {data={"name":"clearElement","sessionId":"92221bef-7cb4-4352-a392-8ce88990d5d6","status":0}, status=OK}
Dec 17, 2021 2:32:13 AM net.sourceforge.marathon.javaagent.server.JavaServer serve
INFO: JavaServer.serve(POST /session/92221bef-7cb4-4352-a392-8ce88990d5d6/element/cdac6917-572e-4778-a804-a8c92217a616/value): {
  "id": "cdac6917-572e-4778-a804-a8c92217a616",
  "value": [
    "an item-id"
  ]
}
Dec 17, 2021 2:32:13 AM net.sourceforge.marathon.javaagent.EventQueueDevice dispatchEvent
INFO: java.awt.event.KeyEvent[KEY_PRESSED,keyCode=65,keyText=A,keyChar='a',keyLocation=KEY_LOCATION_UNKNOWN,rawCode=0,primaryLevelUnicode=0,scancode=0,extendedKeyCode=0x0] on new item id field
Dec 17, 2021 2:32:13 AM net.sourceforge.marathon.javaagent.EventQueueDevice dispatchEvent
INFO: java.awt.event.KeyEvent[KEY_TYPED,keyCode=0,keyText=Unknown keyCode: 0x0,keyChar='a',keyLocation=KEY_LOCATION_UNKNOWN,rawCode=0,primaryLevelUnicode=0,scancode=0,extendedKeyCode=0x0] on new item id field
Dec 17, 2021 2:32:13 AM net.sourceforge.marathon.javaagent.EventQueueDevice dispatchEvent
INFO: java.awt.event.KeyEvent[KEY_RELEASED,keyCode=65,keyText=A,keyChar='a',keyLocation=KEY_LOCATION_UNKNOWN,rawCode=0,primaryLevelUnicode=0,scancode=0,extendedKeyCode=0x0] on new item id field
Dec 17, 2021 2:32:13 AM net.sourceforge.marathon.javaagent.EventQueueDevice dispatchEvent
INFO: java.awt.event.KeyEvent[KEY_PRESSED,keyCode=78,keyText=N,keyChar='n',keyLocation=KEY_LOCATION_UNKNOWN,rawCode=0,primaryLevelUnicode=0,scancode=0,extendedKeyCode=0x0] on new item id field
Dec 17, 2021 2:32:13 AM net.sourceforge.marathon.javaagent.EventQueueDevice dispatchEvent
INFO: java.awt.event.KeyEvent[KEY_TYPED,keyCode=0,keyText=Unknown keyCode: 0x0,keyChar='n',keyLocation=KEY_LOCATION_UNKNOWN,rawCode=0,primaryLevelUnicode=0,scancode=0,extendedKeyCode=0x0] on new item id field
Dec 17, 2021 2:32:13 AM net.sourceforge.marathon.javaagent.EventQueueDevice dispatchEvent
INFO: java.awt.event.KeyEvent[KEY_RELEASED,keyCode=78,keyText=N,keyChar='n',keyLocation=KEY_LOCATION_UNKNOWN,rawCode=0,primaryLevelUnicode=0,scancode=0,extendedKeyCode=0x0] on new item id field
Dec 17, 2021 2:32:13 AM net.sourceforge.marathon.javaagent.EventQueueDevice dispatchEvent
INFO: java.awt.event.KeyEvent[KEY_PRESSED,keyCode=16,keyText=Shift,keyChar=Undefined keyChar,modifiers=Shift,extModifiers=Shift,keyLocation=KEY_LOCATION_UNKNOWN,rawCode=0,primaryLevelUnicode=0,scancode=0,extendedKeyCode=0x0] on new item id field
Dec 17, 2021 2:32:13 AM net.sourceforge.marathon.javaagent.EventQueueDevice dispatchEvent
INFO: java.awt.event.KeyEvent[KEY_PRESSED,keyCode=32,keyText=Space,keyChar=' ',modifiers=Shift,extModifiers=Shift,keyLocation=KEY_LOCATION_UNKNOWN,rawCode=0,primaryLevelUnicode=0,scancode=0,extendedKeyCode=0x0] on new item id field
Dec 17, 2021 2:32:13 AM net.sourceforge.marathon.javaagent.EventQueueDevice dispatchEvent
INFO: java.awt.event.KeyEvent[KEY_TYPED,keyCode=0,keyText=Unknown keyCode: 0x0,keyChar=' ',modifiers=Shift,extModifiers=Shift,keyLocation=KEY_LOCATION_UNKNOWN,rawCode=0,primaryLevelUnicode=0,scancode=0,extendedKeyCode=0x0] on new item id field
Dec 17, 2021 2:32:13 AM net.sourceforge.marathon.javaagent.EventQueueDevice dispatchEvent
INFO: java.awt.event.KeyEvent[KEY_RELEASED,keyCode=32,keyText=Space,keyChar=' ',modifiers=Shift,extModifiers=Shift,keyLocation=KEY_LOCATION_UNKNOWN,rawCode=0,primaryLevelUnicode=0,scancode=0,extendedKeyCode=0x0] on new item id field
Dec 17, 2021 2:32:13 AM net.sourceforge.marathon.javaagent.EventQueueDevice dispatchEvent
INFO: java.awt.event.KeyEvent[KEY_RELEASED,keyCode=16,keyText=Shift,keyChar=Undefined keyChar,keyLocation=KEY_LOCATION_UNKNOWN,rawCode=0,primaryLevelUnicode=0,scancode=0,extendedKeyCode=0x0] on new item id field
Dec 17, 2021 2:32:13 AM net.sourceforge.marathon.javaagent.EventQueueDevice dispatchEvent
INFO: java.awt.event.KeyEvent[KEY_PRESSED,keyCode=73,keyText=I,keyChar='i',keyLocation=KEY_LOCATION_UNKNOWN,rawCode=0,primaryLevelUnicode=0,scancode=0,extendedKeyCode=0x0] on new item id field
Dec 17, 2021 2:32:13 AM net.sourceforge.marathon.javaagent.EventQueueDevice dispatchEvent
INFO: java.awt.event.KeyEvent[KEY_TYPED,keyCode=0,keyText=Unknown keyCode: 0x0,keyChar='i',keyLocation=KEY_LOCATION_UNKNOWN,rawCode=0,primaryLevelUnicode=0,scancode=0,extendedKeyCode=0x0] on new item id field
Dec 17, 2021 2:32:13 AM net.sourceforge.marathon.javaagent.EventQueueDevice dispatchEvent
INFO: java.awt.event.KeyEvent[KEY_RELEASED,keyCode=73,keyText=I,keyChar='i',keyLocation=KEY_LOCATION_UNKNOWN,rawCode=0,primaryLevelUnicode=0,scancode=0,extendedKeyCode=0x0] on new item id field
Dec 17, 2021 2:32:13 AM net.sourceforge.marathon.javaagent.EventQueueDevice dispatchEvent
INFO: java.awt.event.KeyEvent[KEY_PRESSED,keyCode=84,keyText=T,keyChar='t',keyLocation=KEY_LOCATION_UNKNOWN,rawCode=0,primaryLevelUnicode=0,scancode=0,extendedKeyCode=0x0] on new item id field
Dec 17, 2021 2:32:13 AM net.sourceforge.marathon.javaagent.EventQueueDevice dispatchEvent
INFO: java.awt.event.KeyEvent[KEY_TYPED,keyCode=0,keyText=Unknown keyCode: 0x0,keyChar='t',keyLocation=KEY_LOCATION_UNKNOWN,rawCode=0,primaryLevelUnicode=0,scancode=0,extendedKeyCode=0x0] on new item id field
Dec 17, 2021 2:32:13 AM net.sourceforge.marathon.javaagent.EventQueueDevice dispatchEvent
INFO: java.awt.event.KeyEvent[KEY_RELEASED,keyCode=84,keyText=T,keyChar='t',keyLocation=KEY_LOCATION_UNKNOWN,rawCode=0,primaryLevelUnicode=0,scancode=0,extendedKeyCode=0x0] on new item id field
Dec 17, 2021 2:32:13 AM net.sourceforge.marathon.javaagent.EventQueueDevice dispatchEvent
INFO: java.awt.event.KeyEvent[KEY_PRESSED,keyCode=69,keyText=E,keyChar='e',keyLocation=KEY_LOCATION_UNKNOWN,rawCode=0,primaryLevelUnicode=0,scancode=0,extendedKeyCode=0x0] on new item id field
Dec 17, 2021 2:32:13 AM net.sourceforge.marathon.javaagent.EventQueueDevice dispatchEvent
INFO: java.awt.event.KeyEvent[KEY_TYPED,keyCode=0,keyText=Unknown keyCode: 0x0,keyChar='e',keyLocation=KEY_LOCATION_UNKNOWN,rawCode=0,primaryLevelUnicode=0,scancode=0,extendedKeyCode=0x0] on new item id field
Dec 17, 2021 2:32:13 AM net.sourceforge.marathon.javaagent.EventQueueDevice dispatchEvent
INFO: java.awt.event.KeyEvent[KEY_RELEASED,keyCode=69,keyText=E,keyChar='e',keyLocation=KEY_LOCATION_UNKNOWN,rawCode=0,primaryLevelUnicode=0,scancode=0,extendedKeyCode=0x0] on new item id field
Dec 17, 2021 2:32:13 AM net.sourceforge.marathon.javaagent.EventQueueDevice dispatchEvent
INFO: java.awt.event.KeyEvent[KEY_PRESSED,keyCode=77,keyText=M,keyChar='m',keyLocation=KEY_LOCATION_UNKNOWN,rawCode=0,primaryLevelUnicode=0,scancode=0,extendedKeyCode=0x0] on new item id field
Dec 17, 2021 2:32:13 AM net.sourceforge.marathon.javaagent.EventQueueDevice dispatchEvent
INFO: java.awt.event.KeyEvent[KEY_TYPED,keyCode=0,keyText=Unknown keyCode: 0x0,keyChar='m',keyLocation=KEY_LOCATION_UNKNOWN,rawCode=0,primaryLevelUnicode=0,scancode=0,extendedKeyCode=0x0] on new item id field
Dec 17, 2021 2:32:13 AM net.sourceforge.marathon.javaagent.EventQueueDevice dispatchEvent
INFO: java.awt.event.KeyEvent[KEY_RELEASED,keyCode=77,keyText=M,keyChar='m',keyLocation=KEY_LOCATION_UNKNOWN,rawCode=0,primaryLevelUnicode=0,scancode=0,extendedKeyCode=0x0] on new item id field
Dec 17, 2021 2:32:13 AM net.sourceforge.marathon.javaagent.EventQueueDevice dispatchEvent
INFO: java.awt.event.KeyEvent[KEY_PRESSED,keyCode=45,keyText=Minus,keyChar='-',keyLocation=KEY_LOCATION_UNKNOWN,rawCode=0,primaryLevelUnicode=0,scancode=0,extendedKeyCode=0x0] on new item id field
Dec 17, 2021 2:32:13 AM net.sourceforge.marathon.javaagent.EventQueueDevice dispatchEvent
INFO: java.awt.event.KeyEvent[KEY_TYPED,keyCode=0,keyText=Unknown keyCode: 0x0,keyChar='-',keyLocation=KEY_LOCATION_UNKNOWN,rawCode=0,primaryLevelUnicode=0,scancode=0,extendedKeyCode=0x0] on new item id field
Dec 17, 2021 2:32:13 AM net.sourceforge.marathon.javaagent.EventQueueDevice dispatchEvent
INFO: java.awt.event.KeyEvent[KEY_RELEASED,keyCode=45,keyText=Minus,keyChar='-',keyLocation=KEY_LOCATION_UNKNOWN,rawCode=0,primaryLevelUnicode=0,scancode=0,extendedKeyCode=0x0] on new item id field
Dec 17, 2021 2:32:13 AM net.sourceforge.marathon.javaagent.EventQueueDevice dispatchEvent
INFO: java.awt.event.KeyEvent[KEY_PRESSED,keyCode=73,keyText=I,keyChar='i',keyLocation=KEY_LOCATION_UNKNOWN,rawCode=0,primaryLevelUnicode=0,scancode=0,extendedKeyCode=0x0] on new item id field
Dec 17, 2021 2:32:13 AM net.sourceforge.marathon.javaagent.EventQueueDevice dispatchEvent
INFO: java.awt.event.KeyEvent[KEY_TYPED,keyCode=0,keyText=Unknown keyCode: 0x0,keyChar='i',keyLocation=KEY_LOCATION_UNKNOWN,rawCode=0,primaryLevelUnicode=0,scancode=0,extendedKeyCode=0x0] on new item id field
Dec 17, 2021 2:32:13 AM net.sourceforge.marathon.javaagent.EventQueueDevice dispatchEvent
INFO: java.awt.event.KeyEvent[KEY_RELEASED,keyCode=73,keyText=I,keyChar='i',keyLocation=KEY_LOCATION_UNKNOWN,rawCode=0,primaryLevelUnicode=0,scancode=0,extendedKeyCode=0x0] on new item id field
Dec 17, 2021 2:32:13 AM net.sourceforge.marathon.javaagent.EventQueueDevice dispatchEvent
INFO: java.awt.event.KeyEvent[KEY_PRESSED,keyCode=68,keyText=D,keyChar='d',keyLocation=KEY_LOCATION_UNKNOWN,rawCode=0,primaryLevelUnicode=0,scancode=0,extendedKeyCode=0x0] on new item id field
Dec 17, 2021 2:32:13 AM net.sourceforge.marathon.javaagent.EventQueueDevice dispatchEvent
INFO: java.awt.event.KeyEvent[KEY_TYPED,keyCode=0,keyText=Unknown keyCode: 0x0,keyChar='d',keyLocation=KEY_LOCATION_UNKNOWN,rawCode=0,primaryLevelUnicode=0,scancode=0,extendedKeyCode=0x0] on new item id field
Dec 17, 2021 2:32:13 AM net.sourceforge.marathon.javaagent.EventQueueDevice dispatchEvent
INFO: java.awt.event.KeyEvent[KEY_RELEASED,keyCode=68,keyText=D,keyChar='d',keyLocation=KEY_LOCATION_UNKNOWN,rawCode=0,primaryLevelUnicode=0,scancode=0,extendedKeyCode=0x0] on new item id field
Dec 17, 2021 2:32:13 AM net.sourceforge.marathon.javaagent.server.JavaServer serve
INFO: POST(/session/92221bef-7cb4-4352-a392-8ce88990d5d6/element/cdac6917-572e-4778-a804-a8c92217a616/value, {"id":"cdac6917-572e-4778-a804-a8c92217a616","value":["an item-id"]}) = {data={"name":"sendKeysElement","sessionId":"92221bef-7cb4-4352-a392-8ce88990d5d6","status":0}, status=OK}
Dec 17, 2021 2:32:13 AM net.sourceforge.marathon.javaagent.server.JavaServer serve
INFO: JavaServer.serve(POST /session/92221bef-7cb4-4352-a392-8ce88990d5d6/element): {
  "using": "name",
  "value": "new item stop price field"
}
Dec 17, 2021 2:32:13 AM net.sourceforge.marathon.javaagent.server.JavaServer serve
INFO: POST(/session/92221bef-7cb4-4352-a392-8ce88990d5d6/element, {"using":"name","value":"new item stop price field"}) = {data={"name":"findElement","sessionId":"92221bef-7cb4-4352-a392-8ce88990d5d6","value":{"ELEMENT":"abac70f9-9cdc-4537-9bf9-3a99c9fd5a8f"},"status":0}, status=OK}
Dec 17, 2021 2:32:13 AM net.sourceforge.marathon.javaagent.server.JavaServer serve
INFO: JavaServer.serve(POST /session/92221bef-7cb4-4352-a392-8ce88990d5d6/element/abac70f9-9cdc-4537-9bf9-3a99c9fd5a8f/clear): {
  "id": "abac70f9-9cdc-4537-9bf9-3a99c9fd5a8f"
}
Dec 17, 2021 2:32:13 AM net.sourceforge.marathon.javaagent.server.JavaServer serve
INFO: POST(/session/92221bef-7cb4-4352-a392-8ce88990d5d6/element/abac70f9-9cdc-4537-9bf9-3a99c9fd5a8f/clear, {"id":"abac70f9-9cdc-4537-9bf9-3a99c9fd5a8f"}) = {data={"name":"clearElement","sessionId":"92221bef-7cb4-4352-a392-8ce88990d5d6","status":0}, status=OK}
Dec 17, 2021 2:32:13 AM net.sourceforge.marathon.javaagent.server.JavaServer serve
INFO: JavaServer.serve(POST /session/92221bef-7cb4-4352-a392-8ce88990d5d6/element/abac70f9-9cdc-4537-9bf9-3a99c9fd5a8f/value): {
  "id": "abac70f9-9cdc-4537-9bf9-3a99c9fd5a8f",
  "value": [
    "11000"
  ]
}
Dec 17, 2021 2:32:13 AM net.sourceforge.marathon.javaagent.EventQueueDevice dispatchEvent
INFO: java.awt.event.KeyEvent[KEY_PRESSED,keyCode=49,keyText=1,keyChar='1',keyLocation=KEY_LOCATION_UNKNOWN,rawCode=0,primaryLevelUnicode=0,scancode=0,extendedKeyCode=0x0] on new item stop price field
Dec 17, 2021 2:32:13 AM net.sourceforge.marathon.javaagent.EventQueueDevice dispatchEvent
INFO: java.awt.event.KeyEvent[KEY_TYPED,keyCode=0,keyText=Unknown keyCode: 0x0,keyChar='1',keyLocation=KEY_LOCATION_UNKNOWN,rawCode=0,primaryLevelUnicode=0,scancode=0,extendedKeyCode=0x0] on new item stop price field
Dec 17, 2021 2:32:13 AM net.sourceforge.marathon.javaagent.EventQueueDevice dispatchEvent
INFO: java.awt.event.KeyEvent[KEY_RELEASED,keyCode=49,keyText=1,keyChar='1',keyLocation=KEY_LOCATION_UNKNOWN,rawCode=0,primaryLevelUnicode=0,scancode=0,extendedKeyCode=0x0] on new item stop price field
Dec 17, 2021 2:32:13 AM net.sourceforge.marathon.javaagent.EventQueueDevice dispatchEvent
INFO: java.awt.event.KeyEvent[KEY_PRESSED,keyCode=49,keyText=1,keyChar='1',keyLocation=KEY_LOCATION_UNKNOWN,rawCode=0,primaryLevelUnicode=0,scancode=0,extendedKeyCode=0x0] on new item stop price field
Dec 17, 2021 2:32:13 AM net.sourceforge.marathon.javaagent.EventQueueDevice dispatchEvent
INFO: java.awt.event.KeyEvent[KEY_TYPED,keyCode=0,keyText=Unknown keyCode: 0x0,keyChar='1',keyLocation=KEY_LOCATION_UNKNOWN,rawCode=0,primaryLevelUnicode=0,scancode=0,extendedKeyCode=0x0] on new item stop price field
Dec 17, 2021 2:32:13 AM net.sourceforge.marathon.javaagent.EventQueueDevice dispatchEvent
INFO: java.awt.event.KeyEvent[KEY_RELEASED,keyCode=49,keyText=1,keyChar='1',keyLocation=KEY_LOCATION_UNKNOWN,rawCode=0,primaryLevelUnicode=0,scancode=0,extendedKeyCode=0x0] on new item stop price field
Dec 17, 2021 2:32:13 AM net.sourceforge.marathon.javaagent.EventQueueDevice dispatchEvent
INFO: java.awt.event.KeyEvent[KEY_PRESSED,keyCode=48,keyText=0,keyChar='0',keyLocation=KEY_LOCATION_UNKNOWN,rawCode=0,primaryLevelUnicode=0,scancode=0,extendedKeyCode=0x0] on new item stop price field
Dec 17, 2021 2:32:13 AM net.sourceforge.marathon.javaagent.EventQueueDevice dispatchEvent
INFO: java.awt.event.KeyEvent[KEY_TYPED,keyCode=0,keyText=Unknown keyCode: 0x0,keyChar='0',keyLocation=KEY_LOCATION_UNKNOWN,rawCode=0,primaryLevelUnicode=0,scancode=0,extendedKeyCode=0x0] on new item stop price field
Dec 17, 2021 2:32:13 AM net.sourceforge.marathon.javaagent.EventQueueDevice dispatchEvent
INFO: java.awt.event.KeyEvent[KEY_RELEASED,keyCode=48,keyText=0,keyChar='0',keyLocation=KEY_LOCATION_UNKNOWN,rawCode=0,primaryLevelUnicode=0,scancode=0,extendedKeyCode=0x0] on new item stop price field
Dec 17, 2021 2:32:13 AM net.sourceforge.marathon.javaagent.EventQueueDevice dispatchEvent
INFO: java.awt.event.KeyEvent[KEY_PRESSED,keyCode=48,keyText=0,keyChar='0',keyLocation=KEY_LOCATION_UNKNOWN,rawCode=0,primaryLevelUnicode=0,scancode=0,extendedKeyCode=0x0] on new item stop price field
Dec 17, 2021 2:32:13 AM net.sourceforge.marathon.javaagent.EventQueueDevice dispatchEvent
INFO: java.awt.event.KeyEvent[KEY_TYPED,keyCode=0,keyText=Unknown keyCode: 0x0,keyChar='0',keyLocation=KEY_LOCATION_UNKNOWN,rawCode=0,primaryLevelUnicode=0,scancode=0,extendedKeyCode=0x0] on new item stop price field
Dec 17, 2021 2:32:13 AM net.sourceforge.marathon.javaagent.EventQueueDevice dispatchEvent
INFO: java.awt.event.KeyEvent[KEY_RELEASED,keyCode=48,keyText=0,keyChar='0',keyLocation=KEY_LOCATION_UNKNOWN,rawCode=0,primaryLevelUnicode=0,scancode=0,extendedKeyCode=0x0] on new item stop price field
Dec 17, 2021 2:32:13 AM net.sourceforge.marathon.javaagent.EventQueueDevice dispatchEvent
INFO: java.awt.event.KeyEvent[KEY_PRESSED,keyCode=48,keyText=0,keyChar='0',keyLocation=KEY_LOCATION_UNKNOWN,rawCode=0,primaryLevelUnicode=0,scancode=0,extendedKeyCode=0x0] on new item stop price field
Dec 17, 2021 2:32:13 AM net.sourceforge.marathon.javaagent.EventQueueDevice dispatchEvent
INFO: java.awt.event.KeyEvent[KEY_TYPED,keyCode=0,keyText=Unknown keyCode: 0x0,keyChar='0',keyLocation=KEY_LOCATION_UNKNOWN,rawCode=0,primaryLevelUnicode=0,scancode=0,extendedKeyCode=0x0] on new item stop price field
Dec 17, 2021 2:32:13 AM net.sourceforge.marathon.javaagent.EventQueueDevice dispatchEvent
INFO: java.awt.event.KeyEvent[KEY_RELEASED,keyCode=48,keyText=0,keyChar='0',keyLocation=KEY_LOCATION_UNKNOWN,rawCode=0,primaryLevelUnicode=0,scancode=0,extendedKeyCode=0x0] on new item stop price field
Dec 17, 2021 2:32:13 AM net.sourceforge.marathon.javaagent.server.JavaServer serve
INFO: POST(/session/92221bef-7cb4-4352-a392-8ce88990d5d6/element/abac70f9-9cdc-4537-9bf9-3a99c9fd5a8f/value, {"id":"abac70f9-9cdc-4537-9bf9-3a99c9fd5a8f","value":["11000"]}) = {data={"name":"sendKeysElement","sessionId":"92221bef-7cb4-4352-a392-8ce88990d5d6","status":0}, status=OK}
Dec 17, 2021 2:32:13 AM net.sourceforge.marathon.javaagent.server.JavaServer serve
INFO: JavaServer.serve(POST /session/92221bef-7cb4-4352-a392-8ce88990d5d6/element): {
  "using": "name",
  "value": "join button"
}
Dec 17, 2021 2:32:13 AM net.sourceforge.marathon.javaagent.server.JavaServer serve
INFO: POST(/session/92221bef-7cb4-4352-a392-8ce88990d5d6/element, {"using":"name","value":"join button"}) = {data={"name":"findElement","sessionId":"92221bef-7cb4-4352-a392-8ce88990d5d6","value":{"ELEMENT":"dbe35275-72a9-48f7-b2e8-2e8519447aa7"},"status":0}, status=OK}
Dec 17, 2021 2:32:13 AM net.sourceforge.marathon.javaagent.server.JavaServer serve
INFO: JavaServer.serve(POST /session/92221bef-7cb4-4352-a392-8ce88990d5d6/element/dbe35275-72a9-48f7-b2e8-2e8519447aa7/click): {
  "id": "dbe35275-72a9-48f7-b2e8-2e8519447aa7"
}
Dec 17, 2021 2:32:13 AM net.sourceforge.marathon.javaagent.EventQueueDevice dispatchEvent
INFO: java.awt.event.MouseEvent[MOUSE_PRESSED,(58,12),absolute(589,17),button=1,modifiers=Button1,extModifiers=Button1,clickCount=1] on join button
Dec 17, 2021 2:32:13 AM net.sourceforge.marathon.javaagent.EventQueueDevice dispatchEvent
INFO: java.awt.event.MouseEvent[MOUSE_RELEASED,(58,12),absolute(589,17),button=1,modifiers=Button1,clickCount=1] on join button
Dec 17, 2021 2:32:13 AM net.sourceforge.marathon.javaagent.EventQueueDevice dispatchEvent
INFO: java.awt.event.MouseEvent[MOUSE_CLICKED,(58,12),absolute(589,17),button=1,modifiers=Button1,clickCount=1] on join button
Dec 17, 2021 2:32:13 AM net.sourceforge.marathon.javaagent.server.JavaServer serve
INFO: POST(/session/92221bef-7cb4-4352-a392-8ce88990d5d6/element/dbe35275-72a9-48f7-b2e8-2e8519447aa7/click, {"id":"dbe35275-72a9-48f7-b2e8-2e8519447aa7"}) = {data={"name":"clickElement","sessionId":"92221bef-7cb4-4352-a392-8ce88990d5d6","status":0}, status=OK}
Dec 17, 2021 2:32:14 AM net.sourceforge.marathon.javaagent.server.JavaServer serve
INFO: JavaServer.serve(DELETE /session/92221bef-7cb4-4352-a392-8ce88990d5d6/window): {}
Dec 17, 2021 2:32:14 AM net.sourceforge.marathon.javaagent.server.JavaServer serve
INFO: DELETE(/session/92221bef-7cb4-4352-a392-8ce88990d5d6/window) = {data={"name":"closeSession","sessionId":"92221bef-7cb4-4352-a392-8ce88990d5d6","status":0}, status=OK}
Dec 17, 2021 2:32:14 AM net.sourceforge.marathon.javaagent.server.JavaServer serve
INFO: JavaServer.serve(POST /session): {
  "desiredCapabilities": {
    "browserName": "java",
    "platform": "ANY"
  },
  "capabilities": {
    "firstMatch": [
      {
        "browserName": "java"
      }
    ]
  }
}
Dec 17, 2021 2:32:14 AM net.sourceforge.marathon.javaagent.server.JavaServer createSession
INFO: Creating device with type: EVENT_QUEUE
Dec 17, 2021 2:32:14 AM net.sourceforge.marathon.javaagent.Device getDevice
INFO: Creating a EVENT_QUEUE device
Dec 17, 2021 2:32:14 AM net.sourceforge.marathon.javaagent.server.JavaServer serve
INFO: POST(/session, {"desiredCapabilities":{"browserName":"java","platform":"ANY"},"capabilities":{"firstMatch":[{"browserName":"java"}]}}) = {data=, status=REDIRECT}
Dec 17, 2021 2:32:14 AM net.sourceforge.marathon.javaagent.server.JavaServer serve
INFO: JavaServer.serve(GET /session/5c9bf1e1-971c-4d19-909f-d50ef5132f77): {}
Dec 17, 2021 2:32:14 AM net.sourceforge.marathon.javaagent.server.JavaServer serve
INFO: GET(/session/5c9bf1e1-971c-4d19-909f-d50ef5132f77) = {data={"name":"getCapabilities","sessionId":"5c9bf1e1-971c-4d19-909f-d50ef5132f77","value":{"applicationCacheEnabled":false,"rotatable":false,"loggingPrefs":{"driver":"ALL"},"handlesAlerts":false,"databaseEnabled":false,"version":"1.0","platform":"ANY","browserConnectionEnabled":false,"nativeEvents":false,"acceptSslCerts":false,"locationContextEnabled":false,"webStorageEnabled":false,"browserName":"java","takesScreenshot":true,"javascriptEnabled":true,"cssSelectorsEnabled":false},"status":0}, status=OK}
Dec 17, 2021 2:32:14 AM org.openqa.selenium.remote.ProtocolHandshake createSession
INFO: Detected dialect: OSS
Dec 17, 2021 2:32:14 AM net.sourceforge.marathon.javaagent.server.JavaServer serve
INFO: JavaServer.serve(POST /session/5c9bf1e1-971c-4d19-909f-d50ef5132f77/element): {
  "using": "name",
  "value": "sniper reset button"
}
Dec 17, 2021 2:32:14 AM net.sourceforge.marathon.javaagent.server.JavaServer serve
INFO: POST(/session/5c9bf1e1-971c-4d19-909f-d50ef5132f77/element, {"using":"name","value":"sniper reset button"}) = {data={"name":"findElement","sessionId":"5c9bf1e1-971c-4d19-909f-d50ef5132f77","value":{"ELEMENT":"947fcf80-bdca-4182-80ef-6b38a28afee3"},"status":0}, status=OK}
Dec 17, 2021 2:32:14 AM net.sourceforge.marathon.javaagent.server.JavaServer serve
INFO: JavaServer.serve(POST /session/5c9bf1e1-971c-4d19-909f-d50ef5132f77/element/947fcf80-bdca-4182-80ef-6b38a28afee3/click): {
  "id": "947fcf80-bdca-4182-80ef-6b38a28afee3"
}
Dec 17, 2021 2:32:14 AM net.sourceforge.marathon.javaagent.EventQueueDevice dispatchEvent
INFO: java.awt.event.MouseEvent[MOUSE_PRESSED,(37,12),absolute(326,474),button=1,modifiers=Button1,extModifiers=Button1,clickCount=1] on sniper reset button
Dec 17, 2021 2:32:14 AM net.sourceforge.marathon.javaagent.EventQueueDevice dispatchEvent
INFO: java.awt.event.MouseEvent[MOUSE_RELEASED,(37,12),absolute(326,474),button=1,modifiers=Button1,clickCount=1] on sniper reset button
Dec 17, 2021 2:32:14 AM net.sourceforge.marathon.javaagent.EventQueueDevice dispatchEvent
INFO: java.awt.event.MouseEvent[MOUSE_CLICKED,(37,12),absolute(326,474),button=1,modifiers=Button1,clickCount=1] on sniper reset button
Dec 17, 2021 2:32:14 AM net.sourceforge.marathon.javaagent.server.JavaServer serve
INFO: POST(/session/5c9bf1e1-971c-4d19-909f-d50ef5132f77/element/947fcf80-bdca-4182-80ef-6b38a28afee3/click, {"id":"947fcf80-bdca-4182-80ef-6b38a28afee3"}) = {data={"name":"clickElement","sessionId":"5c9bf1e1-971c-4d19-909f-d50ef5132f77","status":0}, status=OK}
Dec 17, 2021 2:32:14 AM net.sourceforge.marathon.javaagent.server.JavaServer serve
INFO: JavaServer.serve(DELETE /session/5c9bf1e1-971c-4d19-909f-d50ef5132f77/window): {}
Dec 17, 2021 2:32:14 AM net.sourceforge.marathon.javaagent.server.JavaServer serve
INFO: DELETE(/session/5c9bf1e1-971c-4d19-909f-d50ef5132f77/window) = {data={"name":"closeSession","sessionId":"5c9bf1e1-971c-4d19-909f-d50ef5132f77","status":0}, status=OK}
]]></system-err>
</testsuite>
