<?xml version="1.0" encoding="UTF-8"?>
<testsuite name="goos.ui.swing.MainWindowTest" tests="3" skipped="0" failures="0" errors="0" timestamp="2021-10-23T02:30:34" hostname="buildkitsandbox" time="3.376">
  <properties/>
  <testcase name="window has expected features" classname="goos.ui.swing.MainWindowTest" time="2.54"/>
  <testcase name="make user request when join button clicked" classname="goos.ui.swing.MainWindowTest" time="0.662"/>
  <testcase name="make user request when reset button clicked" classname="goos.ui.swing.MainWindowTest" time="0.163"/>
  <system-out><![CDATA[]]></system-out>
  <system-err><![CDATA[Oct 23, 2021 2:30:34 AM io.mockk.impl.log.JULLogger warn
WARNING: Failed to transform class goos/ui/api/UserRequestListener
java.lang.IllegalArgumentException: Unsupported class file major version 59
	at net.bytebuddy.jar.asm.ClassReader.<init>(ClassReader.java:176)
	at net.bytebuddy.jar.asm.ClassReader.<init>(ClassReader.java:158)
	at net.bytebuddy.jar.asm.ClassReader.<init>(ClassReader.java:146)
	at net.bytebuddy.utility.OpenedClassReader.of(OpenedClassReader.java:69)
	at net.bytebuddy.dynamic.scaffold.TypeWriter$Default$ForInlining.create(TypeWriter.java:2877)
	at net.bytebuddy.dynamic.scaffold.TypeWriter$Default.make(TypeWriter.java:1653)
	at net.bytebuddy.dynamic.scaffold.inline.RedefinitionDynamicTypeBuilder.make(RedefinitionDynamicTypeBuilder.java:180)
	at net.bytebuddy.dynamic.scaffold.inline.AbstractInliningDynamicTypeBuilder.make(AbstractInliningDynamicTypeBuilder.java:94)
	at net.bytebuddy.dynamic.DynamicType$Builder$AbstractBase.make(DynamicType.java:2669)
	at io.mockk.proxy.jvm.transformation.InliningClassTransformer.transform(InliningClassTransformer.kt:78)
	at java.instrument/java.lang.instrument.ClassFileTransformer.transform(ClassFileTransformer.java:246)
	at java.instrument/sun.instrument.TransformerManager.transform(TransformerManager.java:188)
	at java.instrument/sun.instrument.InstrumentationImpl.transform(InstrumentationImpl.java:563)
	at java.instrument/sun.instrument.InstrumentationImpl.retransformClasses0(Native Method)
	at java.instrument/sun.instrument.InstrumentationImpl.retransformClasses(InstrumentationImpl.java:167)
	at io.mockk.proxy.jvm.transformation.JvmInlineInstrumentation.retransform(JvmInlineInstrumentation.kt:28)
	at io.mockk.proxy.common.transformation.RetransformInlineInstrumnetation$execute$1.invoke(RetransformInlineInstrumnetation.kt:19)
	at io.mockk.proxy.common.transformation.RetransformInlineInstrumnetation$execute$1.invoke(RetransformInlineInstrumnetation.kt:6)
	at io.mockk.proxy.common.transformation.ClassTransformationSpecMap.applyTransformation(ClassTransformationSpecMap.kt:41)
	at io.mockk.proxy.common.transformation.RetransformInlineInstrumnetation.execute(RetransformInlineInstrumnetation.kt:16)
	at io.mockk.proxy.jvm.ProxyMaker.inline(ProxyMaker.kt:88)
	at io.mockk.proxy.jvm.ProxyMaker.proxy(ProxyMaker.kt:30)
	at io.mockk.impl.instantiation.JvmMockFactory.newProxy(JvmMockFactory.kt:34)
	at io.mockk.impl.instantiation.AbstractMockFactory.newProxy$default(AbstractMockFactory.kt:29)
	at io.mockk.impl.instantiation.AbstractMockFactory.mockk(AbstractMockFactory.kt:59)
	at goos.ui.swing.MainWindowTest$1$1.invokeSuspend(MainWindowTest.kt:90)
	at goos.ui.swing.MainWindowTest$1$1.invoke(MainWindowTest.kt)
	at goos.ui.swing.MainWindowTest$1$1.invoke(MainWindowTest.kt)
	at io.kotest.core.TestConfiguration$beforeTest$1.beforeTest(TestConfiguration.kt:137)
	at io.kotest.core.spec.LifecycleKt.invokeAllBeforeTestCallbacks(lifecycle.kt:76)
	at io.kotest.core.internal.TestCaseExecutor.executeActiveTest(TestCaseExecutor.kt:152)
	at io.kotest.core.internal.TestCaseExecutor.access$executeActiveTest(TestCaseExecutor.kt:57)
	at io.kotest.core.internal.TestCaseExecutor$intercept$innerExecute$1$1.invokeSuspend(TestCaseExecutor.kt:89)
	at io.kotest.core.internal.TestCaseExecutor$intercept$innerExecute$1$1.invoke(TestCaseExecutor.kt)
	at io.kotest.core.internal.TestCaseExecutor$intercept$innerExecute$1$1.invoke(TestCaseExecutor.kt)
	at io.kotest.core.internal.TestCaseExecutor.executeIfEnabled(TestCaseExecutor.kt:117)
	at io.kotest.core.internal.TestCaseExecutor.access$executeIfEnabled(TestCaseExecutor.kt:57)
	at io.kotest.core.internal.TestCaseExecutor$intercept$innerExecute$1.invokeSuspend(TestCaseExecutor.kt:89)
	at io.kotest.core.internal.TestCaseExecutor$intercept$innerExecute$1.invoke(TestCaseExecutor.kt)
	at io.kotest.core.internal.TestCaseExecutor$intercept$innerExecute$1.invoke(TestCaseExecutor.kt)
	at io.kotest.core.internal.TestCaseExecutor.intercept(TestCaseExecutor.kt:103)
	at io.kotest.core.internal.TestCaseExecutor.execute(TestCaseExecutor.kt:69)
	at io.kotest.engine.spec.runners.SingleInstanceSpecRunner.runTest(SingleInstanceSpecRunner.kt:104)
	at io.kotest.engine.spec.runners.SingleInstanceSpecRunner.access$runTest(SingleInstanceSpecRunner.kt:34)
	at io.kotest.engine.spec.runners.SingleInstanceSpecRunner$execute$interceptAndRun$2$4.invokeSuspend(SingleInstanceSpecRunner.kt:57)
	at io.kotest.engine.spec.runners.SingleInstanceSpecRunner$execute$interceptAndRun$2$4.invoke(SingleInstanceSpecRunner.kt)
	at io.kotest.engine.spec.runners.SingleInstanceSpecRunner$execute$interceptAndRun$2$4.invoke(SingleInstanceSpecRunner.kt)
	at io.kotest.engine.launchers.SequentialTestLauncher$launch$3$1$1.invokeSuspend(SequentialTestLauncher.kt:22)
	at kotlin.coroutines.jvm.internal.BaseContinuationImpl.resumeWith(ContinuationImpl.kt:33)
	at kotlinx.coroutines.DispatchedTask.run(DispatchedTask.kt:106)
	at java.base/java.util.concurrent.ThreadPoolExecutor.runWorker(ThreadPoolExecutor.java:1130)
	at java.base/java.util.concurrent.ThreadPoolExecutor$Worker.run(ThreadPoolExecutor.java:630)
	at java.base/java.lang.Thread.run(Thread.java:832)

Oct 23, 2021 2:30:36 AM net.sourceforge.marathon.javaagent.server.JavaServer serve
INFO: JavaServer.serve(POST /session): {
  "desiredCapabilities": {
    "browserName": "java",
    "platform": "ANY"
  },
  "capabilities": {
    "firstMatch": [
      {
        "browserName": "java"
      }
    ]
  }
}
Oct 23, 2021 2:30:36 AM net.sourceforge.marathon.javaagent.server.JavaServer createSession
INFO: Creating device with type: EVENT_QUEUE
Oct 23, 2021 2:30:36 AM net.sourceforge.marathon.javaagent.Device getDevice
INFO: Creating a EVENT_QUEUE device
Oct 23, 2021 2:30:36 AM net.sourceforge.marathon.javaagent.server.JavaServer serve
INFO: POST(/session, {"desiredCapabilities":{"browserName":"java","platform":"ANY"},"capabilities":{"firstMatch":[{"browserName":"java"}]}}) = {data=, status=REDIRECT}
Oct 23, 2021 2:30:36 AM net.sourceforge.marathon.javaagent.server.JavaServer serve
INFO: JavaServer.serve(GET /session/b46a5bbb-5091-488e-a913-2e36b308d210): {}
Oct 23, 2021 2:30:36 AM net.sourceforge.marathon.javaagent.server.JavaServer serve
INFO: GET(/session/b46a5bbb-5091-488e-a913-2e36b308d210) = {data={"name":"getCapabilities","sessionId":"b46a5bbb-5091-488e-a913-2e36b308d210","value":{"applicationCacheEnabled":false,"rotatable":false,"loggingPrefs":{"driver":"ALL"},"handlesAlerts":false,"databaseEnabled":false,"version":"1.0","platform":"ANY","browserConnectionEnabled":false,"nativeEvents":false,"acceptSslCerts":false,"locationContextEnabled":false,"webStorageEnabled":false,"browserName":"java","takesScreenshot":true,"javascriptEnabled":true,"cssSelectorsEnabled":false},"status":0}, status=OK}
Oct 23, 2021 2:30:36 AM org.openqa.selenium.remote.ProtocolHandshake createSession
INFO: Detected dialect: OSS
Oct 23, 2021 2:30:36 AM net.sourceforge.marathon.javaagent.server.JavaServer serve
INFO: JavaServer.serve(POST /session/b46a5bbb-5091-488e-a913-2e36b308d210/element): {
  "using": "css selector",
  "value": "."
}
Oct 23, 2021 2:30:36 AM net.sourceforge.marathon.javaagent.server.JavaServer serve
INFO: POST(/session/b46a5bbb-5091-488e-a913-2e36b308d210/element, {"using":"css selector","value":"."}) = {data={"name":"findElement","sessionId":"b46a5bbb-5091-488e-a913-2e36b308d210","value":{"ELEMENT":"1ed1702d-3269-45b0-aecf-56c3dff2d8ec"},"status":0}, status=OK}
Oct 23, 2021 2:30:36 AM net.sourceforge.marathon.javaagent.server.JavaServer serve
INFO: JavaServer.serve(GET /session/b46a5bbb-5091-488e-a913-2e36b308d210/element/1ed1702d-3269-45b0-aecf-56c3dff2d8ec/attribute/name): {}
Oct 23, 2021 2:30:36 AM net.sourceforge.marathon.javaagent.server.JavaServer serve
INFO: GET(/session/b46a5bbb-5091-488e-a913-2e36b308d210/element/1ed1702d-3269-45b0-aecf-56c3dff2d8ec/attribute/name) = {data={"name":"getElementAttribute","sessionId":"b46a5bbb-5091-488e-a913-2e36b308d210","value":"Auction Sniper Name","status":0}, status=OK}
Oct 23, 2021 2:30:36 AM net.sourceforge.marathon.javaagent.server.JavaServer serve
INFO: JavaServer.serve(POST /session/b46a5bbb-5091-488e-a913-2e36b308d210/element): {
  "using": "css selector",
  "value": "."
}
Oct 23, 2021 2:30:36 AM net.sourceforge.marathon.javaagent.server.JavaServer serve
INFO: POST(/session/b46a5bbb-5091-488e-a913-2e36b308d210/element, {"using":"css selector","value":"."}) = {data={"name":"findElement","sessionId":"b46a5bbb-5091-488e-a913-2e36b308d210","value":{"ELEMENT":"1ed1702d-3269-45b0-aecf-56c3dff2d8ec"},"status":0}, status=OK}
Oct 23, 2021 2:30:36 AM net.sourceforge.marathon.javaagent.server.JavaServer serve
INFO: JavaServer.serve(GET /session/b46a5bbb-5091-488e-a913-2e36b308d210/element/1ed1702d-3269-45b0-aecf-56c3dff2d8ec/displayed): {}
Oct 23, 2021 2:30:36 AM net.sourceforge.marathon.javaagent.server.JavaServer serve
INFO: GET(/session/b46a5bbb-5091-488e-a913-2e36b308d210/element/1ed1702d-3269-45b0-aecf-56c3dff2d8ec/displayed) = {data={"name":"isDisplayed","sessionId":"b46a5bbb-5091-488e-a913-2e36b308d210","value":true,"status":0}, status=OK}
Oct 23, 2021 2:30:36 AM net.sourceforge.marathon.javaagent.server.JavaServer serve
INFO: JavaServer.serve(GET /session/b46a5bbb-5091-488e-a913-2e36b308d210/title): {}
Oct 23, 2021 2:30:36 AM net.sourceforge.marathon.javaagent.server.JavaServer serve
INFO: GET(/session/b46a5bbb-5091-488e-a913-2e36b308d210/title) = {data={"name":"getWindowTitle","sessionId":"b46a5bbb-5091-488e-a913-2e36b308d210","value":"Auction Sniper","status":0}, status=OK}
Oct 23, 2021 2:30:36 AM net.sourceforge.marathon.javaagent.server.JavaServer serve
INFO: JavaServer.serve(POST /session/b46a5bbb-5091-488e-a913-2e36b308d210/element): {
  "using": "name",
  "value": "snipers table"
}
Oct 23, 2021 2:30:36 AM net.sourceforge.marathon.javaagent.server.JavaServer serve
INFO: POST(/session/b46a5bbb-5091-488e-a913-2e36b308d210/element, {"using":"name","value":"snipers table"}) = {data={"name":"findElement","sessionId":"b46a5bbb-5091-488e-a913-2e36b308d210","value":{"ELEMENT":"654d5f72-b9ce-468e-a3ea-9e0b36b3c176"},"status":0}, status=OK}
Oct 23, 2021 2:30:36 AM net.sourceforge.marathon.javaagent.server.JavaServer serve
INFO: JavaServer.serve(POST /session/b46a5bbb-5091-488e-a913-2e36b308d210/element/654d5f72-b9ce-468e-a3ea-9e0b36b3c176/elements): {
  "id": "654d5f72-b9ce-468e-a3ea-9e0b36b3c176",
  "using": "css selector",
  "value": ".::header.::all-items"
}
Oct 23, 2021 2:30:36 AM net.sourceforge.marathon.javaagent.server.JavaServer serve
INFO: POST(/session/b46a5bbb-5091-488e-a913-2e36b308d210/element/654d5f72-b9ce-468e-a3ea-9e0b36b3c176/elements, {"using":"css selector","id":"654d5f72-b9ce-468e-a3ea-9e0b36b3c176","value":".::header.::all-items"}) = {data={"name":"findElementsOfElement","sessionId":"b46a5bbb-5091-488e-a913-2e36b308d210","value":[{"ELEMENT":"ed654754-a68f-46c3-9476-0d0549d39e14%23%7B%22selector%22%3A%22nth-item%22%2C%22parameters%22%3A%5B1%5D%7D"},{"ELEMENT":"ed654754-a68f-46c3-9476-0d0549d39e14%23%7B%22selector%22%3A%22nth-item%22%2C%22parameters%22%3A%5B2%5D%7D"},{"ELEMENT":"ed654754-a68f-46c3-9476-0d0549d39e14%23%7B%22selector%22%3A%22nth-item%22%2C%22parameters%22%3A%5B3%5D%7D"},{"ELEMENT":"ed654754-a68f-46c3-9476-0d0549d39e14%23%7B%22selector%22%3A%22nth-item%22%2C%22parameters%22%3A%5B4%5D%7D"}],"status":0}, status=OK}
Oct 23, 2021 2:30:36 AM net.sourceforge.marathon.javaagent.server.JavaServer serve
INFO: JavaServer.serve(GET /session/b46a5bbb-5091-488e-a913-2e36b308d210/element/ed654754-a68f-46c3-9476-0d0549d39e14%23%7B%22selector%22%3A%22nth-item%22%2C%22parameters%22%3A%5B1%5D%7D/text): {}
Oct 23, 2021 2:30:36 AM net.sourceforge.marathon.javaagent.server.JavaServer serve
INFO: GET(/session/b46a5bbb-5091-488e-a913-2e36b308d210/element/ed654754-a68f-46c3-9476-0d0549d39e14%23%7B%22selector%22%3A%22nth-item%22%2C%22parameters%22%3A%5B1%5D%7D/text) = {data={"name":"getElementText","sessionId":"b46a5bbb-5091-488e-a913-2e36b308d210","value":"Item","status":0}, status=OK}
Oct 23, 2021 2:30:36 AM net.sourceforge.marathon.javaagent.server.JavaServer serve
INFO: JavaServer.serve(GET /session/b46a5bbb-5091-488e-a913-2e36b308d210/element/ed654754-a68f-46c3-9476-0d0549d39e14%23%7B%22selector%22%3A%22nth-item%22%2C%22parameters%22%3A%5B2%5D%7D/text): {}
Oct 23, 2021 2:30:36 AM net.sourceforge.marathon.javaagent.server.JavaServer serve
INFO: GET(/session/b46a5bbb-5091-488e-a913-2e36b308d210/element/ed654754-a68f-46c3-9476-0d0549d39e14%23%7B%22selector%22%3A%22nth-item%22%2C%22parameters%22%3A%5B2%5D%7D/text) = {data={"name":"getElementText","sessionId":"b46a5bbb-5091-488e-a913-2e36b308d210","value":"Last Price","status":0}, status=OK}
Oct 23, 2021 2:30:36 AM net.sourceforge.marathon.javaagent.server.JavaServer serve
INFO: JavaServer.serve(GET /session/b46a5bbb-5091-488e-a913-2e36b308d210/element/ed654754-a68f-46c3-9476-0d0549d39e14%23%7B%22selector%22%3A%22nth-item%22%2C%22parameters%22%3A%5B3%5D%7D/text): {}
Oct 23, 2021 2:30:36 AM net.sourceforge.marathon.javaagent.server.JavaServer serve
INFO: GET(/session/b46a5bbb-5091-488e-a913-2e36b308d210/element/ed654754-a68f-46c3-9476-0d0549d39e14%23%7B%22selector%22%3A%22nth-item%22%2C%22parameters%22%3A%5B3%5D%7D/text) = {data={"name":"getElementText","sessionId":"b46a5bbb-5091-488e-a913-2e36b308d210","value":"Last Bid","status":0}, status=OK}
Oct 23, 2021 2:30:36 AM net.sourceforge.marathon.javaagent.server.JavaServer serve
INFO: JavaServer.serve(GET /session/b46a5bbb-5091-488e-a913-2e36b308d210/element/ed654754-a68f-46c3-9476-0d0549d39e14%23%7B%22selector%22%3A%22nth-item%22%2C%22parameters%22%3A%5B4%5D%7D/text): {}
Oct 23, 2021 2:30:36 AM net.sourceforge.marathon.javaagent.server.JavaServer serve
INFO: GET(/session/b46a5bbb-5091-488e-a913-2e36b308d210/element/ed654754-a68f-46c3-9476-0d0549d39e14%23%7B%22selector%22%3A%22nth-item%22%2C%22parameters%22%3A%5B4%5D%7D/text) = {data={"name":"getElementText","sessionId":"b46a5bbb-5091-488e-a913-2e36b308d210","value":"State","status":0}, status=OK}
Oct 23, 2021 2:30:37 AM net.sourceforge.marathon.javaagent.server.JavaServer serve
INFO: JavaServer.serve(DELETE /session/b46a5bbb-5091-488e-a913-2e36b308d210/window): {}
Oct 23, 2021 2:30:37 AM net.sourceforge.marathon.javaagent.server.JavaServer serve
INFO: DELETE(/session/b46a5bbb-5091-488e-a913-2e36b308d210/window) = {data={"name":"closeSession","sessionId":"b46a5bbb-5091-488e-a913-2e36b308d210","status":0}, status=OK}
Oct 23, 2021 2:30:37 AM net.sourceforge.marathon.javaagent.server.JavaServer serve
INFO: JavaServer.serve(POST /session): {
  "desiredCapabilities": {
    "browserName": "java",
    "platform": "ANY"
  },
  "capabilities": {
    "firstMatch": [
      {
        "browserName": "java"
      }
    ]
  }
}
Oct 23, 2021 2:30:37 AM net.sourceforge.marathon.javaagent.server.JavaServer createSession
INFO: Creating device with type: EVENT_QUEUE
Oct 23, 2021 2:30:37 AM net.sourceforge.marathon.javaagent.Device getDevice
INFO: Creating a EVENT_QUEUE device
Oct 23, 2021 2:30:37 AM net.sourceforge.marathon.javaagent.server.JavaServer serve
INFO: POST(/session, {"desiredCapabilities":{"browserName":"java","platform":"ANY"},"capabilities":{"firstMatch":[{"browserName":"java"}]}}) = {data=, status=REDIRECT}
Oct 23, 2021 2:30:37 AM net.sourceforge.marathon.javaagent.server.JavaServer serve
INFO: JavaServer.serve(GET /session/9002f3dd-291b-47b5-bba4-fb71f82de79f): {}
Oct 23, 2021 2:30:37 AM net.sourceforge.marathon.javaagent.server.JavaServer serve
INFO: GET(/session/9002f3dd-291b-47b5-bba4-fb71f82de79f) = {data={"name":"getCapabilities","sessionId":"9002f3dd-291b-47b5-bba4-fb71f82de79f","value":{"applicationCacheEnabled":false,"rotatable":false,"loggingPrefs":{"driver":"ALL"},"handlesAlerts":false,"databaseEnabled":false,"version":"1.0","platform":"ANY","browserConnectionEnabled":false,"nativeEvents":false,"acceptSslCerts":false,"locationContextEnabled":false,"webStorageEnabled":false,"browserName":"java","takesScreenshot":true,"javascriptEnabled":true,"cssSelectorsEnabled":false},"status":0}, status=OK}
Oct 23, 2021 2:30:37 AM org.openqa.selenium.remote.ProtocolHandshake createSession
INFO: Detected dialect: OSS
Oct 23, 2021 2:30:37 AM net.sourceforge.marathon.javaagent.server.JavaServer serve
INFO: JavaServer.serve(POST /session/9002f3dd-291b-47b5-bba4-fb71f82de79f/element): {
  "using": "name",
  "value": "new item id field"
}
Oct 23, 2021 2:30:37 AM net.sourceforge.marathon.javaagent.server.JavaServer serve
INFO: POST(/session/9002f3dd-291b-47b5-bba4-fb71f82de79f/element, {"using":"name","value":"new item id field"}) = {data={"name":"findElement","sessionId":"9002f3dd-291b-47b5-bba4-fb71f82de79f","value":{"ELEMENT":"5cc44ac2-4a91-4b65-8ae9-01bef04798f1"},"status":0}, status=OK}
Oct 23, 2021 2:30:37 AM net.sourceforge.marathon.javaagent.server.JavaServer serve
INFO: JavaServer.serve(POST /session/9002f3dd-291b-47b5-bba4-fb71f82de79f/element/5cc44ac2-4a91-4b65-8ae9-01bef04798f1/clear): {
  "id": "5cc44ac2-4a91-4b65-8ae9-01bef04798f1"
}
Oct 23, 2021 2:30:37 AM net.sourceforge.marathon.javaagent.server.JavaServer serve
INFO: POST(/session/9002f3dd-291b-47b5-bba4-fb71f82de79f/element/5cc44ac2-4a91-4b65-8ae9-01bef04798f1/clear, {"id":"5cc44ac2-4a91-4b65-8ae9-01bef04798f1"}) = {data={"name":"clearElement","sessionId":"9002f3dd-291b-47b5-bba4-fb71f82de79f","status":0}, status=OK}
Oct 23, 2021 2:30:37 AM net.sourceforge.marathon.javaagent.server.JavaServer serve
INFO: JavaServer.serve(POST /session/9002f3dd-291b-47b5-bba4-fb71f82de79f/element/5cc44ac2-4a91-4b65-8ae9-01bef04798f1/value): {
  "id": "5cc44ac2-4a91-4b65-8ae9-01bef04798f1",
  "value": [
    "an item-id"
  ]
}
Oct 23, 2021 2:30:37 AM net.sourceforge.marathon.javaagent.EventQueueDevice dispatchEvent
INFO: java.awt.event.KeyEvent[KEY_PRESSED,keyCode=65,keyText=A,keyChar='a',keyLocation=KEY_LOCATION_UNKNOWN,rawCode=0,primaryLevelUnicode=0,scancode=0,extendedKeyCode=0x0] on new item id field
Oct 23, 2021 2:30:37 AM net.sourceforge.marathon.javaagent.EventQueueDevice dispatchEvent
INFO: java.awt.event.KeyEvent[KEY_TYPED,keyCode=0,keyText=Unknown keyCode: 0x0,keyChar='a',keyLocation=KEY_LOCATION_UNKNOWN,rawCode=0,primaryLevelUnicode=0,scancode=0,extendedKeyCode=0x0] on new item id field
Oct 23, 2021 2:30:37 AM net.sourceforge.marathon.javaagent.EventQueueDevice dispatchEvent
INFO: java.awt.event.KeyEvent[KEY_RELEASED,keyCode=65,keyText=A,keyChar='a',keyLocation=KEY_LOCATION_UNKNOWN,rawCode=0,primaryLevelUnicode=0,scancode=0,extendedKeyCode=0x0] on new item id field
Oct 23, 2021 2:30:37 AM net.sourceforge.marathon.javaagent.EventQueueDevice dispatchEvent
INFO: java.awt.event.KeyEvent[KEY_PRESSED,keyCode=78,keyText=N,keyChar='n',keyLocation=KEY_LOCATION_UNKNOWN,rawCode=0,primaryLevelUnicode=0,scancode=0,extendedKeyCode=0x0] on new item id field
Oct 23, 2021 2:30:37 AM net.sourceforge.marathon.javaagent.EventQueueDevice dispatchEvent
INFO: java.awt.event.KeyEvent[KEY_TYPED,keyCode=0,keyText=Unknown keyCode: 0x0,keyChar='n',keyLocation=KEY_LOCATION_UNKNOWN,rawCode=0,primaryLevelUnicode=0,scancode=0,extendedKeyCode=0x0] on new item id field
Oct 23, 2021 2:30:37 AM net.sourceforge.marathon.javaagent.EventQueueDevice dispatchEvent
INFO: java.awt.event.KeyEvent[KEY_RELEASED,keyCode=78,keyText=N,keyChar='n',keyLocation=KEY_LOCATION_UNKNOWN,rawCode=0,primaryLevelUnicode=0,scancode=0,extendedKeyCode=0x0] on new item id field
Oct 23, 2021 2:30:37 AM net.sourceforge.marathon.javaagent.EventQueueDevice dispatchEvent
INFO: java.awt.event.KeyEvent[KEY_PRESSED,keyCode=16,keyText=Shift,keyChar=Undefined keyChar,modifiers=Shift,extModifiers=Shift,keyLocation=KEY_LOCATION_UNKNOWN,rawCode=0,primaryLevelUnicode=0,scancode=0,extendedKeyCode=0x0] on new item id field
Oct 23, 2021 2:30:37 AM net.sourceforge.marathon.javaagent.EventQueueDevice dispatchEvent
INFO: java.awt.event.KeyEvent[KEY_PRESSED,keyCode=32,keyText=Space,keyChar=' ',modifiers=Shift,extModifiers=Shift,keyLocation=KEY_LOCATION_UNKNOWN,rawCode=0,primaryLevelUnicode=0,scancode=0,extendedKeyCode=0x0] on new item id field
Oct 23, 2021 2:30:37 AM net.sourceforge.marathon.javaagent.EventQueueDevice dispatchEvent
INFO: java.awt.event.KeyEvent[KEY_TYPED,keyCode=0,keyText=Unknown keyCode: 0x0,keyChar=' ',modifiers=Shift,extModifiers=Shift,keyLocation=KEY_LOCATION_UNKNOWN,rawCode=0,primaryLevelUnicode=0,scancode=0,extendedKeyCode=0x0] on new item id field
Oct 23, 2021 2:30:37 AM net.sourceforge.marathon.javaagent.EventQueueDevice dispatchEvent
INFO: java.awt.event.KeyEvent[KEY_RELEASED,keyCode=32,keyText=Space,keyChar=' ',modifiers=Shift,extModifiers=Shift,keyLocation=KEY_LOCATION_UNKNOWN,rawCode=0,primaryLevelUnicode=0,scancode=0,extendedKeyCode=0x0] on new item id field
Oct 23, 2021 2:30:37 AM net.sourceforge.marathon.javaagent.EventQueueDevice dispatchEvent
INFO: java.awt.event.KeyEvent[KEY_RELEASED,keyCode=16,keyText=Shift,keyChar=Undefined keyChar,keyLocation=KEY_LOCATION_UNKNOWN,rawCode=0,primaryLevelUnicode=0,scancode=0,extendedKeyCode=0x0] on new item id field
Oct 23, 2021 2:30:37 AM net.sourceforge.marathon.javaagent.EventQueueDevice dispatchEvent
INFO: java.awt.event.KeyEvent[KEY_PRESSED,keyCode=73,keyText=I,keyChar='i',keyLocation=KEY_LOCATION_UNKNOWN,rawCode=0,primaryLevelUnicode=0,scancode=0,extendedKeyCode=0x0] on new item id field
Oct 23, 2021 2:30:37 AM net.sourceforge.marathon.javaagent.EventQueueDevice dispatchEvent
INFO: java.awt.event.KeyEvent[KEY_TYPED,keyCode=0,keyText=Unknown keyCode: 0x0,keyChar='i',keyLocation=KEY_LOCATION_UNKNOWN,rawCode=0,primaryLevelUnicode=0,scancode=0,extendedKeyCode=0x0] on new item id field
Oct 23, 2021 2:30:37 AM net.sourceforge.marathon.javaagent.EventQueueDevice dispatchEvent
INFO: java.awt.event.KeyEvent[KEY_RELEASED,keyCode=73,keyText=I,keyChar='i',keyLocation=KEY_LOCATION_UNKNOWN,rawCode=0,primaryLevelUnicode=0,scancode=0,extendedKeyCode=0x0] on new item id field
Oct 23, 2021 2:30:37 AM net.sourceforge.marathon.javaagent.EventQueueDevice dispatchEvent
INFO: java.awt.event.KeyEvent[KEY_PRESSED,keyCode=84,keyText=T,keyChar='t',keyLocation=KEY_LOCATION_UNKNOWN,rawCode=0,primaryLevelUnicode=0,scancode=0,extendedKeyCode=0x0] on new item id field
Oct 23, 2021 2:30:37 AM net.sourceforge.marathon.javaagent.EventQueueDevice dispatchEvent
INFO: java.awt.event.KeyEvent[KEY_TYPED,keyCode=0,keyText=Unknown keyCode: 0x0,keyChar='t',keyLocation=KEY_LOCATION_UNKNOWN,rawCode=0,primaryLevelUnicode=0,scancode=0,extendedKeyCode=0x0] on new item id field
Oct 23, 2021 2:30:37 AM net.sourceforge.marathon.javaagent.EventQueueDevice dispatchEvent
INFO: java.awt.event.KeyEvent[KEY_RELEASED,keyCode=84,keyText=T,keyChar='t',keyLocation=KEY_LOCATION_UNKNOWN,rawCode=0,primaryLevelUnicode=0,scancode=0,extendedKeyCode=0x0] on new item id field
Oct 23, 2021 2:30:37 AM net.sourceforge.marathon.javaagent.EventQueueDevice dispatchEvent
INFO: java.awt.event.KeyEvent[KEY_PRESSED,keyCode=69,keyText=E,keyChar='e',keyLocation=KEY_LOCATION_UNKNOWN,rawCode=0,primaryLevelUnicode=0,scancode=0,extendedKeyCode=0x0] on new item id field
Oct 23, 2021 2:30:37 AM net.sourceforge.marathon.javaagent.EventQueueDevice dispatchEvent
INFO: java.awt.event.KeyEvent[KEY_TYPED,keyCode=0,keyText=Unknown keyCode: 0x0,keyChar='e',keyLocation=KEY_LOCATION_UNKNOWN,rawCode=0,primaryLevelUnicode=0,scancode=0,extendedKeyCode=0x0] on new item id field
Oct 23, 2021 2:30:37 AM net.sourceforge.marathon.javaagent.EventQueueDevice dispatchEvent
INFO: java.awt.event.KeyEvent[KEY_RELEASED,keyCode=69,keyText=E,keyChar='e',keyLocation=KEY_LOCATION_UNKNOWN,rawCode=0,primaryLevelUnicode=0,scancode=0,extendedKeyCode=0x0] on new item id field
Oct 23, 2021 2:30:37 AM net.sourceforge.marathon.javaagent.EventQueueDevice dispatchEvent
INFO: java.awt.event.KeyEvent[KEY_PRESSED,keyCode=77,keyText=M,keyChar='m',keyLocation=KEY_LOCATION_UNKNOWN,rawCode=0,primaryLevelUnicode=0,scancode=0,extendedKeyCode=0x0] on new item id field
Oct 23, 2021 2:30:37 AM net.sourceforge.marathon.javaagent.EventQueueDevice dispatchEvent
INFO: java.awt.event.KeyEvent[KEY_TYPED,keyCode=0,keyText=Unknown keyCode: 0x0,keyChar='m',keyLocation=KEY_LOCATION_UNKNOWN,rawCode=0,primaryLevelUnicode=0,scancode=0,extendedKeyCode=0x0] on new item id field
Oct 23, 2021 2:30:37 AM net.sourceforge.marathon.javaagent.EventQueueDevice dispatchEvent
INFO: java.awt.event.KeyEvent[KEY_RELEASED,keyCode=77,keyText=M,keyChar='m',keyLocation=KEY_LOCATION_UNKNOWN,rawCode=0,primaryLevelUnicode=0,scancode=0,extendedKeyCode=0x0] on new item id field
Oct 23, 2021 2:30:37 AM net.sourceforge.marathon.javaagent.EventQueueDevice dispatchEvent
INFO: java.awt.event.KeyEvent[KEY_PRESSED,keyCode=45,keyText=Minus,keyChar='-',keyLocation=KEY_LOCATION_UNKNOWN,rawCode=0,primaryLevelUnicode=0,scancode=0,extendedKeyCode=0x0] on new item id field
Oct 23, 2021 2:30:37 AM net.sourceforge.marathon.javaagent.EventQueueDevice dispatchEvent
INFO: java.awt.event.KeyEvent[KEY_TYPED,keyCode=0,keyText=Unknown keyCode: 0x0,keyChar='-',keyLocation=KEY_LOCATION_UNKNOWN,rawCode=0,primaryLevelUnicode=0,scancode=0,extendedKeyCode=0x0] on new item id field
Oct 23, 2021 2:30:37 AM net.sourceforge.marathon.javaagent.EventQueueDevice dispatchEvent
INFO: java.awt.event.KeyEvent[KEY_RELEASED,keyCode=45,keyText=Minus,keyChar='-',keyLocation=KEY_LOCATION_UNKNOWN,rawCode=0,primaryLevelUnicode=0,scancode=0,extendedKeyCode=0x0] on new item id field
Oct 23, 2021 2:30:37 AM net.sourceforge.marathon.javaagent.EventQueueDevice dispatchEvent
INFO: java.awt.event.KeyEvent[KEY_PRESSED,keyCode=73,keyText=I,keyChar='i',keyLocation=KEY_LOCATION_UNKNOWN,rawCode=0,primaryLevelUnicode=0,scancode=0,extendedKeyCode=0x0] on new item id field
Oct 23, 2021 2:30:37 AM net.sourceforge.marathon.javaagent.EventQueueDevice dispatchEvent
INFO: java.awt.event.KeyEvent[KEY_TYPED,keyCode=0,keyText=Unknown keyCode: 0x0,keyChar='i',keyLocation=KEY_LOCATION_UNKNOWN,rawCode=0,primaryLevelUnicode=0,scancode=0,extendedKeyCode=0x0] on new item id field
Oct 23, 2021 2:30:37 AM net.sourceforge.marathon.javaagent.EventQueueDevice dispatchEvent
INFO: java.awt.event.KeyEvent[KEY_RELEASED,keyCode=73,keyText=I,keyChar='i',keyLocation=KEY_LOCATION_UNKNOWN,rawCode=0,primaryLevelUnicode=0,scancode=0,extendedKeyCode=0x0] on new item id field
Oct 23, 2021 2:30:37 AM net.sourceforge.marathon.javaagent.EventQueueDevice dispatchEvent
INFO: java.awt.event.KeyEvent[KEY_PRESSED,keyCode=68,keyText=D,keyChar='d',keyLocation=KEY_LOCATION_UNKNOWN,rawCode=0,primaryLevelUnicode=0,scancode=0,extendedKeyCode=0x0] on new item id field
Oct 23, 2021 2:30:37 AM net.sourceforge.marathon.javaagent.EventQueueDevice dispatchEvent
INFO: java.awt.event.KeyEvent[KEY_TYPED,keyCode=0,keyText=Unknown keyCode: 0x0,keyChar='d',keyLocation=KEY_LOCATION_UNKNOWN,rawCode=0,primaryLevelUnicode=0,scancode=0,extendedKeyCode=0x0] on new item id field
Oct 23, 2021 2:30:37 AM net.sourceforge.marathon.javaagent.EventQueueDevice dispatchEvent
INFO: java.awt.event.KeyEvent[KEY_RELEASED,keyCode=68,keyText=D,keyChar='d',keyLocation=KEY_LOCATION_UNKNOWN,rawCode=0,primaryLevelUnicode=0,scancode=0,extendedKeyCode=0x0] on new item id field
Oct 23, 2021 2:30:37 AM net.sourceforge.marathon.javaagent.server.JavaServer serve
INFO: POST(/session/9002f3dd-291b-47b5-bba4-fb71f82de79f/element/5cc44ac2-4a91-4b65-8ae9-01bef04798f1/value, {"id":"5cc44ac2-4a91-4b65-8ae9-01bef04798f1","value":["an item-id"]}) = {data={"name":"sendKeysElement","sessionId":"9002f3dd-291b-47b5-bba4-fb71f82de79f","status":0}, status=OK}
Oct 23, 2021 2:30:37 AM net.sourceforge.marathon.javaagent.server.JavaServer serve
INFO: JavaServer.serve(POST /session/9002f3dd-291b-47b5-bba4-fb71f82de79f/element): {
  "using": "name",
  "value": "new item stop price field"
}
Oct 23, 2021 2:30:37 AM net.sourceforge.marathon.javaagent.server.JavaServer serve
INFO: POST(/session/9002f3dd-291b-47b5-bba4-fb71f82de79f/element, {"using":"name","value":"new item stop price field"}) = {data={"name":"findElement","sessionId":"9002f3dd-291b-47b5-bba4-fb71f82de79f","value":{"ELEMENT":"5ae5d660-b36b-4bf8-a67c-5452dbe0b1b1"},"status":0}, status=OK}
Oct 23, 2021 2:30:37 AM net.sourceforge.marathon.javaagent.server.JavaServer serve
INFO: JavaServer.serve(POST /session/9002f3dd-291b-47b5-bba4-fb71f82de79f/element/5ae5d660-b36b-4bf8-a67c-5452dbe0b1b1/clear): {
  "id": "5ae5d660-b36b-4bf8-a67c-5452dbe0b1b1"
}
Oct 23, 2021 2:30:37 AM net.sourceforge.marathon.javaagent.server.JavaServer serve
INFO: POST(/session/9002f3dd-291b-47b5-bba4-fb71f82de79f/element/5ae5d660-b36b-4bf8-a67c-5452dbe0b1b1/clear, {"id":"5ae5d660-b36b-4bf8-a67c-5452dbe0b1b1"}) = {data={"name":"clearElement","sessionId":"9002f3dd-291b-47b5-bba4-fb71f82de79f","status":0}, status=OK}
Oct 23, 2021 2:30:37 AM net.sourceforge.marathon.javaagent.server.JavaServer serve
INFO: JavaServer.serve(POST /session/9002f3dd-291b-47b5-bba4-fb71f82de79f/element/5ae5d660-b36b-4bf8-a67c-5452dbe0b1b1/value): {
  "id": "5ae5d660-b36b-4bf8-a67c-5452dbe0b1b1",
  "value": [
    "11000"
  ]
}
Oct 23, 2021 2:30:37 AM net.sourceforge.marathon.javaagent.EventQueueDevice dispatchEvent
INFO: java.awt.event.KeyEvent[KEY_PRESSED,keyCode=49,keyText=1,keyChar='1',keyLocation=KEY_LOCATION_UNKNOWN,rawCode=0,primaryLevelUnicode=0,scancode=0,extendedKeyCode=0x0] on new item stop price field
Oct 23, 2021 2:30:37 AM net.sourceforge.marathon.javaagent.EventQueueDevice dispatchEvent
INFO: java.awt.event.KeyEvent[KEY_TYPED,keyCode=0,keyText=Unknown keyCode: 0x0,keyChar='1',keyLocation=KEY_LOCATION_UNKNOWN,rawCode=0,primaryLevelUnicode=0,scancode=0,extendedKeyCode=0x0] on new item stop price field
Oct 23, 2021 2:30:37 AM net.sourceforge.marathon.javaagent.EventQueueDevice dispatchEvent
INFO: java.awt.event.KeyEvent[KEY_RELEASED,keyCode=49,keyText=1,keyChar='1',keyLocation=KEY_LOCATION_UNKNOWN,rawCode=0,primaryLevelUnicode=0,scancode=0,extendedKeyCode=0x0] on new item stop price field
Oct 23, 2021 2:30:37 AM net.sourceforge.marathon.javaagent.EventQueueDevice dispatchEvent
INFO: java.awt.event.KeyEvent[KEY_PRESSED,keyCode=49,keyText=1,keyChar='1',keyLocation=KEY_LOCATION_UNKNOWN,rawCode=0,primaryLevelUnicode=0,scancode=0,extendedKeyCode=0x0] on new item stop price field
Oct 23, 2021 2:30:37 AM net.sourceforge.marathon.javaagent.EventQueueDevice dispatchEvent
INFO: java.awt.event.KeyEvent[KEY_TYPED,keyCode=0,keyText=Unknown keyCode: 0x0,keyChar='1',keyLocation=KEY_LOCATION_UNKNOWN,rawCode=0,primaryLevelUnicode=0,scancode=0,extendedKeyCode=0x0] on new item stop price field
Oct 23, 2021 2:30:37 AM net.sourceforge.marathon.javaagent.EventQueueDevice dispatchEvent
INFO: java.awt.event.KeyEvent[KEY_RELEASED,keyCode=49,keyText=1,keyChar='1',keyLocation=KEY_LOCATION_UNKNOWN,rawCode=0,primaryLevelUnicode=0,scancode=0,extendedKeyCode=0x0] on new item stop price field
Oct 23, 2021 2:30:37 AM net.sourceforge.marathon.javaagent.EventQueueDevice dispatchEvent
INFO: java.awt.event.KeyEvent[KEY_PRESSED,keyCode=48,keyText=0,keyChar='0',keyLocation=KEY_LOCATION_UNKNOWN,rawCode=0,primaryLevelUnicode=0,scancode=0,extendedKeyCode=0x0] on new item stop price field
Oct 23, 2021 2:30:37 AM net.sourceforge.marathon.javaagent.EventQueueDevice dispatchEvent
INFO: java.awt.event.KeyEvent[KEY_TYPED,keyCode=0,keyText=Unknown keyCode: 0x0,keyChar='0',keyLocation=KEY_LOCATION_UNKNOWN,rawCode=0,primaryLevelUnicode=0,scancode=0,extendedKeyCode=0x0] on new item stop price field
Oct 23, 2021 2:30:37 AM net.sourceforge.marathon.javaagent.EventQueueDevice dispatchEvent
INFO: java.awt.event.KeyEvent[KEY_RELEASED,keyCode=48,keyText=0,keyChar='0',keyLocation=KEY_LOCATION_UNKNOWN,rawCode=0,primaryLevelUnicode=0,scancode=0,extendedKeyCode=0x0] on new item stop price field
Oct 23, 2021 2:30:37 AM net.sourceforge.marathon.javaagent.EventQueueDevice dispatchEvent
INFO: java.awt.event.KeyEvent[KEY_PRESSED,keyCode=48,keyText=0,keyChar='0',keyLocation=KEY_LOCATION_UNKNOWN,rawCode=0,primaryLevelUnicode=0,scancode=0,extendedKeyCode=0x0] on new item stop price field
Oct 23, 2021 2:30:37 AM net.sourceforge.marathon.javaagent.EventQueueDevice dispatchEvent
INFO: java.awt.event.KeyEvent[KEY_TYPED,keyCode=0,keyText=Unknown keyCode: 0x0,keyChar='0',keyLocation=KEY_LOCATION_UNKNOWN,rawCode=0,primaryLevelUnicode=0,scancode=0,extendedKeyCode=0x0] on new item stop price field
Oct 23, 2021 2:30:37 AM net.sourceforge.marathon.javaagent.EventQueueDevice dispatchEvent
INFO: java.awt.event.KeyEvent[KEY_RELEASED,keyCode=48,keyText=0,keyChar='0',keyLocation=KEY_LOCATION_UNKNOWN,rawCode=0,primaryLevelUnicode=0,scancode=0,extendedKeyCode=0x0] on new item stop price field
Oct 23, 2021 2:30:37 AM net.sourceforge.marathon.javaagent.EventQueueDevice dispatchEvent
INFO: java.awt.event.KeyEvent[KEY_PRESSED,keyCode=48,keyText=0,keyChar='0',keyLocation=KEY_LOCATION_UNKNOWN,rawCode=0,primaryLevelUnicode=0,scancode=0,extendedKeyCode=0x0] on new item stop price field
Oct 23, 2021 2:30:37 AM net.sourceforge.marathon.javaagent.EventQueueDevice dispatchEvent
INFO: java.awt.event.KeyEvent[KEY_TYPED,keyCode=0,keyText=Unknown keyCode: 0x0,keyChar='0',keyLocation=KEY_LOCATION_UNKNOWN,rawCode=0,primaryLevelUnicode=0,scancode=0,extendedKeyCode=0x0] on new item stop price field
Oct 23, 2021 2:30:37 AM net.sourceforge.marathon.javaagent.EventQueueDevice dispatchEvent
INFO: java.awt.event.KeyEvent[KEY_RELEASED,keyCode=48,keyText=0,keyChar='0',keyLocation=KEY_LOCATION_UNKNOWN,rawCode=0,primaryLevelUnicode=0,scancode=0,extendedKeyCode=0x0] on new item stop price field
Oct 23, 2021 2:30:37 AM net.sourceforge.marathon.javaagent.server.JavaServer serve
INFO: POST(/session/9002f3dd-291b-47b5-bba4-fb71f82de79f/element/5ae5d660-b36b-4bf8-a67c-5452dbe0b1b1/value, {"id":"5ae5d660-b36b-4bf8-a67c-5452dbe0b1b1","value":["11000"]}) = {data={"name":"sendKeysElement","sessionId":"9002f3dd-291b-47b5-bba4-fb71f82de79f","status":0}, status=OK}
Oct 23, 2021 2:30:37 AM net.sourceforge.marathon.javaagent.server.JavaServer serve
INFO: JavaServer.serve(POST /session/9002f3dd-291b-47b5-bba4-fb71f82de79f/element): {
  "using": "name",
  "value": "join button"
}
Oct 23, 2021 2:30:37 AM net.sourceforge.marathon.javaagent.server.JavaServer serve
INFO: POST(/session/9002f3dd-291b-47b5-bba4-fb71f82de79f/element, {"using":"name","value":"join button"}) = {data={"name":"findElement","sessionId":"9002f3dd-291b-47b5-bba4-fb71f82de79f","value":{"ELEMENT":"29cb230e-b7d8-429f-a13a-d28d18e9317d"},"status":0}, status=OK}
Oct 23, 2021 2:30:37 AM net.sourceforge.marathon.javaagent.server.JavaServer serve
INFO: JavaServer.serve(POST /session/9002f3dd-291b-47b5-bba4-fb71f82de79f/element/29cb230e-b7d8-429f-a13a-d28d18e9317d/click): {
  "id": "29cb230e-b7d8-429f-a13a-d28d18e9317d"
}
Oct 23, 2021 2:30:37 AM net.sourceforge.marathon.javaagent.EventQueueDevice dispatchEvent
INFO: java.awt.event.MouseEvent[MOUSE_PRESSED,(58,12),absolute(589,17),button=1,modifiers=Button1,extModifiers=Button1,clickCount=1] on join button
Oct 23, 2021 2:30:37 AM net.sourceforge.marathon.javaagent.EventQueueDevice dispatchEvent
INFO: java.awt.event.MouseEvent[MOUSE_RELEASED,(58,12),absolute(589,17),button=1,modifiers=Button1,clickCount=1] on join button
Oct 23, 2021 2:30:37 AM net.sourceforge.marathon.javaagent.EventQueueDevice dispatchEvent
INFO: java.awt.event.MouseEvent[MOUSE_CLICKED,(58,12),absolute(589,17),button=1,modifiers=Button1,clickCount=1] on join button
Oct 23, 2021 2:30:37 AM net.sourceforge.marathon.javaagent.server.JavaServer serve
INFO: POST(/session/9002f3dd-291b-47b5-bba4-fb71f82de79f/element/29cb230e-b7d8-429f-a13a-d28d18e9317d/click, {"id":"29cb230e-b7d8-429f-a13a-d28d18e9317d"}) = {data={"name":"clickElement","sessionId":"9002f3dd-291b-47b5-bba4-fb71f82de79f","status":0}, status=OK}
Oct 23, 2021 2:30:37 AM net.sourceforge.marathon.javaagent.server.JavaServer serve
INFO: JavaServer.serve(DELETE /session/9002f3dd-291b-47b5-bba4-fb71f82de79f/window): {}
Oct 23, 2021 2:30:37 AM net.sourceforge.marathon.javaagent.server.JavaServer serve
INFO: DELETE(/session/9002f3dd-291b-47b5-bba4-fb71f82de79f/window) = {data={"name":"closeSession","sessionId":"9002f3dd-291b-47b5-bba4-fb71f82de79f","status":0}, status=OK}
Oct 23, 2021 2:30:37 AM net.sourceforge.marathon.javaagent.server.JavaServer serve
INFO: JavaServer.serve(POST /session): {
  "desiredCapabilities": {
    "browserName": "java",
    "platform": "ANY"
  },
  "capabilities": {
    "firstMatch": [
      {
        "browserName": "java"
      }
    ]
  }
}
Oct 23, 2021 2:30:37 AM net.sourceforge.marathon.javaagent.server.JavaServer createSession
INFO: Creating device with type: EVENT_QUEUE
Oct 23, 2021 2:30:37 AM net.sourceforge.marathon.javaagent.Device getDevice
INFO: Creating a EVENT_QUEUE device
Oct 23, 2021 2:30:37 AM net.sourceforge.marathon.javaagent.server.JavaServer serve
INFO: POST(/session, {"desiredCapabilities":{"browserName":"java","platform":"ANY"},"capabilities":{"firstMatch":[{"browserName":"java"}]}}) = {data=, status=REDIRECT}
Oct 23, 2021 2:30:37 AM net.sourceforge.marathon.javaagent.server.JavaServer serve
INFO: JavaServer.serve(GET /session/174c5f91-c602-4227-9c8a-ca52cb7e45fb): {}
Oct 23, 2021 2:30:37 AM net.sourceforge.marathon.javaagent.server.JavaServer serve
INFO: GET(/session/174c5f91-c602-4227-9c8a-ca52cb7e45fb) = {data={"name":"getCapabilities","sessionId":"174c5f91-c602-4227-9c8a-ca52cb7e45fb","value":{"applicationCacheEnabled":false,"rotatable":false,"loggingPrefs":{"driver":"ALL"},"handlesAlerts":false,"databaseEnabled":false,"version":"1.0","platform":"ANY","browserConnectionEnabled":false,"nativeEvents":false,"acceptSslCerts":false,"locationContextEnabled":false,"webStorageEnabled":false,"browserName":"java","takesScreenshot":true,"javascriptEnabled":true,"cssSelectorsEnabled":false},"status":0}, status=OK}
Oct 23, 2021 2:30:37 AM org.openqa.selenium.remote.ProtocolHandshake createSession
INFO: Detected dialect: OSS
Oct 23, 2021 2:30:37 AM net.sourceforge.marathon.javaagent.server.JavaServer serve
INFO: JavaServer.serve(POST /session/174c5f91-c602-4227-9c8a-ca52cb7e45fb/element): {
  "using": "name",
  "value": "sniper reset button"
}
Oct 23, 2021 2:30:37 AM net.sourceforge.marathon.javaagent.server.JavaServer serve
INFO: POST(/session/174c5f91-c602-4227-9c8a-ca52cb7e45fb/element, {"using":"name","value":"sniper reset button"}) = {data={"name":"findElement","sessionId":"174c5f91-c602-4227-9c8a-ca52cb7e45fb","value":{"ELEMENT":"de332455-306e-4923-aab3-d9774e9740e1"},"status":0}, status=OK}
Oct 23, 2021 2:30:37 AM net.sourceforge.marathon.javaagent.server.JavaServer serve
INFO: JavaServer.serve(POST /session/174c5f91-c602-4227-9c8a-ca52cb7e45fb/element/de332455-306e-4923-aab3-d9774e9740e1/click): {
  "id": "de332455-306e-4923-aab3-d9774e9740e1"
}
Oct 23, 2021 2:30:37 AM net.sourceforge.marathon.javaagent.EventQueueDevice dispatchEvent
INFO: java.awt.event.MouseEvent[MOUSE_PRESSED,(37,12),absolute(326,474),button=1,modifiers=Button1,extModifiers=Button1,clickCount=1] on sniper reset button
Oct 23, 2021 2:30:37 AM net.sourceforge.marathon.javaagent.EventQueueDevice dispatchEvent
INFO: java.awt.event.MouseEvent[MOUSE_RELEASED,(37,12),absolute(326,474),button=1,modifiers=Button1,clickCount=1] on sniper reset button
Oct 23, 2021 2:30:37 AM net.sourceforge.marathon.javaagent.EventQueueDevice dispatchEvent
INFO: java.awt.event.MouseEvent[MOUSE_CLICKED,(37,12),absolute(326,474),button=1,modifiers=Button1,clickCount=1] on sniper reset button
Oct 23, 2021 2:30:37 AM net.sourceforge.marathon.javaagent.server.JavaServer serve
INFO: POST(/session/174c5f91-c602-4227-9c8a-ca52cb7e45fb/element/de332455-306e-4923-aab3-d9774e9740e1/click, {"id":"de332455-306e-4923-aab3-d9774e9740e1"}) = {data={"name":"clickElement","sessionId":"174c5f91-c602-4227-9c8a-ca52cb7e45fb","status":0}, status=OK}
Oct 23, 2021 2:30:37 AM net.sourceforge.marathon.javaagent.server.JavaServer serve
INFO: JavaServer.serve(DELETE /session/174c5f91-c602-4227-9c8a-ca52cb7e45fb/window): {}
Oct 23, 2021 2:30:37 AM net.sourceforge.marathon.javaagent.server.JavaServer serve
INFO: DELETE(/session/174c5f91-c602-4227-9c8a-ca52cb7e45fb/window) = {data={"name":"closeSession","sessionId":"174c5f91-c602-4227-9c8a-ca52cb7e45fb","status":0}, status=OK}
]]></system-err>
</testsuite>
