<?xml version="1.0" encoding="UTF-8"?>
<testsuite name="goos.ui.swing.MainWindowTest" tests="3" skipped="0" failures="0" errors="0" timestamp="2021-11-22T02:25:07" hostname="buildkitsandbox" time="3.428">
  <properties/>
  <testcase name="window has expected features" classname="goos.ui.swing.MainWindowTest" time="2.528"/>
  <testcase name="make user request when join button clicked" classname="goos.ui.swing.MainWindowTest" time="0.705"/>
  <testcase name="make user request when reset button clicked" classname="goos.ui.swing.MainWindowTest" time="0.171"/>
  <system-out><![CDATA[]]></system-out>
  <system-err><![CDATA[Nov 22, 2021 2:25:07 AM io.mockk.impl.log.JULLogger warn
WARNING: Failed to transform class goos/ui/api/UserRequestListener
java.lang.IllegalArgumentException: Unsupported class file major version 59
	at net.bytebuddy.jar.asm.ClassReader.<init>(ClassReader.java:176)
	at net.bytebuddy.jar.asm.ClassReader.<init>(ClassReader.java:158)
	at net.bytebuddy.jar.asm.ClassReader.<init>(ClassReader.java:146)
	at net.bytebuddy.utility.OpenedClassReader.of(OpenedClassReader.java:69)
	at net.bytebuddy.dynamic.scaffold.TypeWriter$Default$ForInlining.create(TypeWriter.java:2877)
	at net.bytebuddy.dynamic.scaffold.TypeWriter$Default.make(TypeWriter.java:1653)
	at net.bytebuddy.dynamic.scaffold.inline.RedefinitionDynamicTypeBuilder.make(RedefinitionDynamicTypeBuilder.java:180)
	at net.bytebuddy.dynamic.scaffold.inline.AbstractInliningDynamicTypeBuilder.make(AbstractInliningDynamicTypeBuilder.java:94)
	at net.bytebuddy.dynamic.DynamicType$Builder$AbstractBase.make(DynamicType.java:2669)
	at io.mockk.proxy.jvm.transformation.InliningClassTransformer.transform(InliningClassTransformer.kt:78)
	at java.instrument/java.lang.instrument.ClassFileTransformer.transform(ClassFileTransformer.java:246)
	at java.instrument/sun.instrument.TransformerManager.transform(TransformerManager.java:188)
	at java.instrument/sun.instrument.InstrumentationImpl.transform(InstrumentationImpl.java:563)
	at java.instrument/sun.instrument.InstrumentationImpl.retransformClasses0(Native Method)
	at java.instrument/sun.instrument.InstrumentationImpl.retransformClasses(InstrumentationImpl.java:167)
	at io.mockk.proxy.jvm.transformation.JvmInlineInstrumentation.retransform(JvmInlineInstrumentation.kt:28)
	at io.mockk.proxy.common.transformation.RetransformInlineInstrumnetation$execute$1.invoke(RetransformInlineInstrumnetation.kt:19)
	at io.mockk.proxy.common.transformation.RetransformInlineInstrumnetation$execute$1.invoke(RetransformInlineInstrumnetation.kt:6)
	at io.mockk.proxy.common.transformation.ClassTransformationSpecMap.applyTransformation(ClassTransformationSpecMap.kt:41)
	at io.mockk.proxy.common.transformation.RetransformInlineInstrumnetation.execute(RetransformInlineInstrumnetation.kt:16)
	at io.mockk.proxy.jvm.ProxyMaker.inline(ProxyMaker.kt:88)
	at io.mockk.proxy.jvm.ProxyMaker.proxy(ProxyMaker.kt:30)
	at io.mockk.impl.instantiation.JvmMockFactory.newProxy(JvmMockFactory.kt:34)
	at io.mockk.impl.instantiation.AbstractMockFactory.newProxy$default(AbstractMockFactory.kt:29)
	at io.mockk.impl.instantiation.AbstractMockFactory.mockk(AbstractMockFactory.kt:59)
	at goos.ui.swing.MainWindowTest$1$1.invokeSuspend(MainWindowTest.kt:90)
	at goos.ui.swing.MainWindowTest$1$1.invoke(MainWindowTest.kt)
	at goos.ui.swing.MainWindowTest$1$1.invoke(MainWindowTest.kt)
	at io.kotest.core.TestConfiguration$beforeTest$1.beforeTest(TestConfiguration.kt:137)
	at io.kotest.core.spec.LifecycleKt.invokeAllBeforeTestCallbacks(lifecycle.kt:76)
	at io.kotest.core.internal.TestCaseExecutor.executeActiveTest(TestCaseExecutor.kt:152)
	at io.kotest.core.internal.TestCaseExecutor.access$executeActiveTest(TestCaseExecutor.kt:57)
	at io.kotest.core.internal.TestCaseExecutor$intercept$innerExecute$1$1.invokeSuspend(TestCaseExecutor.kt:89)
	at io.kotest.core.internal.TestCaseExecutor$intercept$innerExecute$1$1.invoke(TestCaseExecutor.kt)
	at io.kotest.core.internal.TestCaseExecutor$intercept$innerExecute$1$1.invoke(TestCaseExecutor.kt)
	at io.kotest.core.internal.TestCaseExecutor.executeIfEnabled(TestCaseExecutor.kt:117)
	at io.kotest.core.internal.TestCaseExecutor.access$executeIfEnabled(TestCaseExecutor.kt:57)
	at io.kotest.core.internal.TestCaseExecutor$intercept$innerExecute$1.invokeSuspend(TestCaseExecutor.kt:89)
	at io.kotest.core.internal.TestCaseExecutor$intercept$innerExecute$1.invoke(TestCaseExecutor.kt)
	at io.kotest.core.internal.TestCaseExecutor$intercept$innerExecute$1.invoke(TestCaseExecutor.kt)
	at io.kotest.core.internal.TestCaseExecutor.intercept(TestCaseExecutor.kt:103)
	at io.kotest.core.internal.TestCaseExecutor.execute(TestCaseExecutor.kt:69)
	at io.kotest.engine.spec.runners.SingleInstanceSpecRunner.runTest(SingleInstanceSpecRunner.kt:104)
	at io.kotest.engine.spec.runners.SingleInstanceSpecRunner.access$runTest(SingleInstanceSpecRunner.kt:34)
	at io.kotest.engine.spec.runners.SingleInstanceSpecRunner$execute$interceptAndRun$2$4.invokeSuspend(SingleInstanceSpecRunner.kt:57)
	at io.kotest.engine.spec.runners.SingleInstanceSpecRunner$execute$interceptAndRun$2$4.invoke(SingleInstanceSpecRunner.kt)
	at io.kotest.engine.spec.runners.SingleInstanceSpecRunner$execute$interceptAndRun$2$4.invoke(SingleInstanceSpecRunner.kt)
	at io.kotest.engine.launchers.SequentialTestLauncher$launch$3$1$1.invokeSuspend(SequentialTestLauncher.kt:22)
	at kotlin.coroutines.jvm.internal.BaseContinuationImpl.resumeWith(ContinuationImpl.kt:33)
	at kotlinx.coroutines.DispatchedTask.run(DispatchedTask.kt:106)
	at java.base/java.util.concurrent.ThreadPoolExecutor.runWorker(ThreadPoolExecutor.java:1130)
	at java.base/java.util.concurrent.ThreadPoolExecutor$Worker.run(ThreadPoolExecutor.java:630)
	at java.base/java.lang.Thread.run(Thread.java:832)

Nov 22, 2021 2:25:09 AM net.sourceforge.marathon.javaagent.server.JavaServer serve
INFO: JavaServer.serve(POST /session): {
  "desiredCapabilities": {
    "browserName": "java",
    "platform": "ANY"
  },
  "capabilities": {
    "firstMatch": [
      {
        "browserName": "java"
      }
    ]
  }
}
Nov 22, 2021 2:25:09 AM net.sourceforge.marathon.javaagent.server.JavaServer createSession
INFO: Creating device with type: EVENT_QUEUE
Nov 22, 2021 2:25:09 AM net.sourceforge.marathon.javaagent.Device getDevice
INFO: Creating a EVENT_QUEUE device
Nov 22, 2021 2:25:09 AM net.sourceforge.marathon.javaagent.server.JavaServer serve
INFO: POST(/session, {"desiredCapabilities":{"browserName":"java","platform":"ANY"},"capabilities":{"firstMatch":[{"browserName":"java"}]}}) = {data=, status=REDIRECT}
Nov 22, 2021 2:25:09 AM net.sourceforge.marathon.javaagent.server.JavaServer serve
INFO: JavaServer.serve(GET /session/15e4db67-4eec-4c9c-8b51-8094ec1fada2): {}
Nov 22, 2021 2:25:09 AM net.sourceforge.marathon.javaagent.server.JavaServer serve
INFO: GET(/session/15e4db67-4eec-4c9c-8b51-8094ec1fada2) = {data={"name":"getCapabilities","sessionId":"15e4db67-4eec-4c9c-8b51-8094ec1fada2","value":{"applicationCacheEnabled":false,"rotatable":false,"loggingPrefs":{"driver":"ALL"},"handlesAlerts":false,"databaseEnabled":false,"version":"1.0","platform":"ANY","browserConnectionEnabled":false,"nativeEvents":false,"acceptSslCerts":false,"locationContextEnabled":false,"webStorageEnabled":false,"browserName":"java","takesScreenshot":true,"javascriptEnabled":true,"cssSelectorsEnabled":false},"status":0}, status=OK}
Nov 22, 2021 2:25:09 AM org.openqa.selenium.remote.ProtocolHandshake createSession
INFO: Detected dialect: OSS
Nov 22, 2021 2:25:09 AM net.sourceforge.marathon.javaagent.server.JavaServer serve
INFO: JavaServer.serve(POST /session/15e4db67-4eec-4c9c-8b51-8094ec1fada2/element): {
  "using": "css selector",
  "value": "."
}
Nov 22, 2021 2:25:09 AM net.sourceforge.marathon.javaagent.server.JavaServer serve
INFO: POST(/session/15e4db67-4eec-4c9c-8b51-8094ec1fada2/element, {"using":"css selector","value":"."}) = {data={"name":"findElement","sessionId":"15e4db67-4eec-4c9c-8b51-8094ec1fada2","value":{"ELEMENT":"0f82b336-6eed-4384-979d-cfc570a217dc"},"status":0}, status=OK}
Nov 22, 2021 2:25:09 AM net.sourceforge.marathon.javaagent.server.JavaServer serve
INFO: JavaServer.serve(GET /session/15e4db67-4eec-4c9c-8b51-8094ec1fada2/element/0f82b336-6eed-4384-979d-cfc570a217dc/attribute/name): {}
Nov 22, 2021 2:25:09 AM net.sourceforge.marathon.javaagent.server.JavaServer serve
INFO: GET(/session/15e4db67-4eec-4c9c-8b51-8094ec1fada2/element/0f82b336-6eed-4384-979d-cfc570a217dc/attribute/name) = {data={"name":"getElementAttribute","sessionId":"15e4db67-4eec-4c9c-8b51-8094ec1fada2","value":"Auction Sniper Name","status":0}, status=OK}
Nov 22, 2021 2:25:09 AM net.sourceforge.marathon.javaagent.server.JavaServer serve
INFO: JavaServer.serve(POST /session/15e4db67-4eec-4c9c-8b51-8094ec1fada2/element): {
  "using": "css selector",
  "value": "."
}
Nov 22, 2021 2:25:09 AM net.sourceforge.marathon.javaagent.server.JavaServer serve
INFO: POST(/session/15e4db67-4eec-4c9c-8b51-8094ec1fada2/element, {"using":"css selector","value":"."}) = {data={"name":"findElement","sessionId":"15e4db67-4eec-4c9c-8b51-8094ec1fada2","value":{"ELEMENT":"0f82b336-6eed-4384-979d-cfc570a217dc"},"status":0}, status=OK}
Nov 22, 2021 2:25:09 AM net.sourceforge.marathon.javaagent.server.JavaServer serve
INFO: JavaServer.serve(GET /session/15e4db67-4eec-4c9c-8b51-8094ec1fada2/element/0f82b336-6eed-4384-979d-cfc570a217dc/displayed): {}
Nov 22, 2021 2:25:09 AM net.sourceforge.marathon.javaagent.server.JavaServer serve
INFO: GET(/session/15e4db67-4eec-4c9c-8b51-8094ec1fada2/element/0f82b336-6eed-4384-979d-cfc570a217dc/displayed) = {data={"name":"isDisplayed","sessionId":"15e4db67-4eec-4c9c-8b51-8094ec1fada2","value":true,"status":0}, status=OK}
Nov 22, 2021 2:25:09 AM net.sourceforge.marathon.javaagent.server.JavaServer serve
INFO: JavaServer.serve(GET /session/15e4db67-4eec-4c9c-8b51-8094ec1fada2/title): {}
Nov 22, 2021 2:25:09 AM net.sourceforge.marathon.javaagent.server.JavaServer serve
INFO: GET(/session/15e4db67-4eec-4c9c-8b51-8094ec1fada2/title) = {data={"name":"getWindowTitle","sessionId":"15e4db67-4eec-4c9c-8b51-8094ec1fada2","value":"Auction Sniper","status":0}, status=OK}
Nov 22, 2021 2:25:09 AM net.sourceforge.marathon.javaagent.server.JavaServer serve
INFO: JavaServer.serve(POST /session/15e4db67-4eec-4c9c-8b51-8094ec1fada2/element): {
  "using": "name",
  "value": "snipers table"
}
Nov 22, 2021 2:25:09 AM net.sourceforge.marathon.javaagent.server.JavaServer serve
INFO: POST(/session/15e4db67-4eec-4c9c-8b51-8094ec1fada2/element, {"using":"name","value":"snipers table"}) = {data={"name":"findElement","sessionId":"15e4db67-4eec-4c9c-8b51-8094ec1fada2","value":{"ELEMENT":"dddc02a6-3e69-4270-9fd2-e5d05decf6e6"},"status":0}, status=OK}
Nov 22, 2021 2:25:09 AM net.sourceforge.marathon.javaagent.server.JavaServer serve
INFO: JavaServer.serve(POST /session/15e4db67-4eec-4c9c-8b51-8094ec1fada2/element/dddc02a6-3e69-4270-9fd2-e5d05decf6e6/elements): {
  "id": "dddc02a6-3e69-4270-9fd2-e5d05decf6e6",
  "using": "css selector",
  "value": ".::header.::all-items"
}
Nov 22, 2021 2:25:09 AM net.sourceforge.marathon.javaagent.server.JavaServer serve
INFO: POST(/session/15e4db67-4eec-4c9c-8b51-8094ec1fada2/element/dddc02a6-3e69-4270-9fd2-e5d05decf6e6/elements, {"using":"css selector","id":"dddc02a6-3e69-4270-9fd2-e5d05decf6e6","value":".::header.::all-items"}) = {data={"name":"findElementsOfElement","sessionId":"15e4db67-4eec-4c9c-8b51-8094ec1fada2","value":[{"ELEMENT":"b3647966-f04d-4539-943a-9a00577ef85d%23%7B%22selector%22%3A%22nth-item%22%2C%22parameters%22%3A%5B1%5D%7D"},{"ELEMENT":"b3647966-f04d-4539-943a-9a00577ef85d%23%7B%22selector%22%3A%22nth-item%22%2C%22parameters%22%3A%5B2%5D%7D"},{"ELEMENT":"b3647966-f04d-4539-943a-9a00577ef85d%23%7B%22selector%22%3A%22nth-item%22%2C%22parameters%22%3A%5B3%5D%7D"},{"ELEMENT":"b3647966-f04d-4539-943a-9a00577ef85d%23%7B%22selector%22%3A%22nth-item%22%2C%22parameters%22%3A%5B4%5D%7D"}],"status":0}, status=OK}
Nov 22, 2021 2:25:09 AM net.sourceforge.marathon.javaagent.server.JavaServer serve
INFO: JavaServer.serve(GET /session/15e4db67-4eec-4c9c-8b51-8094ec1fada2/element/b3647966-f04d-4539-943a-9a00577ef85d%23%7B%22selector%22%3A%22nth-item%22%2C%22parameters%22%3A%5B1%5D%7D/text): {}
Nov 22, 2021 2:25:09 AM net.sourceforge.marathon.javaagent.server.JavaServer serve
INFO: GET(/session/15e4db67-4eec-4c9c-8b51-8094ec1fada2/element/b3647966-f04d-4539-943a-9a00577ef85d%23%7B%22selector%22%3A%22nth-item%22%2C%22parameters%22%3A%5B1%5D%7D/text) = {data={"name":"getElementText","sessionId":"15e4db67-4eec-4c9c-8b51-8094ec1fada2","value":"Item","status":0}, status=OK}
Nov 22, 2021 2:25:09 AM net.sourceforge.marathon.javaagent.server.JavaServer serve
INFO: JavaServer.serve(GET /session/15e4db67-4eec-4c9c-8b51-8094ec1fada2/element/b3647966-f04d-4539-943a-9a00577ef85d%23%7B%22selector%22%3A%22nth-item%22%2C%22parameters%22%3A%5B2%5D%7D/text): {}
Nov 22, 2021 2:25:09 AM net.sourceforge.marathon.javaagent.server.JavaServer serve
INFO: GET(/session/15e4db67-4eec-4c9c-8b51-8094ec1fada2/element/b3647966-f04d-4539-943a-9a00577ef85d%23%7B%22selector%22%3A%22nth-item%22%2C%22parameters%22%3A%5B2%5D%7D/text) = {data={"name":"getElementText","sessionId":"15e4db67-4eec-4c9c-8b51-8094ec1fada2","value":"Last Price","status":0}, status=OK}
Nov 22, 2021 2:25:09 AM net.sourceforge.marathon.javaagent.server.JavaServer serve
INFO: JavaServer.serve(GET /session/15e4db67-4eec-4c9c-8b51-8094ec1fada2/element/b3647966-f04d-4539-943a-9a00577ef85d%23%7B%22selector%22%3A%22nth-item%22%2C%22parameters%22%3A%5B3%5D%7D/text): {}
Nov 22, 2021 2:25:09 AM net.sourceforge.marathon.javaagent.server.JavaServer serve
INFO: GET(/session/15e4db67-4eec-4c9c-8b51-8094ec1fada2/element/b3647966-f04d-4539-943a-9a00577ef85d%23%7B%22selector%22%3A%22nth-item%22%2C%22parameters%22%3A%5B3%5D%7D/text) = {data={"name":"getElementText","sessionId":"15e4db67-4eec-4c9c-8b51-8094ec1fada2","value":"Last Bid","status":0}, status=OK}
Nov 22, 2021 2:25:09 AM net.sourceforge.marathon.javaagent.server.JavaServer serve
INFO: JavaServer.serve(GET /session/15e4db67-4eec-4c9c-8b51-8094ec1fada2/element/b3647966-f04d-4539-943a-9a00577ef85d%23%7B%22selector%22%3A%22nth-item%22%2C%22parameters%22%3A%5B4%5D%7D/text): {}
Nov 22, 2021 2:25:09 AM net.sourceforge.marathon.javaagent.server.JavaServer serve
INFO: GET(/session/15e4db67-4eec-4c9c-8b51-8094ec1fada2/element/b3647966-f04d-4539-943a-9a00577ef85d%23%7B%22selector%22%3A%22nth-item%22%2C%22parameters%22%3A%5B4%5D%7D/text) = {data={"name":"getElementText","sessionId":"15e4db67-4eec-4c9c-8b51-8094ec1fada2","value":"State","status":0}, status=OK}
Nov 22, 2021 2:25:09 AM net.sourceforge.marathon.javaagent.server.JavaServer serve
INFO: JavaServer.serve(DELETE /session/15e4db67-4eec-4c9c-8b51-8094ec1fada2/window): {}
Nov 22, 2021 2:25:09 AM net.sourceforge.marathon.javaagent.server.JavaServer serve
INFO: DELETE(/session/15e4db67-4eec-4c9c-8b51-8094ec1fada2/window) = {data={"name":"closeSession","sessionId":"15e4db67-4eec-4c9c-8b51-8094ec1fada2","status":0}, status=OK}
Nov 22, 2021 2:25:10 AM net.sourceforge.marathon.javaagent.server.JavaServer serve
INFO: JavaServer.serve(POST /session): {
  "desiredCapabilities": {
    "browserName": "java",
    "platform": "ANY"
  },
  "capabilities": {
    "firstMatch": [
      {
        "browserName": "java"
      }
    ]
  }
}
Nov 22, 2021 2:25:10 AM net.sourceforge.marathon.javaagent.server.JavaServer createSession
INFO: Creating device with type: EVENT_QUEUE
Nov 22, 2021 2:25:10 AM net.sourceforge.marathon.javaagent.Device getDevice
INFO: Creating a EVENT_QUEUE device
Nov 22, 2021 2:25:10 AM net.sourceforge.marathon.javaagent.server.JavaServer serve
INFO: POST(/session, {"desiredCapabilities":{"browserName":"java","platform":"ANY"},"capabilities":{"firstMatch":[{"browserName":"java"}]}}) = {data=, status=REDIRECT}
Nov 22, 2021 2:25:10 AM net.sourceforge.marathon.javaagent.server.JavaServer serve
INFO: JavaServer.serve(GET /session/b1680e7e-9f2e-41d4-bbc5-5ccfecf865e7): {}
Nov 22, 2021 2:25:10 AM net.sourceforge.marathon.javaagent.server.JavaServer serve
INFO: GET(/session/b1680e7e-9f2e-41d4-bbc5-5ccfecf865e7) = {data={"name":"getCapabilities","sessionId":"b1680e7e-9f2e-41d4-bbc5-5ccfecf865e7","value":{"applicationCacheEnabled":false,"rotatable":false,"loggingPrefs":{"driver":"ALL"},"handlesAlerts":false,"databaseEnabled":false,"version":"1.0","platform":"ANY","browserConnectionEnabled":false,"nativeEvents":false,"acceptSslCerts":false,"locationContextEnabled":false,"webStorageEnabled":false,"browserName":"java","takesScreenshot":true,"javascriptEnabled":true,"cssSelectorsEnabled":false},"status":0}, status=OK}
Nov 22, 2021 2:25:10 AM org.openqa.selenium.remote.ProtocolHandshake createSession
INFO: Detected dialect: OSS
Nov 22, 2021 2:25:10 AM net.sourceforge.marathon.javaagent.server.JavaServer serve
INFO: JavaServer.serve(POST /session/b1680e7e-9f2e-41d4-bbc5-5ccfecf865e7/element): {
  "using": "name",
  "value": "new item id field"
}
Nov 22, 2021 2:25:10 AM net.sourceforge.marathon.javaagent.server.JavaServer serve
INFO: POST(/session/b1680e7e-9f2e-41d4-bbc5-5ccfecf865e7/element, {"using":"name","value":"new item id field"}) = {data={"name":"findElement","sessionId":"b1680e7e-9f2e-41d4-bbc5-5ccfecf865e7","value":{"ELEMENT":"dc25f02f-7360-4347-a527-518d4ef30f3d"},"status":0}, status=OK}
Nov 22, 2021 2:25:10 AM net.sourceforge.marathon.javaagent.server.JavaServer serve
INFO: JavaServer.serve(POST /session/b1680e7e-9f2e-41d4-bbc5-5ccfecf865e7/element/dc25f02f-7360-4347-a527-518d4ef30f3d/clear): {
  "id": "dc25f02f-7360-4347-a527-518d4ef30f3d"
}
Nov 22, 2021 2:25:10 AM net.sourceforge.marathon.javaagent.server.JavaServer serve
INFO: POST(/session/b1680e7e-9f2e-41d4-bbc5-5ccfecf865e7/element/dc25f02f-7360-4347-a527-518d4ef30f3d/clear, {"id":"dc25f02f-7360-4347-a527-518d4ef30f3d"}) = {data={"name":"clearElement","sessionId":"b1680e7e-9f2e-41d4-bbc5-5ccfecf865e7","status":0}, status=OK}
Nov 22, 2021 2:25:10 AM net.sourceforge.marathon.javaagent.server.JavaServer serve
INFO: JavaServer.serve(POST /session/b1680e7e-9f2e-41d4-bbc5-5ccfecf865e7/element/dc25f02f-7360-4347-a527-518d4ef30f3d/value): {
  "id": "dc25f02f-7360-4347-a527-518d4ef30f3d",
  "value": [
    "an item-id"
  ]
}
Nov 22, 2021 2:25:10 AM net.sourceforge.marathon.javaagent.EventQueueDevice dispatchEvent
INFO: java.awt.event.KeyEvent[KEY_PRESSED,keyCode=65,keyText=A,keyChar='a',keyLocation=KEY_LOCATION_UNKNOWN,rawCode=0,primaryLevelUnicode=0,scancode=0,extendedKeyCode=0x0] on new item id field
Nov 22, 2021 2:25:10 AM net.sourceforge.marathon.javaagent.EventQueueDevice dispatchEvent
INFO: java.awt.event.KeyEvent[KEY_TYPED,keyCode=0,keyText=Unknown keyCode: 0x0,keyChar='a',keyLocation=KEY_LOCATION_UNKNOWN,rawCode=0,primaryLevelUnicode=0,scancode=0,extendedKeyCode=0x0] on new item id field
Nov 22, 2021 2:25:10 AM net.sourceforge.marathon.javaagent.EventQueueDevice dispatchEvent
INFO: java.awt.event.KeyEvent[KEY_RELEASED,keyCode=65,keyText=A,keyChar='a',keyLocation=KEY_LOCATION_UNKNOWN,rawCode=0,primaryLevelUnicode=0,scancode=0,extendedKeyCode=0x0] on new item id field
Nov 22, 2021 2:25:10 AM net.sourceforge.marathon.javaagent.EventQueueDevice dispatchEvent
INFO: java.awt.event.KeyEvent[KEY_PRESSED,keyCode=78,keyText=N,keyChar='n',keyLocation=KEY_LOCATION_UNKNOWN,rawCode=0,primaryLevelUnicode=0,scancode=0,extendedKeyCode=0x0] on new item id field
Nov 22, 2021 2:25:10 AM net.sourceforge.marathon.javaagent.EventQueueDevice dispatchEvent
INFO: java.awt.event.KeyEvent[KEY_TYPED,keyCode=0,keyText=Unknown keyCode: 0x0,keyChar='n',keyLocation=KEY_LOCATION_UNKNOWN,rawCode=0,primaryLevelUnicode=0,scancode=0,extendedKeyCode=0x0] on new item id field
Nov 22, 2021 2:25:10 AM net.sourceforge.marathon.javaagent.EventQueueDevice dispatchEvent
INFO: java.awt.event.KeyEvent[KEY_RELEASED,keyCode=78,keyText=N,keyChar='n',keyLocation=KEY_LOCATION_UNKNOWN,rawCode=0,primaryLevelUnicode=0,scancode=0,extendedKeyCode=0x0] on new item id field
Nov 22, 2021 2:25:10 AM net.sourceforge.marathon.javaagent.EventQueueDevice dispatchEvent
INFO: java.awt.event.KeyEvent[KEY_PRESSED,keyCode=16,keyText=Shift,keyChar=Undefined keyChar,modifiers=Shift,extModifiers=Shift,keyLocation=KEY_LOCATION_UNKNOWN,rawCode=0,primaryLevelUnicode=0,scancode=0,extendedKeyCode=0x0] on new item id field
Nov 22, 2021 2:25:10 AM net.sourceforge.marathon.javaagent.EventQueueDevice dispatchEvent
INFO: java.awt.event.KeyEvent[KEY_PRESSED,keyCode=32,keyText=Space,keyChar=' ',modifiers=Shift,extModifiers=Shift,keyLocation=KEY_LOCATION_UNKNOWN,rawCode=0,primaryLevelUnicode=0,scancode=0,extendedKeyCode=0x0] on new item id field
Nov 22, 2021 2:25:10 AM net.sourceforge.marathon.javaagent.EventQueueDevice dispatchEvent
INFO: java.awt.event.KeyEvent[KEY_TYPED,keyCode=0,keyText=Unknown keyCode: 0x0,keyChar=' ',modifiers=Shift,extModifiers=Shift,keyLocation=KEY_LOCATION_UNKNOWN,rawCode=0,primaryLevelUnicode=0,scancode=0,extendedKeyCode=0x0] on new item id field
Nov 22, 2021 2:25:10 AM net.sourceforge.marathon.javaagent.EventQueueDevice dispatchEvent
INFO: java.awt.event.KeyEvent[KEY_RELEASED,keyCode=32,keyText=Space,keyChar=' ',modifiers=Shift,extModifiers=Shift,keyLocation=KEY_LOCATION_UNKNOWN,rawCode=0,primaryLevelUnicode=0,scancode=0,extendedKeyCode=0x0] on new item id field
Nov 22, 2021 2:25:10 AM net.sourceforge.marathon.javaagent.EventQueueDevice dispatchEvent
INFO: java.awt.event.KeyEvent[KEY_RELEASED,keyCode=16,keyText=Shift,keyChar=Undefined keyChar,keyLocation=KEY_LOCATION_UNKNOWN,rawCode=0,primaryLevelUnicode=0,scancode=0,extendedKeyCode=0x0] on new item id field
Nov 22, 2021 2:25:10 AM net.sourceforge.marathon.javaagent.EventQueueDevice dispatchEvent
INFO: java.awt.event.KeyEvent[KEY_PRESSED,keyCode=73,keyText=I,keyChar='i',keyLocation=KEY_LOCATION_UNKNOWN,rawCode=0,primaryLevelUnicode=0,scancode=0,extendedKeyCode=0x0] on new item id field
Nov 22, 2021 2:25:10 AM net.sourceforge.marathon.javaagent.EventQueueDevice dispatchEvent
INFO: java.awt.event.KeyEvent[KEY_TYPED,keyCode=0,keyText=Unknown keyCode: 0x0,keyChar='i',keyLocation=KEY_LOCATION_UNKNOWN,rawCode=0,primaryLevelUnicode=0,scancode=0,extendedKeyCode=0x0] on new item id field
Nov 22, 2021 2:25:10 AM net.sourceforge.marathon.javaagent.EventQueueDevice dispatchEvent
INFO: java.awt.event.KeyEvent[KEY_RELEASED,keyCode=73,keyText=I,keyChar='i',keyLocation=KEY_LOCATION_UNKNOWN,rawCode=0,primaryLevelUnicode=0,scancode=0,extendedKeyCode=0x0] on new item id field
Nov 22, 2021 2:25:10 AM net.sourceforge.marathon.javaagent.EventQueueDevice dispatchEvent
INFO: java.awt.event.KeyEvent[KEY_PRESSED,keyCode=84,keyText=T,keyChar='t',keyLocation=KEY_LOCATION_UNKNOWN,rawCode=0,primaryLevelUnicode=0,scancode=0,extendedKeyCode=0x0] on new item id field
Nov 22, 2021 2:25:10 AM net.sourceforge.marathon.javaagent.EventQueueDevice dispatchEvent
INFO: java.awt.event.KeyEvent[KEY_TYPED,keyCode=0,keyText=Unknown keyCode: 0x0,keyChar='t',keyLocation=KEY_LOCATION_UNKNOWN,rawCode=0,primaryLevelUnicode=0,scancode=0,extendedKeyCode=0x0] on new item id field
Nov 22, 2021 2:25:10 AM net.sourceforge.marathon.javaagent.EventQueueDevice dispatchEvent
INFO: java.awt.event.KeyEvent[KEY_RELEASED,keyCode=84,keyText=T,keyChar='t',keyLocation=KEY_LOCATION_UNKNOWN,rawCode=0,primaryLevelUnicode=0,scancode=0,extendedKeyCode=0x0] on new item id field
Nov 22, 2021 2:25:10 AM net.sourceforge.marathon.javaagent.EventQueueDevice dispatchEvent
INFO: java.awt.event.KeyEvent[KEY_PRESSED,keyCode=69,keyText=E,keyChar='e',keyLocation=KEY_LOCATION_UNKNOWN,rawCode=0,primaryLevelUnicode=0,scancode=0,extendedKeyCode=0x0] on new item id field
Nov 22, 2021 2:25:10 AM net.sourceforge.marathon.javaagent.EventQueueDevice dispatchEvent
INFO: java.awt.event.KeyEvent[KEY_TYPED,keyCode=0,keyText=Unknown keyCode: 0x0,keyChar='e',keyLocation=KEY_LOCATION_UNKNOWN,rawCode=0,primaryLevelUnicode=0,scancode=0,extendedKeyCode=0x0] on new item id field
Nov 22, 2021 2:25:10 AM net.sourceforge.marathon.javaagent.EventQueueDevice dispatchEvent
INFO: java.awt.event.KeyEvent[KEY_RELEASED,keyCode=69,keyText=E,keyChar='e',keyLocation=KEY_LOCATION_UNKNOWN,rawCode=0,primaryLevelUnicode=0,scancode=0,extendedKeyCode=0x0] on new item id field
Nov 22, 2021 2:25:10 AM net.sourceforge.marathon.javaagent.EventQueueDevice dispatchEvent
INFO: java.awt.event.KeyEvent[KEY_PRESSED,keyCode=77,keyText=M,keyChar='m',keyLocation=KEY_LOCATION_UNKNOWN,rawCode=0,primaryLevelUnicode=0,scancode=0,extendedKeyCode=0x0] on new item id field
Nov 22, 2021 2:25:10 AM net.sourceforge.marathon.javaagent.EventQueueDevice dispatchEvent
INFO: java.awt.event.KeyEvent[KEY_TYPED,keyCode=0,keyText=Unknown keyCode: 0x0,keyChar='m',keyLocation=KEY_LOCATION_UNKNOWN,rawCode=0,primaryLevelUnicode=0,scancode=0,extendedKeyCode=0x0] on new item id field
Nov 22, 2021 2:25:10 AM net.sourceforge.marathon.javaagent.EventQueueDevice dispatchEvent
INFO: java.awt.event.KeyEvent[KEY_RELEASED,keyCode=77,keyText=M,keyChar='m',keyLocation=KEY_LOCATION_UNKNOWN,rawCode=0,primaryLevelUnicode=0,scancode=0,extendedKeyCode=0x0] on new item id field
Nov 22, 2021 2:25:10 AM net.sourceforge.marathon.javaagent.EventQueueDevice dispatchEvent
INFO: java.awt.event.KeyEvent[KEY_PRESSED,keyCode=45,keyText=Minus,keyChar='-',keyLocation=KEY_LOCATION_UNKNOWN,rawCode=0,primaryLevelUnicode=0,scancode=0,extendedKeyCode=0x0] on new item id field
Nov 22, 2021 2:25:10 AM net.sourceforge.marathon.javaagent.EventQueueDevice dispatchEvent
INFO: java.awt.event.KeyEvent[KEY_TYPED,keyCode=0,keyText=Unknown keyCode: 0x0,keyChar='-',keyLocation=KEY_LOCATION_UNKNOWN,rawCode=0,primaryLevelUnicode=0,scancode=0,extendedKeyCode=0x0] on new item id field
Nov 22, 2021 2:25:10 AM net.sourceforge.marathon.javaagent.EventQueueDevice dispatchEvent
INFO: java.awt.event.KeyEvent[KEY_RELEASED,keyCode=45,keyText=Minus,keyChar='-',keyLocation=KEY_LOCATION_UNKNOWN,rawCode=0,primaryLevelUnicode=0,scancode=0,extendedKeyCode=0x0] on new item id field
Nov 22, 2021 2:25:10 AM net.sourceforge.marathon.javaagent.EventQueueDevice dispatchEvent
INFO: java.awt.event.KeyEvent[KEY_PRESSED,keyCode=73,keyText=I,keyChar='i',keyLocation=KEY_LOCATION_UNKNOWN,rawCode=0,primaryLevelUnicode=0,scancode=0,extendedKeyCode=0x0] on new item id field
Nov 22, 2021 2:25:10 AM net.sourceforge.marathon.javaagent.EventQueueDevice dispatchEvent
INFO: java.awt.event.KeyEvent[KEY_TYPED,keyCode=0,keyText=Unknown keyCode: 0x0,keyChar='i',keyLocation=KEY_LOCATION_UNKNOWN,rawCode=0,primaryLevelUnicode=0,scancode=0,extendedKeyCode=0x0] on new item id field
Nov 22, 2021 2:25:10 AM net.sourceforge.marathon.javaagent.EventQueueDevice dispatchEvent
INFO: java.awt.event.KeyEvent[KEY_RELEASED,keyCode=73,keyText=I,keyChar='i',keyLocation=KEY_LOCATION_UNKNOWN,rawCode=0,primaryLevelUnicode=0,scancode=0,extendedKeyCode=0x0] on new item id field
Nov 22, 2021 2:25:10 AM net.sourceforge.marathon.javaagent.EventQueueDevice dispatchEvent
INFO: java.awt.event.KeyEvent[KEY_PRESSED,keyCode=68,keyText=D,keyChar='d',keyLocation=KEY_LOCATION_UNKNOWN,rawCode=0,primaryLevelUnicode=0,scancode=0,extendedKeyCode=0x0] on new item id field
Nov 22, 2021 2:25:10 AM net.sourceforge.marathon.javaagent.EventQueueDevice dispatchEvent
INFO: java.awt.event.KeyEvent[KEY_TYPED,keyCode=0,keyText=Unknown keyCode: 0x0,keyChar='d',keyLocation=KEY_LOCATION_UNKNOWN,rawCode=0,primaryLevelUnicode=0,scancode=0,extendedKeyCode=0x0] on new item id field
Nov 22, 2021 2:25:10 AM net.sourceforge.marathon.javaagent.EventQueueDevice dispatchEvent
INFO: java.awt.event.KeyEvent[KEY_RELEASED,keyCode=68,keyText=D,keyChar='d',keyLocation=KEY_LOCATION_UNKNOWN,rawCode=0,primaryLevelUnicode=0,scancode=0,extendedKeyCode=0x0] on new item id field
Nov 22, 2021 2:25:10 AM net.sourceforge.marathon.javaagent.server.JavaServer serve
INFO: POST(/session/b1680e7e-9f2e-41d4-bbc5-5ccfecf865e7/element/dc25f02f-7360-4347-a527-518d4ef30f3d/value, {"id":"dc25f02f-7360-4347-a527-518d4ef30f3d","value":["an item-id"]}) = {data={"name":"sendKeysElement","sessionId":"b1680e7e-9f2e-41d4-bbc5-5ccfecf865e7","status":0}, status=OK}
Nov 22, 2021 2:25:10 AM net.sourceforge.marathon.javaagent.server.JavaServer serve
INFO: JavaServer.serve(POST /session/b1680e7e-9f2e-41d4-bbc5-5ccfecf865e7/element): {
  "using": "name",
  "value": "new item stop price field"
}
Nov 22, 2021 2:25:10 AM net.sourceforge.marathon.javaagent.server.JavaServer serve
INFO: POST(/session/b1680e7e-9f2e-41d4-bbc5-5ccfecf865e7/element, {"using":"name","value":"new item stop price field"}) = {data={"name":"findElement","sessionId":"b1680e7e-9f2e-41d4-bbc5-5ccfecf865e7","value":{"ELEMENT":"9d5a7325-261f-4891-a622-904ec38b4b2c"},"status":0}, status=OK}
Nov 22, 2021 2:25:10 AM net.sourceforge.marathon.javaagent.server.JavaServer serve
INFO: JavaServer.serve(POST /session/b1680e7e-9f2e-41d4-bbc5-5ccfecf865e7/element/9d5a7325-261f-4891-a622-904ec38b4b2c/clear): {
  "id": "9d5a7325-261f-4891-a622-904ec38b4b2c"
}
Nov 22, 2021 2:25:10 AM net.sourceforge.marathon.javaagent.server.JavaServer serve
INFO: POST(/session/b1680e7e-9f2e-41d4-bbc5-5ccfecf865e7/element/9d5a7325-261f-4891-a622-904ec38b4b2c/clear, {"id":"9d5a7325-261f-4891-a622-904ec38b4b2c"}) = {data={"name":"clearElement","sessionId":"b1680e7e-9f2e-41d4-bbc5-5ccfecf865e7","status":0}, status=OK}
Nov 22, 2021 2:25:10 AM net.sourceforge.marathon.javaagent.server.JavaServer serve
INFO: JavaServer.serve(POST /session/b1680e7e-9f2e-41d4-bbc5-5ccfecf865e7/element/9d5a7325-261f-4891-a622-904ec38b4b2c/value): {
  "id": "9d5a7325-261f-4891-a622-904ec38b4b2c",
  "value": [
    "11000"
  ]
}
Nov 22, 2021 2:25:10 AM net.sourceforge.marathon.javaagent.EventQueueDevice dispatchEvent
INFO: java.awt.event.KeyEvent[KEY_PRESSED,keyCode=49,keyText=1,keyChar='1',keyLocation=KEY_LOCATION_UNKNOWN,rawCode=0,primaryLevelUnicode=0,scancode=0,extendedKeyCode=0x0] on new item stop price field
Nov 22, 2021 2:25:10 AM net.sourceforge.marathon.javaagent.EventQueueDevice dispatchEvent
INFO: java.awt.event.KeyEvent[KEY_TYPED,keyCode=0,keyText=Unknown keyCode: 0x0,keyChar='1',keyLocation=KEY_LOCATION_UNKNOWN,rawCode=0,primaryLevelUnicode=0,scancode=0,extendedKeyCode=0x0] on new item stop price field
Nov 22, 2021 2:25:10 AM net.sourceforge.marathon.javaagent.EventQueueDevice dispatchEvent
INFO: java.awt.event.KeyEvent[KEY_RELEASED,keyCode=49,keyText=1,keyChar='1',keyLocation=KEY_LOCATION_UNKNOWN,rawCode=0,primaryLevelUnicode=0,scancode=0,extendedKeyCode=0x0] on new item stop price field
Nov 22, 2021 2:25:10 AM net.sourceforge.marathon.javaagent.EventQueueDevice dispatchEvent
INFO: java.awt.event.KeyEvent[KEY_PRESSED,keyCode=49,keyText=1,keyChar='1',keyLocation=KEY_LOCATION_UNKNOWN,rawCode=0,primaryLevelUnicode=0,scancode=0,extendedKeyCode=0x0] on new item stop price field
Nov 22, 2021 2:25:10 AM net.sourceforge.marathon.javaagent.EventQueueDevice dispatchEvent
INFO: java.awt.event.KeyEvent[KEY_TYPED,keyCode=0,keyText=Unknown keyCode: 0x0,keyChar='1',keyLocation=KEY_LOCATION_UNKNOWN,rawCode=0,primaryLevelUnicode=0,scancode=0,extendedKeyCode=0x0] on new item stop price field
Nov 22, 2021 2:25:10 AM net.sourceforge.marathon.javaagent.EventQueueDevice dispatchEvent
INFO: java.awt.event.KeyEvent[KEY_RELEASED,keyCode=49,keyText=1,keyChar='1',keyLocation=KEY_LOCATION_UNKNOWN,rawCode=0,primaryLevelUnicode=0,scancode=0,extendedKeyCode=0x0] on new item stop price field
Nov 22, 2021 2:25:10 AM net.sourceforge.marathon.javaagent.EventQueueDevice dispatchEvent
INFO: java.awt.event.KeyEvent[KEY_PRESSED,keyCode=48,keyText=0,keyChar='0',keyLocation=KEY_LOCATION_UNKNOWN,rawCode=0,primaryLevelUnicode=0,scancode=0,extendedKeyCode=0x0] on new item stop price field
Nov 22, 2021 2:25:10 AM net.sourceforge.marathon.javaagent.EventQueueDevice dispatchEvent
INFO: java.awt.event.KeyEvent[KEY_TYPED,keyCode=0,keyText=Unknown keyCode: 0x0,keyChar='0',keyLocation=KEY_LOCATION_UNKNOWN,rawCode=0,primaryLevelUnicode=0,scancode=0,extendedKeyCode=0x0] on new item stop price field
Nov 22, 2021 2:25:10 AM net.sourceforge.marathon.javaagent.EventQueueDevice dispatchEvent
INFO: java.awt.event.KeyEvent[KEY_RELEASED,keyCode=48,keyText=0,keyChar='0',keyLocation=KEY_LOCATION_UNKNOWN,rawCode=0,primaryLevelUnicode=0,scancode=0,extendedKeyCode=0x0] on new item stop price field
Nov 22, 2021 2:25:10 AM net.sourceforge.marathon.javaagent.EventQueueDevice dispatchEvent
INFO: java.awt.event.KeyEvent[KEY_PRESSED,keyCode=48,keyText=0,keyChar='0',keyLocation=KEY_LOCATION_UNKNOWN,rawCode=0,primaryLevelUnicode=0,scancode=0,extendedKeyCode=0x0] on new item stop price field
Nov 22, 2021 2:25:10 AM net.sourceforge.marathon.javaagent.EventQueueDevice dispatchEvent
INFO: java.awt.event.KeyEvent[KEY_TYPED,keyCode=0,keyText=Unknown keyCode: 0x0,keyChar='0',keyLocation=KEY_LOCATION_UNKNOWN,rawCode=0,primaryLevelUnicode=0,scancode=0,extendedKeyCode=0x0] on new item stop price field
Nov 22, 2021 2:25:10 AM net.sourceforge.marathon.javaagent.EventQueueDevice dispatchEvent
INFO: java.awt.event.KeyEvent[KEY_RELEASED,keyCode=48,keyText=0,keyChar='0',keyLocation=KEY_LOCATION_UNKNOWN,rawCode=0,primaryLevelUnicode=0,scancode=0,extendedKeyCode=0x0] on new item stop price field
Nov 22, 2021 2:25:10 AM net.sourceforge.marathon.javaagent.EventQueueDevice dispatchEvent
INFO: java.awt.event.KeyEvent[KEY_PRESSED,keyCode=48,keyText=0,keyChar='0',keyLocation=KEY_LOCATION_UNKNOWN,rawCode=0,primaryLevelUnicode=0,scancode=0,extendedKeyCode=0x0] on new item stop price field
Nov 22, 2021 2:25:10 AM net.sourceforge.marathon.javaagent.EventQueueDevice dispatchEvent
INFO: java.awt.event.KeyEvent[KEY_TYPED,keyCode=0,keyText=Unknown keyCode: 0x0,keyChar='0',keyLocation=KEY_LOCATION_UNKNOWN,rawCode=0,primaryLevelUnicode=0,scancode=0,extendedKeyCode=0x0] on new item stop price field
Nov 22, 2021 2:25:10 AM net.sourceforge.marathon.javaagent.EventQueueDevice dispatchEvent
INFO: java.awt.event.KeyEvent[KEY_RELEASED,keyCode=48,keyText=0,keyChar='0',keyLocation=KEY_LOCATION_UNKNOWN,rawCode=0,primaryLevelUnicode=0,scancode=0,extendedKeyCode=0x0] on new item stop price field
Nov 22, 2021 2:25:10 AM net.sourceforge.marathon.javaagent.server.JavaServer serve
INFO: POST(/session/b1680e7e-9f2e-41d4-bbc5-5ccfecf865e7/element/9d5a7325-261f-4891-a622-904ec38b4b2c/value, {"id":"9d5a7325-261f-4891-a622-904ec38b4b2c","value":["11000"]}) = {data={"name":"sendKeysElement","sessionId":"b1680e7e-9f2e-41d4-bbc5-5ccfecf865e7","status":0}, status=OK}
Nov 22, 2021 2:25:10 AM net.sourceforge.marathon.javaagent.server.JavaServer serve
INFO: JavaServer.serve(POST /session/b1680e7e-9f2e-41d4-bbc5-5ccfecf865e7/element): {
  "using": "name",
  "value": "join button"
}
Nov 22, 2021 2:25:10 AM net.sourceforge.marathon.javaagent.server.JavaServer serve
INFO: POST(/session/b1680e7e-9f2e-41d4-bbc5-5ccfecf865e7/element, {"using":"name","value":"join button"}) = {data={"name":"findElement","sessionId":"b1680e7e-9f2e-41d4-bbc5-5ccfecf865e7","value":{"ELEMENT":"4ec1c193-e5e9-45bd-9b50-6d3c6f7d0231"},"status":0}, status=OK}
Nov 22, 2021 2:25:10 AM net.sourceforge.marathon.javaagent.server.JavaServer serve
INFO: JavaServer.serve(POST /session/b1680e7e-9f2e-41d4-bbc5-5ccfecf865e7/element/4ec1c193-e5e9-45bd-9b50-6d3c6f7d0231/click): {
  "id": "4ec1c193-e5e9-45bd-9b50-6d3c6f7d0231"
}
Nov 22, 2021 2:25:10 AM net.sourceforge.marathon.javaagent.EventQueueDevice dispatchEvent
INFO: java.awt.event.MouseEvent[MOUSE_PRESSED,(58,12),absolute(589,17),button=1,modifiers=Button1,extModifiers=Button1,clickCount=1] on join button
Nov 22, 2021 2:25:10 AM net.sourceforge.marathon.javaagent.EventQueueDevice dispatchEvent
INFO: java.awt.event.MouseEvent[MOUSE_RELEASED,(58,12),absolute(589,17),button=1,modifiers=Button1,clickCount=1] on join button
Nov 22, 2021 2:25:10 AM net.sourceforge.marathon.javaagent.EventQueueDevice dispatchEvent
INFO: java.awt.event.MouseEvent[MOUSE_CLICKED,(58,12),absolute(589,17),button=1,modifiers=Button1,clickCount=1] on join button
Nov 22, 2021 2:25:10 AM net.sourceforge.marathon.javaagent.server.JavaServer serve
INFO: POST(/session/b1680e7e-9f2e-41d4-bbc5-5ccfecf865e7/element/4ec1c193-e5e9-45bd-9b50-6d3c6f7d0231/click, {"id":"4ec1c193-e5e9-45bd-9b50-6d3c6f7d0231"}) = {data={"name":"clickElement","sessionId":"b1680e7e-9f2e-41d4-bbc5-5ccfecf865e7","status":0}, status=OK}
Nov 22, 2021 2:25:10 AM net.sourceforge.marathon.javaagent.server.JavaServer serve
INFO: JavaServer.serve(DELETE /session/b1680e7e-9f2e-41d4-bbc5-5ccfecf865e7/window): {}
Nov 22, 2021 2:25:10 AM net.sourceforge.marathon.javaagent.server.JavaServer serve
INFO: DELETE(/session/b1680e7e-9f2e-41d4-bbc5-5ccfecf865e7/window) = {data={"name":"closeSession","sessionId":"b1680e7e-9f2e-41d4-bbc5-5ccfecf865e7","status":0}, status=OK}
Nov 22, 2021 2:25:10 AM net.sourceforge.marathon.javaagent.server.JavaServer serve
INFO: JavaServer.serve(POST /session): {
  "desiredCapabilities": {
    "browserName": "java",
    "platform": "ANY"
  },
  "capabilities": {
    "firstMatch": [
      {
        "browserName": "java"
      }
    ]
  }
}
Nov 22, 2021 2:25:10 AM net.sourceforge.marathon.javaagent.server.JavaServer createSession
INFO: Creating device with type: EVENT_QUEUE
Nov 22, 2021 2:25:10 AM net.sourceforge.marathon.javaagent.Device getDevice
INFO: Creating a EVENT_QUEUE device
Nov 22, 2021 2:25:10 AM net.sourceforge.marathon.javaagent.server.JavaServer serve
INFO: POST(/session, {"desiredCapabilities":{"browserName":"java","platform":"ANY"},"capabilities":{"firstMatch":[{"browserName":"java"}]}}) = {data=, status=REDIRECT}
Nov 22, 2021 2:25:10 AM net.sourceforge.marathon.javaagent.server.JavaServer serve
INFO: JavaServer.serve(GET /session/e4f41efa-189a-4452-a4bf-6f05023ac554): {}
Nov 22, 2021 2:25:10 AM net.sourceforge.marathon.javaagent.server.JavaServer serve
INFO: GET(/session/e4f41efa-189a-4452-a4bf-6f05023ac554) = {data={"name":"getCapabilities","sessionId":"e4f41efa-189a-4452-a4bf-6f05023ac554","value":{"applicationCacheEnabled":false,"rotatable":false,"loggingPrefs":{"driver":"ALL"},"handlesAlerts":false,"databaseEnabled":false,"version":"1.0","platform":"ANY","browserConnectionEnabled":false,"nativeEvents":false,"acceptSslCerts":false,"locationContextEnabled":false,"webStorageEnabled":false,"browserName":"java","takesScreenshot":true,"javascriptEnabled":true,"cssSelectorsEnabled":false},"status":0}, status=OK}
Nov 22, 2021 2:25:10 AM org.openqa.selenium.remote.ProtocolHandshake createSession
INFO: Detected dialect: OSS
Nov 22, 2021 2:25:10 AM net.sourceforge.marathon.javaagent.server.JavaServer serve
INFO: JavaServer.serve(POST /session/e4f41efa-189a-4452-a4bf-6f05023ac554/element): {
  "using": "name",
  "value": "sniper reset button"
}
Nov 22, 2021 2:25:10 AM net.sourceforge.marathon.javaagent.server.JavaServer serve
INFO: POST(/session/e4f41efa-189a-4452-a4bf-6f05023ac554/element, {"using":"name","value":"sniper reset button"}) = {data={"name":"findElement","sessionId":"e4f41efa-189a-4452-a4bf-6f05023ac554","value":{"ELEMENT":"4028589c-2418-4f75-a01f-be6f82258576"},"status":0}, status=OK}
Nov 22, 2021 2:25:10 AM net.sourceforge.marathon.javaagent.server.JavaServer serve
INFO: JavaServer.serve(POST /session/e4f41efa-189a-4452-a4bf-6f05023ac554/element/4028589c-2418-4f75-a01f-be6f82258576/click): {
  "id": "4028589c-2418-4f75-a01f-be6f82258576"
}
Nov 22, 2021 2:25:10 AM net.sourceforge.marathon.javaagent.EventQueueDevice dispatchEvent
INFO: java.awt.event.MouseEvent[MOUSE_PRESSED,(37,12),absolute(326,474),button=1,modifiers=Button1,extModifiers=Button1,clickCount=1] on sniper reset button
Nov 22, 2021 2:25:10 AM net.sourceforge.marathon.javaagent.EventQueueDevice dispatchEvent
INFO: java.awt.event.MouseEvent[MOUSE_RELEASED,(37,12),absolute(326,474),button=1,modifiers=Button1,clickCount=1] on sniper reset button
Nov 22, 2021 2:25:10 AM net.sourceforge.marathon.javaagent.EventQueueDevice dispatchEvent
INFO: java.awt.event.MouseEvent[MOUSE_CLICKED,(37,12),absolute(326,474),button=1,modifiers=Button1,clickCount=1] on sniper reset button
Nov 22, 2021 2:25:10 AM net.sourceforge.marathon.javaagent.server.JavaServer serve
INFO: POST(/session/e4f41efa-189a-4452-a4bf-6f05023ac554/element/4028589c-2418-4f75-a01f-be6f82258576/click, {"id":"4028589c-2418-4f75-a01f-be6f82258576"}) = {data={"name":"clickElement","sessionId":"e4f41efa-189a-4452-a4bf-6f05023ac554","status":0}, status=OK}
Nov 22, 2021 2:25:10 AM net.sourceforge.marathon.javaagent.server.JavaServer serve
INFO: JavaServer.serve(DELETE /session/e4f41efa-189a-4452-a4bf-6f05023ac554/window): {}
Nov 22, 2021 2:25:10 AM net.sourceforge.marathon.javaagent.server.JavaServer serve
INFO: DELETE(/session/e4f41efa-189a-4452-a4bf-6f05023ac554/window) = {data={"name":"closeSession","sessionId":"e4f41efa-189a-4452-a4bf-6f05023ac554","status":0}, status=OK}
]]></system-err>
</testsuite>
