<?xml version="1.0" encoding="UTF-8"?>
<testsuite name="goos.ui.swing.MainWindowTest" tests="3" skipped="0" failures="0" errors="0" timestamp="2021-12-06T02:29:02" hostname="buildkitsandbox" time="3.788">
  <properties/>
  <testcase name="window has expected features" classname="goos.ui.swing.MainWindowTest" time="2.899"/>
  <testcase name="make user request when join button clicked" classname="goos.ui.swing.MainWindowTest" time="0.715"/>
  <testcase name="make user request when reset button clicked" classname="goos.ui.swing.MainWindowTest" time="0.169"/>
  <system-out><![CDATA[]]></system-out>
  <system-err><![CDATA[Dec 06, 2021 2:29:02 AM io.mockk.impl.log.JULLogger warn
WARNING: Failed to transform class goos/ui/api/UserRequestListener
java.lang.IllegalArgumentException: Unsupported class file major version 59
	at net.bytebuddy.jar.asm.ClassReader.<init>(ClassReader.java:176)
	at net.bytebuddy.jar.asm.ClassReader.<init>(ClassReader.java:158)
	at net.bytebuddy.jar.asm.ClassReader.<init>(ClassReader.java:146)
	at net.bytebuddy.utility.OpenedClassReader.of(OpenedClassReader.java:69)
	at net.bytebuddy.dynamic.scaffold.TypeWriter$Default$ForInlining.create(TypeWriter.java:2877)
	at net.bytebuddy.dynamic.scaffold.TypeWriter$Default.make(TypeWriter.java:1653)
	at net.bytebuddy.dynamic.scaffold.inline.RedefinitionDynamicTypeBuilder.make(RedefinitionDynamicTypeBuilder.java:180)
	at net.bytebuddy.dynamic.scaffold.inline.AbstractInliningDynamicTypeBuilder.make(AbstractInliningDynamicTypeBuilder.java:94)
	at net.bytebuddy.dynamic.DynamicType$Builder$AbstractBase.make(DynamicType.java:2669)
	at io.mockk.proxy.jvm.transformation.InliningClassTransformer.transform(InliningClassTransformer.kt:78)
	at java.instrument/java.lang.instrument.ClassFileTransformer.transform(ClassFileTransformer.java:246)
	at java.instrument/sun.instrument.TransformerManager.transform(TransformerManager.java:188)
	at java.instrument/sun.instrument.InstrumentationImpl.transform(InstrumentationImpl.java:563)
	at java.instrument/sun.instrument.InstrumentationImpl.retransformClasses0(Native Method)
	at java.instrument/sun.instrument.InstrumentationImpl.retransformClasses(InstrumentationImpl.java:167)
	at io.mockk.proxy.jvm.transformation.JvmInlineInstrumentation.retransform(JvmInlineInstrumentation.kt:28)
	at io.mockk.proxy.common.transformation.RetransformInlineInstrumnetation$execute$1.invoke(RetransformInlineInstrumnetation.kt:19)
	at io.mockk.proxy.common.transformation.RetransformInlineInstrumnetation$execute$1.invoke(RetransformInlineInstrumnetation.kt:6)
	at io.mockk.proxy.common.transformation.ClassTransformationSpecMap.applyTransformation(ClassTransformationSpecMap.kt:41)
	at io.mockk.proxy.common.transformation.RetransformInlineInstrumnetation.execute(RetransformInlineInstrumnetation.kt:16)
	at io.mockk.proxy.jvm.ProxyMaker.inline(ProxyMaker.kt:88)
	at io.mockk.proxy.jvm.ProxyMaker.proxy(ProxyMaker.kt:30)
	at io.mockk.impl.instantiation.JvmMockFactory.newProxy(JvmMockFactory.kt:34)
	at io.mockk.impl.instantiation.AbstractMockFactory.newProxy$default(AbstractMockFactory.kt:29)
	at io.mockk.impl.instantiation.AbstractMockFactory.mockk(AbstractMockFactory.kt:59)
	at goos.ui.swing.MainWindowTest$1$1.invokeSuspend(MainWindowTest.kt:90)
	at goos.ui.swing.MainWindowTest$1$1.invoke(MainWindowTest.kt)
	at goos.ui.swing.MainWindowTest$1$1.invoke(MainWindowTest.kt)
	at io.kotest.core.TestConfiguration$beforeTest$1.beforeTest(TestConfiguration.kt:137)
	at io.kotest.core.spec.LifecycleKt.invokeAllBeforeTestCallbacks(lifecycle.kt:76)
	at io.kotest.core.internal.TestCaseExecutor.executeActiveTest(TestCaseExecutor.kt:152)
	at io.kotest.core.internal.TestCaseExecutor.access$executeActiveTest(TestCaseExecutor.kt:57)
	at io.kotest.core.internal.TestCaseExecutor$intercept$innerExecute$1$1.invokeSuspend(TestCaseExecutor.kt:89)
	at io.kotest.core.internal.TestCaseExecutor$intercept$innerExecute$1$1.invoke(TestCaseExecutor.kt)
	at io.kotest.core.internal.TestCaseExecutor$intercept$innerExecute$1$1.invoke(TestCaseExecutor.kt)
	at io.kotest.core.internal.TestCaseExecutor.executeIfEnabled(TestCaseExecutor.kt:117)
	at io.kotest.core.internal.TestCaseExecutor.access$executeIfEnabled(TestCaseExecutor.kt:57)
	at io.kotest.core.internal.TestCaseExecutor$intercept$innerExecute$1.invokeSuspend(TestCaseExecutor.kt:89)
	at io.kotest.core.internal.TestCaseExecutor$intercept$innerExecute$1.invoke(TestCaseExecutor.kt)
	at io.kotest.core.internal.TestCaseExecutor$intercept$innerExecute$1.invoke(TestCaseExecutor.kt)
	at io.kotest.core.internal.TestCaseExecutor.intercept(TestCaseExecutor.kt:103)
	at io.kotest.core.internal.TestCaseExecutor.execute(TestCaseExecutor.kt:69)
	at io.kotest.engine.spec.runners.SingleInstanceSpecRunner.runTest(SingleInstanceSpecRunner.kt:104)
	at io.kotest.engine.spec.runners.SingleInstanceSpecRunner.access$runTest(SingleInstanceSpecRunner.kt:34)
	at io.kotest.engine.spec.runners.SingleInstanceSpecRunner$execute$interceptAndRun$2$4.invokeSuspend(SingleInstanceSpecRunner.kt:57)
	at io.kotest.engine.spec.runners.SingleInstanceSpecRunner$execute$interceptAndRun$2$4.invoke(SingleInstanceSpecRunner.kt)
	at io.kotest.engine.spec.runners.SingleInstanceSpecRunner$execute$interceptAndRun$2$4.invoke(SingleInstanceSpecRunner.kt)
	at io.kotest.engine.launchers.SequentialTestLauncher$launch$3$1$1.invokeSuspend(SequentialTestLauncher.kt:22)
	at kotlin.coroutines.jvm.internal.BaseContinuationImpl.resumeWith(ContinuationImpl.kt:33)
	at kotlinx.coroutines.DispatchedTask.run(DispatchedTask.kt:106)
	at java.base/java.util.concurrent.ThreadPoolExecutor.runWorker(ThreadPoolExecutor.java:1130)
	at java.base/java.util.concurrent.ThreadPoolExecutor$Worker.run(ThreadPoolExecutor.java:630)
	at java.base/java.lang.Thread.run(Thread.java:832)

Dec 06, 2021 2:29:04 AM net.sourceforge.marathon.javaagent.server.JavaServer serve
INFO: JavaServer.serve(POST /session): {
  "desiredCapabilities": {
    "browserName": "java",
    "platform": "ANY"
  },
  "capabilities": {
    "firstMatch": [
      {
        "browserName": "java"
      }
    ]
  }
}
Dec 06, 2021 2:29:04 AM net.sourceforge.marathon.javaagent.server.JavaServer createSession
INFO: Creating device with type: EVENT_QUEUE
Dec 06, 2021 2:29:04 AM net.sourceforge.marathon.javaagent.Device getDevice
INFO: Creating a EVENT_QUEUE device
Dec 06, 2021 2:29:04 AM net.sourceforge.marathon.javaagent.server.JavaServer serve
INFO: POST(/session, {"desiredCapabilities":{"browserName":"java","platform":"ANY"},"capabilities":{"firstMatch":[{"browserName":"java"}]}}) = {data=, status=REDIRECT}
Dec 06, 2021 2:29:04 AM net.sourceforge.marathon.javaagent.server.JavaServer serve
INFO: JavaServer.serve(GET /session/e293f41e-447e-4da7-86a5-5cadf5fd127c): {}
Dec 06, 2021 2:29:04 AM net.sourceforge.marathon.javaagent.server.JavaServer serve
INFO: GET(/session/e293f41e-447e-4da7-86a5-5cadf5fd127c) = {data={"name":"getCapabilities","sessionId":"e293f41e-447e-4da7-86a5-5cadf5fd127c","value":{"applicationCacheEnabled":false,"rotatable":false,"loggingPrefs":{"driver":"ALL"},"handlesAlerts":false,"databaseEnabled":false,"version":"1.0","platform":"ANY","browserConnectionEnabled":false,"nativeEvents":false,"acceptSslCerts":false,"locationContextEnabled":false,"webStorageEnabled":false,"browserName":"java","takesScreenshot":true,"javascriptEnabled":true,"cssSelectorsEnabled":false},"status":0}, status=OK}
Dec 06, 2021 2:29:04 AM org.openqa.selenium.remote.ProtocolHandshake createSession
INFO: Detected dialect: OSS
Dec 06, 2021 2:29:04 AM net.sourceforge.marathon.javaagent.server.JavaServer serve
INFO: JavaServer.serve(POST /session/e293f41e-447e-4da7-86a5-5cadf5fd127c/element): {
  "using": "css selector",
  "value": "."
}
Dec 06, 2021 2:29:04 AM net.sourceforge.marathon.javaagent.server.JavaServer serve
INFO: POST(/session/e293f41e-447e-4da7-86a5-5cadf5fd127c/element, {"using":"css selector","value":"."}) = {data={"name":"findElement","sessionId":"e293f41e-447e-4da7-86a5-5cadf5fd127c","value":{"ELEMENT":"a308dccd-4381-47ca-875e-de0ed3e6de1f"},"status":0}, status=OK}
Dec 06, 2021 2:29:04 AM net.sourceforge.marathon.javaagent.server.JavaServer serve
INFO: JavaServer.serve(GET /session/e293f41e-447e-4da7-86a5-5cadf5fd127c/element/a308dccd-4381-47ca-875e-de0ed3e6de1f/attribute/name): {}
Dec 06, 2021 2:29:04 AM net.sourceforge.marathon.javaagent.server.JavaServer serve
INFO: GET(/session/e293f41e-447e-4da7-86a5-5cadf5fd127c/element/a308dccd-4381-47ca-875e-de0ed3e6de1f/attribute/name) = {data={"name":"getElementAttribute","sessionId":"e293f41e-447e-4da7-86a5-5cadf5fd127c","value":"Auction Sniper Name","status":0}, status=OK}
Dec 06, 2021 2:29:04 AM net.sourceforge.marathon.javaagent.server.JavaServer serve
INFO: JavaServer.serve(POST /session/e293f41e-447e-4da7-86a5-5cadf5fd127c/element): {
  "using": "css selector",
  "value": "."
}
Dec 06, 2021 2:29:04 AM net.sourceforge.marathon.javaagent.server.JavaServer serve
INFO: POST(/session/e293f41e-447e-4da7-86a5-5cadf5fd127c/element, {"using":"css selector","value":"."}) = {data={"name":"findElement","sessionId":"e293f41e-447e-4da7-86a5-5cadf5fd127c","value":{"ELEMENT":"a308dccd-4381-47ca-875e-de0ed3e6de1f"},"status":0}, status=OK}
Dec 06, 2021 2:29:04 AM net.sourceforge.marathon.javaagent.server.JavaServer serve
INFO: JavaServer.serve(GET /session/e293f41e-447e-4da7-86a5-5cadf5fd127c/element/a308dccd-4381-47ca-875e-de0ed3e6de1f/displayed): {}
Dec 06, 2021 2:29:04 AM net.sourceforge.marathon.javaagent.server.JavaServer serve
INFO: GET(/session/e293f41e-447e-4da7-86a5-5cadf5fd127c/element/a308dccd-4381-47ca-875e-de0ed3e6de1f/displayed) = {data={"name":"isDisplayed","sessionId":"e293f41e-447e-4da7-86a5-5cadf5fd127c","value":true,"status":0}, status=OK}
Dec 06, 2021 2:29:04 AM net.sourceforge.marathon.javaagent.server.JavaServer serve
INFO: JavaServer.serve(GET /session/e293f41e-447e-4da7-86a5-5cadf5fd127c/title): {}
Dec 06, 2021 2:29:04 AM net.sourceforge.marathon.javaagent.server.JavaServer serve
INFO: GET(/session/e293f41e-447e-4da7-86a5-5cadf5fd127c/title) = {data={"name":"getWindowTitle","sessionId":"e293f41e-447e-4da7-86a5-5cadf5fd127c","value":"Auction Sniper","status":0}, status=OK}
Dec 06, 2021 2:29:04 AM net.sourceforge.marathon.javaagent.server.JavaServer serve
INFO: JavaServer.serve(POST /session/e293f41e-447e-4da7-86a5-5cadf5fd127c/element): {
  "using": "name",
  "value": "snipers table"
}
Dec 06, 2021 2:29:04 AM net.sourceforge.marathon.javaagent.server.JavaServer serve
INFO: POST(/session/e293f41e-447e-4da7-86a5-5cadf5fd127c/element, {"using":"name","value":"snipers table"}) = {data={"name":"findElement","sessionId":"e293f41e-447e-4da7-86a5-5cadf5fd127c","value":{"ELEMENT":"f04b15db-ab6e-4f81-ad02-2a9f55bb1625"},"status":0}, status=OK}
Dec 06, 2021 2:29:04 AM net.sourceforge.marathon.javaagent.server.JavaServer serve
INFO: JavaServer.serve(POST /session/e293f41e-447e-4da7-86a5-5cadf5fd127c/element/f04b15db-ab6e-4f81-ad02-2a9f55bb1625/elements): {
  "id": "f04b15db-ab6e-4f81-ad02-2a9f55bb1625",
  "using": "css selector",
  "value": ".::header.::all-items"
}
Dec 06, 2021 2:29:05 AM net.sourceforge.marathon.javaagent.server.JavaServer serve
INFO: POST(/session/e293f41e-447e-4da7-86a5-5cadf5fd127c/element/f04b15db-ab6e-4f81-ad02-2a9f55bb1625/elements, {"using":"css selector","id":"f04b15db-ab6e-4f81-ad02-2a9f55bb1625","value":".::header.::all-items"}) = {data={"name":"findElementsOfElement","sessionId":"e293f41e-447e-4da7-86a5-5cadf5fd127c","value":[{"ELEMENT":"97e53de4-00b1-43d5-bfc2-bfecb7f2212f%23%7B%22selector%22%3A%22nth-item%22%2C%22parameters%22%3A%5B1%5D%7D"},{"ELEMENT":"97e53de4-00b1-43d5-bfc2-bfecb7f2212f%23%7B%22selector%22%3A%22nth-item%22%2C%22parameters%22%3A%5B2%5D%7D"},{"ELEMENT":"97e53de4-00b1-43d5-bfc2-bfecb7f2212f%23%7B%22selector%22%3A%22nth-item%22%2C%22parameters%22%3A%5B3%5D%7D"},{"ELEMENT":"97e53de4-00b1-43d5-bfc2-bfecb7f2212f%23%7B%22selector%22%3A%22nth-item%22%2C%22parameters%22%3A%5B4%5D%7D"}],"status":0}, status=OK}
Dec 06, 2021 2:29:05 AM net.sourceforge.marathon.javaagent.server.JavaServer serve
INFO: JavaServer.serve(GET /session/e293f41e-447e-4da7-86a5-5cadf5fd127c/element/97e53de4-00b1-43d5-bfc2-bfecb7f2212f%23%7B%22selector%22%3A%22nth-item%22%2C%22parameters%22%3A%5B1%5D%7D/text): {}
Dec 06, 2021 2:29:05 AM net.sourceforge.marathon.javaagent.server.JavaServer serve
INFO: GET(/session/e293f41e-447e-4da7-86a5-5cadf5fd127c/element/97e53de4-00b1-43d5-bfc2-bfecb7f2212f%23%7B%22selector%22%3A%22nth-item%22%2C%22parameters%22%3A%5B1%5D%7D/text) = {data={"name":"getElementText","sessionId":"e293f41e-447e-4da7-86a5-5cadf5fd127c","value":"Item","status":0}, status=OK}
Dec 06, 2021 2:29:05 AM net.sourceforge.marathon.javaagent.server.JavaServer serve
INFO: JavaServer.serve(GET /session/e293f41e-447e-4da7-86a5-5cadf5fd127c/element/97e53de4-00b1-43d5-bfc2-bfecb7f2212f%23%7B%22selector%22%3A%22nth-item%22%2C%22parameters%22%3A%5B2%5D%7D/text): {}
Dec 06, 2021 2:29:05 AM net.sourceforge.marathon.javaagent.server.JavaServer serve
INFO: GET(/session/e293f41e-447e-4da7-86a5-5cadf5fd127c/element/97e53de4-00b1-43d5-bfc2-bfecb7f2212f%23%7B%22selector%22%3A%22nth-item%22%2C%22parameters%22%3A%5B2%5D%7D/text) = {data={"name":"getElementText","sessionId":"e293f41e-447e-4da7-86a5-5cadf5fd127c","value":"Last Price","status":0}, status=OK}
Dec 06, 2021 2:29:05 AM net.sourceforge.marathon.javaagent.server.JavaServer serve
INFO: JavaServer.serve(GET /session/e293f41e-447e-4da7-86a5-5cadf5fd127c/element/97e53de4-00b1-43d5-bfc2-bfecb7f2212f%23%7B%22selector%22%3A%22nth-item%22%2C%22parameters%22%3A%5B3%5D%7D/text): {}
Dec 06, 2021 2:29:05 AM net.sourceforge.marathon.javaagent.server.JavaServer serve
INFO: GET(/session/e293f41e-447e-4da7-86a5-5cadf5fd127c/element/97e53de4-00b1-43d5-bfc2-bfecb7f2212f%23%7B%22selector%22%3A%22nth-item%22%2C%22parameters%22%3A%5B3%5D%7D/text) = {data={"name":"getElementText","sessionId":"e293f41e-447e-4da7-86a5-5cadf5fd127c","value":"Last Bid","status":0}, status=OK}
Dec 06, 2021 2:29:05 AM net.sourceforge.marathon.javaagent.server.JavaServer serve
INFO: JavaServer.serve(GET /session/e293f41e-447e-4da7-86a5-5cadf5fd127c/element/97e53de4-00b1-43d5-bfc2-bfecb7f2212f%23%7B%22selector%22%3A%22nth-item%22%2C%22parameters%22%3A%5B4%5D%7D/text): {}
Dec 06, 2021 2:29:05 AM net.sourceforge.marathon.javaagent.server.JavaServer serve
INFO: GET(/session/e293f41e-447e-4da7-86a5-5cadf5fd127c/element/97e53de4-00b1-43d5-bfc2-bfecb7f2212f%23%7B%22selector%22%3A%22nth-item%22%2C%22parameters%22%3A%5B4%5D%7D/text) = {data={"name":"getElementText","sessionId":"e293f41e-447e-4da7-86a5-5cadf5fd127c","value":"State","status":0}, status=OK}
Dec 06, 2021 2:29:05 AM net.sourceforge.marathon.javaagent.server.JavaServer serve
INFO: JavaServer.serve(DELETE /session/e293f41e-447e-4da7-86a5-5cadf5fd127c/window): {}
Dec 06, 2021 2:29:05 AM net.sourceforge.marathon.javaagent.server.JavaServer serve
INFO: DELETE(/session/e293f41e-447e-4da7-86a5-5cadf5fd127c/window) = {data={"name":"closeSession","sessionId":"e293f41e-447e-4da7-86a5-5cadf5fd127c","status":0}, status=OK}
Dec 06, 2021 2:29:05 AM net.sourceforge.marathon.javaagent.server.JavaServer serve
INFO: JavaServer.serve(POST /session): {
  "desiredCapabilities": {
    "browserName": "java",
    "platform": "ANY"
  },
  "capabilities": {
    "firstMatch": [
      {
        "browserName": "java"
      }
    ]
  }
}
Dec 06, 2021 2:29:05 AM net.sourceforge.marathon.javaagent.server.JavaServer createSession
INFO: Creating device with type: EVENT_QUEUE
Dec 06, 2021 2:29:05 AM net.sourceforge.marathon.javaagent.Device getDevice
INFO: Creating a EVENT_QUEUE device
Dec 06, 2021 2:29:05 AM net.sourceforge.marathon.javaagent.server.JavaServer serve
INFO: POST(/session, {"desiredCapabilities":{"browserName":"java","platform":"ANY"},"capabilities":{"firstMatch":[{"browserName":"java"}]}}) = {data=, status=REDIRECT}
Dec 06, 2021 2:29:05 AM net.sourceforge.marathon.javaagent.server.JavaServer serve
INFO: JavaServer.serve(GET /session/0322d092-218b-401e-a67b-1e2c7fdb2497): {}
Dec 06, 2021 2:29:05 AM net.sourceforge.marathon.javaagent.server.JavaServer serve
INFO: GET(/session/0322d092-218b-401e-a67b-1e2c7fdb2497) = {data={"name":"getCapabilities","sessionId":"0322d092-218b-401e-a67b-1e2c7fdb2497","value":{"applicationCacheEnabled":false,"rotatable":false,"loggingPrefs":{"driver":"ALL"},"handlesAlerts":false,"databaseEnabled":false,"version":"1.0","platform":"ANY","browserConnectionEnabled":false,"nativeEvents":false,"acceptSslCerts":false,"locationContextEnabled":false,"webStorageEnabled":false,"browserName":"java","takesScreenshot":true,"javascriptEnabled":true,"cssSelectorsEnabled":false},"status":0}, status=OK}
Dec 06, 2021 2:29:05 AM org.openqa.selenium.remote.ProtocolHandshake createSession
INFO: Detected dialect: OSS
Dec 06, 2021 2:29:05 AM net.sourceforge.marathon.javaagent.server.JavaServer serve
INFO: JavaServer.serve(POST /session/0322d092-218b-401e-a67b-1e2c7fdb2497/element): {
  "using": "name",
  "value": "new item id field"
}
Dec 06, 2021 2:29:05 AM net.sourceforge.marathon.javaagent.server.JavaServer serve
INFO: POST(/session/0322d092-218b-401e-a67b-1e2c7fdb2497/element, {"using":"name","value":"new item id field"}) = {data={"name":"findElement","sessionId":"0322d092-218b-401e-a67b-1e2c7fdb2497","value":{"ELEMENT":"89301e3c-4794-4504-abf3-d26e459246ae"},"status":0}, status=OK}
Dec 06, 2021 2:29:05 AM net.sourceforge.marathon.javaagent.server.JavaServer serve
INFO: JavaServer.serve(POST /session/0322d092-218b-401e-a67b-1e2c7fdb2497/element/89301e3c-4794-4504-abf3-d26e459246ae/clear): {
  "id": "89301e3c-4794-4504-abf3-d26e459246ae"
}
Dec 06, 2021 2:29:05 AM net.sourceforge.marathon.javaagent.server.JavaServer serve
INFO: POST(/session/0322d092-218b-401e-a67b-1e2c7fdb2497/element/89301e3c-4794-4504-abf3-d26e459246ae/clear, {"id":"89301e3c-4794-4504-abf3-d26e459246ae"}) = {data={"name":"clearElement","sessionId":"0322d092-218b-401e-a67b-1e2c7fdb2497","status":0}, status=OK}
Dec 06, 2021 2:29:05 AM net.sourceforge.marathon.javaagent.server.JavaServer serve
INFO: JavaServer.serve(POST /session/0322d092-218b-401e-a67b-1e2c7fdb2497/element/89301e3c-4794-4504-abf3-d26e459246ae/value): {
  "id": "89301e3c-4794-4504-abf3-d26e459246ae",
  "value": [
    "an item-id"
  ]
}
Dec 06, 2021 2:29:05 AM net.sourceforge.marathon.javaagent.EventQueueDevice dispatchEvent
INFO: java.awt.event.KeyEvent[KEY_PRESSED,keyCode=65,keyText=A,keyChar='a',keyLocation=KEY_LOCATION_UNKNOWN,rawCode=0,primaryLevelUnicode=0,scancode=0,extendedKeyCode=0x0] on new item id field
Dec 06, 2021 2:29:05 AM net.sourceforge.marathon.javaagent.EventQueueDevice dispatchEvent
INFO: java.awt.event.KeyEvent[KEY_TYPED,keyCode=0,keyText=Unknown keyCode: 0x0,keyChar='a',keyLocation=KEY_LOCATION_UNKNOWN,rawCode=0,primaryLevelUnicode=0,scancode=0,extendedKeyCode=0x0] on new item id field
Dec 06, 2021 2:29:05 AM net.sourceforge.marathon.javaagent.EventQueueDevice dispatchEvent
INFO: java.awt.event.KeyEvent[KEY_RELEASED,keyCode=65,keyText=A,keyChar='a',keyLocation=KEY_LOCATION_UNKNOWN,rawCode=0,primaryLevelUnicode=0,scancode=0,extendedKeyCode=0x0] on new item id field
Dec 06, 2021 2:29:05 AM net.sourceforge.marathon.javaagent.EventQueueDevice dispatchEvent
INFO: java.awt.event.KeyEvent[KEY_PRESSED,keyCode=78,keyText=N,keyChar='n',keyLocation=KEY_LOCATION_UNKNOWN,rawCode=0,primaryLevelUnicode=0,scancode=0,extendedKeyCode=0x0] on new item id field
Dec 06, 2021 2:29:05 AM net.sourceforge.marathon.javaagent.EventQueueDevice dispatchEvent
INFO: java.awt.event.KeyEvent[KEY_TYPED,keyCode=0,keyText=Unknown keyCode: 0x0,keyChar='n',keyLocation=KEY_LOCATION_UNKNOWN,rawCode=0,primaryLevelUnicode=0,scancode=0,extendedKeyCode=0x0] on new item id field
Dec 06, 2021 2:29:05 AM net.sourceforge.marathon.javaagent.EventQueueDevice dispatchEvent
INFO: java.awt.event.KeyEvent[KEY_RELEASED,keyCode=78,keyText=N,keyChar='n',keyLocation=KEY_LOCATION_UNKNOWN,rawCode=0,primaryLevelUnicode=0,scancode=0,extendedKeyCode=0x0] on new item id field
Dec 06, 2021 2:29:05 AM net.sourceforge.marathon.javaagent.EventQueueDevice dispatchEvent
INFO: java.awt.event.KeyEvent[KEY_PRESSED,keyCode=16,keyText=Shift,keyChar=Undefined keyChar,modifiers=Shift,extModifiers=Shift,keyLocation=KEY_LOCATION_UNKNOWN,rawCode=0,primaryLevelUnicode=0,scancode=0,extendedKeyCode=0x0] on new item id field
Dec 06, 2021 2:29:05 AM net.sourceforge.marathon.javaagent.EventQueueDevice dispatchEvent
INFO: java.awt.event.KeyEvent[KEY_PRESSED,keyCode=32,keyText=Space,keyChar=' ',modifiers=Shift,extModifiers=Shift,keyLocation=KEY_LOCATION_UNKNOWN,rawCode=0,primaryLevelUnicode=0,scancode=0,extendedKeyCode=0x0] on new item id field
Dec 06, 2021 2:29:05 AM net.sourceforge.marathon.javaagent.EventQueueDevice dispatchEvent
INFO: java.awt.event.KeyEvent[KEY_TYPED,keyCode=0,keyText=Unknown keyCode: 0x0,keyChar=' ',modifiers=Shift,extModifiers=Shift,keyLocation=KEY_LOCATION_UNKNOWN,rawCode=0,primaryLevelUnicode=0,scancode=0,extendedKeyCode=0x0] on new item id field
Dec 06, 2021 2:29:05 AM net.sourceforge.marathon.javaagent.EventQueueDevice dispatchEvent
INFO: java.awt.event.KeyEvent[KEY_RELEASED,keyCode=32,keyText=Space,keyChar=' ',modifiers=Shift,extModifiers=Shift,keyLocation=KEY_LOCATION_UNKNOWN,rawCode=0,primaryLevelUnicode=0,scancode=0,extendedKeyCode=0x0] on new item id field
Dec 06, 2021 2:29:05 AM net.sourceforge.marathon.javaagent.EventQueueDevice dispatchEvent
INFO: java.awt.event.KeyEvent[KEY_RELEASED,keyCode=16,keyText=Shift,keyChar=Undefined keyChar,keyLocation=KEY_LOCATION_UNKNOWN,rawCode=0,primaryLevelUnicode=0,scancode=0,extendedKeyCode=0x0] on new item id field
Dec 06, 2021 2:29:05 AM net.sourceforge.marathon.javaagent.EventQueueDevice dispatchEvent
INFO: java.awt.event.KeyEvent[KEY_PRESSED,keyCode=73,keyText=I,keyChar='i',keyLocation=KEY_LOCATION_UNKNOWN,rawCode=0,primaryLevelUnicode=0,scancode=0,extendedKeyCode=0x0] on new item id field
Dec 06, 2021 2:29:05 AM net.sourceforge.marathon.javaagent.EventQueueDevice dispatchEvent
INFO: java.awt.event.KeyEvent[KEY_TYPED,keyCode=0,keyText=Unknown keyCode: 0x0,keyChar='i',keyLocation=KEY_LOCATION_UNKNOWN,rawCode=0,primaryLevelUnicode=0,scancode=0,extendedKeyCode=0x0] on new item id field
Dec 06, 2021 2:29:05 AM net.sourceforge.marathon.javaagent.EventQueueDevice dispatchEvent
INFO: java.awt.event.KeyEvent[KEY_RELEASED,keyCode=73,keyText=I,keyChar='i',keyLocation=KEY_LOCATION_UNKNOWN,rawCode=0,primaryLevelUnicode=0,scancode=0,extendedKeyCode=0x0] on new item id field
Dec 06, 2021 2:29:05 AM net.sourceforge.marathon.javaagent.EventQueueDevice dispatchEvent
INFO: java.awt.event.KeyEvent[KEY_PRESSED,keyCode=84,keyText=T,keyChar='t',keyLocation=KEY_LOCATION_UNKNOWN,rawCode=0,primaryLevelUnicode=0,scancode=0,extendedKeyCode=0x0] on new item id field
Dec 06, 2021 2:29:05 AM net.sourceforge.marathon.javaagent.EventQueueDevice dispatchEvent
INFO: java.awt.event.KeyEvent[KEY_TYPED,keyCode=0,keyText=Unknown keyCode: 0x0,keyChar='t',keyLocation=KEY_LOCATION_UNKNOWN,rawCode=0,primaryLevelUnicode=0,scancode=0,extendedKeyCode=0x0] on new item id field
Dec 06, 2021 2:29:05 AM net.sourceforge.marathon.javaagent.EventQueueDevice dispatchEvent
INFO: java.awt.event.KeyEvent[KEY_RELEASED,keyCode=84,keyText=T,keyChar='t',keyLocation=KEY_LOCATION_UNKNOWN,rawCode=0,primaryLevelUnicode=0,scancode=0,extendedKeyCode=0x0] on new item id field
Dec 06, 2021 2:29:05 AM net.sourceforge.marathon.javaagent.EventQueueDevice dispatchEvent
INFO: java.awt.event.KeyEvent[KEY_PRESSED,keyCode=69,keyText=E,keyChar='e',keyLocation=KEY_LOCATION_UNKNOWN,rawCode=0,primaryLevelUnicode=0,scancode=0,extendedKeyCode=0x0] on new item id field
Dec 06, 2021 2:29:05 AM net.sourceforge.marathon.javaagent.EventQueueDevice dispatchEvent
INFO: java.awt.event.KeyEvent[KEY_TYPED,keyCode=0,keyText=Unknown keyCode: 0x0,keyChar='e',keyLocation=KEY_LOCATION_UNKNOWN,rawCode=0,primaryLevelUnicode=0,scancode=0,extendedKeyCode=0x0] on new item id field
Dec 06, 2021 2:29:05 AM net.sourceforge.marathon.javaagent.EventQueueDevice dispatchEvent
INFO: java.awt.event.KeyEvent[KEY_RELEASED,keyCode=69,keyText=E,keyChar='e',keyLocation=KEY_LOCATION_UNKNOWN,rawCode=0,primaryLevelUnicode=0,scancode=0,extendedKeyCode=0x0] on new item id field
Dec 06, 2021 2:29:05 AM net.sourceforge.marathon.javaagent.EventQueueDevice dispatchEvent
INFO: java.awt.event.KeyEvent[KEY_PRESSED,keyCode=77,keyText=M,keyChar='m',keyLocation=KEY_LOCATION_UNKNOWN,rawCode=0,primaryLevelUnicode=0,scancode=0,extendedKeyCode=0x0] on new item id field
Dec 06, 2021 2:29:05 AM net.sourceforge.marathon.javaagent.EventQueueDevice dispatchEvent
INFO: java.awt.event.KeyEvent[KEY_TYPED,keyCode=0,keyText=Unknown keyCode: 0x0,keyChar='m',keyLocation=KEY_LOCATION_UNKNOWN,rawCode=0,primaryLevelUnicode=0,scancode=0,extendedKeyCode=0x0] on new item id field
Dec 06, 2021 2:29:05 AM net.sourceforge.marathon.javaagent.EventQueueDevice dispatchEvent
INFO: java.awt.event.KeyEvent[KEY_RELEASED,keyCode=77,keyText=M,keyChar='m',keyLocation=KEY_LOCATION_UNKNOWN,rawCode=0,primaryLevelUnicode=0,scancode=0,extendedKeyCode=0x0] on new item id field
Dec 06, 2021 2:29:05 AM net.sourceforge.marathon.javaagent.EventQueueDevice dispatchEvent
INFO: java.awt.event.KeyEvent[KEY_PRESSED,keyCode=45,keyText=Minus,keyChar='-',keyLocation=KEY_LOCATION_UNKNOWN,rawCode=0,primaryLevelUnicode=0,scancode=0,extendedKeyCode=0x0] on new item id field
Dec 06, 2021 2:29:05 AM net.sourceforge.marathon.javaagent.EventQueueDevice dispatchEvent
INFO: java.awt.event.KeyEvent[KEY_TYPED,keyCode=0,keyText=Unknown keyCode: 0x0,keyChar='-',keyLocation=KEY_LOCATION_UNKNOWN,rawCode=0,primaryLevelUnicode=0,scancode=0,extendedKeyCode=0x0] on new item id field
Dec 06, 2021 2:29:05 AM net.sourceforge.marathon.javaagent.EventQueueDevice dispatchEvent
INFO: java.awt.event.KeyEvent[KEY_RELEASED,keyCode=45,keyText=Minus,keyChar='-',keyLocation=KEY_LOCATION_UNKNOWN,rawCode=0,primaryLevelUnicode=0,scancode=0,extendedKeyCode=0x0] on new item id field
Dec 06, 2021 2:29:05 AM net.sourceforge.marathon.javaagent.EventQueueDevice dispatchEvent
INFO: java.awt.event.KeyEvent[KEY_PRESSED,keyCode=73,keyText=I,keyChar='i',keyLocation=KEY_LOCATION_UNKNOWN,rawCode=0,primaryLevelUnicode=0,scancode=0,extendedKeyCode=0x0] on new item id field
Dec 06, 2021 2:29:05 AM net.sourceforge.marathon.javaagent.EventQueueDevice dispatchEvent
INFO: java.awt.event.KeyEvent[KEY_TYPED,keyCode=0,keyText=Unknown keyCode: 0x0,keyChar='i',keyLocation=KEY_LOCATION_UNKNOWN,rawCode=0,primaryLevelUnicode=0,scancode=0,extendedKeyCode=0x0] on new item id field
Dec 06, 2021 2:29:05 AM net.sourceforge.marathon.javaagent.EventQueueDevice dispatchEvent
INFO: java.awt.event.KeyEvent[KEY_RELEASED,keyCode=73,keyText=I,keyChar='i',keyLocation=KEY_LOCATION_UNKNOWN,rawCode=0,primaryLevelUnicode=0,scancode=0,extendedKeyCode=0x0] on new item id field
Dec 06, 2021 2:29:05 AM net.sourceforge.marathon.javaagent.EventQueueDevice dispatchEvent
INFO: java.awt.event.KeyEvent[KEY_PRESSED,keyCode=68,keyText=D,keyChar='d',keyLocation=KEY_LOCATION_UNKNOWN,rawCode=0,primaryLevelUnicode=0,scancode=0,extendedKeyCode=0x0] on new item id field
Dec 06, 2021 2:29:05 AM net.sourceforge.marathon.javaagent.EventQueueDevice dispatchEvent
INFO: java.awt.event.KeyEvent[KEY_TYPED,keyCode=0,keyText=Unknown keyCode: 0x0,keyChar='d',keyLocation=KEY_LOCATION_UNKNOWN,rawCode=0,primaryLevelUnicode=0,scancode=0,extendedKeyCode=0x0] on new item id field
Dec 06, 2021 2:29:05 AM net.sourceforge.marathon.javaagent.EventQueueDevice dispatchEvent
INFO: java.awt.event.KeyEvent[KEY_RELEASED,keyCode=68,keyText=D,keyChar='d',keyLocation=KEY_LOCATION_UNKNOWN,rawCode=0,primaryLevelUnicode=0,scancode=0,extendedKeyCode=0x0] on new item id field
Dec 06, 2021 2:29:05 AM net.sourceforge.marathon.javaagent.server.JavaServer serve
INFO: POST(/session/0322d092-218b-401e-a67b-1e2c7fdb2497/element/89301e3c-4794-4504-abf3-d26e459246ae/value, {"id":"89301e3c-4794-4504-abf3-d26e459246ae","value":["an item-id"]}) = {data={"name":"sendKeysElement","sessionId":"0322d092-218b-401e-a67b-1e2c7fdb2497","status":0}, status=OK}
Dec 06, 2021 2:29:05 AM net.sourceforge.marathon.javaagent.server.JavaServer serve
INFO: JavaServer.serve(POST /session/0322d092-218b-401e-a67b-1e2c7fdb2497/element): {
  "using": "name",
  "value": "new item stop price field"
}
Dec 06, 2021 2:29:05 AM net.sourceforge.marathon.javaagent.server.JavaServer serve
INFO: POST(/session/0322d092-218b-401e-a67b-1e2c7fdb2497/element, {"using":"name","value":"new item stop price field"}) = {data={"name":"findElement","sessionId":"0322d092-218b-401e-a67b-1e2c7fdb2497","value":{"ELEMENT":"b0b4513c-a110-468a-a094-ff25ccaad673"},"status":0}, status=OK}
Dec 06, 2021 2:29:05 AM net.sourceforge.marathon.javaagent.server.JavaServer serve
INFO: JavaServer.serve(POST /session/0322d092-218b-401e-a67b-1e2c7fdb2497/element/b0b4513c-a110-468a-a094-ff25ccaad673/clear): {
  "id": "b0b4513c-a110-468a-a094-ff25ccaad673"
}
Dec 06, 2021 2:29:05 AM net.sourceforge.marathon.javaagent.server.JavaServer serve
INFO: POST(/session/0322d092-218b-401e-a67b-1e2c7fdb2497/element/b0b4513c-a110-468a-a094-ff25ccaad673/clear, {"id":"b0b4513c-a110-468a-a094-ff25ccaad673"}) = {data={"name":"clearElement","sessionId":"0322d092-218b-401e-a67b-1e2c7fdb2497","status":0}, status=OK}
Dec 06, 2021 2:29:05 AM net.sourceforge.marathon.javaagent.server.JavaServer serve
INFO: JavaServer.serve(POST /session/0322d092-218b-401e-a67b-1e2c7fdb2497/element/b0b4513c-a110-468a-a094-ff25ccaad673/value): {
  "id": "b0b4513c-a110-468a-a094-ff25ccaad673",
  "value": [
    "11000"
  ]
}
Dec 06, 2021 2:29:05 AM net.sourceforge.marathon.javaagent.EventQueueDevice dispatchEvent
INFO: java.awt.event.KeyEvent[KEY_PRESSED,keyCode=49,keyText=1,keyChar='1',keyLocation=KEY_LOCATION_UNKNOWN,rawCode=0,primaryLevelUnicode=0,scancode=0,extendedKeyCode=0x0] on new item stop price field
Dec 06, 2021 2:29:05 AM net.sourceforge.marathon.javaagent.EventQueueDevice dispatchEvent
INFO: java.awt.event.KeyEvent[KEY_TYPED,keyCode=0,keyText=Unknown keyCode: 0x0,keyChar='1',keyLocation=KEY_LOCATION_UNKNOWN,rawCode=0,primaryLevelUnicode=0,scancode=0,extendedKeyCode=0x0] on new item stop price field
Dec 06, 2021 2:29:05 AM net.sourceforge.marathon.javaagent.EventQueueDevice dispatchEvent
INFO: java.awt.event.KeyEvent[KEY_RELEASED,keyCode=49,keyText=1,keyChar='1',keyLocation=KEY_LOCATION_UNKNOWN,rawCode=0,primaryLevelUnicode=0,scancode=0,extendedKeyCode=0x0] on new item stop price field
Dec 06, 2021 2:29:05 AM net.sourceforge.marathon.javaagent.EventQueueDevice dispatchEvent
INFO: java.awt.event.KeyEvent[KEY_PRESSED,keyCode=49,keyText=1,keyChar='1',keyLocation=KEY_LOCATION_UNKNOWN,rawCode=0,primaryLevelUnicode=0,scancode=0,extendedKeyCode=0x0] on new item stop price field
Dec 06, 2021 2:29:05 AM net.sourceforge.marathon.javaagent.EventQueueDevice dispatchEvent
INFO: java.awt.event.KeyEvent[KEY_TYPED,keyCode=0,keyText=Unknown keyCode: 0x0,keyChar='1',keyLocation=KEY_LOCATION_UNKNOWN,rawCode=0,primaryLevelUnicode=0,scancode=0,extendedKeyCode=0x0] on new item stop price field
Dec 06, 2021 2:29:05 AM net.sourceforge.marathon.javaagent.EventQueueDevice dispatchEvent
INFO: java.awt.event.KeyEvent[KEY_RELEASED,keyCode=49,keyText=1,keyChar='1',keyLocation=KEY_LOCATION_UNKNOWN,rawCode=0,primaryLevelUnicode=0,scancode=0,extendedKeyCode=0x0] on new item stop price field
Dec 06, 2021 2:29:05 AM net.sourceforge.marathon.javaagent.EventQueueDevice dispatchEvent
INFO: java.awt.event.KeyEvent[KEY_PRESSED,keyCode=48,keyText=0,keyChar='0',keyLocation=KEY_LOCATION_UNKNOWN,rawCode=0,primaryLevelUnicode=0,scancode=0,extendedKeyCode=0x0] on new item stop price field
Dec 06, 2021 2:29:05 AM net.sourceforge.marathon.javaagent.EventQueueDevice dispatchEvent
INFO: java.awt.event.KeyEvent[KEY_TYPED,keyCode=0,keyText=Unknown keyCode: 0x0,keyChar='0',keyLocation=KEY_LOCATION_UNKNOWN,rawCode=0,primaryLevelUnicode=0,scancode=0,extendedKeyCode=0x0] on new item stop price field
Dec 06, 2021 2:29:05 AM net.sourceforge.marathon.javaagent.EventQueueDevice dispatchEvent
INFO: java.awt.event.KeyEvent[KEY_RELEASED,keyCode=48,keyText=0,keyChar='0',keyLocation=KEY_LOCATION_UNKNOWN,rawCode=0,primaryLevelUnicode=0,scancode=0,extendedKeyCode=0x0] on new item stop price field
Dec 06, 2021 2:29:05 AM net.sourceforge.marathon.javaagent.EventQueueDevice dispatchEvent
INFO: java.awt.event.KeyEvent[KEY_PRESSED,keyCode=48,keyText=0,keyChar='0',keyLocation=KEY_LOCATION_UNKNOWN,rawCode=0,primaryLevelUnicode=0,scancode=0,extendedKeyCode=0x0] on new item stop price field
Dec 06, 2021 2:29:05 AM net.sourceforge.marathon.javaagent.EventQueueDevice dispatchEvent
INFO: java.awt.event.KeyEvent[KEY_TYPED,keyCode=0,keyText=Unknown keyCode: 0x0,keyChar='0',keyLocation=KEY_LOCATION_UNKNOWN,rawCode=0,primaryLevelUnicode=0,scancode=0,extendedKeyCode=0x0] on new item stop price field
Dec 06, 2021 2:29:05 AM net.sourceforge.marathon.javaagent.EventQueueDevice dispatchEvent
INFO: java.awt.event.KeyEvent[KEY_RELEASED,keyCode=48,keyText=0,keyChar='0',keyLocation=KEY_LOCATION_UNKNOWN,rawCode=0,primaryLevelUnicode=0,scancode=0,extendedKeyCode=0x0] on new item stop price field
Dec 06, 2021 2:29:05 AM net.sourceforge.marathon.javaagent.EventQueueDevice dispatchEvent
INFO: java.awt.event.KeyEvent[KEY_PRESSED,keyCode=48,keyText=0,keyChar='0',keyLocation=KEY_LOCATION_UNKNOWN,rawCode=0,primaryLevelUnicode=0,scancode=0,extendedKeyCode=0x0] on new item stop price field
Dec 06, 2021 2:29:05 AM net.sourceforge.marathon.javaagent.EventQueueDevice dispatchEvent
INFO: java.awt.event.KeyEvent[KEY_TYPED,keyCode=0,keyText=Unknown keyCode: 0x0,keyChar='0',keyLocation=KEY_LOCATION_UNKNOWN,rawCode=0,primaryLevelUnicode=0,scancode=0,extendedKeyCode=0x0] on new item stop price field
Dec 06, 2021 2:29:05 AM net.sourceforge.marathon.javaagent.EventQueueDevice dispatchEvent
INFO: java.awt.event.KeyEvent[KEY_RELEASED,keyCode=48,keyText=0,keyChar='0',keyLocation=KEY_LOCATION_UNKNOWN,rawCode=0,primaryLevelUnicode=0,scancode=0,extendedKeyCode=0x0] on new item stop price field
Dec 06, 2021 2:29:05 AM net.sourceforge.marathon.javaagent.server.JavaServer serve
INFO: POST(/session/0322d092-218b-401e-a67b-1e2c7fdb2497/element/b0b4513c-a110-468a-a094-ff25ccaad673/value, {"id":"b0b4513c-a110-468a-a094-ff25ccaad673","value":["11000"]}) = {data={"name":"sendKeysElement","sessionId":"0322d092-218b-401e-a67b-1e2c7fdb2497","status":0}, status=OK}
Dec 06, 2021 2:29:05 AM net.sourceforge.marathon.javaagent.server.JavaServer serve
INFO: JavaServer.serve(POST /session/0322d092-218b-401e-a67b-1e2c7fdb2497/element): {
  "using": "name",
  "value": "join button"
}
Dec 06, 2021 2:29:05 AM net.sourceforge.marathon.javaagent.server.JavaServer serve
INFO: POST(/session/0322d092-218b-401e-a67b-1e2c7fdb2497/element, {"using":"name","value":"join button"}) = {data={"name":"findElement","sessionId":"0322d092-218b-401e-a67b-1e2c7fdb2497","value":{"ELEMENT":"b3b8ee2e-19fe-4871-ad88-9bff16d5dd25"},"status":0}, status=OK}
Dec 06, 2021 2:29:05 AM net.sourceforge.marathon.javaagent.server.JavaServer serve
INFO: JavaServer.serve(POST /session/0322d092-218b-401e-a67b-1e2c7fdb2497/element/b3b8ee2e-19fe-4871-ad88-9bff16d5dd25/click): {
  "id": "b3b8ee2e-19fe-4871-ad88-9bff16d5dd25"
}
Dec 06, 2021 2:29:05 AM net.sourceforge.marathon.javaagent.EventQueueDevice dispatchEvent
INFO: java.awt.event.MouseEvent[MOUSE_PRESSED,(58,12),absolute(589,17),button=1,modifiers=Button1,extModifiers=Button1,clickCount=1] on join button
Dec 06, 2021 2:29:05 AM net.sourceforge.marathon.javaagent.EventQueueDevice dispatchEvent
INFO: java.awt.event.MouseEvent[MOUSE_RELEASED,(58,12),absolute(589,17),button=1,modifiers=Button1,clickCount=1] on join button
Dec 06, 2021 2:29:05 AM net.sourceforge.marathon.javaagent.EventQueueDevice dispatchEvent
INFO: java.awt.event.MouseEvent[MOUSE_CLICKED,(58,12),absolute(589,17),button=1,modifiers=Button1,clickCount=1] on join button
Dec 06, 2021 2:29:05 AM net.sourceforge.marathon.javaagent.server.JavaServer serve
INFO: POST(/session/0322d092-218b-401e-a67b-1e2c7fdb2497/element/b3b8ee2e-19fe-4871-ad88-9bff16d5dd25/click, {"id":"b3b8ee2e-19fe-4871-ad88-9bff16d5dd25"}) = {data={"name":"clickElement","sessionId":"0322d092-218b-401e-a67b-1e2c7fdb2497","status":0}, status=OK}
Dec 06, 2021 2:29:05 AM net.sourceforge.marathon.javaagent.server.JavaServer serve
INFO: JavaServer.serve(DELETE /session/0322d092-218b-401e-a67b-1e2c7fdb2497/window): {}
Dec 06, 2021 2:29:05 AM net.sourceforge.marathon.javaagent.server.JavaServer serve
INFO: DELETE(/session/0322d092-218b-401e-a67b-1e2c7fdb2497/window) = {data={"name":"closeSession","sessionId":"0322d092-218b-401e-a67b-1e2c7fdb2497","status":0}, status=OK}
Dec 06, 2021 2:29:05 AM net.sourceforge.marathon.javaagent.server.JavaServer serve
INFO: JavaServer.serve(POST /session): {
  "desiredCapabilities": {
    "browserName": "java",
    "platform": "ANY"
  },
  "capabilities": {
    "firstMatch": [
      {
        "browserName": "java"
      }
    ]
  }
}
Dec 06, 2021 2:29:05 AM net.sourceforge.marathon.javaagent.server.JavaServer createSession
INFO: Creating device with type: EVENT_QUEUE
Dec 06, 2021 2:29:05 AM net.sourceforge.marathon.javaagent.Device getDevice
INFO: Creating a EVENT_QUEUE device
Dec 06, 2021 2:29:05 AM net.sourceforge.marathon.javaagent.server.JavaServer serve
INFO: POST(/session, {"desiredCapabilities":{"browserName":"java","platform":"ANY"},"capabilities":{"firstMatch":[{"browserName":"java"}]}}) = {data=, status=REDIRECT}
Dec 06, 2021 2:29:05 AM net.sourceforge.marathon.javaagent.server.JavaServer serve
INFO: JavaServer.serve(GET /session/0f0fea84-2f9d-4f00-8712-beecdc07e789): {}
Dec 06, 2021 2:29:05 AM net.sourceforge.marathon.javaagent.server.JavaServer serve
INFO: GET(/session/0f0fea84-2f9d-4f00-8712-beecdc07e789) = {data={"name":"getCapabilities","sessionId":"0f0fea84-2f9d-4f00-8712-beecdc07e789","value":{"applicationCacheEnabled":false,"rotatable":false,"loggingPrefs":{"driver":"ALL"},"handlesAlerts":false,"databaseEnabled":false,"version":"1.0","platform":"ANY","browserConnectionEnabled":false,"nativeEvents":false,"acceptSslCerts":false,"locationContextEnabled":false,"webStorageEnabled":false,"browserName":"java","takesScreenshot":true,"javascriptEnabled":true,"cssSelectorsEnabled":false},"status":0}, status=OK}
Dec 06, 2021 2:29:05 AM org.openqa.selenium.remote.ProtocolHandshake createSession
INFO: Detected dialect: OSS
Dec 06, 2021 2:29:05 AM net.sourceforge.marathon.javaagent.server.JavaServer serve
INFO: JavaServer.serve(POST /session/0f0fea84-2f9d-4f00-8712-beecdc07e789/element): {
  "using": "name",
  "value": "sniper reset button"
}
Dec 06, 2021 2:29:05 AM net.sourceforge.marathon.javaagent.server.JavaServer serve
INFO: POST(/session/0f0fea84-2f9d-4f00-8712-beecdc07e789/element, {"using":"name","value":"sniper reset button"}) = {data={"name":"findElement","sessionId":"0f0fea84-2f9d-4f00-8712-beecdc07e789","value":{"ELEMENT":"8c2ddb32-a2c4-401d-ac10-8b0d20a618fe"},"status":0}, status=OK}
Dec 06, 2021 2:29:05 AM net.sourceforge.marathon.javaagent.server.JavaServer serve
INFO: JavaServer.serve(POST /session/0f0fea84-2f9d-4f00-8712-beecdc07e789/element/8c2ddb32-a2c4-401d-ac10-8b0d20a618fe/click): {
  "id": "8c2ddb32-a2c4-401d-ac10-8b0d20a618fe"
}
Dec 06, 2021 2:29:05 AM net.sourceforge.marathon.javaagent.EventQueueDevice dispatchEvent
INFO: java.awt.event.MouseEvent[MOUSE_PRESSED,(37,12),absolute(326,474),button=1,modifiers=Button1,extModifiers=Button1,clickCount=1] on sniper reset button
Dec 06, 2021 2:29:05 AM net.sourceforge.marathon.javaagent.EventQueueDevice dispatchEvent
INFO: java.awt.event.MouseEvent[MOUSE_RELEASED,(37,12),absolute(326,474),button=1,modifiers=Button1,clickCount=1] on sniper reset button
Dec 06, 2021 2:29:05 AM net.sourceforge.marathon.javaagent.EventQueueDevice dispatchEvent
INFO: java.awt.event.MouseEvent[MOUSE_CLICKED,(37,12),absolute(326,474),button=1,modifiers=Button1,clickCount=1] on sniper reset button
Dec 06, 2021 2:29:06 AM net.sourceforge.marathon.javaagent.server.JavaServer serve
INFO: POST(/session/0f0fea84-2f9d-4f00-8712-beecdc07e789/element/8c2ddb32-a2c4-401d-ac10-8b0d20a618fe/click, {"id":"8c2ddb32-a2c4-401d-ac10-8b0d20a618fe"}) = {data={"name":"clickElement","sessionId":"0f0fea84-2f9d-4f00-8712-beecdc07e789","status":0}, status=OK}
Dec 06, 2021 2:29:06 AM net.sourceforge.marathon.javaagent.server.JavaServer serve
INFO: JavaServer.serve(DELETE /session/0f0fea84-2f9d-4f00-8712-beecdc07e789/window): {}
Dec 06, 2021 2:29:06 AM net.sourceforge.marathon.javaagent.server.JavaServer serve
INFO: DELETE(/session/0f0fea84-2f9d-4f00-8712-beecdc07e789/window) = {data={"name":"closeSession","sessionId":"0f0fea84-2f9d-4f00-8712-beecdc07e789","status":0}, status=OK}
]]></system-err>
</testsuite>
