<?xml version="1.0" encoding="UTF-8"?>
<testsuite name="goos.ui.swing.MainWindowTest" tests="3" skipped="0" failures="0" errors="0" timestamp="2022-02-15T02:32:21" hostname="buildkitsandbox" time="5.209">
  <properties/>
  <testcase name="window has expected features" classname="goos.ui.swing.MainWindowTest" time="3.833"/>
  <testcase name="make user request when join button clicked" classname="goos.ui.swing.MainWindowTest" time="1.185"/>
  <testcase name="make user request when reset button clicked" classname="goos.ui.swing.MainWindowTest" time="0.186"/>
  <system-out><![CDATA[]]></system-out>
  <system-err><![CDATA[SLF4J: Failed to load class "org.slf4j.impl.StaticLoggerBinder".
SLF4J: Defaulting to no-operation (NOP) logger implementation
SLF4J: See http://www.slf4j.org/codes.html#StaticLoggerBinder for further details.
Feb 15, 2022 2:32:25 AM io.netty.util.internal.MacAddressUtil defaultMachineId
WARNING: Failed to find a usable hardware address from the network interfaces; using random bytes: a9:7c:37:e8:b3:7a:3a:cc
Feb 15, 2022 2:32:25 AM net.sourceforge.marathon.javaagent.server.JavaServer serve
INFO: JavaServer.serve(POST /session): {
  "desiredCapabilities": {
    "browserName": "java",
    "platform": "ANY"
  },
  "capabilities": {
    "firstMatch": [
      {
        "browserName": "java"
      }
    ]
  }
}
Feb 15, 2022 2:32:25 AM net.sourceforge.marathon.javaagent.server.JavaServer createSession
INFO: Creating device with type: EVENT_QUEUE
Feb 15, 2022 2:32:25 AM net.sourceforge.marathon.javaagent.Device getDevice
INFO: Creating a EVENT_QUEUE device
Feb 15, 2022 2:32:25 AM net.sourceforge.marathon.javaagent.server.JavaServer serve
INFO: POST(/session, {"desiredCapabilities":{"browserName":"java","platform":"ANY"},"capabilities":{"firstMatch":[{"browserName":"java"}]}}) = {data=, status=REDIRECT}
Feb 15, 2022 2:32:25 AM net.sourceforge.marathon.javaagent.server.JavaServer serve
INFO: JavaServer.serve(GET /session/33bc362c-5951-417e-945b-446fa9f2f0d9): {}
Feb 15, 2022 2:32:25 AM net.sourceforge.marathon.javaagent.server.JavaServer serve
INFO: GET(/session/33bc362c-5951-417e-945b-446fa9f2f0d9) = {data={"name":"getCapabilities","sessionId":"33bc362c-5951-417e-945b-446fa9f2f0d9","value":{"applicationCacheEnabled":false,"rotatable":false,"loggingPrefs":{"driver":"ALL"},"handlesAlerts":false,"databaseEnabled":false,"version":"1.0","platform":"ANY","browserConnectionEnabled":false,"nativeEvents":false,"acceptSslCerts":false,"locationContextEnabled":false,"webStorageEnabled":false,"browserName":"java","takesScreenshot":true,"javascriptEnabled":true,"cssSelectorsEnabled":false},"status":0}, status=OK}
Feb 15, 2022 2:32:25 AM org.openqa.selenium.remote.ProtocolHandshake createSession
INFO: Detected dialect: OSS
Feb 15, 2022 2:32:25 AM net.sourceforge.marathon.javaagent.server.JavaServer serve
INFO: JavaServer.serve(POST /session/33bc362c-5951-417e-945b-446fa9f2f0d9/element): {
  "using": "css selector",
  "value": "."
}
Feb 15, 2022 2:32:25 AM net.sourceforge.marathon.javaagent.server.JavaServer serve
INFO: POST(/session/33bc362c-5951-417e-945b-446fa9f2f0d9/element, {"using":"css selector","value":"."}) = {data={"name":"findElement","sessionId":"33bc362c-5951-417e-945b-446fa9f2f0d9","value":{"ELEMENT":"4992d18a-f517-4a04-a1e7-ca495b8331d4"},"status":0}, status=OK}
Feb 15, 2022 2:32:25 AM net.sourceforge.marathon.javaagent.server.JavaServer serve
INFO: JavaServer.serve(GET /session/33bc362c-5951-417e-945b-446fa9f2f0d9/element/4992d18a-f517-4a04-a1e7-ca495b8331d4/attribute/name): {}
Feb 15, 2022 2:32:25 AM net.sourceforge.marathon.javaagent.server.JavaServer serve
INFO: GET(/session/33bc362c-5951-417e-945b-446fa9f2f0d9/element/4992d18a-f517-4a04-a1e7-ca495b8331d4/attribute/name) = {data={"name":"getElementAttribute","sessionId":"33bc362c-5951-417e-945b-446fa9f2f0d9","value":"Auction Sniper Name","status":0}, status=OK}
Feb 15, 2022 2:32:25 AM net.sourceforge.marathon.javaagent.server.JavaServer serve
INFO: JavaServer.serve(POST /session/33bc362c-5951-417e-945b-446fa9f2f0d9/element): {
  "using": "css selector",
  "value": "."
}
Feb 15, 2022 2:32:25 AM net.sourceforge.marathon.javaagent.server.JavaServer serve
INFO: POST(/session/33bc362c-5951-417e-945b-446fa9f2f0d9/element, {"using":"css selector","value":"."}) = {data={"name":"findElement","sessionId":"33bc362c-5951-417e-945b-446fa9f2f0d9","value":{"ELEMENT":"4992d18a-f517-4a04-a1e7-ca495b8331d4"},"status":0}, status=OK}
Feb 15, 2022 2:32:25 AM net.sourceforge.marathon.javaagent.server.JavaServer serve
INFO: JavaServer.serve(GET /session/33bc362c-5951-417e-945b-446fa9f2f0d9/element/4992d18a-f517-4a04-a1e7-ca495b8331d4/displayed): {}
Feb 15, 2022 2:32:25 AM net.sourceforge.marathon.javaagent.server.JavaServer serve
INFO: GET(/session/33bc362c-5951-417e-945b-446fa9f2f0d9/element/4992d18a-f517-4a04-a1e7-ca495b8331d4/displayed) = {data={"name":"isDisplayed","sessionId":"33bc362c-5951-417e-945b-446fa9f2f0d9","value":true,"status":0}, status=OK}
Feb 15, 2022 2:32:25 AM net.sourceforge.marathon.javaagent.server.JavaServer serve
INFO: JavaServer.serve(GET /session/33bc362c-5951-417e-945b-446fa9f2f0d9/title): {}
Feb 15, 2022 2:32:25 AM net.sourceforge.marathon.javaagent.server.JavaServer serve
INFO: GET(/session/33bc362c-5951-417e-945b-446fa9f2f0d9/title) = {data={"name":"getWindowTitle","sessionId":"33bc362c-5951-417e-945b-446fa9f2f0d9","value":"Auction Sniper","status":0}, status=OK}
Feb 15, 2022 2:32:25 AM net.sourceforge.marathon.javaagent.server.JavaServer serve
INFO: JavaServer.serve(POST /session/33bc362c-5951-417e-945b-446fa9f2f0d9/element): {
  "using": "name",
  "value": "snipers table"
}
Feb 15, 2022 2:32:25 AM net.sourceforge.marathon.javaagent.server.JavaServer serve
INFO: POST(/session/33bc362c-5951-417e-945b-446fa9f2f0d9/element, {"using":"name","value":"snipers table"}) = {data={"name":"findElement","sessionId":"33bc362c-5951-417e-945b-446fa9f2f0d9","value":{"ELEMENT":"2b1e6d77-4b60-4a3c-a374-e28d1527b025"},"status":0}, status=OK}
Feb 15, 2022 2:32:25 AM net.sourceforge.marathon.javaagent.server.JavaServer serve
INFO: JavaServer.serve(POST /session/33bc362c-5951-417e-945b-446fa9f2f0d9/element/2b1e6d77-4b60-4a3c-a374-e28d1527b025/elements): {
  "id": "2b1e6d77-4b60-4a3c-a374-e28d1527b025",
  "using": "css selector",
  "value": ".::header.::all-items"
}
Feb 15, 2022 2:32:25 AM net.sourceforge.marathon.javaagent.server.JavaServer serve
INFO: POST(/session/33bc362c-5951-417e-945b-446fa9f2f0d9/element/2b1e6d77-4b60-4a3c-a374-e28d1527b025/elements, {"using":"css selector","id":"2b1e6d77-4b60-4a3c-a374-e28d1527b025","value":".::header.::all-items"}) = {data={"name":"findElementsOfElement","sessionId":"33bc362c-5951-417e-945b-446fa9f2f0d9","value":[{"ELEMENT":"ffe80460-36bf-42f5-958a-b26006efaa69%23%7B%22selector%22%3A%22nth-item%22%2C%22parameters%22%3A%5B1%5D%7D"},{"ELEMENT":"ffe80460-36bf-42f5-958a-b26006efaa69%23%7B%22selector%22%3A%22nth-item%22%2C%22parameters%22%3A%5B2%5D%7D"},{"ELEMENT":"ffe80460-36bf-42f5-958a-b26006efaa69%23%7B%22selector%22%3A%22nth-item%22%2C%22parameters%22%3A%5B3%5D%7D"},{"ELEMENT":"ffe80460-36bf-42f5-958a-b26006efaa69%23%7B%22selector%22%3A%22nth-item%22%2C%22parameters%22%3A%5B4%5D%7D"}],"status":0}, status=OK}
Feb 15, 2022 2:32:25 AM net.sourceforge.marathon.javaagent.server.JavaServer serve
INFO: JavaServer.serve(GET /session/33bc362c-5951-417e-945b-446fa9f2f0d9/element/ffe80460-36bf-42f5-958a-b26006efaa69%23%7B%22selector%22%3A%22nth-item%22%2C%22parameters%22%3A%5B1%5D%7D/text): {}
Feb 15, 2022 2:32:25 AM net.sourceforge.marathon.javaagent.server.JavaServer serve
INFO: GET(/session/33bc362c-5951-417e-945b-446fa9f2f0d9/element/ffe80460-36bf-42f5-958a-b26006efaa69%23%7B%22selector%22%3A%22nth-item%22%2C%22parameters%22%3A%5B1%5D%7D/text) = {data={"name":"getElementText","sessionId":"33bc362c-5951-417e-945b-446fa9f2f0d9","value":"Item","status":0}, status=OK}
Feb 15, 2022 2:32:25 AM net.sourceforge.marathon.javaagent.server.JavaServer serve
INFO: JavaServer.serve(GET /session/33bc362c-5951-417e-945b-446fa9f2f0d9/element/ffe80460-36bf-42f5-958a-b26006efaa69%23%7B%22selector%22%3A%22nth-item%22%2C%22parameters%22%3A%5B2%5D%7D/text): {}
Feb 15, 2022 2:32:25 AM net.sourceforge.marathon.javaagent.server.JavaServer serve
INFO: GET(/session/33bc362c-5951-417e-945b-446fa9f2f0d9/element/ffe80460-36bf-42f5-958a-b26006efaa69%23%7B%22selector%22%3A%22nth-item%22%2C%22parameters%22%3A%5B2%5D%7D/text) = {data={"name":"getElementText","sessionId":"33bc362c-5951-417e-945b-446fa9f2f0d9","value":"Last Price","status":0}, status=OK}
Feb 15, 2022 2:32:25 AM net.sourceforge.marathon.javaagent.server.JavaServer serve
INFO: JavaServer.serve(GET /session/33bc362c-5951-417e-945b-446fa9f2f0d9/element/ffe80460-36bf-42f5-958a-b26006efaa69%23%7B%22selector%22%3A%22nth-item%22%2C%22parameters%22%3A%5B3%5D%7D/text): {}
Feb 15, 2022 2:32:25 AM net.sourceforge.marathon.javaagent.server.JavaServer serve
INFO: GET(/session/33bc362c-5951-417e-945b-446fa9f2f0d9/element/ffe80460-36bf-42f5-958a-b26006efaa69%23%7B%22selector%22%3A%22nth-item%22%2C%22parameters%22%3A%5B3%5D%7D/text) = {data={"name":"getElementText","sessionId":"33bc362c-5951-417e-945b-446fa9f2f0d9","value":"Last Bid","status":0}, status=OK}
Feb 15, 2022 2:32:25 AM net.sourceforge.marathon.javaagent.server.JavaServer serve
INFO: JavaServer.serve(GET /session/33bc362c-5951-417e-945b-446fa9f2f0d9/element/ffe80460-36bf-42f5-958a-b26006efaa69%23%7B%22selector%22%3A%22nth-item%22%2C%22parameters%22%3A%5B4%5D%7D/text): {}
Feb 15, 2022 2:32:25 AM net.sourceforge.marathon.javaagent.server.JavaServer serve
INFO: GET(/session/33bc362c-5951-417e-945b-446fa9f2f0d9/element/ffe80460-36bf-42f5-958a-b26006efaa69%23%7B%22selector%22%3A%22nth-item%22%2C%22parameters%22%3A%5B4%5D%7D/text) = {data={"name":"getElementText","sessionId":"33bc362c-5951-417e-945b-446fa9f2f0d9","value":"State","status":0}, status=OK}
Feb 15, 2022 2:32:25 AM net.sourceforge.marathon.javaagent.server.JavaServer serve
INFO: JavaServer.serve(DELETE /session/33bc362c-5951-417e-945b-446fa9f2f0d9/window): {}
Feb 15, 2022 2:32:25 AM net.sourceforge.marathon.javaagent.server.JavaServer serve
INFO: DELETE(/session/33bc362c-5951-417e-945b-446fa9f2f0d9/window) = {data={"name":"closeSession","sessionId":"33bc362c-5951-417e-945b-446fa9f2f0d9","status":0}, status=OK}
Feb 15, 2022 2:32:25 AM net.sourceforge.marathon.javaagent.server.JavaServer serve
INFO: JavaServer.serve(POST /session): {
  "desiredCapabilities": {
    "browserName": "java",
    "platform": "ANY"
  },
  "capabilities": {
    "firstMatch": [
      {
        "browserName": "java"
      }
    ]
  }
}
Feb 15, 2022 2:32:25 AM net.sourceforge.marathon.javaagent.server.JavaServer createSession
INFO: Creating device with type: EVENT_QUEUE
Feb 15, 2022 2:32:25 AM net.sourceforge.marathon.javaagent.Device getDevice
INFO: Creating a EVENT_QUEUE device
Feb 15, 2022 2:32:25 AM net.sourceforge.marathon.javaagent.server.JavaServer serve
INFO: POST(/session, {"desiredCapabilities":{"browserName":"java","platform":"ANY"},"capabilities":{"firstMatch":[{"browserName":"java"}]}}) = {data=, status=REDIRECT}
Feb 15, 2022 2:32:25 AM net.sourceforge.marathon.javaagent.server.JavaServer serve
INFO: JavaServer.serve(GET /session/bdad633c-9df5-4cc8-9111-6d7acf4b9455): {}
Feb 15, 2022 2:32:25 AM net.sourceforge.marathon.javaagent.server.JavaServer serve
INFO: GET(/session/bdad633c-9df5-4cc8-9111-6d7acf4b9455) = {data={"name":"getCapabilities","sessionId":"bdad633c-9df5-4cc8-9111-6d7acf4b9455","value":{"applicationCacheEnabled":false,"rotatable":false,"loggingPrefs":{"driver":"ALL"},"handlesAlerts":false,"databaseEnabled":false,"version":"1.0","platform":"ANY","browserConnectionEnabled":false,"nativeEvents":false,"acceptSslCerts":false,"locationContextEnabled":false,"webStorageEnabled":false,"browserName":"java","takesScreenshot":true,"javascriptEnabled":true,"cssSelectorsEnabled":false},"status":0}, status=OK}
Feb 15, 2022 2:32:25 AM org.openqa.selenium.remote.ProtocolHandshake createSession
INFO: Detected dialect: OSS
Feb 15, 2022 2:32:25 AM net.sourceforge.marathon.javaagent.server.JavaServer serve
INFO: JavaServer.serve(POST /session/bdad633c-9df5-4cc8-9111-6d7acf4b9455/element): {
  "using": "name",
  "value": "new item id field"
}
Feb 15, 2022 2:32:25 AM net.sourceforge.marathon.javaagent.server.JavaServer serve
INFO: POST(/session/bdad633c-9df5-4cc8-9111-6d7acf4b9455/element, {"using":"name","value":"new item id field"}) = {data={"name":"findElement","sessionId":"bdad633c-9df5-4cc8-9111-6d7acf4b9455","value":{"ELEMENT":"1fd89ff5-478b-4f7f-96a4-a3925ae155ea"},"status":0}, status=OK}
Feb 15, 2022 2:32:25 AM net.sourceforge.marathon.javaagent.server.JavaServer serve
INFO: JavaServer.serve(POST /session/bdad633c-9df5-4cc8-9111-6d7acf4b9455/element/1fd89ff5-478b-4f7f-96a4-a3925ae155ea/clear): {
  "id": "1fd89ff5-478b-4f7f-96a4-a3925ae155ea"
}
Feb 15, 2022 2:32:25 AM net.sourceforge.marathon.javaagent.server.JavaServer serve
INFO: POST(/session/bdad633c-9df5-4cc8-9111-6d7acf4b9455/element/1fd89ff5-478b-4f7f-96a4-a3925ae155ea/clear, {"id":"1fd89ff5-478b-4f7f-96a4-a3925ae155ea"}) = {data={"name":"clearElement","sessionId":"bdad633c-9df5-4cc8-9111-6d7acf4b9455","status":0}, status=OK}
Feb 15, 2022 2:32:25 AM net.sourceforge.marathon.javaagent.server.JavaServer serve
INFO: JavaServer.serve(POST /session/bdad633c-9df5-4cc8-9111-6d7acf4b9455/element/1fd89ff5-478b-4f7f-96a4-a3925ae155ea/value): {
  "id": "1fd89ff5-478b-4f7f-96a4-a3925ae155ea",
  "value": [
    "an item-id"
  ]
}
Feb 15, 2022 2:32:25 AM net.sourceforge.marathon.javaagent.EventQueueDevice dispatchEvent
INFO: java.awt.event.KeyEvent[KEY_PRESSED,keyCode=65,keyText=A,keyChar='a',keyLocation=KEY_LOCATION_UNKNOWN,rawCode=0,primaryLevelUnicode=0,scancode=0,extendedKeyCode=0x0] on new item id field
Feb 15, 2022 2:32:25 AM net.sourceforge.marathon.javaagent.EventQueueDevice dispatchEvent
INFO: java.awt.event.KeyEvent[KEY_TYPED,keyCode=0,keyText=Unknown keyCode: 0x0,keyChar='a',keyLocation=KEY_LOCATION_UNKNOWN,rawCode=0,primaryLevelUnicode=0,scancode=0,extendedKeyCode=0x0] on new item id field
Feb 15, 2022 2:32:25 AM net.sourceforge.marathon.javaagent.EventQueueDevice dispatchEvent
INFO: java.awt.event.KeyEvent[KEY_RELEASED,keyCode=65,keyText=A,keyChar='a',keyLocation=KEY_LOCATION_UNKNOWN,rawCode=0,primaryLevelUnicode=0,scancode=0,extendedKeyCode=0x0] on new item id field
Feb 15, 2022 2:32:25 AM net.sourceforge.marathon.javaagent.EventQueueDevice dispatchEvent
INFO: java.awt.event.KeyEvent[KEY_PRESSED,keyCode=78,keyText=N,keyChar='n',keyLocation=KEY_LOCATION_UNKNOWN,rawCode=0,primaryLevelUnicode=0,scancode=0,extendedKeyCode=0x0] on new item id field
Feb 15, 2022 2:32:25 AM net.sourceforge.marathon.javaagent.EventQueueDevice dispatchEvent
INFO: java.awt.event.KeyEvent[KEY_TYPED,keyCode=0,keyText=Unknown keyCode: 0x0,keyChar='n',keyLocation=KEY_LOCATION_UNKNOWN,rawCode=0,primaryLevelUnicode=0,scancode=0,extendedKeyCode=0x0] on new item id field
Feb 15, 2022 2:32:25 AM net.sourceforge.marathon.javaagent.EventQueueDevice dispatchEvent
INFO: java.awt.event.KeyEvent[KEY_RELEASED,keyCode=78,keyText=N,keyChar='n',keyLocation=KEY_LOCATION_UNKNOWN,rawCode=0,primaryLevelUnicode=0,scancode=0,extendedKeyCode=0x0] on new item id field
Feb 15, 2022 2:32:25 AM net.sourceforge.marathon.javaagent.EventQueueDevice dispatchEvent
INFO: java.awt.event.KeyEvent[KEY_PRESSED,keyCode=16,keyText=Shift,keyChar=Undefined keyChar,modifiers=Shift,extModifiers=Shift,keyLocation=KEY_LOCATION_UNKNOWN,rawCode=0,primaryLevelUnicode=0,scancode=0,extendedKeyCode=0x0] on new item id field
Feb 15, 2022 2:32:25 AM net.sourceforge.marathon.javaagent.EventQueueDevice dispatchEvent
INFO: java.awt.event.KeyEvent[KEY_PRESSED,keyCode=32,keyText=Space,keyChar=' ',modifiers=Shift,extModifiers=Shift,keyLocation=KEY_LOCATION_UNKNOWN,rawCode=0,primaryLevelUnicode=0,scancode=0,extendedKeyCode=0x0] on new item id field
Feb 15, 2022 2:32:25 AM net.sourceforge.marathon.javaagent.EventQueueDevice dispatchEvent
INFO: java.awt.event.KeyEvent[KEY_TYPED,keyCode=0,keyText=Unknown keyCode: 0x0,keyChar=' ',modifiers=Shift,extModifiers=Shift,keyLocation=KEY_LOCATION_UNKNOWN,rawCode=0,primaryLevelUnicode=0,scancode=0,extendedKeyCode=0x0] on new item id field
Feb 15, 2022 2:32:25 AM net.sourceforge.marathon.javaagent.EventQueueDevice dispatchEvent
INFO: java.awt.event.KeyEvent[KEY_RELEASED,keyCode=32,keyText=Space,keyChar=' ',modifiers=Shift,extModifiers=Shift,keyLocation=KEY_LOCATION_UNKNOWN,rawCode=0,primaryLevelUnicode=0,scancode=0,extendedKeyCode=0x0] on new item id field
Feb 15, 2022 2:32:25 AM net.sourceforge.marathon.javaagent.EventQueueDevice dispatchEvent
INFO: java.awt.event.KeyEvent[KEY_RELEASED,keyCode=16,keyText=Shift,keyChar=Undefined keyChar,keyLocation=KEY_LOCATION_UNKNOWN,rawCode=0,primaryLevelUnicode=0,scancode=0,extendedKeyCode=0x0] on new item id field
Feb 15, 2022 2:32:25 AM net.sourceforge.marathon.javaagent.EventQueueDevice dispatchEvent
INFO: java.awt.event.KeyEvent[KEY_PRESSED,keyCode=73,keyText=I,keyChar='i',keyLocation=KEY_LOCATION_UNKNOWN,rawCode=0,primaryLevelUnicode=0,scancode=0,extendedKeyCode=0x0] on new item id field
Feb 15, 2022 2:32:25 AM net.sourceforge.marathon.javaagent.EventQueueDevice dispatchEvent
INFO: java.awt.event.KeyEvent[KEY_TYPED,keyCode=0,keyText=Unknown keyCode: 0x0,keyChar='i',keyLocation=KEY_LOCATION_UNKNOWN,rawCode=0,primaryLevelUnicode=0,scancode=0,extendedKeyCode=0x0] on new item id field
Feb 15, 2022 2:32:26 AM net.sourceforge.marathon.javaagent.EventQueueDevice dispatchEvent
INFO: java.awt.event.KeyEvent[KEY_RELEASED,keyCode=73,keyText=I,keyChar='i',keyLocation=KEY_LOCATION_UNKNOWN,rawCode=0,primaryLevelUnicode=0,scancode=0,extendedKeyCode=0x0] on new item id field
Feb 15, 2022 2:32:26 AM net.sourceforge.marathon.javaagent.EventQueueDevice dispatchEvent
INFO: java.awt.event.KeyEvent[KEY_PRESSED,keyCode=84,keyText=T,keyChar='t',keyLocation=KEY_LOCATION_UNKNOWN,rawCode=0,primaryLevelUnicode=0,scancode=0,extendedKeyCode=0x0] on new item id field
Feb 15, 2022 2:32:26 AM net.sourceforge.marathon.javaagent.EventQueueDevice dispatchEvent
INFO: java.awt.event.KeyEvent[KEY_TYPED,keyCode=0,keyText=Unknown keyCode: 0x0,keyChar='t',keyLocation=KEY_LOCATION_UNKNOWN,rawCode=0,primaryLevelUnicode=0,scancode=0,extendedKeyCode=0x0] on new item id field
Feb 15, 2022 2:32:26 AM net.sourceforge.marathon.javaagent.EventQueueDevice dispatchEvent
INFO: java.awt.event.KeyEvent[KEY_RELEASED,keyCode=84,keyText=T,keyChar='t',keyLocation=KEY_LOCATION_UNKNOWN,rawCode=0,primaryLevelUnicode=0,scancode=0,extendedKeyCode=0x0] on new item id field
Feb 15, 2022 2:32:26 AM net.sourceforge.marathon.javaagent.EventQueueDevice dispatchEvent
INFO: java.awt.event.KeyEvent[KEY_PRESSED,keyCode=69,keyText=E,keyChar='e',keyLocation=KEY_LOCATION_UNKNOWN,rawCode=0,primaryLevelUnicode=0,scancode=0,extendedKeyCode=0x0] on new item id field
Feb 15, 2022 2:32:26 AM net.sourceforge.marathon.javaagent.EventQueueDevice dispatchEvent
INFO: java.awt.event.KeyEvent[KEY_TYPED,keyCode=0,keyText=Unknown keyCode: 0x0,keyChar='e',keyLocation=KEY_LOCATION_UNKNOWN,rawCode=0,primaryLevelUnicode=0,scancode=0,extendedKeyCode=0x0] on new item id field
Feb 15, 2022 2:32:26 AM net.sourceforge.marathon.javaagent.EventQueueDevice dispatchEvent
INFO: java.awt.event.KeyEvent[KEY_RELEASED,keyCode=69,keyText=E,keyChar='e',keyLocation=KEY_LOCATION_UNKNOWN,rawCode=0,primaryLevelUnicode=0,scancode=0,extendedKeyCode=0x0] on new item id field
Feb 15, 2022 2:32:26 AM net.sourceforge.marathon.javaagent.EventQueueDevice dispatchEvent
INFO: java.awt.event.KeyEvent[KEY_PRESSED,keyCode=77,keyText=M,keyChar='m',keyLocation=KEY_LOCATION_UNKNOWN,rawCode=0,primaryLevelUnicode=0,scancode=0,extendedKeyCode=0x0] on new item id field
Feb 15, 2022 2:32:26 AM net.sourceforge.marathon.javaagent.EventQueueDevice dispatchEvent
INFO: java.awt.event.KeyEvent[KEY_TYPED,keyCode=0,keyText=Unknown keyCode: 0x0,keyChar='m',keyLocation=KEY_LOCATION_UNKNOWN,rawCode=0,primaryLevelUnicode=0,scancode=0,extendedKeyCode=0x0] on new item id field
Feb 15, 2022 2:32:26 AM net.sourceforge.marathon.javaagent.EventQueueDevice dispatchEvent
INFO: java.awt.event.KeyEvent[KEY_RELEASED,keyCode=77,keyText=M,keyChar='m',keyLocation=KEY_LOCATION_UNKNOWN,rawCode=0,primaryLevelUnicode=0,scancode=0,extendedKeyCode=0x0] on new item id field
Feb 15, 2022 2:32:26 AM net.sourceforge.marathon.javaagent.EventQueueDevice dispatchEvent
INFO: java.awt.event.KeyEvent[KEY_PRESSED,keyCode=45,keyText=Minus,keyChar='-',keyLocation=KEY_LOCATION_UNKNOWN,rawCode=0,primaryLevelUnicode=0,scancode=0,extendedKeyCode=0x0] on new item id field
Feb 15, 2022 2:32:26 AM net.sourceforge.marathon.javaagent.EventQueueDevice dispatchEvent
INFO: java.awt.event.KeyEvent[KEY_TYPED,keyCode=0,keyText=Unknown keyCode: 0x0,keyChar='-',keyLocation=KEY_LOCATION_UNKNOWN,rawCode=0,primaryLevelUnicode=0,scancode=0,extendedKeyCode=0x0] on new item id field
Feb 15, 2022 2:32:26 AM net.sourceforge.marathon.javaagent.EventQueueDevice dispatchEvent
INFO: java.awt.event.KeyEvent[KEY_RELEASED,keyCode=45,keyText=Minus,keyChar='-',keyLocation=KEY_LOCATION_UNKNOWN,rawCode=0,primaryLevelUnicode=0,scancode=0,extendedKeyCode=0x0] on new item id field
Feb 15, 2022 2:32:26 AM net.sourceforge.marathon.javaagent.EventQueueDevice dispatchEvent
INFO: java.awt.event.KeyEvent[KEY_PRESSED,keyCode=73,keyText=I,keyChar='i',keyLocation=KEY_LOCATION_UNKNOWN,rawCode=0,primaryLevelUnicode=0,scancode=0,extendedKeyCode=0x0] on new item id field
Feb 15, 2022 2:32:26 AM net.sourceforge.marathon.javaagent.EventQueueDevice dispatchEvent
INFO: java.awt.event.KeyEvent[KEY_TYPED,keyCode=0,keyText=Unknown keyCode: 0x0,keyChar='i',keyLocation=KEY_LOCATION_UNKNOWN,rawCode=0,primaryLevelUnicode=0,scancode=0,extendedKeyCode=0x0] on new item id field
Feb 15, 2022 2:32:26 AM net.sourceforge.marathon.javaagent.EventQueueDevice dispatchEvent
INFO: java.awt.event.KeyEvent[KEY_RELEASED,keyCode=73,keyText=I,keyChar='i',keyLocation=KEY_LOCATION_UNKNOWN,rawCode=0,primaryLevelUnicode=0,scancode=0,extendedKeyCode=0x0] on new item id field
Feb 15, 2022 2:32:26 AM net.sourceforge.marathon.javaagent.EventQueueDevice dispatchEvent
INFO: java.awt.event.KeyEvent[KEY_PRESSED,keyCode=68,keyText=D,keyChar='d',keyLocation=KEY_LOCATION_UNKNOWN,rawCode=0,primaryLevelUnicode=0,scancode=0,extendedKeyCode=0x0] on new item id field
Feb 15, 2022 2:32:26 AM net.sourceforge.marathon.javaagent.EventQueueDevice dispatchEvent
INFO: java.awt.event.KeyEvent[KEY_TYPED,keyCode=0,keyText=Unknown keyCode: 0x0,keyChar='d',keyLocation=KEY_LOCATION_UNKNOWN,rawCode=0,primaryLevelUnicode=0,scancode=0,extendedKeyCode=0x0] on new item id field
Feb 15, 2022 2:32:26 AM net.sourceforge.marathon.javaagent.EventQueueDevice dispatchEvent
INFO: java.awt.event.KeyEvent[KEY_RELEASED,keyCode=68,keyText=D,keyChar='d',keyLocation=KEY_LOCATION_UNKNOWN,rawCode=0,primaryLevelUnicode=0,scancode=0,extendedKeyCode=0x0] on new item id field
Feb 15, 2022 2:32:26 AM net.sourceforge.marathon.javaagent.server.JavaServer serve
INFO: POST(/session/bdad633c-9df5-4cc8-9111-6d7acf4b9455/element/1fd89ff5-478b-4f7f-96a4-a3925ae155ea/value, {"id":"1fd89ff5-478b-4f7f-96a4-a3925ae155ea","value":["an item-id"]}) = {data={"name":"sendKeysElement","sessionId":"bdad633c-9df5-4cc8-9111-6d7acf4b9455","status":0}, status=OK}
Feb 15, 2022 2:32:26 AM net.sourceforge.marathon.javaagent.server.JavaServer serve
INFO: JavaServer.serve(POST /session/bdad633c-9df5-4cc8-9111-6d7acf4b9455/element): {
  "using": "name",
  "value": "new item stop price field"
}
Feb 15, 2022 2:32:26 AM net.sourceforge.marathon.javaagent.server.JavaServer serve
INFO: POST(/session/bdad633c-9df5-4cc8-9111-6d7acf4b9455/element, {"using":"name","value":"new item stop price field"}) = {data={"name":"findElement","sessionId":"bdad633c-9df5-4cc8-9111-6d7acf4b9455","value":{"ELEMENT":"07c9ea92-10fe-47e3-ae07-98253d127168"},"status":0}, status=OK}
Feb 15, 2022 2:32:26 AM net.sourceforge.marathon.javaagent.server.JavaServer serve
INFO: JavaServer.serve(POST /session/bdad633c-9df5-4cc8-9111-6d7acf4b9455/element/07c9ea92-10fe-47e3-ae07-98253d127168/clear): {
  "id": "07c9ea92-10fe-47e3-ae07-98253d127168"
}
Feb 15, 2022 2:32:26 AM net.sourceforge.marathon.javaagent.server.JavaServer serve
INFO: POST(/session/bdad633c-9df5-4cc8-9111-6d7acf4b9455/element/07c9ea92-10fe-47e3-ae07-98253d127168/clear, {"id":"07c9ea92-10fe-47e3-ae07-98253d127168"}) = {data={"name":"clearElement","sessionId":"bdad633c-9df5-4cc8-9111-6d7acf4b9455","status":0}, status=OK}
Feb 15, 2022 2:32:26 AM net.sourceforge.marathon.javaagent.server.JavaServer serve
INFO: JavaServer.serve(POST /session/bdad633c-9df5-4cc8-9111-6d7acf4b9455/element/07c9ea92-10fe-47e3-ae07-98253d127168/value): {
  "id": "07c9ea92-10fe-47e3-ae07-98253d127168",
  "value": [
    "11000"
  ]
}
Feb 15, 2022 2:32:26 AM net.sourceforge.marathon.javaagent.EventQueueDevice dispatchEvent
INFO: java.awt.event.KeyEvent[KEY_PRESSED,keyCode=49,keyText=1,keyChar='1',keyLocation=KEY_LOCATION_UNKNOWN,rawCode=0,primaryLevelUnicode=0,scancode=0,extendedKeyCode=0x0] on new item stop price field
Feb 15, 2022 2:32:26 AM net.sourceforge.marathon.javaagent.EventQueueDevice dispatchEvent
INFO: java.awt.event.KeyEvent[KEY_TYPED,keyCode=0,keyText=Unknown keyCode: 0x0,keyChar='1',keyLocation=KEY_LOCATION_UNKNOWN,rawCode=0,primaryLevelUnicode=0,scancode=0,extendedKeyCode=0x0] on new item stop price field
Feb 15, 2022 2:32:26 AM net.sourceforge.marathon.javaagent.EventQueueDevice dispatchEvent
INFO: java.awt.event.KeyEvent[KEY_RELEASED,keyCode=49,keyText=1,keyChar='1',keyLocation=KEY_LOCATION_UNKNOWN,rawCode=0,primaryLevelUnicode=0,scancode=0,extendedKeyCode=0x0] on new item stop price field
Feb 15, 2022 2:32:26 AM net.sourceforge.marathon.javaagent.EventQueueDevice dispatchEvent
INFO: java.awt.event.KeyEvent[KEY_PRESSED,keyCode=49,keyText=1,keyChar='1',keyLocation=KEY_LOCATION_UNKNOWN,rawCode=0,primaryLevelUnicode=0,scancode=0,extendedKeyCode=0x0] on new item stop price field
Feb 15, 2022 2:32:26 AM net.sourceforge.marathon.javaagent.EventQueueDevice dispatchEvent
INFO: java.awt.event.KeyEvent[KEY_TYPED,keyCode=0,keyText=Unknown keyCode: 0x0,keyChar='1',keyLocation=KEY_LOCATION_UNKNOWN,rawCode=0,primaryLevelUnicode=0,scancode=0,extendedKeyCode=0x0] on new item stop price field
Feb 15, 2022 2:32:26 AM net.sourceforge.marathon.javaagent.EventQueueDevice dispatchEvent
INFO: java.awt.event.KeyEvent[KEY_RELEASED,keyCode=49,keyText=1,keyChar='1',keyLocation=KEY_LOCATION_UNKNOWN,rawCode=0,primaryLevelUnicode=0,scancode=0,extendedKeyCode=0x0] on new item stop price field
Feb 15, 2022 2:32:26 AM net.sourceforge.marathon.javaagent.EventQueueDevice dispatchEvent
INFO: java.awt.event.KeyEvent[KEY_PRESSED,keyCode=48,keyText=0,keyChar='0',keyLocation=KEY_LOCATION_UNKNOWN,rawCode=0,primaryLevelUnicode=0,scancode=0,extendedKeyCode=0x0] on new item stop price field
Feb 15, 2022 2:32:26 AM net.sourceforge.marathon.javaagent.EventQueueDevice dispatchEvent
INFO: java.awt.event.KeyEvent[KEY_TYPED,keyCode=0,keyText=Unknown keyCode: 0x0,keyChar='0',keyLocation=KEY_LOCATION_UNKNOWN,rawCode=0,primaryLevelUnicode=0,scancode=0,extendedKeyCode=0x0] on new item stop price field
Feb 15, 2022 2:32:26 AM net.sourceforge.marathon.javaagent.EventQueueDevice dispatchEvent
INFO: java.awt.event.KeyEvent[KEY_RELEASED,keyCode=48,keyText=0,keyChar='0',keyLocation=KEY_LOCATION_UNKNOWN,rawCode=0,primaryLevelUnicode=0,scancode=0,extendedKeyCode=0x0] on new item stop price field
Feb 15, 2022 2:32:26 AM net.sourceforge.marathon.javaagent.EventQueueDevice dispatchEvent
INFO: java.awt.event.KeyEvent[KEY_PRESSED,keyCode=48,keyText=0,keyChar='0',keyLocation=KEY_LOCATION_UNKNOWN,rawCode=0,primaryLevelUnicode=0,scancode=0,extendedKeyCode=0x0] on new item stop price field
Feb 15, 2022 2:32:26 AM net.sourceforge.marathon.javaagent.EventQueueDevice dispatchEvent
INFO: java.awt.event.KeyEvent[KEY_TYPED,keyCode=0,keyText=Unknown keyCode: 0x0,keyChar='0',keyLocation=KEY_LOCATION_UNKNOWN,rawCode=0,primaryLevelUnicode=0,scancode=0,extendedKeyCode=0x0] on new item stop price field
Feb 15, 2022 2:32:26 AM net.sourceforge.marathon.javaagent.EventQueueDevice dispatchEvent
INFO: java.awt.event.KeyEvent[KEY_RELEASED,keyCode=48,keyText=0,keyChar='0',keyLocation=KEY_LOCATION_UNKNOWN,rawCode=0,primaryLevelUnicode=0,scancode=0,extendedKeyCode=0x0] on new item stop price field
Feb 15, 2022 2:32:26 AM net.sourceforge.marathon.javaagent.EventQueueDevice dispatchEvent
INFO: java.awt.event.KeyEvent[KEY_PRESSED,keyCode=48,keyText=0,keyChar='0',keyLocation=KEY_LOCATION_UNKNOWN,rawCode=0,primaryLevelUnicode=0,scancode=0,extendedKeyCode=0x0] on new item stop price field
Feb 15, 2022 2:32:26 AM net.sourceforge.marathon.javaagent.EventQueueDevice dispatchEvent
INFO: java.awt.event.KeyEvent[KEY_TYPED,keyCode=0,keyText=Unknown keyCode: 0x0,keyChar='0',keyLocation=KEY_LOCATION_UNKNOWN,rawCode=0,primaryLevelUnicode=0,scancode=0,extendedKeyCode=0x0] on new item stop price field
Feb 15, 2022 2:32:26 AM net.sourceforge.marathon.javaagent.EventQueueDevice dispatchEvent
INFO: java.awt.event.KeyEvent[KEY_RELEASED,keyCode=48,keyText=0,keyChar='0',keyLocation=KEY_LOCATION_UNKNOWN,rawCode=0,primaryLevelUnicode=0,scancode=0,extendedKeyCode=0x0] on new item stop price field
Feb 15, 2022 2:32:26 AM net.sourceforge.marathon.javaagent.server.JavaServer serve
INFO: POST(/session/bdad633c-9df5-4cc8-9111-6d7acf4b9455/element/07c9ea92-10fe-47e3-ae07-98253d127168/value, {"id":"07c9ea92-10fe-47e3-ae07-98253d127168","value":["11000"]}) = {data={"name":"sendKeysElement","sessionId":"bdad633c-9df5-4cc8-9111-6d7acf4b9455","status":0}, status=OK}
Feb 15, 2022 2:32:26 AM net.sourceforge.marathon.javaagent.server.JavaServer serve
INFO: JavaServer.serve(POST /session/bdad633c-9df5-4cc8-9111-6d7acf4b9455/element): {
  "using": "name",
  "value": "join button"
}
Feb 15, 2022 2:32:26 AM net.sourceforge.marathon.javaagent.server.JavaServer serve
INFO: POST(/session/bdad633c-9df5-4cc8-9111-6d7acf4b9455/element, {"using":"name","value":"join button"}) = {data={"name":"findElement","sessionId":"bdad633c-9df5-4cc8-9111-6d7acf4b9455","value":{"ELEMENT":"c7928e3c-e769-4e13-8975-8a4873366875"},"status":0}, status=OK}
Feb 15, 2022 2:32:26 AM net.sourceforge.marathon.javaagent.server.JavaServer serve
INFO: JavaServer.serve(POST /session/bdad633c-9df5-4cc8-9111-6d7acf4b9455/element/c7928e3c-e769-4e13-8975-8a4873366875/click): {
  "id": "c7928e3c-e769-4e13-8975-8a4873366875"
}
Feb 15, 2022 2:32:26 AM net.sourceforge.marathon.javaagent.EventQueueDevice dispatchEvent
INFO: java.awt.event.MouseEvent[MOUSE_PRESSED,(58,12),absolute(589,17),button=1,modifiers=Button1,extModifiers=Button1,clickCount=1] on join button
Feb 15, 2022 2:32:26 AM net.sourceforge.marathon.javaagent.EventQueueDevice dispatchEvent
INFO: java.awt.event.MouseEvent[MOUSE_RELEASED,(58,12),absolute(589,17),button=1,modifiers=Button1,clickCount=1] on join button
Feb 15, 2022 2:32:26 AM net.sourceforge.marathon.javaagent.EventQueueDevice dispatchEvent
INFO: java.awt.event.MouseEvent[MOUSE_CLICKED,(58,12),absolute(589,17),button=1,modifiers=Button1,clickCount=1] on join button
Feb 15, 2022 2:32:26 AM net.sourceforge.marathon.javaagent.server.JavaServer serve
INFO: POST(/session/bdad633c-9df5-4cc8-9111-6d7acf4b9455/element/c7928e3c-e769-4e13-8975-8a4873366875/click, {"id":"c7928e3c-e769-4e13-8975-8a4873366875"}) = {data={"name":"clickElement","sessionId":"bdad633c-9df5-4cc8-9111-6d7acf4b9455","status":0}, status=OK}
Feb 15, 2022 2:32:26 AM net.sourceforge.marathon.javaagent.server.JavaServer serve
INFO: JavaServer.serve(DELETE /session/bdad633c-9df5-4cc8-9111-6d7acf4b9455/window): {}
Feb 15, 2022 2:32:26 AM net.sourceforge.marathon.javaagent.server.JavaServer serve
INFO: DELETE(/session/bdad633c-9df5-4cc8-9111-6d7acf4b9455/window) = {data={"name":"closeSession","sessionId":"bdad633c-9df5-4cc8-9111-6d7acf4b9455","status":0}, status=OK}
Feb 15, 2022 2:32:27 AM net.sourceforge.marathon.javaagent.server.JavaServer serve
INFO: JavaServer.serve(POST /session): {
  "desiredCapabilities": {
    "browserName": "java",
    "platform": "ANY"
  },
  "capabilities": {
    "firstMatch": [
      {
        "browserName": "java"
      }
    ]
  }
}
Feb 15, 2022 2:32:27 AM net.sourceforge.marathon.javaagent.server.JavaServer createSession
INFO: Creating device with type: EVENT_QUEUE
Feb 15, 2022 2:32:27 AM net.sourceforge.marathon.javaagent.Device getDevice
INFO: Creating a EVENT_QUEUE device
Feb 15, 2022 2:32:27 AM net.sourceforge.marathon.javaagent.server.JavaServer serve
INFO: POST(/session, {"desiredCapabilities":{"browserName":"java","platform":"ANY"},"capabilities":{"firstMatch":[{"browserName":"java"}]}}) = {data=, status=REDIRECT}
Feb 15, 2022 2:32:27 AM net.sourceforge.marathon.javaagent.server.JavaServer serve
INFO: JavaServer.serve(GET /session/340b8d75-b991-4f47-ae0f-1193c50ff6c4): {}
Feb 15, 2022 2:32:27 AM net.sourceforge.marathon.javaagent.server.JavaServer serve
INFO: GET(/session/340b8d75-b991-4f47-ae0f-1193c50ff6c4) = {data={"name":"getCapabilities","sessionId":"340b8d75-b991-4f47-ae0f-1193c50ff6c4","value":{"applicationCacheEnabled":false,"rotatable":false,"loggingPrefs":{"driver":"ALL"},"handlesAlerts":false,"databaseEnabled":false,"version":"1.0","platform":"ANY","browserConnectionEnabled":false,"nativeEvents":false,"acceptSslCerts":false,"locationContextEnabled":false,"webStorageEnabled":false,"browserName":"java","takesScreenshot":true,"javascriptEnabled":true,"cssSelectorsEnabled":false},"status":0}, status=OK}
Feb 15, 2022 2:32:27 AM org.openqa.selenium.remote.ProtocolHandshake createSession
INFO: Detected dialect: OSS
Feb 15, 2022 2:32:27 AM net.sourceforge.marathon.javaagent.server.JavaServer serve
INFO: JavaServer.serve(POST /session/340b8d75-b991-4f47-ae0f-1193c50ff6c4/element): {
  "using": "name",
  "value": "sniper reset button"
}
Feb 15, 2022 2:32:27 AM net.sourceforge.marathon.javaagent.server.JavaServer serve
INFO: POST(/session/340b8d75-b991-4f47-ae0f-1193c50ff6c4/element, {"using":"name","value":"sniper reset button"}) = {data={"name":"findElement","sessionId":"340b8d75-b991-4f47-ae0f-1193c50ff6c4","value":{"ELEMENT":"dc2f32d9-a321-4868-9e2d-ab8469427ca3"},"status":0}, status=OK}
Feb 15, 2022 2:32:27 AM net.sourceforge.marathon.javaagent.server.JavaServer serve
INFO: JavaServer.serve(POST /session/340b8d75-b991-4f47-ae0f-1193c50ff6c4/element/dc2f32d9-a321-4868-9e2d-ab8469427ca3/click): {
  "id": "dc2f32d9-a321-4868-9e2d-ab8469427ca3"
}
Feb 15, 2022 2:32:27 AM net.sourceforge.marathon.javaagent.EventQueueDevice dispatchEvent
INFO: java.awt.event.MouseEvent[MOUSE_PRESSED,(37,12),absolute(326,474),button=1,modifiers=Button1,extModifiers=Button1,clickCount=1] on sniper reset button
Feb 15, 2022 2:32:27 AM net.sourceforge.marathon.javaagent.EventQueueDevice dispatchEvent
INFO: java.awt.event.MouseEvent[MOUSE_RELEASED,(37,12),absolute(326,474),button=1,modifiers=Button1,clickCount=1] on sniper reset button
Feb 15, 2022 2:32:27 AM net.sourceforge.marathon.javaagent.EventQueueDevice dispatchEvent
INFO: java.awt.event.MouseEvent[MOUSE_CLICKED,(37,12),absolute(326,474),button=1,modifiers=Button1,clickCount=1] on sniper reset button
Feb 15, 2022 2:32:27 AM net.sourceforge.marathon.javaagent.server.JavaServer serve
INFO: POST(/session/340b8d75-b991-4f47-ae0f-1193c50ff6c4/element/dc2f32d9-a321-4868-9e2d-ab8469427ca3/click, {"id":"dc2f32d9-a321-4868-9e2d-ab8469427ca3"}) = {data={"name":"clickElement","sessionId":"340b8d75-b991-4f47-ae0f-1193c50ff6c4","status":0}, status=OK}
Feb 15, 2022 2:32:27 AM net.sourceforge.marathon.javaagent.server.JavaServer serve
INFO: JavaServer.serve(DELETE /session/340b8d75-b991-4f47-ae0f-1193c50ff6c4/window): {}
Feb 15, 2022 2:32:27 AM net.sourceforge.marathon.javaagent.server.JavaServer serve
INFO: DELETE(/session/340b8d75-b991-4f47-ae0f-1193c50ff6c4/window) = {data={"name":"closeSession","sessionId":"340b8d75-b991-4f47-ae0f-1193c50ff6c4","status":0}, status=OK}
]]></system-err>
</testsuite>
