<?xml version="1.0" encoding="UTF-8"?>
<testsuite name="goos.core.SniperStateTest" tests="6" skipped="0" failures="0" errors="0" timestamp="2021-12-18T03:09:20" hostname="buildkitsandbox" time="0.059">
  <properties/>
  <testcase name="JOINING should become LOST when closed" classname="goos.core.SniperStateTest" time="0.015"/>
  <testcase name="BIDDING should become LOST when closed" classname="goos.core.SniperStateTest" time="0.003"/>
  <testcase name="WINNING should become WON when closed" classname="goos.core.SniperStateTest" time="0.003"/>
  <testcase name="LOSING should become LOST when closed" classname="goos.core.SniperStateTest" time="0.003"/>
  <testcase name="LOST should not be closeable" classname="goos.core.SniperStateTest" time="0.006"/>
  <testcase name="WON should not be closeable" classname="goos.core.SniperStateTest" time="0.002"/>
  <system-out><![CDATA[]]></system-out>
  <system-err><![CDATA[]]></system-err>
</testsuite>
