<?xml version="1.0" encoding="UTF-8"?>
<testsuite name="goos.ui.swing.SnipersTableModelTest" tests="9" skipped="0" failures="0" errors="0" timestamp="2021-12-21T02:33:39" hostname="buildkitsandbox" time="0.05">
  <properties/>
  <testcase name="has enough columns" classname="goos.ui.swing.SnipersTableModelTest" time="0.002"/>
  <testcase name="has column title for ITEM_IDENTIFIER" classname="goos.ui.swing.SnipersTableModelTest" time="0.001"/>
  <testcase name="has column title for LAST_PRICE" classname="goos.ui.swing.SnipersTableModelTest" time="0.001"/>
  <testcase name="has column title for LAST_BID" classname="goos.ui.swing.SnipersTableModelTest" time="0.001"/>
  <testcase name="has column title for SNIPER_STATE" classname="goos.ui.swing.SnipersTableModelTest" time="0.001"/>
  <testcase name="sets sniper values in columns" classname="goos.ui.swing.SnipersTableModelTest" time="0.023"/>
  <testcase name="notifies listeners when adding a sniper" classname="goos.ui.swing.SnipersTableModelTest" time="0.002"/>
  <testcase name="holds snipers in addition order" classname="goos.ui.swing.SnipersTableModelTest" time="0.0"/>
  <testcase name="updates correct row for sniper" classname="goos.ui.swing.SnipersTableModelTest" time="0.001"/>
  <system-out><![CDATA[]]></system-out>
  <system-err><![CDATA[]]></system-err>
</testsuite>
