<?xml version="1.0" encoding="UTF-8"?>
<testsuite name="goos.ui.swing.MainWindowTest" tests="3" skipped="0" failures="0" errors="0" timestamp="2021-12-24T02:32:14" hostname="buildkitsandbox" time="5.197">
  <properties/>
  <testcase name="window has expected features" classname="goos.ui.swing.MainWindowTest" time="3.717"/>
  <testcase name="make user request when join button clicked" classname="goos.ui.swing.MainWindowTest" time="1.271"/>
  <testcase name="make user request when reset button clicked" classname="goos.ui.swing.MainWindowTest" time="0.203"/>
  <system-out><![CDATA[]]></system-out>
  <system-err><![CDATA[SLF4J: Failed to load class "org.slf4j.impl.StaticLoggerBinder".
SLF4J: Defaulting to no-operation (NOP) logger implementation
SLF4J: See http://www.slf4j.org/codes.html#StaticLoggerBinder for further details.
Dec 24, 2021 2:32:17 AM io.netty.util.internal.MacAddressUtil defaultMachineId
WARNING: Failed to find a usable hardware address from the network interfaces; using random bytes: a2:7d:cc:19:20:5d:b8:0d
Dec 24, 2021 2:32:18 AM net.sourceforge.marathon.javaagent.server.JavaServer serve
INFO: JavaServer.serve(POST /session): {
  "desiredCapabilities": {
    "browserName": "java",
    "platform": "ANY"
  },
  "capabilities": {
    "firstMatch": [
      {
        "browserName": "java"
      }
    ]
  }
}
Dec 24, 2021 2:32:18 AM net.sourceforge.marathon.javaagent.server.JavaServer createSession
INFO: Creating device with type: EVENT_QUEUE
Dec 24, 2021 2:32:18 AM net.sourceforge.marathon.javaagent.Device getDevice
INFO: Creating a EVENT_QUEUE device
Dec 24, 2021 2:32:18 AM net.sourceforge.marathon.javaagent.server.JavaServer serve
INFO: POST(/session, {"desiredCapabilities":{"browserName":"java","platform":"ANY"},"capabilities":{"firstMatch":[{"browserName":"java"}]}}) = {data=, status=REDIRECT}
Dec 24, 2021 2:32:18 AM net.sourceforge.marathon.javaagent.server.JavaServer serve
INFO: JavaServer.serve(GET /session/9ee60d08-930c-460c-955e-200ce3a54790): {}
Dec 24, 2021 2:32:18 AM net.sourceforge.marathon.javaagent.server.JavaServer serve
INFO: GET(/session/9ee60d08-930c-460c-955e-200ce3a54790) = {data={"name":"getCapabilities","sessionId":"9ee60d08-930c-460c-955e-200ce3a54790","value":{"applicationCacheEnabled":false,"rotatable":false,"loggingPrefs":{"driver":"ALL"},"handlesAlerts":false,"databaseEnabled":false,"version":"1.0","platform":"ANY","browserConnectionEnabled":false,"nativeEvents":false,"acceptSslCerts":false,"locationContextEnabled":false,"webStorageEnabled":false,"browserName":"java","takesScreenshot":true,"javascriptEnabled":true,"cssSelectorsEnabled":false},"status":0}, status=OK}
Dec 24, 2021 2:32:18 AM org.openqa.selenium.remote.ProtocolHandshake createSession
INFO: Detected dialect: OSS
Dec 24, 2021 2:32:18 AM net.sourceforge.marathon.javaagent.server.JavaServer serve
INFO: JavaServer.serve(POST /session/9ee60d08-930c-460c-955e-200ce3a54790/element): {
  "using": "css selector",
  "value": "."
}
Dec 24, 2021 2:32:18 AM net.sourceforge.marathon.javaagent.server.JavaServer serve
INFO: POST(/session/9ee60d08-930c-460c-955e-200ce3a54790/element, {"using":"css selector","value":"."}) = {data={"name":"findElement","sessionId":"9ee60d08-930c-460c-955e-200ce3a54790","value":{"ELEMENT":"7990e03e-295e-4595-80d6-50b22e62d1ec"},"status":0}, status=OK}
Dec 24, 2021 2:32:18 AM net.sourceforge.marathon.javaagent.server.JavaServer serve
INFO: JavaServer.serve(GET /session/9ee60d08-930c-460c-955e-200ce3a54790/element/7990e03e-295e-4595-80d6-50b22e62d1ec/attribute/name): {}
Dec 24, 2021 2:32:18 AM net.sourceforge.marathon.javaagent.server.JavaServer serve
INFO: GET(/session/9ee60d08-930c-460c-955e-200ce3a54790/element/7990e03e-295e-4595-80d6-50b22e62d1ec/attribute/name) = {data={"name":"getElementAttribute","sessionId":"9ee60d08-930c-460c-955e-200ce3a54790","value":"Auction Sniper Name","status":0}, status=OK}
Dec 24, 2021 2:32:18 AM net.sourceforge.marathon.javaagent.server.JavaServer serve
INFO: JavaServer.serve(POST /session/9ee60d08-930c-460c-955e-200ce3a54790/element): {
  "using": "css selector",
  "value": "."
}
Dec 24, 2021 2:32:18 AM net.sourceforge.marathon.javaagent.server.JavaServer serve
INFO: POST(/session/9ee60d08-930c-460c-955e-200ce3a54790/element, {"using":"css selector","value":"."}) = {data={"name":"findElement","sessionId":"9ee60d08-930c-460c-955e-200ce3a54790","value":{"ELEMENT":"7990e03e-295e-4595-80d6-50b22e62d1ec"},"status":0}, status=OK}
Dec 24, 2021 2:32:18 AM net.sourceforge.marathon.javaagent.server.JavaServer serve
INFO: JavaServer.serve(GET /session/9ee60d08-930c-460c-955e-200ce3a54790/element/7990e03e-295e-4595-80d6-50b22e62d1ec/displayed): {}
Dec 24, 2021 2:32:18 AM net.sourceforge.marathon.javaagent.server.JavaServer serve
INFO: GET(/session/9ee60d08-930c-460c-955e-200ce3a54790/element/7990e03e-295e-4595-80d6-50b22e62d1ec/displayed) = {data={"name":"isDisplayed","sessionId":"9ee60d08-930c-460c-955e-200ce3a54790","value":true,"status":0}, status=OK}
Dec 24, 2021 2:32:18 AM net.sourceforge.marathon.javaagent.server.JavaServer serve
INFO: JavaServer.serve(GET /session/9ee60d08-930c-460c-955e-200ce3a54790/title): {}
Dec 24, 2021 2:32:18 AM net.sourceforge.marathon.javaagent.server.JavaServer serve
INFO: GET(/session/9ee60d08-930c-460c-955e-200ce3a54790/title) = {data={"name":"getWindowTitle","sessionId":"9ee60d08-930c-460c-955e-200ce3a54790","value":"Auction Sniper","status":0}, status=OK}
Dec 24, 2021 2:32:18 AM net.sourceforge.marathon.javaagent.server.JavaServer serve
INFO: JavaServer.serve(POST /session/9ee60d08-930c-460c-955e-200ce3a54790/element): {
  "using": "name",
  "value": "snipers table"
}
Dec 24, 2021 2:32:18 AM net.sourceforge.marathon.javaagent.server.JavaServer serve
INFO: POST(/session/9ee60d08-930c-460c-955e-200ce3a54790/element, {"using":"name","value":"snipers table"}) = {data={"name":"findElement","sessionId":"9ee60d08-930c-460c-955e-200ce3a54790","value":{"ELEMENT":"8ec017f1-18dd-4fd7-b8b9-63e95247bf57"},"status":0}, status=OK}
Dec 24, 2021 2:32:18 AM net.sourceforge.marathon.javaagent.server.JavaServer serve
INFO: JavaServer.serve(POST /session/9ee60d08-930c-460c-955e-200ce3a54790/element/8ec017f1-18dd-4fd7-b8b9-63e95247bf57/elements): {
  "id": "8ec017f1-18dd-4fd7-b8b9-63e95247bf57",
  "using": "css selector",
  "value": ".::header.::all-items"
}
Dec 24, 2021 2:32:18 AM net.sourceforge.marathon.javaagent.server.JavaServer serve
INFO: POST(/session/9ee60d08-930c-460c-955e-200ce3a54790/element/8ec017f1-18dd-4fd7-b8b9-63e95247bf57/elements, {"using":"css selector","id":"8ec017f1-18dd-4fd7-b8b9-63e95247bf57","value":".::header.::all-items"}) = {data={"name":"findElementsOfElement","sessionId":"9ee60d08-930c-460c-955e-200ce3a54790","value":[{"ELEMENT":"b4e4a3c1-d534-411b-b6d8-162d0b2264b2%23%7B%22selector%22%3A%22nth-item%22%2C%22parameters%22%3A%5B1%5D%7D"},{"ELEMENT":"b4e4a3c1-d534-411b-b6d8-162d0b2264b2%23%7B%22selector%22%3A%22nth-item%22%2C%22parameters%22%3A%5B2%5D%7D"},{"ELEMENT":"b4e4a3c1-d534-411b-b6d8-162d0b2264b2%23%7B%22selector%22%3A%22nth-item%22%2C%22parameters%22%3A%5B3%5D%7D"},{"ELEMENT":"b4e4a3c1-d534-411b-b6d8-162d0b2264b2%23%7B%22selector%22%3A%22nth-item%22%2C%22parameters%22%3A%5B4%5D%7D"}],"status":0}, status=OK}
Dec 24, 2021 2:32:18 AM net.sourceforge.marathon.javaagent.server.JavaServer serve
INFO: JavaServer.serve(GET /session/9ee60d08-930c-460c-955e-200ce3a54790/element/b4e4a3c1-d534-411b-b6d8-162d0b2264b2%23%7B%22selector%22%3A%22nth-item%22%2C%22parameters%22%3A%5B1%5D%7D/text): {}
Dec 24, 2021 2:32:18 AM net.sourceforge.marathon.javaagent.server.JavaServer serve
INFO: GET(/session/9ee60d08-930c-460c-955e-200ce3a54790/element/b4e4a3c1-d534-411b-b6d8-162d0b2264b2%23%7B%22selector%22%3A%22nth-item%22%2C%22parameters%22%3A%5B1%5D%7D/text) = {data={"name":"getElementText","sessionId":"9ee60d08-930c-460c-955e-200ce3a54790","value":"Item","status":0}, status=OK}
Dec 24, 2021 2:32:18 AM net.sourceforge.marathon.javaagent.server.JavaServer serve
INFO: JavaServer.serve(GET /session/9ee60d08-930c-460c-955e-200ce3a54790/element/b4e4a3c1-d534-411b-b6d8-162d0b2264b2%23%7B%22selector%22%3A%22nth-item%22%2C%22parameters%22%3A%5B2%5D%7D/text): {}
Dec 24, 2021 2:32:18 AM net.sourceforge.marathon.javaagent.server.JavaServer serve
INFO: GET(/session/9ee60d08-930c-460c-955e-200ce3a54790/element/b4e4a3c1-d534-411b-b6d8-162d0b2264b2%23%7B%22selector%22%3A%22nth-item%22%2C%22parameters%22%3A%5B2%5D%7D/text) = {data={"name":"getElementText","sessionId":"9ee60d08-930c-460c-955e-200ce3a54790","value":"Last Price","status":0}, status=OK}
Dec 24, 2021 2:32:18 AM net.sourceforge.marathon.javaagent.server.JavaServer serve
INFO: JavaServer.serve(GET /session/9ee60d08-930c-460c-955e-200ce3a54790/element/b4e4a3c1-d534-411b-b6d8-162d0b2264b2%23%7B%22selector%22%3A%22nth-item%22%2C%22parameters%22%3A%5B3%5D%7D/text): {}
Dec 24, 2021 2:32:18 AM net.sourceforge.marathon.javaagent.server.JavaServer serve
INFO: GET(/session/9ee60d08-930c-460c-955e-200ce3a54790/element/b4e4a3c1-d534-411b-b6d8-162d0b2264b2%23%7B%22selector%22%3A%22nth-item%22%2C%22parameters%22%3A%5B3%5D%7D/text) = {data={"name":"getElementText","sessionId":"9ee60d08-930c-460c-955e-200ce3a54790","value":"Last Bid","status":0}, status=OK}
Dec 24, 2021 2:32:18 AM net.sourceforge.marathon.javaagent.server.JavaServer serve
INFO: JavaServer.serve(GET /session/9ee60d08-930c-460c-955e-200ce3a54790/element/b4e4a3c1-d534-411b-b6d8-162d0b2264b2%23%7B%22selector%22%3A%22nth-item%22%2C%22parameters%22%3A%5B4%5D%7D/text): {}
Dec 24, 2021 2:32:18 AM net.sourceforge.marathon.javaagent.server.JavaServer serve
INFO: GET(/session/9ee60d08-930c-460c-955e-200ce3a54790/element/b4e4a3c1-d534-411b-b6d8-162d0b2264b2%23%7B%22selector%22%3A%22nth-item%22%2C%22parameters%22%3A%5B4%5D%7D/text) = {data={"name":"getElementText","sessionId":"9ee60d08-930c-460c-955e-200ce3a54790","value":"State","status":0}, status=OK}
Dec 24, 2021 2:32:18 AM net.sourceforge.marathon.javaagent.server.JavaServer serve
INFO: JavaServer.serve(DELETE /session/9ee60d08-930c-460c-955e-200ce3a54790/window): {}
Dec 24, 2021 2:32:18 AM net.sourceforge.marathon.javaagent.server.JavaServer serve
INFO: DELETE(/session/9ee60d08-930c-460c-955e-200ce3a54790/window) = {data={"name":"closeSession","sessionId":"9ee60d08-930c-460c-955e-200ce3a54790","status":0}, status=OK}
Dec 24, 2021 2:32:18 AM net.sourceforge.marathon.javaagent.server.JavaServer serve
INFO: JavaServer.serve(POST /session): {
  "desiredCapabilities": {
    "browserName": "java",
    "platform": "ANY"
  },
  "capabilities": {
    "firstMatch": [
      {
        "browserName": "java"
      }
    ]
  }
}
Dec 24, 2021 2:32:18 AM net.sourceforge.marathon.javaagent.server.JavaServer createSession
INFO: Creating device with type: EVENT_QUEUE
Dec 24, 2021 2:32:18 AM net.sourceforge.marathon.javaagent.Device getDevice
INFO: Creating a EVENT_QUEUE device
Dec 24, 2021 2:32:18 AM net.sourceforge.marathon.javaagent.server.JavaServer serve
INFO: POST(/session, {"desiredCapabilities":{"browserName":"java","platform":"ANY"},"capabilities":{"firstMatch":[{"browserName":"java"}]}}) = {data=, status=REDIRECT}
Dec 24, 2021 2:32:18 AM net.sourceforge.marathon.javaagent.server.JavaServer serve
INFO: JavaServer.serve(GET /session/dabf8a1a-05ed-4ef9-94bf-1b3efe17f9af): {}
Dec 24, 2021 2:32:18 AM net.sourceforge.marathon.javaagent.server.JavaServer serve
INFO: GET(/session/dabf8a1a-05ed-4ef9-94bf-1b3efe17f9af) = {data={"name":"getCapabilities","sessionId":"dabf8a1a-05ed-4ef9-94bf-1b3efe17f9af","value":{"applicationCacheEnabled":false,"rotatable":false,"loggingPrefs":{"driver":"ALL"},"handlesAlerts":false,"databaseEnabled":false,"version":"1.0","platform":"ANY","browserConnectionEnabled":false,"nativeEvents":false,"acceptSslCerts":false,"locationContextEnabled":false,"webStorageEnabled":false,"browserName":"java","takesScreenshot":true,"javascriptEnabled":true,"cssSelectorsEnabled":false},"status":0}, status=OK}
Dec 24, 2021 2:32:18 AM org.openqa.selenium.remote.ProtocolHandshake createSession
INFO: Detected dialect: OSS
Dec 24, 2021 2:32:18 AM net.sourceforge.marathon.javaagent.server.JavaServer serve
INFO: JavaServer.serve(POST /session/dabf8a1a-05ed-4ef9-94bf-1b3efe17f9af/element): {
  "using": "name",
  "value": "new item id field"
}
Dec 24, 2021 2:32:18 AM net.sourceforge.marathon.javaagent.server.JavaServer serve
INFO: POST(/session/dabf8a1a-05ed-4ef9-94bf-1b3efe17f9af/element, {"using":"name","value":"new item id field"}) = {data={"name":"findElement","sessionId":"dabf8a1a-05ed-4ef9-94bf-1b3efe17f9af","value":{"ELEMENT":"3a3929c7-6de5-47ee-a9e4-0a18bd8e245c"},"status":0}, status=OK}
Dec 24, 2021 2:32:18 AM net.sourceforge.marathon.javaagent.server.JavaServer serve
INFO: JavaServer.serve(POST /session/dabf8a1a-05ed-4ef9-94bf-1b3efe17f9af/element/3a3929c7-6de5-47ee-a9e4-0a18bd8e245c/clear): {
  "id": "3a3929c7-6de5-47ee-a9e4-0a18bd8e245c"
}
Dec 24, 2021 2:32:18 AM net.sourceforge.marathon.javaagent.server.JavaServer serve
INFO: POST(/session/dabf8a1a-05ed-4ef9-94bf-1b3efe17f9af/element/3a3929c7-6de5-47ee-a9e4-0a18bd8e245c/clear, {"id":"3a3929c7-6de5-47ee-a9e4-0a18bd8e245c"}) = {data={"name":"clearElement","sessionId":"dabf8a1a-05ed-4ef9-94bf-1b3efe17f9af","status":0}, status=OK}
Dec 24, 2021 2:32:18 AM net.sourceforge.marathon.javaagent.server.JavaServer serve
INFO: JavaServer.serve(POST /session/dabf8a1a-05ed-4ef9-94bf-1b3efe17f9af/element/3a3929c7-6de5-47ee-a9e4-0a18bd8e245c/value): {
  "id": "3a3929c7-6de5-47ee-a9e4-0a18bd8e245c",
  "value": [
    "an item-id"
  ]
}
Dec 24, 2021 2:32:18 AM net.sourceforge.marathon.javaagent.EventQueueDevice dispatchEvent
INFO: java.awt.event.KeyEvent[KEY_PRESSED,keyCode=65,keyText=A,keyChar='a',keyLocation=KEY_LOCATION_UNKNOWN,rawCode=0,primaryLevelUnicode=0,scancode=0,extendedKeyCode=0x0] on new item id field
Dec 24, 2021 2:32:18 AM net.sourceforge.marathon.javaagent.EventQueueDevice dispatchEvent
INFO: java.awt.event.KeyEvent[KEY_TYPED,keyCode=0,keyText=Unknown keyCode: 0x0,keyChar='a',keyLocation=KEY_LOCATION_UNKNOWN,rawCode=0,primaryLevelUnicode=0,scancode=0,extendedKeyCode=0x0] on new item id field
Dec 24, 2021 2:32:18 AM net.sourceforge.marathon.javaagent.EventQueueDevice dispatchEvent
INFO: java.awt.event.KeyEvent[KEY_RELEASED,keyCode=65,keyText=A,keyChar='a',keyLocation=KEY_LOCATION_UNKNOWN,rawCode=0,primaryLevelUnicode=0,scancode=0,extendedKeyCode=0x0] on new item id field
Dec 24, 2021 2:32:18 AM net.sourceforge.marathon.javaagent.EventQueueDevice dispatchEvent
INFO: java.awt.event.KeyEvent[KEY_PRESSED,keyCode=78,keyText=N,keyChar='n',keyLocation=KEY_LOCATION_UNKNOWN,rawCode=0,primaryLevelUnicode=0,scancode=0,extendedKeyCode=0x0] on new item id field
Dec 24, 2021 2:32:18 AM net.sourceforge.marathon.javaagent.EventQueueDevice dispatchEvent
INFO: java.awt.event.KeyEvent[KEY_TYPED,keyCode=0,keyText=Unknown keyCode: 0x0,keyChar='n',keyLocation=KEY_LOCATION_UNKNOWN,rawCode=0,primaryLevelUnicode=0,scancode=0,extendedKeyCode=0x0] on new item id field
Dec 24, 2021 2:32:18 AM net.sourceforge.marathon.javaagent.EventQueueDevice dispatchEvent
INFO: java.awt.event.KeyEvent[KEY_RELEASED,keyCode=78,keyText=N,keyChar='n',keyLocation=KEY_LOCATION_UNKNOWN,rawCode=0,primaryLevelUnicode=0,scancode=0,extendedKeyCode=0x0] on new item id field
Dec 24, 2021 2:32:18 AM net.sourceforge.marathon.javaagent.EventQueueDevice dispatchEvent
INFO: java.awt.event.KeyEvent[KEY_PRESSED,keyCode=16,keyText=Shift,keyChar=Undefined keyChar,modifiers=Shift,extModifiers=Shift,keyLocation=KEY_LOCATION_UNKNOWN,rawCode=0,primaryLevelUnicode=0,scancode=0,extendedKeyCode=0x0] on new item id field
Dec 24, 2021 2:32:18 AM net.sourceforge.marathon.javaagent.EventQueueDevice dispatchEvent
INFO: java.awt.event.KeyEvent[KEY_PRESSED,keyCode=32,keyText=Space,keyChar=' ',modifiers=Shift,extModifiers=Shift,keyLocation=KEY_LOCATION_UNKNOWN,rawCode=0,primaryLevelUnicode=0,scancode=0,extendedKeyCode=0x0] on new item id field
Dec 24, 2021 2:32:18 AM net.sourceforge.marathon.javaagent.EventQueueDevice dispatchEvent
INFO: java.awt.event.KeyEvent[KEY_TYPED,keyCode=0,keyText=Unknown keyCode: 0x0,keyChar=' ',modifiers=Shift,extModifiers=Shift,keyLocation=KEY_LOCATION_UNKNOWN,rawCode=0,primaryLevelUnicode=0,scancode=0,extendedKeyCode=0x0] on new item id field
Dec 24, 2021 2:32:18 AM net.sourceforge.marathon.javaagent.EventQueueDevice dispatchEvent
INFO: java.awt.event.KeyEvent[KEY_RELEASED,keyCode=32,keyText=Space,keyChar=' ',modifiers=Shift,extModifiers=Shift,keyLocation=KEY_LOCATION_UNKNOWN,rawCode=0,primaryLevelUnicode=0,scancode=0,extendedKeyCode=0x0] on new item id field
Dec 24, 2021 2:32:18 AM net.sourceforge.marathon.javaagent.EventQueueDevice dispatchEvent
INFO: java.awt.event.KeyEvent[KEY_RELEASED,keyCode=16,keyText=Shift,keyChar=Undefined keyChar,keyLocation=KEY_LOCATION_UNKNOWN,rawCode=0,primaryLevelUnicode=0,scancode=0,extendedKeyCode=0x0] on new item id field
Dec 24, 2021 2:32:18 AM net.sourceforge.marathon.javaagent.EventQueueDevice dispatchEvent
INFO: java.awt.event.KeyEvent[KEY_PRESSED,keyCode=73,keyText=I,keyChar='i',keyLocation=KEY_LOCATION_UNKNOWN,rawCode=0,primaryLevelUnicode=0,scancode=0,extendedKeyCode=0x0] on new item id field
Dec 24, 2021 2:32:18 AM net.sourceforge.marathon.javaagent.EventQueueDevice dispatchEvent
INFO: java.awt.event.KeyEvent[KEY_TYPED,keyCode=0,keyText=Unknown keyCode: 0x0,keyChar='i',keyLocation=KEY_LOCATION_UNKNOWN,rawCode=0,primaryLevelUnicode=0,scancode=0,extendedKeyCode=0x0] on new item id field
Dec 24, 2021 2:32:18 AM net.sourceforge.marathon.javaagent.EventQueueDevice dispatchEvent
INFO: java.awt.event.KeyEvent[KEY_RELEASED,keyCode=73,keyText=I,keyChar='i',keyLocation=KEY_LOCATION_UNKNOWN,rawCode=0,primaryLevelUnicode=0,scancode=0,extendedKeyCode=0x0] on new item id field
Dec 24, 2021 2:32:18 AM net.sourceforge.marathon.javaagent.EventQueueDevice dispatchEvent
INFO: java.awt.event.KeyEvent[KEY_PRESSED,keyCode=84,keyText=T,keyChar='t',keyLocation=KEY_LOCATION_UNKNOWN,rawCode=0,primaryLevelUnicode=0,scancode=0,extendedKeyCode=0x0] on new item id field
Dec 24, 2021 2:32:18 AM net.sourceforge.marathon.javaagent.EventQueueDevice dispatchEvent
INFO: java.awt.event.KeyEvent[KEY_TYPED,keyCode=0,keyText=Unknown keyCode: 0x0,keyChar='t',keyLocation=KEY_LOCATION_UNKNOWN,rawCode=0,primaryLevelUnicode=0,scancode=0,extendedKeyCode=0x0] on new item id field
Dec 24, 2021 2:32:18 AM net.sourceforge.marathon.javaagent.EventQueueDevice dispatchEvent
INFO: java.awt.event.KeyEvent[KEY_RELEASED,keyCode=84,keyText=T,keyChar='t',keyLocation=KEY_LOCATION_UNKNOWN,rawCode=0,primaryLevelUnicode=0,scancode=0,extendedKeyCode=0x0] on new item id field
Dec 24, 2021 2:32:18 AM net.sourceforge.marathon.javaagent.EventQueueDevice dispatchEvent
INFO: java.awt.event.KeyEvent[KEY_PRESSED,keyCode=69,keyText=E,keyChar='e',keyLocation=KEY_LOCATION_UNKNOWN,rawCode=0,primaryLevelUnicode=0,scancode=0,extendedKeyCode=0x0] on new item id field
Dec 24, 2021 2:32:18 AM net.sourceforge.marathon.javaagent.EventQueueDevice dispatchEvent
INFO: java.awt.event.KeyEvent[KEY_TYPED,keyCode=0,keyText=Unknown keyCode: 0x0,keyChar='e',keyLocation=KEY_LOCATION_UNKNOWN,rawCode=0,primaryLevelUnicode=0,scancode=0,extendedKeyCode=0x0] on new item id field
Dec 24, 2021 2:32:18 AM net.sourceforge.marathon.javaagent.EventQueueDevice dispatchEvent
INFO: java.awt.event.KeyEvent[KEY_RELEASED,keyCode=69,keyText=E,keyChar='e',keyLocation=KEY_LOCATION_UNKNOWN,rawCode=0,primaryLevelUnicode=0,scancode=0,extendedKeyCode=0x0] on new item id field
Dec 24, 2021 2:32:18 AM net.sourceforge.marathon.javaagent.EventQueueDevice dispatchEvent
INFO: java.awt.event.KeyEvent[KEY_PRESSED,keyCode=77,keyText=M,keyChar='m',keyLocation=KEY_LOCATION_UNKNOWN,rawCode=0,primaryLevelUnicode=0,scancode=0,extendedKeyCode=0x0] on new item id field
Dec 24, 2021 2:32:18 AM net.sourceforge.marathon.javaagent.EventQueueDevice dispatchEvent
INFO: java.awt.event.KeyEvent[KEY_TYPED,keyCode=0,keyText=Unknown keyCode: 0x0,keyChar='m',keyLocation=KEY_LOCATION_UNKNOWN,rawCode=0,primaryLevelUnicode=0,scancode=0,extendedKeyCode=0x0] on new item id field
Dec 24, 2021 2:32:18 AM net.sourceforge.marathon.javaagent.EventQueueDevice dispatchEvent
INFO: java.awt.event.KeyEvent[KEY_RELEASED,keyCode=77,keyText=M,keyChar='m',keyLocation=KEY_LOCATION_UNKNOWN,rawCode=0,primaryLevelUnicode=0,scancode=0,extendedKeyCode=0x0] on new item id field
Dec 24, 2021 2:32:18 AM net.sourceforge.marathon.javaagent.EventQueueDevice dispatchEvent
INFO: java.awt.event.KeyEvent[KEY_PRESSED,keyCode=45,keyText=Minus,keyChar='-',keyLocation=KEY_LOCATION_UNKNOWN,rawCode=0,primaryLevelUnicode=0,scancode=0,extendedKeyCode=0x0] on new item id field
Dec 24, 2021 2:32:18 AM net.sourceforge.marathon.javaagent.EventQueueDevice dispatchEvent
INFO: java.awt.event.KeyEvent[KEY_TYPED,keyCode=0,keyText=Unknown keyCode: 0x0,keyChar='-',keyLocation=KEY_LOCATION_UNKNOWN,rawCode=0,primaryLevelUnicode=0,scancode=0,extendedKeyCode=0x0] on new item id field
Dec 24, 2021 2:32:18 AM net.sourceforge.marathon.javaagent.EventQueueDevice dispatchEvent
INFO: java.awt.event.KeyEvent[KEY_RELEASED,keyCode=45,keyText=Minus,keyChar='-',keyLocation=KEY_LOCATION_UNKNOWN,rawCode=0,primaryLevelUnicode=0,scancode=0,extendedKeyCode=0x0] on new item id field
Dec 24, 2021 2:32:18 AM net.sourceforge.marathon.javaagent.EventQueueDevice dispatchEvent
INFO: java.awt.event.KeyEvent[KEY_PRESSED,keyCode=73,keyText=I,keyChar='i',keyLocation=KEY_LOCATION_UNKNOWN,rawCode=0,primaryLevelUnicode=0,scancode=0,extendedKeyCode=0x0] on new item id field
Dec 24, 2021 2:32:18 AM net.sourceforge.marathon.javaagent.EventQueueDevice dispatchEvent
INFO: java.awt.event.KeyEvent[KEY_TYPED,keyCode=0,keyText=Unknown keyCode: 0x0,keyChar='i',keyLocation=KEY_LOCATION_UNKNOWN,rawCode=0,primaryLevelUnicode=0,scancode=0,extendedKeyCode=0x0] on new item id field
Dec 24, 2021 2:32:18 AM net.sourceforge.marathon.javaagent.EventQueueDevice dispatchEvent
INFO: java.awt.event.KeyEvent[KEY_RELEASED,keyCode=73,keyText=I,keyChar='i',keyLocation=KEY_LOCATION_UNKNOWN,rawCode=0,primaryLevelUnicode=0,scancode=0,extendedKeyCode=0x0] on new item id field
Dec 24, 2021 2:32:18 AM net.sourceforge.marathon.javaagent.EventQueueDevice dispatchEvent
INFO: java.awt.event.KeyEvent[KEY_PRESSED,keyCode=68,keyText=D,keyChar='d',keyLocation=KEY_LOCATION_UNKNOWN,rawCode=0,primaryLevelUnicode=0,scancode=0,extendedKeyCode=0x0] on new item id field
Dec 24, 2021 2:32:18 AM net.sourceforge.marathon.javaagent.EventQueueDevice dispatchEvent
INFO: java.awt.event.KeyEvent[KEY_TYPED,keyCode=0,keyText=Unknown keyCode: 0x0,keyChar='d',keyLocation=KEY_LOCATION_UNKNOWN,rawCode=0,primaryLevelUnicode=0,scancode=0,extendedKeyCode=0x0] on new item id field
Dec 24, 2021 2:32:18 AM net.sourceforge.marathon.javaagent.EventQueueDevice dispatchEvent
INFO: java.awt.event.KeyEvent[KEY_RELEASED,keyCode=68,keyText=D,keyChar='d',keyLocation=KEY_LOCATION_UNKNOWN,rawCode=0,primaryLevelUnicode=0,scancode=0,extendedKeyCode=0x0] on new item id field
Dec 24, 2021 2:32:18 AM net.sourceforge.marathon.javaagent.server.JavaServer serve
INFO: POST(/session/dabf8a1a-05ed-4ef9-94bf-1b3efe17f9af/element/3a3929c7-6de5-47ee-a9e4-0a18bd8e245c/value, {"id":"3a3929c7-6de5-47ee-a9e4-0a18bd8e245c","value":["an item-id"]}) = {data={"name":"sendKeysElement","sessionId":"dabf8a1a-05ed-4ef9-94bf-1b3efe17f9af","status":0}, status=OK}
Dec 24, 2021 2:32:18 AM net.sourceforge.marathon.javaagent.server.JavaServer serve
INFO: JavaServer.serve(POST /session/dabf8a1a-05ed-4ef9-94bf-1b3efe17f9af/element): {
  "using": "name",
  "value": "new item stop price field"
}
Dec 24, 2021 2:32:18 AM net.sourceforge.marathon.javaagent.server.JavaServer serve
INFO: POST(/session/dabf8a1a-05ed-4ef9-94bf-1b3efe17f9af/element, {"using":"name","value":"new item stop price field"}) = {data={"name":"findElement","sessionId":"dabf8a1a-05ed-4ef9-94bf-1b3efe17f9af","value":{"ELEMENT":"3cce1836-730e-44b3-ae58-f7c6d860fe90"},"status":0}, status=OK}
Dec 24, 2021 2:32:18 AM net.sourceforge.marathon.javaagent.server.JavaServer serve
INFO: JavaServer.serve(POST /session/dabf8a1a-05ed-4ef9-94bf-1b3efe17f9af/element/3cce1836-730e-44b3-ae58-f7c6d860fe90/clear): {
  "id": "3cce1836-730e-44b3-ae58-f7c6d860fe90"
}
Dec 24, 2021 2:32:18 AM net.sourceforge.marathon.javaagent.server.JavaServer serve
INFO: POST(/session/dabf8a1a-05ed-4ef9-94bf-1b3efe17f9af/element/3cce1836-730e-44b3-ae58-f7c6d860fe90/clear, {"id":"3cce1836-730e-44b3-ae58-f7c6d860fe90"}) = {data={"name":"clearElement","sessionId":"dabf8a1a-05ed-4ef9-94bf-1b3efe17f9af","status":0}, status=OK}
Dec 24, 2021 2:32:18 AM net.sourceforge.marathon.javaagent.server.JavaServer serve
INFO: JavaServer.serve(POST /session/dabf8a1a-05ed-4ef9-94bf-1b3efe17f9af/element/3cce1836-730e-44b3-ae58-f7c6d860fe90/value): {
  "id": "3cce1836-730e-44b3-ae58-f7c6d860fe90",
  "value": [
    "11000"
  ]
}
Dec 24, 2021 2:32:18 AM net.sourceforge.marathon.javaagent.EventQueueDevice dispatchEvent
INFO: java.awt.event.KeyEvent[KEY_PRESSED,keyCode=49,keyText=1,keyChar='1',keyLocation=KEY_LOCATION_UNKNOWN,rawCode=0,primaryLevelUnicode=0,scancode=0,extendedKeyCode=0x0] on new item stop price field
Dec 24, 2021 2:32:18 AM net.sourceforge.marathon.javaagent.EventQueueDevice dispatchEvent
INFO: java.awt.event.KeyEvent[KEY_TYPED,keyCode=0,keyText=Unknown keyCode: 0x0,keyChar='1',keyLocation=KEY_LOCATION_UNKNOWN,rawCode=0,primaryLevelUnicode=0,scancode=0,extendedKeyCode=0x0] on new item stop price field
Dec 24, 2021 2:32:18 AM net.sourceforge.marathon.javaagent.EventQueueDevice dispatchEvent
INFO: java.awt.event.KeyEvent[KEY_RELEASED,keyCode=49,keyText=1,keyChar='1',keyLocation=KEY_LOCATION_UNKNOWN,rawCode=0,primaryLevelUnicode=0,scancode=0,extendedKeyCode=0x0] on new item stop price field
Dec 24, 2021 2:32:18 AM net.sourceforge.marathon.javaagent.EventQueueDevice dispatchEvent
INFO: java.awt.event.KeyEvent[KEY_PRESSED,keyCode=49,keyText=1,keyChar='1',keyLocation=KEY_LOCATION_UNKNOWN,rawCode=0,primaryLevelUnicode=0,scancode=0,extendedKeyCode=0x0] on new item stop price field
Dec 24, 2021 2:32:18 AM net.sourceforge.marathon.javaagent.EventQueueDevice dispatchEvent
INFO: java.awt.event.KeyEvent[KEY_TYPED,keyCode=0,keyText=Unknown keyCode: 0x0,keyChar='1',keyLocation=KEY_LOCATION_UNKNOWN,rawCode=0,primaryLevelUnicode=0,scancode=0,extendedKeyCode=0x0] on new item stop price field
Dec 24, 2021 2:32:18 AM net.sourceforge.marathon.javaagent.EventQueueDevice dispatchEvent
INFO: java.awt.event.KeyEvent[KEY_RELEASED,keyCode=49,keyText=1,keyChar='1',keyLocation=KEY_LOCATION_UNKNOWN,rawCode=0,primaryLevelUnicode=0,scancode=0,extendedKeyCode=0x0] on new item stop price field
Dec 24, 2021 2:32:18 AM net.sourceforge.marathon.javaagent.EventQueueDevice dispatchEvent
INFO: java.awt.event.KeyEvent[KEY_PRESSED,keyCode=48,keyText=0,keyChar='0',keyLocation=KEY_LOCATION_UNKNOWN,rawCode=0,primaryLevelUnicode=0,scancode=0,extendedKeyCode=0x0] on new item stop price field
Dec 24, 2021 2:32:18 AM net.sourceforge.marathon.javaagent.EventQueueDevice dispatchEvent
INFO: java.awt.event.KeyEvent[KEY_TYPED,keyCode=0,keyText=Unknown keyCode: 0x0,keyChar='0',keyLocation=KEY_LOCATION_UNKNOWN,rawCode=0,primaryLevelUnicode=0,scancode=0,extendedKeyCode=0x0] on new item stop price field
Dec 24, 2021 2:32:18 AM net.sourceforge.marathon.javaagent.EventQueueDevice dispatchEvent
INFO: java.awt.event.KeyEvent[KEY_RELEASED,keyCode=48,keyText=0,keyChar='0',keyLocation=KEY_LOCATION_UNKNOWN,rawCode=0,primaryLevelUnicode=0,scancode=0,extendedKeyCode=0x0] on new item stop price field
Dec 24, 2021 2:32:18 AM net.sourceforge.marathon.javaagent.EventQueueDevice dispatchEvent
INFO: java.awt.event.KeyEvent[KEY_PRESSED,keyCode=48,keyText=0,keyChar='0',keyLocation=KEY_LOCATION_UNKNOWN,rawCode=0,primaryLevelUnicode=0,scancode=0,extendedKeyCode=0x0] on new item stop price field
Dec 24, 2021 2:32:18 AM net.sourceforge.marathon.javaagent.EventQueueDevice dispatchEvent
INFO: java.awt.event.KeyEvent[KEY_TYPED,keyCode=0,keyText=Unknown keyCode: 0x0,keyChar='0',keyLocation=KEY_LOCATION_UNKNOWN,rawCode=0,primaryLevelUnicode=0,scancode=0,extendedKeyCode=0x0] on new item stop price field
Dec 24, 2021 2:32:18 AM net.sourceforge.marathon.javaagent.EventQueueDevice dispatchEvent
INFO: java.awt.event.KeyEvent[KEY_RELEASED,keyCode=48,keyText=0,keyChar='0',keyLocation=KEY_LOCATION_UNKNOWN,rawCode=0,primaryLevelUnicode=0,scancode=0,extendedKeyCode=0x0] on new item stop price field
Dec 24, 2021 2:32:19 AM net.sourceforge.marathon.javaagent.EventQueueDevice dispatchEvent
INFO: java.awt.event.KeyEvent[KEY_PRESSED,keyCode=48,keyText=0,keyChar='0',keyLocation=KEY_LOCATION_UNKNOWN,rawCode=0,primaryLevelUnicode=0,scancode=0,extendedKeyCode=0x0] on new item stop price field
Dec 24, 2021 2:32:19 AM net.sourceforge.marathon.javaagent.EventQueueDevice dispatchEvent
INFO: java.awt.event.KeyEvent[KEY_TYPED,keyCode=0,keyText=Unknown keyCode: 0x0,keyChar='0',keyLocation=KEY_LOCATION_UNKNOWN,rawCode=0,primaryLevelUnicode=0,scancode=0,extendedKeyCode=0x0] on new item stop price field
Dec 24, 2021 2:32:19 AM net.sourceforge.marathon.javaagent.EventQueueDevice dispatchEvent
INFO: java.awt.event.KeyEvent[KEY_RELEASED,keyCode=48,keyText=0,keyChar='0',keyLocation=KEY_LOCATION_UNKNOWN,rawCode=0,primaryLevelUnicode=0,scancode=0,extendedKeyCode=0x0] on new item stop price field
Dec 24, 2021 2:32:19 AM net.sourceforge.marathon.javaagent.server.JavaServer serve
INFO: POST(/session/dabf8a1a-05ed-4ef9-94bf-1b3efe17f9af/element/3cce1836-730e-44b3-ae58-f7c6d860fe90/value, {"id":"3cce1836-730e-44b3-ae58-f7c6d860fe90","value":["11000"]}) = {data={"name":"sendKeysElement","sessionId":"dabf8a1a-05ed-4ef9-94bf-1b3efe17f9af","status":0}, status=OK}
Dec 24, 2021 2:32:19 AM net.sourceforge.marathon.javaagent.server.JavaServer serve
INFO: JavaServer.serve(POST /session/dabf8a1a-05ed-4ef9-94bf-1b3efe17f9af/element): {
  "using": "name",
  "value": "join button"
}
Dec 24, 2021 2:32:19 AM net.sourceforge.marathon.javaagent.server.JavaServer serve
INFO: POST(/session/dabf8a1a-05ed-4ef9-94bf-1b3efe17f9af/element, {"using":"name","value":"join button"}) = {data={"name":"findElement","sessionId":"dabf8a1a-05ed-4ef9-94bf-1b3efe17f9af","value":{"ELEMENT":"567a8020-0323-4cc7-8a57-6f6aebad0760"},"status":0}, status=OK}
Dec 24, 2021 2:32:19 AM net.sourceforge.marathon.javaagent.server.JavaServer serve
INFO: JavaServer.serve(POST /session/dabf8a1a-05ed-4ef9-94bf-1b3efe17f9af/element/567a8020-0323-4cc7-8a57-6f6aebad0760/click): {
  "id": "567a8020-0323-4cc7-8a57-6f6aebad0760"
}
Dec 24, 2021 2:32:19 AM net.sourceforge.marathon.javaagent.EventQueueDevice dispatchEvent
INFO: java.awt.event.MouseEvent[MOUSE_PRESSED,(58,12),absolute(589,17),button=1,modifiers=Button1,extModifiers=Button1,clickCount=1] on join button
Dec 24, 2021 2:32:19 AM net.sourceforge.marathon.javaagent.EventQueueDevice dispatchEvent
INFO: java.awt.event.MouseEvent[MOUSE_RELEASED,(58,12),absolute(589,17),button=1,modifiers=Button1,clickCount=1] on join button
Dec 24, 2021 2:32:19 AM net.sourceforge.marathon.javaagent.EventQueueDevice dispatchEvent
INFO: java.awt.event.MouseEvent[MOUSE_CLICKED,(58,12),absolute(589,17),button=1,modifiers=Button1,clickCount=1] on join button
Dec 24, 2021 2:32:19 AM net.sourceforge.marathon.javaagent.server.JavaServer serve
INFO: POST(/session/dabf8a1a-05ed-4ef9-94bf-1b3efe17f9af/element/567a8020-0323-4cc7-8a57-6f6aebad0760/click, {"id":"567a8020-0323-4cc7-8a57-6f6aebad0760"}) = {data={"name":"clickElement","sessionId":"dabf8a1a-05ed-4ef9-94bf-1b3efe17f9af","status":0}, status=OK}
Dec 24, 2021 2:32:19 AM net.sourceforge.marathon.javaagent.server.JavaServer serve
INFO: JavaServer.serve(DELETE /session/dabf8a1a-05ed-4ef9-94bf-1b3efe17f9af/window): {}
Dec 24, 2021 2:32:19 AM net.sourceforge.marathon.javaagent.server.JavaServer serve
INFO: DELETE(/session/dabf8a1a-05ed-4ef9-94bf-1b3efe17f9af/window) = {data={"name":"closeSession","sessionId":"dabf8a1a-05ed-4ef9-94bf-1b3efe17f9af","status":0}, status=OK}
Dec 24, 2021 2:32:19 AM net.sourceforge.marathon.javaagent.server.JavaServer serve
INFO: JavaServer.serve(POST /session): {
  "desiredCapabilities": {
    "browserName": "java",
    "platform": "ANY"
  },
  "capabilities": {
    "firstMatch": [
      {
        "browserName": "java"
      }
    ]
  }
}
Dec 24, 2021 2:32:19 AM net.sourceforge.marathon.javaagent.server.JavaServer createSession
INFO: Creating device with type: EVENT_QUEUE
Dec 24, 2021 2:32:19 AM net.sourceforge.marathon.javaagent.Device getDevice
INFO: Creating a EVENT_QUEUE device
Dec 24, 2021 2:32:19 AM net.sourceforge.marathon.javaagent.server.JavaServer serve
INFO: POST(/session, {"desiredCapabilities":{"browserName":"java","platform":"ANY"},"capabilities":{"firstMatch":[{"browserName":"java"}]}}) = {data=, status=REDIRECT}
Dec 24, 2021 2:32:19 AM net.sourceforge.marathon.javaagent.server.JavaServer serve
INFO: JavaServer.serve(GET /session/7dbe6660-b988-4203-ab09-5bbab8e39e88): {}
Dec 24, 2021 2:32:19 AM net.sourceforge.marathon.javaagent.server.JavaServer serve
INFO: GET(/session/7dbe6660-b988-4203-ab09-5bbab8e39e88) = {data={"name":"getCapabilities","sessionId":"7dbe6660-b988-4203-ab09-5bbab8e39e88","value":{"applicationCacheEnabled":false,"rotatable":false,"loggingPrefs":{"driver":"ALL"},"handlesAlerts":false,"databaseEnabled":false,"version":"1.0","platform":"ANY","browserConnectionEnabled":false,"nativeEvents":false,"acceptSslCerts":false,"locationContextEnabled":false,"webStorageEnabled":false,"browserName":"java","takesScreenshot":true,"javascriptEnabled":true,"cssSelectorsEnabled":false},"status":0}, status=OK}
Dec 24, 2021 2:32:19 AM org.openqa.selenium.remote.ProtocolHandshake createSession
INFO: Detected dialect: OSS
Dec 24, 2021 2:32:19 AM net.sourceforge.marathon.javaagent.server.JavaServer serve
INFO: JavaServer.serve(POST /session/7dbe6660-b988-4203-ab09-5bbab8e39e88/element): {
  "using": "name",
  "value": "sniper reset button"
}
Dec 24, 2021 2:32:19 AM net.sourceforge.marathon.javaagent.server.JavaServer serve
INFO: POST(/session/7dbe6660-b988-4203-ab09-5bbab8e39e88/element, {"using":"name","value":"sniper reset button"}) = {data={"name":"findElement","sessionId":"7dbe6660-b988-4203-ab09-5bbab8e39e88","value":{"ELEMENT":"38de5b3d-c901-43de-8408-740832e20368"},"status":0}, status=OK}
Dec 24, 2021 2:32:19 AM net.sourceforge.marathon.javaagent.server.JavaServer serve
INFO: JavaServer.serve(POST /session/7dbe6660-b988-4203-ab09-5bbab8e39e88/element/38de5b3d-c901-43de-8408-740832e20368/click): {
  "id": "38de5b3d-c901-43de-8408-740832e20368"
}
Dec 24, 2021 2:32:19 AM net.sourceforge.marathon.javaagent.EventQueueDevice dispatchEvent
INFO: java.awt.event.MouseEvent[MOUSE_PRESSED,(37,12),absolute(326,474),button=1,modifiers=Button1,extModifiers=Button1,clickCount=1] on sniper reset button
Dec 24, 2021 2:32:19 AM net.sourceforge.marathon.javaagent.EventQueueDevice dispatchEvent
INFO: java.awt.event.MouseEvent[MOUSE_RELEASED,(37,12),absolute(326,474),button=1,modifiers=Button1,clickCount=1] on sniper reset button
Dec 24, 2021 2:32:19 AM net.sourceforge.marathon.javaagent.EventQueueDevice dispatchEvent
INFO: java.awt.event.MouseEvent[MOUSE_CLICKED,(37,12),absolute(326,474),button=1,modifiers=Button1,clickCount=1] on sniper reset button
Dec 24, 2021 2:32:19 AM net.sourceforge.marathon.javaagent.server.JavaServer serve
INFO: POST(/session/7dbe6660-b988-4203-ab09-5bbab8e39e88/element/38de5b3d-c901-43de-8408-740832e20368/click, {"id":"38de5b3d-c901-43de-8408-740832e20368"}) = {data={"name":"clickElement","sessionId":"7dbe6660-b988-4203-ab09-5bbab8e39e88","status":0}, status=OK}
Dec 24, 2021 2:32:19 AM net.sourceforge.marathon.javaagent.server.JavaServer serve
INFO: JavaServer.serve(DELETE /session/7dbe6660-b988-4203-ab09-5bbab8e39e88/window): {}
Dec 24, 2021 2:32:19 AM net.sourceforge.marathon.javaagent.server.JavaServer serve
INFO: DELETE(/session/7dbe6660-b988-4203-ab09-5bbab8e39e88/window) = {data={"name":"closeSession","sessionId":"7dbe6660-b988-4203-ab09-5bbab8e39e88","status":0}, status=OK}
]]></system-err>
</testsuite>
