<?xml version="1.0" encoding="UTF-8"?>
<testsuite name="goos.ui.swing.MainWindowTest" tests="3" skipped="0" failures="0" errors="0" timestamp="2022-01-21T02:26:44" hostname="buildkitsandbox" time="4.562">
  <properties/>
  <testcase name="window has expected features" classname="goos.ui.swing.MainWindowTest" time="3.296"/>
  <testcase name="make user request when join button clicked" classname="goos.ui.swing.MainWindowTest" time="1.051"/>
  <testcase name="make user request when reset button clicked" classname="goos.ui.swing.MainWindowTest" time="0.21"/>
  <system-out><![CDATA[]]></system-out>
  <system-err><![CDATA[SLF4J: Failed to load class "org.slf4j.impl.StaticLoggerBinder".
SLF4J: Defaulting to no-operation (NOP) logger implementation
SLF4J: See http://www.slf4j.org/codes.html#StaticLoggerBinder for further details.
Jan 21, 2022 2:26:47 AM io.netty.util.internal.MacAddressUtil defaultMachineId
WARNING: Failed to find a usable hardware address from the network interfaces; using random bytes: e5:88:83:0a:54:2c:74:46
Jan 21, 2022 2:26:47 AM net.sourceforge.marathon.javaagent.server.JavaServer serve
INFO: JavaServer.serve(POST /session): {
  "desiredCapabilities": {
    "browserName": "java",
    "platform": "ANY"
  },
  "capabilities": {
    "firstMatch": [
      {
        "browserName": "java"
      }
    ]
  }
}
Jan 21, 2022 2:26:47 AM net.sourceforge.marathon.javaagent.server.JavaServer createSession
INFO: Creating device with type: EVENT_QUEUE
Jan 21, 2022 2:26:47 AM net.sourceforge.marathon.javaagent.Device getDevice
INFO: Creating a EVENT_QUEUE device
Jan 21, 2022 2:26:47 AM net.sourceforge.marathon.javaagent.server.JavaServer serve
INFO: POST(/session, {"desiredCapabilities":{"browserName":"java","platform":"ANY"},"capabilities":{"firstMatch":[{"browserName":"java"}]}}) = {data=, status=REDIRECT}
Jan 21, 2022 2:26:47 AM net.sourceforge.marathon.javaagent.server.JavaServer serve
INFO: JavaServer.serve(GET /session/5acecd2e-d2b8-4bc3-a23c-649bc19a9d5c): {}
Jan 21, 2022 2:26:47 AM net.sourceforge.marathon.javaagent.server.JavaServer serve
INFO: GET(/session/5acecd2e-d2b8-4bc3-a23c-649bc19a9d5c) = {data={"name":"getCapabilities","sessionId":"5acecd2e-d2b8-4bc3-a23c-649bc19a9d5c","value":{"applicationCacheEnabled":false,"rotatable":false,"loggingPrefs":{"driver":"ALL"},"handlesAlerts":false,"databaseEnabled":false,"version":"1.0","platform":"ANY","browserConnectionEnabled":false,"nativeEvents":false,"acceptSslCerts":false,"locationContextEnabled":false,"webStorageEnabled":false,"browserName":"java","takesScreenshot":true,"javascriptEnabled":true,"cssSelectorsEnabled":false},"status":0}, status=OK}
Jan 21, 2022 2:26:47 AM org.openqa.selenium.remote.ProtocolHandshake createSession
INFO: Detected dialect: OSS
Jan 21, 2022 2:26:47 AM net.sourceforge.marathon.javaagent.server.JavaServer serve
INFO: JavaServer.serve(POST /session/5acecd2e-d2b8-4bc3-a23c-649bc19a9d5c/element): {
  "using": "css selector",
  "value": "."
}
Jan 21, 2022 2:26:47 AM net.sourceforge.marathon.javaagent.server.JavaServer serve
INFO: POST(/session/5acecd2e-d2b8-4bc3-a23c-649bc19a9d5c/element, {"using":"css selector","value":"."}) = {data={"name":"findElement","sessionId":"5acecd2e-d2b8-4bc3-a23c-649bc19a9d5c","value":{"ELEMENT":"f88744a7-25e4-4004-9e94-3720d1946c42"},"status":0}, status=OK}
Jan 21, 2022 2:26:47 AM net.sourceforge.marathon.javaagent.server.JavaServer serve
INFO: JavaServer.serve(GET /session/5acecd2e-d2b8-4bc3-a23c-649bc19a9d5c/element/f88744a7-25e4-4004-9e94-3720d1946c42/attribute/name): {}
Jan 21, 2022 2:26:47 AM net.sourceforge.marathon.javaagent.server.JavaServer serve
INFO: GET(/session/5acecd2e-d2b8-4bc3-a23c-649bc19a9d5c/element/f88744a7-25e4-4004-9e94-3720d1946c42/attribute/name) = {data={"name":"getElementAttribute","sessionId":"5acecd2e-d2b8-4bc3-a23c-649bc19a9d5c","value":"Auction Sniper Name","status":0}, status=OK}
Jan 21, 2022 2:26:47 AM net.sourceforge.marathon.javaagent.server.JavaServer serve
INFO: JavaServer.serve(POST /session/5acecd2e-d2b8-4bc3-a23c-649bc19a9d5c/element): {
  "using": "css selector",
  "value": "."
}
Jan 21, 2022 2:26:47 AM net.sourceforge.marathon.javaagent.server.JavaServer serve
INFO: POST(/session/5acecd2e-d2b8-4bc3-a23c-649bc19a9d5c/element, {"using":"css selector","value":"."}) = {data={"name":"findElement","sessionId":"5acecd2e-d2b8-4bc3-a23c-649bc19a9d5c","value":{"ELEMENT":"f88744a7-25e4-4004-9e94-3720d1946c42"},"status":0}, status=OK}
Jan 21, 2022 2:26:47 AM net.sourceforge.marathon.javaagent.server.JavaServer serve
INFO: JavaServer.serve(GET /session/5acecd2e-d2b8-4bc3-a23c-649bc19a9d5c/element/f88744a7-25e4-4004-9e94-3720d1946c42/displayed): {}
Jan 21, 2022 2:26:47 AM net.sourceforge.marathon.javaagent.server.JavaServer serve
INFO: GET(/session/5acecd2e-d2b8-4bc3-a23c-649bc19a9d5c/element/f88744a7-25e4-4004-9e94-3720d1946c42/displayed) = {data={"name":"isDisplayed","sessionId":"5acecd2e-d2b8-4bc3-a23c-649bc19a9d5c","value":true,"status":0}, status=OK}
Jan 21, 2022 2:26:47 AM net.sourceforge.marathon.javaagent.server.JavaServer serve
INFO: JavaServer.serve(GET /session/5acecd2e-d2b8-4bc3-a23c-649bc19a9d5c/title): {}
Jan 21, 2022 2:26:47 AM net.sourceforge.marathon.javaagent.server.JavaServer serve
INFO: GET(/session/5acecd2e-d2b8-4bc3-a23c-649bc19a9d5c/title) = {data={"name":"getWindowTitle","sessionId":"5acecd2e-d2b8-4bc3-a23c-649bc19a9d5c","value":"Auction Sniper","status":0}, status=OK}
Jan 21, 2022 2:26:47 AM net.sourceforge.marathon.javaagent.server.JavaServer serve
INFO: JavaServer.serve(POST /session/5acecd2e-d2b8-4bc3-a23c-649bc19a9d5c/element): {
  "using": "name",
  "value": "snipers table"
}
Jan 21, 2022 2:26:47 AM net.sourceforge.marathon.javaagent.server.JavaServer serve
INFO: POST(/session/5acecd2e-d2b8-4bc3-a23c-649bc19a9d5c/element, {"using":"name","value":"snipers table"}) = {data={"name":"findElement","sessionId":"5acecd2e-d2b8-4bc3-a23c-649bc19a9d5c","value":{"ELEMENT":"95fb8bfe-762b-49f4-a6e4-2cf846be6172"},"status":0}, status=OK}
Jan 21, 2022 2:26:47 AM net.sourceforge.marathon.javaagent.server.JavaServer serve
INFO: JavaServer.serve(POST /session/5acecd2e-d2b8-4bc3-a23c-649bc19a9d5c/element/95fb8bfe-762b-49f4-a6e4-2cf846be6172/elements): {
  "id": "95fb8bfe-762b-49f4-a6e4-2cf846be6172",
  "using": "css selector",
  "value": ".::header.::all-items"
}
Jan 21, 2022 2:26:47 AM net.sourceforge.marathon.javaagent.server.JavaServer serve
INFO: POST(/session/5acecd2e-d2b8-4bc3-a23c-649bc19a9d5c/element/95fb8bfe-762b-49f4-a6e4-2cf846be6172/elements, {"using":"css selector","id":"95fb8bfe-762b-49f4-a6e4-2cf846be6172","value":".::header.::all-items"}) = {data={"name":"findElementsOfElement","sessionId":"5acecd2e-d2b8-4bc3-a23c-649bc19a9d5c","value":[{"ELEMENT":"053b11e1-3645-4e52-b973-75c023107d7c%23%7B%22selector%22%3A%22nth-item%22%2C%22parameters%22%3A%5B1%5D%7D"},{"ELEMENT":"053b11e1-3645-4e52-b973-75c023107d7c%23%7B%22selector%22%3A%22nth-item%22%2C%22parameters%22%3A%5B2%5D%7D"},{"ELEMENT":"053b11e1-3645-4e52-b973-75c023107d7c%23%7B%22selector%22%3A%22nth-item%22%2C%22parameters%22%3A%5B3%5D%7D"},{"ELEMENT":"053b11e1-3645-4e52-b973-75c023107d7c%23%7B%22selector%22%3A%22nth-item%22%2C%22parameters%22%3A%5B4%5D%7D"}],"status":0}, status=OK}
Jan 21, 2022 2:26:47 AM net.sourceforge.marathon.javaagent.server.JavaServer serve
INFO: JavaServer.serve(GET /session/5acecd2e-d2b8-4bc3-a23c-649bc19a9d5c/element/053b11e1-3645-4e52-b973-75c023107d7c%23%7B%22selector%22%3A%22nth-item%22%2C%22parameters%22%3A%5B1%5D%7D/text): {}
Jan 21, 2022 2:26:47 AM net.sourceforge.marathon.javaagent.server.JavaServer serve
INFO: GET(/session/5acecd2e-d2b8-4bc3-a23c-649bc19a9d5c/element/053b11e1-3645-4e52-b973-75c023107d7c%23%7B%22selector%22%3A%22nth-item%22%2C%22parameters%22%3A%5B1%5D%7D/text) = {data={"name":"getElementText","sessionId":"5acecd2e-d2b8-4bc3-a23c-649bc19a9d5c","value":"Item","status":0}, status=OK}
Jan 21, 2022 2:26:47 AM net.sourceforge.marathon.javaagent.server.JavaServer serve
INFO: JavaServer.serve(GET /session/5acecd2e-d2b8-4bc3-a23c-649bc19a9d5c/element/053b11e1-3645-4e52-b973-75c023107d7c%23%7B%22selector%22%3A%22nth-item%22%2C%22parameters%22%3A%5B2%5D%7D/text): {}
Jan 21, 2022 2:26:47 AM net.sourceforge.marathon.javaagent.server.JavaServer serve
INFO: GET(/session/5acecd2e-d2b8-4bc3-a23c-649bc19a9d5c/element/053b11e1-3645-4e52-b973-75c023107d7c%23%7B%22selector%22%3A%22nth-item%22%2C%22parameters%22%3A%5B2%5D%7D/text) = {data={"name":"getElementText","sessionId":"5acecd2e-d2b8-4bc3-a23c-649bc19a9d5c","value":"Last Price","status":0}, status=OK}
Jan 21, 2022 2:26:47 AM net.sourceforge.marathon.javaagent.server.JavaServer serve
INFO: JavaServer.serve(GET /session/5acecd2e-d2b8-4bc3-a23c-649bc19a9d5c/element/053b11e1-3645-4e52-b973-75c023107d7c%23%7B%22selector%22%3A%22nth-item%22%2C%22parameters%22%3A%5B3%5D%7D/text): {}
Jan 21, 2022 2:26:47 AM net.sourceforge.marathon.javaagent.server.JavaServer serve
INFO: GET(/session/5acecd2e-d2b8-4bc3-a23c-649bc19a9d5c/element/053b11e1-3645-4e52-b973-75c023107d7c%23%7B%22selector%22%3A%22nth-item%22%2C%22parameters%22%3A%5B3%5D%7D/text) = {data={"name":"getElementText","sessionId":"5acecd2e-d2b8-4bc3-a23c-649bc19a9d5c","value":"Last Bid","status":0}, status=OK}
Jan 21, 2022 2:26:47 AM net.sourceforge.marathon.javaagent.server.JavaServer serve
INFO: JavaServer.serve(GET /session/5acecd2e-d2b8-4bc3-a23c-649bc19a9d5c/element/053b11e1-3645-4e52-b973-75c023107d7c%23%7B%22selector%22%3A%22nth-item%22%2C%22parameters%22%3A%5B4%5D%7D/text): {}
Jan 21, 2022 2:26:47 AM net.sourceforge.marathon.javaagent.server.JavaServer serve
INFO: GET(/session/5acecd2e-d2b8-4bc3-a23c-649bc19a9d5c/element/053b11e1-3645-4e52-b973-75c023107d7c%23%7B%22selector%22%3A%22nth-item%22%2C%22parameters%22%3A%5B4%5D%7D/text) = {data={"name":"getElementText","sessionId":"5acecd2e-d2b8-4bc3-a23c-649bc19a9d5c","value":"State","status":0}, status=OK}
Jan 21, 2022 2:26:47 AM net.sourceforge.marathon.javaagent.server.JavaServer serve
INFO: JavaServer.serve(DELETE /session/5acecd2e-d2b8-4bc3-a23c-649bc19a9d5c/window): {}
Jan 21, 2022 2:26:47 AM net.sourceforge.marathon.javaagent.server.JavaServer serve
INFO: DELETE(/session/5acecd2e-d2b8-4bc3-a23c-649bc19a9d5c/window) = {data={"name":"closeSession","sessionId":"5acecd2e-d2b8-4bc3-a23c-649bc19a9d5c","status":0}, status=OK}
Jan 21, 2022 2:26:47 AM net.sourceforge.marathon.javaagent.server.JavaServer serve
INFO: JavaServer.serve(POST /session): {
  "desiredCapabilities": {
    "browserName": "java",
    "platform": "ANY"
  },
  "capabilities": {
    "firstMatch": [
      {
        "browserName": "java"
      }
    ]
  }
}
Jan 21, 2022 2:26:47 AM net.sourceforge.marathon.javaagent.server.JavaServer createSession
INFO: Creating device with type: EVENT_QUEUE
Jan 21, 2022 2:26:47 AM net.sourceforge.marathon.javaagent.Device getDevice
INFO: Creating a EVENT_QUEUE device
Jan 21, 2022 2:26:47 AM net.sourceforge.marathon.javaagent.server.JavaServer serve
INFO: POST(/session, {"desiredCapabilities":{"browserName":"java","platform":"ANY"},"capabilities":{"firstMatch":[{"browserName":"java"}]}}) = {data=, status=REDIRECT}
Jan 21, 2022 2:26:47 AM net.sourceforge.marathon.javaagent.server.JavaServer serve
INFO: JavaServer.serve(GET /session/206d55dc-155e-45b9-a593-da0b7253e98d): {}
Jan 21, 2022 2:26:47 AM net.sourceforge.marathon.javaagent.server.JavaServer serve
INFO: GET(/session/206d55dc-155e-45b9-a593-da0b7253e98d) = {data={"name":"getCapabilities","sessionId":"206d55dc-155e-45b9-a593-da0b7253e98d","value":{"applicationCacheEnabled":false,"rotatable":false,"loggingPrefs":{"driver":"ALL"},"handlesAlerts":false,"databaseEnabled":false,"version":"1.0","platform":"ANY","browserConnectionEnabled":false,"nativeEvents":false,"acceptSslCerts":false,"locationContextEnabled":false,"webStorageEnabled":false,"browserName":"java","takesScreenshot":true,"javascriptEnabled":true,"cssSelectorsEnabled":false},"status":0}, status=OK}
Jan 21, 2022 2:26:47 AM org.openqa.selenium.remote.ProtocolHandshake createSession
INFO: Detected dialect: OSS
Jan 21, 2022 2:26:47 AM net.sourceforge.marathon.javaagent.server.JavaServer serve
INFO: JavaServer.serve(POST /session/206d55dc-155e-45b9-a593-da0b7253e98d/element): {
  "using": "name",
  "value": "new item id field"
}
Jan 21, 2022 2:26:47 AM net.sourceforge.marathon.javaagent.server.JavaServer serve
INFO: POST(/session/206d55dc-155e-45b9-a593-da0b7253e98d/element, {"using":"name","value":"new item id field"}) = {data={"name":"findElement","sessionId":"206d55dc-155e-45b9-a593-da0b7253e98d","value":{"ELEMENT":"0c521283-449b-4ebb-9611-263901779ed0"},"status":0}, status=OK}
Jan 21, 2022 2:26:47 AM net.sourceforge.marathon.javaagent.server.JavaServer serve
INFO: JavaServer.serve(POST /session/206d55dc-155e-45b9-a593-da0b7253e98d/element/0c521283-449b-4ebb-9611-263901779ed0/clear): {
  "id": "0c521283-449b-4ebb-9611-263901779ed0"
}
Jan 21, 2022 2:26:47 AM net.sourceforge.marathon.javaagent.server.JavaServer serve
INFO: POST(/session/206d55dc-155e-45b9-a593-da0b7253e98d/element/0c521283-449b-4ebb-9611-263901779ed0/clear, {"id":"0c521283-449b-4ebb-9611-263901779ed0"}) = {data={"name":"clearElement","sessionId":"206d55dc-155e-45b9-a593-da0b7253e98d","status":0}, status=OK}
Jan 21, 2022 2:26:47 AM net.sourceforge.marathon.javaagent.server.JavaServer serve
INFO: JavaServer.serve(POST /session/206d55dc-155e-45b9-a593-da0b7253e98d/element/0c521283-449b-4ebb-9611-263901779ed0/value): {
  "id": "0c521283-449b-4ebb-9611-263901779ed0",
  "value": [
    "an item-id"
  ]
}
Jan 21, 2022 2:26:47 AM net.sourceforge.marathon.javaagent.EventQueueDevice dispatchEvent
INFO: java.awt.event.KeyEvent[KEY_PRESSED,keyCode=65,keyText=A,keyChar='a',keyLocation=KEY_LOCATION_UNKNOWN,rawCode=0,primaryLevelUnicode=0,scancode=0,extendedKeyCode=0x0] on new item id field
Jan 21, 2022 2:26:47 AM net.sourceforge.marathon.javaagent.EventQueueDevice dispatchEvent
INFO: java.awt.event.KeyEvent[KEY_TYPED,keyCode=0,keyText=Unknown keyCode: 0x0,keyChar='a',keyLocation=KEY_LOCATION_UNKNOWN,rawCode=0,primaryLevelUnicode=0,scancode=0,extendedKeyCode=0x0] on new item id field
Jan 21, 2022 2:26:47 AM net.sourceforge.marathon.javaagent.EventQueueDevice dispatchEvent
INFO: java.awt.event.KeyEvent[KEY_RELEASED,keyCode=65,keyText=A,keyChar='a',keyLocation=KEY_LOCATION_UNKNOWN,rawCode=0,primaryLevelUnicode=0,scancode=0,extendedKeyCode=0x0] on new item id field
Jan 21, 2022 2:26:47 AM net.sourceforge.marathon.javaagent.EventQueueDevice dispatchEvent
INFO: java.awt.event.KeyEvent[KEY_PRESSED,keyCode=78,keyText=N,keyChar='n',keyLocation=KEY_LOCATION_UNKNOWN,rawCode=0,primaryLevelUnicode=0,scancode=0,extendedKeyCode=0x0] on new item id field
Jan 21, 2022 2:26:47 AM net.sourceforge.marathon.javaagent.EventQueueDevice dispatchEvent
INFO: java.awt.event.KeyEvent[KEY_TYPED,keyCode=0,keyText=Unknown keyCode: 0x0,keyChar='n',keyLocation=KEY_LOCATION_UNKNOWN,rawCode=0,primaryLevelUnicode=0,scancode=0,extendedKeyCode=0x0] on new item id field
Jan 21, 2022 2:26:47 AM net.sourceforge.marathon.javaagent.EventQueueDevice dispatchEvent
INFO: java.awt.event.KeyEvent[KEY_RELEASED,keyCode=78,keyText=N,keyChar='n',keyLocation=KEY_LOCATION_UNKNOWN,rawCode=0,primaryLevelUnicode=0,scancode=0,extendedKeyCode=0x0] on new item id field
Jan 21, 2022 2:26:47 AM net.sourceforge.marathon.javaagent.EventQueueDevice dispatchEvent
INFO: java.awt.event.KeyEvent[KEY_PRESSED,keyCode=16,keyText=Shift,keyChar=Undefined keyChar,modifiers=Shift,extModifiers=Shift,keyLocation=KEY_LOCATION_UNKNOWN,rawCode=0,primaryLevelUnicode=0,scancode=0,extendedKeyCode=0x0] on new item id field
Jan 21, 2022 2:26:47 AM net.sourceforge.marathon.javaagent.EventQueueDevice dispatchEvent
INFO: java.awt.event.KeyEvent[KEY_PRESSED,keyCode=32,keyText=Space,keyChar=' ',modifiers=Shift,extModifiers=Shift,keyLocation=KEY_LOCATION_UNKNOWN,rawCode=0,primaryLevelUnicode=0,scancode=0,extendedKeyCode=0x0] on new item id field
Jan 21, 2022 2:26:47 AM net.sourceforge.marathon.javaagent.EventQueueDevice dispatchEvent
INFO: java.awt.event.KeyEvent[KEY_TYPED,keyCode=0,keyText=Unknown keyCode: 0x0,keyChar=' ',modifiers=Shift,extModifiers=Shift,keyLocation=KEY_LOCATION_UNKNOWN,rawCode=0,primaryLevelUnicode=0,scancode=0,extendedKeyCode=0x0] on new item id field
Jan 21, 2022 2:26:47 AM net.sourceforge.marathon.javaagent.EventQueueDevice dispatchEvent
INFO: java.awt.event.KeyEvent[KEY_RELEASED,keyCode=32,keyText=Space,keyChar=' ',modifiers=Shift,extModifiers=Shift,keyLocation=KEY_LOCATION_UNKNOWN,rawCode=0,primaryLevelUnicode=0,scancode=0,extendedKeyCode=0x0] on new item id field
Jan 21, 2022 2:26:47 AM net.sourceforge.marathon.javaagent.EventQueueDevice dispatchEvent
INFO: java.awt.event.KeyEvent[KEY_RELEASED,keyCode=16,keyText=Shift,keyChar=Undefined keyChar,keyLocation=KEY_LOCATION_UNKNOWN,rawCode=0,primaryLevelUnicode=0,scancode=0,extendedKeyCode=0x0] on new item id field
Jan 21, 2022 2:26:47 AM net.sourceforge.marathon.javaagent.EventQueueDevice dispatchEvent
INFO: java.awt.event.KeyEvent[KEY_PRESSED,keyCode=73,keyText=I,keyChar='i',keyLocation=KEY_LOCATION_UNKNOWN,rawCode=0,primaryLevelUnicode=0,scancode=0,extendedKeyCode=0x0] on new item id field
Jan 21, 2022 2:26:47 AM net.sourceforge.marathon.javaagent.EventQueueDevice dispatchEvent
INFO: java.awt.event.KeyEvent[KEY_TYPED,keyCode=0,keyText=Unknown keyCode: 0x0,keyChar='i',keyLocation=KEY_LOCATION_UNKNOWN,rawCode=0,primaryLevelUnicode=0,scancode=0,extendedKeyCode=0x0] on new item id field
Jan 21, 2022 2:26:47 AM net.sourceforge.marathon.javaagent.EventQueueDevice dispatchEvent
INFO: java.awt.event.KeyEvent[KEY_RELEASED,keyCode=73,keyText=I,keyChar='i',keyLocation=KEY_LOCATION_UNKNOWN,rawCode=0,primaryLevelUnicode=0,scancode=0,extendedKeyCode=0x0] on new item id field
Jan 21, 2022 2:26:47 AM net.sourceforge.marathon.javaagent.EventQueueDevice dispatchEvent
INFO: java.awt.event.KeyEvent[KEY_PRESSED,keyCode=84,keyText=T,keyChar='t',keyLocation=KEY_LOCATION_UNKNOWN,rawCode=0,primaryLevelUnicode=0,scancode=0,extendedKeyCode=0x0] on new item id field
Jan 21, 2022 2:26:47 AM net.sourceforge.marathon.javaagent.EventQueueDevice dispatchEvent
INFO: java.awt.event.KeyEvent[KEY_TYPED,keyCode=0,keyText=Unknown keyCode: 0x0,keyChar='t',keyLocation=KEY_LOCATION_UNKNOWN,rawCode=0,primaryLevelUnicode=0,scancode=0,extendedKeyCode=0x0] on new item id field
Jan 21, 2022 2:26:47 AM net.sourceforge.marathon.javaagent.EventQueueDevice dispatchEvent
INFO: java.awt.event.KeyEvent[KEY_RELEASED,keyCode=84,keyText=T,keyChar='t',keyLocation=KEY_LOCATION_UNKNOWN,rawCode=0,primaryLevelUnicode=0,scancode=0,extendedKeyCode=0x0] on new item id field
Jan 21, 2022 2:26:47 AM net.sourceforge.marathon.javaagent.EventQueueDevice dispatchEvent
INFO: java.awt.event.KeyEvent[KEY_PRESSED,keyCode=69,keyText=E,keyChar='e',keyLocation=KEY_LOCATION_UNKNOWN,rawCode=0,primaryLevelUnicode=0,scancode=0,extendedKeyCode=0x0] on new item id field
Jan 21, 2022 2:26:47 AM net.sourceforge.marathon.javaagent.EventQueueDevice dispatchEvent
INFO: java.awt.event.KeyEvent[KEY_TYPED,keyCode=0,keyText=Unknown keyCode: 0x0,keyChar='e',keyLocation=KEY_LOCATION_UNKNOWN,rawCode=0,primaryLevelUnicode=0,scancode=0,extendedKeyCode=0x0] on new item id field
Jan 21, 2022 2:26:47 AM net.sourceforge.marathon.javaagent.EventQueueDevice dispatchEvent
INFO: java.awt.event.KeyEvent[KEY_RELEASED,keyCode=69,keyText=E,keyChar='e',keyLocation=KEY_LOCATION_UNKNOWN,rawCode=0,primaryLevelUnicode=0,scancode=0,extendedKeyCode=0x0] on new item id field
Jan 21, 2022 2:26:47 AM net.sourceforge.marathon.javaagent.EventQueueDevice dispatchEvent
INFO: java.awt.event.KeyEvent[KEY_PRESSED,keyCode=77,keyText=M,keyChar='m',keyLocation=KEY_LOCATION_UNKNOWN,rawCode=0,primaryLevelUnicode=0,scancode=0,extendedKeyCode=0x0] on new item id field
Jan 21, 2022 2:26:47 AM net.sourceforge.marathon.javaagent.EventQueueDevice dispatchEvent
INFO: java.awt.event.KeyEvent[KEY_TYPED,keyCode=0,keyText=Unknown keyCode: 0x0,keyChar='m',keyLocation=KEY_LOCATION_UNKNOWN,rawCode=0,primaryLevelUnicode=0,scancode=0,extendedKeyCode=0x0] on new item id field
Jan 21, 2022 2:26:47 AM net.sourceforge.marathon.javaagent.EventQueueDevice dispatchEvent
INFO: java.awt.event.KeyEvent[KEY_RELEASED,keyCode=77,keyText=M,keyChar='m',keyLocation=KEY_LOCATION_UNKNOWN,rawCode=0,primaryLevelUnicode=0,scancode=0,extendedKeyCode=0x0] on new item id field
Jan 21, 2022 2:26:47 AM net.sourceforge.marathon.javaagent.EventQueueDevice dispatchEvent
INFO: java.awt.event.KeyEvent[KEY_PRESSED,keyCode=45,keyText=Minus,keyChar='-',keyLocation=KEY_LOCATION_UNKNOWN,rawCode=0,primaryLevelUnicode=0,scancode=0,extendedKeyCode=0x0] on new item id field
Jan 21, 2022 2:26:47 AM net.sourceforge.marathon.javaagent.EventQueueDevice dispatchEvent
INFO: java.awt.event.KeyEvent[KEY_TYPED,keyCode=0,keyText=Unknown keyCode: 0x0,keyChar='-',keyLocation=KEY_LOCATION_UNKNOWN,rawCode=0,primaryLevelUnicode=0,scancode=0,extendedKeyCode=0x0] on new item id field
Jan 21, 2022 2:26:47 AM net.sourceforge.marathon.javaagent.EventQueueDevice dispatchEvent
INFO: java.awt.event.KeyEvent[KEY_RELEASED,keyCode=45,keyText=Minus,keyChar='-',keyLocation=KEY_LOCATION_UNKNOWN,rawCode=0,primaryLevelUnicode=0,scancode=0,extendedKeyCode=0x0] on new item id field
Jan 21, 2022 2:26:47 AM net.sourceforge.marathon.javaagent.EventQueueDevice dispatchEvent
INFO: java.awt.event.KeyEvent[KEY_PRESSED,keyCode=73,keyText=I,keyChar='i',keyLocation=KEY_LOCATION_UNKNOWN,rawCode=0,primaryLevelUnicode=0,scancode=0,extendedKeyCode=0x0] on new item id field
Jan 21, 2022 2:26:47 AM net.sourceforge.marathon.javaagent.EventQueueDevice dispatchEvent
INFO: java.awt.event.KeyEvent[KEY_TYPED,keyCode=0,keyText=Unknown keyCode: 0x0,keyChar='i',keyLocation=KEY_LOCATION_UNKNOWN,rawCode=0,primaryLevelUnicode=0,scancode=0,extendedKeyCode=0x0] on new item id field
Jan 21, 2022 2:26:47 AM net.sourceforge.marathon.javaagent.EventQueueDevice dispatchEvent
INFO: java.awt.event.KeyEvent[KEY_RELEASED,keyCode=73,keyText=I,keyChar='i',keyLocation=KEY_LOCATION_UNKNOWN,rawCode=0,primaryLevelUnicode=0,scancode=0,extendedKeyCode=0x0] on new item id field
Jan 21, 2022 2:26:47 AM net.sourceforge.marathon.javaagent.EventQueueDevice dispatchEvent
INFO: java.awt.event.KeyEvent[KEY_PRESSED,keyCode=68,keyText=D,keyChar='d',keyLocation=KEY_LOCATION_UNKNOWN,rawCode=0,primaryLevelUnicode=0,scancode=0,extendedKeyCode=0x0] on new item id field
Jan 21, 2022 2:26:47 AM net.sourceforge.marathon.javaagent.EventQueueDevice dispatchEvent
INFO: java.awt.event.KeyEvent[KEY_TYPED,keyCode=0,keyText=Unknown keyCode: 0x0,keyChar='d',keyLocation=KEY_LOCATION_UNKNOWN,rawCode=0,primaryLevelUnicode=0,scancode=0,extendedKeyCode=0x0] on new item id field
Jan 21, 2022 2:26:47 AM net.sourceforge.marathon.javaagent.EventQueueDevice dispatchEvent
INFO: java.awt.event.KeyEvent[KEY_RELEASED,keyCode=68,keyText=D,keyChar='d',keyLocation=KEY_LOCATION_UNKNOWN,rawCode=0,primaryLevelUnicode=0,scancode=0,extendedKeyCode=0x0] on new item id field
Jan 21, 2022 2:26:47 AM net.sourceforge.marathon.javaagent.server.JavaServer serve
INFO: POST(/session/206d55dc-155e-45b9-a593-da0b7253e98d/element/0c521283-449b-4ebb-9611-263901779ed0/value, {"id":"0c521283-449b-4ebb-9611-263901779ed0","value":["an item-id"]}) = {data={"name":"sendKeysElement","sessionId":"206d55dc-155e-45b9-a593-da0b7253e98d","status":0}, status=OK}
Jan 21, 2022 2:26:47 AM net.sourceforge.marathon.javaagent.server.JavaServer serve
INFO: JavaServer.serve(POST /session/206d55dc-155e-45b9-a593-da0b7253e98d/element): {
  "using": "name",
  "value": "new item stop price field"
}
Jan 21, 2022 2:26:47 AM net.sourceforge.marathon.javaagent.server.JavaServer serve
INFO: POST(/session/206d55dc-155e-45b9-a593-da0b7253e98d/element, {"using":"name","value":"new item stop price field"}) = {data={"name":"findElement","sessionId":"206d55dc-155e-45b9-a593-da0b7253e98d","value":{"ELEMENT":"331aadb2-ef5a-4e16-b5c2-c838a1a80918"},"status":0}, status=OK}
Jan 21, 2022 2:26:47 AM net.sourceforge.marathon.javaagent.server.JavaServer serve
INFO: JavaServer.serve(POST /session/206d55dc-155e-45b9-a593-da0b7253e98d/element/331aadb2-ef5a-4e16-b5c2-c838a1a80918/clear): {
  "id": "331aadb2-ef5a-4e16-b5c2-c838a1a80918"
}
Jan 21, 2022 2:26:47 AM net.sourceforge.marathon.javaagent.server.JavaServer serve
INFO: POST(/session/206d55dc-155e-45b9-a593-da0b7253e98d/element/331aadb2-ef5a-4e16-b5c2-c838a1a80918/clear, {"id":"331aadb2-ef5a-4e16-b5c2-c838a1a80918"}) = {data={"name":"clearElement","sessionId":"206d55dc-155e-45b9-a593-da0b7253e98d","status":0}, status=OK}
Jan 21, 2022 2:26:48 AM net.sourceforge.marathon.javaagent.server.JavaServer serve
INFO: JavaServer.serve(POST /session/206d55dc-155e-45b9-a593-da0b7253e98d/element/331aadb2-ef5a-4e16-b5c2-c838a1a80918/value): {
  "id": "331aadb2-ef5a-4e16-b5c2-c838a1a80918",
  "value": [
    "11000"
  ]
}
Jan 21, 2022 2:26:48 AM net.sourceforge.marathon.javaagent.EventQueueDevice dispatchEvent
INFO: java.awt.event.KeyEvent[KEY_PRESSED,keyCode=49,keyText=1,keyChar='1',keyLocation=KEY_LOCATION_UNKNOWN,rawCode=0,primaryLevelUnicode=0,scancode=0,extendedKeyCode=0x0] on new item stop price field
Jan 21, 2022 2:26:48 AM net.sourceforge.marathon.javaagent.EventQueueDevice dispatchEvent
INFO: java.awt.event.KeyEvent[KEY_TYPED,keyCode=0,keyText=Unknown keyCode: 0x0,keyChar='1',keyLocation=KEY_LOCATION_UNKNOWN,rawCode=0,primaryLevelUnicode=0,scancode=0,extendedKeyCode=0x0] on new item stop price field
Jan 21, 2022 2:26:48 AM net.sourceforge.marathon.javaagent.EventQueueDevice dispatchEvent
INFO: java.awt.event.KeyEvent[KEY_RELEASED,keyCode=49,keyText=1,keyChar='1',keyLocation=KEY_LOCATION_UNKNOWN,rawCode=0,primaryLevelUnicode=0,scancode=0,extendedKeyCode=0x0] on new item stop price field
Jan 21, 2022 2:26:48 AM net.sourceforge.marathon.javaagent.EventQueueDevice dispatchEvent
INFO: java.awt.event.KeyEvent[KEY_PRESSED,keyCode=49,keyText=1,keyChar='1',keyLocation=KEY_LOCATION_UNKNOWN,rawCode=0,primaryLevelUnicode=0,scancode=0,extendedKeyCode=0x0] on new item stop price field
Jan 21, 2022 2:26:48 AM net.sourceforge.marathon.javaagent.EventQueueDevice dispatchEvent
INFO: java.awt.event.KeyEvent[KEY_TYPED,keyCode=0,keyText=Unknown keyCode: 0x0,keyChar='1',keyLocation=KEY_LOCATION_UNKNOWN,rawCode=0,primaryLevelUnicode=0,scancode=0,extendedKeyCode=0x0] on new item stop price field
Jan 21, 2022 2:26:48 AM net.sourceforge.marathon.javaagent.EventQueueDevice dispatchEvent
INFO: java.awt.event.KeyEvent[KEY_RELEASED,keyCode=49,keyText=1,keyChar='1',keyLocation=KEY_LOCATION_UNKNOWN,rawCode=0,primaryLevelUnicode=0,scancode=0,extendedKeyCode=0x0] on new item stop price field
Jan 21, 2022 2:26:48 AM net.sourceforge.marathon.javaagent.EventQueueDevice dispatchEvent
INFO: java.awt.event.KeyEvent[KEY_PRESSED,keyCode=48,keyText=0,keyChar='0',keyLocation=KEY_LOCATION_UNKNOWN,rawCode=0,primaryLevelUnicode=0,scancode=0,extendedKeyCode=0x0] on new item stop price field
Jan 21, 2022 2:26:48 AM net.sourceforge.marathon.javaagent.EventQueueDevice dispatchEvent
INFO: java.awt.event.KeyEvent[KEY_TYPED,keyCode=0,keyText=Unknown keyCode: 0x0,keyChar='0',keyLocation=KEY_LOCATION_UNKNOWN,rawCode=0,primaryLevelUnicode=0,scancode=0,extendedKeyCode=0x0] on new item stop price field
Jan 21, 2022 2:26:48 AM net.sourceforge.marathon.javaagent.EventQueueDevice dispatchEvent
INFO: java.awt.event.KeyEvent[KEY_RELEASED,keyCode=48,keyText=0,keyChar='0',keyLocation=KEY_LOCATION_UNKNOWN,rawCode=0,primaryLevelUnicode=0,scancode=0,extendedKeyCode=0x0] on new item stop price field
Jan 21, 2022 2:26:48 AM net.sourceforge.marathon.javaagent.EventQueueDevice dispatchEvent
INFO: java.awt.event.KeyEvent[KEY_PRESSED,keyCode=48,keyText=0,keyChar='0',keyLocation=KEY_LOCATION_UNKNOWN,rawCode=0,primaryLevelUnicode=0,scancode=0,extendedKeyCode=0x0] on new item stop price field
Jan 21, 2022 2:26:48 AM net.sourceforge.marathon.javaagent.EventQueueDevice dispatchEvent
INFO: java.awt.event.KeyEvent[KEY_TYPED,keyCode=0,keyText=Unknown keyCode: 0x0,keyChar='0',keyLocation=KEY_LOCATION_UNKNOWN,rawCode=0,primaryLevelUnicode=0,scancode=0,extendedKeyCode=0x0] on new item stop price field
Jan 21, 2022 2:26:48 AM net.sourceforge.marathon.javaagent.EventQueueDevice dispatchEvent
INFO: java.awt.event.KeyEvent[KEY_RELEASED,keyCode=48,keyText=0,keyChar='0',keyLocation=KEY_LOCATION_UNKNOWN,rawCode=0,primaryLevelUnicode=0,scancode=0,extendedKeyCode=0x0] on new item stop price field
Jan 21, 2022 2:26:48 AM net.sourceforge.marathon.javaagent.EventQueueDevice dispatchEvent
INFO: java.awt.event.KeyEvent[KEY_PRESSED,keyCode=48,keyText=0,keyChar='0',keyLocation=KEY_LOCATION_UNKNOWN,rawCode=0,primaryLevelUnicode=0,scancode=0,extendedKeyCode=0x0] on new item stop price field
Jan 21, 2022 2:26:48 AM net.sourceforge.marathon.javaagent.EventQueueDevice dispatchEvent
INFO: java.awt.event.KeyEvent[KEY_TYPED,keyCode=0,keyText=Unknown keyCode: 0x0,keyChar='0',keyLocation=KEY_LOCATION_UNKNOWN,rawCode=0,primaryLevelUnicode=0,scancode=0,extendedKeyCode=0x0] on new item stop price field
Jan 21, 2022 2:26:48 AM net.sourceforge.marathon.javaagent.EventQueueDevice dispatchEvent
INFO: java.awt.event.KeyEvent[KEY_RELEASED,keyCode=48,keyText=0,keyChar='0',keyLocation=KEY_LOCATION_UNKNOWN,rawCode=0,primaryLevelUnicode=0,scancode=0,extendedKeyCode=0x0] on new item stop price field
Jan 21, 2022 2:26:48 AM net.sourceforge.marathon.javaagent.server.JavaServer serve
INFO: POST(/session/206d55dc-155e-45b9-a593-da0b7253e98d/element/331aadb2-ef5a-4e16-b5c2-c838a1a80918/value, {"id":"331aadb2-ef5a-4e16-b5c2-c838a1a80918","value":["11000"]}) = {data={"name":"sendKeysElement","sessionId":"206d55dc-155e-45b9-a593-da0b7253e98d","status":0}, status=OK}
Jan 21, 2022 2:26:48 AM net.sourceforge.marathon.javaagent.server.JavaServer serve
INFO: JavaServer.serve(POST /session/206d55dc-155e-45b9-a593-da0b7253e98d/element): {
  "using": "name",
  "value": "join button"
}
Jan 21, 2022 2:26:48 AM net.sourceforge.marathon.javaagent.server.JavaServer serve
INFO: POST(/session/206d55dc-155e-45b9-a593-da0b7253e98d/element, {"using":"name","value":"join button"}) = {data={"name":"findElement","sessionId":"206d55dc-155e-45b9-a593-da0b7253e98d","value":{"ELEMENT":"8722d640-8fc3-4ffb-aaef-e1512b21c722"},"status":0}, status=OK}
Jan 21, 2022 2:26:48 AM net.sourceforge.marathon.javaagent.server.JavaServer serve
INFO: JavaServer.serve(POST /session/206d55dc-155e-45b9-a593-da0b7253e98d/element/8722d640-8fc3-4ffb-aaef-e1512b21c722/click): {
  "id": "8722d640-8fc3-4ffb-aaef-e1512b21c722"
}
Jan 21, 2022 2:26:48 AM net.sourceforge.marathon.javaagent.EventQueueDevice dispatchEvent
INFO: java.awt.event.MouseEvent[MOUSE_PRESSED,(58,12),absolute(589,17),button=1,modifiers=Button1,extModifiers=Button1,clickCount=1] on join button
Jan 21, 2022 2:26:48 AM net.sourceforge.marathon.javaagent.EventQueueDevice dispatchEvent
INFO: java.awt.event.MouseEvent[MOUSE_RELEASED,(58,12),absolute(589,17),button=1,modifiers=Button1,clickCount=1] on join button
Jan 21, 2022 2:26:48 AM net.sourceforge.marathon.javaagent.EventQueueDevice dispatchEvent
INFO: java.awt.event.MouseEvent[MOUSE_CLICKED,(58,12),absolute(589,17),button=1,modifiers=Button1,clickCount=1] on join button
Jan 21, 2022 2:26:48 AM net.sourceforge.marathon.javaagent.server.JavaServer serve
INFO: POST(/session/206d55dc-155e-45b9-a593-da0b7253e98d/element/8722d640-8fc3-4ffb-aaef-e1512b21c722/click, {"id":"8722d640-8fc3-4ffb-aaef-e1512b21c722"}) = {data={"name":"clickElement","sessionId":"206d55dc-155e-45b9-a593-da0b7253e98d","status":0}, status=OK}
Jan 21, 2022 2:26:48 AM net.sourceforge.marathon.javaagent.server.JavaServer serve
INFO: JavaServer.serve(DELETE /session/206d55dc-155e-45b9-a593-da0b7253e98d/window): {}
Jan 21, 2022 2:26:48 AM net.sourceforge.marathon.javaagent.server.JavaServer serve
INFO: DELETE(/session/206d55dc-155e-45b9-a593-da0b7253e98d/window) = {data={"name":"closeSession","sessionId":"206d55dc-155e-45b9-a593-da0b7253e98d","status":0}, status=OK}
Jan 21, 2022 2:26:48 AM net.sourceforge.marathon.javaagent.server.JavaServer serve
INFO: JavaServer.serve(POST /session): {
  "desiredCapabilities": {
    "browserName": "java",
    "platform": "ANY"
  },
  "capabilities": {
    "firstMatch": [
      {
        "browserName": "java"
      }
    ]
  }
}
Jan 21, 2022 2:26:48 AM net.sourceforge.marathon.javaagent.server.JavaServer createSession
INFO: Creating device with type: EVENT_QUEUE
Jan 21, 2022 2:26:48 AM net.sourceforge.marathon.javaagent.Device getDevice
INFO: Creating a EVENT_QUEUE device
Jan 21, 2022 2:26:48 AM net.sourceforge.marathon.javaagent.server.JavaServer serve
INFO: POST(/session, {"desiredCapabilities":{"browserName":"java","platform":"ANY"},"capabilities":{"firstMatch":[{"browserName":"java"}]}}) = {data=, status=REDIRECT}
Jan 21, 2022 2:26:48 AM net.sourceforge.marathon.javaagent.server.JavaServer serve
INFO: JavaServer.serve(GET /session/711f09d2-2df9-4d61-9e3f-5330af65e9df): {}
Jan 21, 2022 2:26:48 AM net.sourceforge.marathon.javaagent.server.JavaServer serve
INFO: GET(/session/711f09d2-2df9-4d61-9e3f-5330af65e9df) = {data={"name":"getCapabilities","sessionId":"711f09d2-2df9-4d61-9e3f-5330af65e9df","value":{"applicationCacheEnabled":false,"rotatable":false,"loggingPrefs":{"driver":"ALL"},"handlesAlerts":false,"databaseEnabled":false,"version":"1.0","platform":"ANY","browserConnectionEnabled":false,"nativeEvents":false,"acceptSslCerts":false,"locationContextEnabled":false,"webStorageEnabled":false,"browserName":"java","takesScreenshot":true,"javascriptEnabled":true,"cssSelectorsEnabled":false},"status":0}, status=OK}
Jan 21, 2022 2:26:48 AM org.openqa.selenium.remote.ProtocolHandshake createSession
INFO: Detected dialect: OSS
Jan 21, 2022 2:26:48 AM net.sourceforge.marathon.javaagent.server.JavaServer serve
INFO: JavaServer.serve(POST /session/711f09d2-2df9-4d61-9e3f-5330af65e9df/element): {
  "using": "name",
  "value": "sniper reset button"
}
Jan 21, 2022 2:26:48 AM net.sourceforge.marathon.javaagent.server.JavaServer serve
INFO: POST(/session/711f09d2-2df9-4d61-9e3f-5330af65e9df/element, {"using":"name","value":"sniper reset button"}) = {data={"name":"findElement","sessionId":"711f09d2-2df9-4d61-9e3f-5330af65e9df","value":{"ELEMENT":"0323a4e7-bb51-4fba-af49-3336d28b237f"},"status":0}, status=OK}
Jan 21, 2022 2:26:48 AM net.sourceforge.marathon.javaagent.server.JavaServer serve
INFO: JavaServer.serve(POST /session/711f09d2-2df9-4d61-9e3f-5330af65e9df/element/0323a4e7-bb51-4fba-af49-3336d28b237f/click): {
  "id": "0323a4e7-bb51-4fba-af49-3336d28b237f"
}
Jan 21, 2022 2:26:48 AM net.sourceforge.marathon.javaagent.EventQueueDevice dispatchEvent
INFO: java.awt.event.MouseEvent[MOUSE_PRESSED,(37,12),absolute(326,474),button=1,modifiers=Button1,extModifiers=Button1,clickCount=1] on sniper reset button
Jan 21, 2022 2:26:48 AM net.sourceforge.marathon.javaagent.EventQueueDevice dispatchEvent
INFO: java.awt.event.MouseEvent[MOUSE_RELEASED,(37,12),absolute(326,474),button=1,modifiers=Button1,clickCount=1] on sniper reset button
Jan 21, 2022 2:26:48 AM net.sourceforge.marathon.javaagent.EventQueueDevice dispatchEvent
INFO: java.awt.event.MouseEvent[MOUSE_CLICKED,(37,12),absolute(326,474),button=1,modifiers=Button1,clickCount=1] on sniper reset button
Jan 21, 2022 2:26:48 AM net.sourceforge.marathon.javaagent.server.JavaServer serve
INFO: POST(/session/711f09d2-2df9-4d61-9e3f-5330af65e9df/element/0323a4e7-bb51-4fba-af49-3336d28b237f/click, {"id":"0323a4e7-bb51-4fba-af49-3336d28b237f"}) = {data={"name":"clickElement","sessionId":"711f09d2-2df9-4d61-9e3f-5330af65e9df","status":0}, status=OK}
Jan 21, 2022 2:26:48 AM net.sourceforge.marathon.javaagent.server.JavaServer serve
INFO: JavaServer.serve(DELETE /session/711f09d2-2df9-4d61-9e3f-5330af65e9df/window): {}
Jan 21, 2022 2:26:48 AM net.sourceforge.marathon.javaagent.server.JavaServer serve
INFO: DELETE(/session/711f09d2-2df9-4d61-9e3f-5330af65e9df/window) = {data={"name":"closeSession","sessionId":"711f09d2-2df9-4d61-9e3f-5330af65e9df","status":0}, status=OK}
]]></system-err>
</testsuite>
