<?xml version="1.0" encoding="UTF-8"?>
<testsuite name="goos.ui.swing.MainWindowTest" tests="3" skipped="0" failures="0" errors="0" timestamp="2021-12-08T02:30:16" hostname="buildkitsandbox" time="3.845">
  <properties/>
  <testcase name="window has expected features" classname="goos.ui.swing.MainWindowTest" time="2.872"/>
  <testcase name="make user request when join button clicked" classname="goos.ui.swing.MainWindowTest" time="0.781"/>
  <testcase name="make user request when reset button clicked" classname="goos.ui.swing.MainWindowTest" time="0.186"/>
  <system-out><![CDATA[]]></system-out>
  <system-err><![CDATA[Dec 08, 2021 2:30:16 AM io.mockk.impl.log.JULLogger warn
WARNING: Failed to transform class goos/ui/api/UserRequestListener
java.lang.IllegalArgumentException: Unsupported class file major version 59
	at net.bytebuddy.jar.asm.ClassReader.<init>(ClassReader.java:176)
	at net.bytebuddy.jar.asm.ClassReader.<init>(ClassReader.java:158)
	at net.bytebuddy.jar.asm.ClassReader.<init>(ClassReader.java:146)
	at net.bytebuddy.utility.OpenedClassReader.of(OpenedClassReader.java:69)
	at net.bytebuddy.dynamic.scaffold.TypeWriter$Default$ForInlining.create(TypeWriter.java:2877)
	at net.bytebuddy.dynamic.scaffold.TypeWriter$Default.make(TypeWriter.java:1653)
	at net.bytebuddy.dynamic.scaffold.inline.RedefinitionDynamicTypeBuilder.make(RedefinitionDynamicTypeBuilder.java:180)
	at net.bytebuddy.dynamic.scaffold.inline.AbstractInliningDynamicTypeBuilder.make(AbstractInliningDynamicTypeBuilder.java:94)
	at net.bytebuddy.dynamic.DynamicType$Builder$AbstractBase.make(DynamicType.java:2669)
	at io.mockk.proxy.jvm.transformation.InliningClassTransformer.transform(InliningClassTransformer.kt:78)
	at java.instrument/java.lang.instrument.ClassFileTransformer.transform(ClassFileTransformer.java:246)
	at java.instrument/sun.instrument.TransformerManager.transform(TransformerManager.java:188)
	at java.instrument/sun.instrument.InstrumentationImpl.transform(InstrumentationImpl.java:563)
	at java.instrument/sun.instrument.InstrumentationImpl.retransformClasses0(Native Method)
	at java.instrument/sun.instrument.InstrumentationImpl.retransformClasses(InstrumentationImpl.java:167)
	at io.mockk.proxy.jvm.transformation.JvmInlineInstrumentation.retransform(JvmInlineInstrumentation.kt:28)
	at io.mockk.proxy.common.transformation.RetransformInlineInstrumnetation$execute$1.invoke(RetransformInlineInstrumnetation.kt:19)
	at io.mockk.proxy.common.transformation.RetransformInlineInstrumnetation$execute$1.invoke(RetransformInlineInstrumnetation.kt:6)
	at io.mockk.proxy.common.transformation.ClassTransformationSpecMap.applyTransformation(ClassTransformationSpecMap.kt:41)
	at io.mockk.proxy.common.transformation.RetransformInlineInstrumnetation.execute(RetransformInlineInstrumnetation.kt:16)
	at io.mockk.proxy.jvm.ProxyMaker.inline(ProxyMaker.kt:88)
	at io.mockk.proxy.jvm.ProxyMaker.proxy(ProxyMaker.kt:30)
	at io.mockk.impl.instantiation.JvmMockFactory.newProxy(JvmMockFactory.kt:34)
	at io.mockk.impl.instantiation.AbstractMockFactory.newProxy$default(AbstractMockFactory.kt:29)
	at io.mockk.impl.instantiation.AbstractMockFactory.mockk(AbstractMockFactory.kt:59)
	at goos.ui.swing.MainWindowTest$1$1.invokeSuspend(MainWindowTest.kt:90)
	at goos.ui.swing.MainWindowTest$1$1.invoke(MainWindowTest.kt)
	at goos.ui.swing.MainWindowTest$1$1.invoke(MainWindowTest.kt)
	at io.kotest.core.TestConfiguration$beforeTest$1.beforeTest(TestConfiguration.kt:137)
	at io.kotest.core.spec.LifecycleKt.invokeAllBeforeTestCallbacks(lifecycle.kt:76)
	at io.kotest.core.internal.TestCaseExecutor.executeActiveTest(TestCaseExecutor.kt:152)
	at io.kotest.core.internal.TestCaseExecutor.access$executeActiveTest(TestCaseExecutor.kt:57)
	at io.kotest.core.internal.TestCaseExecutor$intercept$innerExecute$1$1.invokeSuspend(TestCaseExecutor.kt:89)
	at io.kotest.core.internal.TestCaseExecutor$intercept$innerExecute$1$1.invoke(TestCaseExecutor.kt)
	at io.kotest.core.internal.TestCaseExecutor$intercept$innerExecute$1$1.invoke(TestCaseExecutor.kt)
	at io.kotest.core.internal.TestCaseExecutor.executeIfEnabled(TestCaseExecutor.kt:117)
	at io.kotest.core.internal.TestCaseExecutor.access$executeIfEnabled(TestCaseExecutor.kt:57)
	at io.kotest.core.internal.TestCaseExecutor$intercept$innerExecute$1.invokeSuspend(TestCaseExecutor.kt:89)
	at io.kotest.core.internal.TestCaseExecutor$intercept$innerExecute$1.invoke(TestCaseExecutor.kt)
	at io.kotest.core.internal.TestCaseExecutor$intercept$innerExecute$1.invoke(TestCaseExecutor.kt)
	at io.kotest.core.internal.TestCaseExecutor.intercept(TestCaseExecutor.kt:103)
	at io.kotest.core.internal.TestCaseExecutor.execute(TestCaseExecutor.kt:69)
	at io.kotest.engine.spec.runners.SingleInstanceSpecRunner.runTest(SingleInstanceSpecRunner.kt:104)
	at io.kotest.engine.spec.runners.SingleInstanceSpecRunner.access$runTest(SingleInstanceSpecRunner.kt:34)
	at io.kotest.engine.spec.runners.SingleInstanceSpecRunner$execute$interceptAndRun$2$4.invokeSuspend(SingleInstanceSpecRunner.kt:57)
	at io.kotest.engine.spec.runners.SingleInstanceSpecRunner$execute$interceptAndRun$2$4.invoke(SingleInstanceSpecRunner.kt)
	at io.kotest.engine.spec.runners.SingleInstanceSpecRunner$execute$interceptAndRun$2$4.invoke(SingleInstanceSpecRunner.kt)
	at io.kotest.engine.launchers.SequentialTestLauncher$launch$3$1$1.invokeSuspend(SequentialTestLauncher.kt:22)
	at kotlin.coroutines.jvm.internal.BaseContinuationImpl.resumeWith(ContinuationImpl.kt:33)
	at kotlinx.coroutines.DispatchedTask.run(DispatchedTask.kt:106)
	at java.base/java.util.concurrent.ThreadPoolExecutor.runWorker(ThreadPoolExecutor.java:1130)
	at java.base/java.util.concurrent.ThreadPoolExecutor$Worker.run(ThreadPoolExecutor.java:630)
	at java.base/java.lang.Thread.run(Thread.java:832)

Dec 08, 2021 2:30:18 AM net.sourceforge.marathon.javaagent.server.JavaServer serve
INFO: JavaServer.serve(POST /session): {
  "desiredCapabilities": {
    "browserName": "java",
    "platform": "ANY"
  },
  "capabilities": {
    "firstMatch": [
      {
        "browserName": "java"
      }
    ]
  }
}
Dec 08, 2021 2:30:18 AM net.sourceforge.marathon.javaagent.server.JavaServer createSession
INFO: Creating device with type: EVENT_QUEUE
Dec 08, 2021 2:30:18 AM net.sourceforge.marathon.javaagent.Device getDevice
INFO: Creating a EVENT_QUEUE device
Dec 08, 2021 2:30:18 AM net.sourceforge.marathon.javaagent.server.JavaServer serve
INFO: POST(/session, {"desiredCapabilities":{"browserName":"java","platform":"ANY"},"capabilities":{"firstMatch":[{"browserName":"java"}]}}) = {data=, status=REDIRECT}
Dec 08, 2021 2:30:18 AM net.sourceforge.marathon.javaagent.server.JavaServer serve
INFO: JavaServer.serve(GET /session/fb9284f6-5a80-46be-9532-d184d2c372e7): {}
Dec 08, 2021 2:30:18 AM net.sourceforge.marathon.javaagent.server.JavaServer serve
INFO: GET(/session/fb9284f6-5a80-46be-9532-d184d2c372e7) = {data={"name":"getCapabilities","sessionId":"fb9284f6-5a80-46be-9532-d184d2c372e7","value":{"applicationCacheEnabled":false,"rotatable":false,"loggingPrefs":{"driver":"ALL"},"handlesAlerts":false,"databaseEnabled":false,"version":"1.0","platform":"ANY","browserConnectionEnabled":false,"nativeEvents":false,"acceptSslCerts":false,"locationContextEnabled":false,"webStorageEnabled":false,"browserName":"java","takesScreenshot":true,"javascriptEnabled":true,"cssSelectorsEnabled":false},"status":0}, status=OK}
Dec 08, 2021 2:30:18 AM org.openqa.selenium.remote.ProtocolHandshake createSession
INFO: Detected dialect: OSS
Dec 08, 2021 2:30:18 AM net.sourceforge.marathon.javaagent.server.JavaServer serve
INFO: JavaServer.serve(POST /session/fb9284f6-5a80-46be-9532-d184d2c372e7/element): {
  "using": "css selector",
  "value": "."
}
Dec 08, 2021 2:30:18 AM net.sourceforge.marathon.javaagent.server.JavaServer serve
INFO: POST(/session/fb9284f6-5a80-46be-9532-d184d2c372e7/element, {"using":"css selector","value":"."}) = {data={"name":"findElement","sessionId":"fb9284f6-5a80-46be-9532-d184d2c372e7","value":{"ELEMENT":"476077d1-bc4d-4c4e-87ac-780466a8d93e"},"status":0}, status=OK}
Dec 08, 2021 2:30:18 AM net.sourceforge.marathon.javaagent.server.JavaServer serve
INFO: JavaServer.serve(GET /session/fb9284f6-5a80-46be-9532-d184d2c372e7/element/476077d1-bc4d-4c4e-87ac-780466a8d93e/attribute/name): {}
Dec 08, 2021 2:30:18 AM net.sourceforge.marathon.javaagent.server.JavaServer serve
INFO: GET(/session/fb9284f6-5a80-46be-9532-d184d2c372e7/element/476077d1-bc4d-4c4e-87ac-780466a8d93e/attribute/name) = {data={"name":"getElementAttribute","sessionId":"fb9284f6-5a80-46be-9532-d184d2c372e7","value":"Auction Sniper Name","status":0}, status=OK}
Dec 08, 2021 2:30:18 AM net.sourceforge.marathon.javaagent.server.JavaServer serve
INFO: JavaServer.serve(POST /session/fb9284f6-5a80-46be-9532-d184d2c372e7/element): {
  "using": "css selector",
  "value": "."
}
Dec 08, 2021 2:30:18 AM net.sourceforge.marathon.javaagent.server.JavaServer serve
INFO: POST(/session/fb9284f6-5a80-46be-9532-d184d2c372e7/element, {"using":"css selector","value":"."}) = {data={"name":"findElement","sessionId":"fb9284f6-5a80-46be-9532-d184d2c372e7","value":{"ELEMENT":"476077d1-bc4d-4c4e-87ac-780466a8d93e"},"status":0}, status=OK}
Dec 08, 2021 2:30:18 AM net.sourceforge.marathon.javaagent.server.JavaServer serve
INFO: JavaServer.serve(GET /session/fb9284f6-5a80-46be-9532-d184d2c372e7/element/476077d1-bc4d-4c4e-87ac-780466a8d93e/displayed): {}
Dec 08, 2021 2:30:18 AM net.sourceforge.marathon.javaagent.server.JavaServer serve
INFO: GET(/session/fb9284f6-5a80-46be-9532-d184d2c372e7/element/476077d1-bc4d-4c4e-87ac-780466a8d93e/displayed) = {data={"name":"isDisplayed","sessionId":"fb9284f6-5a80-46be-9532-d184d2c372e7","value":true,"status":0}, status=OK}
Dec 08, 2021 2:30:18 AM net.sourceforge.marathon.javaagent.server.JavaServer serve
INFO: JavaServer.serve(GET /session/fb9284f6-5a80-46be-9532-d184d2c372e7/title): {}
Dec 08, 2021 2:30:18 AM net.sourceforge.marathon.javaagent.server.JavaServer serve
INFO: GET(/session/fb9284f6-5a80-46be-9532-d184d2c372e7/title) = {data={"name":"getWindowTitle","sessionId":"fb9284f6-5a80-46be-9532-d184d2c372e7","value":"Auction Sniper","status":0}, status=OK}
Dec 08, 2021 2:30:18 AM net.sourceforge.marathon.javaagent.server.JavaServer serve
INFO: JavaServer.serve(POST /session/fb9284f6-5a80-46be-9532-d184d2c372e7/element): {
  "using": "name",
  "value": "snipers table"
}
Dec 08, 2021 2:30:19 AM net.sourceforge.marathon.javaagent.server.JavaServer serve
INFO: POST(/session/fb9284f6-5a80-46be-9532-d184d2c372e7/element, {"using":"name","value":"snipers table"}) = {data={"name":"findElement","sessionId":"fb9284f6-5a80-46be-9532-d184d2c372e7","value":{"ELEMENT":"de172eb5-728d-42eb-8e08-c7c6b87f7ec7"},"status":0}, status=OK}
Dec 08, 2021 2:30:19 AM net.sourceforge.marathon.javaagent.server.JavaServer serve
INFO: JavaServer.serve(POST /session/fb9284f6-5a80-46be-9532-d184d2c372e7/element/de172eb5-728d-42eb-8e08-c7c6b87f7ec7/elements): {
  "id": "de172eb5-728d-42eb-8e08-c7c6b87f7ec7",
  "using": "css selector",
  "value": ".::header.::all-items"
}
Dec 08, 2021 2:30:19 AM net.sourceforge.marathon.javaagent.server.JavaServer serve
INFO: POST(/session/fb9284f6-5a80-46be-9532-d184d2c372e7/element/de172eb5-728d-42eb-8e08-c7c6b87f7ec7/elements, {"using":"css selector","id":"de172eb5-728d-42eb-8e08-c7c6b87f7ec7","value":".::header.::all-items"}) = {data={"name":"findElementsOfElement","sessionId":"fb9284f6-5a80-46be-9532-d184d2c372e7","value":[{"ELEMENT":"602de6c1-1920-4e53-8448-7370a6e77ae7%23%7B%22selector%22%3A%22nth-item%22%2C%22parameters%22%3A%5B1%5D%7D"},{"ELEMENT":"602de6c1-1920-4e53-8448-7370a6e77ae7%23%7B%22selector%22%3A%22nth-item%22%2C%22parameters%22%3A%5B2%5D%7D"},{"ELEMENT":"602de6c1-1920-4e53-8448-7370a6e77ae7%23%7B%22selector%22%3A%22nth-item%22%2C%22parameters%22%3A%5B3%5D%7D"},{"ELEMENT":"602de6c1-1920-4e53-8448-7370a6e77ae7%23%7B%22selector%22%3A%22nth-item%22%2C%22parameters%22%3A%5B4%5D%7D"}],"status":0}, status=OK}
Dec 08, 2021 2:30:19 AM net.sourceforge.marathon.javaagent.server.JavaServer serve
INFO: JavaServer.serve(GET /session/fb9284f6-5a80-46be-9532-d184d2c372e7/element/602de6c1-1920-4e53-8448-7370a6e77ae7%23%7B%22selector%22%3A%22nth-item%22%2C%22parameters%22%3A%5B1%5D%7D/text): {}
Dec 08, 2021 2:30:19 AM net.sourceforge.marathon.javaagent.server.JavaServer serve
INFO: GET(/session/fb9284f6-5a80-46be-9532-d184d2c372e7/element/602de6c1-1920-4e53-8448-7370a6e77ae7%23%7B%22selector%22%3A%22nth-item%22%2C%22parameters%22%3A%5B1%5D%7D/text) = {data={"name":"getElementText","sessionId":"fb9284f6-5a80-46be-9532-d184d2c372e7","value":"Item","status":0}, status=OK}
Dec 08, 2021 2:30:19 AM net.sourceforge.marathon.javaagent.server.JavaServer serve
INFO: JavaServer.serve(GET /session/fb9284f6-5a80-46be-9532-d184d2c372e7/element/602de6c1-1920-4e53-8448-7370a6e77ae7%23%7B%22selector%22%3A%22nth-item%22%2C%22parameters%22%3A%5B2%5D%7D/text): {}
Dec 08, 2021 2:30:19 AM net.sourceforge.marathon.javaagent.server.JavaServer serve
INFO: GET(/session/fb9284f6-5a80-46be-9532-d184d2c372e7/element/602de6c1-1920-4e53-8448-7370a6e77ae7%23%7B%22selector%22%3A%22nth-item%22%2C%22parameters%22%3A%5B2%5D%7D/text) = {data={"name":"getElementText","sessionId":"fb9284f6-5a80-46be-9532-d184d2c372e7","value":"Last Price","status":0}, status=OK}
Dec 08, 2021 2:30:19 AM net.sourceforge.marathon.javaagent.server.JavaServer serve
INFO: JavaServer.serve(GET /session/fb9284f6-5a80-46be-9532-d184d2c372e7/element/602de6c1-1920-4e53-8448-7370a6e77ae7%23%7B%22selector%22%3A%22nth-item%22%2C%22parameters%22%3A%5B3%5D%7D/text): {}
Dec 08, 2021 2:30:19 AM net.sourceforge.marathon.javaagent.server.JavaServer serve
INFO: GET(/session/fb9284f6-5a80-46be-9532-d184d2c372e7/element/602de6c1-1920-4e53-8448-7370a6e77ae7%23%7B%22selector%22%3A%22nth-item%22%2C%22parameters%22%3A%5B3%5D%7D/text) = {data={"name":"getElementText","sessionId":"fb9284f6-5a80-46be-9532-d184d2c372e7","value":"Last Bid","status":0}, status=OK}
Dec 08, 2021 2:30:19 AM net.sourceforge.marathon.javaagent.server.JavaServer serve
INFO: JavaServer.serve(GET /session/fb9284f6-5a80-46be-9532-d184d2c372e7/element/602de6c1-1920-4e53-8448-7370a6e77ae7%23%7B%22selector%22%3A%22nth-item%22%2C%22parameters%22%3A%5B4%5D%7D/text): {}
Dec 08, 2021 2:30:19 AM net.sourceforge.marathon.javaagent.server.JavaServer serve
INFO: GET(/session/fb9284f6-5a80-46be-9532-d184d2c372e7/element/602de6c1-1920-4e53-8448-7370a6e77ae7%23%7B%22selector%22%3A%22nth-item%22%2C%22parameters%22%3A%5B4%5D%7D/text) = {data={"name":"getElementText","sessionId":"fb9284f6-5a80-46be-9532-d184d2c372e7","value":"State","status":0}, status=OK}
Dec 08, 2021 2:30:19 AM net.sourceforge.marathon.javaagent.server.JavaServer serve
INFO: JavaServer.serve(DELETE /session/fb9284f6-5a80-46be-9532-d184d2c372e7/window): {}
Dec 08, 2021 2:30:19 AM net.sourceforge.marathon.javaagent.server.JavaServer serve
INFO: DELETE(/session/fb9284f6-5a80-46be-9532-d184d2c372e7/window) = {data={"name":"closeSession","sessionId":"fb9284f6-5a80-46be-9532-d184d2c372e7","status":0}, status=OK}
Dec 08, 2021 2:30:19 AM net.sourceforge.marathon.javaagent.server.JavaServer serve
INFO: JavaServer.serve(POST /session): {
  "desiredCapabilities": {
    "browserName": "java",
    "platform": "ANY"
  },
  "capabilities": {
    "firstMatch": [
      {
        "browserName": "java"
      }
    ]
  }
}
Dec 08, 2021 2:30:19 AM net.sourceforge.marathon.javaagent.server.JavaServer createSession
INFO: Creating device with type: EVENT_QUEUE
Dec 08, 2021 2:30:19 AM net.sourceforge.marathon.javaagent.Device getDevice
INFO: Creating a EVENT_QUEUE device
Dec 08, 2021 2:30:19 AM net.sourceforge.marathon.javaagent.server.JavaServer serve
INFO: POST(/session, {"desiredCapabilities":{"browserName":"java","platform":"ANY"},"capabilities":{"firstMatch":[{"browserName":"java"}]}}) = {data=, status=REDIRECT}
Dec 08, 2021 2:30:19 AM net.sourceforge.marathon.javaagent.server.JavaServer serve
INFO: JavaServer.serve(GET /session/acf3fed6-4ee3-41cd-87e5-29668a17de59): {}
Dec 08, 2021 2:30:19 AM net.sourceforge.marathon.javaagent.server.JavaServer serve
INFO: GET(/session/acf3fed6-4ee3-41cd-87e5-29668a17de59) = {data={"name":"getCapabilities","sessionId":"acf3fed6-4ee3-41cd-87e5-29668a17de59","value":{"applicationCacheEnabled":false,"rotatable":false,"loggingPrefs":{"driver":"ALL"},"handlesAlerts":false,"databaseEnabled":false,"version":"1.0","platform":"ANY","browserConnectionEnabled":false,"nativeEvents":false,"acceptSslCerts":false,"locationContextEnabled":false,"webStorageEnabled":false,"browserName":"java","takesScreenshot":true,"javascriptEnabled":true,"cssSelectorsEnabled":false},"status":0}, status=OK}
Dec 08, 2021 2:30:19 AM org.openqa.selenium.remote.ProtocolHandshake createSession
INFO: Detected dialect: OSS
Dec 08, 2021 2:30:19 AM net.sourceforge.marathon.javaagent.server.JavaServer serve
INFO: JavaServer.serve(POST /session/acf3fed6-4ee3-41cd-87e5-29668a17de59/element): {
  "using": "name",
  "value": "new item id field"
}
Dec 08, 2021 2:30:19 AM net.sourceforge.marathon.javaagent.server.JavaServer serve
INFO: POST(/session/acf3fed6-4ee3-41cd-87e5-29668a17de59/element, {"using":"name","value":"new item id field"}) = {data={"name":"findElement","sessionId":"acf3fed6-4ee3-41cd-87e5-29668a17de59","value":{"ELEMENT":"7ac632bc-b45c-4468-be64-4ed0e0cf75bc"},"status":0}, status=OK}
Dec 08, 2021 2:30:19 AM net.sourceforge.marathon.javaagent.server.JavaServer serve
INFO: JavaServer.serve(POST /session/acf3fed6-4ee3-41cd-87e5-29668a17de59/element/7ac632bc-b45c-4468-be64-4ed0e0cf75bc/clear): {
  "id": "7ac632bc-b45c-4468-be64-4ed0e0cf75bc"
}
Dec 08, 2021 2:30:19 AM net.sourceforge.marathon.javaagent.server.JavaServer serve
INFO: POST(/session/acf3fed6-4ee3-41cd-87e5-29668a17de59/element/7ac632bc-b45c-4468-be64-4ed0e0cf75bc/clear, {"id":"7ac632bc-b45c-4468-be64-4ed0e0cf75bc"}) = {data={"name":"clearElement","sessionId":"acf3fed6-4ee3-41cd-87e5-29668a17de59","status":0}, status=OK}
Dec 08, 2021 2:30:19 AM net.sourceforge.marathon.javaagent.server.JavaServer serve
INFO: JavaServer.serve(POST /session/acf3fed6-4ee3-41cd-87e5-29668a17de59/element/7ac632bc-b45c-4468-be64-4ed0e0cf75bc/value): {
  "id": "7ac632bc-b45c-4468-be64-4ed0e0cf75bc",
  "value": [
    "an item-id"
  ]
}
Dec 08, 2021 2:30:19 AM net.sourceforge.marathon.javaagent.EventQueueDevice dispatchEvent
INFO: java.awt.event.KeyEvent[KEY_PRESSED,keyCode=65,keyText=A,keyChar='a',keyLocation=KEY_LOCATION_UNKNOWN,rawCode=0,primaryLevelUnicode=0,scancode=0,extendedKeyCode=0x0] on new item id field
Dec 08, 2021 2:30:19 AM net.sourceforge.marathon.javaagent.EventQueueDevice dispatchEvent
INFO: java.awt.event.KeyEvent[KEY_TYPED,keyCode=0,keyText=Unknown keyCode: 0x0,keyChar='a',keyLocation=KEY_LOCATION_UNKNOWN,rawCode=0,primaryLevelUnicode=0,scancode=0,extendedKeyCode=0x0] on new item id field
Dec 08, 2021 2:30:19 AM net.sourceforge.marathon.javaagent.EventQueueDevice dispatchEvent
INFO: java.awt.event.KeyEvent[KEY_RELEASED,keyCode=65,keyText=A,keyChar='a',keyLocation=KEY_LOCATION_UNKNOWN,rawCode=0,primaryLevelUnicode=0,scancode=0,extendedKeyCode=0x0] on new item id field
Dec 08, 2021 2:30:19 AM net.sourceforge.marathon.javaagent.EventQueueDevice dispatchEvent
INFO: java.awt.event.KeyEvent[KEY_PRESSED,keyCode=78,keyText=N,keyChar='n',keyLocation=KEY_LOCATION_UNKNOWN,rawCode=0,primaryLevelUnicode=0,scancode=0,extendedKeyCode=0x0] on new item id field
Dec 08, 2021 2:30:19 AM net.sourceforge.marathon.javaagent.EventQueueDevice dispatchEvent
INFO: java.awt.event.KeyEvent[KEY_TYPED,keyCode=0,keyText=Unknown keyCode: 0x0,keyChar='n',keyLocation=KEY_LOCATION_UNKNOWN,rawCode=0,primaryLevelUnicode=0,scancode=0,extendedKeyCode=0x0] on new item id field
Dec 08, 2021 2:30:19 AM net.sourceforge.marathon.javaagent.EventQueueDevice dispatchEvent
INFO: java.awt.event.KeyEvent[KEY_RELEASED,keyCode=78,keyText=N,keyChar='n',keyLocation=KEY_LOCATION_UNKNOWN,rawCode=0,primaryLevelUnicode=0,scancode=0,extendedKeyCode=0x0] on new item id field
Dec 08, 2021 2:30:19 AM net.sourceforge.marathon.javaagent.EventQueueDevice dispatchEvent
INFO: java.awt.event.KeyEvent[KEY_PRESSED,keyCode=16,keyText=Shift,keyChar=Undefined keyChar,modifiers=Shift,extModifiers=Shift,keyLocation=KEY_LOCATION_UNKNOWN,rawCode=0,primaryLevelUnicode=0,scancode=0,extendedKeyCode=0x0] on new item id field
Dec 08, 2021 2:30:19 AM net.sourceforge.marathon.javaagent.EventQueueDevice dispatchEvent
INFO: java.awt.event.KeyEvent[KEY_PRESSED,keyCode=32,keyText=Space,keyChar=' ',modifiers=Shift,extModifiers=Shift,keyLocation=KEY_LOCATION_UNKNOWN,rawCode=0,primaryLevelUnicode=0,scancode=0,extendedKeyCode=0x0] on new item id field
Dec 08, 2021 2:30:19 AM net.sourceforge.marathon.javaagent.EventQueueDevice dispatchEvent
INFO: java.awt.event.KeyEvent[KEY_TYPED,keyCode=0,keyText=Unknown keyCode: 0x0,keyChar=' ',modifiers=Shift,extModifiers=Shift,keyLocation=KEY_LOCATION_UNKNOWN,rawCode=0,primaryLevelUnicode=0,scancode=0,extendedKeyCode=0x0] on new item id field
Dec 08, 2021 2:30:19 AM net.sourceforge.marathon.javaagent.EventQueueDevice dispatchEvent
INFO: java.awt.event.KeyEvent[KEY_RELEASED,keyCode=32,keyText=Space,keyChar=' ',modifiers=Shift,extModifiers=Shift,keyLocation=KEY_LOCATION_UNKNOWN,rawCode=0,primaryLevelUnicode=0,scancode=0,extendedKeyCode=0x0] on new item id field
Dec 08, 2021 2:30:19 AM net.sourceforge.marathon.javaagent.EventQueueDevice dispatchEvent
INFO: java.awt.event.KeyEvent[KEY_RELEASED,keyCode=16,keyText=Shift,keyChar=Undefined keyChar,keyLocation=KEY_LOCATION_UNKNOWN,rawCode=0,primaryLevelUnicode=0,scancode=0,extendedKeyCode=0x0] on new item id field
Dec 08, 2021 2:30:19 AM net.sourceforge.marathon.javaagent.EventQueueDevice dispatchEvent
INFO: java.awt.event.KeyEvent[KEY_PRESSED,keyCode=73,keyText=I,keyChar='i',keyLocation=KEY_LOCATION_UNKNOWN,rawCode=0,primaryLevelUnicode=0,scancode=0,extendedKeyCode=0x0] on new item id field
Dec 08, 2021 2:30:19 AM net.sourceforge.marathon.javaagent.EventQueueDevice dispatchEvent
INFO: java.awt.event.KeyEvent[KEY_TYPED,keyCode=0,keyText=Unknown keyCode: 0x0,keyChar='i',keyLocation=KEY_LOCATION_UNKNOWN,rawCode=0,primaryLevelUnicode=0,scancode=0,extendedKeyCode=0x0] on new item id field
Dec 08, 2021 2:30:19 AM net.sourceforge.marathon.javaagent.EventQueueDevice dispatchEvent
INFO: java.awt.event.KeyEvent[KEY_RELEASED,keyCode=73,keyText=I,keyChar='i',keyLocation=KEY_LOCATION_UNKNOWN,rawCode=0,primaryLevelUnicode=0,scancode=0,extendedKeyCode=0x0] on new item id field
Dec 08, 2021 2:30:19 AM net.sourceforge.marathon.javaagent.EventQueueDevice dispatchEvent
INFO: java.awt.event.KeyEvent[KEY_PRESSED,keyCode=84,keyText=T,keyChar='t',keyLocation=KEY_LOCATION_UNKNOWN,rawCode=0,primaryLevelUnicode=0,scancode=0,extendedKeyCode=0x0] on new item id field
Dec 08, 2021 2:30:19 AM net.sourceforge.marathon.javaagent.EventQueueDevice dispatchEvent
INFO: java.awt.event.KeyEvent[KEY_TYPED,keyCode=0,keyText=Unknown keyCode: 0x0,keyChar='t',keyLocation=KEY_LOCATION_UNKNOWN,rawCode=0,primaryLevelUnicode=0,scancode=0,extendedKeyCode=0x0] on new item id field
Dec 08, 2021 2:30:19 AM net.sourceforge.marathon.javaagent.EventQueueDevice dispatchEvent
INFO: java.awt.event.KeyEvent[KEY_RELEASED,keyCode=84,keyText=T,keyChar='t',keyLocation=KEY_LOCATION_UNKNOWN,rawCode=0,primaryLevelUnicode=0,scancode=0,extendedKeyCode=0x0] on new item id field
Dec 08, 2021 2:30:19 AM net.sourceforge.marathon.javaagent.EventQueueDevice dispatchEvent
INFO: java.awt.event.KeyEvent[KEY_PRESSED,keyCode=69,keyText=E,keyChar='e',keyLocation=KEY_LOCATION_UNKNOWN,rawCode=0,primaryLevelUnicode=0,scancode=0,extendedKeyCode=0x0] on new item id field
Dec 08, 2021 2:30:19 AM net.sourceforge.marathon.javaagent.EventQueueDevice dispatchEvent
INFO: java.awt.event.KeyEvent[KEY_TYPED,keyCode=0,keyText=Unknown keyCode: 0x0,keyChar='e',keyLocation=KEY_LOCATION_UNKNOWN,rawCode=0,primaryLevelUnicode=0,scancode=0,extendedKeyCode=0x0] on new item id field
Dec 08, 2021 2:30:19 AM net.sourceforge.marathon.javaagent.EventQueueDevice dispatchEvent
INFO: java.awt.event.KeyEvent[KEY_RELEASED,keyCode=69,keyText=E,keyChar='e',keyLocation=KEY_LOCATION_UNKNOWN,rawCode=0,primaryLevelUnicode=0,scancode=0,extendedKeyCode=0x0] on new item id field
Dec 08, 2021 2:30:19 AM net.sourceforge.marathon.javaagent.EventQueueDevice dispatchEvent
INFO: java.awt.event.KeyEvent[KEY_PRESSED,keyCode=77,keyText=M,keyChar='m',keyLocation=KEY_LOCATION_UNKNOWN,rawCode=0,primaryLevelUnicode=0,scancode=0,extendedKeyCode=0x0] on new item id field
Dec 08, 2021 2:30:19 AM net.sourceforge.marathon.javaagent.EventQueueDevice dispatchEvent
INFO: java.awt.event.KeyEvent[KEY_TYPED,keyCode=0,keyText=Unknown keyCode: 0x0,keyChar='m',keyLocation=KEY_LOCATION_UNKNOWN,rawCode=0,primaryLevelUnicode=0,scancode=0,extendedKeyCode=0x0] on new item id field
Dec 08, 2021 2:30:19 AM net.sourceforge.marathon.javaagent.EventQueueDevice dispatchEvent
INFO: java.awt.event.KeyEvent[KEY_RELEASED,keyCode=77,keyText=M,keyChar='m',keyLocation=KEY_LOCATION_UNKNOWN,rawCode=0,primaryLevelUnicode=0,scancode=0,extendedKeyCode=0x0] on new item id field
Dec 08, 2021 2:30:19 AM net.sourceforge.marathon.javaagent.EventQueueDevice dispatchEvent
INFO: java.awt.event.KeyEvent[KEY_PRESSED,keyCode=45,keyText=Minus,keyChar='-',keyLocation=KEY_LOCATION_UNKNOWN,rawCode=0,primaryLevelUnicode=0,scancode=0,extendedKeyCode=0x0] on new item id field
Dec 08, 2021 2:30:19 AM net.sourceforge.marathon.javaagent.EventQueueDevice dispatchEvent
INFO: java.awt.event.KeyEvent[KEY_TYPED,keyCode=0,keyText=Unknown keyCode: 0x0,keyChar='-',keyLocation=KEY_LOCATION_UNKNOWN,rawCode=0,primaryLevelUnicode=0,scancode=0,extendedKeyCode=0x0] on new item id field
Dec 08, 2021 2:30:19 AM net.sourceforge.marathon.javaagent.EventQueueDevice dispatchEvent
INFO: java.awt.event.KeyEvent[KEY_RELEASED,keyCode=45,keyText=Minus,keyChar='-',keyLocation=KEY_LOCATION_UNKNOWN,rawCode=0,primaryLevelUnicode=0,scancode=0,extendedKeyCode=0x0] on new item id field
Dec 08, 2021 2:30:19 AM net.sourceforge.marathon.javaagent.EventQueueDevice dispatchEvent
INFO: java.awt.event.KeyEvent[KEY_PRESSED,keyCode=73,keyText=I,keyChar='i',keyLocation=KEY_LOCATION_UNKNOWN,rawCode=0,primaryLevelUnicode=0,scancode=0,extendedKeyCode=0x0] on new item id field
Dec 08, 2021 2:30:19 AM net.sourceforge.marathon.javaagent.EventQueueDevice dispatchEvent
INFO: java.awt.event.KeyEvent[KEY_TYPED,keyCode=0,keyText=Unknown keyCode: 0x0,keyChar='i',keyLocation=KEY_LOCATION_UNKNOWN,rawCode=0,primaryLevelUnicode=0,scancode=0,extendedKeyCode=0x0] on new item id field
Dec 08, 2021 2:30:19 AM net.sourceforge.marathon.javaagent.EventQueueDevice dispatchEvent
INFO: java.awt.event.KeyEvent[KEY_RELEASED,keyCode=73,keyText=I,keyChar='i',keyLocation=KEY_LOCATION_UNKNOWN,rawCode=0,primaryLevelUnicode=0,scancode=0,extendedKeyCode=0x0] on new item id field
Dec 08, 2021 2:30:19 AM net.sourceforge.marathon.javaagent.EventQueueDevice dispatchEvent
INFO: java.awt.event.KeyEvent[KEY_PRESSED,keyCode=68,keyText=D,keyChar='d',keyLocation=KEY_LOCATION_UNKNOWN,rawCode=0,primaryLevelUnicode=0,scancode=0,extendedKeyCode=0x0] on new item id field
Dec 08, 2021 2:30:19 AM net.sourceforge.marathon.javaagent.EventQueueDevice dispatchEvent
INFO: java.awt.event.KeyEvent[KEY_TYPED,keyCode=0,keyText=Unknown keyCode: 0x0,keyChar='d',keyLocation=KEY_LOCATION_UNKNOWN,rawCode=0,primaryLevelUnicode=0,scancode=0,extendedKeyCode=0x0] on new item id field
Dec 08, 2021 2:30:19 AM net.sourceforge.marathon.javaagent.EventQueueDevice dispatchEvent
INFO: java.awt.event.KeyEvent[KEY_RELEASED,keyCode=68,keyText=D,keyChar='d',keyLocation=KEY_LOCATION_UNKNOWN,rawCode=0,primaryLevelUnicode=0,scancode=0,extendedKeyCode=0x0] on new item id field
Dec 08, 2021 2:30:19 AM net.sourceforge.marathon.javaagent.server.JavaServer serve
INFO: POST(/session/acf3fed6-4ee3-41cd-87e5-29668a17de59/element/7ac632bc-b45c-4468-be64-4ed0e0cf75bc/value, {"id":"7ac632bc-b45c-4468-be64-4ed0e0cf75bc","value":["an item-id"]}) = {data={"name":"sendKeysElement","sessionId":"acf3fed6-4ee3-41cd-87e5-29668a17de59","status":0}, status=OK}
Dec 08, 2021 2:30:19 AM net.sourceforge.marathon.javaagent.server.JavaServer serve
INFO: JavaServer.serve(POST /session/acf3fed6-4ee3-41cd-87e5-29668a17de59/element): {
  "using": "name",
  "value": "new item stop price field"
}
Dec 08, 2021 2:30:19 AM net.sourceforge.marathon.javaagent.server.JavaServer serve
INFO: POST(/session/acf3fed6-4ee3-41cd-87e5-29668a17de59/element, {"using":"name","value":"new item stop price field"}) = {data={"name":"findElement","sessionId":"acf3fed6-4ee3-41cd-87e5-29668a17de59","value":{"ELEMENT":"dfe522ee-d58e-4334-ac18-110059cd9170"},"status":0}, status=OK}
Dec 08, 2021 2:30:19 AM net.sourceforge.marathon.javaagent.server.JavaServer serve
INFO: JavaServer.serve(POST /session/acf3fed6-4ee3-41cd-87e5-29668a17de59/element/dfe522ee-d58e-4334-ac18-110059cd9170/clear): {
  "id": "dfe522ee-d58e-4334-ac18-110059cd9170"
}
Dec 08, 2021 2:30:19 AM net.sourceforge.marathon.javaagent.server.JavaServer serve
INFO: POST(/session/acf3fed6-4ee3-41cd-87e5-29668a17de59/element/dfe522ee-d58e-4334-ac18-110059cd9170/clear, {"id":"dfe522ee-d58e-4334-ac18-110059cd9170"}) = {data={"name":"clearElement","sessionId":"acf3fed6-4ee3-41cd-87e5-29668a17de59","status":0}, status=OK}
Dec 08, 2021 2:30:19 AM net.sourceforge.marathon.javaagent.server.JavaServer serve
INFO: JavaServer.serve(POST /session/acf3fed6-4ee3-41cd-87e5-29668a17de59/element/dfe522ee-d58e-4334-ac18-110059cd9170/value): {
  "id": "dfe522ee-d58e-4334-ac18-110059cd9170",
  "value": [
    "11000"
  ]
}
Dec 08, 2021 2:30:19 AM net.sourceforge.marathon.javaagent.EventQueueDevice dispatchEvent
INFO: java.awt.event.KeyEvent[KEY_PRESSED,keyCode=49,keyText=1,keyChar='1',keyLocation=KEY_LOCATION_UNKNOWN,rawCode=0,primaryLevelUnicode=0,scancode=0,extendedKeyCode=0x0] on new item stop price field
Dec 08, 2021 2:30:19 AM net.sourceforge.marathon.javaagent.EventQueueDevice dispatchEvent
INFO: java.awt.event.KeyEvent[KEY_TYPED,keyCode=0,keyText=Unknown keyCode: 0x0,keyChar='1',keyLocation=KEY_LOCATION_UNKNOWN,rawCode=0,primaryLevelUnicode=0,scancode=0,extendedKeyCode=0x0] on new item stop price field
Dec 08, 2021 2:30:19 AM net.sourceforge.marathon.javaagent.EventQueueDevice dispatchEvent
INFO: java.awt.event.KeyEvent[KEY_RELEASED,keyCode=49,keyText=1,keyChar='1',keyLocation=KEY_LOCATION_UNKNOWN,rawCode=0,primaryLevelUnicode=0,scancode=0,extendedKeyCode=0x0] on new item stop price field
Dec 08, 2021 2:30:19 AM net.sourceforge.marathon.javaagent.EventQueueDevice dispatchEvent
INFO: java.awt.event.KeyEvent[KEY_PRESSED,keyCode=49,keyText=1,keyChar='1',keyLocation=KEY_LOCATION_UNKNOWN,rawCode=0,primaryLevelUnicode=0,scancode=0,extendedKeyCode=0x0] on new item stop price field
Dec 08, 2021 2:30:19 AM net.sourceforge.marathon.javaagent.EventQueueDevice dispatchEvent
INFO: java.awt.event.KeyEvent[KEY_TYPED,keyCode=0,keyText=Unknown keyCode: 0x0,keyChar='1',keyLocation=KEY_LOCATION_UNKNOWN,rawCode=0,primaryLevelUnicode=0,scancode=0,extendedKeyCode=0x0] on new item stop price field
Dec 08, 2021 2:30:19 AM net.sourceforge.marathon.javaagent.EventQueueDevice dispatchEvent
INFO: java.awt.event.KeyEvent[KEY_RELEASED,keyCode=49,keyText=1,keyChar='1',keyLocation=KEY_LOCATION_UNKNOWN,rawCode=0,primaryLevelUnicode=0,scancode=0,extendedKeyCode=0x0] on new item stop price field
Dec 08, 2021 2:30:19 AM net.sourceforge.marathon.javaagent.EventQueueDevice dispatchEvent
INFO: java.awt.event.KeyEvent[KEY_PRESSED,keyCode=48,keyText=0,keyChar='0',keyLocation=KEY_LOCATION_UNKNOWN,rawCode=0,primaryLevelUnicode=0,scancode=0,extendedKeyCode=0x0] on new item stop price field
Dec 08, 2021 2:30:19 AM net.sourceforge.marathon.javaagent.EventQueueDevice dispatchEvent
INFO: java.awt.event.KeyEvent[KEY_TYPED,keyCode=0,keyText=Unknown keyCode: 0x0,keyChar='0',keyLocation=KEY_LOCATION_UNKNOWN,rawCode=0,primaryLevelUnicode=0,scancode=0,extendedKeyCode=0x0] on new item stop price field
Dec 08, 2021 2:30:19 AM net.sourceforge.marathon.javaagent.EventQueueDevice dispatchEvent
INFO: java.awt.event.KeyEvent[KEY_RELEASED,keyCode=48,keyText=0,keyChar='0',keyLocation=KEY_LOCATION_UNKNOWN,rawCode=0,primaryLevelUnicode=0,scancode=0,extendedKeyCode=0x0] on new item stop price field
Dec 08, 2021 2:30:19 AM net.sourceforge.marathon.javaagent.EventQueueDevice dispatchEvent
INFO: java.awt.event.KeyEvent[KEY_PRESSED,keyCode=48,keyText=0,keyChar='0',keyLocation=KEY_LOCATION_UNKNOWN,rawCode=0,primaryLevelUnicode=0,scancode=0,extendedKeyCode=0x0] on new item stop price field
Dec 08, 2021 2:30:19 AM net.sourceforge.marathon.javaagent.EventQueueDevice dispatchEvent
INFO: java.awt.event.KeyEvent[KEY_TYPED,keyCode=0,keyText=Unknown keyCode: 0x0,keyChar='0',keyLocation=KEY_LOCATION_UNKNOWN,rawCode=0,primaryLevelUnicode=0,scancode=0,extendedKeyCode=0x0] on new item stop price field
Dec 08, 2021 2:30:19 AM net.sourceforge.marathon.javaagent.EventQueueDevice dispatchEvent
INFO: java.awt.event.KeyEvent[KEY_RELEASED,keyCode=48,keyText=0,keyChar='0',keyLocation=KEY_LOCATION_UNKNOWN,rawCode=0,primaryLevelUnicode=0,scancode=0,extendedKeyCode=0x0] on new item stop price field
Dec 08, 2021 2:30:19 AM net.sourceforge.marathon.javaagent.EventQueueDevice dispatchEvent
INFO: java.awt.event.KeyEvent[KEY_PRESSED,keyCode=48,keyText=0,keyChar='0',keyLocation=KEY_LOCATION_UNKNOWN,rawCode=0,primaryLevelUnicode=0,scancode=0,extendedKeyCode=0x0] on new item stop price field
Dec 08, 2021 2:30:19 AM net.sourceforge.marathon.javaagent.EventQueueDevice dispatchEvent
INFO: java.awt.event.KeyEvent[KEY_TYPED,keyCode=0,keyText=Unknown keyCode: 0x0,keyChar='0',keyLocation=KEY_LOCATION_UNKNOWN,rawCode=0,primaryLevelUnicode=0,scancode=0,extendedKeyCode=0x0] on new item stop price field
Dec 08, 2021 2:30:19 AM net.sourceforge.marathon.javaagent.EventQueueDevice dispatchEvent
INFO: java.awt.event.KeyEvent[KEY_RELEASED,keyCode=48,keyText=0,keyChar='0',keyLocation=KEY_LOCATION_UNKNOWN,rawCode=0,primaryLevelUnicode=0,scancode=0,extendedKeyCode=0x0] on new item stop price field
Dec 08, 2021 2:30:19 AM net.sourceforge.marathon.javaagent.server.JavaServer serve
INFO: POST(/session/acf3fed6-4ee3-41cd-87e5-29668a17de59/element/dfe522ee-d58e-4334-ac18-110059cd9170/value, {"id":"dfe522ee-d58e-4334-ac18-110059cd9170","value":["11000"]}) = {data={"name":"sendKeysElement","sessionId":"acf3fed6-4ee3-41cd-87e5-29668a17de59","status":0}, status=OK}
Dec 08, 2021 2:30:19 AM net.sourceforge.marathon.javaagent.server.JavaServer serve
INFO: JavaServer.serve(POST /session/acf3fed6-4ee3-41cd-87e5-29668a17de59/element): {
  "using": "name",
  "value": "join button"
}
Dec 08, 2021 2:30:19 AM net.sourceforge.marathon.javaagent.server.JavaServer serve
INFO: POST(/session/acf3fed6-4ee3-41cd-87e5-29668a17de59/element, {"using":"name","value":"join button"}) = {data={"name":"findElement","sessionId":"acf3fed6-4ee3-41cd-87e5-29668a17de59","value":{"ELEMENT":"47a3ae48-02b8-409c-83df-d37d91ef58f4"},"status":0}, status=OK}
Dec 08, 2021 2:30:19 AM net.sourceforge.marathon.javaagent.server.JavaServer serve
INFO: JavaServer.serve(POST /session/acf3fed6-4ee3-41cd-87e5-29668a17de59/element/47a3ae48-02b8-409c-83df-d37d91ef58f4/click): {
  "id": "47a3ae48-02b8-409c-83df-d37d91ef58f4"
}
Dec 08, 2021 2:30:19 AM net.sourceforge.marathon.javaagent.EventQueueDevice dispatchEvent
INFO: java.awt.event.MouseEvent[MOUSE_PRESSED,(58,12),absolute(589,17),button=1,modifiers=Button1,extModifiers=Button1,clickCount=1] on join button
Dec 08, 2021 2:30:19 AM net.sourceforge.marathon.javaagent.EventQueueDevice dispatchEvent
INFO: java.awt.event.MouseEvent[MOUSE_RELEASED,(58,12),absolute(589,17),button=1,modifiers=Button1,clickCount=1] on join button
Dec 08, 2021 2:30:19 AM net.sourceforge.marathon.javaagent.EventQueueDevice dispatchEvent
INFO: java.awt.event.MouseEvent[MOUSE_CLICKED,(58,12),absolute(589,17),button=1,modifiers=Button1,clickCount=1] on join button
Dec 08, 2021 2:30:19 AM net.sourceforge.marathon.javaagent.server.JavaServer serve
INFO: POST(/session/acf3fed6-4ee3-41cd-87e5-29668a17de59/element/47a3ae48-02b8-409c-83df-d37d91ef58f4/click, {"id":"47a3ae48-02b8-409c-83df-d37d91ef58f4"}) = {data={"name":"clickElement","sessionId":"acf3fed6-4ee3-41cd-87e5-29668a17de59","status":0}, status=OK}
Dec 08, 2021 2:30:20 AM net.sourceforge.marathon.javaagent.server.JavaServer serve
INFO: JavaServer.serve(DELETE /session/acf3fed6-4ee3-41cd-87e5-29668a17de59/window): {}
Dec 08, 2021 2:30:20 AM net.sourceforge.marathon.javaagent.server.JavaServer serve
INFO: DELETE(/session/acf3fed6-4ee3-41cd-87e5-29668a17de59/window) = {data={"name":"closeSession","sessionId":"acf3fed6-4ee3-41cd-87e5-29668a17de59","status":0}, status=OK}
Dec 08, 2021 2:30:20 AM net.sourceforge.marathon.javaagent.server.JavaServer serve
INFO: JavaServer.serve(POST /session): {
  "desiredCapabilities": {
    "browserName": "java",
    "platform": "ANY"
  },
  "capabilities": {
    "firstMatch": [
      {
        "browserName": "java"
      }
    ]
  }
}
Dec 08, 2021 2:30:20 AM net.sourceforge.marathon.javaagent.server.JavaServer createSession
INFO: Creating device with type: EVENT_QUEUE
Dec 08, 2021 2:30:20 AM net.sourceforge.marathon.javaagent.Device getDevice
INFO: Creating a EVENT_QUEUE device
Dec 08, 2021 2:30:20 AM net.sourceforge.marathon.javaagent.server.JavaServer serve
INFO: POST(/session, {"desiredCapabilities":{"browserName":"java","platform":"ANY"},"capabilities":{"firstMatch":[{"browserName":"java"}]}}) = {data=, status=REDIRECT}
Dec 08, 2021 2:30:20 AM net.sourceforge.marathon.javaagent.server.JavaServer serve
INFO: JavaServer.serve(GET /session/84557ef2-928e-4123-a03a-8fe1f1676feb): {}
Dec 08, 2021 2:30:20 AM net.sourceforge.marathon.javaagent.server.JavaServer serve
INFO: GET(/session/84557ef2-928e-4123-a03a-8fe1f1676feb) = {data={"name":"getCapabilities","sessionId":"84557ef2-928e-4123-a03a-8fe1f1676feb","value":{"applicationCacheEnabled":false,"rotatable":false,"loggingPrefs":{"driver":"ALL"},"handlesAlerts":false,"databaseEnabled":false,"version":"1.0","platform":"ANY","browserConnectionEnabled":false,"nativeEvents":false,"acceptSslCerts":false,"locationContextEnabled":false,"webStorageEnabled":false,"browserName":"java","takesScreenshot":true,"javascriptEnabled":true,"cssSelectorsEnabled":false},"status":0}, status=OK}
Dec 08, 2021 2:30:20 AM org.openqa.selenium.remote.ProtocolHandshake createSession
INFO: Detected dialect: OSS
Dec 08, 2021 2:30:20 AM net.sourceforge.marathon.javaagent.server.JavaServer serve
INFO: JavaServer.serve(POST /session/84557ef2-928e-4123-a03a-8fe1f1676feb/element): {
  "using": "name",
  "value": "sniper reset button"
}
Dec 08, 2021 2:30:20 AM net.sourceforge.marathon.javaagent.server.JavaServer serve
INFO: POST(/session/84557ef2-928e-4123-a03a-8fe1f1676feb/element, {"using":"name","value":"sniper reset button"}) = {data={"name":"findElement","sessionId":"84557ef2-928e-4123-a03a-8fe1f1676feb","value":{"ELEMENT":"ac94b54d-684f-4bc4-ba17-e882b2666d1d"},"status":0}, status=OK}
Dec 08, 2021 2:30:20 AM net.sourceforge.marathon.javaagent.server.JavaServer serve
INFO: JavaServer.serve(POST /session/84557ef2-928e-4123-a03a-8fe1f1676feb/element/ac94b54d-684f-4bc4-ba17-e882b2666d1d/click): {
  "id": "ac94b54d-684f-4bc4-ba17-e882b2666d1d"
}
Dec 08, 2021 2:30:20 AM net.sourceforge.marathon.javaagent.EventQueueDevice dispatchEvent
INFO: java.awt.event.MouseEvent[MOUSE_PRESSED,(37,12),absolute(326,474),button=1,modifiers=Button1,extModifiers=Button1,clickCount=1] on sniper reset button
Dec 08, 2021 2:30:20 AM net.sourceforge.marathon.javaagent.EventQueueDevice dispatchEvent
INFO: java.awt.event.MouseEvent[MOUSE_RELEASED,(37,12),absolute(326,474),button=1,modifiers=Button1,clickCount=1] on sniper reset button
Dec 08, 2021 2:30:20 AM net.sourceforge.marathon.javaagent.EventQueueDevice dispatchEvent
INFO: java.awt.event.MouseEvent[MOUSE_CLICKED,(37,12),absolute(326,474),button=1,modifiers=Button1,clickCount=1] on sniper reset button
Dec 08, 2021 2:30:20 AM net.sourceforge.marathon.javaagent.server.JavaServer serve
INFO: POST(/session/84557ef2-928e-4123-a03a-8fe1f1676feb/element/ac94b54d-684f-4bc4-ba17-e882b2666d1d/click, {"id":"ac94b54d-684f-4bc4-ba17-e882b2666d1d"}) = {data={"name":"clickElement","sessionId":"84557ef2-928e-4123-a03a-8fe1f1676feb","status":0}, status=OK}
Dec 08, 2021 2:30:20 AM net.sourceforge.marathon.javaagent.server.JavaServer serve
INFO: JavaServer.serve(DELETE /session/84557ef2-928e-4123-a03a-8fe1f1676feb/window): {}
Dec 08, 2021 2:30:20 AM net.sourceforge.marathon.javaagent.server.JavaServer serve
INFO: DELETE(/session/84557ef2-928e-4123-a03a-8fe1f1676feb/window) = {data={"name":"closeSession","sessionId":"84557ef2-928e-4123-a03a-8fe1f1676feb","status":0}, status=OK}
]]></system-err>
</testsuite>
