<?xml version="1.0" encoding="UTF-8"?>
<testsuite name="goos.ui.swing.MainWindowTest" tests="3" skipped="0" failures="0" errors="0" timestamp="2021-10-18T02:34:50" hostname="buildkitsandbox" time="3.818">
  <properties/>
  <testcase name="window has expected features" classname="goos.ui.swing.MainWindowTest" time="2.847"/>
  <testcase name="make user request when join button clicked" classname="goos.ui.swing.MainWindowTest" time="0.792"/>
  <testcase name="make user request when reset button clicked" classname="goos.ui.swing.MainWindowTest" time="0.175"/>
  <system-out><![CDATA[]]></system-out>
  <system-err><![CDATA[Oct 18, 2021 2:34:50 AM io.mockk.impl.log.JULLogger warn
WARNING: Failed to transform class goos/ui/api/UserRequestListener
java.lang.IllegalArgumentException: Unsupported class file major version 59
	at net.bytebuddy.jar.asm.ClassReader.<init>(ClassReader.java:176)
	at net.bytebuddy.jar.asm.ClassReader.<init>(ClassReader.java:158)
	at net.bytebuddy.jar.asm.ClassReader.<init>(ClassReader.java:146)
	at net.bytebuddy.utility.OpenedClassReader.of(OpenedClassReader.java:69)
	at net.bytebuddy.dynamic.scaffold.TypeWriter$Default$ForInlining.create(TypeWriter.java:2877)
	at net.bytebuddy.dynamic.scaffold.TypeWriter$Default.make(TypeWriter.java:1653)
	at net.bytebuddy.dynamic.scaffold.inline.RedefinitionDynamicTypeBuilder.make(RedefinitionDynamicTypeBuilder.java:180)
	at net.bytebuddy.dynamic.scaffold.inline.AbstractInliningDynamicTypeBuilder.make(AbstractInliningDynamicTypeBuilder.java:94)
	at net.bytebuddy.dynamic.DynamicType$Builder$AbstractBase.make(DynamicType.java:2669)
	at io.mockk.proxy.jvm.transformation.InliningClassTransformer.transform(InliningClassTransformer.kt:78)
	at java.instrument/java.lang.instrument.ClassFileTransformer.transform(ClassFileTransformer.java:246)
	at java.instrument/sun.instrument.TransformerManager.transform(TransformerManager.java:188)
	at java.instrument/sun.instrument.InstrumentationImpl.transform(InstrumentationImpl.java:563)
	at java.instrument/sun.instrument.InstrumentationImpl.retransformClasses0(Native Method)
	at java.instrument/sun.instrument.InstrumentationImpl.retransformClasses(InstrumentationImpl.java:167)
	at io.mockk.proxy.jvm.transformation.JvmInlineInstrumentation.retransform(JvmInlineInstrumentation.kt:28)
	at io.mockk.proxy.common.transformation.RetransformInlineInstrumnetation$execute$1.invoke(RetransformInlineInstrumnetation.kt:19)
	at io.mockk.proxy.common.transformation.RetransformInlineInstrumnetation$execute$1.invoke(RetransformInlineInstrumnetation.kt:6)
	at io.mockk.proxy.common.transformation.ClassTransformationSpecMap.applyTransformation(ClassTransformationSpecMap.kt:41)
	at io.mockk.proxy.common.transformation.RetransformInlineInstrumnetation.execute(RetransformInlineInstrumnetation.kt:16)
	at io.mockk.proxy.jvm.ProxyMaker.inline(ProxyMaker.kt:88)
	at io.mockk.proxy.jvm.ProxyMaker.proxy(ProxyMaker.kt:30)
	at io.mockk.impl.instantiation.JvmMockFactory.newProxy(JvmMockFactory.kt:34)
	at io.mockk.impl.instantiation.AbstractMockFactory.newProxy$default(AbstractMockFactory.kt:29)
	at io.mockk.impl.instantiation.AbstractMockFactory.mockk(AbstractMockFactory.kt:59)
	at goos.ui.swing.MainWindowTest$1$1.invokeSuspend(MainWindowTest.kt:90)
	at goos.ui.swing.MainWindowTest$1$1.invoke(MainWindowTest.kt)
	at goos.ui.swing.MainWindowTest$1$1.invoke(MainWindowTest.kt)
	at io.kotest.core.TestConfiguration$beforeTest$1.beforeTest(TestConfiguration.kt:137)
	at io.kotest.core.spec.LifecycleKt.invokeAllBeforeTestCallbacks(lifecycle.kt:76)
	at io.kotest.core.internal.TestCaseExecutor.executeActiveTest(TestCaseExecutor.kt:152)
	at io.kotest.core.internal.TestCaseExecutor.access$executeActiveTest(TestCaseExecutor.kt:57)
	at io.kotest.core.internal.TestCaseExecutor$intercept$innerExecute$1$1.invokeSuspend(TestCaseExecutor.kt:89)
	at io.kotest.core.internal.TestCaseExecutor$intercept$innerExecute$1$1.invoke(TestCaseExecutor.kt)
	at io.kotest.core.internal.TestCaseExecutor$intercept$innerExecute$1$1.invoke(TestCaseExecutor.kt)
	at io.kotest.core.internal.TestCaseExecutor.executeIfEnabled(TestCaseExecutor.kt:117)
	at io.kotest.core.internal.TestCaseExecutor.access$executeIfEnabled(TestCaseExecutor.kt:57)
	at io.kotest.core.internal.TestCaseExecutor$intercept$innerExecute$1.invokeSuspend(TestCaseExecutor.kt:89)
	at io.kotest.core.internal.TestCaseExecutor$intercept$innerExecute$1.invoke(TestCaseExecutor.kt)
	at io.kotest.core.internal.TestCaseExecutor$intercept$innerExecute$1.invoke(TestCaseExecutor.kt)
	at io.kotest.core.internal.TestCaseExecutor.intercept(TestCaseExecutor.kt:103)
	at io.kotest.core.internal.TestCaseExecutor.execute(TestCaseExecutor.kt:69)
	at io.kotest.engine.spec.runners.SingleInstanceSpecRunner.runTest(SingleInstanceSpecRunner.kt:104)
	at io.kotest.engine.spec.runners.SingleInstanceSpecRunner.access$runTest(SingleInstanceSpecRunner.kt:34)
	at io.kotest.engine.spec.runners.SingleInstanceSpecRunner$execute$interceptAndRun$2$4.invokeSuspend(SingleInstanceSpecRunner.kt:57)
	at io.kotest.engine.spec.runners.SingleInstanceSpecRunner$execute$interceptAndRun$2$4.invoke(SingleInstanceSpecRunner.kt)
	at io.kotest.engine.spec.runners.SingleInstanceSpecRunner$execute$interceptAndRun$2$4.invoke(SingleInstanceSpecRunner.kt)
	at io.kotest.engine.launchers.SequentialTestLauncher$launch$3$1$1.invokeSuspend(SequentialTestLauncher.kt:22)
	at kotlin.coroutines.jvm.internal.BaseContinuationImpl.resumeWith(ContinuationImpl.kt:33)
	at kotlinx.coroutines.DispatchedTask.run(DispatchedTask.kt:106)
	at java.base/java.util.concurrent.ThreadPoolExecutor.runWorker(ThreadPoolExecutor.java:1130)
	at java.base/java.util.concurrent.ThreadPoolExecutor$Worker.run(ThreadPoolExecutor.java:630)
	at java.base/java.lang.Thread.run(Thread.java:832)

Oct 18, 2021 2:34:52 AM net.sourceforge.marathon.javaagent.server.JavaServer serve
INFO: JavaServer.serve(POST /session): {
  "desiredCapabilities": {
    "browserName": "java",
    "platform": "ANY"
  },
  "capabilities": {
    "firstMatch": [
      {
        "browserName": "java"
      }
    ]
  }
}
Oct 18, 2021 2:34:52 AM net.sourceforge.marathon.javaagent.server.JavaServer createSession
INFO: Creating device with type: EVENT_QUEUE
Oct 18, 2021 2:34:52 AM net.sourceforge.marathon.javaagent.Device getDevice
INFO: Creating a EVENT_QUEUE device
Oct 18, 2021 2:34:52 AM net.sourceforge.marathon.javaagent.server.JavaServer serve
INFO: POST(/session, {"desiredCapabilities":{"browserName":"java","platform":"ANY"},"capabilities":{"firstMatch":[{"browserName":"java"}]}}) = {data=, status=REDIRECT}
Oct 18, 2021 2:34:52 AM net.sourceforge.marathon.javaagent.server.JavaServer serve
INFO: JavaServer.serve(GET /session/f4e4a471-c15f-42f3-82e6-42ce0a365ae0): {}
Oct 18, 2021 2:34:52 AM net.sourceforge.marathon.javaagent.server.JavaServer serve
INFO: GET(/session/f4e4a471-c15f-42f3-82e6-42ce0a365ae0) = {data={"name":"getCapabilities","sessionId":"f4e4a471-c15f-42f3-82e6-42ce0a365ae0","value":{"applicationCacheEnabled":false,"rotatable":false,"loggingPrefs":{"driver":"ALL"},"handlesAlerts":false,"databaseEnabled":false,"version":"1.0","platform":"ANY","browserConnectionEnabled":false,"nativeEvents":false,"acceptSslCerts":false,"locationContextEnabled":false,"webStorageEnabled":false,"browserName":"java","takesScreenshot":true,"javascriptEnabled":true,"cssSelectorsEnabled":false},"status":0}, status=OK}
Oct 18, 2021 2:34:52 AM org.openqa.selenium.remote.ProtocolHandshake createSession
INFO: Detected dialect: OSS
Oct 18, 2021 2:34:52 AM net.sourceforge.marathon.javaagent.server.JavaServer serve
INFO: JavaServer.serve(POST /session/f4e4a471-c15f-42f3-82e6-42ce0a365ae0/element): {
  "using": "css selector",
  "value": "."
}
Oct 18, 2021 2:34:52 AM net.sourceforge.marathon.javaagent.server.JavaServer serve
INFO: POST(/session/f4e4a471-c15f-42f3-82e6-42ce0a365ae0/element, {"using":"css selector","value":"."}) = {data={"name":"findElement","sessionId":"f4e4a471-c15f-42f3-82e6-42ce0a365ae0","value":{"ELEMENT":"7520e322-682d-4664-8dc2-4e22fc0c6f7b"},"status":0}, status=OK}
Oct 18, 2021 2:34:52 AM net.sourceforge.marathon.javaagent.server.JavaServer serve
INFO: JavaServer.serve(GET /session/f4e4a471-c15f-42f3-82e6-42ce0a365ae0/element/7520e322-682d-4664-8dc2-4e22fc0c6f7b/attribute/name): {}
Oct 18, 2021 2:34:52 AM net.sourceforge.marathon.javaagent.server.JavaServer serve
INFO: GET(/session/f4e4a471-c15f-42f3-82e6-42ce0a365ae0/element/7520e322-682d-4664-8dc2-4e22fc0c6f7b/attribute/name) = {data={"name":"getElementAttribute","sessionId":"f4e4a471-c15f-42f3-82e6-42ce0a365ae0","value":"Auction Sniper Name","status":0}, status=OK}
Oct 18, 2021 2:34:52 AM net.sourceforge.marathon.javaagent.server.JavaServer serve
INFO: JavaServer.serve(POST /session/f4e4a471-c15f-42f3-82e6-42ce0a365ae0/element): {
  "using": "css selector",
  "value": "."
}
Oct 18, 2021 2:34:52 AM net.sourceforge.marathon.javaagent.server.JavaServer serve
INFO: POST(/session/f4e4a471-c15f-42f3-82e6-42ce0a365ae0/element, {"using":"css selector","value":"."}) = {data={"name":"findElement","sessionId":"f4e4a471-c15f-42f3-82e6-42ce0a365ae0","value":{"ELEMENT":"7520e322-682d-4664-8dc2-4e22fc0c6f7b"},"status":0}, status=OK}
Oct 18, 2021 2:34:52 AM net.sourceforge.marathon.javaagent.server.JavaServer serve
INFO: JavaServer.serve(GET /session/f4e4a471-c15f-42f3-82e6-42ce0a365ae0/element/7520e322-682d-4664-8dc2-4e22fc0c6f7b/displayed): {}
Oct 18, 2021 2:34:52 AM net.sourceforge.marathon.javaagent.server.JavaServer serve
INFO: GET(/session/f4e4a471-c15f-42f3-82e6-42ce0a365ae0/element/7520e322-682d-4664-8dc2-4e22fc0c6f7b/displayed) = {data={"name":"isDisplayed","sessionId":"f4e4a471-c15f-42f3-82e6-42ce0a365ae0","value":true,"status":0}, status=OK}
Oct 18, 2021 2:34:52 AM net.sourceforge.marathon.javaagent.server.JavaServer serve
INFO: JavaServer.serve(GET /session/f4e4a471-c15f-42f3-82e6-42ce0a365ae0/title): {}
Oct 18, 2021 2:34:52 AM net.sourceforge.marathon.javaagent.server.JavaServer serve
INFO: GET(/session/f4e4a471-c15f-42f3-82e6-42ce0a365ae0/title) = {data={"name":"getWindowTitle","sessionId":"f4e4a471-c15f-42f3-82e6-42ce0a365ae0","value":"Auction Sniper","status":0}, status=OK}
Oct 18, 2021 2:34:52 AM net.sourceforge.marathon.javaagent.server.JavaServer serve
INFO: JavaServer.serve(POST /session/f4e4a471-c15f-42f3-82e6-42ce0a365ae0/element): {
  "using": "name",
  "value": "snipers table"
}
Oct 18, 2021 2:34:52 AM net.sourceforge.marathon.javaagent.server.JavaServer serve
INFO: POST(/session/f4e4a471-c15f-42f3-82e6-42ce0a365ae0/element, {"using":"name","value":"snipers table"}) = {data={"name":"findElement","sessionId":"f4e4a471-c15f-42f3-82e6-42ce0a365ae0","value":{"ELEMENT":"554eca84-f1a0-4690-8cfb-f5d5105ee982"},"status":0}, status=OK}
Oct 18, 2021 2:34:52 AM net.sourceforge.marathon.javaagent.server.JavaServer serve
INFO: JavaServer.serve(POST /session/f4e4a471-c15f-42f3-82e6-42ce0a365ae0/element/554eca84-f1a0-4690-8cfb-f5d5105ee982/elements): {
  "id": "554eca84-f1a0-4690-8cfb-f5d5105ee982",
  "using": "css selector",
  "value": ".::header.::all-items"
}
Oct 18, 2021 2:34:52 AM net.sourceforge.marathon.javaagent.server.JavaServer serve
INFO: POST(/session/f4e4a471-c15f-42f3-82e6-42ce0a365ae0/element/554eca84-f1a0-4690-8cfb-f5d5105ee982/elements, {"using":"css selector","id":"554eca84-f1a0-4690-8cfb-f5d5105ee982","value":".::header.::all-items"}) = {data={"name":"findElementsOfElement","sessionId":"f4e4a471-c15f-42f3-82e6-42ce0a365ae0","value":[{"ELEMENT":"b76e9782-41f4-4456-803a-7f7a47bc2c8e%23%7B%22selector%22%3A%22nth-item%22%2C%22parameters%22%3A%5B1%5D%7D"},{"ELEMENT":"b76e9782-41f4-4456-803a-7f7a47bc2c8e%23%7B%22selector%22%3A%22nth-item%22%2C%22parameters%22%3A%5B2%5D%7D"},{"ELEMENT":"b76e9782-41f4-4456-803a-7f7a47bc2c8e%23%7B%22selector%22%3A%22nth-item%22%2C%22parameters%22%3A%5B3%5D%7D"},{"ELEMENT":"b76e9782-41f4-4456-803a-7f7a47bc2c8e%23%7B%22selector%22%3A%22nth-item%22%2C%22parameters%22%3A%5B4%5D%7D"}],"status":0}, status=OK}
Oct 18, 2021 2:34:52 AM net.sourceforge.marathon.javaagent.server.JavaServer serve
INFO: JavaServer.serve(GET /session/f4e4a471-c15f-42f3-82e6-42ce0a365ae0/element/b76e9782-41f4-4456-803a-7f7a47bc2c8e%23%7B%22selector%22%3A%22nth-item%22%2C%22parameters%22%3A%5B1%5D%7D/text): {}
Oct 18, 2021 2:34:52 AM net.sourceforge.marathon.javaagent.server.JavaServer serve
INFO: GET(/session/f4e4a471-c15f-42f3-82e6-42ce0a365ae0/element/b76e9782-41f4-4456-803a-7f7a47bc2c8e%23%7B%22selector%22%3A%22nth-item%22%2C%22parameters%22%3A%5B1%5D%7D/text) = {data={"name":"getElementText","sessionId":"f4e4a471-c15f-42f3-82e6-42ce0a365ae0","value":"Item","status":0}, status=OK}
Oct 18, 2021 2:34:52 AM net.sourceforge.marathon.javaagent.server.JavaServer serve
INFO: JavaServer.serve(GET /session/f4e4a471-c15f-42f3-82e6-42ce0a365ae0/element/b76e9782-41f4-4456-803a-7f7a47bc2c8e%23%7B%22selector%22%3A%22nth-item%22%2C%22parameters%22%3A%5B2%5D%7D/text): {}
Oct 18, 2021 2:34:52 AM net.sourceforge.marathon.javaagent.server.JavaServer serve
INFO: GET(/session/f4e4a471-c15f-42f3-82e6-42ce0a365ae0/element/b76e9782-41f4-4456-803a-7f7a47bc2c8e%23%7B%22selector%22%3A%22nth-item%22%2C%22parameters%22%3A%5B2%5D%7D/text) = {data={"name":"getElementText","sessionId":"f4e4a471-c15f-42f3-82e6-42ce0a365ae0","value":"Last Price","status":0}, status=OK}
Oct 18, 2021 2:34:52 AM net.sourceforge.marathon.javaagent.server.JavaServer serve
INFO: JavaServer.serve(GET /session/f4e4a471-c15f-42f3-82e6-42ce0a365ae0/element/b76e9782-41f4-4456-803a-7f7a47bc2c8e%23%7B%22selector%22%3A%22nth-item%22%2C%22parameters%22%3A%5B3%5D%7D/text): {}
Oct 18, 2021 2:34:52 AM net.sourceforge.marathon.javaagent.server.JavaServer serve
INFO: GET(/session/f4e4a471-c15f-42f3-82e6-42ce0a365ae0/element/b76e9782-41f4-4456-803a-7f7a47bc2c8e%23%7B%22selector%22%3A%22nth-item%22%2C%22parameters%22%3A%5B3%5D%7D/text) = {data={"name":"getElementText","sessionId":"f4e4a471-c15f-42f3-82e6-42ce0a365ae0","value":"Last Bid","status":0}, status=OK}
Oct 18, 2021 2:34:52 AM net.sourceforge.marathon.javaagent.server.JavaServer serve
INFO: JavaServer.serve(GET /session/f4e4a471-c15f-42f3-82e6-42ce0a365ae0/element/b76e9782-41f4-4456-803a-7f7a47bc2c8e%23%7B%22selector%22%3A%22nth-item%22%2C%22parameters%22%3A%5B4%5D%7D/text): {}
Oct 18, 2021 2:34:52 AM net.sourceforge.marathon.javaagent.server.JavaServer serve
INFO: GET(/session/f4e4a471-c15f-42f3-82e6-42ce0a365ae0/element/b76e9782-41f4-4456-803a-7f7a47bc2c8e%23%7B%22selector%22%3A%22nth-item%22%2C%22parameters%22%3A%5B4%5D%7D/text) = {data={"name":"getElementText","sessionId":"f4e4a471-c15f-42f3-82e6-42ce0a365ae0","value":"State","status":0}, status=OK}
Oct 18, 2021 2:34:52 AM net.sourceforge.marathon.javaagent.server.JavaServer serve
INFO: JavaServer.serve(DELETE /session/f4e4a471-c15f-42f3-82e6-42ce0a365ae0/window): {}
Oct 18, 2021 2:34:52 AM net.sourceforge.marathon.javaagent.server.JavaServer serve
INFO: DELETE(/session/f4e4a471-c15f-42f3-82e6-42ce0a365ae0/window) = {data={"name":"closeSession","sessionId":"f4e4a471-c15f-42f3-82e6-42ce0a365ae0","status":0}, status=OK}
Oct 18, 2021 2:34:53 AM net.sourceforge.marathon.javaagent.server.JavaServer serve
INFO: JavaServer.serve(POST /session): {
  "desiredCapabilities": {
    "browserName": "java",
    "platform": "ANY"
  },
  "capabilities": {
    "firstMatch": [
      {
        "browserName": "java"
      }
    ]
  }
}
Oct 18, 2021 2:34:53 AM net.sourceforge.marathon.javaagent.server.JavaServer createSession
INFO: Creating device with type: EVENT_QUEUE
Oct 18, 2021 2:34:53 AM net.sourceforge.marathon.javaagent.Device getDevice
INFO: Creating a EVENT_QUEUE device
Oct 18, 2021 2:34:53 AM net.sourceforge.marathon.javaagent.server.JavaServer serve
INFO: POST(/session, {"desiredCapabilities":{"browserName":"java","platform":"ANY"},"capabilities":{"firstMatch":[{"browserName":"java"}]}}) = {data=, status=REDIRECT}
Oct 18, 2021 2:34:53 AM net.sourceforge.marathon.javaagent.server.JavaServer serve
INFO: JavaServer.serve(GET /session/47c9eecd-e69c-468c-b36d-adcc50c8758c): {}
Oct 18, 2021 2:34:53 AM net.sourceforge.marathon.javaagent.server.JavaServer serve
INFO: GET(/session/47c9eecd-e69c-468c-b36d-adcc50c8758c) = {data={"name":"getCapabilities","sessionId":"47c9eecd-e69c-468c-b36d-adcc50c8758c","value":{"applicationCacheEnabled":false,"rotatable":false,"loggingPrefs":{"driver":"ALL"},"handlesAlerts":false,"databaseEnabled":false,"version":"1.0","platform":"ANY","browserConnectionEnabled":false,"nativeEvents":false,"acceptSslCerts":false,"locationContextEnabled":false,"webStorageEnabled":false,"browserName":"java","takesScreenshot":true,"javascriptEnabled":true,"cssSelectorsEnabled":false},"status":0}, status=OK}
Oct 18, 2021 2:34:53 AM org.openqa.selenium.remote.ProtocolHandshake createSession
INFO: Detected dialect: OSS
Oct 18, 2021 2:34:53 AM net.sourceforge.marathon.javaagent.server.JavaServer serve
INFO: JavaServer.serve(POST /session/47c9eecd-e69c-468c-b36d-adcc50c8758c/element): {
  "using": "name",
  "value": "new item id field"
}
Oct 18, 2021 2:34:53 AM net.sourceforge.marathon.javaagent.server.JavaServer serve
INFO: POST(/session/47c9eecd-e69c-468c-b36d-adcc50c8758c/element, {"using":"name","value":"new item id field"}) = {data={"name":"findElement","sessionId":"47c9eecd-e69c-468c-b36d-adcc50c8758c","value":{"ELEMENT":"f4184bc0-d0ad-4f9e-b0cc-56db8fb9e836"},"status":0}, status=OK}
Oct 18, 2021 2:34:53 AM net.sourceforge.marathon.javaagent.server.JavaServer serve
INFO: JavaServer.serve(POST /session/47c9eecd-e69c-468c-b36d-adcc50c8758c/element/f4184bc0-d0ad-4f9e-b0cc-56db8fb9e836/clear): {
  "id": "f4184bc0-d0ad-4f9e-b0cc-56db8fb9e836"
}
Oct 18, 2021 2:34:53 AM net.sourceforge.marathon.javaagent.server.JavaServer serve
INFO: POST(/session/47c9eecd-e69c-468c-b36d-adcc50c8758c/element/f4184bc0-d0ad-4f9e-b0cc-56db8fb9e836/clear, {"id":"f4184bc0-d0ad-4f9e-b0cc-56db8fb9e836"}) = {data={"name":"clearElement","sessionId":"47c9eecd-e69c-468c-b36d-adcc50c8758c","status":0}, status=OK}
Oct 18, 2021 2:34:53 AM net.sourceforge.marathon.javaagent.server.JavaServer serve
INFO: JavaServer.serve(POST /session/47c9eecd-e69c-468c-b36d-adcc50c8758c/element/f4184bc0-d0ad-4f9e-b0cc-56db8fb9e836/value): {
  "id": "f4184bc0-d0ad-4f9e-b0cc-56db8fb9e836",
  "value": [
    "an item-id"
  ]
}
Oct 18, 2021 2:34:53 AM net.sourceforge.marathon.javaagent.EventQueueDevice dispatchEvent
INFO: java.awt.event.KeyEvent[KEY_PRESSED,keyCode=65,keyText=A,keyChar='a',keyLocation=KEY_LOCATION_UNKNOWN,rawCode=0,primaryLevelUnicode=0,scancode=0,extendedKeyCode=0x0] on new item id field
Oct 18, 2021 2:34:53 AM net.sourceforge.marathon.javaagent.EventQueueDevice dispatchEvent
INFO: java.awt.event.KeyEvent[KEY_TYPED,keyCode=0,keyText=Unknown keyCode: 0x0,keyChar='a',keyLocation=KEY_LOCATION_UNKNOWN,rawCode=0,primaryLevelUnicode=0,scancode=0,extendedKeyCode=0x0] on new item id field
Oct 18, 2021 2:34:53 AM net.sourceforge.marathon.javaagent.EventQueueDevice dispatchEvent
INFO: java.awt.event.KeyEvent[KEY_RELEASED,keyCode=65,keyText=A,keyChar='a',keyLocation=KEY_LOCATION_UNKNOWN,rawCode=0,primaryLevelUnicode=0,scancode=0,extendedKeyCode=0x0] on new item id field
Oct 18, 2021 2:34:53 AM net.sourceforge.marathon.javaagent.EventQueueDevice dispatchEvent
INFO: java.awt.event.KeyEvent[KEY_PRESSED,keyCode=78,keyText=N,keyChar='n',keyLocation=KEY_LOCATION_UNKNOWN,rawCode=0,primaryLevelUnicode=0,scancode=0,extendedKeyCode=0x0] on new item id field
Oct 18, 2021 2:34:53 AM net.sourceforge.marathon.javaagent.EventQueueDevice dispatchEvent
INFO: java.awt.event.KeyEvent[KEY_TYPED,keyCode=0,keyText=Unknown keyCode: 0x0,keyChar='n',keyLocation=KEY_LOCATION_UNKNOWN,rawCode=0,primaryLevelUnicode=0,scancode=0,extendedKeyCode=0x0] on new item id field
Oct 18, 2021 2:34:53 AM net.sourceforge.marathon.javaagent.EventQueueDevice dispatchEvent
INFO: java.awt.event.KeyEvent[KEY_RELEASED,keyCode=78,keyText=N,keyChar='n',keyLocation=KEY_LOCATION_UNKNOWN,rawCode=0,primaryLevelUnicode=0,scancode=0,extendedKeyCode=0x0] on new item id field
Oct 18, 2021 2:34:53 AM net.sourceforge.marathon.javaagent.EventQueueDevice dispatchEvent
INFO: java.awt.event.KeyEvent[KEY_PRESSED,keyCode=16,keyText=Shift,keyChar=Undefined keyChar,modifiers=Shift,extModifiers=Shift,keyLocation=KEY_LOCATION_UNKNOWN,rawCode=0,primaryLevelUnicode=0,scancode=0,extendedKeyCode=0x0] on new item id field
Oct 18, 2021 2:34:53 AM net.sourceforge.marathon.javaagent.EventQueueDevice dispatchEvent
INFO: java.awt.event.KeyEvent[KEY_PRESSED,keyCode=32,keyText=Space,keyChar=' ',modifiers=Shift,extModifiers=Shift,keyLocation=KEY_LOCATION_UNKNOWN,rawCode=0,primaryLevelUnicode=0,scancode=0,extendedKeyCode=0x0] on new item id field
Oct 18, 2021 2:34:53 AM net.sourceforge.marathon.javaagent.EventQueueDevice dispatchEvent
INFO: java.awt.event.KeyEvent[KEY_TYPED,keyCode=0,keyText=Unknown keyCode: 0x0,keyChar=' ',modifiers=Shift,extModifiers=Shift,keyLocation=KEY_LOCATION_UNKNOWN,rawCode=0,primaryLevelUnicode=0,scancode=0,extendedKeyCode=0x0] on new item id field
Oct 18, 2021 2:34:53 AM net.sourceforge.marathon.javaagent.EventQueueDevice dispatchEvent
INFO: java.awt.event.KeyEvent[KEY_RELEASED,keyCode=32,keyText=Space,keyChar=' ',modifiers=Shift,extModifiers=Shift,keyLocation=KEY_LOCATION_UNKNOWN,rawCode=0,primaryLevelUnicode=0,scancode=0,extendedKeyCode=0x0] on new item id field
Oct 18, 2021 2:34:53 AM net.sourceforge.marathon.javaagent.EventQueueDevice dispatchEvent
INFO: java.awt.event.KeyEvent[KEY_RELEASED,keyCode=16,keyText=Shift,keyChar=Undefined keyChar,keyLocation=KEY_LOCATION_UNKNOWN,rawCode=0,primaryLevelUnicode=0,scancode=0,extendedKeyCode=0x0] on new item id field
Oct 18, 2021 2:34:53 AM net.sourceforge.marathon.javaagent.EventQueueDevice dispatchEvent
INFO: java.awt.event.KeyEvent[KEY_PRESSED,keyCode=73,keyText=I,keyChar='i',keyLocation=KEY_LOCATION_UNKNOWN,rawCode=0,primaryLevelUnicode=0,scancode=0,extendedKeyCode=0x0] on new item id field
Oct 18, 2021 2:34:53 AM net.sourceforge.marathon.javaagent.EventQueueDevice dispatchEvent
INFO: java.awt.event.KeyEvent[KEY_TYPED,keyCode=0,keyText=Unknown keyCode: 0x0,keyChar='i',keyLocation=KEY_LOCATION_UNKNOWN,rawCode=0,primaryLevelUnicode=0,scancode=0,extendedKeyCode=0x0] on new item id field
Oct 18, 2021 2:34:53 AM net.sourceforge.marathon.javaagent.EventQueueDevice dispatchEvent
INFO: java.awt.event.KeyEvent[KEY_RELEASED,keyCode=73,keyText=I,keyChar='i',keyLocation=KEY_LOCATION_UNKNOWN,rawCode=0,primaryLevelUnicode=0,scancode=0,extendedKeyCode=0x0] on new item id field
Oct 18, 2021 2:34:53 AM net.sourceforge.marathon.javaagent.EventQueueDevice dispatchEvent
INFO: java.awt.event.KeyEvent[KEY_PRESSED,keyCode=84,keyText=T,keyChar='t',keyLocation=KEY_LOCATION_UNKNOWN,rawCode=0,primaryLevelUnicode=0,scancode=0,extendedKeyCode=0x0] on new item id field
Oct 18, 2021 2:34:53 AM net.sourceforge.marathon.javaagent.EventQueueDevice dispatchEvent
INFO: java.awt.event.KeyEvent[KEY_TYPED,keyCode=0,keyText=Unknown keyCode: 0x0,keyChar='t',keyLocation=KEY_LOCATION_UNKNOWN,rawCode=0,primaryLevelUnicode=0,scancode=0,extendedKeyCode=0x0] on new item id field
Oct 18, 2021 2:34:53 AM net.sourceforge.marathon.javaagent.EventQueueDevice dispatchEvent
INFO: java.awt.event.KeyEvent[KEY_RELEASED,keyCode=84,keyText=T,keyChar='t',keyLocation=KEY_LOCATION_UNKNOWN,rawCode=0,primaryLevelUnicode=0,scancode=0,extendedKeyCode=0x0] on new item id field
Oct 18, 2021 2:34:53 AM net.sourceforge.marathon.javaagent.EventQueueDevice dispatchEvent
INFO: java.awt.event.KeyEvent[KEY_PRESSED,keyCode=69,keyText=E,keyChar='e',keyLocation=KEY_LOCATION_UNKNOWN,rawCode=0,primaryLevelUnicode=0,scancode=0,extendedKeyCode=0x0] on new item id field
Oct 18, 2021 2:34:53 AM net.sourceforge.marathon.javaagent.EventQueueDevice dispatchEvent
INFO: java.awt.event.KeyEvent[KEY_TYPED,keyCode=0,keyText=Unknown keyCode: 0x0,keyChar='e',keyLocation=KEY_LOCATION_UNKNOWN,rawCode=0,primaryLevelUnicode=0,scancode=0,extendedKeyCode=0x0] on new item id field
Oct 18, 2021 2:34:53 AM net.sourceforge.marathon.javaagent.EventQueueDevice dispatchEvent
INFO: java.awt.event.KeyEvent[KEY_RELEASED,keyCode=69,keyText=E,keyChar='e',keyLocation=KEY_LOCATION_UNKNOWN,rawCode=0,primaryLevelUnicode=0,scancode=0,extendedKeyCode=0x0] on new item id field
Oct 18, 2021 2:34:53 AM net.sourceforge.marathon.javaagent.EventQueueDevice dispatchEvent
INFO: java.awt.event.KeyEvent[KEY_PRESSED,keyCode=77,keyText=M,keyChar='m',keyLocation=KEY_LOCATION_UNKNOWN,rawCode=0,primaryLevelUnicode=0,scancode=0,extendedKeyCode=0x0] on new item id field
Oct 18, 2021 2:34:53 AM net.sourceforge.marathon.javaagent.EventQueueDevice dispatchEvent
INFO: java.awt.event.KeyEvent[KEY_TYPED,keyCode=0,keyText=Unknown keyCode: 0x0,keyChar='m',keyLocation=KEY_LOCATION_UNKNOWN,rawCode=0,primaryLevelUnicode=0,scancode=0,extendedKeyCode=0x0] on new item id field
Oct 18, 2021 2:34:53 AM net.sourceforge.marathon.javaagent.EventQueueDevice dispatchEvent
INFO: java.awt.event.KeyEvent[KEY_RELEASED,keyCode=77,keyText=M,keyChar='m',keyLocation=KEY_LOCATION_UNKNOWN,rawCode=0,primaryLevelUnicode=0,scancode=0,extendedKeyCode=0x0] on new item id field
Oct 18, 2021 2:34:53 AM net.sourceforge.marathon.javaagent.EventQueueDevice dispatchEvent
INFO: java.awt.event.KeyEvent[KEY_PRESSED,keyCode=45,keyText=Minus,keyChar='-',keyLocation=KEY_LOCATION_UNKNOWN,rawCode=0,primaryLevelUnicode=0,scancode=0,extendedKeyCode=0x0] on new item id field
Oct 18, 2021 2:34:53 AM net.sourceforge.marathon.javaagent.EventQueueDevice dispatchEvent
INFO: java.awt.event.KeyEvent[KEY_TYPED,keyCode=0,keyText=Unknown keyCode: 0x0,keyChar='-',keyLocation=KEY_LOCATION_UNKNOWN,rawCode=0,primaryLevelUnicode=0,scancode=0,extendedKeyCode=0x0] on new item id field
Oct 18, 2021 2:34:53 AM net.sourceforge.marathon.javaagent.EventQueueDevice dispatchEvent
INFO: java.awt.event.KeyEvent[KEY_RELEASED,keyCode=45,keyText=Minus,keyChar='-',keyLocation=KEY_LOCATION_UNKNOWN,rawCode=0,primaryLevelUnicode=0,scancode=0,extendedKeyCode=0x0] on new item id field
Oct 18, 2021 2:34:53 AM net.sourceforge.marathon.javaagent.EventQueueDevice dispatchEvent
INFO: java.awt.event.KeyEvent[KEY_PRESSED,keyCode=73,keyText=I,keyChar='i',keyLocation=KEY_LOCATION_UNKNOWN,rawCode=0,primaryLevelUnicode=0,scancode=0,extendedKeyCode=0x0] on new item id field
Oct 18, 2021 2:34:53 AM net.sourceforge.marathon.javaagent.EventQueueDevice dispatchEvent
INFO: java.awt.event.KeyEvent[KEY_TYPED,keyCode=0,keyText=Unknown keyCode: 0x0,keyChar='i',keyLocation=KEY_LOCATION_UNKNOWN,rawCode=0,primaryLevelUnicode=0,scancode=0,extendedKeyCode=0x0] on new item id field
Oct 18, 2021 2:34:53 AM net.sourceforge.marathon.javaagent.EventQueueDevice dispatchEvent
INFO: java.awt.event.KeyEvent[KEY_RELEASED,keyCode=73,keyText=I,keyChar='i',keyLocation=KEY_LOCATION_UNKNOWN,rawCode=0,primaryLevelUnicode=0,scancode=0,extendedKeyCode=0x0] on new item id field
Oct 18, 2021 2:34:53 AM net.sourceforge.marathon.javaagent.EventQueueDevice dispatchEvent
INFO: java.awt.event.KeyEvent[KEY_PRESSED,keyCode=68,keyText=D,keyChar='d',keyLocation=KEY_LOCATION_UNKNOWN,rawCode=0,primaryLevelUnicode=0,scancode=0,extendedKeyCode=0x0] on new item id field
Oct 18, 2021 2:34:53 AM net.sourceforge.marathon.javaagent.EventQueueDevice dispatchEvent
INFO: java.awt.event.KeyEvent[KEY_TYPED,keyCode=0,keyText=Unknown keyCode: 0x0,keyChar='d',keyLocation=KEY_LOCATION_UNKNOWN,rawCode=0,primaryLevelUnicode=0,scancode=0,extendedKeyCode=0x0] on new item id field
Oct 18, 2021 2:34:53 AM net.sourceforge.marathon.javaagent.EventQueueDevice dispatchEvent
INFO: java.awt.event.KeyEvent[KEY_RELEASED,keyCode=68,keyText=D,keyChar='d',keyLocation=KEY_LOCATION_UNKNOWN,rawCode=0,primaryLevelUnicode=0,scancode=0,extendedKeyCode=0x0] on new item id field
Oct 18, 2021 2:34:53 AM net.sourceforge.marathon.javaagent.server.JavaServer serve
INFO: POST(/session/47c9eecd-e69c-468c-b36d-adcc50c8758c/element/f4184bc0-d0ad-4f9e-b0cc-56db8fb9e836/value, {"id":"f4184bc0-d0ad-4f9e-b0cc-56db8fb9e836","value":["an item-id"]}) = {data={"name":"sendKeysElement","sessionId":"47c9eecd-e69c-468c-b36d-adcc50c8758c","status":0}, status=OK}
Oct 18, 2021 2:34:53 AM net.sourceforge.marathon.javaagent.server.JavaServer serve
INFO: JavaServer.serve(POST /session/47c9eecd-e69c-468c-b36d-adcc50c8758c/element): {
  "using": "name",
  "value": "new item stop price field"
}
Oct 18, 2021 2:34:53 AM net.sourceforge.marathon.javaagent.server.JavaServer serve
INFO: POST(/session/47c9eecd-e69c-468c-b36d-adcc50c8758c/element, {"using":"name","value":"new item stop price field"}) = {data={"name":"findElement","sessionId":"47c9eecd-e69c-468c-b36d-adcc50c8758c","value":{"ELEMENT":"bdb79252-6d19-4168-945f-bbd4f342d5e7"},"status":0}, status=OK}
Oct 18, 2021 2:34:53 AM net.sourceforge.marathon.javaagent.server.JavaServer serve
INFO: JavaServer.serve(POST /session/47c9eecd-e69c-468c-b36d-adcc50c8758c/element/bdb79252-6d19-4168-945f-bbd4f342d5e7/clear): {
  "id": "bdb79252-6d19-4168-945f-bbd4f342d5e7"
}
Oct 18, 2021 2:34:53 AM net.sourceforge.marathon.javaagent.server.JavaServer serve
INFO: POST(/session/47c9eecd-e69c-468c-b36d-adcc50c8758c/element/bdb79252-6d19-4168-945f-bbd4f342d5e7/clear, {"id":"bdb79252-6d19-4168-945f-bbd4f342d5e7"}) = {data={"name":"clearElement","sessionId":"47c9eecd-e69c-468c-b36d-adcc50c8758c","status":0}, status=OK}
Oct 18, 2021 2:34:53 AM net.sourceforge.marathon.javaagent.server.JavaServer serve
INFO: JavaServer.serve(POST /session/47c9eecd-e69c-468c-b36d-adcc50c8758c/element/bdb79252-6d19-4168-945f-bbd4f342d5e7/value): {
  "id": "bdb79252-6d19-4168-945f-bbd4f342d5e7",
  "value": [
    "11000"
  ]
}
Oct 18, 2021 2:34:53 AM net.sourceforge.marathon.javaagent.EventQueueDevice dispatchEvent
INFO: java.awt.event.KeyEvent[KEY_PRESSED,keyCode=49,keyText=1,keyChar='1',keyLocation=KEY_LOCATION_UNKNOWN,rawCode=0,primaryLevelUnicode=0,scancode=0,extendedKeyCode=0x0] on new item stop price field
Oct 18, 2021 2:34:53 AM net.sourceforge.marathon.javaagent.EventQueueDevice dispatchEvent
INFO: java.awt.event.KeyEvent[KEY_TYPED,keyCode=0,keyText=Unknown keyCode: 0x0,keyChar='1',keyLocation=KEY_LOCATION_UNKNOWN,rawCode=0,primaryLevelUnicode=0,scancode=0,extendedKeyCode=0x0] on new item stop price field
Oct 18, 2021 2:34:53 AM net.sourceforge.marathon.javaagent.EventQueueDevice dispatchEvent
INFO: java.awt.event.KeyEvent[KEY_RELEASED,keyCode=49,keyText=1,keyChar='1',keyLocation=KEY_LOCATION_UNKNOWN,rawCode=0,primaryLevelUnicode=0,scancode=0,extendedKeyCode=0x0] on new item stop price field
Oct 18, 2021 2:34:53 AM net.sourceforge.marathon.javaagent.EventQueueDevice dispatchEvent
INFO: java.awt.event.KeyEvent[KEY_PRESSED,keyCode=49,keyText=1,keyChar='1',keyLocation=KEY_LOCATION_UNKNOWN,rawCode=0,primaryLevelUnicode=0,scancode=0,extendedKeyCode=0x0] on new item stop price field
Oct 18, 2021 2:34:53 AM net.sourceforge.marathon.javaagent.EventQueueDevice dispatchEvent
INFO: java.awt.event.KeyEvent[KEY_TYPED,keyCode=0,keyText=Unknown keyCode: 0x0,keyChar='1',keyLocation=KEY_LOCATION_UNKNOWN,rawCode=0,primaryLevelUnicode=0,scancode=0,extendedKeyCode=0x0] on new item stop price field
Oct 18, 2021 2:34:53 AM net.sourceforge.marathon.javaagent.EventQueueDevice dispatchEvent
INFO: java.awt.event.KeyEvent[KEY_RELEASED,keyCode=49,keyText=1,keyChar='1',keyLocation=KEY_LOCATION_UNKNOWN,rawCode=0,primaryLevelUnicode=0,scancode=0,extendedKeyCode=0x0] on new item stop price field
Oct 18, 2021 2:34:53 AM net.sourceforge.marathon.javaagent.EventQueueDevice dispatchEvent
INFO: java.awt.event.KeyEvent[KEY_PRESSED,keyCode=48,keyText=0,keyChar='0',keyLocation=KEY_LOCATION_UNKNOWN,rawCode=0,primaryLevelUnicode=0,scancode=0,extendedKeyCode=0x0] on new item stop price field
Oct 18, 2021 2:34:53 AM net.sourceforge.marathon.javaagent.EventQueueDevice dispatchEvent
INFO: java.awt.event.KeyEvent[KEY_TYPED,keyCode=0,keyText=Unknown keyCode: 0x0,keyChar='0',keyLocation=KEY_LOCATION_UNKNOWN,rawCode=0,primaryLevelUnicode=0,scancode=0,extendedKeyCode=0x0] on new item stop price field
Oct 18, 2021 2:34:53 AM net.sourceforge.marathon.javaagent.EventQueueDevice dispatchEvent
INFO: java.awt.event.KeyEvent[KEY_RELEASED,keyCode=48,keyText=0,keyChar='0',keyLocation=KEY_LOCATION_UNKNOWN,rawCode=0,primaryLevelUnicode=0,scancode=0,extendedKeyCode=0x0] on new item stop price field
Oct 18, 2021 2:34:53 AM net.sourceforge.marathon.javaagent.EventQueueDevice dispatchEvent
INFO: java.awt.event.KeyEvent[KEY_PRESSED,keyCode=48,keyText=0,keyChar='0',keyLocation=KEY_LOCATION_UNKNOWN,rawCode=0,primaryLevelUnicode=0,scancode=0,extendedKeyCode=0x0] on new item stop price field
Oct 18, 2021 2:34:53 AM net.sourceforge.marathon.javaagent.EventQueueDevice dispatchEvent
INFO: java.awt.event.KeyEvent[KEY_TYPED,keyCode=0,keyText=Unknown keyCode: 0x0,keyChar='0',keyLocation=KEY_LOCATION_UNKNOWN,rawCode=0,primaryLevelUnicode=0,scancode=0,extendedKeyCode=0x0] on new item stop price field
Oct 18, 2021 2:34:53 AM net.sourceforge.marathon.javaagent.EventQueueDevice dispatchEvent
INFO: java.awt.event.KeyEvent[KEY_RELEASED,keyCode=48,keyText=0,keyChar='0',keyLocation=KEY_LOCATION_UNKNOWN,rawCode=0,primaryLevelUnicode=0,scancode=0,extendedKeyCode=0x0] on new item stop price field
Oct 18, 2021 2:34:53 AM net.sourceforge.marathon.javaagent.EventQueueDevice dispatchEvent
INFO: java.awt.event.KeyEvent[KEY_PRESSED,keyCode=48,keyText=0,keyChar='0',keyLocation=KEY_LOCATION_UNKNOWN,rawCode=0,primaryLevelUnicode=0,scancode=0,extendedKeyCode=0x0] on new item stop price field
Oct 18, 2021 2:34:53 AM net.sourceforge.marathon.javaagent.EventQueueDevice dispatchEvent
INFO: java.awt.event.KeyEvent[KEY_TYPED,keyCode=0,keyText=Unknown keyCode: 0x0,keyChar='0',keyLocation=KEY_LOCATION_UNKNOWN,rawCode=0,primaryLevelUnicode=0,scancode=0,extendedKeyCode=0x0] on new item stop price field
Oct 18, 2021 2:34:53 AM net.sourceforge.marathon.javaagent.EventQueueDevice dispatchEvent
INFO: java.awt.event.KeyEvent[KEY_RELEASED,keyCode=48,keyText=0,keyChar='0',keyLocation=KEY_LOCATION_UNKNOWN,rawCode=0,primaryLevelUnicode=0,scancode=0,extendedKeyCode=0x0] on new item stop price field
Oct 18, 2021 2:34:53 AM net.sourceforge.marathon.javaagent.server.JavaServer serve
INFO: POST(/session/47c9eecd-e69c-468c-b36d-adcc50c8758c/element/bdb79252-6d19-4168-945f-bbd4f342d5e7/value, {"id":"bdb79252-6d19-4168-945f-bbd4f342d5e7","value":["11000"]}) = {data={"name":"sendKeysElement","sessionId":"47c9eecd-e69c-468c-b36d-adcc50c8758c","status":0}, status=OK}
Oct 18, 2021 2:34:53 AM net.sourceforge.marathon.javaagent.server.JavaServer serve
INFO: JavaServer.serve(POST /session/47c9eecd-e69c-468c-b36d-adcc50c8758c/element): {
  "using": "name",
  "value": "join button"
}
Oct 18, 2021 2:34:53 AM net.sourceforge.marathon.javaagent.server.JavaServer serve
INFO: POST(/session/47c9eecd-e69c-468c-b36d-adcc50c8758c/element, {"using":"name","value":"join button"}) = {data={"name":"findElement","sessionId":"47c9eecd-e69c-468c-b36d-adcc50c8758c","value":{"ELEMENT":"ad59d77f-963b-446f-bc1d-4f452e5d5426"},"status":0}, status=OK}
Oct 18, 2021 2:34:53 AM net.sourceforge.marathon.javaagent.server.JavaServer serve
INFO: JavaServer.serve(POST /session/47c9eecd-e69c-468c-b36d-adcc50c8758c/element/ad59d77f-963b-446f-bc1d-4f452e5d5426/click): {
  "id": "ad59d77f-963b-446f-bc1d-4f452e5d5426"
}
Oct 18, 2021 2:34:53 AM net.sourceforge.marathon.javaagent.EventQueueDevice dispatchEvent
INFO: java.awt.event.MouseEvent[MOUSE_PRESSED,(58,12),absolute(589,17),button=1,modifiers=Button1,extModifiers=Button1,clickCount=1] on join button
Oct 18, 2021 2:34:53 AM net.sourceforge.marathon.javaagent.EventQueueDevice dispatchEvent
INFO: java.awt.event.MouseEvent[MOUSE_RELEASED,(58,12),absolute(589,17),button=1,modifiers=Button1,clickCount=1] on join button
Oct 18, 2021 2:34:53 AM net.sourceforge.marathon.javaagent.EventQueueDevice dispatchEvent
INFO: java.awt.event.MouseEvent[MOUSE_CLICKED,(58,12),absolute(589,17),button=1,modifiers=Button1,clickCount=1] on join button
Oct 18, 2021 2:34:53 AM net.sourceforge.marathon.javaagent.server.JavaServer serve
INFO: POST(/session/47c9eecd-e69c-468c-b36d-adcc50c8758c/element/ad59d77f-963b-446f-bc1d-4f452e5d5426/click, {"id":"ad59d77f-963b-446f-bc1d-4f452e5d5426"}) = {data={"name":"clickElement","sessionId":"47c9eecd-e69c-468c-b36d-adcc50c8758c","status":0}, status=OK}
Oct 18, 2021 2:34:53 AM net.sourceforge.marathon.javaagent.server.JavaServer serve
INFO: JavaServer.serve(DELETE /session/47c9eecd-e69c-468c-b36d-adcc50c8758c/window): {}
Oct 18, 2021 2:34:53 AM net.sourceforge.marathon.javaagent.server.JavaServer serve
INFO: DELETE(/session/47c9eecd-e69c-468c-b36d-adcc50c8758c/window) = {data={"name":"closeSession","sessionId":"47c9eecd-e69c-468c-b36d-adcc50c8758c","status":0}, status=OK}
Oct 18, 2021 2:34:53 AM net.sourceforge.marathon.javaagent.server.JavaServer serve
INFO: JavaServer.serve(POST /session): {
  "desiredCapabilities": {
    "browserName": "java",
    "platform": "ANY"
  },
  "capabilities": {
    "firstMatch": [
      {
        "browserName": "java"
      }
    ]
  }
}
Oct 18, 2021 2:34:53 AM net.sourceforge.marathon.javaagent.server.JavaServer createSession
INFO: Creating device with type: EVENT_QUEUE
Oct 18, 2021 2:34:53 AM net.sourceforge.marathon.javaagent.Device getDevice
INFO: Creating a EVENT_QUEUE device
Oct 18, 2021 2:34:53 AM net.sourceforge.marathon.javaagent.server.JavaServer serve
INFO: POST(/session, {"desiredCapabilities":{"browserName":"java","platform":"ANY"},"capabilities":{"firstMatch":[{"browserName":"java"}]}}) = {data=, status=REDIRECT}
Oct 18, 2021 2:34:53 AM net.sourceforge.marathon.javaagent.server.JavaServer serve
INFO: JavaServer.serve(GET /session/3779b243-abde-45c9-adaa-abc14db82f4b): {}
Oct 18, 2021 2:34:53 AM net.sourceforge.marathon.javaagent.server.JavaServer serve
INFO: GET(/session/3779b243-abde-45c9-adaa-abc14db82f4b) = {data={"name":"getCapabilities","sessionId":"3779b243-abde-45c9-adaa-abc14db82f4b","value":{"applicationCacheEnabled":false,"rotatable":false,"loggingPrefs":{"driver":"ALL"},"handlesAlerts":false,"databaseEnabled":false,"version":"1.0","platform":"ANY","browserConnectionEnabled":false,"nativeEvents":false,"acceptSslCerts":false,"locationContextEnabled":false,"webStorageEnabled":false,"browserName":"java","takesScreenshot":true,"javascriptEnabled":true,"cssSelectorsEnabled":false},"status":0}, status=OK}
Oct 18, 2021 2:34:53 AM org.openqa.selenium.remote.ProtocolHandshake createSession
INFO: Detected dialect: OSS
Oct 18, 2021 2:34:53 AM net.sourceforge.marathon.javaagent.server.JavaServer serve
INFO: JavaServer.serve(POST /session/3779b243-abde-45c9-adaa-abc14db82f4b/element): {
  "using": "name",
  "value": "sniper reset button"
}
Oct 18, 2021 2:34:53 AM net.sourceforge.marathon.javaagent.server.JavaServer serve
INFO: POST(/session/3779b243-abde-45c9-adaa-abc14db82f4b/element, {"using":"name","value":"sniper reset button"}) = {data={"name":"findElement","sessionId":"3779b243-abde-45c9-adaa-abc14db82f4b","value":{"ELEMENT":"4e59fd59-6349-4985-b60e-030174b1b4c8"},"status":0}, status=OK}
Oct 18, 2021 2:34:53 AM net.sourceforge.marathon.javaagent.server.JavaServer serve
INFO: JavaServer.serve(POST /session/3779b243-abde-45c9-adaa-abc14db82f4b/element/4e59fd59-6349-4985-b60e-030174b1b4c8/click): {
  "id": "4e59fd59-6349-4985-b60e-030174b1b4c8"
}
Oct 18, 2021 2:34:53 AM net.sourceforge.marathon.javaagent.EventQueueDevice dispatchEvent
INFO: java.awt.event.MouseEvent[MOUSE_PRESSED,(37,12),absolute(326,474),button=1,modifiers=Button1,extModifiers=Button1,clickCount=1] on sniper reset button
Oct 18, 2021 2:34:53 AM net.sourceforge.marathon.javaagent.EventQueueDevice dispatchEvent
INFO: java.awt.event.MouseEvent[MOUSE_RELEASED,(37,12),absolute(326,474),button=1,modifiers=Button1,clickCount=1] on sniper reset button
Oct 18, 2021 2:34:53 AM net.sourceforge.marathon.javaagent.EventQueueDevice dispatchEvent
INFO: java.awt.event.MouseEvent[MOUSE_CLICKED,(37,12),absolute(326,474),button=1,modifiers=Button1,clickCount=1] on sniper reset button
Oct 18, 2021 2:34:53 AM net.sourceforge.marathon.javaagent.server.JavaServer serve
INFO: POST(/session/3779b243-abde-45c9-adaa-abc14db82f4b/element/4e59fd59-6349-4985-b60e-030174b1b4c8/click, {"id":"4e59fd59-6349-4985-b60e-030174b1b4c8"}) = {data={"name":"clickElement","sessionId":"3779b243-abde-45c9-adaa-abc14db82f4b","status":0}, status=OK}
Oct 18, 2021 2:34:53 AM net.sourceforge.marathon.javaagent.server.JavaServer serve
INFO: JavaServer.serve(DELETE /session/3779b243-abde-45c9-adaa-abc14db82f4b/window): {}
Oct 18, 2021 2:34:53 AM net.sourceforge.marathon.javaagent.server.JavaServer serve
INFO: DELETE(/session/3779b243-abde-45c9-adaa-abc14db82f4b/window) = {data={"name":"closeSession","sessionId":"3779b243-abde-45c9-adaa-abc14db82f4b","status":0}, status=OK}
]]></system-err>
</testsuite>
