<?xml version="1.0" encoding="UTF-8"?>
<testsuite name="goos.ui.swing.MainWindowTest" tests="3" skipped="0" failures="0" errors="0" timestamp="2021-09-23T02:27:57" hostname="buildkitsandbox" time="3.511">
  <properties/>
  <testcase name="window has expected features" classname="goos.ui.swing.MainWindowTest" time="2.781"/>
  <testcase name="make user request when join button clicked" classname="goos.ui.swing.MainWindowTest" time="0.612"/>
  <testcase name="make user request when reset button clicked" classname="goos.ui.swing.MainWindowTest" time="0.115"/>
  <system-out><![CDATA[]]></system-out>
  <system-err><![CDATA[Sep 23, 2021 2:27:58 AM io.mockk.impl.log.JULLogger warn
WARNING: Failed to transform class goos/ui/api/UserRequestListener
java.lang.IllegalArgumentException: Unsupported class file major version 59
	at net.bytebuddy.jar.asm.ClassReader.<init>(ClassReader.java:176)
	at net.bytebuddy.jar.asm.ClassReader.<init>(ClassReader.java:158)
	at net.bytebuddy.jar.asm.ClassReader.<init>(ClassReader.java:146)
	at net.bytebuddy.utility.OpenedClassReader.of(OpenedClassReader.java:69)
	at net.bytebuddy.dynamic.scaffold.TypeWriter$Default$ForInlining.create(TypeWriter.java:2877)
	at net.bytebuddy.dynamic.scaffold.TypeWriter$Default.make(TypeWriter.java:1653)
	at net.bytebuddy.dynamic.scaffold.inline.RedefinitionDynamicTypeBuilder.make(RedefinitionDynamicTypeBuilder.java:180)
	at net.bytebuddy.dynamic.scaffold.inline.AbstractInliningDynamicTypeBuilder.make(AbstractInliningDynamicTypeBuilder.java:94)
	at net.bytebuddy.dynamic.DynamicType$Builder$AbstractBase.make(DynamicType.java:2669)
	at io.mockk.proxy.jvm.transformation.InliningClassTransformer.transform(InliningClassTransformer.kt:78)
	at java.instrument/java.lang.instrument.ClassFileTransformer.transform(ClassFileTransformer.java:246)
	at java.instrument/sun.instrument.TransformerManager.transform(TransformerManager.java:188)
	at java.instrument/sun.instrument.InstrumentationImpl.transform(InstrumentationImpl.java:563)
	at java.instrument/sun.instrument.InstrumentationImpl.retransformClasses0(Native Method)
	at java.instrument/sun.instrument.InstrumentationImpl.retransformClasses(InstrumentationImpl.java:167)
	at io.mockk.proxy.jvm.transformation.JvmInlineInstrumentation.retransform(JvmInlineInstrumentation.kt:28)
	at io.mockk.proxy.common.transformation.RetransformInlineInstrumnetation$execute$1.invoke(RetransformInlineInstrumnetation.kt:19)
	at io.mockk.proxy.common.transformation.RetransformInlineInstrumnetation$execute$1.invoke(RetransformInlineInstrumnetation.kt:6)
	at io.mockk.proxy.common.transformation.ClassTransformationSpecMap.applyTransformation(ClassTransformationSpecMap.kt:41)
	at io.mockk.proxy.common.transformation.RetransformInlineInstrumnetation.execute(RetransformInlineInstrumnetation.kt:16)
	at io.mockk.proxy.jvm.ProxyMaker.inline(ProxyMaker.kt:88)
	at io.mockk.proxy.jvm.ProxyMaker.proxy(ProxyMaker.kt:30)
	at io.mockk.impl.instantiation.JvmMockFactory.newProxy(JvmMockFactory.kt:34)
	at io.mockk.impl.instantiation.AbstractMockFactory.newProxy$default(AbstractMockFactory.kt:29)
	at io.mockk.impl.instantiation.AbstractMockFactory.mockk(AbstractMockFactory.kt:59)
	at goos.ui.swing.MainWindowTest$1$1.invokeSuspend(MainWindowTest.kt:90)
	at goos.ui.swing.MainWindowTest$1$1.invoke(MainWindowTest.kt)
	at goos.ui.swing.MainWindowTest$1$1.invoke(MainWindowTest.kt)
	at io.kotest.core.TestConfiguration$beforeTest$1.beforeTest(TestConfiguration.kt:137)
	at io.kotest.core.spec.LifecycleKt.invokeAllBeforeTestCallbacks(lifecycle.kt:76)
	at io.kotest.core.internal.TestCaseExecutor.executeActiveTest(TestCaseExecutor.kt:152)
	at io.kotest.core.internal.TestCaseExecutor.access$executeActiveTest(TestCaseExecutor.kt:57)
	at io.kotest.core.internal.TestCaseExecutor$intercept$innerExecute$1$1.invokeSuspend(TestCaseExecutor.kt:89)
	at io.kotest.core.internal.TestCaseExecutor$intercept$innerExecute$1$1.invoke(TestCaseExecutor.kt)
	at io.kotest.core.internal.TestCaseExecutor$intercept$innerExecute$1$1.invoke(TestCaseExecutor.kt)
	at io.kotest.core.internal.TestCaseExecutor.executeIfEnabled(TestCaseExecutor.kt:117)
	at io.kotest.core.internal.TestCaseExecutor.access$executeIfEnabled(TestCaseExecutor.kt:57)
	at io.kotest.core.internal.TestCaseExecutor$intercept$innerExecute$1.invokeSuspend(TestCaseExecutor.kt:89)
	at io.kotest.core.internal.TestCaseExecutor$intercept$innerExecute$1.invoke(TestCaseExecutor.kt)
	at io.kotest.core.internal.TestCaseExecutor$intercept$innerExecute$1.invoke(TestCaseExecutor.kt)
	at io.kotest.core.internal.TestCaseExecutor.intercept(TestCaseExecutor.kt:103)
	at io.kotest.core.internal.TestCaseExecutor.execute(TestCaseExecutor.kt:69)
	at io.kotest.engine.spec.runners.SingleInstanceSpecRunner.runTest(SingleInstanceSpecRunner.kt:104)
	at io.kotest.engine.spec.runners.SingleInstanceSpecRunner.access$runTest(SingleInstanceSpecRunner.kt:34)
	at io.kotest.engine.spec.runners.SingleInstanceSpecRunner$execute$interceptAndRun$2$4.invokeSuspend(SingleInstanceSpecRunner.kt:57)
	at io.kotest.engine.spec.runners.SingleInstanceSpecRunner$execute$interceptAndRun$2$4.invoke(SingleInstanceSpecRunner.kt)
	at io.kotest.engine.spec.runners.SingleInstanceSpecRunner$execute$interceptAndRun$2$4.invoke(SingleInstanceSpecRunner.kt)
	at io.kotest.engine.launchers.SequentialTestLauncher$launch$3$1$1.invokeSuspend(SequentialTestLauncher.kt:22)
	at kotlin.coroutines.jvm.internal.BaseContinuationImpl.resumeWith(ContinuationImpl.kt:33)
	at kotlinx.coroutines.DispatchedTask.run(DispatchedTask.kt:106)
	at java.base/java.util.concurrent.ThreadPoolExecutor.runWorker(ThreadPoolExecutor.java:1130)
	at java.base/java.util.concurrent.ThreadPoolExecutor$Worker.run(ThreadPoolExecutor.java:630)
	at java.base/java.lang.Thread.run(Thread.java:832)

Sep 23, 2021 2:28:00 AM net.sourceforge.marathon.javaagent.server.JavaServer serve
INFO: JavaServer.serve(POST /session): {
  "desiredCapabilities": {
    "browserName": "java",
    "platform": "ANY"
  },
  "capabilities": {
    "firstMatch": [
      {
        "browserName": "java"
      }
    ]
  }
}
Sep 23, 2021 2:28:00 AM net.sourceforge.marathon.javaagent.server.JavaServer createSession
INFO: Creating device with type: EVENT_QUEUE
Sep 23, 2021 2:28:00 AM net.sourceforge.marathon.javaagent.Device getDevice
INFO: Creating a EVENT_QUEUE device
Sep 23, 2021 2:28:00 AM net.sourceforge.marathon.javaagent.server.JavaServer serve
INFO: POST(/session, {"desiredCapabilities":{"browserName":"java","platform":"ANY"},"capabilities":{"firstMatch":[{"browserName":"java"}]}}) = {data=, status=REDIRECT}
Sep 23, 2021 2:28:00 AM net.sourceforge.marathon.javaagent.server.JavaServer serve
INFO: JavaServer.serve(GET /session/4e012963-9bb2-4e2e-b8ec-e635a04bdb67): {}
Sep 23, 2021 2:28:00 AM net.sourceforge.marathon.javaagent.server.JavaServer serve
INFO: GET(/session/4e012963-9bb2-4e2e-b8ec-e635a04bdb67) = {data={"name":"getCapabilities","sessionId":"4e012963-9bb2-4e2e-b8ec-e635a04bdb67","value":{"applicationCacheEnabled":false,"rotatable":false,"loggingPrefs":{"driver":"ALL"},"handlesAlerts":false,"databaseEnabled":false,"version":"1.0","platform":"ANY","browserConnectionEnabled":false,"nativeEvents":false,"acceptSslCerts":false,"locationContextEnabled":false,"webStorageEnabled":false,"browserName":"java","takesScreenshot":true,"javascriptEnabled":true,"cssSelectorsEnabled":false},"status":0}, status=OK}
Sep 23, 2021 2:28:00 AM org.openqa.selenium.remote.ProtocolHandshake createSession
INFO: Detected dialect: OSS
Sep 23, 2021 2:28:00 AM net.sourceforge.marathon.javaagent.server.JavaServer serve
INFO: JavaServer.serve(POST /session/4e012963-9bb2-4e2e-b8ec-e635a04bdb67/element): {
  "using": "css selector",
  "value": "."
}
Sep 23, 2021 2:28:00 AM net.sourceforge.marathon.javaagent.server.JavaServer serve
INFO: POST(/session/4e012963-9bb2-4e2e-b8ec-e635a04bdb67/element, {"using":"css selector","value":"."}) = {data={"name":"findElement","sessionId":"4e012963-9bb2-4e2e-b8ec-e635a04bdb67","value":{"ELEMENT":"f5cf60fc-0b7d-48dc-b639-649fc519351e"},"status":0}, status=OK}
Sep 23, 2021 2:28:00 AM net.sourceforge.marathon.javaagent.server.JavaServer serve
INFO: JavaServer.serve(GET /session/4e012963-9bb2-4e2e-b8ec-e635a04bdb67/element/f5cf60fc-0b7d-48dc-b639-649fc519351e/attribute/name): {}
Sep 23, 2021 2:28:00 AM net.sourceforge.marathon.javaagent.server.JavaServer serve
INFO: GET(/session/4e012963-9bb2-4e2e-b8ec-e635a04bdb67/element/f5cf60fc-0b7d-48dc-b639-649fc519351e/attribute/name) = {data={"name":"getElementAttribute","sessionId":"4e012963-9bb2-4e2e-b8ec-e635a04bdb67","value":"Auction Sniper Name","status":0}, status=OK}
Sep 23, 2021 2:28:00 AM net.sourceforge.marathon.javaagent.server.JavaServer serve
INFO: JavaServer.serve(POST /session/4e012963-9bb2-4e2e-b8ec-e635a04bdb67/element): {
  "using": "css selector",
  "value": "."
}
Sep 23, 2021 2:28:00 AM net.sourceforge.marathon.javaagent.server.JavaServer serve
INFO: POST(/session/4e012963-9bb2-4e2e-b8ec-e635a04bdb67/element, {"using":"css selector","value":"."}) = {data={"name":"findElement","sessionId":"4e012963-9bb2-4e2e-b8ec-e635a04bdb67","value":{"ELEMENT":"f5cf60fc-0b7d-48dc-b639-649fc519351e"},"status":0}, status=OK}
Sep 23, 2021 2:28:00 AM net.sourceforge.marathon.javaagent.server.JavaServer serve
INFO: JavaServer.serve(GET /session/4e012963-9bb2-4e2e-b8ec-e635a04bdb67/element/f5cf60fc-0b7d-48dc-b639-649fc519351e/displayed): {}
Sep 23, 2021 2:28:00 AM net.sourceforge.marathon.javaagent.server.JavaServer serve
INFO: GET(/session/4e012963-9bb2-4e2e-b8ec-e635a04bdb67/element/f5cf60fc-0b7d-48dc-b639-649fc519351e/displayed) = {data={"name":"isDisplayed","sessionId":"4e012963-9bb2-4e2e-b8ec-e635a04bdb67","value":true,"status":0}, status=OK}
Sep 23, 2021 2:28:00 AM net.sourceforge.marathon.javaagent.server.JavaServer serve
INFO: JavaServer.serve(GET /session/4e012963-9bb2-4e2e-b8ec-e635a04bdb67/title): {}
Sep 23, 2021 2:28:00 AM net.sourceforge.marathon.javaagent.server.JavaServer serve
INFO: GET(/session/4e012963-9bb2-4e2e-b8ec-e635a04bdb67/title) = {data={"name":"getWindowTitle","sessionId":"4e012963-9bb2-4e2e-b8ec-e635a04bdb67","value":"Auction Sniper","status":0}, status=OK}
Sep 23, 2021 2:28:00 AM net.sourceforge.marathon.javaagent.server.JavaServer serve
INFO: JavaServer.serve(POST /session/4e012963-9bb2-4e2e-b8ec-e635a04bdb67/element): {
  "using": "name",
  "value": "snipers table"
}
Sep 23, 2021 2:28:00 AM net.sourceforge.marathon.javaagent.server.JavaServer serve
INFO: POST(/session/4e012963-9bb2-4e2e-b8ec-e635a04bdb67/element, {"using":"name","value":"snipers table"}) = {data={"name":"findElement","sessionId":"4e012963-9bb2-4e2e-b8ec-e635a04bdb67","value":{"ELEMENT":"185a3eb7-218e-49cf-9a9e-dc105a00a793"},"status":0}, status=OK}
Sep 23, 2021 2:28:00 AM net.sourceforge.marathon.javaagent.server.JavaServer serve
INFO: JavaServer.serve(POST /session/4e012963-9bb2-4e2e-b8ec-e635a04bdb67/element/185a3eb7-218e-49cf-9a9e-dc105a00a793/elements): {
  "id": "185a3eb7-218e-49cf-9a9e-dc105a00a793",
  "using": "css selector",
  "value": ".::header.::all-items"
}
Sep 23, 2021 2:28:00 AM net.sourceforge.marathon.javaagent.server.JavaServer serve
INFO: POST(/session/4e012963-9bb2-4e2e-b8ec-e635a04bdb67/element/185a3eb7-218e-49cf-9a9e-dc105a00a793/elements, {"using":"css selector","id":"185a3eb7-218e-49cf-9a9e-dc105a00a793","value":".::header.::all-items"}) = {data={"name":"findElementsOfElement","sessionId":"4e012963-9bb2-4e2e-b8ec-e635a04bdb67","value":[{"ELEMENT":"3b201811-aa44-440a-839f-b6b3312107a5%23%7B%22selector%22%3A%22nth-item%22%2C%22parameters%22%3A%5B1%5D%7D"},{"ELEMENT":"3b201811-aa44-440a-839f-b6b3312107a5%23%7B%22selector%22%3A%22nth-item%22%2C%22parameters%22%3A%5B2%5D%7D"},{"ELEMENT":"3b201811-aa44-440a-839f-b6b3312107a5%23%7B%22selector%22%3A%22nth-item%22%2C%22parameters%22%3A%5B3%5D%7D"},{"ELEMENT":"3b201811-aa44-440a-839f-b6b3312107a5%23%7B%22selector%22%3A%22nth-item%22%2C%22parameters%22%3A%5B4%5D%7D"}],"status":0}, status=OK}
Sep 23, 2021 2:28:00 AM net.sourceforge.marathon.javaagent.server.JavaServer serve
INFO: JavaServer.serve(GET /session/4e012963-9bb2-4e2e-b8ec-e635a04bdb67/element/3b201811-aa44-440a-839f-b6b3312107a5%23%7B%22selector%22%3A%22nth-item%22%2C%22parameters%22%3A%5B1%5D%7D/text): {}
Sep 23, 2021 2:28:00 AM net.sourceforge.marathon.javaagent.server.JavaServer serve
INFO: GET(/session/4e012963-9bb2-4e2e-b8ec-e635a04bdb67/element/3b201811-aa44-440a-839f-b6b3312107a5%23%7B%22selector%22%3A%22nth-item%22%2C%22parameters%22%3A%5B1%5D%7D/text) = {data={"name":"getElementText","sessionId":"4e012963-9bb2-4e2e-b8ec-e635a04bdb67","value":"Item","status":0}, status=OK}
Sep 23, 2021 2:28:00 AM net.sourceforge.marathon.javaagent.server.JavaServer serve
INFO: JavaServer.serve(GET /session/4e012963-9bb2-4e2e-b8ec-e635a04bdb67/element/3b201811-aa44-440a-839f-b6b3312107a5%23%7B%22selector%22%3A%22nth-item%22%2C%22parameters%22%3A%5B2%5D%7D/text): {}
Sep 23, 2021 2:28:00 AM net.sourceforge.marathon.javaagent.server.JavaServer serve
INFO: GET(/session/4e012963-9bb2-4e2e-b8ec-e635a04bdb67/element/3b201811-aa44-440a-839f-b6b3312107a5%23%7B%22selector%22%3A%22nth-item%22%2C%22parameters%22%3A%5B2%5D%7D/text) = {data={"name":"getElementText","sessionId":"4e012963-9bb2-4e2e-b8ec-e635a04bdb67","value":"Last Price","status":0}, status=OK}
Sep 23, 2021 2:28:00 AM net.sourceforge.marathon.javaagent.server.JavaServer serve
INFO: JavaServer.serve(GET /session/4e012963-9bb2-4e2e-b8ec-e635a04bdb67/element/3b201811-aa44-440a-839f-b6b3312107a5%23%7B%22selector%22%3A%22nth-item%22%2C%22parameters%22%3A%5B3%5D%7D/text): {}
Sep 23, 2021 2:28:00 AM net.sourceforge.marathon.javaagent.server.JavaServer serve
INFO: GET(/session/4e012963-9bb2-4e2e-b8ec-e635a04bdb67/element/3b201811-aa44-440a-839f-b6b3312107a5%23%7B%22selector%22%3A%22nth-item%22%2C%22parameters%22%3A%5B3%5D%7D/text) = {data={"name":"getElementText","sessionId":"4e012963-9bb2-4e2e-b8ec-e635a04bdb67","value":"Last Bid","status":0}, status=OK}
Sep 23, 2021 2:28:00 AM net.sourceforge.marathon.javaagent.server.JavaServer serve
INFO: JavaServer.serve(GET /session/4e012963-9bb2-4e2e-b8ec-e635a04bdb67/element/3b201811-aa44-440a-839f-b6b3312107a5%23%7B%22selector%22%3A%22nth-item%22%2C%22parameters%22%3A%5B4%5D%7D/text): {}
Sep 23, 2021 2:28:00 AM net.sourceforge.marathon.javaagent.server.JavaServer serve
INFO: GET(/session/4e012963-9bb2-4e2e-b8ec-e635a04bdb67/element/3b201811-aa44-440a-839f-b6b3312107a5%23%7B%22selector%22%3A%22nth-item%22%2C%22parameters%22%3A%5B4%5D%7D/text) = {data={"name":"getElementText","sessionId":"4e012963-9bb2-4e2e-b8ec-e635a04bdb67","value":"State","status":0}, status=OK}
Sep 23, 2021 2:28:00 AM net.sourceforge.marathon.javaagent.server.JavaServer serve
INFO: JavaServer.serve(DELETE /session/4e012963-9bb2-4e2e-b8ec-e635a04bdb67/window): {}
Sep 23, 2021 2:28:00 AM net.sourceforge.marathon.javaagent.server.JavaServer serve
INFO: DELETE(/session/4e012963-9bb2-4e2e-b8ec-e635a04bdb67/window) = {data={"name":"closeSession","sessionId":"4e012963-9bb2-4e2e-b8ec-e635a04bdb67","status":0}, status=OK}
Sep 23, 2021 2:28:00 AM net.sourceforge.marathon.javaagent.server.JavaServer serve
INFO: JavaServer.serve(POST /session): {
  "desiredCapabilities": {
    "browserName": "java",
    "platform": "ANY"
  },
  "capabilities": {
    "firstMatch": [
      {
        "browserName": "java"
      }
    ]
  }
}
Sep 23, 2021 2:28:00 AM net.sourceforge.marathon.javaagent.server.JavaServer createSession
INFO: Creating device with type: EVENT_QUEUE
Sep 23, 2021 2:28:00 AM net.sourceforge.marathon.javaagent.Device getDevice
INFO: Creating a EVENT_QUEUE device
Sep 23, 2021 2:28:00 AM net.sourceforge.marathon.javaagent.server.JavaServer serve
INFO: POST(/session, {"desiredCapabilities":{"browserName":"java","platform":"ANY"},"capabilities":{"firstMatch":[{"browserName":"java"}]}}) = {data=, status=REDIRECT}
Sep 23, 2021 2:28:00 AM net.sourceforge.marathon.javaagent.server.JavaServer serve
INFO: JavaServer.serve(GET /session/a92d443f-7486-4b2e-8a95-f1436351aa89): {}
Sep 23, 2021 2:28:00 AM net.sourceforge.marathon.javaagent.server.JavaServer serve
INFO: GET(/session/a92d443f-7486-4b2e-8a95-f1436351aa89) = {data={"name":"getCapabilities","sessionId":"a92d443f-7486-4b2e-8a95-f1436351aa89","value":{"applicationCacheEnabled":false,"rotatable":false,"loggingPrefs":{"driver":"ALL"},"handlesAlerts":false,"databaseEnabled":false,"version":"1.0","platform":"ANY","browserConnectionEnabled":false,"nativeEvents":false,"acceptSslCerts":false,"locationContextEnabled":false,"webStorageEnabled":false,"browserName":"java","takesScreenshot":true,"javascriptEnabled":true,"cssSelectorsEnabled":false},"status":0}, status=OK}
Sep 23, 2021 2:28:00 AM org.openqa.selenium.remote.ProtocolHandshake createSession
INFO: Detected dialect: OSS
Sep 23, 2021 2:28:00 AM net.sourceforge.marathon.javaagent.server.JavaServer serve
INFO: JavaServer.serve(POST /session/a92d443f-7486-4b2e-8a95-f1436351aa89/element): {
  "using": "name",
  "value": "new item id field"
}
Sep 23, 2021 2:28:00 AM net.sourceforge.marathon.javaagent.server.JavaServer serve
INFO: POST(/session/a92d443f-7486-4b2e-8a95-f1436351aa89/element, {"using":"name","value":"new item id field"}) = {data={"name":"findElement","sessionId":"a92d443f-7486-4b2e-8a95-f1436351aa89","value":{"ELEMENT":"61b24632-f1d8-4429-a417-9c999ef62da7"},"status":0}, status=OK}
Sep 23, 2021 2:28:00 AM net.sourceforge.marathon.javaagent.server.JavaServer serve
INFO: JavaServer.serve(POST /session/a92d443f-7486-4b2e-8a95-f1436351aa89/element/61b24632-f1d8-4429-a417-9c999ef62da7/clear): {
  "id": "61b24632-f1d8-4429-a417-9c999ef62da7"
}
Sep 23, 2021 2:28:00 AM net.sourceforge.marathon.javaagent.server.JavaServer serve
INFO: POST(/session/a92d443f-7486-4b2e-8a95-f1436351aa89/element/61b24632-f1d8-4429-a417-9c999ef62da7/clear, {"id":"61b24632-f1d8-4429-a417-9c999ef62da7"}) = {data={"name":"clearElement","sessionId":"a92d443f-7486-4b2e-8a95-f1436351aa89","status":0}, status=OK}
Sep 23, 2021 2:28:00 AM net.sourceforge.marathon.javaagent.server.JavaServer serve
INFO: JavaServer.serve(POST /session/a92d443f-7486-4b2e-8a95-f1436351aa89/element/61b24632-f1d8-4429-a417-9c999ef62da7/value): {
  "id": "61b24632-f1d8-4429-a417-9c999ef62da7",
  "value": [
    "an item-id"
  ]
}
Sep 23, 2021 2:28:00 AM net.sourceforge.marathon.javaagent.EventQueueDevice dispatchEvent
INFO: java.awt.event.KeyEvent[KEY_PRESSED,keyCode=65,keyText=A,keyChar='a',keyLocation=KEY_LOCATION_UNKNOWN,rawCode=0,primaryLevelUnicode=0,scancode=0,extendedKeyCode=0x0] on new item id field
Sep 23, 2021 2:28:00 AM net.sourceforge.marathon.javaagent.EventQueueDevice dispatchEvent
INFO: java.awt.event.KeyEvent[KEY_TYPED,keyCode=0,keyText=Unknown keyCode: 0x0,keyChar='a',keyLocation=KEY_LOCATION_UNKNOWN,rawCode=0,primaryLevelUnicode=0,scancode=0,extendedKeyCode=0x0] on new item id field
Sep 23, 2021 2:28:00 AM net.sourceforge.marathon.javaagent.EventQueueDevice dispatchEvent
INFO: java.awt.event.KeyEvent[KEY_RELEASED,keyCode=65,keyText=A,keyChar='a',keyLocation=KEY_LOCATION_UNKNOWN,rawCode=0,primaryLevelUnicode=0,scancode=0,extendedKeyCode=0x0] on new item id field
Sep 23, 2021 2:28:00 AM net.sourceforge.marathon.javaagent.EventQueueDevice dispatchEvent
INFO: java.awt.event.KeyEvent[KEY_PRESSED,keyCode=78,keyText=N,keyChar='n',keyLocation=KEY_LOCATION_UNKNOWN,rawCode=0,primaryLevelUnicode=0,scancode=0,extendedKeyCode=0x0] on new item id field
Sep 23, 2021 2:28:00 AM net.sourceforge.marathon.javaagent.EventQueueDevice dispatchEvent
INFO: java.awt.event.KeyEvent[KEY_TYPED,keyCode=0,keyText=Unknown keyCode: 0x0,keyChar='n',keyLocation=KEY_LOCATION_UNKNOWN,rawCode=0,primaryLevelUnicode=0,scancode=0,extendedKeyCode=0x0] on new item id field
Sep 23, 2021 2:28:00 AM net.sourceforge.marathon.javaagent.EventQueueDevice dispatchEvent
INFO: java.awt.event.KeyEvent[KEY_RELEASED,keyCode=78,keyText=N,keyChar='n',keyLocation=KEY_LOCATION_UNKNOWN,rawCode=0,primaryLevelUnicode=0,scancode=0,extendedKeyCode=0x0] on new item id field
Sep 23, 2021 2:28:00 AM net.sourceforge.marathon.javaagent.EventQueueDevice dispatchEvent
INFO: java.awt.event.KeyEvent[KEY_PRESSED,keyCode=16,keyText=Shift,keyChar=Undefined keyChar,modifiers=Shift,extModifiers=Shift,keyLocation=KEY_LOCATION_UNKNOWN,rawCode=0,primaryLevelUnicode=0,scancode=0,extendedKeyCode=0x0] on new item id field
Sep 23, 2021 2:28:00 AM net.sourceforge.marathon.javaagent.EventQueueDevice dispatchEvent
INFO: java.awt.event.KeyEvent[KEY_PRESSED,keyCode=32,keyText=Space,keyChar=' ',modifiers=Shift,extModifiers=Shift,keyLocation=KEY_LOCATION_UNKNOWN,rawCode=0,primaryLevelUnicode=0,scancode=0,extendedKeyCode=0x0] on new item id field
Sep 23, 2021 2:28:00 AM net.sourceforge.marathon.javaagent.EventQueueDevice dispatchEvent
INFO: java.awt.event.KeyEvent[KEY_TYPED,keyCode=0,keyText=Unknown keyCode: 0x0,keyChar=' ',modifiers=Shift,extModifiers=Shift,keyLocation=KEY_LOCATION_UNKNOWN,rawCode=0,primaryLevelUnicode=0,scancode=0,extendedKeyCode=0x0] on new item id field
Sep 23, 2021 2:28:00 AM net.sourceforge.marathon.javaagent.EventQueueDevice dispatchEvent
INFO: java.awt.event.KeyEvent[KEY_RELEASED,keyCode=32,keyText=Space,keyChar=' ',modifiers=Shift,extModifiers=Shift,keyLocation=KEY_LOCATION_UNKNOWN,rawCode=0,primaryLevelUnicode=0,scancode=0,extendedKeyCode=0x0] on new item id field
Sep 23, 2021 2:28:00 AM net.sourceforge.marathon.javaagent.EventQueueDevice dispatchEvent
INFO: java.awt.event.KeyEvent[KEY_RELEASED,keyCode=16,keyText=Shift,keyChar=Undefined keyChar,keyLocation=KEY_LOCATION_UNKNOWN,rawCode=0,primaryLevelUnicode=0,scancode=0,extendedKeyCode=0x0] on new item id field
Sep 23, 2021 2:28:00 AM net.sourceforge.marathon.javaagent.EventQueueDevice dispatchEvent
INFO: java.awt.event.KeyEvent[KEY_PRESSED,keyCode=73,keyText=I,keyChar='i',keyLocation=KEY_LOCATION_UNKNOWN,rawCode=0,primaryLevelUnicode=0,scancode=0,extendedKeyCode=0x0] on new item id field
Sep 23, 2021 2:28:00 AM net.sourceforge.marathon.javaagent.EventQueueDevice dispatchEvent
INFO: java.awt.event.KeyEvent[KEY_TYPED,keyCode=0,keyText=Unknown keyCode: 0x0,keyChar='i',keyLocation=KEY_LOCATION_UNKNOWN,rawCode=0,primaryLevelUnicode=0,scancode=0,extendedKeyCode=0x0] on new item id field
Sep 23, 2021 2:28:00 AM net.sourceforge.marathon.javaagent.EventQueueDevice dispatchEvent
INFO: java.awt.event.KeyEvent[KEY_RELEASED,keyCode=73,keyText=I,keyChar='i',keyLocation=KEY_LOCATION_UNKNOWN,rawCode=0,primaryLevelUnicode=0,scancode=0,extendedKeyCode=0x0] on new item id field
Sep 23, 2021 2:28:00 AM net.sourceforge.marathon.javaagent.EventQueueDevice dispatchEvent
INFO: java.awt.event.KeyEvent[KEY_PRESSED,keyCode=84,keyText=T,keyChar='t',keyLocation=KEY_LOCATION_UNKNOWN,rawCode=0,primaryLevelUnicode=0,scancode=0,extendedKeyCode=0x0] on new item id field
Sep 23, 2021 2:28:00 AM net.sourceforge.marathon.javaagent.EventQueueDevice dispatchEvent
INFO: java.awt.event.KeyEvent[KEY_TYPED,keyCode=0,keyText=Unknown keyCode: 0x0,keyChar='t',keyLocation=KEY_LOCATION_UNKNOWN,rawCode=0,primaryLevelUnicode=0,scancode=0,extendedKeyCode=0x0] on new item id field
Sep 23, 2021 2:28:00 AM net.sourceforge.marathon.javaagent.EventQueueDevice dispatchEvent
INFO: java.awt.event.KeyEvent[KEY_RELEASED,keyCode=84,keyText=T,keyChar='t',keyLocation=KEY_LOCATION_UNKNOWN,rawCode=0,primaryLevelUnicode=0,scancode=0,extendedKeyCode=0x0] on new item id field
Sep 23, 2021 2:28:00 AM net.sourceforge.marathon.javaagent.EventQueueDevice dispatchEvent
INFO: java.awt.event.KeyEvent[KEY_PRESSED,keyCode=69,keyText=E,keyChar='e',keyLocation=KEY_LOCATION_UNKNOWN,rawCode=0,primaryLevelUnicode=0,scancode=0,extendedKeyCode=0x0] on new item id field
Sep 23, 2021 2:28:00 AM net.sourceforge.marathon.javaagent.EventQueueDevice dispatchEvent
INFO: java.awt.event.KeyEvent[KEY_TYPED,keyCode=0,keyText=Unknown keyCode: 0x0,keyChar='e',keyLocation=KEY_LOCATION_UNKNOWN,rawCode=0,primaryLevelUnicode=0,scancode=0,extendedKeyCode=0x0] on new item id field
Sep 23, 2021 2:28:00 AM net.sourceforge.marathon.javaagent.EventQueueDevice dispatchEvent
INFO: java.awt.event.KeyEvent[KEY_RELEASED,keyCode=69,keyText=E,keyChar='e',keyLocation=KEY_LOCATION_UNKNOWN,rawCode=0,primaryLevelUnicode=0,scancode=0,extendedKeyCode=0x0] on new item id field
Sep 23, 2021 2:28:00 AM net.sourceforge.marathon.javaagent.EventQueueDevice dispatchEvent
INFO: java.awt.event.KeyEvent[KEY_PRESSED,keyCode=77,keyText=M,keyChar='m',keyLocation=KEY_LOCATION_UNKNOWN,rawCode=0,primaryLevelUnicode=0,scancode=0,extendedKeyCode=0x0] on new item id field
Sep 23, 2021 2:28:00 AM net.sourceforge.marathon.javaagent.EventQueueDevice dispatchEvent
INFO: java.awt.event.KeyEvent[KEY_TYPED,keyCode=0,keyText=Unknown keyCode: 0x0,keyChar='m',keyLocation=KEY_LOCATION_UNKNOWN,rawCode=0,primaryLevelUnicode=0,scancode=0,extendedKeyCode=0x0] on new item id field
Sep 23, 2021 2:28:00 AM net.sourceforge.marathon.javaagent.EventQueueDevice dispatchEvent
INFO: java.awt.event.KeyEvent[KEY_RELEASED,keyCode=77,keyText=M,keyChar='m',keyLocation=KEY_LOCATION_UNKNOWN,rawCode=0,primaryLevelUnicode=0,scancode=0,extendedKeyCode=0x0] on new item id field
Sep 23, 2021 2:28:00 AM net.sourceforge.marathon.javaagent.EventQueueDevice dispatchEvent
INFO: java.awt.event.KeyEvent[KEY_PRESSED,keyCode=45,keyText=Minus,keyChar='-',keyLocation=KEY_LOCATION_UNKNOWN,rawCode=0,primaryLevelUnicode=0,scancode=0,extendedKeyCode=0x0] on new item id field
Sep 23, 2021 2:28:00 AM net.sourceforge.marathon.javaagent.EventQueueDevice dispatchEvent
INFO: java.awt.event.KeyEvent[KEY_TYPED,keyCode=0,keyText=Unknown keyCode: 0x0,keyChar='-',keyLocation=KEY_LOCATION_UNKNOWN,rawCode=0,primaryLevelUnicode=0,scancode=0,extendedKeyCode=0x0] on new item id field
Sep 23, 2021 2:28:00 AM net.sourceforge.marathon.javaagent.EventQueueDevice dispatchEvent
INFO: java.awt.event.KeyEvent[KEY_RELEASED,keyCode=45,keyText=Minus,keyChar='-',keyLocation=KEY_LOCATION_UNKNOWN,rawCode=0,primaryLevelUnicode=0,scancode=0,extendedKeyCode=0x0] on new item id field
Sep 23, 2021 2:28:00 AM net.sourceforge.marathon.javaagent.EventQueueDevice dispatchEvent
INFO: java.awt.event.KeyEvent[KEY_PRESSED,keyCode=73,keyText=I,keyChar='i',keyLocation=KEY_LOCATION_UNKNOWN,rawCode=0,primaryLevelUnicode=0,scancode=0,extendedKeyCode=0x0] on new item id field
Sep 23, 2021 2:28:00 AM net.sourceforge.marathon.javaagent.EventQueueDevice dispatchEvent
INFO: java.awt.event.KeyEvent[KEY_TYPED,keyCode=0,keyText=Unknown keyCode: 0x0,keyChar='i',keyLocation=KEY_LOCATION_UNKNOWN,rawCode=0,primaryLevelUnicode=0,scancode=0,extendedKeyCode=0x0] on new item id field
Sep 23, 2021 2:28:00 AM net.sourceforge.marathon.javaagent.EventQueueDevice dispatchEvent
INFO: java.awt.event.KeyEvent[KEY_RELEASED,keyCode=73,keyText=I,keyChar='i',keyLocation=KEY_LOCATION_UNKNOWN,rawCode=0,primaryLevelUnicode=0,scancode=0,extendedKeyCode=0x0] on new item id field
Sep 23, 2021 2:28:00 AM net.sourceforge.marathon.javaagent.EventQueueDevice dispatchEvent
INFO: java.awt.event.KeyEvent[KEY_PRESSED,keyCode=68,keyText=D,keyChar='d',keyLocation=KEY_LOCATION_UNKNOWN,rawCode=0,primaryLevelUnicode=0,scancode=0,extendedKeyCode=0x0] on new item id field
Sep 23, 2021 2:28:00 AM net.sourceforge.marathon.javaagent.EventQueueDevice dispatchEvent
INFO: java.awt.event.KeyEvent[KEY_TYPED,keyCode=0,keyText=Unknown keyCode: 0x0,keyChar='d',keyLocation=KEY_LOCATION_UNKNOWN,rawCode=0,primaryLevelUnicode=0,scancode=0,extendedKeyCode=0x0] on new item id field
Sep 23, 2021 2:28:00 AM net.sourceforge.marathon.javaagent.EventQueueDevice dispatchEvent
INFO: java.awt.event.KeyEvent[KEY_RELEASED,keyCode=68,keyText=D,keyChar='d',keyLocation=KEY_LOCATION_UNKNOWN,rawCode=0,primaryLevelUnicode=0,scancode=0,extendedKeyCode=0x0] on new item id field
Sep 23, 2021 2:28:00 AM net.sourceforge.marathon.javaagent.server.JavaServer serve
INFO: POST(/session/a92d443f-7486-4b2e-8a95-f1436351aa89/element/61b24632-f1d8-4429-a417-9c999ef62da7/value, {"id":"61b24632-f1d8-4429-a417-9c999ef62da7","value":["an item-id"]}) = {data={"name":"sendKeysElement","sessionId":"a92d443f-7486-4b2e-8a95-f1436351aa89","status":0}, status=OK}
Sep 23, 2021 2:28:00 AM net.sourceforge.marathon.javaagent.server.JavaServer serve
INFO: JavaServer.serve(POST /session/a92d443f-7486-4b2e-8a95-f1436351aa89/element): {
  "using": "name",
  "value": "new item stop price field"
}
Sep 23, 2021 2:28:00 AM net.sourceforge.marathon.javaagent.server.JavaServer serve
INFO: POST(/session/a92d443f-7486-4b2e-8a95-f1436351aa89/element, {"using":"name","value":"new item stop price field"}) = {data={"name":"findElement","sessionId":"a92d443f-7486-4b2e-8a95-f1436351aa89","value":{"ELEMENT":"182f5f1d-a144-4d98-b65e-dea9030eafb1"},"status":0}, status=OK}
Sep 23, 2021 2:28:00 AM net.sourceforge.marathon.javaagent.server.JavaServer serve
INFO: JavaServer.serve(POST /session/a92d443f-7486-4b2e-8a95-f1436351aa89/element/182f5f1d-a144-4d98-b65e-dea9030eafb1/clear): {
  "id": "182f5f1d-a144-4d98-b65e-dea9030eafb1"
}
Sep 23, 2021 2:28:00 AM net.sourceforge.marathon.javaagent.server.JavaServer serve
INFO: POST(/session/a92d443f-7486-4b2e-8a95-f1436351aa89/element/182f5f1d-a144-4d98-b65e-dea9030eafb1/clear, {"id":"182f5f1d-a144-4d98-b65e-dea9030eafb1"}) = {data={"name":"clearElement","sessionId":"a92d443f-7486-4b2e-8a95-f1436351aa89","status":0}, status=OK}
Sep 23, 2021 2:28:00 AM net.sourceforge.marathon.javaagent.server.JavaServer serve
INFO: JavaServer.serve(POST /session/a92d443f-7486-4b2e-8a95-f1436351aa89/element/182f5f1d-a144-4d98-b65e-dea9030eafb1/value): {
  "id": "182f5f1d-a144-4d98-b65e-dea9030eafb1",
  "value": [
    "11000"
  ]
}
Sep 23, 2021 2:28:00 AM net.sourceforge.marathon.javaagent.EventQueueDevice dispatchEvent
INFO: java.awt.event.KeyEvent[KEY_PRESSED,keyCode=49,keyText=1,keyChar='1',keyLocation=KEY_LOCATION_UNKNOWN,rawCode=0,primaryLevelUnicode=0,scancode=0,extendedKeyCode=0x0] on new item stop price field
Sep 23, 2021 2:28:00 AM net.sourceforge.marathon.javaagent.EventQueueDevice dispatchEvent
INFO: java.awt.event.KeyEvent[KEY_TYPED,keyCode=0,keyText=Unknown keyCode: 0x0,keyChar='1',keyLocation=KEY_LOCATION_UNKNOWN,rawCode=0,primaryLevelUnicode=0,scancode=0,extendedKeyCode=0x0] on new item stop price field
Sep 23, 2021 2:28:00 AM net.sourceforge.marathon.javaagent.EventQueueDevice dispatchEvent
INFO: java.awt.event.KeyEvent[KEY_RELEASED,keyCode=49,keyText=1,keyChar='1',keyLocation=KEY_LOCATION_UNKNOWN,rawCode=0,primaryLevelUnicode=0,scancode=0,extendedKeyCode=0x0] on new item stop price field
Sep 23, 2021 2:28:00 AM net.sourceforge.marathon.javaagent.EventQueueDevice dispatchEvent
INFO: java.awt.event.KeyEvent[KEY_PRESSED,keyCode=49,keyText=1,keyChar='1',keyLocation=KEY_LOCATION_UNKNOWN,rawCode=0,primaryLevelUnicode=0,scancode=0,extendedKeyCode=0x0] on new item stop price field
Sep 23, 2021 2:28:00 AM net.sourceforge.marathon.javaagent.EventQueueDevice dispatchEvent
INFO: java.awt.event.KeyEvent[KEY_TYPED,keyCode=0,keyText=Unknown keyCode: 0x0,keyChar='1',keyLocation=KEY_LOCATION_UNKNOWN,rawCode=0,primaryLevelUnicode=0,scancode=0,extendedKeyCode=0x0] on new item stop price field
Sep 23, 2021 2:28:00 AM net.sourceforge.marathon.javaagent.EventQueueDevice dispatchEvent
INFO: java.awt.event.KeyEvent[KEY_RELEASED,keyCode=49,keyText=1,keyChar='1',keyLocation=KEY_LOCATION_UNKNOWN,rawCode=0,primaryLevelUnicode=0,scancode=0,extendedKeyCode=0x0] on new item stop price field
Sep 23, 2021 2:28:00 AM net.sourceforge.marathon.javaagent.EventQueueDevice dispatchEvent
INFO: java.awt.event.KeyEvent[KEY_PRESSED,keyCode=48,keyText=0,keyChar='0',keyLocation=KEY_LOCATION_UNKNOWN,rawCode=0,primaryLevelUnicode=0,scancode=0,extendedKeyCode=0x0] on new item stop price field
Sep 23, 2021 2:28:00 AM net.sourceforge.marathon.javaagent.EventQueueDevice dispatchEvent
INFO: java.awt.event.KeyEvent[KEY_TYPED,keyCode=0,keyText=Unknown keyCode: 0x0,keyChar='0',keyLocation=KEY_LOCATION_UNKNOWN,rawCode=0,primaryLevelUnicode=0,scancode=0,extendedKeyCode=0x0] on new item stop price field
Sep 23, 2021 2:28:00 AM net.sourceforge.marathon.javaagent.EventQueueDevice dispatchEvent
INFO: java.awt.event.KeyEvent[KEY_RELEASED,keyCode=48,keyText=0,keyChar='0',keyLocation=KEY_LOCATION_UNKNOWN,rawCode=0,primaryLevelUnicode=0,scancode=0,extendedKeyCode=0x0] on new item stop price field
Sep 23, 2021 2:28:00 AM net.sourceforge.marathon.javaagent.EventQueueDevice dispatchEvent
INFO: java.awt.event.KeyEvent[KEY_PRESSED,keyCode=48,keyText=0,keyChar='0',keyLocation=KEY_LOCATION_UNKNOWN,rawCode=0,primaryLevelUnicode=0,scancode=0,extendedKeyCode=0x0] on new item stop price field
Sep 23, 2021 2:28:00 AM net.sourceforge.marathon.javaagent.EventQueueDevice dispatchEvent
INFO: java.awt.event.KeyEvent[KEY_TYPED,keyCode=0,keyText=Unknown keyCode: 0x0,keyChar='0',keyLocation=KEY_LOCATION_UNKNOWN,rawCode=0,primaryLevelUnicode=0,scancode=0,extendedKeyCode=0x0] on new item stop price field
Sep 23, 2021 2:28:00 AM net.sourceforge.marathon.javaagent.EventQueueDevice dispatchEvent
INFO: java.awt.event.KeyEvent[KEY_RELEASED,keyCode=48,keyText=0,keyChar='0',keyLocation=KEY_LOCATION_UNKNOWN,rawCode=0,primaryLevelUnicode=0,scancode=0,extendedKeyCode=0x0] on new item stop price field
Sep 23, 2021 2:28:00 AM net.sourceforge.marathon.javaagent.EventQueueDevice dispatchEvent
INFO: java.awt.event.KeyEvent[KEY_PRESSED,keyCode=48,keyText=0,keyChar='0',keyLocation=KEY_LOCATION_UNKNOWN,rawCode=0,primaryLevelUnicode=0,scancode=0,extendedKeyCode=0x0] on new item stop price field
Sep 23, 2021 2:28:00 AM net.sourceforge.marathon.javaagent.EventQueueDevice dispatchEvent
INFO: java.awt.event.KeyEvent[KEY_TYPED,keyCode=0,keyText=Unknown keyCode: 0x0,keyChar='0',keyLocation=KEY_LOCATION_UNKNOWN,rawCode=0,primaryLevelUnicode=0,scancode=0,extendedKeyCode=0x0] on new item stop price field
Sep 23, 2021 2:28:00 AM net.sourceforge.marathon.javaagent.EventQueueDevice dispatchEvent
INFO: java.awt.event.KeyEvent[KEY_RELEASED,keyCode=48,keyText=0,keyChar='0',keyLocation=KEY_LOCATION_UNKNOWN,rawCode=0,primaryLevelUnicode=0,scancode=0,extendedKeyCode=0x0] on new item stop price field
Sep 23, 2021 2:28:00 AM net.sourceforge.marathon.javaagent.server.JavaServer serve
INFO: POST(/session/a92d443f-7486-4b2e-8a95-f1436351aa89/element/182f5f1d-a144-4d98-b65e-dea9030eafb1/value, {"id":"182f5f1d-a144-4d98-b65e-dea9030eafb1","value":["11000"]}) = {data={"name":"sendKeysElement","sessionId":"a92d443f-7486-4b2e-8a95-f1436351aa89","status":0}, status=OK}
Sep 23, 2021 2:28:01 AM net.sourceforge.marathon.javaagent.server.JavaServer serve
INFO: JavaServer.serve(POST /session/a92d443f-7486-4b2e-8a95-f1436351aa89/element): {
  "using": "name",
  "value": "join button"
}
Sep 23, 2021 2:28:01 AM net.sourceforge.marathon.javaagent.server.JavaServer serve
INFO: POST(/session/a92d443f-7486-4b2e-8a95-f1436351aa89/element, {"using":"name","value":"join button"}) = {data={"name":"findElement","sessionId":"a92d443f-7486-4b2e-8a95-f1436351aa89","value":{"ELEMENT":"5a788ac3-dc40-4b84-9720-abfd57e09168"},"status":0}, status=OK}
Sep 23, 2021 2:28:01 AM net.sourceforge.marathon.javaagent.server.JavaServer serve
INFO: JavaServer.serve(POST /session/a92d443f-7486-4b2e-8a95-f1436351aa89/element/5a788ac3-dc40-4b84-9720-abfd57e09168/click): {
  "id": "5a788ac3-dc40-4b84-9720-abfd57e09168"
}
Sep 23, 2021 2:28:01 AM net.sourceforge.marathon.javaagent.EventQueueDevice dispatchEvent
INFO: java.awt.event.MouseEvent[MOUSE_PRESSED,(58,12),absolute(589,17),button=1,modifiers=Button1,extModifiers=Button1,clickCount=1] on join button
Sep 23, 2021 2:28:01 AM net.sourceforge.marathon.javaagent.EventQueueDevice dispatchEvent
INFO: java.awt.event.MouseEvent[MOUSE_RELEASED,(58,12),absolute(589,17),button=1,modifiers=Button1,clickCount=1] on join button
Sep 23, 2021 2:28:01 AM net.sourceforge.marathon.javaagent.EventQueueDevice dispatchEvent
INFO: java.awt.event.MouseEvent[MOUSE_CLICKED,(58,12),absolute(589,17),button=1,modifiers=Button1,clickCount=1] on join button
Sep 23, 2021 2:28:01 AM net.sourceforge.marathon.javaagent.server.JavaServer serve
INFO: POST(/session/a92d443f-7486-4b2e-8a95-f1436351aa89/element/5a788ac3-dc40-4b84-9720-abfd57e09168/click, {"id":"5a788ac3-dc40-4b84-9720-abfd57e09168"}) = {data={"name":"clickElement","sessionId":"a92d443f-7486-4b2e-8a95-f1436351aa89","status":0}, status=OK}
Sep 23, 2021 2:28:01 AM net.sourceforge.marathon.javaagent.server.JavaServer serve
INFO: JavaServer.serve(DELETE /session/a92d443f-7486-4b2e-8a95-f1436351aa89/window): {}
Sep 23, 2021 2:28:01 AM net.sourceforge.marathon.javaagent.server.JavaServer serve
INFO: DELETE(/session/a92d443f-7486-4b2e-8a95-f1436351aa89/window) = {data={"name":"closeSession","sessionId":"a92d443f-7486-4b2e-8a95-f1436351aa89","status":0}, status=OK}
Sep 23, 2021 2:28:01 AM net.sourceforge.marathon.javaagent.server.JavaServer serve
INFO: JavaServer.serve(POST /session): {
  "desiredCapabilities": {
    "browserName": "java",
    "platform": "ANY"
  },
  "capabilities": {
    "firstMatch": [
      {
        "browserName": "java"
      }
    ]
  }
}
Sep 23, 2021 2:28:01 AM net.sourceforge.marathon.javaagent.server.JavaServer createSession
INFO: Creating device with type: EVENT_QUEUE
Sep 23, 2021 2:28:01 AM net.sourceforge.marathon.javaagent.Device getDevice
INFO: Creating a EVENT_QUEUE device
Sep 23, 2021 2:28:01 AM net.sourceforge.marathon.javaagent.server.JavaServer serve
INFO: POST(/session, {"desiredCapabilities":{"browserName":"java","platform":"ANY"},"capabilities":{"firstMatch":[{"browserName":"java"}]}}) = {data=, status=REDIRECT}
Sep 23, 2021 2:28:01 AM net.sourceforge.marathon.javaagent.server.JavaServer serve
INFO: JavaServer.serve(GET /session/c4e6e7ef-68bb-4ce0-a940-26a92fefb04c): {}
Sep 23, 2021 2:28:01 AM net.sourceforge.marathon.javaagent.server.JavaServer serve
INFO: GET(/session/c4e6e7ef-68bb-4ce0-a940-26a92fefb04c) = {data={"name":"getCapabilities","sessionId":"c4e6e7ef-68bb-4ce0-a940-26a92fefb04c","value":{"applicationCacheEnabled":false,"rotatable":false,"loggingPrefs":{"driver":"ALL"},"handlesAlerts":false,"databaseEnabled":false,"version":"1.0","platform":"ANY","browserConnectionEnabled":false,"nativeEvents":false,"acceptSslCerts":false,"locationContextEnabled":false,"webStorageEnabled":false,"browserName":"java","takesScreenshot":true,"javascriptEnabled":true,"cssSelectorsEnabled":false},"status":0}, status=OK}
Sep 23, 2021 2:28:01 AM org.openqa.selenium.remote.ProtocolHandshake createSession
INFO: Detected dialect: OSS
Sep 23, 2021 2:28:01 AM net.sourceforge.marathon.javaagent.server.JavaServer serve
INFO: JavaServer.serve(POST /session/c4e6e7ef-68bb-4ce0-a940-26a92fefb04c/element): {
  "using": "name",
  "value": "sniper reset button"
}
Sep 23, 2021 2:28:01 AM net.sourceforge.marathon.javaagent.server.JavaServer serve
INFO: POST(/session/c4e6e7ef-68bb-4ce0-a940-26a92fefb04c/element, {"using":"name","value":"sniper reset button"}) = {data={"name":"findElement","sessionId":"c4e6e7ef-68bb-4ce0-a940-26a92fefb04c","value":{"ELEMENT":"bdb22401-f727-4a47-96e1-5f46ac068dc1"},"status":0}, status=OK}
Sep 23, 2021 2:28:01 AM net.sourceforge.marathon.javaagent.server.JavaServer serve
INFO: JavaServer.serve(POST /session/c4e6e7ef-68bb-4ce0-a940-26a92fefb04c/element/bdb22401-f727-4a47-96e1-5f46ac068dc1/click): {
  "id": "bdb22401-f727-4a47-96e1-5f46ac068dc1"
}
Sep 23, 2021 2:28:01 AM net.sourceforge.marathon.javaagent.EventQueueDevice dispatchEvent
INFO: java.awt.event.MouseEvent[MOUSE_PRESSED,(37,12),absolute(326,474),button=1,modifiers=Button1,extModifiers=Button1,clickCount=1] on sniper reset button
Sep 23, 2021 2:28:01 AM net.sourceforge.marathon.javaagent.EventQueueDevice dispatchEvent
INFO: java.awt.event.MouseEvent[MOUSE_RELEASED,(37,12),absolute(326,474),button=1,modifiers=Button1,clickCount=1] on sniper reset button
Sep 23, 2021 2:28:01 AM net.sourceforge.marathon.javaagent.EventQueueDevice dispatchEvent
INFO: java.awt.event.MouseEvent[MOUSE_CLICKED,(37,12),absolute(326,474),button=1,modifiers=Button1,clickCount=1] on sniper reset button
Sep 23, 2021 2:28:01 AM net.sourceforge.marathon.javaagent.server.JavaServer serve
INFO: POST(/session/c4e6e7ef-68bb-4ce0-a940-26a92fefb04c/element/bdb22401-f727-4a47-96e1-5f46ac068dc1/click, {"id":"bdb22401-f727-4a47-96e1-5f46ac068dc1"}) = {data={"name":"clickElement","sessionId":"c4e6e7ef-68bb-4ce0-a940-26a92fefb04c","status":0}, status=OK}
Sep 23, 2021 2:28:01 AM net.sourceforge.marathon.javaagent.server.JavaServer serve
INFO: JavaServer.serve(DELETE /session/c4e6e7ef-68bb-4ce0-a940-26a92fefb04c/window): {}
Sep 23, 2021 2:28:01 AM net.sourceforge.marathon.javaagent.server.JavaServer serve
INFO: DELETE(/session/c4e6e7ef-68bb-4ce0-a940-26a92fefb04c/window) = {data={"name":"closeSession","sessionId":"c4e6e7ef-68bb-4ce0-a940-26a92fefb04c","status":0}, status=OK}
]]></system-err>
</testsuite>
