<?xml version="1.0" encoding="UTF-8"?>
<testsuite name="goos.ui.swing.MainWindowTest" tests="3" skipped="0" failures="0" errors="0" timestamp="2021-10-19T02:26:09" hostname="buildkitsandbox" time="3.796">
  <properties/>
  <testcase name="window has expected features" classname="goos.ui.swing.MainWindowTest" time="2.867"/>
  <testcase name="make user request when join button clicked" classname="goos.ui.swing.MainWindowTest" time="0.737"/>
  <testcase name="make user request when reset button clicked" classname="goos.ui.swing.MainWindowTest" time="0.185"/>
  <system-out><![CDATA[]]></system-out>
  <system-err><![CDATA[Oct 19, 2021 2:26:10 AM io.mockk.impl.log.JULLogger warn
WARNING: Failed to transform class goos/ui/api/UserRequestListener
java.lang.IllegalArgumentException: Unsupported class file major version 59
	at net.bytebuddy.jar.asm.ClassReader.<init>(ClassReader.java:176)
	at net.bytebuddy.jar.asm.ClassReader.<init>(ClassReader.java:158)
	at net.bytebuddy.jar.asm.ClassReader.<init>(ClassReader.java:146)
	at net.bytebuddy.utility.OpenedClassReader.of(OpenedClassReader.java:69)
	at net.bytebuddy.dynamic.scaffold.TypeWriter$Default$ForInlining.create(TypeWriter.java:2877)
	at net.bytebuddy.dynamic.scaffold.TypeWriter$Default.make(TypeWriter.java:1653)
	at net.bytebuddy.dynamic.scaffold.inline.RedefinitionDynamicTypeBuilder.make(RedefinitionDynamicTypeBuilder.java:180)
	at net.bytebuddy.dynamic.scaffold.inline.AbstractInliningDynamicTypeBuilder.make(AbstractInliningDynamicTypeBuilder.java:94)
	at net.bytebuddy.dynamic.DynamicType$Builder$AbstractBase.make(DynamicType.java:2669)
	at io.mockk.proxy.jvm.transformation.InliningClassTransformer.transform(InliningClassTransformer.kt:78)
	at java.instrument/java.lang.instrument.ClassFileTransformer.transform(ClassFileTransformer.java:246)
	at java.instrument/sun.instrument.TransformerManager.transform(TransformerManager.java:188)
	at java.instrument/sun.instrument.InstrumentationImpl.transform(InstrumentationImpl.java:563)
	at java.instrument/sun.instrument.InstrumentationImpl.retransformClasses0(Native Method)
	at java.instrument/sun.instrument.InstrumentationImpl.retransformClasses(InstrumentationImpl.java:167)
	at io.mockk.proxy.jvm.transformation.JvmInlineInstrumentation.retransform(JvmInlineInstrumentation.kt:28)
	at io.mockk.proxy.common.transformation.RetransformInlineInstrumnetation$execute$1.invoke(RetransformInlineInstrumnetation.kt:19)
	at io.mockk.proxy.common.transformation.RetransformInlineInstrumnetation$execute$1.invoke(RetransformInlineInstrumnetation.kt:6)
	at io.mockk.proxy.common.transformation.ClassTransformationSpecMap.applyTransformation(ClassTransformationSpecMap.kt:41)
	at io.mockk.proxy.common.transformation.RetransformInlineInstrumnetation.execute(RetransformInlineInstrumnetation.kt:16)
	at io.mockk.proxy.jvm.ProxyMaker.inline(ProxyMaker.kt:88)
	at io.mockk.proxy.jvm.ProxyMaker.proxy(ProxyMaker.kt:30)
	at io.mockk.impl.instantiation.JvmMockFactory.newProxy(JvmMockFactory.kt:34)
	at io.mockk.impl.instantiation.AbstractMockFactory.newProxy$default(AbstractMockFactory.kt:29)
	at io.mockk.impl.instantiation.AbstractMockFactory.mockk(AbstractMockFactory.kt:59)
	at goos.ui.swing.MainWindowTest$1$1.invokeSuspend(MainWindowTest.kt:90)
	at goos.ui.swing.MainWindowTest$1$1.invoke(MainWindowTest.kt)
	at goos.ui.swing.MainWindowTest$1$1.invoke(MainWindowTest.kt)
	at io.kotest.core.TestConfiguration$beforeTest$1.beforeTest(TestConfiguration.kt:137)
	at io.kotest.core.spec.LifecycleKt.invokeAllBeforeTestCallbacks(lifecycle.kt:76)
	at io.kotest.core.internal.TestCaseExecutor.executeActiveTest(TestCaseExecutor.kt:152)
	at io.kotest.core.internal.TestCaseExecutor.access$executeActiveTest(TestCaseExecutor.kt:57)
	at io.kotest.core.internal.TestCaseExecutor$intercept$innerExecute$1$1.invokeSuspend(TestCaseExecutor.kt:89)
	at io.kotest.core.internal.TestCaseExecutor$intercept$innerExecute$1$1.invoke(TestCaseExecutor.kt)
	at io.kotest.core.internal.TestCaseExecutor$intercept$innerExecute$1$1.invoke(TestCaseExecutor.kt)
	at io.kotest.core.internal.TestCaseExecutor.executeIfEnabled(TestCaseExecutor.kt:117)
	at io.kotest.core.internal.TestCaseExecutor.access$executeIfEnabled(TestCaseExecutor.kt:57)
	at io.kotest.core.internal.TestCaseExecutor$intercept$innerExecute$1.invokeSuspend(TestCaseExecutor.kt:89)
	at io.kotest.core.internal.TestCaseExecutor$intercept$innerExecute$1.invoke(TestCaseExecutor.kt)
	at io.kotest.core.internal.TestCaseExecutor$intercept$innerExecute$1.invoke(TestCaseExecutor.kt)
	at io.kotest.core.internal.TestCaseExecutor.intercept(TestCaseExecutor.kt:103)
	at io.kotest.core.internal.TestCaseExecutor.execute(TestCaseExecutor.kt:69)
	at io.kotest.engine.spec.runners.SingleInstanceSpecRunner.runTest(SingleInstanceSpecRunner.kt:104)
	at io.kotest.engine.spec.runners.SingleInstanceSpecRunner.access$runTest(SingleInstanceSpecRunner.kt:34)
	at io.kotest.engine.spec.runners.SingleInstanceSpecRunner$execute$interceptAndRun$2$4.invokeSuspend(SingleInstanceSpecRunner.kt:57)
	at io.kotest.engine.spec.runners.SingleInstanceSpecRunner$execute$interceptAndRun$2$4.invoke(SingleInstanceSpecRunner.kt)
	at io.kotest.engine.spec.runners.SingleInstanceSpecRunner$execute$interceptAndRun$2$4.invoke(SingleInstanceSpecRunner.kt)
	at io.kotest.engine.launchers.SequentialTestLauncher$launch$3$1$1.invokeSuspend(SequentialTestLauncher.kt:22)
	at kotlin.coroutines.jvm.internal.BaseContinuationImpl.resumeWith(ContinuationImpl.kt:33)
	at kotlinx.coroutines.DispatchedTask.run(DispatchedTask.kt:106)
	at java.base/java.util.concurrent.ThreadPoolExecutor.runWorker(ThreadPoolExecutor.java:1130)
	at java.base/java.util.concurrent.ThreadPoolExecutor$Worker.run(ThreadPoolExecutor.java:630)
	at java.base/java.lang.Thread.run(Thread.java:832)

Oct 19, 2021 2:26:11 AM net.sourceforge.marathon.javaagent.server.JavaServer serve
INFO: JavaServer.serve(POST /session): {
  "desiredCapabilities": {
    "browserName": "java",
    "platform": "ANY"
  },
  "capabilities": {
    "firstMatch": [
      {
        "browserName": "java"
      }
    ]
  }
}
Oct 19, 2021 2:26:11 AM net.sourceforge.marathon.javaagent.server.JavaServer createSession
INFO: Creating device with type: EVENT_QUEUE
Oct 19, 2021 2:26:11 AM net.sourceforge.marathon.javaagent.Device getDevice
INFO: Creating a EVENT_QUEUE device
Oct 19, 2021 2:26:12 AM net.sourceforge.marathon.javaagent.server.JavaServer serve
INFO: POST(/session, {"desiredCapabilities":{"browserName":"java","platform":"ANY"},"capabilities":{"firstMatch":[{"browserName":"java"}]}}) = {data=, status=REDIRECT}
Oct 19, 2021 2:26:12 AM net.sourceforge.marathon.javaagent.server.JavaServer serve
INFO: JavaServer.serve(GET /session/d854261a-8d9c-4c16-a009-d53669d3fec6): {}
Oct 19, 2021 2:26:12 AM net.sourceforge.marathon.javaagent.server.JavaServer serve
INFO: GET(/session/d854261a-8d9c-4c16-a009-d53669d3fec6) = {data={"name":"getCapabilities","sessionId":"d854261a-8d9c-4c16-a009-d53669d3fec6","value":{"applicationCacheEnabled":false,"rotatable":false,"loggingPrefs":{"driver":"ALL"},"handlesAlerts":false,"databaseEnabled":false,"version":"1.0","platform":"ANY","browserConnectionEnabled":false,"nativeEvents":false,"acceptSslCerts":false,"locationContextEnabled":false,"webStorageEnabled":false,"browserName":"java","takesScreenshot":true,"javascriptEnabled":true,"cssSelectorsEnabled":false},"status":0}, status=OK}
Oct 19, 2021 2:26:12 AM org.openqa.selenium.remote.ProtocolHandshake createSession
INFO: Detected dialect: OSS
Oct 19, 2021 2:26:12 AM net.sourceforge.marathon.javaagent.server.JavaServer serve
INFO: JavaServer.serve(POST /session/d854261a-8d9c-4c16-a009-d53669d3fec6/element): {
  "using": "css selector",
  "value": "."
}
Oct 19, 2021 2:26:12 AM net.sourceforge.marathon.javaagent.server.JavaServer serve
INFO: POST(/session/d854261a-8d9c-4c16-a009-d53669d3fec6/element, {"using":"css selector","value":"."}) = {data={"name":"findElement","sessionId":"d854261a-8d9c-4c16-a009-d53669d3fec6","value":{"ELEMENT":"db0ac966-d5b6-4c3f-927c-1596d763192a"},"status":0}, status=OK}
Oct 19, 2021 2:26:12 AM net.sourceforge.marathon.javaagent.server.JavaServer serve
INFO: JavaServer.serve(GET /session/d854261a-8d9c-4c16-a009-d53669d3fec6/element/db0ac966-d5b6-4c3f-927c-1596d763192a/attribute/name): {}
Oct 19, 2021 2:26:12 AM net.sourceforge.marathon.javaagent.server.JavaServer serve
INFO: GET(/session/d854261a-8d9c-4c16-a009-d53669d3fec6/element/db0ac966-d5b6-4c3f-927c-1596d763192a/attribute/name) = {data={"name":"getElementAttribute","sessionId":"d854261a-8d9c-4c16-a009-d53669d3fec6","value":"Auction Sniper Name","status":0}, status=OK}
Oct 19, 2021 2:26:12 AM net.sourceforge.marathon.javaagent.server.JavaServer serve
INFO: JavaServer.serve(POST /session/d854261a-8d9c-4c16-a009-d53669d3fec6/element): {
  "using": "css selector",
  "value": "."
}
Oct 19, 2021 2:26:12 AM net.sourceforge.marathon.javaagent.server.JavaServer serve
INFO: POST(/session/d854261a-8d9c-4c16-a009-d53669d3fec6/element, {"using":"css selector","value":"."}) = {data={"name":"findElement","sessionId":"d854261a-8d9c-4c16-a009-d53669d3fec6","value":{"ELEMENT":"db0ac966-d5b6-4c3f-927c-1596d763192a"},"status":0}, status=OK}
Oct 19, 2021 2:26:12 AM net.sourceforge.marathon.javaagent.server.JavaServer serve
INFO: JavaServer.serve(GET /session/d854261a-8d9c-4c16-a009-d53669d3fec6/element/db0ac966-d5b6-4c3f-927c-1596d763192a/displayed): {}
Oct 19, 2021 2:26:12 AM net.sourceforge.marathon.javaagent.server.JavaServer serve
INFO: GET(/session/d854261a-8d9c-4c16-a009-d53669d3fec6/element/db0ac966-d5b6-4c3f-927c-1596d763192a/displayed) = {data={"name":"isDisplayed","sessionId":"d854261a-8d9c-4c16-a009-d53669d3fec6","value":true,"status":0}, status=OK}
Oct 19, 2021 2:26:12 AM net.sourceforge.marathon.javaagent.server.JavaServer serve
INFO: JavaServer.serve(GET /session/d854261a-8d9c-4c16-a009-d53669d3fec6/title): {}
Oct 19, 2021 2:26:12 AM net.sourceforge.marathon.javaagent.server.JavaServer serve
INFO: GET(/session/d854261a-8d9c-4c16-a009-d53669d3fec6/title) = {data={"name":"getWindowTitle","sessionId":"d854261a-8d9c-4c16-a009-d53669d3fec6","value":"Auction Sniper","status":0}, status=OK}
Oct 19, 2021 2:26:12 AM net.sourceforge.marathon.javaagent.server.JavaServer serve
INFO: JavaServer.serve(POST /session/d854261a-8d9c-4c16-a009-d53669d3fec6/element): {
  "using": "name",
  "value": "snipers table"
}
Oct 19, 2021 2:26:12 AM net.sourceforge.marathon.javaagent.server.JavaServer serve
INFO: POST(/session/d854261a-8d9c-4c16-a009-d53669d3fec6/element, {"using":"name","value":"snipers table"}) = {data={"name":"findElement","sessionId":"d854261a-8d9c-4c16-a009-d53669d3fec6","value":{"ELEMENT":"988c550d-c819-41fc-b371-4d91457abc1e"},"status":0}, status=OK}
Oct 19, 2021 2:26:12 AM net.sourceforge.marathon.javaagent.server.JavaServer serve
INFO: JavaServer.serve(POST /session/d854261a-8d9c-4c16-a009-d53669d3fec6/element/988c550d-c819-41fc-b371-4d91457abc1e/elements): {
  "id": "988c550d-c819-41fc-b371-4d91457abc1e",
  "using": "css selector",
  "value": ".::header.::all-items"
}
Oct 19, 2021 2:26:12 AM net.sourceforge.marathon.javaagent.server.JavaServer serve
INFO: POST(/session/d854261a-8d9c-4c16-a009-d53669d3fec6/element/988c550d-c819-41fc-b371-4d91457abc1e/elements, {"using":"css selector","id":"988c550d-c819-41fc-b371-4d91457abc1e","value":".::header.::all-items"}) = {data={"name":"findElementsOfElement","sessionId":"d854261a-8d9c-4c16-a009-d53669d3fec6","value":[{"ELEMENT":"b0dd23f6-1c41-4dfc-b0af-ebb572149820%23%7B%22selector%22%3A%22nth-item%22%2C%22parameters%22%3A%5B1%5D%7D"},{"ELEMENT":"b0dd23f6-1c41-4dfc-b0af-ebb572149820%23%7B%22selector%22%3A%22nth-item%22%2C%22parameters%22%3A%5B2%5D%7D"},{"ELEMENT":"b0dd23f6-1c41-4dfc-b0af-ebb572149820%23%7B%22selector%22%3A%22nth-item%22%2C%22parameters%22%3A%5B3%5D%7D"},{"ELEMENT":"b0dd23f6-1c41-4dfc-b0af-ebb572149820%23%7B%22selector%22%3A%22nth-item%22%2C%22parameters%22%3A%5B4%5D%7D"}],"status":0}, status=OK}
Oct 19, 2021 2:26:12 AM net.sourceforge.marathon.javaagent.server.JavaServer serve
INFO: JavaServer.serve(GET /session/d854261a-8d9c-4c16-a009-d53669d3fec6/element/b0dd23f6-1c41-4dfc-b0af-ebb572149820%23%7B%22selector%22%3A%22nth-item%22%2C%22parameters%22%3A%5B1%5D%7D/text): {}
Oct 19, 2021 2:26:12 AM net.sourceforge.marathon.javaagent.server.JavaServer serve
INFO: GET(/session/d854261a-8d9c-4c16-a009-d53669d3fec6/element/b0dd23f6-1c41-4dfc-b0af-ebb572149820%23%7B%22selector%22%3A%22nth-item%22%2C%22parameters%22%3A%5B1%5D%7D/text) = {data={"name":"getElementText","sessionId":"d854261a-8d9c-4c16-a009-d53669d3fec6","value":"Item","status":0}, status=OK}
Oct 19, 2021 2:26:12 AM net.sourceforge.marathon.javaagent.server.JavaServer serve
INFO: JavaServer.serve(GET /session/d854261a-8d9c-4c16-a009-d53669d3fec6/element/b0dd23f6-1c41-4dfc-b0af-ebb572149820%23%7B%22selector%22%3A%22nth-item%22%2C%22parameters%22%3A%5B2%5D%7D/text): {}
Oct 19, 2021 2:26:12 AM net.sourceforge.marathon.javaagent.server.JavaServer serve
INFO: GET(/session/d854261a-8d9c-4c16-a009-d53669d3fec6/element/b0dd23f6-1c41-4dfc-b0af-ebb572149820%23%7B%22selector%22%3A%22nth-item%22%2C%22parameters%22%3A%5B2%5D%7D/text) = {data={"name":"getElementText","sessionId":"d854261a-8d9c-4c16-a009-d53669d3fec6","value":"Last Price","status":0}, status=OK}
Oct 19, 2021 2:26:12 AM net.sourceforge.marathon.javaagent.server.JavaServer serve
INFO: JavaServer.serve(GET /session/d854261a-8d9c-4c16-a009-d53669d3fec6/element/b0dd23f6-1c41-4dfc-b0af-ebb572149820%23%7B%22selector%22%3A%22nth-item%22%2C%22parameters%22%3A%5B3%5D%7D/text): {}
Oct 19, 2021 2:26:12 AM net.sourceforge.marathon.javaagent.server.JavaServer serve
INFO: GET(/session/d854261a-8d9c-4c16-a009-d53669d3fec6/element/b0dd23f6-1c41-4dfc-b0af-ebb572149820%23%7B%22selector%22%3A%22nth-item%22%2C%22parameters%22%3A%5B3%5D%7D/text) = {data={"name":"getElementText","sessionId":"d854261a-8d9c-4c16-a009-d53669d3fec6","value":"Last Bid","status":0}, status=OK}
Oct 19, 2021 2:26:12 AM net.sourceforge.marathon.javaagent.server.JavaServer serve
INFO: JavaServer.serve(GET /session/d854261a-8d9c-4c16-a009-d53669d3fec6/element/b0dd23f6-1c41-4dfc-b0af-ebb572149820%23%7B%22selector%22%3A%22nth-item%22%2C%22parameters%22%3A%5B4%5D%7D/text): {}
Oct 19, 2021 2:26:12 AM net.sourceforge.marathon.javaagent.server.JavaServer serve
INFO: GET(/session/d854261a-8d9c-4c16-a009-d53669d3fec6/element/b0dd23f6-1c41-4dfc-b0af-ebb572149820%23%7B%22selector%22%3A%22nth-item%22%2C%22parameters%22%3A%5B4%5D%7D/text) = {data={"name":"getElementText","sessionId":"d854261a-8d9c-4c16-a009-d53669d3fec6","value":"State","status":0}, status=OK}
Oct 19, 2021 2:26:12 AM net.sourceforge.marathon.javaagent.server.JavaServer serve
INFO: JavaServer.serve(DELETE /session/d854261a-8d9c-4c16-a009-d53669d3fec6/window): {}
Oct 19, 2021 2:26:12 AM net.sourceforge.marathon.javaagent.server.JavaServer serve
INFO: DELETE(/session/d854261a-8d9c-4c16-a009-d53669d3fec6/window) = {data={"name":"closeSession","sessionId":"d854261a-8d9c-4c16-a009-d53669d3fec6","status":0}, status=OK}
Oct 19, 2021 2:26:12 AM net.sourceforge.marathon.javaagent.server.JavaServer serve
INFO: JavaServer.serve(POST /session): {
  "desiredCapabilities": {
    "browserName": "java",
    "platform": "ANY"
  },
  "capabilities": {
    "firstMatch": [
      {
        "browserName": "java"
      }
    ]
  }
}
Oct 19, 2021 2:26:12 AM net.sourceforge.marathon.javaagent.server.JavaServer createSession
INFO: Creating device with type: EVENT_QUEUE
Oct 19, 2021 2:26:12 AM net.sourceforge.marathon.javaagent.Device getDevice
INFO: Creating a EVENT_QUEUE device
Oct 19, 2021 2:26:12 AM net.sourceforge.marathon.javaagent.server.JavaServer serve
INFO: POST(/session, {"desiredCapabilities":{"browserName":"java","platform":"ANY"},"capabilities":{"firstMatch":[{"browserName":"java"}]}}) = {data=, status=REDIRECT}
Oct 19, 2021 2:26:12 AM net.sourceforge.marathon.javaagent.server.JavaServer serve
INFO: JavaServer.serve(GET /session/2c019b17-008f-4d97-a022-a8df658bb0cf): {}
Oct 19, 2021 2:26:12 AM net.sourceforge.marathon.javaagent.server.JavaServer serve
INFO: GET(/session/2c019b17-008f-4d97-a022-a8df658bb0cf) = {data={"name":"getCapabilities","sessionId":"2c019b17-008f-4d97-a022-a8df658bb0cf","value":{"applicationCacheEnabled":false,"rotatable":false,"loggingPrefs":{"driver":"ALL"},"handlesAlerts":false,"databaseEnabled":false,"version":"1.0","platform":"ANY","browserConnectionEnabled":false,"nativeEvents":false,"acceptSslCerts":false,"locationContextEnabled":false,"webStorageEnabled":false,"browserName":"java","takesScreenshot":true,"javascriptEnabled":true,"cssSelectorsEnabled":false},"status":0}, status=OK}
Oct 19, 2021 2:26:12 AM org.openqa.selenium.remote.ProtocolHandshake createSession
INFO: Detected dialect: OSS
Oct 19, 2021 2:26:12 AM net.sourceforge.marathon.javaagent.server.JavaServer serve
INFO: JavaServer.serve(POST /session/2c019b17-008f-4d97-a022-a8df658bb0cf/element): {
  "using": "name",
  "value": "new item id field"
}
Oct 19, 2021 2:26:12 AM net.sourceforge.marathon.javaagent.server.JavaServer serve
INFO: POST(/session/2c019b17-008f-4d97-a022-a8df658bb0cf/element, {"using":"name","value":"new item id field"}) = {data={"name":"findElement","sessionId":"2c019b17-008f-4d97-a022-a8df658bb0cf","value":{"ELEMENT":"1d89801b-b1c5-497c-a54f-a0d7d847f384"},"status":0}, status=OK}
Oct 19, 2021 2:26:12 AM net.sourceforge.marathon.javaagent.server.JavaServer serve
INFO: JavaServer.serve(POST /session/2c019b17-008f-4d97-a022-a8df658bb0cf/element/1d89801b-b1c5-497c-a54f-a0d7d847f384/clear): {
  "id": "1d89801b-b1c5-497c-a54f-a0d7d847f384"
}
Oct 19, 2021 2:26:12 AM net.sourceforge.marathon.javaagent.server.JavaServer serve
INFO: POST(/session/2c019b17-008f-4d97-a022-a8df658bb0cf/element/1d89801b-b1c5-497c-a54f-a0d7d847f384/clear, {"id":"1d89801b-b1c5-497c-a54f-a0d7d847f384"}) = {data={"name":"clearElement","sessionId":"2c019b17-008f-4d97-a022-a8df658bb0cf","status":0}, status=OK}
Oct 19, 2021 2:26:12 AM net.sourceforge.marathon.javaagent.server.JavaServer serve
INFO: JavaServer.serve(POST /session/2c019b17-008f-4d97-a022-a8df658bb0cf/element/1d89801b-b1c5-497c-a54f-a0d7d847f384/value): {
  "id": "1d89801b-b1c5-497c-a54f-a0d7d847f384",
  "value": [
    "an item-id"
  ]
}
Oct 19, 2021 2:26:12 AM net.sourceforge.marathon.javaagent.EventQueueDevice dispatchEvent
INFO: java.awt.event.KeyEvent[KEY_PRESSED,keyCode=65,keyText=A,keyChar='a',keyLocation=KEY_LOCATION_UNKNOWN,rawCode=0,primaryLevelUnicode=0,scancode=0,extendedKeyCode=0x0] on new item id field
Oct 19, 2021 2:26:12 AM net.sourceforge.marathon.javaagent.EventQueueDevice dispatchEvent
INFO: java.awt.event.KeyEvent[KEY_TYPED,keyCode=0,keyText=Unknown keyCode: 0x0,keyChar='a',keyLocation=KEY_LOCATION_UNKNOWN,rawCode=0,primaryLevelUnicode=0,scancode=0,extendedKeyCode=0x0] on new item id field
Oct 19, 2021 2:26:12 AM net.sourceforge.marathon.javaagent.EventQueueDevice dispatchEvent
INFO: java.awt.event.KeyEvent[KEY_RELEASED,keyCode=65,keyText=A,keyChar='a',keyLocation=KEY_LOCATION_UNKNOWN,rawCode=0,primaryLevelUnicode=0,scancode=0,extendedKeyCode=0x0] on new item id field
Oct 19, 2021 2:26:12 AM net.sourceforge.marathon.javaagent.EventQueueDevice dispatchEvent
INFO: java.awt.event.KeyEvent[KEY_PRESSED,keyCode=78,keyText=N,keyChar='n',keyLocation=KEY_LOCATION_UNKNOWN,rawCode=0,primaryLevelUnicode=0,scancode=0,extendedKeyCode=0x0] on new item id field
Oct 19, 2021 2:26:12 AM net.sourceforge.marathon.javaagent.EventQueueDevice dispatchEvent
INFO: java.awt.event.KeyEvent[KEY_TYPED,keyCode=0,keyText=Unknown keyCode: 0x0,keyChar='n',keyLocation=KEY_LOCATION_UNKNOWN,rawCode=0,primaryLevelUnicode=0,scancode=0,extendedKeyCode=0x0] on new item id field
Oct 19, 2021 2:26:12 AM net.sourceforge.marathon.javaagent.EventQueueDevice dispatchEvent
INFO: java.awt.event.KeyEvent[KEY_RELEASED,keyCode=78,keyText=N,keyChar='n',keyLocation=KEY_LOCATION_UNKNOWN,rawCode=0,primaryLevelUnicode=0,scancode=0,extendedKeyCode=0x0] on new item id field
Oct 19, 2021 2:26:12 AM net.sourceforge.marathon.javaagent.EventQueueDevice dispatchEvent
INFO: java.awt.event.KeyEvent[KEY_PRESSED,keyCode=16,keyText=Shift,keyChar=Undefined keyChar,modifiers=Shift,extModifiers=Shift,keyLocation=KEY_LOCATION_UNKNOWN,rawCode=0,primaryLevelUnicode=0,scancode=0,extendedKeyCode=0x0] on new item id field
Oct 19, 2021 2:26:12 AM net.sourceforge.marathon.javaagent.EventQueueDevice dispatchEvent
INFO: java.awt.event.KeyEvent[KEY_PRESSED,keyCode=32,keyText=Space,keyChar=' ',modifiers=Shift,extModifiers=Shift,keyLocation=KEY_LOCATION_UNKNOWN,rawCode=0,primaryLevelUnicode=0,scancode=0,extendedKeyCode=0x0] on new item id field
Oct 19, 2021 2:26:12 AM net.sourceforge.marathon.javaagent.EventQueueDevice dispatchEvent
INFO: java.awt.event.KeyEvent[KEY_TYPED,keyCode=0,keyText=Unknown keyCode: 0x0,keyChar=' ',modifiers=Shift,extModifiers=Shift,keyLocation=KEY_LOCATION_UNKNOWN,rawCode=0,primaryLevelUnicode=0,scancode=0,extendedKeyCode=0x0] on new item id field
Oct 19, 2021 2:26:12 AM net.sourceforge.marathon.javaagent.EventQueueDevice dispatchEvent
INFO: java.awt.event.KeyEvent[KEY_RELEASED,keyCode=32,keyText=Space,keyChar=' ',modifiers=Shift,extModifiers=Shift,keyLocation=KEY_LOCATION_UNKNOWN,rawCode=0,primaryLevelUnicode=0,scancode=0,extendedKeyCode=0x0] on new item id field
Oct 19, 2021 2:26:12 AM net.sourceforge.marathon.javaagent.EventQueueDevice dispatchEvent
INFO: java.awt.event.KeyEvent[KEY_RELEASED,keyCode=16,keyText=Shift,keyChar=Undefined keyChar,keyLocation=KEY_LOCATION_UNKNOWN,rawCode=0,primaryLevelUnicode=0,scancode=0,extendedKeyCode=0x0] on new item id field
Oct 19, 2021 2:26:12 AM net.sourceforge.marathon.javaagent.EventQueueDevice dispatchEvent
INFO: java.awt.event.KeyEvent[KEY_PRESSED,keyCode=73,keyText=I,keyChar='i',keyLocation=KEY_LOCATION_UNKNOWN,rawCode=0,primaryLevelUnicode=0,scancode=0,extendedKeyCode=0x0] on new item id field
Oct 19, 2021 2:26:12 AM net.sourceforge.marathon.javaagent.EventQueueDevice dispatchEvent
INFO: java.awt.event.KeyEvent[KEY_TYPED,keyCode=0,keyText=Unknown keyCode: 0x0,keyChar='i',keyLocation=KEY_LOCATION_UNKNOWN,rawCode=0,primaryLevelUnicode=0,scancode=0,extendedKeyCode=0x0] on new item id field
Oct 19, 2021 2:26:12 AM net.sourceforge.marathon.javaagent.EventQueueDevice dispatchEvent
INFO: java.awt.event.KeyEvent[KEY_RELEASED,keyCode=73,keyText=I,keyChar='i',keyLocation=KEY_LOCATION_UNKNOWN,rawCode=0,primaryLevelUnicode=0,scancode=0,extendedKeyCode=0x0] on new item id field
Oct 19, 2021 2:26:12 AM net.sourceforge.marathon.javaagent.EventQueueDevice dispatchEvent
INFO: java.awt.event.KeyEvent[KEY_PRESSED,keyCode=84,keyText=T,keyChar='t',keyLocation=KEY_LOCATION_UNKNOWN,rawCode=0,primaryLevelUnicode=0,scancode=0,extendedKeyCode=0x0] on new item id field
Oct 19, 2021 2:26:12 AM net.sourceforge.marathon.javaagent.EventQueueDevice dispatchEvent
INFO: java.awt.event.KeyEvent[KEY_TYPED,keyCode=0,keyText=Unknown keyCode: 0x0,keyChar='t',keyLocation=KEY_LOCATION_UNKNOWN,rawCode=0,primaryLevelUnicode=0,scancode=0,extendedKeyCode=0x0] on new item id field
Oct 19, 2021 2:26:12 AM net.sourceforge.marathon.javaagent.EventQueueDevice dispatchEvent
INFO: java.awt.event.KeyEvent[KEY_RELEASED,keyCode=84,keyText=T,keyChar='t',keyLocation=KEY_LOCATION_UNKNOWN,rawCode=0,primaryLevelUnicode=0,scancode=0,extendedKeyCode=0x0] on new item id field
Oct 19, 2021 2:26:12 AM net.sourceforge.marathon.javaagent.EventQueueDevice dispatchEvent
INFO: java.awt.event.KeyEvent[KEY_PRESSED,keyCode=69,keyText=E,keyChar='e',keyLocation=KEY_LOCATION_UNKNOWN,rawCode=0,primaryLevelUnicode=0,scancode=0,extendedKeyCode=0x0] on new item id field
Oct 19, 2021 2:26:12 AM net.sourceforge.marathon.javaagent.EventQueueDevice dispatchEvent
INFO: java.awt.event.KeyEvent[KEY_TYPED,keyCode=0,keyText=Unknown keyCode: 0x0,keyChar='e',keyLocation=KEY_LOCATION_UNKNOWN,rawCode=0,primaryLevelUnicode=0,scancode=0,extendedKeyCode=0x0] on new item id field
Oct 19, 2021 2:26:12 AM net.sourceforge.marathon.javaagent.EventQueueDevice dispatchEvent
INFO: java.awt.event.KeyEvent[KEY_RELEASED,keyCode=69,keyText=E,keyChar='e',keyLocation=KEY_LOCATION_UNKNOWN,rawCode=0,primaryLevelUnicode=0,scancode=0,extendedKeyCode=0x0] on new item id field
Oct 19, 2021 2:26:12 AM net.sourceforge.marathon.javaagent.EventQueueDevice dispatchEvent
INFO: java.awt.event.KeyEvent[KEY_PRESSED,keyCode=77,keyText=M,keyChar='m',keyLocation=KEY_LOCATION_UNKNOWN,rawCode=0,primaryLevelUnicode=0,scancode=0,extendedKeyCode=0x0] on new item id field
Oct 19, 2021 2:26:12 AM net.sourceforge.marathon.javaagent.EventQueueDevice dispatchEvent
INFO: java.awt.event.KeyEvent[KEY_TYPED,keyCode=0,keyText=Unknown keyCode: 0x0,keyChar='m',keyLocation=KEY_LOCATION_UNKNOWN,rawCode=0,primaryLevelUnicode=0,scancode=0,extendedKeyCode=0x0] on new item id field
Oct 19, 2021 2:26:12 AM net.sourceforge.marathon.javaagent.EventQueueDevice dispatchEvent
INFO: java.awt.event.KeyEvent[KEY_RELEASED,keyCode=77,keyText=M,keyChar='m',keyLocation=KEY_LOCATION_UNKNOWN,rawCode=0,primaryLevelUnicode=0,scancode=0,extendedKeyCode=0x0] on new item id field
Oct 19, 2021 2:26:12 AM net.sourceforge.marathon.javaagent.EventQueueDevice dispatchEvent
INFO: java.awt.event.KeyEvent[KEY_PRESSED,keyCode=45,keyText=Minus,keyChar='-',keyLocation=KEY_LOCATION_UNKNOWN,rawCode=0,primaryLevelUnicode=0,scancode=0,extendedKeyCode=0x0] on new item id field
Oct 19, 2021 2:26:12 AM net.sourceforge.marathon.javaagent.EventQueueDevice dispatchEvent
INFO: java.awt.event.KeyEvent[KEY_TYPED,keyCode=0,keyText=Unknown keyCode: 0x0,keyChar='-',keyLocation=KEY_LOCATION_UNKNOWN,rawCode=0,primaryLevelUnicode=0,scancode=0,extendedKeyCode=0x0] on new item id field
Oct 19, 2021 2:26:12 AM net.sourceforge.marathon.javaagent.EventQueueDevice dispatchEvent
INFO: java.awt.event.KeyEvent[KEY_RELEASED,keyCode=45,keyText=Minus,keyChar='-',keyLocation=KEY_LOCATION_UNKNOWN,rawCode=0,primaryLevelUnicode=0,scancode=0,extendedKeyCode=0x0] on new item id field
Oct 19, 2021 2:26:12 AM net.sourceforge.marathon.javaagent.EventQueueDevice dispatchEvent
INFO: java.awt.event.KeyEvent[KEY_PRESSED,keyCode=73,keyText=I,keyChar='i',keyLocation=KEY_LOCATION_UNKNOWN,rawCode=0,primaryLevelUnicode=0,scancode=0,extendedKeyCode=0x0] on new item id field
Oct 19, 2021 2:26:12 AM net.sourceforge.marathon.javaagent.EventQueueDevice dispatchEvent
INFO: java.awt.event.KeyEvent[KEY_TYPED,keyCode=0,keyText=Unknown keyCode: 0x0,keyChar='i',keyLocation=KEY_LOCATION_UNKNOWN,rawCode=0,primaryLevelUnicode=0,scancode=0,extendedKeyCode=0x0] on new item id field
Oct 19, 2021 2:26:12 AM net.sourceforge.marathon.javaagent.EventQueueDevice dispatchEvent
INFO: java.awt.event.KeyEvent[KEY_RELEASED,keyCode=73,keyText=I,keyChar='i',keyLocation=KEY_LOCATION_UNKNOWN,rawCode=0,primaryLevelUnicode=0,scancode=0,extendedKeyCode=0x0] on new item id field
Oct 19, 2021 2:26:12 AM net.sourceforge.marathon.javaagent.EventQueueDevice dispatchEvent
INFO: java.awt.event.KeyEvent[KEY_PRESSED,keyCode=68,keyText=D,keyChar='d',keyLocation=KEY_LOCATION_UNKNOWN,rawCode=0,primaryLevelUnicode=0,scancode=0,extendedKeyCode=0x0] on new item id field
Oct 19, 2021 2:26:12 AM net.sourceforge.marathon.javaagent.EventQueueDevice dispatchEvent
INFO: java.awt.event.KeyEvent[KEY_TYPED,keyCode=0,keyText=Unknown keyCode: 0x0,keyChar='d',keyLocation=KEY_LOCATION_UNKNOWN,rawCode=0,primaryLevelUnicode=0,scancode=0,extendedKeyCode=0x0] on new item id field
Oct 19, 2021 2:26:12 AM net.sourceforge.marathon.javaagent.EventQueueDevice dispatchEvent
INFO: java.awt.event.KeyEvent[KEY_RELEASED,keyCode=68,keyText=D,keyChar='d',keyLocation=KEY_LOCATION_UNKNOWN,rawCode=0,primaryLevelUnicode=0,scancode=0,extendedKeyCode=0x0] on new item id field
Oct 19, 2021 2:26:12 AM net.sourceforge.marathon.javaagent.server.JavaServer serve
INFO: POST(/session/2c019b17-008f-4d97-a022-a8df658bb0cf/element/1d89801b-b1c5-497c-a54f-a0d7d847f384/value, {"id":"1d89801b-b1c5-497c-a54f-a0d7d847f384","value":["an item-id"]}) = {data={"name":"sendKeysElement","sessionId":"2c019b17-008f-4d97-a022-a8df658bb0cf","status":0}, status=OK}
Oct 19, 2021 2:26:12 AM net.sourceforge.marathon.javaagent.server.JavaServer serve
INFO: JavaServer.serve(POST /session/2c019b17-008f-4d97-a022-a8df658bb0cf/element): {
  "using": "name",
  "value": "new item stop price field"
}
Oct 19, 2021 2:26:12 AM net.sourceforge.marathon.javaagent.server.JavaServer serve
INFO: POST(/session/2c019b17-008f-4d97-a022-a8df658bb0cf/element, {"using":"name","value":"new item stop price field"}) = {data={"name":"findElement","sessionId":"2c019b17-008f-4d97-a022-a8df658bb0cf","value":{"ELEMENT":"0fcd13a7-41e0-4ea1-8b9e-c8bb5e58f7ee"},"status":0}, status=OK}
Oct 19, 2021 2:26:12 AM net.sourceforge.marathon.javaagent.server.JavaServer serve
INFO: JavaServer.serve(POST /session/2c019b17-008f-4d97-a022-a8df658bb0cf/element/0fcd13a7-41e0-4ea1-8b9e-c8bb5e58f7ee/clear): {
  "id": "0fcd13a7-41e0-4ea1-8b9e-c8bb5e58f7ee"
}
Oct 19, 2021 2:26:12 AM net.sourceforge.marathon.javaagent.server.JavaServer serve
INFO: POST(/session/2c019b17-008f-4d97-a022-a8df658bb0cf/element/0fcd13a7-41e0-4ea1-8b9e-c8bb5e58f7ee/clear, {"id":"0fcd13a7-41e0-4ea1-8b9e-c8bb5e58f7ee"}) = {data={"name":"clearElement","sessionId":"2c019b17-008f-4d97-a022-a8df658bb0cf","status":0}, status=OK}
Oct 19, 2021 2:26:12 AM net.sourceforge.marathon.javaagent.server.JavaServer serve
INFO: JavaServer.serve(POST /session/2c019b17-008f-4d97-a022-a8df658bb0cf/element/0fcd13a7-41e0-4ea1-8b9e-c8bb5e58f7ee/value): {
  "id": "0fcd13a7-41e0-4ea1-8b9e-c8bb5e58f7ee",
  "value": [
    "11000"
  ]
}
Oct 19, 2021 2:26:12 AM net.sourceforge.marathon.javaagent.EventQueueDevice dispatchEvent
INFO: java.awt.event.KeyEvent[KEY_PRESSED,keyCode=49,keyText=1,keyChar='1',keyLocation=KEY_LOCATION_UNKNOWN,rawCode=0,primaryLevelUnicode=0,scancode=0,extendedKeyCode=0x0] on new item stop price field
Oct 19, 2021 2:26:12 AM net.sourceforge.marathon.javaagent.EventQueueDevice dispatchEvent
INFO: java.awt.event.KeyEvent[KEY_TYPED,keyCode=0,keyText=Unknown keyCode: 0x0,keyChar='1',keyLocation=KEY_LOCATION_UNKNOWN,rawCode=0,primaryLevelUnicode=0,scancode=0,extendedKeyCode=0x0] on new item stop price field
Oct 19, 2021 2:26:12 AM net.sourceforge.marathon.javaagent.EventQueueDevice dispatchEvent
INFO: java.awt.event.KeyEvent[KEY_RELEASED,keyCode=49,keyText=1,keyChar='1',keyLocation=KEY_LOCATION_UNKNOWN,rawCode=0,primaryLevelUnicode=0,scancode=0,extendedKeyCode=0x0] on new item stop price field
Oct 19, 2021 2:26:12 AM net.sourceforge.marathon.javaagent.EventQueueDevice dispatchEvent
INFO: java.awt.event.KeyEvent[KEY_PRESSED,keyCode=49,keyText=1,keyChar='1',keyLocation=KEY_LOCATION_UNKNOWN,rawCode=0,primaryLevelUnicode=0,scancode=0,extendedKeyCode=0x0] on new item stop price field
Oct 19, 2021 2:26:12 AM net.sourceforge.marathon.javaagent.EventQueueDevice dispatchEvent
INFO: java.awt.event.KeyEvent[KEY_TYPED,keyCode=0,keyText=Unknown keyCode: 0x0,keyChar='1',keyLocation=KEY_LOCATION_UNKNOWN,rawCode=0,primaryLevelUnicode=0,scancode=0,extendedKeyCode=0x0] on new item stop price field
Oct 19, 2021 2:26:12 AM net.sourceforge.marathon.javaagent.EventQueueDevice dispatchEvent
INFO: java.awt.event.KeyEvent[KEY_RELEASED,keyCode=49,keyText=1,keyChar='1',keyLocation=KEY_LOCATION_UNKNOWN,rawCode=0,primaryLevelUnicode=0,scancode=0,extendedKeyCode=0x0] on new item stop price field
Oct 19, 2021 2:26:12 AM net.sourceforge.marathon.javaagent.EventQueueDevice dispatchEvent
INFO: java.awt.event.KeyEvent[KEY_PRESSED,keyCode=48,keyText=0,keyChar='0',keyLocation=KEY_LOCATION_UNKNOWN,rawCode=0,primaryLevelUnicode=0,scancode=0,extendedKeyCode=0x0] on new item stop price field
Oct 19, 2021 2:26:12 AM net.sourceforge.marathon.javaagent.EventQueueDevice dispatchEvent
INFO: java.awt.event.KeyEvent[KEY_TYPED,keyCode=0,keyText=Unknown keyCode: 0x0,keyChar='0',keyLocation=KEY_LOCATION_UNKNOWN,rawCode=0,primaryLevelUnicode=0,scancode=0,extendedKeyCode=0x0] on new item stop price field
Oct 19, 2021 2:26:12 AM net.sourceforge.marathon.javaagent.EventQueueDevice dispatchEvent
INFO: java.awt.event.KeyEvent[KEY_RELEASED,keyCode=48,keyText=0,keyChar='0',keyLocation=KEY_LOCATION_UNKNOWN,rawCode=0,primaryLevelUnicode=0,scancode=0,extendedKeyCode=0x0] on new item stop price field
Oct 19, 2021 2:26:12 AM net.sourceforge.marathon.javaagent.EventQueueDevice dispatchEvent
INFO: java.awt.event.KeyEvent[KEY_PRESSED,keyCode=48,keyText=0,keyChar='0',keyLocation=KEY_LOCATION_UNKNOWN,rawCode=0,primaryLevelUnicode=0,scancode=0,extendedKeyCode=0x0] on new item stop price field
Oct 19, 2021 2:26:12 AM net.sourceforge.marathon.javaagent.EventQueueDevice dispatchEvent
INFO: java.awt.event.KeyEvent[KEY_TYPED,keyCode=0,keyText=Unknown keyCode: 0x0,keyChar='0',keyLocation=KEY_LOCATION_UNKNOWN,rawCode=0,primaryLevelUnicode=0,scancode=0,extendedKeyCode=0x0] on new item stop price field
Oct 19, 2021 2:26:12 AM net.sourceforge.marathon.javaagent.EventQueueDevice dispatchEvent
INFO: java.awt.event.KeyEvent[KEY_RELEASED,keyCode=48,keyText=0,keyChar='0',keyLocation=KEY_LOCATION_UNKNOWN,rawCode=0,primaryLevelUnicode=0,scancode=0,extendedKeyCode=0x0] on new item stop price field
Oct 19, 2021 2:26:12 AM net.sourceforge.marathon.javaagent.EventQueueDevice dispatchEvent
INFO: java.awt.event.KeyEvent[KEY_PRESSED,keyCode=48,keyText=0,keyChar='0',keyLocation=KEY_LOCATION_UNKNOWN,rawCode=0,primaryLevelUnicode=0,scancode=0,extendedKeyCode=0x0] on new item stop price field
Oct 19, 2021 2:26:12 AM net.sourceforge.marathon.javaagent.EventQueueDevice dispatchEvent
INFO: java.awt.event.KeyEvent[KEY_TYPED,keyCode=0,keyText=Unknown keyCode: 0x0,keyChar='0',keyLocation=KEY_LOCATION_UNKNOWN,rawCode=0,primaryLevelUnicode=0,scancode=0,extendedKeyCode=0x0] on new item stop price field
Oct 19, 2021 2:26:12 AM net.sourceforge.marathon.javaagent.EventQueueDevice dispatchEvent
INFO: java.awt.event.KeyEvent[KEY_RELEASED,keyCode=48,keyText=0,keyChar='0',keyLocation=KEY_LOCATION_UNKNOWN,rawCode=0,primaryLevelUnicode=0,scancode=0,extendedKeyCode=0x0] on new item stop price field
Oct 19, 2021 2:26:12 AM net.sourceforge.marathon.javaagent.server.JavaServer serve
INFO: POST(/session/2c019b17-008f-4d97-a022-a8df658bb0cf/element/0fcd13a7-41e0-4ea1-8b9e-c8bb5e58f7ee/value, {"id":"0fcd13a7-41e0-4ea1-8b9e-c8bb5e58f7ee","value":["11000"]}) = {data={"name":"sendKeysElement","sessionId":"2c019b17-008f-4d97-a022-a8df658bb0cf","status":0}, status=OK}
Oct 19, 2021 2:26:12 AM net.sourceforge.marathon.javaagent.server.JavaServer serve
INFO: JavaServer.serve(POST /session/2c019b17-008f-4d97-a022-a8df658bb0cf/element): {
  "using": "name",
  "value": "join button"
}
Oct 19, 2021 2:26:12 AM net.sourceforge.marathon.javaagent.server.JavaServer serve
INFO: POST(/session/2c019b17-008f-4d97-a022-a8df658bb0cf/element, {"using":"name","value":"join button"}) = {data={"name":"findElement","sessionId":"2c019b17-008f-4d97-a022-a8df658bb0cf","value":{"ELEMENT":"063bf3c1-a09f-4e23-87d5-7e4533844350"},"status":0}, status=OK}
Oct 19, 2021 2:26:12 AM net.sourceforge.marathon.javaagent.server.JavaServer serve
INFO: JavaServer.serve(POST /session/2c019b17-008f-4d97-a022-a8df658bb0cf/element/063bf3c1-a09f-4e23-87d5-7e4533844350/click): {
  "id": "063bf3c1-a09f-4e23-87d5-7e4533844350"
}
Oct 19, 2021 2:26:12 AM net.sourceforge.marathon.javaagent.EventQueueDevice dispatchEvent
INFO: java.awt.event.MouseEvent[MOUSE_PRESSED,(58,12),absolute(589,17),button=1,modifiers=Button1,extModifiers=Button1,clickCount=1] on join button
Oct 19, 2021 2:26:12 AM net.sourceforge.marathon.javaagent.EventQueueDevice dispatchEvent
INFO: java.awt.event.MouseEvent[MOUSE_RELEASED,(58,12),absolute(589,17),button=1,modifiers=Button1,clickCount=1] on join button
Oct 19, 2021 2:26:12 AM net.sourceforge.marathon.javaagent.EventQueueDevice dispatchEvent
INFO: java.awt.event.MouseEvent[MOUSE_CLICKED,(58,12),absolute(589,17),button=1,modifiers=Button1,clickCount=1] on join button
Oct 19, 2021 2:26:13 AM net.sourceforge.marathon.javaagent.server.JavaServer serve
INFO: POST(/session/2c019b17-008f-4d97-a022-a8df658bb0cf/element/063bf3c1-a09f-4e23-87d5-7e4533844350/click, {"id":"063bf3c1-a09f-4e23-87d5-7e4533844350"}) = {data={"name":"clickElement","sessionId":"2c019b17-008f-4d97-a022-a8df658bb0cf","status":0}, status=OK}
Oct 19, 2021 2:26:13 AM net.sourceforge.marathon.javaagent.server.JavaServer serve
INFO: JavaServer.serve(DELETE /session/2c019b17-008f-4d97-a022-a8df658bb0cf/window): {}
Oct 19, 2021 2:26:13 AM net.sourceforge.marathon.javaagent.server.JavaServer serve
INFO: DELETE(/session/2c019b17-008f-4d97-a022-a8df658bb0cf/window) = {data={"name":"closeSession","sessionId":"2c019b17-008f-4d97-a022-a8df658bb0cf","status":0}, status=OK}
Oct 19, 2021 2:26:13 AM net.sourceforge.marathon.javaagent.server.JavaServer serve
INFO: JavaServer.serve(POST /session): {
  "desiredCapabilities": {
    "browserName": "java",
    "platform": "ANY"
  },
  "capabilities": {
    "firstMatch": [
      {
        "browserName": "java"
      }
    ]
  }
}
Oct 19, 2021 2:26:13 AM net.sourceforge.marathon.javaagent.server.JavaServer createSession
INFO: Creating device with type: EVENT_QUEUE
Oct 19, 2021 2:26:13 AM net.sourceforge.marathon.javaagent.Device getDevice
INFO: Creating a EVENT_QUEUE device
Oct 19, 2021 2:26:13 AM net.sourceforge.marathon.javaagent.server.JavaServer serve
INFO: POST(/session, {"desiredCapabilities":{"browserName":"java","platform":"ANY"},"capabilities":{"firstMatch":[{"browserName":"java"}]}}) = {data=, status=REDIRECT}
Oct 19, 2021 2:26:13 AM net.sourceforge.marathon.javaagent.server.JavaServer serve
INFO: JavaServer.serve(GET /session/4fd44841-6b73-426b-be73-367b768d70fd): {}
Oct 19, 2021 2:26:13 AM net.sourceforge.marathon.javaagent.server.JavaServer serve
INFO: GET(/session/4fd44841-6b73-426b-be73-367b768d70fd) = {data={"name":"getCapabilities","sessionId":"4fd44841-6b73-426b-be73-367b768d70fd","value":{"applicationCacheEnabled":false,"rotatable":false,"loggingPrefs":{"driver":"ALL"},"handlesAlerts":false,"databaseEnabled":false,"version":"1.0","platform":"ANY","browserConnectionEnabled":false,"nativeEvents":false,"acceptSslCerts":false,"locationContextEnabled":false,"webStorageEnabled":false,"browserName":"java","takesScreenshot":true,"javascriptEnabled":true,"cssSelectorsEnabled":false},"status":0}, status=OK}
Oct 19, 2021 2:26:13 AM org.openqa.selenium.remote.ProtocolHandshake createSession
INFO: Detected dialect: OSS
Oct 19, 2021 2:26:13 AM net.sourceforge.marathon.javaagent.server.JavaServer serve
INFO: JavaServer.serve(POST /session/4fd44841-6b73-426b-be73-367b768d70fd/element): {
  "using": "name",
  "value": "sniper reset button"
}
Oct 19, 2021 2:26:13 AM net.sourceforge.marathon.javaagent.server.JavaServer serve
INFO: POST(/session/4fd44841-6b73-426b-be73-367b768d70fd/element, {"using":"name","value":"sniper reset button"}) = {data={"name":"findElement","sessionId":"4fd44841-6b73-426b-be73-367b768d70fd","value":{"ELEMENT":"e6ff2ea6-51fc-4cc2-a9ce-cd4136f8a5ea"},"status":0}, status=OK}
Oct 19, 2021 2:26:13 AM net.sourceforge.marathon.javaagent.server.JavaServer serve
INFO: JavaServer.serve(POST /session/4fd44841-6b73-426b-be73-367b768d70fd/element/e6ff2ea6-51fc-4cc2-a9ce-cd4136f8a5ea/click): {
  "id": "e6ff2ea6-51fc-4cc2-a9ce-cd4136f8a5ea"
}
Oct 19, 2021 2:26:13 AM net.sourceforge.marathon.javaagent.EventQueueDevice dispatchEvent
INFO: java.awt.event.MouseEvent[MOUSE_PRESSED,(37,12),absolute(326,474),button=1,modifiers=Button1,extModifiers=Button1,clickCount=1] on sniper reset button
Oct 19, 2021 2:26:13 AM net.sourceforge.marathon.javaagent.EventQueueDevice dispatchEvent
INFO: java.awt.event.MouseEvent[MOUSE_RELEASED,(37,12),absolute(326,474),button=1,modifiers=Button1,clickCount=1] on sniper reset button
Oct 19, 2021 2:26:13 AM net.sourceforge.marathon.javaagent.EventQueueDevice dispatchEvent
INFO: java.awt.event.MouseEvent[MOUSE_CLICKED,(37,12),absolute(326,474),button=1,modifiers=Button1,clickCount=1] on sniper reset button
Oct 19, 2021 2:26:13 AM net.sourceforge.marathon.javaagent.server.JavaServer serve
INFO: POST(/session/4fd44841-6b73-426b-be73-367b768d70fd/element/e6ff2ea6-51fc-4cc2-a9ce-cd4136f8a5ea/click, {"id":"e6ff2ea6-51fc-4cc2-a9ce-cd4136f8a5ea"}) = {data={"name":"clickElement","sessionId":"4fd44841-6b73-426b-be73-367b768d70fd","status":0}, status=OK}
Oct 19, 2021 2:26:13 AM net.sourceforge.marathon.javaagent.server.JavaServer serve
INFO: JavaServer.serve(DELETE /session/4fd44841-6b73-426b-be73-367b768d70fd/window): {}
Oct 19, 2021 2:26:13 AM net.sourceforge.marathon.javaagent.server.JavaServer serve
INFO: DELETE(/session/4fd44841-6b73-426b-be73-367b768d70fd/window) = {data={"name":"closeSession","sessionId":"4fd44841-6b73-426b-be73-367b768d70fd","status":0}, status=OK}
]]></system-err>
</testsuite>
