<?xml version="1.0" encoding="UTF-8"?>
<testsuite name="goos.ui.swing.MainWindowTest" tests="3" skipped="0" failures="0" errors="0" timestamp="2021-12-20T02:32:09" hostname="buildkitsandbox" time="3.298">
  <properties/>
  <testcase name="window has expected features" classname="goos.ui.swing.MainWindowTest" time="2.501"/>
  <testcase name="make user request when join button clicked" classname="goos.ui.swing.MainWindowTest" time="0.638"/>
  <testcase name="make user request when reset button clicked" classname="goos.ui.swing.MainWindowTest" time="0.155"/>
  <system-out><![CDATA[]]></system-out>
  <system-err><![CDATA[Dec 20, 2021 2:32:10 AM io.mockk.impl.log.JULLogger warn
WARNING: Failed to transform class goos/ui/api/UserRequestListener
java.lang.IllegalArgumentException: Unsupported class file major version 59
	at net.bytebuddy.jar.asm.ClassReader.<init>(ClassReader.java:176)
	at net.bytebuddy.jar.asm.ClassReader.<init>(ClassReader.java:158)
	at net.bytebuddy.jar.asm.ClassReader.<init>(ClassReader.java:146)
	at net.bytebuddy.utility.OpenedClassReader.of(OpenedClassReader.java:69)
	at net.bytebuddy.dynamic.scaffold.TypeWriter$Default$ForInlining.create(TypeWriter.java:2877)
	at net.bytebuddy.dynamic.scaffold.TypeWriter$Default.make(TypeWriter.java:1653)
	at net.bytebuddy.dynamic.scaffold.inline.RedefinitionDynamicTypeBuilder.make(RedefinitionDynamicTypeBuilder.java:180)
	at net.bytebuddy.dynamic.scaffold.inline.AbstractInliningDynamicTypeBuilder.make(AbstractInliningDynamicTypeBuilder.java:94)
	at net.bytebuddy.dynamic.DynamicType$Builder$AbstractBase.make(DynamicType.java:2669)
	at io.mockk.proxy.jvm.transformation.InliningClassTransformer.transform(InliningClassTransformer.kt:78)
	at java.instrument/java.lang.instrument.ClassFileTransformer.transform(ClassFileTransformer.java:246)
	at java.instrument/sun.instrument.TransformerManager.transform(TransformerManager.java:188)
	at java.instrument/sun.instrument.InstrumentationImpl.transform(InstrumentationImpl.java:563)
	at java.instrument/sun.instrument.InstrumentationImpl.retransformClasses0(Native Method)
	at java.instrument/sun.instrument.InstrumentationImpl.retransformClasses(InstrumentationImpl.java:167)
	at io.mockk.proxy.jvm.transformation.JvmInlineInstrumentation.retransform(JvmInlineInstrumentation.kt:28)
	at io.mockk.proxy.common.transformation.RetransformInlineInstrumnetation$execute$1.invoke(RetransformInlineInstrumnetation.kt:19)
	at io.mockk.proxy.common.transformation.RetransformInlineInstrumnetation$execute$1.invoke(RetransformInlineInstrumnetation.kt:6)
	at io.mockk.proxy.common.transformation.ClassTransformationSpecMap.applyTransformation(ClassTransformationSpecMap.kt:41)
	at io.mockk.proxy.common.transformation.RetransformInlineInstrumnetation.execute(RetransformInlineInstrumnetation.kt:16)
	at io.mockk.proxy.jvm.ProxyMaker.inline(ProxyMaker.kt:88)
	at io.mockk.proxy.jvm.ProxyMaker.proxy(ProxyMaker.kt:30)
	at io.mockk.impl.instantiation.JvmMockFactory.newProxy(JvmMockFactory.kt:34)
	at io.mockk.impl.instantiation.AbstractMockFactory.newProxy$default(AbstractMockFactory.kt:29)
	at io.mockk.impl.instantiation.AbstractMockFactory.mockk(AbstractMockFactory.kt:59)
	at goos.ui.swing.MainWindowTest$1$1.invokeSuspend(MainWindowTest.kt:90)
	at goos.ui.swing.MainWindowTest$1$1.invoke(MainWindowTest.kt)
	at goos.ui.swing.MainWindowTest$1$1.invoke(MainWindowTest.kt)
	at io.kotest.core.TestConfiguration$beforeTest$1.beforeTest(TestConfiguration.kt:137)
	at io.kotest.core.spec.LifecycleKt.invokeAllBeforeTestCallbacks(lifecycle.kt:76)
	at io.kotest.core.internal.TestCaseExecutor.executeActiveTest(TestCaseExecutor.kt:152)
	at io.kotest.core.internal.TestCaseExecutor.access$executeActiveTest(TestCaseExecutor.kt:57)
	at io.kotest.core.internal.TestCaseExecutor$intercept$innerExecute$1$1.invokeSuspend(TestCaseExecutor.kt:89)
	at io.kotest.core.internal.TestCaseExecutor$intercept$innerExecute$1$1.invoke(TestCaseExecutor.kt)
	at io.kotest.core.internal.TestCaseExecutor$intercept$innerExecute$1$1.invoke(TestCaseExecutor.kt)
	at io.kotest.core.internal.TestCaseExecutor.executeIfEnabled(TestCaseExecutor.kt:117)
	at io.kotest.core.internal.TestCaseExecutor.access$executeIfEnabled(TestCaseExecutor.kt:57)
	at io.kotest.core.internal.TestCaseExecutor$intercept$innerExecute$1.invokeSuspend(TestCaseExecutor.kt:89)
	at io.kotest.core.internal.TestCaseExecutor$intercept$innerExecute$1.invoke(TestCaseExecutor.kt)
	at io.kotest.core.internal.TestCaseExecutor$intercept$innerExecute$1.invoke(TestCaseExecutor.kt)
	at io.kotest.core.internal.TestCaseExecutor.intercept(TestCaseExecutor.kt:103)
	at io.kotest.core.internal.TestCaseExecutor.execute(TestCaseExecutor.kt:69)
	at io.kotest.engine.spec.runners.SingleInstanceSpecRunner.runTest(SingleInstanceSpecRunner.kt:104)
	at io.kotest.engine.spec.runners.SingleInstanceSpecRunner.access$runTest(SingleInstanceSpecRunner.kt:34)
	at io.kotest.engine.spec.runners.SingleInstanceSpecRunner$execute$interceptAndRun$2$4.invokeSuspend(SingleInstanceSpecRunner.kt:57)
	at io.kotest.engine.spec.runners.SingleInstanceSpecRunner$execute$interceptAndRun$2$4.invoke(SingleInstanceSpecRunner.kt)
	at io.kotest.engine.spec.runners.SingleInstanceSpecRunner$execute$interceptAndRun$2$4.invoke(SingleInstanceSpecRunner.kt)
	at io.kotest.engine.launchers.SequentialTestLauncher$launch$3$1$1.invokeSuspend(SequentialTestLauncher.kt:22)
	at kotlin.coroutines.jvm.internal.BaseContinuationImpl.resumeWith(ContinuationImpl.kt:33)
	at kotlinx.coroutines.DispatchedTask.run(DispatchedTask.kt:106)
	at java.base/java.util.concurrent.ThreadPoolExecutor.runWorker(ThreadPoolExecutor.java:1130)
	at java.base/java.util.concurrent.ThreadPoolExecutor$Worker.run(ThreadPoolExecutor.java:630)
	at java.base/java.lang.Thread.run(Thread.java:832)

Dec 20, 2021 2:32:12 AM net.sourceforge.marathon.javaagent.server.JavaServer serve
INFO: JavaServer.serve(POST /session): {
  "desiredCapabilities": {
    "browserName": "java",
    "platform": "ANY"
  },
  "capabilities": {
    "firstMatch": [
      {
        "browserName": "java"
      }
    ]
  }
}
Dec 20, 2021 2:32:12 AM net.sourceforge.marathon.javaagent.server.JavaServer createSession
INFO: Creating device with type: EVENT_QUEUE
Dec 20, 2021 2:32:12 AM net.sourceforge.marathon.javaagent.Device getDevice
INFO: Creating a EVENT_QUEUE device
Dec 20, 2021 2:32:12 AM net.sourceforge.marathon.javaagent.server.JavaServer serve
INFO: POST(/session, {"desiredCapabilities":{"browserName":"java","platform":"ANY"},"capabilities":{"firstMatch":[{"browserName":"java"}]}}) = {data=, status=REDIRECT}
Dec 20, 2021 2:32:12 AM net.sourceforge.marathon.javaagent.server.JavaServer serve
INFO: JavaServer.serve(GET /session/e225a3bf-edc6-4be2-9ecf-986692be2f7f): {}
Dec 20, 2021 2:32:12 AM net.sourceforge.marathon.javaagent.server.JavaServer serve
INFO: GET(/session/e225a3bf-edc6-4be2-9ecf-986692be2f7f) = {data={"name":"getCapabilities","sessionId":"e225a3bf-edc6-4be2-9ecf-986692be2f7f","value":{"applicationCacheEnabled":false,"rotatable":false,"loggingPrefs":{"driver":"ALL"},"handlesAlerts":false,"databaseEnabled":false,"version":"1.0","platform":"ANY","browserConnectionEnabled":false,"nativeEvents":false,"acceptSslCerts":false,"locationContextEnabled":false,"webStorageEnabled":false,"browserName":"java","takesScreenshot":true,"javascriptEnabled":true,"cssSelectorsEnabled":false},"status":0}, status=OK}
Dec 20, 2021 2:32:12 AM org.openqa.selenium.remote.ProtocolHandshake createSession
INFO: Detected dialect: OSS
Dec 20, 2021 2:32:12 AM net.sourceforge.marathon.javaagent.server.JavaServer serve
INFO: JavaServer.serve(POST /session/e225a3bf-edc6-4be2-9ecf-986692be2f7f/element): {
  "using": "css selector",
  "value": "."
}
Dec 20, 2021 2:32:12 AM net.sourceforge.marathon.javaagent.server.JavaServer serve
INFO: POST(/session/e225a3bf-edc6-4be2-9ecf-986692be2f7f/element, {"using":"css selector","value":"."}) = {data={"name":"findElement","sessionId":"e225a3bf-edc6-4be2-9ecf-986692be2f7f","value":{"ELEMENT":"f55b59c8-666a-4141-b007-cf7e8e0aff63"},"status":0}, status=OK}
Dec 20, 2021 2:32:12 AM net.sourceforge.marathon.javaagent.server.JavaServer serve
INFO: JavaServer.serve(GET /session/e225a3bf-edc6-4be2-9ecf-986692be2f7f/element/f55b59c8-666a-4141-b007-cf7e8e0aff63/attribute/name): {}
Dec 20, 2021 2:32:12 AM net.sourceforge.marathon.javaagent.server.JavaServer serve
INFO: GET(/session/e225a3bf-edc6-4be2-9ecf-986692be2f7f/element/f55b59c8-666a-4141-b007-cf7e8e0aff63/attribute/name) = {data={"name":"getElementAttribute","sessionId":"e225a3bf-edc6-4be2-9ecf-986692be2f7f","value":"Auction Sniper Name","status":0}, status=OK}
Dec 20, 2021 2:32:12 AM net.sourceforge.marathon.javaagent.server.JavaServer serve
INFO: JavaServer.serve(POST /session/e225a3bf-edc6-4be2-9ecf-986692be2f7f/element): {
  "using": "css selector",
  "value": "."
}
Dec 20, 2021 2:32:12 AM net.sourceforge.marathon.javaagent.server.JavaServer serve
INFO: POST(/session/e225a3bf-edc6-4be2-9ecf-986692be2f7f/element, {"using":"css selector","value":"."}) = {data={"name":"findElement","sessionId":"e225a3bf-edc6-4be2-9ecf-986692be2f7f","value":{"ELEMENT":"f55b59c8-666a-4141-b007-cf7e8e0aff63"},"status":0}, status=OK}
Dec 20, 2021 2:32:12 AM net.sourceforge.marathon.javaagent.server.JavaServer serve
INFO: JavaServer.serve(GET /session/e225a3bf-edc6-4be2-9ecf-986692be2f7f/element/f55b59c8-666a-4141-b007-cf7e8e0aff63/displayed): {}
Dec 20, 2021 2:32:12 AM net.sourceforge.marathon.javaagent.server.JavaServer serve
INFO: GET(/session/e225a3bf-edc6-4be2-9ecf-986692be2f7f/element/f55b59c8-666a-4141-b007-cf7e8e0aff63/displayed) = {data={"name":"isDisplayed","sessionId":"e225a3bf-edc6-4be2-9ecf-986692be2f7f","value":true,"status":0}, status=OK}
Dec 20, 2021 2:32:12 AM net.sourceforge.marathon.javaagent.server.JavaServer serve
INFO: JavaServer.serve(GET /session/e225a3bf-edc6-4be2-9ecf-986692be2f7f/title): {}
Dec 20, 2021 2:32:12 AM net.sourceforge.marathon.javaagent.server.JavaServer serve
INFO: GET(/session/e225a3bf-edc6-4be2-9ecf-986692be2f7f/title) = {data={"name":"getWindowTitle","sessionId":"e225a3bf-edc6-4be2-9ecf-986692be2f7f","value":"Auction Sniper","status":0}, status=OK}
Dec 20, 2021 2:32:12 AM net.sourceforge.marathon.javaagent.server.JavaServer serve
INFO: JavaServer.serve(POST /session/e225a3bf-edc6-4be2-9ecf-986692be2f7f/element): {
  "using": "name",
  "value": "snipers table"
}
Dec 20, 2021 2:32:12 AM net.sourceforge.marathon.javaagent.server.JavaServer serve
INFO: POST(/session/e225a3bf-edc6-4be2-9ecf-986692be2f7f/element, {"using":"name","value":"snipers table"}) = {data={"name":"findElement","sessionId":"e225a3bf-edc6-4be2-9ecf-986692be2f7f","value":{"ELEMENT":"19a46200-5f0a-42aa-8514-487d65203760"},"status":0}, status=OK}
Dec 20, 2021 2:32:12 AM net.sourceforge.marathon.javaagent.server.JavaServer serve
INFO: JavaServer.serve(POST /session/e225a3bf-edc6-4be2-9ecf-986692be2f7f/element/19a46200-5f0a-42aa-8514-487d65203760/elements): {
  "id": "19a46200-5f0a-42aa-8514-487d65203760",
  "using": "css selector",
  "value": ".::header.::all-items"
}
Dec 20, 2021 2:32:12 AM net.sourceforge.marathon.javaagent.server.JavaServer serve
INFO: POST(/session/e225a3bf-edc6-4be2-9ecf-986692be2f7f/element/19a46200-5f0a-42aa-8514-487d65203760/elements, {"using":"css selector","id":"19a46200-5f0a-42aa-8514-487d65203760","value":".::header.::all-items"}) = {data={"name":"findElementsOfElement","sessionId":"e225a3bf-edc6-4be2-9ecf-986692be2f7f","value":[{"ELEMENT":"efaf7695-231d-4994-879f-1fec139a322a%23%7B%22selector%22%3A%22nth-item%22%2C%22parameters%22%3A%5B1%5D%7D"},{"ELEMENT":"efaf7695-231d-4994-879f-1fec139a322a%23%7B%22selector%22%3A%22nth-item%22%2C%22parameters%22%3A%5B2%5D%7D"},{"ELEMENT":"efaf7695-231d-4994-879f-1fec139a322a%23%7B%22selector%22%3A%22nth-item%22%2C%22parameters%22%3A%5B3%5D%7D"},{"ELEMENT":"efaf7695-231d-4994-879f-1fec139a322a%23%7B%22selector%22%3A%22nth-item%22%2C%22parameters%22%3A%5B4%5D%7D"}],"status":0}, status=OK}
Dec 20, 2021 2:32:12 AM net.sourceforge.marathon.javaagent.server.JavaServer serve
INFO: JavaServer.serve(GET /session/e225a3bf-edc6-4be2-9ecf-986692be2f7f/element/efaf7695-231d-4994-879f-1fec139a322a%23%7B%22selector%22%3A%22nth-item%22%2C%22parameters%22%3A%5B1%5D%7D/text): {}
Dec 20, 2021 2:32:12 AM net.sourceforge.marathon.javaagent.server.JavaServer serve
INFO: GET(/session/e225a3bf-edc6-4be2-9ecf-986692be2f7f/element/efaf7695-231d-4994-879f-1fec139a322a%23%7B%22selector%22%3A%22nth-item%22%2C%22parameters%22%3A%5B1%5D%7D/text) = {data={"name":"getElementText","sessionId":"e225a3bf-edc6-4be2-9ecf-986692be2f7f","value":"Item","status":0}, status=OK}
Dec 20, 2021 2:32:12 AM net.sourceforge.marathon.javaagent.server.JavaServer serve
INFO: JavaServer.serve(GET /session/e225a3bf-edc6-4be2-9ecf-986692be2f7f/element/efaf7695-231d-4994-879f-1fec139a322a%23%7B%22selector%22%3A%22nth-item%22%2C%22parameters%22%3A%5B2%5D%7D/text): {}
Dec 20, 2021 2:32:12 AM net.sourceforge.marathon.javaagent.server.JavaServer serve
INFO: GET(/session/e225a3bf-edc6-4be2-9ecf-986692be2f7f/element/efaf7695-231d-4994-879f-1fec139a322a%23%7B%22selector%22%3A%22nth-item%22%2C%22parameters%22%3A%5B2%5D%7D/text) = {data={"name":"getElementText","sessionId":"e225a3bf-edc6-4be2-9ecf-986692be2f7f","value":"Last Price","status":0}, status=OK}
Dec 20, 2021 2:32:12 AM net.sourceforge.marathon.javaagent.server.JavaServer serve
INFO: JavaServer.serve(GET /session/e225a3bf-edc6-4be2-9ecf-986692be2f7f/element/efaf7695-231d-4994-879f-1fec139a322a%23%7B%22selector%22%3A%22nth-item%22%2C%22parameters%22%3A%5B3%5D%7D/text): {}
Dec 20, 2021 2:32:12 AM net.sourceforge.marathon.javaagent.server.JavaServer serve
INFO: GET(/session/e225a3bf-edc6-4be2-9ecf-986692be2f7f/element/efaf7695-231d-4994-879f-1fec139a322a%23%7B%22selector%22%3A%22nth-item%22%2C%22parameters%22%3A%5B3%5D%7D/text) = {data={"name":"getElementText","sessionId":"e225a3bf-edc6-4be2-9ecf-986692be2f7f","value":"Last Bid","status":0}, status=OK}
Dec 20, 2021 2:32:12 AM net.sourceforge.marathon.javaagent.server.JavaServer serve
INFO: JavaServer.serve(GET /session/e225a3bf-edc6-4be2-9ecf-986692be2f7f/element/efaf7695-231d-4994-879f-1fec139a322a%23%7B%22selector%22%3A%22nth-item%22%2C%22parameters%22%3A%5B4%5D%7D/text): {}
Dec 20, 2021 2:32:12 AM net.sourceforge.marathon.javaagent.server.JavaServer serve
INFO: GET(/session/e225a3bf-edc6-4be2-9ecf-986692be2f7f/element/efaf7695-231d-4994-879f-1fec139a322a%23%7B%22selector%22%3A%22nth-item%22%2C%22parameters%22%3A%5B4%5D%7D/text) = {data={"name":"getElementText","sessionId":"e225a3bf-edc6-4be2-9ecf-986692be2f7f","value":"State","status":0}, status=OK}
Dec 20, 2021 2:32:12 AM net.sourceforge.marathon.javaagent.server.JavaServer serve
INFO: JavaServer.serve(DELETE /session/e225a3bf-edc6-4be2-9ecf-986692be2f7f/window): {}
Dec 20, 2021 2:32:12 AM net.sourceforge.marathon.javaagent.server.JavaServer serve
INFO: DELETE(/session/e225a3bf-edc6-4be2-9ecf-986692be2f7f/window) = {data={"name":"closeSession","sessionId":"e225a3bf-edc6-4be2-9ecf-986692be2f7f","status":0}, status=OK}
Dec 20, 2021 2:32:12 AM net.sourceforge.marathon.javaagent.server.JavaServer serve
INFO: JavaServer.serve(POST /session): {
  "desiredCapabilities": {
    "browserName": "java",
    "platform": "ANY"
  },
  "capabilities": {
    "firstMatch": [
      {
        "browserName": "java"
      }
    ]
  }
}
Dec 20, 2021 2:32:12 AM net.sourceforge.marathon.javaagent.server.JavaServer createSession
INFO: Creating device with type: EVENT_QUEUE
Dec 20, 2021 2:32:12 AM net.sourceforge.marathon.javaagent.Device getDevice
INFO: Creating a EVENT_QUEUE device
Dec 20, 2021 2:32:12 AM net.sourceforge.marathon.javaagent.server.JavaServer serve
INFO: POST(/session, {"desiredCapabilities":{"browserName":"java","platform":"ANY"},"capabilities":{"firstMatch":[{"browserName":"java"}]}}) = {data=, status=REDIRECT}
Dec 20, 2021 2:32:12 AM net.sourceforge.marathon.javaagent.server.JavaServer serve
INFO: JavaServer.serve(GET /session/318f4524-7840-46cb-ae83-24d0b40c814a): {}
Dec 20, 2021 2:32:12 AM net.sourceforge.marathon.javaagent.server.JavaServer serve
INFO: GET(/session/318f4524-7840-46cb-ae83-24d0b40c814a) = {data={"name":"getCapabilities","sessionId":"318f4524-7840-46cb-ae83-24d0b40c814a","value":{"applicationCacheEnabled":false,"rotatable":false,"loggingPrefs":{"driver":"ALL"},"handlesAlerts":false,"databaseEnabled":false,"version":"1.0","platform":"ANY","browserConnectionEnabled":false,"nativeEvents":false,"acceptSslCerts":false,"locationContextEnabled":false,"webStorageEnabled":false,"browserName":"java","takesScreenshot":true,"javascriptEnabled":true,"cssSelectorsEnabled":false},"status":0}, status=OK}
Dec 20, 2021 2:32:12 AM org.openqa.selenium.remote.ProtocolHandshake createSession
INFO: Detected dialect: OSS
Dec 20, 2021 2:32:12 AM net.sourceforge.marathon.javaagent.server.JavaServer serve
INFO: JavaServer.serve(POST /session/318f4524-7840-46cb-ae83-24d0b40c814a/element): {
  "using": "name",
  "value": "new item id field"
}
Dec 20, 2021 2:32:12 AM net.sourceforge.marathon.javaagent.server.JavaServer serve
INFO: POST(/session/318f4524-7840-46cb-ae83-24d0b40c814a/element, {"using":"name","value":"new item id field"}) = {data={"name":"findElement","sessionId":"318f4524-7840-46cb-ae83-24d0b40c814a","value":{"ELEMENT":"e17f87bd-03e9-409d-8032-06cf803fcd1e"},"status":0}, status=OK}
Dec 20, 2021 2:32:12 AM net.sourceforge.marathon.javaagent.server.JavaServer serve
INFO: JavaServer.serve(POST /session/318f4524-7840-46cb-ae83-24d0b40c814a/element/e17f87bd-03e9-409d-8032-06cf803fcd1e/clear): {
  "id": "e17f87bd-03e9-409d-8032-06cf803fcd1e"
}
Dec 20, 2021 2:32:12 AM net.sourceforge.marathon.javaagent.server.JavaServer serve
INFO: POST(/session/318f4524-7840-46cb-ae83-24d0b40c814a/element/e17f87bd-03e9-409d-8032-06cf803fcd1e/clear, {"id":"e17f87bd-03e9-409d-8032-06cf803fcd1e"}) = {data={"name":"clearElement","sessionId":"318f4524-7840-46cb-ae83-24d0b40c814a","status":0}, status=OK}
Dec 20, 2021 2:32:12 AM net.sourceforge.marathon.javaagent.server.JavaServer serve
INFO: JavaServer.serve(POST /session/318f4524-7840-46cb-ae83-24d0b40c814a/element/e17f87bd-03e9-409d-8032-06cf803fcd1e/value): {
  "id": "e17f87bd-03e9-409d-8032-06cf803fcd1e",
  "value": [
    "an item-id"
  ]
}
Dec 20, 2021 2:32:12 AM net.sourceforge.marathon.javaagent.EventQueueDevice dispatchEvent
INFO: java.awt.event.KeyEvent[KEY_PRESSED,keyCode=65,keyText=A,keyChar='a',keyLocation=KEY_LOCATION_UNKNOWN,rawCode=0,primaryLevelUnicode=0,scancode=0,extendedKeyCode=0x0] on new item id field
Dec 20, 2021 2:32:12 AM net.sourceforge.marathon.javaagent.EventQueueDevice dispatchEvent
INFO: java.awt.event.KeyEvent[KEY_TYPED,keyCode=0,keyText=Unknown keyCode: 0x0,keyChar='a',keyLocation=KEY_LOCATION_UNKNOWN,rawCode=0,primaryLevelUnicode=0,scancode=0,extendedKeyCode=0x0] on new item id field
Dec 20, 2021 2:32:12 AM net.sourceforge.marathon.javaagent.EventQueueDevice dispatchEvent
INFO: java.awt.event.KeyEvent[KEY_RELEASED,keyCode=65,keyText=A,keyChar='a',keyLocation=KEY_LOCATION_UNKNOWN,rawCode=0,primaryLevelUnicode=0,scancode=0,extendedKeyCode=0x0] on new item id field
Dec 20, 2021 2:32:12 AM net.sourceforge.marathon.javaagent.EventQueueDevice dispatchEvent
INFO: java.awt.event.KeyEvent[KEY_PRESSED,keyCode=78,keyText=N,keyChar='n',keyLocation=KEY_LOCATION_UNKNOWN,rawCode=0,primaryLevelUnicode=0,scancode=0,extendedKeyCode=0x0] on new item id field
Dec 20, 2021 2:32:12 AM net.sourceforge.marathon.javaagent.EventQueueDevice dispatchEvent
INFO: java.awt.event.KeyEvent[KEY_TYPED,keyCode=0,keyText=Unknown keyCode: 0x0,keyChar='n',keyLocation=KEY_LOCATION_UNKNOWN,rawCode=0,primaryLevelUnicode=0,scancode=0,extendedKeyCode=0x0] on new item id field
Dec 20, 2021 2:32:12 AM net.sourceforge.marathon.javaagent.EventQueueDevice dispatchEvent
INFO: java.awt.event.KeyEvent[KEY_RELEASED,keyCode=78,keyText=N,keyChar='n',keyLocation=KEY_LOCATION_UNKNOWN,rawCode=0,primaryLevelUnicode=0,scancode=0,extendedKeyCode=0x0] on new item id field
Dec 20, 2021 2:32:12 AM net.sourceforge.marathon.javaagent.EventQueueDevice dispatchEvent
INFO: java.awt.event.KeyEvent[KEY_PRESSED,keyCode=16,keyText=Shift,keyChar=Undefined keyChar,modifiers=Shift,extModifiers=Shift,keyLocation=KEY_LOCATION_UNKNOWN,rawCode=0,primaryLevelUnicode=0,scancode=0,extendedKeyCode=0x0] on new item id field
Dec 20, 2021 2:32:12 AM net.sourceforge.marathon.javaagent.EventQueueDevice dispatchEvent
INFO: java.awt.event.KeyEvent[KEY_PRESSED,keyCode=32,keyText=Space,keyChar=' ',modifiers=Shift,extModifiers=Shift,keyLocation=KEY_LOCATION_UNKNOWN,rawCode=0,primaryLevelUnicode=0,scancode=0,extendedKeyCode=0x0] on new item id field
Dec 20, 2021 2:32:12 AM net.sourceforge.marathon.javaagent.EventQueueDevice dispatchEvent
INFO: java.awt.event.KeyEvent[KEY_TYPED,keyCode=0,keyText=Unknown keyCode: 0x0,keyChar=' ',modifiers=Shift,extModifiers=Shift,keyLocation=KEY_LOCATION_UNKNOWN,rawCode=0,primaryLevelUnicode=0,scancode=0,extendedKeyCode=0x0] on new item id field
Dec 20, 2021 2:32:12 AM net.sourceforge.marathon.javaagent.EventQueueDevice dispatchEvent
INFO: java.awt.event.KeyEvent[KEY_RELEASED,keyCode=32,keyText=Space,keyChar=' ',modifiers=Shift,extModifiers=Shift,keyLocation=KEY_LOCATION_UNKNOWN,rawCode=0,primaryLevelUnicode=0,scancode=0,extendedKeyCode=0x0] on new item id field
Dec 20, 2021 2:32:12 AM net.sourceforge.marathon.javaagent.EventQueueDevice dispatchEvent
INFO: java.awt.event.KeyEvent[KEY_RELEASED,keyCode=16,keyText=Shift,keyChar=Undefined keyChar,keyLocation=KEY_LOCATION_UNKNOWN,rawCode=0,primaryLevelUnicode=0,scancode=0,extendedKeyCode=0x0] on new item id field
Dec 20, 2021 2:32:12 AM net.sourceforge.marathon.javaagent.EventQueueDevice dispatchEvent
INFO: java.awt.event.KeyEvent[KEY_PRESSED,keyCode=73,keyText=I,keyChar='i',keyLocation=KEY_LOCATION_UNKNOWN,rawCode=0,primaryLevelUnicode=0,scancode=0,extendedKeyCode=0x0] on new item id field
Dec 20, 2021 2:32:12 AM net.sourceforge.marathon.javaagent.EventQueueDevice dispatchEvent
INFO: java.awt.event.KeyEvent[KEY_TYPED,keyCode=0,keyText=Unknown keyCode: 0x0,keyChar='i',keyLocation=KEY_LOCATION_UNKNOWN,rawCode=0,primaryLevelUnicode=0,scancode=0,extendedKeyCode=0x0] on new item id field
Dec 20, 2021 2:32:12 AM net.sourceforge.marathon.javaagent.EventQueueDevice dispatchEvent
INFO: java.awt.event.KeyEvent[KEY_RELEASED,keyCode=73,keyText=I,keyChar='i',keyLocation=KEY_LOCATION_UNKNOWN,rawCode=0,primaryLevelUnicode=0,scancode=0,extendedKeyCode=0x0] on new item id field
Dec 20, 2021 2:32:12 AM net.sourceforge.marathon.javaagent.EventQueueDevice dispatchEvent
INFO: java.awt.event.KeyEvent[KEY_PRESSED,keyCode=84,keyText=T,keyChar='t',keyLocation=KEY_LOCATION_UNKNOWN,rawCode=0,primaryLevelUnicode=0,scancode=0,extendedKeyCode=0x0] on new item id field
Dec 20, 2021 2:32:12 AM net.sourceforge.marathon.javaagent.EventQueueDevice dispatchEvent
INFO: java.awt.event.KeyEvent[KEY_TYPED,keyCode=0,keyText=Unknown keyCode: 0x0,keyChar='t',keyLocation=KEY_LOCATION_UNKNOWN,rawCode=0,primaryLevelUnicode=0,scancode=0,extendedKeyCode=0x0] on new item id field
Dec 20, 2021 2:32:12 AM net.sourceforge.marathon.javaagent.EventQueueDevice dispatchEvent
INFO: java.awt.event.KeyEvent[KEY_RELEASED,keyCode=84,keyText=T,keyChar='t',keyLocation=KEY_LOCATION_UNKNOWN,rawCode=0,primaryLevelUnicode=0,scancode=0,extendedKeyCode=0x0] on new item id field
Dec 20, 2021 2:32:12 AM net.sourceforge.marathon.javaagent.EventQueueDevice dispatchEvent
INFO: java.awt.event.KeyEvent[KEY_PRESSED,keyCode=69,keyText=E,keyChar='e',keyLocation=KEY_LOCATION_UNKNOWN,rawCode=0,primaryLevelUnicode=0,scancode=0,extendedKeyCode=0x0] on new item id field
Dec 20, 2021 2:32:12 AM net.sourceforge.marathon.javaagent.EventQueueDevice dispatchEvent
INFO: java.awt.event.KeyEvent[KEY_TYPED,keyCode=0,keyText=Unknown keyCode: 0x0,keyChar='e',keyLocation=KEY_LOCATION_UNKNOWN,rawCode=0,primaryLevelUnicode=0,scancode=0,extendedKeyCode=0x0] on new item id field
Dec 20, 2021 2:32:12 AM net.sourceforge.marathon.javaagent.EventQueueDevice dispatchEvent
INFO: java.awt.event.KeyEvent[KEY_RELEASED,keyCode=69,keyText=E,keyChar='e',keyLocation=KEY_LOCATION_UNKNOWN,rawCode=0,primaryLevelUnicode=0,scancode=0,extendedKeyCode=0x0] on new item id field
Dec 20, 2021 2:32:12 AM net.sourceforge.marathon.javaagent.EventQueueDevice dispatchEvent
INFO: java.awt.event.KeyEvent[KEY_PRESSED,keyCode=77,keyText=M,keyChar='m',keyLocation=KEY_LOCATION_UNKNOWN,rawCode=0,primaryLevelUnicode=0,scancode=0,extendedKeyCode=0x0] on new item id field
Dec 20, 2021 2:32:12 AM net.sourceforge.marathon.javaagent.EventQueueDevice dispatchEvent
INFO: java.awt.event.KeyEvent[KEY_TYPED,keyCode=0,keyText=Unknown keyCode: 0x0,keyChar='m',keyLocation=KEY_LOCATION_UNKNOWN,rawCode=0,primaryLevelUnicode=0,scancode=0,extendedKeyCode=0x0] on new item id field
Dec 20, 2021 2:32:12 AM net.sourceforge.marathon.javaagent.EventQueueDevice dispatchEvent
INFO: java.awt.event.KeyEvent[KEY_RELEASED,keyCode=77,keyText=M,keyChar='m',keyLocation=KEY_LOCATION_UNKNOWN,rawCode=0,primaryLevelUnicode=0,scancode=0,extendedKeyCode=0x0] on new item id field
Dec 20, 2021 2:32:12 AM net.sourceforge.marathon.javaagent.EventQueueDevice dispatchEvent
INFO: java.awt.event.KeyEvent[KEY_PRESSED,keyCode=45,keyText=Minus,keyChar='-',keyLocation=KEY_LOCATION_UNKNOWN,rawCode=0,primaryLevelUnicode=0,scancode=0,extendedKeyCode=0x0] on new item id field
Dec 20, 2021 2:32:12 AM net.sourceforge.marathon.javaagent.EventQueueDevice dispatchEvent
INFO: java.awt.event.KeyEvent[KEY_TYPED,keyCode=0,keyText=Unknown keyCode: 0x0,keyChar='-',keyLocation=KEY_LOCATION_UNKNOWN,rawCode=0,primaryLevelUnicode=0,scancode=0,extendedKeyCode=0x0] on new item id field
Dec 20, 2021 2:32:12 AM net.sourceforge.marathon.javaagent.EventQueueDevice dispatchEvent
INFO: java.awt.event.KeyEvent[KEY_RELEASED,keyCode=45,keyText=Minus,keyChar='-',keyLocation=KEY_LOCATION_UNKNOWN,rawCode=0,primaryLevelUnicode=0,scancode=0,extendedKeyCode=0x0] on new item id field
Dec 20, 2021 2:32:12 AM net.sourceforge.marathon.javaagent.EventQueueDevice dispatchEvent
INFO: java.awt.event.KeyEvent[KEY_PRESSED,keyCode=73,keyText=I,keyChar='i',keyLocation=KEY_LOCATION_UNKNOWN,rawCode=0,primaryLevelUnicode=0,scancode=0,extendedKeyCode=0x0] on new item id field
Dec 20, 2021 2:32:12 AM net.sourceforge.marathon.javaagent.EventQueueDevice dispatchEvent
INFO: java.awt.event.KeyEvent[KEY_TYPED,keyCode=0,keyText=Unknown keyCode: 0x0,keyChar='i',keyLocation=KEY_LOCATION_UNKNOWN,rawCode=0,primaryLevelUnicode=0,scancode=0,extendedKeyCode=0x0] on new item id field
Dec 20, 2021 2:32:12 AM net.sourceforge.marathon.javaagent.EventQueueDevice dispatchEvent
INFO: java.awt.event.KeyEvent[KEY_RELEASED,keyCode=73,keyText=I,keyChar='i',keyLocation=KEY_LOCATION_UNKNOWN,rawCode=0,primaryLevelUnicode=0,scancode=0,extendedKeyCode=0x0] on new item id field
Dec 20, 2021 2:32:12 AM net.sourceforge.marathon.javaagent.EventQueueDevice dispatchEvent
INFO: java.awt.event.KeyEvent[KEY_PRESSED,keyCode=68,keyText=D,keyChar='d',keyLocation=KEY_LOCATION_UNKNOWN,rawCode=0,primaryLevelUnicode=0,scancode=0,extendedKeyCode=0x0] on new item id field
Dec 20, 2021 2:32:12 AM net.sourceforge.marathon.javaagent.EventQueueDevice dispatchEvent
INFO: java.awt.event.KeyEvent[KEY_TYPED,keyCode=0,keyText=Unknown keyCode: 0x0,keyChar='d',keyLocation=KEY_LOCATION_UNKNOWN,rawCode=0,primaryLevelUnicode=0,scancode=0,extendedKeyCode=0x0] on new item id field
Dec 20, 2021 2:32:12 AM net.sourceforge.marathon.javaagent.EventQueueDevice dispatchEvent
INFO: java.awt.event.KeyEvent[KEY_RELEASED,keyCode=68,keyText=D,keyChar='d',keyLocation=KEY_LOCATION_UNKNOWN,rawCode=0,primaryLevelUnicode=0,scancode=0,extendedKeyCode=0x0] on new item id field
Dec 20, 2021 2:32:12 AM net.sourceforge.marathon.javaagent.server.JavaServer serve
INFO: POST(/session/318f4524-7840-46cb-ae83-24d0b40c814a/element/e17f87bd-03e9-409d-8032-06cf803fcd1e/value, {"id":"e17f87bd-03e9-409d-8032-06cf803fcd1e","value":["an item-id"]}) = {data={"name":"sendKeysElement","sessionId":"318f4524-7840-46cb-ae83-24d0b40c814a","status":0}, status=OK}
Dec 20, 2021 2:32:12 AM net.sourceforge.marathon.javaagent.server.JavaServer serve
INFO: JavaServer.serve(POST /session/318f4524-7840-46cb-ae83-24d0b40c814a/element): {
  "using": "name",
  "value": "new item stop price field"
}
Dec 20, 2021 2:32:12 AM net.sourceforge.marathon.javaagent.server.JavaServer serve
INFO: POST(/session/318f4524-7840-46cb-ae83-24d0b40c814a/element, {"using":"name","value":"new item stop price field"}) = {data={"name":"findElement","sessionId":"318f4524-7840-46cb-ae83-24d0b40c814a","value":{"ELEMENT":"00bca77d-af3c-4fbf-aaf9-d0e0ea4b8596"},"status":0}, status=OK}
Dec 20, 2021 2:32:12 AM net.sourceforge.marathon.javaagent.server.JavaServer serve
INFO: JavaServer.serve(POST /session/318f4524-7840-46cb-ae83-24d0b40c814a/element/00bca77d-af3c-4fbf-aaf9-d0e0ea4b8596/clear): {
  "id": "00bca77d-af3c-4fbf-aaf9-d0e0ea4b8596"
}
Dec 20, 2021 2:32:12 AM net.sourceforge.marathon.javaagent.server.JavaServer serve
INFO: POST(/session/318f4524-7840-46cb-ae83-24d0b40c814a/element/00bca77d-af3c-4fbf-aaf9-d0e0ea4b8596/clear, {"id":"00bca77d-af3c-4fbf-aaf9-d0e0ea4b8596"}) = {data={"name":"clearElement","sessionId":"318f4524-7840-46cb-ae83-24d0b40c814a","status":0}, status=OK}
Dec 20, 2021 2:32:12 AM net.sourceforge.marathon.javaagent.server.JavaServer serve
INFO: JavaServer.serve(POST /session/318f4524-7840-46cb-ae83-24d0b40c814a/element/00bca77d-af3c-4fbf-aaf9-d0e0ea4b8596/value): {
  "id": "00bca77d-af3c-4fbf-aaf9-d0e0ea4b8596",
  "value": [
    "11000"
  ]
}
Dec 20, 2021 2:32:12 AM net.sourceforge.marathon.javaagent.EventQueueDevice dispatchEvent
INFO: java.awt.event.KeyEvent[KEY_PRESSED,keyCode=49,keyText=1,keyChar='1',keyLocation=KEY_LOCATION_UNKNOWN,rawCode=0,primaryLevelUnicode=0,scancode=0,extendedKeyCode=0x0] on new item stop price field
Dec 20, 2021 2:32:12 AM net.sourceforge.marathon.javaagent.EventQueueDevice dispatchEvent
INFO: java.awt.event.KeyEvent[KEY_TYPED,keyCode=0,keyText=Unknown keyCode: 0x0,keyChar='1',keyLocation=KEY_LOCATION_UNKNOWN,rawCode=0,primaryLevelUnicode=0,scancode=0,extendedKeyCode=0x0] on new item stop price field
Dec 20, 2021 2:32:12 AM net.sourceforge.marathon.javaagent.EventQueueDevice dispatchEvent
INFO: java.awt.event.KeyEvent[KEY_RELEASED,keyCode=49,keyText=1,keyChar='1',keyLocation=KEY_LOCATION_UNKNOWN,rawCode=0,primaryLevelUnicode=0,scancode=0,extendedKeyCode=0x0] on new item stop price field
Dec 20, 2021 2:32:12 AM net.sourceforge.marathon.javaagent.EventQueueDevice dispatchEvent
INFO: java.awt.event.KeyEvent[KEY_PRESSED,keyCode=49,keyText=1,keyChar='1',keyLocation=KEY_LOCATION_UNKNOWN,rawCode=0,primaryLevelUnicode=0,scancode=0,extendedKeyCode=0x0] on new item stop price field
Dec 20, 2021 2:32:12 AM net.sourceforge.marathon.javaagent.EventQueueDevice dispatchEvent
INFO: java.awt.event.KeyEvent[KEY_TYPED,keyCode=0,keyText=Unknown keyCode: 0x0,keyChar='1',keyLocation=KEY_LOCATION_UNKNOWN,rawCode=0,primaryLevelUnicode=0,scancode=0,extendedKeyCode=0x0] on new item stop price field
Dec 20, 2021 2:32:12 AM net.sourceforge.marathon.javaagent.EventQueueDevice dispatchEvent
INFO: java.awt.event.KeyEvent[KEY_RELEASED,keyCode=49,keyText=1,keyChar='1',keyLocation=KEY_LOCATION_UNKNOWN,rawCode=0,primaryLevelUnicode=0,scancode=0,extendedKeyCode=0x0] on new item stop price field
Dec 20, 2021 2:32:12 AM net.sourceforge.marathon.javaagent.EventQueueDevice dispatchEvent
INFO: java.awt.event.KeyEvent[KEY_PRESSED,keyCode=48,keyText=0,keyChar='0',keyLocation=KEY_LOCATION_UNKNOWN,rawCode=0,primaryLevelUnicode=0,scancode=0,extendedKeyCode=0x0] on new item stop price field
Dec 20, 2021 2:32:12 AM net.sourceforge.marathon.javaagent.EventQueueDevice dispatchEvent
INFO: java.awt.event.KeyEvent[KEY_TYPED,keyCode=0,keyText=Unknown keyCode: 0x0,keyChar='0',keyLocation=KEY_LOCATION_UNKNOWN,rawCode=0,primaryLevelUnicode=0,scancode=0,extendedKeyCode=0x0] on new item stop price field
Dec 20, 2021 2:32:12 AM net.sourceforge.marathon.javaagent.EventQueueDevice dispatchEvent
INFO: java.awt.event.KeyEvent[KEY_RELEASED,keyCode=48,keyText=0,keyChar='0',keyLocation=KEY_LOCATION_UNKNOWN,rawCode=0,primaryLevelUnicode=0,scancode=0,extendedKeyCode=0x0] on new item stop price field
Dec 20, 2021 2:32:12 AM net.sourceforge.marathon.javaagent.EventQueueDevice dispatchEvent
INFO: java.awt.event.KeyEvent[KEY_PRESSED,keyCode=48,keyText=0,keyChar='0',keyLocation=KEY_LOCATION_UNKNOWN,rawCode=0,primaryLevelUnicode=0,scancode=0,extendedKeyCode=0x0] on new item stop price field
Dec 20, 2021 2:32:12 AM net.sourceforge.marathon.javaagent.EventQueueDevice dispatchEvent
INFO: java.awt.event.KeyEvent[KEY_TYPED,keyCode=0,keyText=Unknown keyCode: 0x0,keyChar='0',keyLocation=KEY_LOCATION_UNKNOWN,rawCode=0,primaryLevelUnicode=0,scancode=0,extendedKeyCode=0x0] on new item stop price field
Dec 20, 2021 2:32:12 AM net.sourceforge.marathon.javaagent.EventQueueDevice dispatchEvent
INFO: java.awt.event.KeyEvent[KEY_RELEASED,keyCode=48,keyText=0,keyChar='0',keyLocation=KEY_LOCATION_UNKNOWN,rawCode=0,primaryLevelUnicode=0,scancode=0,extendedKeyCode=0x0] on new item stop price field
Dec 20, 2021 2:32:12 AM net.sourceforge.marathon.javaagent.EventQueueDevice dispatchEvent
INFO: java.awt.event.KeyEvent[KEY_PRESSED,keyCode=48,keyText=0,keyChar='0',keyLocation=KEY_LOCATION_UNKNOWN,rawCode=0,primaryLevelUnicode=0,scancode=0,extendedKeyCode=0x0] on new item stop price field
Dec 20, 2021 2:32:12 AM net.sourceforge.marathon.javaagent.EventQueueDevice dispatchEvent
INFO: java.awt.event.KeyEvent[KEY_TYPED,keyCode=0,keyText=Unknown keyCode: 0x0,keyChar='0',keyLocation=KEY_LOCATION_UNKNOWN,rawCode=0,primaryLevelUnicode=0,scancode=0,extendedKeyCode=0x0] on new item stop price field
Dec 20, 2021 2:32:12 AM net.sourceforge.marathon.javaagent.EventQueueDevice dispatchEvent
INFO: java.awt.event.KeyEvent[KEY_RELEASED,keyCode=48,keyText=0,keyChar='0',keyLocation=KEY_LOCATION_UNKNOWN,rawCode=0,primaryLevelUnicode=0,scancode=0,extendedKeyCode=0x0] on new item stop price field
Dec 20, 2021 2:32:12 AM net.sourceforge.marathon.javaagent.server.JavaServer serve
INFO: POST(/session/318f4524-7840-46cb-ae83-24d0b40c814a/element/00bca77d-af3c-4fbf-aaf9-d0e0ea4b8596/value, {"id":"00bca77d-af3c-4fbf-aaf9-d0e0ea4b8596","value":["11000"]}) = {data={"name":"sendKeysElement","sessionId":"318f4524-7840-46cb-ae83-24d0b40c814a","status":0}, status=OK}
Dec 20, 2021 2:32:12 AM net.sourceforge.marathon.javaagent.server.JavaServer serve
INFO: JavaServer.serve(POST /session/318f4524-7840-46cb-ae83-24d0b40c814a/element): {
  "using": "name",
  "value": "join button"
}
Dec 20, 2021 2:32:12 AM net.sourceforge.marathon.javaagent.server.JavaServer serve
INFO: POST(/session/318f4524-7840-46cb-ae83-24d0b40c814a/element, {"using":"name","value":"join button"}) = {data={"name":"findElement","sessionId":"318f4524-7840-46cb-ae83-24d0b40c814a","value":{"ELEMENT":"698dee22-3dc1-4b4b-81a6-8e730698dd04"},"status":0}, status=OK}
Dec 20, 2021 2:32:12 AM net.sourceforge.marathon.javaagent.server.JavaServer serve
INFO: JavaServer.serve(POST /session/318f4524-7840-46cb-ae83-24d0b40c814a/element/698dee22-3dc1-4b4b-81a6-8e730698dd04/click): {
  "id": "698dee22-3dc1-4b4b-81a6-8e730698dd04"
}
Dec 20, 2021 2:32:12 AM net.sourceforge.marathon.javaagent.EventQueueDevice dispatchEvent
INFO: java.awt.event.MouseEvent[MOUSE_PRESSED,(58,12),absolute(589,17),button=1,modifiers=Button1,extModifiers=Button1,clickCount=1] on join button
Dec 20, 2021 2:32:12 AM net.sourceforge.marathon.javaagent.EventQueueDevice dispatchEvent
INFO: java.awt.event.MouseEvent[MOUSE_RELEASED,(58,12),absolute(589,17),button=1,modifiers=Button1,clickCount=1] on join button
Dec 20, 2021 2:32:12 AM net.sourceforge.marathon.javaagent.EventQueueDevice dispatchEvent
INFO: java.awt.event.MouseEvent[MOUSE_CLICKED,(58,12),absolute(589,17),button=1,modifiers=Button1,clickCount=1] on join button
Dec 20, 2021 2:32:13 AM net.sourceforge.marathon.javaagent.server.JavaServer serve
INFO: POST(/session/318f4524-7840-46cb-ae83-24d0b40c814a/element/698dee22-3dc1-4b4b-81a6-8e730698dd04/click, {"id":"698dee22-3dc1-4b4b-81a6-8e730698dd04"}) = {data={"name":"clickElement","sessionId":"318f4524-7840-46cb-ae83-24d0b40c814a","status":0}, status=OK}
Dec 20, 2021 2:32:13 AM net.sourceforge.marathon.javaagent.server.JavaServer serve
INFO: JavaServer.serve(DELETE /session/318f4524-7840-46cb-ae83-24d0b40c814a/window): {}
Dec 20, 2021 2:32:13 AM net.sourceforge.marathon.javaagent.server.JavaServer serve
INFO: DELETE(/session/318f4524-7840-46cb-ae83-24d0b40c814a/window) = {data={"name":"closeSession","sessionId":"318f4524-7840-46cb-ae83-24d0b40c814a","status":0}, status=OK}
Dec 20, 2021 2:32:13 AM net.sourceforge.marathon.javaagent.server.JavaServer serve
INFO: JavaServer.serve(POST /session): {
  "desiredCapabilities": {
    "browserName": "java",
    "platform": "ANY"
  },
  "capabilities": {
    "firstMatch": [
      {
        "browserName": "java"
      }
    ]
  }
}
Dec 20, 2021 2:32:13 AM net.sourceforge.marathon.javaagent.server.JavaServer createSession
INFO: Creating device with type: EVENT_QUEUE
Dec 20, 2021 2:32:13 AM net.sourceforge.marathon.javaagent.Device getDevice
INFO: Creating a EVENT_QUEUE device
Dec 20, 2021 2:32:13 AM net.sourceforge.marathon.javaagent.server.JavaServer serve
INFO: POST(/session, {"desiredCapabilities":{"browserName":"java","platform":"ANY"},"capabilities":{"firstMatch":[{"browserName":"java"}]}}) = {data=, status=REDIRECT}
Dec 20, 2021 2:32:13 AM net.sourceforge.marathon.javaagent.server.JavaServer serve
INFO: JavaServer.serve(GET /session/b1d36cb4-1b4c-4fca-9458-10eae70037bb): {}
Dec 20, 2021 2:32:13 AM net.sourceforge.marathon.javaagent.server.JavaServer serve
INFO: GET(/session/b1d36cb4-1b4c-4fca-9458-10eae70037bb) = {data={"name":"getCapabilities","sessionId":"b1d36cb4-1b4c-4fca-9458-10eae70037bb","value":{"applicationCacheEnabled":false,"rotatable":false,"loggingPrefs":{"driver":"ALL"},"handlesAlerts":false,"databaseEnabled":false,"version":"1.0","platform":"ANY","browserConnectionEnabled":false,"nativeEvents":false,"acceptSslCerts":false,"locationContextEnabled":false,"webStorageEnabled":false,"browserName":"java","takesScreenshot":true,"javascriptEnabled":true,"cssSelectorsEnabled":false},"status":0}, status=OK}
Dec 20, 2021 2:32:13 AM org.openqa.selenium.remote.ProtocolHandshake createSession
INFO: Detected dialect: OSS
Dec 20, 2021 2:32:13 AM net.sourceforge.marathon.javaagent.server.JavaServer serve
INFO: JavaServer.serve(POST /session/b1d36cb4-1b4c-4fca-9458-10eae70037bb/element): {
  "using": "name",
  "value": "sniper reset button"
}
Dec 20, 2021 2:32:13 AM net.sourceforge.marathon.javaagent.server.JavaServer serve
INFO: POST(/session/b1d36cb4-1b4c-4fca-9458-10eae70037bb/element, {"using":"name","value":"sniper reset button"}) = {data={"name":"findElement","sessionId":"b1d36cb4-1b4c-4fca-9458-10eae70037bb","value":{"ELEMENT":"3647d126-a71b-41f1-bf1e-620bfc15e9a6"},"status":0}, status=OK}
Dec 20, 2021 2:32:13 AM net.sourceforge.marathon.javaagent.server.JavaServer serve
INFO: JavaServer.serve(POST /session/b1d36cb4-1b4c-4fca-9458-10eae70037bb/element/3647d126-a71b-41f1-bf1e-620bfc15e9a6/click): {
  "id": "3647d126-a71b-41f1-bf1e-620bfc15e9a6"
}
Dec 20, 2021 2:32:13 AM net.sourceforge.marathon.javaagent.EventQueueDevice dispatchEvent
INFO: java.awt.event.MouseEvent[MOUSE_PRESSED,(37,12),absolute(326,474),button=1,modifiers=Button1,extModifiers=Button1,clickCount=1] on sniper reset button
Dec 20, 2021 2:32:13 AM net.sourceforge.marathon.javaagent.EventQueueDevice dispatchEvent
INFO: java.awt.event.MouseEvent[MOUSE_RELEASED,(37,12),absolute(326,474),button=1,modifiers=Button1,clickCount=1] on sniper reset button
Dec 20, 2021 2:32:13 AM net.sourceforge.marathon.javaagent.EventQueueDevice dispatchEvent
INFO: java.awt.event.MouseEvent[MOUSE_CLICKED,(37,12),absolute(326,474),button=1,modifiers=Button1,clickCount=1] on sniper reset button
Dec 20, 2021 2:32:13 AM net.sourceforge.marathon.javaagent.server.JavaServer serve
INFO: POST(/session/b1d36cb4-1b4c-4fca-9458-10eae70037bb/element/3647d126-a71b-41f1-bf1e-620bfc15e9a6/click, {"id":"3647d126-a71b-41f1-bf1e-620bfc15e9a6"}) = {data={"name":"clickElement","sessionId":"b1d36cb4-1b4c-4fca-9458-10eae70037bb","status":0}, status=OK}
Dec 20, 2021 2:32:13 AM net.sourceforge.marathon.javaagent.server.JavaServer serve
INFO: JavaServer.serve(DELETE /session/b1d36cb4-1b4c-4fca-9458-10eae70037bb/window): {}
Dec 20, 2021 2:32:13 AM net.sourceforge.marathon.javaagent.server.JavaServer serve
INFO: DELETE(/session/b1d36cb4-1b4c-4fca-9458-10eae70037bb/window) = {data={"name":"closeSession","sessionId":"b1d36cb4-1b4c-4fca-9458-10eae70037bb","status":0}, status=OK}
]]></system-err>
</testsuite>
