<?xml version="1.0" encoding="UTF-8"?>
<testsuite name="goos.ui.swing.MainWindowTest" tests="3" skipped="0" failures="0" errors="0" timestamp="2021-10-08T02:28:16" hostname="buildkitsandbox" time="3.808">
  <properties/>
  <testcase name="window has expected features" classname="goos.ui.swing.MainWindowTest" time="2.904"/>
  <testcase name="make user request when join button clicked" classname="goos.ui.swing.MainWindowTest" time="0.727"/>
  <testcase name="make user request when reset button clicked" classname="goos.ui.swing.MainWindowTest" time="0.174"/>
  <system-out><![CDATA[]]></system-out>
  <system-err><![CDATA[Oct 08, 2021 2:28:16 AM io.mockk.impl.log.JULLogger warn
WARNING: Failed to transform class goos/ui/api/UserRequestListener
java.lang.IllegalArgumentException: Unsupported class file major version 59
	at net.bytebuddy.jar.asm.ClassReader.<init>(ClassReader.java:176)
	at net.bytebuddy.jar.asm.ClassReader.<init>(ClassReader.java:158)
	at net.bytebuddy.jar.asm.ClassReader.<init>(ClassReader.java:146)
	at net.bytebuddy.utility.OpenedClassReader.of(OpenedClassReader.java:69)
	at net.bytebuddy.dynamic.scaffold.TypeWriter$Default$ForInlining.create(TypeWriter.java:2877)
	at net.bytebuddy.dynamic.scaffold.TypeWriter$Default.make(TypeWriter.java:1653)
	at net.bytebuddy.dynamic.scaffold.inline.RedefinitionDynamicTypeBuilder.make(RedefinitionDynamicTypeBuilder.java:180)
	at net.bytebuddy.dynamic.scaffold.inline.AbstractInliningDynamicTypeBuilder.make(AbstractInliningDynamicTypeBuilder.java:94)
	at net.bytebuddy.dynamic.DynamicType$Builder$AbstractBase.make(DynamicType.java:2669)
	at io.mockk.proxy.jvm.transformation.InliningClassTransformer.transform(InliningClassTransformer.kt:78)
	at java.instrument/java.lang.instrument.ClassFileTransformer.transform(ClassFileTransformer.java:246)
	at java.instrument/sun.instrument.TransformerManager.transform(TransformerManager.java:188)
	at java.instrument/sun.instrument.InstrumentationImpl.transform(InstrumentationImpl.java:563)
	at java.instrument/sun.instrument.InstrumentationImpl.retransformClasses0(Native Method)
	at java.instrument/sun.instrument.InstrumentationImpl.retransformClasses(InstrumentationImpl.java:167)
	at io.mockk.proxy.jvm.transformation.JvmInlineInstrumentation.retransform(JvmInlineInstrumentation.kt:28)
	at io.mockk.proxy.common.transformation.RetransformInlineInstrumnetation$execute$1.invoke(RetransformInlineInstrumnetation.kt:19)
	at io.mockk.proxy.common.transformation.RetransformInlineInstrumnetation$execute$1.invoke(RetransformInlineInstrumnetation.kt:6)
	at io.mockk.proxy.common.transformation.ClassTransformationSpecMap.applyTransformation(ClassTransformationSpecMap.kt:41)
	at io.mockk.proxy.common.transformation.RetransformInlineInstrumnetation.execute(RetransformInlineInstrumnetation.kt:16)
	at io.mockk.proxy.jvm.ProxyMaker.inline(ProxyMaker.kt:88)
	at io.mockk.proxy.jvm.ProxyMaker.proxy(ProxyMaker.kt:30)
	at io.mockk.impl.instantiation.JvmMockFactory.newProxy(JvmMockFactory.kt:34)
	at io.mockk.impl.instantiation.AbstractMockFactory.newProxy$default(AbstractMockFactory.kt:29)
	at io.mockk.impl.instantiation.AbstractMockFactory.mockk(AbstractMockFactory.kt:59)
	at goos.ui.swing.MainWindowTest$1$1.invokeSuspend(MainWindowTest.kt:90)
	at goos.ui.swing.MainWindowTest$1$1.invoke(MainWindowTest.kt)
	at goos.ui.swing.MainWindowTest$1$1.invoke(MainWindowTest.kt)
	at io.kotest.core.TestConfiguration$beforeTest$1.beforeTest(TestConfiguration.kt:137)
	at io.kotest.core.spec.LifecycleKt.invokeAllBeforeTestCallbacks(lifecycle.kt:76)
	at io.kotest.core.internal.TestCaseExecutor.executeActiveTest(TestCaseExecutor.kt:152)
	at io.kotest.core.internal.TestCaseExecutor.access$executeActiveTest(TestCaseExecutor.kt:57)
	at io.kotest.core.internal.TestCaseExecutor$intercept$innerExecute$1$1.invokeSuspend(TestCaseExecutor.kt:89)
	at io.kotest.core.internal.TestCaseExecutor$intercept$innerExecute$1$1.invoke(TestCaseExecutor.kt)
	at io.kotest.core.internal.TestCaseExecutor$intercept$innerExecute$1$1.invoke(TestCaseExecutor.kt)
	at io.kotest.core.internal.TestCaseExecutor.executeIfEnabled(TestCaseExecutor.kt:117)
	at io.kotest.core.internal.TestCaseExecutor.access$executeIfEnabled(TestCaseExecutor.kt:57)
	at io.kotest.core.internal.TestCaseExecutor$intercept$innerExecute$1.invokeSuspend(TestCaseExecutor.kt:89)
	at io.kotest.core.internal.TestCaseExecutor$intercept$innerExecute$1.invoke(TestCaseExecutor.kt)
	at io.kotest.core.internal.TestCaseExecutor$intercept$innerExecute$1.invoke(TestCaseExecutor.kt)
	at io.kotest.core.internal.TestCaseExecutor.intercept(TestCaseExecutor.kt:103)
	at io.kotest.core.internal.TestCaseExecutor.execute(TestCaseExecutor.kt:69)
	at io.kotest.engine.spec.runners.SingleInstanceSpecRunner.runTest(SingleInstanceSpecRunner.kt:104)
	at io.kotest.engine.spec.runners.SingleInstanceSpecRunner.access$runTest(SingleInstanceSpecRunner.kt:34)
	at io.kotest.engine.spec.runners.SingleInstanceSpecRunner$execute$interceptAndRun$2$4.invokeSuspend(SingleInstanceSpecRunner.kt:57)
	at io.kotest.engine.spec.runners.SingleInstanceSpecRunner$execute$interceptAndRun$2$4.invoke(SingleInstanceSpecRunner.kt)
	at io.kotest.engine.spec.runners.SingleInstanceSpecRunner$execute$interceptAndRun$2$4.invoke(SingleInstanceSpecRunner.kt)
	at io.kotest.engine.launchers.SequentialTestLauncher$launch$3$1$1.invokeSuspend(SequentialTestLauncher.kt:22)
	at kotlin.coroutines.jvm.internal.BaseContinuationImpl.resumeWith(ContinuationImpl.kt:33)
	at kotlinx.coroutines.DispatchedTask.run(DispatchedTask.kt:106)
	at java.base/java.util.concurrent.ThreadPoolExecutor.runWorker(ThreadPoolExecutor.java:1130)
	at java.base/java.util.concurrent.ThreadPoolExecutor$Worker.run(ThreadPoolExecutor.java:630)
	at java.base/java.lang.Thread.run(Thread.java:832)

Oct 08, 2021 2:28:18 AM net.sourceforge.marathon.javaagent.server.JavaServer serve
INFO: JavaServer.serve(POST /session): {
  "desiredCapabilities": {
    "browserName": "java",
    "platform": "ANY"
  },
  "capabilities": {
    "firstMatch": [
      {
        "browserName": "java"
      }
    ]
  }
}
Oct 08, 2021 2:28:18 AM net.sourceforge.marathon.javaagent.server.JavaServer createSession
INFO: Creating device with type: EVENT_QUEUE
Oct 08, 2021 2:28:18 AM net.sourceforge.marathon.javaagent.Device getDevice
INFO: Creating a EVENT_QUEUE device
Oct 08, 2021 2:28:18 AM net.sourceforge.marathon.javaagent.server.JavaServer serve
INFO: POST(/session, {"desiredCapabilities":{"browserName":"java","platform":"ANY"},"capabilities":{"firstMatch":[{"browserName":"java"}]}}) = {data=, status=REDIRECT}
Oct 08, 2021 2:28:18 AM net.sourceforge.marathon.javaagent.server.JavaServer serve
INFO: JavaServer.serve(GET /session/4e943a38-c34f-430f-b13e-5f7fc1983737): {}
Oct 08, 2021 2:28:18 AM net.sourceforge.marathon.javaagent.server.JavaServer serve
INFO: GET(/session/4e943a38-c34f-430f-b13e-5f7fc1983737) = {data={"name":"getCapabilities","sessionId":"4e943a38-c34f-430f-b13e-5f7fc1983737","value":{"applicationCacheEnabled":false,"rotatable":false,"loggingPrefs":{"driver":"ALL"},"handlesAlerts":false,"databaseEnabled":false,"version":"1.0","platform":"ANY","browserConnectionEnabled":false,"nativeEvents":false,"acceptSslCerts":false,"locationContextEnabled":false,"webStorageEnabled":false,"browserName":"java","takesScreenshot":true,"javascriptEnabled":true,"cssSelectorsEnabled":false},"status":0}, status=OK}
Oct 08, 2021 2:28:18 AM org.openqa.selenium.remote.ProtocolHandshake createSession
INFO: Detected dialect: OSS
Oct 08, 2021 2:28:18 AM net.sourceforge.marathon.javaagent.server.JavaServer serve
INFO: JavaServer.serve(POST /session/4e943a38-c34f-430f-b13e-5f7fc1983737/element): {
  "using": "css selector",
  "value": "."
}
Oct 08, 2021 2:28:18 AM net.sourceforge.marathon.javaagent.server.JavaServer serve
INFO: POST(/session/4e943a38-c34f-430f-b13e-5f7fc1983737/element, {"using":"css selector","value":"."}) = {data={"name":"findElement","sessionId":"4e943a38-c34f-430f-b13e-5f7fc1983737","value":{"ELEMENT":"baafbf7b-c8d7-4061-ad87-06e68eb84eda"},"status":0}, status=OK}
Oct 08, 2021 2:28:18 AM net.sourceforge.marathon.javaagent.server.JavaServer serve
INFO: JavaServer.serve(GET /session/4e943a38-c34f-430f-b13e-5f7fc1983737/element/baafbf7b-c8d7-4061-ad87-06e68eb84eda/attribute/name): {}
Oct 08, 2021 2:28:18 AM net.sourceforge.marathon.javaagent.server.JavaServer serve
INFO: GET(/session/4e943a38-c34f-430f-b13e-5f7fc1983737/element/baafbf7b-c8d7-4061-ad87-06e68eb84eda/attribute/name) = {data={"name":"getElementAttribute","sessionId":"4e943a38-c34f-430f-b13e-5f7fc1983737","value":"Auction Sniper Name","status":0}, status=OK}
Oct 08, 2021 2:28:18 AM net.sourceforge.marathon.javaagent.server.JavaServer serve
INFO: JavaServer.serve(POST /session/4e943a38-c34f-430f-b13e-5f7fc1983737/element): {
  "using": "css selector",
  "value": "."
}
Oct 08, 2021 2:28:18 AM net.sourceforge.marathon.javaagent.server.JavaServer serve
INFO: POST(/session/4e943a38-c34f-430f-b13e-5f7fc1983737/element, {"using":"css selector","value":"."}) = {data={"name":"findElement","sessionId":"4e943a38-c34f-430f-b13e-5f7fc1983737","value":{"ELEMENT":"baafbf7b-c8d7-4061-ad87-06e68eb84eda"},"status":0}, status=OK}
Oct 08, 2021 2:28:18 AM net.sourceforge.marathon.javaagent.server.JavaServer serve
INFO: JavaServer.serve(GET /session/4e943a38-c34f-430f-b13e-5f7fc1983737/element/baafbf7b-c8d7-4061-ad87-06e68eb84eda/displayed): {}
Oct 08, 2021 2:28:18 AM net.sourceforge.marathon.javaagent.server.JavaServer serve
INFO: GET(/session/4e943a38-c34f-430f-b13e-5f7fc1983737/element/baafbf7b-c8d7-4061-ad87-06e68eb84eda/displayed) = {data={"name":"isDisplayed","sessionId":"4e943a38-c34f-430f-b13e-5f7fc1983737","value":true,"status":0}, status=OK}
Oct 08, 2021 2:28:18 AM net.sourceforge.marathon.javaagent.server.JavaServer serve
INFO: JavaServer.serve(GET /session/4e943a38-c34f-430f-b13e-5f7fc1983737/title): {}
Oct 08, 2021 2:28:18 AM net.sourceforge.marathon.javaagent.server.JavaServer serve
INFO: GET(/session/4e943a38-c34f-430f-b13e-5f7fc1983737/title) = {data={"name":"getWindowTitle","sessionId":"4e943a38-c34f-430f-b13e-5f7fc1983737","value":"Auction Sniper","status":0}, status=OK}
Oct 08, 2021 2:28:18 AM net.sourceforge.marathon.javaagent.server.JavaServer serve
INFO: JavaServer.serve(POST /session/4e943a38-c34f-430f-b13e-5f7fc1983737/element): {
  "using": "name",
  "value": "snipers table"
}
Oct 08, 2021 2:28:18 AM net.sourceforge.marathon.javaagent.server.JavaServer serve
INFO: POST(/session/4e943a38-c34f-430f-b13e-5f7fc1983737/element, {"using":"name","value":"snipers table"}) = {data={"name":"findElement","sessionId":"4e943a38-c34f-430f-b13e-5f7fc1983737","value":{"ELEMENT":"c50c57ac-30fe-4f0e-bc45-8a34769acfb5"},"status":0}, status=OK}
Oct 08, 2021 2:28:18 AM net.sourceforge.marathon.javaagent.server.JavaServer serve
INFO: JavaServer.serve(POST /session/4e943a38-c34f-430f-b13e-5f7fc1983737/element/c50c57ac-30fe-4f0e-bc45-8a34769acfb5/elements): {
  "id": "c50c57ac-30fe-4f0e-bc45-8a34769acfb5",
  "using": "css selector",
  "value": ".::header.::all-items"
}
Oct 08, 2021 2:28:18 AM net.sourceforge.marathon.javaagent.server.JavaServer serve
INFO: POST(/session/4e943a38-c34f-430f-b13e-5f7fc1983737/element/c50c57ac-30fe-4f0e-bc45-8a34769acfb5/elements, {"using":"css selector","id":"c50c57ac-30fe-4f0e-bc45-8a34769acfb5","value":".::header.::all-items"}) = {data={"name":"findElementsOfElement","sessionId":"4e943a38-c34f-430f-b13e-5f7fc1983737","value":[{"ELEMENT":"c57785e5-059e-4e7d-9e2a-d2bf76dde75e%23%7B%22selector%22%3A%22nth-item%22%2C%22parameters%22%3A%5B1%5D%7D"},{"ELEMENT":"c57785e5-059e-4e7d-9e2a-d2bf76dde75e%23%7B%22selector%22%3A%22nth-item%22%2C%22parameters%22%3A%5B2%5D%7D"},{"ELEMENT":"c57785e5-059e-4e7d-9e2a-d2bf76dde75e%23%7B%22selector%22%3A%22nth-item%22%2C%22parameters%22%3A%5B3%5D%7D"},{"ELEMENT":"c57785e5-059e-4e7d-9e2a-d2bf76dde75e%23%7B%22selector%22%3A%22nth-item%22%2C%22parameters%22%3A%5B4%5D%7D"}],"status":0}, status=OK}
Oct 08, 2021 2:28:18 AM net.sourceforge.marathon.javaagent.server.JavaServer serve
INFO: JavaServer.serve(GET /session/4e943a38-c34f-430f-b13e-5f7fc1983737/element/c57785e5-059e-4e7d-9e2a-d2bf76dde75e%23%7B%22selector%22%3A%22nth-item%22%2C%22parameters%22%3A%5B1%5D%7D/text): {}
Oct 08, 2021 2:28:18 AM net.sourceforge.marathon.javaagent.server.JavaServer serve
INFO: GET(/session/4e943a38-c34f-430f-b13e-5f7fc1983737/element/c57785e5-059e-4e7d-9e2a-d2bf76dde75e%23%7B%22selector%22%3A%22nth-item%22%2C%22parameters%22%3A%5B1%5D%7D/text) = {data={"name":"getElementText","sessionId":"4e943a38-c34f-430f-b13e-5f7fc1983737","value":"Item","status":0}, status=OK}
Oct 08, 2021 2:28:18 AM net.sourceforge.marathon.javaagent.server.JavaServer serve
INFO: JavaServer.serve(GET /session/4e943a38-c34f-430f-b13e-5f7fc1983737/element/c57785e5-059e-4e7d-9e2a-d2bf76dde75e%23%7B%22selector%22%3A%22nth-item%22%2C%22parameters%22%3A%5B2%5D%7D/text): {}
Oct 08, 2021 2:28:18 AM net.sourceforge.marathon.javaagent.server.JavaServer serve
INFO: GET(/session/4e943a38-c34f-430f-b13e-5f7fc1983737/element/c57785e5-059e-4e7d-9e2a-d2bf76dde75e%23%7B%22selector%22%3A%22nth-item%22%2C%22parameters%22%3A%5B2%5D%7D/text) = {data={"name":"getElementText","sessionId":"4e943a38-c34f-430f-b13e-5f7fc1983737","value":"Last Price","status":0}, status=OK}
Oct 08, 2021 2:28:19 AM net.sourceforge.marathon.javaagent.server.JavaServer serve
INFO: JavaServer.serve(GET /session/4e943a38-c34f-430f-b13e-5f7fc1983737/element/c57785e5-059e-4e7d-9e2a-d2bf76dde75e%23%7B%22selector%22%3A%22nth-item%22%2C%22parameters%22%3A%5B3%5D%7D/text): {}
Oct 08, 2021 2:28:19 AM net.sourceforge.marathon.javaagent.server.JavaServer serve
INFO: GET(/session/4e943a38-c34f-430f-b13e-5f7fc1983737/element/c57785e5-059e-4e7d-9e2a-d2bf76dde75e%23%7B%22selector%22%3A%22nth-item%22%2C%22parameters%22%3A%5B3%5D%7D/text) = {data={"name":"getElementText","sessionId":"4e943a38-c34f-430f-b13e-5f7fc1983737","value":"Last Bid","status":0}, status=OK}
Oct 08, 2021 2:28:19 AM net.sourceforge.marathon.javaagent.server.JavaServer serve
INFO: JavaServer.serve(GET /session/4e943a38-c34f-430f-b13e-5f7fc1983737/element/c57785e5-059e-4e7d-9e2a-d2bf76dde75e%23%7B%22selector%22%3A%22nth-item%22%2C%22parameters%22%3A%5B4%5D%7D/text): {}
Oct 08, 2021 2:28:19 AM net.sourceforge.marathon.javaagent.server.JavaServer serve
INFO: GET(/session/4e943a38-c34f-430f-b13e-5f7fc1983737/element/c57785e5-059e-4e7d-9e2a-d2bf76dde75e%23%7B%22selector%22%3A%22nth-item%22%2C%22parameters%22%3A%5B4%5D%7D/text) = {data={"name":"getElementText","sessionId":"4e943a38-c34f-430f-b13e-5f7fc1983737","value":"State","status":0}, status=OK}
Oct 08, 2021 2:28:19 AM net.sourceforge.marathon.javaagent.server.JavaServer serve
INFO: JavaServer.serve(DELETE /session/4e943a38-c34f-430f-b13e-5f7fc1983737/window): {}
Oct 08, 2021 2:28:19 AM net.sourceforge.marathon.javaagent.server.JavaServer serve
INFO: DELETE(/session/4e943a38-c34f-430f-b13e-5f7fc1983737/window) = {data={"name":"closeSession","sessionId":"4e943a38-c34f-430f-b13e-5f7fc1983737","status":0}, status=OK}
Oct 08, 2021 2:28:19 AM net.sourceforge.marathon.javaagent.server.JavaServer serve
INFO: JavaServer.serve(POST /session): {
  "desiredCapabilities": {
    "browserName": "java",
    "platform": "ANY"
  },
  "capabilities": {
    "firstMatch": [
      {
        "browserName": "java"
      }
    ]
  }
}
Oct 08, 2021 2:28:19 AM net.sourceforge.marathon.javaagent.server.JavaServer createSession
INFO: Creating device with type: EVENT_QUEUE
Oct 08, 2021 2:28:19 AM net.sourceforge.marathon.javaagent.Device getDevice
INFO: Creating a EVENT_QUEUE device
Oct 08, 2021 2:28:19 AM net.sourceforge.marathon.javaagent.server.JavaServer serve
INFO: POST(/session, {"desiredCapabilities":{"browserName":"java","platform":"ANY"},"capabilities":{"firstMatch":[{"browserName":"java"}]}}) = {data=, status=REDIRECT}
Oct 08, 2021 2:28:19 AM net.sourceforge.marathon.javaagent.server.JavaServer serve
INFO: JavaServer.serve(GET /session/4e0f469e-449c-45a8-8460-b8878f920dc1): {}
Oct 08, 2021 2:28:19 AM net.sourceforge.marathon.javaagent.server.JavaServer serve
INFO: GET(/session/4e0f469e-449c-45a8-8460-b8878f920dc1) = {data={"name":"getCapabilities","sessionId":"4e0f469e-449c-45a8-8460-b8878f920dc1","value":{"applicationCacheEnabled":false,"rotatable":false,"loggingPrefs":{"driver":"ALL"},"handlesAlerts":false,"databaseEnabled":false,"version":"1.0","platform":"ANY","browserConnectionEnabled":false,"nativeEvents":false,"acceptSslCerts":false,"locationContextEnabled":false,"webStorageEnabled":false,"browserName":"java","takesScreenshot":true,"javascriptEnabled":true,"cssSelectorsEnabled":false},"status":0}, status=OK}
Oct 08, 2021 2:28:19 AM org.openqa.selenium.remote.ProtocolHandshake createSession
INFO: Detected dialect: OSS
Oct 08, 2021 2:28:19 AM net.sourceforge.marathon.javaagent.server.JavaServer serve
INFO: JavaServer.serve(POST /session/4e0f469e-449c-45a8-8460-b8878f920dc1/element): {
  "using": "name",
  "value": "new item id field"
}
Oct 08, 2021 2:28:19 AM net.sourceforge.marathon.javaagent.server.JavaServer serve
INFO: POST(/session/4e0f469e-449c-45a8-8460-b8878f920dc1/element, {"using":"name","value":"new item id field"}) = {data={"name":"findElement","sessionId":"4e0f469e-449c-45a8-8460-b8878f920dc1","value":{"ELEMENT":"573cee3c-dd2c-4d4a-aa7e-9f23d5412df2"},"status":0}, status=OK}
Oct 08, 2021 2:28:19 AM net.sourceforge.marathon.javaagent.server.JavaServer serve
INFO: JavaServer.serve(POST /session/4e0f469e-449c-45a8-8460-b8878f920dc1/element/573cee3c-dd2c-4d4a-aa7e-9f23d5412df2/clear): {
  "id": "573cee3c-dd2c-4d4a-aa7e-9f23d5412df2"
}
Oct 08, 2021 2:28:19 AM net.sourceforge.marathon.javaagent.server.JavaServer serve
INFO: POST(/session/4e0f469e-449c-45a8-8460-b8878f920dc1/element/573cee3c-dd2c-4d4a-aa7e-9f23d5412df2/clear, {"id":"573cee3c-dd2c-4d4a-aa7e-9f23d5412df2"}) = {data={"name":"clearElement","sessionId":"4e0f469e-449c-45a8-8460-b8878f920dc1","status":0}, status=OK}
Oct 08, 2021 2:28:19 AM net.sourceforge.marathon.javaagent.server.JavaServer serve
INFO: JavaServer.serve(POST /session/4e0f469e-449c-45a8-8460-b8878f920dc1/element/573cee3c-dd2c-4d4a-aa7e-9f23d5412df2/value): {
  "id": "573cee3c-dd2c-4d4a-aa7e-9f23d5412df2",
  "value": [
    "an item-id"
  ]
}
Oct 08, 2021 2:28:19 AM net.sourceforge.marathon.javaagent.EventQueueDevice dispatchEvent
INFO: java.awt.event.KeyEvent[KEY_PRESSED,keyCode=65,keyText=A,keyChar='a',keyLocation=KEY_LOCATION_UNKNOWN,rawCode=0,primaryLevelUnicode=0,scancode=0,extendedKeyCode=0x0] on new item id field
Oct 08, 2021 2:28:19 AM net.sourceforge.marathon.javaagent.EventQueueDevice dispatchEvent
INFO: java.awt.event.KeyEvent[KEY_TYPED,keyCode=0,keyText=Unknown keyCode: 0x0,keyChar='a',keyLocation=KEY_LOCATION_UNKNOWN,rawCode=0,primaryLevelUnicode=0,scancode=0,extendedKeyCode=0x0] on new item id field
Oct 08, 2021 2:28:19 AM net.sourceforge.marathon.javaagent.EventQueueDevice dispatchEvent
INFO: java.awt.event.KeyEvent[KEY_RELEASED,keyCode=65,keyText=A,keyChar='a',keyLocation=KEY_LOCATION_UNKNOWN,rawCode=0,primaryLevelUnicode=0,scancode=0,extendedKeyCode=0x0] on new item id field
Oct 08, 2021 2:28:19 AM net.sourceforge.marathon.javaagent.EventQueueDevice dispatchEvent
INFO: java.awt.event.KeyEvent[KEY_PRESSED,keyCode=78,keyText=N,keyChar='n',keyLocation=KEY_LOCATION_UNKNOWN,rawCode=0,primaryLevelUnicode=0,scancode=0,extendedKeyCode=0x0] on new item id field
Oct 08, 2021 2:28:19 AM net.sourceforge.marathon.javaagent.EventQueueDevice dispatchEvent
INFO: java.awt.event.KeyEvent[KEY_TYPED,keyCode=0,keyText=Unknown keyCode: 0x0,keyChar='n',keyLocation=KEY_LOCATION_UNKNOWN,rawCode=0,primaryLevelUnicode=0,scancode=0,extendedKeyCode=0x0] on new item id field
Oct 08, 2021 2:28:19 AM net.sourceforge.marathon.javaagent.EventQueueDevice dispatchEvent
INFO: java.awt.event.KeyEvent[KEY_RELEASED,keyCode=78,keyText=N,keyChar='n',keyLocation=KEY_LOCATION_UNKNOWN,rawCode=0,primaryLevelUnicode=0,scancode=0,extendedKeyCode=0x0] on new item id field
Oct 08, 2021 2:28:19 AM net.sourceforge.marathon.javaagent.EventQueueDevice dispatchEvent
INFO: java.awt.event.KeyEvent[KEY_PRESSED,keyCode=16,keyText=Shift,keyChar=Undefined keyChar,modifiers=Shift,extModifiers=Shift,keyLocation=KEY_LOCATION_UNKNOWN,rawCode=0,primaryLevelUnicode=0,scancode=0,extendedKeyCode=0x0] on new item id field
Oct 08, 2021 2:28:19 AM net.sourceforge.marathon.javaagent.EventQueueDevice dispatchEvent
INFO: java.awt.event.KeyEvent[KEY_PRESSED,keyCode=32,keyText=Space,keyChar=' ',modifiers=Shift,extModifiers=Shift,keyLocation=KEY_LOCATION_UNKNOWN,rawCode=0,primaryLevelUnicode=0,scancode=0,extendedKeyCode=0x0] on new item id field
Oct 08, 2021 2:28:19 AM net.sourceforge.marathon.javaagent.EventQueueDevice dispatchEvent
INFO: java.awt.event.KeyEvent[KEY_TYPED,keyCode=0,keyText=Unknown keyCode: 0x0,keyChar=' ',modifiers=Shift,extModifiers=Shift,keyLocation=KEY_LOCATION_UNKNOWN,rawCode=0,primaryLevelUnicode=0,scancode=0,extendedKeyCode=0x0] on new item id field
Oct 08, 2021 2:28:19 AM net.sourceforge.marathon.javaagent.EventQueueDevice dispatchEvent
INFO: java.awt.event.KeyEvent[KEY_RELEASED,keyCode=32,keyText=Space,keyChar=' ',modifiers=Shift,extModifiers=Shift,keyLocation=KEY_LOCATION_UNKNOWN,rawCode=0,primaryLevelUnicode=0,scancode=0,extendedKeyCode=0x0] on new item id field
Oct 08, 2021 2:28:19 AM net.sourceforge.marathon.javaagent.EventQueueDevice dispatchEvent
INFO: java.awt.event.KeyEvent[KEY_RELEASED,keyCode=16,keyText=Shift,keyChar=Undefined keyChar,keyLocation=KEY_LOCATION_UNKNOWN,rawCode=0,primaryLevelUnicode=0,scancode=0,extendedKeyCode=0x0] on new item id field
Oct 08, 2021 2:28:19 AM net.sourceforge.marathon.javaagent.EventQueueDevice dispatchEvent
INFO: java.awt.event.KeyEvent[KEY_PRESSED,keyCode=73,keyText=I,keyChar='i',keyLocation=KEY_LOCATION_UNKNOWN,rawCode=0,primaryLevelUnicode=0,scancode=0,extendedKeyCode=0x0] on new item id field
Oct 08, 2021 2:28:19 AM net.sourceforge.marathon.javaagent.EventQueueDevice dispatchEvent
INFO: java.awt.event.KeyEvent[KEY_TYPED,keyCode=0,keyText=Unknown keyCode: 0x0,keyChar='i',keyLocation=KEY_LOCATION_UNKNOWN,rawCode=0,primaryLevelUnicode=0,scancode=0,extendedKeyCode=0x0] on new item id field
Oct 08, 2021 2:28:19 AM net.sourceforge.marathon.javaagent.EventQueueDevice dispatchEvent
INFO: java.awt.event.KeyEvent[KEY_RELEASED,keyCode=73,keyText=I,keyChar='i',keyLocation=KEY_LOCATION_UNKNOWN,rawCode=0,primaryLevelUnicode=0,scancode=0,extendedKeyCode=0x0] on new item id field
Oct 08, 2021 2:28:19 AM net.sourceforge.marathon.javaagent.EventQueueDevice dispatchEvent
INFO: java.awt.event.KeyEvent[KEY_PRESSED,keyCode=84,keyText=T,keyChar='t',keyLocation=KEY_LOCATION_UNKNOWN,rawCode=0,primaryLevelUnicode=0,scancode=0,extendedKeyCode=0x0] on new item id field
Oct 08, 2021 2:28:19 AM net.sourceforge.marathon.javaagent.EventQueueDevice dispatchEvent
INFO: java.awt.event.KeyEvent[KEY_TYPED,keyCode=0,keyText=Unknown keyCode: 0x0,keyChar='t',keyLocation=KEY_LOCATION_UNKNOWN,rawCode=0,primaryLevelUnicode=0,scancode=0,extendedKeyCode=0x0] on new item id field
Oct 08, 2021 2:28:19 AM net.sourceforge.marathon.javaagent.EventQueueDevice dispatchEvent
INFO: java.awt.event.KeyEvent[KEY_RELEASED,keyCode=84,keyText=T,keyChar='t',keyLocation=KEY_LOCATION_UNKNOWN,rawCode=0,primaryLevelUnicode=0,scancode=0,extendedKeyCode=0x0] on new item id field
Oct 08, 2021 2:28:19 AM net.sourceforge.marathon.javaagent.EventQueueDevice dispatchEvent
INFO: java.awt.event.KeyEvent[KEY_PRESSED,keyCode=69,keyText=E,keyChar='e',keyLocation=KEY_LOCATION_UNKNOWN,rawCode=0,primaryLevelUnicode=0,scancode=0,extendedKeyCode=0x0] on new item id field
Oct 08, 2021 2:28:19 AM net.sourceforge.marathon.javaagent.EventQueueDevice dispatchEvent
INFO: java.awt.event.KeyEvent[KEY_TYPED,keyCode=0,keyText=Unknown keyCode: 0x0,keyChar='e',keyLocation=KEY_LOCATION_UNKNOWN,rawCode=0,primaryLevelUnicode=0,scancode=0,extendedKeyCode=0x0] on new item id field
Oct 08, 2021 2:28:19 AM net.sourceforge.marathon.javaagent.EventQueueDevice dispatchEvent
INFO: java.awt.event.KeyEvent[KEY_RELEASED,keyCode=69,keyText=E,keyChar='e',keyLocation=KEY_LOCATION_UNKNOWN,rawCode=0,primaryLevelUnicode=0,scancode=0,extendedKeyCode=0x0] on new item id field
Oct 08, 2021 2:28:19 AM net.sourceforge.marathon.javaagent.EventQueueDevice dispatchEvent
INFO: java.awt.event.KeyEvent[KEY_PRESSED,keyCode=77,keyText=M,keyChar='m',keyLocation=KEY_LOCATION_UNKNOWN,rawCode=0,primaryLevelUnicode=0,scancode=0,extendedKeyCode=0x0] on new item id field
Oct 08, 2021 2:28:19 AM net.sourceforge.marathon.javaagent.EventQueueDevice dispatchEvent
INFO: java.awt.event.KeyEvent[KEY_TYPED,keyCode=0,keyText=Unknown keyCode: 0x0,keyChar='m',keyLocation=KEY_LOCATION_UNKNOWN,rawCode=0,primaryLevelUnicode=0,scancode=0,extendedKeyCode=0x0] on new item id field
Oct 08, 2021 2:28:19 AM net.sourceforge.marathon.javaagent.EventQueueDevice dispatchEvent
INFO: java.awt.event.KeyEvent[KEY_RELEASED,keyCode=77,keyText=M,keyChar='m',keyLocation=KEY_LOCATION_UNKNOWN,rawCode=0,primaryLevelUnicode=0,scancode=0,extendedKeyCode=0x0] on new item id field
Oct 08, 2021 2:28:19 AM net.sourceforge.marathon.javaagent.EventQueueDevice dispatchEvent
INFO: java.awt.event.KeyEvent[KEY_PRESSED,keyCode=45,keyText=Minus,keyChar='-',keyLocation=KEY_LOCATION_UNKNOWN,rawCode=0,primaryLevelUnicode=0,scancode=0,extendedKeyCode=0x0] on new item id field
Oct 08, 2021 2:28:19 AM net.sourceforge.marathon.javaagent.EventQueueDevice dispatchEvent
INFO: java.awt.event.KeyEvent[KEY_TYPED,keyCode=0,keyText=Unknown keyCode: 0x0,keyChar='-',keyLocation=KEY_LOCATION_UNKNOWN,rawCode=0,primaryLevelUnicode=0,scancode=0,extendedKeyCode=0x0] on new item id field
Oct 08, 2021 2:28:19 AM net.sourceforge.marathon.javaagent.EventQueueDevice dispatchEvent
INFO: java.awt.event.KeyEvent[KEY_RELEASED,keyCode=45,keyText=Minus,keyChar='-',keyLocation=KEY_LOCATION_UNKNOWN,rawCode=0,primaryLevelUnicode=0,scancode=0,extendedKeyCode=0x0] on new item id field
Oct 08, 2021 2:28:19 AM net.sourceforge.marathon.javaagent.EventQueueDevice dispatchEvent
INFO: java.awt.event.KeyEvent[KEY_PRESSED,keyCode=73,keyText=I,keyChar='i',keyLocation=KEY_LOCATION_UNKNOWN,rawCode=0,primaryLevelUnicode=0,scancode=0,extendedKeyCode=0x0] on new item id field
Oct 08, 2021 2:28:19 AM net.sourceforge.marathon.javaagent.EventQueueDevice dispatchEvent
INFO: java.awt.event.KeyEvent[KEY_TYPED,keyCode=0,keyText=Unknown keyCode: 0x0,keyChar='i',keyLocation=KEY_LOCATION_UNKNOWN,rawCode=0,primaryLevelUnicode=0,scancode=0,extendedKeyCode=0x0] on new item id field
Oct 08, 2021 2:28:19 AM net.sourceforge.marathon.javaagent.EventQueueDevice dispatchEvent
INFO: java.awt.event.KeyEvent[KEY_RELEASED,keyCode=73,keyText=I,keyChar='i',keyLocation=KEY_LOCATION_UNKNOWN,rawCode=0,primaryLevelUnicode=0,scancode=0,extendedKeyCode=0x0] on new item id field
Oct 08, 2021 2:28:19 AM net.sourceforge.marathon.javaagent.EventQueueDevice dispatchEvent
INFO: java.awt.event.KeyEvent[KEY_PRESSED,keyCode=68,keyText=D,keyChar='d',keyLocation=KEY_LOCATION_UNKNOWN,rawCode=0,primaryLevelUnicode=0,scancode=0,extendedKeyCode=0x0] on new item id field
Oct 08, 2021 2:28:19 AM net.sourceforge.marathon.javaagent.EventQueueDevice dispatchEvent
INFO: java.awt.event.KeyEvent[KEY_TYPED,keyCode=0,keyText=Unknown keyCode: 0x0,keyChar='d',keyLocation=KEY_LOCATION_UNKNOWN,rawCode=0,primaryLevelUnicode=0,scancode=0,extendedKeyCode=0x0] on new item id field
Oct 08, 2021 2:28:19 AM net.sourceforge.marathon.javaagent.EventQueueDevice dispatchEvent
INFO: java.awt.event.KeyEvent[KEY_RELEASED,keyCode=68,keyText=D,keyChar='d',keyLocation=KEY_LOCATION_UNKNOWN,rawCode=0,primaryLevelUnicode=0,scancode=0,extendedKeyCode=0x0] on new item id field
Oct 08, 2021 2:28:19 AM net.sourceforge.marathon.javaagent.server.JavaServer serve
INFO: POST(/session/4e0f469e-449c-45a8-8460-b8878f920dc1/element/573cee3c-dd2c-4d4a-aa7e-9f23d5412df2/value, {"id":"573cee3c-dd2c-4d4a-aa7e-9f23d5412df2","value":["an item-id"]}) = {data={"name":"sendKeysElement","sessionId":"4e0f469e-449c-45a8-8460-b8878f920dc1","status":0}, status=OK}
Oct 08, 2021 2:28:19 AM net.sourceforge.marathon.javaagent.server.JavaServer serve
INFO: JavaServer.serve(POST /session/4e0f469e-449c-45a8-8460-b8878f920dc1/element): {
  "using": "name",
  "value": "new item stop price field"
}
Oct 08, 2021 2:28:19 AM net.sourceforge.marathon.javaagent.server.JavaServer serve
INFO: POST(/session/4e0f469e-449c-45a8-8460-b8878f920dc1/element, {"using":"name","value":"new item stop price field"}) = {data={"name":"findElement","sessionId":"4e0f469e-449c-45a8-8460-b8878f920dc1","value":{"ELEMENT":"df209dd0-4ee1-4acd-bd7d-7108348ed005"},"status":0}, status=OK}
Oct 08, 2021 2:28:19 AM net.sourceforge.marathon.javaagent.server.JavaServer serve
INFO: JavaServer.serve(POST /session/4e0f469e-449c-45a8-8460-b8878f920dc1/element/df209dd0-4ee1-4acd-bd7d-7108348ed005/clear): {
  "id": "df209dd0-4ee1-4acd-bd7d-7108348ed005"
}
Oct 08, 2021 2:28:19 AM net.sourceforge.marathon.javaagent.server.JavaServer serve
INFO: POST(/session/4e0f469e-449c-45a8-8460-b8878f920dc1/element/df209dd0-4ee1-4acd-bd7d-7108348ed005/clear, {"id":"df209dd0-4ee1-4acd-bd7d-7108348ed005"}) = {data={"name":"clearElement","sessionId":"4e0f469e-449c-45a8-8460-b8878f920dc1","status":0}, status=OK}
Oct 08, 2021 2:28:19 AM net.sourceforge.marathon.javaagent.server.JavaServer serve
INFO: JavaServer.serve(POST /session/4e0f469e-449c-45a8-8460-b8878f920dc1/element/df209dd0-4ee1-4acd-bd7d-7108348ed005/value): {
  "id": "df209dd0-4ee1-4acd-bd7d-7108348ed005",
  "value": [
    "11000"
  ]
}
Oct 08, 2021 2:28:19 AM net.sourceforge.marathon.javaagent.EventQueueDevice dispatchEvent
INFO: java.awt.event.KeyEvent[KEY_PRESSED,keyCode=49,keyText=1,keyChar='1',keyLocation=KEY_LOCATION_UNKNOWN,rawCode=0,primaryLevelUnicode=0,scancode=0,extendedKeyCode=0x0] on new item stop price field
Oct 08, 2021 2:28:19 AM net.sourceforge.marathon.javaagent.EventQueueDevice dispatchEvent
INFO: java.awt.event.KeyEvent[KEY_TYPED,keyCode=0,keyText=Unknown keyCode: 0x0,keyChar='1',keyLocation=KEY_LOCATION_UNKNOWN,rawCode=0,primaryLevelUnicode=0,scancode=0,extendedKeyCode=0x0] on new item stop price field
Oct 08, 2021 2:28:19 AM net.sourceforge.marathon.javaagent.EventQueueDevice dispatchEvent
INFO: java.awt.event.KeyEvent[KEY_RELEASED,keyCode=49,keyText=1,keyChar='1',keyLocation=KEY_LOCATION_UNKNOWN,rawCode=0,primaryLevelUnicode=0,scancode=0,extendedKeyCode=0x0] on new item stop price field
Oct 08, 2021 2:28:19 AM net.sourceforge.marathon.javaagent.EventQueueDevice dispatchEvent
INFO: java.awt.event.KeyEvent[KEY_PRESSED,keyCode=49,keyText=1,keyChar='1',keyLocation=KEY_LOCATION_UNKNOWN,rawCode=0,primaryLevelUnicode=0,scancode=0,extendedKeyCode=0x0] on new item stop price field
Oct 08, 2021 2:28:19 AM net.sourceforge.marathon.javaagent.EventQueueDevice dispatchEvent
INFO: java.awt.event.KeyEvent[KEY_TYPED,keyCode=0,keyText=Unknown keyCode: 0x0,keyChar='1',keyLocation=KEY_LOCATION_UNKNOWN,rawCode=0,primaryLevelUnicode=0,scancode=0,extendedKeyCode=0x0] on new item stop price field
Oct 08, 2021 2:28:19 AM net.sourceforge.marathon.javaagent.EventQueueDevice dispatchEvent
INFO: java.awt.event.KeyEvent[KEY_RELEASED,keyCode=49,keyText=1,keyChar='1',keyLocation=KEY_LOCATION_UNKNOWN,rawCode=0,primaryLevelUnicode=0,scancode=0,extendedKeyCode=0x0] on new item stop price field
Oct 08, 2021 2:28:19 AM net.sourceforge.marathon.javaagent.EventQueueDevice dispatchEvent
INFO: java.awt.event.KeyEvent[KEY_PRESSED,keyCode=48,keyText=0,keyChar='0',keyLocation=KEY_LOCATION_UNKNOWN,rawCode=0,primaryLevelUnicode=0,scancode=0,extendedKeyCode=0x0] on new item stop price field
Oct 08, 2021 2:28:19 AM net.sourceforge.marathon.javaagent.EventQueueDevice dispatchEvent
INFO: java.awt.event.KeyEvent[KEY_TYPED,keyCode=0,keyText=Unknown keyCode: 0x0,keyChar='0',keyLocation=KEY_LOCATION_UNKNOWN,rawCode=0,primaryLevelUnicode=0,scancode=0,extendedKeyCode=0x0] on new item stop price field
Oct 08, 2021 2:28:19 AM net.sourceforge.marathon.javaagent.EventQueueDevice dispatchEvent
INFO: java.awt.event.KeyEvent[KEY_RELEASED,keyCode=48,keyText=0,keyChar='0',keyLocation=KEY_LOCATION_UNKNOWN,rawCode=0,primaryLevelUnicode=0,scancode=0,extendedKeyCode=0x0] on new item stop price field
Oct 08, 2021 2:28:19 AM net.sourceforge.marathon.javaagent.EventQueueDevice dispatchEvent
INFO: java.awt.event.KeyEvent[KEY_PRESSED,keyCode=48,keyText=0,keyChar='0',keyLocation=KEY_LOCATION_UNKNOWN,rawCode=0,primaryLevelUnicode=0,scancode=0,extendedKeyCode=0x0] on new item stop price field
Oct 08, 2021 2:28:19 AM net.sourceforge.marathon.javaagent.EventQueueDevice dispatchEvent
INFO: java.awt.event.KeyEvent[KEY_TYPED,keyCode=0,keyText=Unknown keyCode: 0x0,keyChar='0',keyLocation=KEY_LOCATION_UNKNOWN,rawCode=0,primaryLevelUnicode=0,scancode=0,extendedKeyCode=0x0] on new item stop price field
Oct 08, 2021 2:28:19 AM net.sourceforge.marathon.javaagent.EventQueueDevice dispatchEvent
INFO: java.awt.event.KeyEvent[KEY_RELEASED,keyCode=48,keyText=0,keyChar='0',keyLocation=KEY_LOCATION_UNKNOWN,rawCode=0,primaryLevelUnicode=0,scancode=0,extendedKeyCode=0x0] on new item stop price field
Oct 08, 2021 2:28:19 AM net.sourceforge.marathon.javaagent.EventQueueDevice dispatchEvent
INFO: java.awt.event.KeyEvent[KEY_PRESSED,keyCode=48,keyText=0,keyChar='0',keyLocation=KEY_LOCATION_UNKNOWN,rawCode=0,primaryLevelUnicode=0,scancode=0,extendedKeyCode=0x0] on new item stop price field
Oct 08, 2021 2:28:19 AM net.sourceforge.marathon.javaagent.EventQueueDevice dispatchEvent
INFO: java.awt.event.KeyEvent[KEY_TYPED,keyCode=0,keyText=Unknown keyCode: 0x0,keyChar='0',keyLocation=KEY_LOCATION_UNKNOWN,rawCode=0,primaryLevelUnicode=0,scancode=0,extendedKeyCode=0x0] on new item stop price field
Oct 08, 2021 2:28:19 AM net.sourceforge.marathon.javaagent.EventQueueDevice dispatchEvent
INFO: java.awt.event.KeyEvent[KEY_RELEASED,keyCode=48,keyText=0,keyChar='0',keyLocation=KEY_LOCATION_UNKNOWN,rawCode=0,primaryLevelUnicode=0,scancode=0,extendedKeyCode=0x0] on new item stop price field
Oct 08, 2021 2:28:19 AM net.sourceforge.marathon.javaagent.server.JavaServer serve
INFO: POST(/session/4e0f469e-449c-45a8-8460-b8878f920dc1/element/df209dd0-4ee1-4acd-bd7d-7108348ed005/value, {"id":"df209dd0-4ee1-4acd-bd7d-7108348ed005","value":["11000"]}) = {data={"name":"sendKeysElement","sessionId":"4e0f469e-449c-45a8-8460-b8878f920dc1","status":0}, status=OK}
Oct 08, 2021 2:28:19 AM net.sourceforge.marathon.javaagent.server.JavaServer serve
INFO: JavaServer.serve(POST /session/4e0f469e-449c-45a8-8460-b8878f920dc1/element): {
  "using": "name",
  "value": "join button"
}
Oct 08, 2021 2:28:19 AM net.sourceforge.marathon.javaagent.server.JavaServer serve
INFO: POST(/session/4e0f469e-449c-45a8-8460-b8878f920dc1/element, {"using":"name","value":"join button"}) = {data={"name":"findElement","sessionId":"4e0f469e-449c-45a8-8460-b8878f920dc1","value":{"ELEMENT":"6659f446-ab64-4601-99dd-688cae1b01dc"},"status":0}, status=OK}
Oct 08, 2021 2:28:19 AM net.sourceforge.marathon.javaagent.server.JavaServer serve
INFO: JavaServer.serve(POST /session/4e0f469e-449c-45a8-8460-b8878f920dc1/element/6659f446-ab64-4601-99dd-688cae1b01dc/click): {
  "id": "6659f446-ab64-4601-99dd-688cae1b01dc"
}
Oct 08, 2021 2:28:19 AM net.sourceforge.marathon.javaagent.EventQueueDevice dispatchEvent
INFO: java.awt.event.MouseEvent[MOUSE_PRESSED,(58,12),absolute(589,17),button=1,modifiers=Button1,extModifiers=Button1,clickCount=1] on join button
Oct 08, 2021 2:28:19 AM net.sourceforge.marathon.javaagent.EventQueueDevice dispatchEvent
INFO: java.awt.event.MouseEvent[MOUSE_RELEASED,(58,12),absolute(589,17),button=1,modifiers=Button1,clickCount=1] on join button
Oct 08, 2021 2:28:19 AM net.sourceforge.marathon.javaagent.EventQueueDevice dispatchEvent
INFO: java.awt.event.MouseEvent[MOUSE_CLICKED,(58,12),absolute(589,17),button=1,modifiers=Button1,clickCount=1] on join button
Oct 08, 2021 2:28:19 AM net.sourceforge.marathon.javaagent.server.JavaServer serve
INFO: POST(/session/4e0f469e-449c-45a8-8460-b8878f920dc1/element/6659f446-ab64-4601-99dd-688cae1b01dc/click, {"id":"6659f446-ab64-4601-99dd-688cae1b01dc"}) = {data={"name":"clickElement","sessionId":"4e0f469e-449c-45a8-8460-b8878f920dc1","status":0}, status=OK}
Oct 08, 2021 2:28:19 AM net.sourceforge.marathon.javaagent.server.JavaServer serve
INFO: JavaServer.serve(DELETE /session/4e0f469e-449c-45a8-8460-b8878f920dc1/window): {}
Oct 08, 2021 2:28:19 AM net.sourceforge.marathon.javaagent.server.JavaServer serve
INFO: DELETE(/session/4e0f469e-449c-45a8-8460-b8878f920dc1/window) = {data={"name":"closeSession","sessionId":"4e0f469e-449c-45a8-8460-b8878f920dc1","status":0}, status=OK}
Oct 08, 2021 2:28:19 AM net.sourceforge.marathon.javaagent.server.JavaServer serve
INFO: JavaServer.serve(POST /session): {
  "desiredCapabilities": {
    "browserName": "java",
    "platform": "ANY"
  },
  "capabilities": {
    "firstMatch": [
      {
        "browserName": "java"
      }
    ]
  }
}
Oct 08, 2021 2:28:19 AM net.sourceforge.marathon.javaagent.server.JavaServer createSession
INFO: Creating device with type: EVENT_QUEUE
Oct 08, 2021 2:28:19 AM net.sourceforge.marathon.javaagent.Device getDevice
INFO: Creating a EVENT_QUEUE device
Oct 08, 2021 2:28:19 AM net.sourceforge.marathon.javaagent.server.JavaServer serve
INFO: POST(/session, {"desiredCapabilities":{"browserName":"java","platform":"ANY"},"capabilities":{"firstMatch":[{"browserName":"java"}]}}) = {data=, status=REDIRECT}
Oct 08, 2021 2:28:19 AM net.sourceforge.marathon.javaagent.server.JavaServer serve
INFO: JavaServer.serve(GET /session/386def59-1866-4971-bc03-f3e72e9f3bb6): {}
Oct 08, 2021 2:28:19 AM net.sourceforge.marathon.javaagent.server.JavaServer serve
INFO: GET(/session/386def59-1866-4971-bc03-f3e72e9f3bb6) = {data={"name":"getCapabilities","sessionId":"386def59-1866-4971-bc03-f3e72e9f3bb6","value":{"applicationCacheEnabled":false,"rotatable":false,"loggingPrefs":{"driver":"ALL"},"handlesAlerts":false,"databaseEnabled":false,"version":"1.0","platform":"ANY","browserConnectionEnabled":false,"nativeEvents":false,"acceptSslCerts":false,"locationContextEnabled":false,"webStorageEnabled":false,"browserName":"java","takesScreenshot":true,"javascriptEnabled":true,"cssSelectorsEnabled":false},"status":0}, status=OK}
Oct 08, 2021 2:28:19 AM org.openqa.selenium.remote.ProtocolHandshake createSession
INFO: Detected dialect: OSS
Oct 08, 2021 2:28:19 AM net.sourceforge.marathon.javaagent.server.JavaServer serve
INFO: JavaServer.serve(POST /session/386def59-1866-4971-bc03-f3e72e9f3bb6/element): {
  "using": "name",
  "value": "sniper reset button"
}
Oct 08, 2021 2:28:19 AM net.sourceforge.marathon.javaagent.server.JavaServer serve
INFO: POST(/session/386def59-1866-4971-bc03-f3e72e9f3bb6/element, {"using":"name","value":"sniper reset button"}) = {data={"name":"findElement","sessionId":"386def59-1866-4971-bc03-f3e72e9f3bb6","value":{"ELEMENT":"fc629e38-f1df-4209-b18c-b19a5c7aa84f"},"status":0}, status=OK}
Oct 08, 2021 2:28:19 AM net.sourceforge.marathon.javaagent.server.JavaServer serve
INFO: JavaServer.serve(POST /session/386def59-1866-4971-bc03-f3e72e9f3bb6/element/fc629e38-f1df-4209-b18c-b19a5c7aa84f/click): {
  "id": "fc629e38-f1df-4209-b18c-b19a5c7aa84f"
}
Oct 08, 2021 2:28:19 AM net.sourceforge.marathon.javaagent.EventQueueDevice dispatchEvent
INFO: java.awt.event.MouseEvent[MOUSE_PRESSED,(37,12),absolute(326,474),button=1,modifiers=Button1,extModifiers=Button1,clickCount=1] on sniper reset button
Oct 08, 2021 2:28:19 AM net.sourceforge.marathon.javaagent.EventQueueDevice dispatchEvent
INFO: java.awt.event.MouseEvent[MOUSE_RELEASED,(37,12),absolute(326,474),button=1,modifiers=Button1,clickCount=1] on sniper reset button
Oct 08, 2021 2:28:19 AM net.sourceforge.marathon.javaagent.EventQueueDevice dispatchEvent
INFO: java.awt.event.MouseEvent[MOUSE_CLICKED,(37,12),absolute(326,474),button=1,modifiers=Button1,clickCount=1] on sniper reset button
Oct 08, 2021 2:28:19 AM net.sourceforge.marathon.javaagent.server.JavaServer serve
INFO: POST(/session/386def59-1866-4971-bc03-f3e72e9f3bb6/element/fc629e38-f1df-4209-b18c-b19a5c7aa84f/click, {"id":"fc629e38-f1df-4209-b18c-b19a5c7aa84f"}) = {data={"name":"clickElement","sessionId":"386def59-1866-4971-bc03-f3e72e9f3bb6","status":0}, status=OK}
Oct 08, 2021 2:28:19 AM net.sourceforge.marathon.javaagent.server.JavaServer serve
INFO: JavaServer.serve(DELETE /session/386def59-1866-4971-bc03-f3e72e9f3bb6/window): {}
Oct 08, 2021 2:28:19 AM net.sourceforge.marathon.javaagent.server.JavaServer serve
INFO: DELETE(/session/386def59-1866-4971-bc03-f3e72e9f3bb6/window) = {data={"name":"closeSession","sessionId":"386def59-1866-4971-bc03-f3e72e9f3bb6","status":0}, status=OK}
]]></system-err>
</testsuite>
