<?xml version="1.0" encoding="UTF-8"?>
<testsuite name="goos.ui.swing.MainWindowTest" tests="3" skipped="0" failures="0" errors="0" timestamp="2021-11-07T02:26:07" hostname="buildkitsandbox" time="3.629">
  <properties/>
  <testcase name="window has expected features" classname="goos.ui.swing.MainWindowTest" time="2.735"/>
  <testcase name="make user request when join button clicked" classname="goos.ui.swing.MainWindowTest" time="0.704"/>
  <testcase name="make user request when reset button clicked" classname="goos.ui.swing.MainWindowTest" time="0.186"/>
  <system-out><![CDATA[]]></system-out>
  <system-err><![CDATA[Nov 07, 2021 2:26:07 AM io.mockk.impl.log.JULLogger warn
WARNING: Failed to transform class goos/ui/api/UserRequestListener
java.lang.IllegalArgumentException: Unsupported class file major version 59
	at net.bytebuddy.jar.asm.ClassReader.<init>(ClassReader.java:176)
	at net.bytebuddy.jar.asm.ClassReader.<init>(ClassReader.java:158)
	at net.bytebuddy.jar.asm.ClassReader.<init>(ClassReader.java:146)
	at net.bytebuddy.utility.OpenedClassReader.of(OpenedClassReader.java:69)
	at net.bytebuddy.dynamic.scaffold.TypeWriter$Default$ForInlining.create(TypeWriter.java:2877)
	at net.bytebuddy.dynamic.scaffold.TypeWriter$Default.make(TypeWriter.java:1653)
	at net.bytebuddy.dynamic.scaffold.inline.RedefinitionDynamicTypeBuilder.make(RedefinitionDynamicTypeBuilder.java:180)
	at net.bytebuddy.dynamic.scaffold.inline.AbstractInliningDynamicTypeBuilder.make(AbstractInliningDynamicTypeBuilder.java:94)
	at net.bytebuddy.dynamic.DynamicType$Builder$AbstractBase.make(DynamicType.java:2669)
	at io.mockk.proxy.jvm.transformation.InliningClassTransformer.transform(InliningClassTransformer.kt:78)
	at java.instrument/java.lang.instrument.ClassFileTransformer.transform(ClassFileTransformer.java:246)
	at java.instrument/sun.instrument.TransformerManager.transform(TransformerManager.java:188)
	at java.instrument/sun.instrument.InstrumentationImpl.transform(InstrumentationImpl.java:563)
	at java.instrument/sun.instrument.InstrumentationImpl.retransformClasses0(Native Method)
	at java.instrument/sun.instrument.InstrumentationImpl.retransformClasses(InstrumentationImpl.java:167)
	at io.mockk.proxy.jvm.transformation.JvmInlineInstrumentation.retransform(JvmInlineInstrumentation.kt:28)
	at io.mockk.proxy.common.transformation.RetransformInlineInstrumnetation$execute$1.invoke(RetransformInlineInstrumnetation.kt:19)
	at io.mockk.proxy.common.transformation.RetransformInlineInstrumnetation$execute$1.invoke(RetransformInlineInstrumnetation.kt:6)
	at io.mockk.proxy.common.transformation.ClassTransformationSpecMap.applyTransformation(ClassTransformationSpecMap.kt:41)
	at io.mockk.proxy.common.transformation.RetransformInlineInstrumnetation.execute(RetransformInlineInstrumnetation.kt:16)
	at io.mockk.proxy.jvm.ProxyMaker.inline(ProxyMaker.kt:88)
	at io.mockk.proxy.jvm.ProxyMaker.proxy(ProxyMaker.kt:30)
	at io.mockk.impl.instantiation.JvmMockFactory.newProxy(JvmMockFactory.kt:34)
	at io.mockk.impl.instantiation.AbstractMockFactory.newProxy$default(AbstractMockFactory.kt:29)
	at io.mockk.impl.instantiation.AbstractMockFactory.mockk(AbstractMockFactory.kt:59)
	at goos.ui.swing.MainWindowTest$1$1.invokeSuspend(MainWindowTest.kt:90)
	at goos.ui.swing.MainWindowTest$1$1.invoke(MainWindowTest.kt)
	at goos.ui.swing.MainWindowTest$1$1.invoke(MainWindowTest.kt)
	at io.kotest.core.TestConfiguration$beforeTest$1.beforeTest(TestConfiguration.kt:137)
	at io.kotest.core.spec.LifecycleKt.invokeAllBeforeTestCallbacks(lifecycle.kt:76)
	at io.kotest.core.internal.TestCaseExecutor.executeActiveTest(TestCaseExecutor.kt:152)
	at io.kotest.core.internal.TestCaseExecutor.access$executeActiveTest(TestCaseExecutor.kt:57)
	at io.kotest.core.internal.TestCaseExecutor$intercept$innerExecute$1$1.invokeSuspend(TestCaseExecutor.kt:89)
	at io.kotest.core.internal.TestCaseExecutor$intercept$innerExecute$1$1.invoke(TestCaseExecutor.kt)
	at io.kotest.core.internal.TestCaseExecutor$intercept$innerExecute$1$1.invoke(TestCaseExecutor.kt)
	at io.kotest.core.internal.TestCaseExecutor.executeIfEnabled(TestCaseExecutor.kt:117)
	at io.kotest.core.internal.TestCaseExecutor.access$executeIfEnabled(TestCaseExecutor.kt:57)
	at io.kotest.core.internal.TestCaseExecutor$intercept$innerExecute$1.invokeSuspend(TestCaseExecutor.kt:89)
	at io.kotest.core.internal.TestCaseExecutor$intercept$innerExecute$1.invoke(TestCaseExecutor.kt)
	at io.kotest.core.internal.TestCaseExecutor$intercept$innerExecute$1.invoke(TestCaseExecutor.kt)
	at io.kotest.core.internal.TestCaseExecutor.intercept(TestCaseExecutor.kt:103)
	at io.kotest.core.internal.TestCaseExecutor.execute(TestCaseExecutor.kt:69)
	at io.kotest.engine.spec.runners.SingleInstanceSpecRunner.runTest(SingleInstanceSpecRunner.kt:104)
	at io.kotest.engine.spec.runners.SingleInstanceSpecRunner.access$runTest(SingleInstanceSpecRunner.kt:34)
	at io.kotest.engine.spec.runners.SingleInstanceSpecRunner$execute$interceptAndRun$2$4.invokeSuspend(SingleInstanceSpecRunner.kt:57)
	at io.kotest.engine.spec.runners.SingleInstanceSpecRunner$execute$interceptAndRun$2$4.invoke(SingleInstanceSpecRunner.kt)
	at io.kotest.engine.spec.runners.SingleInstanceSpecRunner$execute$interceptAndRun$2$4.invoke(SingleInstanceSpecRunner.kt)
	at io.kotest.engine.launchers.SequentialTestLauncher$launch$3$1$1.invokeSuspend(SequentialTestLauncher.kt:22)
	at kotlin.coroutines.jvm.internal.BaseContinuationImpl.resumeWith(ContinuationImpl.kt:33)
	at kotlinx.coroutines.DispatchedTask.run(DispatchedTask.kt:106)
	at java.base/java.util.concurrent.ThreadPoolExecutor.runWorker(ThreadPoolExecutor.java:1130)
	at java.base/java.util.concurrent.ThreadPoolExecutor$Worker.run(ThreadPoolExecutor.java:630)
	at java.base/java.lang.Thread.run(Thread.java:832)

Nov 07, 2021 2:26:09 AM net.sourceforge.marathon.javaagent.server.JavaServer serve
INFO: JavaServer.serve(POST /session): {
  "desiredCapabilities": {
    "browserName": "java",
    "platform": "ANY"
  },
  "capabilities": {
    "firstMatch": [
      {
        "browserName": "java"
      }
    ]
  }
}
Nov 07, 2021 2:26:09 AM net.sourceforge.marathon.javaagent.server.JavaServer createSession
INFO: Creating device with type: EVENT_QUEUE
Nov 07, 2021 2:26:09 AM net.sourceforge.marathon.javaagent.Device getDevice
INFO: Creating a EVENT_QUEUE device
Nov 07, 2021 2:26:09 AM net.sourceforge.marathon.javaagent.server.JavaServer serve
INFO: POST(/session, {"desiredCapabilities":{"browserName":"java","platform":"ANY"},"capabilities":{"firstMatch":[{"browserName":"java"}]}}) = {data=, status=REDIRECT}
Nov 07, 2021 2:26:09 AM net.sourceforge.marathon.javaagent.server.JavaServer serve
INFO: JavaServer.serve(GET /session/50dd1307-838a-4039-ad3c-c965624a4f4f): {}
Nov 07, 2021 2:26:09 AM net.sourceforge.marathon.javaagent.server.JavaServer serve
INFO: GET(/session/50dd1307-838a-4039-ad3c-c965624a4f4f) = {data={"name":"getCapabilities","sessionId":"50dd1307-838a-4039-ad3c-c965624a4f4f","value":{"applicationCacheEnabled":false,"rotatable":false,"loggingPrefs":{"driver":"ALL"},"handlesAlerts":false,"databaseEnabled":false,"version":"1.0","platform":"ANY","browserConnectionEnabled":false,"nativeEvents":false,"acceptSslCerts":false,"locationContextEnabled":false,"webStorageEnabled":false,"browserName":"java","takesScreenshot":true,"javascriptEnabled":true,"cssSelectorsEnabled":false},"status":0}, status=OK}
Nov 07, 2021 2:26:09 AM org.openqa.selenium.remote.ProtocolHandshake createSession
INFO: Detected dialect: OSS
Nov 07, 2021 2:26:09 AM net.sourceforge.marathon.javaagent.server.JavaServer serve
INFO: JavaServer.serve(POST /session/50dd1307-838a-4039-ad3c-c965624a4f4f/element): {
  "using": "css selector",
  "value": "."
}
Nov 07, 2021 2:26:09 AM net.sourceforge.marathon.javaagent.server.JavaServer serve
INFO: POST(/session/50dd1307-838a-4039-ad3c-c965624a4f4f/element, {"using":"css selector","value":"."}) = {data={"name":"findElement","sessionId":"50dd1307-838a-4039-ad3c-c965624a4f4f","value":{"ELEMENT":"74981be6-8365-4f30-97b0-552ab6829a3f"},"status":0}, status=OK}
Nov 07, 2021 2:26:09 AM net.sourceforge.marathon.javaagent.server.JavaServer serve
INFO: JavaServer.serve(GET /session/50dd1307-838a-4039-ad3c-c965624a4f4f/element/74981be6-8365-4f30-97b0-552ab6829a3f/attribute/name): {}
Nov 07, 2021 2:26:09 AM net.sourceforge.marathon.javaagent.server.JavaServer serve
INFO: GET(/session/50dd1307-838a-4039-ad3c-c965624a4f4f/element/74981be6-8365-4f30-97b0-552ab6829a3f/attribute/name) = {data={"name":"getElementAttribute","sessionId":"50dd1307-838a-4039-ad3c-c965624a4f4f","value":"Auction Sniper Name","status":0}, status=OK}
Nov 07, 2021 2:26:09 AM net.sourceforge.marathon.javaagent.server.JavaServer serve
INFO: JavaServer.serve(POST /session/50dd1307-838a-4039-ad3c-c965624a4f4f/element): {
  "using": "css selector",
  "value": "."
}
Nov 07, 2021 2:26:09 AM net.sourceforge.marathon.javaagent.server.JavaServer serve
INFO: POST(/session/50dd1307-838a-4039-ad3c-c965624a4f4f/element, {"using":"css selector","value":"."}) = {data={"name":"findElement","sessionId":"50dd1307-838a-4039-ad3c-c965624a4f4f","value":{"ELEMENT":"74981be6-8365-4f30-97b0-552ab6829a3f"},"status":0}, status=OK}
Nov 07, 2021 2:26:09 AM net.sourceforge.marathon.javaagent.server.JavaServer serve
INFO: JavaServer.serve(GET /session/50dd1307-838a-4039-ad3c-c965624a4f4f/element/74981be6-8365-4f30-97b0-552ab6829a3f/displayed): {}
Nov 07, 2021 2:26:09 AM net.sourceforge.marathon.javaagent.server.JavaServer serve
INFO: GET(/session/50dd1307-838a-4039-ad3c-c965624a4f4f/element/74981be6-8365-4f30-97b0-552ab6829a3f/displayed) = {data={"name":"isDisplayed","sessionId":"50dd1307-838a-4039-ad3c-c965624a4f4f","value":true,"status":0}, status=OK}
Nov 07, 2021 2:26:09 AM net.sourceforge.marathon.javaagent.server.JavaServer serve
INFO: JavaServer.serve(GET /session/50dd1307-838a-4039-ad3c-c965624a4f4f/title): {}
Nov 07, 2021 2:26:09 AM net.sourceforge.marathon.javaagent.server.JavaServer serve
INFO: GET(/session/50dd1307-838a-4039-ad3c-c965624a4f4f/title) = {data={"name":"getWindowTitle","sessionId":"50dd1307-838a-4039-ad3c-c965624a4f4f","value":"Auction Sniper","status":0}, status=OK}
Nov 07, 2021 2:26:09 AM net.sourceforge.marathon.javaagent.server.JavaServer serve
INFO: JavaServer.serve(POST /session/50dd1307-838a-4039-ad3c-c965624a4f4f/element): {
  "using": "name",
  "value": "snipers table"
}
Nov 07, 2021 2:26:09 AM net.sourceforge.marathon.javaagent.server.JavaServer serve
INFO: POST(/session/50dd1307-838a-4039-ad3c-c965624a4f4f/element, {"using":"name","value":"snipers table"}) = {data={"name":"findElement","sessionId":"50dd1307-838a-4039-ad3c-c965624a4f4f","value":{"ELEMENT":"5d877043-c279-4bd2-b8cd-aab95d89193a"},"status":0}, status=OK}
Nov 07, 2021 2:26:09 AM net.sourceforge.marathon.javaagent.server.JavaServer serve
INFO: JavaServer.serve(POST /session/50dd1307-838a-4039-ad3c-c965624a4f4f/element/5d877043-c279-4bd2-b8cd-aab95d89193a/elements): {
  "id": "5d877043-c279-4bd2-b8cd-aab95d89193a",
  "using": "css selector",
  "value": ".::header.::all-items"
}
Nov 07, 2021 2:26:09 AM net.sourceforge.marathon.javaagent.server.JavaServer serve
INFO: POST(/session/50dd1307-838a-4039-ad3c-c965624a4f4f/element/5d877043-c279-4bd2-b8cd-aab95d89193a/elements, {"using":"css selector","id":"5d877043-c279-4bd2-b8cd-aab95d89193a","value":".::header.::all-items"}) = {data={"name":"findElementsOfElement","sessionId":"50dd1307-838a-4039-ad3c-c965624a4f4f","value":[{"ELEMENT":"1271ee28-5f9a-4583-a656-1ddaa6eb8340%23%7B%22selector%22%3A%22nth-item%22%2C%22parameters%22%3A%5B1%5D%7D"},{"ELEMENT":"1271ee28-5f9a-4583-a656-1ddaa6eb8340%23%7B%22selector%22%3A%22nth-item%22%2C%22parameters%22%3A%5B2%5D%7D"},{"ELEMENT":"1271ee28-5f9a-4583-a656-1ddaa6eb8340%23%7B%22selector%22%3A%22nth-item%22%2C%22parameters%22%3A%5B3%5D%7D"},{"ELEMENT":"1271ee28-5f9a-4583-a656-1ddaa6eb8340%23%7B%22selector%22%3A%22nth-item%22%2C%22parameters%22%3A%5B4%5D%7D"}],"status":0}, status=OK}
Nov 07, 2021 2:26:09 AM net.sourceforge.marathon.javaagent.server.JavaServer serve
INFO: JavaServer.serve(GET /session/50dd1307-838a-4039-ad3c-c965624a4f4f/element/1271ee28-5f9a-4583-a656-1ddaa6eb8340%23%7B%22selector%22%3A%22nth-item%22%2C%22parameters%22%3A%5B1%5D%7D/text): {}
Nov 07, 2021 2:26:09 AM net.sourceforge.marathon.javaagent.server.JavaServer serve
INFO: GET(/session/50dd1307-838a-4039-ad3c-c965624a4f4f/element/1271ee28-5f9a-4583-a656-1ddaa6eb8340%23%7B%22selector%22%3A%22nth-item%22%2C%22parameters%22%3A%5B1%5D%7D/text) = {data={"name":"getElementText","sessionId":"50dd1307-838a-4039-ad3c-c965624a4f4f","value":"Item","status":0}, status=OK}
Nov 07, 2021 2:26:09 AM net.sourceforge.marathon.javaagent.server.JavaServer serve
INFO: JavaServer.serve(GET /session/50dd1307-838a-4039-ad3c-c965624a4f4f/element/1271ee28-5f9a-4583-a656-1ddaa6eb8340%23%7B%22selector%22%3A%22nth-item%22%2C%22parameters%22%3A%5B2%5D%7D/text): {}
Nov 07, 2021 2:26:09 AM net.sourceforge.marathon.javaagent.server.JavaServer serve
INFO: GET(/session/50dd1307-838a-4039-ad3c-c965624a4f4f/element/1271ee28-5f9a-4583-a656-1ddaa6eb8340%23%7B%22selector%22%3A%22nth-item%22%2C%22parameters%22%3A%5B2%5D%7D/text) = {data={"name":"getElementText","sessionId":"50dd1307-838a-4039-ad3c-c965624a4f4f","value":"Last Price","status":0}, status=OK}
Nov 07, 2021 2:26:09 AM net.sourceforge.marathon.javaagent.server.JavaServer serve
INFO: JavaServer.serve(GET /session/50dd1307-838a-4039-ad3c-c965624a4f4f/element/1271ee28-5f9a-4583-a656-1ddaa6eb8340%23%7B%22selector%22%3A%22nth-item%22%2C%22parameters%22%3A%5B3%5D%7D/text): {}
Nov 07, 2021 2:26:09 AM net.sourceforge.marathon.javaagent.server.JavaServer serve
INFO: GET(/session/50dd1307-838a-4039-ad3c-c965624a4f4f/element/1271ee28-5f9a-4583-a656-1ddaa6eb8340%23%7B%22selector%22%3A%22nth-item%22%2C%22parameters%22%3A%5B3%5D%7D/text) = {data={"name":"getElementText","sessionId":"50dd1307-838a-4039-ad3c-c965624a4f4f","value":"Last Bid","status":0}, status=OK}
Nov 07, 2021 2:26:09 AM net.sourceforge.marathon.javaagent.server.JavaServer serve
INFO: JavaServer.serve(GET /session/50dd1307-838a-4039-ad3c-c965624a4f4f/element/1271ee28-5f9a-4583-a656-1ddaa6eb8340%23%7B%22selector%22%3A%22nth-item%22%2C%22parameters%22%3A%5B4%5D%7D/text): {}
Nov 07, 2021 2:26:09 AM net.sourceforge.marathon.javaagent.server.JavaServer serve
INFO: GET(/session/50dd1307-838a-4039-ad3c-c965624a4f4f/element/1271ee28-5f9a-4583-a656-1ddaa6eb8340%23%7B%22selector%22%3A%22nth-item%22%2C%22parameters%22%3A%5B4%5D%7D/text) = {data={"name":"getElementText","sessionId":"50dd1307-838a-4039-ad3c-c965624a4f4f","value":"State","status":0}, status=OK}
Nov 07, 2021 2:26:09 AM net.sourceforge.marathon.javaagent.server.JavaServer serve
INFO: JavaServer.serve(DELETE /session/50dd1307-838a-4039-ad3c-c965624a4f4f/window): {}
Nov 07, 2021 2:26:09 AM net.sourceforge.marathon.javaagent.server.JavaServer serve
INFO: DELETE(/session/50dd1307-838a-4039-ad3c-c965624a4f4f/window) = {data={"name":"closeSession","sessionId":"50dd1307-838a-4039-ad3c-c965624a4f4f","status":0}, status=OK}
Nov 07, 2021 2:26:10 AM net.sourceforge.marathon.javaagent.server.JavaServer serve
INFO: JavaServer.serve(POST /session): {
  "desiredCapabilities": {
    "browserName": "java",
    "platform": "ANY"
  },
  "capabilities": {
    "firstMatch": [
      {
        "browserName": "java"
      }
    ]
  }
}
Nov 07, 2021 2:26:10 AM net.sourceforge.marathon.javaagent.server.JavaServer createSession
INFO: Creating device with type: EVENT_QUEUE
Nov 07, 2021 2:26:10 AM net.sourceforge.marathon.javaagent.Device getDevice
INFO: Creating a EVENT_QUEUE device
Nov 07, 2021 2:26:10 AM net.sourceforge.marathon.javaagent.server.JavaServer serve
INFO: POST(/session, {"desiredCapabilities":{"browserName":"java","platform":"ANY"},"capabilities":{"firstMatch":[{"browserName":"java"}]}}) = {data=, status=REDIRECT}
Nov 07, 2021 2:26:10 AM net.sourceforge.marathon.javaagent.server.JavaServer serve
INFO: JavaServer.serve(GET /session/ca082961-df97-438f-9e9e-27835cdd0f86): {}
Nov 07, 2021 2:26:10 AM net.sourceforge.marathon.javaagent.server.JavaServer serve
INFO: GET(/session/ca082961-df97-438f-9e9e-27835cdd0f86) = {data={"name":"getCapabilities","sessionId":"ca082961-df97-438f-9e9e-27835cdd0f86","value":{"applicationCacheEnabled":false,"rotatable":false,"loggingPrefs":{"driver":"ALL"},"handlesAlerts":false,"databaseEnabled":false,"version":"1.0","platform":"ANY","browserConnectionEnabled":false,"nativeEvents":false,"acceptSslCerts":false,"locationContextEnabled":false,"webStorageEnabled":false,"browserName":"java","takesScreenshot":true,"javascriptEnabled":true,"cssSelectorsEnabled":false},"status":0}, status=OK}
Nov 07, 2021 2:26:10 AM org.openqa.selenium.remote.ProtocolHandshake createSession
INFO: Detected dialect: OSS
Nov 07, 2021 2:26:10 AM net.sourceforge.marathon.javaagent.server.JavaServer serve
INFO: JavaServer.serve(POST /session/ca082961-df97-438f-9e9e-27835cdd0f86/element): {
  "using": "name",
  "value": "new item id field"
}
Nov 07, 2021 2:26:10 AM net.sourceforge.marathon.javaagent.server.JavaServer serve
INFO: POST(/session/ca082961-df97-438f-9e9e-27835cdd0f86/element, {"using":"name","value":"new item id field"}) = {data={"name":"findElement","sessionId":"ca082961-df97-438f-9e9e-27835cdd0f86","value":{"ELEMENT":"155186a5-2387-41ca-a400-b88e7e89f2e6"},"status":0}, status=OK}
Nov 07, 2021 2:26:10 AM net.sourceforge.marathon.javaagent.server.JavaServer serve
INFO: JavaServer.serve(POST /session/ca082961-df97-438f-9e9e-27835cdd0f86/element/155186a5-2387-41ca-a400-b88e7e89f2e6/clear): {
  "id": "155186a5-2387-41ca-a400-b88e7e89f2e6"
}
Nov 07, 2021 2:26:10 AM net.sourceforge.marathon.javaagent.server.JavaServer serve
INFO: POST(/session/ca082961-df97-438f-9e9e-27835cdd0f86/element/155186a5-2387-41ca-a400-b88e7e89f2e6/clear, {"id":"155186a5-2387-41ca-a400-b88e7e89f2e6"}) = {data={"name":"clearElement","sessionId":"ca082961-df97-438f-9e9e-27835cdd0f86","status":0}, status=OK}
Nov 07, 2021 2:26:10 AM net.sourceforge.marathon.javaagent.server.JavaServer serve
INFO: JavaServer.serve(POST /session/ca082961-df97-438f-9e9e-27835cdd0f86/element/155186a5-2387-41ca-a400-b88e7e89f2e6/value): {
  "id": "155186a5-2387-41ca-a400-b88e7e89f2e6",
  "value": [
    "an item-id"
  ]
}
Nov 07, 2021 2:26:10 AM net.sourceforge.marathon.javaagent.EventQueueDevice dispatchEvent
INFO: java.awt.event.KeyEvent[KEY_PRESSED,keyCode=65,keyText=A,keyChar='a',keyLocation=KEY_LOCATION_UNKNOWN,rawCode=0,primaryLevelUnicode=0,scancode=0,extendedKeyCode=0x0] on new item id field
Nov 07, 2021 2:26:10 AM net.sourceforge.marathon.javaagent.EventQueueDevice dispatchEvent
INFO: java.awt.event.KeyEvent[KEY_TYPED,keyCode=0,keyText=Unknown keyCode: 0x0,keyChar='a',keyLocation=KEY_LOCATION_UNKNOWN,rawCode=0,primaryLevelUnicode=0,scancode=0,extendedKeyCode=0x0] on new item id field
Nov 07, 2021 2:26:10 AM net.sourceforge.marathon.javaagent.EventQueueDevice dispatchEvent
INFO: java.awt.event.KeyEvent[KEY_RELEASED,keyCode=65,keyText=A,keyChar='a',keyLocation=KEY_LOCATION_UNKNOWN,rawCode=0,primaryLevelUnicode=0,scancode=0,extendedKeyCode=0x0] on new item id field
Nov 07, 2021 2:26:10 AM net.sourceforge.marathon.javaagent.EventQueueDevice dispatchEvent
INFO: java.awt.event.KeyEvent[KEY_PRESSED,keyCode=78,keyText=N,keyChar='n',keyLocation=KEY_LOCATION_UNKNOWN,rawCode=0,primaryLevelUnicode=0,scancode=0,extendedKeyCode=0x0] on new item id field
Nov 07, 2021 2:26:10 AM net.sourceforge.marathon.javaagent.EventQueueDevice dispatchEvent
INFO: java.awt.event.KeyEvent[KEY_TYPED,keyCode=0,keyText=Unknown keyCode: 0x0,keyChar='n',keyLocation=KEY_LOCATION_UNKNOWN,rawCode=0,primaryLevelUnicode=0,scancode=0,extendedKeyCode=0x0] on new item id field
Nov 07, 2021 2:26:10 AM net.sourceforge.marathon.javaagent.EventQueueDevice dispatchEvent
INFO: java.awt.event.KeyEvent[KEY_RELEASED,keyCode=78,keyText=N,keyChar='n',keyLocation=KEY_LOCATION_UNKNOWN,rawCode=0,primaryLevelUnicode=0,scancode=0,extendedKeyCode=0x0] on new item id field
Nov 07, 2021 2:26:10 AM net.sourceforge.marathon.javaagent.EventQueueDevice dispatchEvent
INFO: java.awt.event.KeyEvent[KEY_PRESSED,keyCode=16,keyText=Shift,keyChar=Undefined keyChar,modifiers=Shift,extModifiers=Shift,keyLocation=KEY_LOCATION_UNKNOWN,rawCode=0,primaryLevelUnicode=0,scancode=0,extendedKeyCode=0x0] on new item id field
Nov 07, 2021 2:26:10 AM net.sourceforge.marathon.javaagent.EventQueueDevice dispatchEvent
INFO: java.awt.event.KeyEvent[KEY_PRESSED,keyCode=32,keyText=Space,keyChar=' ',modifiers=Shift,extModifiers=Shift,keyLocation=KEY_LOCATION_UNKNOWN,rawCode=0,primaryLevelUnicode=0,scancode=0,extendedKeyCode=0x0] on new item id field
Nov 07, 2021 2:26:10 AM net.sourceforge.marathon.javaagent.EventQueueDevice dispatchEvent
INFO: java.awt.event.KeyEvent[KEY_TYPED,keyCode=0,keyText=Unknown keyCode: 0x0,keyChar=' ',modifiers=Shift,extModifiers=Shift,keyLocation=KEY_LOCATION_UNKNOWN,rawCode=0,primaryLevelUnicode=0,scancode=0,extendedKeyCode=0x0] on new item id field
Nov 07, 2021 2:26:10 AM net.sourceforge.marathon.javaagent.EventQueueDevice dispatchEvent
INFO: java.awt.event.KeyEvent[KEY_RELEASED,keyCode=32,keyText=Space,keyChar=' ',modifiers=Shift,extModifiers=Shift,keyLocation=KEY_LOCATION_UNKNOWN,rawCode=0,primaryLevelUnicode=0,scancode=0,extendedKeyCode=0x0] on new item id field
Nov 07, 2021 2:26:10 AM net.sourceforge.marathon.javaagent.EventQueueDevice dispatchEvent
INFO: java.awt.event.KeyEvent[KEY_RELEASED,keyCode=16,keyText=Shift,keyChar=Undefined keyChar,keyLocation=KEY_LOCATION_UNKNOWN,rawCode=0,primaryLevelUnicode=0,scancode=0,extendedKeyCode=0x0] on new item id field
Nov 07, 2021 2:26:10 AM net.sourceforge.marathon.javaagent.EventQueueDevice dispatchEvent
INFO: java.awt.event.KeyEvent[KEY_PRESSED,keyCode=73,keyText=I,keyChar='i',keyLocation=KEY_LOCATION_UNKNOWN,rawCode=0,primaryLevelUnicode=0,scancode=0,extendedKeyCode=0x0] on new item id field
Nov 07, 2021 2:26:10 AM net.sourceforge.marathon.javaagent.EventQueueDevice dispatchEvent
INFO: java.awt.event.KeyEvent[KEY_TYPED,keyCode=0,keyText=Unknown keyCode: 0x0,keyChar='i',keyLocation=KEY_LOCATION_UNKNOWN,rawCode=0,primaryLevelUnicode=0,scancode=0,extendedKeyCode=0x0] on new item id field
Nov 07, 2021 2:26:10 AM net.sourceforge.marathon.javaagent.EventQueueDevice dispatchEvent
INFO: java.awt.event.KeyEvent[KEY_RELEASED,keyCode=73,keyText=I,keyChar='i',keyLocation=KEY_LOCATION_UNKNOWN,rawCode=0,primaryLevelUnicode=0,scancode=0,extendedKeyCode=0x0] on new item id field
Nov 07, 2021 2:26:10 AM net.sourceforge.marathon.javaagent.EventQueueDevice dispatchEvent
INFO: java.awt.event.KeyEvent[KEY_PRESSED,keyCode=84,keyText=T,keyChar='t',keyLocation=KEY_LOCATION_UNKNOWN,rawCode=0,primaryLevelUnicode=0,scancode=0,extendedKeyCode=0x0] on new item id field
Nov 07, 2021 2:26:10 AM net.sourceforge.marathon.javaagent.EventQueueDevice dispatchEvent
INFO: java.awt.event.KeyEvent[KEY_TYPED,keyCode=0,keyText=Unknown keyCode: 0x0,keyChar='t',keyLocation=KEY_LOCATION_UNKNOWN,rawCode=0,primaryLevelUnicode=0,scancode=0,extendedKeyCode=0x0] on new item id field
Nov 07, 2021 2:26:10 AM net.sourceforge.marathon.javaagent.EventQueueDevice dispatchEvent
INFO: java.awt.event.KeyEvent[KEY_RELEASED,keyCode=84,keyText=T,keyChar='t',keyLocation=KEY_LOCATION_UNKNOWN,rawCode=0,primaryLevelUnicode=0,scancode=0,extendedKeyCode=0x0] on new item id field
Nov 07, 2021 2:26:10 AM net.sourceforge.marathon.javaagent.EventQueueDevice dispatchEvent
INFO: java.awt.event.KeyEvent[KEY_PRESSED,keyCode=69,keyText=E,keyChar='e',keyLocation=KEY_LOCATION_UNKNOWN,rawCode=0,primaryLevelUnicode=0,scancode=0,extendedKeyCode=0x0] on new item id field
Nov 07, 2021 2:26:10 AM net.sourceforge.marathon.javaagent.EventQueueDevice dispatchEvent
INFO: java.awt.event.KeyEvent[KEY_TYPED,keyCode=0,keyText=Unknown keyCode: 0x0,keyChar='e',keyLocation=KEY_LOCATION_UNKNOWN,rawCode=0,primaryLevelUnicode=0,scancode=0,extendedKeyCode=0x0] on new item id field
Nov 07, 2021 2:26:10 AM net.sourceforge.marathon.javaagent.EventQueueDevice dispatchEvent
INFO: java.awt.event.KeyEvent[KEY_RELEASED,keyCode=69,keyText=E,keyChar='e',keyLocation=KEY_LOCATION_UNKNOWN,rawCode=0,primaryLevelUnicode=0,scancode=0,extendedKeyCode=0x0] on new item id field
Nov 07, 2021 2:26:10 AM net.sourceforge.marathon.javaagent.EventQueueDevice dispatchEvent
INFO: java.awt.event.KeyEvent[KEY_PRESSED,keyCode=77,keyText=M,keyChar='m',keyLocation=KEY_LOCATION_UNKNOWN,rawCode=0,primaryLevelUnicode=0,scancode=0,extendedKeyCode=0x0] on new item id field
Nov 07, 2021 2:26:10 AM net.sourceforge.marathon.javaagent.EventQueueDevice dispatchEvent
INFO: java.awt.event.KeyEvent[KEY_TYPED,keyCode=0,keyText=Unknown keyCode: 0x0,keyChar='m',keyLocation=KEY_LOCATION_UNKNOWN,rawCode=0,primaryLevelUnicode=0,scancode=0,extendedKeyCode=0x0] on new item id field
Nov 07, 2021 2:26:10 AM net.sourceforge.marathon.javaagent.EventQueueDevice dispatchEvent
INFO: java.awt.event.KeyEvent[KEY_RELEASED,keyCode=77,keyText=M,keyChar='m',keyLocation=KEY_LOCATION_UNKNOWN,rawCode=0,primaryLevelUnicode=0,scancode=0,extendedKeyCode=0x0] on new item id field
Nov 07, 2021 2:26:10 AM net.sourceforge.marathon.javaagent.EventQueueDevice dispatchEvent
INFO: java.awt.event.KeyEvent[KEY_PRESSED,keyCode=45,keyText=Minus,keyChar='-',keyLocation=KEY_LOCATION_UNKNOWN,rawCode=0,primaryLevelUnicode=0,scancode=0,extendedKeyCode=0x0] on new item id field
Nov 07, 2021 2:26:10 AM net.sourceforge.marathon.javaagent.EventQueueDevice dispatchEvent
INFO: java.awt.event.KeyEvent[KEY_TYPED,keyCode=0,keyText=Unknown keyCode: 0x0,keyChar='-',keyLocation=KEY_LOCATION_UNKNOWN,rawCode=0,primaryLevelUnicode=0,scancode=0,extendedKeyCode=0x0] on new item id field
Nov 07, 2021 2:26:10 AM net.sourceforge.marathon.javaagent.EventQueueDevice dispatchEvent
INFO: java.awt.event.KeyEvent[KEY_RELEASED,keyCode=45,keyText=Minus,keyChar='-',keyLocation=KEY_LOCATION_UNKNOWN,rawCode=0,primaryLevelUnicode=0,scancode=0,extendedKeyCode=0x0] on new item id field
Nov 07, 2021 2:26:10 AM net.sourceforge.marathon.javaagent.EventQueueDevice dispatchEvent
INFO: java.awt.event.KeyEvent[KEY_PRESSED,keyCode=73,keyText=I,keyChar='i',keyLocation=KEY_LOCATION_UNKNOWN,rawCode=0,primaryLevelUnicode=0,scancode=0,extendedKeyCode=0x0] on new item id field
Nov 07, 2021 2:26:10 AM net.sourceforge.marathon.javaagent.EventQueueDevice dispatchEvent
INFO: java.awt.event.KeyEvent[KEY_TYPED,keyCode=0,keyText=Unknown keyCode: 0x0,keyChar='i',keyLocation=KEY_LOCATION_UNKNOWN,rawCode=0,primaryLevelUnicode=0,scancode=0,extendedKeyCode=0x0] on new item id field
Nov 07, 2021 2:26:10 AM net.sourceforge.marathon.javaagent.EventQueueDevice dispatchEvent
INFO: java.awt.event.KeyEvent[KEY_RELEASED,keyCode=73,keyText=I,keyChar='i',keyLocation=KEY_LOCATION_UNKNOWN,rawCode=0,primaryLevelUnicode=0,scancode=0,extendedKeyCode=0x0] on new item id field
Nov 07, 2021 2:26:10 AM net.sourceforge.marathon.javaagent.EventQueueDevice dispatchEvent
INFO: java.awt.event.KeyEvent[KEY_PRESSED,keyCode=68,keyText=D,keyChar='d',keyLocation=KEY_LOCATION_UNKNOWN,rawCode=0,primaryLevelUnicode=0,scancode=0,extendedKeyCode=0x0] on new item id field
Nov 07, 2021 2:26:10 AM net.sourceforge.marathon.javaagent.EventQueueDevice dispatchEvent
INFO: java.awt.event.KeyEvent[KEY_TYPED,keyCode=0,keyText=Unknown keyCode: 0x0,keyChar='d',keyLocation=KEY_LOCATION_UNKNOWN,rawCode=0,primaryLevelUnicode=0,scancode=0,extendedKeyCode=0x0] on new item id field
Nov 07, 2021 2:26:10 AM net.sourceforge.marathon.javaagent.EventQueueDevice dispatchEvent
INFO: java.awt.event.KeyEvent[KEY_RELEASED,keyCode=68,keyText=D,keyChar='d',keyLocation=KEY_LOCATION_UNKNOWN,rawCode=0,primaryLevelUnicode=0,scancode=0,extendedKeyCode=0x0] on new item id field
Nov 07, 2021 2:26:10 AM net.sourceforge.marathon.javaagent.server.JavaServer serve
INFO: POST(/session/ca082961-df97-438f-9e9e-27835cdd0f86/element/155186a5-2387-41ca-a400-b88e7e89f2e6/value, {"id":"155186a5-2387-41ca-a400-b88e7e89f2e6","value":["an item-id"]}) = {data={"name":"sendKeysElement","sessionId":"ca082961-df97-438f-9e9e-27835cdd0f86","status":0}, status=OK}
Nov 07, 2021 2:26:10 AM net.sourceforge.marathon.javaagent.server.JavaServer serve
INFO: JavaServer.serve(POST /session/ca082961-df97-438f-9e9e-27835cdd0f86/element): {
  "using": "name",
  "value": "new item stop price field"
}
Nov 07, 2021 2:26:10 AM net.sourceforge.marathon.javaagent.server.JavaServer serve
INFO: POST(/session/ca082961-df97-438f-9e9e-27835cdd0f86/element, {"using":"name","value":"new item stop price field"}) = {data={"name":"findElement","sessionId":"ca082961-df97-438f-9e9e-27835cdd0f86","value":{"ELEMENT":"c1af5aaa-4832-4dc7-85d2-bb18a7ec55f3"},"status":0}, status=OK}
Nov 07, 2021 2:26:10 AM net.sourceforge.marathon.javaagent.server.JavaServer serve
INFO: JavaServer.serve(POST /session/ca082961-df97-438f-9e9e-27835cdd0f86/element/c1af5aaa-4832-4dc7-85d2-bb18a7ec55f3/clear): {
  "id": "c1af5aaa-4832-4dc7-85d2-bb18a7ec55f3"
}
Nov 07, 2021 2:26:10 AM net.sourceforge.marathon.javaagent.server.JavaServer serve
INFO: POST(/session/ca082961-df97-438f-9e9e-27835cdd0f86/element/c1af5aaa-4832-4dc7-85d2-bb18a7ec55f3/clear, {"id":"c1af5aaa-4832-4dc7-85d2-bb18a7ec55f3"}) = {data={"name":"clearElement","sessionId":"ca082961-df97-438f-9e9e-27835cdd0f86","status":0}, status=OK}
Nov 07, 2021 2:26:10 AM net.sourceforge.marathon.javaagent.server.JavaServer serve
INFO: JavaServer.serve(POST /session/ca082961-df97-438f-9e9e-27835cdd0f86/element/c1af5aaa-4832-4dc7-85d2-bb18a7ec55f3/value): {
  "id": "c1af5aaa-4832-4dc7-85d2-bb18a7ec55f3",
  "value": [
    "11000"
  ]
}
Nov 07, 2021 2:26:10 AM net.sourceforge.marathon.javaagent.EventQueueDevice dispatchEvent
INFO: java.awt.event.KeyEvent[KEY_PRESSED,keyCode=49,keyText=1,keyChar='1',keyLocation=KEY_LOCATION_UNKNOWN,rawCode=0,primaryLevelUnicode=0,scancode=0,extendedKeyCode=0x0] on new item stop price field
Nov 07, 2021 2:26:10 AM net.sourceforge.marathon.javaagent.EventQueueDevice dispatchEvent
INFO: java.awt.event.KeyEvent[KEY_TYPED,keyCode=0,keyText=Unknown keyCode: 0x0,keyChar='1',keyLocation=KEY_LOCATION_UNKNOWN,rawCode=0,primaryLevelUnicode=0,scancode=0,extendedKeyCode=0x0] on new item stop price field
Nov 07, 2021 2:26:10 AM net.sourceforge.marathon.javaagent.EventQueueDevice dispatchEvent
INFO: java.awt.event.KeyEvent[KEY_RELEASED,keyCode=49,keyText=1,keyChar='1',keyLocation=KEY_LOCATION_UNKNOWN,rawCode=0,primaryLevelUnicode=0,scancode=0,extendedKeyCode=0x0] on new item stop price field
Nov 07, 2021 2:26:10 AM net.sourceforge.marathon.javaagent.EventQueueDevice dispatchEvent
INFO: java.awt.event.KeyEvent[KEY_PRESSED,keyCode=49,keyText=1,keyChar='1',keyLocation=KEY_LOCATION_UNKNOWN,rawCode=0,primaryLevelUnicode=0,scancode=0,extendedKeyCode=0x0] on new item stop price field
Nov 07, 2021 2:26:10 AM net.sourceforge.marathon.javaagent.EventQueueDevice dispatchEvent
INFO: java.awt.event.KeyEvent[KEY_TYPED,keyCode=0,keyText=Unknown keyCode: 0x0,keyChar='1',keyLocation=KEY_LOCATION_UNKNOWN,rawCode=0,primaryLevelUnicode=0,scancode=0,extendedKeyCode=0x0] on new item stop price field
Nov 07, 2021 2:26:10 AM net.sourceforge.marathon.javaagent.EventQueueDevice dispatchEvent
INFO: java.awt.event.KeyEvent[KEY_RELEASED,keyCode=49,keyText=1,keyChar='1',keyLocation=KEY_LOCATION_UNKNOWN,rawCode=0,primaryLevelUnicode=0,scancode=0,extendedKeyCode=0x0] on new item stop price field
Nov 07, 2021 2:26:10 AM net.sourceforge.marathon.javaagent.EventQueueDevice dispatchEvent
INFO: java.awt.event.KeyEvent[KEY_PRESSED,keyCode=48,keyText=0,keyChar='0',keyLocation=KEY_LOCATION_UNKNOWN,rawCode=0,primaryLevelUnicode=0,scancode=0,extendedKeyCode=0x0] on new item stop price field
Nov 07, 2021 2:26:10 AM net.sourceforge.marathon.javaagent.EventQueueDevice dispatchEvent
INFO: java.awt.event.KeyEvent[KEY_TYPED,keyCode=0,keyText=Unknown keyCode: 0x0,keyChar='0',keyLocation=KEY_LOCATION_UNKNOWN,rawCode=0,primaryLevelUnicode=0,scancode=0,extendedKeyCode=0x0] on new item stop price field
Nov 07, 2021 2:26:10 AM net.sourceforge.marathon.javaagent.EventQueueDevice dispatchEvent
INFO: java.awt.event.KeyEvent[KEY_RELEASED,keyCode=48,keyText=0,keyChar='0',keyLocation=KEY_LOCATION_UNKNOWN,rawCode=0,primaryLevelUnicode=0,scancode=0,extendedKeyCode=0x0] on new item stop price field
Nov 07, 2021 2:26:10 AM net.sourceforge.marathon.javaagent.EventQueueDevice dispatchEvent
INFO: java.awt.event.KeyEvent[KEY_PRESSED,keyCode=48,keyText=0,keyChar='0',keyLocation=KEY_LOCATION_UNKNOWN,rawCode=0,primaryLevelUnicode=0,scancode=0,extendedKeyCode=0x0] on new item stop price field
Nov 07, 2021 2:26:10 AM net.sourceforge.marathon.javaagent.EventQueueDevice dispatchEvent
INFO: java.awt.event.KeyEvent[KEY_TYPED,keyCode=0,keyText=Unknown keyCode: 0x0,keyChar='0',keyLocation=KEY_LOCATION_UNKNOWN,rawCode=0,primaryLevelUnicode=0,scancode=0,extendedKeyCode=0x0] on new item stop price field
Nov 07, 2021 2:26:10 AM net.sourceforge.marathon.javaagent.EventQueueDevice dispatchEvent
INFO: java.awt.event.KeyEvent[KEY_RELEASED,keyCode=48,keyText=0,keyChar='0',keyLocation=KEY_LOCATION_UNKNOWN,rawCode=0,primaryLevelUnicode=0,scancode=0,extendedKeyCode=0x0] on new item stop price field
Nov 07, 2021 2:26:10 AM net.sourceforge.marathon.javaagent.EventQueueDevice dispatchEvent
INFO: java.awt.event.KeyEvent[KEY_PRESSED,keyCode=48,keyText=0,keyChar='0',keyLocation=KEY_LOCATION_UNKNOWN,rawCode=0,primaryLevelUnicode=0,scancode=0,extendedKeyCode=0x0] on new item stop price field
Nov 07, 2021 2:26:10 AM net.sourceforge.marathon.javaagent.EventQueueDevice dispatchEvent
INFO: java.awt.event.KeyEvent[KEY_TYPED,keyCode=0,keyText=Unknown keyCode: 0x0,keyChar='0',keyLocation=KEY_LOCATION_UNKNOWN,rawCode=0,primaryLevelUnicode=0,scancode=0,extendedKeyCode=0x0] on new item stop price field
Nov 07, 2021 2:26:10 AM net.sourceforge.marathon.javaagent.EventQueueDevice dispatchEvent
INFO: java.awt.event.KeyEvent[KEY_RELEASED,keyCode=48,keyText=0,keyChar='0',keyLocation=KEY_LOCATION_UNKNOWN,rawCode=0,primaryLevelUnicode=0,scancode=0,extendedKeyCode=0x0] on new item stop price field
Nov 07, 2021 2:26:10 AM net.sourceforge.marathon.javaagent.server.JavaServer serve
INFO: POST(/session/ca082961-df97-438f-9e9e-27835cdd0f86/element/c1af5aaa-4832-4dc7-85d2-bb18a7ec55f3/value, {"id":"c1af5aaa-4832-4dc7-85d2-bb18a7ec55f3","value":["11000"]}) = {data={"name":"sendKeysElement","sessionId":"ca082961-df97-438f-9e9e-27835cdd0f86","status":0}, status=OK}
Nov 07, 2021 2:26:10 AM net.sourceforge.marathon.javaagent.server.JavaServer serve
INFO: JavaServer.serve(POST /session/ca082961-df97-438f-9e9e-27835cdd0f86/element): {
  "using": "name",
  "value": "join button"
}
Nov 07, 2021 2:26:10 AM net.sourceforge.marathon.javaagent.server.JavaServer serve
INFO: POST(/session/ca082961-df97-438f-9e9e-27835cdd0f86/element, {"using":"name","value":"join button"}) = {data={"name":"findElement","sessionId":"ca082961-df97-438f-9e9e-27835cdd0f86","value":{"ELEMENT":"a746a05b-ceea-4674-b60b-50acdb8f5357"},"status":0}, status=OK}
Nov 07, 2021 2:26:10 AM net.sourceforge.marathon.javaagent.server.JavaServer serve
INFO: JavaServer.serve(POST /session/ca082961-df97-438f-9e9e-27835cdd0f86/element/a746a05b-ceea-4674-b60b-50acdb8f5357/click): {
  "id": "a746a05b-ceea-4674-b60b-50acdb8f5357"
}
Nov 07, 2021 2:26:10 AM net.sourceforge.marathon.javaagent.EventQueueDevice dispatchEvent
INFO: java.awt.event.MouseEvent[MOUSE_PRESSED,(58,12),absolute(589,17),button=1,modifiers=Button1,extModifiers=Button1,clickCount=1] on join button
Nov 07, 2021 2:26:10 AM net.sourceforge.marathon.javaagent.EventQueueDevice dispatchEvent
INFO: java.awt.event.MouseEvent[MOUSE_RELEASED,(58,12),absolute(589,17),button=1,modifiers=Button1,clickCount=1] on join button
Nov 07, 2021 2:26:10 AM net.sourceforge.marathon.javaagent.EventQueueDevice dispatchEvent
INFO: java.awt.event.MouseEvent[MOUSE_CLICKED,(58,12),absolute(589,17),button=1,modifiers=Button1,clickCount=1] on join button
Nov 07, 2021 2:26:10 AM net.sourceforge.marathon.javaagent.server.JavaServer serve
INFO: POST(/session/ca082961-df97-438f-9e9e-27835cdd0f86/element/a746a05b-ceea-4674-b60b-50acdb8f5357/click, {"id":"a746a05b-ceea-4674-b60b-50acdb8f5357"}) = {data={"name":"clickElement","sessionId":"ca082961-df97-438f-9e9e-27835cdd0f86","status":0}, status=OK}
Nov 07, 2021 2:26:10 AM net.sourceforge.marathon.javaagent.server.JavaServer serve
INFO: JavaServer.serve(DELETE /session/ca082961-df97-438f-9e9e-27835cdd0f86/window): {}
Nov 07, 2021 2:26:10 AM net.sourceforge.marathon.javaagent.server.JavaServer serve
INFO: DELETE(/session/ca082961-df97-438f-9e9e-27835cdd0f86/window) = {data={"name":"closeSession","sessionId":"ca082961-df97-438f-9e9e-27835cdd0f86","status":0}, status=OK}
Nov 07, 2021 2:26:10 AM net.sourceforge.marathon.javaagent.server.JavaServer serve
INFO: JavaServer.serve(POST /session): {
  "desiredCapabilities": {
    "browserName": "java",
    "platform": "ANY"
  },
  "capabilities": {
    "firstMatch": [
      {
        "browserName": "java"
      }
    ]
  }
}
Nov 07, 2021 2:26:10 AM net.sourceforge.marathon.javaagent.server.JavaServer createSession
INFO: Creating device with type: EVENT_QUEUE
Nov 07, 2021 2:26:10 AM net.sourceforge.marathon.javaagent.Device getDevice
INFO: Creating a EVENT_QUEUE device
Nov 07, 2021 2:26:10 AM net.sourceforge.marathon.javaagent.server.JavaServer serve
INFO: POST(/session, {"desiredCapabilities":{"browserName":"java","platform":"ANY"},"capabilities":{"firstMatch":[{"browserName":"java"}]}}) = {data=, status=REDIRECT}
Nov 07, 2021 2:26:10 AM net.sourceforge.marathon.javaagent.server.JavaServer serve
INFO: JavaServer.serve(GET /session/5edca12a-1772-43fc-ae21-1efab781c80a): {}
Nov 07, 2021 2:26:10 AM net.sourceforge.marathon.javaagent.server.JavaServer serve
INFO: GET(/session/5edca12a-1772-43fc-ae21-1efab781c80a) = {data={"name":"getCapabilities","sessionId":"5edca12a-1772-43fc-ae21-1efab781c80a","value":{"applicationCacheEnabled":false,"rotatable":false,"loggingPrefs":{"driver":"ALL"},"handlesAlerts":false,"databaseEnabled":false,"version":"1.0","platform":"ANY","browserConnectionEnabled":false,"nativeEvents":false,"acceptSslCerts":false,"locationContextEnabled":false,"webStorageEnabled":false,"browserName":"java","takesScreenshot":true,"javascriptEnabled":true,"cssSelectorsEnabled":false},"status":0}, status=OK}
Nov 07, 2021 2:26:10 AM org.openqa.selenium.remote.ProtocolHandshake createSession
INFO: Detected dialect: OSS
Nov 07, 2021 2:26:10 AM net.sourceforge.marathon.javaagent.server.JavaServer serve
INFO: JavaServer.serve(POST /session/5edca12a-1772-43fc-ae21-1efab781c80a/element): {
  "using": "name",
  "value": "sniper reset button"
}
Nov 07, 2021 2:26:10 AM net.sourceforge.marathon.javaagent.server.JavaServer serve
INFO: POST(/session/5edca12a-1772-43fc-ae21-1efab781c80a/element, {"using":"name","value":"sniper reset button"}) = {data={"name":"findElement","sessionId":"5edca12a-1772-43fc-ae21-1efab781c80a","value":{"ELEMENT":"bab32565-64a9-4f58-a3f8-a046fd4e3f48"},"status":0}, status=OK}
Nov 07, 2021 2:26:10 AM net.sourceforge.marathon.javaagent.server.JavaServer serve
INFO: JavaServer.serve(POST /session/5edca12a-1772-43fc-ae21-1efab781c80a/element/bab32565-64a9-4f58-a3f8-a046fd4e3f48/click): {
  "id": "bab32565-64a9-4f58-a3f8-a046fd4e3f48"
}
Nov 07, 2021 2:26:10 AM net.sourceforge.marathon.javaagent.EventQueueDevice dispatchEvent
INFO: java.awt.event.MouseEvent[MOUSE_PRESSED,(37,12),absolute(326,474),button=1,modifiers=Button1,extModifiers=Button1,clickCount=1] on sniper reset button
Nov 07, 2021 2:26:10 AM net.sourceforge.marathon.javaagent.EventQueueDevice dispatchEvent
INFO: java.awt.event.MouseEvent[MOUSE_RELEASED,(37,12),absolute(326,474),button=1,modifiers=Button1,clickCount=1] on sniper reset button
Nov 07, 2021 2:26:10 AM net.sourceforge.marathon.javaagent.EventQueueDevice dispatchEvent
INFO: java.awt.event.MouseEvent[MOUSE_CLICKED,(37,12),absolute(326,474),button=1,modifiers=Button1,clickCount=1] on sniper reset button
Nov 07, 2021 2:26:10 AM net.sourceforge.marathon.javaagent.server.JavaServer serve
INFO: POST(/session/5edca12a-1772-43fc-ae21-1efab781c80a/element/bab32565-64a9-4f58-a3f8-a046fd4e3f48/click, {"id":"bab32565-64a9-4f58-a3f8-a046fd4e3f48"}) = {data={"name":"clickElement","sessionId":"5edca12a-1772-43fc-ae21-1efab781c80a","status":0}, status=OK}
Nov 07, 2021 2:26:10 AM net.sourceforge.marathon.javaagent.server.JavaServer serve
INFO: JavaServer.serve(DELETE /session/5edca12a-1772-43fc-ae21-1efab781c80a/window): {}
Nov 07, 2021 2:26:10 AM net.sourceforge.marathon.javaagent.server.JavaServer serve
INFO: DELETE(/session/5edca12a-1772-43fc-ae21-1efab781c80a/window) = {data={"name":"closeSession","sessionId":"5edca12a-1772-43fc-ae21-1efab781c80a","status":0}, status=OK}
]]></system-err>
</testsuite>
