<?xml version="1.0" encoding="UTF-8"?>
<testsuite name="goos.ui.swing.MainWindowTest" tests="3" skipped="0" failures="0" errors="0" timestamp="2021-09-10T02:24:27" hostname="buildkitsandbox" time="3.918">
  <properties/>
  <testcase name="window has expected features" classname="goos.ui.swing.MainWindowTest" time="2.965"/>
  <testcase name="make user request when join button clicked" classname="goos.ui.swing.MainWindowTest" time="0.768"/>
  <testcase name="make user request when reset button clicked" classname="goos.ui.swing.MainWindowTest" time="0.178"/>
  <system-out><![CDATA[]]></system-out>
  <system-err><![CDATA[Sep 10, 2021 2:24:28 AM io.mockk.impl.log.JULLogger warn
WARNING: Failed to transform class goos/ui/api/UserRequestListener
java.lang.IllegalArgumentException: Unsupported class file major version 59
	at net.bytebuddy.jar.asm.ClassReader.<init>(ClassReader.java:176)
	at net.bytebuddy.jar.asm.ClassReader.<init>(ClassReader.java:158)
	at net.bytebuddy.jar.asm.ClassReader.<init>(ClassReader.java:146)
	at net.bytebuddy.utility.OpenedClassReader.of(OpenedClassReader.java:69)
	at net.bytebuddy.dynamic.scaffold.TypeWriter$Default$ForInlining.create(TypeWriter.java:2877)
	at net.bytebuddy.dynamic.scaffold.TypeWriter$Default.make(TypeWriter.java:1653)
	at net.bytebuddy.dynamic.scaffold.inline.RedefinitionDynamicTypeBuilder.make(RedefinitionDynamicTypeBuilder.java:180)
	at net.bytebuddy.dynamic.scaffold.inline.AbstractInliningDynamicTypeBuilder.make(AbstractInliningDynamicTypeBuilder.java:94)
	at net.bytebuddy.dynamic.DynamicType$Builder$AbstractBase.make(DynamicType.java:2669)
	at io.mockk.proxy.jvm.transformation.InliningClassTransformer.transform(InliningClassTransformer.kt:78)
	at java.instrument/java.lang.instrument.ClassFileTransformer.transform(ClassFileTransformer.java:246)
	at java.instrument/sun.instrument.TransformerManager.transform(TransformerManager.java:188)
	at java.instrument/sun.instrument.InstrumentationImpl.transform(InstrumentationImpl.java:563)
	at java.instrument/sun.instrument.InstrumentationImpl.retransformClasses0(Native Method)
	at java.instrument/sun.instrument.InstrumentationImpl.retransformClasses(InstrumentationImpl.java:167)
	at io.mockk.proxy.jvm.transformation.JvmInlineInstrumentation.retransform(JvmInlineInstrumentation.kt:28)
	at io.mockk.proxy.common.transformation.RetransformInlineInstrumnetation$execute$1.invoke(RetransformInlineInstrumnetation.kt:19)
	at io.mockk.proxy.common.transformation.RetransformInlineInstrumnetation$execute$1.invoke(RetransformInlineInstrumnetation.kt:6)
	at io.mockk.proxy.common.transformation.ClassTransformationSpecMap.applyTransformation(ClassTransformationSpecMap.kt:41)
	at io.mockk.proxy.common.transformation.RetransformInlineInstrumnetation.execute(RetransformInlineInstrumnetation.kt:16)
	at io.mockk.proxy.jvm.ProxyMaker.inline(ProxyMaker.kt:88)
	at io.mockk.proxy.jvm.ProxyMaker.proxy(ProxyMaker.kt:30)
	at io.mockk.impl.instantiation.JvmMockFactory.newProxy(JvmMockFactory.kt:34)
	at io.mockk.impl.instantiation.AbstractMockFactory.newProxy$default(AbstractMockFactory.kt:29)
	at io.mockk.impl.instantiation.AbstractMockFactory.mockk(AbstractMockFactory.kt:59)
	at goos.ui.swing.MainWindowTest$1$1.invokeSuspend(MainWindowTest.kt:90)
	at goos.ui.swing.MainWindowTest$1$1.invoke(MainWindowTest.kt)
	at goos.ui.swing.MainWindowTest$1$1.invoke(MainWindowTest.kt)
	at io.kotest.core.TestConfiguration$beforeTest$1.beforeTest(TestConfiguration.kt:137)
	at io.kotest.core.spec.LifecycleKt.invokeAllBeforeTestCallbacks(lifecycle.kt:76)
	at io.kotest.core.internal.TestCaseExecutor.executeActiveTest(TestCaseExecutor.kt:152)
	at io.kotest.core.internal.TestCaseExecutor.access$executeActiveTest(TestCaseExecutor.kt:57)
	at io.kotest.core.internal.TestCaseExecutor$intercept$innerExecute$1$1.invokeSuspend(TestCaseExecutor.kt:89)
	at io.kotest.core.internal.TestCaseExecutor$intercept$innerExecute$1$1.invoke(TestCaseExecutor.kt)
	at io.kotest.core.internal.TestCaseExecutor$intercept$innerExecute$1$1.invoke(TestCaseExecutor.kt)
	at io.kotest.core.internal.TestCaseExecutor.executeIfEnabled(TestCaseExecutor.kt:117)
	at io.kotest.core.internal.TestCaseExecutor.access$executeIfEnabled(TestCaseExecutor.kt:57)
	at io.kotest.core.internal.TestCaseExecutor$intercept$innerExecute$1.invokeSuspend(TestCaseExecutor.kt:89)
	at io.kotest.core.internal.TestCaseExecutor$intercept$innerExecute$1.invoke(TestCaseExecutor.kt)
	at io.kotest.core.internal.TestCaseExecutor$intercept$innerExecute$1.invoke(TestCaseExecutor.kt)
	at io.kotest.core.internal.TestCaseExecutor.intercept(TestCaseExecutor.kt:103)
	at io.kotest.core.internal.TestCaseExecutor.execute(TestCaseExecutor.kt:69)
	at io.kotest.engine.spec.runners.SingleInstanceSpecRunner.runTest(SingleInstanceSpecRunner.kt:104)
	at io.kotest.engine.spec.runners.SingleInstanceSpecRunner.access$runTest(SingleInstanceSpecRunner.kt:34)
	at io.kotest.engine.spec.runners.SingleInstanceSpecRunner$execute$interceptAndRun$2$4.invokeSuspend(SingleInstanceSpecRunner.kt:57)
	at io.kotest.engine.spec.runners.SingleInstanceSpecRunner$execute$interceptAndRun$2$4.invoke(SingleInstanceSpecRunner.kt)
	at io.kotest.engine.spec.runners.SingleInstanceSpecRunner$execute$interceptAndRun$2$4.invoke(SingleInstanceSpecRunner.kt)
	at io.kotest.engine.launchers.SequentialTestLauncher$launch$3$1$1.invokeSuspend(SequentialTestLauncher.kt:22)
	at kotlin.coroutines.jvm.internal.BaseContinuationImpl.resumeWith(ContinuationImpl.kt:33)
	at kotlinx.coroutines.DispatchedTask.run(DispatchedTask.kt:106)
	at java.base/java.util.concurrent.ThreadPoolExecutor.runWorker(ThreadPoolExecutor.java:1130)
	at java.base/java.util.concurrent.ThreadPoolExecutor$Worker.run(ThreadPoolExecutor.java:630)
	at java.base/java.lang.Thread.run(Thread.java:832)

Sep 10, 2021 2:24:30 AM net.sourceforge.marathon.javaagent.server.JavaServer serve
INFO: JavaServer.serve(POST /session): {
  "desiredCapabilities": {
    "browserName": "java",
    "platform": "ANY"
  },
  "capabilities": {
    "firstMatch": [
      {
        "browserName": "java"
      }
    ]
  }
}
Sep 10, 2021 2:24:30 AM net.sourceforge.marathon.javaagent.server.JavaServer createSession
INFO: Creating device with type: EVENT_QUEUE
Sep 10, 2021 2:24:30 AM net.sourceforge.marathon.javaagent.Device getDevice
INFO: Creating a EVENT_QUEUE device
Sep 10, 2021 2:24:30 AM net.sourceforge.marathon.javaagent.server.JavaServer serve
INFO: POST(/session, {"desiredCapabilities":{"browserName":"java","platform":"ANY"},"capabilities":{"firstMatch":[{"browserName":"java"}]}}) = {data=, status=REDIRECT}
Sep 10, 2021 2:24:30 AM net.sourceforge.marathon.javaagent.server.JavaServer serve
INFO: JavaServer.serve(GET /session/130f44d6-5532-451f-98d4-d268da682a57): {}
Sep 10, 2021 2:24:30 AM net.sourceforge.marathon.javaagent.server.JavaServer serve
INFO: GET(/session/130f44d6-5532-451f-98d4-d268da682a57) = {data={"name":"getCapabilities","sessionId":"130f44d6-5532-451f-98d4-d268da682a57","value":{"applicationCacheEnabled":false,"rotatable":false,"loggingPrefs":{"driver":"ALL"},"handlesAlerts":false,"databaseEnabled":false,"version":"1.0","platform":"ANY","browserConnectionEnabled":false,"nativeEvents":false,"acceptSslCerts":false,"locationContextEnabled":false,"webStorageEnabled":false,"browserName":"java","takesScreenshot":true,"javascriptEnabled":true,"cssSelectorsEnabled":false},"status":0}, status=OK}
Sep 10, 2021 2:24:30 AM org.openqa.selenium.remote.ProtocolHandshake createSession
INFO: Detected dialect: OSS
Sep 10, 2021 2:24:30 AM net.sourceforge.marathon.javaagent.server.JavaServer serve
INFO: JavaServer.serve(POST /session/130f44d6-5532-451f-98d4-d268da682a57/element): {
  "using": "css selector",
  "value": "."
}
Sep 10, 2021 2:24:30 AM net.sourceforge.marathon.javaagent.server.JavaServer serve
INFO: POST(/session/130f44d6-5532-451f-98d4-d268da682a57/element, {"using":"css selector","value":"."}) = {data={"name":"findElement","sessionId":"130f44d6-5532-451f-98d4-d268da682a57","value":{"ELEMENT":"513095e8-f562-4493-afb8-23b27087b866"},"status":0}, status=OK}
Sep 10, 2021 2:24:30 AM net.sourceforge.marathon.javaagent.server.JavaServer serve
INFO: JavaServer.serve(GET /session/130f44d6-5532-451f-98d4-d268da682a57/element/513095e8-f562-4493-afb8-23b27087b866/attribute/name): {}
Sep 10, 2021 2:24:30 AM net.sourceforge.marathon.javaagent.server.JavaServer serve
INFO: GET(/session/130f44d6-5532-451f-98d4-d268da682a57/element/513095e8-f562-4493-afb8-23b27087b866/attribute/name) = {data={"name":"getElementAttribute","sessionId":"130f44d6-5532-451f-98d4-d268da682a57","value":"Auction Sniper Name","status":0}, status=OK}
Sep 10, 2021 2:24:30 AM net.sourceforge.marathon.javaagent.server.JavaServer serve
INFO: JavaServer.serve(POST /session/130f44d6-5532-451f-98d4-d268da682a57/element): {
  "using": "css selector",
  "value": "."
}
Sep 10, 2021 2:24:30 AM net.sourceforge.marathon.javaagent.server.JavaServer serve
INFO: POST(/session/130f44d6-5532-451f-98d4-d268da682a57/element, {"using":"css selector","value":"."}) = {data={"name":"findElement","sessionId":"130f44d6-5532-451f-98d4-d268da682a57","value":{"ELEMENT":"513095e8-f562-4493-afb8-23b27087b866"},"status":0}, status=OK}
Sep 10, 2021 2:24:30 AM net.sourceforge.marathon.javaagent.server.JavaServer serve
INFO: JavaServer.serve(GET /session/130f44d6-5532-451f-98d4-d268da682a57/element/513095e8-f562-4493-afb8-23b27087b866/displayed): {}
Sep 10, 2021 2:24:30 AM net.sourceforge.marathon.javaagent.server.JavaServer serve
INFO: GET(/session/130f44d6-5532-451f-98d4-d268da682a57/element/513095e8-f562-4493-afb8-23b27087b866/displayed) = {data={"name":"isDisplayed","sessionId":"130f44d6-5532-451f-98d4-d268da682a57","value":true,"status":0}, status=OK}
Sep 10, 2021 2:24:30 AM net.sourceforge.marathon.javaagent.server.JavaServer serve
INFO: JavaServer.serve(GET /session/130f44d6-5532-451f-98d4-d268da682a57/title): {}
Sep 10, 2021 2:24:30 AM net.sourceforge.marathon.javaagent.server.JavaServer serve
INFO: GET(/session/130f44d6-5532-451f-98d4-d268da682a57/title) = {data={"name":"getWindowTitle","sessionId":"130f44d6-5532-451f-98d4-d268da682a57","value":"Auction Sniper","status":0}, status=OK}
Sep 10, 2021 2:24:30 AM net.sourceforge.marathon.javaagent.server.JavaServer serve
INFO: JavaServer.serve(POST /session/130f44d6-5532-451f-98d4-d268da682a57/element): {
  "using": "name",
  "value": "snipers table"
}
Sep 10, 2021 2:24:30 AM net.sourceforge.marathon.javaagent.server.JavaServer serve
INFO: POST(/session/130f44d6-5532-451f-98d4-d268da682a57/element, {"using":"name","value":"snipers table"}) = {data={"name":"findElement","sessionId":"130f44d6-5532-451f-98d4-d268da682a57","value":{"ELEMENT":"5e981aaa-4dc6-4b8d-a2c1-b6637fac3881"},"status":0}, status=OK}
Sep 10, 2021 2:24:30 AM net.sourceforge.marathon.javaagent.server.JavaServer serve
INFO: JavaServer.serve(POST /session/130f44d6-5532-451f-98d4-d268da682a57/element/5e981aaa-4dc6-4b8d-a2c1-b6637fac3881/elements): {
  "id": "5e981aaa-4dc6-4b8d-a2c1-b6637fac3881",
  "using": "css selector",
  "value": ".::header.::all-items"
}
Sep 10, 2021 2:24:30 AM net.sourceforge.marathon.javaagent.server.JavaServer serve
INFO: POST(/session/130f44d6-5532-451f-98d4-d268da682a57/element/5e981aaa-4dc6-4b8d-a2c1-b6637fac3881/elements, {"using":"css selector","id":"5e981aaa-4dc6-4b8d-a2c1-b6637fac3881","value":".::header.::all-items"}) = {data={"name":"findElementsOfElement","sessionId":"130f44d6-5532-451f-98d4-d268da682a57","value":[{"ELEMENT":"d24720aa-4aa6-43ce-8e65-bafab8317b4f%23%7B%22selector%22%3A%22nth-item%22%2C%22parameters%22%3A%5B1%5D%7D"},{"ELEMENT":"d24720aa-4aa6-43ce-8e65-bafab8317b4f%23%7B%22selector%22%3A%22nth-item%22%2C%22parameters%22%3A%5B2%5D%7D"},{"ELEMENT":"d24720aa-4aa6-43ce-8e65-bafab8317b4f%23%7B%22selector%22%3A%22nth-item%22%2C%22parameters%22%3A%5B3%5D%7D"},{"ELEMENT":"d24720aa-4aa6-43ce-8e65-bafab8317b4f%23%7B%22selector%22%3A%22nth-item%22%2C%22parameters%22%3A%5B4%5D%7D"}],"status":0}, status=OK}
Sep 10, 2021 2:24:30 AM net.sourceforge.marathon.javaagent.server.JavaServer serve
INFO: JavaServer.serve(GET /session/130f44d6-5532-451f-98d4-d268da682a57/element/d24720aa-4aa6-43ce-8e65-bafab8317b4f%23%7B%22selector%22%3A%22nth-item%22%2C%22parameters%22%3A%5B1%5D%7D/text): {}
Sep 10, 2021 2:24:30 AM net.sourceforge.marathon.javaagent.server.JavaServer serve
INFO: GET(/session/130f44d6-5532-451f-98d4-d268da682a57/element/d24720aa-4aa6-43ce-8e65-bafab8317b4f%23%7B%22selector%22%3A%22nth-item%22%2C%22parameters%22%3A%5B1%5D%7D/text) = {data={"name":"getElementText","sessionId":"130f44d6-5532-451f-98d4-d268da682a57","value":"Item","status":0}, status=OK}
Sep 10, 2021 2:24:30 AM net.sourceforge.marathon.javaagent.server.JavaServer serve
INFO: JavaServer.serve(GET /session/130f44d6-5532-451f-98d4-d268da682a57/element/d24720aa-4aa6-43ce-8e65-bafab8317b4f%23%7B%22selector%22%3A%22nth-item%22%2C%22parameters%22%3A%5B2%5D%7D/text): {}
Sep 10, 2021 2:24:30 AM net.sourceforge.marathon.javaagent.server.JavaServer serve
INFO: GET(/session/130f44d6-5532-451f-98d4-d268da682a57/element/d24720aa-4aa6-43ce-8e65-bafab8317b4f%23%7B%22selector%22%3A%22nth-item%22%2C%22parameters%22%3A%5B2%5D%7D/text) = {data={"name":"getElementText","sessionId":"130f44d6-5532-451f-98d4-d268da682a57","value":"Last Price","status":0}, status=OK}
Sep 10, 2021 2:24:30 AM net.sourceforge.marathon.javaagent.server.JavaServer serve
INFO: JavaServer.serve(GET /session/130f44d6-5532-451f-98d4-d268da682a57/element/d24720aa-4aa6-43ce-8e65-bafab8317b4f%23%7B%22selector%22%3A%22nth-item%22%2C%22parameters%22%3A%5B3%5D%7D/text): {}
Sep 10, 2021 2:24:30 AM net.sourceforge.marathon.javaagent.server.JavaServer serve
INFO: GET(/session/130f44d6-5532-451f-98d4-d268da682a57/element/d24720aa-4aa6-43ce-8e65-bafab8317b4f%23%7B%22selector%22%3A%22nth-item%22%2C%22parameters%22%3A%5B3%5D%7D/text) = {data={"name":"getElementText","sessionId":"130f44d6-5532-451f-98d4-d268da682a57","value":"Last Bid","status":0}, status=OK}
Sep 10, 2021 2:24:30 AM net.sourceforge.marathon.javaagent.server.JavaServer serve
INFO: JavaServer.serve(GET /session/130f44d6-5532-451f-98d4-d268da682a57/element/d24720aa-4aa6-43ce-8e65-bafab8317b4f%23%7B%22selector%22%3A%22nth-item%22%2C%22parameters%22%3A%5B4%5D%7D/text): {}
Sep 10, 2021 2:24:30 AM net.sourceforge.marathon.javaagent.server.JavaServer serve
INFO: GET(/session/130f44d6-5532-451f-98d4-d268da682a57/element/d24720aa-4aa6-43ce-8e65-bafab8317b4f%23%7B%22selector%22%3A%22nth-item%22%2C%22parameters%22%3A%5B4%5D%7D/text) = {data={"name":"getElementText","sessionId":"130f44d6-5532-451f-98d4-d268da682a57","value":"State","status":0}, status=OK}
Sep 10, 2021 2:24:30 AM net.sourceforge.marathon.javaagent.server.JavaServer serve
INFO: JavaServer.serve(DELETE /session/130f44d6-5532-451f-98d4-d268da682a57/window): {}
Sep 10, 2021 2:24:30 AM net.sourceforge.marathon.javaagent.server.JavaServer serve
INFO: DELETE(/session/130f44d6-5532-451f-98d4-d268da682a57/window) = {data={"name":"closeSession","sessionId":"130f44d6-5532-451f-98d4-d268da682a57","status":0}, status=OK}
Sep 10, 2021 2:24:30 AM net.sourceforge.marathon.javaagent.server.JavaServer serve
INFO: JavaServer.serve(POST /session): {
  "desiredCapabilities": {
    "browserName": "java",
    "platform": "ANY"
  },
  "capabilities": {
    "firstMatch": [
      {
        "browserName": "java"
      }
    ]
  }
}
Sep 10, 2021 2:24:30 AM net.sourceforge.marathon.javaagent.server.JavaServer createSession
INFO: Creating device with type: EVENT_QUEUE
Sep 10, 2021 2:24:30 AM net.sourceforge.marathon.javaagent.Device getDevice
INFO: Creating a EVENT_QUEUE device
Sep 10, 2021 2:24:30 AM net.sourceforge.marathon.javaagent.server.JavaServer serve
INFO: POST(/session, {"desiredCapabilities":{"browserName":"java","platform":"ANY"},"capabilities":{"firstMatch":[{"browserName":"java"}]}}) = {data=, status=REDIRECT}
Sep 10, 2021 2:24:30 AM net.sourceforge.marathon.javaagent.server.JavaServer serve
INFO: JavaServer.serve(GET /session/da848d42-9c7a-41bc-a881-187e232b18b5): {}
Sep 10, 2021 2:24:30 AM net.sourceforge.marathon.javaagent.server.JavaServer serve
INFO: GET(/session/da848d42-9c7a-41bc-a881-187e232b18b5) = {data={"name":"getCapabilities","sessionId":"da848d42-9c7a-41bc-a881-187e232b18b5","value":{"applicationCacheEnabled":false,"rotatable":false,"loggingPrefs":{"driver":"ALL"},"handlesAlerts":false,"databaseEnabled":false,"version":"1.0","platform":"ANY","browserConnectionEnabled":false,"nativeEvents":false,"acceptSslCerts":false,"locationContextEnabled":false,"webStorageEnabled":false,"browserName":"java","takesScreenshot":true,"javascriptEnabled":true,"cssSelectorsEnabled":false},"status":0}, status=OK}
Sep 10, 2021 2:24:31 AM org.openqa.selenium.remote.ProtocolHandshake createSession
INFO: Detected dialect: OSS
Sep 10, 2021 2:24:31 AM net.sourceforge.marathon.javaagent.server.JavaServer serve
INFO: JavaServer.serve(POST /session/da848d42-9c7a-41bc-a881-187e232b18b5/element): {
  "using": "name",
  "value": "new item id field"
}
Sep 10, 2021 2:24:31 AM net.sourceforge.marathon.javaagent.server.JavaServer serve
INFO: POST(/session/da848d42-9c7a-41bc-a881-187e232b18b5/element, {"using":"name","value":"new item id field"}) = {data={"name":"findElement","sessionId":"da848d42-9c7a-41bc-a881-187e232b18b5","value":{"ELEMENT":"47519dd7-dce3-43b6-841c-032e6b2e346c"},"status":0}, status=OK}
Sep 10, 2021 2:24:31 AM net.sourceforge.marathon.javaagent.server.JavaServer serve
INFO: JavaServer.serve(POST /session/da848d42-9c7a-41bc-a881-187e232b18b5/element/47519dd7-dce3-43b6-841c-032e6b2e346c/clear): {
  "id": "47519dd7-dce3-43b6-841c-032e6b2e346c"
}
Sep 10, 2021 2:24:31 AM net.sourceforge.marathon.javaagent.server.JavaServer serve
INFO: POST(/session/da848d42-9c7a-41bc-a881-187e232b18b5/element/47519dd7-dce3-43b6-841c-032e6b2e346c/clear, {"id":"47519dd7-dce3-43b6-841c-032e6b2e346c"}) = {data={"name":"clearElement","sessionId":"da848d42-9c7a-41bc-a881-187e232b18b5","status":0}, status=OK}
Sep 10, 2021 2:24:31 AM net.sourceforge.marathon.javaagent.server.JavaServer serve
INFO: JavaServer.serve(POST /session/da848d42-9c7a-41bc-a881-187e232b18b5/element/47519dd7-dce3-43b6-841c-032e6b2e346c/value): {
  "id": "47519dd7-dce3-43b6-841c-032e6b2e346c",
  "value": [
    "an item-id"
  ]
}
Sep 10, 2021 2:24:31 AM net.sourceforge.marathon.javaagent.EventQueueDevice dispatchEvent
INFO: java.awt.event.KeyEvent[KEY_PRESSED,keyCode=65,keyText=A,keyChar='a',keyLocation=KEY_LOCATION_UNKNOWN,rawCode=0,primaryLevelUnicode=0,scancode=0,extendedKeyCode=0x0] on new item id field
Sep 10, 2021 2:24:31 AM net.sourceforge.marathon.javaagent.EventQueueDevice dispatchEvent
INFO: java.awt.event.KeyEvent[KEY_TYPED,keyCode=0,keyText=Unknown keyCode: 0x0,keyChar='a',keyLocation=KEY_LOCATION_UNKNOWN,rawCode=0,primaryLevelUnicode=0,scancode=0,extendedKeyCode=0x0] on new item id field
Sep 10, 2021 2:24:31 AM net.sourceforge.marathon.javaagent.EventQueueDevice dispatchEvent
INFO: java.awt.event.KeyEvent[KEY_RELEASED,keyCode=65,keyText=A,keyChar='a',keyLocation=KEY_LOCATION_UNKNOWN,rawCode=0,primaryLevelUnicode=0,scancode=0,extendedKeyCode=0x0] on new item id field
Sep 10, 2021 2:24:31 AM net.sourceforge.marathon.javaagent.EventQueueDevice dispatchEvent
INFO: java.awt.event.KeyEvent[KEY_PRESSED,keyCode=78,keyText=N,keyChar='n',keyLocation=KEY_LOCATION_UNKNOWN,rawCode=0,primaryLevelUnicode=0,scancode=0,extendedKeyCode=0x0] on new item id field
Sep 10, 2021 2:24:31 AM net.sourceforge.marathon.javaagent.EventQueueDevice dispatchEvent
INFO: java.awt.event.KeyEvent[KEY_TYPED,keyCode=0,keyText=Unknown keyCode: 0x0,keyChar='n',keyLocation=KEY_LOCATION_UNKNOWN,rawCode=0,primaryLevelUnicode=0,scancode=0,extendedKeyCode=0x0] on new item id field
Sep 10, 2021 2:24:31 AM net.sourceforge.marathon.javaagent.EventQueueDevice dispatchEvent
INFO: java.awt.event.KeyEvent[KEY_RELEASED,keyCode=78,keyText=N,keyChar='n',keyLocation=KEY_LOCATION_UNKNOWN,rawCode=0,primaryLevelUnicode=0,scancode=0,extendedKeyCode=0x0] on new item id field
Sep 10, 2021 2:24:31 AM net.sourceforge.marathon.javaagent.EventQueueDevice dispatchEvent
INFO: java.awt.event.KeyEvent[KEY_PRESSED,keyCode=16,keyText=Shift,keyChar=Undefined keyChar,modifiers=Shift,extModifiers=Shift,keyLocation=KEY_LOCATION_UNKNOWN,rawCode=0,primaryLevelUnicode=0,scancode=0,extendedKeyCode=0x0] on new item id field
Sep 10, 2021 2:24:31 AM net.sourceforge.marathon.javaagent.EventQueueDevice dispatchEvent
INFO: java.awt.event.KeyEvent[KEY_PRESSED,keyCode=32,keyText=Space,keyChar=' ',modifiers=Shift,extModifiers=Shift,keyLocation=KEY_LOCATION_UNKNOWN,rawCode=0,primaryLevelUnicode=0,scancode=0,extendedKeyCode=0x0] on new item id field
Sep 10, 2021 2:24:31 AM net.sourceforge.marathon.javaagent.EventQueueDevice dispatchEvent
INFO: java.awt.event.KeyEvent[KEY_TYPED,keyCode=0,keyText=Unknown keyCode: 0x0,keyChar=' ',modifiers=Shift,extModifiers=Shift,keyLocation=KEY_LOCATION_UNKNOWN,rawCode=0,primaryLevelUnicode=0,scancode=0,extendedKeyCode=0x0] on new item id field
Sep 10, 2021 2:24:31 AM net.sourceforge.marathon.javaagent.EventQueueDevice dispatchEvent
INFO: java.awt.event.KeyEvent[KEY_RELEASED,keyCode=32,keyText=Space,keyChar=' ',modifiers=Shift,extModifiers=Shift,keyLocation=KEY_LOCATION_UNKNOWN,rawCode=0,primaryLevelUnicode=0,scancode=0,extendedKeyCode=0x0] on new item id field
Sep 10, 2021 2:24:31 AM net.sourceforge.marathon.javaagent.EventQueueDevice dispatchEvent
INFO: java.awt.event.KeyEvent[KEY_RELEASED,keyCode=16,keyText=Shift,keyChar=Undefined keyChar,keyLocation=KEY_LOCATION_UNKNOWN,rawCode=0,primaryLevelUnicode=0,scancode=0,extendedKeyCode=0x0] on new item id field
Sep 10, 2021 2:24:31 AM net.sourceforge.marathon.javaagent.EventQueueDevice dispatchEvent
INFO: java.awt.event.KeyEvent[KEY_PRESSED,keyCode=73,keyText=I,keyChar='i',keyLocation=KEY_LOCATION_UNKNOWN,rawCode=0,primaryLevelUnicode=0,scancode=0,extendedKeyCode=0x0] on new item id field
Sep 10, 2021 2:24:31 AM net.sourceforge.marathon.javaagent.EventQueueDevice dispatchEvent
INFO: java.awt.event.KeyEvent[KEY_TYPED,keyCode=0,keyText=Unknown keyCode: 0x0,keyChar='i',keyLocation=KEY_LOCATION_UNKNOWN,rawCode=0,primaryLevelUnicode=0,scancode=0,extendedKeyCode=0x0] on new item id field
Sep 10, 2021 2:24:31 AM net.sourceforge.marathon.javaagent.EventQueueDevice dispatchEvent
INFO: java.awt.event.KeyEvent[KEY_RELEASED,keyCode=73,keyText=I,keyChar='i',keyLocation=KEY_LOCATION_UNKNOWN,rawCode=0,primaryLevelUnicode=0,scancode=0,extendedKeyCode=0x0] on new item id field
Sep 10, 2021 2:24:31 AM net.sourceforge.marathon.javaagent.EventQueueDevice dispatchEvent
INFO: java.awt.event.KeyEvent[KEY_PRESSED,keyCode=84,keyText=T,keyChar='t',keyLocation=KEY_LOCATION_UNKNOWN,rawCode=0,primaryLevelUnicode=0,scancode=0,extendedKeyCode=0x0] on new item id field
Sep 10, 2021 2:24:31 AM net.sourceforge.marathon.javaagent.EventQueueDevice dispatchEvent
INFO: java.awt.event.KeyEvent[KEY_TYPED,keyCode=0,keyText=Unknown keyCode: 0x0,keyChar='t',keyLocation=KEY_LOCATION_UNKNOWN,rawCode=0,primaryLevelUnicode=0,scancode=0,extendedKeyCode=0x0] on new item id field
Sep 10, 2021 2:24:31 AM net.sourceforge.marathon.javaagent.EventQueueDevice dispatchEvent
INFO: java.awt.event.KeyEvent[KEY_RELEASED,keyCode=84,keyText=T,keyChar='t',keyLocation=KEY_LOCATION_UNKNOWN,rawCode=0,primaryLevelUnicode=0,scancode=0,extendedKeyCode=0x0] on new item id field
Sep 10, 2021 2:24:31 AM net.sourceforge.marathon.javaagent.EventQueueDevice dispatchEvent
INFO: java.awt.event.KeyEvent[KEY_PRESSED,keyCode=69,keyText=E,keyChar='e',keyLocation=KEY_LOCATION_UNKNOWN,rawCode=0,primaryLevelUnicode=0,scancode=0,extendedKeyCode=0x0] on new item id field
Sep 10, 2021 2:24:31 AM net.sourceforge.marathon.javaagent.EventQueueDevice dispatchEvent
INFO: java.awt.event.KeyEvent[KEY_TYPED,keyCode=0,keyText=Unknown keyCode: 0x0,keyChar='e',keyLocation=KEY_LOCATION_UNKNOWN,rawCode=0,primaryLevelUnicode=0,scancode=0,extendedKeyCode=0x0] on new item id field
Sep 10, 2021 2:24:31 AM net.sourceforge.marathon.javaagent.EventQueueDevice dispatchEvent
INFO: java.awt.event.KeyEvent[KEY_RELEASED,keyCode=69,keyText=E,keyChar='e',keyLocation=KEY_LOCATION_UNKNOWN,rawCode=0,primaryLevelUnicode=0,scancode=0,extendedKeyCode=0x0] on new item id field
Sep 10, 2021 2:24:31 AM net.sourceforge.marathon.javaagent.EventQueueDevice dispatchEvent
INFO: java.awt.event.KeyEvent[KEY_PRESSED,keyCode=77,keyText=M,keyChar='m',keyLocation=KEY_LOCATION_UNKNOWN,rawCode=0,primaryLevelUnicode=0,scancode=0,extendedKeyCode=0x0] on new item id field
Sep 10, 2021 2:24:31 AM net.sourceforge.marathon.javaagent.EventQueueDevice dispatchEvent
INFO: java.awt.event.KeyEvent[KEY_TYPED,keyCode=0,keyText=Unknown keyCode: 0x0,keyChar='m',keyLocation=KEY_LOCATION_UNKNOWN,rawCode=0,primaryLevelUnicode=0,scancode=0,extendedKeyCode=0x0] on new item id field
Sep 10, 2021 2:24:31 AM net.sourceforge.marathon.javaagent.EventQueueDevice dispatchEvent
INFO: java.awt.event.KeyEvent[KEY_RELEASED,keyCode=77,keyText=M,keyChar='m',keyLocation=KEY_LOCATION_UNKNOWN,rawCode=0,primaryLevelUnicode=0,scancode=0,extendedKeyCode=0x0] on new item id field
Sep 10, 2021 2:24:31 AM net.sourceforge.marathon.javaagent.EventQueueDevice dispatchEvent
INFO: java.awt.event.KeyEvent[KEY_PRESSED,keyCode=45,keyText=Minus,keyChar='-',keyLocation=KEY_LOCATION_UNKNOWN,rawCode=0,primaryLevelUnicode=0,scancode=0,extendedKeyCode=0x0] on new item id field
Sep 10, 2021 2:24:31 AM net.sourceforge.marathon.javaagent.EventQueueDevice dispatchEvent
INFO: java.awt.event.KeyEvent[KEY_TYPED,keyCode=0,keyText=Unknown keyCode: 0x0,keyChar='-',keyLocation=KEY_LOCATION_UNKNOWN,rawCode=0,primaryLevelUnicode=0,scancode=0,extendedKeyCode=0x0] on new item id field
Sep 10, 2021 2:24:31 AM net.sourceforge.marathon.javaagent.EventQueueDevice dispatchEvent
INFO: java.awt.event.KeyEvent[KEY_RELEASED,keyCode=45,keyText=Minus,keyChar='-',keyLocation=KEY_LOCATION_UNKNOWN,rawCode=0,primaryLevelUnicode=0,scancode=0,extendedKeyCode=0x0] on new item id field
Sep 10, 2021 2:24:31 AM net.sourceforge.marathon.javaagent.EventQueueDevice dispatchEvent
INFO: java.awt.event.KeyEvent[KEY_PRESSED,keyCode=73,keyText=I,keyChar='i',keyLocation=KEY_LOCATION_UNKNOWN,rawCode=0,primaryLevelUnicode=0,scancode=0,extendedKeyCode=0x0] on new item id field
Sep 10, 2021 2:24:31 AM net.sourceforge.marathon.javaagent.EventQueueDevice dispatchEvent
INFO: java.awt.event.KeyEvent[KEY_TYPED,keyCode=0,keyText=Unknown keyCode: 0x0,keyChar='i',keyLocation=KEY_LOCATION_UNKNOWN,rawCode=0,primaryLevelUnicode=0,scancode=0,extendedKeyCode=0x0] on new item id field
Sep 10, 2021 2:24:31 AM net.sourceforge.marathon.javaagent.EventQueueDevice dispatchEvent
INFO: java.awt.event.KeyEvent[KEY_RELEASED,keyCode=73,keyText=I,keyChar='i',keyLocation=KEY_LOCATION_UNKNOWN,rawCode=0,primaryLevelUnicode=0,scancode=0,extendedKeyCode=0x0] on new item id field
Sep 10, 2021 2:24:31 AM net.sourceforge.marathon.javaagent.EventQueueDevice dispatchEvent
INFO: java.awt.event.KeyEvent[KEY_PRESSED,keyCode=68,keyText=D,keyChar='d',keyLocation=KEY_LOCATION_UNKNOWN,rawCode=0,primaryLevelUnicode=0,scancode=0,extendedKeyCode=0x0] on new item id field
Sep 10, 2021 2:24:31 AM net.sourceforge.marathon.javaagent.EventQueueDevice dispatchEvent
INFO: java.awt.event.KeyEvent[KEY_TYPED,keyCode=0,keyText=Unknown keyCode: 0x0,keyChar='d',keyLocation=KEY_LOCATION_UNKNOWN,rawCode=0,primaryLevelUnicode=0,scancode=0,extendedKeyCode=0x0] on new item id field
Sep 10, 2021 2:24:31 AM net.sourceforge.marathon.javaagent.EventQueueDevice dispatchEvent
INFO: java.awt.event.KeyEvent[KEY_RELEASED,keyCode=68,keyText=D,keyChar='d',keyLocation=KEY_LOCATION_UNKNOWN,rawCode=0,primaryLevelUnicode=0,scancode=0,extendedKeyCode=0x0] on new item id field
Sep 10, 2021 2:24:31 AM net.sourceforge.marathon.javaagent.server.JavaServer serve
INFO: POST(/session/da848d42-9c7a-41bc-a881-187e232b18b5/element/47519dd7-dce3-43b6-841c-032e6b2e346c/value, {"id":"47519dd7-dce3-43b6-841c-032e6b2e346c","value":["an item-id"]}) = {data={"name":"sendKeysElement","sessionId":"da848d42-9c7a-41bc-a881-187e232b18b5","status":0}, status=OK}
Sep 10, 2021 2:24:31 AM net.sourceforge.marathon.javaagent.server.JavaServer serve
INFO: JavaServer.serve(POST /session/da848d42-9c7a-41bc-a881-187e232b18b5/element): {
  "using": "name",
  "value": "new item stop price field"
}
Sep 10, 2021 2:24:31 AM net.sourceforge.marathon.javaagent.server.JavaServer serve
INFO: POST(/session/da848d42-9c7a-41bc-a881-187e232b18b5/element, {"using":"name","value":"new item stop price field"}) = {data={"name":"findElement","sessionId":"da848d42-9c7a-41bc-a881-187e232b18b5","value":{"ELEMENT":"837e3243-0192-45e9-a4e0-0b475354f6fe"},"status":0}, status=OK}
Sep 10, 2021 2:24:31 AM net.sourceforge.marathon.javaagent.server.JavaServer serve
INFO: JavaServer.serve(POST /session/da848d42-9c7a-41bc-a881-187e232b18b5/element/837e3243-0192-45e9-a4e0-0b475354f6fe/clear): {
  "id": "837e3243-0192-45e9-a4e0-0b475354f6fe"
}
Sep 10, 2021 2:24:31 AM net.sourceforge.marathon.javaagent.server.JavaServer serve
INFO: POST(/session/da848d42-9c7a-41bc-a881-187e232b18b5/element/837e3243-0192-45e9-a4e0-0b475354f6fe/clear, {"id":"837e3243-0192-45e9-a4e0-0b475354f6fe"}) = {data={"name":"clearElement","sessionId":"da848d42-9c7a-41bc-a881-187e232b18b5","status":0}, status=OK}
Sep 10, 2021 2:24:31 AM net.sourceforge.marathon.javaagent.server.JavaServer serve
INFO: JavaServer.serve(POST /session/da848d42-9c7a-41bc-a881-187e232b18b5/element/837e3243-0192-45e9-a4e0-0b475354f6fe/value): {
  "id": "837e3243-0192-45e9-a4e0-0b475354f6fe",
  "value": [
    "11000"
  ]
}
Sep 10, 2021 2:24:31 AM net.sourceforge.marathon.javaagent.EventQueueDevice dispatchEvent
INFO: java.awt.event.KeyEvent[KEY_PRESSED,keyCode=49,keyText=1,keyChar='1',keyLocation=KEY_LOCATION_UNKNOWN,rawCode=0,primaryLevelUnicode=0,scancode=0,extendedKeyCode=0x0] on new item stop price field
Sep 10, 2021 2:24:31 AM net.sourceforge.marathon.javaagent.EventQueueDevice dispatchEvent
INFO: java.awt.event.KeyEvent[KEY_TYPED,keyCode=0,keyText=Unknown keyCode: 0x0,keyChar='1',keyLocation=KEY_LOCATION_UNKNOWN,rawCode=0,primaryLevelUnicode=0,scancode=0,extendedKeyCode=0x0] on new item stop price field
Sep 10, 2021 2:24:31 AM net.sourceforge.marathon.javaagent.EventQueueDevice dispatchEvent
INFO: java.awt.event.KeyEvent[KEY_RELEASED,keyCode=49,keyText=1,keyChar='1',keyLocation=KEY_LOCATION_UNKNOWN,rawCode=0,primaryLevelUnicode=0,scancode=0,extendedKeyCode=0x0] on new item stop price field
Sep 10, 2021 2:24:31 AM net.sourceforge.marathon.javaagent.EventQueueDevice dispatchEvent
INFO: java.awt.event.KeyEvent[KEY_PRESSED,keyCode=49,keyText=1,keyChar='1',keyLocation=KEY_LOCATION_UNKNOWN,rawCode=0,primaryLevelUnicode=0,scancode=0,extendedKeyCode=0x0] on new item stop price field
Sep 10, 2021 2:24:31 AM net.sourceforge.marathon.javaagent.EventQueueDevice dispatchEvent
INFO: java.awt.event.KeyEvent[KEY_TYPED,keyCode=0,keyText=Unknown keyCode: 0x0,keyChar='1',keyLocation=KEY_LOCATION_UNKNOWN,rawCode=0,primaryLevelUnicode=0,scancode=0,extendedKeyCode=0x0] on new item stop price field
Sep 10, 2021 2:24:31 AM net.sourceforge.marathon.javaagent.EventQueueDevice dispatchEvent
INFO: java.awt.event.KeyEvent[KEY_RELEASED,keyCode=49,keyText=1,keyChar='1',keyLocation=KEY_LOCATION_UNKNOWN,rawCode=0,primaryLevelUnicode=0,scancode=0,extendedKeyCode=0x0] on new item stop price field
Sep 10, 2021 2:24:31 AM net.sourceforge.marathon.javaagent.EventQueueDevice dispatchEvent
INFO: java.awt.event.KeyEvent[KEY_PRESSED,keyCode=48,keyText=0,keyChar='0',keyLocation=KEY_LOCATION_UNKNOWN,rawCode=0,primaryLevelUnicode=0,scancode=0,extendedKeyCode=0x0] on new item stop price field
Sep 10, 2021 2:24:31 AM net.sourceforge.marathon.javaagent.EventQueueDevice dispatchEvent
INFO: java.awt.event.KeyEvent[KEY_TYPED,keyCode=0,keyText=Unknown keyCode: 0x0,keyChar='0',keyLocation=KEY_LOCATION_UNKNOWN,rawCode=0,primaryLevelUnicode=0,scancode=0,extendedKeyCode=0x0] on new item stop price field
Sep 10, 2021 2:24:31 AM net.sourceforge.marathon.javaagent.EventQueueDevice dispatchEvent
INFO: java.awt.event.KeyEvent[KEY_RELEASED,keyCode=48,keyText=0,keyChar='0',keyLocation=KEY_LOCATION_UNKNOWN,rawCode=0,primaryLevelUnicode=0,scancode=0,extendedKeyCode=0x0] on new item stop price field
Sep 10, 2021 2:24:31 AM net.sourceforge.marathon.javaagent.EventQueueDevice dispatchEvent
INFO: java.awt.event.KeyEvent[KEY_PRESSED,keyCode=48,keyText=0,keyChar='0',keyLocation=KEY_LOCATION_UNKNOWN,rawCode=0,primaryLevelUnicode=0,scancode=0,extendedKeyCode=0x0] on new item stop price field
Sep 10, 2021 2:24:31 AM net.sourceforge.marathon.javaagent.EventQueueDevice dispatchEvent
INFO: java.awt.event.KeyEvent[KEY_TYPED,keyCode=0,keyText=Unknown keyCode: 0x0,keyChar='0',keyLocation=KEY_LOCATION_UNKNOWN,rawCode=0,primaryLevelUnicode=0,scancode=0,extendedKeyCode=0x0] on new item stop price field
Sep 10, 2021 2:24:31 AM net.sourceforge.marathon.javaagent.EventQueueDevice dispatchEvent
INFO: java.awt.event.KeyEvent[KEY_RELEASED,keyCode=48,keyText=0,keyChar='0',keyLocation=KEY_LOCATION_UNKNOWN,rawCode=0,primaryLevelUnicode=0,scancode=0,extendedKeyCode=0x0] on new item stop price field
Sep 10, 2021 2:24:31 AM net.sourceforge.marathon.javaagent.EventQueueDevice dispatchEvent
INFO: java.awt.event.KeyEvent[KEY_PRESSED,keyCode=48,keyText=0,keyChar='0',keyLocation=KEY_LOCATION_UNKNOWN,rawCode=0,primaryLevelUnicode=0,scancode=0,extendedKeyCode=0x0] on new item stop price field
Sep 10, 2021 2:24:31 AM net.sourceforge.marathon.javaagent.EventQueueDevice dispatchEvent
INFO: java.awt.event.KeyEvent[KEY_TYPED,keyCode=0,keyText=Unknown keyCode: 0x0,keyChar='0',keyLocation=KEY_LOCATION_UNKNOWN,rawCode=0,primaryLevelUnicode=0,scancode=0,extendedKeyCode=0x0] on new item stop price field
Sep 10, 2021 2:24:31 AM net.sourceforge.marathon.javaagent.EventQueueDevice dispatchEvent
INFO: java.awt.event.KeyEvent[KEY_RELEASED,keyCode=48,keyText=0,keyChar='0',keyLocation=KEY_LOCATION_UNKNOWN,rawCode=0,primaryLevelUnicode=0,scancode=0,extendedKeyCode=0x0] on new item stop price field
Sep 10, 2021 2:24:31 AM net.sourceforge.marathon.javaagent.server.JavaServer serve
INFO: POST(/session/da848d42-9c7a-41bc-a881-187e232b18b5/element/837e3243-0192-45e9-a4e0-0b475354f6fe/value, {"id":"837e3243-0192-45e9-a4e0-0b475354f6fe","value":["11000"]}) = {data={"name":"sendKeysElement","sessionId":"da848d42-9c7a-41bc-a881-187e232b18b5","status":0}, status=OK}
Sep 10, 2021 2:24:31 AM net.sourceforge.marathon.javaagent.server.JavaServer serve
INFO: JavaServer.serve(POST /session/da848d42-9c7a-41bc-a881-187e232b18b5/element): {
  "using": "name",
  "value": "join button"
}
Sep 10, 2021 2:24:31 AM net.sourceforge.marathon.javaagent.server.JavaServer serve
INFO: POST(/session/da848d42-9c7a-41bc-a881-187e232b18b5/element, {"using":"name","value":"join button"}) = {data={"name":"findElement","sessionId":"da848d42-9c7a-41bc-a881-187e232b18b5","value":{"ELEMENT":"850f8161-e024-4b6d-b049-2f55eba98be8"},"status":0}, status=OK}
Sep 10, 2021 2:24:31 AM net.sourceforge.marathon.javaagent.server.JavaServer serve
INFO: JavaServer.serve(POST /session/da848d42-9c7a-41bc-a881-187e232b18b5/element/850f8161-e024-4b6d-b049-2f55eba98be8/click): {
  "id": "850f8161-e024-4b6d-b049-2f55eba98be8"
}
Sep 10, 2021 2:24:31 AM net.sourceforge.marathon.javaagent.EventQueueDevice dispatchEvent
INFO: java.awt.event.MouseEvent[MOUSE_PRESSED,(58,12),absolute(589,17),button=1,modifiers=Button1,extModifiers=Button1,clickCount=1] on join button
Sep 10, 2021 2:24:31 AM net.sourceforge.marathon.javaagent.EventQueueDevice dispatchEvent
INFO: java.awt.event.MouseEvent[MOUSE_RELEASED,(58,12),absolute(589,17),button=1,modifiers=Button1,clickCount=1] on join button
Sep 10, 2021 2:24:31 AM net.sourceforge.marathon.javaagent.EventQueueDevice dispatchEvent
INFO: java.awt.event.MouseEvent[MOUSE_CLICKED,(58,12),absolute(589,17),button=1,modifiers=Button1,clickCount=1] on join button
Sep 10, 2021 2:24:31 AM net.sourceforge.marathon.javaagent.server.JavaServer serve
INFO: POST(/session/da848d42-9c7a-41bc-a881-187e232b18b5/element/850f8161-e024-4b6d-b049-2f55eba98be8/click, {"id":"850f8161-e024-4b6d-b049-2f55eba98be8"}) = {data={"name":"clickElement","sessionId":"da848d42-9c7a-41bc-a881-187e232b18b5","status":0}, status=OK}
Sep 10, 2021 2:24:31 AM net.sourceforge.marathon.javaagent.server.JavaServer serve
INFO: JavaServer.serve(DELETE /session/da848d42-9c7a-41bc-a881-187e232b18b5/window): {}
Sep 10, 2021 2:24:31 AM net.sourceforge.marathon.javaagent.server.JavaServer serve
INFO: DELETE(/session/da848d42-9c7a-41bc-a881-187e232b18b5/window) = {data={"name":"closeSession","sessionId":"da848d42-9c7a-41bc-a881-187e232b18b5","status":0}, status=OK}
Sep 10, 2021 2:24:31 AM net.sourceforge.marathon.javaagent.server.JavaServer serve
INFO: JavaServer.serve(POST /session): {
  "desiredCapabilities": {
    "browserName": "java",
    "platform": "ANY"
  },
  "capabilities": {
    "firstMatch": [
      {
        "browserName": "java"
      }
    ]
  }
}
Sep 10, 2021 2:24:31 AM net.sourceforge.marathon.javaagent.server.JavaServer createSession
INFO: Creating device with type: EVENT_QUEUE
Sep 10, 2021 2:24:31 AM net.sourceforge.marathon.javaagent.Device getDevice
INFO: Creating a EVENT_QUEUE device
Sep 10, 2021 2:24:31 AM net.sourceforge.marathon.javaagent.server.JavaServer serve
INFO: POST(/session, {"desiredCapabilities":{"browserName":"java","platform":"ANY"},"capabilities":{"firstMatch":[{"browserName":"java"}]}}) = {data=, status=REDIRECT}
Sep 10, 2021 2:24:31 AM net.sourceforge.marathon.javaagent.server.JavaServer serve
INFO: JavaServer.serve(GET /session/6ec31de1-eb2d-407b-988a-29fa80d4cdc4): {}
Sep 10, 2021 2:24:31 AM net.sourceforge.marathon.javaagent.server.JavaServer serve
INFO: GET(/session/6ec31de1-eb2d-407b-988a-29fa80d4cdc4) = {data={"name":"getCapabilities","sessionId":"6ec31de1-eb2d-407b-988a-29fa80d4cdc4","value":{"applicationCacheEnabled":false,"rotatable":false,"loggingPrefs":{"driver":"ALL"},"handlesAlerts":false,"databaseEnabled":false,"version":"1.0","platform":"ANY","browserConnectionEnabled":false,"nativeEvents":false,"acceptSslCerts":false,"locationContextEnabled":false,"webStorageEnabled":false,"browserName":"java","takesScreenshot":true,"javascriptEnabled":true,"cssSelectorsEnabled":false},"status":0}, status=OK}
Sep 10, 2021 2:24:31 AM org.openqa.selenium.remote.ProtocolHandshake createSession
INFO: Detected dialect: OSS
Sep 10, 2021 2:24:31 AM net.sourceforge.marathon.javaagent.server.JavaServer serve
INFO: JavaServer.serve(POST /session/6ec31de1-eb2d-407b-988a-29fa80d4cdc4/element): {
  "using": "name",
  "value": "sniper reset button"
}
Sep 10, 2021 2:24:31 AM net.sourceforge.marathon.javaagent.server.JavaServer serve
INFO: POST(/session/6ec31de1-eb2d-407b-988a-29fa80d4cdc4/element, {"using":"name","value":"sniper reset button"}) = {data={"name":"findElement","sessionId":"6ec31de1-eb2d-407b-988a-29fa80d4cdc4","value":{"ELEMENT":"827c36d8-d333-4223-b0e9-f1f70f90ccf7"},"status":0}, status=OK}
Sep 10, 2021 2:24:31 AM net.sourceforge.marathon.javaagent.server.JavaServer serve
INFO: JavaServer.serve(POST /session/6ec31de1-eb2d-407b-988a-29fa80d4cdc4/element/827c36d8-d333-4223-b0e9-f1f70f90ccf7/click): {
  "id": "827c36d8-d333-4223-b0e9-f1f70f90ccf7"
}
Sep 10, 2021 2:24:31 AM net.sourceforge.marathon.javaagent.EventQueueDevice dispatchEvent
INFO: java.awt.event.MouseEvent[MOUSE_PRESSED,(37,12),absolute(326,474),button=1,modifiers=Button1,extModifiers=Button1,clickCount=1] on sniper reset button
Sep 10, 2021 2:24:31 AM net.sourceforge.marathon.javaagent.EventQueueDevice dispatchEvent
INFO: java.awt.event.MouseEvent[MOUSE_RELEASED,(37,12),absolute(326,474),button=1,modifiers=Button1,clickCount=1] on sniper reset button
Sep 10, 2021 2:24:31 AM net.sourceforge.marathon.javaagent.EventQueueDevice dispatchEvent
INFO: java.awt.event.MouseEvent[MOUSE_CLICKED,(37,12),absolute(326,474),button=1,modifiers=Button1,clickCount=1] on sniper reset button
Sep 10, 2021 2:24:31 AM net.sourceforge.marathon.javaagent.server.JavaServer serve
INFO: POST(/session/6ec31de1-eb2d-407b-988a-29fa80d4cdc4/element/827c36d8-d333-4223-b0e9-f1f70f90ccf7/click, {"id":"827c36d8-d333-4223-b0e9-f1f70f90ccf7"}) = {data={"name":"clickElement","sessionId":"6ec31de1-eb2d-407b-988a-29fa80d4cdc4","status":0}, status=OK}
Sep 10, 2021 2:24:31 AM net.sourceforge.marathon.javaagent.server.JavaServer serve
INFO: JavaServer.serve(DELETE /session/6ec31de1-eb2d-407b-988a-29fa80d4cdc4/window): {}
Sep 10, 2021 2:24:31 AM net.sourceforge.marathon.javaagent.server.JavaServer serve
INFO: DELETE(/session/6ec31de1-eb2d-407b-988a-29fa80d4cdc4/window) = {data={"name":"closeSession","sessionId":"6ec31de1-eb2d-407b-988a-29fa80d4cdc4","status":0}, status=OK}
]]></system-err>
</testsuite>
