<?xml version="1.0" encoding="UTF-8"?>
<testsuite name="goos.ui.swing.MainWindowTest" tests="3" skipped="0" failures="0" errors="0" timestamp="2021-10-24T02:26:33" hostname="buildkitsandbox" time="3.606">
  <properties/>
  <testcase name="window has expected features" classname="goos.ui.swing.MainWindowTest" time="2.732"/>
  <testcase name="make user request when join button clicked" classname="goos.ui.swing.MainWindowTest" time="0.687"/>
  <testcase name="make user request when reset button clicked" classname="goos.ui.swing.MainWindowTest" time="0.183"/>
  <system-out><![CDATA[]]></system-out>
  <system-err><![CDATA[Oct 24, 2021 2:26:34 AM io.mockk.impl.log.JULLogger warn
WARNING: Failed to transform class goos/ui/api/UserRequestListener
java.lang.IllegalArgumentException: Unsupported class file major version 59
	at net.bytebuddy.jar.asm.ClassReader.<init>(ClassReader.java:176)
	at net.bytebuddy.jar.asm.ClassReader.<init>(ClassReader.java:158)
	at net.bytebuddy.jar.asm.ClassReader.<init>(ClassReader.java:146)
	at net.bytebuddy.utility.OpenedClassReader.of(OpenedClassReader.java:69)
	at net.bytebuddy.dynamic.scaffold.TypeWriter$Default$ForInlining.create(TypeWriter.java:2877)
	at net.bytebuddy.dynamic.scaffold.TypeWriter$Default.make(TypeWriter.java:1653)
	at net.bytebuddy.dynamic.scaffold.inline.RedefinitionDynamicTypeBuilder.make(RedefinitionDynamicTypeBuilder.java:180)
	at net.bytebuddy.dynamic.scaffold.inline.AbstractInliningDynamicTypeBuilder.make(AbstractInliningDynamicTypeBuilder.java:94)
	at net.bytebuddy.dynamic.DynamicType$Builder$AbstractBase.make(DynamicType.java:2669)
	at io.mockk.proxy.jvm.transformation.InliningClassTransformer.transform(InliningClassTransformer.kt:78)
	at java.instrument/java.lang.instrument.ClassFileTransformer.transform(ClassFileTransformer.java:246)
	at java.instrument/sun.instrument.TransformerManager.transform(TransformerManager.java:188)
	at java.instrument/sun.instrument.InstrumentationImpl.transform(InstrumentationImpl.java:563)
	at java.instrument/sun.instrument.InstrumentationImpl.retransformClasses0(Native Method)
	at java.instrument/sun.instrument.InstrumentationImpl.retransformClasses(InstrumentationImpl.java:167)
	at io.mockk.proxy.jvm.transformation.JvmInlineInstrumentation.retransform(JvmInlineInstrumentation.kt:28)
	at io.mockk.proxy.common.transformation.RetransformInlineInstrumnetation$execute$1.invoke(RetransformInlineInstrumnetation.kt:19)
	at io.mockk.proxy.common.transformation.RetransformInlineInstrumnetation$execute$1.invoke(RetransformInlineInstrumnetation.kt:6)
	at io.mockk.proxy.common.transformation.ClassTransformationSpecMap.applyTransformation(ClassTransformationSpecMap.kt:41)
	at io.mockk.proxy.common.transformation.RetransformInlineInstrumnetation.execute(RetransformInlineInstrumnetation.kt:16)
	at io.mockk.proxy.jvm.ProxyMaker.inline(ProxyMaker.kt:88)
	at io.mockk.proxy.jvm.ProxyMaker.proxy(ProxyMaker.kt:30)
	at io.mockk.impl.instantiation.JvmMockFactory.newProxy(JvmMockFactory.kt:34)
	at io.mockk.impl.instantiation.AbstractMockFactory.newProxy$default(AbstractMockFactory.kt:29)
	at io.mockk.impl.instantiation.AbstractMockFactory.mockk(AbstractMockFactory.kt:59)
	at goos.ui.swing.MainWindowTest$1$1.invokeSuspend(MainWindowTest.kt:90)
	at goos.ui.swing.MainWindowTest$1$1.invoke(MainWindowTest.kt)
	at goos.ui.swing.MainWindowTest$1$1.invoke(MainWindowTest.kt)
	at io.kotest.core.TestConfiguration$beforeTest$1.beforeTest(TestConfiguration.kt:137)
	at io.kotest.core.spec.LifecycleKt.invokeAllBeforeTestCallbacks(lifecycle.kt:76)
	at io.kotest.core.internal.TestCaseExecutor.executeActiveTest(TestCaseExecutor.kt:152)
	at io.kotest.core.internal.TestCaseExecutor.access$executeActiveTest(TestCaseExecutor.kt:57)
	at io.kotest.core.internal.TestCaseExecutor$intercept$innerExecute$1$1.invokeSuspend(TestCaseExecutor.kt:89)
	at io.kotest.core.internal.TestCaseExecutor$intercept$innerExecute$1$1.invoke(TestCaseExecutor.kt)
	at io.kotest.core.internal.TestCaseExecutor$intercept$innerExecute$1$1.invoke(TestCaseExecutor.kt)
	at io.kotest.core.internal.TestCaseExecutor.executeIfEnabled(TestCaseExecutor.kt:117)
	at io.kotest.core.internal.TestCaseExecutor.access$executeIfEnabled(TestCaseExecutor.kt:57)
	at io.kotest.core.internal.TestCaseExecutor$intercept$innerExecute$1.invokeSuspend(TestCaseExecutor.kt:89)
	at io.kotest.core.internal.TestCaseExecutor$intercept$innerExecute$1.invoke(TestCaseExecutor.kt)
	at io.kotest.core.internal.TestCaseExecutor$intercept$innerExecute$1.invoke(TestCaseExecutor.kt)
	at io.kotest.core.internal.TestCaseExecutor.intercept(TestCaseExecutor.kt:103)
	at io.kotest.core.internal.TestCaseExecutor.execute(TestCaseExecutor.kt:69)
	at io.kotest.engine.spec.runners.SingleInstanceSpecRunner.runTest(SingleInstanceSpecRunner.kt:104)
	at io.kotest.engine.spec.runners.SingleInstanceSpecRunner.access$runTest(SingleInstanceSpecRunner.kt:34)
	at io.kotest.engine.spec.runners.SingleInstanceSpecRunner$execute$interceptAndRun$2$4.invokeSuspend(SingleInstanceSpecRunner.kt:57)
	at io.kotest.engine.spec.runners.SingleInstanceSpecRunner$execute$interceptAndRun$2$4.invoke(SingleInstanceSpecRunner.kt)
	at io.kotest.engine.spec.runners.SingleInstanceSpecRunner$execute$interceptAndRun$2$4.invoke(SingleInstanceSpecRunner.kt)
	at io.kotest.engine.launchers.SequentialTestLauncher$launch$3$1$1.invokeSuspend(SequentialTestLauncher.kt:22)
	at kotlin.coroutines.jvm.internal.BaseContinuationImpl.resumeWith(ContinuationImpl.kt:33)
	at kotlinx.coroutines.DispatchedTask.run(DispatchedTask.kt:106)
	at java.base/java.util.concurrent.ThreadPoolExecutor.runWorker(ThreadPoolExecutor.java:1130)
	at java.base/java.util.concurrent.ThreadPoolExecutor$Worker.run(ThreadPoolExecutor.java:630)
	at java.base/java.lang.Thread.run(Thread.java:832)

Oct 24, 2021 2:26:36 AM net.sourceforge.marathon.javaagent.server.JavaServer serve
INFO: JavaServer.serve(POST /session): {
  "desiredCapabilities": {
    "browserName": "java",
    "platform": "ANY"
  },
  "capabilities": {
    "firstMatch": [
      {
        "browserName": "java"
      }
    ]
  }
}
Oct 24, 2021 2:26:36 AM net.sourceforge.marathon.javaagent.server.JavaServer createSession
INFO: Creating device with type: EVENT_QUEUE
Oct 24, 2021 2:26:36 AM net.sourceforge.marathon.javaagent.Device getDevice
INFO: Creating a EVENT_QUEUE device
Oct 24, 2021 2:26:36 AM net.sourceforge.marathon.javaagent.server.JavaServer serve
INFO: POST(/session, {"desiredCapabilities":{"browserName":"java","platform":"ANY"},"capabilities":{"firstMatch":[{"browserName":"java"}]}}) = {data=, status=REDIRECT}
Oct 24, 2021 2:26:36 AM net.sourceforge.marathon.javaagent.server.JavaServer serve
INFO: JavaServer.serve(GET /session/ba2c3528-51fc-4441-95d6-cb9c65b88d91): {}
Oct 24, 2021 2:26:36 AM net.sourceforge.marathon.javaagent.server.JavaServer serve
INFO: GET(/session/ba2c3528-51fc-4441-95d6-cb9c65b88d91) = {data={"name":"getCapabilities","sessionId":"ba2c3528-51fc-4441-95d6-cb9c65b88d91","value":{"applicationCacheEnabled":false,"rotatable":false,"loggingPrefs":{"driver":"ALL"},"handlesAlerts":false,"databaseEnabled":false,"version":"1.0","platform":"ANY","browserConnectionEnabled":false,"nativeEvents":false,"acceptSslCerts":false,"locationContextEnabled":false,"webStorageEnabled":false,"browserName":"java","takesScreenshot":true,"javascriptEnabled":true,"cssSelectorsEnabled":false},"status":0}, status=OK}
Oct 24, 2021 2:26:36 AM org.openqa.selenium.remote.ProtocolHandshake createSession
INFO: Detected dialect: OSS
Oct 24, 2021 2:26:36 AM net.sourceforge.marathon.javaagent.server.JavaServer serve
INFO: JavaServer.serve(POST /session/ba2c3528-51fc-4441-95d6-cb9c65b88d91/element): {
  "using": "css selector",
  "value": "."
}
Oct 24, 2021 2:26:36 AM net.sourceforge.marathon.javaagent.server.JavaServer serve
INFO: POST(/session/ba2c3528-51fc-4441-95d6-cb9c65b88d91/element, {"using":"css selector","value":"."}) = {data={"name":"findElement","sessionId":"ba2c3528-51fc-4441-95d6-cb9c65b88d91","value":{"ELEMENT":"af0d2ded-7ec1-4c0b-a2f2-30fd5179d5da"},"status":0}, status=OK}
Oct 24, 2021 2:26:36 AM net.sourceforge.marathon.javaagent.server.JavaServer serve
INFO: JavaServer.serve(GET /session/ba2c3528-51fc-4441-95d6-cb9c65b88d91/element/af0d2ded-7ec1-4c0b-a2f2-30fd5179d5da/attribute/name): {}
Oct 24, 2021 2:26:36 AM net.sourceforge.marathon.javaagent.server.JavaServer serve
INFO: GET(/session/ba2c3528-51fc-4441-95d6-cb9c65b88d91/element/af0d2ded-7ec1-4c0b-a2f2-30fd5179d5da/attribute/name) = {data={"name":"getElementAttribute","sessionId":"ba2c3528-51fc-4441-95d6-cb9c65b88d91","value":"Auction Sniper Name","status":0}, status=OK}
Oct 24, 2021 2:26:36 AM net.sourceforge.marathon.javaagent.server.JavaServer serve
INFO: JavaServer.serve(POST /session/ba2c3528-51fc-4441-95d6-cb9c65b88d91/element): {
  "using": "css selector",
  "value": "."
}
Oct 24, 2021 2:26:36 AM net.sourceforge.marathon.javaagent.server.JavaServer serve
INFO: POST(/session/ba2c3528-51fc-4441-95d6-cb9c65b88d91/element, {"using":"css selector","value":"."}) = {data={"name":"findElement","sessionId":"ba2c3528-51fc-4441-95d6-cb9c65b88d91","value":{"ELEMENT":"af0d2ded-7ec1-4c0b-a2f2-30fd5179d5da"},"status":0}, status=OK}
Oct 24, 2021 2:26:36 AM net.sourceforge.marathon.javaagent.server.JavaServer serve
INFO: JavaServer.serve(GET /session/ba2c3528-51fc-4441-95d6-cb9c65b88d91/element/af0d2ded-7ec1-4c0b-a2f2-30fd5179d5da/displayed): {}
Oct 24, 2021 2:26:36 AM net.sourceforge.marathon.javaagent.server.JavaServer serve
INFO: GET(/session/ba2c3528-51fc-4441-95d6-cb9c65b88d91/element/af0d2ded-7ec1-4c0b-a2f2-30fd5179d5da/displayed) = {data={"name":"isDisplayed","sessionId":"ba2c3528-51fc-4441-95d6-cb9c65b88d91","value":true,"status":0}, status=OK}
Oct 24, 2021 2:26:36 AM net.sourceforge.marathon.javaagent.server.JavaServer serve
INFO: JavaServer.serve(GET /session/ba2c3528-51fc-4441-95d6-cb9c65b88d91/title): {}
Oct 24, 2021 2:26:36 AM net.sourceforge.marathon.javaagent.server.JavaServer serve
INFO: GET(/session/ba2c3528-51fc-4441-95d6-cb9c65b88d91/title) = {data={"name":"getWindowTitle","sessionId":"ba2c3528-51fc-4441-95d6-cb9c65b88d91","value":"Auction Sniper","status":0}, status=OK}
Oct 24, 2021 2:26:36 AM net.sourceforge.marathon.javaagent.server.JavaServer serve
INFO: JavaServer.serve(POST /session/ba2c3528-51fc-4441-95d6-cb9c65b88d91/element): {
  "using": "name",
  "value": "snipers table"
}
Oct 24, 2021 2:26:36 AM net.sourceforge.marathon.javaagent.server.JavaServer serve
INFO: POST(/session/ba2c3528-51fc-4441-95d6-cb9c65b88d91/element, {"using":"name","value":"snipers table"}) = {data={"name":"findElement","sessionId":"ba2c3528-51fc-4441-95d6-cb9c65b88d91","value":{"ELEMENT":"65e214c3-dcc0-4b7f-ab5e-92b5a674a70f"},"status":0}, status=OK}
Oct 24, 2021 2:26:36 AM net.sourceforge.marathon.javaagent.server.JavaServer serve
INFO: JavaServer.serve(POST /session/ba2c3528-51fc-4441-95d6-cb9c65b88d91/element/65e214c3-dcc0-4b7f-ab5e-92b5a674a70f/elements): {
  "id": "65e214c3-dcc0-4b7f-ab5e-92b5a674a70f",
  "using": "css selector",
  "value": ".::header.::all-items"
}
Oct 24, 2021 2:26:36 AM net.sourceforge.marathon.javaagent.server.JavaServer serve
INFO: POST(/session/ba2c3528-51fc-4441-95d6-cb9c65b88d91/element/65e214c3-dcc0-4b7f-ab5e-92b5a674a70f/elements, {"using":"css selector","id":"65e214c3-dcc0-4b7f-ab5e-92b5a674a70f","value":".::header.::all-items"}) = {data={"name":"findElementsOfElement","sessionId":"ba2c3528-51fc-4441-95d6-cb9c65b88d91","value":[{"ELEMENT":"568cb1f9-1077-4f02-83b1-1e8a17ef9e27%23%7B%22selector%22%3A%22nth-item%22%2C%22parameters%22%3A%5B1%5D%7D"},{"ELEMENT":"568cb1f9-1077-4f02-83b1-1e8a17ef9e27%23%7B%22selector%22%3A%22nth-item%22%2C%22parameters%22%3A%5B2%5D%7D"},{"ELEMENT":"568cb1f9-1077-4f02-83b1-1e8a17ef9e27%23%7B%22selector%22%3A%22nth-item%22%2C%22parameters%22%3A%5B3%5D%7D"},{"ELEMENT":"568cb1f9-1077-4f02-83b1-1e8a17ef9e27%23%7B%22selector%22%3A%22nth-item%22%2C%22parameters%22%3A%5B4%5D%7D"}],"status":0}, status=OK}
Oct 24, 2021 2:26:36 AM net.sourceforge.marathon.javaagent.server.JavaServer serve
INFO: JavaServer.serve(GET /session/ba2c3528-51fc-4441-95d6-cb9c65b88d91/element/568cb1f9-1077-4f02-83b1-1e8a17ef9e27%23%7B%22selector%22%3A%22nth-item%22%2C%22parameters%22%3A%5B1%5D%7D/text): {}
Oct 24, 2021 2:26:36 AM net.sourceforge.marathon.javaagent.server.JavaServer serve
INFO: GET(/session/ba2c3528-51fc-4441-95d6-cb9c65b88d91/element/568cb1f9-1077-4f02-83b1-1e8a17ef9e27%23%7B%22selector%22%3A%22nth-item%22%2C%22parameters%22%3A%5B1%5D%7D/text) = {data={"name":"getElementText","sessionId":"ba2c3528-51fc-4441-95d6-cb9c65b88d91","value":"Item","status":0}, status=OK}
Oct 24, 2021 2:26:36 AM net.sourceforge.marathon.javaagent.server.JavaServer serve
INFO: JavaServer.serve(GET /session/ba2c3528-51fc-4441-95d6-cb9c65b88d91/element/568cb1f9-1077-4f02-83b1-1e8a17ef9e27%23%7B%22selector%22%3A%22nth-item%22%2C%22parameters%22%3A%5B2%5D%7D/text): {}
Oct 24, 2021 2:26:36 AM net.sourceforge.marathon.javaagent.server.JavaServer serve
INFO: GET(/session/ba2c3528-51fc-4441-95d6-cb9c65b88d91/element/568cb1f9-1077-4f02-83b1-1e8a17ef9e27%23%7B%22selector%22%3A%22nth-item%22%2C%22parameters%22%3A%5B2%5D%7D/text) = {data={"name":"getElementText","sessionId":"ba2c3528-51fc-4441-95d6-cb9c65b88d91","value":"Last Price","status":0}, status=OK}
Oct 24, 2021 2:26:36 AM net.sourceforge.marathon.javaagent.server.JavaServer serve
INFO: JavaServer.serve(GET /session/ba2c3528-51fc-4441-95d6-cb9c65b88d91/element/568cb1f9-1077-4f02-83b1-1e8a17ef9e27%23%7B%22selector%22%3A%22nth-item%22%2C%22parameters%22%3A%5B3%5D%7D/text): {}
Oct 24, 2021 2:26:36 AM net.sourceforge.marathon.javaagent.server.JavaServer serve
INFO: GET(/session/ba2c3528-51fc-4441-95d6-cb9c65b88d91/element/568cb1f9-1077-4f02-83b1-1e8a17ef9e27%23%7B%22selector%22%3A%22nth-item%22%2C%22parameters%22%3A%5B3%5D%7D/text) = {data={"name":"getElementText","sessionId":"ba2c3528-51fc-4441-95d6-cb9c65b88d91","value":"Last Bid","status":0}, status=OK}
Oct 24, 2021 2:26:36 AM net.sourceforge.marathon.javaagent.server.JavaServer serve
INFO: JavaServer.serve(GET /session/ba2c3528-51fc-4441-95d6-cb9c65b88d91/element/568cb1f9-1077-4f02-83b1-1e8a17ef9e27%23%7B%22selector%22%3A%22nth-item%22%2C%22parameters%22%3A%5B4%5D%7D/text): {}
Oct 24, 2021 2:26:36 AM net.sourceforge.marathon.javaagent.server.JavaServer serve
INFO: GET(/session/ba2c3528-51fc-4441-95d6-cb9c65b88d91/element/568cb1f9-1077-4f02-83b1-1e8a17ef9e27%23%7B%22selector%22%3A%22nth-item%22%2C%22parameters%22%3A%5B4%5D%7D/text) = {data={"name":"getElementText","sessionId":"ba2c3528-51fc-4441-95d6-cb9c65b88d91","value":"State","status":0}, status=OK}
Oct 24, 2021 2:26:36 AM net.sourceforge.marathon.javaagent.server.JavaServer serve
INFO: JavaServer.serve(DELETE /session/ba2c3528-51fc-4441-95d6-cb9c65b88d91/window): {}
Oct 24, 2021 2:26:36 AM net.sourceforge.marathon.javaagent.server.JavaServer serve
INFO: DELETE(/session/ba2c3528-51fc-4441-95d6-cb9c65b88d91/window) = {data={"name":"closeSession","sessionId":"ba2c3528-51fc-4441-95d6-cb9c65b88d91","status":0}, status=OK}
Oct 24, 2021 2:26:36 AM net.sourceforge.marathon.javaagent.server.JavaServer serve
INFO: JavaServer.serve(POST /session): {
  "desiredCapabilities": {
    "browserName": "java",
    "platform": "ANY"
  },
  "capabilities": {
    "firstMatch": [
      {
        "browserName": "java"
      }
    ]
  }
}
Oct 24, 2021 2:26:36 AM net.sourceforge.marathon.javaagent.server.JavaServer createSession
INFO: Creating device with type: EVENT_QUEUE
Oct 24, 2021 2:26:36 AM net.sourceforge.marathon.javaagent.Device getDevice
INFO: Creating a EVENT_QUEUE device
Oct 24, 2021 2:26:36 AM net.sourceforge.marathon.javaagent.server.JavaServer serve
INFO: POST(/session, {"desiredCapabilities":{"browserName":"java","platform":"ANY"},"capabilities":{"firstMatch":[{"browserName":"java"}]}}) = {data=, status=REDIRECT}
Oct 24, 2021 2:26:36 AM net.sourceforge.marathon.javaagent.server.JavaServer serve
INFO: JavaServer.serve(GET /session/6874ec03-f4c4-40c6-ac28-f9492b9f322b): {}
Oct 24, 2021 2:26:36 AM net.sourceforge.marathon.javaagent.server.JavaServer serve
INFO: GET(/session/6874ec03-f4c4-40c6-ac28-f9492b9f322b) = {data={"name":"getCapabilities","sessionId":"6874ec03-f4c4-40c6-ac28-f9492b9f322b","value":{"applicationCacheEnabled":false,"rotatable":false,"loggingPrefs":{"driver":"ALL"},"handlesAlerts":false,"databaseEnabled":false,"version":"1.0","platform":"ANY","browserConnectionEnabled":false,"nativeEvents":false,"acceptSslCerts":false,"locationContextEnabled":false,"webStorageEnabled":false,"browserName":"java","takesScreenshot":true,"javascriptEnabled":true,"cssSelectorsEnabled":false},"status":0}, status=OK}
Oct 24, 2021 2:26:36 AM org.openqa.selenium.remote.ProtocolHandshake createSession
INFO: Detected dialect: OSS
Oct 24, 2021 2:26:36 AM net.sourceforge.marathon.javaagent.server.JavaServer serve
INFO: JavaServer.serve(POST /session/6874ec03-f4c4-40c6-ac28-f9492b9f322b/element): {
  "using": "name",
  "value": "new item id field"
}
Oct 24, 2021 2:26:36 AM net.sourceforge.marathon.javaagent.server.JavaServer serve
INFO: POST(/session/6874ec03-f4c4-40c6-ac28-f9492b9f322b/element, {"using":"name","value":"new item id field"}) = {data={"name":"findElement","sessionId":"6874ec03-f4c4-40c6-ac28-f9492b9f322b","value":{"ELEMENT":"d8397dae-27f9-41d4-b6ce-8cdc011a474a"},"status":0}, status=OK}
Oct 24, 2021 2:26:36 AM net.sourceforge.marathon.javaagent.server.JavaServer serve
INFO: JavaServer.serve(POST /session/6874ec03-f4c4-40c6-ac28-f9492b9f322b/element/d8397dae-27f9-41d4-b6ce-8cdc011a474a/clear): {
  "id": "d8397dae-27f9-41d4-b6ce-8cdc011a474a"
}
Oct 24, 2021 2:26:36 AM net.sourceforge.marathon.javaagent.server.JavaServer serve
INFO: POST(/session/6874ec03-f4c4-40c6-ac28-f9492b9f322b/element/d8397dae-27f9-41d4-b6ce-8cdc011a474a/clear, {"id":"d8397dae-27f9-41d4-b6ce-8cdc011a474a"}) = {data={"name":"clearElement","sessionId":"6874ec03-f4c4-40c6-ac28-f9492b9f322b","status":0}, status=OK}
Oct 24, 2021 2:26:36 AM net.sourceforge.marathon.javaagent.server.JavaServer serve
INFO: JavaServer.serve(POST /session/6874ec03-f4c4-40c6-ac28-f9492b9f322b/element/d8397dae-27f9-41d4-b6ce-8cdc011a474a/value): {
  "id": "d8397dae-27f9-41d4-b6ce-8cdc011a474a",
  "value": [
    "an item-id"
  ]
}
Oct 24, 2021 2:26:36 AM net.sourceforge.marathon.javaagent.EventQueueDevice dispatchEvent
INFO: java.awt.event.KeyEvent[KEY_PRESSED,keyCode=65,keyText=A,keyChar='a',keyLocation=KEY_LOCATION_UNKNOWN,rawCode=0,primaryLevelUnicode=0,scancode=0,extendedKeyCode=0x0] on new item id field
Oct 24, 2021 2:26:36 AM net.sourceforge.marathon.javaagent.EventQueueDevice dispatchEvent
INFO: java.awt.event.KeyEvent[KEY_TYPED,keyCode=0,keyText=Unknown keyCode: 0x0,keyChar='a',keyLocation=KEY_LOCATION_UNKNOWN,rawCode=0,primaryLevelUnicode=0,scancode=0,extendedKeyCode=0x0] on new item id field
Oct 24, 2021 2:26:36 AM net.sourceforge.marathon.javaagent.EventQueueDevice dispatchEvent
INFO: java.awt.event.KeyEvent[KEY_RELEASED,keyCode=65,keyText=A,keyChar='a',keyLocation=KEY_LOCATION_UNKNOWN,rawCode=0,primaryLevelUnicode=0,scancode=0,extendedKeyCode=0x0] on new item id field
Oct 24, 2021 2:26:36 AM net.sourceforge.marathon.javaagent.EventQueueDevice dispatchEvent
INFO: java.awt.event.KeyEvent[KEY_PRESSED,keyCode=78,keyText=N,keyChar='n',keyLocation=KEY_LOCATION_UNKNOWN,rawCode=0,primaryLevelUnicode=0,scancode=0,extendedKeyCode=0x0] on new item id field
Oct 24, 2021 2:26:36 AM net.sourceforge.marathon.javaagent.EventQueueDevice dispatchEvent
INFO: java.awt.event.KeyEvent[KEY_TYPED,keyCode=0,keyText=Unknown keyCode: 0x0,keyChar='n',keyLocation=KEY_LOCATION_UNKNOWN,rawCode=0,primaryLevelUnicode=0,scancode=0,extendedKeyCode=0x0] on new item id field
Oct 24, 2021 2:26:36 AM net.sourceforge.marathon.javaagent.EventQueueDevice dispatchEvent
INFO: java.awt.event.KeyEvent[KEY_RELEASED,keyCode=78,keyText=N,keyChar='n',keyLocation=KEY_LOCATION_UNKNOWN,rawCode=0,primaryLevelUnicode=0,scancode=0,extendedKeyCode=0x0] on new item id field
Oct 24, 2021 2:26:36 AM net.sourceforge.marathon.javaagent.EventQueueDevice dispatchEvent
INFO: java.awt.event.KeyEvent[KEY_PRESSED,keyCode=16,keyText=Shift,keyChar=Undefined keyChar,modifiers=Shift,extModifiers=Shift,keyLocation=KEY_LOCATION_UNKNOWN,rawCode=0,primaryLevelUnicode=0,scancode=0,extendedKeyCode=0x0] on new item id field
Oct 24, 2021 2:26:36 AM net.sourceforge.marathon.javaagent.EventQueueDevice dispatchEvent
INFO: java.awt.event.KeyEvent[KEY_PRESSED,keyCode=32,keyText=Space,keyChar=' ',modifiers=Shift,extModifiers=Shift,keyLocation=KEY_LOCATION_UNKNOWN,rawCode=0,primaryLevelUnicode=0,scancode=0,extendedKeyCode=0x0] on new item id field
Oct 24, 2021 2:26:36 AM net.sourceforge.marathon.javaagent.EventQueueDevice dispatchEvent
INFO: java.awt.event.KeyEvent[KEY_TYPED,keyCode=0,keyText=Unknown keyCode: 0x0,keyChar=' ',modifiers=Shift,extModifiers=Shift,keyLocation=KEY_LOCATION_UNKNOWN,rawCode=0,primaryLevelUnicode=0,scancode=0,extendedKeyCode=0x0] on new item id field
Oct 24, 2021 2:26:36 AM net.sourceforge.marathon.javaagent.EventQueueDevice dispatchEvent
INFO: java.awt.event.KeyEvent[KEY_RELEASED,keyCode=32,keyText=Space,keyChar=' ',modifiers=Shift,extModifiers=Shift,keyLocation=KEY_LOCATION_UNKNOWN,rawCode=0,primaryLevelUnicode=0,scancode=0,extendedKeyCode=0x0] on new item id field
Oct 24, 2021 2:26:36 AM net.sourceforge.marathon.javaagent.EventQueueDevice dispatchEvent
INFO: java.awt.event.KeyEvent[KEY_RELEASED,keyCode=16,keyText=Shift,keyChar=Undefined keyChar,keyLocation=KEY_LOCATION_UNKNOWN,rawCode=0,primaryLevelUnicode=0,scancode=0,extendedKeyCode=0x0] on new item id field
Oct 24, 2021 2:26:36 AM net.sourceforge.marathon.javaagent.EventQueueDevice dispatchEvent
INFO: java.awt.event.KeyEvent[KEY_PRESSED,keyCode=73,keyText=I,keyChar='i',keyLocation=KEY_LOCATION_UNKNOWN,rawCode=0,primaryLevelUnicode=0,scancode=0,extendedKeyCode=0x0] on new item id field
Oct 24, 2021 2:26:36 AM net.sourceforge.marathon.javaagent.EventQueueDevice dispatchEvent
INFO: java.awt.event.KeyEvent[KEY_TYPED,keyCode=0,keyText=Unknown keyCode: 0x0,keyChar='i',keyLocation=KEY_LOCATION_UNKNOWN,rawCode=0,primaryLevelUnicode=0,scancode=0,extendedKeyCode=0x0] on new item id field
Oct 24, 2021 2:26:36 AM net.sourceforge.marathon.javaagent.EventQueueDevice dispatchEvent
INFO: java.awt.event.KeyEvent[KEY_RELEASED,keyCode=73,keyText=I,keyChar='i',keyLocation=KEY_LOCATION_UNKNOWN,rawCode=0,primaryLevelUnicode=0,scancode=0,extendedKeyCode=0x0] on new item id field
Oct 24, 2021 2:26:36 AM net.sourceforge.marathon.javaagent.EventQueueDevice dispatchEvent
INFO: java.awt.event.KeyEvent[KEY_PRESSED,keyCode=84,keyText=T,keyChar='t',keyLocation=KEY_LOCATION_UNKNOWN,rawCode=0,primaryLevelUnicode=0,scancode=0,extendedKeyCode=0x0] on new item id field
Oct 24, 2021 2:26:36 AM net.sourceforge.marathon.javaagent.EventQueueDevice dispatchEvent
INFO: java.awt.event.KeyEvent[KEY_TYPED,keyCode=0,keyText=Unknown keyCode: 0x0,keyChar='t',keyLocation=KEY_LOCATION_UNKNOWN,rawCode=0,primaryLevelUnicode=0,scancode=0,extendedKeyCode=0x0] on new item id field
Oct 24, 2021 2:26:36 AM net.sourceforge.marathon.javaagent.EventQueueDevice dispatchEvent
INFO: java.awt.event.KeyEvent[KEY_RELEASED,keyCode=84,keyText=T,keyChar='t',keyLocation=KEY_LOCATION_UNKNOWN,rawCode=0,primaryLevelUnicode=0,scancode=0,extendedKeyCode=0x0] on new item id field
Oct 24, 2021 2:26:36 AM net.sourceforge.marathon.javaagent.EventQueueDevice dispatchEvent
INFO: java.awt.event.KeyEvent[KEY_PRESSED,keyCode=69,keyText=E,keyChar='e',keyLocation=KEY_LOCATION_UNKNOWN,rawCode=0,primaryLevelUnicode=0,scancode=0,extendedKeyCode=0x0] on new item id field
Oct 24, 2021 2:26:36 AM net.sourceforge.marathon.javaagent.EventQueueDevice dispatchEvent
INFO: java.awt.event.KeyEvent[KEY_TYPED,keyCode=0,keyText=Unknown keyCode: 0x0,keyChar='e',keyLocation=KEY_LOCATION_UNKNOWN,rawCode=0,primaryLevelUnicode=0,scancode=0,extendedKeyCode=0x0] on new item id field
Oct 24, 2021 2:26:36 AM net.sourceforge.marathon.javaagent.EventQueueDevice dispatchEvent
INFO: java.awt.event.KeyEvent[KEY_RELEASED,keyCode=69,keyText=E,keyChar='e',keyLocation=KEY_LOCATION_UNKNOWN,rawCode=0,primaryLevelUnicode=0,scancode=0,extendedKeyCode=0x0] on new item id field
Oct 24, 2021 2:26:36 AM net.sourceforge.marathon.javaagent.EventQueueDevice dispatchEvent
INFO: java.awt.event.KeyEvent[KEY_PRESSED,keyCode=77,keyText=M,keyChar='m',keyLocation=KEY_LOCATION_UNKNOWN,rawCode=0,primaryLevelUnicode=0,scancode=0,extendedKeyCode=0x0] on new item id field
Oct 24, 2021 2:26:36 AM net.sourceforge.marathon.javaagent.EventQueueDevice dispatchEvent
INFO: java.awt.event.KeyEvent[KEY_TYPED,keyCode=0,keyText=Unknown keyCode: 0x0,keyChar='m',keyLocation=KEY_LOCATION_UNKNOWN,rawCode=0,primaryLevelUnicode=0,scancode=0,extendedKeyCode=0x0] on new item id field
Oct 24, 2021 2:26:36 AM net.sourceforge.marathon.javaagent.EventQueueDevice dispatchEvent
INFO: java.awt.event.KeyEvent[KEY_RELEASED,keyCode=77,keyText=M,keyChar='m',keyLocation=KEY_LOCATION_UNKNOWN,rawCode=0,primaryLevelUnicode=0,scancode=0,extendedKeyCode=0x0] on new item id field
Oct 24, 2021 2:26:36 AM net.sourceforge.marathon.javaagent.EventQueueDevice dispatchEvent
INFO: java.awt.event.KeyEvent[KEY_PRESSED,keyCode=45,keyText=Minus,keyChar='-',keyLocation=KEY_LOCATION_UNKNOWN,rawCode=0,primaryLevelUnicode=0,scancode=0,extendedKeyCode=0x0] on new item id field
Oct 24, 2021 2:26:36 AM net.sourceforge.marathon.javaagent.EventQueueDevice dispatchEvent
INFO: java.awt.event.KeyEvent[KEY_TYPED,keyCode=0,keyText=Unknown keyCode: 0x0,keyChar='-',keyLocation=KEY_LOCATION_UNKNOWN,rawCode=0,primaryLevelUnicode=0,scancode=0,extendedKeyCode=0x0] on new item id field
Oct 24, 2021 2:26:36 AM net.sourceforge.marathon.javaagent.EventQueueDevice dispatchEvent
INFO: java.awt.event.KeyEvent[KEY_RELEASED,keyCode=45,keyText=Minus,keyChar='-',keyLocation=KEY_LOCATION_UNKNOWN,rawCode=0,primaryLevelUnicode=0,scancode=0,extendedKeyCode=0x0] on new item id field
Oct 24, 2021 2:26:36 AM net.sourceforge.marathon.javaagent.EventQueueDevice dispatchEvent
INFO: java.awt.event.KeyEvent[KEY_PRESSED,keyCode=73,keyText=I,keyChar='i',keyLocation=KEY_LOCATION_UNKNOWN,rawCode=0,primaryLevelUnicode=0,scancode=0,extendedKeyCode=0x0] on new item id field
Oct 24, 2021 2:26:36 AM net.sourceforge.marathon.javaagent.EventQueueDevice dispatchEvent
INFO: java.awt.event.KeyEvent[KEY_TYPED,keyCode=0,keyText=Unknown keyCode: 0x0,keyChar='i',keyLocation=KEY_LOCATION_UNKNOWN,rawCode=0,primaryLevelUnicode=0,scancode=0,extendedKeyCode=0x0] on new item id field
Oct 24, 2021 2:26:36 AM net.sourceforge.marathon.javaagent.EventQueueDevice dispatchEvent
INFO: java.awt.event.KeyEvent[KEY_RELEASED,keyCode=73,keyText=I,keyChar='i',keyLocation=KEY_LOCATION_UNKNOWN,rawCode=0,primaryLevelUnicode=0,scancode=0,extendedKeyCode=0x0] on new item id field
Oct 24, 2021 2:26:36 AM net.sourceforge.marathon.javaagent.EventQueueDevice dispatchEvent
INFO: java.awt.event.KeyEvent[KEY_PRESSED,keyCode=68,keyText=D,keyChar='d',keyLocation=KEY_LOCATION_UNKNOWN,rawCode=0,primaryLevelUnicode=0,scancode=0,extendedKeyCode=0x0] on new item id field
Oct 24, 2021 2:26:36 AM net.sourceforge.marathon.javaagent.EventQueueDevice dispatchEvent
INFO: java.awt.event.KeyEvent[KEY_TYPED,keyCode=0,keyText=Unknown keyCode: 0x0,keyChar='d',keyLocation=KEY_LOCATION_UNKNOWN,rawCode=0,primaryLevelUnicode=0,scancode=0,extendedKeyCode=0x0] on new item id field
Oct 24, 2021 2:26:36 AM net.sourceforge.marathon.javaagent.EventQueueDevice dispatchEvent
INFO: java.awt.event.KeyEvent[KEY_RELEASED,keyCode=68,keyText=D,keyChar='d',keyLocation=KEY_LOCATION_UNKNOWN,rawCode=0,primaryLevelUnicode=0,scancode=0,extendedKeyCode=0x0] on new item id field
Oct 24, 2021 2:26:36 AM net.sourceforge.marathon.javaagent.server.JavaServer serve
INFO: POST(/session/6874ec03-f4c4-40c6-ac28-f9492b9f322b/element/d8397dae-27f9-41d4-b6ce-8cdc011a474a/value, {"id":"d8397dae-27f9-41d4-b6ce-8cdc011a474a","value":["an item-id"]}) = {data={"name":"sendKeysElement","sessionId":"6874ec03-f4c4-40c6-ac28-f9492b9f322b","status":0}, status=OK}
Oct 24, 2021 2:26:36 AM net.sourceforge.marathon.javaagent.server.JavaServer serve
INFO: JavaServer.serve(POST /session/6874ec03-f4c4-40c6-ac28-f9492b9f322b/element): {
  "using": "name",
  "value": "new item stop price field"
}
Oct 24, 2021 2:26:36 AM net.sourceforge.marathon.javaagent.server.JavaServer serve
INFO: POST(/session/6874ec03-f4c4-40c6-ac28-f9492b9f322b/element, {"using":"name","value":"new item stop price field"}) = {data={"name":"findElement","sessionId":"6874ec03-f4c4-40c6-ac28-f9492b9f322b","value":{"ELEMENT":"6b016b60-140d-4ac2-89b5-12c08f4a4baa"},"status":0}, status=OK}
Oct 24, 2021 2:26:36 AM net.sourceforge.marathon.javaagent.server.JavaServer serve
INFO: JavaServer.serve(POST /session/6874ec03-f4c4-40c6-ac28-f9492b9f322b/element/6b016b60-140d-4ac2-89b5-12c08f4a4baa/clear): {
  "id": "6b016b60-140d-4ac2-89b5-12c08f4a4baa"
}
Oct 24, 2021 2:26:36 AM net.sourceforge.marathon.javaagent.server.JavaServer serve
INFO: POST(/session/6874ec03-f4c4-40c6-ac28-f9492b9f322b/element/6b016b60-140d-4ac2-89b5-12c08f4a4baa/clear, {"id":"6b016b60-140d-4ac2-89b5-12c08f4a4baa"}) = {data={"name":"clearElement","sessionId":"6874ec03-f4c4-40c6-ac28-f9492b9f322b","status":0}, status=OK}
Oct 24, 2021 2:26:36 AM net.sourceforge.marathon.javaagent.server.JavaServer serve
INFO: JavaServer.serve(POST /session/6874ec03-f4c4-40c6-ac28-f9492b9f322b/element/6b016b60-140d-4ac2-89b5-12c08f4a4baa/value): {
  "id": "6b016b60-140d-4ac2-89b5-12c08f4a4baa",
  "value": [
    "11000"
  ]
}
Oct 24, 2021 2:26:36 AM net.sourceforge.marathon.javaagent.EventQueueDevice dispatchEvent
INFO: java.awt.event.KeyEvent[KEY_PRESSED,keyCode=49,keyText=1,keyChar='1',keyLocation=KEY_LOCATION_UNKNOWN,rawCode=0,primaryLevelUnicode=0,scancode=0,extendedKeyCode=0x0] on new item stop price field
Oct 24, 2021 2:26:36 AM net.sourceforge.marathon.javaagent.EventQueueDevice dispatchEvent
INFO: java.awt.event.KeyEvent[KEY_TYPED,keyCode=0,keyText=Unknown keyCode: 0x0,keyChar='1',keyLocation=KEY_LOCATION_UNKNOWN,rawCode=0,primaryLevelUnicode=0,scancode=0,extendedKeyCode=0x0] on new item stop price field
Oct 24, 2021 2:26:36 AM net.sourceforge.marathon.javaagent.EventQueueDevice dispatchEvent
INFO: java.awt.event.KeyEvent[KEY_RELEASED,keyCode=49,keyText=1,keyChar='1',keyLocation=KEY_LOCATION_UNKNOWN,rawCode=0,primaryLevelUnicode=0,scancode=0,extendedKeyCode=0x0] on new item stop price field
Oct 24, 2021 2:26:36 AM net.sourceforge.marathon.javaagent.EventQueueDevice dispatchEvent
INFO: java.awt.event.KeyEvent[KEY_PRESSED,keyCode=49,keyText=1,keyChar='1',keyLocation=KEY_LOCATION_UNKNOWN,rawCode=0,primaryLevelUnicode=0,scancode=0,extendedKeyCode=0x0] on new item stop price field
Oct 24, 2021 2:26:36 AM net.sourceforge.marathon.javaagent.EventQueueDevice dispatchEvent
INFO: java.awt.event.KeyEvent[KEY_TYPED,keyCode=0,keyText=Unknown keyCode: 0x0,keyChar='1',keyLocation=KEY_LOCATION_UNKNOWN,rawCode=0,primaryLevelUnicode=0,scancode=0,extendedKeyCode=0x0] on new item stop price field
Oct 24, 2021 2:26:36 AM net.sourceforge.marathon.javaagent.EventQueueDevice dispatchEvent
INFO: java.awt.event.KeyEvent[KEY_RELEASED,keyCode=49,keyText=1,keyChar='1',keyLocation=KEY_LOCATION_UNKNOWN,rawCode=0,primaryLevelUnicode=0,scancode=0,extendedKeyCode=0x0] on new item stop price field
Oct 24, 2021 2:26:36 AM net.sourceforge.marathon.javaagent.EventQueueDevice dispatchEvent
INFO: java.awt.event.KeyEvent[KEY_PRESSED,keyCode=48,keyText=0,keyChar='0',keyLocation=KEY_LOCATION_UNKNOWN,rawCode=0,primaryLevelUnicode=0,scancode=0,extendedKeyCode=0x0] on new item stop price field
Oct 24, 2021 2:26:36 AM net.sourceforge.marathon.javaagent.EventQueueDevice dispatchEvent
INFO: java.awt.event.KeyEvent[KEY_TYPED,keyCode=0,keyText=Unknown keyCode: 0x0,keyChar='0',keyLocation=KEY_LOCATION_UNKNOWN,rawCode=0,primaryLevelUnicode=0,scancode=0,extendedKeyCode=0x0] on new item stop price field
Oct 24, 2021 2:26:36 AM net.sourceforge.marathon.javaagent.EventQueueDevice dispatchEvent
INFO: java.awt.event.KeyEvent[KEY_RELEASED,keyCode=48,keyText=0,keyChar='0',keyLocation=KEY_LOCATION_UNKNOWN,rawCode=0,primaryLevelUnicode=0,scancode=0,extendedKeyCode=0x0] on new item stop price field
Oct 24, 2021 2:26:36 AM net.sourceforge.marathon.javaagent.EventQueueDevice dispatchEvent
INFO: java.awt.event.KeyEvent[KEY_PRESSED,keyCode=48,keyText=0,keyChar='0',keyLocation=KEY_LOCATION_UNKNOWN,rawCode=0,primaryLevelUnicode=0,scancode=0,extendedKeyCode=0x0] on new item stop price field
Oct 24, 2021 2:26:36 AM net.sourceforge.marathon.javaagent.EventQueueDevice dispatchEvent
INFO: java.awt.event.KeyEvent[KEY_TYPED,keyCode=0,keyText=Unknown keyCode: 0x0,keyChar='0',keyLocation=KEY_LOCATION_UNKNOWN,rawCode=0,primaryLevelUnicode=0,scancode=0,extendedKeyCode=0x0] on new item stop price field
Oct 24, 2021 2:26:36 AM net.sourceforge.marathon.javaagent.EventQueueDevice dispatchEvent
INFO: java.awt.event.KeyEvent[KEY_RELEASED,keyCode=48,keyText=0,keyChar='0',keyLocation=KEY_LOCATION_UNKNOWN,rawCode=0,primaryLevelUnicode=0,scancode=0,extendedKeyCode=0x0] on new item stop price field
Oct 24, 2021 2:26:36 AM net.sourceforge.marathon.javaagent.EventQueueDevice dispatchEvent
INFO: java.awt.event.KeyEvent[KEY_PRESSED,keyCode=48,keyText=0,keyChar='0',keyLocation=KEY_LOCATION_UNKNOWN,rawCode=0,primaryLevelUnicode=0,scancode=0,extendedKeyCode=0x0] on new item stop price field
Oct 24, 2021 2:26:36 AM net.sourceforge.marathon.javaagent.EventQueueDevice dispatchEvent
INFO: java.awt.event.KeyEvent[KEY_TYPED,keyCode=0,keyText=Unknown keyCode: 0x0,keyChar='0',keyLocation=KEY_LOCATION_UNKNOWN,rawCode=0,primaryLevelUnicode=0,scancode=0,extendedKeyCode=0x0] on new item stop price field
Oct 24, 2021 2:26:36 AM net.sourceforge.marathon.javaagent.EventQueueDevice dispatchEvent
INFO: java.awt.event.KeyEvent[KEY_RELEASED,keyCode=48,keyText=0,keyChar='0',keyLocation=KEY_LOCATION_UNKNOWN,rawCode=0,primaryLevelUnicode=0,scancode=0,extendedKeyCode=0x0] on new item stop price field
Oct 24, 2021 2:26:36 AM net.sourceforge.marathon.javaagent.server.JavaServer serve
INFO: POST(/session/6874ec03-f4c4-40c6-ac28-f9492b9f322b/element/6b016b60-140d-4ac2-89b5-12c08f4a4baa/value, {"id":"6b016b60-140d-4ac2-89b5-12c08f4a4baa","value":["11000"]}) = {data={"name":"sendKeysElement","sessionId":"6874ec03-f4c4-40c6-ac28-f9492b9f322b","status":0}, status=OK}
Oct 24, 2021 2:26:36 AM net.sourceforge.marathon.javaagent.server.JavaServer serve
INFO: JavaServer.serve(POST /session/6874ec03-f4c4-40c6-ac28-f9492b9f322b/element): {
  "using": "name",
  "value": "join button"
}
Oct 24, 2021 2:26:36 AM net.sourceforge.marathon.javaagent.server.JavaServer serve
INFO: POST(/session/6874ec03-f4c4-40c6-ac28-f9492b9f322b/element, {"using":"name","value":"join button"}) = {data={"name":"findElement","sessionId":"6874ec03-f4c4-40c6-ac28-f9492b9f322b","value":{"ELEMENT":"48fd0410-917d-430d-a7eb-b14d19226c5c"},"status":0}, status=OK}
Oct 24, 2021 2:26:37 AM net.sourceforge.marathon.javaagent.server.JavaServer serve
INFO: JavaServer.serve(POST /session/6874ec03-f4c4-40c6-ac28-f9492b9f322b/element/48fd0410-917d-430d-a7eb-b14d19226c5c/click): {
  "id": "48fd0410-917d-430d-a7eb-b14d19226c5c"
}
Oct 24, 2021 2:26:37 AM net.sourceforge.marathon.javaagent.EventQueueDevice dispatchEvent
INFO: java.awt.event.MouseEvent[MOUSE_PRESSED,(58,12),absolute(589,17),button=1,modifiers=Button1,extModifiers=Button1,clickCount=1] on join button
Oct 24, 2021 2:26:37 AM net.sourceforge.marathon.javaagent.EventQueueDevice dispatchEvent
INFO: java.awt.event.MouseEvent[MOUSE_RELEASED,(58,12),absolute(589,17),button=1,modifiers=Button1,clickCount=1] on join button
Oct 24, 2021 2:26:37 AM net.sourceforge.marathon.javaagent.EventQueueDevice dispatchEvent
INFO: java.awt.event.MouseEvent[MOUSE_CLICKED,(58,12),absolute(589,17),button=1,modifiers=Button1,clickCount=1] on join button
Oct 24, 2021 2:26:37 AM net.sourceforge.marathon.javaagent.server.JavaServer serve
INFO: POST(/session/6874ec03-f4c4-40c6-ac28-f9492b9f322b/element/48fd0410-917d-430d-a7eb-b14d19226c5c/click, {"id":"48fd0410-917d-430d-a7eb-b14d19226c5c"}) = {data={"name":"clickElement","sessionId":"6874ec03-f4c4-40c6-ac28-f9492b9f322b","status":0}, status=OK}
Oct 24, 2021 2:26:37 AM net.sourceforge.marathon.javaagent.server.JavaServer serve
INFO: JavaServer.serve(DELETE /session/6874ec03-f4c4-40c6-ac28-f9492b9f322b/window): {}
Oct 24, 2021 2:26:37 AM net.sourceforge.marathon.javaagent.server.JavaServer serve
INFO: DELETE(/session/6874ec03-f4c4-40c6-ac28-f9492b9f322b/window) = {data={"name":"closeSession","sessionId":"6874ec03-f4c4-40c6-ac28-f9492b9f322b","status":0}, status=OK}
Oct 24, 2021 2:26:37 AM net.sourceforge.marathon.javaagent.server.JavaServer serve
INFO: JavaServer.serve(POST /session): {
  "desiredCapabilities": {
    "browserName": "java",
    "platform": "ANY"
  },
  "capabilities": {
    "firstMatch": [
      {
        "browserName": "java"
      }
    ]
  }
}
Oct 24, 2021 2:26:37 AM net.sourceforge.marathon.javaagent.server.JavaServer createSession
INFO: Creating device with type: EVENT_QUEUE
Oct 24, 2021 2:26:37 AM net.sourceforge.marathon.javaagent.Device getDevice
INFO: Creating a EVENT_QUEUE device
Oct 24, 2021 2:26:37 AM net.sourceforge.marathon.javaagent.server.JavaServer serve
INFO: POST(/session, {"desiredCapabilities":{"browserName":"java","platform":"ANY"},"capabilities":{"firstMatch":[{"browserName":"java"}]}}) = {data=, status=REDIRECT}
Oct 24, 2021 2:26:37 AM net.sourceforge.marathon.javaagent.server.JavaServer serve
INFO: JavaServer.serve(GET /session/deb8f68c-8fee-43b8-ae05-f70b138d0f42): {}
Oct 24, 2021 2:26:37 AM net.sourceforge.marathon.javaagent.server.JavaServer serve
INFO: GET(/session/deb8f68c-8fee-43b8-ae05-f70b138d0f42) = {data={"name":"getCapabilities","sessionId":"deb8f68c-8fee-43b8-ae05-f70b138d0f42","value":{"applicationCacheEnabled":false,"rotatable":false,"loggingPrefs":{"driver":"ALL"},"handlesAlerts":false,"databaseEnabled":false,"version":"1.0","platform":"ANY","browserConnectionEnabled":false,"nativeEvents":false,"acceptSslCerts":false,"locationContextEnabled":false,"webStorageEnabled":false,"browserName":"java","takesScreenshot":true,"javascriptEnabled":true,"cssSelectorsEnabled":false},"status":0}, status=OK}
Oct 24, 2021 2:26:37 AM org.openqa.selenium.remote.ProtocolHandshake createSession
INFO: Detected dialect: OSS
Oct 24, 2021 2:26:37 AM net.sourceforge.marathon.javaagent.server.JavaServer serve
INFO: JavaServer.serve(POST /session/deb8f68c-8fee-43b8-ae05-f70b138d0f42/element): {
  "using": "name",
  "value": "sniper reset button"
}
Oct 24, 2021 2:26:37 AM net.sourceforge.marathon.javaagent.server.JavaServer serve
INFO: POST(/session/deb8f68c-8fee-43b8-ae05-f70b138d0f42/element, {"using":"name","value":"sniper reset button"}) = {data={"name":"findElement","sessionId":"deb8f68c-8fee-43b8-ae05-f70b138d0f42","value":{"ELEMENT":"ce9af663-0ff4-4d3e-94d0-0c6f10ebdb40"},"status":0}, status=OK}
Oct 24, 2021 2:26:37 AM net.sourceforge.marathon.javaagent.server.JavaServer serve
INFO: JavaServer.serve(POST /session/deb8f68c-8fee-43b8-ae05-f70b138d0f42/element/ce9af663-0ff4-4d3e-94d0-0c6f10ebdb40/click): {
  "id": "ce9af663-0ff4-4d3e-94d0-0c6f10ebdb40"
}
Oct 24, 2021 2:26:37 AM net.sourceforge.marathon.javaagent.EventQueueDevice dispatchEvent
INFO: java.awt.event.MouseEvent[MOUSE_PRESSED,(37,12),absolute(326,474),button=1,modifiers=Button1,extModifiers=Button1,clickCount=1] on sniper reset button
Oct 24, 2021 2:26:37 AM net.sourceforge.marathon.javaagent.EventQueueDevice dispatchEvent
INFO: java.awt.event.MouseEvent[MOUSE_RELEASED,(37,12),absolute(326,474),button=1,modifiers=Button1,clickCount=1] on sniper reset button
Oct 24, 2021 2:26:37 AM net.sourceforge.marathon.javaagent.EventQueueDevice dispatchEvent
INFO: java.awt.event.MouseEvent[MOUSE_CLICKED,(37,12),absolute(326,474),button=1,modifiers=Button1,clickCount=1] on sniper reset button
Oct 24, 2021 2:26:37 AM net.sourceforge.marathon.javaagent.server.JavaServer serve
INFO: POST(/session/deb8f68c-8fee-43b8-ae05-f70b138d0f42/element/ce9af663-0ff4-4d3e-94d0-0c6f10ebdb40/click, {"id":"ce9af663-0ff4-4d3e-94d0-0c6f10ebdb40"}) = {data={"name":"clickElement","sessionId":"deb8f68c-8fee-43b8-ae05-f70b138d0f42","status":0}, status=OK}
Oct 24, 2021 2:26:37 AM net.sourceforge.marathon.javaagent.server.JavaServer serve
INFO: JavaServer.serve(DELETE /session/deb8f68c-8fee-43b8-ae05-f70b138d0f42/window): {}
Oct 24, 2021 2:26:37 AM net.sourceforge.marathon.javaagent.server.JavaServer serve
INFO: DELETE(/session/deb8f68c-8fee-43b8-ae05-f70b138d0f42/window) = {data={"name":"closeSession","sessionId":"deb8f68c-8fee-43b8-ae05-f70b138d0f42","status":0}, status=OK}
]]></system-err>
</testsuite>
