<?xml version="1.0" encoding="UTF-8"?>
<testsuite name="goos.ui.swing.MainWindowTest" tests="3" skipped="0" failures="0" errors="0" timestamp="2021-10-21T02:33:27" hostname="buildkitsandbox" time="4.245">
  <properties/>
  <testcase name="window has expected features" classname="goos.ui.swing.MainWindowTest" time="3.244"/>
  <testcase name="make user request when join button clicked" classname="goos.ui.swing.MainWindowTest" time="0.812"/>
  <testcase name="make user request when reset button clicked" classname="goos.ui.swing.MainWindowTest" time="0.184"/>
  <system-out><![CDATA[]]></system-out>
  <system-err><![CDATA[Oct 21, 2021 2:33:28 AM io.mockk.impl.log.JULLogger warn
WARNING: Failed to transform class goos/ui/api/UserRequestListener
java.lang.IllegalArgumentException: Unsupported class file major version 59
	at net.bytebuddy.jar.asm.ClassReader.<init>(ClassReader.java:176)
	at net.bytebuddy.jar.asm.ClassReader.<init>(ClassReader.java:158)
	at net.bytebuddy.jar.asm.ClassReader.<init>(ClassReader.java:146)
	at net.bytebuddy.utility.OpenedClassReader.of(OpenedClassReader.java:69)
	at net.bytebuddy.dynamic.scaffold.TypeWriter$Default$ForInlining.create(TypeWriter.java:2877)
	at net.bytebuddy.dynamic.scaffold.TypeWriter$Default.make(TypeWriter.java:1653)
	at net.bytebuddy.dynamic.scaffold.inline.RedefinitionDynamicTypeBuilder.make(RedefinitionDynamicTypeBuilder.java:180)
	at net.bytebuddy.dynamic.scaffold.inline.AbstractInliningDynamicTypeBuilder.make(AbstractInliningDynamicTypeBuilder.java:94)
	at net.bytebuddy.dynamic.DynamicType$Builder$AbstractBase.make(DynamicType.java:2669)
	at io.mockk.proxy.jvm.transformation.InliningClassTransformer.transform(InliningClassTransformer.kt:78)
	at java.instrument/java.lang.instrument.ClassFileTransformer.transform(ClassFileTransformer.java:246)
	at java.instrument/sun.instrument.TransformerManager.transform(TransformerManager.java:188)
	at java.instrument/sun.instrument.InstrumentationImpl.transform(InstrumentationImpl.java:563)
	at java.instrument/sun.instrument.InstrumentationImpl.retransformClasses0(Native Method)
	at java.instrument/sun.instrument.InstrumentationImpl.retransformClasses(InstrumentationImpl.java:167)
	at io.mockk.proxy.jvm.transformation.JvmInlineInstrumentation.retransform(JvmInlineInstrumentation.kt:28)
	at io.mockk.proxy.common.transformation.RetransformInlineInstrumnetation$execute$1.invoke(RetransformInlineInstrumnetation.kt:19)
	at io.mockk.proxy.common.transformation.RetransformInlineInstrumnetation$execute$1.invoke(RetransformInlineInstrumnetation.kt:6)
	at io.mockk.proxy.common.transformation.ClassTransformationSpecMap.applyTransformation(ClassTransformationSpecMap.kt:41)
	at io.mockk.proxy.common.transformation.RetransformInlineInstrumnetation.execute(RetransformInlineInstrumnetation.kt:16)
	at io.mockk.proxy.jvm.ProxyMaker.inline(ProxyMaker.kt:88)
	at io.mockk.proxy.jvm.ProxyMaker.proxy(ProxyMaker.kt:30)
	at io.mockk.impl.instantiation.JvmMockFactory.newProxy(JvmMockFactory.kt:34)
	at io.mockk.impl.instantiation.AbstractMockFactory.newProxy$default(AbstractMockFactory.kt:29)
	at io.mockk.impl.instantiation.AbstractMockFactory.mockk(AbstractMockFactory.kt:59)
	at goos.ui.swing.MainWindowTest$1$1.invokeSuspend(MainWindowTest.kt:90)
	at goos.ui.swing.MainWindowTest$1$1.invoke(MainWindowTest.kt)
	at goos.ui.swing.MainWindowTest$1$1.invoke(MainWindowTest.kt)
	at io.kotest.core.TestConfiguration$beforeTest$1.beforeTest(TestConfiguration.kt:137)
	at io.kotest.core.spec.LifecycleKt.invokeAllBeforeTestCallbacks(lifecycle.kt:76)
	at io.kotest.core.internal.TestCaseExecutor.executeActiveTest(TestCaseExecutor.kt:152)
	at io.kotest.core.internal.TestCaseExecutor.access$executeActiveTest(TestCaseExecutor.kt:57)
	at io.kotest.core.internal.TestCaseExecutor$intercept$innerExecute$1$1.invokeSuspend(TestCaseExecutor.kt:89)
	at io.kotest.core.internal.TestCaseExecutor$intercept$innerExecute$1$1.invoke(TestCaseExecutor.kt)
	at io.kotest.core.internal.TestCaseExecutor$intercept$innerExecute$1$1.invoke(TestCaseExecutor.kt)
	at io.kotest.core.internal.TestCaseExecutor.executeIfEnabled(TestCaseExecutor.kt:117)
	at io.kotest.core.internal.TestCaseExecutor.access$executeIfEnabled(TestCaseExecutor.kt:57)
	at io.kotest.core.internal.TestCaseExecutor$intercept$innerExecute$1.invokeSuspend(TestCaseExecutor.kt:89)
	at io.kotest.core.internal.TestCaseExecutor$intercept$innerExecute$1.invoke(TestCaseExecutor.kt)
	at io.kotest.core.internal.TestCaseExecutor$intercept$innerExecute$1.invoke(TestCaseExecutor.kt)
	at io.kotest.core.internal.TestCaseExecutor.intercept(TestCaseExecutor.kt:103)
	at io.kotest.core.internal.TestCaseExecutor.execute(TestCaseExecutor.kt:69)
	at io.kotest.engine.spec.runners.SingleInstanceSpecRunner.runTest(SingleInstanceSpecRunner.kt:104)
	at io.kotest.engine.spec.runners.SingleInstanceSpecRunner.access$runTest(SingleInstanceSpecRunner.kt:34)
	at io.kotest.engine.spec.runners.SingleInstanceSpecRunner$execute$interceptAndRun$2$4.invokeSuspend(SingleInstanceSpecRunner.kt:57)
	at io.kotest.engine.spec.runners.SingleInstanceSpecRunner$execute$interceptAndRun$2$4.invoke(SingleInstanceSpecRunner.kt)
	at io.kotest.engine.spec.runners.SingleInstanceSpecRunner$execute$interceptAndRun$2$4.invoke(SingleInstanceSpecRunner.kt)
	at io.kotest.engine.launchers.SequentialTestLauncher$launch$3$1$1.invokeSuspend(SequentialTestLauncher.kt:22)
	at kotlin.coroutines.jvm.internal.BaseContinuationImpl.resumeWith(ContinuationImpl.kt:33)
	at kotlinx.coroutines.DispatchedTask.run(DispatchedTask.kt:106)
	at java.base/java.util.concurrent.ThreadPoolExecutor.runWorker(ThreadPoolExecutor.java:1130)
	at java.base/java.util.concurrent.ThreadPoolExecutor$Worker.run(ThreadPoolExecutor.java:630)
	at java.base/java.lang.Thread.run(Thread.java:832)

Oct 21, 2021 2:33:30 AM net.sourceforge.marathon.javaagent.server.JavaServer serve
INFO: JavaServer.serve(POST /session): {
  "desiredCapabilities": {
    "browserName": "java",
    "platform": "ANY"
  },
  "capabilities": {
    "firstMatch": [
      {
        "browserName": "java"
      }
    ]
  }
}
Oct 21, 2021 2:33:30 AM net.sourceforge.marathon.javaagent.server.JavaServer createSession
INFO: Creating device with type: EVENT_QUEUE
Oct 21, 2021 2:33:30 AM net.sourceforge.marathon.javaagent.Device getDevice
INFO: Creating a EVENT_QUEUE device
Oct 21, 2021 2:33:30 AM net.sourceforge.marathon.javaagent.server.JavaServer serve
INFO: POST(/session, {"desiredCapabilities":{"browserName":"java","platform":"ANY"},"capabilities":{"firstMatch":[{"browserName":"java"}]}}) = {data=, status=REDIRECT}
Oct 21, 2021 2:33:30 AM net.sourceforge.marathon.javaagent.server.JavaServer serve
INFO: JavaServer.serve(GET /session/d0c5977c-e6a5-425d-8a31-62977dfb262e): {}
Oct 21, 2021 2:33:30 AM net.sourceforge.marathon.javaagent.server.JavaServer serve
INFO: GET(/session/d0c5977c-e6a5-425d-8a31-62977dfb262e) = {data={"name":"getCapabilities","sessionId":"d0c5977c-e6a5-425d-8a31-62977dfb262e","value":{"applicationCacheEnabled":false,"rotatable":false,"loggingPrefs":{"driver":"ALL"},"handlesAlerts":false,"databaseEnabled":false,"version":"1.0","platform":"ANY","browserConnectionEnabled":false,"nativeEvents":false,"acceptSslCerts":false,"locationContextEnabled":false,"webStorageEnabled":false,"browserName":"java","takesScreenshot":true,"javascriptEnabled":true,"cssSelectorsEnabled":false},"status":0}, status=OK}
Oct 21, 2021 2:33:30 AM org.openqa.selenium.remote.ProtocolHandshake createSession
INFO: Detected dialect: OSS
Oct 21, 2021 2:33:30 AM net.sourceforge.marathon.javaagent.server.JavaServer serve
INFO: JavaServer.serve(POST /session/d0c5977c-e6a5-425d-8a31-62977dfb262e/element): {
  "using": "css selector",
  "value": "."
}
Oct 21, 2021 2:33:30 AM net.sourceforge.marathon.javaagent.server.JavaServer serve
INFO: POST(/session/d0c5977c-e6a5-425d-8a31-62977dfb262e/element, {"using":"css selector","value":"."}) = {data={"name":"findElement","sessionId":"d0c5977c-e6a5-425d-8a31-62977dfb262e","value":{"ELEMENT":"865ea733-ecce-4e20-908c-e6b51c1d13df"},"status":0}, status=OK}
Oct 21, 2021 2:33:30 AM net.sourceforge.marathon.javaagent.server.JavaServer serve
INFO: JavaServer.serve(GET /session/d0c5977c-e6a5-425d-8a31-62977dfb262e/element/865ea733-ecce-4e20-908c-e6b51c1d13df/attribute/name): {}
Oct 21, 2021 2:33:30 AM net.sourceforge.marathon.javaagent.server.JavaServer serve
INFO: GET(/session/d0c5977c-e6a5-425d-8a31-62977dfb262e/element/865ea733-ecce-4e20-908c-e6b51c1d13df/attribute/name) = {data={"name":"getElementAttribute","sessionId":"d0c5977c-e6a5-425d-8a31-62977dfb262e","value":"Auction Sniper Name","status":0}, status=OK}
Oct 21, 2021 2:33:30 AM net.sourceforge.marathon.javaagent.server.JavaServer serve
INFO: JavaServer.serve(POST /session/d0c5977c-e6a5-425d-8a31-62977dfb262e/element): {
  "using": "css selector",
  "value": "."
}
Oct 21, 2021 2:33:30 AM net.sourceforge.marathon.javaagent.server.JavaServer serve
INFO: POST(/session/d0c5977c-e6a5-425d-8a31-62977dfb262e/element, {"using":"css selector","value":"."}) = {data={"name":"findElement","sessionId":"d0c5977c-e6a5-425d-8a31-62977dfb262e","value":{"ELEMENT":"865ea733-ecce-4e20-908c-e6b51c1d13df"},"status":0}, status=OK}
Oct 21, 2021 2:33:30 AM net.sourceforge.marathon.javaagent.server.JavaServer serve
INFO: JavaServer.serve(GET /session/d0c5977c-e6a5-425d-8a31-62977dfb262e/element/865ea733-ecce-4e20-908c-e6b51c1d13df/displayed): {}
Oct 21, 2021 2:33:30 AM net.sourceforge.marathon.javaagent.server.JavaServer serve
INFO: GET(/session/d0c5977c-e6a5-425d-8a31-62977dfb262e/element/865ea733-ecce-4e20-908c-e6b51c1d13df/displayed) = {data={"name":"isDisplayed","sessionId":"d0c5977c-e6a5-425d-8a31-62977dfb262e","value":true,"status":0}, status=OK}
Oct 21, 2021 2:33:30 AM net.sourceforge.marathon.javaagent.server.JavaServer serve
INFO: JavaServer.serve(GET /session/d0c5977c-e6a5-425d-8a31-62977dfb262e/title): {}
Oct 21, 2021 2:33:30 AM net.sourceforge.marathon.javaagent.server.JavaServer serve
INFO: GET(/session/d0c5977c-e6a5-425d-8a31-62977dfb262e/title) = {data={"name":"getWindowTitle","sessionId":"d0c5977c-e6a5-425d-8a31-62977dfb262e","value":"Auction Sniper","status":0}, status=OK}
Oct 21, 2021 2:33:30 AM net.sourceforge.marathon.javaagent.server.JavaServer serve
INFO: JavaServer.serve(POST /session/d0c5977c-e6a5-425d-8a31-62977dfb262e/element): {
  "using": "name",
  "value": "snipers table"
}
Oct 21, 2021 2:33:31 AM net.sourceforge.marathon.javaagent.server.JavaServer serve
INFO: POST(/session/d0c5977c-e6a5-425d-8a31-62977dfb262e/element, {"using":"name","value":"snipers table"}) = {data={"name":"findElement","sessionId":"d0c5977c-e6a5-425d-8a31-62977dfb262e","value":{"ELEMENT":"63e2e7b1-fdbe-4489-9084-cc30c167bf85"},"status":0}, status=OK}
Oct 21, 2021 2:33:31 AM net.sourceforge.marathon.javaagent.server.JavaServer serve
INFO: JavaServer.serve(POST /session/d0c5977c-e6a5-425d-8a31-62977dfb262e/element/63e2e7b1-fdbe-4489-9084-cc30c167bf85/elements): {
  "id": "63e2e7b1-fdbe-4489-9084-cc30c167bf85",
  "using": "css selector",
  "value": ".::header.::all-items"
}
Oct 21, 2021 2:33:31 AM net.sourceforge.marathon.javaagent.server.JavaServer serve
INFO: POST(/session/d0c5977c-e6a5-425d-8a31-62977dfb262e/element/63e2e7b1-fdbe-4489-9084-cc30c167bf85/elements, {"using":"css selector","id":"63e2e7b1-fdbe-4489-9084-cc30c167bf85","value":".::header.::all-items"}) = {data={"name":"findElementsOfElement","sessionId":"d0c5977c-e6a5-425d-8a31-62977dfb262e","value":[{"ELEMENT":"cab6c3e6-dd2b-4dd5-9679-ae9c9297d9f5%23%7B%22selector%22%3A%22nth-item%22%2C%22parameters%22%3A%5B1%5D%7D"},{"ELEMENT":"cab6c3e6-dd2b-4dd5-9679-ae9c9297d9f5%23%7B%22selector%22%3A%22nth-item%22%2C%22parameters%22%3A%5B2%5D%7D"},{"ELEMENT":"cab6c3e6-dd2b-4dd5-9679-ae9c9297d9f5%23%7B%22selector%22%3A%22nth-item%22%2C%22parameters%22%3A%5B3%5D%7D"},{"ELEMENT":"cab6c3e6-dd2b-4dd5-9679-ae9c9297d9f5%23%7B%22selector%22%3A%22nth-item%22%2C%22parameters%22%3A%5B4%5D%7D"}],"status":0}, status=OK}
Oct 21, 2021 2:33:31 AM net.sourceforge.marathon.javaagent.server.JavaServer serve
INFO: JavaServer.serve(GET /session/d0c5977c-e6a5-425d-8a31-62977dfb262e/element/cab6c3e6-dd2b-4dd5-9679-ae9c9297d9f5%23%7B%22selector%22%3A%22nth-item%22%2C%22parameters%22%3A%5B1%5D%7D/text): {}
Oct 21, 2021 2:33:31 AM net.sourceforge.marathon.javaagent.server.JavaServer serve
INFO: GET(/session/d0c5977c-e6a5-425d-8a31-62977dfb262e/element/cab6c3e6-dd2b-4dd5-9679-ae9c9297d9f5%23%7B%22selector%22%3A%22nth-item%22%2C%22parameters%22%3A%5B1%5D%7D/text) = {data={"name":"getElementText","sessionId":"d0c5977c-e6a5-425d-8a31-62977dfb262e","value":"Item","status":0}, status=OK}
Oct 21, 2021 2:33:31 AM net.sourceforge.marathon.javaagent.server.JavaServer serve
INFO: JavaServer.serve(GET /session/d0c5977c-e6a5-425d-8a31-62977dfb262e/element/cab6c3e6-dd2b-4dd5-9679-ae9c9297d9f5%23%7B%22selector%22%3A%22nth-item%22%2C%22parameters%22%3A%5B2%5D%7D/text): {}
Oct 21, 2021 2:33:31 AM net.sourceforge.marathon.javaagent.server.JavaServer serve
INFO: GET(/session/d0c5977c-e6a5-425d-8a31-62977dfb262e/element/cab6c3e6-dd2b-4dd5-9679-ae9c9297d9f5%23%7B%22selector%22%3A%22nth-item%22%2C%22parameters%22%3A%5B2%5D%7D/text) = {data={"name":"getElementText","sessionId":"d0c5977c-e6a5-425d-8a31-62977dfb262e","value":"Last Price","status":0}, status=OK}
Oct 21, 2021 2:33:31 AM net.sourceforge.marathon.javaagent.server.JavaServer serve
INFO: JavaServer.serve(GET /session/d0c5977c-e6a5-425d-8a31-62977dfb262e/element/cab6c3e6-dd2b-4dd5-9679-ae9c9297d9f5%23%7B%22selector%22%3A%22nth-item%22%2C%22parameters%22%3A%5B3%5D%7D/text): {}
Oct 21, 2021 2:33:31 AM net.sourceforge.marathon.javaagent.server.JavaServer serve
INFO: GET(/session/d0c5977c-e6a5-425d-8a31-62977dfb262e/element/cab6c3e6-dd2b-4dd5-9679-ae9c9297d9f5%23%7B%22selector%22%3A%22nth-item%22%2C%22parameters%22%3A%5B3%5D%7D/text) = {data={"name":"getElementText","sessionId":"d0c5977c-e6a5-425d-8a31-62977dfb262e","value":"Last Bid","status":0}, status=OK}
Oct 21, 2021 2:33:31 AM net.sourceforge.marathon.javaagent.server.JavaServer serve
INFO: JavaServer.serve(GET /session/d0c5977c-e6a5-425d-8a31-62977dfb262e/element/cab6c3e6-dd2b-4dd5-9679-ae9c9297d9f5%23%7B%22selector%22%3A%22nth-item%22%2C%22parameters%22%3A%5B4%5D%7D/text): {}
Oct 21, 2021 2:33:31 AM net.sourceforge.marathon.javaagent.server.JavaServer serve
INFO: GET(/session/d0c5977c-e6a5-425d-8a31-62977dfb262e/element/cab6c3e6-dd2b-4dd5-9679-ae9c9297d9f5%23%7B%22selector%22%3A%22nth-item%22%2C%22parameters%22%3A%5B4%5D%7D/text) = {data={"name":"getElementText","sessionId":"d0c5977c-e6a5-425d-8a31-62977dfb262e","value":"State","status":0}, status=OK}
Oct 21, 2021 2:33:31 AM net.sourceforge.marathon.javaagent.server.JavaServer serve
INFO: JavaServer.serve(DELETE /session/d0c5977c-e6a5-425d-8a31-62977dfb262e/window): {}
Oct 21, 2021 2:33:31 AM net.sourceforge.marathon.javaagent.server.JavaServer serve
INFO: DELETE(/session/d0c5977c-e6a5-425d-8a31-62977dfb262e/window) = {data={"name":"closeSession","sessionId":"d0c5977c-e6a5-425d-8a31-62977dfb262e","status":0}, status=OK}
Oct 21, 2021 2:33:31 AM net.sourceforge.marathon.javaagent.server.JavaServer serve
INFO: JavaServer.serve(POST /session): {
  "desiredCapabilities": {
    "browserName": "java",
    "platform": "ANY"
  },
  "capabilities": {
    "firstMatch": [
      {
        "browserName": "java"
      }
    ]
  }
}
Oct 21, 2021 2:33:31 AM net.sourceforge.marathon.javaagent.server.JavaServer createSession
INFO: Creating device with type: EVENT_QUEUE
Oct 21, 2021 2:33:31 AM net.sourceforge.marathon.javaagent.Device getDevice
INFO: Creating a EVENT_QUEUE device
Oct 21, 2021 2:33:31 AM net.sourceforge.marathon.javaagent.server.JavaServer serve
INFO: POST(/session, {"desiredCapabilities":{"browserName":"java","platform":"ANY"},"capabilities":{"firstMatch":[{"browserName":"java"}]}}) = {data=, status=REDIRECT}
Oct 21, 2021 2:33:31 AM net.sourceforge.marathon.javaagent.server.JavaServer serve
INFO: JavaServer.serve(GET /session/ee7a338c-11d1-49ed-ab43-bd2f25cfb6e2): {}
Oct 21, 2021 2:33:31 AM net.sourceforge.marathon.javaagent.server.JavaServer serve
INFO: GET(/session/ee7a338c-11d1-49ed-ab43-bd2f25cfb6e2) = {data={"name":"getCapabilities","sessionId":"ee7a338c-11d1-49ed-ab43-bd2f25cfb6e2","value":{"applicationCacheEnabled":false,"rotatable":false,"loggingPrefs":{"driver":"ALL"},"handlesAlerts":false,"databaseEnabled":false,"version":"1.0","platform":"ANY","browserConnectionEnabled":false,"nativeEvents":false,"acceptSslCerts":false,"locationContextEnabled":false,"webStorageEnabled":false,"browserName":"java","takesScreenshot":true,"javascriptEnabled":true,"cssSelectorsEnabled":false},"status":0}, status=OK}
Oct 21, 2021 2:33:31 AM org.openqa.selenium.remote.ProtocolHandshake createSession
INFO: Detected dialect: OSS
Oct 21, 2021 2:33:31 AM net.sourceforge.marathon.javaagent.server.JavaServer serve
INFO: JavaServer.serve(POST /session/ee7a338c-11d1-49ed-ab43-bd2f25cfb6e2/element): {
  "using": "name",
  "value": "new item id field"
}
Oct 21, 2021 2:33:31 AM net.sourceforge.marathon.javaagent.server.JavaServer serve
INFO: POST(/session/ee7a338c-11d1-49ed-ab43-bd2f25cfb6e2/element, {"using":"name","value":"new item id field"}) = {data={"name":"findElement","sessionId":"ee7a338c-11d1-49ed-ab43-bd2f25cfb6e2","value":{"ELEMENT":"315e0646-68e9-489f-941a-27cc5798044c"},"status":0}, status=OK}
Oct 21, 2021 2:33:31 AM net.sourceforge.marathon.javaagent.server.JavaServer serve
INFO: JavaServer.serve(POST /session/ee7a338c-11d1-49ed-ab43-bd2f25cfb6e2/element/315e0646-68e9-489f-941a-27cc5798044c/clear): {
  "id": "315e0646-68e9-489f-941a-27cc5798044c"
}
Oct 21, 2021 2:33:31 AM net.sourceforge.marathon.javaagent.server.JavaServer serve
INFO: POST(/session/ee7a338c-11d1-49ed-ab43-bd2f25cfb6e2/element/315e0646-68e9-489f-941a-27cc5798044c/clear, {"id":"315e0646-68e9-489f-941a-27cc5798044c"}) = {data={"name":"clearElement","sessionId":"ee7a338c-11d1-49ed-ab43-bd2f25cfb6e2","status":0}, status=OK}
Oct 21, 2021 2:33:31 AM net.sourceforge.marathon.javaagent.server.JavaServer serve
INFO: JavaServer.serve(POST /session/ee7a338c-11d1-49ed-ab43-bd2f25cfb6e2/element/315e0646-68e9-489f-941a-27cc5798044c/value): {
  "id": "315e0646-68e9-489f-941a-27cc5798044c",
  "value": [
    "an item-id"
  ]
}
Oct 21, 2021 2:33:31 AM net.sourceforge.marathon.javaagent.EventQueueDevice dispatchEvent
INFO: java.awt.event.KeyEvent[KEY_PRESSED,keyCode=65,keyText=A,keyChar='a',keyLocation=KEY_LOCATION_UNKNOWN,rawCode=0,primaryLevelUnicode=0,scancode=0,extendedKeyCode=0x0] on new item id field
Oct 21, 2021 2:33:31 AM net.sourceforge.marathon.javaagent.EventQueueDevice dispatchEvent
INFO: java.awt.event.KeyEvent[KEY_TYPED,keyCode=0,keyText=Unknown keyCode: 0x0,keyChar='a',keyLocation=KEY_LOCATION_UNKNOWN,rawCode=0,primaryLevelUnicode=0,scancode=0,extendedKeyCode=0x0] on new item id field
Oct 21, 2021 2:33:31 AM net.sourceforge.marathon.javaagent.EventQueueDevice dispatchEvent
INFO: java.awt.event.KeyEvent[KEY_RELEASED,keyCode=65,keyText=A,keyChar='a',keyLocation=KEY_LOCATION_UNKNOWN,rawCode=0,primaryLevelUnicode=0,scancode=0,extendedKeyCode=0x0] on new item id field
Oct 21, 2021 2:33:31 AM net.sourceforge.marathon.javaagent.EventQueueDevice dispatchEvent
INFO: java.awt.event.KeyEvent[KEY_PRESSED,keyCode=78,keyText=N,keyChar='n',keyLocation=KEY_LOCATION_UNKNOWN,rawCode=0,primaryLevelUnicode=0,scancode=0,extendedKeyCode=0x0] on new item id field
Oct 21, 2021 2:33:31 AM net.sourceforge.marathon.javaagent.EventQueueDevice dispatchEvent
INFO: java.awt.event.KeyEvent[KEY_TYPED,keyCode=0,keyText=Unknown keyCode: 0x0,keyChar='n',keyLocation=KEY_LOCATION_UNKNOWN,rawCode=0,primaryLevelUnicode=0,scancode=0,extendedKeyCode=0x0] on new item id field
Oct 21, 2021 2:33:31 AM net.sourceforge.marathon.javaagent.EventQueueDevice dispatchEvent
INFO: java.awt.event.KeyEvent[KEY_RELEASED,keyCode=78,keyText=N,keyChar='n',keyLocation=KEY_LOCATION_UNKNOWN,rawCode=0,primaryLevelUnicode=0,scancode=0,extendedKeyCode=0x0] on new item id field
Oct 21, 2021 2:33:31 AM net.sourceforge.marathon.javaagent.EventQueueDevice dispatchEvent
INFO: java.awt.event.KeyEvent[KEY_PRESSED,keyCode=16,keyText=Shift,keyChar=Undefined keyChar,modifiers=Shift,extModifiers=Shift,keyLocation=KEY_LOCATION_UNKNOWN,rawCode=0,primaryLevelUnicode=0,scancode=0,extendedKeyCode=0x0] on new item id field
Oct 21, 2021 2:33:31 AM net.sourceforge.marathon.javaagent.EventQueueDevice dispatchEvent
INFO: java.awt.event.KeyEvent[KEY_PRESSED,keyCode=32,keyText=Space,keyChar=' ',modifiers=Shift,extModifiers=Shift,keyLocation=KEY_LOCATION_UNKNOWN,rawCode=0,primaryLevelUnicode=0,scancode=0,extendedKeyCode=0x0] on new item id field
Oct 21, 2021 2:33:31 AM net.sourceforge.marathon.javaagent.EventQueueDevice dispatchEvent
INFO: java.awt.event.KeyEvent[KEY_TYPED,keyCode=0,keyText=Unknown keyCode: 0x0,keyChar=' ',modifiers=Shift,extModifiers=Shift,keyLocation=KEY_LOCATION_UNKNOWN,rawCode=0,primaryLevelUnicode=0,scancode=0,extendedKeyCode=0x0] on new item id field
Oct 21, 2021 2:33:31 AM net.sourceforge.marathon.javaagent.EventQueueDevice dispatchEvent
INFO: java.awt.event.KeyEvent[KEY_RELEASED,keyCode=32,keyText=Space,keyChar=' ',modifiers=Shift,extModifiers=Shift,keyLocation=KEY_LOCATION_UNKNOWN,rawCode=0,primaryLevelUnicode=0,scancode=0,extendedKeyCode=0x0] on new item id field
Oct 21, 2021 2:33:31 AM net.sourceforge.marathon.javaagent.EventQueueDevice dispatchEvent
INFO: java.awt.event.KeyEvent[KEY_RELEASED,keyCode=16,keyText=Shift,keyChar=Undefined keyChar,keyLocation=KEY_LOCATION_UNKNOWN,rawCode=0,primaryLevelUnicode=0,scancode=0,extendedKeyCode=0x0] on new item id field
Oct 21, 2021 2:33:31 AM net.sourceforge.marathon.javaagent.EventQueueDevice dispatchEvent
INFO: java.awt.event.KeyEvent[KEY_PRESSED,keyCode=73,keyText=I,keyChar='i',keyLocation=KEY_LOCATION_UNKNOWN,rawCode=0,primaryLevelUnicode=0,scancode=0,extendedKeyCode=0x0] on new item id field
Oct 21, 2021 2:33:31 AM net.sourceforge.marathon.javaagent.EventQueueDevice dispatchEvent
INFO: java.awt.event.KeyEvent[KEY_TYPED,keyCode=0,keyText=Unknown keyCode: 0x0,keyChar='i',keyLocation=KEY_LOCATION_UNKNOWN,rawCode=0,primaryLevelUnicode=0,scancode=0,extendedKeyCode=0x0] on new item id field
Oct 21, 2021 2:33:31 AM net.sourceforge.marathon.javaagent.EventQueueDevice dispatchEvent
INFO: java.awt.event.KeyEvent[KEY_RELEASED,keyCode=73,keyText=I,keyChar='i',keyLocation=KEY_LOCATION_UNKNOWN,rawCode=0,primaryLevelUnicode=0,scancode=0,extendedKeyCode=0x0] on new item id field
Oct 21, 2021 2:33:31 AM net.sourceforge.marathon.javaagent.EventQueueDevice dispatchEvent
INFO: java.awt.event.KeyEvent[KEY_PRESSED,keyCode=84,keyText=T,keyChar='t',keyLocation=KEY_LOCATION_UNKNOWN,rawCode=0,primaryLevelUnicode=0,scancode=0,extendedKeyCode=0x0] on new item id field
Oct 21, 2021 2:33:31 AM net.sourceforge.marathon.javaagent.EventQueueDevice dispatchEvent
INFO: java.awt.event.KeyEvent[KEY_TYPED,keyCode=0,keyText=Unknown keyCode: 0x0,keyChar='t',keyLocation=KEY_LOCATION_UNKNOWN,rawCode=0,primaryLevelUnicode=0,scancode=0,extendedKeyCode=0x0] on new item id field
Oct 21, 2021 2:33:31 AM net.sourceforge.marathon.javaagent.EventQueueDevice dispatchEvent
INFO: java.awt.event.KeyEvent[KEY_RELEASED,keyCode=84,keyText=T,keyChar='t',keyLocation=KEY_LOCATION_UNKNOWN,rawCode=0,primaryLevelUnicode=0,scancode=0,extendedKeyCode=0x0] on new item id field
Oct 21, 2021 2:33:31 AM net.sourceforge.marathon.javaagent.EventQueueDevice dispatchEvent
INFO: java.awt.event.KeyEvent[KEY_PRESSED,keyCode=69,keyText=E,keyChar='e',keyLocation=KEY_LOCATION_UNKNOWN,rawCode=0,primaryLevelUnicode=0,scancode=0,extendedKeyCode=0x0] on new item id field
Oct 21, 2021 2:33:31 AM net.sourceforge.marathon.javaagent.EventQueueDevice dispatchEvent
INFO: java.awt.event.KeyEvent[KEY_TYPED,keyCode=0,keyText=Unknown keyCode: 0x0,keyChar='e',keyLocation=KEY_LOCATION_UNKNOWN,rawCode=0,primaryLevelUnicode=0,scancode=0,extendedKeyCode=0x0] on new item id field
Oct 21, 2021 2:33:31 AM net.sourceforge.marathon.javaagent.EventQueueDevice dispatchEvent
INFO: java.awt.event.KeyEvent[KEY_RELEASED,keyCode=69,keyText=E,keyChar='e',keyLocation=KEY_LOCATION_UNKNOWN,rawCode=0,primaryLevelUnicode=0,scancode=0,extendedKeyCode=0x0] on new item id field
Oct 21, 2021 2:33:31 AM net.sourceforge.marathon.javaagent.EventQueueDevice dispatchEvent
INFO: java.awt.event.KeyEvent[KEY_PRESSED,keyCode=77,keyText=M,keyChar='m',keyLocation=KEY_LOCATION_UNKNOWN,rawCode=0,primaryLevelUnicode=0,scancode=0,extendedKeyCode=0x0] on new item id field
Oct 21, 2021 2:33:31 AM net.sourceforge.marathon.javaagent.EventQueueDevice dispatchEvent
INFO: java.awt.event.KeyEvent[KEY_TYPED,keyCode=0,keyText=Unknown keyCode: 0x0,keyChar='m',keyLocation=KEY_LOCATION_UNKNOWN,rawCode=0,primaryLevelUnicode=0,scancode=0,extendedKeyCode=0x0] on new item id field
Oct 21, 2021 2:33:31 AM net.sourceforge.marathon.javaagent.EventQueueDevice dispatchEvent
INFO: java.awt.event.KeyEvent[KEY_RELEASED,keyCode=77,keyText=M,keyChar='m',keyLocation=KEY_LOCATION_UNKNOWN,rawCode=0,primaryLevelUnicode=0,scancode=0,extendedKeyCode=0x0] on new item id field
Oct 21, 2021 2:33:31 AM net.sourceforge.marathon.javaagent.EventQueueDevice dispatchEvent
INFO: java.awt.event.KeyEvent[KEY_PRESSED,keyCode=45,keyText=Minus,keyChar='-',keyLocation=KEY_LOCATION_UNKNOWN,rawCode=0,primaryLevelUnicode=0,scancode=0,extendedKeyCode=0x0] on new item id field
Oct 21, 2021 2:33:31 AM net.sourceforge.marathon.javaagent.EventQueueDevice dispatchEvent
INFO: java.awt.event.KeyEvent[KEY_TYPED,keyCode=0,keyText=Unknown keyCode: 0x0,keyChar='-',keyLocation=KEY_LOCATION_UNKNOWN,rawCode=0,primaryLevelUnicode=0,scancode=0,extendedKeyCode=0x0] on new item id field
Oct 21, 2021 2:33:31 AM net.sourceforge.marathon.javaagent.EventQueueDevice dispatchEvent
INFO: java.awt.event.KeyEvent[KEY_RELEASED,keyCode=45,keyText=Minus,keyChar='-',keyLocation=KEY_LOCATION_UNKNOWN,rawCode=0,primaryLevelUnicode=0,scancode=0,extendedKeyCode=0x0] on new item id field
Oct 21, 2021 2:33:31 AM net.sourceforge.marathon.javaagent.EventQueueDevice dispatchEvent
INFO: java.awt.event.KeyEvent[KEY_PRESSED,keyCode=73,keyText=I,keyChar='i',keyLocation=KEY_LOCATION_UNKNOWN,rawCode=0,primaryLevelUnicode=0,scancode=0,extendedKeyCode=0x0] on new item id field
Oct 21, 2021 2:33:31 AM net.sourceforge.marathon.javaagent.EventQueueDevice dispatchEvent
INFO: java.awt.event.KeyEvent[KEY_TYPED,keyCode=0,keyText=Unknown keyCode: 0x0,keyChar='i',keyLocation=KEY_LOCATION_UNKNOWN,rawCode=0,primaryLevelUnicode=0,scancode=0,extendedKeyCode=0x0] on new item id field
Oct 21, 2021 2:33:31 AM net.sourceforge.marathon.javaagent.EventQueueDevice dispatchEvent
INFO: java.awt.event.KeyEvent[KEY_RELEASED,keyCode=73,keyText=I,keyChar='i',keyLocation=KEY_LOCATION_UNKNOWN,rawCode=0,primaryLevelUnicode=0,scancode=0,extendedKeyCode=0x0] on new item id field
Oct 21, 2021 2:33:31 AM net.sourceforge.marathon.javaagent.EventQueueDevice dispatchEvent
INFO: java.awt.event.KeyEvent[KEY_PRESSED,keyCode=68,keyText=D,keyChar='d',keyLocation=KEY_LOCATION_UNKNOWN,rawCode=0,primaryLevelUnicode=0,scancode=0,extendedKeyCode=0x0] on new item id field
Oct 21, 2021 2:33:31 AM net.sourceforge.marathon.javaagent.EventQueueDevice dispatchEvent
INFO: java.awt.event.KeyEvent[KEY_TYPED,keyCode=0,keyText=Unknown keyCode: 0x0,keyChar='d',keyLocation=KEY_LOCATION_UNKNOWN,rawCode=0,primaryLevelUnicode=0,scancode=0,extendedKeyCode=0x0] on new item id field
Oct 21, 2021 2:33:31 AM net.sourceforge.marathon.javaagent.EventQueueDevice dispatchEvent
INFO: java.awt.event.KeyEvent[KEY_RELEASED,keyCode=68,keyText=D,keyChar='d',keyLocation=KEY_LOCATION_UNKNOWN,rawCode=0,primaryLevelUnicode=0,scancode=0,extendedKeyCode=0x0] on new item id field
Oct 21, 2021 2:33:31 AM net.sourceforge.marathon.javaagent.server.JavaServer serve
INFO: POST(/session/ee7a338c-11d1-49ed-ab43-bd2f25cfb6e2/element/315e0646-68e9-489f-941a-27cc5798044c/value, {"id":"315e0646-68e9-489f-941a-27cc5798044c","value":["an item-id"]}) = {data={"name":"sendKeysElement","sessionId":"ee7a338c-11d1-49ed-ab43-bd2f25cfb6e2","status":0}, status=OK}
Oct 21, 2021 2:33:31 AM net.sourceforge.marathon.javaagent.server.JavaServer serve
INFO: JavaServer.serve(POST /session/ee7a338c-11d1-49ed-ab43-bd2f25cfb6e2/element): {
  "using": "name",
  "value": "new item stop price field"
}
Oct 21, 2021 2:33:31 AM net.sourceforge.marathon.javaagent.server.JavaServer serve
INFO: POST(/session/ee7a338c-11d1-49ed-ab43-bd2f25cfb6e2/element, {"using":"name","value":"new item stop price field"}) = {data={"name":"findElement","sessionId":"ee7a338c-11d1-49ed-ab43-bd2f25cfb6e2","value":{"ELEMENT":"eaee0e7f-86ee-4a7d-a9f2-39a4d07f56f5"},"status":0}, status=OK}
Oct 21, 2021 2:33:31 AM net.sourceforge.marathon.javaagent.server.JavaServer serve
INFO: JavaServer.serve(POST /session/ee7a338c-11d1-49ed-ab43-bd2f25cfb6e2/element/eaee0e7f-86ee-4a7d-a9f2-39a4d07f56f5/clear): {
  "id": "eaee0e7f-86ee-4a7d-a9f2-39a4d07f56f5"
}
Oct 21, 2021 2:33:31 AM net.sourceforge.marathon.javaagent.server.JavaServer serve
INFO: POST(/session/ee7a338c-11d1-49ed-ab43-bd2f25cfb6e2/element/eaee0e7f-86ee-4a7d-a9f2-39a4d07f56f5/clear, {"id":"eaee0e7f-86ee-4a7d-a9f2-39a4d07f56f5"}) = {data={"name":"clearElement","sessionId":"ee7a338c-11d1-49ed-ab43-bd2f25cfb6e2","status":0}, status=OK}
Oct 21, 2021 2:33:31 AM net.sourceforge.marathon.javaagent.server.JavaServer serve
INFO: JavaServer.serve(POST /session/ee7a338c-11d1-49ed-ab43-bd2f25cfb6e2/element/eaee0e7f-86ee-4a7d-a9f2-39a4d07f56f5/value): {
  "id": "eaee0e7f-86ee-4a7d-a9f2-39a4d07f56f5",
  "value": [
    "11000"
  ]
}
Oct 21, 2021 2:33:31 AM net.sourceforge.marathon.javaagent.EventQueueDevice dispatchEvent
INFO: java.awt.event.KeyEvent[KEY_PRESSED,keyCode=49,keyText=1,keyChar='1',keyLocation=KEY_LOCATION_UNKNOWN,rawCode=0,primaryLevelUnicode=0,scancode=0,extendedKeyCode=0x0] on new item stop price field
Oct 21, 2021 2:33:31 AM net.sourceforge.marathon.javaagent.EventQueueDevice dispatchEvent
INFO: java.awt.event.KeyEvent[KEY_TYPED,keyCode=0,keyText=Unknown keyCode: 0x0,keyChar='1',keyLocation=KEY_LOCATION_UNKNOWN,rawCode=0,primaryLevelUnicode=0,scancode=0,extendedKeyCode=0x0] on new item stop price field
Oct 21, 2021 2:33:31 AM net.sourceforge.marathon.javaagent.EventQueueDevice dispatchEvent
INFO: java.awt.event.KeyEvent[KEY_RELEASED,keyCode=49,keyText=1,keyChar='1',keyLocation=KEY_LOCATION_UNKNOWN,rawCode=0,primaryLevelUnicode=0,scancode=0,extendedKeyCode=0x0] on new item stop price field
Oct 21, 2021 2:33:31 AM net.sourceforge.marathon.javaagent.EventQueueDevice dispatchEvent
INFO: java.awt.event.KeyEvent[KEY_PRESSED,keyCode=49,keyText=1,keyChar='1',keyLocation=KEY_LOCATION_UNKNOWN,rawCode=0,primaryLevelUnicode=0,scancode=0,extendedKeyCode=0x0] on new item stop price field
Oct 21, 2021 2:33:31 AM net.sourceforge.marathon.javaagent.EventQueueDevice dispatchEvent
INFO: java.awt.event.KeyEvent[KEY_TYPED,keyCode=0,keyText=Unknown keyCode: 0x0,keyChar='1',keyLocation=KEY_LOCATION_UNKNOWN,rawCode=0,primaryLevelUnicode=0,scancode=0,extendedKeyCode=0x0] on new item stop price field
Oct 21, 2021 2:33:31 AM net.sourceforge.marathon.javaagent.EventQueueDevice dispatchEvent
INFO: java.awt.event.KeyEvent[KEY_RELEASED,keyCode=49,keyText=1,keyChar='1',keyLocation=KEY_LOCATION_UNKNOWN,rawCode=0,primaryLevelUnicode=0,scancode=0,extendedKeyCode=0x0] on new item stop price field
Oct 21, 2021 2:33:31 AM net.sourceforge.marathon.javaagent.EventQueueDevice dispatchEvent
INFO: java.awt.event.KeyEvent[KEY_PRESSED,keyCode=48,keyText=0,keyChar='0',keyLocation=KEY_LOCATION_UNKNOWN,rawCode=0,primaryLevelUnicode=0,scancode=0,extendedKeyCode=0x0] on new item stop price field
Oct 21, 2021 2:33:31 AM net.sourceforge.marathon.javaagent.EventQueueDevice dispatchEvent
INFO: java.awt.event.KeyEvent[KEY_TYPED,keyCode=0,keyText=Unknown keyCode: 0x0,keyChar='0',keyLocation=KEY_LOCATION_UNKNOWN,rawCode=0,primaryLevelUnicode=0,scancode=0,extendedKeyCode=0x0] on new item stop price field
Oct 21, 2021 2:33:31 AM net.sourceforge.marathon.javaagent.EventQueueDevice dispatchEvent
INFO: java.awt.event.KeyEvent[KEY_RELEASED,keyCode=48,keyText=0,keyChar='0',keyLocation=KEY_LOCATION_UNKNOWN,rawCode=0,primaryLevelUnicode=0,scancode=0,extendedKeyCode=0x0] on new item stop price field
Oct 21, 2021 2:33:31 AM net.sourceforge.marathon.javaagent.EventQueueDevice dispatchEvent
INFO: java.awt.event.KeyEvent[KEY_PRESSED,keyCode=48,keyText=0,keyChar='0',keyLocation=KEY_LOCATION_UNKNOWN,rawCode=0,primaryLevelUnicode=0,scancode=0,extendedKeyCode=0x0] on new item stop price field
Oct 21, 2021 2:33:31 AM net.sourceforge.marathon.javaagent.EventQueueDevice dispatchEvent
INFO: java.awt.event.KeyEvent[KEY_TYPED,keyCode=0,keyText=Unknown keyCode: 0x0,keyChar='0',keyLocation=KEY_LOCATION_UNKNOWN,rawCode=0,primaryLevelUnicode=0,scancode=0,extendedKeyCode=0x0] on new item stop price field
Oct 21, 2021 2:33:31 AM net.sourceforge.marathon.javaagent.EventQueueDevice dispatchEvent
INFO: java.awt.event.KeyEvent[KEY_RELEASED,keyCode=48,keyText=0,keyChar='0',keyLocation=KEY_LOCATION_UNKNOWN,rawCode=0,primaryLevelUnicode=0,scancode=0,extendedKeyCode=0x0] on new item stop price field
Oct 21, 2021 2:33:31 AM net.sourceforge.marathon.javaagent.EventQueueDevice dispatchEvent
INFO: java.awt.event.KeyEvent[KEY_PRESSED,keyCode=48,keyText=0,keyChar='0',keyLocation=KEY_LOCATION_UNKNOWN,rawCode=0,primaryLevelUnicode=0,scancode=0,extendedKeyCode=0x0] on new item stop price field
Oct 21, 2021 2:33:31 AM net.sourceforge.marathon.javaagent.EventQueueDevice dispatchEvent
INFO: java.awt.event.KeyEvent[KEY_TYPED,keyCode=0,keyText=Unknown keyCode: 0x0,keyChar='0',keyLocation=KEY_LOCATION_UNKNOWN,rawCode=0,primaryLevelUnicode=0,scancode=0,extendedKeyCode=0x0] on new item stop price field
Oct 21, 2021 2:33:31 AM net.sourceforge.marathon.javaagent.EventQueueDevice dispatchEvent
INFO: java.awt.event.KeyEvent[KEY_RELEASED,keyCode=48,keyText=0,keyChar='0',keyLocation=KEY_LOCATION_UNKNOWN,rawCode=0,primaryLevelUnicode=0,scancode=0,extendedKeyCode=0x0] on new item stop price field
Oct 21, 2021 2:33:31 AM net.sourceforge.marathon.javaagent.server.JavaServer serve
INFO: POST(/session/ee7a338c-11d1-49ed-ab43-bd2f25cfb6e2/element/eaee0e7f-86ee-4a7d-a9f2-39a4d07f56f5/value, {"id":"eaee0e7f-86ee-4a7d-a9f2-39a4d07f56f5","value":["11000"]}) = {data={"name":"sendKeysElement","sessionId":"ee7a338c-11d1-49ed-ab43-bd2f25cfb6e2","status":0}, status=OK}
Oct 21, 2021 2:33:31 AM net.sourceforge.marathon.javaagent.server.JavaServer serve
INFO: JavaServer.serve(POST /session/ee7a338c-11d1-49ed-ab43-bd2f25cfb6e2/element): {
  "using": "name",
  "value": "join button"
}
Oct 21, 2021 2:33:31 AM net.sourceforge.marathon.javaagent.server.JavaServer serve
INFO: POST(/session/ee7a338c-11d1-49ed-ab43-bd2f25cfb6e2/element, {"using":"name","value":"join button"}) = {data={"name":"findElement","sessionId":"ee7a338c-11d1-49ed-ab43-bd2f25cfb6e2","value":{"ELEMENT":"5d2d1662-0421-49d1-b653-30afbb008407"},"status":0}, status=OK}
Oct 21, 2021 2:33:31 AM net.sourceforge.marathon.javaagent.server.JavaServer serve
INFO: JavaServer.serve(POST /session/ee7a338c-11d1-49ed-ab43-bd2f25cfb6e2/element/5d2d1662-0421-49d1-b653-30afbb008407/click): {
  "id": "5d2d1662-0421-49d1-b653-30afbb008407"
}
Oct 21, 2021 2:33:31 AM net.sourceforge.marathon.javaagent.EventQueueDevice dispatchEvent
INFO: java.awt.event.MouseEvent[MOUSE_PRESSED,(58,12),absolute(589,17),button=1,modifiers=Button1,extModifiers=Button1,clickCount=1] on join button
Oct 21, 2021 2:33:31 AM net.sourceforge.marathon.javaagent.EventQueueDevice dispatchEvent
INFO: java.awt.event.MouseEvent[MOUSE_RELEASED,(58,12),absolute(589,17),button=1,modifiers=Button1,clickCount=1] on join button
Oct 21, 2021 2:33:31 AM net.sourceforge.marathon.javaagent.EventQueueDevice dispatchEvent
INFO: java.awt.event.MouseEvent[MOUSE_CLICKED,(58,12),absolute(589,17),button=1,modifiers=Button1,clickCount=1] on join button
Oct 21, 2021 2:33:31 AM net.sourceforge.marathon.javaagent.server.JavaServer serve
INFO: POST(/session/ee7a338c-11d1-49ed-ab43-bd2f25cfb6e2/element/5d2d1662-0421-49d1-b653-30afbb008407/click, {"id":"5d2d1662-0421-49d1-b653-30afbb008407"}) = {data={"name":"clickElement","sessionId":"ee7a338c-11d1-49ed-ab43-bd2f25cfb6e2","status":0}, status=OK}
Oct 21, 2021 2:33:32 AM net.sourceforge.marathon.javaagent.server.JavaServer serve
INFO: JavaServer.serve(DELETE /session/ee7a338c-11d1-49ed-ab43-bd2f25cfb6e2/window): {}
Oct 21, 2021 2:33:32 AM net.sourceforge.marathon.javaagent.server.JavaServer serve
INFO: DELETE(/session/ee7a338c-11d1-49ed-ab43-bd2f25cfb6e2/window) = {data={"name":"closeSession","sessionId":"ee7a338c-11d1-49ed-ab43-bd2f25cfb6e2","status":0}, status=OK}
Oct 21, 2021 2:33:32 AM net.sourceforge.marathon.javaagent.server.JavaServer serve
INFO: JavaServer.serve(POST /session): {
  "desiredCapabilities": {
    "browserName": "java",
    "platform": "ANY"
  },
  "capabilities": {
    "firstMatch": [
      {
        "browserName": "java"
      }
    ]
  }
}
Oct 21, 2021 2:33:32 AM net.sourceforge.marathon.javaagent.server.JavaServer createSession
INFO: Creating device with type: EVENT_QUEUE
Oct 21, 2021 2:33:32 AM net.sourceforge.marathon.javaagent.Device getDevice
INFO: Creating a EVENT_QUEUE device
Oct 21, 2021 2:33:32 AM net.sourceforge.marathon.javaagent.server.JavaServer serve
INFO: POST(/session, {"desiredCapabilities":{"browserName":"java","platform":"ANY"},"capabilities":{"firstMatch":[{"browserName":"java"}]}}) = {data=, status=REDIRECT}
Oct 21, 2021 2:33:32 AM net.sourceforge.marathon.javaagent.server.JavaServer serve
INFO: JavaServer.serve(GET /session/e9abafb2-2c5b-451b-a258-80e92fe2698f): {}
Oct 21, 2021 2:33:32 AM net.sourceforge.marathon.javaagent.server.JavaServer serve
INFO: GET(/session/e9abafb2-2c5b-451b-a258-80e92fe2698f) = {data={"name":"getCapabilities","sessionId":"e9abafb2-2c5b-451b-a258-80e92fe2698f","value":{"applicationCacheEnabled":false,"rotatable":false,"loggingPrefs":{"driver":"ALL"},"handlesAlerts":false,"databaseEnabled":false,"version":"1.0","platform":"ANY","browserConnectionEnabled":false,"nativeEvents":false,"acceptSslCerts":false,"locationContextEnabled":false,"webStorageEnabled":false,"browserName":"java","takesScreenshot":true,"javascriptEnabled":true,"cssSelectorsEnabled":false},"status":0}, status=OK}
Oct 21, 2021 2:33:32 AM org.openqa.selenium.remote.ProtocolHandshake createSession
INFO: Detected dialect: OSS
Oct 21, 2021 2:33:32 AM net.sourceforge.marathon.javaagent.server.JavaServer serve
INFO: JavaServer.serve(POST /session/e9abafb2-2c5b-451b-a258-80e92fe2698f/element): {
  "using": "name",
  "value": "sniper reset button"
}
Oct 21, 2021 2:33:32 AM net.sourceforge.marathon.javaagent.server.JavaServer serve
INFO: POST(/session/e9abafb2-2c5b-451b-a258-80e92fe2698f/element, {"using":"name","value":"sniper reset button"}) = {data={"name":"findElement","sessionId":"e9abafb2-2c5b-451b-a258-80e92fe2698f","value":{"ELEMENT":"6184d3ca-0b55-4576-a5d2-3bad7a91e429"},"status":0}, status=OK}
Oct 21, 2021 2:33:32 AM net.sourceforge.marathon.javaagent.server.JavaServer serve
INFO: JavaServer.serve(POST /session/e9abafb2-2c5b-451b-a258-80e92fe2698f/element/6184d3ca-0b55-4576-a5d2-3bad7a91e429/click): {
  "id": "6184d3ca-0b55-4576-a5d2-3bad7a91e429"
}
Oct 21, 2021 2:33:32 AM net.sourceforge.marathon.javaagent.EventQueueDevice dispatchEvent
INFO: java.awt.event.MouseEvent[MOUSE_PRESSED,(37,12),absolute(326,474),button=1,modifiers=Button1,extModifiers=Button1,clickCount=1] on sniper reset button
Oct 21, 2021 2:33:32 AM net.sourceforge.marathon.javaagent.EventQueueDevice dispatchEvent
INFO: java.awt.event.MouseEvent[MOUSE_RELEASED,(37,12),absolute(326,474),button=1,modifiers=Button1,clickCount=1] on sniper reset button
Oct 21, 2021 2:33:32 AM net.sourceforge.marathon.javaagent.EventQueueDevice dispatchEvent
INFO: java.awt.event.MouseEvent[MOUSE_CLICKED,(37,12),absolute(326,474),button=1,modifiers=Button1,clickCount=1] on sniper reset button
Oct 21, 2021 2:33:32 AM net.sourceforge.marathon.javaagent.server.JavaServer serve
INFO: POST(/session/e9abafb2-2c5b-451b-a258-80e92fe2698f/element/6184d3ca-0b55-4576-a5d2-3bad7a91e429/click, {"id":"6184d3ca-0b55-4576-a5d2-3bad7a91e429"}) = {data={"name":"clickElement","sessionId":"e9abafb2-2c5b-451b-a258-80e92fe2698f","status":0}, status=OK}
Oct 21, 2021 2:33:32 AM net.sourceforge.marathon.javaagent.server.JavaServer serve
INFO: JavaServer.serve(DELETE /session/e9abafb2-2c5b-451b-a258-80e92fe2698f/window): {}
Oct 21, 2021 2:33:32 AM net.sourceforge.marathon.javaagent.server.JavaServer serve
INFO: DELETE(/session/e9abafb2-2c5b-451b-a258-80e92fe2698f/window) = {data={"name":"closeSession","sessionId":"e9abafb2-2c5b-451b-a258-80e92fe2698f","status":0}, status=OK}
]]></system-err>
</testsuite>
