<?xml version="1.0" encoding="UTF-8"?>
<testsuite name="goos.ui.swing.MainWindowTest" tests="3" skipped="0" failures="0" errors="0" timestamp="2021-12-22T02:34:35" hostname="buildkitsandbox" time="5.01">
  <properties/>
  <testcase name="window has expected features" classname="goos.ui.swing.MainWindowTest" time="3.572"/>
  <testcase name="make user request when join button clicked" classname="goos.ui.swing.MainWindowTest" time="1.189"/>
  <testcase name="make user request when reset button clicked" classname="goos.ui.swing.MainWindowTest" time="0.245"/>
  <system-out><![CDATA[]]></system-out>
  <system-err><![CDATA[SLF4J: Failed to load class "org.slf4j.impl.StaticLoggerBinder".
SLF4J: Defaulting to no-operation (NOP) logger implementation
SLF4J: See http://www.slf4j.org/codes.html#StaticLoggerBinder for further details.
Dec 22, 2021 2:34:37 AM io.netty.util.internal.MacAddressUtil defaultMachineId
WARNING: Failed to find a usable hardware address from the network interfaces; using random bytes: 72:fb:1f:e9:68:8b:f7:e2
Dec 22, 2021 2:34:38 AM net.sourceforge.marathon.javaagent.server.JavaServer serve
INFO: JavaServer.serve(POST /session): {
  "desiredCapabilities": {
    "browserName": "java",
    "platform": "ANY"
  },
  "capabilities": {
    "firstMatch": [
      {
        "browserName": "java"
      }
    ]
  }
}
Dec 22, 2021 2:34:38 AM net.sourceforge.marathon.javaagent.server.JavaServer createSession
INFO: Creating device with type: EVENT_QUEUE
Dec 22, 2021 2:34:38 AM net.sourceforge.marathon.javaagent.Device getDevice
INFO: Creating a EVENT_QUEUE device
Dec 22, 2021 2:34:38 AM net.sourceforge.marathon.javaagent.server.JavaServer serve
INFO: POST(/session, {"desiredCapabilities":{"browserName":"java","platform":"ANY"},"capabilities":{"firstMatch":[{"browserName":"java"}]}}) = {data=, status=REDIRECT}
Dec 22, 2021 2:34:38 AM net.sourceforge.marathon.javaagent.server.JavaServer serve
INFO: JavaServer.serve(GET /session/6ddaf770-f572-43fa-afeb-f9816ebea425): {}
Dec 22, 2021 2:34:38 AM net.sourceforge.marathon.javaagent.server.JavaServer serve
INFO: GET(/session/6ddaf770-f572-43fa-afeb-f9816ebea425) = {data={"name":"getCapabilities","sessionId":"6ddaf770-f572-43fa-afeb-f9816ebea425","value":{"applicationCacheEnabled":false,"rotatable":false,"loggingPrefs":{"driver":"ALL"},"handlesAlerts":false,"databaseEnabled":false,"version":"1.0","platform":"ANY","browserConnectionEnabled":false,"nativeEvents":false,"acceptSslCerts":false,"locationContextEnabled":false,"webStorageEnabled":false,"browserName":"java","takesScreenshot":true,"javascriptEnabled":true,"cssSelectorsEnabled":false},"status":0}, status=OK}
Dec 22, 2021 2:34:38 AM org.openqa.selenium.remote.ProtocolHandshake createSession
INFO: Detected dialect: OSS
Dec 22, 2021 2:34:38 AM net.sourceforge.marathon.javaagent.server.JavaServer serve
INFO: JavaServer.serve(POST /session/6ddaf770-f572-43fa-afeb-f9816ebea425/element): {
  "using": "css selector",
  "value": "."
}
Dec 22, 2021 2:34:38 AM net.sourceforge.marathon.javaagent.server.JavaServer serve
INFO: POST(/session/6ddaf770-f572-43fa-afeb-f9816ebea425/element, {"using":"css selector","value":"."}) = {data={"name":"findElement","sessionId":"6ddaf770-f572-43fa-afeb-f9816ebea425","value":{"ELEMENT":"596be7c5-775a-4952-b006-8fff73bd1758"},"status":0}, status=OK}
Dec 22, 2021 2:34:38 AM net.sourceforge.marathon.javaagent.server.JavaServer serve
INFO: JavaServer.serve(GET /session/6ddaf770-f572-43fa-afeb-f9816ebea425/element/596be7c5-775a-4952-b006-8fff73bd1758/attribute/name): {}
Dec 22, 2021 2:34:38 AM net.sourceforge.marathon.javaagent.server.JavaServer serve
INFO: GET(/session/6ddaf770-f572-43fa-afeb-f9816ebea425/element/596be7c5-775a-4952-b006-8fff73bd1758/attribute/name) = {data={"name":"getElementAttribute","sessionId":"6ddaf770-f572-43fa-afeb-f9816ebea425","value":"Auction Sniper Name","status":0}, status=OK}
Dec 22, 2021 2:34:38 AM net.sourceforge.marathon.javaagent.server.JavaServer serve
INFO: JavaServer.serve(POST /session/6ddaf770-f572-43fa-afeb-f9816ebea425/element): {
  "using": "css selector",
  "value": "."
}
Dec 22, 2021 2:34:38 AM net.sourceforge.marathon.javaagent.server.JavaServer serve
INFO: POST(/session/6ddaf770-f572-43fa-afeb-f9816ebea425/element, {"using":"css selector","value":"."}) = {data={"name":"findElement","sessionId":"6ddaf770-f572-43fa-afeb-f9816ebea425","value":{"ELEMENT":"596be7c5-775a-4952-b006-8fff73bd1758"},"status":0}, status=OK}
Dec 22, 2021 2:34:38 AM net.sourceforge.marathon.javaagent.server.JavaServer serve
INFO: JavaServer.serve(GET /session/6ddaf770-f572-43fa-afeb-f9816ebea425/element/596be7c5-775a-4952-b006-8fff73bd1758/displayed): {}
Dec 22, 2021 2:34:38 AM net.sourceforge.marathon.javaagent.server.JavaServer serve
INFO: GET(/session/6ddaf770-f572-43fa-afeb-f9816ebea425/element/596be7c5-775a-4952-b006-8fff73bd1758/displayed) = {data={"name":"isDisplayed","sessionId":"6ddaf770-f572-43fa-afeb-f9816ebea425","value":true,"status":0}, status=OK}
Dec 22, 2021 2:34:38 AM net.sourceforge.marathon.javaagent.server.JavaServer serve
INFO: JavaServer.serve(GET /session/6ddaf770-f572-43fa-afeb-f9816ebea425/title): {}
Dec 22, 2021 2:34:38 AM net.sourceforge.marathon.javaagent.server.JavaServer serve
INFO: GET(/session/6ddaf770-f572-43fa-afeb-f9816ebea425/title) = {data={"name":"getWindowTitle","sessionId":"6ddaf770-f572-43fa-afeb-f9816ebea425","value":"Auction Sniper","status":0}, status=OK}
Dec 22, 2021 2:34:38 AM net.sourceforge.marathon.javaagent.server.JavaServer serve
INFO: JavaServer.serve(POST /session/6ddaf770-f572-43fa-afeb-f9816ebea425/element): {
  "using": "name",
  "value": "snipers table"
}
Dec 22, 2021 2:34:38 AM net.sourceforge.marathon.javaagent.server.JavaServer serve
INFO: POST(/session/6ddaf770-f572-43fa-afeb-f9816ebea425/element, {"using":"name","value":"snipers table"}) = {data={"name":"findElement","sessionId":"6ddaf770-f572-43fa-afeb-f9816ebea425","value":{"ELEMENT":"397c5a70-5166-4e60-b66b-b3d042323bd6"},"status":0}, status=OK}
Dec 22, 2021 2:34:38 AM net.sourceforge.marathon.javaagent.server.JavaServer serve
INFO: JavaServer.serve(POST /session/6ddaf770-f572-43fa-afeb-f9816ebea425/element/397c5a70-5166-4e60-b66b-b3d042323bd6/elements): {
  "id": "397c5a70-5166-4e60-b66b-b3d042323bd6",
  "using": "css selector",
  "value": ".::header.::all-items"
}
Dec 22, 2021 2:34:38 AM net.sourceforge.marathon.javaagent.server.JavaServer serve
INFO: POST(/session/6ddaf770-f572-43fa-afeb-f9816ebea425/element/397c5a70-5166-4e60-b66b-b3d042323bd6/elements, {"using":"css selector","id":"397c5a70-5166-4e60-b66b-b3d042323bd6","value":".::header.::all-items"}) = {data={"name":"findElementsOfElement","sessionId":"6ddaf770-f572-43fa-afeb-f9816ebea425","value":[{"ELEMENT":"951f9935-a137-4006-9a70-5ce374301f97%23%7B%22selector%22%3A%22nth-item%22%2C%22parameters%22%3A%5B1%5D%7D"},{"ELEMENT":"951f9935-a137-4006-9a70-5ce374301f97%23%7B%22selector%22%3A%22nth-item%22%2C%22parameters%22%3A%5B2%5D%7D"},{"ELEMENT":"951f9935-a137-4006-9a70-5ce374301f97%23%7B%22selector%22%3A%22nth-item%22%2C%22parameters%22%3A%5B3%5D%7D"},{"ELEMENT":"951f9935-a137-4006-9a70-5ce374301f97%23%7B%22selector%22%3A%22nth-item%22%2C%22parameters%22%3A%5B4%5D%7D"}],"status":0}, status=OK}
Dec 22, 2021 2:34:38 AM net.sourceforge.marathon.javaagent.server.JavaServer serve
INFO: JavaServer.serve(GET /session/6ddaf770-f572-43fa-afeb-f9816ebea425/element/951f9935-a137-4006-9a70-5ce374301f97%23%7B%22selector%22%3A%22nth-item%22%2C%22parameters%22%3A%5B1%5D%7D/text): {}
Dec 22, 2021 2:34:38 AM net.sourceforge.marathon.javaagent.server.JavaServer serve
INFO: GET(/session/6ddaf770-f572-43fa-afeb-f9816ebea425/element/951f9935-a137-4006-9a70-5ce374301f97%23%7B%22selector%22%3A%22nth-item%22%2C%22parameters%22%3A%5B1%5D%7D/text) = {data={"name":"getElementText","sessionId":"6ddaf770-f572-43fa-afeb-f9816ebea425","value":"Item","status":0}, status=OK}
Dec 22, 2021 2:34:38 AM net.sourceforge.marathon.javaagent.server.JavaServer serve
INFO: JavaServer.serve(GET /session/6ddaf770-f572-43fa-afeb-f9816ebea425/element/951f9935-a137-4006-9a70-5ce374301f97%23%7B%22selector%22%3A%22nth-item%22%2C%22parameters%22%3A%5B2%5D%7D/text): {}
Dec 22, 2021 2:34:38 AM net.sourceforge.marathon.javaagent.server.JavaServer serve
INFO: GET(/session/6ddaf770-f572-43fa-afeb-f9816ebea425/element/951f9935-a137-4006-9a70-5ce374301f97%23%7B%22selector%22%3A%22nth-item%22%2C%22parameters%22%3A%5B2%5D%7D/text) = {data={"name":"getElementText","sessionId":"6ddaf770-f572-43fa-afeb-f9816ebea425","value":"Last Price","status":0}, status=OK}
Dec 22, 2021 2:34:38 AM net.sourceforge.marathon.javaagent.server.JavaServer serve
INFO: JavaServer.serve(GET /session/6ddaf770-f572-43fa-afeb-f9816ebea425/element/951f9935-a137-4006-9a70-5ce374301f97%23%7B%22selector%22%3A%22nth-item%22%2C%22parameters%22%3A%5B3%5D%7D/text): {}
Dec 22, 2021 2:34:38 AM net.sourceforge.marathon.javaagent.server.JavaServer serve
INFO: GET(/session/6ddaf770-f572-43fa-afeb-f9816ebea425/element/951f9935-a137-4006-9a70-5ce374301f97%23%7B%22selector%22%3A%22nth-item%22%2C%22parameters%22%3A%5B3%5D%7D/text) = {data={"name":"getElementText","sessionId":"6ddaf770-f572-43fa-afeb-f9816ebea425","value":"Last Bid","status":0}, status=OK}
Dec 22, 2021 2:34:38 AM net.sourceforge.marathon.javaagent.server.JavaServer serve
INFO: JavaServer.serve(GET /session/6ddaf770-f572-43fa-afeb-f9816ebea425/element/951f9935-a137-4006-9a70-5ce374301f97%23%7B%22selector%22%3A%22nth-item%22%2C%22parameters%22%3A%5B4%5D%7D/text): {}
Dec 22, 2021 2:34:38 AM net.sourceforge.marathon.javaagent.server.JavaServer serve
INFO: GET(/session/6ddaf770-f572-43fa-afeb-f9816ebea425/element/951f9935-a137-4006-9a70-5ce374301f97%23%7B%22selector%22%3A%22nth-item%22%2C%22parameters%22%3A%5B4%5D%7D/text) = {data={"name":"getElementText","sessionId":"6ddaf770-f572-43fa-afeb-f9816ebea425","value":"State","status":0}, status=OK}
Dec 22, 2021 2:34:38 AM net.sourceforge.marathon.javaagent.server.JavaServer serve
INFO: JavaServer.serve(DELETE /session/6ddaf770-f572-43fa-afeb-f9816ebea425/window): {}
Dec 22, 2021 2:34:38 AM net.sourceforge.marathon.javaagent.server.JavaServer serve
INFO: DELETE(/session/6ddaf770-f572-43fa-afeb-f9816ebea425/window) = {data={"name":"closeSession","sessionId":"6ddaf770-f572-43fa-afeb-f9816ebea425","status":0}, status=OK}
Dec 22, 2021 2:34:38 AM net.sourceforge.marathon.javaagent.server.JavaServer serve
INFO: JavaServer.serve(POST /session): {
  "desiredCapabilities": {
    "browserName": "java",
    "platform": "ANY"
  },
  "capabilities": {
    "firstMatch": [
      {
        "browserName": "java"
      }
    ]
  }
}
Dec 22, 2021 2:34:38 AM net.sourceforge.marathon.javaagent.server.JavaServer createSession
INFO: Creating device with type: EVENT_QUEUE
Dec 22, 2021 2:34:38 AM net.sourceforge.marathon.javaagent.Device getDevice
INFO: Creating a EVENT_QUEUE device
Dec 22, 2021 2:34:38 AM net.sourceforge.marathon.javaagent.server.JavaServer serve
INFO: POST(/session, {"desiredCapabilities":{"browserName":"java","platform":"ANY"},"capabilities":{"firstMatch":[{"browserName":"java"}]}}) = {data=, status=REDIRECT}
Dec 22, 2021 2:34:38 AM net.sourceforge.marathon.javaagent.server.JavaServer serve
INFO: JavaServer.serve(GET /session/f728e494-2fc4-4a5e-a013-f1401a91bcce): {}
Dec 22, 2021 2:34:38 AM net.sourceforge.marathon.javaagent.server.JavaServer serve
INFO: GET(/session/f728e494-2fc4-4a5e-a013-f1401a91bcce) = {data={"name":"getCapabilities","sessionId":"f728e494-2fc4-4a5e-a013-f1401a91bcce","value":{"applicationCacheEnabled":false,"rotatable":false,"loggingPrefs":{"driver":"ALL"},"handlesAlerts":false,"databaseEnabled":false,"version":"1.0","platform":"ANY","browserConnectionEnabled":false,"nativeEvents":false,"acceptSslCerts":false,"locationContextEnabled":false,"webStorageEnabled":false,"browserName":"java","takesScreenshot":true,"javascriptEnabled":true,"cssSelectorsEnabled":false},"status":0}, status=OK}
Dec 22, 2021 2:34:38 AM org.openqa.selenium.remote.ProtocolHandshake createSession
INFO: Detected dialect: OSS
Dec 22, 2021 2:34:38 AM net.sourceforge.marathon.javaagent.server.JavaServer serve
INFO: JavaServer.serve(POST /session/f728e494-2fc4-4a5e-a013-f1401a91bcce/element): {
  "using": "name",
  "value": "new item id field"
}
Dec 22, 2021 2:34:38 AM net.sourceforge.marathon.javaagent.server.JavaServer serve
INFO: POST(/session/f728e494-2fc4-4a5e-a013-f1401a91bcce/element, {"using":"name","value":"new item id field"}) = {data={"name":"findElement","sessionId":"f728e494-2fc4-4a5e-a013-f1401a91bcce","value":{"ELEMENT":"3ea2b6e5-8f64-402f-b046-aa8b9c4c3a33"},"status":0}, status=OK}
Dec 22, 2021 2:34:38 AM net.sourceforge.marathon.javaagent.server.JavaServer serve
INFO: JavaServer.serve(POST /session/f728e494-2fc4-4a5e-a013-f1401a91bcce/element/3ea2b6e5-8f64-402f-b046-aa8b9c4c3a33/clear): {
  "id": "3ea2b6e5-8f64-402f-b046-aa8b9c4c3a33"
}
Dec 22, 2021 2:34:38 AM net.sourceforge.marathon.javaagent.server.JavaServer serve
INFO: POST(/session/f728e494-2fc4-4a5e-a013-f1401a91bcce/element/3ea2b6e5-8f64-402f-b046-aa8b9c4c3a33/clear, {"id":"3ea2b6e5-8f64-402f-b046-aa8b9c4c3a33"}) = {data={"name":"clearElement","sessionId":"f728e494-2fc4-4a5e-a013-f1401a91bcce","status":0}, status=OK}
Dec 22, 2021 2:34:38 AM net.sourceforge.marathon.javaagent.server.JavaServer serve
INFO: JavaServer.serve(POST /session/f728e494-2fc4-4a5e-a013-f1401a91bcce/element/3ea2b6e5-8f64-402f-b046-aa8b9c4c3a33/value): {
  "id": "3ea2b6e5-8f64-402f-b046-aa8b9c4c3a33",
  "value": [
    "an item-id"
  ]
}
Dec 22, 2021 2:34:38 AM net.sourceforge.marathon.javaagent.EventQueueDevice dispatchEvent
INFO: java.awt.event.KeyEvent[KEY_PRESSED,keyCode=65,keyText=A,keyChar='a',keyLocation=KEY_LOCATION_UNKNOWN,rawCode=0,primaryLevelUnicode=0,scancode=0,extendedKeyCode=0x0] on new item id field
Dec 22, 2021 2:34:38 AM net.sourceforge.marathon.javaagent.EventQueueDevice dispatchEvent
INFO: java.awt.event.KeyEvent[KEY_TYPED,keyCode=0,keyText=Unknown keyCode: 0x0,keyChar='a',keyLocation=KEY_LOCATION_UNKNOWN,rawCode=0,primaryLevelUnicode=0,scancode=0,extendedKeyCode=0x0] on new item id field
Dec 22, 2021 2:34:38 AM net.sourceforge.marathon.javaagent.EventQueueDevice dispatchEvent
INFO: java.awt.event.KeyEvent[KEY_RELEASED,keyCode=65,keyText=A,keyChar='a',keyLocation=KEY_LOCATION_UNKNOWN,rawCode=0,primaryLevelUnicode=0,scancode=0,extendedKeyCode=0x0] on new item id field
Dec 22, 2021 2:34:38 AM net.sourceforge.marathon.javaagent.EventQueueDevice dispatchEvent
INFO: java.awt.event.KeyEvent[KEY_PRESSED,keyCode=78,keyText=N,keyChar='n',keyLocation=KEY_LOCATION_UNKNOWN,rawCode=0,primaryLevelUnicode=0,scancode=0,extendedKeyCode=0x0] on new item id field
Dec 22, 2021 2:34:38 AM net.sourceforge.marathon.javaagent.EventQueueDevice dispatchEvent
INFO: java.awt.event.KeyEvent[KEY_TYPED,keyCode=0,keyText=Unknown keyCode: 0x0,keyChar='n',keyLocation=KEY_LOCATION_UNKNOWN,rawCode=0,primaryLevelUnicode=0,scancode=0,extendedKeyCode=0x0] on new item id field
Dec 22, 2021 2:34:38 AM net.sourceforge.marathon.javaagent.EventQueueDevice dispatchEvent
INFO: java.awt.event.KeyEvent[KEY_RELEASED,keyCode=78,keyText=N,keyChar='n',keyLocation=KEY_LOCATION_UNKNOWN,rawCode=0,primaryLevelUnicode=0,scancode=0,extendedKeyCode=0x0] on new item id field
Dec 22, 2021 2:34:38 AM net.sourceforge.marathon.javaagent.EventQueueDevice dispatchEvent
INFO: java.awt.event.KeyEvent[KEY_PRESSED,keyCode=16,keyText=Shift,keyChar=Undefined keyChar,modifiers=Shift,extModifiers=Shift,keyLocation=KEY_LOCATION_UNKNOWN,rawCode=0,primaryLevelUnicode=0,scancode=0,extendedKeyCode=0x0] on new item id field
Dec 22, 2021 2:34:38 AM net.sourceforge.marathon.javaagent.EventQueueDevice dispatchEvent
INFO: java.awt.event.KeyEvent[KEY_PRESSED,keyCode=32,keyText=Space,keyChar=' ',modifiers=Shift,extModifiers=Shift,keyLocation=KEY_LOCATION_UNKNOWN,rawCode=0,primaryLevelUnicode=0,scancode=0,extendedKeyCode=0x0] on new item id field
Dec 22, 2021 2:34:38 AM net.sourceforge.marathon.javaagent.EventQueueDevice dispatchEvent
INFO: java.awt.event.KeyEvent[KEY_TYPED,keyCode=0,keyText=Unknown keyCode: 0x0,keyChar=' ',modifiers=Shift,extModifiers=Shift,keyLocation=KEY_LOCATION_UNKNOWN,rawCode=0,primaryLevelUnicode=0,scancode=0,extendedKeyCode=0x0] on new item id field
Dec 22, 2021 2:34:38 AM net.sourceforge.marathon.javaagent.EventQueueDevice dispatchEvent
INFO: java.awt.event.KeyEvent[KEY_RELEASED,keyCode=32,keyText=Space,keyChar=' ',modifiers=Shift,extModifiers=Shift,keyLocation=KEY_LOCATION_UNKNOWN,rawCode=0,primaryLevelUnicode=0,scancode=0,extendedKeyCode=0x0] on new item id field
Dec 22, 2021 2:34:38 AM net.sourceforge.marathon.javaagent.EventQueueDevice dispatchEvent
INFO: java.awt.event.KeyEvent[KEY_RELEASED,keyCode=16,keyText=Shift,keyChar=Undefined keyChar,keyLocation=KEY_LOCATION_UNKNOWN,rawCode=0,primaryLevelUnicode=0,scancode=0,extendedKeyCode=0x0] on new item id field
Dec 22, 2021 2:34:38 AM net.sourceforge.marathon.javaagent.EventQueueDevice dispatchEvent
INFO: java.awt.event.KeyEvent[KEY_PRESSED,keyCode=73,keyText=I,keyChar='i',keyLocation=KEY_LOCATION_UNKNOWN,rawCode=0,primaryLevelUnicode=0,scancode=0,extendedKeyCode=0x0] on new item id field
Dec 22, 2021 2:34:38 AM net.sourceforge.marathon.javaagent.EventQueueDevice dispatchEvent
INFO: java.awt.event.KeyEvent[KEY_TYPED,keyCode=0,keyText=Unknown keyCode: 0x0,keyChar='i',keyLocation=KEY_LOCATION_UNKNOWN,rawCode=0,primaryLevelUnicode=0,scancode=0,extendedKeyCode=0x0] on new item id field
Dec 22, 2021 2:34:38 AM net.sourceforge.marathon.javaagent.EventQueueDevice dispatchEvent
INFO: java.awt.event.KeyEvent[KEY_RELEASED,keyCode=73,keyText=I,keyChar='i',keyLocation=KEY_LOCATION_UNKNOWN,rawCode=0,primaryLevelUnicode=0,scancode=0,extendedKeyCode=0x0] on new item id field
Dec 22, 2021 2:34:38 AM net.sourceforge.marathon.javaagent.EventQueueDevice dispatchEvent
INFO: java.awt.event.KeyEvent[KEY_PRESSED,keyCode=84,keyText=T,keyChar='t',keyLocation=KEY_LOCATION_UNKNOWN,rawCode=0,primaryLevelUnicode=0,scancode=0,extendedKeyCode=0x0] on new item id field
Dec 22, 2021 2:34:38 AM net.sourceforge.marathon.javaagent.EventQueueDevice dispatchEvent
INFO: java.awt.event.KeyEvent[KEY_TYPED,keyCode=0,keyText=Unknown keyCode: 0x0,keyChar='t',keyLocation=KEY_LOCATION_UNKNOWN,rawCode=0,primaryLevelUnicode=0,scancode=0,extendedKeyCode=0x0] on new item id field
Dec 22, 2021 2:34:38 AM net.sourceforge.marathon.javaagent.EventQueueDevice dispatchEvent
INFO: java.awt.event.KeyEvent[KEY_RELEASED,keyCode=84,keyText=T,keyChar='t',keyLocation=KEY_LOCATION_UNKNOWN,rawCode=0,primaryLevelUnicode=0,scancode=0,extendedKeyCode=0x0] on new item id field
Dec 22, 2021 2:34:38 AM net.sourceforge.marathon.javaagent.EventQueueDevice dispatchEvent
INFO: java.awt.event.KeyEvent[KEY_PRESSED,keyCode=69,keyText=E,keyChar='e',keyLocation=KEY_LOCATION_UNKNOWN,rawCode=0,primaryLevelUnicode=0,scancode=0,extendedKeyCode=0x0] on new item id field
Dec 22, 2021 2:34:38 AM net.sourceforge.marathon.javaagent.EventQueueDevice dispatchEvent
INFO: java.awt.event.KeyEvent[KEY_TYPED,keyCode=0,keyText=Unknown keyCode: 0x0,keyChar='e',keyLocation=KEY_LOCATION_UNKNOWN,rawCode=0,primaryLevelUnicode=0,scancode=0,extendedKeyCode=0x0] on new item id field
Dec 22, 2021 2:34:38 AM net.sourceforge.marathon.javaagent.EventQueueDevice dispatchEvent
INFO: java.awt.event.KeyEvent[KEY_RELEASED,keyCode=69,keyText=E,keyChar='e',keyLocation=KEY_LOCATION_UNKNOWN,rawCode=0,primaryLevelUnicode=0,scancode=0,extendedKeyCode=0x0] on new item id field
Dec 22, 2021 2:34:38 AM net.sourceforge.marathon.javaagent.EventQueueDevice dispatchEvent
INFO: java.awt.event.KeyEvent[KEY_PRESSED,keyCode=77,keyText=M,keyChar='m',keyLocation=KEY_LOCATION_UNKNOWN,rawCode=0,primaryLevelUnicode=0,scancode=0,extendedKeyCode=0x0] on new item id field
Dec 22, 2021 2:34:38 AM net.sourceforge.marathon.javaagent.EventQueueDevice dispatchEvent
INFO: java.awt.event.KeyEvent[KEY_TYPED,keyCode=0,keyText=Unknown keyCode: 0x0,keyChar='m',keyLocation=KEY_LOCATION_UNKNOWN,rawCode=0,primaryLevelUnicode=0,scancode=0,extendedKeyCode=0x0] on new item id field
Dec 22, 2021 2:34:38 AM net.sourceforge.marathon.javaagent.EventQueueDevice dispatchEvent
INFO: java.awt.event.KeyEvent[KEY_RELEASED,keyCode=77,keyText=M,keyChar='m',keyLocation=KEY_LOCATION_UNKNOWN,rawCode=0,primaryLevelUnicode=0,scancode=0,extendedKeyCode=0x0] on new item id field
Dec 22, 2021 2:34:38 AM net.sourceforge.marathon.javaagent.EventQueueDevice dispatchEvent
INFO: java.awt.event.KeyEvent[KEY_PRESSED,keyCode=45,keyText=Minus,keyChar='-',keyLocation=KEY_LOCATION_UNKNOWN,rawCode=0,primaryLevelUnicode=0,scancode=0,extendedKeyCode=0x0] on new item id field
Dec 22, 2021 2:34:38 AM net.sourceforge.marathon.javaagent.EventQueueDevice dispatchEvent
INFO: java.awt.event.KeyEvent[KEY_TYPED,keyCode=0,keyText=Unknown keyCode: 0x0,keyChar='-',keyLocation=KEY_LOCATION_UNKNOWN,rawCode=0,primaryLevelUnicode=0,scancode=0,extendedKeyCode=0x0] on new item id field
Dec 22, 2021 2:34:38 AM net.sourceforge.marathon.javaagent.EventQueueDevice dispatchEvent
INFO: java.awt.event.KeyEvent[KEY_RELEASED,keyCode=45,keyText=Minus,keyChar='-',keyLocation=KEY_LOCATION_UNKNOWN,rawCode=0,primaryLevelUnicode=0,scancode=0,extendedKeyCode=0x0] on new item id field
Dec 22, 2021 2:34:38 AM net.sourceforge.marathon.javaagent.EventQueueDevice dispatchEvent
INFO: java.awt.event.KeyEvent[KEY_PRESSED,keyCode=73,keyText=I,keyChar='i',keyLocation=KEY_LOCATION_UNKNOWN,rawCode=0,primaryLevelUnicode=0,scancode=0,extendedKeyCode=0x0] on new item id field
Dec 22, 2021 2:34:38 AM net.sourceforge.marathon.javaagent.EventQueueDevice dispatchEvent
INFO: java.awt.event.KeyEvent[KEY_TYPED,keyCode=0,keyText=Unknown keyCode: 0x0,keyChar='i',keyLocation=KEY_LOCATION_UNKNOWN,rawCode=0,primaryLevelUnicode=0,scancode=0,extendedKeyCode=0x0] on new item id field
Dec 22, 2021 2:34:38 AM net.sourceforge.marathon.javaagent.EventQueueDevice dispatchEvent
INFO: java.awt.event.KeyEvent[KEY_RELEASED,keyCode=73,keyText=I,keyChar='i',keyLocation=KEY_LOCATION_UNKNOWN,rawCode=0,primaryLevelUnicode=0,scancode=0,extendedKeyCode=0x0] on new item id field
Dec 22, 2021 2:34:38 AM net.sourceforge.marathon.javaagent.EventQueueDevice dispatchEvent
INFO: java.awt.event.KeyEvent[KEY_PRESSED,keyCode=68,keyText=D,keyChar='d',keyLocation=KEY_LOCATION_UNKNOWN,rawCode=0,primaryLevelUnicode=0,scancode=0,extendedKeyCode=0x0] on new item id field
Dec 22, 2021 2:34:38 AM net.sourceforge.marathon.javaagent.EventQueueDevice dispatchEvent
INFO: java.awt.event.KeyEvent[KEY_TYPED,keyCode=0,keyText=Unknown keyCode: 0x0,keyChar='d',keyLocation=KEY_LOCATION_UNKNOWN,rawCode=0,primaryLevelUnicode=0,scancode=0,extendedKeyCode=0x0] on new item id field
Dec 22, 2021 2:34:38 AM net.sourceforge.marathon.javaagent.EventQueueDevice dispatchEvent
INFO: java.awt.event.KeyEvent[KEY_RELEASED,keyCode=68,keyText=D,keyChar='d',keyLocation=KEY_LOCATION_UNKNOWN,rawCode=0,primaryLevelUnicode=0,scancode=0,extendedKeyCode=0x0] on new item id field
Dec 22, 2021 2:34:38 AM net.sourceforge.marathon.javaagent.server.JavaServer serve
INFO: POST(/session/f728e494-2fc4-4a5e-a013-f1401a91bcce/element/3ea2b6e5-8f64-402f-b046-aa8b9c4c3a33/value, {"id":"3ea2b6e5-8f64-402f-b046-aa8b9c4c3a33","value":["an item-id"]}) = {data={"name":"sendKeysElement","sessionId":"f728e494-2fc4-4a5e-a013-f1401a91bcce","status":0}, status=OK}
Dec 22, 2021 2:34:38 AM net.sourceforge.marathon.javaagent.server.JavaServer serve
INFO: JavaServer.serve(POST /session/f728e494-2fc4-4a5e-a013-f1401a91bcce/element): {
  "using": "name",
  "value": "new item stop price field"
}
Dec 22, 2021 2:34:38 AM net.sourceforge.marathon.javaagent.server.JavaServer serve
INFO: POST(/session/f728e494-2fc4-4a5e-a013-f1401a91bcce/element, {"using":"name","value":"new item stop price field"}) = {data={"name":"findElement","sessionId":"f728e494-2fc4-4a5e-a013-f1401a91bcce","value":{"ELEMENT":"c867015b-8f5f-4551-91b0-5227703402c4"},"status":0}, status=OK}
Dec 22, 2021 2:34:38 AM net.sourceforge.marathon.javaagent.server.JavaServer serve
INFO: JavaServer.serve(POST /session/f728e494-2fc4-4a5e-a013-f1401a91bcce/element/c867015b-8f5f-4551-91b0-5227703402c4/clear): {
  "id": "c867015b-8f5f-4551-91b0-5227703402c4"
}
Dec 22, 2021 2:34:38 AM net.sourceforge.marathon.javaagent.server.JavaServer serve
INFO: POST(/session/f728e494-2fc4-4a5e-a013-f1401a91bcce/element/c867015b-8f5f-4551-91b0-5227703402c4/clear, {"id":"c867015b-8f5f-4551-91b0-5227703402c4"}) = {data={"name":"clearElement","sessionId":"f728e494-2fc4-4a5e-a013-f1401a91bcce","status":0}, status=OK}
Dec 22, 2021 2:34:38 AM net.sourceforge.marathon.javaagent.server.JavaServer serve
INFO: JavaServer.serve(POST /session/f728e494-2fc4-4a5e-a013-f1401a91bcce/element/c867015b-8f5f-4551-91b0-5227703402c4/value): {
  "id": "c867015b-8f5f-4551-91b0-5227703402c4",
  "value": [
    "11000"
  ]
}
Dec 22, 2021 2:34:38 AM net.sourceforge.marathon.javaagent.EventQueueDevice dispatchEvent
INFO: java.awt.event.KeyEvent[KEY_PRESSED,keyCode=49,keyText=1,keyChar='1',keyLocation=KEY_LOCATION_UNKNOWN,rawCode=0,primaryLevelUnicode=0,scancode=0,extendedKeyCode=0x0] on new item stop price field
Dec 22, 2021 2:34:38 AM net.sourceforge.marathon.javaagent.EventQueueDevice dispatchEvent
INFO: java.awt.event.KeyEvent[KEY_TYPED,keyCode=0,keyText=Unknown keyCode: 0x0,keyChar='1',keyLocation=KEY_LOCATION_UNKNOWN,rawCode=0,primaryLevelUnicode=0,scancode=0,extendedKeyCode=0x0] on new item stop price field
Dec 22, 2021 2:34:38 AM net.sourceforge.marathon.javaagent.EventQueueDevice dispatchEvent
INFO: java.awt.event.KeyEvent[KEY_RELEASED,keyCode=49,keyText=1,keyChar='1',keyLocation=KEY_LOCATION_UNKNOWN,rawCode=0,primaryLevelUnicode=0,scancode=0,extendedKeyCode=0x0] on new item stop price field
Dec 22, 2021 2:34:39 AM net.sourceforge.marathon.javaagent.EventQueueDevice dispatchEvent
INFO: java.awt.event.KeyEvent[KEY_PRESSED,keyCode=49,keyText=1,keyChar='1',keyLocation=KEY_LOCATION_UNKNOWN,rawCode=0,primaryLevelUnicode=0,scancode=0,extendedKeyCode=0x0] on new item stop price field
Dec 22, 2021 2:34:39 AM net.sourceforge.marathon.javaagent.EventQueueDevice dispatchEvent
INFO: java.awt.event.KeyEvent[KEY_TYPED,keyCode=0,keyText=Unknown keyCode: 0x0,keyChar='1',keyLocation=KEY_LOCATION_UNKNOWN,rawCode=0,primaryLevelUnicode=0,scancode=0,extendedKeyCode=0x0] on new item stop price field
Dec 22, 2021 2:34:39 AM net.sourceforge.marathon.javaagent.EventQueueDevice dispatchEvent
INFO: java.awt.event.KeyEvent[KEY_RELEASED,keyCode=49,keyText=1,keyChar='1',keyLocation=KEY_LOCATION_UNKNOWN,rawCode=0,primaryLevelUnicode=0,scancode=0,extendedKeyCode=0x0] on new item stop price field
Dec 22, 2021 2:34:39 AM net.sourceforge.marathon.javaagent.EventQueueDevice dispatchEvent
INFO: java.awt.event.KeyEvent[KEY_PRESSED,keyCode=48,keyText=0,keyChar='0',keyLocation=KEY_LOCATION_UNKNOWN,rawCode=0,primaryLevelUnicode=0,scancode=0,extendedKeyCode=0x0] on new item stop price field
Dec 22, 2021 2:34:39 AM net.sourceforge.marathon.javaagent.EventQueueDevice dispatchEvent
INFO: java.awt.event.KeyEvent[KEY_TYPED,keyCode=0,keyText=Unknown keyCode: 0x0,keyChar='0',keyLocation=KEY_LOCATION_UNKNOWN,rawCode=0,primaryLevelUnicode=0,scancode=0,extendedKeyCode=0x0] on new item stop price field
Dec 22, 2021 2:34:39 AM net.sourceforge.marathon.javaagent.EventQueueDevice dispatchEvent
INFO: java.awt.event.KeyEvent[KEY_RELEASED,keyCode=48,keyText=0,keyChar='0',keyLocation=KEY_LOCATION_UNKNOWN,rawCode=0,primaryLevelUnicode=0,scancode=0,extendedKeyCode=0x0] on new item stop price field
Dec 22, 2021 2:34:39 AM net.sourceforge.marathon.javaagent.EventQueueDevice dispatchEvent
INFO: java.awt.event.KeyEvent[KEY_PRESSED,keyCode=48,keyText=0,keyChar='0',keyLocation=KEY_LOCATION_UNKNOWN,rawCode=0,primaryLevelUnicode=0,scancode=0,extendedKeyCode=0x0] on new item stop price field
Dec 22, 2021 2:34:39 AM net.sourceforge.marathon.javaagent.EventQueueDevice dispatchEvent
INFO: java.awt.event.KeyEvent[KEY_TYPED,keyCode=0,keyText=Unknown keyCode: 0x0,keyChar='0',keyLocation=KEY_LOCATION_UNKNOWN,rawCode=0,primaryLevelUnicode=0,scancode=0,extendedKeyCode=0x0] on new item stop price field
Dec 22, 2021 2:34:39 AM net.sourceforge.marathon.javaagent.EventQueueDevice dispatchEvent
INFO: java.awt.event.KeyEvent[KEY_RELEASED,keyCode=48,keyText=0,keyChar='0',keyLocation=KEY_LOCATION_UNKNOWN,rawCode=0,primaryLevelUnicode=0,scancode=0,extendedKeyCode=0x0] on new item stop price field
Dec 22, 2021 2:34:39 AM net.sourceforge.marathon.javaagent.EventQueueDevice dispatchEvent
INFO: java.awt.event.KeyEvent[KEY_PRESSED,keyCode=48,keyText=0,keyChar='0',keyLocation=KEY_LOCATION_UNKNOWN,rawCode=0,primaryLevelUnicode=0,scancode=0,extendedKeyCode=0x0] on new item stop price field
Dec 22, 2021 2:34:39 AM net.sourceforge.marathon.javaagent.EventQueueDevice dispatchEvent
INFO: java.awt.event.KeyEvent[KEY_TYPED,keyCode=0,keyText=Unknown keyCode: 0x0,keyChar='0',keyLocation=KEY_LOCATION_UNKNOWN,rawCode=0,primaryLevelUnicode=0,scancode=0,extendedKeyCode=0x0] on new item stop price field
Dec 22, 2021 2:34:39 AM net.sourceforge.marathon.javaagent.EventQueueDevice dispatchEvent
INFO: java.awt.event.KeyEvent[KEY_RELEASED,keyCode=48,keyText=0,keyChar='0',keyLocation=KEY_LOCATION_UNKNOWN,rawCode=0,primaryLevelUnicode=0,scancode=0,extendedKeyCode=0x0] on new item stop price field
Dec 22, 2021 2:34:39 AM net.sourceforge.marathon.javaagent.server.JavaServer serve
INFO: POST(/session/f728e494-2fc4-4a5e-a013-f1401a91bcce/element/c867015b-8f5f-4551-91b0-5227703402c4/value, {"id":"c867015b-8f5f-4551-91b0-5227703402c4","value":["11000"]}) = {data={"name":"sendKeysElement","sessionId":"f728e494-2fc4-4a5e-a013-f1401a91bcce","status":0}, status=OK}
Dec 22, 2021 2:34:39 AM net.sourceforge.marathon.javaagent.server.JavaServer serve
INFO: JavaServer.serve(POST /session/f728e494-2fc4-4a5e-a013-f1401a91bcce/element): {
  "using": "name",
  "value": "join button"
}
Dec 22, 2021 2:34:39 AM net.sourceforge.marathon.javaagent.server.JavaServer serve
INFO: POST(/session/f728e494-2fc4-4a5e-a013-f1401a91bcce/element, {"using":"name","value":"join button"}) = {data={"name":"findElement","sessionId":"f728e494-2fc4-4a5e-a013-f1401a91bcce","value":{"ELEMENT":"750d46fe-fcbc-4933-99f4-3eb40d5329cf"},"status":0}, status=OK}
Dec 22, 2021 2:34:39 AM net.sourceforge.marathon.javaagent.server.JavaServer serve
INFO: JavaServer.serve(POST /session/f728e494-2fc4-4a5e-a013-f1401a91bcce/element/750d46fe-fcbc-4933-99f4-3eb40d5329cf/click): {
  "id": "750d46fe-fcbc-4933-99f4-3eb40d5329cf"
}
Dec 22, 2021 2:34:39 AM net.sourceforge.marathon.javaagent.EventQueueDevice dispatchEvent
INFO: java.awt.event.MouseEvent[MOUSE_PRESSED,(58,12),absolute(589,17),button=1,modifiers=Button1,extModifiers=Button1,clickCount=1] on join button
Dec 22, 2021 2:34:39 AM net.sourceforge.marathon.javaagent.EventQueueDevice dispatchEvent
INFO: java.awt.event.MouseEvent[MOUSE_RELEASED,(58,12),absolute(589,17),button=1,modifiers=Button1,clickCount=1] on join button
Dec 22, 2021 2:34:39 AM net.sourceforge.marathon.javaagent.EventQueueDevice dispatchEvent
INFO: java.awt.event.MouseEvent[MOUSE_CLICKED,(58,12),absolute(589,17),button=1,modifiers=Button1,clickCount=1] on join button
Dec 22, 2021 2:34:39 AM net.sourceforge.marathon.javaagent.server.JavaServer serve
INFO: POST(/session/f728e494-2fc4-4a5e-a013-f1401a91bcce/element/750d46fe-fcbc-4933-99f4-3eb40d5329cf/click, {"id":"750d46fe-fcbc-4933-99f4-3eb40d5329cf"}) = {data={"name":"clickElement","sessionId":"f728e494-2fc4-4a5e-a013-f1401a91bcce","status":0}, status=OK}
Dec 22, 2021 2:34:39 AM net.sourceforge.marathon.javaagent.server.JavaServer serve
INFO: JavaServer.serve(DELETE /session/f728e494-2fc4-4a5e-a013-f1401a91bcce/window): {}
Dec 22, 2021 2:34:39 AM net.sourceforge.marathon.javaagent.server.JavaServer serve
INFO: DELETE(/session/f728e494-2fc4-4a5e-a013-f1401a91bcce/window) = {data={"name":"closeSession","sessionId":"f728e494-2fc4-4a5e-a013-f1401a91bcce","status":0}, status=OK}
Dec 22, 2021 2:34:39 AM net.sourceforge.marathon.javaagent.server.JavaServer serve
INFO: JavaServer.serve(POST /session): {
  "desiredCapabilities": {
    "browserName": "java",
    "platform": "ANY"
  },
  "capabilities": {
    "firstMatch": [
      {
        "browserName": "java"
      }
    ]
  }
}
Dec 22, 2021 2:34:39 AM net.sourceforge.marathon.javaagent.server.JavaServer createSession
INFO: Creating device with type: EVENT_QUEUE
Dec 22, 2021 2:34:39 AM net.sourceforge.marathon.javaagent.Device getDevice
INFO: Creating a EVENT_QUEUE device
Dec 22, 2021 2:34:39 AM net.sourceforge.marathon.javaagent.server.JavaServer serve
INFO: POST(/session, {"desiredCapabilities":{"browserName":"java","platform":"ANY"},"capabilities":{"firstMatch":[{"browserName":"java"}]}}) = {data=, status=REDIRECT}
Dec 22, 2021 2:34:39 AM net.sourceforge.marathon.javaagent.server.JavaServer serve
INFO: JavaServer.serve(GET /session/ba7affd7-f329-41a6-b61b-7e101cab7d1f): {}
Dec 22, 2021 2:34:39 AM net.sourceforge.marathon.javaagent.server.JavaServer serve
INFO: GET(/session/ba7affd7-f329-41a6-b61b-7e101cab7d1f) = {data={"name":"getCapabilities","sessionId":"ba7affd7-f329-41a6-b61b-7e101cab7d1f","value":{"applicationCacheEnabled":false,"rotatable":false,"loggingPrefs":{"driver":"ALL"},"handlesAlerts":false,"databaseEnabled":false,"version":"1.0","platform":"ANY","browserConnectionEnabled":false,"nativeEvents":false,"acceptSslCerts":false,"locationContextEnabled":false,"webStorageEnabled":false,"browserName":"java","takesScreenshot":true,"javascriptEnabled":true,"cssSelectorsEnabled":false},"status":0}, status=OK}
Dec 22, 2021 2:34:39 AM org.openqa.selenium.remote.ProtocolHandshake createSession
INFO: Detected dialect: OSS
Dec 22, 2021 2:34:39 AM net.sourceforge.marathon.javaagent.server.JavaServer serve
INFO: JavaServer.serve(POST /session/ba7affd7-f329-41a6-b61b-7e101cab7d1f/element): {
  "using": "name",
  "value": "sniper reset button"
}
Dec 22, 2021 2:34:39 AM net.sourceforge.marathon.javaagent.server.JavaServer serve
INFO: POST(/session/ba7affd7-f329-41a6-b61b-7e101cab7d1f/element, {"using":"name","value":"sniper reset button"}) = {data={"name":"findElement","sessionId":"ba7affd7-f329-41a6-b61b-7e101cab7d1f","value":{"ELEMENT":"6ecc801b-5019-4ac5-a59e-0f5901293afa"},"status":0}, status=OK}
Dec 22, 2021 2:34:39 AM net.sourceforge.marathon.javaagent.server.JavaServer serve
INFO: JavaServer.serve(POST /session/ba7affd7-f329-41a6-b61b-7e101cab7d1f/element/6ecc801b-5019-4ac5-a59e-0f5901293afa/click): {
  "id": "6ecc801b-5019-4ac5-a59e-0f5901293afa"
}
Dec 22, 2021 2:34:39 AM net.sourceforge.marathon.javaagent.EventQueueDevice dispatchEvent
INFO: java.awt.event.MouseEvent[MOUSE_PRESSED,(37,12),absolute(326,474),button=1,modifiers=Button1,extModifiers=Button1,clickCount=1] on sniper reset button
Dec 22, 2021 2:34:39 AM net.sourceforge.marathon.javaagent.EventQueueDevice dispatchEvent
INFO: java.awt.event.MouseEvent[MOUSE_RELEASED,(37,12),absolute(326,474),button=1,modifiers=Button1,clickCount=1] on sniper reset button
Dec 22, 2021 2:34:39 AM net.sourceforge.marathon.javaagent.EventQueueDevice dispatchEvent
INFO: java.awt.event.MouseEvent[MOUSE_CLICKED,(37,12),absolute(326,474),button=1,modifiers=Button1,clickCount=1] on sniper reset button
Dec 22, 2021 2:34:40 AM net.sourceforge.marathon.javaagent.server.JavaServer serve
INFO: POST(/session/ba7affd7-f329-41a6-b61b-7e101cab7d1f/element/6ecc801b-5019-4ac5-a59e-0f5901293afa/click, {"id":"6ecc801b-5019-4ac5-a59e-0f5901293afa"}) = {data={"name":"clickElement","sessionId":"ba7affd7-f329-41a6-b61b-7e101cab7d1f","status":0}, status=OK}
Dec 22, 2021 2:34:40 AM net.sourceforge.marathon.javaagent.server.JavaServer serve
INFO: JavaServer.serve(DELETE /session/ba7affd7-f329-41a6-b61b-7e101cab7d1f/window): {}
Dec 22, 2021 2:34:40 AM net.sourceforge.marathon.javaagent.server.JavaServer serve
INFO: DELETE(/session/ba7affd7-f329-41a6-b61b-7e101cab7d1f/window) = {data={"name":"closeSession","sessionId":"ba7affd7-f329-41a6-b61b-7e101cab7d1f","status":0}, status=OK}
]]></system-err>
</testsuite>
