<?xml version="1.0" encoding="UTF-8"?>
<testsuite name="goos.auction.stub.StubAuctionTest" tests="2" skipped="0" failures="0" errors="0" timestamp="2021-10-14T02:25:42" hostname="buildkitsandbox" time="0.772">
  <properties/>
  <testcase name="receives events from auction server after joining" classname="goos.auction.stub.StubAuctionTest" time="0.7"/>
  <testcase name="stops receiving events from auction server after failure" classname="goos.auction.stub.StubAuctionTest" time="0.065"/>
  <system-out><![CDATA[]]></system-out>
  <system-err><![CDATA[]]></system-err>
</testsuite>
