<?xml version="1.0" encoding="UTF-8"?>
<testsuite name="goos.ui.swing.MainWindowTest" tests="3" skipped="0" failures="0" errors="0" timestamp="2021-11-27T02:27:55" hostname="buildkitsandbox" time="3.887">
  <properties/>
  <testcase name="window has expected features" classname="goos.ui.swing.MainWindowTest" time="3.012"/>
  <testcase name="make user request when join button clicked" classname="goos.ui.swing.MainWindowTest" time="0.721"/>
  <testcase name="make user request when reset button clicked" classname="goos.ui.swing.MainWindowTest" time="0.15"/>
  <system-out><![CDATA[]]></system-out>
  <system-err><![CDATA[Nov 27, 2021 2:27:55 AM io.mockk.impl.log.JULLogger warn
WARNING: Failed to transform class goos/ui/api/UserRequestListener
java.lang.IllegalArgumentException: Unsupported class file major version 59
	at net.bytebuddy.jar.asm.ClassReader.<init>(ClassReader.java:176)
	at net.bytebuddy.jar.asm.ClassReader.<init>(ClassReader.java:158)
	at net.bytebuddy.jar.asm.ClassReader.<init>(ClassReader.java:146)
	at net.bytebuddy.utility.OpenedClassReader.of(OpenedClassReader.java:69)
	at net.bytebuddy.dynamic.scaffold.TypeWriter$Default$ForInlining.create(TypeWriter.java:2877)
	at net.bytebuddy.dynamic.scaffold.TypeWriter$Default.make(TypeWriter.java:1653)
	at net.bytebuddy.dynamic.scaffold.inline.RedefinitionDynamicTypeBuilder.make(RedefinitionDynamicTypeBuilder.java:180)
	at net.bytebuddy.dynamic.scaffold.inline.AbstractInliningDynamicTypeBuilder.make(AbstractInliningDynamicTypeBuilder.java:94)
	at net.bytebuddy.dynamic.DynamicType$Builder$AbstractBase.make(DynamicType.java:2669)
	at io.mockk.proxy.jvm.transformation.InliningClassTransformer.transform(InliningClassTransformer.kt:78)
	at java.instrument/java.lang.instrument.ClassFileTransformer.transform(ClassFileTransformer.java:246)
	at java.instrument/sun.instrument.TransformerManager.transform(TransformerManager.java:188)
	at java.instrument/sun.instrument.InstrumentationImpl.transform(InstrumentationImpl.java:563)
	at java.instrument/sun.instrument.InstrumentationImpl.retransformClasses0(Native Method)
	at java.instrument/sun.instrument.InstrumentationImpl.retransformClasses(InstrumentationImpl.java:167)
	at io.mockk.proxy.jvm.transformation.JvmInlineInstrumentation.retransform(JvmInlineInstrumentation.kt:28)
	at io.mockk.proxy.common.transformation.RetransformInlineInstrumnetation$execute$1.invoke(RetransformInlineInstrumnetation.kt:19)
	at io.mockk.proxy.common.transformation.RetransformInlineInstrumnetation$execute$1.invoke(RetransformInlineInstrumnetation.kt:6)
	at io.mockk.proxy.common.transformation.ClassTransformationSpecMap.applyTransformation(ClassTransformationSpecMap.kt:41)
	at io.mockk.proxy.common.transformation.RetransformInlineInstrumnetation.execute(RetransformInlineInstrumnetation.kt:16)
	at io.mockk.proxy.jvm.ProxyMaker.inline(ProxyMaker.kt:88)
	at io.mockk.proxy.jvm.ProxyMaker.proxy(ProxyMaker.kt:30)
	at io.mockk.impl.instantiation.JvmMockFactory.newProxy(JvmMockFactory.kt:34)
	at io.mockk.impl.instantiation.AbstractMockFactory.newProxy$default(AbstractMockFactory.kt:29)
	at io.mockk.impl.instantiation.AbstractMockFactory.mockk(AbstractMockFactory.kt:59)
	at goos.ui.swing.MainWindowTest$1$1.invokeSuspend(MainWindowTest.kt:90)
	at goos.ui.swing.MainWindowTest$1$1.invoke(MainWindowTest.kt)
	at goos.ui.swing.MainWindowTest$1$1.invoke(MainWindowTest.kt)
	at io.kotest.core.TestConfiguration$beforeTest$1.beforeTest(TestConfiguration.kt:137)
	at io.kotest.core.spec.LifecycleKt.invokeAllBeforeTestCallbacks(lifecycle.kt:76)
	at io.kotest.core.internal.TestCaseExecutor.executeActiveTest(TestCaseExecutor.kt:152)
	at io.kotest.core.internal.TestCaseExecutor.access$executeActiveTest(TestCaseExecutor.kt:57)
	at io.kotest.core.internal.TestCaseExecutor$intercept$innerExecute$1$1.invokeSuspend(TestCaseExecutor.kt:89)
	at io.kotest.core.internal.TestCaseExecutor$intercept$innerExecute$1$1.invoke(TestCaseExecutor.kt)
	at io.kotest.core.internal.TestCaseExecutor$intercept$innerExecute$1$1.invoke(TestCaseExecutor.kt)
	at io.kotest.core.internal.TestCaseExecutor.executeIfEnabled(TestCaseExecutor.kt:117)
	at io.kotest.core.internal.TestCaseExecutor.access$executeIfEnabled(TestCaseExecutor.kt:57)
	at io.kotest.core.internal.TestCaseExecutor$intercept$innerExecute$1.invokeSuspend(TestCaseExecutor.kt:89)
	at io.kotest.core.internal.TestCaseExecutor$intercept$innerExecute$1.invoke(TestCaseExecutor.kt)
	at io.kotest.core.internal.TestCaseExecutor$intercept$innerExecute$1.invoke(TestCaseExecutor.kt)
	at io.kotest.core.internal.TestCaseExecutor.intercept(TestCaseExecutor.kt:103)
	at io.kotest.core.internal.TestCaseExecutor.execute(TestCaseExecutor.kt:69)
	at io.kotest.engine.spec.runners.SingleInstanceSpecRunner.runTest(SingleInstanceSpecRunner.kt:104)
	at io.kotest.engine.spec.runners.SingleInstanceSpecRunner.access$runTest(SingleInstanceSpecRunner.kt:34)
	at io.kotest.engine.spec.runners.SingleInstanceSpecRunner$execute$interceptAndRun$2$4.invokeSuspend(SingleInstanceSpecRunner.kt:57)
	at io.kotest.engine.spec.runners.SingleInstanceSpecRunner$execute$interceptAndRun$2$4.invoke(SingleInstanceSpecRunner.kt)
	at io.kotest.engine.spec.runners.SingleInstanceSpecRunner$execute$interceptAndRun$2$4.invoke(SingleInstanceSpecRunner.kt)
	at io.kotest.engine.launchers.SequentialTestLauncher$launch$3$1$1.invokeSuspend(SequentialTestLauncher.kt:22)
	at kotlin.coroutines.jvm.internal.BaseContinuationImpl.resumeWith(ContinuationImpl.kt:33)
	at kotlinx.coroutines.DispatchedTask.run(DispatchedTask.kt:106)
	at java.base/java.util.concurrent.ThreadPoolExecutor.runWorker(ThreadPoolExecutor.java:1130)
	at java.base/java.util.concurrent.ThreadPoolExecutor$Worker.run(ThreadPoolExecutor.java:630)
	at java.base/java.lang.Thread.run(Thread.java:832)

Nov 27, 2021 2:27:57 AM net.sourceforge.marathon.javaagent.server.JavaServer serve
INFO: JavaServer.serve(POST /session): {
  "desiredCapabilities": {
    "browserName": "java",
    "platform": "ANY"
  },
  "capabilities": {
    "firstMatch": [
      {
        "browserName": "java"
      }
    ]
  }
}
Nov 27, 2021 2:27:57 AM net.sourceforge.marathon.javaagent.server.JavaServer createSession
INFO: Creating device with type: EVENT_QUEUE
Nov 27, 2021 2:27:57 AM net.sourceforge.marathon.javaagent.Device getDevice
INFO: Creating a EVENT_QUEUE device
Nov 27, 2021 2:27:57 AM net.sourceforge.marathon.javaagent.server.JavaServer serve
INFO: POST(/session, {"desiredCapabilities":{"browserName":"java","platform":"ANY"},"capabilities":{"firstMatch":[{"browserName":"java"}]}}) = {data=, status=REDIRECT}
Nov 27, 2021 2:27:57 AM net.sourceforge.marathon.javaagent.server.JavaServer serve
INFO: JavaServer.serve(GET /session/55fffa69-dbd0-4916-8a62-ab2c01d71324): {}
Nov 27, 2021 2:27:57 AM net.sourceforge.marathon.javaagent.server.JavaServer serve
INFO: GET(/session/55fffa69-dbd0-4916-8a62-ab2c01d71324) = {data={"name":"getCapabilities","sessionId":"55fffa69-dbd0-4916-8a62-ab2c01d71324","value":{"applicationCacheEnabled":false,"rotatable":false,"loggingPrefs":{"driver":"ALL"},"handlesAlerts":false,"databaseEnabled":false,"version":"1.0","platform":"ANY","browserConnectionEnabled":false,"nativeEvents":false,"acceptSslCerts":false,"locationContextEnabled":false,"webStorageEnabled":false,"browserName":"java","takesScreenshot":true,"javascriptEnabled":true,"cssSelectorsEnabled":false},"status":0}, status=OK}
Nov 27, 2021 2:27:57 AM org.openqa.selenium.remote.ProtocolHandshake createSession
INFO: Detected dialect: OSS
Nov 27, 2021 2:27:57 AM net.sourceforge.marathon.javaagent.server.JavaServer serve
INFO: JavaServer.serve(POST /session/55fffa69-dbd0-4916-8a62-ab2c01d71324/element): {
  "using": "css selector",
  "value": "."
}
Nov 27, 2021 2:27:57 AM net.sourceforge.marathon.javaagent.server.JavaServer serve
INFO: POST(/session/55fffa69-dbd0-4916-8a62-ab2c01d71324/element, {"using":"css selector","value":"."}) = {data={"name":"findElement","sessionId":"55fffa69-dbd0-4916-8a62-ab2c01d71324","value":{"ELEMENT":"2d55a47b-1901-4ed1-816c-1d4f121d7d2f"},"status":0}, status=OK}
Nov 27, 2021 2:27:57 AM net.sourceforge.marathon.javaagent.server.JavaServer serve
INFO: JavaServer.serve(GET /session/55fffa69-dbd0-4916-8a62-ab2c01d71324/element/2d55a47b-1901-4ed1-816c-1d4f121d7d2f/attribute/name): {}
Nov 27, 2021 2:27:57 AM net.sourceforge.marathon.javaagent.server.JavaServer serve
INFO: GET(/session/55fffa69-dbd0-4916-8a62-ab2c01d71324/element/2d55a47b-1901-4ed1-816c-1d4f121d7d2f/attribute/name) = {data={"name":"getElementAttribute","sessionId":"55fffa69-dbd0-4916-8a62-ab2c01d71324","value":"Auction Sniper Name","status":0}, status=OK}
Nov 27, 2021 2:27:57 AM net.sourceforge.marathon.javaagent.server.JavaServer serve
INFO: JavaServer.serve(POST /session/55fffa69-dbd0-4916-8a62-ab2c01d71324/element): {
  "using": "css selector",
  "value": "."
}
Nov 27, 2021 2:27:57 AM net.sourceforge.marathon.javaagent.server.JavaServer serve
INFO: POST(/session/55fffa69-dbd0-4916-8a62-ab2c01d71324/element, {"using":"css selector","value":"."}) = {data={"name":"findElement","sessionId":"55fffa69-dbd0-4916-8a62-ab2c01d71324","value":{"ELEMENT":"2d55a47b-1901-4ed1-816c-1d4f121d7d2f"},"status":0}, status=OK}
Nov 27, 2021 2:27:58 AM net.sourceforge.marathon.javaagent.server.JavaServer serve
INFO: JavaServer.serve(GET /session/55fffa69-dbd0-4916-8a62-ab2c01d71324/element/2d55a47b-1901-4ed1-816c-1d4f121d7d2f/displayed): {}
Nov 27, 2021 2:27:58 AM net.sourceforge.marathon.javaagent.server.JavaServer serve
INFO: GET(/session/55fffa69-dbd0-4916-8a62-ab2c01d71324/element/2d55a47b-1901-4ed1-816c-1d4f121d7d2f/displayed) = {data={"name":"isDisplayed","sessionId":"55fffa69-dbd0-4916-8a62-ab2c01d71324","value":true,"status":0}, status=OK}
Nov 27, 2021 2:27:58 AM net.sourceforge.marathon.javaagent.server.JavaServer serve
INFO: JavaServer.serve(GET /session/55fffa69-dbd0-4916-8a62-ab2c01d71324/title): {}
Nov 27, 2021 2:27:58 AM net.sourceforge.marathon.javaagent.server.JavaServer serve
INFO: GET(/session/55fffa69-dbd0-4916-8a62-ab2c01d71324/title) = {data={"name":"getWindowTitle","sessionId":"55fffa69-dbd0-4916-8a62-ab2c01d71324","value":"Auction Sniper","status":0}, status=OK}
Nov 27, 2021 2:27:58 AM net.sourceforge.marathon.javaagent.server.JavaServer serve
INFO: JavaServer.serve(POST /session/55fffa69-dbd0-4916-8a62-ab2c01d71324/element): {
  "using": "name",
  "value": "snipers table"
}
Nov 27, 2021 2:27:58 AM net.sourceforge.marathon.javaagent.server.JavaServer serve
INFO: POST(/session/55fffa69-dbd0-4916-8a62-ab2c01d71324/element, {"using":"name","value":"snipers table"}) = {data={"name":"findElement","sessionId":"55fffa69-dbd0-4916-8a62-ab2c01d71324","value":{"ELEMENT":"106c1225-1ed5-4d9b-9115-4ee249baa623"},"status":0}, status=OK}
Nov 27, 2021 2:27:58 AM net.sourceforge.marathon.javaagent.server.JavaServer serve
INFO: JavaServer.serve(POST /session/55fffa69-dbd0-4916-8a62-ab2c01d71324/element/106c1225-1ed5-4d9b-9115-4ee249baa623/elements): {
  "id": "106c1225-1ed5-4d9b-9115-4ee249baa623",
  "using": "css selector",
  "value": ".::header.::all-items"
}
Nov 27, 2021 2:27:58 AM net.sourceforge.marathon.javaagent.server.JavaServer serve
INFO: POST(/session/55fffa69-dbd0-4916-8a62-ab2c01d71324/element/106c1225-1ed5-4d9b-9115-4ee249baa623/elements, {"using":"css selector","id":"106c1225-1ed5-4d9b-9115-4ee249baa623","value":".::header.::all-items"}) = {data={"name":"findElementsOfElement","sessionId":"55fffa69-dbd0-4916-8a62-ab2c01d71324","value":[{"ELEMENT":"3d7a31e6-bc07-43ce-91cf-758d7cba9baa%23%7B%22selector%22%3A%22nth-item%22%2C%22parameters%22%3A%5B1%5D%7D"},{"ELEMENT":"3d7a31e6-bc07-43ce-91cf-758d7cba9baa%23%7B%22selector%22%3A%22nth-item%22%2C%22parameters%22%3A%5B2%5D%7D"},{"ELEMENT":"3d7a31e6-bc07-43ce-91cf-758d7cba9baa%23%7B%22selector%22%3A%22nth-item%22%2C%22parameters%22%3A%5B3%5D%7D"},{"ELEMENT":"3d7a31e6-bc07-43ce-91cf-758d7cba9baa%23%7B%22selector%22%3A%22nth-item%22%2C%22parameters%22%3A%5B4%5D%7D"}],"status":0}, status=OK}
Nov 27, 2021 2:27:58 AM net.sourceforge.marathon.javaagent.server.JavaServer serve
INFO: JavaServer.serve(GET /session/55fffa69-dbd0-4916-8a62-ab2c01d71324/element/3d7a31e6-bc07-43ce-91cf-758d7cba9baa%23%7B%22selector%22%3A%22nth-item%22%2C%22parameters%22%3A%5B1%5D%7D/text): {}
Nov 27, 2021 2:27:58 AM net.sourceforge.marathon.javaagent.server.JavaServer serve
INFO: GET(/session/55fffa69-dbd0-4916-8a62-ab2c01d71324/element/3d7a31e6-bc07-43ce-91cf-758d7cba9baa%23%7B%22selector%22%3A%22nth-item%22%2C%22parameters%22%3A%5B1%5D%7D/text) = {data={"name":"getElementText","sessionId":"55fffa69-dbd0-4916-8a62-ab2c01d71324","value":"Item","status":0}, status=OK}
Nov 27, 2021 2:27:58 AM net.sourceforge.marathon.javaagent.server.JavaServer serve
INFO: JavaServer.serve(GET /session/55fffa69-dbd0-4916-8a62-ab2c01d71324/element/3d7a31e6-bc07-43ce-91cf-758d7cba9baa%23%7B%22selector%22%3A%22nth-item%22%2C%22parameters%22%3A%5B2%5D%7D/text): {}
Nov 27, 2021 2:27:58 AM net.sourceforge.marathon.javaagent.server.JavaServer serve
INFO: GET(/session/55fffa69-dbd0-4916-8a62-ab2c01d71324/element/3d7a31e6-bc07-43ce-91cf-758d7cba9baa%23%7B%22selector%22%3A%22nth-item%22%2C%22parameters%22%3A%5B2%5D%7D/text) = {data={"name":"getElementText","sessionId":"55fffa69-dbd0-4916-8a62-ab2c01d71324","value":"Last Price","status":0}, status=OK}
Nov 27, 2021 2:27:58 AM net.sourceforge.marathon.javaagent.server.JavaServer serve
INFO: JavaServer.serve(GET /session/55fffa69-dbd0-4916-8a62-ab2c01d71324/element/3d7a31e6-bc07-43ce-91cf-758d7cba9baa%23%7B%22selector%22%3A%22nth-item%22%2C%22parameters%22%3A%5B3%5D%7D/text): {}
Nov 27, 2021 2:27:58 AM net.sourceforge.marathon.javaagent.server.JavaServer serve
INFO: GET(/session/55fffa69-dbd0-4916-8a62-ab2c01d71324/element/3d7a31e6-bc07-43ce-91cf-758d7cba9baa%23%7B%22selector%22%3A%22nth-item%22%2C%22parameters%22%3A%5B3%5D%7D/text) = {data={"name":"getElementText","sessionId":"55fffa69-dbd0-4916-8a62-ab2c01d71324","value":"Last Bid","status":0}, status=OK}
Nov 27, 2021 2:27:58 AM net.sourceforge.marathon.javaagent.server.JavaServer serve
INFO: JavaServer.serve(GET /session/55fffa69-dbd0-4916-8a62-ab2c01d71324/element/3d7a31e6-bc07-43ce-91cf-758d7cba9baa%23%7B%22selector%22%3A%22nth-item%22%2C%22parameters%22%3A%5B4%5D%7D/text): {}
Nov 27, 2021 2:27:58 AM net.sourceforge.marathon.javaagent.server.JavaServer serve
INFO: GET(/session/55fffa69-dbd0-4916-8a62-ab2c01d71324/element/3d7a31e6-bc07-43ce-91cf-758d7cba9baa%23%7B%22selector%22%3A%22nth-item%22%2C%22parameters%22%3A%5B4%5D%7D/text) = {data={"name":"getElementText","sessionId":"55fffa69-dbd0-4916-8a62-ab2c01d71324","value":"State","status":0}, status=OK}
Nov 27, 2021 2:27:58 AM net.sourceforge.marathon.javaagent.server.JavaServer serve
INFO: JavaServer.serve(DELETE /session/55fffa69-dbd0-4916-8a62-ab2c01d71324/window): {}
Nov 27, 2021 2:27:58 AM net.sourceforge.marathon.javaagent.server.JavaServer serve
INFO: DELETE(/session/55fffa69-dbd0-4916-8a62-ab2c01d71324/window) = {data={"name":"closeSession","sessionId":"55fffa69-dbd0-4916-8a62-ab2c01d71324","status":0}, status=OK}
Nov 27, 2021 2:27:58 AM net.sourceforge.marathon.javaagent.server.JavaServer serve
INFO: JavaServer.serve(POST /session): {
  "desiredCapabilities": {
    "browserName": "java",
    "platform": "ANY"
  },
  "capabilities": {
    "firstMatch": [
      {
        "browserName": "java"
      }
    ]
  }
}
Nov 27, 2021 2:27:58 AM net.sourceforge.marathon.javaagent.server.JavaServer createSession
INFO: Creating device with type: EVENT_QUEUE
Nov 27, 2021 2:27:58 AM net.sourceforge.marathon.javaagent.Device getDevice
INFO: Creating a EVENT_QUEUE device
Nov 27, 2021 2:27:58 AM net.sourceforge.marathon.javaagent.server.JavaServer serve
INFO: POST(/session, {"desiredCapabilities":{"browserName":"java","platform":"ANY"},"capabilities":{"firstMatch":[{"browserName":"java"}]}}) = {data=, status=REDIRECT}
Nov 27, 2021 2:27:58 AM net.sourceforge.marathon.javaagent.server.JavaServer serve
INFO: JavaServer.serve(GET /session/e7790684-f1bd-4445-897e-fa4a59587868): {}
Nov 27, 2021 2:27:58 AM net.sourceforge.marathon.javaagent.server.JavaServer serve
INFO: GET(/session/e7790684-f1bd-4445-897e-fa4a59587868) = {data={"name":"getCapabilities","sessionId":"e7790684-f1bd-4445-897e-fa4a59587868","value":{"applicationCacheEnabled":false,"rotatable":false,"loggingPrefs":{"driver":"ALL"},"handlesAlerts":false,"databaseEnabled":false,"version":"1.0","platform":"ANY","browserConnectionEnabled":false,"nativeEvents":false,"acceptSslCerts":false,"locationContextEnabled":false,"webStorageEnabled":false,"browserName":"java","takesScreenshot":true,"javascriptEnabled":true,"cssSelectorsEnabled":false},"status":0}, status=OK}
Nov 27, 2021 2:27:58 AM org.openqa.selenium.remote.ProtocolHandshake createSession
INFO: Detected dialect: OSS
Nov 27, 2021 2:27:58 AM net.sourceforge.marathon.javaagent.server.JavaServer serve
INFO: JavaServer.serve(POST /session/e7790684-f1bd-4445-897e-fa4a59587868/element): {
  "using": "name",
  "value": "new item id field"
}
Nov 27, 2021 2:27:58 AM net.sourceforge.marathon.javaagent.server.JavaServer serve
INFO: POST(/session/e7790684-f1bd-4445-897e-fa4a59587868/element, {"using":"name","value":"new item id field"}) = {data={"name":"findElement","sessionId":"e7790684-f1bd-4445-897e-fa4a59587868","value":{"ELEMENT":"fbb8ad44-16b7-4704-bbac-9b2751f9f131"},"status":0}, status=OK}
Nov 27, 2021 2:27:58 AM net.sourceforge.marathon.javaagent.server.JavaServer serve
INFO: JavaServer.serve(POST /session/e7790684-f1bd-4445-897e-fa4a59587868/element/fbb8ad44-16b7-4704-bbac-9b2751f9f131/clear): {
  "id": "fbb8ad44-16b7-4704-bbac-9b2751f9f131"
}
Nov 27, 2021 2:27:58 AM net.sourceforge.marathon.javaagent.server.JavaServer serve
INFO: POST(/session/e7790684-f1bd-4445-897e-fa4a59587868/element/fbb8ad44-16b7-4704-bbac-9b2751f9f131/clear, {"id":"fbb8ad44-16b7-4704-bbac-9b2751f9f131"}) = {data={"name":"clearElement","sessionId":"e7790684-f1bd-4445-897e-fa4a59587868","status":0}, status=OK}
Nov 27, 2021 2:27:58 AM net.sourceforge.marathon.javaagent.server.JavaServer serve
INFO: JavaServer.serve(POST /session/e7790684-f1bd-4445-897e-fa4a59587868/element/fbb8ad44-16b7-4704-bbac-9b2751f9f131/value): {
  "id": "fbb8ad44-16b7-4704-bbac-9b2751f9f131",
  "value": [
    "an item-id"
  ]
}
Nov 27, 2021 2:27:58 AM net.sourceforge.marathon.javaagent.EventQueueDevice dispatchEvent
INFO: java.awt.event.KeyEvent[KEY_PRESSED,keyCode=65,keyText=A,keyChar='a',keyLocation=KEY_LOCATION_UNKNOWN,rawCode=0,primaryLevelUnicode=0,scancode=0,extendedKeyCode=0x0] on new item id field
Nov 27, 2021 2:27:58 AM net.sourceforge.marathon.javaagent.EventQueueDevice dispatchEvent
INFO: java.awt.event.KeyEvent[KEY_TYPED,keyCode=0,keyText=Unknown keyCode: 0x0,keyChar='a',keyLocation=KEY_LOCATION_UNKNOWN,rawCode=0,primaryLevelUnicode=0,scancode=0,extendedKeyCode=0x0] on new item id field
Nov 27, 2021 2:27:58 AM net.sourceforge.marathon.javaagent.EventQueueDevice dispatchEvent
INFO: java.awt.event.KeyEvent[KEY_RELEASED,keyCode=65,keyText=A,keyChar='a',keyLocation=KEY_LOCATION_UNKNOWN,rawCode=0,primaryLevelUnicode=0,scancode=0,extendedKeyCode=0x0] on new item id field
Nov 27, 2021 2:27:58 AM net.sourceforge.marathon.javaagent.EventQueueDevice dispatchEvent
INFO: java.awt.event.KeyEvent[KEY_PRESSED,keyCode=78,keyText=N,keyChar='n',keyLocation=KEY_LOCATION_UNKNOWN,rawCode=0,primaryLevelUnicode=0,scancode=0,extendedKeyCode=0x0] on new item id field
Nov 27, 2021 2:27:58 AM net.sourceforge.marathon.javaagent.EventQueueDevice dispatchEvent
INFO: java.awt.event.KeyEvent[KEY_TYPED,keyCode=0,keyText=Unknown keyCode: 0x0,keyChar='n',keyLocation=KEY_LOCATION_UNKNOWN,rawCode=0,primaryLevelUnicode=0,scancode=0,extendedKeyCode=0x0] on new item id field
Nov 27, 2021 2:27:58 AM net.sourceforge.marathon.javaagent.EventQueueDevice dispatchEvent
INFO: java.awt.event.KeyEvent[KEY_RELEASED,keyCode=78,keyText=N,keyChar='n',keyLocation=KEY_LOCATION_UNKNOWN,rawCode=0,primaryLevelUnicode=0,scancode=0,extendedKeyCode=0x0] on new item id field
Nov 27, 2021 2:27:58 AM net.sourceforge.marathon.javaagent.EventQueueDevice dispatchEvent
INFO: java.awt.event.KeyEvent[KEY_PRESSED,keyCode=16,keyText=Shift,keyChar=Undefined keyChar,modifiers=Shift,extModifiers=Shift,keyLocation=KEY_LOCATION_UNKNOWN,rawCode=0,primaryLevelUnicode=0,scancode=0,extendedKeyCode=0x0] on new item id field
Nov 27, 2021 2:27:58 AM net.sourceforge.marathon.javaagent.EventQueueDevice dispatchEvent
INFO: java.awt.event.KeyEvent[KEY_PRESSED,keyCode=32,keyText=Space,keyChar=' ',modifiers=Shift,extModifiers=Shift,keyLocation=KEY_LOCATION_UNKNOWN,rawCode=0,primaryLevelUnicode=0,scancode=0,extendedKeyCode=0x0] on new item id field
Nov 27, 2021 2:27:58 AM net.sourceforge.marathon.javaagent.EventQueueDevice dispatchEvent
INFO: java.awt.event.KeyEvent[KEY_TYPED,keyCode=0,keyText=Unknown keyCode: 0x0,keyChar=' ',modifiers=Shift,extModifiers=Shift,keyLocation=KEY_LOCATION_UNKNOWN,rawCode=0,primaryLevelUnicode=0,scancode=0,extendedKeyCode=0x0] on new item id field
Nov 27, 2021 2:27:58 AM net.sourceforge.marathon.javaagent.EventQueueDevice dispatchEvent
INFO: java.awt.event.KeyEvent[KEY_RELEASED,keyCode=32,keyText=Space,keyChar=' ',modifiers=Shift,extModifiers=Shift,keyLocation=KEY_LOCATION_UNKNOWN,rawCode=0,primaryLevelUnicode=0,scancode=0,extendedKeyCode=0x0] on new item id field
Nov 27, 2021 2:27:58 AM net.sourceforge.marathon.javaagent.EventQueueDevice dispatchEvent
INFO: java.awt.event.KeyEvent[KEY_RELEASED,keyCode=16,keyText=Shift,keyChar=Undefined keyChar,keyLocation=KEY_LOCATION_UNKNOWN,rawCode=0,primaryLevelUnicode=0,scancode=0,extendedKeyCode=0x0] on new item id field
Nov 27, 2021 2:27:58 AM net.sourceforge.marathon.javaagent.EventQueueDevice dispatchEvent
INFO: java.awt.event.KeyEvent[KEY_PRESSED,keyCode=73,keyText=I,keyChar='i',keyLocation=KEY_LOCATION_UNKNOWN,rawCode=0,primaryLevelUnicode=0,scancode=0,extendedKeyCode=0x0] on new item id field
Nov 27, 2021 2:27:58 AM net.sourceforge.marathon.javaagent.EventQueueDevice dispatchEvent
INFO: java.awt.event.KeyEvent[KEY_TYPED,keyCode=0,keyText=Unknown keyCode: 0x0,keyChar='i',keyLocation=KEY_LOCATION_UNKNOWN,rawCode=0,primaryLevelUnicode=0,scancode=0,extendedKeyCode=0x0] on new item id field
Nov 27, 2021 2:27:58 AM net.sourceforge.marathon.javaagent.EventQueueDevice dispatchEvent
INFO: java.awt.event.KeyEvent[KEY_RELEASED,keyCode=73,keyText=I,keyChar='i',keyLocation=KEY_LOCATION_UNKNOWN,rawCode=0,primaryLevelUnicode=0,scancode=0,extendedKeyCode=0x0] on new item id field
Nov 27, 2021 2:27:58 AM net.sourceforge.marathon.javaagent.EventQueueDevice dispatchEvent
INFO: java.awt.event.KeyEvent[KEY_PRESSED,keyCode=84,keyText=T,keyChar='t',keyLocation=KEY_LOCATION_UNKNOWN,rawCode=0,primaryLevelUnicode=0,scancode=0,extendedKeyCode=0x0] on new item id field
Nov 27, 2021 2:27:58 AM net.sourceforge.marathon.javaagent.EventQueueDevice dispatchEvent
INFO: java.awt.event.KeyEvent[KEY_TYPED,keyCode=0,keyText=Unknown keyCode: 0x0,keyChar='t',keyLocation=KEY_LOCATION_UNKNOWN,rawCode=0,primaryLevelUnicode=0,scancode=0,extendedKeyCode=0x0] on new item id field
Nov 27, 2021 2:27:58 AM net.sourceforge.marathon.javaagent.EventQueueDevice dispatchEvent
INFO: java.awt.event.KeyEvent[KEY_RELEASED,keyCode=84,keyText=T,keyChar='t',keyLocation=KEY_LOCATION_UNKNOWN,rawCode=0,primaryLevelUnicode=0,scancode=0,extendedKeyCode=0x0] on new item id field
Nov 27, 2021 2:27:58 AM net.sourceforge.marathon.javaagent.EventQueueDevice dispatchEvent
INFO: java.awt.event.KeyEvent[KEY_PRESSED,keyCode=69,keyText=E,keyChar='e',keyLocation=KEY_LOCATION_UNKNOWN,rawCode=0,primaryLevelUnicode=0,scancode=0,extendedKeyCode=0x0] on new item id field
Nov 27, 2021 2:27:58 AM net.sourceforge.marathon.javaagent.EventQueueDevice dispatchEvent
INFO: java.awt.event.KeyEvent[KEY_TYPED,keyCode=0,keyText=Unknown keyCode: 0x0,keyChar='e',keyLocation=KEY_LOCATION_UNKNOWN,rawCode=0,primaryLevelUnicode=0,scancode=0,extendedKeyCode=0x0] on new item id field
Nov 27, 2021 2:27:58 AM net.sourceforge.marathon.javaagent.EventQueueDevice dispatchEvent
INFO: java.awt.event.KeyEvent[KEY_RELEASED,keyCode=69,keyText=E,keyChar='e',keyLocation=KEY_LOCATION_UNKNOWN,rawCode=0,primaryLevelUnicode=0,scancode=0,extendedKeyCode=0x0] on new item id field
Nov 27, 2021 2:27:58 AM net.sourceforge.marathon.javaagent.EventQueueDevice dispatchEvent
INFO: java.awt.event.KeyEvent[KEY_PRESSED,keyCode=77,keyText=M,keyChar='m',keyLocation=KEY_LOCATION_UNKNOWN,rawCode=0,primaryLevelUnicode=0,scancode=0,extendedKeyCode=0x0] on new item id field
Nov 27, 2021 2:27:58 AM net.sourceforge.marathon.javaagent.EventQueueDevice dispatchEvent
INFO: java.awt.event.KeyEvent[KEY_TYPED,keyCode=0,keyText=Unknown keyCode: 0x0,keyChar='m',keyLocation=KEY_LOCATION_UNKNOWN,rawCode=0,primaryLevelUnicode=0,scancode=0,extendedKeyCode=0x0] on new item id field
Nov 27, 2021 2:27:58 AM net.sourceforge.marathon.javaagent.EventQueueDevice dispatchEvent
INFO: java.awt.event.KeyEvent[KEY_RELEASED,keyCode=77,keyText=M,keyChar='m',keyLocation=KEY_LOCATION_UNKNOWN,rawCode=0,primaryLevelUnicode=0,scancode=0,extendedKeyCode=0x0] on new item id field
Nov 27, 2021 2:27:58 AM net.sourceforge.marathon.javaagent.EventQueueDevice dispatchEvent
INFO: java.awt.event.KeyEvent[KEY_PRESSED,keyCode=45,keyText=Minus,keyChar='-',keyLocation=KEY_LOCATION_UNKNOWN,rawCode=0,primaryLevelUnicode=0,scancode=0,extendedKeyCode=0x0] on new item id field
Nov 27, 2021 2:27:58 AM net.sourceforge.marathon.javaagent.EventQueueDevice dispatchEvent
INFO: java.awt.event.KeyEvent[KEY_TYPED,keyCode=0,keyText=Unknown keyCode: 0x0,keyChar='-',keyLocation=KEY_LOCATION_UNKNOWN,rawCode=0,primaryLevelUnicode=0,scancode=0,extendedKeyCode=0x0] on new item id field
Nov 27, 2021 2:27:58 AM net.sourceforge.marathon.javaagent.EventQueueDevice dispatchEvent
INFO: java.awt.event.KeyEvent[KEY_RELEASED,keyCode=45,keyText=Minus,keyChar='-',keyLocation=KEY_LOCATION_UNKNOWN,rawCode=0,primaryLevelUnicode=0,scancode=0,extendedKeyCode=0x0] on new item id field
Nov 27, 2021 2:27:58 AM net.sourceforge.marathon.javaagent.EventQueueDevice dispatchEvent
INFO: java.awt.event.KeyEvent[KEY_PRESSED,keyCode=73,keyText=I,keyChar='i',keyLocation=KEY_LOCATION_UNKNOWN,rawCode=0,primaryLevelUnicode=0,scancode=0,extendedKeyCode=0x0] on new item id field
Nov 27, 2021 2:27:58 AM net.sourceforge.marathon.javaagent.EventQueueDevice dispatchEvent
INFO: java.awt.event.KeyEvent[KEY_TYPED,keyCode=0,keyText=Unknown keyCode: 0x0,keyChar='i',keyLocation=KEY_LOCATION_UNKNOWN,rawCode=0,primaryLevelUnicode=0,scancode=0,extendedKeyCode=0x0] on new item id field
Nov 27, 2021 2:27:58 AM net.sourceforge.marathon.javaagent.EventQueueDevice dispatchEvent
INFO: java.awt.event.KeyEvent[KEY_RELEASED,keyCode=73,keyText=I,keyChar='i',keyLocation=KEY_LOCATION_UNKNOWN,rawCode=0,primaryLevelUnicode=0,scancode=0,extendedKeyCode=0x0] on new item id field
Nov 27, 2021 2:27:58 AM net.sourceforge.marathon.javaagent.EventQueueDevice dispatchEvent
INFO: java.awt.event.KeyEvent[KEY_PRESSED,keyCode=68,keyText=D,keyChar='d',keyLocation=KEY_LOCATION_UNKNOWN,rawCode=0,primaryLevelUnicode=0,scancode=0,extendedKeyCode=0x0] on new item id field
Nov 27, 2021 2:27:58 AM net.sourceforge.marathon.javaagent.EventQueueDevice dispatchEvent
INFO: java.awt.event.KeyEvent[KEY_TYPED,keyCode=0,keyText=Unknown keyCode: 0x0,keyChar='d',keyLocation=KEY_LOCATION_UNKNOWN,rawCode=0,primaryLevelUnicode=0,scancode=0,extendedKeyCode=0x0] on new item id field
Nov 27, 2021 2:27:58 AM net.sourceforge.marathon.javaagent.EventQueueDevice dispatchEvent
INFO: java.awt.event.KeyEvent[KEY_RELEASED,keyCode=68,keyText=D,keyChar='d',keyLocation=KEY_LOCATION_UNKNOWN,rawCode=0,primaryLevelUnicode=0,scancode=0,extendedKeyCode=0x0] on new item id field
Nov 27, 2021 2:27:58 AM net.sourceforge.marathon.javaagent.server.JavaServer serve
INFO: POST(/session/e7790684-f1bd-4445-897e-fa4a59587868/element/fbb8ad44-16b7-4704-bbac-9b2751f9f131/value, {"id":"fbb8ad44-16b7-4704-bbac-9b2751f9f131","value":["an item-id"]}) = {data={"name":"sendKeysElement","sessionId":"e7790684-f1bd-4445-897e-fa4a59587868","status":0}, status=OK}
Nov 27, 2021 2:27:58 AM net.sourceforge.marathon.javaagent.server.JavaServer serve
INFO: JavaServer.serve(POST /session/e7790684-f1bd-4445-897e-fa4a59587868/element): {
  "using": "name",
  "value": "new item stop price field"
}
Nov 27, 2021 2:27:58 AM net.sourceforge.marathon.javaagent.server.JavaServer serve
INFO: POST(/session/e7790684-f1bd-4445-897e-fa4a59587868/element, {"using":"name","value":"new item stop price field"}) = {data={"name":"findElement","sessionId":"e7790684-f1bd-4445-897e-fa4a59587868","value":{"ELEMENT":"329c93a4-40c1-48b2-9933-b4944ba58b68"},"status":0}, status=OK}
Nov 27, 2021 2:27:58 AM net.sourceforge.marathon.javaagent.server.JavaServer serve
INFO: JavaServer.serve(POST /session/e7790684-f1bd-4445-897e-fa4a59587868/element/329c93a4-40c1-48b2-9933-b4944ba58b68/clear): {
  "id": "329c93a4-40c1-48b2-9933-b4944ba58b68"
}
Nov 27, 2021 2:27:58 AM net.sourceforge.marathon.javaagent.server.JavaServer serve
INFO: POST(/session/e7790684-f1bd-4445-897e-fa4a59587868/element/329c93a4-40c1-48b2-9933-b4944ba58b68/clear, {"id":"329c93a4-40c1-48b2-9933-b4944ba58b68"}) = {data={"name":"clearElement","sessionId":"e7790684-f1bd-4445-897e-fa4a59587868","status":0}, status=OK}
Nov 27, 2021 2:27:58 AM net.sourceforge.marathon.javaagent.server.JavaServer serve
INFO: JavaServer.serve(POST /session/e7790684-f1bd-4445-897e-fa4a59587868/element/329c93a4-40c1-48b2-9933-b4944ba58b68/value): {
  "id": "329c93a4-40c1-48b2-9933-b4944ba58b68",
  "value": [
    "11000"
  ]
}
Nov 27, 2021 2:27:58 AM net.sourceforge.marathon.javaagent.EventQueueDevice dispatchEvent
INFO: java.awt.event.KeyEvent[KEY_PRESSED,keyCode=49,keyText=1,keyChar='1',keyLocation=KEY_LOCATION_UNKNOWN,rawCode=0,primaryLevelUnicode=0,scancode=0,extendedKeyCode=0x0] on new item stop price field
Nov 27, 2021 2:27:58 AM net.sourceforge.marathon.javaagent.EventQueueDevice dispatchEvent
INFO: java.awt.event.KeyEvent[KEY_TYPED,keyCode=0,keyText=Unknown keyCode: 0x0,keyChar='1',keyLocation=KEY_LOCATION_UNKNOWN,rawCode=0,primaryLevelUnicode=0,scancode=0,extendedKeyCode=0x0] on new item stop price field
Nov 27, 2021 2:27:58 AM net.sourceforge.marathon.javaagent.EventQueueDevice dispatchEvent
INFO: java.awt.event.KeyEvent[KEY_RELEASED,keyCode=49,keyText=1,keyChar='1',keyLocation=KEY_LOCATION_UNKNOWN,rawCode=0,primaryLevelUnicode=0,scancode=0,extendedKeyCode=0x0] on new item stop price field
Nov 27, 2021 2:27:58 AM net.sourceforge.marathon.javaagent.EventQueueDevice dispatchEvent
INFO: java.awt.event.KeyEvent[KEY_PRESSED,keyCode=49,keyText=1,keyChar='1',keyLocation=KEY_LOCATION_UNKNOWN,rawCode=0,primaryLevelUnicode=0,scancode=0,extendedKeyCode=0x0] on new item stop price field
Nov 27, 2021 2:27:58 AM net.sourceforge.marathon.javaagent.EventQueueDevice dispatchEvent
INFO: java.awt.event.KeyEvent[KEY_TYPED,keyCode=0,keyText=Unknown keyCode: 0x0,keyChar='1',keyLocation=KEY_LOCATION_UNKNOWN,rawCode=0,primaryLevelUnicode=0,scancode=0,extendedKeyCode=0x0] on new item stop price field
Nov 27, 2021 2:27:58 AM net.sourceforge.marathon.javaagent.EventQueueDevice dispatchEvent
INFO: java.awt.event.KeyEvent[KEY_RELEASED,keyCode=49,keyText=1,keyChar='1',keyLocation=KEY_LOCATION_UNKNOWN,rawCode=0,primaryLevelUnicode=0,scancode=0,extendedKeyCode=0x0] on new item stop price field
Nov 27, 2021 2:27:58 AM net.sourceforge.marathon.javaagent.EventQueueDevice dispatchEvent
INFO: java.awt.event.KeyEvent[KEY_PRESSED,keyCode=48,keyText=0,keyChar='0',keyLocation=KEY_LOCATION_UNKNOWN,rawCode=0,primaryLevelUnicode=0,scancode=0,extendedKeyCode=0x0] on new item stop price field
Nov 27, 2021 2:27:58 AM net.sourceforge.marathon.javaagent.EventQueueDevice dispatchEvent
INFO: java.awt.event.KeyEvent[KEY_TYPED,keyCode=0,keyText=Unknown keyCode: 0x0,keyChar='0',keyLocation=KEY_LOCATION_UNKNOWN,rawCode=0,primaryLevelUnicode=0,scancode=0,extendedKeyCode=0x0] on new item stop price field
Nov 27, 2021 2:27:58 AM net.sourceforge.marathon.javaagent.EventQueueDevice dispatchEvent
INFO: java.awt.event.KeyEvent[KEY_RELEASED,keyCode=48,keyText=0,keyChar='0',keyLocation=KEY_LOCATION_UNKNOWN,rawCode=0,primaryLevelUnicode=0,scancode=0,extendedKeyCode=0x0] on new item stop price field
Nov 27, 2021 2:27:58 AM net.sourceforge.marathon.javaagent.EventQueueDevice dispatchEvent
INFO: java.awt.event.KeyEvent[KEY_PRESSED,keyCode=48,keyText=0,keyChar='0',keyLocation=KEY_LOCATION_UNKNOWN,rawCode=0,primaryLevelUnicode=0,scancode=0,extendedKeyCode=0x0] on new item stop price field
Nov 27, 2021 2:27:58 AM net.sourceforge.marathon.javaagent.EventQueueDevice dispatchEvent
INFO: java.awt.event.KeyEvent[KEY_TYPED,keyCode=0,keyText=Unknown keyCode: 0x0,keyChar='0',keyLocation=KEY_LOCATION_UNKNOWN,rawCode=0,primaryLevelUnicode=0,scancode=0,extendedKeyCode=0x0] on new item stop price field
Nov 27, 2021 2:27:58 AM net.sourceforge.marathon.javaagent.EventQueueDevice dispatchEvent
INFO: java.awt.event.KeyEvent[KEY_RELEASED,keyCode=48,keyText=0,keyChar='0',keyLocation=KEY_LOCATION_UNKNOWN,rawCode=0,primaryLevelUnicode=0,scancode=0,extendedKeyCode=0x0] on new item stop price field
Nov 27, 2021 2:27:58 AM net.sourceforge.marathon.javaagent.EventQueueDevice dispatchEvent
INFO: java.awt.event.KeyEvent[KEY_PRESSED,keyCode=48,keyText=0,keyChar='0',keyLocation=KEY_LOCATION_UNKNOWN,rawCode=0,primaryLevelUnicode=0,scancode=0,extendedKeyCode=0x0] on new item stop price field
Nov 27, 2021 2:27:58 AM net.sourceforge.marathon.javaagent.EventQueueDevice dispatchEvent
INFO: java.awt.event.KeyEvent[KEY_TYPED,keyCode=0,keyText=Unknown keyCode: 0x0,keyChar='0',keyLocation=KEY_LOCATION_UNKNOWN,rawCode=0,primaryLevelUnicode=0,scancode=0,extendedKeyCode=0x0] on new item stop price field
Nov 27, 2021 2:27:58 AM net.sourceforge.marathon.javaagent.EventQueueDevice dispatchEvent
INFO: java.awt.event.KeyEvent[KEY_RELEASED,keyCode=48,keyText=0,keyChar='0',keyLocation=KEY_LOCATION_UNKNOWN,rawCode=0,primaryLevelUnicode=0,scancode=0,extendedKeyCode=0x0] on new item stop price field
Nov 27, 2021 2:27:58 AM net.sourceforge.marathon.javaagent.server.JavaServer serve
INFO: POST(/session/e7790684-f1bd-4445-897e-fa4a59587868/element/329c93a4-40c1-48b2-9933-b4944ba58b68/value, {"id":"329c93a4-40c1-48b2-9933-b4944ba58b68","value":["11000"]}) = {data={"name":"sendKeysElement","sessionId":"e7790684-f1bd-4445-897e-fa4a59587868","status":0}, status=OK}
Nov 27, 2021 2:27:58 AM net.sourceforge.marathon.javaagent.server.JavaServer serve
INFO: JavaServer.serve(POST /session/e7790684-f1bd-4445-897e-fa4a59587868/element): {
  "using": "name",
  "value": "join button"
}
Nov 27, 2021 2:27:58 AM net.sourceforge.marathon.javaagent.server.JavaServer serve
INFO: POST(/session/e7790684-f1bd-4445-897e-fa4a59587868/element, {"using":"name","value":"join button"}) = {data={"name":"findElement","sessionId":"e7790684-f1bd-4445-897e-fa4a59587868","value":{"ELEMENT":"a643aaa4-e97a-4ec4-a2a7-c9b06923d4d6"},"status":0}, status=OK}
Nov 27, 2021 2:27:58 AM net.sourceforge.marathon.javaagent.server.JavaServer serve
INFO: JavaServer.serve(POST /session/e7790684-f1bd-4445-897e-fa4a59587868/element/a643aaa4-e97a-4ec4-a2a7-c9b06923d4d6/click): {
  "id": "a643aaa4-e97a-4ec4-a2a7-c9b06923d4d6"
}
Nov 27, 2021 2:27:58 AM net.sourceforge.marathon.javaagent.EventQueueDevice dispatchEvent
INFO: java.awt.event.MouseEvent[MOUSE_PRESSED,(58,12),absolute(589,17),button=1,modifiers=Button1,extModifiers=Button1,clickCount=1] on join button
Nov 27, 2021 2:27:58 AM net.sourceforge.marathon.javaagent.EventQueueDevice dispatchEvent
INFO: java.awt.event.MouseEvent[MOUSE_RELEASED,(58,12),absolute(589,17),button=1,modifiers=Button1,clickCount=1] on join button
Nov 27, 2021 2:27:58 AM net.sourceforge.marathon.javaagent.EventQueueDevice dispatchEvent
INFO: java.awt.event.MouseEvent[MOUSE_CLICKED,(58,12),absolute(589,17),button=1,modifiers=Button1,clickCount=1] on join button
Nov 27, 2021 2:27:58 AM net.sourceforge.marathon.javaagent.server.JavaServer serve
INFO: POST(/session/e7790684-f1bd-4445-897e-fa4a59587868/element/a643aaa4-e97a-4ec4-a2a7-c9b06923d4d6/click, {"id":"a643aaa4-e97a-4ec4-a2a7-c9b06923d4d6"}) = {data={"name":"clickElement","sessionId":"e7790684-f1bd-4445-897e-fa4a59587868","status":0}, status=OK}
Nov 27, 2021 2:27:58 AM net.sourceforge.marathon.javaagent.server.JavaServer serve
INFO: JavaServer.serve(DELETE /session/e7790684-f1bd-4445-897e-fa4a59587868/window): {}
Nov 27, 2021 2:27:58 AM net.sourceforge.marathon.javaagent.server.JavaServer serve
INFO: DELETE(/session/e7790684-f1bd-4445-897e-fa4a59587868/window) = {data={"name":"closeSession","sessionId":"e7790684-f1bd-4445-897e-fa4a59587868","status":0}, status=OK}
Nov 27, 2021 2:27:59 AM net.sourceforge.marathon.javaagent.server.JavaServer serve
INFO: JavaServer.serve(POST /session): {
  "desiredCapabilities": {
    "browserName": "java",
    "platform": "ANY"
  },
  "capabilities": {
    "firstMatch": [
      {
        "browserName": "java"
      }
    ]
  }
}
Nov 27, 2021 2:27:59 AM net.sourceforge.marathon.javaagent.server.JavaServer createSession
INFO: Creating device with type: EVENT_QUEUE
Nov 27, 2021 2:27:59 AM net.sourceforge.marathon.javaagent.Device getDevice
INFO: Creating a EVENT_QUEUE device
Nov 27, 2021 2:27:59 AM net.sourceforge.marathon.javaagent.server.JavaServer serve
INFO: POST(/session, {"desiredCapabilities":{"browserName":"java","platform":"ANY"},"capabilities":{"firstMatch":[{"browserName":"java"}]}}) = {data=, status=REDIRECT}
Nov 27, 2021 2:27:59 AM net.sourceforge.marathon.javaagent.server.JavaServer serve
INFO: JavaServer.serve(GET /session/46f0eb18-40ea-48d9-997b-6bd0f5d178b9): {}
Nov 27, 2021 2:27:59 AM net.sourceforge.marathon.javaagent.server.JavaServer serve
INFO: GET(/session/46f0eb18-40ea-48d9-997b-6bd0f5d178b9) = {data={"name":"getCapabilities","sessionId":"46f0eb18-40ea-48d9-997b-6bd0f5d178b9","value":{"applicationCacheEnabled":false,"rotatable":false,"loggingPrefs":{"driver":"ALL"},"handlesAlerts":false,"databaseEnabled":false,"version":"1.0","platform":"ANY","browserConnectionEnabled":false,"nativeEvents":false,"acceptSslCerts":false,"locationContextEnabled":false,"webStorageEnabled":false,"browserName":"java","takesScreenshot":true,"javascriptEnabled":true,"cssSelectorsEnabled":false},"status":0}, status=OK}
Nov 27, 2021 2:27:59 AM org.openqa.selenium.remote.ProtocolHandshake createSession
INFO: Detected dialect: OSS
Nov 27, 2021 2:27:59 AM net.sourceforge.marathon.javaagent.server.JavaServer serve
INFO: JavaServer.serve(POST /session/46f0eb18-40ea-48d9-997b-6bd0f5d178b9/element): {
  "using": "name",
  "value": "sniper reset button"
}
Nov 27, 2021 2:27:59 AM net.sourceforge.marathon.javaagent.server.JavaServer serve
INFO: POST(/session/46f0eb18-40ea-48d9-997b-6bd0f5d178b9/element, {"using":"name","value":"sniper reset button"}) = {data={"name":"findElement","sessionId":"46f0eb18-40ea-48d9-997b-6bd0f5d178b9","value":{"ELEMENT":"c1d50f38-0ba8-4416-8e03-8626a38cafba"},"status":0}, status=OK}
Nov 27, 2021 2:27:59 AM net.sourceforge.marathon.javaagent.server.JavaServer serve
INFO: JavaServer.serve(POST /session/46f0eb18-40ea-48d9-997b-6bd0f5d178b9/element/c1d50f38-0ba8-4416-8e03-8626a38cafba/click): {
  "id": "c1d50f38-0ba8-4416-8e03-8626a38cafba"
}
Nov 27, 2021 2:27:59 AM net.sourceforge.marathon.javaagent.EventQueueDevice dispatchEvent
INFO: java.awt.event.MouseEvent[MOUSE_PRESSED,(37,12),absolute(326,474),button=1,modifiers=Button1,extModifiers=Button1,clickCount=1] on sniper reset button
Nov 27, 2021 2:27:59 AM net.sourceforge.marathon.javaagent.EventQueueDevice dispatchEvent
INFO: java.awt.event.MouseEvent[MOUSE_RELEASED,(37,12),absolute(326,474),button=1,modifiers=Button1,clickCount=1] on sniper reset button
Nov 27, 2021 2:27:59 AM net.sourceforge.marathon.javaagent.EventQueueDevice dispatchEvent
INFO: java.awt.event.MouseEvent[MOUSE_CLICKED,(37,12),absolute(326,474),button=1,modifiers=Button1,clickCount=1] on sniper reset button
Nov 27, 2021 2:27:59 AM net.sourceforge.marathon.javaagent.server.JavaServer serve
INFO: POST(/session/46f0eb18-40ea-48d9-997b-6bd0f5d178b9/element/c1d50f38-0ba8-4416-8e03-8626a38cafba/click, {"id":"c1d50f38-0ba8-4416-8e03-8626a38cafba"}) = {data={"name":"clickElement","sessionId":"46f0eb18-40ea-48d9-997b-6bd0f5d178b9","status":0}, status=OK}
Nov 27, 2021 2:27:59 AM net.sourceforge.marathon.javaagent.server.JavaServer serve
INFO: JavaServer.serve(DELETE /session/46f0eb18-40ea-48d9-997b-6bd0f5d178b9/window): {}
Nov 27, 2021 2:27:59 AM net.sourceforge.marathon.javaagent.server.JavaServer serve
INFO: DELETE(/session/46f0eb18-40ea-48d9-997b-6bd0f5d178b9/window) = {data={"name":"closeSession","sessionId":"46f0eb18-40ea-48d9-997b-6bd0f5d178b9","status":0}, status=OK}
]]></system-err>
</testsuite>
