<?xml version="1.0" encoding="UTF-8"?>
<testsuite name="goos.ui.swing.MainWindowTest" tests="3" skipped="0" failures="0" errors="0" timestamp="2021-09-13T02:23:20" hostname="buildkitsandbox" time="3.778">
  <properties/>
  <testcase name="window has expected features" classname="goos.ui.swing.MainWindowTest" time="2.965"/>
  <testcase name="make user request when join button clicked" classname="goos.ui.swing.MainWindowTest" time="0.631"/>
  <testcase name="make user request when reset button clicked" classname="goos.ui.swing.MainWindowTest" time="0.177"/>
  <system-out><![CDATA[]]></system-out>
  <system-err><![CDATA[Sep 13, 2021 2:23:20 AM io.mockk.impl.log.JULLogger warn
WARNING: Failed to transform class goos/ui/api/UserRequestListener
java.lang.IllegalArgumentException: Unsupported class file major version 59
	at net.bytebuddy.jar.asm.ClassReader.<init>(ClassReader.java:176)
	at net.bytebuddy.jar.asm.ClassReader.<init>(ClassReader.java:158)
	at net.bytebuddy.jar.asm.ClassReader.<init>(ClassReader.java:146)
	at net.bytebuddy.utility.OpenedClassReader.of(OpenedClassReader.java:69)
	at net.bytebuddy.dynamic.scaffold.TypeWriter$Default$ForInlining.create(TypeWriter.java:2877)
	at net.bytebuddy.dynamic.scaffold.TypeWriter$Default.make(TypeWriter.java:1653)
	at net.bytebuddy.dynamic.scaffold.inline.RedefinitionDynamicTypeBuilder.make(RedefinitionDynamicTypeBuilder.java:180)
	at net.bytebuddy.dynamic.scaffold.inline.AbstractInliningDynamicTypeBuilder.make(AbstractInliningDynamicTypeBuilder.java:94)
	at net.bytebuddy.dynamic.DynamicType$Builder$AbstractBase.make(DynamicType.java:2669)
	at io.mockk.proxy.jvm.transformation.InliningClassTransformer.transform(InliningClassTransformer.kt:78)
	at java.instrument/java.lang.instrument.ClassFileTransformer.transform(ClassFileTransformer.java:246)
	at java.instrument/sun.instrument.TransformerManager.transform(TransformerManager.java:188)
	at java.instrument/sun.instrument.InstrumentationImpl.transform(InstrumentationImpl.java:563)
	at java.instrument/sun.instrument.InstrumentationImpl.retransformClasses0(Native Method)
	at java.instrument/sun.instrument.InstrumentationImpl.retransformClasses(InstrumentationImpl.java:167)
	at io.mockk.proxy.jvm.transformation.JvmInlineInstrumentation.retransform(JvmInlineInstrumentation.kt:28)
	at io.mockk.proxy.common.transformation.RetransformInlineInstrumnetation$execute$1.invoke(RetransformInlineInstrumnetation.kt:19)
	at io.mockk.proxy.common.transformation.RetransformInlineInstrumnetation$execute$1.invoke(RetransformInlineInstrumnetation.kt:6)
	at io.mockk.proxy.common.transformation.ClassTransformationSpecMap.applyTransformation(ClassTransformationSpecMap.kt:41)
	at io.mockk.proxy.common.transformation.RetransformInlineInstrumnetation.execute(RetransformInlineInstrumnetation.kt:16)
	at io.mockk.proxy.jvm.ProxyMaker.inline(ProxyMaker.kt:88)
	at io.mockk.proxy.jvm.ProxyMaker.proxy(ProxyMaker.kt:30)
	at io.mockk.impl.instantiation.JvmMockFactory.newProxy(JvmMockFactory.kt:34)
	at io.mockk.impl.instantiation.AbstractMockFactory.newProxy$default(AbstractMockFactory.kt:29)
	at io.mockk.impl.instantiation.AbstractMockFactory.mockk(AbstractMockFactory.kt:59)
	at goos.ui.swing.MainWindowTest$1$1.invokeSuspend(MainWindowTest.kt:90)
	at goos.ui.swing.MainWindowTest$1$1.invoke(MainWindowTest.kt)
	at goos.ui.swing.MainWindowTest$1$1.invoke(MainWindowTest.kt)
	at io.kotest.core.TestConfiguration$beforeTest$1.beforeTest(TestConfiguration.kt:137)
	at io.kotest.core.spec.LifecycleKt.invokeAllBeforeTestCallbacks(lifecycle.kt:76)
	at io.kotest.core.internal.TestCaseExecutor.executeActiveTest(TestCaseExecutor.kt:152)
	at io.kotest.core.internal.TestCaseExecutor.access$executeActiveTest(TestCaseExecutor.kt:57)
	at io.kotest.core.internal.TestCaseExecutor$intercept$innerExecute$1$1.invokeSuspend(TestCaseExecutor.kt:89)
	at io.kotest.core.internal.TestCaseExecutor$intercept$innerExecute$1$1.invoke(TestCaseExecutor.kt)
	at io.kotest.core.internal.TestCaseExecutor$intercept$innerExecute$1$1.invoke(TestCaseExecutor.kt)
	at io.kotest.core.internal.TestCaseExecutor.executeIfEnabled(TestCaseExecutor.kt:117)
	at io.kotest.core.internal.TestCaseExecutor.access$executeIfEnabled(TestCaseExecutor.kt:57)
	at io.kotest.core.internal.TestCaseExecutor$intercept$innerExecute$1.invokeSuspend(TestCaseExecutor.kt:89)
	at io.kotest.core.internal.TestCaseExecutor$intercept$innerExecute$1.invoke(TestCaseExecutor.kt)
	at io.kotest.core.internal.TestCaseExecutor$intercept$innerExecute$1.invoke(TestCaseExecutor.kt)
	at io.kotest.core.internal.TestCaseExecutor.intercept(TestCaseExecutor.kt:103)
	at io.kotest.core.internal.TestCaseExecutor.execute(TestCaseExecutor.kt:69)
	at io.kotest.engine.spec.runners.SingleInstanceSpecRunner.runTest(SingleInstanceSpecRunner.kt:104)
	at io.kotest.engine.spec.runners.SingleInstanceSpecRunner.access$runTest(SingleInstanceSpecRunner.kt:34)
	at io.kotest.engine.spec.runners.SingleInstanceSpecRunner$execute$interceptAndRun$2$4.invokeSuspend(SingleInstanceSpecRunner.kt:57)
	at io.kotest.engine.spec.runners.SingleInstanceSpecRunner$execute$interceptAndRun$2$4.invoke(SingleInstanceSpecRunner.kt)
	at io.kotest.engine.spec.runners.SingleInstanceSpecRunner$execute$interceptAndRun$2$4.invoke(SingleInstanceSpecRunner.kt)
	at io.kotest.engine.launchers.SequentialTestLauncher$launch$3$1$1.invokeSuspend(SequentialTestLauncher.kt:22)
	at kotlin.coroutines.jvm.internal.BaseContinuationImpl.resumeWith(ContinuationImpl.kt:33)
	at kotlinx.coroutines.DispatchedTask.run(DispatchedTask.kt:106)
	at java.base/java.util.concurrent.ThreadPoolExecutor.runWorker(ThreadPoolExecutor.java:1130)
	at java.base/java.util.concurrent.ThreadPoolExecutor$Worker.run(ThreadPoolExecutor.java:630)
	at java.base/java.lang.Thread.run(Thread.java:832)

Sep 13, 2021 2:23:22 AM net.sourceforge.marathon.javaagent.server.JavaServer serve
INFO: JavaServer.serve(POST /session): {
  "desiredCapabilities": {
    "browserName": "java",
    "platform": "ANY"
  },
  "capabilities": {
    "firstMatch": [
      {
        "browserName": "java"
      }
    ]
  }
}
Sep 13, 2021 2:23:22 AM net.sourceforge.marathon.javaagent.server.JavaServer createSession
INFO: Creating device with type: EVENT_QUEUE
Sep 13, 2021 2:23:22 AM net.sourceforge.marathon.javaagent.Device getDevice
INFO: Creating a EVENT_QUEUE device
Sep 13, 2021 2:23:22 AM net.sourceforge.marathon.javaagent.server.JavaServer serve
INFO: POST(/session, {"desiredCapabilities":{"browserName":"java","platform":"ANY"},"capabilities":{"firstMatch":[{"browserName":"java"}]}}) = {data=, status=REDIRECT}
Sep 13, 2021 2:23:22 AM net.sourceforge.marathon.javaagent.server.JavaServer serve
INFO: JavaServer.serve(GET /session/add1f6e0-32a4-42ef-886b-1c041d8d005c): {}
Sep 13, 2021 2:23:22 AM net.sourceforge.marathon.javaagent.server.JavaServer serve
INFO: GET(/session/add1f6e0-32a4-42ef-886b-1c041d8d005c) = {data={"name":"getCapabilities","sessionId":"add1f6e0-32a4-42ef-886b-1c041d8d005c","value":{"applicationCacheEnabled":false,"rotatable":false,"loggingPrefs":{"driver":"ALL"},"handlesAlerts":false,"databaseEnabled":false,"version":"1.0","platform":"ANY","browserConnectionEnabled":false,"nativeEvents":false,"acceptSslCerts":false,"locationContextEnabled":false,"webStorageEnabled":false,"browserName":"java","takesScreenshot":true,"javascriptEnabled":true,"cssSelectorsEnabled":false},"status":0}, status=OK}
Sep 13, 2021 2:23:22 AM org.openqa.selenium.remote.ProtocolHandshake createSession
INFO: Detected dialect: OSS
Sep 13, 2021 2:23:22 AM net.sourceforge.marathon.javaagent.server.JavaServer serve
INFO: JavaServer.serve(POST /session/add1f6e0-32a4-42ef-886b-1c041d8d005c/element): {
  "using": "css selector",
  "value": "."
}
Sep 13, 2021 2:23:22 AM net.sourceforge.marathon.javaagent.server.JavaServer serve
INFO: POST(/session/add1f6e0-32a4-42ef-886b-1c041d8d005c/element, {"using":"css selector","value":"."}) = {data={"name":"findElement","sessionId":"add1f6e0-32a4-42ef-886b-1c041d8d005c","value":{"ELEMENT":"551ec749-631b-4d30-bf93-61c2c30ff484"},"status":0}, status=OK}
Sep 13, 2021 2:23:22 AM net.sourceforge.marathon.javaagent.server.JavaServer serve
INFO: JavaServer.serve(GET /session/add1f6e0-32a4-42ef-886b-1c041d8d005c/element/551ec749-631b-4d30-bf93-61c2c30ff484/attribute/name): {}
Sep 13, 2021 2:23:22 AM net.sourceforge.marathon.javaagent.server.JavaServer serve
INFO: GET(/session/add1f6e0-32a4-42ef-886b-1c041d8d005c/element/551ec749-631b-4d30-bf93-61c2c30ff484/attribute/name) = {data={"name":"getElementAttribute","sessionId":"add1f6e0-32a4-42ef-886b-1c041d8d005c","value":"Auction Sniper Name","status":0}, status=OK}
Sep 13, 2021 2:23:22 AM net.sourceforge.marathon.javaagent.server.JavaServer serve
INFO: JavaServer.serve(POST /session/add1f6e0-32a4-42ef-886b-1c041d8d005c/element): {
  "using": "css selector",
  "value": "."
}
Sep 13, 2021 2:23:22 AM net.sourceforge.marathon.javaagent.server.JavaServer serve
INFO: POST(/session/add1f6e0-32a4-42ef-886b-1c041d8d005c/element, {"using":"css selector","value":"."}) = {data={"name":"findElement","sessionId":"add1f6e0-32a4-42ef-886b-1c041d8d005c","value":{"ELEMENT":"551ec749-631b-4d30-bf93-61c2c30ff484"},"status":0}, status=OK}
Sep 13, 2021 2:23:23 AM net.sourceforge.marathon.javaagent.server.JavaServer serve
INFO: JavaServer.serve(GET /session/add1f6e0-32a4-42ef-886b-1c041d8d005c/element/551ec749-631b-4d30-bf93-61c2c30ff484/displayed): {}
Sep 13, 2021 2:23:23 AM net.sourceforge.marathon.javaagent.server.JavaServer serve
INFO: GET(/session/add1f6e0-32a4-42ef-886b-1c041d8d005c/element/551ec749-631b-4d30-bf93-61c2c30ff484/displayed) = {data={"name":"isDisplayed","sessionId":"add1f6e0-32a4-42ef-886b-1c041d8d005c","value":true,"status":0}, status=OK}
Sep 13, 2021 2:23:23 AM net.sourceforge.marathon.javaagent.server.JavaServer serve
INFO: JavaServer.serve(GET /session/add1f6e0-32a4-42ef-886b-1c041d8d005c/title): {}
Sep 13, 2021 2:23:23 AM net.sourceforge.marathon.javaagent.server.JavaServer serve
INFO: GET(/session/add1f6e0-32a4-42ef-886b-1c041d8d005c/title) = {data={"name":"getWindowTitle","sessionId":"add1f6e0-32a4-42ef-886b-1c041d8d005c","value":"Auction Sniper","status":0}, status=OK}
Sep 13, 2021 2:23:23 AM net.sourceforge.marathon.javaagent.server.JavaServer serve
INFO: JavaServer.serve(POST /session/add1f6e0-32a4-42ef-886b-1c041d8d005c/element): {
  "using": "name",
  "value": "snipers table"
}
Sep 13, 2021 2:23:23 AM net.sourceforge.marathon.javaagent.server.JavaServer serve
INFO: POST(/session/add1f6e0-32a4-42ef-886b-1c041d8d005c/element, {"using":"name","value":"snipers table"}) = {data={"name":"findElement","sessionId":"add1f6e0-32a4-42ef-886b-1c041d8d005c","value":{"ELEMENT":"ca6ec2b3-f787-4e75-b330-fc28b3fa830f"},"status":0}, status=OK}
Sep 13, 2021 2:23:23 AM net.sourceforge.marathon.javaagent.server.JavaServer serve
INFO: JavaServer.serve(POST /session/add1f6e0-32a4-42ef-886b-1c041d8d005c/element/ca6ec2b3-f787-4e75-b330-fc28b3fa830f/elements): {
  "id": "ca6ec2b3-f787-4e75-b330-fc28b3fa830f",
  "using": "css selector",
  "value": ".::header.::all-items"
}
Sep 13, 2021 2:23:23 AM net.sourceforge.marathon.javaagent.server.JavaServer serve
INFO: POST(/session/add1f6e0-32a4-42ef-886b-1c041d8d005c/element/ca6ec2b3-f787-4e75-b330-fc28b3fa830f/elements, {"using":"css selector","id":"ca6ec2b3-f787-4e75-b330-fc28b3fa830f","value":".::header.::all-items"}) = {data={"name":"findElementsOfElement","sessionId":"add1f6e0-32a4-42ef-886b-1c041d8d005c","value":[{"ELEMENT":"e594559b-ee42-4e74-87d6-01c04de71df8%23%7B%22selector%22%3A%22nth-item%22%2C%22parameters%22%3A%5B1%5D%7D"},{"ELEMENT":"e594559b-ee42-4e74-87d6-01c04de71df8%23%7B%22selector%22%3A%22nth-item%22%2C%22parameters%22%3A%5B2%5D%7D"},{"ELEMENT":"e594559b-ee42-4e74-87d6-01c04de71df8%23%7B%22selector%22%3A%22nth-item%22%2C%22parameters%22%3A%5B3%5D%7D"},{"ELEMENT":"e594559b-ee42-4e74-87d6-01c04de71df8%23%7B%22selector%22%3A%22nth-item%22%2C%22parameters%22%3A%5B4%5D%7D"}],"status":0}, status=OK}
Sep 13, 2021 2:23:23 AM net.sourceforge.marathon.javaagent.server.JavaServer serve
INFO: JavaServer.serve(GET /session/add1f6e0-32a4-42ef-886b-1c041d8d005c/element/e594559b-ee42-4e74-87d6-01c04de71df8%23%7B%22selector%22%3A%22nth-item%22%2C%22parameters%22%3A%5B1%5D%7D/text): {}
Sep 13, 2021 2:23:23 AM net.sourceforge.marathon.javaagent.server.JavaServer serve
INFO: GET(/session/add1f6e0-32a4-42ef-886b-1c041d8d005c/element/e594559b-ee42-4e74-87d6-01c04de71df8%23%7B%22selector%22%3A%22nth-item%22%2C%22parameters%22%3A%5B1%5D%7D/text) = {data={"name":"getElementText","sessionId":"add1f6e0-32a4-42ef-886b-1c041d8d005c","value":"Item","status":0}, status=OK}
Sep 13, 2021 2:23:23 AM net.sourceforge.marathon.javaagent.server.JavaServer serve
INFO: JavaServer.serve(GET /session/add1f6e0-32a4-42ef-886b-1c041d8d005c/element/e594559b-ee42-4e74-87d6-01c04de71df8%23%7B%22selector%22%3A%22nth-item%22%2C%22parameters%22%3A%5B2%5D%7D/text): {}
Sep 13, 2021 2:23:23 AM net.sourceforge.marathon.javaagent.server.JavaServer serve
INFO: GET(/session/add1f6e0-32a4-42ef-886b-1c041d8d005c/element/e594559b-ee42-4e74-87d6-01c04de71df8%23%7B%22selector%22%3A%22nth-item%22%2C%22parameters%22%3A%5B2%5D%7D/text) = {data={"name":"getElementText","sessionId":"add1f6e0-32a4-42ef-886b-1c041d8d005c","value":"Last Price","status":0}, status=OK}
Sep 13, 2021 2:23:23 AM net.sourceforge.marathon.javaagent.server.JavaServer serve
INFO: JavaServer.serve(GET /session/add1f6e0-32a4-42ef-886b-1c041d8d005c/element/e594559b-ee42-4e74-87d6-01c04de71df8%23%7B%22selector%22%3A%22nth-item%22%2C%22parameters%22%3A%5B3%5D%7D/text): {}
Sep 13, 2021 2:23:23 AM net.sourceforge.marathon.javaagent.server.JavaServer serve
INFO: GET(/session/add1f6e0-32a4-42ef-886b-1c041d8d005c/element/e594559b-ee42-4e74-87d6-01c04de71df8%23%7B%22selector%22%3A%22nth-item%22%2C%22parameters%22%3A%5B3%5D%7D/text) = {data={"name":"getElementText","sessionId":"add1f6e0-32a4-42ef-886b-1c041d8d005c","value":"Last Bid","status":0}, status=OK}
Sep 13, 2021 2:23:23 AM net.sourceforge.marathon.javaagent.server.JavaServer serve
INFO: JavaServer.serve(GET /session/add1f6e0-32a4-42ef-886b-1c041d8d005c/element/e594559b-ee42-4e74-87d6-01c04de71df8%23%7B%22selector%22%3A%22nth-item%22%2C%22parameters%22%3A%5B4%5D%7D/text): {}
Sep 13, 2021 2:23:23 AM net.sourceforge.marathon.javaagent.server.JavaServer serve
INFO: GET(/session/add1f6e0-32a4-42ef-886b-1c041d8d005c/element/e594559b-ee42-4e74-87d6-01c04de71df8%23%7B%22selector%22%3A%22nth-item%22%2C%22parameters%22%3A%5B4%5D%7D/text) = {data={"name":"getElementText","sessionId":"add1f6e0-32a4-42ef-886b-1c041d8d005c","value":"State","status":0}, status=OK}
Sep 13, 2021 2:23:23 AM net.sourceforge.marathon.javaagent.server.JavaServer serve
INFO: JavaServer.serve(DELETE /session/add1f6e0-32a4-42ef-886b-1c041d8d005c/window): {}
Sep 13, 2021 2:23:23 AM net.sourceforge.marathon.javaagent.server.JavaServer serve
INFO: DELETE(/session/add1f6e0-32a4-42ef-886b-1c041d8d005c/window) = {data={"name":"closeSession","sessionId":"add1f6e0-32a4-42ef-886b-1c041d8d005c","status":0}, status=OK}
Sep 13, 2021 2:23:23 AM net.sourceforge.marathon.javaagent.server.JavaServer serve
INFO: JavaServer.serve(POST /session): {
  "desiredCapabilities": {
    "browserName": "java",
    "platform": "ANY"
  },
  "capabilities": {
    "firstMatch": [
      {
        "browserName": "java"
      }
    ]
  }
}
Sep 13, 2021 2:23:23 AM net.sourceforge.marathon.javaagent.server.JavaServer createSession
INFO: Creating device with type: EVENT_QUEUE
Sep 13, 2021 2:23:23 AM net.sourceforge.marathon.javaagent.Device getDevice
INFO: Creating a EVENT_QUEUE device
Sep 13, 2021 2:23:23 AM net.sourceforge.marathon.javaagent.server.JavaServer serve
INFO: POST(/session, {"desiredCapabilities":{"browserName":"java","platform":"ANY"},"capabilities":{"firstMatch":[{"browserName":"java"}]}}) = {data=, status=REDIRECT}
Sep 13, 2021 2:23:23 AM net.sourceforge.marathon.javaagent.server.JavaServer serve
INFO: JavaServer.serve(GET /session/23c1341f-e169-4217-9554-229358ed8fd8): {}
Sep 13, 2021 2:23:23 AM net.sourceforge.marathon.javaagent.server.JavaServer serve
INFO: GET(/session/23c1341f-e169-4217-9554-229358ed8fd8) = {data={"name":"getCapabilities","sessionId":"23c1341f-e169-4217-9554-229358ed8fd8","value":{"applicationCacheEnabled":false,"rotatable":false,"loggingPrefs":{"driver":"ALL"},"handlesAlerts":false,"databaseEnabled":false,"version":"1.0","platform":"ANY","browserConnectionEnabled":false,"nativeEvents":false,"acceptSslCerts":false,"locationContextEnabled":false,"webStorageEnabled":false,"browserName":"java","takesScreenshot":true,"javascriptEnabled":true,"cssSelectorsEnabled":false},"status":0}, status=OK}
Sep 13, 2021 2:23:23 AM org.openqa.selenium.remote.ProtocolHandshake createSession
INFO: Detected dialect: OSS
Sep 13, 2021 2:23:23 AM net.sourceforge.marathon.javaagent.server.JavaServer serve
INFO: JavaServer.serve(POST /session/23c1341f-e169-4217-9554-229358ed8fd8/element): {
  "using": "name",
  "value": "new item id field"
}
Sep 13, 2021 2:23:23 AM net.sourceforge.marathon.javaagent.server.JavaServer serve
INFO: POST(/session/23c1341f-e169-4217-9554-229358ed8fd8/element, {"using":"name","value":"new item id field"}) = {data={"name":"findElement","sessionId":"23c1341f-e169-4217-9554-229358ed8fd8","value":{"ELEMENT":"7a39c6bf-91b3-4efa-a963-aab9d6389a3b"},"status":0}, status=OK}
Sep 13, 2021 2:23:23 AM net.sourceforge.marathon.javaagent.server.JavaServer serve
INFO: JavaServer.serve(POST /session/23c1341f-e169-4217-9554-229358ed8fd8/element/7a39c6bf-91b3-4efa-a963-aab9d6389a3b/clear): {
  "id": "7a39c6bf-91b3-4efa-a963-aab9d6389a3b"
}
Sep 13, 2021 2:23:23 AM net.sourceforge.marathon.javaagent.server.JavaServer serve
INFO: POST(/session/23c1341f-e169-4217-9554-229358ed8fd8/element/7a39c6bf-91b3-4efa-a963-aab9d6389a3b/clear, {"id":"7a39c6bf-91b3-4efa-a963-aab9d6389a3b"}) = {data={"name":"clearElement","sessionId":"23c1341f-e169-4217-9554-229358ed8fd8","status":0}, status=OK}
Sep 13, 2021 2:23:23 AM net.sourceforge.marathon.javaagent.server.JavaServer serve
INFO: JavaServer.serve(POST /session/23c1341f-e169-4217-9554-229358ed8fd8/element/7a39c6bf-91b3-4efa-a963-aab9d6389a3b/value): {
  "id": "7a39c6bf-91b3-4efa-a963-aab9d6389a3b",
  "value": [
    "an item-id"
  ]
}
Sep 13, 2021 2:23:23 AM net.sourceforge.marathon.javaagent.EventQueueDevice dispatchEvent
INFO: java.awt.event.KeyEvent[KEY_PRESSED,keyCode=65,keyText=A,keyChar='a',keyLocation=KEY_LOCATION_UNKNOWN,rawCode=0,primaryLevelUnicode=0,scancode=0,extendedKeyCode=0x0] on new item id field
Sep 13, 2021 2:23:23 AM net.sourceforge.marathon.javaagent.EventQueueDevice dispatchEvent
INFO: java.awt.event.KeyEvent[KEY_TYPED,keyCode=0,keyText=Unknown keyCode: 0x0,keyChar='a',keyLocation=KEY_LOCATION_UNKNOWN,rawCode=0,primaryLevelUnicode=0,scancode=0,extendedKeyCode=0x0] on new item id field
Sep 13, 2021 2:23:23 AM net.sourceforge.marathon.javaagent.EventQueueDevice dispatchEvent
INFO: java.awt.event.KeyEvent[KEY_RELEASED,keyCode=65,keyText=A,keyChar='a',keyLocation=KEY_LOCATION_UNKNOWN,rawCode=0,primaryLevelUnicode=0,scancode=0,extendedKeyCode=0x0] on new item id field
Sep 13, 2021 2:23:23 AM net.sourceforge.marathon.javaagent.EventQueueDevice dispatchEvent
INFO: java.awt.event.KeyEvent[KEY_PRESSED,keyCode=78,keyText=N,keyChar='n',keyLocation=KEY_LOCATION_UNKNOWN,rawCode=0,primaryLevelUnicode=0,scancode=0,extendedKeyCode=0x0] on new item id field
Sep 13, 2021 2:23:23 AM net.sourceforge.marathon.javaagent.EventQueueDevice dispatchEvent
INFO: java.awt.event.KeyEvent[KEY_TYPED,keyCode=0,keyText=Unknown keyCode: 0x0,keyChar='n',keyLocation=KEY_LOCATION_UNKNOWN,rawCode=0,primaryLevelUnicode=0,scancode=0,extendedKeyCode=0x0] on new item id field
Sep 13, 2021 2:23:23 AM net.sourceforge.marathon.javaagent.EventQueueDevice dispatchEvent
INFO: java.awt.event.KeyEvent[KEY_RELEASED,keyCode=78,keyText=N,keyChar='n',keyLocation=KEY_LOCATION_UNKNOWN,rawCode=0,primaryLevelUnicode=0,scancode=0,extendedKeyCode=0x0] on new item id field
Sep 13, 2021 2:23:23 AM net.sourceforge.marathon.javaagent.EventQueueDevice dispatchEvent
INFO: java.awt.event.KeyEvent[KEY_PRESSED,keyCode=16,keyText=Shift,keyChar=Undefined keyChar,modifiers=Shift,extModifiers=Shift,keyLocation=KEY_LOCATION_UNKNOWN,rawCode=0,primaryLevelUnicode=0,scancode=0,extendedKeyCode=0x0] on new item id field
Sep 13, 2021 2:23:23 AM net.sourceforge.marathon.javaagent.EventQueueDevice dispatchEvent
INFO: java.awt.event.KeyEvent[KEY_PRESSED,keyCode=32,keyText=Space,keyChar=' ',modifiers=Shift,extModifiers=Shift,keyLocation=KEY_LOCATION_UNKNOWN,rawCode=0,primaryLevelUnicode=0,scancode=0,extendedKeyCode=0x0] on new item id field
Sep 13, 2021 2:23:23 AM net.sourceforge.marathon.javaagent.EventQueueDevice dispatchEvent
INFO: java.awt.event.KeyEvent[KEY_TYPED,keyCode=0,keyText=Unknown keyCode: 0x0,keyChar=' ',modifiers=Shift,extModifiers=Shift,keyLocation=KEY_LOCATION_UNKNOWN,rawCode=0,primaryLevelUnicode=0,scancode=0,extendedKeyCode=0x0] on new item id field
Sep 13, 2021 2:23:23 AM net.sourceforge.marathon.javaagent.EventQueueDevice dispatchEvent
INFO: java.awt.event.KeyEvent[KEY_RELEASED,keyCode=32,keyText=Space,keyChar=' ',modifiers=Shift,extModifiers=Shift,keyLocation=KEY_LOCATION_UNKNOWN,rawCode=0,primaryLevelUnicode=0,scancode=0,extendedKeyCode=0x0] on new item id field
Sep 13, 2021 2:23:23 AM net.sourceforge.marathon.javaagent.EventQueueDevice dispatchEvent
INFO: java.awt.event.KeyEvent[KEY_RELEASED,keyCode=16,keyText=Shift,keyChar=Undefined keyChar,keyLocation=KEY_LOCATION_UNKNOWN,rawCode=0,primaryLevelUnicode=0,scancode=0,extendedKeyCode=0x0] on new item id field
Sep 13, 2021 2:23:23 AM net.sourceforge.marathon.javaagent.EventQueueDevice dispatchEvent
INFO: java.awt.event.KeyEvent[KEY_PRESSED,keyCode=73,keyText=I,keyChar='i',keyLocation=KEY_LOCATION_UNKNOWN,rawCode=0,primaryLevelUnicode=0,scancode=0,extendedKeyCode=0x0] on new item id field
Sep 13, 2021 2:23:23 AM net.sourceforge.marathon.javaagent.EventQueueDevice dispatchEvent
INFO: java.awt.event.KeyEvent[KEY_TYPED,keyCode=0,keyText=Unknown keyCode: 0x0,keyChar='i',keyLocation=KEY_LOCATION_UNKNOWN,rawCode=0,primaryLevelUnicode=0,scancode=0,extendedKeyCode=0x0] on new item id field
Sep 13, 2021 2:23:23 AM net.sourceforge.marathon.javaagent.EventQueueDevice dispatchEvent
INFO: java.awt.event.KeyEvent[KEY_RELEASED,keyCode=73,keyText=I,keyChar='i',keyLocation=KEY_LOCATION_UNKNOWN,rawCode=0,primaryLevelUnicode=0,scancode=0,extendedKeyCode=0x0] on new item id field
Sep 13, 2021 2:23:23 AM net.sourceforge.marathon.javaagent.EventQueueDevice dispatchEvent
INFO: java.awt.event.KeyEvent[KEY_PRESSED,keyCode=84,keyText=T,keyChar='t',keyLocation=KEY_LOCATION_UNKNOWN,rawCode=0,primaryLevelUnicode=0,scancode=0,extendedKeyCode=0x0] on new item id field
Sep 13, 2021 2:23:23 AM net.sourceforge.marathon.javaagent.EventQueueDevice dispatchEvent
INFO: java.awt.event.KeyEvent[KEY_TYPED,keyCode=0,keyText=Unknown keyCode: 0x0,keyChar='t',keyLocation=KEY_LOCATION_UNKNOWN,rawCode=0,primaryLevelUnicode=0,scancode=0,extendedKeyCode=0x0] on new item id field
Sep 13, 2021 2:23:23 AM net.sourceforge.marathon.javaagent.EventQueueDevice dispatchEvent
INFO: java.awt.event.KeyEvent[KEY_RELEASED,keyCode=84,keyText=T,keyChar='t',keyLocation=KEY_LOCATION_UNKNOWN,rawCode=0,primaryLevelUnicode=0,scancode=0,extendedKeyCode=0x0] on new item id field
Sep 13, 2021 2:23:23 AM net.sourceforge.marathon.javaagent.EventQueueDevice dispatchEvent
INFO: java.awt.event.KeyEvent[KEY_PRESSED,keyCode=69,keyText=E,keyChar='e',keyLocation=KEY_LOCATION_UNKNOWN,rawCode=0,primaryLevelUnicode=0,scancode=0,extendedKeyCode=0x0] on new item id field
Sep 13, 2021 2:23:23 AM net.sourceforge.marathon.javaagent.EventQueueDevice dispatchEvent
INFO: java.awt.event.KeyEvent[KEY_TYPED,keyCode=0,keyText=Unknown keyCode: 0x0,keyChar='e',keyLocation=KEY_LOCATION_UNKNOWN,rawCode=0,primaryLevelUnicode=0,scancode=0,extendedKeyCode=0x0] on new item id field
Sep 13, 2021 2:23:23 AM net.sourceforge.marathon.javaagent.EventQueueDevice dispatchEvent
INFO: java.awt.event.KeyEvent[KEY_RELEASED,keyCode=69,keyText=E,keyChar='e',keyLocation=KEY_LOCATION_UNKNOWN,rawCode=0,primaryLevelUnicode=0,scancode=0,extendedKeyCode=0x0] on new item id field
Sep 13, 2021 2:23:23 AM net.sourceforge.marathon.javaagent.EventQueueDevice dispatchEvent
INFO: java.awt.event.KeyEvent[KEY_PRESSED,keyCode=77,keyText=M,keyChar='m',keyLocation=KEY_LOCATION_UNKNOWN,rawCode=0,primaryLevelUnicode=0,scancode=0,extendedKeyCode=0x0] on new item id field
Sep 13, 2021 2:23:23 AM net.sourceforge.marathon.javaagent.EventQueueDevice dispatchEvent
INFO: java.awt.event.KeyEvent[KEY_TYPED,keyCode=0,keyText=Unknown keyCode: 0x0,keyChar='m',keyLocation=KEY_LOCATION_UNKNOWN,rawCode=0,primaryLevelUnicode=0,scancode=0,extendedKeyCode=0x0] on new item id field
Sep 13, 2021 2:23:23 AM net.sourceforge.marathon.javaagent.EventQueueDevice dispatchEvent
INFO: java.awt.event.KeyEvent[KEY_RELEASED,keyCode=77,keyText=M,keyChar='m',keyLocation=KEY_LOCATION_UNKNOWN,rawCode=0,primaryLevelUnicode=0,scancode=0,extendedKeyCode=0x0] on new item id field
Sep 13, 2021 2:23:23 AM net.sourceforge.marathon.javaagent.EventQueueDevice dispatchEvent
INFO: java.awt.event.KeyEvent[KEY_PRESSED,keyCode=45,keyText=Minus,keyChar='-',keyLocation=KEY_LOCATION_UNKNOWN,rawCode=0,primaryLevelUnicode=0,scancode=0,extendedKeyCode=0x0] on new item id field
Sep 13, 2021 2:23:23 AM net.sourceforge.marathon.javaagent.EventQueueDevice dispatchEvent
INFO: java.awt.event.KeyEvent[KEY_TYPED,keyCode=0,keyText=Unknown keyCode: 0x0,keyChar='-',keyLocation=KEY_LOCATION_UNKNOWN,rawCode=0,primaryLevelUnicode=0,scancode=0,extendedKeyCode=0x0] on new item id field
Sep 13, 2021 2:23:23 AM net.sourceforge.marathon.javaagent.EventQueueDevice dispatchEvent
INFO: java.awt.event.KeyEvent[KEY_RELEASED,keyCode=45,keyText=Minus,keyChar='-',keyLocation=KEY_LOCATION_UNKNOWN,rawCode=0,primaryLevelUnicode=0,scancode=0,extendedKeyCode=0x0] on new item id field
Sep 13, 2021 2:23:23 AM net.sourceforge.marathon.javaagent.EventQueueDevice dispatchEvent
INFO: java.awt.event.KeyEvent[KEY_PRESSED,keyCode=73,keyText=I,keyChar='i',keyLocation=KEY_LOCATION_UNKNOWN,rawCode=0,primaryLevelUnicode=0,scancode=0,extendedKeyCode=0x0] on new item id field
Sep 13, 2021 2:23:23 AM net.sourceforge.marathon.javaagent.EventQueueDevice dispatchEvent
INFO: java.awt.event.KeyEvent[KEY_TYPED,keyCode=0,keyText=Unknown keyCode: 0x0,keyChar='i',keyLocation=KEY_LOCATION_UNKNOWN,rawCode=0,primaryLevelUnicode=0,scancode=0,extendedKeyCode=0x0] on new item id field
Sep 13, 2021 2:23:23 AM net.sourceforge.marathon.javaagent.EventQueueDevice dispatchEvent
INFO: java.awt.event.KeyEvent[KEY_RELEASED,keyCode=73,keyText=I,keyChar='i',keyLocation=KEY_LOCATION_UNKNOWN,rawCode=0,primaryLevelUnicode=0,scancode=0,extendedKeyCode=0x0] on new item id field
Sep 13, 2021 2:23:23 AM net.sourceforge.marathon.javaagent.EventQueueDevice dispatchEvent
INFO: java.awt.event.KeyEvent[KEY_PRESSED,keyCode=68,keyText=D,keyChar='d',keyLocation=KEY_LOCATION_UNKNOWN,rawCode=0,primaryLevelUnicode=0,scancode=0,extendedKeyCode=0x0] on new item id field
Sep 13, 2021 2:23:23 AM net.sourceforge.marathon.javaagent.EventQueueDevice dispatchEvent
INFO: java.awt.event.KeyEvent[KEY_TYPED,keyCode=0,keyText=Unknown keyCode: 0x0,keyChar='d',keyLocation=KEY_LOCATION_UNKNOWN,rawCode=0,primaryLevelUnicode=0,scancode=0,extendedKeyCode=0x0] on new item id field
Sep 13, 2021 2:23:23 AM net.sourceforge.marathon.javaagent.EventQueueDevice dispatchEvent
INFO: java.awt.event.KeyEvent[KEY_RELEASED,keyCode=68,keyText=D,keyChar='d',keyLocation=KEY_LOCATION_UNKNOWN,rawCode=0,primaryLevelUnicode=0,scancode=0,extendedKeyCode=0x0] on new item id field
Sep 13, 2021 2:23:23 AM net.sourceforge.marathon.javaagent.server.JavaServer serve
INFO: POST(/session/23c1341f-e169-4217-9554-229358ed8fd8/element/7a39c6bf-91b3-4efa-a963-aab9d6389a3b/value, {"id":"7a39c6bf-91b3-4efa-a963-aab9d6389a3b","value":["an item-id"]}) = {data={"name":"sendKeysElement","sessionId":"23c1341f-e169-4217-9554-229358ed8fd8","status":0}, status=OK}
Sep 13, 2021 2:23:23 AM net.sourceforge.marathon.javaagent.server.JavaServer serve
INFO: JavaServer.serve(POST /session/23c1341f-e169-4217-9554-229358ed8fd8/element): {
  "using": "name",
  "value": "new item stop price field"
}
Sep 13, 2021 2:23:23 AM net.sourceforge.marathon.javaagent.server.JavaServer serve
INFO: POST(/session/23c1341f-e169-4217-9554-229358ed8fd8/element, {"using":"name","value":"new item stop price field"}) = {data={"name":"findElement","sessionId":"23c1341f-e169-4217-9554-229358ed8fd8","value":{"ELEMENT":"71237893-c7ba-43fa-a409-d4e2df9bba91"},"status":0}, status=OK}
Sep 13, 2021 2:23:23 AM net.sourceforge.marathon.javaagent.server.JavaServer serve
INFO: JavaServer.serve(POST /session/23c1341f-e169-4217-9554-229358ed8fd8/element/71237893-c7ba-43fa-a409-d4e2df9bba91/clear): {
  "id": "71237893-c7ba-43fa-a409-d4e2df9bba91"
}
Sep 13, 2021 2:23:23 AM net.sourceforge.marathon.javaagent.server.JavaServer serve
INFO: POST(/session/23c1341f-e169-4217-9554-229358ed8fd8/element/71237893-c7ba-43fa-a409-d4e2df9bba91/clear, {"id":"71237893-c7ba-43fa-a409-d4e2df9bba91"}) = {data={"name":"clearElement","sessionId":"23c1341f-e169-4217-9554-229358ed8fd8","status":0}, status=OK}
Sep 13, 2021 2:23:23 AM net.sourceforge.marathon.javaagent.server.JavaServer serve
INFO: JavaServer.serve(POST /session/23c1341f-e169-4217-9554-229358ed8fd8/element/71237893-c7ba-43fa-a409-d4e2df9bba91/value): {
  "id": "71237893-c7ba-43fa-a409-d4e2df9bba91",
  "value": [
    "11000"
  ]
}
Sep 13, 2021 2:23:23 AM net.sourceforge.marathon.javaagent.EventQueueDevice dispatchEvent
INFO: java.awt.event.KeyEvent[KEY_PRESSED,keyCode=49,keyText=1,keyChar='1',keyLocation=KEY_LOCATION_UNKNOWN,rawCode=0,primaryLevelUnicode=0,scancode=0,extendedKeyCode=0x0] on new item stop price field
Sep 13, 2021 2:23:23 AM net.sourceforge.marathon.javaagent.EventQueueDevice dispatchEvent
INFO: java.awt.event.KeyEvent[KEY_TYPED,keyCode=0,keyText=Unknown keyCode: 0x0,keyChar='1',keyLocation=KEY_LOCATION_UNKNOWN,rawCode=0,primaryLevelUnicode=0,scancode=0,extendedKeyCode=0x0] on new item stop price field
Sep 13, 2021 2:23:23 AM net.sourceforge.marathon.javaagent.EventQueueDevice dispatchEvent
INFO: java.awt.event.KeyEvent[KEY_RELEASED,keyCode=49,keyText=1,keyChar='1',keyLocation=KEY_LOCATION_UNKNOWN,rawCode=0,primaryLevelUnicode=0,scancode=0,extendedKeyCode=0x0] on new item stop price field
Sep 13, 2021 2:23:23 AM net.sourceforge.marathon.javaagent.EventQueueDevice dispatchEvent
INFO: java.awt.event.KeyEvent[KEY_PRESSED,keyCode=49,keyText=1,keyChar='1',keyLocation=KEY_LOCATION_UNKNOWN,rawCode=0,primaryLevelUnicode=0,scancode=0,extendedKeyCode=0x0] on new item stop price field
Sep 13, 2021 2:23:23 AM net.sourceforge.marathon.javaagent.EventQueueDevice dispatchEvent
INFO: java.awt.event.KeyEvent[KEY_TYPED,keyCode=0,keyText=Unknown keyCode: 0x0,keyChar='1',keyLocation=KEY_LOCATION_UNKNOWN,rawCode=0,primaryLevelUnicode=0,scancode=0,extendedKeyCode=0x0] on new item stop price field
Sep 13, 2021 2:23:23 AM net.sourceforge.marathon.javaagent.EventQueueDevice dispatchEvent
INFO: java.awt.event.KeyEvent[KEY_RELEASED,keyCode=49,keyText=1,keyChar='1',keyLocation=KEY_LOCATION_UNKNOWN,rawCode=0,primaryLevelUnicode=0,scancode=0,extendedKeyCode=0x0] on new item stop price field
Sep 13, 2021 2:23:23 AM net.sourceforge.marathon.javaagent.EventQueueDevice dispatchEvent
INFO: java.awt.event.KeyEvent[KEY_PRESSED,keyCode=48,keyText=0,keyChar='0',keyLocation=KEY_LOCATION_UNKNOWN,rawCode=0,primaryLevelUnicode=0,scancode=0,extendedKeyCode=0x0] on new item stop price field
Sep 13, 2021 2:23:23 AM net.sourceforge.marathon.javaagent.EventQueueDevice dispatchEvent
INFO: java.awt.event.KeyEvent[KEY_TYPED,keyCode=0,keyText=Unknown keyCode: 0x0,keyChar='0',keyLocation=KEY_LOCATION_UNKNOWN,rawCode=0,primaryLevelUnicode=0,scancode=0,extendedKeyCode=0x0] on new item stop price field
Sep 13, 2021 2:23:23 AM net.sourceforge.marathon.javaagent.EventQueueDevice dispatchEvent
INFO: java.awt.event.KeyEvent[KEY_RELEASED,keyCode=48,keyText=0,keyChar='0',keyLocation=KEY_LOCATION_UNKNOWN,rawCode=0,primaryLevelUnicode=0,scancode=0,extendedKeyCode=0x0] on new item stop price field
Sep 13, 2021 2:23:23 AM net.sourceforge.marathon.javaagent.EventQueueDevice dispatchEvent
INFO: java.awt.event.KeyEvent[KEY_PRESSED,keyCode=48,keyText=0,keyChar='0',keyLocation=KEY_LOCATION_UNKNOWN,rawCode=0,primaryLevelUnicode=0,scancode=0,extendedKeyCode=0x0] on new item stop price field
Sep 13, 2021 2:23:23 AM net.sourceforge.marathon.javaagent.EventQueueDevice dispatchEvent
INFO: java.awt.event.KeyEvent[KEY_TYPED,keyCode=0,keyText=Unknown keyCode: 0x0,keyChar='0',keyLocation=KEY_LOCATION_UNKNOWN,rawCode=0,primaryLevelUnicode=0,scancode=0,extendedKeyCode=0x0] on new item stop price field
Sep 13, 2021 2:23:23 AM net.sourceforge.marathon.javaagent.EventQueueDevice dispatchEvent
INFO: java.awt.event.KeyEvent[KEY_RELEASED,keyCode=48,keyText=0,keyChar='0',keyLocation=KEY_LOCATION_UNKNOWN,rawCode=0,primaryLevelUnicode=0,scancode=0,extendedKeyCode=0x0] on new item stop price field
Sep 13, 2021 2:23:23 AM net.sourceforge.marathon.javaagent.EventQueueDevice dispatchEvent
INFO: java.awt.event.KeyEvent[KEY_PRESSED,keyCode=48,keyText=0,keyChar='0',keyLocation=KEY_LOCATION_UNKNOWN,rawCode=0,primaryLevelUnicode=0,scancode=0,extendedKeyCode=0x0] on new item stop price field
Sep 13, 2021 2:23:23 AM net.sourceforge.marathon.javaagent.EventQueueDevice dispatchEvent
INFO: java.awt.event.KeyEvent[KEY_TYPED,keyCode=0,keyText=Unknown keyCode: 0x0,keyChar='0',keyLocation=KEY_LOCATION_UNKNOWN,rawCode=0,primaryLevelUnicode=0,scancode=0,extendedKeyCode=0x0] on new item stop price field
Sep 13, 2021 2:23:23 AM net.sourceforge.marathon.javaagent.EventQueueDevice dispatchEvent
INFO: java.awt.event.KeyEvent[KEY_RELEASED,keyCode=48,keyText=0,keyChar='0',keyLocation=KEY_LOCATION_UNKNOWN,rawCode=0,primaryLevelUnicode=0,scancode=0,extendedKeyCode=0x0] on new item stop price field
Sep 13, 2021 2:23:23 AM net.sourceforge.marathon.javaagent.server.JavaServer serve
INFO: POST(/session/23c1341f-e169-4217-9554-229358ed8fd8/element/71237893-c7ba-43fa-a409-d4e2df9bba91/value, {"id":"71237893-c7ba-43fa-a409-d4e2df9bba91","value":["11000"]}) = {data={"name":"sendKeysElement","sessionId":"23c1341f-e169-4217-9554-229358ed8fd8","status":0}, status=OK}
Sep 13, 2021 2:23:23 AM net.sourceforge.marathon.javaagent.server.JavaServer serve
INFO: JavaServer.serve(POST /session/23c1341f-e169-4217-9554-229358ed8fd8/element): {
  "using": "name",
  "value": "join button"
}
Sep 13, 2021 2:23:23 AM net.sourceforge.marathon.javaagent.server.JavaServer serve
INFO: POST(/session/23c1341f-e169-4217-9554-229358ed8fd8/element, {"using":"name","value":"join button"}) = {data={"name":"findElement","sessionId":"23c1341f-e169-4217-9554-229358ed8fd8","value":{"ELEMENT":"262a2b5a-41cd-453b-b4d0-019e316fa20a"},"status":0}, status=OK}
Sep 13, 2021 2:23:23 AM net.sourceforge.marathon.javaagent.server.JavaServer serve
INFO: JavaServer.serve(POST /session/23c1341f-e169-4217-9554-229358ed8fd8/element/262a2b5a-41cd-453b-b4d0-019e316fa20a/click): {
  "id": "262a2b5a-41cd-453b-b4d0-019e316fa20a"
}
Sep 13, 2021 2:23:23 AM net.sourceforge.marathon.javaagent.EventQueueDevice dispatchEvent
INFO: java.awt.event.MouseEvent[MOUSE_PRESSED,(58,12),absolute(589,17),button=1,modifiers=Button1,extModifiers=Button1,clickCount=1] on join button
Sep 13, 2021 2:23:23 AM net.sourceforge.marathon.javaagent.EventQueueDevice dispatchEvent
INFO: java.awt.event.MouseEvent[MOUSE_RELEASED,(58,12),absolute(589,17),button=1,modifiers=Button1,clickCount=1] on join button
Sep 13, 2021 2:23:23 AM net.sourceforge.marathon.javaagent.EventQueueDevice dispatchEvent
INFO: java.awt.event.MouseEvent[MOUSE_CLICKED,(58,12),absolute(589,17),button=1,modifiers=Button1,clickCount=1] on join button
Sep 13, 2021 2:23:23 AM net.sourceforge.marathon.javaagent.server.JavaServer serve
INFO: POST(/session/23c1341f-e169-4217-9554-229358ed8fd8/element/262a2b5a-41cd-453b-b4d0-019e316fa20a/click, {"id":"262a2b5a-41cd-453b-b4d0-019e316fa20a"}) = {data={"name":"clickElement","sessionId":"23c1341f-e169-4217-9554-229358ed8fd8","status":0}, status=OK}
Sep 13, 2021 2:23:23 AM net.sourceforge.marathon.javaagent.server.JavaServer serve
INFO: JavaServer.serve(DELETE /session/23c1341f-e169-4217-9554-229358ed8fd8/window): {}
Sep 13, 2021 2:23:23 AM net.sourceforge.marathon.javaagent.server.JavaServer serve
INFO: DELETE(/session/23c1341f-e169-4217-9554-229358ed8fd8/window) = {data={"name":"closeSession","sessionId":"23c1341f-e169-4217-9554-229358ed8fd8","status":0}, status=OK}
Sep 13, 2021 2:23:23 AM net.sourceforge.marathon.javaagent.server.JavaServer serve
INFO: JavaServer.serve(POST /session): {
  "desiredCapabilities": {
    "browserName": "java",
    "platform": "ANY"
  },
  "capabilities": {
    "firstMatch": [
      {
        "browserName": "java"
      }
    ]
  }
}
Sep 13, 2021 2:23:23 AM net.sourceforge.marathon.javaagent.server.JavaServer createSession
INFO: Creating device with type: EVENT_QUEUE
Sep 13, 2021 2:23:23 AM net.sourceforge.marathon.javaagent.Device getDevice
INFO: Creating a EVENT_QUEUE device
Sep 13, 2021 2:23:23 AM net.sourceforge.marathon.javaagent.server.JavaServer serve
INFO: POST(/session, {"desiredCapabilities":{"browserName":"java","platform":"ANY"},"capabilities":{"firstMatch":[{"browserName":"java"}]}}) = {data=, status=REDIRECT}
Sep 13, 2021 2:23:23 AM net.sourceforge.marathon.javaagent.server.JavaServer serve
INFO: JavaServer.serve(GET /session/1c307284-63d7-4222-baf2-41bf5c744f6a): {}
Sep 13, 2021 2:23:23 AM net.sourceforge.marathon.javaagent.server.JavaServer serve
INFO: GET(/session/1c307284-63d7-4222-baf2-41bf5c744f6a) = {data={"name":"getCapabilities","sessionId":"1c307284-63d7-4222-baf2-41bf5c744f6a","value":{"applicationCacheEnabled":false,"rotatable":false,"loggingPrefs":{"driver":"ALL"},"handlesAlerts":false,"databaseEnabled":false,"version":"1.0","platform":"ANY","browserConnectionEnabled":false,"nativeEvents":false,"acceptSslCerts":false,"locationContextEnabled":false,"webStorageEnabled":false,"browserName":"java","takesScreenshot":true,"javascriptEnabled":true,"cssSelectorsEnabled":false},"status":0}, status=OK}
Sep 13, 2021 2:23:23 AM org.openqa.selenium.remote.ProtocolHandshake createSession
INFO: Detected dialect: OSS
Sep 13, 2021 2:23:23 AM net.sourceforge.marathon.javaagent.server.JavaServer serve
INFO: JavaServer.serve(POST /session/1c307284-63d7-4222-baf2-41bf5c744f6a/element): {
  "using": "name",
  "value": "sniper reset button"
}
Sep 13, 2021 2:23:23 AM net.sourceforge.marathon.javaagent.server.JavaServer serve
INFO: POST(/session/1c307284-63d7-4222-baf2-41bf5c744f6a/element, {"using":"name","value":"sniper reset button"}) = {data={"name":"findElement","sessionId":"1c307284-63d7-4222-baf2-41bf5c744f6a","value":{"ELEMENT":"9704a888-8034-4755-8c9c-8959722b245b"},"status":0}, status=OK}
Sep 13, 2021 2:23:23 AM net.sourceforge.marathon.javaagent.server.JavaServer serve
INFO: JavaServer.serve(POST /session/1c307284-63d7-4222-baf2-41bf5c744f6a/element/9704a888-8034-4755-8c9c-8959722b245b/click): {
  "id": "9704a888-8034-4755-8c9c-8959722b245b"
}
Sep 13, 2021 2:23:24 AM net.sourceforge.marathon.javaagent.EventQueueDevice dispatchEvent
INFO: java.awt.event.MouseEvent[MOUSE_PRESSED,(37,12),absolute(326,474),button=1,modifiers=Button1,extModifiers=Button1,clickCount=1] on sniper reset button
Sep 13, 2021 2:23:24 AM net.sourceforge.marathon.javaagent.EventQueueDevice dispatchEvent
INFO: java.awt.event.MouseEvent[MOUSE_RELEASED,(37,12),absolute(326,474),button=1,modifiers=Button1,clickCount=1] on sniper reset button
Sep 13, 2021 2:23:24 AM net.sourceforge.marathon.javaagent.EventQueueDevice dispatchEvent
INFO: java.awt.event.MouseEvent[MOUSE_CLICKED,(37,12),absolute(326,474),button=1,modifiers=Button1,clickCount=1] on sniper reset button
Sep 13, 2021 2:23:24 AM net.sourceforge.marathon.javaagent.server.JavaServer serve
INFO: POST(/session/1c307284-63d7-4222-baf2-41bf5c744f6a/element/9704a888-8034-4755-8c9c-8959722b245b/click, {"id":"9704a888-8034-4755-8c9c-8959722b245b"}) = {data={"name":"clickElement","sessionId":"1c307284-63d7-4222-baf2-41bf5c744f6a","status":0}, status=OK}
Sep 13, 2021 2:23:24 AM net.sourceforge.marathon.javaagent.server.JavaServer serve
INFO: JavaServer.serve(DELETE /session/1c307284-63d7-4222-baf2-41bf5c744f6a/window): {}
Sep 13, 2021 2:23:24 AM net.sourceforge.marathon.javaagent.server.JavaServer serve
INFO: DELETE(/session/1c307284-63d7-4222-baf2-41bf5c744f6a/window) = {data={"name":"closeSession","sessionId":"1c307284-63d7-4222-baf2-41bf5c744f6a","status":0}, status=OK}
]]></system-err>
</testsuite>
