<?xml version="1.0" encoding="UTF-8"?>
<testsuite name="goos.ui.swing.MainWindowTest" tests="3" skipped="0" failures="0" errors="0" timestamp="2021-12-07T02:32:19" hostname="buildkitsandbox" time="3.652">
  <properties/>
  <testcase name="window has expected features" classname="goos.ui.swing.MainWindowTest" time="2.681"/>
  <testcase name="make user request when join button clicked" classname="goos.ui.swing.MainWindowTest" time="0.78"/>
  <testcase name="make user request when reset button clicked" classname="goos.ui.swing.MainWindowTest" time="0.186"/>
  <system-out><![CDATA[]]></system-out>
  <system-err><![CDATA[Dec 07, 2021 2:32:19 AM io.mockk.impl.log.JULLogger warn
WARNING: Failed to transform class goos/ui/api/UserRequestListener
java.lang.IllegalArgumentException: Unsupported class file major version 59
	at net.bytebuddy.jar.asm.ClassReader.<init>(ClassReader.java:176)
	at net.bytebuddy.jar.asm.ClassReader.<init>(ClassReader.java:158)
	at net.bytebuddy.jar.asm.ClassReader.<init>(ClassReader.java:146)
	at net.bytebuddy.utility.OpenedClassReader.of(OpenedClassReader.java:69)
	at net.bytebuddy.dynamic.scaffold.TypeWriter$Default$ForInlining.create(TypeWriter.java:2877)
	at net.bytebuddy.dynamic.scaffold.TypeWriter$Default.make(TypeWriter.java:1653)
	at net.bytebuddy.dynamic.scaffold.inline.RedefinitionDynamicTypeBuilder.make(RedefinitionDynamicTypeBuilder.java:180)
	at net.bytebuddy.dynamic.scaffold.inline.AbstractInliningDynamicTypeBuilder.make(AbstractInliningDynamicTypeBuilder.java:94)
	at net.bytebuddy.dynamic.DynamicType$Builder$AbstractBase.make(DynamicType.java:2669)
	at io.mockk.proxy.jvm.transformation.InliningClassTransformer.transform(InliningClassTransformer.kt:78)
	at java.instrument/java.lang.instrument.ClassFileTransformer.transform(ClassFileTransformer.java:246)
	at java.instrument/sun.instrument.TransformerManager.transform(TransformerManager.java:188)
	at java.instrument/sun.instrument.InstrumentationImpl.transform(InstrumentationImpl.java:563)
	at java.instrument/sun.instrument.InstrumentationImpl.retransformClasses0(Native Method)
	at java.instrument/sun.instrument.InstrumentationImpl.retransformClasses(InstrumentationImpl.java:167)
	at io.mockk.proxy.jvm.transformation.JvmInlineInstrumentation.retransform(JvmInlineInstrumentation.kt:28)
	at io.mockk.proxy.common.transformation.RetransformInlineInstrumnetation$execute$1.invoke(RetransformInlineInstrumnetation.kt:19)
	at io.mockk.proxy.common.transformation.RetransformInlineInstrumnetation$execute$1.invoke(RetransformInlineInstrumnetation.kt:6)
	at io.mockk.proxy.common.transformation.ClassTransformationSpecMap.applyTransformation(ClassTransformationSpecMap.kt:41)
	at io.mockk.proxy.common.transformation.RetransformInlineInstrumnetation.execute(RetransformInlineInstrumnetation.kt:16)
	at io.mockk.proxy.jvm.ProxyMaker.inline(ProxyMaker.kt:88)
	at io.mockk.proxy.jvm.ProxyMaker.proxy(ProxyMaker.kt:30)
	at io.mockk.impl.instantiation.JvmMockFactory.newProxy(JvmMockFactory.kt:34)
	at io.mockk.impl.instantiation.AbstractMockFactory.newProxy$default(AbstractMockFactory.kt:29)
	at io.mockk.impl.instantiation.AbstractMockFactory.mockk(AbstractMockFactory.kt:59)
	at goos.ui.swing.MainWindowTest$1$1.invokeSuspend(MainWindowTest.kt:90)
	at goos.ui.swing.MainWindowTest$1$1.invoke(MainWindowTest.kt)
	at goos.ui.swing.MainWindowTest$1$1.invoke(MainWindowTest.kt)
	at io.kotest.core.TestConfiguration$beforeTest$1.beforeTest(TestConfiguration.kt:137)
	at io.kotest.core.spec.LifecycleKt.invokeAllBeforeTestCallbacks(lifecycle.kt:76)
	at io.kotest.core.internal.TestCaseExecutor.executeActiveTest(TestCaseExecutor.kt:152)
	at io.kotest.core.internal.TestCaseExecutor.access$executeActiveTest(TestCaseExecutor.kt:57)
	at io.kotest.core.internal.TestCaseExecutor$intercept$innerExecute$1$1.invokeSuspend(TestCaseExecutor.kt:89)
	at io.kotest.core.internal.TestCaseExecutor$intercept$innerExecute$1$1.invoke(TestCaseExecutor.kt)
	at io.kotest.core.internal.TestCaseExecutor$intercept$innerExecute$1$1.invoke(TestCaseExecutor.kt)
	at io.kotest.core.internal.TestCaseExecutor.executeIfEnabled(TestCaseExecutor.kt:117)
	at io.kotest.core.internal.TestCaseExecutor.access$executeIfEnabled(TestCaseExecutor.kt:57)
	at io.kotest.core.internal.TestCaseExecutor$intercept$innerExecute$1.invokeSuspend(TestCaseExecutor.kt:89)
	at io.kotest.core.internal.TestCaseExecutor$intercept$innerExecute$1.invoke(TestCaseExecutor.kt)
	at io.kotest.core.internal.TestCaseExecutor$intercept$innerExecute$1.invoke(TestCaseExecutor.kt)
	at io.kotest.core.internal.TestCaseExecutor.intercept(TestCaseExecutor.kt:103)
	at io.kotest.core.internal.TestCaseExecutor.execute(TestCaseExecutor.kt:69)
	at io.kotest.engine.spec.runners.SingleInstanceSpecRunner.runTest(SingleInstanceSpecRunner.kt:104)
	at io.kotest.engine.spec.runners.SingleInstanceSpecRunner.access$runTest(SingleInstanceSpecRunner.kt:34)
	at io.kotest.engine.spec.runners.SingleInstanceSpecRunner$execute$interceptAndRun$2$4.invokeSuspend(SingleInstanceSpecRunner.kt:57)
	at io.kotest.engine.spec.runners.SingleInstanceSpecRunner$execute$interceptAndRun$2$4.invoke(SingleInstanceSpecRunner.kt)
	at io.kotest.engine.spec.runners.SingleInstanceSpecRunner$execute$interceptAndRun$2$4.invoke(SingleInstanceSpecRunner.kt)
	at io.kotest.engine.launchers.SequentialTestLauncher$launch$3$1$1.invokeSuspend(SequentialTestLauncher.kt:22)
	at kotlin.coroutines.jvm.internal.BaseContinuationImpl.resumeWith(ContinuationImpl.kt:33)
	at kotlinx.coroutines.DispatchedTask.run(DispatchedTask.kt:106)
	at java.base/java.util.concurrent.ThreadPoolExecutor.runWorker(ThreadPoolExecutor.java:1130)
	at java.base/java.util.concurrent.ThreadPoolExecutor$Worker.run(ThreadPoolExecutor.java:630)
	at java.base/java.lang.Thread.run(Thread.java:832)

Dec 07, 2021 2:32:21 AM net.sourceforge.marathon.javaagent.server.JavaServer serve
INFO: JavaServer.serve(POST /session): {
  "desiredCapabilities": {
    "browserName": "java",
    "platform": "ANY"
  },
  "capabilities": {
    "firstMatch": [
      {
        "browserName": "java"
      }
    ]
  }
}
Dec 07, 2021 2:32:21 AM net.sourceforge.marathon.javaagent.server.JavaServer createSession
INFO: Creating device with type: EVENT_QUEUE
Dec 07, 2021 2:32:21 AM net.sourceforge.marathon.javaagent.Device getDevice
INFO: Creating a EVENT_QUEUE device
Dec 07, 2021 2:32:21 AM net.sourceforge.marathon.javaagent.server.JavaServer serve
INFO: POST(/session, {"desiredCapabilities":{"browserName":"java","platform":"ANY"},"capabilities":{"firstMatch":[{"browserName":"java"}]}}) = {data=, status=REDIRECT}
Dec 07, 2021 2:32:21 AM net.sourceforge.marathon.javaagent.server.JavaServer serve
INFO: JavaServer.serve(GET /session/faab9f0c-6eac-4d5c-8453-5e4a4096ce7b): {}
Dec 07, 2021 2:32:21 AM net.sourceforge.marathon.javaagent.server.JavaServer serve
INFO: GET(/session/faab9f0c-6eac-4d5c-8453-5e4a4096ce7b) = {data={"name":"getCapabilities","sessionId":"faab9f0c-6eac-4d5c-8453-5e4a4096ce7b","value":{"applicationCacheEnabled":false,"rotatable":false,"loggingPrefs":{"driver":"ALL"},"handlesAlerts":false,"databaseEnabled":false,"version":"1.0","platform":"ANY","browserConnectionEnabled":false,"nativeEvents":false,"acceptSslCerts":false,"locationContextEnabled":false,"webStorageEnabled":false,"browserName":"java","takesScreenshot":true,"javascriptEnabled":true,"cssSelectorsEnabled":false},"status":0}, status=OK}
Dec 07, 2021 2:32:21 AM org.openqa.selenium.remote.ProtocolHandshake createSession
INFO: Detected dialect: OSS
Dec 07, 2021 2:32:21 AM net.sourceforge.marathon.javaagent.server.JavaServer serve
INFO: JavaServer.serve(POST /session/faab9f0c-6eac-4d5c-8453-5e4a4096ce7b/element): {
  "using": "css selector",
  "value": "."
}
Dec 07, 2021 2:32:21 AM net.sourceforge.marathon.javaagent.server.JavaServer serve
INFO: POST(/session/faab9f0c-6eac-4d5c-8453-5e4a4096ce7b/element, {"using":"css selector","value":"."}) = {data={"name":"findElement","sessionId":"faab9f0c-6eac-4d5c-8453-5e4a4096ce7b","value":{"ELEMENT":"2491944e-d9b1-4c3d-9be3-2f229ff810e4"},"status":0}, status=OK}
Dec 07, 2021 2:32:21 AM net.sourceforge.marathon.javaagent.server.JavaServer serve
INFO: JavaServer.serve(GET /session/faab9f0c-6eac-4d5c-8453-5e4a4096ce7b/element/2491944e-d9b1-4c3d-9be3-2f229ff810e4/attribute/name): {}
Dec 07, 2021 2:32:21 AM net.sourceforge.marathon.javaagent.server.JavaServer serve
INFO: GET(/session/faab9f0c-6eac-4d5c-8453-5e4a4096ce7b/element/2491944e-d9b1-4c3d-9be3-2f229ff810e4/attribute/name) = {data={"name":"getElementAttribute","sessionId":"faab9f0c-6eac-4d5c-8453-5e4a4096ce7b","value":"Auction Sniper Name","status":0}, status=OK}
Dec 07, 2021 2:32:21 AM net.sourceforge.marathon.javaagent.server.JavaServer serve
INFO: JavaServer.serve(POST /session/faab9f0c-6eac-4d5c-8453-5e4a4096ce7b/element): {
  "using": "css selector",
  "value": "."
}
Dec 07, 2021 2:32:21 AM net.sourceforge.marathon.javaagent.server.JavaServer serve
INFO: POST(/session/faab9f0c-6eac-4d5c-8453-5e4a4096ce7b/element, {"using":"css selector","value":"."}) = {data={"name":"findElement","sessionId":"faab9f0c-6eac-4d5c-8453-5e4a4096ce7b","value":{"ELEMENT":"2491944e-d9b1-4c3d-9be3-2f229ff810e4"},"status":0}, status=OK}
Dec 07, 2021 2:32:21 AM net.sourceforge.marathon.javaagent.server.JavaServer serve
INFO: JavaServer.serve(GET /session/faab9f0c-6eac-4d5c-8453-5e4a4096ce7b/element/2491944e-d9b1-4c3d-9be3-2f229ff810e4/displayed): {}
Dec 07, 2021 2:32:21 AM net.sourceforge.marathon.javaagent.server.JavaServer serve
INFO: GET(/session/faab9f0c-6eac-4d5c-8453-5e4a4096ce7b/element/2491944e-d9b1-4c3d-9be3-2f229ff810e4/displayed) = {data={"name":"isDisplayed","sessionId":"faab9f0c-6eac-4d5c-8453-5e4a4096ce7b","value":true,"status":0}, status=OK}
Dec 07, 2021 2:32:21 AM net.sourceforge.marathon.javaagent.server.JavaServer serve
INFO: JavaServer.serve(GET /session/faab9f0c-6eac-4d5c-8453-5e4a4096ce7b/title): {}
Dec 07, 2021 2:32:21 AM net.sourceforge.marathon.javaagent.server.JavaServer serve
INFO: GET(/session/faab9f0c-6eac-4d5c-8453-5e4a4096ce7b/title) = {data={"name":"getWindowTitle","sessionId":"faab9f0c-6eac-4d5c-8453-5e4a4096ce7b","value":"Auction Sniper","status":0}, status=OK}
Dec 07, 2021 2:32:21 AM net.sourceforge.marathon.javaagent.server.JavaServer serve
INFO: JavaServer.serve(POST /session/faab9f0c-6eac-4d5c-8453-5e4a4096ce7b/element): {
  "using": "name",
  "value": "snipers table"
}
Dec 07, 2021 2:32:21 AM net.sourceforge.marathon.javaagent.server.JavaServer serve
INFO: POST(/session/faab9f0c-6eac-4d5c-8453-5e4a4096ce7b/element, {"using":"name","value":"snipers table"}) = {data={"name":"findElement","sessionId":"faab9f0c-6eac-4d5c-8453-5e4a4096ce7b","value":{"ELEMENT":"eab6c098-45d6-469d-a4c3-85cf053094b7"},"status":0}, status=OK}
Dec 07, 2021 2:32:22 AM net.sourceforge.marathon.javaagent.server.JavaServer serve
INFO: JavaServer.serve(POST /session/faab9f0c-6eac-4d5c-8453-5e4a4096ce7b/element/eab6c098-45d6-469d-a4c3-85cf053094b7/elements): {
  "id": "eab6c098-45d6-469d-a4c3-85cf053094b7",
  "using": "css selector",
  "value": ".::header.::all-items"
}
Dec 07, 2021 2:32:22 AM net.sourceforge.marathon.javaagent.server.JavaServer serve
INFO: POST(/session/faab9f0c-6eac-4d5c-8453-5e4a4096ce7b/element/eab6c098-45d6-469d-a4c3-85cf053094b7/elements, {"using":"css selector","id":"eab6c098-45d6-469d-a4c3-85cf053094b7","value":".::header.::all-items"}) = {data={"name":"findElementsOfElement","sessionId":"faab9f0c-6eac-4d5c-8453-5e4a4096ce7b","value":[{"ELEMENT":"68fc5d13-7640-439f-ba13-4a4742fefc79%23%7B%22selector%22%3A%22nth-item%22%2C%22parameters%22%3A%5B1%5D%7D"},{"ELEMENT":"68fc5d13-7640-439f-ba13-4a4742fefc79%23%7B%22selector%22%3A%22nth-item%22%2C%22parameters%22%3A%5B2%5D%7D"},{"ELEMENT":"68fc5d13-7640-439f-ba13-4a4742fefc79%23%7B%22selector%22%3A%22nth-item%22%2C%22parameters%22%3A%5B3%5D%7D"},{"ELEMENT":"68fc5d13-7640-439f-ba13-4a4742fefc79%23%7B%22selector%22%3A%22nth-item%22%2C%22parameters%22%3A%5B4%5D%7D"}],"status":0}, status=OK}
Dec 07, 2021 2:32:22 AM net.sourceforge.marathon.javaagent.server.JavaServer serve
INFO: JavaServer.serve(GET /session/faab9f0c-6eac-4d5c-8453-5e4a4096ce7b/element/68fc5d13-7640-439f-ba13-4a4742fefc79%23%7B%22selector%22%3A%22nth-item%22%2C%22parameters%22%3A%5B1%5D%7D/text): {}
Dec 07, 2021 2:32:22 AM net.sourceforge.marathon.javaagent.server.JavaServer serve
INFO: GET(/session/faab9f0c-6eac-4d5c-8453-5e4a4096ce7b/element/68fc5d13-7640-439f-ba13-4a4742fefc79%23%7B%22selector%22%3A%22nth-item%22%2C%22parameters%22%3A%5B1%5D%7D/text) = {data={"name":"getElementText","sessionId":"faab9f0c-6eac-4d5c-8453-5e4a4096ce7b","value":"Item","status":0}, status=OK}
Dec 07, 2021 2:32:22 AM net.sourceforge.marathon.javaagent.server.JavaServer serve
INFO: JavaServer.serve(GET /session/faab9f0c-6eac-4d5c-8453-5e4a4096ce7b/element/68fc5d13-7640-439f-ba13-4a4742fefc79%23%7B%22selector%22%3A%22nth-item%22%2C%22parameters%22%3A%5B2%5D%7D/text): {}
Dec 07, 2021 2:32:22 AM net.sourceforge.marathon.javaagent.server.JavaServer serve
INFO: GET(/session/faab9f0c-6eac-4d5c-8453-5e4a4096ce7b/element/68fc5d13-7640-439f-ba13-4a4742fefc79%23%7B%22selector%22%3A%22nth-item%22%2C%22parameters%22%3A%5B2%5D%7D/text) = {data={"name":"getElementText","sessionId":"faab9f0c-6eac-4d5c-8453-5e4a4096ce7b","value":"Last Price","status":0}, status=OK}
Dec 07, 2021 2:32:22 AM net.sourceforge.marathon.javaagent.server.JavaServer serve
INFO: JavaServer.serve(GET /session/faab9f0c-6eac-4d5c-8453-5e4a4096ce7b/element/68fc5d13-7640-439f-ba13-4a4742fefc79%23%7B%22selector%22%3A%22nth-item%22%2C%22parameters%22%3A%5B3%5D%7D/text): {}
Dec 07, 2021 2:32:22 AM net.sourceforge.marathon.javaagent.server.JavaServer serve
INFO: GET(/session/faab9f0c-6eac-4d5c-8453-5e4a4096ce7b/element/68fc5d13-7640-439f-ba13-4a4742fefc79%23%7B%22selector%22%3A%22nth-item%22%2C%22parameters%22%3A%5B3%5D%7D/text) = {data={"name":"getElementText","sessionId":"faab9f0c-6eac-4d5c-8453-5e4a4096ce7b","value":"Last Bid","status":0}, status=OK}
Dec 07, 2021 2:32:22 AM net.sourceforge.marathon.javaagent.server.JavaServer serve
INFO: JavaServer.serve(GET /session/faab9f0c-6eac-4d5c-8453-5e4a4096ce7b/element/68fc5d13-7640-439f-ba13-4a4742fefc79%23%7B%22selector%22%3A%22nth-item%22%2C%22parameters%22%3A%5B4%5D%7D/text): {}
Dec 07, 2021 2:32:22 AM net.sourceforge.marathon.javaagent.server.JavaServer serve
INFO: GET(/session/faab9f0c-6eac-4d5c-8453-5e4a4096ce7b/element/68fc5d13-7640-439f-ba13-4a4742fefc79%23%7B%22selector%22%3A%22nth-item%22%2C%22parameters%22%3A%5B4%5D%7D/text) = {data={"name":"getElementText","sessionId":"faab9f0c-6eac-4d5c-8453-5e4a4096ce7b","value":"State","status":0}, status=OK}
Dec 07, 2021 2:32:22 AM net.sourceforge.marathon.javaagent.server.JavaServer serve
INFO: JavaServer.serve(DELETE /session/faab9f0c-6eac-4d5c-8453-5e4a4096ce7b/window): {}
Dec 07, 2021 2:32:22 AM net.sourceforge.marathon.javaagent.server.JavaServer serve
INFO: DELETE(/session/faab9f0c-6eac-4d5c-8453-5e4a4096ce7b/window) = {data={"name":"closeSession","sessionId":"faab9f0c-6eac-4d5c-8453-5e4a4096ce7b","status":0}, status=OK}
Dec 07, 2021 2:32:22 AM net.sourceforge.marathon.javaagent.server.JavaServer serve
INFO: JavaServer.serve(POST /session): {
  "desiredCapabilities": {
    "browserName": "java",
    "platform": "ANY"
  },
  "capabilities": {
    "firstMatch": [
      {
        "browserName": "java"
      }
    ]
  }
}
Dec 07, 2021 2:32:22 AM net.sourceforge.marathon.javaagent.server.JavaServer createSession
INFO: Creating device with type: EVENT_QUEUE
Dec 07, 2021 2:32:22 AM net.sourceforge.marathon.javaagent.Device getDevice
INFO: Creating a EVENT_QUEUE device
Dec 07, 2021 2:32:22 AM net.sourceforge.marathon.javaagent.server.JavaServer serve
INFO: POST(/session, {"desiredCapabilities":{"browserName":"java","platform":"ANY"},"capabilities":{"firstMatch":[{"browserName":"java"}]}}) = {data=, status=REDIRECT}
Dec 07, 2021 2:32:22 AM net.sourceforge.marathon.javaagent.server.JavaServer serve
INFO: JavaServer.serve(GET /session/b11ccdb1-e307-44ec-82ca-4ffadee2a755): {}
Dec 07, 2021 2:32:22 AM net.sourceforge.marathon.javaagent.server.JavaServer serve
INFO: GET(/session/b11ccdb1-e307-44ec-82ca-4ffadee2a755) = {data={"name":"getCapabilities","sessionId":"b11ccdb1-e307-44ec-82ca-4ffadee2a755","value":{"applicationCacheEnabled":false,"rotatable":false,"loggingPrefs":{"driver":"ALL"},"handlesAlerts":false,"databaseEnabled":false,"version":"1.0","platform":"ANY","browserConnectionEnabled":false,"nativeEvents":false,"acceptSslCerts":false,"locationContextEnabled":false,"webStorageEnabled":false,"browserName":"java","takesScreenshot":true,"javascriptEnabled":true,"cssSelectorsEnabled":false},"status":0}, status=OK}
Dec 07, 2021 2:32:22 AM org.openqa.selenium.remote.ProtocolHandshake createSession
INFO: Detected dialect: OSS
Dec 07, 2021 2:32:22 AM net.sourceforge.marathon.javaagent.server.JavaServer serve
INFO: JavaServer.serve(POST /session/b11ccdb1-e307-44ec-82ca-4ffadee2a755/element): {
  "using": "name",
  "value": "new item id field"
}
Dec 07, 2021 2:32:22 AM net.sourceforge.marathon.javaagent.server.JavaServer serve
INFO: POST(/session/b11ccdb1-e307-44ec-82ca-4ffadee2a755/element, {"using":"name","value":"new item id field"}) = {data={"name":"findElement","sessionId":"b11ccdb1-e307-44ec-82ca-4ffadee2a755","value":{"ELEMENT":"8c5a2573-b98d-4e92-ae00-3e0fa69d7f45"},"status":0}, status=OK}
Dec 07, 2021 2:32:22 AM net.sourceforge.marathon.javaagent.server.JavaServer serve
INFO: JavaServer.serve(POST /session/b11ccdb1-e307-44ec-82ca-4ffadee2a755/element/8c5a2573-b98d-4e92-ae00-3e0fa69d7f45/clear): {
  "id": "8c5a2573-b98d-4e92-ae00-3e0fa69d7f45"
}
Dec 07, 2021 2:32:22 AM net.sourceforge.marathon.javaagent.server.JavaServer serve
INFO: POST(/session/b11ccdb1-e307-44ec-82ca-4ffadee2a755/element/8c5a2573-b98d-4e92-ae00-3e0fa69d7f45/clear, {"id":"8c5a2573-b98d-4e92-ae00-3e0fa69d7f45"}) = {data={"name":"clearElement","sessionId":"b11ccdb1-e307-44ec-82ca-4ffadee2a755","status":0}, status=OK}
Dec 07, 2021 2:32:22 AM net.sourceforge.marathon.javaagent.server.JavaServer serve
INFO: JavaServer.serve(POST /session/b11ccdb1-e307-44ec-82ca-4ffadee2a755/element/8c5a2573-b98d-4e92-ae00-3e0fa69d7f45/value): {
  "id": "8c5a2573-b98d-4e92-ae00-3e0fa69d7f45",
  "value": [
    "an item-id"
  ]
}
Dec 07, 2021 2:32:22 AM net.sourceforge.marathon.javaagent.EventQueueDevice dispatchEvent
INFO: java.awt.event.KeyEvent[KEY_PRESSED,keyCode=65,keyText=A,keyChar='a',keyLocation=KEY_LOCATION_UNKNOWN,rawCode=0,primaryLevelUnicode=0,scancode=0,extendedKeyCode=0x0] on new item id field
Dec 07, 2021 2:32:22 AM net.sourceforge.marathon.javaagent.EventQueueDevice dispatchEvent
INFO: java.awt.event.KeyEvent[KEY_TYPED,keyCode=0,keyText=Unknown keyCode: 0x0,keyChar='a',keyLocation=KEY_LOCATION_UNKNOWN,rawCode=0,primaryLevelUnicode=0,scancode=0,extendedKeyCode=0x0] on new item id field
Dec 07, 2021 2:32:22 AM net.sourceforge.marathon.javaagent.EventQueueDevice dispatchEvent
INFO: java.awt.event.KeyEvent[KEY_RELEASED,keyCode=65,keyText=A,keyChar='a',keyLocation=KEY_LOCATION_UNKNOWN,rawCode=0,primaryLevelUnicode=0,scancode=0,extendedKeyCode=0x0] on new item id field
Dec 07, 2021 2:32:22 AM net.sourceforge.marathon.javaagent.EventQueueDevice dispatchEvent
INFO: java.awt.event.KeyEvent[KEY_PRESSED,keyCode=78,keyText=N,keyChar='n',keyLocation=KEY_LOCATION_UNKNOWN,rawCode=0,primaryLevelUnicode=0,scancode=0,extendedKeyCode=0x0] on new item id field
Dec 07, 2021 2:32:22 AM net.sourceforge.marathon.javaagent.EventQueueDevice dispatchEvent
INFO: java.awt.event.KeyEvent[KEY_TYPED,keyCode=0,keyText=Unknown keyCode: 0x0,keyChar='n',keyLocation=KEY_LOCATION_UNKNOWN,rawCode=0,primaryLevelUnicode=0,scancode=0,extendedKeyCode=0x0] on new item id field
Dec 07, 2021 2:32:22 AM net.sourceforge.marathon.javaagent.EventQueueDevice dispatchEvent
INFO: java.awt.event.KeyEvent[KEY_RELEASED,keyCode=78,keyText=N,keyChar='n',keyLocation=KEY_LOCATION_UNKNOWN,rawCode=0,primaryLevelUnicode=0,scancode=0,extendedKeyCode=0x0] on new item id field
Dec 07, 2021 2:32:22 AM net.sourceforge.marathon.javaagent.EventQueueDevice dispatchEvent
INFO: java.awt.event.KeyEvent[KEY_PRESSED,keyCode=16,keyText=Shift,keyChar=Undefined keyChar,modifiers=Shift,extModifiers=Shift,keyLocation=KEY_LOCATION_UNKNOWN,rawCode=0,primaryLevelUnicode=0,scancode=0,extendedKeyCode=0x0] on new item id field
Dec 07, 2021 2:32:22 AM net.sourceforge.marathon.javaagent.EventQueueDevice dispatchEvent
INFO: java.awt.event.KeyEvent[KEY_PRESSED,keyCode=32,keyText=Space,keyChar=' ',modifiers=Shift,extModifiers=Shift,keyLocation=KEY_LOCATION_UNKNOWN,rawCode=0,primaryLevelUnicode=0,scancode=0,extendedKeyCode=0x0] on new item id field
Dec 07, 2021 2:32:22 AM net.sourceforge.marathon.javaagent.EventQueueDevice dispatchEvent
INFO: java.awt.event.KeyEvent[KEY_TYPED,keyCode=0,keyText=Unknown keyCode: 0x0,keyChar=' ',modifiers=Shift,extModifiers=Shift,keyLocation=KEY_LOCATION_UNKNOWN,rawCode=0,primaryLevelUnicode=0,scancode=0,extendedKeyCode=0x0] on new item id field
Dec 07, 2021 2:32:22 AM net.sourceforge.marathon.javaagent.EventQueueDevice dispatchEvent
INFO: java.awt.event.KeyEvent[KEY_RELEASED,keyCode=32,keyText=Space,keyChar=' ',modifiers=Shift,extModifiers=Shift,keyLocation=KEY_LOCATION_UNKNOWN,rawCode=0,primaryLevelUnicode=0,scancode=0,extendedKeyCode=0x0] on new item id field
Dec 07, 2021 2:32:22 AM net.sourceforge.marathon.javaagent.EventQueueDevice dispatchEvent
INFO: java.awt.event.KeyEvent[KEY_RELEASED,keyCode=16,keyText=Shift,keyChar=Undefined keyChar,keyLocation=KEY_LOCATION_UNKNOWN,rawCode=0,primaryLevelUnicode=0,scancode=0,extendedKeyCode=0x0] on new item id field
Dec 07, 2021 2:32:22 AM net.sourceforge.marathon.javaagent.EventQueueDevice dispatchEvent
INFO: java.awt.event.KeyEvent[KEY_PRESSED,keyCode=73,keyText=I,keyChar='i',keyLocation=KEY_LOCATION_UNKNOWN,rawCode=0,primaryLevelUnicode=0,scancode=0,extendedKeyCode=0x0] on new item id field
Dec 07, 2021 2:32:22 AM net.sourceforge.marathon.javaagent.EventQueueDevice dispatchEvent
INFO: java.awt.event.KeyEvent[KEY_TYPED,keyCode=0,keyText=Unknown keyCode: 0x0,keyChar='i',keyLocation=KEY_LOCATION_UNKNOWN,rawCode=0,primaryLevelUnicode=0,scancode=0,extendedKeyCode=0x0] on new item id field
Dec 07, 2021 2:32:22 AM net.sourceforge.marathon.javaagent.EventQueueDevice dispatchEvent
INFO: java.awt.event.KeyEvent[KEY_RELEASED,keyCode=73,keyText=I,keyChar='i',keyLocation=KEY_LOCATION_UNKNOWN,rawCode=0,primaryLevelUnicode=0,scancode=0,extendedKeyCode=0x0] on new item id field
Dec 07, 2021 2:32:22 AM net.sourceforge.marathon.javaagent.EventQueueDevice dispatchEvent
INFO: java.awt.event.KeyEvent[KEY_PRESSED,keyCode=84,keyText=T,keyChar='t',keyLocation=KEY_LOCATION_UNKNOWN,rawCode=0,primaryLevelUnicode=0,scancode=0,extendedKeyCode=0x0] on new item id field
Dec 07, 2021 2:32:22 AM net.sourceforge.marathon.javaagent.EventQueueDevice dispatchEvent
INFO: java.awt.event.KeyEvent[KEY_TYPED,keyCode=0,keyText=Unknown keyCode: 0x0,keyChar='t',keyLocation=KEY_LOCATION_UNKNOWN,rawCode=0,primaryLevelUnicode=0,scancode=0,extendedKeyCode=0x0] on new item id field
Dec 07, 2021 2:32:22 AM net.sourceforge.marathon.javaagent.EventQueueDevice dispatchEvent
INFO: java.awt.event.KeyEvent[KEY_RELEASED,keyCode=84,keyText=T,keyChar='t',keyLocation=KEY_LOCATION_UNKNOWN,rawCode=0,primaryLevelUnicode=0,scancode=0,extendedKeyCode=0x0] on new item id field
Dec 07, 2021 2:32:22 AM net.sourceforge.marathon.javaagent.EventQueueDevice dispatchEvent
INFO: java.awt.event.KeyEvent[KEY_PRESSED,keyCode=69,keyText=E,keyChar='e',keyLocation=KEY_LOCATION_UNKNOWN,rawCode=0,primaryLevelUnicode=0,scancode=0,extendedKeyCode=0x0] on new item id field
Dec 07, 2021 2:32:22 AM net.sourceforge.marathon.javaagent.EventQueueDevice dispatchEvent
INFO: java.awt.event.KeyEvent[KEY_TYPED,keyCode=0,keyText=Unknown keyCode: 0x0,keyChar='e',keyLocation=KEY_LOCATION_UNKNOWN,rawCode=0,primaryLevelUnicode=0,scancode=0,extendedKeyCode=0x0] on new item id field
Dec 07, 2021 2:32:22 AM net.sourceforge.marathon.javaagent.EventQueueDevice dispatchEvent
INFO: java.awt.event.KeyEvent[KEY_RELEASED,keyCode=69,keyText=E,keyChar='e',keyLocation=KEY_LOCATION_UNKNOWN,rawCode=0,primaryLevelUnicode=0,scancode=0,extendedKeyCode=0x0] on new item id field
Dec 07, 2021 2:32:22 AM net.sourceforge.marathon.javaagent.EventQueueDevice dispatchEvent
INFO: java.awt.event.KeyEvent[KEY_PRESSED,keyCode=77,keyText=M,keyChar='m',keyLocation=KEY_LOCATION_UNKNOWN,rawCode=0,primaryLevelUnicode=0,scancode=0,extendedKeyCode=0x0] on new item id field
Dec 07, 2021 2:32:22 AM net.sourceforge.marathon.javaagent.EventQueueDevice dispatchEvent
INFO: java.awt.event.KeyEvent[KEY_TYPED,keyCode=0,keyText=Unknown keyCode: 0x0,keyChar='m',keyLocation=KEY_LOCATION_UNKNOWN,rawCode=0,primaryLevelUnicode=0,scancode=0,extendedKeyCode=0x0] on new item id field
Dec 07, 2021 2:32:22 AM net.sourceforge.marathon.javaagent.EventQueueDevice dispatchEvent
INFO: java.awt.event.KeyEvent[KEY_RELEASED,keyCode=77,keyText=M,keyChar='m',keyLocation=KEY_LOCATION_UNKNOWN,rawCode=0,primaryLevelUnicode=0,scancode=0,extendedKeyCode=0x0] on new item id field
Dec 07, 2021 2:32:22 AM net.sourceforge.marathon.javaagent.EventQueueDevice dispatchEvent
INFO: java.awt.event.KeyEvent[KEY_PRESSED,keyCode=45,keyText=Minus,keyChar='-',keyLocation=KEY_LOCATION_UNKNOWN,rawCode=0,primaryLevelUnicode=0,scancode=0,extendedKeyCode=0x0] on new item id field
Dec 07, 2021 2:32:22 AM net.sourceforge.marathon.javaagent.EventQueueDevice dispatchEvent
INFO: java.awt.event.KeyEvent[KEY_TYPED,keyCode=0,keyText=Unknown keyCode: 0x0,keyChar='-',keyLocation=KEY_LOCATION_UNKNOWN,rawCode=0,primaryLevelUnicode=0,scancode=0,extendedKeyCode=0x0] on new item id field
Dec 07, 2021 2:32:22 AM net.sourceforge.marathon.javaagent.EventQueueDevice dispatchEvent
INFO: java.awt.event.KeyEvent[KEY_RELEASED,keyCode=45,keyText=Minus,keyChar='-',keyLocation=KEY_LOCATION_UNKNOWN,rawCode=0,primaryLevelUnicode=0,scancode=0,extendedKeyCode=0x0] on new item id field
Dec 07, 2021 2:32:22 AM net.sourceforge.marathon.javaagent.EventQueueDevice dispatchEvent
INFO: java.awt.event.KeyEvent[KEY_PRESSED,keyCode=73,keyText=I,keyChar='i',keyLocation=KEY_LOCATION_UNKNOWN,rawCode=0,primaryLevelUnicode=0,scancode=0,extendedKeyCode=0x0] on new item id field
Dec 07, 2021 2:32:22 AM net.sourceforge.marathon.javaagent.EventQueueDevice dispatchEvent
INFO: java.awt.event.KeyEvent[KEY_TYPED,keyCode=0,keyText=Unknown keyCode: 0x0,keyChar='i',keyLocation=KEY_LOCATION_UNKNOWN,rawCode=0,primaryLevelUnicode=0,scancode=0,extendedKeyCode=0x0] on new item id field
Dec 07, 2021 2:32:22 AM net.sourceforge.marathon.javaagent.EventQueueDevice dispatchEvent
INFO: java.awt.event.KeyEvent[KEY_RELEASED,keyCode=73,keyText=I,keyChar='i',keyLocation=KEY_LOCATION_UNKNOWN,rawCode=0,primaryLevelUnicode=0,scancode=0,extendedKeyCode=0x0] on new item id field
Dec 07, 2021 2:32:22 AM net.sourceforge.marathon.javaagent.EventQueueDevice dispatchEvent
INFO: java.awt.event.KeyEvent[KEY_PRESSED,keyCode=68,keyText=D,keyChar='d',keyLocation=KEY_LOCATION_UNKNOWN,rawCode=0,primaryLevelUnicode=0,scancode=0,extendedKeyCode=0x0] on new item id field
Dec 07, 2021 2:32:22 AM net.sourceforge.marathon.javaagent.EventQueueDevice dispatchEvent
INFO: java.awt.event.KeyEvent[KEY_TYPED,keyCode=0,keyText=Unknown keyCode: 0x0,keyChar='d',keyLocation=KEY_LOCATION_UNKNOWN,rawCode=0,primaryLevelUnicode=0,scancode=0,extendedKeyCode=0x0] on new item id field
Dec 07, 2021 2:32:22 AM net.sourceforge.marathon.javaagent.EventQueueDevice dispatchEvent
INFO: java.awt.event.KeyEvent[KEY_RELEASED,keyCode=68,keyText=D,keyChar='d',keyLocation=KEY_LOCATION_UNKNOWN,rawCode=0,primaryLevelUnicode=0,scancode=0,extendedKeyCode=0x0] on new item id field
Dec 07, 2021 2:32:22 AM net.sourceforge.marathon.javaagent.server.JavaServer serve
INFO: POST(/session/b11ccdb1-e307-44ec-82ca-4ffadee2a755/element/8c5a2573-b98d-4e92-ae00-3e0fa69d7f45/value, {"id":"8c5a2573-b98d-4e92-ae00-3e0fa69d7f45","value":["an item-id"]}) = {data={"name":"sendKeysElement","sessionId":"b11ccdb1-e307-44ec-82ca-4ffadee2a755","status":0}, status=OK}
Dec 07, 2021 2:32:22 AM net.sourceforge.marathon.javaagent.server.JavaServer serve
INFO: JavaServer.serve(POST /session/b11ccdb1-e307-44ec-82ca-4ffadee2a755/element): {
  "using": "name",
  "value": "new item stop price field"
}
Dec 07, 2021 2:32:22 AM net.sourceforge.marathon.javaagent.server.JavaServer serve
INFO: POST(/session/b11ccdb1-e307-44ec-82ca-4ffadee2a755/element, {"using":"name","value":"new item stop price field"}) = {data={"name":"findElement","sessionId":"b11ccdb1-e307-44ec-82ca-4ffadee2a755","value":{"ELEMENT":"6ab2c3f9-3139-47be-9f59-43bd651945b2"},"status":0}, status=OK}
Dec 07, 2021 2:32:22 AM net.sourceforge.marathon.javaagent.server.JavaServer serve
INFO: JavaServer.serve(POST /session/b11ccdb1-e307-44ec-82ca-4ffadee2a755/element/6ab2c3f9-3139-47be-9f59-43bd651945b2/clear): {
  "id": "6ab2c3f9-3139-47be-9f59-43bd651945b2"
}
Dec 07, 2021 2:32:22 AM net.sourceforge.marathon.javaagent.server.JavaServer serve
INFO: POST(/session/b11ccdb1-e307-44ec-82ca-4ffadee2a755/element/6ab2c3f9-3139-47be-9f59-43bd651945b2/clear, {"id":"6ab2c3f9-3139-47be-9f59-43bd651945b2"}) = {data={"name":"clearElement","sessionId":"b11ccdb1-e307-44ec-82ca-4ffadee2a755","status":0}, status=OK}
Dec 07, 2021 2:32:22 AM net.sourceforge.marathon.javaagent.server.JavaServer serve
INFO: JavaServer.serve(POST /session/b11ccdb1-e307-44ec-82ca-4ffadee2a755/element/6ab2c3f9-3139-47be-9f59-43bd651945b2/value): {
  "id": "6ab2c3f9-3139-47be-9f59-43bd651945b2",
  "value": [
    "11000"
  ]
}
Dec 07, 2021 2:32:22 AM net.sourceforge.marathon.javaagent.EventQueueDevice dispatchEvent
INFO: java.awt.event.KeyEvent[KEY_PRESSED,keyCode=49,keyText=1,keyChar='1',keyLocation=KEY_LOCATION_UNKNOWN,rawCode=0,primaryLevelUnicode=0,scancode=0,extendedKeyCode=0x0] on new item stop price field
Dec 07, 2021 2:32:22 AM net.sourceforge.marathon.javaagent.EventQueueDevice dispatchEvent
INFO: java.awt.event.KeyEvent[KEY_TYPED,keyCode=0,keyText=Unknown keyCode: 0x0,keyChar='1',keyLocation=KEY_LOCATION_UNKNOWN,rawCode=0,primaryLevelUnicode=0,scancode=0,extendedKeyCode=0x0] on new item stop price field
Dec 07, 2021 2:32:22 AM net.sourceforge.marathon.javaagent.EventQueueDevice dispatchEvent
INFO: java.awt.event.KeyEvent[KEY_RELEASED,keyCode=49,keyText=1,keyChar='1',keyLocation=KEY_LOCATION_UNKNOWN,rawCode=0,primaryLevelUnicode=0,scancode=0,extendedKeyCode=0x0] on new item stop price field
Dec 07, 2021 2:32:22 AM net.sourceforge.marathon.javaagent.EventQueueDevice dispatchEvent
INFO: java.awt.event.KeyEvent[KEY_PRESSED,keyCode=49,keyText=1,keyChar='1',keyLocation=KEY_LOCATION_UNKNOWN,rawCode=0,primaryLevelUnicode=0,scancode=0,extendedKeyCode=0x0] on new item stop price field
Dec 07, 2021 2:32:22 AM net.sourceforge.marathon.javaagent.EventQueueDevice dispatchEvent
INFO: java.awt.event.KeyEvent[KEY_TYPED,keyCode=0,keyText=Unknown keyCode: 0x0,keyChar='1',keyLocation=KEY_LOCATION_UNKNOWN,rawCode=0,primaryLevelUnicode=0,scancode=0,extendedKeyCode=0x0] on new item stop price field
Dec 07, 2021 2:32:22 AM net.sourceforge.marathon.javaagent.EventQueueDevice dispatchEvent
INFO: java.awt.event.KeyEvent[KEY_RELEASED,keyCode=49,keyText=1,keyChar='1',keyLocation=KEY_LOCATION_UNKNOWN,rawCode=0,primaryLevelUnicode=0,scancode=0,extendedKeyCode=0x0] on new item stop price field
Dec 07, 2021 2:32:22 AM net.sourceforge.marathon.javaagent.EventQueueDevice dispatchEvent
INFO: java.awt.event.KeyEvent[KEY_PRESSED,keyCode=48,keyText=0,keyChar='0',keyLocation=KEY_LOCATION_UNKNOWN,rawCode=0,primaryLevelUnicode=0,scancode=0,extendedKeyCode=0x0] on new item stop price field
Dec 07, 2021 2:32:22 AM net.sourceforge.marathon.javaagent.EventQueueDevice dispatchEvent
INFO: java.awt.event.KeyEvent[KEY_TYPED,keyCode=0,keyText=Unknown keyCode: 0x0,keyChar='0',keyLocation=KEY_LOCATION_UNKNOWN,rawCode=0,primaryLevelUnicode=0,scancode=0,extendedKeyCode=0x0] on new item stop price field
Dec 07, 2021 2:32:22 AM net.sourceforge.marathon.javaagent.EventQueueDevice dispatchEvent
INFO: java.awt.event.KeyEvent[KEY_RELEASED,keyCode=48,keyText=0,keyChar='0',keyLocation=KEY_LOCATION_UNKNOWN,rawCode=0,primaryLevelUnicode=0,scancode=0,extendedKeyCode=0x0] on new item stop price field
Dec 07, 2021 2:32:22 AM net.sourceforge.marathon.javaagent.EventQueueDevice dispatchEvent
INFO: java.awt.event.KeyEvent[KEY_PRESSED,keyCode=48,keyText=0,keyChar='0',keyLocation=KEY_LOCATION_UNKNOWN,rawCode=0,primaryLevelUnicode=0,scancode=0,extendedKeyCode=0x0] on new item stop price field
Dec 07, 2021 2:32:22 AM net.sourceforge.marathon.javaagent.EventQueueDevice dispatchEvent
INFO: java.awt.event.KeyEvent[KEY_TYPED,keyCode=0,keyText=Unknown keyCode: 0x0,keyChar='0',keyLocation=KEY_LOCATION_UNKNOWN,rawCode=0,primaryLevelUnicode=0,scancode=0,extendedKeyCode=0x0] on new item stop price field
Dec 07, 2021 2:32:22 AM net.sourceforge.marathon.javaagent.EventQueueDevice dispatchEvent
INFO: java.awt.event.KeyEvent[KEY_RELEASED,keyCode=48,keyText=0,keyChar='0',keyLocation=KEY_LOCATION_UNKNOWN,rawCode=0,primaryLevelUnicode=0,scancode=0,extendedKeyCode=0x0] on new item stop price field
Dec 07, 2021 2:32:22 AM net.sourceforge.marathon.javaagent.EventQueueDevice dispatchEvent
INFO: java.awt.event.KeyEvent[KEY_PRESSED,keyCode=48,keyText=0,keyChar='0',keyLocation=KEY_LOCATION_UNKNOWN,rawCode=0,primaryLevelUnicode=0,scancode=0,extendedKeyCode=0x0] on new item stop price field
Dec 07, 2021 2:32:22 AM net.sourceforge.marathon.javaagent.EventQueueDevice dispatchEvent
INFO: java.awt.event.KeyEvent[KEY_TYPED,keyCode=0,keyText=Unknown keyCode: 0x0,keyChar='0',keyLocation=KEY_LOCATION_UNKNOWN,rawCode=0,primaryLevelUnicode=0,scancode=0,extendedKeyCode=0x0] on new item stop price field
Dec 07, 2021 2:32:22 AM net.sourceforge.marathon.javaagent.EventQueueDevice dispatchEvent
INFO: java.awt.event.KeyEvent[KEY_RELEASED,keyCode=48,keyText=0,keyChar='0',keyLocation=KEY_LOCATION_UNKNOWN,rawCode=0,primaryLevelUnicode=0,scancode=0,extendedKeyCode=0x0] on new item stop price field
Dec 07, 2021 2:32:22 AM net.sourceforge.marathon.javaagent.server.JavaServer serve
INFO: POST(/session/b11ccdb1-e307-44ec-82ca-4ffadee2a755/element/6ab2c3f9-3139-47be-9f59-43bd651945b2/value, {"id":"6ab2c3f9-3139-47be-9f59-43bd651945b2","value":["11000"]}) = {data={"name":"sendKeysElement","sessionId":"b11ccdb1-e307-44ec-82ca-4ffadee2a755","status":0}, status=OK}
Dec 07, 2021 2:32:22 AM net.sourceforge.marathon.javaagent.server.JavaServer serve
INFO: JavaServer.serve(POST /session/b11ccdb1-e307-44ec-82ca-4ffadee2a755/element): {
  "using": "name",
  "value": "join button"
}
Dec 07, 2021 2:32:22 AM net.sourceforge.marathon.javaagent.server.JavaServer serve
INFO: POST(/session/b11ccdb1-e307-44ec-82ca-4ffadee2a755/element, {"using":"name","value":"join button"}) = {data={"name":"findElement","sessionId":"b11ccdb1-e307-44ec-82ca-4ffadee2a755","value":{"ELEMENT":"b26aab58-d7cc-4024-b0f3-0fddab9a645d"},"status":0}, status=OK}
Dec 07, 2021 2:32:22 AM net.sourceforge.marathon.javaagent.server.JavaServer serve
INFO: JavaServer.serve(POST /session/b11ccdb1-e307-44ec-82ca-4ffadee2a755/element/b26aab58-d7cc-4024-b0f3-0fddab9a645d/click): {
  "id": "b26aab58-d7cc-4024-b0f3-0fddab9a645d"
}
Dec 07, 2021 2:32:22 AM net.sourceforge.marathon.javaagent.EventQueueDevice dispatchEvent
INFO: java.awt.event.MouseEvent[MOUSE_PRESSED,(58,12),absolute(589,17),button=1,modifiers=Button1,extModifiers=Button1,clickCount=1] on join button
Dec 07, 2021 2:32:22 AM net.sourceforge.marathon.javaagent.EventQueueDevice dispatchEvent
INFO: java.awt.event.MouseEvent[MOUSE_RELEASED,(58,12),absolute(589,17),button=1,modifiers=Button1,clickCount=1] on join button
Dec 07, 2021 2:32:22 AM net.sourceforge.marathon.javaagent.EventQueueDevice dispatchEvent
INFO: java.awt.event.MouseEvent[MOUSE_CLICKED,(58,12),absolute(589,17),button=1,modifiers=Button1,clickCount=1] on join button
Dec 07, 2021 2:32:22 AM net.sourceforge.marathon.javaagent.server.JavaServer serve
INFO: POST(/session/b11ccdb1-e307-44ec-82ca-4ffadee2a755/element/b26aab58-d7cc-4024-b0f3-0fddab9a645d/click, {"id":"b26aab58-d7cc-4024-b0f3-0fddab9a645d"}) = {data={"name":"clickElement","sessionId":"b11ccdb1-e307-44ec-82ca-4ffadee2a755","status":0}, status=OK}
Dec 07, 2021 2:32:22 AM net.sourceforge.marathon.javaagent.server.JavaServer serve
INFO: JavaServer.serve(DELETE /session/b11ccdb1-e307-44ec-82ca-4ffadee2a755/window): {}
Dec 07, 2021 2:32:22 AM net.sourceforge.marathon.javaagent.server.JavaServer serve
INFO: DELETE(/session/b11ccdb1-e307-44ec-82ca-4ffadee2a755/window) = {data={"name":"closeSession","sessionId":"b11ccdb1-e307-44ec-82ca-4ffadee2a755","status":0}, status=OK}
Dec 07, 2021 2:32:22 AM net.sourceforge.marathon.javaagent.server.JavaServer serve
INFO: JavaServer.serve(POST /session): {
  "desiredCapabilities": {
    "browserName": "java",
    "platform": "ANY"
  },
  "capabilities": {
    "firstMatch": [
      {
        "browserName": "java"
      }
    ]
  }
}
Dec 07, 2021 2:32:22 AM net.sourceforge.marathon.javaagent.server.JavaServer createSession
INFO: Creating device with type: EVENT_QUEUE
Dec 07, 2021 2:32:22 AM net.sourceforge.marathon.javaagent.Device getDevice
INFO: Creating a EVENT_QUEUE device
Dec 07, 2021 2:32:22 AM net.sourceforge.marathon.javaagent.server.JavaServer serve
INFO: POST(/session, {"desiredCapabilities":{"browserName":"java","platform":"ANY"},"capabilities":{"firstMatch":[{"browserName":"java"}]}}) = {data=, status=REDIRECT}
Dec 07, 2021 2:32:22 AM net.sourceforge.marathon.javaagent.server.JavaServer serve
INFO: JavaServer.serve(GET /session/da8e7a76-6c7c-447d-a835-a1a1558a3fe7): {}
Dec 07, 2021 2:32:22 AM net.sourceforge.marathon.javaagent.server.JavaServer serve
INFO: GET(/session/da8e7a76-6c7c-447d-a835-a1a1558a3fe7) = {data={"name":"getCapabilities","sessionId":"da8e7a76-6c7c-447d-a835-a1a1558a3fe7","value":{"applicationCacheEnabled":false,"rotatable":false,"loggingPrefs":{"driver":"ALL"},"handlesAlerts":false,"databaseEnabled":false,"version":"1.0","platform":"ANY","browserConnectionEnabled":false,"nativeEvents":false,"acceptSslCerts":false,"locationContextEnabled":false,"webStorageEnabled":false,"browserName":"java","takesScreenshot":true,"javascriptEnabled":true,"cssSelectorsEnabled":false},"status":0}, status=OK}
Dec 07, 2021 2:32:22 AM org.openqa.selenium.remote.ProtocolHandshake createSession
INFO: Detected dialect: OSS
Dec 07, 2021 2:32:22 AM net.sourceforge.marathon.javaagent.server.JavaServer serve
INFO: JavaServer.serve(POST /session/da8e7a76-6c7c-447d-a835-a1a1558a3fe7/element): {
  "using": "name",
  "value": "sniper reset button"
}
Dec 07, 2021 2:32:22 AM net.sourceforge.marathon.javaagent.server.JavaServer serve
INFO: POST(/session/da8e7a76-6c7c-447d-a835-a1a1558a3fe7/element, {"using":"name","value":"sniper reset button"}) = {data={"name":"findElement","sessionId":"da8e7a76-6c7c-447d-a835-a1a1558a3fe7","value":{"ELEMENT":"693c877e-2b3b-4aec-9d75-8939ccd47fc7"},"status":0}, status=OK}
Dec 07, 2021 2:32:22 AM net.sourceforge.marathon.javaagent.server.JavaServer serve
INFO: JavaServer.serve(POST /session/da8e7a76-6c7c-447d-a835-a1a1558a3fe7/element/693c877e-2b3b-4aec-9d75-8939ccd47fc7/click): {
  "id": "693c877e-2b3b-4aec-9d75-8939ccd47fc7"
}
Dec 07, 2021 2:32:23 AM net.sourceforge.marathon.javaagent.EventQueueDevice dispatchEvent
INFO: java.awt.event.MouseEvent[MOUSE_PRESSED,(37,12),absolute(326,474),button=1,modifiers=Button1,extModifiers=Button1,clickCount=1] on sniper reset button
Dec 07, 2021 2:32:23 AM net.sourceforge.marathon.javaagent.EventQueueDevice dispatchEvent
INFO: java.awt.event.MouseEvent[MOUSE_RELEASED,(37,12),absolute(326,474),button=1,modifiers=Button1,clickCount=1] on sniper reset button
Dec 07, 2021 2:32:23 AM net.sourceforge.marathon.javaagent.EventQueueDevice dispatchEvent
INFO: java.awt.event.MouseEvent[MOUSE_CLICKED,(37,12),absolute(326,474),button=1,modifiers=Button1,clickCount=1] on sniper reset button
Dec 07, 2021 2:32:23 AM net.sourceforge.marathon.javaagent.server.JavaServer serve
INFO: POST(/session/da8e7a76-6c7c-447d-a835-a1a1558a3fe7/element/693c877e-2b3b-4aec-9d75-8939ccd47fc7/click, {"id":"693c877e-2b3b-4aec-9d75-8939ccd47fc7"}) = {data={"name":"clickElement","sessionId":"da8e7a76-6c7c-447d-a835-a1a1558a3fe7","status":0}, status=OK}
Dec 07, 2021 2:32:23 AM net.sourceforge.marathon.javaagent.server.JavaServer serve
INFO: JavaServer.serve(DELETE /session/da8e7a76-6c7c-447d-a835-a1a1558a3fe7/window): {}
Dec 07, 2021 2:32:23 AM net.sourceforge.marathon.javaagent.server.JavaServer serve
INFO: DELETE(/session/da8e7a76-6c7c-447d-a835-a1a1558a3fe7/window) = {data={"name":"closeSession","sessionId":"da8e7a76-6c7c-447d-a835-a1a1558a3fe7","status":0}, status=OK}
]]></system-err>
</testsuite>
