<?xml version="1.0" encoding="UTF-8"?>
<testsuite name="goos.ui.swing.MainWindowTest" tests="3" skipped="0" failures="0" errors="0" timestamp="2021-12-09T02:29:43" hostname="buildkitsandbox" time="3.78">
  <properties/>
  <testcase name="window has expected features" classname="goos.ui.swing.MainWindowTest" time="2.952"/>
  <testcase name="make user request when join button clicked" classname="goos.ui.swing.MainWindowTest" time="0.661"/>
  <testcase name="make user request when reset button clicked" classname="goos.ui.swing.MainWindowTest" time="0.164"/>
  <system-out><![CDATA[]]></system-out>
  <system-err><![CDATA[Dec 09, 2021 2:29:44 AM io.mockk.impl.log.JULLogger warn
WARNING: Failed to transform class goos/ui/api/UserRequestListener
java.lang.IllegalArgumentException: Unsupported class file major version 59
	at net.bytebuddy.jar.asm.ClassReader.<init>(ClassReader.java:176)
	at net.bytebuddy.jar.asm.ClassReader.<init>(ClassReader.java:158)
	at net.bytebuddy.jar.asm.ClassReader.<init>(ClassReader.java:146)
	at net.bytebuddy.utility.OpenedClassReader.of(OpenedClassReader.java:69)
	at net.bytebuddy.dynamic.scaffold.TypeWriter$Default$ForInlining.create(TypeWriter.java:2877)
	at net.bytebuddy.dynamic.scaffold.TypeWriter$Default.make(TypeWriter.java:1653)
	at net.bytebuddy.dynamic.scaffold.inline.RedefinitionDynamicTypeBuilder.make(RedefinitionDynamicTypeBuilder.java:180)
	at net.bytebuddy.dynamic.scaffold.inline.AbstractInliningDynamicTypeBuilder.make(AbstractInliningDynamicTypeBuilder.java:94)
	at net.bytebuddy.dynamic.DynamicType$Builder$AbstractBase.make(DynamicType.java:2669)
	at io.mockk.proxy.jvm.transformation.InliningClassTransformer.transform(InliningClassTransformer.kt:78)
	at java.instrument/java.lang.instrument.ClassFileTransformer.transform(ClassFileTransformer.java:246)
	at java.instrument/sun.instrument.TransformerManager.transform(TransformerManager.java:188)
	at java.instrument/sun.instrument.InstrumentationImpl.transform(InstrumentationImpl.java:563)
	at java.instrument/sun.instrument.InstrumentationImpl.retransformClasses0(Native Method)
	at java.instrument/sun.instrument.InstrumentationImpl.retransformClasses(InstrumentationImpl.java:167)
	at io.mockk.proxy.jvm.transformation.JvmInlineInstrumentation.retransform(JvmInlineInstrumentation.kt:28)
	at io.mockk.proxy.common.transformation.RetransformInlineInstrumnetation$execute$1.invoke(RetransformInlineInstrumnetation.kt:19)
	at io.mockk.proxy.common.transformation.RetransformInlineInstrumnetation$execute$1.invoke(RetransformInlineInstrumnetation.kt:6)
	at io.mockk.proxy.common.transformation.ClassTransformationSpecMap.applyTransformation(ClassTransformationSpecMap.kt:41)
	at io.mockk.proxy.common.transformation.RetransformInlineInstrumnetation.execute(RetransformInlineInstrumnetation.kt:16)
	at io.mockk.proxy.jvm.ProxyMaker.inline(ProxyMaker.kt:88)
	at io.mockk.proxy.jvm.ProxyMaker.proxy(ProxyMaker.kt:30)
	at io.mockk.impl.instantiation.JvmMockFactory.newProxy(JvmMockFactory.kt:34)
	at io.mockk.impl.instantiation.AbstractMockFactory.newProxy$default(AbstractMockFactory.kt:29)
	at io.mockk.impl.instantiation.AbstractMockFactory.mockk(AbstractMockFactory.kt:59)
	at goos.ui.swing.MainWindowTest$1$1.invokeSuspend(MainWindowTest.kt:90)
	at goos.ui.swing.MainWindowTest$1$1.invoke(MainWindowTest.kt)
	at goos.ui.swing.MainWindowTest$1$1.invoke(MainWindowTest.kt)
	at io.kotest.core.TestConfiguration$beforeTest$1.beforeTest(TestConfiguration.kt:137)
	at io.kotest.core.spec.LifecycleKt.invokeAllBeforeTestCallbacks(lifecycle.kt:76)
	at io.kotest.core.internal.TestCaseExecutor.executeActiveTest(TestCaseExecutor.kt:152)
	at io.kotest.core.internal.TestCaseExecutor.access$executeActiveTest(TestCaseExecutor.kt:57)
	at io.kotest.core.internal.TestCaseExecutor$intercept$innerExecute$1$1.invokeSuspend(TestCaseExecutor.kt:89)
	at io.kotest.core.internal.TestCaseExecutor$intercept$innerExecute$1$1.invoke(TestCaseExecutor.kt)
	at io.kotest.core.internal.TestCaseExecutor$intercept$innerExecute$1$1.invoke(TestCaseExecutor.kt)
	at io.kotest.core.internal.TestCaseExecutor.executeIfEnabled(TestCaseExecutor.kt:117)
	at io.kotest.core.internal.TestCaseExecutor.access$executeIfEnabled(TestCaseExecutor.kt:57)
	at io.kotest.core.internal.TestCaseExecutor$intercept$innerExecute$1.invokeSuspend(TestCaseExecutor.kt:89)
	at io.kotest.core.internal.TestCaseExecutor$intercept$innerExecute$1.invoke(TestCaseExecutor.kt)
	at io.kotest.core.internal.TestCaseExecutor$intercept$innerExecute$1.invoke(TestCaseExecutor.kt)
	at io.kotest.core.internal.TestCaseExecutor.intercept(TestCaseExecutor.kt:103)
	at io.kotest.core.internal.TestCaseExecutor.execute(TestCaseExecutor.kt:69)
	at io.kotest.engine.spec.runners.SingleInstanceSpecRunner.runTest(SingleInstanceSpecRunner.kt:104)
	at io.kotest.engine.spec.runners.SingleInstanceSpecRunner.access$runTest(SingleInstanceSpecRunner.kt:34)
	at io.kotest.engine.spec.runners.SingleInstanceSpecRunner$execute$interceptAndRun$2$4.invokeSuspend(SingleInstanceSpecRunner.kt:57)
	at io.kotest.engine.spec.runners.SingleInstanceSpecRunner$execute$interceptAndRun$2$4.invoke(SingleInstanceSpecRunner.kt)
	at io.kotest.engine.spec.runners.SingleInstanceSpecRunner$execute$interceptAndRun$2$4.invoke(SingleInstanceSpecRunner.kt)
	at io.kotest.engine.launchers.SequentialTestLauncher$launch$3$1$1.invokeSuspend(SequentialTestLauncher.kt:22)
	at kotlin.coroutines.jvm.internal.BaseContinuationImpl.resumeWith(ContinuationImpl.kt:33)
	at kotlinx.coroutines.DispatchedTask.run(DispatchedTask.kt:106)
	at java.base/java.util.concurrent.ThreadPoolExecutor.runWorker(ThreadPoolExecutor.java:1130)
	at java.base/java.util.concurrent.ThreadPoolExecutor$Worker.run(ThreadPoolExecutor.java:630)
	at java.base/java.lang.Thread.run(Thread.java:832)

Dec 09, 2021 2:29:46 AM net.sourceforge.marathon.javaagent.server.JavaServer serve
INFO: JavaServer.serve(POST /session): {
  "desiredCapabilities": {
    "browserName": "java",
    "platform": "ANY"
  },
  "capabilities": {
    "firstMatch": [
      {
        "browserName": "java"
      }
    ]
  }
}
Dec 09, 2021 2:29:46 AM net.sourceforge.marathon.javaagent.server.JavaServer createSession
INFO: Creating device with type: EVENT_QUEUE
Dec 09, 2021 2:29:46 AM net.sourceforge.marathon.javaagent.Device getDevice
INFO: Creating a EVENT_QUEUE device
Dec 09, 2021 2:29:46 AM net.sourceforge.marathon.javaagent.server.JavaServer serve
INFO: POST(/session, {"desiredCapabilities":{"browserName":"java","platform":"ANY"},"capabilities":{"firstMatch":[{"browserName":"java"}]}}) = {data=, status=REDIRECT}
Dec 09, 2021 2:29:46 AM net.sourceforge.marathon.javaagent.server.JavaServer serve
INFO: JavaServer.serve(GET /session/a48e2514-ba17-40c8-8633-03b9063427bc): {}
Dec 09, 2021 2:29:46 AM net.sourceforge.marathon.javaagent.server.JavaServer serve
INFO: GET(/session/a48e2514-ba17-40c8-8633-03b9063427bc) = {data={"name":"getCapabilities","sessionId":"a48e2514-ba17-40c8-8633-03b9063427bc","value":{"applicationCacheEnabled":false,"rotatable":false,"loggingPrefs":{"driver":"ALL"},"handlesAlerts":false,"databaseEnabled":false,"version":"1.0","platform":"ANY","browserConnectionEnabled":false,"nativeEvents":false,"acceptSslCerts":false,"locationContextEnabled":false,"webStorageEnabled":false,"browserName":"java","takesScreenshot":true,"javascriptEnabled":true,"cssSelectorsEnabled":false},"status":0}, status=OK}
Dec 09, 2021 2:29:46 AM org.openqa.selenium.remote.ProtocolHandshake createSession
INFO: Detected dialect: OSS
Dec 09, 2021 2:29:46 AM net.sourceforge.marathon.javaagent.server.JavaServer serve
INFO: JavaServer.serve(POST /session/a48e2514-ba17-40c8-8633-03b9063427bc/element): {
  "using": "css selector",
  "value": "."
}
Dec 09, 2021 2:29:46 AM net.sourceforge.marathon.javaagent.server.JavaServer serve
INFO: POST(/session/a48e2514-ba17-40c8-8633-03b9063427bc/element, {"using":"css selector","value":"."}) = {data={"name":"findElement","sessionId":"a48e2514-ba17-40c8-8633-03b9063427bc","value":{"ELEMENT":"198048cf-48c5-4961-8be6-5ddbaef71c42"},"status":0}, status=OK}
Dec 09, 2021 2:29:46 AM net.sourceforge.marathon.javaagent.server.JavaServer serve
INFO: JavaServer.serve(GET /session/a48e2514-ba17-40c8-8633-03b9063427bc/element/198048cf-48c5-4961-8be6-5ddbaef71c42/attribute/name): {}
Dec 09, 2021 2:29:46 AM net.sourceforge.marathon.javaagent.server.JavaServer serve
INFO: GET(/session/a48e2514-ba17-40c8-8633-03b9063427bc/element/198048cf-48c5-4961-8be6-5ddbaef71c42/attribute/name) = {data={"name":"getElementAttribute","sessionId":"a48e2514-ba17-40c8-8633-03b9063427bc","value":"Auction Sniper Name","status":0}, status=OK}
Dec 09, 2021 2:29:46 AM net.sourceforge.marathon.javaagent.server.JavaServer serve
INFO: JavaServer.serve(POST /session/a48e2514-ba17-40c8-8633-03b9063427bc/element): {
  "using": "css selector",
  "value": "."
}
Dec 09, 2021 2:29:46 AM net.sourceforge.marathon.javaagent.server.JavaServer serve
INFO: POST(/session/a48e2514-ba17-40c8-8633-03b9063427bc/element, {"using":"css selector","value":"."}) = {data={"name":"findElement","sessionId":"a48e2514-ba17-40c8-8633-03b9063427bc","value":{"ELEMENT":"198048cf-48c5-4961-8be6-5ddbaef71c42"},"status":0}, status=OK}
Dec 09, 2021 2:29:46 AM net.sourceforge.marathon.javaagent.server.JavaServer serve
INFO: JavaServer.serve(GET /session/a48e2514-ba17-40c8-8633-03b9063427bc/element/198048cf-48c5-4961-8be6-5ddbaef71c42/displayed): {}
Dec 09, 2021 2:29:46 AM net.sourceforge.marathon.javaagent.server.JavaServer serve
INFO: GET(/session/a48e2514-ba17-40c8-8633-03b9063427bc/element/198048cf-48c5-4961-8be6-5ddbaef71c42/displayed) = {data={"name":"isDisplayed","sessionId":"a48e2514-ba17-40c8-8633-03b9063427bc","value":true,"status":0}, status=OK}
Dec 09, 2021 2:29:46 AM net.sourceforge.marathon.javaagent.server.JavaServer serve
INFO: JavaServer.serve(GET /session/a48e2514-ba17-40c8-8633-03b9063427bc/title): {}
Dec 09, 2021 2:29:46 AM net.sourceforge.marathon.javaagent.server.JavaServer serve
INFO: GET(/session/a48e2514-ba17-40c8-8633-03b9063427bc/title) = {data={"name":"getWindowTitle","sessionId":"a48e2514-ba17-40c8-8633-03b9063427bc","value":"Auction Sniper","status":0}, status=OK}
Dec 09, 2021 2:29:46 AM net.sourceforge.marathon.javaagent.server.JavaServer serve
INFO: JavaServer.serve(POST /session/a48e2514-ba17-40c8-8633-03b9063427bc/element): {
  "using": "name",
  "value": "snipers table"
}
Dec 09, 2021 2:29:46 AM net.sourceforge.marathon.javaagent.server.JavaServer serve
INFO: POST(/session/a48e2514-ba17-40c8-8633-03b9063427bc/element, {"using":"name","value":"snipers table"}) = {data={"name":"findElement","sessionId":"a48e2514-ba17-40c8-8633-03b9063427bc","value":{"ELEMENT":"547a35a8-5aa0-43d1-9ebe-c8304dc6d919"},"status":0}, status=OK}
Dec 09, 2021 2:29:46 AM net.sourceforge.marathon.javaagent.server.JavaServer serve
INFO: JavaServer.serve(POST /session/a48e2514-ba17-40c8-8633-03b9063427bc/element/547a35a8-5aa0-43d1-9ebe-c8304dc6d919/elements): {
  "id": "547a35a8-5aa0-43d1-9ebe-c8304dc6d919",
  "using": "css selector",
  "value": ".::header.::all-items"
}
Dec 09, 2021 2:29:46 AM net.sourceforge.marathon.javaagent.server.JavaServer serve
INFO: POST(/session/a48e2514-ba17-40c8-8633-03b9063427bc/element/547a35a8-5aa0-43d1-9ebe-c8304dc6d919/elements, {"using":"css selector","id":"547a35a8-5aa0-43d1-9ebe-c8304dc6d919","value":".::header.::all-items"}) = {data={"name":"findElementsOfElement","sessionId":"a48e2514-ba17-40c8-8633-03b9063427bc","value":[{"ELEMENT":"1ae68ff1-0ed9-4ac9-bc2b-7e4b49bdcd62%23%7B%22selector%22%3A%22nth-item%22%2C%22parameters%22%3A%5B1%5D%7D"},{"ELEMENT":"1ae68ff1-0ed9-4ac9-bc2b-7e4b49bdcd62%23%7B%22selector%22%3A%22nth-item%22%2C%22parameters%22%3A%5B2%5D%7D"},{"ELEMENT":"1ae68ff1-0ed9-4ac9-bc2b-7e4b49bdcd62%23%7B%22selector%22%3A%22nth-item%22%2C%22parameters%22%3A%5B3%5D%7D"},{"ELEMENT":"1ae68ff1-0ed9-4ac9-bc2b-7e4b49bdcd62%23%7B%22selector%22%3A%22nth-item%22%2C%22parameters%22%3A%5B4%5D%7D"}],"status":0}, status=OK}
Dec 09, 2021 2:29:46 AM net.sourceforge.marathon.javaagent.server.JavaServer serve
INFO: JavaServer.serve(GET /session/a48e2514-ba17-40c8-8633-03b9063427bc/element/1ae68ff1-0ed9-4ac9-bc2b-7e4b49bdcd62%23%7B%22selector%22%3A%22nth-item%22%2C%22parameters%22%3A%5B1%5D%7D/text): {}
Dec 09, 2021 2:29:46 AM net.sourceforge.marathon.javaagent.server.JavaServer serve
INFO: GET(/session/a48e2514-ba17-40c8-8633-03b9063427bc/element/1ae68ff1-0ed9-4ac9-bc2b-7e4b49bdcd62%23%7B%22selector%22%3A%22nth-item%22%2C%22parameters%22%3A%5B1%5D%7D/text) = {data={"name":"getElementText","sessionId":"a48e2514-ba17-40c8-8633-03b9063427bc","value":"Item","status":0}, status=OK}
Dec 09, 2021 2:29:46 AM net.sourceforge.marathon.javaagent.server.JavaServer serve
INFO: JavaServer.serve(GET /session/a48e2514-ba17-40c8-8633-03b9063427bc/element/1ae68ff1-0ed9-4ac9-bc2b-7e4b49bdcd62%23%7B%22selector%22%3A%22nth-item%22%2C%22parameters%22%3A%5B2%5D%7D/text): {}
Dec 09, 2021 2:29:46 AM net.sourceforge.marathon.javaagent.server.JavaServer serve
INFO: GET(/session/a48e2514-ba17-40c8-8633-03b9063427bc/element/1ae68ff1-0ed9-4ac9-bc2b-7e4b49bdcd62%23%7B%22selector%22%3A%22nth-item%22%2C%22parameters%22%3A%5B2%5D%7D/text) = {data={"name":"getElementText","sessionId":"a48e2514-ba17-40c8-8633-03b9063427bc","value":"Last Price","status":0}, status=OK}
Dec 09, 2021 2:29:46 AM net.sourceforge.marathon.javaagent.server.JavaServer serve
INFO: JavaServer.serve(GET /session/a48e2514-ba17-40c8-8633-03b9063427bc/element/1ae68ff1-0ed9-4ac9-bc2b-7e4b49bdcd62%23%7B%22selector%22%3A%22nth-item%22%2C%22parameters%22%3A%5B3%5D%7D/text): {}
Dec 09, 2021 2:29:46 AM net.sourceforge.marathon.javaagent.server.JavaServer serve
INFO: GET(/session/a48e2514-ba17-40c8-8633-03b9063427bc/element/1ae68ff1-0ed9-4ac9-bc2b-7e4b49bdcd62%23%7B%22selector%22%3A%22nth-item%22%2C%22parameters%22%3A%5B3%5D%7D/text) = {data={"name":"getElementText","sessionId":"a48e2514-ba17-40c8-8633-03b9063427bc","value":"Last Bid","status":0}, status=OK}
Dec 09, 2021 2:29:46 AM net.sourceforge.marathon.javaagent.server.JavaServer serve
INFO: JavaServer.serve(GET /session/a48e2514-ba17-40c8-8633-03b9063427bc/element/1ae68ff1-0ed9-4ac9-bc2b-7e4b49bdcd62%23%7B%22selector%22%3A%22nth-item%22%2C%22parameters%22%3A%5B4%5D%7D/text): {}
Dec 09, 2021 2:29:46 AM net.sourceforge.marathon.javaagent.server.JavaServer serve
INFO: GET(/session/a48e2514-ba17-40c8-8633-03b9063427bc/element/1ae68ff1-0ed9-4ac9-bc2b-7e4b49bdcd62%23%7B%22selector%22%3A%22nth-item%22%2C%22parameters%22%3A%5B4%5D%7D/text) = {data={"name":"getElementText","sessionId":"a48e2514-ba17-40c8-8633-03b9063427bc","value":"State","status":0}, status=OK}
Dec 09, 2021 2:29:46 AM net.sourceforge.marathon.javaagent.server.JavaServer serve
INFO: JavaServer.serve(DELETE /session/a48e2514-ba17-40c8-8633-03b9063427bc/window): {}
Dec 09, 2021 2:29:46 AM net.sourceforge.marathon.javaagent.server.JavaServer serve
INFO: DELETE(/session/a48e2514-ba17-40c8-8633-03b9063427bc/window) = {data={"name":"closeSession","sessionId":"a48e2514-ba17-40c8-8633-03b9063427bc","status":0}, status=OK}
Dec 09, 2021 2:29:46 AM net.sourceforge.marathon.javaagent.server.JavaServer serve
INFO: JavaServer.serve(POST /session): {
  "desiredCapabilities": {
    "browserName": "java",
    "platform": "ANY"
  },
  "capabilities": {
    "firstMatch": [
      {
        "browserName": "java"
      }
    ]
  }
}
Dec 09, 2021 2:29:46 AM net.sourceforge.marathon.javaagent.server.JavaServer createSession
INFO: Creating device with type: EVENT_QUEUE
Dec 09, 2021 2:29:46 AM net.sourceforge.marathon.javaagent.Device getDevice
INFO: Creating a EVENT_QUEUE device
Dec 09, 2021 2:29:46 AM net.sourceforge.marathon.javaagent.server.JavaServer serve
INFO: POST(/session, {"desiredCapabilities":{"browserName":"java","platform":"ANY"},"capabilities":{"firstMatch":[{"browserName":"java"}]}}) = {data=, status=REDIRECT}
Dec 09, 2021 2:29:46 AM net.sourceforge.marathon.javaagent.server.JavaServer serve
INFO: JavaServer.serve(GET /session/667295cb-15f0-4b21-8838-5fc10dbcf10b): {}
Dec 09, 2021 2:29:46 AM net.sourceforge.marathon.javaagent.server.JavaServer serve
INFO: GET(/session/667295cb-15f0-4b21-8838-5fc10dbcf10b) = {data={"name":"getCapabilities","sessionId":"667295cb-15f0-4b21-8838-5fc10dbcf10b","value":{"applicationCacheEnabled":false,"rotatable":false,"loggingPrefs":{"driver":"ALL"},"handlesAlerts":false,"databaseEnabled":false,"version":"1.0","platform":"ANY","browserConnectionEnabled":false,"nativeEvents":false,"acceptSslCerts":false,"locationContextEnabled":false,"webStorageEnabled":false,"browserName":"java","takesScreenshot":true,"javascriptEnabled":true,"cssSelectorsEnabled":false},"status":0}, status=OK}
Dec 09, 2021 2:29:46 AM org.openqa.selenium.remote.ProtocolHandshake createSession
INFO: Detected dialect: OSS
Dec 09, 2021 2:29:46 AM net.sourceforge.marathon.javaagent.server.JavaServer serve
INFO: JavaServer.serve(POST /session/667295cb-15f0-4b21-8838-5fc10dbcf10b/element): {
  "using": "name",
  "value": "new item id field"
}
Dec 09, 2021 2:29:46 AM net.sourceforge.marathon.javaagent.server.JavaServer serve
INFO: POST(/session/667295cb-15f0-4b21-8838-5fc10dbcf10b/element, {"using":"name","value":"new item id field"}) = {data={"name":"findElement","sessionId":"667295cb-15f0-4b21-8838-5fc10dbcf10b","value":{"ELEMENT":"0253d22b-8968-4b0b-9b4a-73665c360953"},"status":0}, status=OK}
Dec 09, 2021 2:29:46 AM net.sourceforge.marathon.javaagent.server.JavaServer serve
INFO: JavaServer.serve(POST /session/667295cb-15f0-4b21-8838-5fc10dbcf10b/element/0253d22b-8968-4b0b-9b4a-73665c360953/clear): {
  "id": "0253d22b-8968-4b0b-9b4a-73665c360953"
}
Dec 09, 2021 2:29:46 AM net.sourceforge.marathon.javaagent.server.JavaServer serve
INFO: POST(/session/667295cb-15f0-4b21-8838-5fc10dbcf10b/element/0253d22b-8968-4b0b-9b4a-73665c360953/clear, {"id":"0253d22b-8968-4b0b-9b4a-73665c360953"}) = {data={"name":"clearElement","sessionId":"667295cb-15f0-4b21-8838-5fc10dbcf10b","status":0}, status=OK}
Dec 09, 2021 2:29:46 AM net.sourceforge.marathon.javaagent.server.JavaServer serve
INFO: JavaServer.serve(POST /session/667295cb-15f0-4b21-8838-5fc10dbcf10b/element/0253d22b-8968-4b0b-9b4a-73665c360953/value): {
  "id": "0253d22b-8968-4b0b-9b4a-73665c360953",
  "value": [
    "an item-id"
  ]
}
Dec 09, 2021 2:29:46 AM net.sourceforge.marathon.javaagent.EventQueueDevice dispatchEvent
INFO: java.awt.event.KeyEvent[KEY_PRESSED,keyCode=65,keyText=A,keyChar='a',keyLocation=KEY_LOCATION_UNKNOWN,rawCode=0,primaryLevelUnicode=0,scancode=0,extendedKeyCode=0x0] on new item id field
Dec 09, 2021 2:29:46 AM net.sourceforge.marathon.javaagent.EventQueueDevice dispatchEvent
INFO: java.awt.event.KeyEvent[KEY_TYPED,keyCode=0,keyText=Unknown keyCode: 0x0,keyChar='a',keyLocation=KEY_LOCATION_UNKNOWN,rawCode=0,primaryLevelUnicode=0,scancode=0,extendedKeyCode=0x0] on new item id field
Dec 09, 2021 2:29:46 AM net.sourceforge.marathon.javaagent.EventQueueDevice dispatchEvent
INFO: java.awt.event.KeyEvent[KEY_RELEASED,keyCode=65,keyText=A,keyChar='a',keyLocation=KEY_LOCATION_UNKNOWN,rawCode=0,primaryLevelUnicode=0,scancode=0,extendedKeyCode=0x0] on new item id field
Dec 09, 2021 2:29:46 AM net.sourceforge.marathon.javaagent.EventQueueDevice dispatchEvent
INFO: java.awt.event.KeyEvent[KEY_PRESSED,keyCode=78,keyText=N,keyChar='n',keyLocation=KEY_LOCATION_UNKNOWN,rawCode=0,primaryLevelUnicode=0,scancode=0,extendedKeyCode=0x0] on new item id field
Dec 09, 2021 2:29:46 AM net.sourceforge.marathon.javaagent.EventQueueDevice dispatchEvent
INFO: java.awt.event.KeyEvent[KEY_TYPED,keyCode=0,keyText=Unknown keyCode: 0x0,keyChar='n',keyLocation=KEY_LOCATION_UNKNOWN,rawCode=0,primaryLevelUnicode=0,scancode=0,extendedKeyCode=0x0] on new item id field
Dec 09, 2021 2:29:46 AM net.sourceforge.marathon.javaagent.EventQueueDevice dispatchEvent
INFO: java.awt.event.KeyEvent[KEY_RELEASED,keyCode=78,keyText=N,keyChar='n',keyLocation=KEY_LOCATION_UNKNOWN,rawCode=0,primaryLevelUnicode=0,scancode=0,extendedKeyCode=0x0] on new item id field
Dec 09, 2021 2:29:46 AM net.sourceforge.marathon.javaagent.EventQueueDevice dispatchEvent
INFO: java.awt.event.KeyEvent[KEY_PRESSED,keyCode=16,keyText=Shift,keyChar=Undefined keyChar,modifiers=Shift,extModifiers=Shift,keyLocation=KEY_LOCATION_UNKNOWN,rawCode=0,primaryLevelUnicode=0,scancode=0,extendedKeyCode=0x0] on new item id field
Dec 09, 2021 2:29:46 AM net.sourceforge.marathon.javaagent.EventQueueDevice dispatchEvent
INFO: java.awt.event.KeyEvent[KEY_PRESSED,keyCode=32,keyText=Space,keyChar=' ',modifiers=Shift,extModifiers=Shift,keyLocation=KEY_LOCATION_UNKNOWN,rawCode=0,primaryLevelUnicode=0,scancode=0,extendedKeyCode=0x0] on new item id field
Dec 09, 2021 2:29:46 AM net.sourceforge.marathon.javaagent.EventQueueDevice dispatchEvent
INFO: java.awt.event.KeyEvent[KEY_TYPED,keyCode=0,keyText=Unknown keyCode: 0x0,keyChar=' ',modifiers=Shift,extModifiers=Shift,keyLocation=KEY_LOCATION_UNKNOWN,rawCode=0,primaryLevelUnicode=0,scancode=0,extendedKeyCode=0x0] on new item id field
Dec 09, 2021 2:29:46 AM net.sourceforge.marathon.javaagent.EventQueueDevice dispatchEvent
INFO: java.awt.event.KeyEvent[KEY_RELEASED,keyCode=32,keyText=Space,keyChar=' ',modifiers=Shift,extModifiers=Shift,keyLocation=KEY_LOCATION_UNKNOWN,rawCode=0,primaryLevelUnicode=0,scancode=0,extendedKeyCode=0x0] on new item id field
Dec 09, 2021 2:29:46 AM net.sourceforge.marathon.javaagent.EventQueueDevice dispatchEvent
INFO: java.awt.event.KeyEvent[KEY_RELEASED,keyCode=16,keyText=Shift,keyChar=Undefined keyChar,keyLocation=KEY_LOCATION_UNKNOWN,rawCode=0,primaryLevelUnicode=0,scancode=0,extendedKeyCode=0x0] on new item id field
Dec 09, 2021 2:29:46 AM net.sourceforge.marathon.javaagent.EventQueueDevice dispatchEvent
INFO: java.awt.event.KeyEvent[KEY_PRESSED,keyCode=73,keyText=I,keyChar='i',keyLocation=KEY_LOCATION_UNKNOWN,rawCode=0,primaryLevelUnicode=0,scancode=0,extendedKeyCode=0x0] on new item id field
Dec 09, 2021 2:29:46 AM net.sourceforge.marathon.javaagent.EventQueueDevice dispatchEvent
INFO: java.awt.event.KeyEvent[KEY_TYPED,keyCode=0,keyText=Unknown keyCode: 0x0,keyChar='i',keyLocation=KEY_LOCATION_UNKNOWN,rawCode=0,primaryLevelUnicode=0,scancode=0,extendedKeyCode=0x0] on new item id field
Dec 09, 2021 2:29:46 AM net.sourceforge.marathon.javaagent.EventQueueDevice dispatchEvent
INFO: java.awt.event.KeyEvent[KEY_RELEASED,keyCode=73,keyText=I,keyChar='i',keyLocation=KEY_LOCATION_UNKNOWN,rawCode=0,primaryLevelUnicode=0,scancode=0,extendedKeyCode=0x0] on new item id field
Dec 09, 2021 2:29:46 AM net.sourceforge.marathon.javaagent.EventQueueDevice dispatchEvent
INFO: java.awt.event.KeyEvent[KEY_PRESSED,keyCode=84,keyText=T,keyChar='t',keyLocation=KEY_LOCATION_UNKNOWN,rawCode=0,primaryLevelUnicode=0,scancode=0,extendedKeyCode=0x0] on new item id field
Dec 09, 2021 2:29:46 AM net.sourceforge.marathon.javaagent.EventQueueDevice dispatchEvent
INFO: java.awt.event.KeyEvent[KEY_TYPED,keyCode=0,keyText=Unknown keyCode: 0x0,keyChar='t',keyLocation=KEY_LOCATION_UNKNOWN,rawCode=0,primaryLevelUnicode=0,scancode=0,extendedKeyCode=0x0] on new item id field
Dec 09, 2021 2:29:46 AM net.sourceforge.marathon.javaagent.EventQueueDevice dispatchEvent
INFO: java.awt.event.KeyEvent[KEY_RELEASED,keyCode=84,keyText=T,keyChar='t',keyLocation=KEY_LOCATION_UNKNOWN,rawCode=0,primaryLevelUnicode=0,scancode=0,extendedKeyCode=0x0] on new item id field
Dec 09, 2021 2:29:46 AM net.sourceforge.marathon.javaagent.EventQueueDevice dispatchEvent
INFO: java.awt.event.KeyEvent[KEY_PRESSED,keyCode=69,keyText=E,keyChar='e',keyLocation=KEY_LOCATION_UNKNOWN,rawCode=0,primaryLevelUnicode=0,scancode=0,extendedKeyCode=0x0] on new item id field
Dec 09, 2021 2:29:46 AM net.sourceforge.marathon.javaagent.EventQueueDevice dispatchEvent
INFO: java.awt.event.KeyEvent[KEY_TYPED,keyCode=0,keyText=Unknown keyCode: 0x0,keyChar='e',keyLocation=KEY_LOCATION_UNKNOWN,rawCode=0,primaryLevelUnicode=0,scancode=0,extendedKeyCode=0x0] on new item id field
Dec 09, 2021 2:29:46 AM net.sourceforge.marathon.javaagent.EventQueueDevice dispatchEvent
INFO: java.awt.event.KeyEvent[KEY_RELEASED,keyCode=69,keyText=E,keyChar='e',keyLocation=KEY_LOCATION_UNKNOWN,rawCode=0,primaryLevelUnicode=0,scancode=0,extendedKeyCode=0x0] on new item id field
Dec 09, 2021 2:29:46 AM net.sourceforge.marathon.javaagent.EventQueueDevice dispatchEvent
INFO: java.awt.event.KeyEvent[KEY_PRESSED,keyCode=77,keyText=M,keyChar='m',keyLocation=KEY_LOCATION_UNKNOWN,rawCode=0,primaryLevelUnicode=0,scancode=0,extendedKeyCode=0x0] on new item id field
Dec 09, 2021 2:29:46 AM net.sourceforge.marathon.javaagent.EventQueueDevice dispatchEvent
INFO: java.awt.event.KeyEvent[KEY_TYPED,keyCode=0,keyText=Unknown keyCode: 0x0,keyChar='m',keyLocation=KEY_LOCATION_UNKNOWN,rawCode=0,primaryLevelUnicode=0,scancode=0,extendedKeyCode=0x0] on new item id field
Dec 09, 2021 2:29:46 AM net.sourceforge.marathon.javaagent.EventQueueDevice dispatchEvent
INFO: java.awt.event.KeyEvent[KEY_RELEASED,keyCode=77,keyText=M,keyChar='m',keyLocation=KEY_LOCATION_UNKNOWN,rawCode=0,primaryLevelUnicode=0,scancode=0,extendedKeyCode=0x0] on new item id field
Dec 09, 2021 2:29:46 AM net.sourceforge.marathon.javaagent.EventQueueDevice dispatchEvent
INFO: java.awt.event.KeyEvent[KEY_PRESSED,keyCode=45,keyText=Minus,keyChar='-',keyLocation=KEY_LOCATION_UNKNOWN,rawCode=0,primaryLevelUnicode=0,scancode=0,extendedKeyCode=0x0] on new item id field
Dec 09, 2021 2:29:46 AM net.sourceforge.marathon.javaagent.EventQueueDevice dispatchEvent
INFO: java.awt.event.KeyEvent[KEY_TYPED,keyCode=0,keyText=Unknown keyCode: 0x0,keyChar='-',keyLocation=KEY_LOCATION_UNKNOWN,rawCode=0,primaryLevelUnicode=0,scancode=0,extendedKeyCode=0x0] on new item id field
Dec 09, 2021 2:29:46 AM net.sourceforge.marathon.javaagent.EventQueueDevice dispatchEvent
INFO: java.awt.event.KeyEvent[KEY_RELEASED,keyCode=45,keyText=Minus,keyChar='-',keyLocation=KEY_LOCATION_UNKNOWN,rawCode=0,primaryLevelUnicode=0,scancode=0,extendedKeyCode=0x0] on new item id field
Dec 09, 2021 2:29:46 AM net.sourceforge.marathon.javaagent.EventQueueDevice dispatchEvent
INFO: java.awt.event.KeyEvent[KEY_PRESSED,keyCode=73,keyText=I,keyChar='i',keyLocation=KEY_LOCATION_UNKNOWN,rawCode=0,primaryLevelUnicode=0,scancode=0,extendedKeyCode=0x0] on new item id field
Dec 09, 2021 2:29:46 AM net.sourceforge.marathon.javaagent.EventQueueDevice dispatchEvent
INFO: java.awt.event.KeyEvent[KEY_TYPED,keyCode=0,keyText=Unknown keyCode: 0x0,keyChar='i',keyLocation=KEY_LOCATION_UNKNOWN,rawCode=0,primaryLevelUnicode=0,scancode=0,extendedKeyCode=0x0] on new item id field
Dec 09, 2021 2:29:46 AM net.sourceforge.marathon.javaagent.EventQueueDevice dispatchEvent
INFO: java.awt.event.KeyEvent[KEY_RELEASED,keyCode=73,keyText=I,keyChar='i',keyLocation=KEY_LOCATION_UNKNOWN,rawCode=0,primaryLevelUnicode=0,scancode=0,extendedKeyCode=0x0] on new item id field
Dec 09, 2021 2:29:46 AM net.sourceforge.marathon.javaagent.EventQueueDevice dispatchEvent
INFO: java.awt.event.KeyEvent[KEY_PRESSED,keyCode=68,keyText=D,keyChar='d',keyLocation=KEY_LOCATION_UNKNOWN,rawCode=0,primaryLevelUnicode=0,scancode=0,extendedKeyCode=0x0] on new item id field
Dec 09, 2021 2:29:46 AM net.sourceforge.marathon.javaagent.EventQueueDevice dispatchEvent
INFO: java.awt.event.KeyEvent[KEY_TYPED,keyCode=0,keyText=Unknown keyCode: 0x0,keyChar='d',keyLocation=KEY_LOCATION_UNKNOWN,rawCode=0,primaryLevelUnicode=0,scancode=0,extendedKeyCode=0x0] on new item id field
Dec 09, 2021 2:29:46 AM net.sourceforge.marathon.javaagent.EventQueueDevice dispatchEvent
INFO: java.awt.event.KeyEvent[KEY_RELEASED,keyCode=68,keyText=D,keyChar='d',keyLocation=KEY_LOCATION_UNKNOWN,rawCode=0,primaryLevelUnicode=0,scancode=0,extendedKeyCode=0x0] on new item id field
Dec 09, 2021 2:29:46 AM net.sourceforge.marathon.javaagent.server.JavaServer serve
INFO: POST(/session/667295cb-15f0-4b21-8838-5fc10dbcf10b/element/0253d22b-8968-4b0b-9b4a-73665c360953/value, {"id":"0253d22b-8968-4b0b-9b4a-73665c360953","value":["an item-id"]}) = {data={"name":"sendKeysElement","sessionId":"667295cb-15f0-4b21-8838-5fc10dbcf10b","status":0}, status=OK}
Dec 09, 2021 2:29:46 AM net.sourceforge.marathon.javaagent.server.JavaServer serve
INFO: JavaServer.serve(POST /session/667295cb-15f0-4b21-8838-5fc10dbcf10b/element): {
  "using": "name",
  "value": "new item stop price field"
}
Dec 09, 2021 2:29:46 AM net.sourceforge.marathon.javaagent.server.JavaServer serve
INFO: POST(/session/667295cb-15f0-4b21-8838-5fc10dbcf10b/element, {"using":"name","value":"new item stop price field"}) = {data={"name":"findElement","sessionId":"667295cb-15f0-4b21-8838-5fc10dbcf10b","value":{"ELEMENT":"b983987b-636b-4dcf-8b2d-f37dfee9aeee"},"status":0}, status=OK}
Dec 09, 2021 2:29:46 AM net.sourceforge.marathon.javaagent.server.JavaServer serve
INFO: JavaServer.serve(POST /session/667295cb-15f0-4b21-8838-5fc10dbcf10b/element/b983987b-636b-4dcf-8b2d-f37dfee9aeee/clear): {
  "id": "b983987b-636b-4dcf-8b2d-f37dfee9aeee"
}
Dec 09, 2021 2:29:46 AM net.sourceforge.marathon.javaagent.server.JavaServer serve
INFO: POST(/session/667295cb-15f0-4b21-8838-5fc10dbcf10b/element/b983987b-636b-4dcf-8b2d-f37dfee9aeee/clear, {"id":"b983987b-636b-4dcf-8b2d-f37dfee9aeee"}) = {data={"name":"clearElement","sessionId":"667295cb-15f0-4b21-8838-5fc10dbcf10b","status":0}, status=OK}
Dec 09, 2021 2:29:47 AM net.sourceforge.marathon.javaagent.server.JavaServer serve
INFO: JavaServer.serve(POST /session/667295cb-15f0-4b21-8838-5fc10dbcf10b/element/b983987b-636b-4dcf-8b2d-f37dfee9aeee/value): {
  "id": "b983987b-636b-4dcf-8b2d-f37dfee9aeee",
  "value": [
    "11000"
  ]
}
Dec 09, 2021 2:29:47 AM net.sourceforge.marathon.javaagent.EventQueueDevice dispatchEvent
INFO: java.awt.event.KeyEvent[KEY_PRESSED,keyCode=49,keyText=1,keyChar='1',keyLocation=KEY_LOCATION_UNKNOWN,rawCode=0,primaryLevelUnicode=0,scancode=0,extendedKeyCode=0x0] on new item stop price field
Dec 09, 2021 2:29:47 AM net.sourceforge.marathon.javaagent.EventQueueDevice dispatchEvent
INFO: java.awt.event.KeyEvent[KEY_TYPED,keyCode=0,keyText=Unknown keyCode: 0x0,keyChar='1',keyLocation=KEY_LOCATION_UNKNOWN,rawCode=0,primaryLevelUnicode=0,scancode=0,extendedKeyCode=0x0] on new item stop price field
Dec 09, 2021 2:29:47 AM net.sourceforge.marathon.javaagent.EventQueueDevice dispatchEvent
INFO: java.awt.event.KeyEvent[KEY_RELEASED,keyCode=49,keyText=1,keyChar='1',keyLocation=KEY_LOCATION_UNKNOWN,rawCode=0,primaryLevelUnicode=0,scancode=0,extendedKeyCode=0x0] on new item stop price field
Dec 09, 2021 2:29:47 AM net.sourceforge.marathon.javaagent.EventQueueDevice dispatchEvent
INFO: java.awt.event.KeyEvent[KEY_PRESSED,keyCode=49,keyText=1,keyChar='1',keyLocation=KEY_LOCATION_UNKNOWN,rawCode=0,primaryLevelUnicode=0,scancode=0,extendedKeyCode=0x0] on new item stop price field
Dec 09, 2021 2:29:47 AM net.sourceforge.marathon.javaagent.EventQueueDevice dispatchEvent
INFO: java.awt.event.KeyEvent[KEY_TYPED,keyCode=0,keyText=Unknown keyCode: 0x0,keyChar='1',keyLocation=KEY_LOCATION_UNKNOWN,rawCode=0,primaryLevelUnicode=0,scancode=0,extendedKeyCode=0x0] on new item stop price field
Dec 09, 2021 2:29:47 AM net.sourceforge.marathon.javaagent.EventQueueDevice dispatchEvent
INFO: java.awt.event.KeyEvent[KEY_RELEASED,keyCode=49,keyText=1,keyChar='1',keyLocation=KEY_LOCATION_UNKNOWN,rawCode=0,primaryLevelUnicode=0,scancode=0,extendedKeyCode=0x0] on new item stop price field
Dec 09, 2021 2:29:47 AM net.sourceforge.marathon.javaagent.EventQueueDevice dispatchEvent
INFO: java.awt.event.KeyEvent[KEY_PRESSED,keyCode=48,keyText=0,keyChar='0',keyLocation=KEY_LOCATION_UNKNOWN,rawCode=0,primaryLevelUnicode=0,scancode=0,extendedKeyCode=0x0] on new item stop price field
Dec 09, 2021 2:29:47 AM net.sourceforge.marathon.javaagent.EventQueueDevice dispatchEvent
INFO: java.awt.event.KeyEvent[KEY_TYPED,keyCode=0,keyText=Unknown keyCode: 0x0,keyChar='0',keyLocation=KEY_LOCATION_UNKNOWN,rawCode=0,primaryLevelUnicode=0,scancode=0,extendedKeyCode=0x0] on new item stop price field
Dec 09, 2021 2:29:47 AM net.sourceforge.marathon.javaagent.EventQueueDevice dispatchEvent
INFO: java.awt.event.KeyEvent[KEY_RELEASED,keyCode=48,keyText=0,keyChar='0',keyLocation=KEY_LOCATION_UNKNOWN,rawCode=0,primaryLevelUnicode=0,scancode=0,extendedKeyCode=0x0] on new item stop price field
Dec 09, 2021 2:29:47 AM net.sourceforge.marathon.javaagent.EventQueueDevice dispatchEvent
INFO: java.awt.event.KeyEvent[KEY_PRESSED,keyCode=48,keyText=0,keyChar='0',keyLocation=KEY_LOCATION_UNKNOWN,rawCode=0,primaryLevelUnicode=0,scancode=0,extendedKeyCode=0x0] on new item stop price field
Dec 09, 2021 2:29:47 AM net.sourceforge.marathon.javaagent.EventQueueDevice dispatchEvent
INFO: java.awt.event.KeyEvent[KEY_TYPED,keyCode=0,keyText=Unknown keyCode: 0x0,keyChar='0',keyLocation=KEY_LOCATION_UNKNOWN,rawCode=0,primaryLevelUnicode=0,scancode=0,extendedKeyCode=0x0] on new item stop price field
Dec 09, 2021 2:29:47 AM net.sourceforge.marathon.javaagent.EventQueueDevice dispatchEvent
INFO: java.awt.event.KeyEvent[KEY_RELEASED,keyCode=48,keyText=0,keyChar='0',keyLocation=KEY_LOCATION_UNKNOWN,rawCode=0,primaryLevelUnicode=0,scancode=0,extendedKeyCode=0x0] on new item stop price field
Dec 09, 2021 2:29:47 AM net.sourceforge.marathon.javaagent.EventQueueDevice dispatchEvent
INFO: java.awt.event.KeyEvent[KEY_PRESSED,keyCode=48,keyText=0,keyChar='0',keyLocation=KEY_LOCATION_UNKNOWN,rawCode=0,primaryLevelUnicode=0,scancode=0,extendedKeyCode=0x0] on new item stop price field
Dec 09, 2021 2:29:47 AM net.sourceforge.marathon.javaagent.EventQueueDevice dispatchEvent
INFO: java.awt.event.KeyEvent[KEY_TYPED,keyCode=0,keyText=Unknown keyCode: 0x0,keyChar='0',keyLocation=KEY_LOCATION_UNKNOWN,rawCode=0,primaryLevelUnicode=0,scancode=0,extendedKeyCode=0x0] on new item stop price field
Dec 09, 2021 2:29:47 AM net.sourceforge.marathon.javaagent.EventQueueDevice dispatchEvent
INFO: java.awt.event.KeyEvent[KEY_RELEASED,keyCode=48,keyText=0,keyChar='0',keyLocation=KEY_LOCATION_UNKNOWN,rawCode=0,primaryLevelUnicode=0,scancode=0,extendedKeyCode=0x0] on new item stop price field
Dec 09, 2021 2:29:47 AM net.sourceforge.marathon.javaagent.server.JavaServer serve
INFO: POST(/session/667295cb-15f0-4b21-8838-5fc10dbcf10b/element/b983987b-636b-4dcf-8b2d-f37dfee9aeee/value, {"id":"b983987b-636b-4dcf-8b2d-f37dfee9aeee","value":["11000"]}) = {data={"name":"sendKeysElement","sessionId":"667295cb-15f0-4b21-8838-5fc10dbcf10b","status":0}, status=OK}
Dec 09, 2021 2:29:47 AM net.sourceforge.marathon.javaagent.server.JavaServer serve
INFO: JavaServer.serve(POST /session/667295cb-15f0-4b21-8838-5fc10dbcf10b/element): {
  "using": "name",
  "value": "join button"
}
Dec 09, 2021 2:29:47 AM net.sourceforge.marathon.javaagent.server.JavaServer serve
INFO: POST(/session/667295cb-15f0-4b21-8838-5fc10dbcf10b/element, {"using":"name","value":"join button"}) = {data={"name":"findElement","sessionId":"667295cb-15f0-4b21-8838-5fc10dbcf10b","value":{"ELEMENT":"b55a5c5b-b968-4b55-b602-c29aea7d617e"},"status":0}, status=OK}
Dec 09, 2021 2:29:47 AM net.sourceforge.marathon.javaagent.server.JavaServer serve
INFO: JavaServer.serve(POST /session/667295cb-15f0-4b21-8838-5fc10dbcf10b/element/b55a5c5b-b968-4b55-b602-c29aea7d617e/click): {
  "id": "b55a5c5b-b968-4b55-b602-c29aea7d617e"
}
Dec 09, 2021 2:29:47 AM net.sourceforge.marathon.javaagent.EventQueueDevice dispatchEvent
INFO: java.awt.event.MouseEvent[MOUSE_PRESSED,(58,12),absolute(589,17),button=1,modifiers=Button1,extModifiers=Button1,clickCount=1] on join button
Dec 09, 2021 2:29:47 AM net.sourceforge.marathon.javaagent.EventQueueDevice dispatchEvent
INFO: java.awt.event.MouseEvent[MOUSE_RELEASED,(58,12),absolute(589,17),button=1,modifiers=Button1,clickCount=1] on join button
Dec 09, 2021 2:29:47 AM net.sourceforge.marathon.javaagent.EventQueueDevice dispatchEvent
INFO: java.awt.event.MouseEvent[MOUSE_CLICKED,(58,12),absolute(589,17),button=1,modifiers=Button1,clickCount=1] on join button
Dec 09, 2021 2:29:47 AM net.sourceforge.marathon.javaagent.server.JavaServer serve
INFO: POST(/session/667295cb-15f0-4b21-8838-5fc10dbcf10b/element/b55a5c5b-b968-4b55-b602-c29aea7d617e/click, {"id":"b55a5c5b-b968-4b55-b602-c29aea7d617e"}) = {data={"name":"clickElement","sessionId":"667295cb-15f0-4b21-8838-5fc10dbcf10b","status":0}, status=OK}
Dec 09, 2021 2:29:47 AM net.sourceforge.marathon.javaagent.server.JavaServer serve
INFO: JavaServer.serve(DELETE /session/667295cb-15f0-4b21-8838-5fc10dbcf10b/window): {}
Dec 09, 2021 2:29:47 AM net.sourceforge.marathon.javaagent.server.JavaServer serve
INFO: DELETE(/session/667295cb-15f0-4b21-8838-5fc10dbcf10b/window) = {data={"name":"closeSession","sessionId":"667295cb-15f0-4b21-8838-5fc10dbcf10b","status":0}, status=OK}
Dec 09, 2021 2:29:47 AM net.sourceforge.marathon.javaagent.server.JavaServer serve
INFO: JavaServer.serve(POST /session): {
  "desiredCapabilities": {
    "browserName": "java",
    "platform": "ANY"
  },
  "capabilities": {
    "firstMatch": [
      {
        "browserName": "java"
      }
    ]
  }
}
Dec 09, 2021 2:29:47 AM net.sourceforge.marathon.javaagent.server.JavaServer createSession
INFO: Creating device with type: EVENT_QUEUE
Dec 09, 2021 2:29:47 AM net.sourceforge.marathon.javaagent.Device getDevice
INFO: Creating a EVENT_QUEUE device
Dec 09, 2021 2:29:47 AM net.sourceforge.marathon.javaagent.server.JavaServer serve
INFO: POST(/session, {"desiredCapabilities":{"browserName":"java","platform":"ANY"},"capabilities":{"firstMatch":[{"browserName":"java"}]}}) = {data=, status=REDIRECT}
Dec 09, 2021 2:29:47 AM net.sourceforge.marathon.javaagent.server.JavaServer serve
INFO: JavaServer.serve(GET /session/500095b9-86c3-487d-a957-61154f42f43d): {}
Dec 09, 2021 2:29:47 AM net.sourceforge.marathon.javaagent.server.JavaServer serve
INFO: GET(/session/500095b9-86c3-487d-a957-61154f42f43d) = {data={"name":"getCapabilities","sessionId":"500095b9-86c3-487d-a957-61154f42f43d","value":{"applicationCacheEnabled":false,"rotatable":false,"loggingPrefs":{"driver":"ALL"},"handlesAlerts":false,"databaseEnabled":false,"version":"1.0","platform":"ANY","browserConnectionEnabled":false,"nativeEvents":false,"acceptSslCerts":false,"locationContextEnabled":false,"webStorageEnabled":false,"browserName":"java","takesScreenshot":true,"javascriptEnabled":true,"cssSelectorsEnabled":false},"status":0}, status=OK}
Dec 09, 2021 2:29:47 AM org.openqa.selenium.remote.ProtocolHandshake createSession
INFO: Detected dialect: OSS
Dec 09, 2021 2:29:47 AM net.sourceforge.marathon.javaagent.server.JavaServer serve
INFO: JavaServer.serve(POST /session/500095b9-86c3-487d-a957-61154f42f43d/element): {
  "using": "name",
  "value": "sniper reset button"
}
Dec 09, 2021 2:29:47 AM net.sourceforge.marathon.javaagent.server.JavaServer serve
INFO: POST(/session/500095b9-86c3-487d-a957-61154f42f43d/element, {"using":"name","value":"sniper reset button"}) = {data={"name":"findElement","sessionId":"500095b9-86c3-487d-a957-61154f42f43d","value":{"ELEMENT":"e2b16595-5423-4ac8-9b3b-562aa5e8d38a"},"status":0}, status=OK}
Dec 09, 2021 2:29:47 AM net.sourceforge.marathon.javaagent.server.JavaServer serve
INFO: JavaServer.serve(POST /session/500095b9-86c3-487d-a957-61154f42f43d/element/e2b16595-5423-4ac8-9b3b-562aa5e8d38a/click): {
  "id": "e2b16595-5423-4ac8-9b3b-562aa5e8d38a"
}
Dec 09, 2021 2:29:47 AM net.sourceforge.marathon.javaagent.EventQueueDevice dispatchEvent
INFO: java.awt.event.MouseEvent[MOUSE_PRESSED,(37,12),absolute(326,474),button=1,modifiers=Button1,extModifiers=Button1,clickCount=1] on sniper reset button
Dec 09, 2021 2:29:47 AM net.sourceforge.marathon.javaagent.EventQueueDevice dispatchEvent
INFO: java.awt.event.MouseEvent[MOUSE_RELEASED,(37,12),absolute(326,474),button=1,modifiers=Button1,clickCount=1] on sniper reset button
Dec 09, 2021 2:29:47 AM net.sourceforge.marathon.javaagent.EventQueueDevice dispatchEvent
INFO: java.awt.event.MouseEvent[MOUSE_CLICKED,(37,12),absolute(326,474),button=1,modifiers=Button1,clickCount=1] on sniper reset button
Dec 09, 2021 2:29:47 AM net.sourceforge.marathon.javaagent.server.JavaServer serve
INFO: POST(/session/500095b9-86c3-487d-a957-61154f42f43d/element/e2b16595-5423-4ac8-9b3b-562aa5e8d38a/click, {"id":"e2b16595-5423-4ac8-9b3b-562aa5e8d38a"}) = {data={"name":"clickElement","sessionId":"500095b9-86c3-487d-a957-61154f42f43d","status":0}, status=OK}
Dec 09, 2021 2:29:47 AM net.sourceforge.marathon.javaagent.server.JavaServer serve
INFO: JavaServer.serve(DELETE /session/500095b9-86c3-487d-a957-61154f42f43d/window): {}
Dec 09, 2021 2:29:47 AM net.sourceforge.marathon.javaagent.server.JavaServer serve
INFO: DELETE(/session/500095b9-86c3-487d-a957-61154f42f43d/window) = {data={"name":"closeSession","sessionId":"500095b9-86c3-487d-a957-61154f42f43d","status":0}, status=OK}
]]></system-err>
</testsuite>
