<?xml version="1.0" encoding="UTF-8"?>
<testsuite name="goos.ui.swing.MainWindowTest" tests="3" skipped="0" failures="0" errors="0" timestamp="2022-02-07T02:25:04" hostname="buildkitsandbox" time="3.851">
  <properties/>
  <testcase name="window has expected features" classname="goos.ui.swing.MainWindowTest" time="2.795"/>
  <testcase name="make user request when join button clicked" classname="goos.ui.swing.MainWindowTest" time="0.865"/>
  <testcase name="make user request when reset button clicked" classname="goos.ui.swing.MainWindowTest" time="0.189"/>
  <system-out><![CDATA[]]></system-out>
  <system-err><![CDATA[SLF4J: Failed to load class "org.slf4j.impl.StaticLoggerBinder".
SLF4J: Defaulting to no-operation (NOP) logger implementation
SLF4J: See http://www.slf4j.org/codes.html#StaticLoggerBinder for further details.
Feb 07, 2022 2:25:06 AM io.netty.util.internal.MacAddressUtil defaultMachineId
WARNING: Failed to find a usable hardware address from the network interfaces; using random bytes: d8:68:93:54:c7:d6:8d:fb
Feb 07, 2022 2:25:06 AM net.sourceforge.marathon.javaagent.server.JavaServer serve
INFO: JavaServer.serve(POST /session): {
  "desiredCapabilities": {
    "browserName": "java",
    "platform": "ANY"
  },
  "capabilities": {
    "firstMatch": [
      {
        "browserName": "java"
      }
    ]
  }
}
Feb 07, 2022 2:25:06 AM net.sourceforge.marathon.javaagent.server.JavaServer createSession
INFO: Creating device with type: EVENT_QUEUE
Feb 07, 2022 2:25:06 AM net.sourceforge.marathon.javaagent.Device getDevice
INFO: Creating a EVENT_QUEUE device
Feb 07, 2022 2:25:06 AM net.sourceforge.marathon.javaagent.server.JavaServer serve
INFO: POST(/session, {"desiredCapabilities":{"browserName":"java","platform":"ANY"},"capabilities":{"firstMatch":[{"browserName":"java"}]}}) = {data=, status=REDIRECT}
Feb 07, 2022 2:25:06 AM net.sourceforge.marathon.javaagent.server.JavaServer serve
INFO: JavaServer.serve(GET /session/f30155a6-109e-4fd1-ad1b-00b8f6cbfc3d): {}
Feb 07, 2022 2:25:06 AM net.sourceforge.marathon.javaagent.server.JavaServer serve
INFO: GET(/session/f30155a6-109e-4fd1-ad1b-00b8f6cbfc3d) = {data={"name":"getCapabilities","sessionId":"f30155a6-109e-4fd1-ad1b-00b8f6cbfc3d","value":{"applicationCacheEnabled":false,"rotatable":false,"loggingPrefs":{"driver":"ALL"},"handlesAlerts":false,"databaseEnabled":false,"version":"1.0","platform":"ANY","browserConnectionEnabled":false,"nativeEvents":false,"acceptSslCerts":false,"locationContextEnabled":false,"webStorageEnabled":false,"browserName":"java","takesScreenshot":true,"javascriptEnabled":true,"cssSelectorsEnabled":false},"status":0}, status=OK}
Feb 07, 2022 2:25:06 AM org.openqa.selenium.remote.ProtocolHandshake createSession
INFO: Detected dialect: OSS
Feb 07, 2022 2:25:06 AM net.sourceforge.marathon.javaagent.server.JavaServer serve
INFO: JavaServer.serve(POST /session/f30155a6-109e-4fd1-ad1b-00b8f6cbfc3d/element): {
  "using": "css selector",
  "value": "."
}
Feb 07, 2022 2:25:06 AM net.sourceforge.marathon.javaagent.server.JavaServer serve
INFO: POST(/session/f30155a6-109e-4fd1-ad1b-00b8f6cbfc3d/element, {"using":"css selector","value":"."}) = {data={"name":"findElement","sessionId":"f30155a6-109e-4fd1-ad1b-00b8f6cbfc3d","value":{"ELEMENT":"2ff71df8-be9c-4823-99b3-680eeaf386c5"},"status":0}, status=OK}
Feb 07, 2022 2:25:06 AM net.sourceforge.marathon.javaagent.server.JavaServer serve
INFO: JavaServer.serve(GET /session/f30155a6-109e-4fd1-ad1b-00b8f6cbfc3d/element/2ff71df8-be9c-4823-99b3-680eeaf386c5/attribute/name): {}
Feb 07, 2022 2:25:06 AM net.sourceforge.marathon.javaagent.server.JavaServer serve
INFO: GET(/session/f30155a6-109e-4fd1-ad1b-00b8f6cbfc3d/element/2ff71df8-be9c-4823-99b3-680eeaf386c5/attribute/name) = {data={"name":"getElementAttribute","sessionId":"f30155a6-109e-4fd1-ad1b-00b8f6cbfc3d","value":"Auction Sniper Name","status":0}, status=OK}
Feb 07, 2022 2:25:06 AM net.sourceforge.marathon.javaagent.server.JavaServer serve
INFO: JavaServer.serve(POST /session/f30155a6-109e-4fd1-ad1b-00b8f6cbfc3d/element): {
  "using": "css selector",
  "value": "."
}
Feb 07, 2022 2:25:06 AM net.sourceforge.marathon.javaagent.server.JavaServer serve
INFO: POST(/session/f30155a6-109e-4fd1-ad1b-00b8f6cbfc3d/element, {"using":"css selector","value":"."}) = {data={"name":"findElement","sessionId":"f30155a6-109e-4fd1-ad1b-00b8f6cbfc3d","value":{"ELEMENT":"2ff71df8-be9c-4823-99b3-680eeaf386c5"},"status":0}, status=OK}
Feb 07, 2022 2:25:06 AM net.sourceforge.marathon.javaagent.server.JavaServer serve
INFO: JavaServer.serve(GET /session/f30155a6-109e-4fd1-ad1b-00b8f6cbfc3d/element/2ff71df8-be9c-4823-99b3-680eeaf386c5/displayed): {}
Feb 07, 2022 2:25:06 AM net.sourceforge.marathon.javaagent.server.JavaServer serve
INFO: GET(/session/f30155a6-109e-4fd1-ad1b-00b8f6cbfc3d/element/2ff71df8-be9c-4823-99b3-680eeaf386c5/displayed) = {data={"name":"isDisplayed","sessionId":"f30155a6-109e-4fd1-ad1b-00b8f6cbfc3d","value":true,"status":0}, status=OK}
Feb 07, 2022 2:25:06 AM net.sourceforge.marathon.javaagent.server.JavaServer serve
INFO: JavaServer.serve(GET /session/f30155a6-109e-4fd1-ad1b-00b8f6cbfc3d/title): {}
Feb 07, 2022 2:25:06 AM net.sourceforge.marathon.javaagent.server.JavaServer serve
INFO: GET(/session/f30155a6-109e-4fd1-ad1b-00b8f6cbfc3d/title) = {data={"name":"getWindowTitle","sessionId":"f30155a6-109e-4fd1-ad1b-00b8f6cbfc3d","value":"Auction Sniper","status":0}, status=OK}
Feb 07, 2022 2:25:06 AM net.sourceforge.marathon.javaagent.server.JavaServer serve
INFO: JavaServer.serve(POST /session/f30155a6-109e-4fd1-ad1b-00b8f6cbfc3d/element): {
  "using": "name",
  "value": "snipers table"
}
Feb 07, 2022 2:25:06 AM net.sourceforge.marathon.javaagent.server.JavaServer serve
INFO: POST(/session/f30155a6-109e-4fd1-ad1b-00b8f6cbfc3d/element, {"using":"name","value":"snipers table"}) = {data={"name":"findElement","sessionId":"f30155a6-109e-4fd1-ad1b-00b8f6cbfc3d","value":{"ELEMENT":"99a4b4c6-a3a2-468b-8002-95fb254fbc2a"},"status":0}, status=OK}
Feb 07, 2022 2:25:06 AM net.sourceforge.marathon.javaagent.server.JavaServer serve
INFO: JavaServer.serve(POST /session/f30155a6-109e-4fd1-ad1b-00b8f6cbfc3d/element/99a4b4c6-a3a2-468b-8002-95fb254fbc2a/elements): {
  "id": "99a4b4c6-a3a2-468b-8002-95fb254fbc2a",
  "using": "css selector",
  "value": ".::header.::all-items"
}
Feb 07, 2022 2:25:06 AM net.sourceforge.marathon.javaagent.server.JavaServer serve
INFO: POST(/session/f30155a6-109e-4fd1-ad1b-00b8f6cbfc3d/element/99a4b4c6-a3a2-468b-8002-95fb254fbc2a/elements, {"using":"css selector","id":"99a4b4c6-a3a2-468b-8002-95fb254fbc2a","value":".::header.::all-items"}) = {data={"name":"findElementsOfElement","sessionId":"f30155a6-109e-4fd1-ad1b-00b8f6cbfc3d","value":[{"ELEMENT":"049292ad-4db9-446e-bec6-024ba835ee50%23%7B%22selector%22%3A%22nth-item%22%2C%22parameters%22%3A%5B1%5D%7D"},{"ELEMENT":"049292ad-4db9-446e-bec6-024ba835ee50%23%7B%22selector%22%3A%22nth-item%22%2C%22parameters%22%3A%5B2%5D%7D"},{"ELEMENT":"049292ad-4db9-446e-bec6-024ba835ee50%23%7B%22selector%22%3A%22nth-item%22%2C%22parameters%22%3A%5B3%5D%7D"},{"ELEMENT":"049292ad-4db9-446e-bec6-024ba835ee50%23%7B%22selector%22%3A%22nth-item%22%2C%22parameters%22%3A%5B4%5D%7D"}],"status":0}, status=OK}
Feb 07, 2022 2:25:06 AM net.sourceforge.marathon.javaagent.server.JavaServer serve
INFO: JavaServer.serve(GET /session/f30155a6-109e-4fd1-ad1b-00b8f6cbfc3d/element/049292ad-4db9-446e-bec6-024ba835ee50%23%7B%22selector%22%3A%22nth-item%22%2C%22parameters%22%3A%5B1%5D%7D/text): {}
Feb 07, 2022 2:25:06 AM net.sourceforge.marathon.javaagent.server.JavaServer serve
INFO: GET(/session/f30155a6-109e-4fd1-ad1b-00b8f6cbfc3d/element/049292ad-4db9-446e-bec6-024ba835ee50%23%7B%22selector%22%3A%22nth-item%22%2C%22parameters%22%3A%5B1%5D%7D/text) = {data={"name":"getElementText","sessionId":"f30155a6-109e-4fd1-ad1b-00b8f6cbfc3d","value":"Item","status":0}, status=OK}
Feb 07, 2022 2:25:06 AM net.sourceforge.marathon.javaagent.server.JavaServer serve
INFO: JavaServer.serve(GET /session/f30155a6-109e-4fd1-ad1b-00b8f6cbfc3d/element/049292ad-4db9-446e-bec6-024ba835ee50%23%7B%22selector%22%3A%22nth-item%22%2C%22parameters%22%3A%5B2%5D%7D/text): {}
Feb 07, 2022 2:25:06 AM net.sourceforge.marathon.javaagent.server.JavaServer serve
INFO: GET(/session/f30155a6-109e-4fd1-ad1b-00b8f6cbfc3d/element/049292ad-4db9-446e-bec6-024ba835ee50%23%7B%22selector%22%3A%22nth-item%22%2C%22parameters%22%3A%5B2%5D%7D/text) = {data={"name":"getElementText","sessionId":"f30155a6-109e-4fd1-ad1b-00b8f6cbfc3d","value":"Last Price","status":0}, status=OK}
Feb 07, 2022 2:25:06 AM net.sourceforge.marathon.javaagent.server.JavaServer serve
INFO: JavaServer.serve(GET /session/f30155a6-109e-4fd1-ad1b-00b8f6cbfc3d/element/049292ad-4db9-446e-bec6-024ba835ee50%23%7B%22selector%22%3A%22nth-item%22%2C%22parameters%22%3A%5B3%5D%7D/text): {}
Feb 07, 2022 2:25:06 AM net.sourceforge.marathon.javaagent.server.JavaServer serve
INFO: GET(/session/f30155a6-109e-4fd1-ad1b-00b8f6cbfc3d/element/049292ad-4db9-446e-bec6-024ba835ee50%23%7B%22selector%22%3A%22nth-item%22%2C%22parameters%22%3A%5B3%5D%7D/text) = {data={"name":"getElementText","sessionId":"f30155a6-109e-4fd1-ad1b-00b8f6cbfc3d","value":"Last Bid","status":0}, status=OK}
Feb 07, 2022 2:25:06 AM net.sourceforge.marathon.javaagent.server.JavaServer serve
INFO: JavaServer.serve(GET /session/f30155a6-109e-4fd1-ad1b-00b8f6cbfc3d/element/049292ad-4db9-446e-bec6-024ba835ee50%23%7B%22selector%22%3A%22nth-item%22%2C%22parameters%22%3A%5B4%5D%7D/text): {}
Feb 07, 2022 2:25:06 AM net.sourceforge.marathon.javaagent.server.JavaServer serve
INFO: GET(/session/f30155a6-109e-4fd1-ad1b-00b8f6cbfc3d/element/049292ad-4db9-446e-bec6-024ba835ee50%23%7B%22selector%22%3A%22nth-item%22%2C%22parameters%22%3A%5B4%5D%7D/text) = {data={"name":"getElementText","sessionId":"f30155a6-109e-4fd1-ad1b-00b8f6cbfc3d","value":"State","status":0}, status=OK}
Feb 07, 2022 2:25:06 AM net.sourceforge.marathon.javaagent.server.JavaServer serve
INFO: JavaServer.serve(DELETE /session/f30155a6-109e-4fd1-ad1b-00b8f6cbfc3d/window): {}
Feb 07, 2022 2:25:06 AM net.sourceforge.marathon.javaagent.server.JavaServer serve
INFO: DELETE(/session/f30155a6-109e-4fd1-ad1b-00b8f6cbfc3d/window) = {data={"name":"closeSession","sessionId":"f30155a6-109e-4fd1-ad1b-00b8f6cbfc3d","status":0}, status=OK}
Feb 07, 2022 2:25:06 AM net.sourceforge.marathon.javaagent.server.JavaServer serve
INFO: JavaServer.serve(POST /session): {
  "desiredCapabilities": {
    "browserName": "java",
    "platform": "ANY"
  },
  "capabilities": {
    "firstMatch": [
      {
        "browserName": "java"
      }
    ]
  }
}
Feb 07, 2022 2:25:06 AM net.sourceforge.marathon.javaagent.server.JavaServer createSession
INFO: Creating device with type: EVENT_QUEUE
Feb 07, 2022 2:25:06 AM net.sourceforge.marathon.javaagent.Device getDevice
INFO: Creating a EVENT_QUEUE device
Feb 07, 2022 2:25:06 AM net.sourceforge.marathon.javaagent.server.JavaServer serve
INFO: POST(/session, {"desiredCapabilities":{"browserName":"java","platform":"ANY"},"capabilities":{"firstMatch":[{"browserName":"java"}]}}) = {data=, status=REDIRECT}
Feb 07, 2022 2:25:06 AM net.sourceforge.marathon.javaagent.server.JavaServer serve
INFO: JavaServer.serve(GET /session/c8d27b45-c7a8-4a83-8d47-5b0911ee2412): {}
Feb 07, 2022 2:25:06 AM net.sourceforge.marathon.javaagent.server.JavaServer serve
INFO: GET(/session/c8d27b45-c7a8-4a83-8d47-5b0911ee2412) = {data={"name":"getCapabilities","sessionId":"c8d27b45-c7a8-4a83-8d47-5b0911ee2412","value":{"applicationCacheEnabled":false,"rotatable":false,"loggingPrefs":{"driver":"ALL"},"handlesAlerts":false,"databaseEnabled":false,"version":"1.0","platform":"ANY","browserConnectionEnabled":false,"nativeEvents":false,"acceptSslCerts":false,"locationContextEnabled":false,"webStorageEnabled":false,"browserName":"java","takesScreenshot":true,"javascriptEnabled":true,"cssSelectorsEnabled":false},"status":0}, status=OK}
Feb 07, 2022 2:25:06 AM org.openqa.selenium.remote.ProtocolHandshake createSession
INFO: Detected dialect: OSS
Feb 07, 2022 2:25:06 AM net.sourceforge.marathon.javaagent.server.JavaServer serve
INFO: JavaServer.serve(POST /session/c8d27b45-c7a8-4a83-8d47-5b0911ee2412/element): {
  "using": "name",
  "value": "new item id field"
}
Feb 07, 2022 2:25:06 AM net.sourceforge.marathon.javaagent.server.JavaServer serve
INFO: POST(/session/c8d27b45-c7a8-4a83-8d47-5b0911ee2412/element, {"using":"name","value":"new item id field"}) = {data={"name":"findElement","sessionId":"c8d27b45-c7a8-4a83-8d47-5b0911ee2412","value":{"ELEMENT":"8744619c-ce6e-4fa9-a448-3945f4dba29d"},"status":0}, status=OK}
Feb 07, 2022 2:25:06 AM net.sourceforge.marathon.javaagent.server.JavaServer serve
INFO: JavaServer.serve(POST /session/c8d27b45-c7a8-4a83-8d47-5b0911ee2412/element/8744619c-ce6e-4fa9-a448-3945f4dba29d/clear): {
  "id": "8744619c-ce6e-4fa9-a448-3945f4dba29d"
}
Feb 07, 2022 2:25:06 AM net.sourceforge.marathon.javaagent.server.JavaServer serve
INFO: POST(/session/c8d27b45-c7a8-4a83-8d47-5b0911ee2412/element/8744619c-ce6e-4fa9-a448-3945f4dba29d/clear, {"id":"8744619c-ce6e-4fa9-a448-3945f4dba29d"}) = {data={"name":"clearElement","sessionId":"c8d27b45-c7a8-4a83-8d47-5b0911ee2412","status":0}, status=OK}
Feb 07, 2022 2:25:06 AM net.sourceforge.marathon.javaagent.server.JavaServer serve
INFO: JavaServer.serve(POST /session/c8d27b45-c7a8-4a83-8d47-5b0911ee2412/element/8744619c-ce6e-4fa9-a448-3945f4dba29d/value): {
  "id": "8744619c-ce6e-4fa9-a448-3945f4dba29d",
  "value": [
    "an item-id"
  ]
}
Feb 07, 2022 2:25:06 AM net.sourceforge.marathon.javaagent.EventQueueDevice dispatchEvent
INFO: java.awt.event.KeyEvent[KEY_PRESSED,keyCode=65,keyText=A,keyChar='a',keyLocation=KEY_LOCATION_UNKNOWN,rawCode=0,primaryLevelUnicode=0,scancode=0,extendedKeyCode=0x0] on new item id field
Feb 07, 2022 2:25:07 AM net.sourceforge.marathon.javaagent.EventQueueDevice dispatchEvent
INFO: java.awt.event.KeyEvent[KEY_TYPED,keyCode=0,keyText=Unknown keyCode: 0x0,keyChar='a',keyLocation=KEY_LOCATION_UNKNOWN,rawCode=0,primaryLevelUnicode=0,scancode=0,extendedKeyCode=0x0] on new item id field
Feb 07, 2022 2:25:07 AM net.sourceforge.marathon.javaagent.EventQueueDevice dispatchEvent
INFO: java.awt.event.KeyEvent[KEY_RELEASED,keyCode=65,keyText=A,keyChar='a',keyLocation=KEY_LOCATION_UNKNOWN,rawCode=0,primaryLevelUnicode=0,scancode=0,extendedKeyCode=0x0] on new item id field
Feb 07, 2022 2:25:07 AM net.sourceforge.marathon.javaagent.EventQueueDevice dispatchEvent
INFO: java.awt.event.KeyEvent[KEY_PRESSED,keyCode=78,keyText=N,keyChar='n',keyLocation=KEY_LOCATION_UNKNOWN,rawCode=0,primaryLevelUnicode=0,scancode=0,extendedKeyCode=0x0] on new item id field
Feb 07, 2022 2:25:07 AM net.sourceforge.marathon.javaagent.EventQueueDevice dispatchEvent
INFO: java.awt.event.KeyEvent[KEY_TYPED,keyCode=0,keyText=Unknown keyCode: 0x0,keyChar='n',keyLocation=KEY_LOCATION_UNKNOWN,rawCode=0,primaryLevelUnicode=0,scancode=0,extendedKeyCode=0x0] on new item id field
Feb 07, 2022 2:25:07 AM net.sourceforge.marathon.javaagent.EventQueueDevice dispatchEvent
INFO: java.awt.event.KeyEvent[KEY_RELEASED,keyCode=78,keyText=N,keyChar='n',keyLocation=KEY_LOCATION_UNKNOWN,rawCode=0,primaryLevelUnicode=0,scancode=0,extendedKeyCode=0x0] on new item id field
Feb 07, 2022 2:25:07 AM net.sourceforge.marathon.javaagent.EventQueueDevice dispatchEvent
INFO: java.awt.event.KeyEvent[KEY_PRESSED,keyCode=16,keyText=Shift,keyChar=Undefined keyChar,modifiers=Shift,extModifiers=Shift,keyLocation=KEY_LOCATION_UNKNOWN,rawCode=0,primaryLevelUnicode=0,scancode=0,extendedKeyCode=0x0] on new item id field
Feb 07, 2022 2:25:07 AM net.sourceforge.marathon.javaagent.EventQueueDevice dispatchEvent
INFO: java.awt.event.KeyEvent[KEY_PRESSED,keyCode=32,keyText=Space,keyChar=' ',modifiers=Shift,extModifiers=Shift,keyLocation=KEY_LOCATION_UNKNOWN,rawCode=0,primaryLevelUnicode=0,scancode=0,extendedKeyCode=0x0] on new item id field
Feb 07, 2022 2:25:07 AM net.sourceforge.marathon.javaagent.EventQueueDevice dispatchEvent
INFO: java.awt.event.KeyEvent[KEY_TYPED,keyCode=0,keyText=Unknown keyCode: 0x0,keyChar=' ',modifiers=Shift,extModifiers=Shift,keyLocation=KEY_LOCATION_UNKNOWN,rawCode=0,primaryLevelUnicode=0,scancode=0,extendedKeyCode=0x0] on new item id field
Feb 07, 2022 2:25:07 AM net.sourceforge.marathon.javaagent.EventQueueDevice dispatchEvent
INFO: java.awt.event.KeyEvent[KEY_RELEASED,keyCode=32,keyText=Space,keyChar=' ',modifiers=Shift,extModifiers=Shift,keyLocation=KEY_LOCATION_UNKNOWN,rawCode=0,primaryLevelUnicode=0,scancode=0,extendedKeyCode=0x0] on new item id field
Feb 07, 2022 2:25:07 AM net.sourceforge.marathon.javaagent.EventQueueDevice dispatchEvent
INFO: java.awt.event.KeyEvent[KEY_RELEASED,keyCode=16,keyText=Shift,keyChar=Undefined keyChar,keyLocation=KEY_LOCATION_UNKNOWN,rawCode=0,primaryLevelUnicode=0,scancode=0,extendedKeyCode=0x0] on new item id field
Feb 07, 2022 2:25:07 AM net.sourceforge.marathon.javaagent.EventQueueDevice dispatchEvent
INFO: java.awt.event.KeyEvent[KEY_PRESSED,keyCode=73,keyText=I,keyChar='i',keyLocation=KEY_LOCATION_UNKNOWN,rawCode=0,primaryLevelUnicode=0,scancode=0,extendedKeyCode=0x0] on new item id field
Feb 07, 2022 2:25:07 AM net.sourceforge.marathon.javaagent.EventQueueDevice dispatchEvent
INFO: java.awt.event.KeyEvent[KEY_TYPED,keyCode=0,keyText=Unknown keyCode: 0x0,keyChar='i',keyLocation=KEY_LOCATION_UNKNOWN,rawCode=0,primaryLevelUnicode=0,scancode=0,extendedKeyCode=0x0] on new item id field
Feb 07, 2022 2:25:07 AM net.sourceforge.marathon.javaagent.EventQueueDevice dispatchEvent
INFO: java.awt.event.KeyEvent[KEY_RELEASED,keyCode=73,keyText=I,keyChar='i',keyLocation=KEY_LOCATION_UNKNOWN,rawCode=0,primaryLevelUnicode=0,scancode=0,extendedKeyCode=0x0] on new item id field
Feb 07, 2022 2:25:07 AM net.sourceforge.marathon.javaagent.EventQueueDevice dispatchEvent
INFO: java.awt.event.KeyEvent[KEY_PRESSED,keyCode=84,keyText=T,keyChar='t',keyLocation=KEY_LOCATION_UNKNOWN,rawCode=0,primaryLevelUnicode=0,scancode=0,extendedKeyCode=0x0] on new item id field
Feb 07, 2022 2:25:07 AM net.sourceforge.marathon.javaagent.EventQueueDevice dispatchEvent
INFO: java.awt.event.KeyEvent[KEY_TYPED,keyCode=0,keyText=Unknown keyCode: 0x0,keyChar='t',keyLocation=KEY_LOCATION_UNKNOWN,rawCode=0,primaryLevelUnicode=0,scancode=0,extendedKeyCode=0x0] on new item id field
Feb 07, 2022 2:25:07 AM net.sourceforge.marathon.javaagent.EventQueueDevice dispatchEvent
INFO: java.awt.event.KeyEvent[KEY_RELEASED,keyCode=84,keyText=T,keyChar='t',keyLocation=KEY_LOCATION_UNKNOWN,rawCode=0,primaryLevelUnicode=0,scancode=0,extendedKeyCode=0x0] on new item id field
Feb 07, 2022 2:25:07 AM net.sourceforge.marathon.javaagent.EventQueueDevice dispatchEvent
INFO: java.awt.event.KeyEvent[KEY_PRESSED,keyCode=69,keyText=E,keyChar='e',keyLocation=KEY_LOCATION_UNKNOWN,rawCode=0,primaryLevelUnicode=0,scancode=0,extendedKeyCode=0x0] on new item id field
Feb 07, 2022 2:25:07 AM net.sourceforge.marathon.javaagent.EventQueueDevice dispatchEvent
INFO: java.awt.event.KeyEvent[KEY_TYPED,keyCode=0,keyText=Unknown keyCode: 0x0,keyChar='e',keyLocation=KEY_LOCATION_UNKNOWN,rawCode=0,primaryLevelUnicode=0,scancode=0,extendedKeyCode=0x0] on new item id field
Feb 07, 2022 2:25:07 AM net.sourceforge.marathon.javaagent.EventQueueDevice dispatchEvent
INFO: java.awt.event.KeyEvent[KEY_RELEASED,keyCode=69,keyText=E,keyChar='e',keyLocation=KEY_LOCATION_UNKNOWN,rawCode=0,primaryLevelUnicode=0,scancode=0,extendedKeyCode=0x0] on new item id field
Feb 07, 2022 2:25:07 AM net.sourceforge.marathon.javaagent.EventQueueDevice dispatchEvent
INFO: java.awt.event.KeyEvent[KEY_PRESSED,keyCode=77,keyText=M,keyChar='m',keyLocation=KEY_LOCATION_UNKNOWN,rawCode=0,primaryLevelUnicode=0,scancode=0,extendedKeyCode=0x0] on new item id field
Feb 07, 2022 2:25:07 AM net.sourceforge.marathon.javaagent.EventQueueDevice dispatchEvent
INFO: java.awt.event.KeyEvent[KEY_TYPED,keyCode=0,keyText=Unknown keyCode: 0x0,keyChar='m',keyLocation=KEY_LOCATION_UNKNOWN,rawCode=0,primaryLevelUnicode=0,scancode=0,extendedKeyCode=0x0] on new item id field
Feb 07, 2022 2:25:07 AM net.sourceforge.marathon.javaagent.EventQueueDevice dispatchEvent
INFO: java.awt.event.KeyEvent[KEY_RELEASED,keyCode=77,keyText=M,keyChar='m',keyLocation=KEY_LOCATION_UNKNOWN,rawCode=0,primaryLevelUnicode=0,scancode=0,extendedKeyCode=0x0] on new item id field
Feb 07, 2022 2:25:07 AM net.sourceforge.marathon.javaagent.EventQueueDevice dispatchEvent
INFO: java.awt.event.KeyEvent[KEY_PRESSED,keyCode=45,keyText=Minus,keyChar='-',keyLocation=KEY_LOCATION_UNKNOWN,rawCode=0,primaryLevelUnicode=0,scancode=0,extendedKeyCode=0x0] on new item id field
Feb 07, 2022 2:25:07 AM net.sourceforge.marathon.javaagent.EventQueueDevice dispatchEvent
INFO: java.awt.event.KeyEvent[KEY_TYPED,keyCode=0,keyText=Unknown keyCode: 0x0,keyChar='-',keyLocation=KEY_LOCATION_UNKNOWN,rawCode=0,primaryLevelUnicode=0,scancode=0,extendedKeyCode=0x0] on new item id field
Feb 07, 2022 2:25:07 AM net.sourceforge.marathon.javaagent.EventQueueDevice dispatchEvent
INFO: java.awt.event.KeyEvent[KEY_RELEASED,keyCode=45,keyText=Minus,keyChar='-',keyLocation=KEY_LOCATION_UNKNOWN,rawCode=0,primaryLevelUnicode=0,scancode=0,extendedKeyCode=0x0] on new item id field
Feb 07, 2022 2:25:07 AM net.sourceforge.marathon.javaagent.EventQueueDevice dispatchEvent
INFO: java.awt.event.KeyEvent[KEY_PRESSED,keyCode=73,keyText=I,keyChar='i',keyLocation=KEY_LOCATION_UNKNOWN,rawCode=0,primaryLevelUnicode=0,scancode=0,extendedKeyCode=0x0] on new item id field
Feb 07, 2022 2:25:07 AM net.sourceforge.marathon.javaagent.EventQueueDevice dispatchEvent
INFO: java.awt.event.KeyEvent[KEY_TYPED,keyCode=0,keyText=Unknown keyCode: 0x0,keyChar='i',keyLocation=KEY_LOCATION_UNKNOWN,rawCode=0,primaryLevelUnicode=0,scancode=0,extendedKeyCode=0x0] on new item id field
Feb 07, 2022 2:25:07 AM net.sourceforge.marathon.javaagent.EventQueueDevice dispatchEvent
INFO: java.awt.event.KeyEvent[KEY_RELEASED,keyCode=73,keyText=I,keyChar='i',keyLocation=KEY_LOCATION_UNKNOWN,rawCode=0,primaryLevelUnicode=0,scancode=0,extendedKeyCode=0x0] on new item id field
Feb 07, 2022 2:25:07 AM net.sourceforge.marathon.javaagent.EventQueueDevice dispatchEvent
INFO: java.awt.event.KeyEvent[KEY_PRESSED,keyCode=68,keyText=D,keyChar='d',keyLocation=KEY_LOCATION_UNKNOWN,rawCode=0,primaryLevelUnicode=0,scancode=0,extendedKeyCode=0x0] on new item id field
Feb 07, 2022 2:25:07 AM net.sourceforge.marathon.javaagent.EventQueueDevice dispatchEvent
INFO: java.awt.event.KeyEvent[KEY_TYPED,keyCode=0,keyText=Unknown keyCode: 0x0,keyChar='d',keyLocation=KEY_LOCATION_UNKNOWN,rawCode=0,primaryLevelUnicode=0,scancode=0,extendedKeyCode=0x0] on new item id field
Feb 07, 2022 2:25:07 AM net.sourceforge.marathon.javaagent.EventQueueDevice dispatchEvent
INFO: java.awt.event.KeyEvent[KEY_RELEASED,keyCode=68,keyText=D,keyChar='d',keyLocation=KEY_LOCATION_UNKNOWN,rawCode=0,primaryLevelUnicode=0,scancode=0,extendedKeyCode=0x0] on new item id field
Feb 07, 2022 2:25:07 AM net.sourceforge.marathon.javaagent.server.JavaServer serve
INFO: POST(/session/c8d27b45-c7a8-4a83-8d47-5b0911ee2412/element/8744619c-ce6e-4fa9-a448-3945f4dba29d/value, {"id":"8744619c-ce6e-4fa9-a448-3945f4dba29d","value":["an item-id"]}) = {data={"name":"sendKeysElement","sessionId":"c8d27b45-c7a8-4a83-8d47-5b0911ee2412","status":0}, status=OK}
Feb 07, 2022 2:25:07 AM net.sourceforge.marathon.javaagent.server.JavaServer serve
INFO: JavaServer.serve(POST /session/c8d27b45-c7a8-4a83-8d47-5b0911ee2412/element): {
  "using": "name",
  "value": "new item stop price field"
}
Feb 07, 2022 2:25:07 AM net.sourceforge.marathon.javaagent.server.JavaServer serve
INFO: POST(/session/c8d27b45-c7a8-4a83-8d47-5b0911ee2412/element, {"using":"name","value":"new item stop price field"}) = {data={"name":"findElement","sessionId":"c8d27b45-c7a8-4a83-8d47-5b0911ee2412","value":{"ELEMENT":"0ec5798c-d5e7-4404-b53e-1449d0ec7bed"},"status":0}, status=OK}
Feb 07, 2022 2:25:07 AM net.sourceforge.marathon.javaagent.server.JavaServer serve
INFO: JavaServer.serve(POST /session/c8d27b45-c7a8-4a83-8d47-5b0911ee2412/element/0ec5798c-d5e7-4404-b53e-1449d0ec7bed/clear): {
  "id": "0ec5798c-d5e7-4404-b53e-1449d0ec7bed"
}
Feb 07, 2022 2:25:07 AM net.sourceforge.marathon.javaagent.server.JavaServer serve
INFO: POST(/session/c8d27b45-c7a8-4a83-8d47-5b0911ee2412/element/0ec5798c-d5e7-4404-b53e-1449d0ec7bed/clear, {"id":"0ec5798c-d5e7-4404-b53e-1449d0ec7bed"}) = {data={"name":"clearElement","sessionId":"c8d27b45-c7a8-4a83-8d47-5b0911ee2412","status":0}, status=OK}
Feb 07, 2022 2:25:07 AM net.sourceforge.marathon.javaagent.server.JavaServer serve
INFO: JavaServer.serve(POST /session/c8d27b45-c7a8-4a83-8d47-5b0911ee2412/element/0ec5798c-d5e7-4404-b53e-1449d0ec7bed/value): {
  "id": "0ec5798c-d5e7-4404-b53e-1449d0ec7bed",
  "value": [
    "11000"
  ]
}
Feb 07, 2022 2:25:07 AM net.sourceforge.marathon.javaagent.EventQueueDevice dispatchEvent
INFO: java.awt.event.KeyEvent[KEY_PRESSED,keyCode=49,keyText=1,keyChar='1',keyLocation=KEY_LOCATION_UNKNOWN,rawCode=0,primaryLevelUnicode=0,scancode=0,extendedKeyCode=0x0] on new item stop price field
Feb 07, 2022 2:25:07 AM net.sourceforge.marathon.javaagent.EventQueueDevice dispatchEvent
INFO: java.awt.event.KeyEvent[KEY_TYPED,keyCode=0,keyText=Unknown keyCode: 0x0,keyChar='1',keyLocation=KEY_LOCATION_UNKNOWN,rawCode=0,primaryLevelUnicode=0,scancode=0,extendedKeyCode=0x0] on new item stop price field
Feb 07, 2022 2:25:07 AM net.sourceforge.marathon.javaagent.EventQueueDevice dispatchEvent
INFO: java.awt.event.KeyEvent[KEY_RELEASED,keyCode=49,keyText=1,keyChar='1',keyLocation=KEY_LOCATION_UNKNOWN,rawCode=0,primaryLevelUnicode=0,scancode=0,extendedKeyCode=0x0] on new item stop price field
Feb 07, 2022 2:25:07 AM net.sourceforge.marathon.javaagent.EventQueueDevice dispatchEvent
INFO: java.awt.event.KeyEvent[KEY_PRESSED,keyCode=49,keyText=1,keyChar='1',keyLocation=KEY_LOCATION_UNKNOWN,rawCode=0,primaryLevelUnicode=0,scancode=0,extendedKeyCode=0x0] on new item stop price field
Feb 07, 2022 2:25:07 AM net.sourceforge.marathon.javaagent.EventQueueDevice dispatchEvent
INFO: java.awt.event.KeyEvent[KEY_TYPED,keyCode=0,keyText=Unknown keyCode: 0x0,keyChar='1',keyLocation=KEY_LOCATION_UNKNOWN,rawCode=0,primaryLevelUnicode=0,scancode=0,extendedKeyCode=0x0] on new item stop price field
Feb 07, 2022 2:25:07 AM net.sourceforge.marathon.javaagent.EventQueueDevice dispatchEvent
INFO: java.awt.event.KeyEvent[KEY_RELEASED,keyCode=49,keyText=1,keyChar='1',keyLocation=KEY_LOCATION_UNKNOWN,rawCode=0,primaryLevelUnicode=0,scancode=0,extendedKeyCode=0x0] on new item stop price field
Feb 07, 2022 2:25:07 AM net.sourceforge.marathon.javaagent.EventQueueDevice dispatchEvent
INFO: java.awt.event.KeyEvent[KEY_PRESSED,keyCode=48,keyText=0,keyChar='0',keyLocation=KEY_LOCATION_UNKNOWN,rawCode=0,primaryLevelUnicode=0,scancode=0,extendedKeyCode=0x0] on new item stop price field
Feb 07, 2022 2:25:07 AM net.sourceforge.marathon.javaagent.EventQueueDevice dispatchEvent
INFO: java.awt.event.KeyEvent[KEY_TYPED,keyCode=0,keyText=Unknown keyCode: 0x0,keyChar='0',keyLocation=KEY_LOCATION_UNKNOWN,rawCode=0,primaryLevelUnicode=0,scancode=0,extendedKeyCode=0x0] on new item stop price field
Feb 07, 2022 2:25:07 AM net.sourceforge.marathon.javaagent.EventQueueDevice dispatchEvent
INFO: java.awt.event.KeyEvent[KEY_RELEASED,keyCode=48,keyText=0,keyChar='0',keyLocation=KEY_LOCATION_UNKNOWN,rawCode=0,primaryLevelUnicode=0,scancode=0,extendedKeyCode=0x0] on new item stop price field
Feb 07, 2022 2:25:07 AM net.sourceforge.marathon.javaagent.EventQueueDevice dispatchEvent
INFO: java.awt.event.KeyEvent[KEY_PRESSED,keyCode=48,keyText=0,keyChar='0',keyLocation=KEY_LOCATION_UNKNOWN,rawCode=0,primaryLevelUnicode=0,scancode=0,extendedKeyCode=0x0] on new item stop price field
Feb 07, 2022 2:25:07 AM net.sourceforge.marathon.javaagent.EventQueueDevice dispatchEvent
INFO: java.awt.event.KeyEvent[KEY_TYPED,keyCode=0,keyText=Unknown keyCode: 0x0,keyChar='0',keyLocation=KEY_LOCATION_UNKNOWN,rawCode=0,primaryLevelUnicode=0,scancode=0,extendedKeyCode=0x0] on new item stop price field
Feb 07, 2022 2:25:07 AM net.sourceforge.marathon.javaagent.EventQueueDevice dispatchEvent
INFO: java.awt.event.KeyEvent[KEY_RELEASED,keyCode=48,keyText=0,keyChar='0',keyLocation=KEY_LOCATION_UNKNOWN,rawCode=0,primaryLevelUnicode=0,scancode=0,extendedKeyCode=0x0] on new item stop price field
Feb 07, 2022 2:25:07 AM net.sourceforge.marathon.javaagent.EventQueueDevice dispatchEvent
INFO: java.awt.event.KeyEvent[KEY_PRESSED,keyCode=48,keyText=0,keyChar='0',keyLocation=KEY_LOCATION_UNKNOWN,rawCode=0,primaryLevelUnicode=0,scancode=0,extendedKeyCode=0x0] on new item stop price field
Feb 07, 2022 2:25:07 AM net.sourceforge.marathon.javaagent.EventQueueDevice dispatchEvent
INFO: java.awt.event.KeyEvent[KEY_TYPED,keyCode=0,keyText=Unknown keyCode: 0x0,keyChar='0',keyLocation=KEY_LOCATION_UNKNOWN,rawCode=0,primaryLevelUnicode=0,scancode=0,extendedKeyCode=0x0] on new item stop price field
Feb 07, 2022 2:25:07 AM net.sourceforge.marathon.javaagent.EventQueueDevice dispatchEvent
INFO: java.awt.event.KeyEvent[KEY_RELEASED,keyCode=48,keyText=0,keyChar='0',keyLocation=KEY_LOCATION_UNKNOWN,rawCode=0,primaryLevelUnicode=0,scancode=0,extendedKeyCode=0x0] on new item stop price field
Feb 07, 2022 2:25:07 AM net.sourceforge.marathon.javaagent.server.JavaServer serve
INFO: POST(/session/c8d27b45-c7a8-4a83-8d47-5b0911ee2412/element/0ec5798c-d5e7-4404-b53e-1449d0ec7bed/value, {"id":"0ec5798c-d5e7-4404-b53e-1449d0ec7bed","value":["11000"]}) = {data={"name":"sendKeysElement","sessionId":"c8d27b45-c7a8-4a83-8d47-5b0911ee2412","status":0}, status=OK}
Feb 07, 2022 2:25:07 AM net.sourceforge.marathon.javaagent.server.JavaServer serve
INFO: JavaServer.serve(POST /session/c8d27b45-c7a8-4a83-8d47-5b0911ee2412/element): {
  "using": "name",
  "value": "join button"
}
Feb 07, 2022 2:25:07 AM net.sourceforge.marathon.javaagent.server.JavaServer serve
INFO: POST(/session/c8d27b45-c7a8-4a83-8d47-5b0911ee2412/element, {"using":"name","value":"join button"}) = {data={"name":"findElement","sessionId":"c8d27b45-c7a8-4a83-8d47-5b0911ee2412","value":{"ELEMENT":"64c72998-0af3-4548-96e2-ff8966ecd8a9"},"status":0}, status=OK}
Feb 07, 2022 2:25:07 AM net.sourceforge.marathon.javaagent.server.JavaServer serve
INFO: JavaServer.serve(POST /session/c8d27b45-c7a8-4a83-8d47-5b0911ee2412/element/64c72998-0af3-4548-96e2-ff8966ecd8a9/click): {
  "id": "64c72998-0af3-4548-96e2-ff8966ecd8a9"
}
Feb 07, 2022 2:25:07 AM net.sourceforge.marathon.javaagent.EventQueueDevice dispatchEvent
INFO: java.awt.event.MouseEvent[MOUSE_PRESSED,(58,12),absolute(589,17),button=1,modifiers=Button1,extModifiers=Button1,clickCount=1] on join button
Feb 07, 2022 2:25:07 AM net.sourceforge.marathon.javaagent.EventQueueDevice dispatchEvent
INFO: java.awt.event.MouseEvent[MOUSE_RELEASED,(58,12),absolute(589,17),button=1,modifiers=Button1,clickCount=1] on join button
Feb 07, 2022 2:25:07 AM net.sourceforge.marathon.javaagent.EventQueueDevice dispatchEvent
INFO: java.awt.event.MouseEvent[MOUSE_CLICKED,(58,12),absolute(589,17),button=1,modifiers=Button1,clickCount=1] on join button
Feb 07, 2022 2:25:07 AM net.sourceforge.marathon.javaagent.server.JavaServer serve
INFO: POST(/session/c8d27b45-c7a8-4a83-8d47-5b0911ee2412/element/64c72998-0af3-4548-96e2-ff8966ecd8a9/click, {"id":"64c72998-0af3-4548-96e2-ff8966ecd8a9"}) = {data={"name":"clickElement","sessionId":"c8d27b45-c7a8-4a83-8d47-5b0911ee2412","status":0}, status=OK}
Feb 07, 2022 2:25:07 AM net.sourceforge.marathon.javaagent.server.JavaServer serve
INFO: JavaServer.serve(DELETE /session/c8d27b45-c7a8-4a83-8d47-5b0911ee2412/window): {}
Feb 07, 2022 2:25:07 AM net.sourceforge.marathon.javaagent.server.JavaServer serve
INFO: DELETE(/session/c8d27b45-c7a8-4a83-8d47-5b0911ee2412/window) = {data={"name":"closeSession","sessionId":"c8d27b45-c7a8-4a83-8d47-5b0911ee2412","status":0}, status=OK}
Feb 07, 2022 2:25:07 AM net.sourceforge.marathon.javaagent.server.JavaServer serve
INFO: JavaServer.serve(POST /session): {
  "desiredCapabilities": {
    "browserName": "java",
    "platform": "ANY"
  },
  "capabilities": {
    "firstMatch": [
      {
        "browserName": "java"
      }
    ]
  }
}
Feb 07, 2022 2:25:07 AM net.sourceforge.marathon.javaagent.server.JavaServer createSession
INFO: Creating device with type: EVENT_QUEUE
Feb 07, 2022 2:25:07 AM net.sourceforge.marathon.javaagent.Device getDevice
INFO: Creating a EVENT_QUEUE device
Feb 07, 2022 2:25:07 AM net.sourceforge.marathon.javaagent.server.JavaServer serve
INFO: POST(/session, {"desiredCapabilities":{"browserName":"java","platform":"ANY"},"capabilities":{"firstMatch":[{"browserName":"java"}]}}) = {data=, status=REDIRECT}
Feb 07, 2022 2:25:07 AM net.sourceforge.marathon.javaagent.server.JavaServer serve
INFO: JavaServer.serve(GET /session/3de7c0ed-69ad-49de-958b-7a1b1829ba48): {}
Feb 07, 2022 2:25:07 AM net.sourceforge.marathon.javaagent.server.JavaServer serve
INFO: GET(/session/3de7c0ed-69ad-49de-958b-7a1b1829ba48) = {data={"name":"getCapabilities","sessionId":"3de7c0ed-69ad-49de-958b-7a1b1829ba48","value":{"applicationCacheEnabled":false,"rotatable":false,"loggingPrefs":{"driver":"ALL"},"handlesAlerts":false,"databaseEnabled":false,"version":"1.0","platform":"ANY","browserConnectionEnabled":false,"nativeEvents":false,"acceptSslCerts":false,"locationContextEnabled":false,"webStorageEnabled":false,"browserName":"java","takesScreenshot":true,"javascriptEnabled":true,"cssSelectorsEnabled":false},"status":0}, status=OK}
Feb 07, 2022 2:25:07 AM org.openqa.selenium.remote.ProtocolHandshake createSession
INFO: Detected dialect: OSS
Feb 07, 2022 2:25:07 AM net.sourceforge.marathon.javaagent.server.JavaServer serve
INFO: JavaServer.serve(POST /session/3de7c0ed-69ad-49de-958b-7a1b1829ba48/element): {
  "using": "name",
  "value": "sniper reset button"
}
Feb 07, 2022 2:25:07 AM net.sourceforge.marathon.javaagent.server.JavaServer serve
INFO: POST(/session/3de7c0ed-69ad-49de-958b-7a1b1829ba48/element, {"using":"name","value":"sniper reset button"}) = {data={"name":"findElement","sessionId":"3de7c0ed-69ad-49de-958b-7a1b1829ba48","value":{"ELEMENT":"cbd94187-bfb8-4cfd-97af-da52a557ec9e"},"status":0}, status=OK}
Feb 07, 2022 2:25:07 AM net.sourceforge.marathon.javaagent.server.JavaServer serve
INFO: JavaServer.serve(POST /session/3de7c0ed-69ad-49de-958b-7a1b1829ba48/element/cbd94187-bfb8-4cfd-97af-da52a557ec9e/click): {
  "id": "cbd94187-bfb8-4cfd-97af-da52a557ec9e"
}
Feb 07, 2022 2:25:07 AM net.sourceforge.marathon.javaagent.EventQueueDevice dispatchEvent
INFO: java.awt.event.MouseEvent[MOUSE_PRESSED,(37,12),absolute(326,474),button=1,modifiers=Button1,extModifiers=Button1,clickCount=1] on sniper reset button
Feb 07, 2022 2:25:07 AM net.sourceforge.marathon.javaagent.EventQueueDevice dispatchEvent
INFO: java.awt.event.MouseEvent[MOUSE_RELEASED,(37,12),absolute(326,474),button=1,modifiers=Button1,clickCount=1] on sniper reset button
Feb 07, 2022 2:25:07 AM net.sourceforge.marathon.javaagent.EventQueueDevice dispatchEvent
INFO: java.awt.event.MouseEvent[MOUSE_CLICKED,(37,12),absolute(326,474),button=1,modifiers=Button1,clickCount=1] on sniper reset button
Feb 07, 2022 2:25:07 AM net.sourceforge.marathon.javaagent.server.JavaServer serve
INFO: POST(/session/3de7c0ed-69ad-49de-958b-7a1b1829ba48/element/cbd94187-bfb8-4cfd-97af-da52a557ec9e/click, {"id":"cbd94187-bfb8-4cfd-97af-da52a557ec9e"}) = {data={"name":"clickElement","sessionId":"3de7c0ed-69ad-49de-958b-7a1b1829ba48","status":0}, status=OK}
Feb 07, 2022 2:25:07 AM net.sourceforge.marathon.javaagent.server.JavaServer serve
INFO: JavaServer.serve(DELETE /session/3de7c0ed-69ad-49de-958b-7a1b1829ba48/window): {}
Feb 07, 2022 2:25:07 AM net.sourceforge.marathon.javaagent.server.JavaServer serve
INFO: DELETE(/session/3de7c0ed-69ad-49de-958b-7a1b1829ba48/window) = {data={"name":"closeSession","sessionId":"3de7c0ed-69ad-49de-958b-7a1b1829ba48","status":0}, status=OK}
]]></system-err>
</testsuite>
