<?xml version="1.0" encoding="UTF-8"?>
<testsuite name="goos.core.SniperStateTest" tests="6" skipped="0" failures="0" errors="0" timestamp="2021-09-19T02:24:25" hostname="buildkitsandbox" time="0.032">
  <properties/>
  <testcase name="JOINING should become LOST when closed" classname="goos.core.SniperStateTest" time="0.011"/>
  <testcase name="BIDDING should become LOST when closed" classname="goos.core.SniperStateTest" time="0.001"/>
  <testcase name="WINNING should become WON when closed" classname="goos.core.SniperStateTest" time="0.001"/>
  <testcase name="LOSING should become LOST when closed" classname="goos.core.SniperStateTest" time="0.0"/>
  <testcase name="LOST should not be closeable" classname="goos.core.SniperStateTest" time="0.012"/>
  <testcase name="WON should not be closeable" classname="goos.core.SniperStateTest" time="0.0"/>
  <system-out><![CDATA[]]></system-out>
  <system-err><![CDATA[]]></system-err>
</testsuite>
