<?xml version="1.0" encoding="UTF-8"?>
<testsuite name="goos.ui.swing.MainWindowTest" tests="3" skipped="0" failures="0" errors="0" timestamp="2021-11-08T02:25:00" hostname="buildkitsandbox" time="4.011">
  <properties/>
  <testcase name="window has expected features" classname="goos.ui.swing.MainWindowTest" time="3.033"/>
  <testcase name="make user request when join button clicked" classname="goos.ui.swing.MainWindowTest" time="0.786"/>
  <testcase name="make user request when reset button clicked" classname="goos.ui.swing.MainWindowTest" time="0.187"/>
  <system-out><![CDATA[]]></system-out>
  <system-err><![CDATA[Nov 08, 2021 2:25:00 AM io.mockk.impl.log.JULLogger warn
WARNING: Failed to transform class goos/ui/api/UserRequestListener
java.lang.IllegalArgumentException: Unsupported class file major version 59
	at net.bytebuddy.jar.asm.ClassReader.<init>(ClassReader.java:176)
	at net.bytebuddy.jar.asm.ClassReader.<init>(ClassReader.java:158)
	at net.bytebuddy.jar.asm.ClassReader.<init>(ClassReader.java:146)
	at net.bytebuddy.utility.OpenedClassReader.of(OpenedClassReader.java:69)
	at net.bytebuddy.dynamic.scaffold.TypeWriter$Default$ForInlining.create(TypeWriter.java:2877)
	at net.bytebuddy.dynamic.scaffold.TypeWriter$Default.make(TypeWriter.java:1653)
	at net.bytebuddy.dynamic.scaffold.inline.RedefinitionDynamicTypeBuilder.make(RedefinitionDynamicTypeBuilder.java:180)
	at net.bytebuddy.dynamic.scaffold.inline.AbstractInliningDynamicTypeBuilder.make(AbstractInliningDynamicTypeBuilder.java:94)
	at net.bytebuddy.dynamic.DynamicType$Builder$AbstractBase.make(DynamicType.java:2669)
	at io.mockk.proxy.jvm.transformation.InliningClassTransformer.transform(InliningClassTransformer.kt:78)
	at java.instrument/java.lang.instrument.ClassFileTransformer.transform(ClassFileTransformer.java:246)
	at java.instrument/sun.instrument.TransformerManager.transform(TransformerManager.java:188)
	at java.instrument/sun.instrument.InstrumentationImpl.transform(InstrumentationImpl.java:563)
	at java.instrument/sun.instrument.InstrumentationImpl.retransformClasses0(Native Method)
	at java.instrument/sun.instrument.InstrumentationImpl.retransformClasses(InstrumentationImpl.java:167)
	at io.mockk.proxy.jvm.transformation.JvmInlineInstrumentation.retransform(JvmInlineInstrumentation.kt:28)
	at io.mockk.proxy.common.transformation.RetransformInlineInstrumnetation$execute$1.invoke(RetransformInlineInstrumnetation.kt:19)
	at io.mockk.proxy.common.transformation.RetransformInlineInstrumnetation$execute$1.invoke(RetransformInlineInstrumnetation.kt:6)
	at io.mockk.proxy.common.transformation.ClassTransformationSpecMap.applyTransformation(ClassTransformationSpecMap.kt:41)
	at io.mockk.proxy.common.transformation.RetransformInlineInstrumnetation.execute(RetransformInlineInstrumnetation.kt:16)
	at io.mockk.proxy.jvm.ProxyMaker.inline(ProxyMaker.kt:88)
	at io.mockk.proxy.jvm.ProxyMaker.proxy(ProxyMaker.kt:30)
	at io.mockk.impl.instantiation.JvmMockFactory.newProxy(JvmMockFactory.kt:34)
	at io.mockk.impl.instantiation.AbstractMockFactory.newProxy$default(AbstractMockFactory.kt:29)
	at io.mockk.impl.instantiation.AbstractMockFactory.mockk(AbstractMockFactory.kt:59)
	at goos.ui.swing.MainWindowTest$1$1.invokeSuspend(MainWindowTest.kt:90)
	at goos.ui.swing.MainWindowTest$1$1.invoke(MainWindowTest.kt)
	at goos.ui.swing.MainWindowTest$1$1.invoke(MainWindowTest.kt)
	at io.kotest.core.TestConfiguration$beforeTest$1.beforeTest(TestConfiguration.kt:137)
	at io.kotest.core.spec.LifecycleKt.invokeAllBeforeTestCallbacks(lifecycle.kt:76)
	at io.kotest.core.internal.TestCaseExecutor.executeActiveTest(TestCaseExecutor.kt:152)
	at io.kotest.core.internal.TestCaseExecutor.access$executeActiveTest(TestCaseExecutor.kt:57)
	at io.kotest.core.internal.TestCaseExecutor$intercept$innerExecute$1$1.invokeSuspend(TestCaseExecutor.kt:89)
	at io.kotest.core.internal.TestCaseExecutor$intercept$innerExecute$1$1.invoke(TestCaseExecutor.kt)
	at io.kotest.core.internal.TestCaseExecutor$intercept$innerExecute$1$1.invoke(TestCaseExecutor.kt)
	at io.kotest.core.internal.TestCaseExecutor.executeIfEnabled(TestCaseExecutor.kt:117)
	at io.kotest.core.internal.TestCaseExecutor.access$executeIfEnabled(TestCaseExecutor.kt:57)
	at io.kotest.core.internal.TestCaseExecutor$intercept$innerExecute$1.invokeSuspend(TestCaseExecutor.kt:89)
	at io.kotest.core.internal.TestCaseExecutor$intercept$innerExecute$1.invoke(TestCaseExecutor.kt)
	at io.kotest.core.internal.TestCaseExecutor$intercept$innerExecute$1.invoke(TestCaseExecutor.kt)
	at io.kotest.core.internal.TestCaseExecutor.intercept(TestCaseExecutor.kt:103)
	at io.kotest.core.internal.TestCaseExecutor.execute(TestCaseExecutor.kt:69)
	at io.kotest.engine.spec.runners.SingleInstanceSpecRunner.runTest(SingleInstanceSpecRunner.kt:104)
	at io.kotest.engine.spec.runners.SingleInstanceSpecRunner.access$runTest(SingleInstanceSpecRunner.kt:34)
	at io.kotest.engine.spec.runners.SingleInstanceSpecRunner$execute$interceptAndRun$2$4.invokeSuspend(SingleInstanceSpecRunner.kt:57)
	at io.kotest.engine.spec.runners.SingleInstanceSpecRunner$execute$interceptAndRun$2$4.invoke(SingleInstanceSpecRunner.kt)
	at io.kotest.engine.spec.runners.SingleInstanceSpecRunner$execute$interceptAndRun$2$4.invoke(SingleInstanceSpecRunner.kt)
	at io.kotest.engine.launchers.SequentialTestLauncher$launch$3$1$1.invokeSuspend(SequentialTestLauncher.kt:22)
	at kotlin.coroutines.jvm.internal.BaseContinuationImpl.resumeWith(ContinuationImpl.kt:33)
	at kotlinx.coroutines.DispatchedTask.run(DispatchedTask.kt:106)
	at java.base/java.util.concurrent.ThreadPoolExecutor.runWorker(ThreadPoolExecutor.java:1130)
	at java.base/java.util.concurrent.ThreadPoolExecutor$Worker.run(ThreadPoolExecutor.java:630)
	at java.base/java.lang.Thread.run(Thread.java:832)

Nov 08, 2021 2:25:02 AM net.sourceforge.marathon.javaagent.server.JavaServer serve
INFO: JavaServer.serve(POST /session): {
  "desiredCapabilities": {
    "browserName": "java",
    "platform": "ANY"
  },
  "capabilities": {
    "firstMatch": [
      {
        "browserName": "java"
      }
    ]
  }
}
Nov 08, 2021 2:25:02 AM net.sourceforge.marathon.javaagent.server.JavaServer createSession
INFO: Creating device with type: EVENT_QUEUE
Nov 08, 2021 2:25:02 AM net.sourceforge.marathon.javaagent.Device getDevice
INFO: Creating a EVENT_QUEUE device
Nov 08, 2021 2:25:02 AM net.sourceforge.marathon.javaagent.server.JavaServer serve
INFO: POST(/session, {"desiredCapabilities":{"browserName":"java","platform":"ANY"},"capabilities":{"firstMatch":[{"browserName":"java"}]}}) = {data=, status=REDIRECT}
Nov 08, 2021 2:25:02 AM net.sourceforge.marathon.javaagent.server.JavaServer serve
INFO: JavaServer.serve(GET /session/2160a321-a7b6-4eb9-85ad-068e2e726f4b): {}
Nov 08, 2021 2:25:02 AM net.sourceforge.marathon.javaagent.server.JavaServer serve
INFO: GET(/session/2160a321-a7b6-4eb9-85ad-068e2e726f4b) = {data={"name":"getCapabilities","sessionId":"2160a321-a7b6-4eb9-85ad-068e2e726f4b","value":{"applicationCacheEnabled":false,"rotatable":false,"loggingPrefs":{"driver":"ALL"},"handlesAlerts":false,"databaseEnabled":false,"version":"1.0","platform":"ANY","browserConnectionEnabled":false,"nativeEvents":false,"acceptSslCerts":false,"locationContextEnabled":false,"webStorageEnabled":false,"browserName":"java","takesScreenshot":true,"javascriptEnabled":true,"cssSelectorsEnabled":false},"status":0}, status=OK}
Nov 08, 2021 2:25:02 AM org.openqa.selenium.remote.ProtocolHandshake createSession
INFO: Detected dialect: OSS
Nov 08, 2021 2:25:02 AM net.sourceforge.marathon.javaagent.server.JavaServer serve
INFO: JavaServer.serve(POST /session/2160a321-a7b6-4eb9-85ad-068e2e726f4b/element): {
  "using": "css selector",
  "value": "."
}
Nov 08, 2021 2:25:03 AM net.sourceforge.marathon.javaagent.server.JavaServer serve
INFO: POST(/session/2160a321-a7b6-4eb9-85ad-068e2e726f4b/element, {"using":"css selector","value":"."}) = {data={"name":"findElement","sessionId":"2160a321-a7b6-4eb9-85ad-068e2e726f4b","value":{"ELEMENT":"0b57f775-f286-47a8-ade6-0154b14460b5"},"status":0}, status=OK}
Nov 08, 2021 2:25:03 AM net.sourceforge.marathon.javaagent.server.JavaServer serve
INFO: JavaServer.serve(GET /session/2160a321-a7b6-4eb9-85ad-068e2e726f4b/element/0b57f775-f286-47a8-ade6-0154b14460b5/attribute/name): {}
Nov 08, 2021 2:25:03 AM net.sourceforge.marathon.javaagent.server.JavaServer serve
INFO: GET(/session/2160a321-a7b6-4eb9-85ad-068e2e726f4b/element/0b57f775-f286-47a8-ade6-0154b14460b5/attribute/name) = {data={"name":"getElementAttribute","sessionId":"2160a321-a7b6-4eb9-85ad-068e2e726f4b","value":"Auction Sniper Name","status":0}, status=OK}
Nov 08, 2021 2:25:03 AM net.sourceforge.marathon.javaagent.server.JavaServer serve
INFO: JavaServer.serve(POST /session/2160a321-a7b6-4eb9-85ad-068e2e726f4b/element): {
  "using": "css selector",
  "value": "."
}
Nov 08, 2021 2:25:03 AM net.sourceforge.marathon.javaagent.server.JavaServer serve
INFO: POST(/session/2160a321-a7b6-4eb9-85ad-068e2e726f4b/element, {"using":"css selector","value":"."}) = {data={"name":"findElement","sessionId":"2160a321-a7b6-4eb9-85ad-068e2e726f4b","value":{"ELEMENT":"0b57f775-f286-47a8-ade6-0154b14460b5"},"status":0}, status=OK}
Nov 08, 2021 2:25:03 AM net.sourceforge.marathon.javaagent.server.JavaServer serve
INFO: JavaServer.serve(GET /session/2160a321-a7b6-4eb9-85ad-068e2e726f4b/element/0b57f775-f286-47a8-ade6-0154b14460b5/displayed): {}
Nov 08, 2021 2:25:03 AM net.sourceforge.marathon.javaagent.server.JavaServer serve
INFO: GET(/session/2160a321-a7b6-4eb9-85ad-068e2e726f4b/element/0b57f775-f286-47a8-ade6-0154b14460b5/displayed) = {data={"name":"isDisplayed","sessionId":"2160a321-a7b6-4eb9-85ad-068e2e726f4b","value":true,"status":0}, status=OK}
Nov 08, 2021 2:25:03 AM net.sourceforge.marathon.javaagent.server.JavaServer serve
INFO: JavaServer.serve(GET /session/2160a321-a7b6-4eb9-85ad-068e2e726f4b/title): {}
Nov 08, 2021 2:25:03 AM net.sourceforge.marathon.javaagent.server.JavaServer serve
INFO: GET(/session/2160a321-a7b6-4eb9-85ad-068e2e726f4b/title) = {data={"name":"getWindowTitle","sessionId":"2160a321-a7b6-4eb9-85ad-068e2e726f4b","value":"Auction Sniper","status":0}, status=OK}
Nov 08, 2021 2:25:03 AM net.sourceforge.marathon.javaagent.server.JavaServer serve
INFO: JavaServer.serve(POST /session/2160a321-a7b6-4eb9-85ad-068e2e726f4b/element): {
  "using": "name",
  "value": "snipers table"
}
Nov 08, 2021 2:25:03 AM net.sourceforge.marathon.javaagent.server.JavaServer serve
INFO: POST(/session/2160a321-a7b6-4eb9-85ad-068e2e726f4b/element, {"using":"name","value":"snipers table"}) = {data={"name":"findElement","sessionId":"2160a321-a7b6-4eb9-85ad-068e2e726f4b","value":{"ELEMENT":"7b64f64a-0256-46ff-8269-9b224b048f06"},"status":0}, status=OK}
Nov 08, 2021 2:25:03 AM net.sourceforge.marathon.javaagent.server.JavaServer serve
INFO: JavaServer.serve(POST /session/2160a321-a7b6-4eb9-85ad-068e2e726f4b/element/7b64f64a-0256-46ff-8269-9b224b048f06/elements): {
  "id": "7b64f64a-0256-46ff-8269-9b224b048f06",
  "using": "css selector",
  "value": ".::header.::all-items"
}
Nov 08, 2021 2:25:03 AM net.sourceforge.marathon.javaagent.server.JavaServer serve
INFO: POST(/session/2160a321-a7b6-4eb9-85ad-068e2e726f4b/element/7b64f64a-0256-46ff-8269-9b224b048f06/elements, {"using":"css selector","id":"7b64f64a-0256-46ff-8269-9b224b048f06","value":".::header.::all-items"}) = {data={"name":"findElementsOfElement","sessionId":"2160a321-a7b6-4eb9-85ad-068e2e726f4b","value":[{"ELEMENT":"ffb451ac-0df2-4b41-9006-483e94a98a58%23%7B%22selector%22%3A%22nth-item%22%2C%22parameters%22%3A%5B1%5D%7D"},{"ELEMENT":"ffb451ac-0df2-4b41-9006-483e94a98a58%23%7B%22selector%22%3A%22nth-item%22%2C%22parameters%22%3A%5B2%5D%7D"},{"ELEMENT":"ffb451ac-0df2-4b41-9006-483e94a98a58%23%7B%22selector%22%3A%22nth-item%22%2C%22parameters%22%3A%5B3%5D%7D"},{"ELEMENT":"ffb451ac-0df2-4b41-9006-483e94a98a58%23%7B%22selector%22%3A%22nth-item%22%2C%22parameters%22%3A%5B4%5D%7D"}],"status":0}, status=OK}
Nov 08, 2021 2:25:03 AM net.sourceforge.marathon.javaagent.server.JavaServer serve
INFO: JavaServer.serve(GET /session/2160a321-a7b6-4eb9-85ad-068e2e726f4b/element/ffb451ac-0df2-4b41-9006-483e94a98a58%23%7B%22selector%22%3A%22nth-item%22%2C%22parameters%22%3A%5B1%5D%7D/text): {}
Nov 08, 2021 2:25:03 AM net.sourceforge.marathon.javaagent.server.JavaServer serve
INFO: GET(/session/2160a321-a7b6-4eb9-85ad-068e2e726f4b/element/ffb451ac-0df2-4b41-9006-483e94a98a58%23%7B%22selector%22%3A%22nth-item%22%2C%22parameters%22%3A%5B1%5D%7D/text) = {data={"name":"getElementText","sessionId":"2160a321-a7b6-4eb9-85ad-068e2e726f4b","value":"Item","status":0}, status=OK}
Nov 08, 2021 2:25:03 AM net.sourceforge.marathon.javaagent.server.JavaServer serve
INFO: JavaServer.serve(GET /session/2160a321-a7b6-4eb9-85ad-068e2e726f4b/element/ffb451ac-0df2-4b41-9006-483e94a98a58%23%7B%22selector%22%3A%22nth-item%22%2C%22parameters%22%3A%5B2%5D%7D/text): {}
Nov 08, 2021 2:25:03 AM net.sourceforge.marathon.javaagent.server.JavaServer serve
INFO: GET(/session/2160a321-a7b6-4eb9-85ad-068e2e726f4b/element/ffb451ac-0df2-4b41-9006-483e94a98a58%23%7B%22selector%22%3A%22nth-item%22%2C%22parameters%22%3A%5B2%5D%7D/text) = {data={"name":"getElementText","sessionId":"2160a321-a7b6-4eb9-85ad-068e2e726f4b","value":"Last Price","status":0}, status=OK}
Nov 08, 2021 2:25:03 AM net.sourceforge.marathon.javaagent.server.JavaServer serve
INFO: JavaServer.serve(GET /session/2160a321-a7b6-4eb9-85ad-068e2e726f4b/element/ffb451ac-0df2-4b41-9006-483e94a98a58%23%7B%22selector%22%3A%22nth-item%22%2C%22parameters%22%3A%5B3%5D%7D/text): {}
Nov 08, 2021 2:25:03 AM net.sourceforge.marathon.javaagent.server.JavaServer serve
INFO: GET(/session/2160a321-a7b6-4eb9-85ad-068e2e726f4b/element/ffb451ac-0df2-4b41-9006-483e94a98a58%23%7B%22selector%22%3A%22nth-item%22%2C%22parameters%22%3A%5B3%5D%7D/text) = {data={"name":"getElementText","sessionId":"2160a321-a7b6-4eb9-85ad-068e2e726f4b","value":"Last Bid","status":0}, status=OK}
Nov 08, 2021 2:25:03 AM net.sourceforge.marathon.javaagent.server.JavaServer serve
INFO: JavaServer.serve(GET /session/2160a321-a7b6-4eb9-85ad-068e2e726f4b/element/ffb451ac-0df2-4b41-9006-483e94a98a58%23%7B%22selector%22%3A%22nth-item%22%2C%22parameters%22%3A%5B4%5D%7D/text): {}
Nov 08, 2021 2:25:03 AM net.sourceforge.marathon.javaagent.server.JavaServer serve
INFO: GET(/session/2160a321-a7b6-4eb9-85ad-068e2e726f4b/element/ffb451ac-0df2-4b41-9006-483e94a98a58%23%7B%22selector%22%3A%22nth-item%22%2C%22parameters%22%3A%5B4%5D%7D/text) = {data={"name":"getElementText","sessionId":"2160a321-a7b6-4eb9-85ad-068e2e726f4b","value":"State","status":0}, status=OK}
Nov 08, 2021 2:25:03 AM net.sourceforge.marathon.javaagent.server.JavaServer serve
INFO: JavaServer.serve(DELETE /session/2160a321-a7b6-4eb9-85ad-068e2e726f4b/window): {}
Nov 08, 2021 2:25:03 AM net.sourceforge.marathon.javaagent.server.JavaServer serve
INFO: DELETE(/session/2160a321-a7b6-4eb9-85ad-068e2e726f4b/window) = {data={"name":"closeSession","sessionId":"2160a321-a7b6-4eb9-85ad-068e2e726f4b","status":0}, status=OK}
Nov 08, 2021 2:25:03 AM net.sourceforge.marathon.javaagent.server.JavaServer serve
INFO: JavaServer.serve(POST /session): {
  "desiredCapabilities": {
    "browserName": "java",
    "platform": "ANY"
  },
  "capabilities": {
    "firstMatch": [
      {
        "browserName": "java"
      }
    ]
  }
}
Nov 08, 2021 2:25:03 AM net.sourceforge.marathon.javaagent.server.JavaServer createSession
INFO: Creating device with type: EVENT_QUEUE
Nov 08, 2021 2:25:03 AM net.sourceforge.marathon.javaagent.Device getDevice
INFO: Creating a EVENT_QUEUE device
Nov 08, 2021 2:25:03 AM net.sourceforge.marathon.javaagent.server.JavaServer serve
INFO: POST(/session, {"desiredCapabilities":{"browserName":"java","platform":"ANY"},"capabilities":{"firstMatch":[{"browserName":"java"}]}}) = {data=, status=REDIRECT}
Nov 08, 2021 2:25:03 AM net.sourceforge.marathon.javaagent.server.JavaServer serve
INFO: JavaServer.serve(GET /session/18ba03df-6dac-492b-a0c7-82c98d31ead7): {}
Nov 08, 2021 2:25:03 AM net.sourceforge.marathon.javaagent.server.JavaServer serve
INFO: GET(/session/18ba03df-6dac-492b-a0c7-82c98d31ead7) = {data={"name":"getCapabilities","sessionId":"18ba03df-6dac-492b-a0c7-82c98d31ead7","value":{"applicationCacheEnabled":false,"rotatable":false,"loggingPrefs":{"driver":"ALL"},"handlesAlerts":false,"databaseEnabled":false,"version":"1.0","platform":"ANY","browserConnectionEnabled":false,"nativeEvents":false,"acceptSslCerts":false,"locationContextEnabled":false,"webStorageEnabled":false,"browserName":"java","takesScreenshot":true,"javascriptEnabled":true,"cssSelectorsEnabled":false},"status":0}, status=OK}
Nov 08, 2021 2:25:03 AM org.openqa.selenium.remote.ProtocolHandshake createSession
INFO: Detected dialect: OSS
Nov 08, 2021 2:25:03 AM net.sourceforge.marathon.javaagent.server.JavaServer serve
INFO: JavaServer.serve(POST /session/18ba03df-6dac-492b-a0c7-82c98d31ead7/element): {
  "using": "name",
  "value": "new item id field"
}
Nov 08, 2021 2:25:03 AM net.sourceforge.marathon.javaagent.server.JavaServer serve
INFO: POST(/session/18ba03df-6dac-492b-a0c7-82c98d31ead7/element, {"using":"name","value":"new item id field"}) = {data={"name":"findElement","sessionId":"18ba03df-6dac-492b-a0c7-82c98d31ead7","value":{"ELEMENT":"88273bd2-c365-46c6-8ac9-4a3af707cd9a"},"status":0}, status=OK}
Nov 08, 2021 2:25:03 AM net.sourceforge.marathon.javaagent.server.JavaServer serve
INFO: JavaServer.serve(POST /session/18ba03df-6dac-492b-a0c7-82c98d31ead7/element/88273bd2-c365-46c6-8ac9-4a3af707cd9a/clear): {
  "id": "88273bd2-c365-46c6-8ac9-4a3af707cd9a"
}
Nov 08, 2021 2:25:03 AM net.sourceforge.marathon.javaagent.server.JavaServer serve
INFO: POST(/session/18ba03df-6dac-492b-a0c7-82c98d31ead7/element/88273bd2-c365-46c6-8ac9-4a3af707cd9a/clear, {"id":"88273bd2-c365-46c6-8ac9-4a3af707cd9a"}) = {data={"name":"clearElement","sessionId":"18ba03df-6dac-492b-a0c7-82c98d31ead7","status":0}, status=OK}
Nov 08, 2021 2:25:03 AM net.sourceforge.marathon.javaagent.server.JavaServer serve
INFO: JavaServer.serve(POST /session/18ba03df-6dac-492b-a0c7-82c98d31ead7/element/88273bd2-c365-46c6-8ac9-4a3af707cd9a/value): {
  "id": "88273bd2-c365-46c6-8ac9-4a3af707cd9a",
  "value": [
    "an item-id"
  ]
}
Nov 08, 2021 2:25:03 AM net.sourceforge.marathon.javaagent.EventQueueDevice dispatchEvent
INFO: java.awt.event.KeyEvent[KEY_PRESSED,keyCode=65,keyText=A,keyChar='a',keyLocation=KEY_LOCATION_UNKNOWN,rawCode=0,primaryLevelUnicode=0,scancode=0,extendedKeyCode=0x0] on new item id field
Nov 08, 2021 2:25:03 AM net.sourceforge.marathon.javaagent.EventQueueDevice dispatchEvent
INFO: java.awt.event.KeyEvent[KEY_TYPED,keyCode=0,keyText=Unknown keyCode: 0x0,keyChar='a',keyLocation=KEY_LOCATION_UNKNOWN,rawCode=0,primaryLevelUnicode=0,scancode=0,extendedKeyCode=0x0] on new item id field
Nov 08, 2021 2:25:03 AM net.sourceforge.marathon.javaagent.EventQueueDevice dispatchEvent
INFO: java.awt.event.KeyEvent[KEY_RELEASED,keyCode=65,keyText=A,keyChar='a',keyLocation=KEY_LOCATION_UNKNOWN,rawCode=0,primaryLevelUnicode=0,scancode=0,extendedKeyCode=0x0] on new item id field
Nov 08, 2021 2:25:03 AM net.sourceforge.marathon.javaagent.EventQueueDevice dispatchEvent
INFO: java.awt.event.KeyEvent[KEY_PRESSED,keyCode=78,keyText=N,keyChar='n',keyLocation=KEY_LOCATION_UNKNOWN,rawCode=0,primaryLevelUnicode=0,scancode=0,extendedKeyCode=0x0] on new item id field
Nov 08, 2021 2:25:03 AM net.sourceforge.marathon.javaagent.EventQueueDevice dispatchEvent
INFO: java.awt.event.KeyEvent[KEY_TYPED,keyCode=0,keyText=Unknown keyCode: 0x0,keyChar='n',keyLocation=KEY_LOCATION_UNKNOWN,rawCode=0,primaryLevelUnicode=0,scancode=0,extendedKeyCode=0x0] on new item id field
Nov 08, 2021 2:25:03 AM net.sourceforge.marathon.javaagent.EventQueueDevice dispatchEvent
INFO: java.awt.event.KeyEvent[KEY_RELEASED,keyCode=78,keyText=N,keyChar='n',keyLocation=KEY_LOCATION_UNKNOWN,rawCode=0,primaryLevelUnicode=0,scancode=0,extendedKeyCode=0x0] on new item id field
Nov 08, 2021 2:25:03 AM net.sourceforge.marathon.javaagent.EventQueueDevice dispatchEvent
INFO: java.awt.event.KeyEvent[KEY_PRESSED,keyCode=16,keyText=Shift,keyChar=Undefined keyChar,modifiers=Shift,extModifiers=Shift,keyLocation=KEY_LOCATION_UNKNOWN,rawCode=0,primaryLevelUnicode=0,scancode=0,extendedKeyCode=0x0] on new item id field
Nov 08, 2021 2:25:03 AM net.sourceforge.marathon.javaagent.EventQueueDevice dispatchEvent
INFO: java.awt.event.KeyEvent[KEY_PRESSED,keyCode=32,keyText=Space,keyChar=' ',modifiers=Shift,extModifiers=Shift,keyLocation=KEY_LOCATION_UNKNOWN,rawCode=0,primaryLevelUnicode=0,scancode=0,extendedKeyCode=0x0] on new item id field
Nov 08, 2021 2:25:03 AM net.sourceforge.marathon.javaagent.EventQueueDevice dispatchEvent
INFO: java.awt.event.KeyEvent[KEY_TYPED,keyCode=0,keyText=Unknown keyCode: 0x0,keyChar=' ',modifiers=Shift,extModifiers=Shift,keyLocation=KEY_LOCATION_UNKNOWN,rawCode=0,primaryLevelUnicode=0,scancode=0,extendedKeyCode=0x0] on new item id field
Nov 08, 2021 2:25:03 AM net.sourceforge.marathon.javaagent.EventQueueDevice dispatchEvent
INFO: java.awt.event.KeyEvent[KEY_RELEASED,keyCode=32,keyText=Space,keyChar=' ',modifiers=Shift,extModifiers=Shift,keyLocation=KEY_LOCATION_UNKNOWN,rawCode=0,primaryLevelUnicode=0,scancode=0,extendedKeyCode=0x0] on new item id field
Nov 08, 2021 2:25:03 AM net.sourceforge.marathon.javaagent.EventQueueDevice dispatchEvent
INFO: java.awt.event.KeyEvent[KEY_RELEASED,keyCode=16,keyText=Shift,keyChar=Undefined keyChar,keyLocation=KEY_LOCATION_UNKNOWN,rawCode=0,primaryLevelUnicode=0,scancode=0,extendedKeyCode=0x0] on new item id field
Nov 08, 2021 2:25:03 AM net.sourceforge.marathon.javaagent.EventQueueDevice dispatchEvent
INFO: java.awt.event.KeyEvent[KEY_PRESSED,keyCode=73,keyText=I,keyChar='i',keyLocation=KEY_LOCATION_UNKNOWN,rawCode=0,primaryLevelUnicode=0,scancode=0,extendedKeyCode=0x0] on new item id field
Nov 08, 2021 2:25:03 AM net.sourceforge.marathon.javaagent.EventQueueDevice dispatchEvent
INFO: java.awt.event.KeyEvent[KEY_TYPED,keyCode=0,keyText=Unknown keyCode: 0x0,keyChar='i',keyLocation=KEY_LOCATION_UNKNOWN,rawCode=0,primaryLevelUnicode=0,scancode=0,extendedKeyCode=0x0] on new item id field
Nov 08, 2021 2:25:03 AM net.sourceforge.marathon.javaagent.EventQueueDevice dispatchEvent
INFO: java.awt.event.KeyEvent[KEY_RELEASED,keyCode=73,keyText=I,keyChar='i',keyLocation=KEY_LOCATION_UNKNOWN,rawCode=0,primaryLevelUnicode=0,scancode=0,extendedKeyCode=0x0] on new item id field
Nov 08, 2021 2:25:03 AM net.sourceforge.marathon.javaagent.EventQueueDevice dispatchEvent
INFO: java.awt.event.KeyEvent[KEY_PRESSED,keyCode=84,keyText=T,keyChar='t',keyLocation=KEY_LOCATION_UNKNOWN,rawCode=0,primaryLevelUnicode=0,scancode=0,extendedKeyCode=0x0] on new item id field
Nov 08, 2021 2:25:03 AM net.sourceforge.marathon.javaagent.EventQueueDevice dispatchEvent
INFO: java.awt.event.KeyEvent[KEY_TYPED,keyCode=0,keyText=Unknown keyCode: 0x0,keyChar='t',keyLocation=KEY_LOCATION_UNKNOWN,rawCode=0,primaryLevelUnicode=0,scancode=0,extendedKeyCode=0x0] on new item id field
Nov 08, 2021 2:25:03 AM net.sourceforge.marathon.javaagent.EventQueueDevice dispatchEvent
INFO: java.awt.event.KeyEvent[KEY_RELEASED,keyCode=84,keyText=T,keyChar='t',keyLocation=KEY_LOCATION_UNKNOWN,rawCode=0,primaryLevelUnicode=0,scancode=0,extendedKeyCode=0x0] on new item id field
Nov 08, 2021 2:25:03 AM net.sourceforge.marathon.javaagent.EventQueueDevice dispatchEvent
INFO: java.awt.event.KeyEvent[KEY_PRESSED,keyCode=69,keyText=E,keyChar='e',keyLocation=KEY_LOCATION_UNKNOWN,rawCode=0,primaryLevelUnicode=0,scancode=0,extendedKeyCode=0x0] on new item id field
Nov 08, 2021 2:25:03 AM net.sourceforge.marathon.javaagent.EventQueueDevice dispatchEvent
INFO: java.awt.event.KeyEvent[KEY_TYPED,keyCode=0,keyText=Unknown keyCode: 0x0,keyChar='e',keyLocation=KEY_LOCATION_UNKNOWN,rawCode=0,primaryLevelUnicode=0,scancode=0,extendedKeyCode=0x0] on new item id field
Nov 08, 2021 2:25:03 AM net.sourceforge.marathon.javaagent.EventQueueDevice dispatchEvent
INFO: java.awt.event.KeyEvent[KEY_RELEASED,keyCode=69,keyText=E,keyChar='e',keyLocation=KEY_LOCATION_UNKNOWN,rawCode=0,primaryLevelUnicode=0,scancode=0,extendedKeyCode=0x0] on new item id field
Nov 08, 2021 2:25:03 AM net.sourceforge.marathon.javaagent.EventQueueDevice dispatchEvent
INFO: java.awt.event.KeyEvent[KEY_PRESSED,keyCode=77,keyText=M,keyChar='m',keyLocation=KEY_LOCATION_UNKNOWN,rawCode=0,primaryLevelUnicode=0,scancode=0,extendedKeyCode=0x0] on new item id field
Nov 08, 2021 2:25:03 AM net.sourceforge.marathon.javaagent.EventQueueDevice dispatchEvent
INFO: java.awt.event.KeyEvent[KEY_TYPED,keyCode=0,keyText=Unknown keyCode: 0x0,keyChar='m',keyLocation=KEY_LOCATION_UNKNOWN,rawCode=0,primaryLevelUnicode=0,scancode=0,extendedKeyCode=0x0] on new item id field
Nov 08, 2021 2:25:03 AM net.sourceforge.marathon.javaagent.EventQueueDevice dispatchEvent
INFO: java.awt.event.KeyEvent[KEY_RELEASED,keyCode=77,keyText=M,keyChar='m',keyLocation=KEY_LOCATION_UNKNOWN,rawCode=0,primaryLevelUnicode=0,scancode=0,extendedKeyCode=0x0] on new item id field
Nov 08, 2021 2:25:03 AM net.sourceforge.marathon.javaagent.EventQueueDevice dispatchEvent
INFO: java.awt.event.KeyEvent[KEY_PRESSED,keyCode=45,keyText=Minus,keyChar='-',keyLocation=KEY_LOCATION_UNKNOWN,rawCode=0,primaryLevelUnicode=0,scancode=0,extendedKeyCode=0x0] on new item id field
Nov 08, 2021 2:25:03 AM net.sourceforge.marathon.javaagent.EventQueueDevice dispatchEvent
INFO: java.awt.event.KeyEvent[KEY_TYPED,keyCode=0,keyText=Unknown keyCode: 0x0,keyChar='-',keyLocation=KEY_LOCATION_UNKNOWN,rawCode=0,primaryLevelUnicode=0,scancode=0,extendedKeyCode=0x0] on new item id field
Nov 08, 2021 2:25:03 AM net.sourceforge.marathon.javaagent.EventQueueDevice dispatchEvent
INFO: java.awt.event.KeyEvent[KEY_RELEASED,keyCode=45,keyText=Minus,keyChar='-',keyLocation=KEY_LOCATION_UNKNOWN,rawCode=0,primaryLevelUnicode=0,scancode=0,extendedKeyCode=0x0] on new item id field
Nov 08, 2021 2:25:03 AM net.sourceforge.marathon.javaagent.EventQueueDevice dispatchEvent
INFO: java.awt.event.KeyEvent[KEY_PRESSED,keyCode=73,keyText=I,keyChar='i',keyLocation=KEY_LOCATION_UNKNOWN,rawCode=0,primaryLevelUnicode=0,scancode=0,extendedKeyCode=0x0] on new item id field
Nov 08, 2021 2:25:03 AM net.sourceforge.marathon.javaagent.EventQueueDevice dispatchEvent
INFO: java.awt.event.KeyEvent[KEY_TYPED,keyCode=0,keyText=Unknown keyCode: 0x0,keyChar='i',keyLocation=KEY_LOCATION_UNKNOWN,rawCode=0,primaryLevelUnicode=0,scancode=0,extendedKeyCode=0x0] on new item id field
Nov 08, 2021 2:25:03 AM net.sourceforge.marathon.javaagent.EventQueueDevice dispatchEvent
INFO: java.awt.event.KeyEvent[KEY_RELEASED,keyCode=73,keyText=I,keyChar='i',keyLocation=KEY_LOCATION_UNKNOWN,rawCode=0,primaryLevelUnicode=0,scancode=0,extendedKeyCode=0x0] on new item id field
Nov 08, 2021 2:25:03 AM net.sourceforge.marathon.javaagent.EventQueueDevice dispatchEvent
INFO: java.awt.event.KeyEvent[KEY_PRESSED,keyCode=68,keyText=D,keyChar='d',keyLocation=KEY_LOCATION_UNKNOWN,rawCode=0,primaryLevelUnicode=0,scancode=0,extendedKeyCode=0x0] on new item id field
Nov 08, 2021 2:25:03 AM net.sourceforge.marathon.javaagent.EventQueueDevice dispatchEvent
INFO: java.awt.event.KeyEvent[KEY_TYPED,keyCode=0,keyText=Unknown keyCode: 0x0,keyChar='d',keyLocation=KEY_LOCATION_UNKNOWN,rawCode=0,primaryLevelUnicode=0,scancode=0,extendedKeyCode=0x0] on new item id field
Nov 08, 2021 2:25:03 AM net.sourceforge.marathon.javaagent.EventQueueDevice dispatchEvent
INFO: java.awt.event.KeyEvent[KEY_RELEASED,keyCode=68,keyText=D,keyChar='d',keyLocation=KEY_LOCATION_UNKNOWN,rawCode=0,primaryLevelUnicode=0,scancode=0,extendedKeyCode=0x0] on new item id field
Nov 08, 2021 2:25:03 AM net.sourceforge.marathon.javaagent.server.JavaServer serve
INFO: POST(/session/18ba03df-6dac-492b-a0c7-82c98d31ead7/element/88273bd2-c365-46c6-8ac9-4a3af707cd9a/value, {"id":"88273bd2-c365-46c6-8ac9-4a3af707cd9a","value":["an item-id"]}) = {data={"name":"sendKeysElement","sessionId":"18ba03df-6dac-492b-a0c7-82c98d31ead7","status":0}, status=OK}
Nov 08, 2021 2:25:03 AM net.sourceforge.marathon.javaagent.server.JavaServer serve
INFO: JavaServer.serve(POST /session/18ba03df-6dac-492b-a0c7-82c98d31ead7/element): {
  "using": "name",
  "value": "new item stop price field"
}
Nov 08, 2021 2:25:03 AM net.sourceforge.marathon.javaagent.server.JavaServer serve
INFO: POST(/session/18ba03df-6dac-492b-a0c7-82c98d31ead7/element, {"using":"name","value":"new item stop price field"}) = {data={"name":"findElement","sessionId":"18ba03df-6dac-492b-a0c7-82c98d31ead7","value":{"ELEMENT":"c3133efd-c2f2-4dc0-990f-800f7d793fb9"},"status":0}, status=OK}
Nov 08, 2021 2:25:03 AM net.sourceforge.marathon.javaagent.server.JavaServer serve
INFO: JavaServer.serve(POST /session/18ba03df-6dac-492b-a0c7-82c98d31ead7/element/c3133efd-c2f2-4dc0-990f-800f7d793fb9/clear): {
  "id": "c3133efd-c2f2-4dc0-990f-800f7d793fb9"
}
Nov 08, 2021 2:25:03 AM net.sourceforge.marathon.javaagent.server.JavaServer serve
INFO: POST(/session/18ba03df-6dac-492b-a0c7-82c98d31ead7/element/c3133efd-c2f2-4dc0-990f-800f7d793fb9/clear, {"id":"c3133efd-c2f2-4dc0-990f-800f7d793fb9"}) = {data={"name":"clearElement","sessionId":"18ba03df-6dac-492b-a0c7-82c98d31ead7","status":0}, status=OK}
Nov 08, 2021 2:25:03 AM net.sourceforge.marathon.javaagent.server.JavaServer serve
INFO: JavaServer.serve(POST /session/18ba03df-6dac-492b-a0c7-82c98d31ead7/element/c3133efd-c2f2-4dc0-990f-800f7d793fb9/value): {
  "id": "c3133efd-c2f2-4dc0-990f-800f7d793fb9",
  "value": [
    "11000"
  ]
}
Nov 08, 2021 2:25:03 AM net.sourceforge.marathon.javaagent.EventQueueDevice dispatchEvent
INFO: java.awt.event.KeyEvent[KEY_PRESSED,keyCode=49,keyText=1,keyChar='1',keyLocation=KEY_LOCATION_UNKNOWN,rawCode=0,primaryLevelUnicode=0,scancode=0,extendedKeyCode=0x0] on new item stop price field
Nov 08, 2021 2:25:03 AM net.sourceforge.marathon.javaagent.EventQueueDevice dispatchEvent
INFO: java.awt.event.KeyEvent[KEY_TYPED,keyCode=0,keyText=Unknown keyCode: 0x0,keyChar='1',keyLocation=KEY_LOCATION_UNKNOWN,rawCode=0,primaryLevelUnicode=0,scancode=0,extendedKeyCode=0x0] on new item stop price field
Nov 08, 2021 2:25:03 AM net.sourceforge.marathon.javaagent.EventQueueDevice dispatchEvent
INFO: java.awt.event.KeyEvent[KEY_RELEASED,keyCode=49,keyText=1,keyChar='1',keyLocation=KEY_LOCATION_UNKNOWN,rawCode=0,primaryLevelUnicode=0,scancode=0,extendedKeyCode=0x0] on new item stop price field
Nov 08, 2021 2:25:03 AM net.sourceforge.marathon.javaagent.EventQueueDevice dispatchEvent
INFO: java.awt.event.KeyEvent[KEY_PRESSED,keyCode=49,keyText=1,keyChar='1',keyLocation=KEY_LOCATION_UNKNOWN,rawCode=0,primaryLevelUnicode=0,scancode=0,extendedKeyCode=0x0] on new item stop price field
Nov 08, 2021 2:25:03 AM net.sourceforge.marathon.javaagent.EventQueueDevice dispatchEvent
INFO: java.awt.event.KeyEvent[KEY_TYPED,keyCode=0,keyText=Unknown keyCode: 0x0,keyChar='1',keyLocation=KEY_LOCATION_UNKNOWN,rawCode=0,primaryLevelUnicode=0,scancode=0,extendedKeyCode=0x0] on new item stop price field
Nov 08, 2021 2:25:03 AM net.sourceforge.marathon.javaagent.EventQueueDevice dispatchEvent
INFO: java.awt.event.KeyEvent[KEY_RELEASED,keyCode=49,keyText=1,keyChar='1',keyLocation=KEY_LOCATION_UNKNOWN,rawCode=0,primaryLevelUnicode=0,scancode=0,extendedKeyCode=0x0] on new item stop price field
Nov 08, 2021 2:25:03 AM net.sourceforge.marathon.javaagent.EventQueueDevice dispatchEvent
INFO: java.awt.event.KeyEvent[KEY_PRESSED,keyCode=48,keyText=0,keyChar='0',keyLocation=KEY_LOCATION_UNKNOWN,rawCode=0,primaryLevelUnicode=0,scancode=0,extendedKeyCode=0x0] on new item stop price field
Nov 08, 2021 2:25:03 AM net.sourceforge.marathon.javaagent.EventQueueDevice dispatchEvent
INFO: java.awt.event.KeyEvent[KEY_TYPED,keyCode=0,keyText=Unknown keyCode: 0x0,keyChar='0',keyLocation=KEY_LOCATION_UNKNOWN,rawCode=0,primaryLevelUnicode=0,scancode=0,extendedKeyCode=0x0] on new item stop price field
Nov 08, 2021 2:25:03 AM net.sourceforge.marathon.javaagent.EventQueueDevice dispatchEvent
INFO: java.awt.event.KeyEvent[KEY_RELEASED,keyCode=48,keyText=0,keyChar='0',keyLocation=KEY_LOCATION_UNKNOWN,rawCode=0,primaryLevelUnicode=0,scancode=0,extendedKeyCode=0x0] on new item stop price field
Nov 08, 2021 2:25:03 AM net.sourceforge.marathon.javaagent.EventQueueDevice dispatchEvent
INFO: java.awt.event.KeyEvent[KEY_PRESSED,keyCode=48,keyText=0,keyChar='0',keyLocation=KEY_LOCATION_UNKNOWN,rawCode=0,primaryLevelUnicode=0,scancode=0,extendedKeyCode=0x0] on new item stop price field
Nov 08, 2021 2:25:03 AM net.sourceforge.marathon.javaagent.EventQueueDevice dispatchEvent
INFO: java.awt.event.KeyEvent[KEY_TYPED,keyCode=0,keyText=Unknown keyCode: 0x0,keyChar='0',keyLocation=KEY_LOCATION_UNKNOWN,rawCode=0,primaryLevelUnicode=0,scancode=0,extendedKeyCode=0x0] on new item stop price field
Nov 08, 2021 2:25:03 AM net.sourceforge.marathon.javaagent.EventQueueDevice dispatchEvent
INFO: java.awt.event.KeyEvent[KEY_RELEASED,keyCode=48,keyText=0,keyChar='0',keyLocation=KEY_LOCATION_UNKNOWN,rawCode=0,primaryLevelUnicode=0,scancode=0,extendedKeyCode=0x0] on new item stop price field
Nov 08, 2021 2:25:03 AM net.sourceforge.marathon.javaagent.EventQueueDevice dispatchEvent
INFO: java.awt.event.KeyEvent[KEY_PRESSED,keyCode=48,keyText=0,keyChar='0',keyLocation=KEY_LOCATION_UNKNOWN,rawCode=0,primaryLevelUnicode=0,scancode=0,extendedKeyCode=0x0] on new item stop price field
Nov 08, 2021 2:25:03 AM net.sourceforge.marathon.javaagent.EventQueueDevice dispatchEvent
INFO: java.awt.event.KeyEvent[KEY_TYPED,keyCode=0,keyText=Unknown keyCode: 0x0,keyChar='0',keyLocation=KEY_LOCATION_UNKNOWN,rawCode=0,primaryLevelUnicode=0,scancode=0,extendedKeyCode=0x0] on new item stop price field
Nov 08, 2021 2:25:03 AM net.sourceforge.marathon.javaagent.EventQueueDevice dispatchEvent
INFO: java.awt.event.KeyEvent[KEY_RELEASED,keyCode=48,keyText=0,keyChar='0',keyLocation=KEY_LOCATION_UNKNOWN,rawCode=0,primaryLevelUnicode=0,scancode=0,extendedKeyCode=0x0] on new item stop price field
Nov 08, 2021 2:25:03 AM net.sourceforge.marathon.javaagent.server.JavaServer serve
INFO: POST(/session/18ba03df-6dac-492b-a0c7-82c98d31ead7/element/c3133efd-c2f2-4dc0-990f-800f7d793fb9/value, {"id":"c3133efd-c2f2-4dc0-990f-800f7d793fb9","value":["11000"]}) = {data={"name":"sendKeysElement","sessionId":"18ba03df-6dac-492b-a0c7-82c98d31ead7","status":0}, status=OK}
Nov 08, 2021 2:25:03 AM net.sourceforge.marathon.javaagent.server.JavaServer serve
INFO: JavaServer.serve(POST /session/18ba03df-6dac-492b-a0c7-82c98d31ead7/element): {
  "using": "name",
  "value": "join button"
}
Nov 08, 2021 2:25:03 AM net.sourceforge.marathon.javaagent.server.JavaServer serve
INFO: POST(/session/18ba03df-6dac-492b-a0c7-82c98d31ead7/element, {"using":"name","value":"join button"}) = {data={"name":"findElement","sessionId":"18ba03df-6dac-492b-a0c7-82c98d31ead7","value":{"ELEMENT":"79b103d6-4844-458d-bc84-ff27895c0268"},"status":0}, status=OK}
Nov 08, 2021 2:25:03 AM net.sourceforge.marathon.javaagent.server.JavaServer serve
INFO: JavaServer.serve(POST /session/18ba03df-6dac-492b-a0c7-82c98d31ead7/element/79b103d6-4844-458d-bc84-ff27895c0268/click): {
  "id": "79b103d6-4844-458d-bc84-ff27895c0268"
}
Nov 08, 2021 2:25:03 AM net.sourceforge.marathon.javaagent.EventQueueDevice dispatchEvent
INFO: java.awt.event.MouseEvent[MOUSE_PRESSED,(58,12),absolute(589,17),button=1,modifiers=Button1,extModifiers=Button1,clickCount=1] on join button
Nov 08, 2021 2:25:03 AM net.sourceforge.marathon.javaagent.EventQueueDevice dispatchEvent
INFO: java.awt.event.MouseEvent[MOUSE_RELEASED,(58,12),absolute(589,17),button=1,modifiers=Button1,clickCount=1] on join button
Nov 08, 2021 2:25:03 AM net.sourceforge.marathon.javaagent.EventQueueDevice dispatchEvent
INFO: java.awt.event.MouseEvent[MOUSE_CLICKED,(58,12),absolute(589,17),button=1,modifiers=Button1,clickCount=1] on join button
Nov 08, 2021 2:25:04 AM net.sourceforge.marathon.javaagent.server.JavaServer serve
INFO: POST(/session/18ba03df-6dac-492b-a0c7-82c98d31ead7/element/79b103d6-4844-458d-bc84-ff27895c0268/click, {"id":"79b103d6-4844-458d-bc84-ff27895c0268"}) = {data={"name":"clickElement","sessionId":"18ba03df-6dac-492b-a0c7-82c98d31ead7","status":0}, status=OK}
Nov 08, 2021 2:25:04 AM net.sourceforge.marathon.javaagent.server.JavaServer serve
INFO: JavaServer.serve(DELETE /session/18ba03df-6dac-492b-a0c7-82c98d31ead7/window): {}
Nov 08, 2021 2:25:04 AM net.sourceforge.marathon.javaagent.server.JavaServer serve
INFO: DELETE(/session/18ba03df-6dac-492b-a0c7-82c98d31ead7/window) = {data={"name":"closeSession","sessionId":"18ba03df-6dac-492b-a0c7-82c98d31ead7","status":0}, status=OK}
Nov 08, 2021 2:25:04 AM net.sourceforge.marathon.javaagent.server.JavaServer serve
INFO: JavaServer.serve(POST /session): {
  "desiredCapabilities": {
    "browserName": "java",
    "platform": "ANY"
  },
  "capabilities": {
    "firstMatch": [
      {
        "browserName": "java"
      }
    ]
  }
}
Nov 08, 2021 2:25:04 AM net.sourceforge.marathon.javaagent.server.JavaServer createSession
INFO: Creating device with type: EVENT_QUEUE
Nov 08, 2021 2:25:04 AM net.sourceforge.marathon.javaagent.Device getDevice
INFO: Creating a EVENT_QUEUE device
Nov 08, 2021 2:25:04 AM net.sourceforge.marathon.javaagent.server.JavaServer serve
INFO: POST(/session, {"desiredCapabilities":{"browserName":"java","platform":"ANY"},"capabilities":{"firstMatch":[{"browserName":"java"}]}}) = {data=, status=REDIRECT}
Nov 08, 2021 2:25:04 AM net.sourceforge.marathon.javaagent.server.JavaServer serve
INFO: JavaServer.serve(GET /session/d6b96061-7b06-4636-9dfc-ba5a0ccfd102): {}
Nov 08, 2021 2:25:04 AM net.sourceforge.marathon.javaagent.server.JavaServer serve
INFO: GET(/session/d6b96061-7b06-4636-9dfc-ba5a0ccfd102) = {data={"name":"getCapabilities","sessionId":"d6b96061-7b06-4636-9dfc-ba5a0ccfd102","value":{"applicationCacheEnabled":false,"rotatable":false,"loggingPrefs":{"driver":"ALL"},"handlesAlerts":false,"databaseEnabled":false,"version":"1.0","platform":"ANY","browserConnectionEnabled":false,"nativeEvents":false,"acceptSslCerts":false,"locationContextEnabled":false,"webStorageEnabled":false,"browserName":"java","takesScreenshot":true,"javascriptEnabled":true,"cssSelectorsEnabled":false},"status":0}, status=OK}
Nov 08, 2021 2:25:04 AM org.openqa.selenium.remote.ProtocolHandshake createSession
INFO: Detected dialect: OSS
Nov 08, 2021 2:25:04 AM net.sourceforge.marathon.javaagent.server.JavaServer serve
INFO: JavaServer.serve(POST /session/d6b96061-7b06-4636-9dfc-ba5a0ccfd102/element): {
  "using": "name",
  "value": "sniper reset button"
}
Nov 08, 2021 2:25:04 AM net.sourceforge.marathon.javaagent.server.JavaServer serve
INFO: POST(/session/d6b96061-7b06-4636-9dfc-ba5a0ccfd102/element, {"using":"name","value":"sniper reset button"}) = {data={"name":"findElement","sessionId":"d6b96061-7b06-4636-9dfc-ba5a0ccfd102","value":{"ELEMENT":"1edd37ca-d0b4-4159-a983-94daed3d15ba"},"status":0}, status=OK}
Nov 08, 2021 2:25:04 AM net.sourceforge.marathon.javaagent.server.JavaServer serve
INFO: JavaServer.serve(POST /session/d6b96061-7b06-4636-9dfc-ba5a0ccfd102/element/1edd37ca-d0b4-4159-a983-94daed3d15ba/click): {
  "id": "1edd37ca-d0b4-4159-a983-94daed3d15ba"
}
Nov 08, 2021 2:25:04 AM net.sourceforge.marathon.javaagent.EventQueueDevice dispatchEvent
INFO: java.awt.event.MouseEvent[MOUSE_PRESSED,(37,12),absolute(326,474),button=1,modifiers=Button1,extModifiers=Button1,clickCount=1] on sniper reset button
Nov 08, 2021 2:25:04 AM net.sourceforge.marathon.javaagent.EventQueueDevice dispatchEvent
INFO: java.awt.event.MouseEvent[MOUSE_RELEASED,(37,12),absolute(326,474),button=1,modifiers=Button1,clickCount=1] on sniper reset button
Nov 08, 2021 2:25:04 AM net.sourceforge.marathon.javaagent.EventQueueDevice dispatchEvent
INFO: java.awt.event.MouseEvent[MOUSE_CLICKED,(37,12),absolute(326,474),button=1,modifiers=Button1,clickCount=1] on sniper reset button
Nov 08, 2021 2:25:04 AM net.sourceforge.marathon.javaagent.server.JavaServer serve
INFO: POST(/session/d6b96061-7b06-4636-9dfc-ba5a0ccfd102/element/1edd37ca-d0b4-4159-a983-94daed3d15ba/click, {"id":"1edd37ca-d0b4-4159-a983-94daed3d15ba"}) = {data={"name":"clickElement","sessionId":"d6b96061-7b06-4636-9dfc-ba5a0ccfd102","status":0}, status=OK}
Nov 08, 2021 2:25:04 AM net.sourceforge.marathon.javaagent.server.JavaServer serve
INFO: JavaServer.serve(DELETE /session/d6b96061-7b06-4636-9dfc-ba5a0ccfd102/window): {}
Nov 08, 2021 2:25:04 AM net.sourceforge.marathon.javaagent.server.JavaServer serve
INFO: DELETE(/session/d6b96061-7b06-4636-9dfc-ba5a0ccfd102/window) = {data={"name":"closeSession","sessionId":"d6b96061-7b06-4636-9dfc-ba5a0ccfd102","status":0}, status=OK}
]]></system-err>
</testsuite>
