<?xml version="1.0" encoding="UTF-8"?>
<testsuite name="goos.ui.swing.MainWindowTest" tests="3" skipped="0" failures="0" errors="0" timestamp="2021-12-23T02:33:33" hostname="buildkitsandbox" time="4.618">
  <properties/>
  <testcase name="window has expected features" classname="goos.ui.swing.MainWindowTest" time="3.251"/>
  <testcase name="make user request when join button clicked" classname="goos.ui.swing.MainWindowTest" time="1.167"/>
  <testcase name="make user request when reset button clicked" classname="goos.ui.swing.MainWindowTest" time="0.195"/>
  <system-out><![CDATA[]]></system-out>
  <system-err><![CDATA[SLF4J: Failed to load class "org.slf4j.impl.StaticLoggerBinder".
SLF4J: Defaulting to no-operation (NOP) logger implementation
SLF4J: See http://www.slf4j.org/codes.html#StaticLoggerBinder for further details.
Dec 23, 2021 2:33:36 AM io.netty.util.internal.MacAddressUtil defaultMachineId
WARNING: Failed to find a usable hardware address from the network interfaces; using random bytes: 10:c4:a3:d1:67:9f:0a:c8
Dec 23, 2021 2:33:36 AM net.sourceforge.marathon.javaagent.server.JavaServer serve
INFO: JavaServer.serve(POST /session): {
  "desiredCapabilities": {
    "browserName": "java",
    "platform": "ANY"
  },
  "capabilities": {
    "firstMatch": [
      {
        "browserName": "java"
      }
    ]
  }
}
Dec 23, 2021 2:33:36 AM net.sourceforge.marathon.javaagent.server.JavaServer createSession
INFO: Creating device with type: EVENT_QUEUE
Dec 23, 2021 2:33:36 AM net.sourceforge.marathon.javaagent.Device getDevice
INFO: Creating a EVENT_QUEUE device
Dec 23, 2021 2:33:36 AM net.sourceforge.marathon.javaagent.server.JavaServer serve
INFO: POST(/session, {"desiredCapabilities":{"browserName":"java","platform":"ANY"},"capabilities":{"firstMatch":[{"browserName":"java"}]}}) = {data=, status=REDIRECT}
Dec 23, 2021 2:33:36 AM net.sourceforge.marathon.javaagent.server.JavaServer serve
INFO: JavaServer.serve(GET /session/51ab640a-10e7-4e41-8311-de0dbbdb34c3): {}
Dec 23, 2021 2:33:36 AM net.sourceforge.marathon.javaagent.server.JavaServer serve
INFO: GET(/session/51ab640a-10e7-4e41-8311-de0dbbdb34c3) = {data={"name":"getCapabilities","sessionId":"51ab640a-10e7-4e41-8311-de0dbbdb34c3","value":{"applicationCacheEnabled":false,"rotatable":false,"loggingPrefs":{"driver":"ALL"},"handlesAlerts":false,"databaseEnabled":false,"version":"1.0","platform":"ANY","browserConnectionEnabled":false,"nativeEvents":false,"acceptSslCerts":false,"locationContextEnabled":false,"webStorageEnabled":false,"browserName":"java","takesScreenshot":true,"javascriptEnabled":true,"cssSelectorsEnabled":false},"status":0}, status=OK}
Dec 23, 2021 2:33:36 AM org.openqa.selenium.remote.ProtocolHandshake createSession
INFO: Detected dialect: OSS
Dec 23, 2021 2:33:36 AM net.sourceforge.marathon.javaagent.server.JavaServer serve
INFO: JavaServer.serve(POST /session/51ab640a-10e7-4e41-8311-de0dbbdb34c3/element): {
  "using": "css selector",
  "value": "."
}
Dec 23, 2021 2:33:36 AM net.sourceforge.marathon.javaagent.server.JavaServer serve
INFO: POST(/session/51ab640a-10e7-4e41-8311-de0dbbdb34c3/element, {"using":"css selector","value":"."}) = {data={"name":"findElement","sessionId":"51ab640a-10e7-4e41-8311-de0dbbdb34c3","value":{"ELEMENT":"9d15edf2-4dce-471e-b60c-272a00e4e715"},"status":0}, status=OK}
Dec 23, 2021 2:33:36 AM net.sourceforge.marathon.javaagent.server.JavaServer serve
INFO: JavaServer.serve(GET /session/51ab640a-10e7-4e41-8311-de0dbbdb34c3/element/9d15edf2-4dce-471e-b60c-272a00e4e715/attribute/name): {}
Dec 23, 2021 2:33:36 AM net.sourceforge.marathon.javaagent.server.JavaServer serve
INFO: GET(/session/51ab640a-10e7-4e41-8311-de0dbbdb34c3/element/9d15edf2-4dce-471e-b60c-272a00e4e715/attribute/name) = {data={"name":"getElementAttribute","sessionId":"51ab640a-10e7-4e41-8311-de0dbbdb34c3","value":"Auction Sniper Name","status":0}, status=OK}
Dec 23, 2021 2:33:36 AM net.sourceforge.marathon.javaagent.server.JavaServer serve
INFO: JavaServer.serve(POST /session/51ab640a-10e7-4e41-8311-de0dbbdb34c3/element): {
  "using": "css selector",
  "value": "."
}
Dec 23, 2021 2:33:36 AM net.sourceforge.marathon.javaagent.server.JavaServer serve
INFO: POST(/session/51ab640a-10e7-4e41-8311-de0dbbdb34c3/element, {"using":"css selector","value":"."}) = {data={"name":"findElement","sessionId":"51ab640a-10e7-4e41-8311-de0dbbdb34c3","value":{"ELEMENT":"9d15edf2-4dce-471e-b60c-272a00e4e715"},"status":0}, status=OK}
Dec 23, 2021 2:33:36 AM net.sourceforge.marathon.javaagent.server.JavaServer serve
INFO: JavaServer.serve(GET /session/51ab640a-10e7-4e41-8311-de0dbbdb34c3/element/9d15edf2-4dce-471e-b60c-272a00e4e715/displayed): {}
Dec 23, 2021 2:33:36 AM net.sourceforge.marathon.javaagent.server.JavaServer serve
INFO: GET(/session/51ab640a-10e7-4e41-8311-de0dbbdb34c3/element/9d15edf2-4dce-471e-b60c-272a00e4e715/displayed) = {data={"name":"isDisplayed","sessionId":"51ab640a-10e7-4e41-8311-de0dbbdb34c3","value":true,"status":0}, status=OK}
Dec 23, 2021 2:33:36 AM net.sourceforge.marathon.javaagent.server.JavaServer serve
INFO: JavaServer.serve(GET /session/51ab640a-10e7-4e41-8311-de0dbbdb34c3/title): {}
Dec 23, 2021 2:33:36 AM net.sourceforge.marathon.javaagent.server.JavaServer serve
INFO: GET(/session/51ab640a-10e7-4e41-8311-de0dbbdb34c3/title) = {data={"name":"getWindowTitle","sessionId":"51ab640a-10e7-4e41-8311-de0dbbdb34c3","value":"Auction Sniper","status":0}, status=OK}
Dec 23, 2021 2:33:36 AM net.sourceforge.marathon.javaagent.server.JavaServer serve
INFO: JavaServer.serve(POST /session/51ab640a-10e7-4e41-8311-de0dbbdb34c3/element): {
  "using": "name",
  "value": "snipers table"
}
Dec 23, 2021 2:33:36 AM net.sourceforge.marathon.javaagent.server.JavaServer serve
INFO: POST(/session/51ab640a-10e7-4e41-8311-de0dbbdb34c3/element, {"using":"name","value":"snipers table"}) = {data={"name":"findElement","sessionId":"51ab640a-10e7-4e41-8311-de0dbbdb34c3","value":{"ELEMENT":"6d665a7a-79c4-486b-9437-8c123133e742"},"status":0}, status=OK}
Dec 23, 2021 2:33:36 AM net.sourceforge.marathon.javaagent.server.JavaServer serve
INFO: JavaServer.serve(POST /session/51ab640a-10e7-4e41-8311-de0dbbdb34c3/element/6d665a7a-79c4-486b-9437-8c123133e742/elements): {
  "id": "6d665a7a-79c4-486b-9437-8c123133e742",
  "using": "css selector",
  "value": ".::header.::all-items"
}
Dec 23, 2021 2:33:36 AM net.sourceforge.marathon.javaagent.server.JavaServer serve
INFO: POST(/session/51ab640a-10e7-4e41-8311-de0dbbdb34c3/element/6d665a7a-79c4-486b-9437-8c123133e742/elements, {"using":"css selector","id":"6d665a7a-79c4-486b-9437-8c123133e742","value":".::header.::all-items"}) = {data={"name":"findElementsOfElement","sessionId":"51ab640a-10e7-4e41-8311-de0dbbdb34c3","value":[{"ELEMENT":"265d1522-ea35-49b5-ae3c-4c6fe1ca27ca%23%7B%22selector%22%3A%22nth-item%22%2C%22parameters%22%3A%5B1%5D%7D"},{"ELEMENT":"265d1522-ea35-49b5-ae3c-4c6fe1ca27ca%23%7B%22selector%22%3A%22nth-item%22%2C%22parameters%22%3A%5B2%5D%7D"},{"ELEMENT":"265d1522-ea35-49b5-ae3c-4c6fe1ca27ca%23%7B%22selector%22%3A%22nth-item%22%2C%22parameters%22%3A%5B3%5D%7D"},{"ELEMENT":"265d1522-ea35-49b5-ae3c-4c6fe1ca27ca%23%7B%22selector%22%3A%22nth-item%22%2C%22parameters%22%3A%5B4%5D%7D"}],"status":0}, status=OK}
Dec 23, 2021 2:33:36 AM net.sourceforge.marathon.javaagent.server.JavaServer serve
INFO: JavaServer.serve(GET /session/51ab640a-10e7-4e41-8311-de0dbbdb34c3/element/265d1522-ea35-49b5-ae3c-4c6fe1ca27ca%23%7B%22selector%22%3A%22nth-item%22%2C%22parameters%22%3A%5B1%5D%7D/text): {}
Dec 23, 2021 2:33:36 AM net.sourceforge.marathon.javaagent.server.JavaServer serve
INFO: GET(/session/51ab640a-10e7-4e41-8311-de0dbbdb34c3/element/265d1522-ea35-49b5-ae3c-4c6fe1ca27ca%23%7B%22selector%22%3A%22nth-item%22%2C%22parameters%22%3A%5B1%5D%7D/text) = {data={"name":"getElementText","sessionId":"51ab640a-10e7-4e41-8311-de0dbbdb34c3","value":"Item","status":0}, status=OK}
Dec 23, 2021 2:33:36 AM net.sourceforge.marathon.javaagent.server.JavaServer serve
INFO: JavaServer.serve(GET /session/51ab640a-10e7-4e41-8311-de0dbbdb34c3/element/265d1522-ea35-49b5-ae3c-4c6fe1ca27ca%23%7B%22selector%22%3A%22nth-item%22%2C%22parameters%22%3A%5B2%5D%7D/text): {}
Dec 23, 2021 2:33:36 AM net.sourceforge.marathon.javaagent.server.JavaServer serve
INFO: GET(/session/51ab640a-10e7-4e41-8311-de0dbbdb34c3/element/265d1522-ea35-49b5-ae3c-4c6fe1ca27ca%23%7B%22selector%22%3A%22nth-item%22%2C%22parameters%22%3A%5B2%5D%7D/text) = {data={"name":"getElementText","sessionId":"51ab640a-10e7-4e41-8311-de0dbbdb34c3","value":"Last Price","status":0}, status=OK}
Dec 23, 2021 2:33:36 AM net.sourceforge.marathon.javaagent.server.JavaServer serve
INFO: JavaServer.serve(GET /session/51ab640a-10e7-4e41-8311-de0dbbdb34c3/element/265d1522-ea35-49b5-ae3c-4c6fe1ca27ca%23%7B%22selector%22%3A%22nth-item%22%2C%22parameters%22%3A%5B3%5D%7D/text): {}
Dec 23, 2021 2:33:36 AM net.sourceforge.marathon.javaagent.server.JavaServer serve
INFO: GET(/session/51ab640a-10e7-4e41-8311-de0dbbdb34c3/element/265d1522-ea35-49b5-ae3c-4c6fe1ca27ca%23%7B%22selector%22%3A%22nth-item%22%2C%22parameters%22%3A%5B3%5D%7D/text) = {data={"name":"getElementText","sessionId":"51ab640a-10e7-4e41-8311-de0dbbdb34c3","value":"Last Bid","status":0}, status=OK}
Dec 23, 2021 2:33:36 AM net.sourceforge.marathon.javaagent.server.JavaServer serve
INFO: JavaServer.serve(GET /session/51ab640a-10e7-4e41-8311-de0dbbdb34c3/element/265d1522-ea35-49b5-ae3c-4c6fe1ca27ca%23%7B%22selector%22%3A%22nth-item%22%2C%22parameters%22%3A%5B4%5D%7D/text): {}
Dec 23, 2021 2:33:36 AM net.sourceforge.marathon.javaagent.server.JavaServer serve
INFO: GET(/session/51ab640a-10e7-4e41-8311-de0dbbdb34c3/element/265d1522-ea35-49b5-ae3c-4c6fe1ca27ca%23%7B%22selector%22%3A%22nth-item%22%2C%22parameters%22%3A%5B4%5D%7D/text) = {data={"name":"getElementText","sessionId":"51ab640a-10e7-4e41-8311-de0dbbdb34c3","value":"State","status":0}, status=OK}
Dec 23, 2021 2:33:36 AM net.sourceforge.marathon.javaagent.server.JavaServer serve
INFO: JavaServer.serve(DELETE /session/51ab640a-10e7-4e41-8311-de0dbbdb34c3/window): {}
Dec 23, 2021 2:33:36 AM net.sourceforge.marathon.javaagent.server.JavaServer serve
INFO: DELETE(/session/51ab640a-10e7-4e41-8311-de0dbbdb34c3/window) = {data={"name":"closeSession","sessionId":"51ab640a-10e7-4e41-8311-de0dbbdb34c3","status":0}, status=OK}
Dec 23, 2021 2:33:37 AM net.sourceforge.marathon.javaagent.server.JavaServer serve
INFO: JavaServer.serve(POST /session): {
  "desiredCapabilities": {
    "browserName": "java",
    "platform": "ANY"
  },
  "capabilities": {
    "firstMatch": [
      {
        "browserName": "java"
      }
    ]
  }
}
Dec 23, 2021 2:33:37 AM net.sourceforge.marathon.javaagent.server.JavaServer createSession
INFO: Creating device with type: EVENT_QUEUE
Dec 23, 2021 2:33:37 AM net.sourceforge.marathon.javaagent.Device getDevice
INFO: Creating a EVENT_QUEUE device
Dec 23, 2021 2:33:37 AM net.sourceforge.marathon.javaagent.server.JavaServer serve
INFO: POST(/session, {"desiredCapabilities":{"browserName":"java","platform":"ANY"},"capabilities":{"firstMatch":[{"browserName":"java"}]}}) = {data=, status=REDIRECT}
Dec 23, 2021 2:33:37 AM net.sourceforge.marathon.javaagent.server.JavaServer serve
INFO: JavaServer.serve(GET /session/1ba7b0d7-d534-4584-9c6b-024285b6b15a): {}
Dec 23, 2021 2:33:37 AM net.sourceforge.marathon.javaagent.server.JavaServer serve
INFO: GET(/session/1ba7b0d7-d534-4584-9c6b-024285b6b15a) = {data={"name":"getCapabilities","sessionId":"1ba7b0d7-d534-4584-9c6b-024285b6b15a","value":{"applicationCacheEnabled":false,"rotatable":false,"loggingPrefs":{"driver":"ALL"},"handlesAlerts":false,"databaseEnabled":false,"version":"1.0","platform":"ANY","browserConnectionEnabled":false,"nativeEvents":false,"acceptSslCerts":false,"locationContextEnabled":false,"webStorageEnabled":false,"browserName":"java","takesScreenshot":true,"javascriptEnabled":true,"cssSelectorsEnabled":false},"status":0}, status=OK}
Dec 23, 2021 2:33:37 AM org.openqa.selenium.remote.ProtocolHandshake createSession
INFO: Detected dialect: OSS
Dec 23, 2021 2:33:37 AM net.sourceforge.marathon.javaagent.server.JavaServer serve
INFO: JavaServer.serve(POST /session/1ba7b0d7-d534-4584-9c6b-024285b6b15a/element): {
  "using": "name",
  "value": "new item id field"
}
Dec 23, 2021 2:33:37 AM net.sourceforge.marathon.javaagent.server.JavaServer serve
INFO: POST(/session/1ba7b0d7-d534-4584-9c6b-024285b6b15a/element, {"using":"name","value":"new item id field"}) = {data={"name":"findElement","sessionId":"1ba7b0d7-d534-4584-9c6b-024285b6b15a","value":{"ELEMENT":"3be43721-b686-431a-bde7-0f53dfeeae15"},"status":0}, status=OK}
Dec 23, 2021 2:33:37 AM net.sourceforge.marathon.javaagent.server.JavaServer serve
INFO: JavaServer.serve(POST /session/1ba7b0d7-d534-4584-9c6b-024285b6b15a/element/3be43721-b686-431a-bde7-0f53dfeeae15/clear): {
  "id": "3be43721-b686-431a-bde7-0f53dfeeae15"
}
Dec 23, 2021 2:33:37 AM net.sourceforge.marathon.javaagent.server.JavaServer serve
INFO: POST(/session/1ba7b0d7-d534-4584-9c6b-024285b6b15a/element/3be43721-b686-431a-bde7-0f53dfeeae15/clear, {"id":"3be43721-b686-431a-bde7-0f53dfeeae15"}) = {data={"name":"clearElement","sessionId":"1ba7b0d7-d534-4584-9c6b-024285b6b15a","status":0}, status=OK}
Dec 23, 2021 2:33:37 AM net.sourceforge.marathon.javaagent.server.JavaServer serve
INFO: JavaServer.serve(POST /session/1ba7b0d7-d534-4584-9c6b-024285b6b15a/element/3be43721-b686-431a-bde7-0f53dfeeae15/value): {
  "id": "3be43721-b686-431a-bde7-0f53dfeeae15",
  "value": [
    "an item-id"
  ]
}
Dec 23, 2021 2:33:37 AM net.sourceforge.marathon.javaagent.EventQueueDevice dispatchEvent
INFO: java.awt.event.KeyEvent[KEY_PRESSED,keyCode=65,keyText=A,keyChar='a',keyLocation=KEY_LOCATION_UNKNOWN,rawCode=0,primaryLevelUnicode=0,scancode=0,extendedKeyCode=0x0] on new item id field
Dec 23, 2021 2:33:37 AM net.sourceforge.marathon.javaagent.EventQueueDevice dispatchEvent
INFO: java.awt.event.KeyEvent[KEY_TYPED,keyCode=0,keyText=Unknown keyCode: 0x0,keyChar='a',keyLocation=KEY_LOCATION_UNKNOWN,rawCode=0,primaryLevelUnicode=0,scancode=0,extendedKeyCode=0x0] on new item id field
Dec 23, 2021 2:33:37 AM net.sourceforge.marathon.javaagent.EventQueueDevice dispatchEvent
INFO: java.awt.event.KeyEvent[KEY_RELEASED,keyCode=65,keyText=A,keyChar='a',keyLocation=KEY_LOCATION_UNKNOWN,rawCode=0,primaryLevelUnicode=0,scancode=0,extendedKeyCode=0x0] on new item id field
Dec 23, 2021 2:33:37 AM net.sourceforge.marathon.javaagent.EventQueueDevice dispatchEvent
INFO: java.awt.event.KeyEvent[KEY_PRESSED,keyCode=78,keyText=N,keyChar='n',keyLocation=KEY_LOCATION_UNKNOWN,rawCode=0,primaryLevelUnicode=0,scancode=0,extendedKeyCode=0x0] on new item id field
Dec 23, 2021 2:33:37 AM net.sourceforge.marathon.javaagent.EventQueueDevice dispatchEvent
INFO: java.awt.event.KeyEvent[KEY_TYPED,keyCode=0,keyText=Unknown keyCode: 0x0,keyChar='n',keyLocation=KEY_LOCATION_UNKNOWN,rawCode=0,primaryLevelUnicode=0,scancode=0,extendedKeyCode=0x0] on new item id field
Dec 23, 2021 2:33:37 AM net.sourceforge.marathon.javaagent.EventQueueDevice dispatchEvent
INFO: java.awt.event.KeyEvent[KEY_RELEASED,keyCode=78,keyText=N,keyChar='n',keyLocation=KEY_LOCATION_UNKNOWN,rawCode=0,primaryLevelUnicode=0,scancode=0,extendedKeyCode=0x0] on new item id field
Dec 23, 2021 2:33:37 AM net.sourceforge.marathon.javaagent.EventQueueDevice dispatchEvent
INFO: java.awt.event.KeyEvent[KEY_PRESSED,keyCode=16,keyText=Shift,keyChar=Undefined keyChar,modifiers=Shift,extModifiers=Shift,keyLocation=KEY_LOCATION_UNKNOWN,rawCode=0,primaryLevelUnicode=0,scancode=0,extendedKeyCode=0x0] on new item id field
Dec 23, 2021 2:33:37 AM net.sourceforge.marathon.javaagent.EventQueueDevice dispatchEvent
INFO: java.awt.event.KeyEvent[KEY_PRESSED,keyCode=32,keyText=Space,keyChar=' ',modifiers=Shift,extModifiers=Shift,keyLocation=KEY_LOCATION_UNKNOWN,rawCode=0,primaryLevelUnicode=0,scancode=0,extendedKeyCode=0x0] on new item id field
Dec 23, 2021 2:33:37 AM net.sourceforge.marathon.javaagent.EventQueueDevice dispatchEvent
INFO: java.awt.event.KeyEvent[KEY_TYPED,keyCode=0,keyText=Unknown keyCode: 0x0,keyChar=' ',modifiers=Shift,extModifiers=Shift,keyLocation=KEY_LOCATION_UNKNOWN,rawCode=0,primaryLevelUnicode=0,scancode=0,extendedKeyCode=0x0] on new item id field
Dec 23, 2021 2:33:37 AM net.sourceforge.marathon.javaagent.EventQueueDevice dispatchEvent
INFO: java.awt.event.KeyEvent[KEY_RELEASED,keyCode=32,keyText=Space,keyChar=' ',modifiers=Shift,extModifiers=Shift,keyLocation=KEY_LOCATION_UNKNOWN,rawCode=0,primaryLevelUnicode=0,scancode=0,extendedKeyCode=0x0] on new item id field
Dec 23, 2021 2:33:37 AM net.sourceforge.marathon.javaagent.EventQueueDevice dispatchEvent
INFO: java.awt.event.KeyEvent[KEY_RELEASED,keyCode=16,keyText=Shift,keyChar=Undefined keyChar,keyLocation=KEY_LOCATION_UNKNOWN,rawCode=0,primaryLevelUnicode=0,scancode=0,extendedKeyCode=0x0] on new item id field
Dec 23, 2021 2:33:37 AM net.sourceforge.marathon.javaagent.EventQueueDevice dispatchEvent
INFO: java.awt.event.KeyEvent[KEY_PRESSED,keyCode=73,keyText=I,keyChar='i',keyLocation=KEY_LOCATION_UNKNOWN,rawCode=0,primaryLevelUnicode=0,scancode=0,extendedKeyCode=0x0] on new item id field
Dec 23, 2021 2:33:37 AM net.sourceforge.marathon.javaagent.EventQueueDevice dispatchEvent
INFO: java.awt.event.KeyEvent[KEY_TYPED,keyCode=0,keyText=Unknown keyCode: 0x0,keyChar='i',keyLocation=KEY_LOCATION_UNKNOWN,rawCode=0,primaryLevelUnicode=0,scancode=0,extendedKeyCode=0x0] on new item id field
Dec 23, 2021 2:33:37 AM net.sourceforge.marathon.javaagent.EventQueueDevice dispatchEvent
INFO: java.awt.event.KeyEvent[KEY_RELEASED,keyCode=73,keyText=I,keyChar='i',keyLocation=KEY_LOCATION_UNKNOWN,rawCode=0,primaryLevelUnicode=0,scancode=0,extendedKeyCode=0x0] on new item id field
Dec 23, 2021 2:33:37 AM net.sourceforge.marathon.javaagent.EventQueueDevice dispatchEvent
INFO: java.awt.event.KeyEvent[KEY_PRESSED,keyCode=84,keyText=T,keyChar='t',keyLocation=KEY_LOCATION_UNKNOWN,rawCode=0,primaryLevelUnicode=0,scancode=0,extendedKeyCode=0x0] on new item id field
Dec 23, 2021 2:33:37 AM net.sourceforge.marathon.javaagent.EventQueueDevice dispatchEvent
INFO: java.awt.event.KeyEvent[KEY_TYPED,keyCode=0,keyText=Unknown keyCode: 0x0,keyChar='t',keyLocation=KEY_LOCATION_UNKNOWN,rawCode=0,primaryLevelUnicode=0,scancode=0,extendedKeyCode=0x0] on new item id field
Dec 23, 2021 2:33:37 AM net.sourceforge.marathon.javaagent.EventQueueDevice dispatchEvent
INFO: java.awt.event.KeyEvent[KEY_RELEASED,keyCode=84,keyText=T,keyChar='t',keyLocation=KEY_LOCATION_UNKNOWN,rawCode=0,primaryLevelUnicode=0,scancode=0,extendedKeyCode=0x0] on new item id field
Dec 23, 2021 2:33:37 AM net.sourceforge.marathon.javaagent.EventQueueDevice dispatchEvent
INFO: java.awt.event.KeyEvent[KEY_PRESSED,keyCode=69,keyText=E,keyChar='e',keyLocation=KEY_LOCATION_UNKNOWN,rawCode=0,primaryLevelUnicode=0,scancode=0,extendedKeyCode=0x0] on new item id field
Dec 23, 2021 2:33:37 AM net.sourceforge.marathon.javaagent.EventQueueDevice dispatchEvent
INFO: java.awt.event.KeyEvent[KEY_TYPED,keyCode=0,keyText=Unknown keyCode: 0x0,keyChar='e',keyLocation=KEY_LOCATION_UNKNOWN,rawCode=0,primaryLevelUnicode=0,scancode=0,extendedKeyCode=0x0] on new item id field
Dec 23, 2021 2:33:37 AM net.sourceforge.marathon.javaagent.EventQueueDevice dispatchEvent
INFO: java.awt.event.KeyEvent[KEY_RELEASED,keyCode=69,keyText=E,keyChar='e',keyLocation=KEY_LOCATION_UNKNOWN,rawCode=0,primaryLevelUnicode=0,scancode=0,extendedKeyCode=0x0] on new item id field
Dec 23, 2021 2:33:37 AM net.sourceforge.marathon.javaagent.EventQueueDevice dispatchEvent
INFO: java.awt.event.KeyEvent[KEY_PRESSED,keyCode=77,keyText=M,keyChar='m',keyLocation=KEY_LOCATION_UNKNOWN,rawCode=0,primaryLevelUnicode=0,scancode=0,extendedKeyCode=0x0] on new item id field
Dec 23, 2021 2:33:37 AM net.sourceforge.marathon.javaagent.EventQueueDevice dispatchEvent
INFO: java.awt.event.KeyEvent[KEY_TYPED,keyCode=0,keyText=Unknown keyCode: 0x0,keyChar='m',keyLocation=KEY_LOCATION_UNKNOWN,rawCode=0,primaryLevelUnicode=0,scancode=0,extendedKeyCode=0x0] on new item id field
Dec 23, 2021 2:33:37 AM net.sourceforge.marathon.javaagent.EventQueueDevice dispatchEvent
INFO: java.awt.event.KeyEvent[KEY_RELEASED,keyCode=77,keyText=M,keyChar='m',keyLocation=KEY_LOCATION_UNKNOWN,rawCode=0,primaryLevelUnicode=0,scancode=0,extendedKeyCode=0x0] on new item id field
Dec 23, 2021 2:33:37 AM net.sourceforge.marathon.javaagent.EventQueueDevice dispatchEvent
INFO: java.awt.event.KeyEvent[KEY_PRESSED,keyCode=45,keyText=Minus,keyChar='-',keyLocation=KEY_LOCATION_UNKNOWN,rawCode=0,primaryLevelUnicode=0,scancode=0,extendedKeyCode=0x0] on new item id field
Dec 23, 2021 2:33:37 AM net.sourceforge.marathon.javaagent.EventQueueDevice dispatchEvent
INFO: java.awt.event.KeyEvent[KEY_TYPED,keyCode=0,keyText=Unknown keyCode: 0x0,keyChar='-',keyLocation=KEY_LOCATION_UNKNOWN,rawCode=0,primaryLevelUnicode=0,scancode=0,extendedKeyCode=0x0] on new item id field
Dec 23, 2021 2:33:37 AM net.sourceforge.marathon.javaagent.EventQueueDevice dispatchEvent
INFO: java.awt.event.KeyEvent[KEY_RELEASED,keyCode=45,keyText=Minus,keyChar='-',keyLocation=KEY_LOCATION_UNKNOWN,rawCode=0,primaryLevelUnicode=0,scancode=0,extendedKeyCode=0x0] on new item id field
Dec 23, 2021 2:33:37 AM net.sourceforge.marathon.javaagent.EventQueueDevice dispatchEvent
INFO: java.awt.event.KeyEvent[KEY_PRESSED,keyCode=73,keyText=I,keyChar='i',keyLocation=KEY_LOCATION_UNKNOWN,rawCode=0,primaryLevelUnicode=0,scancode=0,extendedKeyCode=0x0] on new item id field
Dec 23, 2021 2:33:37 AM net.sourceforge.marathon.javaagent.EventQueueDevice dispatchEvent
INFO: java.awt.event.KeyEvent[KEY_TYPED,keyCode=0,keyText=Unknown keyCode: 0x0,keyChar='i',keyLocation=KEY_LOCATION_UNKNOWN,rawCode=0,primaryLevelUnicode=0,scancode=0,extendedKeyCode=0x0] on new item id field
Dec 23, 2021 2:33:37 AM net.sourceforge.marathon.javaagent.EventQueueDevice dispatchEvent
INFO: java.awt.event.KeyEvent[KEY_RELEASED,keyCode=73,keyText=I,keyChar='i',keyLocation=KEY_LOCATION_UNKNOWN,rawCode=0,primaryLevelUnicode=0,scancode=0,extendedKeyCode=0x0] on new item id field
Dec 23, 2021 2:33:37 AM net.sourceforge.marathon.javaagent.EventQueueDevice dispatchEvent
INFO: java.awt.event.KeyEvent[KEY_PRESSED,keyCode=68,keyText=D,keyChar='d',keyLocation=KEY_LOCATION_UNKNOWN,rawCode=0,primaryLevelUnicode=0,scancode=0,extendedKeyCode=0x0] on new item id field
Dec 23, 2021 2:33:37 AM net.sourceforge.marathon.javaagent.EventQueueDevice dispatchEvent
INFO: java.awt.event.KeyEvent[KEY_TYPED,keyCode=0,keyText=Unknown keyCode: 0x0,keyChar='d',keyLocation=KEY_LOCATION_UNKNOWN,rawCode=0,primaryLevelUnicode=0,scancode=0,extendedKeyCode=0x0] on new item id field
Dec 23, 2021 2:33:37 AM net.sourceforge.marathon.javaagent.EventQueueDevice dispatchEvent
INFO: java.awt.event.KeyEvent[KEY_RELEASED,keyCode=68,keyText=D,keyChar='d',keyLocation=KEY_LOCATION_UNKNOWN,rawCode=0,primaryLevelUnicode=0,scancode=0,extendedKeyCode=0x0] on new item id field
Dec 23, 2021 2:33:37 AM net.sourceforge.marathon.javaagent.server.JavaServer serve
INFO: POST(/session/1ba7b0d7-d534-4584-9c6b-024285b6b15a/element/3be43721-b686-431a-bde7-0f53dfeeae15/value, {"id":"3be43721-b686-431a-bde7-0f53dfeeae15","value":["an item-id"]}) = {data={"name":"sendKeysElement","sessionId":"1ba7b0d7-d534-4584-9c6b-024285b6b15a","status":0}, status=OK}
Dec 23, 2021 2:33:37 AM net.sourceforge.marathon.javaagent.server.JavaServer serve
INFO: JavaServer.serve(POST /session/1ba7b0d7-d534-4584-9c6b-024285b6b15a/element): {
  "using": "name",
  "value": "new item stop price field"
}
Dec 23, 2021 2:33:37 AM net.sourceforge.marathon.javaagent.server.JavaServer serve
INFO: POST(/session/1ba7b0d7-d534-4584-9c6b-024285b6b15a/element, {"using":"name","value":"new item stop price field"}) = {data={"name":"findElement","sessionId":"1ba7b0d7-d534-4584-9c6b-024285b6b15a","value":{"ELEMENT":"cf53e7ed-1c1e-449e-bea6-ad4f4167d1e8"},"status":0}, status=OK}
Dec 23, 2021 2:33:37 AM net.sourceforge.marathon.javaagent.server.JavaServer serve
INFO: JavaServer.serve(POST /session/1ba7b0d7-d534-4584-9c6b-024285b6b15a/element/cf53e7ed-1c1e-449e-bea6-ad4f4167d1e8/clear): {
  "id": "cf53e7ed-1c1e-449e-bea6-ad4f4167d1e8"
}
Dec 23, 2021 2:33:37 AM net.sourceforge.marathon.javaagent.server.JavaServer serve
INFO: POST(/session/1ba7b0d7-d534-4584-9c6b-024285b6b15a/element/cf53e7ed-1c1e-449e-bea6-ad4f4167d1e8/clear, {"id":"cf53e7ed-1c1e-449e-bea6-ad4f4167d1e8"}) = {data={"name":"clearElement","sessionId":"1ba7b0d7-d534-4584-9c6b-024285b6b15a","status":0}, status=OK}
Dec 23, 2021 2:33:37 AM net.sourceforge.marathon.javaagent.server.JavaServer serve
INFO: JavaServer.serve(POST /session/1ba7b0d7-d534-4584-9c6b-024285b6b15a/element/cf53e7ed-1c1e-449e-bea6-ad4f4167d1e8/value): {
  "id": "cf53e7ed-1c1e-449e-bea6-ad4f4167d1e8",
  "value": [
    "11000"
  ]
}
Dec 23, 2021 2:33:37 AM net.sourceforge.marathon.javaagent.EventQueueDevice dispatchEvent
INFO: java.awt.event.KeyEvent[KEY_PRESSED,keyCode=49,keyText=1,keyChar='1',keyLocation=KEY_LOCATION_UNKNOWN,rawCode=0,primaryLevelUnicode=0,scancode=0,extendedKeyCode=0x0] on new item stop price field
Dec 23, 2021 2:33:37 AM net.sourceforge.marathon.javaagent.EventQueueDevice dispatchEvent
INFO: java.awt.event.KeyEvent[KEY_TYPED,keyCode=0,keyText=Unknown keyCode: 0x0,keyChar='1',keyLocation=KEY_LOCATION_UNKNOWN,rawCode=0,primaryLevelUnicode=0,scancode=0,extendedKeyCode=0x0] on new item stop price field
Dec 23, 2021 2:33:37 AM net.sourceforge.marathon.javaagent.EventQueueDevice dispatchEvent
INFO: java.awt.event.KeyEvent[KEY_RELEASED,keyCode=49,keyText=1,keyChar='1',keyLocation=KEY_LOCATION_UNKNOWN,rawCode=0,primaryLevelUnicode=0,scancode=0,extendedKeyCode=0x0] on new item stop price field
Dec 23, 2021 2:33:37 AM net.sourceforge.marathon.javaagent.EventQueueDevice dispatchEvent
INFO: java.awt.event.KeyEvent[KEY_PRESSED,keyCode=49,keyText=1,keyChar='1',keyLocation=KEY_LOCATION_UNKNOWN,rawCode=0,primaryLevelUnicode=0,scancode=0,extendedKeyCode=0x0] on new item stop price field
Dec 23, 2021 2:33:37 AM net.sourceforge.marathon.javaagent.EventQueueDevice dispatchEvent
INFO: java.awt.event.KeyEvent[KEY_TYPED,keyCode=0,keyText=Unknown keyCode: 0x0,keyChar='1',keyLocation=KEY_LOCATION_UNKNOWN,rawCode=0,primaryLevelUnicode=0,scancode=0,extendedKeyCode=0x0] on new item stop price field
Dec 23, 2021 2:33:37 AM net.sourceforge.marathon.javaagent.EventQueueDevice dispatchEvent
INFO: java.awt.event.KeyEvent[KEY_RELEASED,keyCode=49,keyText=1,keyChar='1',keyLocation=KEY_LOCATION_UNKNOWN,rawCode=0,primaryLevelUnicode=0,scancode=0,extendedKeyCode=0x0] on new item stop price field
Dec 23, 2021 2:33:37 AM net.sourceforge.marathon.javaagent.EventQueueDevice dispatchEvent
INFO: java.awt.event.KeyEvent[KEY_PRESSED,keyCode=48,keyText=0,keyChar='0',keyLocation=KEY_LOCATION_UNKNOWN,rawCode=0,primaryLevelUnicode=0,scancode=0,extendedKeyCode=0x0] on new item stop price field
Dec 23, 2021 2:33:37 AM net.sourceforge.marathon.javaagent.EventQueueDevice dispatchEvent
INFO: java.awt.event.KeyEvent[KEY_TYPED,keyCode=0,keyText=Unknown keyCode: 0x0,keyChar='0',keyLocation=KEY_LOCATION_UNKNOWN,rawCode=0,primaryLevelUnicode=0,scancode=0,extendedKeyCode=0x0] on new item stop price field
Dec 23, 2021 2:33:37 AM net.sourceforge.marathon.javaagent.EventQueueDevice dispatchEvent
INFO: java.awt.event.KeyEvent[KEY_RELEASED,keyCode=48,keyText=0,keyChar='0',keyLocation=KEY_LOCATION_UNKNOWN,rawCode=0,primaryLevelUnicode=0,scancode=0,extendedKeyCode=0x0] on new item stop price field
Dec 23, 2021 2:33:37 AM net.sourceforge.marathon.javaagent.EventQueueDevice dispatchEvent
INFO: java.awt.event.KeyEvent[KEY_PRESSED,keyCode=48,keyText=0,keyChar='0',keyLocation=KEY_LOCATION_UNKNOWN,rawCode=0,primaryLevelUnicode=0,scancode=0,extendedKeyCode=0x0] on new item stop price field
Dec 23, 2021 2:33:37 AM net.sourceforge.marathon.javaagent.EventQueueDevice dispatchEvent
INFO: java.awt.event.KeyEvent[KEY_TYPED,keyCode=0,keyText=Unknown keyCode: 0x0,keyChar='0',keyLocation=KEY_LOCATION_UNKNOWN,rawCode=0,primaryLevelUnicode=0,scancode=0,extendedKeyCode=0x0] on new item stop price field
Dec 23, 2021 2:33:37 AM net.sourceforge.marathon.javaagent.EventQueueDevice dispatchEvent
INFO: java.awt.event.KeyEvent[KEY_RELEASED,keyCode=48,keyText=0,keyChar='0',keyLocation=KEY_LOCATION_UNKNOWN,rawCode=0,primaryLevelUnicode=0,scancode=0,extendedKeyCode=0x0] on new item stop price field
Dec 23, 2021 2:33:37 AM net.sourceforge.marathon.javaagent.EventQueueDevice dispatchEvent
INFO: java.awt.event.KeyEvent[KEY_PRESSED,keyCode=48,keyText=0,keyChar='0',keyLocation=KEY_LOCATION_UNKNOWN,rawCode=0,primaryLevelUnicode=0,scancode=0,extendedKeyCode=0x0] on new item stop price field
Dec 23, 2021 2:33:37 AM net.sourceforge.marathon.javaagent.EventQueueDevice dispatchEvent
INFO: java.awt.event.KeyEvent[KEY_TYPED,keyCode=0,keyText=Unknown keyCode: 0x0,keyChar='0',keyLocation=KEY_LOCATION_UNKNOWN,rawCode=0,primaryLevelUnicode=0,scancode=0,extendedKeyCode=0x0] on new item stop price field
Dec 23, 2021 2:33:37 AM net.sourceforge.marathon.javaagent.EventQueueDevice dispatchEvent
INFO: java.awt.event.KeyEvent[KEY_RELEASED,keyCode=48,keyText=0,keyChar='0',keyLocation=KEY_LOCATION_UNKNOWN,rawCode=0,primaryLevelUnicode=0,scancode=0,extendedKeyCode=0x0] on new item stop price field
Dec 23, 2021 2:33:37 AM net.sourceforge.marathon.javaagent.server.JavaServer serve
INFO: POST(/session/1ba7b0d7-d534-4584-9c6b-024285b6b15a/element/cf53e7ed-1c1e-449e-bea6-ad4f4167d1e8/value, {"id":"cf53e7ed-1c1e-449e-bea6-ad4f4167d1e8","value":["11000"]}) = {data={"name":"sendKeysElement","sessionId":"1ba7b0d7-d534-4584-9c6b-024285b6b15a","status":0}, status=OK}
Dec 23, 2021 2:33:37 AM net.sourceforge.marathon.javaagent.server.JavaServer serve
INFO: JavaServer.serve(POST /session/1ba7b0d7-d534-4584-9c6b-024285b6b15a/element): {
  "using": "name",
  "value": "join button"
}
Dec 23, 2021 2:33:37 AM net.sourceforge.marathon.javaagent.server.JavaServer serve
INFO: POST(/session/1ba7b0d7-d534-4584-9c6b-024285b6b15a/element, {"using":"name","value":"join button"}) = {data={"name":"findElement","sessionId":"1ba7b0d7-d534-4584-9c6b-024285b6b15a","value":{"ELEMENT":"47cfb8a3-3b9c-4297-9d7d-0f935a8012a5"},"status":0}, status=OK}
Dec 23, 2021 2:33:37 AM net.sourceforge.marathon.javaagent.server.JavaServer serve
INFO: JavaServer.serve(POST /session/1ba7b0d7-d534-4584-9c6b-024285b6b15a/element/47cfb8a3-3b9c-4297-9d7d-0f935a8012a5/click): {
  "id": "47cfb8a3-3b9c-4297-9d7d-0f935a8012a5"
}
Dec 23, 2021 2:33:37 AM net.sourceforge.marathon.javaagent.EventQueueDevice dispatchEvent
INFO: java.awt.event.MouseEvent[MOUSE_PRESSED,(58,12),absolute(589,17),button=1,modifiers=Button1,extModifiers=Button1,clickCount=1] on join button
Dec 23, 2021 2:33:37 AM net.sourceforge.marathon.javaagent.EventQueueDevice dispatchEvent
INFO: java.awt.event.MouseEvent[MOUSE_RELEASED,(58,12),absolute(589,17),button=1,modifiers=Button1,clickCount=1] on join button
Dec 23, 2021 2:33:37 AM net.sourceforge.marathon.javaagent.EventQueueDevice dispatchEvent
INFO: java.awt.event.MouseEvent[MOUSE_CLICKED,(58,12),absolute(589,17),button=1,modifiers=Button1,clickCount=1] on join button
Dec 23, 2021 2:33:37 AM net.sourceforge.marathon.javaagent.server.JavaServer serve
INFO: POST(/session/1ba7b0d7-d534-4584-9c6b-024285b6b15a/element/47cfb8a3-3b9c-4297-9d7d-0f935a8012a5/click, {"id":"47cfb8a3-3b9c-4297-9d7d-0f935a8012a5"}) = {data={"name":"clickElement","sessionId":"1ba7b0d7-d534-4584-9c6b-024285b6b15a","status":0}, status=OK}
Dec 23, 2021 2:33:38 AM net.sourceforge.marathon.javaagent.server.JavaServer serve
INFO: JavaServer.serve(DELETE /session/1ba7b0d7-d534-4584-9c6b-024285b6b15a/window): {}
Dec 23, 2021 2:33:38 AM net.sourceforge.marathon.javaagent.server.JavaServer serve
INFO: DELETE(/session/1ba7b0d7-d534-4584-9c6b-024285b6b15a/window) = {data={"name":"closeSession","sessionId":"1ba7b0d7-d534-4584-9c6b-024285b6b15a","status":0}, status=OK}
Dec 23, 2021 2:33:38 AM net.sourceforge.marathon.javaagent.server.JavaServer serve
INFO: JavaServer.serve(POST /session): {
  "desiredCapabilities": {
    "browserName": "java",
    "platform": "ANY"
  },
  "capabilities": {
    "firstMatch": [
      {
        "browserName": "java"
      }
    ]
  }
}
Dec 23, 2021 2:33:38 AM net.sourceforge.marathon.javaagent.server.JavaServer createSession
INFO: Creating device with type: EVENT_QUEUE
Dec 23, 2021 2:33:38 AM net.sourceforge.marathon.javaagent.Device getDevice
INFO: Creating a EVENT_QUEUE device
Dec 23, 2021 2:33:38 AM net.sourceforge.marathon.javaagent.server.JavaServer serve
INFO: POST(/session, {"desiredCapabilities":{"browserName":"java","platform":"ANY"},"capabilities":{"firstMatch":[{"browserName":"java"}]}}) = {data=, status=REDIRECT}
Dec 23, 2021 2:33:38 AM net.sourceforge.marathon.javaagent.server.JavaServer serve
INFO: JavaServer.serve(GET /session/454f1cb1-f84e-4070-865f-31b195dd6965): {}
Dec 23, 2021 2:33:38 AM net.sourceforge.marathon.javaagent.server.JavaServer serve
INFO: GET(/session/454f1cb1-f84e-4070-865f-31b195dd6965) = {data={"name":"getCapabilities","sessionId":"454f1cb1-f84e-4070-865f-31b195dd6965","value":{"applicationCacheEnabled":false,"rotatable":false,"loggingPrefs":{"driver":"ALL"},"handlesAlerts":false,"databaseEnabled":false,"version":"1.0","platform":"ANY","browserConnectionEnabled":false,"nativeEvents":false,"acceptSslCerts":false,"locationContextEnabled":false,"webStorageEnabled":false,"browserName":"java","takesScreenshot":true,"javascriptEnabled":true,"cssSelectorsEnabled":false},"status":0}, status=OK}
Dec 23, 2021 2:33:38 AM org.openqa.selenium.remote.ProtocolHandshake createSession
INFO: Detected dialect: OSS
Dec 23, 2021 2:33:38 AM net.sourceforge.marathon.javaagent.server.JavaServer serve
INFO: JavaServer.serve(POST /session/454f1cb1-f84e-4070-865f-31b195dd6965/element): {
  "using": "name",
  "value": "sniper reset button"
}
Dec 23, 2021 2:33:38 AM net.sourceforge.marathon.javaagent.server.JavaServer serve
INFO: POST(/session/454f1cb1-f84e-4070-865f-31b195dd6965/element, {"using":"name","value":"sniper reset button"}) = {data={"name":"findElement","sessionId":"454f1cb1-f84e-4070-865f-31b195dd6965","value":{"ELEMENT":"b5597cec-c814-4894-9fa1-da742aba6f19"},"status":0}, status=OK}
Dec 23, 2021 2:33:38 AM net.sourceforge.marathon.javaagent.server.JavaServer serve
INFO: JavaServer.serve(POST /session/454f1cb1-f84e-4070-865f-31b195dd6965/element/b5597cec-c814-4894-9fa1-da742aba6f19/click): {
  "id": "b5597cec-c814-4894-9fa1-da742aba6f19"
}
Dec 23, 2021 2:33:38 AM net.sourceforge.marathon.javaagent.EventQueueDevice dispatchEvent
INFO: java.awt.event.MouseEvent[MOUSE_PRESSED,(37,12),absolute(326,474),button=1,modifiers=Button1,extModifiers=Button1,clickCount=1] on sniper reset button
Dec 23, 2021 2:33:38 AM net.sourceforge.marathon.javaagent.EventQueueDevice dispatchEvent
INFO: java.awt.event.MouseEvent[MOUSE_RELEASED,(37,12),absolute(326,474),button=1,modifiers=Button1,clickCount=1] on sniper reset button
Dec 23, 2021 2:33:38 AM net.sourceforge.marathon.javaagent.EventQueueDevice dispatchEvent
INFO: java.awt.event.MouseEvent[MOUSE_CLICKED,(37,12),absolute(326,474),button=1,modifiers=Button1,clickCount=1] on sniper reset button
Dec 23, 2021 2:33:38 AM net.sourceforge.marathon.javaagent.server.JavaServer serve
INFO: POST(/session/454f1cb1-f84e-4070-865f-31b195dd6965/element/b5597cec-c814-4894-9fa1-da742aba6f19/click, {"id":"b5597cec-c814-4894-9fa1-da742aba6f19"}) = {data={"name":"clickElement","sessionId":"454f1cb1-f84e-4070-865f-31b195dd6965","status":0}, status=OK}
Dec 23, 2021 2:33:38 AM net.sourceforge.marathon.javaagent.server.JavaServer serve
INFO: JavaServer.serve(DELETE /session/454f1cb1-f84e-4070-865f-31b195dd6965/window): {}
Dec 23, 2021 2:33:38 AM net.sourceforge.marathon.javaagent.server.JavaServer serve
INFO: DELETE(/session/454f1cb1-f84e-4070-865f-31b195dd6965/window) = {data={"name":"closeSession","sessionId":"454f1cb1-f84e-4070-865f-31b195dd6965","status":0}, status=OK}
]]></system-err>
</testsuite>
