<?xml version="1.0" encoding="UTF-8"?>
<testsuite name="goos.ui.swing.MainWindowTest" tests="3" skipped="0" failures="0" errors="0" timestamp="2021-09-27T15:49:56" hostname="buildkitsandbox" time="3.38">
  <properties/>
  <testcase name="window has expected features" classname="goos.ui.swing.MainWindowTest" time="2.55"/>
  <testcase name="make user request when join button clicked" classname="goos.ui.swing.MainWindowTest" time="0.648"/>
  <testcase name="make user request when reset button clicked" classname="goos.ui.swing.MainWindowTest" time="0.177"/>
  <system-out><![CDATA[]]></system-out>
  <system-err><![CDATA[Sep 27, 2021 3:49:57 PM io.mockk.impl.log.JULLogger warn
WARNING: Failed to transform class goos/ui/api/UserRequestListener
java.lang.IllegalArgumentException: Unsupported class file major version 59
	at net.bytebuddy.jar.asm.ClassReader.<init>(ClassReader.java:176)
	at net.bytebuddy.jar.asm.ClassReader.<init>(ClassReader.java:158)
	at net.bytebuddy.jar.asm.ClassReader.<init>(ClassReader.java:146)
	at net.bytebuddy.utility.OpenedClassReader.of(OpenedClassReader.java:69)
	at net.bytebuddy.dynamic.scaffold.TypeWriter$Default$ForInlining.create(TypeWriter.java:2877)
	at net.bytebuddy.dynamic.scaffold.TypeWriter$Default.make(TypeWriter.java:1653)
	at net.bytebuddy.dynamic.scaffold.inline.RedefinitionDynamicTypeBuilder.make(RedefinitionDynamicTypeBuilder.java:180)
	at net.bytebuddy.dynamic.scaffold.inline.AbstractInliningDynamicTypeBuilder.make(AbstractInliningDynamicTypeBuilder.java:94)
	at net.bytebuddy.dynamic.DynamicType$Builder$AbstractBase.make(DynamicType.java:2669)
	at io.mockk.proxy.jvm.transformation.InliningClassTransformer.transform(InliningClassTransformer.kt:78)
	at java.instrument/java.lang.instrument.ClassFileTransformer.transform(ClassFileTransformer.java:246)
	at java.instrument/sun.instrument.TransformerManager.transform(TransformerManager.java:188)
	at java.instrument/sun.instrument.InstrumentationImpl.transform(InstrumentationImpl.java:563)
	at java.instrument/sun.instrument.InstrumentationImpl.retransformClasses0(Native Method)
	at java.instrument/sun.instrument.InstrumentationImpl.retransformClasses(InstrumentationImpl.java:167)
	at io.mockk.proxy.jvm.transformation.JvmInlineInstrumentation.retransform(JvmInlineInstrumentation.kt:28)
	at io.mockk.proxy.common.transformation.RetransformInlineInstrumnetation$execute$1.invoke(RetransformInlineInstrumnetation.kt:19)
	at io.mockk.proxy.common.transformation.RetransformInlineInstrumnetation$execute$1.invoke(RetransformInlineInstrumnetation.kt:6)
	at io.mockk.proxy.common.transformation.ClassTransformationSpecMap.applyTransformation(ClassTransformationSpecMap.kt:41)
	at io.mockk.proxy.common.transformation.RetransformInlineInstrumnetation.execute(RetransformInlineInstrumnetation.kt:16)
	at io.mockk.proxy.jvm.ProxyMaker.inline(ProxyMaker.kt:88)
	at io.mockk.proxy.jvm.ProxyMaker.proxy(ProxyMaker.kt:30)
	at io.mockk.impl.instantiation.JvmMockFactory.newProxy(JvmMockFactory.kt:34)
	at io.mockk.impl.instantiation.AbstractMockFactory.newProxy$default(AbstractMockFactory.kt:29)
	at io.mockk.impl.instantiation.AbstractMockFactory.mockk(AbstractMockFactory.kt:59)
	at goos.ui.swing.MainWindowTest$1$1.invokeSuspend(MainWindowTest.kt:90)
	at goos.ui.swing.MainWindowTest$1$1.invoke(MainWindowTest.kt)
	at goos.ui.swing.MainWindowTest$1$1.invoke(MainWindowTest.kt)
	at io.kotest.core.TestConfiguration$beforeTest$1.beforeTest(TestConfiguration.kt:137)
	at io.kotest.core.spec.LifecycleKt.invokeAllBeforeTestCallbacks(lifecycle.kt:76)
	at io.kotest.core.internal.TestCaseExecutor.executeActiveTest(TestCaseExecutor.kt:152)
	at io.kotest.core.internal.TestCaseExecutor.access$executeActiveTest(TestCaseExecutor.kt:57)
	at io.kotest.core.internal.TestCaseExecutor$intercept$innerExecute$1$1.invokeSuspend(TestCaseExecutor.kt:89)
	at io.kotest.core.internal.TestCaseExecutor$intercept$innerExecute$1$1.invoke(TestCaseExecutor.kt)
	at io.kotest.core.internal.TestCaseExecutor$intercept$innerExecute$1$1.invoke(TestCaseExecutor.kt)
	at io.kotest.core.internal.TestCaseExecutor.executeIfEnabled(TestCaseExecutor.kt:117)
	at io.kotest.core.internal.TestCaseExecutor.access$executeIfEnabled(TestCaseExecutor.kt:57)
	at io.kotest.core.internal.TestCaseExecutor$intercept$innerExecute$1.invokeSuspend(TestCaseExecutor.kt:89)
	at io.kotest.core.internal.TestCaseExecutor$intercept$innerExecute$1.invoke(TestCaseExecutor.kt)
	at io.kotest.core.internal.TestCaseExecutor$intercept$innerExecute$1.invoke(TestCaseExecutor.kt)
	at io.kotest.core.internal.TestCaseExecutor.intercept(TestCaseExecutor.kt:103)
	at io.kotest.core.internal.TestCaseExecutor.execute(TestCaseExecutor.kt:69)
	at io.kotest.engine.spec.runners.SingleInstanceSpecRunner.runTest(SingleInstanceSpecRunner.kt:104)
	at io.kotest.engine.spec.runners.SingleInstanceSpecRunner.access$runTest(SingleInstanceSpecRunner.kt:34)
	at io.kotest.engine.spec.runners.SingleInstanceSpecRunner$execute$interceptAndRun$2$4.invokeSuspend(SingleInstanceSpecRunner.kt:57)
	at io.kotest.engine.spec.runners.SingleInstanceSpecRunner$execute$interceptAndRun$2$4.invoke(SingleInstanceSpecRunner.kt)
	at io.kotest.engine.spec.runners.SingleInstanceSpecRunner$execute$interceptAndRun$2$4.invoke(SingleInstanceSpecRunner.kt)
	at io.kotest.engine.launchers.SequentialTestLauncher$launch$3$1$1.invokeSuspend(SequentialTestLauncher.kt:22)
	at kotlin.coroutines.jvm.internal.BaseContinuationImpl.resumeWith(ContinuationImpl.kt:33)
	at kotlinx.coroutines.DispatchedTask.run(DispatchedTask.kt:106)
	at java.base/java.util.concurrent.ThreadPoolExecutor.runWorker(ThreadPoolExecutor.java:1130)
	at java.base/java.util.concurrent.ThreadPoolExecutor$Worker.run(ThreadPoolExecutor.java:630)
	at java.base/java.lang.Thread.run(Thread.java:832)

Sep 27, 2021 3:49:59 PM net.sourceforge.marathon.javaagent.server.JavaServer serve
INFO: JavaServer.serve(POST /session): {
  "desiredCapabilities": {
    "browserName": "java",
    "platform": "ANY"
  },
  "capabilities": {
    "firstMatch": [
      {
        "browserName": "java"
      }
    ]
  }
}
Sep 27, 2021 3:49:59 PM net.sourceforge.marathon.javaagent.server.JavaServer createSession
INFO: Creating device with type: EVENT_QUEUE
Sep 27, 2021 3:49:59 PM net.sourceforge.marathon.javaagent.Device getDevice
INFO: Creating a EVENT_QUEUE device
Sep 27, 2021 3:49:59 PM net.sourceforge.marathon.javaagent.server.JavaServer serve
INFO: POST(/session, {"desiredCapabilities":{"browserName":"java","platform":"ANY"},"capabilities":{"firstMatch":[{"browserName":"java"}]}}) = {data=, status=REDIRECT}
Sep 27, 2021 3:49:59 PM net.sourceforge.marathon.javaagent.server.JavaServer serve
INFO: JavaServer.serve(GET /session/ceaa402c-394e-4d22-a3d0-609f9f1ebf16): {}
Sep 27, 2021 3:49:59 PM net.sourceforge.marathon.javaagent.server.JavaServer serve
INFO: GET(/session/ceaa402c-394e-4d22-a3d0-609f9f1ebf16) = {data={"name":"getCapabilities","sessionId":"ceaa402c-394e-4d22-a3d0-609f9f1ebf16","value":{"applicationCacheEnabled":false,"rotatable":false,"loggingPrefs":{"driver":"ALL"},"handlesAlerts":false,"databaseEnabled":false,"version":"1.0","platform":"ANY","browserConnectionEnabled":false,"nativeEvents":false,"acceptSslCerts":false,"locationContextEnabled":false,"webStorageEnabled":false,"browserName":"java","takesScreenshot":true,"javascriptEnabled":true,"cssSelectorsEnabled":false},"status":0}, status=OK}
Sep 27, 2021 3:49:59 PM org.openqa.selenium.remote.ProtocolHandshake createSession
INFO: Detected dialect: OSS
Sep 27, 2021 3:49:59 PM net.sourceforge.marathon.javaagent.server.JavaServer serve
INFO: JavaServer.serve(POST /session/ceaa402c-394e-4d22-a3d0-609f9f1ebf16/element): {
  "using": "css selector",
  "value": "."
}
Sep 27, 2021 3:49:59 PM net.sourceforge.marathon.javaagent.server.JavaServer serve
INFO: POST(/session/ceaa402c-394e-4d22-a3d0-609f9f1ebf16/element, {"using":"css selector","value":"."}) = {data={"name":"findElement","sessionId":"ceaa402c-394e-4d22-a3d0-609f9f1ebf16","value":{"ELEMENT":"787d0f8d-6606-40a9-baba-06b3a090d951"},"status":0}, status=OK}
Sep 27, 2021 3:49:59 PM net.sourceforge.marathon.javaagent.server.JavaServer serve
INFO: JavaServer.serve(GET /session/ceaa402c-394e-4d22-a3d0-609f9f1ebf16/element/787d0f8d-6606-40a9-baba-06b3a090d951/attribute/name): {}
Sep 27, 2021 3:49:59 PM net.sourceforge.marathon.javaagent.server.JavaServer serve
INFO: GET(/session/ceaa402c-394e-4d22-a3d0-609f9f1ebf16/element/787d0f8d-6606-40a9-baba-06b3a090d951/attribute/name) = {data={"name":"getElementAttribute","sessionId":"ceaa402c-394e-4d22-a3d0-609f9f1ebf16","value":"Auction Sniper Name","status":0}, status=OK}
Sep 27, 2021 3:49:59 PM net.sourceforge.marathon.javaagent.server.JavaServer serve
INFO: JavaServer.serve(POST /session/ceaa402c-394e-4d22-a3d0-609f9f1ebf16/element): {
  "using": "css selector",
  "value": "."
}
Sep 27, 2021 3:49:59 PM net.sourceforge.marathon.javaagent.server.JavaServer serve
INFO: POST(/session/ceaa402c-394e-4d22-a3d0-609f9f1ebf16/element, {"using":"css selector","value":"."}) = {data={"name":"findElement","sessionId":"ceaa402c-394e-4d22-a3d0-609f9f1ebf16","value":{"ELEMENT":"787d0f8d-6606-40a9-baba-06b3a090d951"},"status":0}, status=OK}
Sep 27, 2021 3:49:59 PM net.sourceforge.marathon.javaagent.server.JavaServer serve
INFO: JavaServer.serve(GET /session/ceaa402c-394e-4d22-a3d0-609f9f1ebf16/element/787d0f8d-6606-40a9-baba-06b3a090d951/displayed): {}
Sep 27, 2021 3:49:59 PM net.sourceforge.marathon.javaagent.server.JavaServer serve
INFO: GET(/session/ceaa402c-394e-4d22-a3d0-609f9f1ebf16/element/787d0f8d-6606-40a9-baba-06b3a090d951/displayed) = {data={"name":"isDisplayed","sessionId":"ceaa402c-394e-4d22-a3d0-609f9f1ebf16","value":true,"status":0}, status=OK}
Sep 27, 2021 3:49:59 PM net.sourceforge.marathon.javaagent.server.JavaServer serve
INFO: JavaServer.serve(GET /session/ceaa402c-394e-4d22-a3d0-609f9f1ebf16/title): {}
Sep 27, 2021 3:49:59 PM net.sourceforge.marathon.javaagent.server.JavaServer serve
INFO: GET(/session/ceaa402c-394e-4d22-a3d0-609f9f1ebf16/title) = {data={"name":"getWindowTitle","sessionId":"ceaa402c-394e-4d22-a3d0-609f9f1ebf16","value":"Auction Sniper","status":0}, status=OK}
Sep 27, 2021 3:49:59 PM net.sourceforge.marathon.javaagent.server.JavaServer serve
INFO: JavaServer.serve(POST /session/ceaa402c-394e-4d22-a3d0-609f9f1ebf16/element): {
  "using": "name",
  "value": "snipers table"
}
Sep 27, 2021 3:49:59 PM net.sourceforge.marathon.javaagent.server.JavaServer serve
INFO: POST(/session/ceaa402c-394e-4d22-a3d0-609f9f1ebf16/element, {"using":"name","value":"snipers table"}) = {data={"name":"findElement","sessionId":"ceaa402c-394e-4d22-a3d0-609f9f1ebf16","value":{"ELEMENT":"2e0c9df6-e0e3-40d0-9282-3f41122437e0"},"status":0}, status=OK}
Sep 27, 2021 3:49:59 PM net.sourceforge.marathon.javaagent.server.JavaServer serve
INFO: JavaServer.serve(POST /session/ceaa402c-394e-4d22-a3d0-609f9f1ebf16/element/2e0c9df6-e0e3-40d0-9282-3f41122437e0/elements): {
  "id": "2e0c9df6-e0e3-40d0-9282-3f41122437e0",
  "using": "css selector",
  "value": ".::header.::all-items"
}
Sep 27, 2021 3:49:59 PM net.sourceforge.marathon.javaagent.server.JavaServer serve
INFO: POST(/session/ceaa402c-394e-4d22-a3d0-609f9f1ebf16/element/2e0c9df6-e0e3-40d0-9282-3f41122437e0/elements, {"using":"css selector","id":"2e0c9df6-e0e3-40d0-9282-3f41122437e0","value":".::header.::all-items"}) = {data={"name":"findElementsOfElement","sessionId":"ceaa402c-394e-4d22-a3d0-609f9f1ebf16","value":[{"ELEMENT":"3ffe8359-c9a7-49de-a8bf-31078a8a9833%23%7B%22selector%22%3A%22nth-item%22%2C%22parameters%22%3A%5B1%5D%7D"},{"ELEMENT":"3ffe8359-c9a7-49de-a8bf-31078a8a9833%23%7B%22selector%22%3A%22nth-item%22%2C%22parameters%22%3A%5B2%5D%7D"},{"ELEMENT":"3ffe8359-c9a7-49de-a8bf-31078a8a9833%23%7B%22selector%22%3A%22nth-item%22%2C%22parameters%22%3A%5B3%5D%7D"},{"ELEMENT":"3ffe8359-c9a7-49de-a8bf-31078a8a9833%23%7B%22selector%22%3A%22nth-item%22%2C%22parameters%22%3A%5B4%5D%7D"}],"status":0}, status=OK}
Sep 27, 2021 3:49:59 PM net.sourceforge.marathon.javaagent.server.JavaServer serve
INFO: JavaServer.serve(GET /session/ceaa402c-394e-4d22-a3d0-609f9f1ebf16/element/3ffe8359-c9a7-49de-a8bf-31078a8a9833%23%7B%22selector%22%3A%22nth-item%22%2C%22parameters%22%3A%5B1%5D%7D/text): {}
Sep 27, 2021 3:49:59 PM net.sourceforge.marathon.javaagent.server.JavaServer serve
INFO: GET(/session/ceaa402c-394e-4d22-a3d0-609f9f1ebf16/element/3ffe8359-c9a7-49de-a8bf-31078a8a9833%23%7B%22selector%22%3A%22nth-item%22%2C%22parameters%22%3A%5B1%5D%7D/text) = {data={"name":"getElementText","sessionId":"ceaa402c-394e-4d22-a3d0-609f9f1ebf16","value":"Item","status":0}, status=OK}
Sep 27, 2021 3:49:59 PM net.sourceforge.marathon.javaagent.server.JavaServer serve
INFO: JavaServer.serve(GET /session/ceaa402c-394e-4d22-a3d0-609f9f1ebf16/element/3ffe8359-c9a7-49de-a8bf-31078a8a9833%23%7B%22selector%22%3A%22nth-item%22%2C%22parameters%22%3A%5B2%5D%7D/text): {}
Sep 27, 2021 3:49:59 PM net.sourceforge.marathon.javaagent.server.JavaServer serve
INFO: GET(/session/ceaa402c-394e-4d22-a3d0-609f9f1ebf16/element/3ffe8359-c9a7-49de-a8bf-31078a8a9833%23%7B%22selector%22%3A%22nth-item%22%2C%22parameters%22%3A%5B2%5D%7D/text) = {data={"name":"getElementText","sessionId":"ceaa402c-394e-4d22-a3d0-609f9f1ebf16","value":"Last Price","status":0}, status=OK}
Sep 27, 2021 3:49:59 PM net.sourceforge.marathon.javaagent.server.JavaServer serve
INFO: JavaServer.serve(GET /session/ceaa402c-394e-4d22-a3d0-609f9f1ebf16/element/3ffe8359-c9a7-49de-a8bf-31078a8a9833%23%7B%22selector%22%3A%22nth-item%22%2C%22parameters%22%3A%5B3%5D%7D/text): {}
Sep 27, 2021 3:49:59 PM net.sourceforge.marathon.javaagent.server.JavaServer serve
INFO: GET(/session/ceaa402c-394e-4d22-a3d0-609f9f1ebf16/element/3ffe8359-c9a7-49de-a8bf-31078a8a9833%23%7B%22selector%22%3A%22nth-item%22%2C%22parameters%22%3A%5B3%5D%7D/text) = {data={"name":"getElementText","sessionId":"ceaa402c-394e-4d22-a3d0-609f9f1ebf16","value":"Last Bid","status":0}, status=OK}
Sep 27, 2021 3:49:59 PM net.sourceforge.marathon.javaagent.server.JavaServer serve
INFO: JavaServer.serve(GET /session/ceaa402c-394e-4d22-a3d0-609f9f1ebf16/element/3ffe8359-c9a7-49de-a8bf-31078a8a9833%23%7B%22selector%22%3A%22nth-item%22%2C%22parameters%22%3A%5B4%5D%7D/text): {}
Sep 27, 2021 3:49:59 PM net.sourceforge.marathon.javaagent.server.JavaServer serve
INFO: GET(/session/ceaa402c-394e-4d22-a3d0-609f9f1ebf16/element/3ffe8359-c9a7-49de-a8bf-31078a8a9833%23%7B%22selector%22%3A%22nth-item%22%2C%22parameters%22%3A%5B4%5D%7D/text) = {data={"name":"getElementText","sessionId":"ceaa402c-394e-4d22-a3d0-609f9f1ebf16","value":"State","status":0}, status=OK}
Sep 27, 2021 3:49:59 PM net.sourceforge.marathon.javaagent.server.JavaServer serve
INFO: JavaServer.serve(DELETE /session/ceaa402c-394e-4d22-a3d0-609f9f1ebf16/window): {}
Sep 27, 2021 3:49:59 PM net.sourceforge.marathon.javaagent.server.JavaServer serve
INFO: DELETE(/session/ceaa402c-394e-4d22-a3d0-609f9f1ebf16/window) = {data={"name":"closeSession","sessionId":"ceaa402c-394e-4d22-a3d0-609f9f1ebf16","status":0}, status=OK}
Sep 27, 2021 3:49:59 PM net.sourceforge.marathon.javaagent.server.JavaServer serve
INFO: JavaServer.serve(POST /session): {
  "desiredCapabilities": {
    "browserName": "java",
    "platform": "ANY"
  },
  "capabilities": {
    "firstMatch": [
      {
        "browserName": "java"
      }
    ]
  }
}
Sep 27, 2021 3:49:59 PM net.sourceforge.marathon.javaagent.server.JavaServer createSession
INFO: Creating device with type: EVENT_QUEUE
Sep 27, 2021 3:49:59 PM net.sourceforge.marathon.javaagent.Device getDevice
INFO: Creating a EVENT_QUEUE device
Sep 27, 2021 3:49:59 PM net.sourceforge.marathon.javaagent.server.JavaServer serve
INFO: POST(/session, {"desiredCapabilities":{"browserName":"java","platform":"ANY"},"capabilities":{"firstMatch":[{"browserName":"java"}]}}) = {data=, status=REDIRECT}
Sep 27, 2021 3:49:59 PM net.sourceforge.marathon.javaagent.server.JavaServer serve
INFO: JavaServer.serve(GET /session/730ea723-d6a3-48e8-83f2-dbb8b684688e): {}
Sep 27, 2021 3:49:59 PM net.sourceforge.marathon.javaagent.server.JavaServer serve
INFO: GET(/session/730ea723-d6a3-48e8-83f2-dbb8b684688e) = {data={"name":"getCapabilities","sessionId":"730ea723-d6a3-48e8-83f2-dbb8b684688e","value":{"applicationCacheEnabled":false,"rotatable":false,"loggingPrefs":{"driver":"ALL"},"handlesAlerts":false,"databaseEnabled":false,"version":"1.0","platform":"ANY","browserConnectionEnabled":false,"nativeEvents":false,"acceptSslCerts":false,"locationContextEnabled":false,"webStorageEnabled":false,"browserName":"java","takesScreenshot":true,"javascriptEnabled":true,"cssSelectorsEnabled":false},"status":0}, status=OK}
Sep 27, 2021 3:49:59 PM org.openqa.selenium.remote.ProtocolHandshake createSession
INFO: Detected dialect: OSS
Sep 27, 2021 3:49:59 PM net.sourceforge.marathon.javaagent.server.JavaServer serve
INFO: JavaServer.serve(POST /session/730ea723-d6a3-48e8-83f2-dbb8b684688e/element): {
  "using": "name",
  "value": "new item id field"
}
Sep 27, 2021 3:49:59 PM net.sourceforge.marathon.javaagent.server.JavaServer serve
INFO: POST(/session/730ea723-d6a3-48e8-83f2-dbb8b684688e/element, {"using":"name","value":"new item id field"}) = {data={"name":"findElement","sessionId":"730ea723-d6a3-48e8-83f2-dbb8b684688e","value":{"ELEMENT":"55b6f618-547e-407a-a1da-b26aba26ebc5"},"status":0}, status=OK}
Sep 27, 2021 3:49:59 PM net.sourceforge.marathon.javaagent.server.JavaServer serve
INFO: JavaServer.serve(POST /session/730ea723-d6a3-48e8-83f2-dbb8b684688e/element/55b6f618-547e-407a-a1da-b26aba26ebc5/clear): {
  "id": "55b6f618-547e-407a-a1da-b26aba26ebc5"
}
Sep 27, 2021 3:49:59 PM net.sourceforge.marathon.javaagent.server.JavaServer serve
INFO: POST(/session/730ea723-d6a3-48e8-83f2-dbb8b684688e/element/55b6f618-547e-407a-a1da-b26aba26ebc5/clear, {"id":"55b6f618-547e-407a-a1da-b26aba26ebc5"}) = {data={"name":"clearElement","sessionId":"730ea723-d6a3-48e8-83f2-dbb8b684688e","status":0}, status=OK}
Sep 27, 2021 3:49:59 PM net.sourceforge.marathon.javaagent.server.JavaServer serve
INFO: JavaServer.serve(POST /session/730ea723-d6a3-48e8-83f2-dbb8b684688e/element/55b6f618-547e-407a-a1da-b26aba26ebc5/value): {
  "id": "55b6f618-547e-407a-a1da-b26aba26ebc5",
  "value": [
    "an item-id"
  ]
}
Sep 27, 2021 3:49:59 PM net.sourceforge.marathon.javaagent.EventQueueDevice dispatchEvent
INFO: java.awt.event.KeyEvent[KEY_PRESSED,keyCode=65,keyText=A,keyChar='a',keyLocation=KEY_LOCATION_UNKNOWN,rawCode=0,primaryLevelUnicode=0,scancode=0,extendedKeyCode=0x0] on new item id field
Sep 27, 2021 3:49:59 PM net.sourceforge.marathon.javaagent.EventQueueDevice dispatchEvent
INFO: java.awt.event.KeyEvent[KEY_TYPED,keyCode=0,keyText=Unknown keyCode: 0x0,keyChar='a',keyLocation=KEY_LOCATION_UNKNOWN,rawCode=0,primaryLevelUnicode=0,scancode=0,extendedKeyCode=0x0] on new item id field
Sep 27, 2021 3:49:59 PM net.sourceforge.marathon.javaagent.EventQueueDevice dispatchEvent
INFO: java.awt.event.KeyEvent[KEY_RELEASED,keyCode=65,keyText=A,keyChar='a',keyLocation=KEY_LOCATION_UNKNOWN,rawCode=0,primaryLevelUnicode=0,scancode=0,extendedKeyCode=0x0] on new item id field
Sep 27, 2021 3:49:59 PM net.sourceforge.marathon.javaagent.EventQueueDevice dispatchEvent
INFO: java.awt.event.KeyEvent[KEY_PRESSED,keyCode=78,keyText=N,keyChar='n',keyLocation=KEY_LOCATION_UNKNOWN,rawCode=0,primaryLevelUnicode=0,scancode=0,extendedKeyCode=0x0] on new item id field
Sep 27, 2021 3:49:59 PM net.sourceforge.marathon.javaagent.EventQueueDevice dispatchEvent
INFO: java.awt.event.KeyEvent[KEY_TYPED,keyCode=0,keyText=Unknown keyCode: 0x0,keyChar='n',keyLocation=KEY_LOCATION_UNKNOWN,rawCode=0,primaryLevelUnicode=0,scancode=0,extendedKeyCode=0x0] on new item id field
Sep 27, 2021 3:49:59 PM net.sourceforge.marathon.javaagent.EventQueueDevice dispatchEvent
INFO: java.awt.event.KeyEvent[KEY_RELEASED,keyCode=78,keyText=N,keyChar='n',keyLocation=KEY_LOCATION_UNKNOWN,rawCode=0,primaryLevelUnicode=0,scancode=0,extendedKeyCode=0x0] on new item id field
Sep 27, 2021 3:49:59 PM net.sourceforge.marathon.javaagent.EventQueueDevice dispatchEvent
INFO: java.awt.event.KeyEvent[KEY_PRESSED,keyCode=16,keyText=Shift,keyChar=Undefined keyChar,modifiers=Shift,extModifiers=Shift,keyLocation=KEY_LOCATION_UNKNOWN,rawCode=0,primaryLevelUnicode=0,scancode=0,extendedKeyCode=0x0] on new item id field
Sep 27, 2021 3:49:59 PM net.sourceforge.marathon.javaagent.EventQueueDevice dispatchEvent
INFO: java.awt.event.KeyEvent[KEY_PRESSED,keyCode=32,keyText=Space,keyChar=' ',modifiers=Shift,extModifiers=Shift,keyLocation=KEY_LOCATION_UNKNOWN,rawCode=0,primaryLevelUnicode=0,scancode=0,extendedKeyCode=0x0] on new item id field
Sep 27, 2021 3:49:59 PM net.sourceforge.marathon.javaagent.EventQueueDevice dispatchEvent
INFO: java.awt.event.KeyEvent[KEY_TYPED,keyCode=0,keyText=Unknown keyCode: 0x0,keyChar=' ',modifiers=Shift,extModifiers=Shift,keyLocation=KEY_LOCATION_UNKNOWN,rawCode=0,primaryLevelUnicode=0,scancode=0,extendedKeyCode=0x0] on new item id field
Sep 27, 2021 3:49:59 PM net.sourceforge.marathon.javaagent.EventQueueDevice dispatchEvent
INFO: java.awt.event.KeyEvent[KEY_RELEASED,keyCode=32,keyText=Space,keyChar=' ',modifiers=Shift,extModifiers=Shift,keyLocation=KEY_LOCATION_UNKNOWN,rawCode=0,primaryLevelUnicode=0,scancode=0,extendedKeyCode=0x0] on new item id field
Sep 27, 2021 3:49:59 PM net.sourceforge.marathon.javaagent.EventQueueDevice dispatchEvent
INFO: java.awt.event.KeyEvent[KEY_RELEASED,keyCode=16,keyText=Shift,keyChar=Undefined keyChar,keyLocation=KEY_LOCATION_UNKNOWN,rawCode=0,primaryLevelUnicode=0,scancode=0,extendedKeyCode=0x0] on new item id field
Sep 27, 2021 3:49:59 PM net.sourceforge.marathon.javaagent.EventQueueDevice dispatchEvent
INFO: java.awt.event.KeyEvent[KEY_PRESSED,keyCode=73,keyText=I,keyChar='i',keyLocation=KEY_LOCATION_UNKNOWN,rawCode=0,primaryLevelUnicode=0,scancode=0,extendedKeyCode=0x0] on new item id field
Sep 27, 2021 3:49:59 PM net.sourceforge.marathon.javaagent.EventQueueDevice dispatchEvent
INFO: java.awt.event.KeyEvent[KEY_TYPED,keyCode=0,keyText=Unknown keyCode: 0x0,keyChar='i',keyLocation=KEY_LOCATION_UNKNOWN,rawCode=0,primaryLevelUnicode=0,scancode=0,extendedKeyCode=0x0] on new item id field
Sep 27, 2021 3:49:59 PM net.sourceforge.marathon.javaagent.EventQueueDevice dispatchEvent
INFO: java.awt.event.KeyEvent[KEY_RELEASED,keyCode=73,keyText=I,keyChar='i',keyLocation=KEY_LOCATION_UNKNOWN,rawCode=0,primaryLevelUnicode=0,scancode=0,extendedKeyCode=0x0] on new item id field
Sep 27, 2021 3:49:59 PM net.sourceforge.marathon.javaagent.EventQueueDevice dispatchEvent
INFO: java.awt.event.KeyEvent[KEY_PRESSED,keyCode=84,keyText=T,keyChar='t',keyLocation=KEY_LOCATION_UNKNOWN,rawCode=0,primaryLevelUnicode=0,scancode=0,extendedKeyCode=0x0] on new item id field
Sep 27, 2021 3:49:59 PM net.sourceforge.marathon.javaagent.EventQueueDevice dispatchEvent
INFO: java.awt.event.KeyEvent[KEY_TYPED,keyCode=0,keyText=Unknown keyCode: 0x0,keyChar='t',keyLocation=KEY_LOCATION_UNKNOWN,rawCode=0,primaryLevelUnicode=0,scancode=0,extendedKeyCode=0x0] on new item id field
Sep 27, 2021 3:49:59 PM net.sourceforge.marathon.javaagent.EventQueueDevice dispatchEvent
INFO: java.awt.event.KeyEvent[KEY_RELEASED,keyCode=84,keyText=T,keyChar='t',keyLocation=KEY_LOCATION_UNKNOWN,rawCode=0,primaryLevelUnicode=0,scancode=0,extendedKeyCode=0x0] on new item id field
Sep 27, 2021 3:49:59 PM net.sourceforge.marathon.javaagent.EventQueueDevice dispatchEvent
INFO: java.awt.event.KeyEvent[KEY_PRESSED,keyCode=69,keyText=E,keyChar='e',keyLocation=KEY_LOCATION_UNKNOWN,rawCode=0,primaryLevelUnicode=0,scancode=0,extendedKeyCode=0x0] on new item id field
Sep 27, 2021 3:49:59 PM net.sourceforge.marathon.javaagent.EventQueueDevice dispatchEvent
INFO: java.awt.event.KeyEvent[KEY_TYPED,keyCode=0,keyText=Unknown keyCode: 0x0,keyChar='e',keyLocation=KEY_LOCATION_UNKNOWN,rawCode=0,primaryLevelUnicode=0,scancode=0,extendedKeyCode=0x0] on new item id field
Sep 27, 2021 3:49:59 PM net.sourceforge.marathon.javaagent.EventQueueDevice dispatchEvent
INFO: java.awt.event.KeyEvent[KEY_RELEASED,keyCode=69,keyText=E,keyChar='e',keyLocation=KEY_LOCATION_UNKNOWN,rawCode=0,primaryLevelUnicode=0,scancode=0,extendedKeyCode=0x0] on new item id field
Sep 27, 2021 3:49:59 PM net.sourceforge.marathon.javaagent.EventQueueDevice dispatchEvent
INFO: java.awt.event.KeyEvent[KEY_PRESSED,keyCode=77,keyText=M,keyChar='m',keyLocation=KEY_LOCATION_UNKNOWN,rawCode=0,primaryLevelUnicode=0,scancode=0,extendedKeyCode=0x0] on new item id field
Sep 27, 2021 3:49:59 PM net.sourceforge.marathon.javaagent.EventQueueDevice dispatchEvent
INFO: java.awt.event.KeyEvent[KEY_TYPED,keyCode=0,keyText=Unknown keyCode: 0x0,keyChar='m',keyLocation=KEY_LOCATION_UNKNOWN,rawCode=0,primaryLevelUnicode=0,scancode=0,extendedKeyCode=0x0] on new item id field
Sep 27, 2021 3:49:59 PM net.sourceforge.marathon.javaagent.EventQueueDevice dispatchEvent
INFO: java.awt.event.KeyEvent[KEY_RELEASED,keyCode=77,keyText=M,keyChar='m',keyLocation=KEY_LOCATION_UNKNOWN,rawCode=0,primaryLevelUnicode=0,scancode=0,extendedKeyCode=0x0] on new item id field
Sep 27, 2021 3:49:59 PM net.sourceforge.marathon.javaagent.EventQueueDevice dispatchEvent
INFO: java.awt.event.KeyEvent[KEY_PRESSED,keyCode=45,keyText=Minus,keyChar='-',keyLocation=KEY_LOCATION_UNKNOWN,rawCode=0,primaryLevelUnicode=0,scancode=0,extendedKeyCode=0x0] on new item id field
Sep 27, 2021 3:49:59 PM net.sourceforge.marathon.javaagent.EventQueueDevice dispatchEvent
INFO: java.awt.event.KeyEvent[KEY_TYPED,keyCode=0,keyText=Unknown keyCode: 0x0,keyChar='-',keyLocation=KEY_LOCATION_UNKNOWN,rawCode=0,primaryLevelUnicode=0,scancode=0,extendedKeyCode=0x0] on new item id field
Sep 27, 2021 3:49:59 PM net.sourceforge.marathon.javaagent.EventQueueDevice dispatchEvent
INFO: java.awt.event.KeyEvent[KEY_RELEASED,keyCode=45,keyText=Minus,keyChar='-',keyLocation=KEY_LOCATION_UNKNOWN,rawCode=0,primaryLevelUnicode=0,scancode=0,extendedKeyCode=0x0] on new item id field
Sep 27, 2021 3:49:59 PM net.sourceforge.marathon.javaagent.EventQueueDevice dispatchEvent
INFO: java.awt.event.KeyEvent[KEY_PRESSED,keyCode=73,keyText=I,keyChar='i',keyLocation=KEY_LOCATION_UNKNOWN,rawCode=0,primaryLevelUnicode=0,scancode=0,extendedKeyCode=0x0] on new item id field
Sep 27, 2021 3:49:59 PM net.sourceforge.marathon.javaagent.EventQueueDevice dispatchEvent
INFO: java.awt.event.KeyEvent[KEY_TYPED,keyCode=0,keyText=Unknown keyCode: 0x0,keyChar='i',keyLocation=KEY_LOCATION_UNKNOWN,rawCode=0,primaryLevelUnicode=0,scancode=0,extendedKeyCode=0x0] on new item id field
Sep 27, 2021 3:49:59 PM net.sourceforge.marathon.javaagent.EventQueueDevice dispatchEvent
INFO: java.awt.event.KeyEvent[KEY_RELEASED,keyCode=73,keyText=I,keyChar='i',keyLocation=KEY_LOCATION_UNKNOWN,rawCode=0,primaryLevelUnicode=0,scancode=0,extendedKeyCode=0x0] on new item id field
Sep 27, 2021 3:49:59 PM net.sourceforge.marathon.javaagent.EventQueueDevice dispatchEvent
INFO: java.awt.event.KeyEvent[KEY_PRESSED,keyCode=68,keyText=D,keyChar='d',keyLocation=KEY_LOCATION_UNKNOWN,rawCode=0,primaryLevelUnicode=0,scancode=0,extendedKeyCode=0x0] on new item id field
Sep 27, 2021 3:49:59 PM net.sourceforge.marathon.javaagent.EventQueueDevice dispatchEvent
INFO: java.awt.event.KeyEvent[KEY_TYPED,keyCode=0,keyText=Unknown keyCode: 0x0,keyChar='d',keyLocation=KEY_LOCATION_UNKNOWN,rawCode=0,primaryLevelUnicode=0,scancode=0,extendedKeyCode=0x0] on new item id field
Sep 27, 2021 3:49:59 PM net.sourceforge.marathon.javaagent.EventQueueDevice dispatchEvent
INFO: java.awt.event.KeyEvent[KEY_RELEASED,keyCode=68,keyText=D,keyChar='d',keyLocation=KEY_LOCATION_UNKNOWN,rawCode=0,primaryLevelUnicode=0,scancode=0,extendedKeyCode=0x0] on new item id field
Sep 27, 2021 3:49:59 PM net.sourceforge.marathon.javaagent.server.JavaServer serve
INFO: POST(/session/730ea723-d6a3-48e8-83f2-dbb8b684688e/element/55b6f618-547e-407a-a1da-b26aba26ebc5/value, {"id":"55b6f618-547e-407a-a1da-b26aba26ebc5","value":["an item-id"]}) = {data={"name":"sendKeysElement","sessionId":"730ea723-d6a3-48e8-83f2-dbb8b684688e","status":0}, status=OK}
Sep 27, 2021 3:49:59 PM net.sourceforge.marathon.javaagent.server.JavaServer serve
INFO: JavaServer.serve(POST /session/730ea723-d6a3-48e8-83f2-dbb8b684688e/element): {
  "using": "name",
  "value": "new item stop price field"
}
Sep 27, 2021 3:49:59 PM net.sourceforge.marathon.javaagent.server.JavaServer serve
INFO: POST(/session/730ea723-d6a3-48e8-83f2-dbb8b684688e/element, {"using":"name","value":"new item stop price field"}) = {data={"name":"findElement","sessionId":"730ea723-d6a3-48e8-83f2-dbb8b684688e","value":{"ELEMENT":"3a9a1514-318e-43cb-9e3a-749ad479e5bc"},"status":0}, status=OK}
Sep 27, 2021 3:49:59 PM net.sourceforge.marathon.javaagent.server.JavaServer serve
INFO: JavaServer.serve(POST /session/730ea723-d6a3-48e8-83f2-dbb8b684688e/element/3a9a1514-318e-43cb-9e3a-749ad479e5bc/clear): {
  "id": "3a9a1514-318e-43cb-9e3a-749ad479e5bc"
}
Sep 27, 2021 3:49:59 PM net.sourceforge.marathon.javaagent.server.JavaServer serve
INFO: POST(/session/730ea723-d6a3-48e8-83f2-dbb8b684688e/element/3a9a1514-318e-43cb-9e3a-749ad479e5bc/clear, {"id":"3a9a1514-318e-43cb-9e3a-749ad479e5bc"}) = {data={"name":"clearElement","sessionId":"730ea723-d6a3-48e8-83f2-dbb8b684688e","status":0}, status=OK}
Sep 27, 2021 3:49:59 PM net.sourceforge.marathon.javaagent.server.JavaServer serve
INFO: JavaServer.serve(POST /session/730ea723-d6a3-48e8-83f2-dbb8b684688e/element/3a9a1514-318e-43cb-9e3a-749ad479e5bc/value): {
  "id": "3a9a1514-318e-43cb-9e3a-749ad479e5bc",
  "value": [
    "11000"
  ]
}
Sep 27, 2021 3:49:59 PM net.sourceforge.marathon.javaagent.EventQueueDevice dispatchEvent
INFO: java.awt.event.KeyEvent[KEY_PRESSED,keyCode=49,keyText=1,keyChar='1',keyLocation=KEY_LOCATION_UNKNOWN,rawCode=0,primaryLevelUnicode=0,scancode=0,extendedKeyCode=0x0] on new item stop price field
Sep 27, 2021 3:49:59 PM net.sourceforge.marathon.javaagent.EventQueueDevice dispatchEvent
INFO: java.awt.event.KeyEvent[KEY_TYPED,keyCode=0,keyText=Unknown keyCode: 0x0,keyChar='1',keyLocation=KEY_LOCATION_UNKNOWN,rawCode=0,primaryLevelUnicode=0,scancode=0,extendedKeyCode=0x0] on new item stop price field
Sep 27, 2021 3:49:59 PM net.sourceforge.marathon.javaagent.EventQueueDevice dispatchEvent
INFO: java.awt.event.KeyEvent[KEY_RELEASED,keyCode=49,keyText=1,keyChar='1',keyLocation=KEY_LOCATION_UNKNOWN,rawCode=0,primaryLevelUnicode=0,scancode=0,extendedKeyCode=0x0] on new item stop price field
Sep 27, 2021 3:49:59 PM net.sourceforge.marathon.javaagent.EventQueueDevice dispatchEvent
INFO: java.awt.event.KeyEvent[KEY_PRESSED,keyCode=49,keyText=1,keyChar='1',keyLocation=KEY_LOCATION_UNKNOWN,rawCode=0,primaryLevelUnicode=0,scancode=0,extendedKeyCode=0x0] on new item stop price field
Sep 27, 2021 3:49:59 PM net.sourceforge.marathon.javaagent.EventQueueDevice dispatchEvent
INFO: java.awt.event.KeyEvent[KEY_TYPED,keyCode=0,keyText=Unknown keyCode: 0x0,keyChar='1',keyLocation=KEY_LOCATION_UNKNOWN,rawCode=0,primaryLevelUnicode=0,scancode=0,extendedKeyCode=0x0] on new item stop price field
Sep 27, 2021 3:49:59 PM net.sourceforge.marathon.javaagent.EventQueueDevice dispatchEvent
INFO: java.awt.event.KeyEvent[KEY_RELEASED,keyCode=49,keyText=1,keyChar='1',keyLocation=KEY_LOCATION_UNKNOWN,rawCode=0,primaryLevelUnicode=0,scancode=0,extendedKeyCode=0x0] on new item stop price field
Sep 27, 2021 3:49:59 PM net.sourceforge.marathon.javaagent.EventQueueDevice dispatchEvent
INFO: java.awt.event.KeyEvent[KEY_PRESSED,keyCode=48,keyText=0,keyChar='0',keyLocation=KEY_LOCATION_UNKNOWN,rawCode=0,primaryLevelUnicode=0,scancode=0,extendedKeyCode=0x0] on new item stop price field
Sep 27, 2021 3:49:59 PM net.sourceforge.marathon.javaagent.EventQueueDevice dispatchEvent
INFO: java.awt.event.KeyEvent[KEY_TYPED,keyCode=0,keyText=Unknown keyCode: 0x0,keyChar='0',keyLocation=KEY_LOCATION_UNKNOWN,rawCode=0,primaryLevelUnicode=0,scancode=0,extendedKeyCode=0x0] on new item stop price field
Sep 27, 2021 3:49:59 PM net.sourceforge.marathon.javaagent.EventQueueDevice dispatchEvent
INFO: java.awt.event.KeyEvent[KEY_RELEASED,keyCode=48,keyText=0,keyChar='0',keyLocation=KEY_LOCATION_UNKNOWN,rawCode=0,primaryLevelUnicode=0,scancode=0,extendedKeyCode=0x0] on new item stop price field
Sep 27, 2021 3:49:59 PM net.sourceforge.marathon.javaagent.EventQueueDevice dispatchEvent
INFO: java.awt.event.KeyEvent[KEY_PRESSED,keyCode=48,keyText=0,keyChar='0',keyLocation=KEY_LOCATION_UNKNOWN,rawCode=0,primaryLevelUnicode=0,scancode=0,extendedKeyCode=0x0] on new item stop price field
Sep 27, 2021 3:49:59 PM net.sourceforge.marathon.javaagent.EventQueueDevice dispatchEvent
INFO: java.awt.event.KeyEvent[KEY_TYPED,keyCode=0,keyText=Unknown keyCode: 0x0,keyChar='0',keyLocation=KEY_LOCATION_UNKNOWN,rawCode=0,primaryLevelUnicode=0,scancode=0,extendedKeyCode=0x0] on new item stop price field
Sep 27, 2021 3:49:59 PM net.sourceforge.marathon.javaagent.EventQueueDevice dispatchEvent
INFO: java.awt.event.KeyEvent[KEY_RELEASED,keyCode=48,keyText=0,keyChar='0',keyLocation=KEY_LOCATION_UNKNOWN,rawCode=0,primaryLevelUnicode=0,scancode=0,extendedKeyCode=0x0] on new item stop price field
Sep 27, 2021 3:49:59 PM net.sourceforge.marathon.javaagent.EventQueueDevice dispatchEvent
INFO: java.awt.event.KeyEvent[KEY_PRESSED,keyCode=48,keyText=0,keyChar='0',keyLocation=KEY_LOCATION_UNKNOWN,rawCode=0,primaryLevelUnicode=0,scancode=0,extendedKeyCode=0x0] on new item stop price field
Sep 27, 2021 3:49:59 PM net.sourceforge.marathon.javaagent.EventQueueDevice dispatchEvent
INFO: java.awt.event.KeyEvent[KEY_TYPED,keyCode=0,keyText=Unknown keyCode: 0x0,keyChar='0',keyLocation=KEY_LOCATION_UNKNOWN,rawCode=0,primaryLevelUnicode=0,scancode=0,extendedKeyCode=0x0] on new item stop price field
Sep 27, 2021 3:49:59 PM net.sourceforge.marathon.javaagent.EventQueueDevice dispatchEvent
INFO: java.awt.event.KeyEvent[KEY_RELEASED,keyCode=48,keyText=0,keyChar='0',keyLocation=KEY_LOCATION_UNKNOWN,rawCode=0,primaryLevelUnicode=0,scancode=0,extendedKeyCode=0x0] on new item stop price field
Sep 27, 2021 3:49:59 PM net.sourceforge.marathon.javaagent.server.JavaServer serve
INFO: POST(/session/730ea723-d6a3-48e8-83f2-dbb8b684688e/element/3a9a1514-318e-43cb-9e3a-749ad479e5bc/value, {"id":"3a9a1514-318e-43cb-9e3a-749ad479e5bc","value":["11000"]}) = {data={"name":"sendKeysElement","sessionId":"730ea723-d6a3-48e8-83f2-dbb8b684688e","status":0}, status=OK}
Sep 27, 2021 3:49:59 PM net.sourceforge.marathon.javaagent.server.JavaServer serve
INFO: JavaServer.serve(POST /session/730ea723-d6a3-48e8-83f2-dbb8b684688e/element): {
  "using": "name",
  "value": "join button"
}
Sep 27, 2021 3:49:59 PM net.sourceforge.marathon.javaagent.server.JavaServer serve
INFO: POST(/session/730ea723-d6a3-48e8-83f2-dbb8b684688e/element, {"using":"name","value":"join button"}) = {data={"name":"findElement","sessionId":"730ea723-d6a3-48e8-83f2-dbb8b684688e","value":{"ELEMENT":"e00fcf4d-0432-4d03-bfbe-3e5f5f4f5408"},"status":0}, status=OK}
Sep 27, 2021 3:49:59 PM net.sourceforge.marathon.javaagent.server.JavaServer serve
INFO: JavaServer.serve(POST /session/730ea723-d6a3-48e8-83f2-dbb8b684688e/element/e00fcf4d-0432-4d03-bfbe-3e5f5f4f5408/click): {
  "id": "e00fcf4d-0432-4d03-bfbe-3e5f5f4f5408"
}
Sep 27, 2021 3:49:59 PM net.sourceforge.marathon.javaagent.EventQueueDevice dispatchEvent
INFO: java.awt.event.MouseEvent[MOUSE_PRESSED,(58,12),absolute(589,17),button=1,modifiers=Button1,extModifiers=Button1,clickCount=1] on join button
Sep 27, 2021 3:49:59 PM net.sourceforge.marathon.javaagent.EventQueueDevice dispatchEvent
INFO: java.awt.event.MouseEvent[MOUSE_RELEASED,(58,12),absolute(589,17),button=1,modifiers=Button1,clickCount=1] on join button
Sep 27, 2021 3:49:59 PM net.sourceforge.marathon.javaagent.EventQueueDevice dispatchEvent
INFO: java.awt.event.MouseEvent[MOUSE_CLICKED,(58,12),absolute(589,17),button=1,modifiers=Button1,clickCount=1] on join button
Sep 27, 2021 3:50:00 PM net.sourceforge.marathon.javaagent.server.JavaServer serve
INFO: POST(/session/730ea723-d6a3-48e8-83f2-dbb8b684688e/element/e00fcf4d-0432-4d03-bfbe-3e5f5f4f5408/click, {"id":"e00fcf4d-0432-4d03-bfbe-3e5f5f4f5408"}) = {data={"name":"clickElement","sessionId":"730ea723-d6a3-48e8-83f2-dbb8b684688e","status":0}, status=OK}
Sep 27, 2021 3:50:00 PM net.sourceforge.marathon.javaagent.server.JavaServer serve
INFO: JavaServer.serve(DELETE /session/730ea723-d6a3-48e8-83f2-dbb8b684688e/window): {}
Sep 27, 2021 3:50:00 PM net.sourceforge.marathon.javaagent.server.JavaServer serve
INFO: DELETE(/session/730ea723-d6a3-48e8-83f2-dbb8b684688e/window) = {data={"name":"closeSession","sessionId":"730ea723-d6a3-48e8-83f2-dbb8b684688e","status":0}, status=OK}
Sep 27, 2021 3:50:00 PM net.sourceforge.marathon.javaagent.server.JavaServer serve
INFO: JavaServer.serve(POST /session): {
  "desiredCapabilities": {
    "browserName": "java",
    "platform": "ANY"
  },
  "capabilities": {
    "firstMatch": [
      {
        "browserName": "java"
      }
    ]
  }
}
Sep 27, 2021 3:50:00 PM net.sourceforge.marathon.javaagent.server.JavaServer createSession
INFO: Creating device with type: EVENT_QUEUE
Sep 27, 2021 3:50:00 PM net.sourceforge.marathon.javaagent.Device getDevice
INFO: Creating a EVENT_QUEUE device
Sep 27, 2021 3:50:00 PM net.sourceforge.marathon.javaagent.server.JavaServer serve
INFO: POST(/session, {"desiredCapabilities":{"browserName":"java","platform":"ANY"},"capabilities":{"firstMatch":[{"browserName":"java"}]}}) = {data=, status=REDIRECT}
Sep 27, 2021 3:50:00 PM net.sourceforge.marathon.javaagent.server.JavaServer serve
INFO: JavaServer.serve(GET /session/797c36a5-62da-4b36-b822-6f36a6a6411b): {}
Sep 27, 2021 3:50:00 PM net.sourceforge.marathon.javaagent.server.JavaServer serve
INFO: GET(/session/797c36a5-62da-4b36-b822-6f36a6a6411b) = {data={"name":"getCapabilities","sessionId":"797c36a5-62da-4b36-b822-6f36a6a6411b","value":{"applicationCacheEnabled":false,"rotatable":false,"loggingPrefs":{"driver":"ALL"},"handlesAlerts":false,"databaseEnabled":false,"version":"1.0","platform":"ANY","browserConnectionEnabled":false,"nativeEvents":false,"acceptSslCerts":false,"locationContextEnabled":false,"webStorageEnabled":false,"browserName":"java","takesScreenshot":true,"javascriptEnabled":true,"cssSelectorsEnabled":false},"status":0}, status=OK}
Sep 27, 2021 3:50:00 PM org.openqa.selenium.remote.ProtocolHandshake createSession
INFO: Detected dialect: OSS
Sep 27, 2021 3:50:00 PM net.sourceforge.marathon.javaagent.server.JavaServer serve
INFO: JavaServer.serve(POST /session/797c36a5-62da-4b36-b822-6f36a6a6411b/element): {
  "using": "name",
  "value": "sniper reset button"
}
Sep 27, 2021 3:50:00 PM net.sourceforge.marathon.javaagent.server.JavaServer serve
INFO: POST(/session/797c36a5-62da-4b36-b822-6f36a6a6411b/element, {"using":"name","value":"sniper reset button"}) = {data={"name":"findElement","sessionId":"797c36a5-62da-4b36-b822-6f36a6a6411b","value":{"ELEMENT":"bb729d6d-70a9-47fb-a5cc-31cbb494bc54"},"status":0}, status=OK}
Sep 27, 2021 3:50:00 PM net.sourceforge.marathon.javaagent.server.JavaServer serve
INFO: JavaServer.serve(POST /session/797c36a5-62da-4b36-b822-6f36a6a6411b/element/bb729d6d-70a9-47fb-a5cc-31cbb494bc54/click): {
  "id": "bb729d6d-70a9-47fb-a5cc-31cbb494bc54"
}
Sep 27, 2021 3:50:00 PM net.sourceforge.marathon.javaagent.EventQueueDevice dispatchEvent
INFO: java.awt.event.MouseEvent[MOUSE_PRESSED,(37,12),absolute(326,474),button=1,modifiers=Button1,extModifiers=Button1,clickCount=1] on sniper reset button
Sep 27, 2021 3:50:00 PM net.sourceforge.marathon.javaagent.EventQueueDevice dispatchEvent
INFO: java.awt.event.MouseEvent[MOUSE_RELEASED,(37,12),absolute(326,474),button=1,modifiers=Button1,clickCount=1] on sniper reset button
Sep 27, 2021 3:50:00 PM net.sourceforge.marathon.javaagent.EventQueueDevice dispatchEvent
INFO: java.awt.event.MouseEvent[MOUSE_CLICKED,(37,12),absolute(326,474),button=1,modifiers=Button1,clickCount=1] on sniper reset button
Sep 27, 2021 3:50:00 PM net.sourceforge.marathon.javaagent.server.JavaServer serve
INFO: POST(/session/797c36a5-62da-4b36-b822-6f36a6a6411b/element/bb729d6d-70a9-47fb-a5cc-31cbb494bc54/click, {"id":"bb729d6d-70a9-47fb-a5cc-31cbb494bc54"}) = {data={"name":"clickElement","sessionId":"797c36a5-62da-4b36-b822-6f36a6a6411b","status":0}, status=OK}
Sep 27, 2021 3:50:00 PM net.sourceforge.marathon.javaagent.server.JavaServer serve
INFO: JavaServer.serve(DELETE /session/797c36a5-62da-4b36-b822-6f36a6a6411b/window): {}
Sep 27, 2021 3:50:00 PM net.sourceforge.marathon.javaagent.server.JavaServer serve
INFO: DELETE(/session/797c36a5-62da-4b36-b822-6f36a6a6411b/window) = {data={"name":"closeSession","sessionId":"797c36a5-62da-4b36-b822-6f36a6a6411b","status":0}, status=OK}
]]></system-err>
</testsuite>
