<?xml version="1.0" encoding="UTF-8"?>
<testsuite name="goos.ui.stub.StubUiTest" tests="1" skipped="0" failures="0" errors="0" timestamp="2022-02-19T02:29:01" hostname="buildkitsandbox" time="0.112">
  <properties/>
  <testcase name="a test" classname="goos.ui.stub.StubUiTest" time="0.112"/>
  <system-out><![CDATA[]]></system-out>
  <system-err><![CDATA[]]></system-err>
</testsuite>
