<?xml version="1.0" encoding="UTF-8"?>
<testsuite name="goos.core.AuctionSniperTest" tests="7" skipped="0" failures="0" errors="0" timestamp="2021-10-19T02:25:56" hostname="buildkitsandbox" time="0.38">
  <properties/>
  <testcase name="reports lost if auction closes immediately" classname="goos.core.AuctionSniperTest" time="0.264"/>
  <testcase name="reports lost if auction closes when bidding" classname="goos.core.AuctionSniperTest" time="0.019"/>
  <testcase name="reports won if auction closes when winning" classname="goos.core.AuctionSniperTest" time="0.016"/>
  <testcase name="bids higher and reports bidding when new price arrives" classname="goos.core.AuctionSniperTest" time="0.004"/>
  <testcase name="reports is winning when current price comes from sniper" classname="goos.core.AuctionSniperTest" time="0.013"/>
  <testcase name="reports is losing when current price comes from other and next bid is higher than stop price" classname="goos.core.AuctionSniperTest" time="0.004"/>
  <testcase name="reports failed if auction fails when bidding" classname="goos.core.AuctionSniperTest" time="0.002"/>
  <system-out><![CDATA[]]></system-out>
  <system-err><![CDATA[]]></system-err>
</testsuite>
