<?xml version="1.0" encoding="UTF-8"?>
<testsuite name="uk.org.lidalia.kotlinlangext.coroutines.sync.CountDownLatchTest" tests="14" skipped="0" failures="0" errors="0" timestamp="2022-02-27T02:30:57" hostname="buildkitsandbox" time="0.753">
  <properties/>
  <testcase name="default initial count is 1" classname="uk.org.lidalia.kotlinlangext.coroutines.sync.CountDownLatchTest" time="0.026"/>
  <testcase name="initial count 0 is allowed" classname="uk.org.lidalia.kotlinlangext.coroutines.sync.CountDownLatchTest" time="0.002"/>
  <testcase name="initial count 1 is allowed" classname="uk.org.lidalia.kotlinlangext.coroutines.sync.CountDownLatchTest" time="0.002"/>
  <testcase name="initial count 10 is allowed" classname="uk.org.lidalia.kotlinlangext.coroutines.sync.CountDownLatchTest" time="0.002"/>
  <testcase name="initial count 1000000 is allowed" classname="uk.org.lidalia.kotlinlangext.coroutines.sync.CountDownLatchTest" time="0.002"/>
  <testcase name="initial count -1 is not allowed" classname="uk.org.lidalia.kotlinlangext.coroutines.sync.CountDownLatchTest" time="0.004"/>
  <testcase name="initial count -1000000 is not allowed" classname="uk.org.lidalia.kotlinlangext.coroutines.sync.CountDownLatchTest" time="0.001"/>
  <testcase name="countDown never goes below 0" classname="uk.org.lidalia.kotlinlangext.coroutines.sync.CountDownLatchTest" time="0.056"/>
  <testcase name="countDown is atomic" classname="uk.org.lidalia.kotlinlangext.coroutines.sync.CountDownLatchTest" time="0.036"/>
  <testcase name="initial count 0 is open" classname="uk.org.lidalia.kotlinlangext.coroutines.sync.CountDownLatchTest" time="0.002"/>
  <testcase name="waits for countdown" classname="uk.org.lidalia.kotlinlangext.coroutines.sync.CountDownLatchTest" time="0.12"/>
  <testcase name="remains open forever" classname="uk.org.lidalia.kotlinlangext.coroutines.sync.CountDownLatchTest" time="0.152"/>
  <testcase name="returns true if await completes inside time" classname="uk.org.lidalia.kotlinlangext.coroutines.sync.CountDownLatchTest" time="0.108"/>
  <testcase name="returns false if await does not complete inside time" classname="uk.org.lidalia.kotlinlangext.coroutines.sync.CountDownLatchTest" time="0.202"/>
  <system-out><![CDATA[]]></system-out>
  <system-err><![CDATA[]]></system-err>
</testsuite>
