<?xml version="1.0" encoding="UTF-8"?>
<testsuite name="goos.ui.stub.StubUiTest" tests="1" skipped="0" failures="0" errors="0" timestamp="2021-09-19T02:24:36" hostname="buildkitsandbox" time="0.1">
  <properties/>
  <testcase name="a test" classname="goos.ui.stub.StubUiTest" time="0.1"/>
  <system-out><![CDATA[]]></system-out>
  <system-err><![CDATA[]]></system-err>
</testsuite>
