<?xml version="1.0" encoding="UTF-8"?>
<testsuite name="goos.ui.swing.MainWindowTest" tests="3" skipped="0" failures="0" errors="0" timestamp="2021-10-22T02:31:52" hostname="buildkitsandbox" time="3.808">
  <properties/>
  <testcase name="window has expected features" classname="goos.ui.swing.MainWindowTest" time="2.86"/>
  <testcase name="make user request when join button clicked" classname="goos.ui.swing.MainWindowTest" time="0.754"/>
  <testcase name="make user request when reset button clicked" classname="goos.ui.swing.MainWindowTest" time="0.189"/>
  <system-out><![CDATA[]]></system-out>
  <system-err><![CDATA[Oct 22, 2021 2:31:53 AM io.mockk.impl.log.JULLogger warn
WARNING: Failed to transform class goos/ui/api/UserRequestListener
java.lang.IllegalArgumentException: Unsupported class file major version 59
	at net.bytebuddy.jar.asm.ClassReader.<init>(ClassReader.java:176)
	at net.bytebuddy.jar.asm.ClassReader.<init>(ClassReader.java:158)
	at net.bytebuddy.jar.asm.ClassReader.<init>(ClassReader.java:146)
	at net.bytebuddy.utility.OpenedClassReader.of(OpenedClassReader.java:69)
	at net.bytebuddy.dynamic.scaffold.TypeWriter$Default$ForInlining.create(TypeWriter.java:2877)
	at net.bytebuddy.dynamic.scaffold.TypeWriter$Default.make(TypeWriter.java:1653)
	at net.bytebuddy.dynamic.scaffold.inline.RedefinitionDynamicTypeBuilder.make(RedefinitionDynamicTypeBuilder.java:180)
	at net.bytebuddy.dynamic.scaffold.inline.AbstractInliningDynamicTypeBuilder.make(AbstractInliningDynamicTypeBuilder.java:94)
	at net.bytebuddy.dynamic.DynamicType$Builder$AbstractBase.make(DynamicType.java:2669)
	at io.mockk.proxy.jvm.transformation.InliningClassTransformer.transform(InliningClassTransformer.kt:78)
	at java.instrument/java.lang.instrument.ClassFileTransformer.transform(ClassFileTransformer.java:246)
	at java.instrument/sun.instrument.TransformerManager.transform(TransformerManager.java:188)
	at java.instrument/sun.instrument.InstrumentationImpl.transform(InstrumentationImpl.java:563)
	at java.instrument/sun.instrument.InstrumentationImpl.retransformClasses0(Native Method)
	at java.instrument/sun.instrument.InstrumentationImpl.retransformClasses(InstrumentationImpl.java:167)
	at io.mockk.proxy.jvm.transformation.JvmInlineInstrumentation.retransform(JvmInlineInstrumentation.kt:28)
	at io.mockk.proxy.common.transformation.RetransformInlineInstrumnetation$execute$1.invoke(RetransformInlineInstrumnetation.kt:19)
	at io.mockk.proxy.common.transformation.RetransformInlineInstrumnetation$execute$1.invoke(RetransformInlineInstrumnetation.kt:6)
	at io.mockk.proxy.common.transformation.ClassTransformationSpecMap.applyTransformation(ClassTransformationSpecMap.kt:41)
	at io.mockk.proxy.common.transformation.RetransformInlineInstrumnetation.execute(RetransformInlineInstrumnetation.kt:16)
	at io.mockk.proxy.jvm.ProxyMaker.inline(ProxyMaker.kt:88)
	at io.mockk.proxy.jvm.ProxyMaker.proxy(ProxyMaker.kt:30)
	at io.mockk.impl.instantiation.JvmMockFactory.newProxy(JvmMockFactory.kt:34)
	at io.mockk.impl.instantiation.AbstractMockFactory.newProxy$default(AbstractMockFactory.kt:29)
	at io.mockk.impl.instantiation.AbstractMockFactory.mockk(AbstractMockFactory.kt:59)
	at goos.ui.swing.MainWindowTest$1$1.invokeSuspend(MainWindowTest.kt:90)
	at goos.ui.swing.MainWindowTest$1$1.invoke(MainWindowTest.kt)
	at goos.ui.swing.MainWindowTest$1$1.invoke(MainWindowTest.kt)
	at io.kotest.core.TestConfiguration$beforeTest$1.beforeTest(TestConfiguration.kt:137)
	at io.kotest.core.spec.LifecycleKt.invokeAllBeforeTestCallbacks(lifecycle.kt:76)
	at io.kotest.core.internal.TestCaseExecutor.executeActiveTest(TestCaseExecutor.kt:152)
	at io.kotest.core.internal.TestCaseExecutor.access$executeActiveTest(TestCaseExecutor.kt:57)
	at io.kotest.core.internal.TestCaseExecutor$intercept$innerExecute$1$1.invokeSuspend(TestCaseExecutor.kt:89)
	at io.kotest.core.internal.TestCaseExecutor$intercept$innerExecute$1$1.invoke(TestCaseExecutor.kt)
	at io.kotest.core.internal.TestCaseExecutor$intercept$innerExecute$1$1.invoke(TestCaseExecutor.kt)
	at io.kotest.core.internal.TestCaseExecutor.executeIfEnabled(TestCaseExecutor.kt:117)
	at io.kotest.core.internal.TestCaseExecutor.access$executeIfEnabled(TestCaseExecutor.kt:57)
	at io.kotest.core.internal.TestCaseExecutor$intercept$innerExecute$1.invokeSuspend(TestCaseExecutor.kt:89)
	at io.kotest.core.internal.TestCaseExecutor$intercept$innerExecute$1.invoke(TestCaseExecutor.kt)
	at io.kotest.core.internal.TestCaseExecutor$intercept$innerExecute$1.invoke(TestCaseExecutor.kt)
	at io.kotest.core.internal.TestCaseExecutor.intercept(TestCaseExecutor.kt:103)
	at io.kotest.core.internal.TestCaseExecutor.execute(TestCaseExecutor.kt:69)
	at io.kotest.engine.spec.runners.SingleInstanceSpecRunner.runTest(SingleInstanceSpecRunner.kt:104)
	at io.kotest.engine.spec.runners.SingleInstanceSpecRunner.access$runTest(SingleInstanceSpecRunner.kt:34)
	at io.kotest.engine.spec.runners.SingleInstanceSpecRunner$execute$interceptAndRun$2$4.invokeSuspend(SingleInstanceSpecRunner.kt:57)
	at io.kotest.engine.spec.runners.SingleInstanceSpecRunner$execute$interceptAndRun$2$4.invoke(SingleInstanceSpecRunner.kt)
	at io.kotest.engine.spec.runners.SingleInstanceSpecRunner$execute$interceptAndRun$2$4.invoke(SingleInstanceSpecRunner.kt)
	at io.kotest.engine.launchers.SequentialTestLauncher$launch$3$1$1.invokeSuspend(SequentialTestLauncher.kt:22)
	at kotlin.coroutines.jvm.internal.BaseContinuationImpl.resumeWith(ContinuationImpl.kt:33)
	at kotlinx.coroutines.DispatchedTask.run(DispatchedTask.kt:106)
	at java.base/java.util.concurrent.ThreadPoolExecutor.runWorker(ThreadPoolExecutor.java:1130)
	at java.base/java.util.concurrent.ThreadPoolExecutor$Worker.run(ThreadPoolExecutor.java:630)
	at java.base/java.lang.Thread.run(Thread.java:832)

Oct 22, 2021 2:31:54 AM net.sourceforge.marathon.javaagent.server.JavaServer serve
INFO: JavaServer.serve(POST /session): {
  "desiredCapabilities": {
    "browserName": "java",
    "platform": "ANY"
  },
  "capabilities": {
    "firstMatch": [
      {
        "browserName": "java"
      }
    ]
  }
}
Oct 22, 2021 2:31:54 AM net.sourceforge.marathon.javaagent.server.JavaServer createSession
INFO: Creating device with type: EVENT_QUEUE
Oct 22, 2021 2:31:54 AM net.sourceforge.marathon.javaagent.Device getDevice
INFO: Creating a EVENT_QUEUE device
Oct 22, 2021 2:31:54 AM net.sourceforge.marathon.javaagent.server.JavaServer serve
INFO: POST(/session, {"desiredCapabilities":{"browserName":"java","platform":"ANY"},"capabilities":{"firstMatch":[{"browserName":"java"}]}}) = {data=, status=REDIRECT}
Oct 22, 2021 2:31:54 AM net.sourceforge.marathon.javaagent.server.JavaServer serve
INFO: JavaServer.serve(GET /session/316bbbcd-2bd7-4a29-b60c-d748e97e59e7): {}
Oct 22, 2021 2:31:54 AM net.sourceforge.marathon.javaagent.server.JavaServer serve
INFO: GET(/session/316bbbcd-2bd7-4a29-b60c-d748e97e59e7) = {data={"name":"getCapabilities","sessionId":"316bbbcd-2bd7-4a29-b60c-d748e97e59e7","value":{"applicationCacheEnabled":false,"rotatable":false,"loggingPrefs":{"driver":"ALL"},"handlesAlerts":false,"databaseEnabled":false,"version":"1.0","platform":"ANY","browserConnectionEnabled":false,"nativeEvents":false,"acceptSslCerts":false,"locationContextEnabled":false,"webStorageEnabled":false,"browserName":"java","takesScreenshot":true,"javascriptEnabled":true,"cssSelectorsEnabled":false},"status":0}, status=OK}
Oct 22, 2021 2:31:55 AM org.openqa.selenium.remote.ProtocolHandshake createSession
INFO: Detected dialect: OSS
Oct 22, 2021 2:31:55 AM net.sourceforge.marathon.javaagent.server.JavaServer serve
INFO: JavaServer.serve(POST /session/316bbbcd-2bd7-4a29-b60c-d748e97e59e7/element): {
  "using": "css selector",
  "value": "."
}
Oct 22, 2021 2:31:55 AM net.sourceforge.marathon.javaagent.server.JavaServer serve
INFO: POST(/session/316bbbcd-2bd7-4a29-b60c-d748e97e59e7/element, {"using":"css selector","value":"."}) = {data={"name":"findElement","sessionId":"316bbbcd-2bd7-4a29-b60c-d748e97e59e7","value":{"ELEMENT":"e4cdbf97-f1b7-418e-8e4f-db1b13be968f"},"status":0}, status=OK}
Oct 22, 2021 2:31:55 AM net.sourceforge.marathon.javaagent.server.JavaServer serve
INFO: JavaServer.serve(GET /session/316bbbcd-2bd7-4a29-b60c-d748e97e59e7/element/e4cdbf97-f1b7-418e-8e4f-db1b13be968f/attribute/name): {}
Oct 22, 2021 2:31:55 AM net.sourceforge.marathon.javaagent.server.JavaServer serve
INFO: GET(/session/316bbbcd-2bd7-4a29-b60c-d748e97e59e7/element/e4cdbf97-f1b7-418e-8e4f-db1b13be968f/attribute/name) = {data={"name":"getElementAttribute","sessionId":"316bbbcd-2bd7-4a29-b60c-d748e97e59e7","value":"Auction Sniper Name","status":0}, status=OK}
Oct 22, 2021 2:31:55 AM net.sourceforge.marathon.javaagent.server.JavaServer serve
INFO: JavaServer.serve(POST /session/316bbbcd-2bd7-4a29-b60c-d748e97e59e7/element): {
  "using": "css selector",
  "value": "."
}
Oct 22, 2021 2:31:55 AM net.sourceforge.marathon.javaagent.server.JavaServer serve
INFO: POST(/session/316bbbcd-2bd7-4a29-b60c-d748e97e59e7/element, {"using":"css selector","value":"."}) = {data={"name":"findElement","sessionId":"316bbbcd-2bd7-4a29-b60c-d748e97e59e7","value":{"ELEMENT":"e4cdbf97-f1b7-418e-8e4f-db1b13be968f"},"status":0}, status=OK}
Oct 22, 2021 2:31:55 AM net.sourceforge.marathon.javaagent.server.JavaServer serve
INFO: JavaServer.serve(GET /session/316bbbcd-2bd7-4a29-b60c-d748e97e59e7/element/e4cdbf97-f1b7-418e-8e4f-db1b13be968f/displayed): {}
Oct 22, 2021 2:31:55 AM net.sourceforge.marathon.javaagent.server.JavaServer serve
INFO: GET(/session/316bbbcd-2bd7-4a29-b60c-d748e97e59e7/element/e4cdbf97-f1b7-418e-8e4f-db1b13be968f/displayed) = {data={"name":"isDisplayed","sessionId":"316bbbcd-2bd7-4a29-b60c-d748e97e59e7","value":true,"status":0}, status=OK}
Oct 22, 2021 2:31:55 AM net.sourceforge.marathon.javaagent.server.JavaServer serve
INFO: JavaServer.serve(GET /session/316bbbcd-2bd7-4a29-b60c-d748e97e59e7/title): {}
Oct 22, 2021 2:31:55 AM net.sourceforge.marathon.javaagent.server.JavaServer serve
INFO: GET(/session/316bbbcd-2bd7-4a29-b60c-d748e97e59e7/title) = {data={"name":"getWindowTitle","sessionId":"316bbbcd-2bd7-4a29-b60c-d748e97e59e7","value":"Auction Sniper","status":0}, status=OK}
Oct 22, 2021 2:31:55 AM net.sourceforge.marathon.javaagent.server.JavaServer serve
INFO: JavaServer.serve(POST /session/316bbbcd-2bd7-4a29-b60c-d748e97e59e7/element): {
  "using": "name",
  "value": "snipers table"
}
Oct 22, 2021 2:31:55 AM net.sourceforge.marathon.javaagent.server.JavaServer serve
INFO: POST(/session/316bbbcd-2bd7-4a29-b60c-d748e97e59e7/element, {"using":"name","value":"snipers table"}) = {data={"name":"findElement","sessionId":"316bbbcd-2bd7-4a29-b60c-d748e97e59e7","value":{"ELEMENT":"95c0bdb2-95f5-400a-9769-3130c74c1822"},"status":0}, status=OK}
Oct 22, 2021 2:31:55 AM net.sourceforge.marathon.javaagent.server.JavaServer serve
INFO: JavaServer.serve(POST /session/316bbbcd-2bd7-4a29-b60c-d748e97e59e7/element/95c0bdb2-95f5-400a-9769-3130c74c1822/elements): {
  "id": "95c0bdb2-95f5-400a-9769-3130c74c1822",
  "using": "css selector",
  "value": ".::header.::all-items"
}
Oct 22, 2021 2:31:55 AM net.sourceforge.marathon.javaagent.server.JavaServer serve
INFO: POST(/session/316bbbcd-2bd7-4a29-b60c-d748e97e59e7/element/95c0bdb2-95f5-400a-9769-3130c74c1822/elements, {"using":"css selector","id":"95c0bdb2-95f5-400a-9769-3130c74c1822","value":".::header.::all-items"}) = {data={"name":"findElementsOfElement","sessionId":"316bbbcd-2bd7-4a29-b60c-d748e97e59e7","value":[{"ELEMENT":"3fd97df8-84b2-4cb5-8329-a73f61126bb8%23%7B%22selector%22%3A%22nth-item%22%2C%22parameters%22%3A%5B1%5D%7D"},{"ELEMENT":"3fd97df8-84b2-4cb5-8329-a73f61126bb8%23%7B%22selector%22%3A%22nth-item%22%2C%22parameters%22%3A%5B2%5D%7D"},{"ELEMENT":"3fd97df8-84b2-4cb5-8329-a73f61126bb8%23%7B%22selector%22%3A%22nth-item%22%2C%22parameters%22%3A%5B3%5D%7D"},{"ELEMENT":"3fd97df8-84b2-4cb5-8329-a73f61126bb8%23%7B%22selector%22%3A%22nth-item%22%2C%22parameters%22%3A%5B4%5D%7D"}],"status":0}, status=OK}
Oct 22, 2021 2:31:55 AM net.sourceforge.marathon.javaagent.server.JavaServer serve
INFO: JavaServer.serve(GET /session/316bbbcd-2bd7-4a29-b60c-d748e97e59e7/element/3fd97df8-84b2-4cb5-8329-a73f61126bb8%23%7B%22selector%22%3A%22nth-item%22%2C%22parameters%22%3A%5B1%5D%7D/text): {}
Oct 22, 2021 2:31:55 AM net.sourceforge.marathon.javaagent.server.JavaServer serve
INFO: GET(/session/316bbbcd-2bd7-4a29-b60c-d748e97e59e7/element/3fd97df8-84b2-4cb5-8329-a73f61126bb8%23%7B%22selector%22%3A%22nth-item%22%2C%22parameters%22%3A%5B1%5D%7D/text) = {data={"name":"getElementText","sessionId":"316bbbcd-2bd7-4a29-b60c-d748e97e59e7","value":"Item","status":0}, status=OK}
Oct 22, 2021 2:31:55 AM net.sourceforge.marathon.javaagent.server.JavaServer serve
INFO: JavaServer.serve(GET /session/316bbbcd-2bd7-4a29-b60c-d748e97e59e7/element/3fd97df8-84b2-4cb5-8329-a73f61126bb8%23%7B%22selector%22%3A%22nth-item%22%2C%22parameters%22%3A%5B2%5D%7D/text): {}
Oct 22, 2021 2:31:55 AM net.sourceforge.marathon.javaagent.server.JavaServer serve
INFO: GET(/session/316bbbcd-2bd7-4a29-b60c-d748e97e59e7/element/3fd97df8-84b2-4cb5-8329-a73f61126bb8%23%7B%22selector%22%3A%22nth-item%22%2C%22parameters%22%3A%5B2%5D%7D/text) = {data={"name":"getElementText","sessionId":"316bbbcd-2bd7-4a29-b60c-d748e97e59e7","value":"Last Price","status":0}, status=OK}
Oct 22, 2021 2:31:55 AM net.sourceforge.marathon.javaagent.server.JavaServer serve
INFO: JavaServer.serve(GET /session/316bbbcd-2bd7-4a29-b60c-d748e97e59e7/element/3fd97df8-84b2-4cb5-8329-a73f61126bb8%23%7B%22selector%22%3A%22nth-item%22%2C%22parameters%22%3A%5B3%5D%7D/text): {}
Oct 22, 2021 2:31:55 AM net.sourceforge.marathon.javaagent.server.JavaServer serve
INFO: GET(/session/316bbbcd-2bd7-4a29-b60c-d748e97e59e7/element/3fd97df8-84b2-4cb5-8329-a73f61126bb8%23%7B%22selector%22%3A%22nth-item%22%2C%22parameters%22%3A%5B3%5D%7D/text) = {data={"name":"getElementText","sessionId":"316bbbcd-2bd7-4a29-b60c-d748e97e59e7","value":"Last Bid","status":0}, status=OK}
Oct 22, 2021 2:31:55 AM net.sourceforge.marathon.javaagent.server.JavaServer serve
INFO: JavaServer.serve(GET /session/316bbbcd-2bd7-4a29-b60c-d748e97e59e7/element/3fd97df8-84b2-4cb5-8329-a73f61126bb8%23%7B%22selector%22%3A%22nth-item%22%2C%22parameters%22%3A%5B4%5D%7D/text): {}
Oct 22, 2021 2:31:55 AM net.sourceforge.marathon.javaagent.server.JavaServer serve
INFO: GET(/session/316bbbcd-2bd7-4a29-b60c-d748e97e59e7/element/3fd97df8-84b2-4cb5-8329-a73f61126bb8%23%7B%22selector%22%3A%22nth-item%22%2C%22parameters%22%3A%5B4%5D%7D/text) = {data={"name":"getElementText","sessionId":"316bbbcd-2bd7-4a29-b60c-d748e97e59e7","value":"State","status":0}, status=OK}
Oct 22, 2021 2:31:55 AM net.sourceforge.marathon.javaagent.server.JavaServer serve
INFO: JavaServer.serve(DELETE /session/316bbbcd-2bd7-4a29-b60c-d748e97e59e7/window): {}
Oct 22, 2021 2:31:55 AM net.sourceforge.marathon.javaagent.server.JavaServer serve
INFO: DELETE(/session/316bbbcd-2bd7-4a29-b60c-d748e97e59e7/window) = {data={"name":"closeSession","sessionId":"316bbbcd-2bd7-4a29-b60c-d748e97e59e7","status":0}, status=OK}
Oct 22, 2021 2:31:55 AM net.sourceforge.marathon.javaagent.server.JavaServer serve
INFO: JavaServer.serve(POST /session): {
  "desiredCapabilities": {
    "browserName": "java",
    "platform": "ANY"
  },
  "capabilities": {
    "firstMatch": [
      {
        "browserName": "java"
      }
    ]
  }
}
Oct 22, 2021 2:31:55 AM net.sourceforge.marathon.javaagent.server.JavaServer createSession
INFO: Creating device with type: EVENT_QUEUE
Oct 22, 2021 2:31:55 AM net.sourceforge.marathon.javaagent.Device getDevice
INFO: Creating a EVENT_QUEUE device
Oct 22, 2021 2:31:55 AM net.sourceforge.marathon.javaagent.server.JavaServer serve
INFO: POST(/session, {"desiredCapabilities":{"browserName":"java","platform":"ANY"},"capabilities":{"firstMatch":[{"browserName":"java"}]}}) = {data=, status=REDIRECT}
Oct 22, 2021 2:31:55 AM net.sourceforge.marathon.javaagent.server.JavaServer serve
INFO: JavaServer.serve(GET /session/618f6eb3-b5d2-4f1c-889f-525f77330ceb): {}
Oct 22, 2021 2:31:55 AM net.sourceforge.marathon.javaagent.server.JavaServer serve
INFO: GET(/session/618f6eb3-b5d2-4f1c-889f-525f77330ceb) = {data={"name":"getCapabilities","sessionId":"618f6eb3-b5d2-4f1c-889f-525f77330ceb","value":{"applicationCacheEnabled":false,"rotatable":false,"loggingPrefs":{"driver":"ALL"},"handlesAlerts":false,"databaseEnabled":false,"version":"1.0","platform":"ANY","browserConnectionEnabled":false,"nativeEvents":false,"acceptSslCerts":false,"locationContextEnabled":false,"webStorageEnabled":false,"browserName":"java","takesScreenshot":true,"javascriptEnabled":true,"cssSelectorsEnabled":false},"status":0}, status=OK}
Oct 22, 2021 2:31:55 AM org.openqa.selenium.remote.ProtocolHandshake createSession
INFO: Detected dialect: OSS
Oct 22, 2021 2:31:55 AM net.sourceforge.marathon.javaagent.server.JavaServer serve
INFO: JavaServer.serve(POST /session/618f6eb3-b5d2-4f1c-889f-525f77330ceb/element): {
  "using": "name",
  "value": "new item id field"
}
Oct 22, 2021 2:31:55 AM net.sourceforge.marathon.javaagent.server.JavaServer serve
INFO: POST(/session/618f6eb3-b5d2-4f1c-889f-525f77330ceb/element, {"using":"name","value":"new item id field"}) = {data={"name":"findElement","sessionId":"618f6eb3-b5d2-4f1c-889f-525f77330ceb","value":{"ELEMENT":"07262dc4-6eeb-45db-b0cf-b21e1954b417"},"status":0}, status=OK}
Oct 22, 2021 2:31:55 AM net.sourceforge.marathon.javaagent.server.JavaServer serve
INFO: JavaServer.serve(POST /session/618f6eb3-b5d2-4f1c-889f-525f77330ceb/element/07262dc4-6eeb-45db-b0cf-b21e1954b417/clear): {
  "id": "07262dc4-6eeb-45db-b0cf-b21e1954b417"
}
Oct 22, 2021 2:31:55 AM net.sourceforge.marathon.javaagent.server.JavaServer serve
INFO: POST(/session/618f6eb3-b5d2-4f1c-889f-525f77330ceb/element/07262dc4-6eeb-45db-b0cf-b21e1954b417/clear, {"id":"07262dc4-6eeb-45db-b0cf-b21e1954b417"}) = {data={"name":"clearElement","sessionId":"618f6eb3-b5d2-4f1c-889f-525f77330ceb","status":0}, status=OK}
Oct 22, 2021 2:31:55 AM net.sourceforge.marathon.javaagent.server.JavaServer serve
INFO: JavaServer.serve(POST /session/618f6eb3-b5d2-4f1c-889f-525f77330ceb/element/07262dc4-6eeb-45db-b0cf-b21e1954b417/value): {
  "id": "07262dc4-6eeb-45db-b0cf-b21e1954b417",
  "value": [
    "an item-id"
  ]
}
Oct 22, 2021 2:31:55 AM net.sourceforge.marathon.javaagent.EventQueueDevice dispatchEvent
INFO: java.awt.event.KeyEvent[KEY_PRESSED,keyCode=65,keyText=A,keyChar='a',keyLocation=KEY_LOCATION_UNKNOWN,rawCode=0,primaryLevelUnicode=0,scancode=0,extendedKeyCode=0x0] on new item id field
Oct 22, 2021 2:31:55 AM net.sourceforge.marathon.javaagent.EventQueueDevice dispatchEvent
INFO: java.awt.event.KeyEvent[KEY_TYPED,keyCode=0,keyText=Unknown keyCode: 0x0,keyChar='a',keyLocation=KEY_LOCATION_UNKNOWN,rawCode=0,primaryLevelUnicode=0,scancode=0,extendedKeyCode=0x0] on new item id field
Oct 22, 2021 2:31:55 AM net.sourceforge.marathon.javaagent.EventQueueDevice dispatchEvent
INFO: java.awt.event.KeyEvent[KEY_RELEASED,keyCode=65,keyText=A,keyChar='a',keyLocation=KEY_LOCATION_UNKNOWN,rawCode=0,primaryLevelUnicode=0,scancode=0,extendedKeyCode=0x0] on new item id field
Oct 22, 2021 2:31:55 AM net.sourceforge.marathon.javaagent.EventQueueDevice dispatchEvent
INFO: java.awt.event.KeyEvent[KEY_PRESSED,keyCode=78,keyText=N,keyChar='n',keyLocation=KEY_LOCATION_UNKNOWN,rawCode=0,primaryLevelUnicode=0,scancode=0,extendedKeyCode=0x0] on new item id field
Oct 22, 2021 2:31:55 AM net.sourceforge.marathon.javaagent.EventQueueDevice dispatchEvent
INFO: java.awt.event.KeyEvent[KEY_TYPED,keyCode=0,keyText=Unknown keyCode: 0x0,keyChar='n',keyLocation=KEY_LOCATION_UNKNOWN,rawCode=0,primaryLevelUnicode=0,scancode=0,extendedKeyCode=0x0] on new item id field
Oct 22, 2021 2:31:55 AM net.sourceforge.marathon.javaagent.EventQueueDevice dispatchEvent
INFO: java.awt.event.KeyEvent[KEY_RELEASED,keyCode=78,keyText=N,keyChar='n',keyLocation=KEY_LOCATION_UNKNOWN,rawCode=0,primaryLevelUnicode=0,scancode=0,extendedKeyCode=0x0] on new item id field
Oct 22, 2021 2:31:55 AM net.sourceforge.marathon.javaagent.EventQueueDevice dispatchEvent
INFO: java.awt.event.KeyEvent[KEY_PRESSED,keyCode=16,keyText=Shift,keyChar=Undefined keyChar,modifiers=Shift,extModifiers=Shift,keyLocation=KEY_LOCATION_UNKNOWN,rawCode=0,primaryLevelUnicode=0,scancode=0,extendedKeyCode=0x0] on new item id field
Oct 22, 2021 2:31:55 AM net.sourceforge.marathon.javaagent.EventQueueDevice dispatchEvent
INFO: java.awt.event.KeyEvent[KEY_PRESSED,keyCode=32,keyText=Space,keyChar=' ',modifiers=Shift,extModifiers=Shift,keyLocation=KEY_LOCATION_UNKNOWN,rawCode=0,primaryLevelUnicode=0,scancode=0,extendedKeyCode=0x0] on new item id field
Oct 22, 2021 2:31:55 AM net.sourceforge.marathon.javaagent.EventQueueDevice dispatchEvent
INFO: java.awt.event.KeyEvent[KEY_TYPED,keyCode=0,keyText=Unknown keyCode: 0x0,keyChar=' ',modifiers=Shift,extModifiers=Shift,keyLocation=KEY_LOCATION_UNKNOWN,rawCode=0,primaryLevelUnicode=0,scancode=0,extendedKeyCode=0x0] on new item id field
Oct 22, 2021 2:31:55 AM net.sourceforge.marathon.javaagent.EventQueueDevice dispatchEvent
INFO: java.awt.event.KeyEvent[KEY_RELEASED,keyCode=32,keyText=Space,keyChar=' ',modifiers=Shift,extModifiers=Shift,keyLocation=KEY_LOCATION_UNKNOWN,rawCode=0,primaryLevelUnicode=0,scancode=0,extendedKeyCode=0x0] on new item id field
Oct 22, 2021 2:31:55 AM net.sourceforge.marathon.javaagent.EventQueueDevice dispatchEvent
INFO: java.awt.event.KeyEvent[KEY_RELEASED,keyCode=16,keyText=Shift,keyChar=Undefined keyChar,keyLocation=KEY_LOCATION_UNKNOWN,rawCode=0,primaryLevelUnicode=0,scancode=0,extendedKeyCode=0x0] on new item id field
Oct 22, 2021 2:31:55 AM net.sourceforge.marathon.javaagent.EventQueueDevice dispatchEvent
INFO: java.awt.event.KeyEvent[KEY_PRESSED,keyCode=73,keyText=I,keyChar='i',keyLocation=KEY_LOCATION_UNKNOWN,rawCode=0,primaryLevelUnicode=0,scancode=0,extendedKeyCode=0x0] on new item id field
Oct 22, 2021 2:31:55 AM net.sourceforge.marathon.javaagent.EventQueueDevice dispatchEvent
INFO: java.awt.event.KeyEvent[KEY_TYPED,keyCode=0,keyText=Unknown keyCode: 0x0,keyChar='i',keyLocation=KEY_LOCATION_UNKNOWN,rawCode=0,primaryLevelUnicode=0,scancode=0,extendedKeyCode=0x0] on new item id field
Oct 22, 2021 2:31:55 AM net.sourceforge.marathon.javaagent.EventQueueDevice dispatchEvent
INFO: java.awt.event.KeyEvent[KEY_RELEASED,keyCode=73,keyText=I,keyChar='i',keyLocation=KEY_LOCATION_UNKNOWN,rawCode=0,primaryLevelUnicode=0,scancode=0,extendedKeyCode=0x0] on new item id field
Oct 22, 2021 2:31:55 AM net.sourceforge.marathon.javaagent.EventQueueDevice dispatchEvent
INFO: java.awt.event.KeyEvent[KEY_PRESSED,keyCode=84,keyText=T,keyChar='t',keyLocation=KEY_LOCATION_UNKNOWN,rawCode=0,primaryLevelUnicode=0,scancode=0,extendedKeyCode=0x0] on new item id field
Oct 22, 2021 2:31:55 AM net.sourceforge.marathon.javaagent.EventQueueDevice dispatchEvent
INFO: java.awt.event.KeyEvent[KEY_TYPED,keyCode=0,keyText=Unknown keyCode: 0x0,keyChar='t',keyLocation=KEY_LOCATION_UNKNOWN,rawCode=0,primaryLevelUnicode=0,scancode=0,extendedKeyCode=0x0] on new item id field
Oct 22, 2021 2:31:55 AM net.sourceforge.marathon.javaagent.EventQueueDevice dispatchEvent
INFO: java.awt.event.KeyEvent[KEY_RELEASED,keyCode=84,keyText=T,keyChar='t',keyLocation=KEY_LOCATION_UNKNOWN,rawCode=0,primaryLevelUnicode=0,scancode=0,extendedKeyCode=0x0] on new item id field
Oct 22, 2021 2:31:55 AM net.sourceforge.marathon.javaagent.EventQueueDevice dispatchEvent
INFO: java.awt.event.KeyEvent[KEY_PRESSED,keyCode=69,keyText=E,keyChar='e',keyLocation=KEY_LOCATION_UNKNOWN,rawCode=0,primaryLevelUnicode=0,scancode=0,extendedKeyCode=0x0] on new item id field
Oct 22, 2021 2:31:55 AM net.sourceforge.marathon.javaagent.EventQueueDevice dispatchEvent
INFO: java.awt.event.KeyEvent[KEY_TYPED,keyCode=0,keyText=Unknown keyCode: 0x0,keyChar='e',keyLocation=KEY_LOCATION_UNKNOWN,rawCode=0,primaryLevelUnicode=0,scancode=0,extendedKeyCode=0x0] on new item id field
Oct 22, 2021 2:31:55 AM net.sourceforge.marathon.javaagent.EventQueueDevice dispatchEvent
INFO: java.awt.event.KeyEvent[KEY_RELEASED,keyCode=69,keyText=E,keyChar='e',keyLocation=KEY_LOCATION_UNKNOWN,rawCode=0,primaryLevelUnicode=0,scancode=0,extendedKeyCode=0x0] on new item id field
Oct 22, 2021 2:31:55 AM net.sourceforge.marathon.javaagent.EventQueueDevice dispatchEvent
INFO: java.awt.event.KeyEvent[KEY_PRESSED,keyCode=77,keyText=M,keyChar='m',keyLocation=KEY_LOCATION_UNKNOWN,rawCode=0,primaryLevelUnicode=0,scancode=0,extendedKeyCode=0x0] on new item id field
Oct 22, 2021 2:31:55 AM net.sourceforge.marathon.javaagent.EventQueueDevice dispatchEvent
INFO: java.awt.event.KeyEvent[KEY_TYPED,keyCode=0,keyText=Unknown keyCode: 0x0,keyChar='m',keyLocation=KEY_LOCATION_UNKNOWN,rawCode=0,primaryLevelUnicode=0,scancode=0,extendedKeyCode=0x0] on new item id field
Oct 22, 2021 2:31:55 AM net.sourceforge.marathon.javaagent.EventQueueDevice dispatchEvent
INFO: java.awt.event.KeyEvent[KEY_RELEASED,keyCode=77,keyText=M,keyChar='m',keyLocation=KEY_LOCATION_UNKNOWN,rawCode=0,primaryLevelUnicode=0,scancode=0,extendedKeyCode=0x0] on new item id field
Oct 22, 2021 2:31:55 AM net.sourceforge.marathon.javaagent.EventQueueDevice dispatchEvent
INFO: java.awt.event.KeyEvent[KEY_PRESSED,keyCode=45,keyText=Minus,keyChar='-',keyLocation=KEY_LOCATION_UNKNOWN,rawCode=0,primaryLevelUnicode=0,scancode=0,extendedKeyCode=0x0] on new item id field
Oct 22, 2021 2:31:55 AM net.sourceforge.marathon.javaagent.EventQueueDevice dispatchEvent
INFO: java.awt.event.KeyEvent[KEY_TYPED,keyCode=0,keyText=Unknown keyCode: 0x0,keyChar='-',keyLocation=KEY_LOCATION_UNKNOWN,rawCode=0,primaryLevelUnicode=0,scancode=0,extendedKeyCode=0x0] on new item id field
Oct 22, 2021 2:31:55 AM net.sourceforge.marathon.javaagent.EventQueueDevice dispatchEvent
INFO: java.awt.event.KeyEvent[KEY_RELEASED,keyCode=45,keyText=Minus,keyChar='-',keyLocation=KEY_LOCATION_UNKNOWN,rawCode=0,primaryLevelUnicode=0,scancode=0,extendedKeyCode=0x0] on new item id field
Oct 22, 2021 2:31:55 AM net.sourceforge.marathon.javaagent.EventQueueDevice dispatchEvent
INFO: java.awt.event.KeyEvent[KEY_PRESSED,keyCode=73,keyText=I,keyChar='i',keyLocation=KEY_LOCATION_UNKNOWN,rawCode=0,primaryLevelUnicode=0,scancode=0,extendedKeyCode=0x0] on new item id field
Oct 22, 2021 2:31:55 AM net.sourceforge.marathon.javaagent.EventQueueDevice dispatchEvent
INFO: java.awt.event.KeyEvent[KEY_TYPED,keyCode=0,keyText=Unknown keyCode: 0x0,keyChar='i',keyLocation=KEY_LOCATION_UNKNOWN,rawCode=0,primaryLevelUnicode=0,scancode=0,extendedKeyCode=0x0] on new item id field
Oct 22, 2021 2:31:55 AM net.sourceforge.marathon.javaagent.EventQueueDevice dispatchEvent
INFO: java.awt.event.KeyEvent[KEY_RELEASED,keyCode=73,keyText=I,keyChar='i',keyLocation=KEY_LOCATION_UNKNOWN,rawCode=0,primaryLevelUnicode=0,scancode=0,extendedKeyCode=0x0] on new item id field
Oct 22, 2021 2:31:55 AM net.sourceforge.marathon.javaagent.EventQueueDevice dispatchEvent
INFO: java.awt.event.KeyEvent[KEY_PRESSED,keyCode=68,keyText=D,keyChar='d',keyLocation=KEY_LOCATION_UNKNOWN,rawCode=0,primaryLevelUnicode=0,scancode=0,extendedKeyCode=0x0] on new item id field
Oct 22, 2021 2:31:55 AM net.sourceforge.marathon.javaagent.EventQueueDevice dispatchEvent
INFO: java.awt.event.KeyEvent[KEY_TYPED,keyCode=0,keyText=Unknown keyCode: 0x0,keyChar='d',keyLocation=KEY_LOCATION_UNKNOWN,rawCode=0,primaryLevelUnicode=0,scancode=0,extendedKeyCode=0x0] on new item id field
Oct 22, 2021 2:31:55 AM net.sourceforge.marathon.javaagent.EventQueueDevice dispatchEvent
INFO: java.awt.event.KeyEvent[KEY_RELEASED,keyCode=68,keyText=D,keyChar='d',keyLocation=KEY_LOCATION_UNKNOWN,rawCode=0,primaryLevelUnicode=0,scancode=0,extendedKeyCode=0x0] on new item id field
Oct 22, 2021 2:31:55 AM net.sourceforge.marathon.javaagent.server.JavaServer serve
INFO: POST(/session/618f6eb3-b5d2-4f1c-889f-525f77330ceb/element/07262dc4-6eeb-45db-b0cf-b21e1954b417/value, {"id":"07262dc4-6eeb-45db-b0cf-b21e1954b417","value":["an item-id"]}) = {data={"name":"sendKeysElement","sessionId":"618f6eb3-b5d2-4f1c-889f-525f77330ceb","status":0}, status=OK}
Oct 22, 2021 2:31:55 AM net.sourceforge.marathon.javaagent.server.JavaServer serve
INFO: JavaServer.serve(POST /session/618f6eb3-b5d2-4f1c-889f-525f77330ceb/element): {
  "using": "name",
  "value": "new item stop price field"
}
Oct 22, 2021 2:31:55 AM net.sourceforge.marathon.javaagent.server.JavaServer serve
INFO: POST(/session/618f6eb3-b5d2-4f1c-889f-525f77330ceb/element, {"using":"name","value":"new item stop price field"}) = {data={"name":"findElement","sessionId":"618f6eb3-b5d2-4f1c-889f-525f77330ceb","value":{"ELEMENT":"d37e6350-0c36-4371-b032-d53535aaeccc"},"status":0}, status=OK}
Oct 22, 2021 2:31:55 AM net.sourceforge.marathon.javaagent.server.JavaServer serve
INFO: JavaServer.serve(POST /session/618f6eb3-b5d2-4f1c-889f-525f77330ceb/element/d37e6350-0c36-4371-b032-d53535aaeccc/clear): {
  "id": "d37e6350-0c36-4371-b032-d53535aaeccc"
}
Oct 22, 2021 2:31:55 AM net.sourceforge.marathon.javaagent.server.JavaServer serve
INFO: POST(/session/618f6eb3-b5d2-4f1c-889f-525f77330ceb/element/d37e6350-0c36-4371-b032-d53535aaeccc/clear, {"id":"d37e6350-0c36-4371-b032-d53535aaeccc"}) = {data={"name":"clearElement","sessionId":"618f6eb3-b5d2-4f1c-889f-525f77330ceb","status":0}, status=OK}
Oct 22, 2021 2:31:55 AM net.sourceforge.marathon.javaagent.server.JavaServer serve
INFO: JavaServer.serve(POST /session/618f6eb3-b5d2-4f1c-889f-525f77330ceb/element/d37e6350-0c36-4371-b032-d53535aaeccc/value): {
  "id": "d37e6350-0c36-4371-b032-d53535aaeccc",
  "value": [
    "11000"
  ]
}
Oct 22, 2021 2:31:55 AM net.sourceforge.marathon.javaagent.EventQueueDevice dispatchEvent
INFO: java.awt.event.KeyEvent[KEY_PRESSED,keyCode=49,keyText=1,keyChar='1',keyLocation=KEY_LOCATION_UNKNOWN,rawCode=0,primaryLevelUnicode=0,scancode=0,extendedKeyCode=0x0] on new item stop price field
Oct 22, 2021 2:31:55 AM net.sourceforge.marathon.javaagent.EventQueueDevice dispatchEvent
INFO: java.awt.event.KeyEvent[KEY_TYPED,keyCode=0,keyText=Unknown keyCode: 0x0,keyChar='1',keyLocation=KEY_LOCATION_UNKNOWN,rawCode=0,primaryLevelUnicode=0,scancode=0,extendedKeyCode=0x0] on new item stop price field
Oct 22, 2021 2:31:55 AM net.sourceforge.marathon.javaagent.EventQueueDevice dispatchEvent
INFO: java.awt.event.KeyEvent[KEY_RELEASED,keyCode=49,keyText=1,keyChar='1',keyLocation=KEY_LOCATION_UNKNOWN,rawCode=0,primaryLevelUnicode=0,scancode=0,extendedKeyCode=0x0] on new item stop price field
Oct 22, 2021 2:31:55 AM net.sourceforge.marathon.javaagent.EventQueueDevice dispatchEvent
INFO: java.awt.event.KeyEvent[KEY_PRESSED,keyCode=49,keyText=1,keyChar='1',keyLocation=KEY_LOCATION_UNKNOWN,rawCode=0,primaryLevelUnicode=0,scancode=0,extendedKeyCode=0x0] on new item stop price field
Oct 22, 2021 2:31:55 AM net.sourceforge.marathon.javaagent.EventQueueDevice dispatchEvent
INFO: java.awt.event.KeyEvent[KEY_TYPED,keyCode=0,keyText=Unknown keyCode: 0x0,keyChar='1',keyLocation=KEY_LOCATION_UNKNOWN,rawCode=0,primaryLevelUnicode=0,scancode=0,extendedKeyCode=0x0] on new item stop price field
Oct 22, 2021 2:31:55 AM net.sourceforge.marathon.javaagent.EventQueueDevice dispatchEvent
INFO: java.awt.event.KeyEvent[KEY_RELEASED,keyCode=49,keyText=1,keyChar='1',keyLocation=KEY_LOCATION_UNKNOWN,rawCode=0,primaryLevelUnicode=0,scancode=0,extendedKeyCode=0x0] on new item stop price field
Oct 22, 2021 2:31:55 AM net.sourceforge.marathon.javaagent.EventQueueDevice dispatchEvent
INFO: java.awt.event.KeyEvent[KEY_PRESSED,keyCode=48,keyText=0,keyChar='0',keyLocation=KEY_LOCATION_UNKNOWN,rawCode=0,primaryLevelUnicode=0,scancode=0,extendedKeyCode=0x0] on new item stop price field
Oct 22, 2021 2:31:55 AM net.sourceforge.marathon.javaagent.EventQueueDevice dispatchEvent
INFO: java.awt.event.KeyEvent[KEY_TYPED,keyCode=0,keyText=Unknown keyCode: 0x0,keyChar='0',keyLocation=KEY_LOCATION_UNKNOWN,rawCode=0,primaryLevelUnicode=0,scancode=0,extendedKeyCode=0x0] on new item stop price field
Oct 22, 2021 2:31:55 AM net.sourceforge.marathon.javaagent.EventQueueDevice dispatchEvent
INFO: java.awt.event.KeyEvent[KEY_RELEASED,keyCode=48,keyText=0,keyChar='0',keyLocation=KEY_LOCATION_UNKNOWN,rawCode=0,primaryLevelUnicode=0,scancode=0,extendedKeyCode=0x0] on new item stop price field
Oct 22, 2021 2:31:55 AM net.sourceforge.marathon.javaagent.EventQueueDevice dispatchEvent
INFO: java.awt.event.KeyEvent[KEY_PRESSED,keyCode=48,keyText=0,keyChar='0',keyLocation=KEY_LOCATION_UNKNOWN,rawCode=0,primaryLevelUnicode=0,scancode=0,extendedKeyCode=0x0] on new item stop price field
Oct 22, 2021 2:31:55 AM net.sourceforge.marathon.javaagent.EventQueueDevice dispatchEvent
INFO: java.awt.event.KeyEvent[KEY_TYPED,keyCode=0,keyText=Unknown keyCode: 0x0,keyChar='0',keyLocation=KEY_LOCATION_UNKNOWN,rawCode=0,primaryLevelUnicode=0,scancode=0,extendedKeyCode=0x0] on new item stop price field
Oct 22, 2021 2:31:55 AM net.sourceforge.marathon.javaagent.EventQueueDevice dispatchEvent
INFO: java.awt.event.KeyEvent[KEY_RELEASED,keyCode=48,keyText=0,keyChar='0',keyLocation=KEY_LOCATION_UNKNOWN,rawCode=0,primaryLevelUnicode=0,scancode=0,extendedKeyCode=0x0] on new item stop price field
Oct 22, 2021 2:31:55 AM net.sourceforge.marathon.javaagent.EventQueueDevice dispatchEvent
INFO: java.awt.event.KeyEvent[KEY_PRESSED,keyCode=48,keyText=0,keyChar='0',keyLocation=KEY_LOCATION_UNKNOWN,rawCode=0,primaryLevelUnicode=0,scancode=0,extendedKeyCode=0x0] on new item stop price field
Oct 22, 2021 2:31:55 AM net.sourceforge.marathon.javaagent.EventQueueDevice dispatchEvent
INFO: java.awt.event.KeyEvent[KEY_TYPED,keyCode=0,keyText=Unknown keyCode: 0x0,keyChar='0',keyLocation=KEY_LOCATION_UNKNOWN,rawCode=0,primaryLevelUnicode=0,scancode=0,extendedKeyCode=0x0] on new item stop price field
Oct 22, 2021 2:31:55 AM net.sourceforge.marathon.javaagent.EventQueueDevice dispatchEvent
INFO: java.awt.event.KeyEvent[KEY_RELEASED,keyCode=48,keyText=0,keyChar='0',keyLocation=KEY_LOCATION_UNKNOWN,rawCode=0,primaryLevelUnicode=0,scancode=0,extendedKeyCode=0x0] on new item stop price field
Oct 22, 2021 2:31:55 AM net.sourceforge.marathon.javaagent.server.JavaServer serve
INFO: POST(/session/618f6eb3-b5d2-4f1c-889f-525f77330ceb/element/d37e6350-0c36-4371-b032-d53535aaeccc/value, {"id":"d37e6350-0c36-4371-b032-d53535aaeccc","value":["11000"]}) = {data={"name":"sendKeysElement","sessionId":"618f6eb3-b5d2-4f1c-889f-525f77330ceb","status":0}, status=OK}
Oct 22, 2021 2:31:55 AM net.sourceforge.marathon.javaagent.server.JavaServer serve
INFO: JavaServer.serve(POST /session/618f6eb3-b5d2-4f1c-889f-525f77330ceb/element): {
  "using": "name",
  "value": "join button"
}
Oct 22, 2021 2:31:55 AM net.sourceforge.marathon.javaagent.server.JavaServer serve
INFO: POST(/session/618f6eb3-b5d2-4f1c-889f-525f77330ceb/element, {"using":"name","value":"join button"}) = {data={"name":"findElement","sessionId":"618f6eb3-b5d2-4f1c-889f-525f77330ceb","value":{"ELEMENT":"e5f364b0-fcf5-4640-a306-c7aff0a432b0"},"status":0}, status=OK}
Oct 22, 2021 2:31:55 AM net.sourceforge.marathon.javaagent.server.JavaServer serve
INFO: JavaServer.serve(POST /session/618f6eb3-b5d2-4f1c-889f-525f77330ceb/element/e5f364b0-fcf5-4640-a306-c7aff0a432b0/click): {
  "id": "e5f364b0-fcf5-4640-a306-c7aff0a432b0"
}
Oct 22, 2021 2:31:55 AM net.sourceforge.marathon.javaagent.EventQueueDevice dispatchEvent
INFO: java.awt.event.MouseEvent[MOUSE_PRESSED,(58,12),absolute(589,17),button=1,modifiers=Button1,extModifiers=Button1,clickCount=1] on join button
Oct 22, 2021 2:31:55 AM net.sourceforge.marathon.javaagent.EventQueueDevice dispatchEvent
INFO: java.awt.event.MouseEvent[MOUSE_RELEASED,(58,12),absolute(589,17),button=1,modifiers=Button1,clickCount=1] on join button
Oct 22, 2021 2:31:55 AM net.sourceforge.marathon.javaagent.EventQueueDevice dispatchEvent
INFO: java.awt.event.MouseEvent[MOUSE_CLICKED,(58,12),absolute(589,17),button=1,modifiers=Button1,clickCount=1] on join button
Oct 22, 2021 2:31:56 AM net.sourceforge.marathon.javaagent.server.JavaServer serve
INFO: POST(/session/618f6eb3-b5d2-4f1c-889f-525f77330ceb/element/e5f364b0-fcf5-4640-a306-c7aff0a432b0/click, {"id":"e5f364b0-fcf5-4640-a306-c7aff0a432b0"}) = {data={"name":"clickElement","sessionId":"618f6eb3-b5d2-4f1c-889f-525f77330ceb","status":0}, status=OK}
Oct 22, 2021 2:31:56 AM net.sourceforge.marathon.javaagent.server.JavaServer serve
INFO: JavaServer.serve(DELETE /session/618f6eb3-b5d2-4f1c-889f-525f77330ceb/window): {}
Oct 22, 2021 2:31:56 AM net.sourceforge.marathon.javaagent.server.JavaServer serve
INFO: DELETE(/session/618f6eb3-b5d2-4f1c-889f-525f77330ceb/window) = {data={"name":"closeSession","sessionId":"618f6eb3-b5d2-4f1c-889f-525f77330ceb","status":0}, status=OK}
Oct 22, 2021 2:31:56 AM net.sourceforge.marathon.javaagent.server.JavaServer serve
INFO: JavaServer.serve(POST /session): {
  "desiredCapabilities": {
    "browserName": "java",
    "platform": "ANY"
  },
  "capabilities": {
    "firstMatch": [
      {
        "browserName": "java"
      }
    ]
  }
}
Oct 22, 2021 2:31:56 AM net.sourceforge.marathon.javaagent.server.JavaServer createSession
INFO: Creating device with type: EVENT_QUEUE
Oct 22, 2021 2:31:56 AM net.sourceforge.marathon.javaagent.Device getDevice
INFO: Creating a EVENT_QUEUE device
Oct 22, 2021 2:31:56 AM net.sourceforge.marathon.javaagent.server.JavaServer serve
INFO: POST(/session, {"desiredCapabilities":{"browserName":"java","platform":"ANY"},"capabilities":{"firstMatch":[{"browserName":"java"}]}}) = {data=, status=REDIRECT}
Oct 22, 2021 2:31:56 AM net.sourceforge.marathon.javaagent.server.JavaServer serve
INFO: JavaServer.serve(GET /session/d4e42e46-29a6-41e7-972f-1f9ced99920c): {}
Oct 22, 2021 2:31:56 AM net.sourceforge.marathon.javaagent.server.JavaServer serve
INFO: GET(/session/d4e42e46-29a6-41e7-972f-1f9ced99920c) = {data={"name":"getCapabilities","sessionId":"d4e42e46-29a6-41e7-972f-1f9ced99920c","value":{"applicationCacheEnabled":false,"rotatable":false,"loggingPrefs":{"driver":"ALL"},"handlesAlerts":false,"databaseEnabled":false,"version":"1.0","platform":"ANY","browserConnectionEnabled":false,"nativeEvents":false,"acceptSslCerts":false,"locationContextEnabled":false,"webStorageEnabled":false,"browserName":"java","takesScreenshot":true,"javascriptEnabled":true,"cssSelectorsEnabled":false},"status":0}, status=OK}
Oct 22, 2021 2:31:56 AM org.openqa.selenium.remote.ProtocolHandshake createSession
INFO: Detected dialect: OSS
Oct 22, 2021 2:31:56 AM net.sourceforge.marathon.javaagent.server.JavaServer serve
INFO: JavaServer.serve(POST /session/d4e42e46-29a6-41e7-972f-1f9ced99920c/element): {
  "using": "name",
  "value": "sniper reset button"
}
Oct 22, 2021 2:31:56 AM net.sourceforge.marathon.javaagent.server.JavaServer serve
INFO: POST(/session/d4e42e46-29a6-41e7-972f-1f9ced99920c/element, {"using":"name","value":"sniper reset button"}) = {data={"name":"findElement","sessionId":"d4e42e46-29a6-41e7-972f-1f9ced99920c","value":{"ELEMENT":"84d2e619-a292-490c-ad09-e6519ccf3397"},"status":0}, status=OK}
Oct 22, 2021 2:31:56 AM net.sourceforge.marathon.javaagent.server.JavaServer serve
INFO: JavaServer.serve(POST /session/d4e42e46-29a6-41e7-972f-1f9ced99920c/element/84d2e619-a292-490c-ad09-e6519ccf3397/click): {
  "id": "84d2e619-a292-490c-ad09-e6519ccf3397"
}
Oct 22, 2021 2:31:56 AM net.sourceforge.marathon.javaagent.EventQueueDevice dispatchEvent
INFO: java.awt.event.MouseEvent[MOUSE_PRESSED,(37,12),absolute(326,474),button=1,modifiers=Button1,extModifiers=Button1,clickCount=1] on sniper reset button
Oct 22, 2021 2:31:56 AM net.sourceforge.marathon.javaagent.EventQueueDevice dispatchEvent
INFO: java.awt.event.MouseEvent[MOUSE_RELEASED,(37,12),absolute(326,474),button=1,modifiers=Button1,clickCount=1] on sniper reset button
Oct 22, 2021 2:31:56 AM net.sourceforge.marathon.javaagent.EventQueueDevice dispatchEvent
INFO: java.awt.event.MouseEvent[MOUSE_CLICKED,(37,12),absolute(326,474),button=1,modifiers=Button1,clickCount=1] on sniper reset button
Oct 22, 2021 2:31:56 AM net.sourceforge.marathon.javaagent.server.JavaServer serve
INFO: POST(/session/d4e42e46-29a6-41e7-972f-1f9ced99920c/element/84d2e619-a292-490c-ad09-e6519ccf3397/click, {"id":"84d2e619-a292-490c-ad09-e6519ccf3397"}) = {data={"name":"clickElement","sessionId":"d4e42e46-29a6-41e7-972f-1f9ced99920c","status":0}, status=OK}
Oct 22, 2021 2:31:56 AM net.sourceforge.marathon.javaagent.server.JavaServer serve
INFO: JavaServer.serve(DELETE /session/d4e42e46-29a6-41e7-972f-1f9ced99920c/window): {}
Oct 22, 2021 2:31:56 AM net.sourceforge.marathon.javaagent.server.JavaServer serve
INFO: DELETE(/session/d4e42e46-29a6-41e7-972f-1f9ced99920c/window) = {data={"name":"closeSession","sessionId":"d4e42e46-29a6-41e7-972f-1f9ced99920c","status":0}, status=OK}
]]></system-err>
</testsuite>
