<?xml version="1.0" encoding="UTF-8"?>
<testsuite name="goos.ui.swing.MainWindowTest" tests="3" skipped="0" failures="0" errors="0" timestamp="2021-10-11T02:28:22" hostname="buildkitsandbox" time="4.06">
  <properties/>
  <testcase name="window has expected features" classname="goos.ui.swing.MainWindowTest" time="2.983"/>
  <testcase name="make user request when join button clicked" classname="goos.ui.swing.MainWindowTest" time="0.88"/>
  <testcase name="make user request when reset button clicked" classname="goos.ui.swing.MainWindowTest" time="0.187"/>
  <system-out><![CDATA[]]></system-out>
  <system-err><![CDATA[Oct 11, 2021 2:28:22 AM io.mockk.impl.log.JULLogger warn
WARNING: Failed to transform class goos/ui/api/UserRequestListener
java.lang.IllegalArgumentException: Unsupported class file major version 59
	at net.bytebuddy.jar.asm.ClassReader.<init>(ClassReader.java:176)
	at net.bytebuddy.jar.asm.ClassReader.<init>(ClassReader.java:158)
	at net.bytebuddy.jar.asm.ClassReader.<init>(ClassReader.java:146)
	at net.bytebuddy.utility.OpenedClassReader.of(OpenedClassReader.java:69)
	at net.bytebuddy.dynamic.scaffold.TypeWriter$Default$ForInlining.create(TypeWriter.java:2877)
	at net.bytebuddy.dynamic.scaffold.TypeWriter$Default.make(TypeWriter.java:1653)
	at net.bytebuddy.dynamic.scaffold.inline.RedefinitionDynamicTypeBuilder.make(RedefinitionDynamicTypeBuilder.java:180)
	at net.bytebuddy.dynamic.scaffold.inline.AbstractInliningDynamicTypeBuilder.make(AbstractInliningDynamicTypeBuilder.java:94)
	at net.bytebuddy.dynamic.DynamicType$Builder$AbstractBase.make(DynamicType.java:2669)
	at io.mockk.proxy.jvm.transformation.InliningClassTransformer.transform(InliningClassTransformer.kt:78)
	at java.instrument/java.lang.instrument.ClassFileTransformer.transform(ClassFileTransformer.java:246)
	at java.instrument/sun.instrument.TransformerManager.transform(TransformerManager.java:188)
	at java.instrument/sun.instrument.InstrumentationImpl.transform(InstrumentationImpl.java:563)
	at java.instrument/sun.instrument.InstrumentationImpl.retransformClasses0(Native Method)
	at java.instrument/sun.instrument.InstrumentationImpl.retransformClasses(InstrumentationImpl.java:167)
	at io.mockk.proxy.jvm.transformation.JvmInlineInstrumentation.retransform(JvmInlineInstrumentation.kt:28)
	at io.mockk.proxy.common.transformation.RetransformInlineInstrumnetation$execute$1.invoke(RetransformInlineInstrumnetation.kt:19)
	at io.mockk.proxy.common.transformation.RetransformInlineInstrumnetation$execute$1.invoke(RetransformInlineInstrumnetation.kt:6)
	at io.mockk.proxy.common.transformation.ClassTransformationSpecMap.applyTransformation(ClassTransformationSpecMap.kt:41)
	at io.mockk.proxy.common.transformation.RetransformInlineInstrumnetation.execute(RetransformInlineInstrumnetation.kt:16)
	at io.mockk.proxy.jvm.ProxyMaker.inline(ProxyMaker.kt:88)
	at io.mockk.proxy.jvm.ProxyMaker.proxy(ProxyMaker.kt:30)
	at io.mockk.impl.instantiation.JvmMockFactory.newProxy(JvmMockFactory.kt:34)
	at io.mockk.impl.instantiation.AbstractMockFactory.newProxy$default(AbstractMockFactory.kt:29)
	at io.mockk.impl.instantiation.AbstractMockFactory.mockk(AbstractMockFactory.kt:59)
	at goos.ui.swing.MainWindowTest$1$1.invokeSuspend(MainWindowTest.kt:90)
	at goos.ui.swing.MainWindowTest$1$1.invoke(MainWindowTest.kt)
	at goos.ui.swing.MainWindowTest$1$1.invoke(MainWindowTest.kt)
	at io.kotest.core.TestConfiguration$beforeTest$1.beforeTest(TestConfiguration.kt:137)
	at io.kotest.core.spec.LifecycleKt.invokeAllBeforeTestCallbacks(lifecycle.kt:76)
	at io.kotest.core.internal.TestCaseExecutor.executeActiveTest(TestCaseExecutor.kt:152)
	at io.kotest.core.internal.TestCaseExecutor.access$executeActiveTest(TestCaseExecutor.kt:57)
	at io.kotest.core.internal.TestCaseExecutor$intercept$innerExecute$1$1.invokeSuspend(TestCaseExecutor.kt:89)
	at io.kotest.core.internal.TestCaseExecutor$intercept$innerExecute$1$1.invoke(TestCaseExecutor.kt)
	at io.kotest.core.internal.TestCaseExecutor$intercept$innerExecute$1$1.invoke(TestCaseExecutor.kt)
	at io.kotest.core.internal.TestCaseExecutor.executeIfEnabled(TestCaseExecutor.kt:117)
	at io.kotest.core.internal.TestCaseExecutor.access$executeIfEnabled(TestCaseExecutor.kt:57)
	at io.kotest.core.internal.TestCaseExecutor$intercept$innerExecute$1.invokeSuspend(TestCaseExecutor.kt:89)
	at io.kotest.core.internal.TestCaseExecutor$intercept$innerExecute$1.invoke(TestCaseExecutor.kt)
	at io.kotest.core.internal.TestCaseExecutor$intercept$innerExecute$1.invoke(TestCaseExecutor.kt)
	at io.kotest.core.internal.TestCaseExecutor.intercept(TestCaseExecutor.kt:103)
	at io.kotest.core.internal.TestCaseExecutor.execute(TestCaseExecutor.kt:69)
	at io.kotest.engine.spec.runners.SingleInstanceSpecRunner.runTest(SingleInstanceSpecRunner.kt:104)
	at io.kotest.engine.spec.runners.SingleInstanceSpecRunner.access$runTest(SingleInstanceSpecRunner.kt:34)
	at io.kotest.engine.spec.runners.SingleInstanceSpecRunner$execute$interceptAndRun$2$4.invokeSuspend(SingleInstanceSpecRunner.kt:57)
	at io.kotest.engine.spec.runners.SingleInstanceSpecRunner$execute$interceptAndRun$2$4.invoke(SingleInstanceSpecRunner.kt)
	at io.kotest.engine.spec.runners.SingleInstanceSpecRunner$execute$interceptAndRun$2$4.invoke(SingleInstanceSpecRunner.kt)
	at io.kotest.engine.launchers.SequentialTestLauncher$launch$3$1$1.invokeSuspend(SequentialTestLauncher.kt:22)
	at kotlin.coroutines.jvm.internal.BaseContinuationImpl.resumeWith(ContinuationImpl.kt:33)
	at kotlinx.coroutines.DispatchedTask.run(DispatchedTask.kt:106)
	at java.base/java.util.concurrent.ThreadPoolExecutor.runWorker(ThreadPoolExecutor.java:1130)
	at java.base/java.util.concurrent.ThreadPoolExecutor$Worker.run(ThreadPoolExecutor.java:630)
	at java.base/java.lang.Thread.run(Thread.java:832)

Oct 11, 2021 2:28:24 AM net.sourceforge.marathon.javaagent.server.JavaServer serve
INFO: JavaServer.serve(POST /session): {
  "desiredCapabilities": {
    "browserName": "java",
    "platform": "ANY"
  },
  "capabilities": {
    "firstMatch": [
      {
        "browserName": "java"
      }
    ]
  }
}
Oct 11, 2021 2:28:24 AM net.sourceforge.marathon.javaagent.server.JavaServer createSession
INFO: Creating device with type: EVENT_QUEUE
Oct 11, 2021 2:28:24 AM net.sourceforge.marathon.javaagent.Device getDevice
INFO: Creating a EVENT_QUEUE device
Oct 11, 2021 2:28:24 AM net.sourceforge.marathon.javaagent.server.JavaServer serve
INFO: POST(/session, {"desiredCapabilities":{"browserName":"java","platform":"ANY"},"capabilities":{"firstMatch":[{"browserName":"java"}]}}) = {data=, status=REDIRECT}
Oct 11, 2021 2:28:24 AM net.sourceforge.marathon.javaagent.server.JavaServer serve
INFO: JavaServer.serve(GET /session/0b68b0a5-47a2-4317-a93c-30d918dab49e): {}
Oct 11, 2021 2:28:24 AM net.sourceforge.marathon.javaagent.server.JavaServer serve
INFO: GET(/session/0b68b0a5-47a2-4317-a93c-30d918dab49e) = {data={"name":"getCapabilities","sessionId":"0b68b0a5-47a2-4317-a93c-30d918dab49e","value":{"applicationCacheEnabled":false,"rotatable":false,"loggingPrefs":{"driver":"ALL"},"handlesAlerts":false,"databaseEnabled":false,"version":"1.0","platform":"ANY","browserConnectionEnabled":false,"nativeEvents":false,"acceptSslCerts":false,"locationContextEnabled":false,"webStorageEnabled":false,"browserName":"java","takesScreenshot":true,"javascriptEnabled":true,"cssSelectorsEnabled":false},"status":0}, status=OK}
Oct 11, 2021 2:28:24 AM org.openqa.selenium.remote.ProtocolHandshake createSession
INFO: Detected dialect: OSS
Oct 11, 2021 2:28:24 AM net.sourceforge.marathon.javaagent.server.JavaServer serve
INFO: JavaServer.serve(POST /session/0b68b0a5-47a2-4317-a93c-30d918dab49e/element): {
  "using": "css selector",
  "value": "."
}
Oct 11, 2021 2:28:24 AM net.sourceforge.marathon.javaagent.server.JavaServer serve
INFO: POST(/session/0b68b0a5-47a2-4317-a93c-30d918dab49e/element, {"using":"css selector","value":"."}) = {data={"name":"findElement","sessionId":"0b68b0a5-47a2-4317-a93c-30d918dab49e","value":{"ELEMENT":"62400664-ae32-4e96-b102-555a82378593"},"status":0}, status=OK}
Oct 11, 2021 2:28:24 AM net.sourceforge.marathon.javaagent.server.JavaServer serve
INFO: JavaServer.serve(GET /session/0b68b0a5-47a2-4317-a93c-30d918dab49e/element/62400664-ae32-4e96-b102-555a82378593/attribute/name): {}
Oct 11, 2021 2:28:24 AM net.sourceforge.marathon.javaagent.server.JavaServer serve
INFO: GET(/session/0b68b0a5-47a2-4317-a93c-30d918dab49e/element/62400664-ae32-4e96-b102-555a82378593/attribute/name) = {data={"name":"getElementAttribute","sessionId":"0b68b0a5-47a2-4317-a93c-30d918dab49e","value":"Auction Sniper Name","status":0}, status=OK}
Oct 11, 2021 2:28:24 AM net.sourceforge.marathon.javaagent.server.JavaServer serve
INFO: JavaServer.serve(POST /session/0b68b0a5-47a2-4317-a93c-30d918dab49e/element): {
  "using": "css selector",
  "value": "."
}
Oct 11, 2021 2:28:24 AM net.sourceforge.marathon.javaagent.server.JavaServer serve
INFO: POST(/session/0b68b0a5-47a2-4317-a93c-30d918dab49e/element, {"using":"css selector","value":"."}) = {data={"name":"findElement","sessionId":"0b68b0a5-47a2-4317-a93c-30d918dab49e","value":{"ELEMENT":"62400664-ae32-4e96-b102-555a82378593"},"status":0}, status=OK}
Oct 11, 2021 2:28:24 AM net.sourceforge.marathon.javaagent.server.JavaServer serve
INFO: JavaServer.serve(GET /session/0b68b0a5-47a2-4317-a93c-30d918dab49e/element/62400664-ae32-4e96-b102-555a82378593/displayed): {}
Oct 11, 2021 2:28:24 AM net.sourceforge.marathon.javaagent.server.JavaServer serve
INFO: GET(/session/0b68b0a5-47a2-4317-a93c-30d918dab49e/element/62400664-ae32-4e96-b102-555a82378593/displayed) = {data={"name":"isDisplayed","sessionId":"0b68b0a5-47a2-4317-a93c-30d918dab49e","value":true,"status":0}, status=OK}
Oct 11, 2021 2:28:24 AM net.sourceforge.marathon.javaagent.server.JavaServer serve
INFO: JavaServer.serve(GET /session/0b68b0a5-47a2-4317-a93c-30d918dab49e/title): {}
Oct 11, 2021 2:28:24 AM net.sourceforge.marathon.javaagent.server.JavaServer serve
INFO: GET(/session/0b68b0a5-47a2-4317-a93c-30d918dab49e/title) = {data={"name":"getWindowTitle","sessionId":"0b68b0a5-47a2-4317-a93c-30d918dab49e","value":"Auction Sniper","status":0}, status=OK}
Oct 11, 2021 2:28:24 AM net.sourceforge.marathon.javaagent.server.JavaServer serve
INFO: JavaServer.serve(POST /session/0b68b0a5-47a2-4317-a93c-30d918dab49e/element): {
  "using": "name",
  "value": "snipers table"
}
Oct 11, 2021 2:28:24 AM net.sourceforge.marathon.javaagent.server.JavaServer serve
INFO: POST(/session/0b68b0a5-47a2-4317-a93c-30d918dab49e/element, {"using":"name","value":"snipers table"}) = {data={"name":"findElement","sessionId":"0b68b0a5-47a2-4317-a93c-30d918dab49e","value":{"ELEMENT":"c5d82f01-40e6-4e3a-bf87-ab743391ef9e"},"status":0}, status=OK}
Oct 11, 2021 2:28:24 AM net.sourceforge.marathon.javaagent.server.JavaServer serve
INFO: JavaServer.serve(POST /session/0b68b0a5-47a2-4317-a93c-30d918dab49e/element/c5d82f01-40e6-4e3a-bf87-ab743391ef9e/elements): {
  "id": "c5d82f01-40e6-4e3a-bf87-ab743391ef9e",
  "using": "css selector",
  "value": ".::header.::all-items"
}
Oct 11, 2021 2:28:24 AM net.sourceforge.marathon.javaagent.server.JavaServer serve
INFO: POST(/session/0b68b0a5-47a2-4317-a93c-30d918dab49e/element/c5d82f01-40e6-4e3a-bf87-ab743391ef9e/elements, {"using":"css selector","id":"c5d82f01-40e6-4e3a-bf87-ab743391ef9e","value":".::header.::all-items"}) = {data={"name":"findElementsOfElement","sessionId":"0b68b0a5-47a2-4317-a93c-30d918dab49e","value":[{"ELEMENT":"e0bd7e11-ea5a-4881-b3fd-394f2d52ac10%23%7B%22selector%22%3A%22nth-item%22%2C%22parameters%22%3A%5B1%5D%7D"},{"ELEMENT":"e0bd7e11-ea5a-4881-b3fd-394f2d52ac10%23%7B%22selector%22%3A%22nth-item%22%2C%22parameters%22%3A%5B2%5D%7D"},{"ELEMENT":"e0bd7e11-ea5a-4881-b3fd-394f2d52ac10%23%7B%22selector%22%3A%22nth-item%22%2C%22parameters%22%3A%5B3%5D%7D"},{"ELEMENT":"e0bd7e11-ea5a-4881-b3fd-394f2d52ac10%23%7B%22selector%22%3A%22nth-item%22%2C%22parameters%22%3A%5B4%5D%7D"}],"status":0}, status=OK}
Oct 11, 2021 2:28:24 AM net.sourceforge.marathon.javaagent.server.JavaServer serve
INFO: JavaServer.serve(GET /session/0b68b0a5-47a2-4317-a93c-30d918dab49e/element/e0bd7e11-ea5a-4881-b3fd-394f2d52ac10%23%7B%22selector%22%3A%22nth-item%22%2C%22parameters%22%3A%5B1%5D%7D/text): {}
Oct 11, 2021 2:28:24 AM net.sourceforge.marathon.javaagent.server.JavaServer serve
INFO: GET(/session/0b68b0a5-47a2-4317-a93c-30d918dab49e/element/e0bd7e11-ea5a-4881-b3fd-394f2d52ac10%23%7B%22selector%22%3A%22nth-item%22%2C%22parameters%22%3A%5B1%5D%7D/text) = {data={"name":"getElementText","sessionId":"0b68b0a5-47a2-4317-a93c-30d918dab49e","value":"Item","status":0}, status=OK}
Oct 11, 2021 2:28:24 AM net.sourceforge.marathon.javaagent.server.JavaServer serve
INFO: JavaServer.serve(GET /session/0b68b0a5-47a2-4317-a93c-30d918dab49e/element/e0bd7e11-ea5a-4881-b3fd-394f2d52ac10%23%7B%22selector%22%3A%22nth-item%22%2C%22parameters%22%3A%5B2%5D%7D/text): {}
Oct 11, 2021 2:28:24 AM net.sourceforge.marathon.javaagent.server.JavaServer serve
INFO: GET(/session/0b68b0a5-47a2-4317-a93c-30d918dab49e/element/e0bd7e11-ea5a-4881-b3fd-394f2d52ac10%23%7B%22selector%22%3A%22nth-item%22%2C%22parameters%22%3A%5B2%5D%7D/text) = {data={"name":"getElementText","sessionId":"0b68b0a5-47a2-4317-a93c-30d918dab49e","value":"Last Price","status":0}, status=OK}
Oct 11, 2021 2:28:24 AM net.sourceforge.marathon.javaagent.server.JavaServer serve
INFO: JavaServer.serve(GET /session/0b68b0a5-47a2-4317-a93c-30d918dab49e/element/e0bd7e11-ea5a-4881-b3fd-394f2d52ac10%23%7B%22selector%22%3A%22nth-item%22%2C%22parameters%22%3A%5B3%5D%7D/text): {}
Oct 11, 2021 2:28:24 AM net.sourceforge.marathon.javaagent.server.JavaServer serve
INFO: GET(/session/0b68b0a5-47a2-4317-a93c-30d918dab49e/element/e0bd7e11-ea5a-4881-b3fd-394f2d52ac10%23%7B%22selector%22%3A%22nth-item%22%2C%22parameters%22%3A%5B3%5D%7D/text) = {data={"name":"getElementText","sessionId":"0b68b0a5-47a2-4317-a93c-30d918dab49e","value":"Last Bid","status":0}, status=OK}
Oct 11, 2021 2:28:24 AM net.sourceforge.marathon.javaagent.server.JavaServer serve
INFO: JavaServer.serve(GET /session/0b68b0a5-47a2-4317-a93c-30d918dab49e/element/e0bd7e11-ea5a-4881-b3fd-394f2d52ac10%23%7B%22selector%22%3A%22nth-item%22%2C%22parameters%22%3A%5B4%5D%7D/text): {}
Oct 11, 2021 2:28:24 AM net.sourceforge.marathon.javaagent.server.JavaServer serve
INFO: GET(/session/0b68b0a5-47a2-4317-a93c-30d918dab49e/element/e0bd7e11-ea5a-4881-b3fd-394f2d52ac10%23%7B%22selector%22%3A%22nth-item%22%2C%22parameters%22%3A%5B4%5D%7D/text) = {data={"name":"getElementText","sessionId":"0b68b0a5-47a2-4317-a93c-30d918dab49e","value":"State","status":0}, status=OK}
Oct 11, 2021 2:28:24 AM net.sourceforge.marathon.javaagent.server.JavaServer serve
INFO: JavaServer.serve(DELETE /session/0b68b0a5-47a2-4317-a93c-30d918dab49e/window): {}
Oct 11, 2021 2:28:24 AM net.sourceforge.marathon.javaagent.server.JavaServer serve
INFO: DELETE(/session/0b68b0a5-47a2-4317-a93c-30d918dab49e/window) = {data={"name":"closeSession","sessionId":"0b68b0a5-47a2-4317-a93c-30d918dab49e","status":0}, status=OK}
Oct 11, 2021 2:28:25 AM net.sourceforge.marathon.javaagent.server.JavaServer serve
INFO: JavaServer.serve(POST /session): {
  "desiredCapabilities": {
    "browserName": "java",
    "platform": "ANY"
  },
  "capabilities": {
    "firstMatch": [
      {
        "browserName": "java"
      }
    ]
  }
}
Oct 11, 2021 2:28:25 AM net.sourceforge.marathon.javaagent.server.JavaServer createSession
INFO: Creating device with type: EVENT_QUEUE
Oct 11, 2021 2:28:25 AM net.sourceforge.marathon.javaagent.Device getDevice
INFO: Creating a EVENT_QUEUE device
Oct 11, 2021 2:28:25 AM net.sourceforge.marathon.javaagent.server.JavaServer serve
INFO: POST(/session, {"desiredCapabilities":{"browserName":"java","platform":"ANY"},"capabilities":{"firstMatch":[{"browserName":"java"}]}}) = {data=, status=REDIRECT}
Oct 11, 2021 2:28:25 AM net.sourceforge.marathon.javaagent.server.JavaServer serve
INFO: JavaServer.serve(GET /session/8d1abf6b-4287-4874-aa50-e69b6d269f45): {}
Oct 11, 2021 2:28:25 AM net.sourceforge.marathon.javaagent.server.JavaServer serve
INFO: GET(/session/8d1abf6b-4287-4874-aa50-e69b6d269f45) = {data={"name":"getCapabilities","sessionId":"8d1abf6b-4287-4874-aa50-e69b6d269f45","value":{"applicationCacheEnabled":false,"rotatable":false,"loggingPrefs":{"driver":"ALL"},"handlesAlerts":false,"databaseEnabled":false,"version":"1.0","platform":"ANY","browserConnectionEnabled":false,"nativeEvents":false,"acceptSslCerts":false,"locationContextEnabled":false,"webStorageEnabled":false,"browserName":"java","takesScreenshot":true,"javascriptEnabled":true,"cssSelectorsEnabled":false},"status":0}, status=OK}
Oct 11, 2021 2:28:25 AM org.openqa.selenium.remote.ProtocolHandshake createSession
INFO: Detected dialect: OSS
Oct 11, 2021 2:28:25 AM net.sourceforge.marathon.javaagent.server.JavaServer serve
INFO: JavaServer.serve(POST /session/8d1abf6b-4287-4874-aa50-e69b6d269f45/element): {
  "using": "name",
  "value": "new item id field"
}
Oct 11, 2021 2:28:25 AM net.sourceforge.marathon.javaagent.server.JavaServer serve
INFO: POST(/session/8d1abf6b-4287-4874-aa50-e69b6d269f45/element, {"using":"name","value":"new item id field"}) = {data={"name":"findElement","sessionId":"8d1abf6b-4287-4874-aa50-e69b6d269f45","value":{"ELEMENT":"2dd0a427-5b77-4b81-9e93-fcf81d41d5e0"},"status":0}, status=OK}
Oct 11, 2021 2:28:25 AM net.sourceforge.marathon.javaagent.server.JavaServer serve
INFO: JavaServer.serve(POST /session/8d1abf6b-4287-4874-aa50-e69b6d269f45/element/2dd0a427-5b77-4b81-9e93-fcf81d41d5e0/clear): {
  "id": "2dd0a427-5b77-4b81-9e93-fcf81d41d5e0"
}
Oct 11, 2021 2:28:25 AM net.sourceforge.marathon.javaagent.server.JavaServer serve
INFO: POST(/session/8d1abf6b-4287-4874-aa50-e69b6d269f45/element/2dd0a427-5b77-4b81-9e93-fcf81d41d5e0/clear, {"id":"2dd0a427-5b77-4b81-9e93-fcf81d41d5e0"}) = {data={"name":"clearElement","sessionId":"8d1abf6b-4287-4874-aa50-e69b6d269f45","status":0}, status=OK}
Oct 11, 2021 2:28:25 AM net.sourceforge.marathon.javaagent.server.JavaServer serve
INFO: JavaServer.serve(POST /session/8d1abf6b-4287-4874-aa50-e69b6d269f45/element/2dd0a427-5b77-4b81-9e93-fcf81d41d5e0/value): {
  "id": "2dd0a427-5b77-4b81-9e93-fcf81d41d5e0",
  "value": [
    "an item-id"
  ]
}
Oct 11, 2021 2:28:25 AM net.sourceforge.marathon.javaagent.EventQueueDevice dispatchEvent
INFO: java.awt.event.KeyEvent[KEY_PRESSED,keyCode=65,keyText=A,keyChar='a',keyLocation=KEY_LOCATION_UNKNOWN,rawCode=0,primaryLevelUnicode=0,scancode=0,extendedKeyCode=0x0] on new item id field
Oct 11, 2021 2:28:25 AM net.sourceforge.marathon.javaagent.EventQueueDevice dispatchEvent
INFO: java.awt.event.KeyEvent[KEY_TYPED,keyCode=0,keyText=Unknown keyCode: 0x0,keyChar='a',keyLocation=KEY_LOCATION_UNKNOWN,rawCode=0,primaryLevelUnicode=0,scancode=0,extendedKeyCode=0x0] on new item id field
Oct 11, 2021 2:28:25 AM net.sourceforge.marathon.javaagent.EventQueueDevice dispatchEvent
INFO: java.awt.event.KeyEvent[KEY_RELEASED,keyCode=65,keyText=A,keyChar='a',keyLocation=KEY_LOCATION_UNKNOWN,rawCode=0,primaryLevelUnicode=0,scancode=0,extendedKeyCode=0x0] on new item id field
Oct 11, 2021 2:28:25 AM net.sourceforge.marathon.javaagent.EventQueueDevice dispatchEvent
INFO: java.awt.event.KeyEvent[KEY_PRESSED,keyCode=78,keyText=N,keyChar='n',keyLocation=KEY_LOCATION_UNKNOWN,rawCode=0,primaryLevelUnicode=0,scancode=0,extendedKeyCode=0x0] on new item id field
Oct 11, 2021 2:28:25 AM net.sourceforge.marathon.javaagent.EventQueueDevice dispatchEvent
INFO: java.awt.event.KeyEvent[KEY_TYPED,keyCode=0,keyText=Unknown keyCode: 0x0,keyChar='n',keyLocation=KEY_LOCATION_UNKNOWN,rawCode=0,primaryLevelUnicode=0,scancode=0,extendedKeyCode=0x0] on new item id field
Oct 11, 2021 2:28:25 AM net.sourceforge.marathon.javaagent.EventQueueDevice dispatchEvent
INFO: java.awt.event.KeyEvent[KEY_RELEASED,keyCode=78,keyText=N,keyChar='n',keyLocation=KEY_LOCATION_UNKNOWN,rawCode=0,primaryLevelUnicode=0,scancode=0,extendedKeyCode=0x0] on new item id field
Oct 11, 2021 2:28:25 AM net.sourceforge.marathon.javaagent.EventQueueDevice dispatchEvent
INFO: java.awt.event.KeyEvent[KEY_PRESSED,keyCode=16,keyText=Shift,keyChar=Undefined keyChar,modifiers=Shift,extModifiers=Shift,keyLocation=KEY_LOCATION_UNKNOWN,rawCode=0,primaryLevelUnicode=0,scancode=0,extendedKeyCode=0x0] on new item id field
Oct 11, 2021 2:28:25 AM net.sourceforge.marathon.javaagent.EventQueueDevice dispatchEvent
INFO: java.awt.event.KeyEvent[KEY_PRESSED,keyCode=32,keyText=Space,keyChar=' ',modifiers=Shift,extModifiers=Shift,keyLocation=KEY_LOCATION_UNKNOWN,rawCode=0,primaryLevelUnicode=0,scancode=0,extendedKeyCode=0x0] on new item id field
Oct 11, 2021 2:28:25 AM net.sourceforge.marathon.javaagent.EventQueueDevice dispatchEvent
INFO: java.awt.event.KeyEvent[KEY_TYPED,keyCode=0,keyText=Unknown keyCode: 0x0,keyChar=' ',modifiers=Shift,extModifiers=Shift,keyLocation=KEY_LOCATION_UNKNOWN,rawCode=0,primaryLevelUnicode=0,scancode=0,extendedKeyCode=0x0] on new item id field
Oct 11, 2021 2:28:25 AM net.sourceforge.marathon.javaagent.EventQueueDevice dispatchEvent
INFO: java.awt.event.KeyEvent[KEY_RELEASED,keyCode=32,keyText=Space,keyChar=' ',modifiers=Shift,extModifiers=Shift,keyLocation=KEY_LOCATION_UNKNOWN,rawCode=0,primaryLevelUnicode=0,scancode=0,extendedKeyCode=0x0] on new item id field
Oct 11, 2021 2:28:25 AM net.sourceforge.marathon.javaagent.EventQueueDevice dispatchEvent
INFO: java.awt.event.KeyEvent[KEY_RELEASED,keyCode=16,keyText=Shift,keyChar=Undefined keyChar,keyLocation=KEY_LOCATION_UNKNOWN,rawCode=0,primaryLevelUnicode=0,scancode=0,extendedKeyCode=0x0] on new item id field
Oct 11, 2021 2:28:25 AM net.sourceforge.marathon.javaagent.EventQueueDevice dispatchEvent
INFO: java.awt.event.KeyEvent[KEY_PRESSED,keyCode=73,keyText=I,keyChar='i',keyLocation=KEY_LOCATION_UNKNOWN,rawCode=0,primaryLevelUnicode=0,scancode=0,extendedKeyCode=0x0] on new item id field
Oct 11, 2021 2:28:25 AM net.sourceforge.marathon.javaagent.EventQueueDevice dispatchEvent
INFO: java.awt.event.KeyEvent[KEY_TYPED,keyCode=0,keyText=Unknown keyCode: 0x0,keyChar='i',keyLocation=KEY_LOCATION_UNKNOWN,rawCode=0,primaryLevelUnicode=0,scancode=0,extendedKeyCode=0x0] on new item id field
Oct 11, 2021 2:28:25 AM net.sourceforge.marathon.javaagent.EventQueueDevice dispatchEvent
INFO: java.awt.event.KeyEvent[KEY_RELEASED,keyCode=73,keyText=I,keyChar='i',keyLocation=KEY_LOCATION_UNKNOWN,rawCode=0,primaryLevelUnicode=0,scancode=0,extendedKeyCode=0x0] on new item id field
Oct 11, 2021 2:28:25 AM net.sourceforge.marathon.javaagent.EventQueueDevice dispatchEvent
INFO: java.awt.event.KeyEvent[KEY_PRESSED,keyCode=84,keyText=T,keyChar='t',keyLocation=KEY_LOCATION_UNKNOWN,rawCode=0,primaryLevelUnicode=0,scancode=0,extendedKeyCode=0x0] on new item id field
Oct 11, 2021 2:28:25 AM net.sourceforge.marathon.javaagent.EventQueueDevice dispatchEvent
INFO: java.awt.event.KeyEvent[KEY_TYPED,keyCode=0,keyText=Unknown keyCode: 0x0,keyChar='t',keyLocation=KEY_LOCATION_UNKNOWN,rawCode=0,primaryLevelUnicode=0,scancode=0,extendedKeyCode=0x0] on new item id field
Oct 11, 2021 2:28:25 AM net.sourceforge.marathon.javaagent.EventQueueDevice dispatchEvent
INFO: java.awt.event.KeyEvent[KEY_RELEASED,keyCode=84,keyText=T,keyChar='t',keyLocation=KEY_LOCATION_UNKNOWN,rawCode=0,primaryLevelUnicode=0,scancode=0,extendedKeyCode=0x0] on new item id field
Oct 11, 2021 2:28:25 AM net.sourceforge.marathon.javaagent.EventQueueDevice dispatchEvent
INFO: java.awt.event.KeyEvent[KEY_PRESSED,keyCode=69,keyText=E,keyChar='e',keyLocation=KEY_LOCATION_UNKNOWN,rawCode=0,primaryLevelUnicode=0,scancode=0,extendedKeyCode=0x0] on new item id field
Oct 11, 2021 2:28:25 AM net.sourceforge.marathon.javaagent.EventQueueDevice dispatchEvent
INFO: java.awt.event.KeyEvent[KEY_TYPED,keyCode=0,keyText=Unknown keyCode: 0x0,keyChar='e',keyLocation=KEY_LOCATION_UNKNOWN,rawCode=0,primaryLevelUnicode=0,scancode=0,extendedKeyCode=0x0] on new item id field
Oct 11, 2021 2:28:25 AM net.sourceforge.marathon.javaagent.EventQueueDevice dispatchEvent
INFO: java.awt.event.KeyEvent[KEY_RELEASED,keyCode=69,keyText=E,keyChar='e',keyLocation=KEY_LOCATION_UNKNOWN,rawCode=0,primaryLevelUnicode=0,scancode=0,extendedKeyCode=0x0] on new item id field
Oct 11, 2021 2:28:25 AM net.sourceforge.marathon.javaagent.EventQueueDevice dispatchEvent
INFO: java.awt.event.KeyEvent[KEY_PRESSED,keyCode=77,keyText=M,keyChar='m',keyLocation=KEY_LOCATION_UNKNOWN,rawCode=0,primaryLevelUnicode=0,scancode=0,extendedKeyCode=0x0] on new item id field
Oct 11, 2021 2:28:25 AM net.sourceforge.marathon.javaagent.EventQueueDevice dispatchEvent
INFO: java.awt.event.KeyEvent[KEY_TYPED,keyCode=0,keyText=Unknown keyCode: 0x0,keyChar='m',keyLocation=KEY_LOCATION_UNKNOWN,rawCode=0,primaryLevelUnicode=0,scancode=0,extendedKeyCode=0x0] on new item id field
Oct 11, 2021 2:28:25 AM net.sourceforge.marathon.javaagent.EventQueueDevice dispatchEvent
INFO: java.awt.event.KeyEvent[KEY_RELEASED,keyCode=77,keyText=M,keyChar='m',keyLocation=KEY_LOCATION_UNKNOWN,rawCode=0,primaryLevelUnicode=0,scancode=0,extendedKeyCode=0x0] on new item id field
Oct 11, 2021 2:28:25 AM net.sourceforge.marathon.javaagent.EventQueueDevice dispatchEvent
INFO: java.awt.event.KeyEvent[KEY_PRESSED,keyCode=45,keyText=Minus,keyChar='-',keyLocation=KEY_LOCATION_UNKNOWN,rawCode=0,primaryLevelUnicode=0,scancode=0,extendedKeyCode=0x0] on new item id field
Oct 11, 2021 2:28:25 AM net.sourceforge.marathon.javaagent.EventQueueDevice dispatchEvent
INFO: java.awt.event.KeyEvent[KEY_TYPED,keyCode=0,keyText=Unknown keyCode: 0x0,keyChar='-',keyLocation=KEY_LOCATION_UNKNOWN,rawCode=0,primaryLevelUnicode=0,scancode=0,extendedKeyCode=0x0] on new item id field
Oct 11, 2021 2:28:25 AM net.sourceforge.marathon.javaagent.EventQueueDevice dispatchEvent
INFO: java.awt.event.KeyEvent[KEY_RELEASED,keyCode=45,keyText=Minus,keyChar='-',keyLocation=KEY_LOCATION_UNKNOWN,rawCode=0,primaryLevelUnicode=0,scancode=0,extendedKeyCode=0x0] on new item id field
Oct 11, 2021 2:28:25 AM net.sourceforge.marathon.javaagent.EventQueueDevice dispatchEvent
INFO: java.awt.event.KeyEvent[KEY_PRESSED,keyCode=73,keyText=I,keyChar='i',keyLocation=KEY_LOCATION_UNKNOWN,rawCode=0,primaryLevelUnicode=0,scancode=0,extendedKeyCode=0x0] on new item id field
Oct 11, 2021 2:28:25 AM net.sourceforge.marathon.javaagent.EventQueueDevice dispatchEvent
INFO: java.awt.event.KeyEvent[KEY_TYPED,keyCode=0,keyText=Unknown keyCode: 0x0,keyChar='i',keyLocation=KEY_LOCATION_UNKNOWN,rawCode=0,primaryLevelUnicode=0,scancode=0,extendedKeyCode=0x0] on new item id field
Oct 11, 2021 2:28:25 AM net.sourceforge.marathon.javaagent.EventQueueDevice dispatchEvent
INFO: java.awt.event.KeyEvent[KEY_RELEASED,keyCode=73,keyText=I,keyChar='i',keyLocation=KEY_LOCATION_UNKNOWN,rawCode=0,primaryLevelUnicode=0,scancode=0,extendedKeyCode=0x0] on new item id field
Oct 11, 2021 2:28:25 AM net.sourceforge.marathon.javaagent.EventQueueDevice dispatchEvent
INFO: java.awt.event.KeyEvent[KEY_PRESSED,keyCode=68,keyText=D,keyChar='d',keyLocation=KEY_LOCATION_UNKNOWN,rawCode=0,primaryLevelUnicode=0,scancode=0,extendedKeyCode=0x0] on new item id field
Oct 11, 2021 2:28:25 AM net.sourceforge.marathon.javaagent.EventQueueDevice dispatchEvent
INFO: java.awt.event.KeyEvent[KEY_TYPED,keyCode=0,keyText=Unknown keyCode: 0x0,keyChar='d',keyLocation=KEY_LOCATION_UNKNOWN,rawCode=0,primaryLevelUnicode=0,scancode=0,extendedKeyCode=0x0] on new item id field
Oct 11, 2021 2:28:25 AM net.sourceforge.marathon.javaagent.EventQueueDevice dispatchEvent
INFO: java.awt.event.KeyEvent[KEY_RELEASED,keyCode=68,keyText=D,keyChar='d',keyLocation=KEY_LOCATION_UNKNOWN,rawCode=0,primaryLevelUnicode=0,scancode=0,extendedKeyCode=0x0] on new item id field
Oct 11, 2021 2:28:25 AM net.sourceforge.marathon.javaagent.server.JavaServer serve
INFO: POST(/session/8d1abf6b-4287-4874-aa50-e69b6d269f45/element/2dd0a427-5b77-4b81-9e93-fcf81d41d5e0/value, {"id":"2dd0a427-5b77-4b81-9e93-fcf81d41d5e0","value":["an item-id"]}) = {data={"name":"sendKeysElement","sessionId":"8d1abf6b-4287-4874-aa50-e69b6d269f45","status":0}, status=OK}
Oct 11, 2021 2:28:25 AM net.sourceforge.marathon.javaagent.server.JavaServer serve
INFO: JavaServer.serve(POST /session/8d1abf6b-4287-4874-aa50-e69b6d269f45/element): {
  "using": "name",
  "value": "new item stop price field"
}
Oct 11, 2021 2:28:25 AM net.sourceforge.marathon.javaagent.server.JavaServer serve
INFO: POST(/session/8d1abf6b-4287-4874-aa50-e69b6d269f45/element, {"using":"name","value":"new item stop price field"}) = {data={"name":"findElement","sessionId":"8d1abf6b-4287-4874-aa50-e69b6d269f45","value":{"ELEMENT":"f1aca361-fcbc-460e-9541-8b574e504538"},"status":0}, status=OK}
Oct 11, 2021 2:28:25 AM net.sourceforge.marathon.javaagent.server.JavaServer serve
INFO: JavaServer.serve(POST /session/8d1abf6b-4287-4874-aa50-e69b6d269f45/element/f1aca361-fcbc-460e-9541-8b574e504538/clear): {
  "id": "f1aca361-fcbc-460e-9541-8b574e504538"
}
Oct 11, 2021 2:28:25 AM net.sourceforge.marathon.javaagent.server.JavaServer serve
INFO: POST(/session/8d1abf6b-4287-4874-aa50-e69b6d269f45/element/f1aca361-fcbc-460e-9541-8b574e504538/clear, {"id":"f1aca361-fcbc-460e-9541-8b574e504538"}) = {data={"name":"clearElement","sessionId":"8d1abf6b-4287-4874-aa50-e69b6d269f45","status":0}, status=OK}
Oct 11, 2021 2:28:25 AM net.sourceforge.marathon.javaagent.server.JavaServer serve
INFO: JavaServer.serve(POST /session/8d1abf6b-4287-4874-aa50-e69b6d269f45/element/f1aca361-fcbc-460e-9541-8b574e504538/value): {
  "id": "f1aca361-fcbc-460e-9541-8b574e504538",
  "value": [
    "11000"
  ]
}
Oct 11, 2021 2:28:25 AM net.sourceforge.marathon.javaagent.EventQueueDevice dispatchEvent
INFO: java.awt.event.KeyEvent[KEY_PRESSED,keyCode=49,keyText=1,keyChar='1',keyLocation=KEY_LOCATION_UNKNOWN,rawCode=0,primaryLevelUnicode=0,scancode=0,extendedKeyCode=0x0] on new item stop price field
Oct 11, 2021 2:28:25 AM net.sourceforge.marathon.javaagent.EventQueueDevice dispatchEvent
INFO: java.awt.event.KeyEvent[KEY_TYPED,keyCode=0,keyText=Unknown keyCode: 0x0,keyChar='1',keyLocation=KEY_LOCATION_UNKNOWN,rawCode=0,primaryLevelUnicode=0,scancode=0,extendedKeyCode=0x0] on new item stop price field
Oct 11, 2021 2:28:25 AM net.sourceforge.marathon.javaagent.EventQueueDevice dispatchEvent
INFO: java.awt.event.KeyEvent[KEY_RELEASED,keyCode=49,keyText=1,keyChar='1',keyLocation=KEY_LOCATION_UNKNOWN,rawCode=0,primaryLevelUnicode=0,scancode=0,extendedKeyCode=0x0] on new item stop price field
Oct 11, 2021 2:28:25 AM net.sourceforge.marathon.javaagent.EventQueueDevice dispatchEvent
INFO: java.awt.event.KeyEvent[KEY_PRESSED,keyCode=49,keyText=1,keyChar='1',keyLocation=KEY_LOCATION_UNKNOWN,rawCode=0,primaryLevelUnicode=0,scancode=0,extendedKeyCode=0x0] on new item stop price field
Oct 11, 2021 2:28:25 AM net.sourceforge.marathon.javaagent.EventQueueDevice dispatchEvent
INFO: java.awt.event.KeyEvent[KEY_TYPED,keyCode=0,keyText=Unknown keyCode: 0x0,keyChar='1',keyLocation=KEY_LOCATION_UNKNOWN,rawCode=0,primaryLevelUnicode=0,scancode=0,extendedKeyCode=0x0] on new item stop price field
Oct 11, 2021 2:28:25 AM net.sourceforge.marathon.javaagent.EventQueueDevice dispatchEvent
INFO: java.awt.event.KeyEvent[KEY_RELEASED,keyCode=49,keyText=1,keyChar='1',keyLocation=KEY_LOCATION_UNKNOWN,rawCode=0,primaryLevelUnicode=0,scancode=0,extendedKeyCode=0x0] on new item stop price field
Oct 11, 2021 2:28:25 AM net.sourceforge.marathon.javaagent.EventQueueDevice dispatchEvent
INFO: java.awt.event.KeyEvent[KEY_PRESSED,keyCode=48,keyText=0,keyChar='0',keyLocation=KEY_LOCATION_UNKNOWN,rawCode=0,primaryLevelUnicode=0,scancode=0,extendedKeyCode=0x0] on new item stop price field
Oct 11, 2021 2:28:25 AM net.sourceforge.marathon.javaagent.EventQueueDevice dispatchEvent
INFO: java.awt.event.KeyEvent[KEY_TYPED,keyCode=0,keyText=Unknown keyCode: 0x0,keyChar='0',keyLocation=KEY_LOCATION_UNKNOWN,rawCode=0,primaryLevelUnicode=0,scancode=0,extendedKeyCode=0x0] on new item stop price field
Oct 11, 2021 2:28:25 AM net.sourceforge.marathon.javaagent.EventQueueDevice dispatchEvent
INFO: java.awt.event.KeyEvent[KEY_RELEASED,keyCode=48,keyText=0,keyChar='0',keyLocation=KEY_LOCATION_UNKNOWN,rawCode=0,primaryLevelUnicode=0,scancode=0,extendedKeyCode=0x0] on new item stop price field
Oct 11, 2021 2:28:25 AM net.sourceforge.marathon.javaagent.EventQueueDevice dispatchEvent
INFO: java.awt.event.KeyEvent[KEY_PRESSED,keyCode=48,keyText=0,keyChar='0',keyLocation=KEY_LOCATION_UNKNOWN,rawCode=0,primaryLevelUnicode=0,scancode=0,extendedKeyCode=0x0] on new item stop price field
Oct 11, 2021 2:28:25 AM net.sourceforge.marathon.javaagent.EventQueueDevice dispatchEvent
INFO: java.awt.event.KeyEvent[KEY_TYPED,keyCode=0,keyText=Unknown keyCode: 0x0,keyChar='0',keyLocation=KEY_LOCATION_UNKNOWN,rawCode=0,primaryLevelUnicode=0,scancode=0,extendedKeyCode=0x0] on new item stop price field
Oct 11, 2021 2:28:25 AM net.sourceforge.marathon.javaagent.EventQueueDevice dispatchEvent
INFO: java.awt.event.KeyEvent[KEY_RELEASED,keyCode=48,keyText=0,keyChar='0',keyLocation=KEY_LOCATION_UNKNOWN,rawCode=0,primaryLevelUnicode=0,scancode=0,extendedKeyCode=0x0] on new item stop price field
Oct 11, 2021 2:28:25 AM net.sourceforge.marathon.javaagent.EventQueueDevice dispatchEvent
INFO: java.awt.event.KeyEvent[KEY_PRESSED,keyCode=48,keyText=0,keyChar='0',keyLocation=KEY_LOCATION_UNKNOWN,rawCode=0,primaryLevelUnicode=0,scancode=0,extendedKeyCode=0x0] on new item stop price field
Oct 11, 2021 2:28:25 AM net.sourceforge.marathon.javaagent.EventQueueDevice dispatchEvent
INFO: java.awt.event.KeyEvent[KEY_TYPED,keyCode=0,keyText=Unknown keyCode: 0x0,keyChar='0',keyLocation=KEY_LOCATION_UNKNOWN,rawCode=0,primaryLevelUnicode=0,scancode=0,extendedKeyCode=0x0] on new item stop price field
Oct 11, 2021 2:28:25 AM net.sourceforge.marathon.javaagent.EventQueueDevice dispatchEvent
INFO: java.awt.event.KeyEvent[KEY_RELEASED,keyCode=48,keyText=0,keyChar='0',keyLocation=KEY_LOCATION_UNKNOWN,rawCode=0,primaryLevelUnicode=0,scancode=0,extendedKeyCode=0x0] on new item stop price field
Oct 11, 2021 2:28:25 AM net.sourceforge.marathon.javaagent.server.JavaServer serve
INFO: POST(/session/8d1abf6b-4287-4874-aa50-e69b6d269f45/element/f1aca361-fcbc-460e-9541-8b574e504538/value, {"id":"f1aca361-fcbc-460e-9541-8b574e504538","value":["11000"]}) = {data={"name":"sendKeysElement","sessionId":"8d1abf6b-4287-4874-aa50-e69b6d269f45","status":0}, status=OK}
Oct 11, 2021 2:28:25 AM net.sourceforge.marathon.javaagent.server.JavaServer serve
INFO: JavaServer.serve(POST /session/8d1abf6b-4287-4874-aa50-e69b6d269f45/element): {
  "using": "name",
  "value": "join button"
}
Oct 11, 2021 2:28:25 AM net.sourceforge.marathon.javaagent.server.JavaServer serve
INFO: POST(/session/8d1abf6b-4287-4874-aa50-e69b6d269f45/element, {"using":"name","value":"join button"}) = {data={"name":"findElement","sessionId":"8d1abf6b-4287-4874-aa50-e69b6d269f45","value":{"ELEMENT":"b0896e27-ed10-408a-b4a4-ab20cefda4c7"},"status":0}, status=OK}
Oct 11, 2021 2:28:25 AM net.sourceforge.marathon.javaagent.server.JavaServer serve
INFO: JavaServer.serve(POST /session/8d1abf6b-4287-4874-aa50-e69b6d269f45/element/b0896e27-ed10-408a-b4a4-ab20cefda4c7/click): {
  "id": "b0896e27-ed10-408a-b4a4-ab20cefda4c7"
}
Oct 11, 2021 2:28:25 AM net.sourceforge.marathon.javaagent.EventQueueDevice dispatchEvent
INFO: java.awt.event.MouseEvent[MOUSE_PRESSED,(58,12),absolute(589,17),button=1,modifiers=Button1,extModifiers=Button1,clickCount=1] on join button
Oct 11, 2021 2:28:25 AM net.sourceforge.marathon.javaagent.EventQueueDevice dispatchEvent
INFO: java.awt.event.MouseEvent[MOUSE_RELEASED,(58,12),absolute(589,17),button=1,modifiers=Button1,clickCount=1] on join button
Oct 11, 2021 2:28:25 AM net.sourceforge.marathon.javaagent.EventQueueDevice dispatchEvent
INFO: java.awt.event.MouseEvent[MOUSE_CLICKED,(58,12),absolute(589,17),button=1,modifiers=Button1,clickCount=1] on join button
Oct 11, 2021 2:28:25 AM net.sourceforge.marathon.javaagent.server.JavaServer serve
INFO: POST(/session/8d1abf6b-4287-4874-aa50-e69b6d269f45/element/b0896e27-ed10-408a-b4a4-ab20cefda4c7/click, {"id":"b0896e27-ed10-408a-b4a4-ab20cefda4c7"}) = {data={"name":"clickElement","sessionId":"8d1abf6b-4287-4874-aa50-e69b6d269f45","status":0}, status=OK}
Oct 11, 2021 2:28:25 AM net.sourceforge.marathon.javaagent.server.JavaServer serve
INFO: JavaServer.serve(DELETE /session/8d1abf6b-4287-4874-aa50-e69b6d269f45/window): {}
Oct 11, 2021 2:28:25 AM net.sourceforge.marathon.javaagent.server.JavaServer serve
INFO: DELETE(/session/8d1abf6b-4287-4874-aa50-e69b6d269f45/window) = {data={"name":"closeSession","sessionId":"8d1abf6b-4287-4874-aa50-e69b6d269f45","status":0}, status=OK}
Oct 11, 2021 2:28:25 AM net.sourceforge.marathon.javaagent.server.JavaServer serve
INFO: JavaServer.serve(POST /session): {
  "desiredCapabilities": {
    "browserName": "java",
    "platform": "ANY"
  },
  "capabilities": {
    "firstMatch": [
      {
        "browserName": "java"
      }
    ]
  }
}
Oct 11, 2021 2:28:25 AM net.sourceforge.marathon.javaagent.server.JavaServer createSession
INFO: Creating device with type: EVENT_QUEUE
Oct 11, 2021 2:28:25 AM net.sourceforge.marathon.javaagent.Device getDevice
INFO: Creating a EVENT_QUEUE device
Oct 11, 2021 2:28:25 AM net.sourceforge.marathon.javaagent.server.JavaServer serve
INFO: POST(/session, {"desiredCapabilities":{"browserName":"java","platform":"ANY"},"capabilities":{"firstMatch":[{"browserName":"java"}]}}) = {data=, status=REDIRECT}
Oct 11, 2021 2:28:25 AM net.sourceforge.marathon.javaagent.server.JavaServer serve
INFO: JavaServer.serve(GET /session/d75cf480-a336-427d-9159-3dcf188f20d3): {}
Oct 11, 2021 2:28:25 AM net.sourceforge.marathon.javaagent.server.JavaServer serve
INFO: GET(/session/d75cf480-a336-427d-9159-3dcf188f20d3) = {data={"name":"getCapabilities","sessionId":"d75cf480-a336-427d-9159-3dcf188f20d3","value":{"applicationCacheEnabled":false,"rotatable":false,"loggingPrefs":{"driver":"ALL"},"handlesAlerts":false,"databaseEnabled":false,"version":"1.0","platform":"ANY","browserConnectionEnabled":false,"nativeEvents":false,"acceptSslCerts":false,"locationContextEnabled":false,"webStorageEnabled":false,"browserName":"java","takesScreenshot":true,"javascriptEnabled":true,"cssSelectorsEnabled":false},"status":0}, status=OK}
Oct 11, 2021 2:28:25 AM org.openqa.selenium.remote.ProtocolHandshake createSession
INFO: Detected dialect: OSS
Oct 11, 2021 2:28:25 AM net.sourceforge.marathon.javaagent.server.JavaServer serve
INFO: JavaServer.serve(POST /session/d75cf480-a336-427d-9159-3dcf188f20d3/element): {
  "using": "name",
  "value": "sniper reset button"
}
Oct 11, 2021 2:28:25 AM net.sourceforge.marathon.javaagent.server.JavaServer serve
INFO: POST(/session/d75cf480-a336-427d-9159-3dcf188f20d3/element, {"using":"name","value":"sniper reset button"}) = {data={"name":"findElement","sessionId":"d75cf480-a336-427d-9159-3dcf188f20d3","value":{"ELEMENT":"11137e32-883c-41db-91eb-1ea7edc9b876"},"status":0}, status=OK}
Oct 11, 2021 2:28:25 AM net.sourceforge.marathon.javaagent.server.JavaServer serve
INFO: JavaServer.serve(POST /session/d75cf480-a336-427d-9159-3dcf188f20d3/element/11137e32-883c-41db-91eb-1ea7edc9b876/click): {
  "id": "11137e32-883c-41db-91eb-1ea7edc9b876"
}
Oct 11, 2021 2:28:26 AM net.sourceforge.marathon.javaagent.EventQueueDevice dispatchEvent
INFO: java.awt.event.MouseEvent[MOUSE_PRESSED,(37,12),absolute(326,474),button=1,modifiers=Button1,extModifiers=Button1,clickCount=1] on sniper reset button
Oct 11, 2021 2:28:26 AM net.sourceforge.marathon.javaagent.EventQueueDevice dispatchEvent
INFO: java.awt.event.MouseEvent[MOUSE_RELEASED,(37,12),absolute(326,474),button=1,modifiers=Button1,clickCount=1] on sniper reset button
Oct 11, 2021 2:28:26 AM net.sourceforge.marathon.javaagent.EventQueueDevice dispatchEvent
INFO: java.awt.event.MouseEvent[MOUSE_CLICKED,(37,12),absolute(326,474),button=1,modifiers=Button1,clickCount=1] on sniper reset button
Oct 11, 2021 2:28:26 AM net.sourceforge.marathon.javaagent.server.JavaServer serve
INFO: POST(/session/d75cf480-a336-427d-9159-3dcf188f20d3/element/11137e32-883c-41db-91eb-1ea7edc9b876/click, {"id":"11137e32-883c-41db-91eb-1ea7edc9b876"}) = {data={"name":"clickElement","sessionId":"d75cf480-a336-427d-9159-3dcf188f20d3","status":0}, status=OK}
Oct 11, 2021 2:28:26 AM net.sourceforge.marathon.javaagent.server.JavaServer serve
INFO: JavaServer.serve(DELETE /session/d75cf480-a336-427d-9159-3dcf188f20d3/window): {}
Oct 11, 2021 2:28:26 AM net.sourceforge.marathon.javaagent.server.JavaServer serve
INFO: DELETE(/session/d75cf480-a336-427d-9159-3dcf188f20d3/window) = {data={"name":"closeSession","sessionId":"d75cf480-a336-427d-9159-3dcf188f20d3","status":0}, status=OK}
]]></system-err>
</testsuite>
