<?xml version="1.0" encoding="UTF-8"?>
<testsuite name="goos.ui.swing.MainWindowTest" tests="3" skipped="0" failures="0" errors="0" timestamp="2021-09-18T02:29:31" hostname="buildkitsandbox" time="3.924">
  <properties/>
  <testcase name="window has expected features" classname="goos.ui.swing.MainWindowTest" time="2.972"/>
  <testcase name="make user request when join button clicked" classname="goos.ui.swing.MainWindowTest" time="0.766"/>
  <testcase name="make user request when reset button clicked" classname="goos.ui.swing.MainWindowTest" time="0.182"/>
  <system-out><![CDATA[]]></system-out>
  <system-err><![CDATA[Sep 18, 2021 2:29:31 AM io.mockk.impl.log.JULLogger warn
WARNING: Failed to transform class goos/ui/api/UserRequestListener
java.lang.IllegalArgumentException: Unsupported class file major version 59
	at net.bytebuddy.jar.asm.ClassReader.<init>(ClassReader.java:176)
	at net.bytebuddy.jar.asm.ClassReader.<init>(ClassReader.java:158)
	at net.bytebuddy.jar.asm.ClassReader.<init>(ClassReader.java:146)
	at net.bytebuddy.utility.OpenedClassReader.of(OpenedClassReader.java:69)
	at net.bytebuddy.dynamic.scaffold.TypeWriter$Default$ForInlining.create(TypeWriter.java:2877)
	at net.bytebuddy.dynamic.scaffold.TypeWriter$Default.make(TypeWriter.java:1653)
	at net.bytebuddy.dynamic.scaffold.inline.RedefinitionDynamicTypeBuilder.make(RedefinitionDynamicTypeBuilder.java:180)
	at net.bytebuddy.dynamic.scaffold.inline.AbstractInliningDynamicTypeBuilder.make(AbstractInliningDynamicTypeBuilder.java:94)
	at net.bytebuddy.dynamic.DynamicType$Builder$AbstractBase.make(DynamicType.java:2669)
	at io.mockk.proxy.jvm.transformation.InliningClassTransformer.transform(InliningClassTransformer.kt:78)
	at java.instrument/java.lang.instrument.ClassFileTransformer.transform(ClassFileTransformer.java:246)
	at java.instrument/sun.instrument.TransformerManager.transform(TransformerManager.java:188)
	at java.instrument/sun.instrument.InstrumentationImpl.transform(InstrumentationImpl.java:563)
	at java.instrument/sun.instrument.InstrumentationImpl.retransformClasses0(Native Method)
	at java.instrument/sun.instrument.InstrumentationImpl.retransformClasses(InstrumentationImpl.java:167)
	at io.mockk.proxy.jvm.transformation.JvmInlineInstrumentation.retransform(JvmInlineInstrumentation.kt:28)
	at io.mockk.proxy.common.transformation.RetransformInlineInstrumnetation$execute$1.invoke(RetransformInlineInstrumnetation.kt:19)
	at io.mockk.proxy.common.transformation.RetransformInlineInstrumnetation$execute$1.invoke(RetransformInlineInstrumnetation.kt:6)
	at io.mockk.proxy.common.transformation.ClassTransformationSpecMap.applyTransformation(ClassTransformationSpecMap.kt:41)
	at io.mockk.proxy.common.transformation.RetransformInlineInstrumnetation.execute(RetransformInlineInstrumnetation.kt:16)
	at io.mockk.proxy.jvm.ProxyMaker.inline(ProxyMaker.kt:88)
	at io.mockk.proxy.jvm.ProxyMaker.proxy(ProxyMaker.kt:30)
	at io.mockk.impl.instantiation.JvmMockFactory.newProxy(JvmMockFactory.kt:34)
	at io.mockk.impl.instantiation.AbstractMockFactory.newProxy$default(AbstractMockFactory.kt:29)
	at io.mockk.impl.instantiation.AbstractMockFactory.mockk(AbstractMockFactory.kt:59)
	at goos.ui.swing.MainWindowTest$1$1.invokeSuspend(MainWindowTest.kt:90)
	at goos.ui.swing.MainWindowTest$1$1.invoke(MainWindowTest.kt)
	at goos.ui.swing.MainWindowTest$1$1.invoke(MainWindowTest.kt)
	at io.kotest.core.TestConfiguration$beforeTest$1.beforeTest(TestConfiguration.kt:137)
	at io.kotest.core.spec.LifecycleKt.invokeAllBeforeTestCallbacks(lifecycle.kt:76)
	at io.kotest.core.internal.TestCaseExecutor.executeActiveTest(TestCaseExecutor.kt:152)
	at io.kotest.core.internal.TestCaseExecutor.access$executeActiveTest(TestCaseExecutor.kt:57)
	at io.kotest.core.internal.TestCaseExecutor$intercept$innerExecute$1$1.invokeSuspend(TestCaseExecutor.kt:89)
	at io.kotest.core.internal.TestCaseExecutor$intercept$innerExecute$1$1.invoke(TestCaseExecutor.kt)
	at io.kotest.core.internal.TestCaseExecutor$intercept$innerExecute$1$1.invoke(TestCaseExecutor.kt)
	at io.kotest.core.internal.TestCaseExecutor.executeIfEnabled(TestCaseExecutor.kt:117)
	at io.kotest.core.internal.TestCaseExecutor.access$executeIfEnabled(TestCaseExecutor.kt:57)
	at io.kotest.core.internal.TestCaseExecutor$intercept$innerExecute$1.invokeSuspend(TestCaseExecutor.kt:89)
	at io.kotest.core.internal.TestCaseExecutor$intercept$innerExecute$1.invoke(TestCaseExecutor.kt)
	at io.kotest.core.internal.TestCaseExecutor$intercept$innerExecute$1.invoke(TestCaseExecutor.kt)
	at io.kotest.core.internal.TestCaseExecutor.intercept(TestCaseExecutor.kt:103)
	at io.kotest.core.internal.TestCaseExecutor.execute(TestCaseExecutor.kt:69)
	at io.kotest.engine.spec.runners.SingleInstanceSpecRunner.runTest(SingleInstanceSpecRunner.kt:104)
	at io.kotest.engine.spec.runners.SingleInstanceSpecRunner.access$runTest(SingleInstanceSpecRunner.kt:34)
	at io.kotest.engine.spec.runners.SingleInstanceSpecRunner$execute$interceptAndRun$2$4.invokeSuspend(SingleInstanceSpecRunner.kt:57)
	at io.kotest.engine.spec.runners.SingleInstanceSpecRunner$execute$interceptAndRun$2$4.invoke(SingleInstanceSpecRunner.kt)
	at io.kotest.engine.spec.runners.SingleInstanceSpecRunner$execute$interceptAndRun$2$4.invoke(SingleInstanceSpecRunner.kt)
	at io.kotest.engine.launchers.SequentialTestLauncher$launch$3$1$1.invokeSuspend(SequentialTestLauncher.kt:22)
	at kotlin.coroutines.jvm.internal.BaseContinuationImpl.resumeWith(ContinuationImpl.kt:33)
	at kotlinx.coroutines.DispatchedTask.run(DispatchedTask.kt:106)
	at java.base/java.util.concurrent.ThreadPoolExecutor.runWorker(ThreadPoolExecutor.java:1130)
	at java.base/java.util.concurrent.ThreadPoolExecutor$Worker.run(ThreadPoolExecutor.java:630)
	at java.base/java.lang.Thread.run(Thread.java:832)

Sep 18, 2021 2:29:33 AM net.sourceforge.marathon.javaagent.server.JavaServer serve
INFO: JavaServer.serve(POST /session): {
  "desiredCapabilities": {
    "browserName": "java",
    "platform": "ANY"
  },
  "capabilities": {
    "firstMatch": [
      {
        "browserName": "java"
      }
    ]
  }
}
Sep 18, 2021 2:29:33 AM net.sourceforge.marathon.javaagent.server.JavaServer createSession
INFO: Creating device with type: EVENT_QUEUE
Sep 18, 2021 2:29:33 AM net.sourceforge.marathon.javaagent.Device getDevice
INFO: Creating a EVENT_QUEUE device
Sep 18, 2021 2:29:33 AM net.sourceforge.marathon.javaagent.server.JavaServer serve
INFO: POST(/session, {"desiredCapabilities":{"browserName":"java","platform":"ANY"},"capabilities":{"firstMatch":[{"browserName":"java"}]}}) = {data=, status=REDIRECT}
Sep 18, 2021 2:29:33 AM net.sourceforge.marathon.javaagent.server.JavaServer serve
INFO: JavaServer.serve(GET /session/5f1154dc-2525-410d-a23f-6e165ede0fbd): {}
Sep 18, 2021 2:29:33 AM net.sourceforge.marathon.javaagent.server.JavaServer serve
INFO: GET(/session/5f1154dc-2525-410d-a23f-6e165ede0fbd) = {data={"name":"getCapabilities","sessionId":"5f1154dc-2525-410d-a23f-6e165ede0fbd","value":{"applicationCacheEnabled":false,"rotatable":false,"loggingPrefs":{"driver":"ALL"},"handlesAlerts":false,"databaseEnabled":false,"version":"1.0","platform":"ANY","browserConnectionEnabled":false,"nativeEvents":false,"acceptSslCerts":false,"locationContextEnabled":false,"webStorageEnabled":false,"browserName":"java","takesScreenshot":true,"javascriptEnabled":true,"cssSelectorsEnabled":false},"status":0}, status=OK}
Sep 18, 2021 2:29:33 AM org.openqa.selenium.remote.ProtocolHandshake createSession
INFO: Detected dialect: OSS
Sep 18, 2021 2:29:33 AM net.sourceforge.marathon.javaagent.server.JavaServer serve
INFO: JavaServer.serve(POST /session/5f1154dc-2525-410d-a23f-6e165ede0fbd/element): {
  "using": "css selector",
  "value": "."
}
Sep 18, 2021 2:29:33 AM net.sourceforge.marathon.javaagent.server.JavaServer serve
INFO: POST(/session/5f1154dc-2525-410d-a23f-6e165ede0fbd/element, {"using":"css selector","value":"."}) = {data={"name":"findElement","sessionId":"5f1154dc-2525-410d-a23f-6e165ede0fbd","value":{"ELEMENT":"f66b69f0-4255-466b-9c86-f525bf77a8fb"},"status":0}, status=OK}
Sep 18, 2021 2:29:33 AM net.sourceforge.marathon.javaagent.server.JavaServer serve
INFO: JavaServer.serve(GET /session/5f1154dc-2525-410d-a23f-6e165ede0fbd/element/f66b69f0-4255-466b-9c86-f525bf77a8fb/attribute/name): {}
Sep 18, 2021 2:29:33 AM net.sourceforge.marathon.javaagent.server.JavaServer serve
INFO: GET(/session/5f1154dc-2525-410d-a23f-6e165ede0fbd/element/f66b69f0-4255-466b-9c86-f525bf77a8fb/attribute/name) = {data={"name":"getElementAttribute","sessionId":"5f1154dc-2525-410d-a23f-6e165ede0fbd","value":"Auction Sniper Name","status":0}, status=OK}
Sep 18, 2021 2:29:34 AM net.sourceforge.marathon.javaagent.server.JavaServer serve
INFO: JavaServer.serve(POST /session/5f1154dc-2525-410d-a23f-6e165ede0fbd/element): {
  "using": "css selector",
  "value": "."
}
Sep 18, 2021 2:29:34 AM net.sourceforge.marathon.javaagent.server.JavaServer serve
INFO: POST(/session/5f1154dc-2525-410d-a23f-6e165ede0fbd/element, {"using":"css selector","value":"."}) = {data={"name":"findElement","sessionId":"5f1154dc-2525-410d-a23f-6e165ede0fbd","value":{"ELEMENT":"f66b69f0-4255-466b-9c86-f525bf77a8fb"},"status":0}, status=OK}
Sep 18, 2021 2:29:34 AM net.sourceforge.marathon.javaagent.server.JavaServer serve
INFO: JavaServer.serve(GET /session/5f1154dc-2525-410d-a23f-6e165ede0fbd/element/f66b69f0-4255-466b-9c86-f525bf77a8fb/displayed): {}
Sep 18, 2021 2:29:34 AM net.sourceforge.marathon.javaagent.server.JavaServer serve
INFO: GET(/session/5f1154dc-2525-410d-a23f-6e165ede0fbd/element/f66b69f0-4255-466b-9c86-f525bf77a8fb/displayed) = {data={"name":"isDisplayed","sessionId":"5f1154dc-2525-410d-a23f-6e165ede0fbd","value":true,"status":0}, status=OK}
Sep 18, 2021 2:29:34 AM net.sourceforge.marathon.javaagent.server.JavaServer serve
INFO: JavaServer.serve(GET /session/5f1154dc-2525-410d-a23f-6e165ede0fbd/title): {}
Sep 18, 2021 2:29:34 AM net.sourceforge.marathon.javaagent.server.JavaServer serve
INFO: GET(/session/5f1154dc-2525-410d-a23f-6e165ede0fbd/title) = {data={"name":"getWindowTitle","sessionId":"5f1154dc-2525-410d-a23f-6e165ede0fbd","value":"Auction Sniper","status":0}, status=OK}
Sep 18, 2021 2:29:34 AM net.sourceforge.marathon.javaagent.server.JavaServer serve
INFO: JavaServer.serve(POST /session/5f1154dc-2525-410d-a23f-6e165ede0fbd/element): {
  "using": "name",
  "value": "snipers table"
}
Sep 18, 2021 2:29:34 AM net.sourceforge.marathon.javaagent.server.JavaServer serve
INFO: POST(/session/5f1154dc-2525-410d-a23f-6e165ede0fbd/element, {"using":"name","value":"snipers table"}) = {data={"name":"findElement","sessionId":"5f1154dc-2525-410d-a23f-6e165ede0fbd","value":{"ELEMENT":"a9f89519-0fd0-416c-bae2-ae5d601354b7"},"status":0}, status=OK}
Sep 18, 2021 2:29:34 AM net.sourceforge.marathon.javaagent.server.JavaServer serve
INFO: JavaServer.serve(POST /session/5f1154dc-2525-410d-a23f-6e165ede0fbd/element/a9f89519-0fd0-416c-bae2-ae5d601354b7/elements): {
  "id": "a9f89519-0fd0-416c-bae2-ae5d601354b7",
  "using": "css selector",
  "value": ".::header.::all-items"
}
Sep 18, 2021 2:29:34 AM net.sourceforge.marathon.javaagent.server.JavaServer serve
INFO: POST(/session/5f1154dc-2525-410d-a23f-6e165ede0fbd/element/a9f89519-0fd0-416c-bae2-ae5d601354b7/elements, {"using":"css selector","id":"a9f89519-0fd0-416c-bae2-ae5d601354b7","value":".::header.::all-items"}) = {data={"name":"findElementsOfElement","sessionId":"5f1154dc-2525-410d-a23f-6e165ede0fbd","value":[{"ELEMENT":"92169c91-085f-4495-89c2-6f1e440adf1d%23%7B%22selector%22%3A%22nth-item%22%2C%22parameters%22%3A%5B1%5D%7D"},{"ELEMENT":"92169c91-085f-4495-89c2-6f1e440adf1d%23%7B%22selector%22%3A%22nth-item%22%2C%22parameters%22%3A%5B2%5D%7D"},{"ELEMENT":"92169c91-085f-4495-89c2-6f1e440adf1d%23%7B%22selector%22%3A%22nth-item%22%2C%22parameters%22%3A%5B3%5D%7D"},{"ELEMENT":"92169c91-085f-4495-89c2-6f1e440adf1d%23%7B%22selector%22%3A%22nth-item%22%2C%22parameters%22%3A%5B4%5D%7D"}],"status":0}, status=OK}
Sep 18, 2021 2:29:34 AM net.sourceforge.marathon.javaagent.server.JavaServer serve
INFO: JavaServer.serve(GET /session/5f1154dc-2525-410d-a23f-6e165ede0fbd/element/92169c91-085f-4495-89c2-6f1e440adf1d%23%7B%22selector%22%3A%22nth-item%22%2C%22parameters%22%3A%5B1%5D%7D/text): {}
Sep 18, 2021 2:29:34 AM net.sourceforge.marathon.javaagent.server.JavaServer serve
INFO: GET(/session/5f1154dc-2525-410d-a23f-6e165ede0fbd/element/92169c91-085f-4495-89c2-6f1e440adf1d%23%7B%22selector%22%3A%22nth-item%22%2C%22parameters%22%3A%5B1%5D%7D/text) = {data={"name":"getElementText","sessionId":"5f1154dc-2525-410d-a23f-6e165ede0fbd","value":"Item","status":0}, status=OK}
Sep 18, 2021 2:29:34 AM net.sourceforge.marathon.javaagent.server.JavaServer serve
INFO: JavaServer.serve(GET /session/5f1154dc-2525-410d-a23f-6e165ede0fbd/element/92169c91-085f-4495-89c2-6f1e440adf1d%23%7B%22selector%22%3A%22nth-item%22%2C%22parameters%22%3A%5B2%5D%7D/text): {}
Sep 18, 2021 2:29:34 AM net.sourceforge.marathon.javaagent.server.JavaServer serve
INFO: GET(/session/5f1154dc-2525-410d-a23f-6e165ede0fbd/element/92169c91-085f-4495-89c2-6f1e440adf1d%23%7B%22selector%22%3A%22nth-item%22%2C%22parameters%22%3A%5B2%5D%7D/text) = {data={"name":"getElementText","sessionId":"5f1154dc-2525-410d-a23f-6e165ede0fbd","value":"Last Price","status":0}, status=OK}
Sep 18, 2021 2:29:34 AM net.sourceforge.marathon.javaagent.server.JavaServer serve
INFO: JavaServer.serve(GET /session/5f1154dc-2525-410d-a23f-6e165ede0fbd/element/92169c91-085f-4495-89c2-6f1e440adf1d%23%7B%22selector%22%3A%22nth-item%22%2C%22parameters%22%3A%5B3%5D%7D/text): {}
Sep 18, 2021 2:29:34 AM net.sourceforge.marathon.javaagent.server.JavaServer serve
INFO: GET(/session/5f1154dc-2525-410d-a23f-6e165ede0fbd/element/92169c91-085f-4495-89c2-6f1e440adf1d%23%7B%22selector%22%3A%22nth-item%22%2C%22parameters%22%3A%5B3%5D%7D/text) = {data={"name":"getElementText","sessionId":"5f1154dc-2525-410d-a23f-6e165ede0fbd","value":"Last Bid","status":0}, status=OK}
Sep 18, 2021 2:29:34 AM net.sourceforge.marathon.javaagent.server.JavaServer serve
INFO: JavaServer.serve(GET /session/5f1154dc-2525-410d-a23f-6e165ede0fbd/element/92169c91-085f-4495-89c2-6f1e440adf1d%23%7B%22selector%22%3A%22nth-item%22%2C%22parameters%22%3A%5B4%5D%7D/text): {}
Sep 18, 2021 2:29:34 AM net.sourceforge.marathon.javaagent.server.JavaServer serve
INFO: GET(/session/5f1154dc-2525-410d-a23f-6e165ede0fbd/element/92169c91-085f-4495-89c2-6f1e440adf1d%23%7B%22selector%22%3A%22nth-item%22%2C%22parameters%22%3A%5B4%5D%7D/text) = {data={"name":"getElementText","sessionId":"5f1154dc-2525-410d-a23f-6e165ede0fbd","value":"State","status":0}, status=OK}
Sep 18, 2021 2:29:34 AM net.sourceforge.marathon.javaagent.server.JavaServer serve
INFO: JavaServer.serve(DELETE /session/5f1154dc-2525-410d-a23f-6e165ede0fbd/window): {}
Sep 18, 2021 2:29:34 AM net.sourceforge.marathon.javaagent.server.JavaServer serve
INFO: DELETE(/session/5f1154dc-2525-410d-a23f-6e165ede0fbd/window) = {data={"name":"closeSession","sessionId":"5f1154dc-2525-410d-a23f-6e165ede0fbd","status":0}, status=OK}
Sep 18, 2021 2:29:34 AM net.sourceforge.marathon.javaagent.server.JavaServer serve
INFO: JavaServer.serve(POST /session): {
  "desiredCapabilities": {
    "browserName": "java",
    "platform": "ANY"
  },
  "capabilities": {
    "firstMatch": [
      {
        "browserName": "java"
      }
    ]
  }
}
Sep 18, 2021 2:29:34 AM net.sourceforge.marathon.javaagent.server.JavaServer createSession
INFO: Creating device with type: EVENT_QUEUE
Sep 18, 2021 2:29:34 AM net.sourceforge.marathon.javaagent.Device getDevice
INFO: Creating a EVENT_QUEUE device
Sep 18, 2021 2:29:34 AM net.sourceforge.marathon.javaagent.server.JavaServer serve
INFO: POST(/session, {"desiredCapabilities":{"browserName":"java","platform":"ANY"},"capabilities":{"firstMatch":[{"browserName":"java"}]}}) = {data=, status=REDIRECT}
Sep 18, 2021 2:29:34 AM net.sourceforge.marathon.javaagent.server.JavaServer serve
INFO: JavaServer.serve(GET /session/77397792-318d-49bc-8bc4-d1ab77c51774): {}
Sep 18, 2021 2:29:34 AM net.sourceforge.marathon.javaagent.server.JavaServer serve
INFO: GET(/session/77397792-318d-49bc-8bc4-d1ab77c51774) = {data={"name":"getCapabilities","sessionId":"77397792-318d-49bc-8bc4-d1ab77c51774","value":{"applicationCacheEnabled":false,"rotatable":false,"loggingPrefs":{"driver":"ALL"},"handlesAlerts":false,"databaseEnabled":false,"version":"1.0","platform":"ANY","browserConnectionEnabled":false,"nativeEvents":false,"acceptSslCerts":false,"locationContextEnabled":false,"webStorageEnabled":false,"browserName":"java","takesScreenshot":true,"javascriptEnabled":true,"cssSelectorsEnabled":false},"status":0}, status=OK}
Sep 18, 2021 2:29:34 AM org.openqa.selenium.remote.ProtocolHandshake createSession
INFO: Detected dialect: OSS
Sep 18, 2021 2:29:34 AM net.sourceforge.marathon.javaagent.server.JavaServer serve
INFO: JavaServer.serve(POST /session/77397792-318d-49bc-8bc4-d1ab77c51774/element): {
  "using": "name",
  "value": "new item id field"
}
Sep 18, 2021 2:29:34 AM net.sourceforge.marathon.javaagent.server.JavaServer serve
INFO: POST(/session/77397792-318d-49bc-8bc4-d1ab77c51774/element, {"using":"name","value":"new item id field"}) = {data={"name":"findElement","sessionId":"77397792-318d-49bc-8bc4-d1ab77c51774","value":{"ELEMENT":"b7918d01-a9fa-4725-8817-bd221e86a54d"},"status":0}, status=OK}
Sep 18, 2021 2:29:34 AM net.sourceforge.marathon.javaagent.server.JavaServer serve
INFO: JavaServer.serve(POST /session/77397792-318d-49bc-8bc4-d1ab77c51774/element/b7918d01-a9fa-4725-8817-bd221e86a54d/clear): {
  "id": "b7918d01-a9fa-4725-8817-bd221e86a54d"
}
Sep 18, 2021 2:29:34 AM net.sourceforge.marathon.javaagent.server.JavaServer serve
INFO: POST(/session/77397792-318d-49bc-8bc4-d1ab77c51774/element/b7918d01-a9fa-4725-8817-bd221e86a54d/clear, {"id":"b7918d01-a9fa-4725-8817-bd221e86a54d"}) = {data={"name":"clearElement","sessionId":"77397792-318d-49bc-8bc4-d1ab77c51774","status":0}, status=OK}
Sep 18, 2021 2:29:34 AM net.sourceforge.marathon.javaagent.server.JavaServer serve
INFO: JavaServer.serve(POST /session/77397792-318d-49bc-8bc4-d1ab77c51774/element/b7918d01-a9fa-4725-8817-bd221e86a54d/value): {
  "id": "b7918d01-a9fa-4725-8817-bd221e86a54d",
  "value": [
    "an item-id"
  ]
}
Sep 18, 2021 2:29:34 AM net.sourceforge.marathon.javaagent.EventQueueDevice dispatchEvent
INFO: java.awt.event.KeyEvent[KEY_PRESSED,keyCode=65,keyText=A,keyChar='a',keyLocation=KEY_LOCATION_UNKNOWN,rawCode=0,primaryLevelUnicode=0,scancode=0,extendedKeyCode=0x0] on new item id field
Sep 18, 2021 2:29:34 AM net.sourceforge.marathon.javaagent.EventQueueDevice dispatchEvent
INFO: java.awt.event.KeyEvent[KEY_TYPED,keyCode=0,keyText=Unknown keyCode: 0x0,keyChar='a',keyLocation=KEY_LOCATION_UNKNOWN,rawCode=0,primaryLevelUnicode=0,scancode=0,extendedKeyCode=0x0] on new item id field
Sep 18, 2021 2:29:34 AM net.sourceforge.marathon.javaagent.EventQueueDevice dispatchEvent
INFO: java.awt.event.KeyEvent[KEY_RELEASED,keyCode=65,keyText=A,keyChar='a',keyLocation=KEY_LOCATION_UNKNOWN,rawCode=0,primaryLevelUnicode=0,scancode=0,extendedKeyCode=0x0] on new item id field
Sep 18, 2021 2:29:34 AM net.sourceforge.marathon.javaagent.EventQueueDevice dispatchEvent
INFO: java.awt.event.KeyEvent[KEY_PRESSED,keyCode=78,keyText=N,keyChar='n',keyLocation=KEY_LOCATION_UNKNOWN,rawCode=0,primaryLevelUnicode=0,scancode=0,extendedKeyCode=0x0] on new item id field
Sep 18, 2021 2:29:34 AM net.sourceforge.marathon.javaagent.EventQueueDevice dispatchEvent
INFO: java.awt.event.KeyEvent[KEY_TYPED,keyCode=0,keyText=Unknown keyCode: 0x0,keyChar='n',keyLocation=KEY_LOCATION_UNKNOWN,rawCode=0,primaryLevelUnicode=0,scancode=0,extendedKeyCode=0x0] on new item id field
Sep 18, 2021 2:29:34 AM net.sourceforge.marathon.javaagent.EventQueueDevice dispatchEvent
INFO: java.awt.event.KeyEvent[KEY_RELEASED,keyCode=78,keyText=N,keyChar='n',keyLocation=KEY_LOCATION_UNKNOWN,rawCode=0,primaryLevelUnicode=0,scancode=0,extendedKeyCode=0x0] on new item id field
Sep 18, 2021 2:29:34 AM net.sourceforge.marathon.javaagent.EventQueueDevice dispatchEvent
INFO: java.awt.event.KeyEvent[KEY_PRESSED,keyCode=16,keyText=Shift,keyChar=Undefined keyChar,modifiers=Shift,extModifiers=Shift,keyLocation=KEY_LOCATION_UNKNOWN,rawCode=0,primaryLevelUnicode=0,scancode=0,extendedKeyCode=0x0] on new item id field
Sep 18, 2021 2:29:34 AM net.sourceforge.marathon.javaagent.EventQueueDevice dispatchEvent
INFO: java.awt.event.KeyEvent[KEY_PRESSED,keyCode=32,keyText=Space,keyChar=' ',modifiers=Shift,extModifiers=Shift,keyLocation=KEY_LOCATION_UNKNOWN,rawCode=0,primaryLevelUnicode=0,scancode=0,extendedKeyCode=0x0] on new item id field
Sep 18, 2021 2:29:34 AM net.sourceforge.marathon.javaagent.EventQueueDevice dispatchEvent
INFO: java.awt.event.KeyEvent[KEY_TYPED,keyCode=0,keyText=Unknown keyCode: 0x0,keyChar=' ',modifiers=Shift,extModifiers=Shift,keyLocation=KEY_LOCATION_UNKNOWN,rawCode=0,primaryLevelUnicode=0,scancode=0,extendedKeyCode=0x0] on new item id field
Sep 18, 2021 2:29:34 AM net.sourceforge.marathon.javaagent.EventQueueDevice dispatchEvent
INFO: java.awt.event.KeyEvent[KEY_RELEASED,keyCode=32,keyText=Space,keyChar=' ',modifiers=Shift,extModifiers=Shift,keyLocation=KEY_LOCATION_UNKNOWN,rawCode=0,primaryLevelUnicode=0,scancode=0,extendedKeyCode=0x0] on new item id field
Sep 18, 2021 2:29:34 AM net.sourceforge.marathon.javaagent.EventQueueDevice dispatchEvent
INFO: java.awt.event.KeyEvent[KEY_RELEASED,keyCode=16,keyText=Shift,keyChar=Undefined keyChar,keyLocation=KEY_LOCATION_UNKNOWN,rawCode=0,primaryLevelUnicode=0,scancode=0,extendedKeyCode=0x0] on new item id field
Sep 18, 2021 2:29:34 AM net.sourceforge.marathon.javaagent.EventQueueDevice dispatchEvent
INFO: java.awt.event.KeyEvent[KEY_PRESSED,keyCode=73,keyText=I,keyChar='i',keyLocation=KEY_LOCATION_UNKNOWN,rawCode=0,primaryLevelUnicode=0,scancode=0,extendedKeyCode=0x0] on new item id field
Sep 18, 2021 2:29:34 AM net.sourceforge.marathon.javaagent.EventQueueDevice dispatchEvent
INFO: java.awt.event.KeyEvent[KEY_TYPED,keyCode=0,keyText=Unknown keyCode: 0x0,keyChar='i',keyLocation=KEY_LOCATION_UNKNOWN,rawCode=0,primaryLevelUnicode=0,scancode=0,extendedKeyCode=0x0] on new item id field
Sep 18, 2021 2:29:34 AM net.sourceforge.marathon.javaagent.EventQueueDevice dispatchEvent
INFO: java.awt.event.KeyEvent[KEY_RELEASED,keyCode=73,keyText=I,keyChar='i',keyLocation=KEY_LOCATION_UNKNOWN,rawCode=0,primaryLevelUnicode=0,scancode=0,extendedKeyCode=0x0] on new item id field
Sep 18, 2021 2:29:34 AM net.sourceforge.marathon.javaagent.EventQueueDevice dispatchEvent
INFO: java.awt.event.KeyEvent[KEY_PRESSED,keyCode=84,keyText=T,keyChar='t',keyLocation=KEY_LOCATION_UNKNOWN,rawCode=0,primaryLevelUnicode=0,scancode=0,extendedKeyCode=0x0] on new item id field
Sep 18, 2021 2:29:34 AM net.sourceforge.marathon.javaagent.EventQueueDevice dispatchEvent
INFO: java.awt.event.KeyEvent[KEY_TYPED,keyCode=0,keyText=Unknown keyCode: 0x0,keyChar='t',keyLocation=KEY_LOCATION_UNKNOWN,rawCode=0,primaryLevelUnicode=0,scancode=0,extendedKeyCode=0x0] on new item id field
Sep 18, 2021 2:29:34 AM net.sourceforge.marathon.javaagent.EventQueueDevice dispatchEvent
INFO: java.awt.event.KeyEvent[KEY_RELEASED,keyCode=84,keyText=T,keyChar='t',keyLocation=KEY_LOCATION_UNKNOWN,rawCode=0,primaryLevelUnicode=0,scancode=0,extendedKeyCode=0x0] on new item id field
Sep 18, 2021 2:29:34 AM net.sourceforge.marathon.javaagent.EventQueueDevice dispatchEvent
INFO: java.awt.event.KeyEvent[KEY_PRESSED,keyCode=69,keyText=E,keyChar='e',keyLocation=KEY_LOCATION_UNKNOWN,rawCode=0,primaryLevelUnicode=0,scancode=0,extendedKeyCode=0x0] on new item id field
Sep 18, 2021 2:29:34 AM net.sourceforge.marathon.javaagent.EventQueueDevice dispatchEvent
INFO: java.awt.event.KeyEvent[KEY_TYPED,keyCode=0,keyText=Unknown keyCode: 0x0,keyChar='e',keyLocation=KEY_LOCATION_UNKNOWN,rawCode=0,primaryLevelUnicode=0,scancode=0,extendedKeyCode=0x0] on new item id field
Sep 18, 2021 2:29:34 AM net.sourceforge.marathon.javaagent.EventQueueDevice dispatchEvent
INFO: java.awt.event.KeyEvent[KEY_RELEASED,keyCode=69,keyText=E,keyChar='e',keyLocation=KEY_LOCATION_UNKNOWN,rawCode=0,primaryLevelUnicode=0,scancode=0,extendedKeyCode=0x0] on new item id field
Sep 18, 2021 2:29:34 AM net.sourceforge.marathon.javaagent.EventQueueDevice dispatchEvent
INFO: java.awt.event.KeyEvent[KEY_PRESSED,keyCode=77,keyText=M,keyChar='m',keyLocation=KEY_LOCATION_UNKNOWN,rawCode=0,primaryLevelUnicode=0,scancode=0,extendedKeyCode=0x0] on new item id field
Sep 18, 2021 2:29:34 AM net.sourceforge.marathon.javaagent.EventQueueDevice dispatchEvent
INFO: java.awt.event.KeyEvent[KEY_TYPED,keyCode=0,keyText=Unknown keyCode: 0x0,keyChar='m',keyLocation=KEY_LOCATION_UNKNOWN,rawCode=0,primaryLevelUnicode=0,scancode=0,extendedKeyCode=0x0] on new item id field
Sep 18, 2021 2:29:34 AM net.sourceforge.marathon.javaagent.EventQueueDevice dispatchEvent
INFO: java.awt.event.KeyEvent[KEY_RELEASED,keyCode=77,keyText=M,keyChar='m',keyLocation=KEY_LOCATION_UNKNOWN,rawCode=0,primaryLevelUnicode=0,scancode=0,extendedKeyCode=0x0] on new item id field
Sep 18, 2021 2:29:34 AM net.sourceforge.marathon.javaagent.EventQueueDevice dispatchEvent
INFO: java.awt.event.KeyEvent[KEY_PRESSED,keyCode=45,keyText=Minus,keyChar='-',keyLocation=KEY_LOCATION_UNKNOWN,rawCode=0,primaryLevelUnicode=0,scancode=0,extendedKeyCode=0x0] on new item id field
Sep 18, 2021 2:29:34 AM net.sourceforge.marathon.javaagent.EventQueueDevice dispatchEvent
INFO: java.awt.event.KeyEvent[KEY_TYPED,keyCode=0,keyText=Unknown keyCode: 0x0,keyChar='-',keyLocation=KEY_LOCATION_UNKNOWN,rawCode=0,primaryLevelUnicode=0,scancode=0,extendedKeyCode=0x0] on new item id field
Sep 18, 2021 2:29:34 AM net.sourceforge.marathon.javaagent.EventQueueDevice dispatchEvent
INFO: java.awt.event.KeyEvent[KEY_RELEASED,keyCode=45,keyText=Minus,keyChar='-',keyLocation=KEY_LOCATION_UNKNOWN,rawCode=0,primaryLevelUnicode=0,scancode=0,extendedKeyCode=0x0] on new item id field
Sep 18, 2021 2:29:34 AM net.sourceforge.marathon.javaagent.EventQueueDevice dispatchEvent
INFO: java.awt.event.KeyEvent[KEY_PRESSED,keyCode=73,keyText=I,keyChar='i',keyLocation=KEY_LOCATION_UNKNOWN,rawCode=0,primaryLevelUnicode=0,scancode=0,extendedKeyCode=0x0] on new item id field
Sep 18, 2021 2:29:34 AM net.sourceforge.marathon.javaagent.EventQueueDevice dispatchEvent
INFO: java.awt.event.KeyEvent[KEY_TYPED,keyCode=0,keyText=Unknown keyCode: 0x0,keyChar='i',keyLocation=KEY_LOCATION_UNKNOWN,rawCode=0,primaryLevelUnicode=0,scancode=0,extendedKeyCode=0x0] on new item id field
Sep 18, 2021 2:29:34 AM net.sourceforge.marathon.javaagent.EventQueueDevice dispatchEvent
INFO: java.awt.event.KeyEvent[KEY_RELEASED,keyCode=73,keyText=I,keyChar='i',keyLocation=KEY_LOCATION_UNKNOWN,rawCode=0,primaryLevelUnicode=0,scancode=0,extendedKeyCode=0x0] on new item id field
Sep 18, 2021 2:29:34 AM net.sourceforge.marathon.javaagent.EventQueueDevice dispatchEvent
INFO: java.awt.event.KeyEvent[KEY_PRESSED,keyCode=68,keyText=D,keyChar='d',keyLocation=KEY_LOCATION_UNKNOWN,rawCode=0,primaryLevelUnicode=0,scancode=0,extendedKeyCode=0x0] on new item id field
Sep 18, 2021 2:29:34 AM net.sourceforge.marathon.javaagent.EventQueueDevice dispatchEvent
INFO: java.awt.event.KeyEvent[KEY_TYPED,keyCode=0,keyText=Unknown keyCode: 0x0,keyChar='d',keyLocation=KEY_LOCATION_UNKNOWN,rawCode=0,primaryLevelUnicode=0,scancode=0,extendedKeyCode=0x0] on new item id field
Sep 18, 2021 2:29:34 AM net.sourceforge.marathon.javaagent.EventQueueDevice dispatchEvent
INFO: java.awt.event.KeyEvent[KEY_RELEASED,keyCode=68,keyText=D,keyChar='d',keyLocation=KEY_LOCATION_UNKNOWN,rawCode=0,primaryLevelUnicode=0,scancode=0,extendedKeyCode=0x0] on new item id field
Sep 18, 2021 2:29:34 AM net.sourceforge.marathon.javaagent.server.JavaServer serve
INFO: POST(/session/77397792-318d-49bc-8bc4-d1ab77c51774/element/b7918d01-a9fa-4725-8817-bd221e86a54d/value, {"id":"b7918d01-a9fa-4725-8817-bd221e86a54d","value":["an item-id"]}) = {data={"name":"sendKeysElement","sessionId":"77397792-318d-49bc-8bc4-d1ab77c51774","status":0}, status=OK}
Sep 18, 2021 2:29:34 AM net.sourceforge.marathon.javaagent.server.JavaServer serve
INFO: JavaServer.serve(POST /session/77397792-318d-49bc-8bc4-d1ab77c51774/element): {
  "using": "name",
  "value": "new item stop price field"
}
Sep 18, 2021 2:29:34 AM net.sourceforge.marathon.javaagent.server.JavaServer serve
INFO: POST(/session/77397792-318d-49bc-8bc4-d1ab77c51774/element, {"using":"name","value":"new item stop price field"}) = {data={"name":"findElement","sessionId":"77397792-318d-49bc-8bc4-d1ab77c51774","value":{"ELEMENT":"8031ab54-a956-41f6-a53e-a365110de674"},"status":0}, status=OK}
Sep 18, 2021 2:29:34 AM net.sourceforge.marathon.javaagent.server.JavaServer serve
INFO: JavaServer.serve(POST /session/77397792-318d-49bc-8bc4-d1ab77c51774/element/8031ab54-a956-41f6-a53e-a365110de674/clear): {
  "id": "8031ab54-a956-41f6-a53e-a365110de674"
}
Sep 18, 2021 2:29:34 AM net.sourceforge.marathon.javaagent.server.JavaServer serve
INFO: POST(/session/77397792-318d-49bc-8bc4-d1ab77c51774/element/8031ab54-a956-41f6-a53e-a365110de674/clear, {"id":"8031ab54-a956-41f6-a53e-a365110de674"}) = {data={"name":"clearElement","sessionId":"77397792-318d-49bc-8bc4-d1ab77c51774","status":0}, status=OK}
Sep 18, 2021 2:29:34 AM net.sourceforge.marathon.javaagent.server.JavaServer serve
INFO: JavaServer.serve(POST /session/77397792-318d-49bc-8bc4-d1ab77c51774/element/8031ab54-a956-41f6-a53e-a365110de674/value): {
  "id": "8031ab54-a956-41f6-a53e-a365110de674",
  "value": [
    "11000"
  ]
}
Sep 18, 2021 2:29:34 AM net.sourceforge.marathon.javaagent.EventQueueDevice dispatchEvent
INFO: java.awt.event.KeyEvent[KEY_PRESSED,keyCode=49,keyText=1,keyChar='1',keyLocation=KEY_LOCATION_UNKNOWN,rawCode=0,primaryLevelUnicode=0,scancode=0,extendedKeyCode=0x0] on new item stop price field
Sep 18, 2021 2:29:34 AM net.sourceforge.marathon.javaagent.EventQueueDevice dispatchEvent
INFO: java.awt.event.KeyEvent[KEY_TYPED,keyCode=0,keyText=Unknown keyCode: 0x0,keyChar='1',keyLocation=KEY_LOCATION_UNKNOWN,rawCode=0,primaryLevelUnicode=0,scancode=0,extendedKeyCode=0x0] on new item stop price field
Sep 18, 2021 2:29:34 AM net.sourceforge.marathon.javaagent.EventQueueDevice dispatchEvent
INFO: java.awt.event.KeyEvent[KEY_RELEASED,keyCode=49,keyText=1,keyChar='1',keyLocation=KEY_LOCATION_UNKNOWN,rawCode=0,primaryLevelUnicode=0,scancode=0,extendedKeyCode=0x0] on new item stop price field
Sep 18, 2021 2:29:34 AM net.sourceforge.marathon.javaagent.EventQueueDevice dispatchEvent
INFO: java.awt.event.KeyEvent[KEY_PRESSED,keyCode=49,keyText=1,keyChar='1',keyLocation=KEY_LOCATION_UNKNOWN,rawCode=0,primaryLevelUnicode=0,scancode=0,extendedKeyCode=0x0] on new item stop price field
Sep 18, 2021 2:29:34 AM net.sourceforge.marathon.javaagent.EventQueueDevice dispatchEvent
INFO: java.awt.event.KeyEvent[KEY_TYPED,keyCode=0,keyText=Unknown keyCode: 0x0,keyChar='1',keyLocation=KEY_LOCATION_UNKNOWN,rawCode=0,primaryLevelUnicode=0,scancode=0,extendedKeyCode=0x0] on new item stop price field
Sep 18, 2021 2:29:34 AM net.sourceforge.marathon.javaagent.EventQueueDevice dispatchEvent
INFO: java.awt.event.KeyEvent[KEY_RELEASED,keyCode=49,keyText=1,keyChar='1',keyLocation=KEY_LOCATION_UNKNOWN,rawCode=0,primaryLevelUnicode=0,scancode=0,extendedKeyCode=0x0] on new item stop price field
Sep 18, 2021 2:29:34 AM net.sourceforge.marathon.javaagent.EventQueueDevice dispatchEvent
INFO: java.awt.event.KeyEvent[KEY_PRESSED,keyCode=48,keyText=0,keyChar='0',keyLocation=KEY_LOCATION_UNKNOWN,rawCode=0,primaryLevelUnicode=0,scancode=0,extendedKeyCode=0x0] on new item stop price field
Sep 18, 2021 2:29:34 AM net.sourceforge.marathon.javaagent.EventQueueDevice dispatchEvent
INFO: java.awt.event.KeyEvent[KEY_TYPED,keyCode=0,keyText=Unknown keyCode: 0x0,keyChar='0',keyLocation=KEY_LOCATION_UNKNOWN,rawCode=0,primaryLevelUnicode=0,scancode=0,extendedKeyCode=0x0] on new item stop price field
Sep 18, 2021 2:29:34 AM net.sourceforge.marathon.javaagent.EventQueueDevice dispatchEvent
INFO: java.awt.event.KeyEvent[KEY_RELEASED,keyCode=48,keyText=0,keyChar='0',keyLocation=KEY_LOCATION_UNKNOWN,rawCode=0,primaryLevelUnicode=0,scancode=0,extendedKeyCode=0x0] on new item stop price field
Sep 18, 2021 2:29:34 AM net.sourceforge.marathon.javaagent.EventQueueDevice dispatchEvent
INFO: java.awt.event.KeyEvent[KEY_PRESSED,keyCode=48,keyText=0,keyChar='0',keyLocation=KEY_LOCATION_UNKNOWN,rawCode=0,primaryLevelUnicode=0,scancode=0,extendedKeyCode=0x0] on new item stop price field
Sep 18, 2021 2:29:34 AM net.sourceforge.marathon.javaagent.EventQueueDevice dispatchEvent
INFO: java.awt.event.KeyEvent[KEY_TYPED,keyCode=0,keyText=Unknown keyCode: 0x0,keyChar='0',keyLocation=KEY_LOCATION_UNKNOWN,rawCode=0,primaryLevelUnicode=0,scancode=0,extendedKeyCode=0x0] on new item stop price field
Sep 18, 2021 2:29:34 AM net.sourceforge.marathon.javaagent.EventQueueDevice dispatchEvent
INFO: java.awt.event.KeyEvent[KEY_RELEASED,keyCode=48,keyText=0,keyChar='0',keyLocation=KEY_LOCATION_UNKNOWN,rawCode=0,primaryLevelUnicode=0,scancode=0,extendedKeyCode=0x0] on new item stop price field
Sep 18, 2021 2:29:34 AM net.sourceforge.marathon.javaagent.EventQueueDevice dispatchEvent
INFO: java.awt.event.KeyEvent[KEY_PRESSED,keyCode=48,keyText=0,keyChar='0',keyLocation=KEY_LOCATION_UNKNOWN,rawCode=0,primaryLevelUnicode=0,scancode=0,extendedKeyCode=0x0] on new item stop price field
Sep 18, 2021 2:29:34 AM net.sourceforge.marathon.javaagent.EventQueueDevice dispatchEvent
INFO: java.awt.event.KeyEvent[KEY_TYPED,keyCode=0,keyText=Unknown keyCode: 0x0,keyChar='0',keyLocation=KEY_LOCATION_UNKNOWN,rawCode=0,primaryLevelUnicode=0,scancode=0,extendedKeyCode=0x0] on new item stop price field
Sep 18, 2021 2:29:34 AM net.sourceforge.marathon.javaagent.EventQueueDevice dispatchEvent
INFO: java.awt.event.KeyEvent[KEY_RELEASED,keyCode=48,keyText=0,keyChar='0',keyLocation=KEY_LOCATION_UNKNOWN,rawCode=0,primaryLevelUnicode=0,scancode=0,extendedKeyCode=0x0] on new item stop price field
Sep 18, 2021 2:29:34 AM net.sourceforge.marathon.javaagent.server.JavaServer serve
INFO: POST(/session/77397792-318d-49bc-8bc4-d1ab77c51774/element/8031ab54-a956-41f6-a53e-a365110de674/value, {"id":"8031ab54-a956-41f6-a53e-a365110de674","value":["11000"]}) = {data={"name":"sendKeysElement","sessionId":"77397792-318d-49bc-8bc4-d1ab77c51774","status":0}, status=OK}
Sep 18, 2021 2:29:34 AM net.sourceforge.marathon.javaagent.server.JavaServer serve
INFO: JavaServer.serve(POST /session/77397792-318d-49bc-8bc4-d1ab77c51774/element): {
  "using": "name",
  "value": "join button"
}
Sep 18, 2021 2:29:34 AM net.sourceforge.marathon.javaagent.server.JavaServer serve
INFO: POST(/session/77397792-318d-49bc-8bc4-d1ab77c51774/element, {"using":"name","value":"join button"}) = {data={"name":"findElement","sessionId":"77397792-318d-49bc-8bc4-d1ab77c51774","value":{"ELEMENT":"bc66ee47-108e-4136-93bb-59ce986996c2"},"status":0}, status=OK}
Sep 18, 2021 2:29:34 AM net.sourceforge.marathon.javaagent.server.JavaServer serve
INFO: JavaServer.serve(POST /session/77397792-318d-49bc-8bc4-d1ab77c51774/element/bc66ee47-108e-4136-93bb-59ce986996c2/click): {
  "id": "bc66ee47-108e-4136-93bb-59ce986996c2"
}
Sep 18, 2021 2:29:34 AM net.sourceforge.marathon.javaagent.EventQueueDevice dispatchEvent
INFO: java.awt.event.MouseEvent[MOUSE_PRESSED,(58,12),absolute(589,17),button=1,modifiers=Button1,extModifiers=Button1,clickCount=1] on join button
Sep 18, 2021 2:29:34 AM net.sourceforge.marathon.javaagent.EventQueueDevice dispatchEvent
INFO: java.awt.event.MouseEvent[MOUSE_RELEASED,(58,12),absolute(589,17),button=1,modifiers=Button1,clickCount=1] on join button
Sep 18, 2021 2:29:34 AM net.sourceforge.marathon.javaagent.EventQueueDevice dispatchEvent
INFO: java.awt.event.MouseEvent[MOUSE_CLICKED,(58,12),absolute(589,17),button=1,modifiers=Button1,clickCount=1] on join button
Sep 18, 2021 2:29:34 AM net.sourceforge.marathon.javaagent.server.JavaServer serve
INFO: POST(/session/77397792-318d-49bc-8bc4-d1ab77c51774/element/bc66ee47-108e-4136-93bb-59ce986996c2/click, {"id":"bc66ee47-108e-4136-93bb-59ce986996c2"}) = {data={"name":"clickElement","sessionId":"77397792-318d-49bc-8bc4-d1ab77c51774","status":0}, status=OK}
Sep 18, 2021 2:29:35 AM net.sourceforge.marathon.javaagent.server.JavaServer serve
INFO: JavaServer.serve(DELETE /session/77397792-318d-49bc-8bc4-d1ab77c51774/window): {}
Sep 18, 2021 2:29:35 AM net.sourceforge.marathon.javaagent.server.JavaServer serve
INFO: DELETE(/session/77397792-318d-49bc-8bc4-d1ab77c51774/window) = {data={"name":"closeSession","sessionId":"77397792-318d-49bc-8bc4-d1ab77c51774","status":0}, status=OK}
Sep 18, 2021 2:29:35 AM net.sourceforge.marathon.javaagent.server.JavaServer serve
INFO: JavaServer.serve(POST /session): {
  "desiredCapabilities": {
    "browserName": "java",
    "platform": "ANY"
  },
  "capabilities": {
    "firstMatch": [
      {
        "browserName": "java"
      }
    ]
  }
}
Sep 18, 2021 2:29:35 AM net.sourceforge.marathon.javaagent.server.JavaServer createSession
INFO: Creating device with type: EVENT_QUEUE
Sep 18, 2021 2:29:35 AM net.sourceforge.marathon.javaagent.Device getDevice
INFO: Creating a EVENT_QUEUE device
Sep 18, 2021 2:29:35 AM net.sourceforge.marathon.javaagent.server.JavaServer serve
INFO: POST(/session, {"desiredCapabilities":{"browserName":"java","platform":"ANY"},"capabilities":{"firstMatch":[{"browserName":"java"}]}}) = {data=, status=REDIRECT}
Sep 18, 2021 2:29:35 AM net.sourceforge.marathon.javaagent.server.JavaServer serve
INFO: JavaServer.serve(GET /session/84b9e6ad-34c0-4f38-ba17-abb9e07ab1c0): {}
Sep 18, 2021 2:29:35 AM net.sourceforge.marathon.javaagent.server.JavaServer serve
INFO: GET(/session/84b9e6ad-34c0-4f38-ba17-abb9e07ab1c0) = {data={"name":"getCapabilities","sessionId":"84b9e6ad-34c0-4f38-ba17-abb9e07ab1c0","value":{"applicationCacheEnabled":false,"rotatable":false,"loggingPrefs":{"driver":"ALL"},"handlesAlerts":false,"databaseEnabled":false,"version":"1.0","platform":"ANY","browserConnectionEnabled":false,"nativeEvents":false,"acceptSslCerts":false,"locationContextEnabled":false,"webStorageEnabled":false,"browserName":"java","takesScreenshot":true,"javascriptEnabled":true,"cssSelectorsEnabled":false},"status":0}, status=OK}
Sep 18, 2021 2:29:35 AM org.openqa.selenium.remote.ProtocolHandshake createSession
INFO: Detected dialect: OSS
Sep 18, 2021 2:29:35 AM net.sourceforge.marathon.javaagent.server.JavaServer serve
INFO: JavaServer.serve(POST /session/84b9e6ad-34c0-4f38-ba17-abb9e07ab1c0/element): {
  "using": "name",
  "value": "sniper reset button"
}
Sep 18, 2021 2:29:35 AM net.sourceforge.marathon.javaagent.server.JavaServer serve
INFO: POST(/session/84b9e6ad-34c0-4f38-ba17-abb9e07ab1c0/element, {"using":"name","value":"sniper reset button"}) = {data={"name":"findElement","sessionId":"84b9e6ad-34c0-4f38-ba17-abb9e07ab1c0","value":{"ELEMENT":"758ce53e-cb4b-46b1-8b40-02f52276c517"},"status":0}, status=OK}
Sep 18, 2021 2:29:35 AM net.sourceforge.marathon.javaagent.server.JavaServer serve
INFO: JavaServer.serve(POST /session/84b9e6ad-34c0-4f38-ba17-abb9e07ab1c0/element/758ce53e-cb4b-46b1-8b40-02f52276c517/click): {
  "id": "758ce53e-cb4b-46b1-8b40-02f52276c517"
}
Sep 18, 2021 2:29:35 AM net.sourceforge.marathon.javaagent.EventQueueDevice dispatchEvent
INFO: java.awt.event.MouseEvent[MOUSE_PRESSED,(37,12),absolute(326,474),button=1,modifiers=Button1,extModifiers=Button1,clickCount=1] on sniper reset button
Sep 18, 2021 2:29:35 AM net.sourceforge.marathon.javaagent.EventQueueDevice dispatchEvent
INFO: java.awt.event.MouseEvent[MOUSE_RELEASED,(37,12),absolute(326,474),button=1,modifiers=Button1,clickCount=1] on sniper reset button
Sep 18, 2021 2:29:35 AM net.sourceforge.marathon.javaagent.EventQueueDevice dispatchEvent
INFO: java.awt.event.MouseEvent[MOUSE_CLICKED,(37,12),absolute(326,474),button=1,modifiers=Button1,clickCount=1] on sniper reset button
Sep 18, 2021 2:29:35 AM net.sourceforge.marathon.javaagent.server.JavaServer serve
INFO: POST(/session/84b9e6ad-34c0-4f38-ba17-abb9e07ab1c0/element/758ce53e-cb4b-46b1-8b40-02f52276c517/click, {"id":"758ce53e-cb4b-46b1-8b40-02f52276c517"}) = {data={"name":"clickElement","sessionId":"84b9e6ad-34c0-4f38-ba17-abb9e07ab1c0","status":0}, status=OK}
Sep 18, 2021 2:29:35 AM net.sourceforge.marathon.javaagent.server.JavaServer serve
INFO: JavaServer.serve(DELETE /session/84b9e6ad-34c0-4f38-ba17-abb9e07ab1c0/window): {}
Sep 18, 2021 2:29:35 AM net.sourceforge.marathon.javaagent.server.JavaServer serve
INFO: DELETE(/session/84b9e6ad-34c0-4f38-ba17-abb9e07ab1c0/window) = {data={"name":"closeSession","sessionId":"84b9e6ad-34c0-4f38-ba17-abb9e07ab1c0","status":0}, status=OK}
]]></system-err>
</testsuite>
