<?xml version="1.0" encoding="UTF-8"?>
<testsuite name="goos.ui.stub.StubUiTest" tests="1" skipped="0" failures="0" errors="0" timestamp="2022-01-30T02:25:33" hostname="buildkitsandbox" time="0.052">
  <properties/>
  <testcase name="a test" classname="goos.ui.stub.StubUiTest" time="0.052"/>
  <system-out><![CDATA[]]></system-out>
  <system-err><![CDATA[]]></system-err>
</testsuite>
