<?xml version="1.0" encoding="UTF-8"?>
<testsuite name="goos.AuctionSniperEndToEndStubbedTest" tests="8" skipped="0" failures="0" errors="0" timestamp="2021-10-12T02:27:58" hostname="buildkitsandbox" time="0.253">
  <properties/>
  <testcase name="basic appearance of the app" classname="goos.AuctionSniperEndToEndStubbedTest" time="0.071"/>
  <testcase name="sniper joins auction, loses without bidding" classname="goos.AuctionSniperEndToEndStubbedTest" time="0.156"/>
  <testcase name="sniper joins auction, bids and loses" classname="goos.AuctionSniperEndToEndStubbedTest" time="0.008"/>
  <testcase name="sniper wins an auction by bidding higher" classname="goos.AuctionSniperEndToEndStubbedTest" time="0.002"/>
  <testcase name="sniper loses an auction after bidding" classname="goos.AuctionSniperEndToEndStubbedTest" time="0.002"/>
  <testcase name="sniper bids for multiple items" classname="goos.AuctionSniperEndToEndStubbedTest" time="0.002"/>
  <testcase name="sniper loses an auction when the price is too high" classname="goos.AuctionSniperEndToEndStubbedTest" time="0.002"/>
  <testcase name="sniper reports invalid auction message and stops responding to events" classname="goos.AuctionSniperEndToEndStubbedTest" time="0.003"/>
  <system-out><![CDATA[]]></system-out>
  <system-err><![CDATA[]]></system-err>
</testsuite>
