<?xml version="1.0" encoding="UTF-8"?>
<testsuite name="goos.core.SniperLauncherTest" tests="1" skipped="0" failures="0" errors="0" timestamp="2022-01-24T02:31:30" hostname="buildkitsandbox" time="0.114">
  <properties/>
  <testcase name="adds new sniper to collector and then joins auction" classname="goos.core.SniperLauncherTest" time="0.114"/>
  <system-out><![CDATA[]]></system-out>
  <system-err><![CDATA[]]></system-err>
</testsuite>
