<?xml version="1.0" encoding="UTF-8"?>
<testsuite name="goos.auction.sol.AuctionMessageTranslatorTest" tests="5" skipped="0" failures="0" errors="0" timestamp="2021-10-29T02:23:46" hostname="buildkitsandbox" time="0.6">
  <properties/>
  <testcase name="notifies auction closed when close message received" classname="goos.auction.sol.AuctionMessageTranslatorTest" time="0.521"/>
  <testcase name="notifies bid details when current price message received from other bidder" classname="goos.auction.sol.AuctionMessageTranslatorTest" time="0.02"/>
  <testcase name="notifies bid details when current price message received from sniper" classname="goos.auction.sol.AuctionMessageTranslatorTest" time="0.023"/>
  <testcase name="notifies auction failed when bad message received" classname="goos.auction.sol.AuctionMessageTranslatorTest" time="0.003"/>
  <testcase name="does nothing when unknown event received" classname="goos.auction.sol.AuctionMessageTranslatorTest" time="0.001"/>
  <system-out><![CDATA[]]></system-out>
  <system-err><![CDATA[]]></system-err>
</testsuite>
