<?xml version="1.0" encoding="UTF-8"?>
<testsuite name="goos.auction.stub.StubAuctionTest" tests="2" skipped="0" failures="0" errors="0" timestamp="2021-10-06T02:24:46" hostname="buildkitsandbox" time="0.778">
  <properties/>
  <testcase name="receives events from auction server after joining" classname="goos.auction.stub.StubAuctionTest" time="0.714"/>
  <testcase name="stops receiving events from auction server after failure" classname="goos.auction.stub.StubAuctionTest" time="0.059"/>
  <system-out><![CDATA[]]></system-out>
  <system-err><![CDATA[]]></system-err>
</testsuite>
