<?xml version="1.0" encoding="UTF-8"?>
<testsuite name="goos.ui.swing.MainWindowTest" tests="3" skipped="0" failures="0" errors="0" timestamp="2021-09-21T02:24:37" hostname="buildkitsandbox" time="3.705">
  <properties/>
  <testcase name="window has expected features" classname="goos.ui.swing.MainWindowTest" time="2.767"/>
  <testcase name="make user request when join button clicked" classname="goos.ui.swing.MainWindowTest" time="0.763"/>
  <testcase name="make user request when reset button clicked" classname="goos.ui.swing.MainWindowTest" time="0.168"/>
  <system-out><![CDATA[]]></system-out>
  <system-err><![CDATA[Sep 21, 2021 2:24:38 AM io.mockk.impl.log.JULLogger warn
WARNING: Failed to transform class goos/ui/api/UserRequestListener
java.lang.IllegalArgumentException: Unsupported class file major version 59
	at net.bytebuddy.jar.asm.ClassReader.<init>(ClassReader.java:176)
	at net.bytebuddy.jar.asm.ClassReader.<init>(ClassReader.java:158)
	at net.bytebuddy.jar.asm.ClassReader.<init>(ClassReader.java:146)
	at net.bytebuddy.utility.OpenedClassReader.of(OpenedClassReader.java:69)
	at net.bytebuddy.dynamic.scaffold.TypeWriter$Default$ForInlining.create(TypeWriter.java:2877)
	at net.bytebuddy.dynamic.scaffold.TypeWriter$Default.make(TypeWriter.java:1653)
	at net.bytebuddy.dynamic.scaffold.inline.RedefinitionDynamicTypeBuilder.make(RedefinitionDynamicTypeBuilder.java:180)
	at net.bytebuddy.dynamic.scaffold.inline.AbstractInliningDynamicTypeBuilder.make(AbstractInliningDynamicTypeBuilder.java:94)
	at net.bytebuddy.dynamic.DynamicType$Builder$AbstractBase.make(DynamicType.java:2669)
	at io.mockk.proxy.jvm.transformation.InliningClassTransformer.transform(InliningClassTransformer.kt:78)
	at java.instrument/java.lang.instrument.ClassFileTransformer.transform(ClassFileTransformer.java:246)
	at java.instrument/sun.instrument.TransformerManager.transform(TransformerManager.java:188)
	at java.instrument/sun.instrument.InstrumentationImpl.transform(InstrumentationImpl.java:563)
	at java.instrument/sun.instrument.InstrumentationImpl.retransformClasses0(Native Method)
	at java.instrument/sun.instrument.InstrumentationImpl.retransformClasses(InstrumentationImpl.java:167)
	at io.mockk.proxy.jvm.transformation.JvmInlineInstrumentation.retransform(JvmInlineInstrumentation.kt:28)
	at io.mockk.proxy.common.transformation.RetransformInlineInstrumnetation$execute$1.invoke(RetransformInlineInstrumnetation.kt:19)
	at io.mockk.proxy.common.transformation.RetransformInlineInstrumnetation$execute$1.invoke(RetransformInlineInstrumnetation.kt:6)
	at io.mockk.proxy.common.transformation.ClassTransformationSpecMap.applyTransformation(ClassTransformationSpecMap.kt:41)
	at io.mockk.proxy.common.transformation.RetransformInlineInstrumnetation.execute(RetransformInlineInstrumnetation.kt:16)
	at io.mockk.proxy.jvm.ProxyMaker.inline(ProxyMaker.kt:88)
	at io.mockk.proxy.jvm.ProxyMaker.proxy(ProxyMaker.kt:30)
	at io.mockk.impl.instantiation.JvmMockFactory.newProxy(JvmMockFactory.kt:34)
	at io.mockk.impl.instantiation.AbstractMockFactory.newProxy$default(AbstractMockFactory.kt:29)
	at io.mockk.impl.instantiation.AbstractMockFactory.mockk(AbstractMockFactory.kt:59)
	at goos.ui.swing.MainWindowTest$1$1.invokeSuspend(MainWindowTest.kt:90)
	at goos.ui.swing.MainWindowTest$1$1.invoke(MainWindowTest.kt)
	at goos.ui.swing.MainWindowTest$1$1.invoke(MainWindowTest.kt)
	at io.kotest.core.TestConfiguration$beforeTest$1.beforeTest(TestConfiguration.kt:137)
	at io.kotest.core.spec.LifecycleKt.invokeAllBeforeTestCallbacks(lifecycle.kt:76)
	at io.kotest.core.internal.TestCaseExecutor.executeActiveTest(TestCaseExecutor.kt:152)
	at io.kotest.core.internal.TestCaseExecutor.access$executeActiveTest(TestCaseExecutor.kt:57)
	at io.kotest.core.internal.TestCaseExecutor$intercept$innerExecute$1$1.invokeSuspend(TestCaseExecutor.kt:89)
	at io.kotest.core.internal.TestCaseExecutor$intercept$innerExecute$1$1.invoke(TestCaseExecutor.kt)
	at io.kotest.core.internal.TestCaseExecutor$intercept$innerExecute$1$1.invoke(TestCaseExecutor.kt)
	at io.kotest.core.internal.TestCaseExecutor.executeIfEnabled(TestCaseExecutor.kt:117)
	at io.kotest.core.internal.TestCaseExecutor.access$executeIfEnabled(TestCaseExecutor.kt:57)
	at io.kotest.core.internal.TestCaseExecutor$intercept$innerExecute$1.invokeSuspend(TestCaseExecutor.kt:89)
	at io.kotest.core.internal.TestCaseExecutor$intercept$innerExecute$1.invoke(TestCaseExecutor.kt)
	at io.kotest.core.internal.TestCaseExecutor$intercept$innerExecute$1.invoke(TestCaseExecutor.kt)
	at io.kotest.core.internal.TestCaseExecutor.intercept(TestCaseExecutor.kt:103)
	at io.kotest.core.internal.TestCaseExecutor.execute(TestCaseExecutor.kt:69)
	at io.kotest.engine.spec.runners.SingleInstanceSpecRunner.runTest(SingleInstanceSpecRunner.kt:104)
	at io.kotest.engine.spec.runners.SingleInstanceSpecRunner.access$runTest(SingleInstanceSpecRunner.kt:34)
	at io.kotest.engine.spec.runners.SingleInstanceSpecRunner$execute$interceptAndRun$2$4.invokeSuspend(SingleInstanceSpecRunner.kt:57)
	at io.kotest.engine.spec.runners.SingleInstanceSpecRunner$execute$interceptAndRun$2$4.invoke(SingleInstanceSpecRunner.kt)
	at io.kotest.engine.spec.runners.SingleInstanceSpecRunner$execute$interceptAndRun$2$4.invoke(SingleInstanceSpecRunner.kt)
	at io.kotest.engine.launchers.SequentialTestLauncher$launch$3$1$1.invokeSuspend(SequentialTestLauncher.kt:22)
	at kotlin.coroutines.jvm.internal.BaseContinuationImpl.resumeWith(ContinuationImpl.kt:33)
	at kotlinx.coroutines.DispatchedTask.run(DispatchedTask.kt:106)
	at java.base/java.util.concurrent.ThreadPoolExecutor.runWorker(ThreadPoolExecutor.java:1130)
	at java.base/java.util.concurrent.ThreadPoolExecutor$Worker.run(ThreadPoolExecutor.java:630)
	at java.base/java.lang.Thread.run(Thread.java:832)

Sep 21, 2021 2:24:40 AM net.sourceforge.marathon.javaagent.server.JavaServer serve
INFO: JavaServer.serve(POST /session): {
  "desiredCapabilities": {
    "browserName": "java",
    "platform": "ANY"
  },
  "capabilities": {
    "firstMatch": [
      {
        "browserName": "java"
      }
    ]
  }
}
Sep 21, 2021 2:24:40 AM net.sourceforge.marathon.javaagent.server.JavaServer createSession
INFO: Creating device with type: EVENT_QUEUE
Sep 21, 2021 2:24:40 AM net.sourceforge.marathon.javaagent.Device getDevice
INFO: Creating a EVENT_QUEUE device
Sep 21, 2021 2:24:40 AM net.sourceforge.marathon.javaagent.server.JavaServer serve
INFO: POST(/session, {"desiredCapabilities":{"browserName":"java","platform":"ANY"},"capabilities":{"firstMatch":[{"browserName":"java"}]}}) = {data=, status=REDIRECT}
Sep 21, 2021 2:24:40 AM net.sourceforge.marathon.javaagent.server.JavaServer serve
INFO: JavaServer.serve(GET /session/a5d935f9-5251-4f3d-aac7-3be877a1bb6d): {}
Sep 21, 2021 2:24:40 AM net.sourceforge.marathon.javaagent.server.JavaServer serve
INFO: GET(/session/a5d935f9-5251-4f3d-aac7-3be877a1bb6d) = {data={"name":"getCapabilities","sessionId":"a5d935f9-5251-4f3d-aac7-3be877a1bb6d","value":{"applicationCacheEnabled":false,"rotatable":false,"loggingPrefs":{"driver":"ALL"},"handlesAlerts":false,"databaseEnabled":false,"version":"1.0","platform":"ANY","browserConnectionEnabled":false,"nativeEvents":false,"acceptSslCerts":false,"locationContextEnabled":false,"webStorageEnabled":false,"browserName":"java","takesScreenshot":true,"javascriptEnabled":true,"cssSelectorsEnabled":false},"status":0}, status=OK}
Sep 21, 2021 2:24:40 AM org.openqa.selenium.remote.ProtocolHandshake createSession
INFO: Detected dialect: OSS
Sep 21, 2021 2:24:40 AM net.sourceforge.marathon.javaagent.server.JavaServer serve
INFO: JavaServer.serve(POST /session/a5d935f9-5251-4f3d-aac7-3be877a1bb6d/element): {
  "using": "css selector",
  "value": "."
}
Sep 21, 2021 2:24:40 AM net.sourceforge.marathon.javaagent.server.JavaServer serve
INFO: POST(/session/a5d935f9-5251-4f3d-aac7-3be877a1bb6d/element, {"using":"css selector","value":"."}) = {data={"name":"findElement","sessionId":"a5d935f9-5251-4f3d-aac7-3be877a1bb6d","value":{"ELEMENT":"2f64c0bc-2d70-4e34-9a92-2e8d353db53e"},"status":0}, status=OK}
Sep 21, 2021 2:24:40 AM net.sourceforge.marathon.javaagent.server.JavaServer serve
INFO: JavaServer.serve(GET /session/a5d935f9-5251-4f3d-aac7-3be877a1bb6d/element/2f64c0bc-2d70-4e34-9a92-2e8d353db53e/attribute/name): {}
Sep 21, 2021 2:24:40 AM net.sourceforge.marathon.javaagent.server.JavaServer serve
INFO: GET(/session/a5d935f9-5251-4f3d-aac7-3be877a1bb6d/element/2f64c0bc-2d70-4e34-9a92-2e8d353db53e/attribute/name) = {data={"name":"getElementAttribute","sessionId":"a5d935f9-5251-4f3d-aac7-3be877a1bb6d","value":"Auction Sniper Name","status":0}, status=OK}
Sep 21, 2021 2:24:40 AM net.sourceforge.marathon.javaagent.server.JavaServer serve
INFO: JavaServer.serve(POST /session/a5d935f9-5251-4f3d-aac7-3be877a1bb6d/element): {
  "using": "css selector",
  "value": "."
}
Sep 21, 2021 2:24:40 AM net.sourceforge.marathon.javaagent.server.JavaServer serve
INFO: POST(/session/a5d935f9-5251-4f3d-aac7-3be877a1bb6d/element, {"using":"css selector","value":"."}) = {data={"name":"findElement","sessionId":"a5d935f9-5251-4f3d-aac7-3be877a1bb6d","value":{"ELEMENT":"2f64c0bc-2d70-4e34-9a92-2e8d353db53e"},"status":0}, status=OK}
Sep 21, 2021 2:24:40 AM net.sourceforge.marathon.javaagent.server.JavaServer serve
INFO: JavaServer.serve(GET /session/a5d935f9-5251-4f3d-aac7-3be877a1bb6d/element/2f64c0bc-2d70-4e34-9a92-2e8d353db53e/displayed): {}
Sep 21, 2021 2:24:40 AM net.sourceforge.marathon.javaagent.server.JavaServer serve
INFO: GET(/session/a5d935f9-5251-4f3d-aac7-3be877a1bb6d/element/2f64c0bc-2d70-4e34-9a92-2e8d353db53e/displayed) = {data={"name":"isDisplayed","sessionId":"a5d935f9-5251-4f3d-aac7-3be877a1bb6d","value":true,"status":0}, status=OK}
Sep 21, 2021 2:24:40 AM net.sourceforge.marathon.javaagent.server.JavaServer serve
INFO: JavaServer.serve(GET /session/a5d935f9-5251-4f3d-aac7-3be877a1bb6d/title): {}
Sep 21, 2021 2:24:40 AM net.sourceforge.marathon.javaagent.server.JavaServer serve
INFO: GET(/session/a5d935f9-5251-4f3d-aac7-3be877a1bb6d/title) = {data={"name":"getWindowTitle","sessionId":"a5d935f9-5251-4f3d-aac7-3be877a1bb6d","value":"Auction Sniper","status":0}, status=OK}
Sep 21, 2021 2:24:40 AM net.sourceforge.marathon.javaagent.server.JavaServer serve
INFO: JavaServer.serve(POST /session/a5d935f9-5251-4f3d-aac7-3be877a1bb6d/element): {
  "using": "name",
  "value": "snipers table"
}
Sep 21, 2021 2:24:40 AM net.sourceforge.marathon.javaagent.server.JavaServer serve
INFO: POST(/session/a5d935f9-5251-4f3d-aac7-3be877a1bb6d/element, {"using":"name","value":"snipers table"}) = {data={"name":"findElement","sessionId":"a5d935f9-5251-4f3d-aac7-3be877a1bb6d","value":{"ELEMENT":"2173a2ff-7cf3-4d02-ab56-621837455bb2"},"status":0}, status=OK}
Sep 21, 2021 2:24:40 AM net.sourceforge.marathon.javaagent.server.JavaServer serve
INFO: JavaServer.serve(POST /session/a5d935f9-5251-4f3d-aac7-3be877a1bb6d/element/2173a2ff-7cf3-4d02-ab56-621837455bb2/elements): {
  "id": "2173a2ff-7cf3-4d02-ab56-621837455bb2",
  "using": "css selector",
  "value": ".::header.::all-items"
}
Sep 21, 2021 2:24:40 AM net.sourceforge.marathon.javaagent.server.JavaServer serve
INFO: POST(/session/a5d935f9-5251-4f3d-aac7-3be877a1bb6d/element/2173a2ff-7cf3-4d02-ab56-621837455bb2/elements, {"using":"css selector","id":"2173a2ff-7cf3-4d02-ab56-621837455bb2","value":".::header.::all-items"}) = {data={"name":"findElementsOfElement","sessionId":"a5d935f9-5251-4f3d-aac7-3be877a1bb6d","value":[{"ELEMENT":"343f26b8-c9dd-4f28-bf36-9499e79f0f2d%23%7B%22selector%22%3A%22nth-item%22%2C%22parameters%22%3A%5B1%5D%7D"},{"ELEMENT":"343f26b8-c9dd-4f28-bf36-9499e79f0f2d%23%7B%22selector%22%3A%22nth-item%22%2C%22parameters%22%3A%5B2%5D%7D"},{"ELEMENT":"343f26b8-c9dd-4f28-bf36-9499e79f0f2d%23%7B%22selector%22%3A%22nth-item%22%2C%22parameters%22%3A%5B3%5D%7D"},{"ELEMENT":"343f26b8-c9dd-4f28-bf36-9499e79f0f2d%23%7B%22selector%22%3A%22nth-item%22%2C%22parameters%22%3A%5B4%5D%7D"}],"status":0}, status=OK}
Sep 21, 2021 2:24:40 AM net.sourceforge.marathon.javaagent.server.JavaServer serve
INFO: JavaServer.serve(GET /session/a5d935f9-5251-4f3d-aac7-3be877a1bb6d/element/343f26b8-c9dd-4f28-bf36-9499e79f0f2d%23%7B%22selector%22%3A%22nth-item%22%2C%22parameters%22%3A%5B1%5D%7D/text): {}
Sep 21, 2021 2:24:40 AM net.sourceforge.marathon.javaagent.server.JavaServer serve
INFO: GET(/session/a5d935f9-5251-4f3d-aac7-3be877a1bb6d/element/343f26b8-c9dd-4f28-bf36-9499e79f0f2d%23%7B%22selector%22%3A%22nth-item%22%2C%22parameters%22%3A%5B1%5D%7D/text) = {data={"name":"getElementText","sessionId":"a5d935f9-5251-4f3d-aac7-3be877a1bb6d","value":"Item","status":0}, status=OK}
Sep 21, 2021 2:24:40 AM net.sourceforge.marathon.javaagent.server.JavaServer serve
INFO: JavaServer.serve(GET /session/a5d935f9-5251-4f3d-aac7-3be877a1bb6d/element/343f26b8-c9dd-4f28-bf36-9499e79f0f2d%23%7B%22selector%22%3A%22nth-item%22%2C%22parameters%22%3A%5B2%5D%7D/text): {}
Sep 21, 2021 2:24:40 AM net.sourceforge.marathon.javaagent.server.JavaServer serve
INFO: GET(/session/a5d935f9-5251-4f3d-aac7-3be877a1bb6d/element/343f26b8-c9dd-4f28-bf36-9499e79f0f2d%23%7B%22selector%22%3A%22nth-item%22%2C%22parameters%22%3A%5B2%5D%7D/text) = {data={"name":"getElementText","sessionId":"a5d935f9-5251-4f3d-aac7-3be877a1bb6d","value":"Last Price","status":0}, status=OK}
Sep 21, 2021 2:24:40 AM net.sourceforge.marathon.javaagent.server.JavaServer serve
INFO: JavaServer.serve(GET /session/a5d935f9-5251-4f3d-aac7-3be877a1bb6d/element/343f26b8-c9dd-4f28-bf36-9499e79f0f2d%23%7B%22selector%22%3A%22nth-item%22%2C%22parameters%22%3A%5B3%5D%7D/text): {}
Sep 21, 2021 2:24:40 AM net.sourceforge.marathon.javaagent.server.JavaServer serve
INFO: GET(/session/a5d935f9-5251-4f3d-aac7-3be877a1bb6d/element/343f26b8-c9dd-4f28-bf36-9499e79f0f2d%23%7B%22selector%22%3A%22nth-item%22%2C%22parameters%22%3A%5B3%5D%7D/text) = {data={"name":"getElementText","sessionId":"a5d935f9-5251-4f3d-aac7-3be877a1bb6d","value":"Last Bid","status":0}, status=OK}
Sep 21, 2021 2:24:40 AM net.sourceforge.marathon.javaagent.server.JavaServer serve
INFO: JavaServer.serve(GET /session/a5d935f9-5251-4f3d-aac7-3be877a1bb6d/element/343f26b8-c9dd-4f28-bf36-9499e79f0f2d%23%7B%22selector%22%3A%22nth-item%22%2C%22parameters%22%3A%5B4%5D%7D/text): {}
Sep 21, 2021 2:24:40 AM net.sourceforge.marathon.javaagent.server.JavaServer serve
INFO: GET(/session/a5d935f9-5251-4f3d-aac7-3be877a1bb6d/element/343f26b8-c9dd-4f28-bf36-9499e79f0f2d%23%7B%22selector%22%3A%22nth-item%22%2C%22parameters%22%3A%5B4%5D%7D/text) = {data={"name":"getElementText","sessionId":"a5d935f9-5251-4f3d-aac7-3be877a1bb6d","value":"State","status":0}, status=OK}
Sep 21, 2021 2:24:40 AM net.sourceforge.marathon.javaagent.server.JavaServer serve
INFO: JavaServer.serve(DELETE /session/a5d935f9-5251-4f3d-aac7-3be877a1bb6d/window): {}
Sep 21, 2021 2:24:40 AM net.sourceforge.marathon.javaagent.server.JavaServer serve
INFO: DELETE(/session/a5d935f9-5251-4f3d-aac7-3be877a1bb6d/window) = {data={"name":"closeSession","sessionId":"a5d935f9-5251-4f3d-aac7-3be877a1bb6d","status":0}, status=OK}
Sep 21, 2021 2:24:40 AM net.sourceforge.marathon.javaagent.server.JavaServer serve
INFO: JavaServer.serve(POST /session): {
  "desiredCapabilities": {
    "browserName": "java",
    "platform": "ANY"
  },
  "capabilities": {
    "firstMatch": [
      {
        "browserName": "java"
      }
    ]
  }
}
Sep 21, 2021 2:24:40 AM net.sourceforge.marathon.javaagent.server.JavaServer createSession
INFO: Creating device with type: EVENT_QUEUE
Sep 21, 2021 2:24:40 AM net.sourceforge.marathon.javaagent.Device getDevice
INFO: Creating a EVENT_QUEUE device
Sep 21, 2021 2:24:40 AM net.sourceforge.marathon.javaagent.server.JavaServer serve
INFO: POST(/session, {"desiredCapabilities":{"browserName":"java","platform":"ANY"},"capabilities":{"firstMatch":[{"browserName":"java"}]}}) = {data=, status=REDIRECT}
Sep 21, 2021 2:24:40 AM net.sourceforge.marathon.javaagent.server.JavaServer serve
INFO: JavaServer.serve(GET /session/6cd1c7c9-e394-40fb-8e98-0d9242f8f373): {}
Sep 21, 2021 2:24:40 AM net.sourceforge.marathon.javaagent.server.JavaServer serve
INFO: GET(/session/6cd1c7c9-e394-40fb-8e98-0d9242f8f373) = {data={"name":"getCapabilities","sessionId":"6cd1c7c9-e394-40fb-8e98-0d9242f8f373","value":{"applicationCacheEnabled":false,"rotatable":false,"loggingPrefs":{"driver":"ALL"},"handlesAlerts":false,"databaseEnabled":false,"version":"1.0","platform":"ANY","browserConnectionEnabled":false,"nativeEvents":false,"acceptSslCerts":false,"locationContextEnabled":false,"webStorageEnabled":false,"browserName":"java","takesScreenshot":true,"javascriptEnabled":true,"cssSelectorsEnabled":false},"status":0}, status=OK}
Sep 21, 2021 2:24:40 AM org.openqa.selenium.remote.ProtocolHandshake createSession
INFO: Detected dialect: OSS
Sep 21, 2021 2:24:40 AM net.sourceforge.marathon.javaagent.server.JavaServer serve
INFO: JavaServer.serve(POST /session/6cd1c7c9-e394-40fb-8e98-0d9242f8f373/element): {
  "using": "name",
  "value": "new item id field"
}
Sep 21, 2021 2:24:40 AM net.sourceforge.marathon.javaagent.server.JavaServer serve
INFO: POST(/session/6cd1c7c9-e394-40fb-8e98-0d9242f8f373/element, {"using":"name","value":"new item id field"}) = {data={"name":"findElement","sessionId":"6cd1c7c9-e394-40fb-8e98-0d9242f8f373","value":{"ELEMENT":"5e4fb5c2-af4a-4321-8598-db89b4d86bbb"},"status":0}, status=OK}
Sep 21, 2021 2:24:40 AM net.sourceforge.marathon.javaagent.server.JavaServer serve
INFO: JavaServer.serve(POST /session/6cd1c7c9-e394-40fb-8e98-0d9242f8f373/element/5e4fb5c2-af4a-4321-8598-db89b4d86bbb/clear): {
  "id": "5e4fb5c2-af4a-4321-8598-db89b4d86bbb"
}
Sep 21, 2021 2:24:40 AM net.sourceforge.marathon.javaagent.server.JavaServer serve
INFO: POST(/session/6cd1c7c9-e394-40fb-8e98-0d9242f8f373/element/5e4fb5c2-af4a-4321-8598-db89b4d86bbb/clear, {"id":"5e4fb5c2-af4a-4321-8598-db89b4d86bbb"}) = {data={"name":"clearElement","sessionId":"6cd1c7c9-e394-40fb-8e98-0d9242f8f373","status":0}, status=OK}
Sep 21, 2021 2:24:40 AM net.sourceforge.marathon.javaagent.server.JavaServer serve
INFO: JavaServer.serve(POST /session/6cd1c7c9-e394-40fb-8e98-0d9242f8f373/element/5e4fb5c2-af4a-4321-8598-db89b4d86bbb/value): {
  "id": "5e4fb5c2-af4a-4321-8598-db89b4d86bbb",
  "value": [
    "an item-id"
  ]
}
Sep 21, 2021 2:24:40 AM net.sourceforge.marathon.javaagent.EventQueueDevice dispatchEvent
INFO: java.awt.event.KeyEvent[KEY_PRESSED,keyCode=65,keyText=A,keyChar='a',keyLocation=KEY_LOCATION_UNKNOWN,rawCode=0,primaryLevelUnicode=0,scancode=0,extendedKeyCode=0x0] on new item id field
Sep 21, 2021 2:24:40 AM net.sourceforge.marathon.javaagent.EventQueueDevice dispatchEvent
INFO: java.awt.event.KeyEvent[KEY_TYPED,keyCode=0,keyText=Unknown keyCode: 0x0,keyChar='a',keyLocation=KEY_LOCATION_UNKNOWN,rawCode=0,primaryLevelUnicode=0,scancode=0,extendedKeyCode=0x0] on new item id field
Sep 21, 2021 2:24:40 AM net.sourceforge.marathon.javaagent.EventQueueDevice dispatchEvent
INFO: java.awt.event.KeyEvent[KEY_RELEASED,keyCode=65,keyText=A,keyChar='a',keyLocation=KEY_LOCATION_UNKNOWN,rawCode=0,primaryLevelUnicode=0,scancode=0,extendedKeyCode=0x0] on new item id field
Sep 21, 2021 2:24:40 AM net.sourceforge.marathon.javaagent.EventQueueDevice dispatchEvent
INFO: java.awt.event.KeyEvent[KEY_PRESSED,keyCode=78,keyText=N,keyChar='n',keyLocation=KEY_LOCATION_UNKNOWN,rawCode=0,primaryLevelUnicode=0,scancode=0,extendedKeyCode=0x0] on new item id field
Sep 21, 2021 2:24:40 AM net.sourceforge.marathon.javaagent.EventQueueDevice dispatchEvent
INFO: java.awt.event.KeyEvent[KEY_TYPED,keyCode=0,keyText=Unknown keyCode: 0x0,keyChar='n',keyLocation=KEY_LOCATION_UNKNOWN,rawCode=0,primaryLevelUnicode=0,scancode=0,extendedKeyCode=0x0] on new item id field
Sep 21, 2021 2:24:40 AM net.sourceforge.marathon.javaagent.EventQueueDevice dispatchEvent
INFO: java.awt.event.KeyEvent[KEY_RELEASED,keyCode=78,keyText=N,keyChar='n',keyLocation=KEY_LOCATION_UNKNOWN,rawCode=0,primaryLevelUnicode=0,scancode=0,extendedKeyCode=0x0] on new item id field
Sep 21, 2021 2:24:40 AM net.sourceforge.marathon.javaagent.EventQueueDevice dispatchEvent
INFO: java.awt.event.KeyEvent[KEY_PRESSED,keyCode=16,keyText=Shift,keyChar=Undefined keyChar,modifiers=Shift,extModifiers=Shift,keyLocation=KEY_LOCATION_UNKNOWN,rawCode=0,primaryLevelUnicode=0,scancode=0,extendedKeyCode=0x0] on new item id field
Sep 21, 2021 2:24:40 AM net.sourceforge.marathon.javaagent.EventQueueDevice dispatchEvent
INFO: java.awt.event.KeyEvent[KEY_PRESSED,keyCode=32,keyText=Space,keyChar=' ',modifiers=Shift,extModifiers=Shift,keyLocation=KEY_LOCATION_UNKNOWN,rawCode=0,primaryLevelUnicode=0,scancode=0,extendedKeyCode=0x0] on new item id field
Sep 21, 2021 2:24:40 AM net.sourceforge.marathon.javaagent.EventQueueDevice dispatchEvent
INFO: java.awt.event.KeyEvent[KEY_TYPED,keyCode=0,keyText=Unknown keyCode: 0x0,keyChar=' ',modifiers=Shift,extModifiers=Shift,keyLocation=KEY_LOCATION_UNKNOWN,rawCode=0,primaryLevelUnicode=0,scancode=0,extendedKeyCode=0x0] on new item id field
Sep 21, 2021 2:24:40 AM net.sourceforge.marathon.javaagent.EventQueueDevice dispatchEvent
INFO: java.awt.event.KeyEvent[KEY_RELEASED,keyCode=32,keyText=Space,keyChar=' ',modifiers=Shift,extModifiers=Shift,keyLocation=KEY_LOCATION_UNKNOWN,rawCode=0,primaryLevelUnicode=0,scancode=0,extendedKeyCode=0x0] on new item id field
Sep 21, 2021 2:24:40 AM net.sourceforge.marathon.javaagent.EventQueueDevice dispatchEvent
INFO: java.awt.event.KeyEvent[KEY_RELEASED,keyCode=16,keyText=Shift,keyChar=Undefined keyChar,keyLocation=KEY_LOCATION_UNKNOWN,rawCode=0,primaryLevelUnicode=0,scancode=0,extendedKeyCode=0x0] on new item id field
Sep 21, 2021 2:24:40 AM net.sourceforge.marathon.javaagent.EventQueueDevice dispatchEvent
INFO: java.awt.event.KeyEvent[KEY_PRESSED,keyCode=73,keyText=I,keyChar='i',keyLocation=KEY_LOCATION_UNKNOWN,rawCode=0,primaryLevelUnicode=0,scancode=0,extendedKeyCode=0x0] on new item id field
Sep 21, 2021 2:24:40 AM net.sourceforge.marathon.javaagent.EventQueueDevice dispatchEvent
INFO: java.awt.event.KeyEvent[KEY_TYPED,keyCode=0,keyText=Unknown keyCode: 0x0,keyChar='i',keyLocation=KEY_LOCATION_UNKNOWN,rawCode=0,primaryLevelUnicode=0,scancode=0,extendedKeyCode=0x0] on new item id field
Sep 21, 2021 2:24:40 AM net.sourceforge.marathon.javaagent.EventQueueDevice dispatchEvent
INFO: java.awt.event.KeyEvent[KEY_RELEASED,keyCode=73,keyText=I,keyChar='i',keyLocation=KEY_LOCATION_UNKNOWN,rawCode=0,primaryLevelUnicode=0,scancode=0,extendedKeyCode=0x0] on new item id field
Sep 21, 2021 2:24:40 AM net.sourceforge.marathon.javaagent.EventQueueDevice dispatchEvent
INFO: java.awt.event.KeyEvent[KEY_PRESSED,keyCode=84,keyText=T,keyChar='t',keyLocation=KEY_LOCATION_UNKNOWN,rawCode=0,primaryLevelUnicode=0,scancode=0,extendedKeyCode=0x0] on new item id field
Sep 21, 2021 2:24:40 AM net.sourceforge.marathon.javaagent.EventQueueDevice dispatchEvent
INFO: java.awt.event.KeyEvent[KEY_TYPED,keyCode=0,keyText=Unknown keyCode: 0x0,keyChar='t',keyLocation=KEY_LOCATION_UNKNOWN,rawCode=0,primaryLevelUnicode=0,scancode=0,extendedKeyCode=0x0] on new item id field
Sep 21, 2021 2:24:40 AM net.sourceforge.marathon.javaagent.EventQueueDevice dispatchEvent
INFO: java.awt.event.KeyEvent[KEY_RELEASED,keyCode=84,keyText=T,keyChar='t',keyLocation=KEY_LOCATION_UNKNOWN,rawCode=0,primaryLevelUnicode=0,scancode=0,extendedKeyCode=0x0] on new item id field
Sep 21, 2021 2:24:40 AM net.sourceforge.marathon.javaagent.EventQueueDevice dispatchEvent
INFO: java.awt.event.KeyEvent[KEY_PRESSED,keyCode=69,keyText=E,keyChar='e',keyLocation=KEY_LOCATION_UNKNOWN,rawCode=0,primaryLevelUnicode=0,scancode=0,extendedKeyCode=0x0] on new item id field
Sep 21, 2021 2:24:40 AM net.sourceforge.marathon.javaagent.EventQueueDevice dispatchEvent
INFO: java.awt.event.KeyEvent[KEY_TYPED,keyCode=0,keyText=Unknown keyCode: 0x0,keyChar='e',keyLocation=KEY_LOCATION_UNKNOWN,rawCode=0,primaryLevelUnicode=0,scancode=0,extendedKeyCode=0x0] on new item id field
Sep 21, 2021 2:24:40 AM net.sourceforge.marathon.javaagent.EventQueueDevice dispatchEvent
INFO: java.awt.event.KeyEvent[KEY_RELEASED,keyCode=69,keyText=E,keyChar='e',keyLocation=KEY_LOCATION_UNKNOWN,rawCode=0,primaryLevelUnicode=0,scancode=0,extendedKeyCode=0x0] on new item id field
Sep 21, 2021 2:24:40 AM net.sourceforge.marathon.javaagent.EventQueueDevice dispatchEvent
INFO: java.awt.event.KeyEvent[KEY_PRESSED,keyCode=77,keyText=M,keyChar='m',keyLocation=KEY_LOCATION_UNKNOWN,rawCode=0,primaryLevelUnicode=0,scancode=0,extendedKeyCode=0x0] on new item id field
Sep 21, 2021 2:24:40 AM net.sourceforge.marathon.javaagent.EventQueueDevice dispatchEvent
INFO: java.awt.event.KeyEvent[KEY_TYPED,keyCode=0,keyText=Unknown keyCode: 0x0,keyChar='m',keyLocation=KEY_LOCATION_UNKNOWN,rawCode=0,primaryLevelUnicode=0,scancode=0,extendedKeyCode=0x0] on new item id field
Sep 21, 2021 2:24:40 AM net.sourceforge.marathon.javaagent.EventQueueDevice dispatchEvent
INFO: java.awt.event.KeyEvent[KEY_RELEASED,keyCode=77,keyText=M,keyChar='m',keyLocation=KEY_LOCATION_UNKNOWN,rawCode=0,primaryLevelUnicode=0,scancode=0,extendedKeyCode=0x0] on new item id field
Sep 21, 2021 2:24:40 AM net.sourceforge.marathon.javaagent.EventQueueDevice dispatchEvent
INFO: java.awt.event.KeyEvent[KEY_PRESSED,keyCode=45,keyText=Minus,keyChar='-',keyLocation=KEY_LOCATION_UNKNOWN,rawCode=0,primaryLevelUnicode=0,scancode=0,extendedKeyCode=0x0] on new item id field
Sep 21, 2021 2:24:40 AM net.sourceforge.marathon.javaagent.EventQueueDevice dispatchEvent
INFO: java.awt.event.KeyEvent[KEY_TYPED,keyCode=0,keyText=Unknown keyCode: 0x0,keyChar='-',keyLocation=KEY_LOCATION_UNKNOWN,rawCode=0,primaryLevelUnicode=0,scancode=0,extendedKeyCode=0x0] on new item id field
Sep 21, 2021 2:24:40 AM net.sourceforge.marathon.javaagent.EventQueueDevice dispatchEvent
INFO: java.awt.event.KeyEvent[KEY_RELEASED,keyCode=45,keyText=Minus,keyChar='-',keyLocation=KEY_LOCATION_UNKNOWN,rawCode=0,primaryLevelUnicode=0,scancode=0,extendedKeyCode=0x0] on new item id field
Sep 21, 2021 2:24:40 AM net.sourceforge.marathon.javaagent.EventQueueDevice dispatchEvent
INFO: java.awt.event.KeyEvent[KEY_PRESSED,keyCode=73,keyText=I,keyChar='i',keyLocation=KEY_LOCATION_UNKNOWN,rawCode=0,primaryLevelUnicode=0,scancode=0,extendedKeyCode=0x0] on new item id field
Sep 21, 2021 2:24:40 AM net.sourceforge.marathon.javaagent.EventQueueDevice dispatchEvent
INFO: java.awt.event.KeyEvent[KEY_TYPED,keyCode=0,keyText=Unknown keyCode: 0x0,keyChar='i',keyLocation=KEY_LOCATION_UNKNOWN,rawCode=0,primaryLevelUnicode=0,scancode=0,extendedKeyCode=0x0] on new item id field
Sep 21, 2021 2:24:40 AM net.sourceforge.marathon.javaagent.EventQueueDevice dispatchEvent
INFO: java.awt.event.KeyEvent[KEY_RELEASED,keyCode=73,keyText=I,keyChar='i',keyLocation=KEY_LOCATION_UNKNOWN,rawCode=0,primaryLevelUnicode=0,scancode=0,extendedKeyCode=0x0] on new item id field
Sep 21, 2021 2:24:40 AM net.sourceforge.marathon.javaagent.EventQueueDevice dispatchEvent
INFO: java.awt.event.KeyEvent[KEY_PRESSED,keyCode=68,keyText=D,keyChar='d',keyLocation=KEY_LOCATION_UNKNOWN,rawCode=0,primaryLevelUnicode=0,scancode=0,extendedKeyCode=0x0] on new item id field
Sep 21, 2021 2:24:40 AM net.sourceforge.marathon.javaagent.EventQueueDevice dispatchEvent
INFO: java.awt.event.KeyEvent[KEY_TYPED,keyCode=0,keyText=Unknown keyCode: 0x0,keyChar='d',keyLocation=KEY_LOCATION_UNKNOWN,rawCode=0,primaryLevelUnicode=0,scancode=0,extendedKeyCode=0x0] on new item id field
Sep 21, 2021 2:24:40 AM net.sourceforge.marathon.javaagent.EventQueueDevice dispatchEvent
INFO: java.awt.event.KeyEvent[KEY_RELEASED,keyCode=68,keyText=D,keyChar='d',keyLocation=KEY_LOCATION_UNKNOWN,rawCode=0,primaryLevelUnicode=0,scancode=0,extendedKeyCode=0x0] on new item id field
Sep 21, 2021 2:24:40 AM net.sourceforge.marathon.javaagent.server.JavaServer serve
INFO: POST(/session/6cd1c7c9-e394-40fb-8e98-0d9242f8f373/element/5e4fb5c2-af4a-4321-8598-db89b4d86bbb/value, {"id":"5e4fb5c2-af4a-4321-8598-db89b4d86bbb","value":["an item-id"]}) = {data={"name":"sendKeysElement","sessionId":"6cd1c7c9-e394-40fb-8e98-0d9242f8f373","status":0}, status=OK}
Sep 21, 2021 2:24:40 AM net.sourceforge.marathon.javaagent.server.JavaServer serve
INFO: JavaServer.serve(POST /session/6cd1c7c9-e394-40fb-8e98-0d9242f8f373/element): {
  "using": "name",
  "value": "new item stop price field"
}
Sep 21, 2021 2:24:40 AM net.sourceforge.marathon.javaagent.server.JavaServer serve
INFO: POST(/session/6cd1c7c9-e394-40fb-8e98-0d9242f8f373/element, {"using":"name","value":"new item stop price field"}) = {data={"name":"findElement","sessionId":"6cd1c7c9-e394-40fb-8e98-0d9242f8f373","value":{"ELEMENT":"0acf94ed-be17-4c5f-92a2-5f381d415779"},"status":0}, status=OK}
Sep 21, 2021 2:24:40 AM net.sourceforge.marathon.javaagent.server.JavaServer serve
INFO: JavaServer.serve(POST /session/6cd1c7c9-e394-40fb-8e98-0d9242f8f373/element/0acf94ed-be17-4c5f-92a2-5f381d415779/clear): {
  "id": "0acf94ed-be17-4c5f-92a2-5f381d415779"
}
Sep 21, 2021 2:24:40 AM net.sourceforge.marathon.javaagent.server.JavaServer serve
INFO: POST(/session/6cd1c7c9-e394-40fb-8e98-0d9242f8f373/element/0acf94ed-be17-4c5f-92a2-5f381d415779/clear, {"id":"0acf94ed-be17-4c5f-92a2-5f381d415779"}) = {data={"name":"clearElement","sessionId":"6cd1c7c9-e394-40fb-8e98-0d9242f8f373","status":0}, status=OK}
Sep 21, 2021 2:24:40 AM net.sourceforge.marathon.javaagent.server.JavaServer serve
INFO: JavaServer.serve(POST /session/6cd1c7c9-e394-40fb-8e98-0d9242f8f373/element/0acf94ed-be17-4c5f-92a2-5f381d415779/value): {
  "id": "0acf94ed-be17-4c5f-92a2-5f381d415779",
  "value": [
    "11000"
  ]
}
Sep 21, 2021 2:24:40 AM net.sourceforge.marathon.javaagent.EventQueueDevice dispatchEvent
INFO: java.awt.event.KeyEvent[KEY_PRESSED,keyCode=49,keyText=1,keyChar='1',keyLocation=KEY_LOCATION_UNKNOWN,rawCode=0,primaryLevelUnicode=0,scancode=0,extendedKeyCode=0x0] on new item stop price field
Sep 21, 2021 2:24:40 AM net.sourceforge.marathon.javaagent.EventQueueDevice dispatchEvent
INFO: java.awt.event.KeyEvent[KEY_TYPED,keyCode=0,keyText=Unknown keyCode: 0x0,keyChar='1',keyLocation=KEY_LOCATION_UNKNOWN,rawCode=0,primaryLevelUnicode=0,scancode=0,extendedKeyCode=0x0] on new item stop price field
Sep 21, 2021 2:24:40 AM net.sourceforge.marathon.javaagent.EventQueueDevice dispatchEvent
INFO: java.awt.event.KeyEvent[KEY_RELEASED,keyCode=49,keyText=1,keyChar='1',keyLocation=KEY_LOCATION_UNKNOWN,rawCode=0,primaryLevelUnicode=0,scancode=0,extendedKeyCode=0x0] on new item stop price field
Sep 21, 2021 2:24:40 AM net.sourceforge.marathon.javaagent.EventQueueDevice dispatchEvent
INFO: java.awt.event.KeyEvent[KEY_PRESSED,keyCode=49,keyText=1,keyChar='1',keyLocation=KEY_LOCATION_UNKNOWN,rawCode=0,primaryLevelUnicode=0,scancode=0,extendedKeyCode=0x0] on new item stop price field
Sep 21, 2021 2:24:40 AM net.sourceforge.marathon.javaagent.EventQueueDevice dispatchEvent
INFO: java.awt.event.KeyEvent[KEY_TYPED,keyCode=0,keyText=Unknown keyCode: 0x0,keyChar='1',keyLocation=KEY_LOCATION_UNKNOWN,rawCode=0,primaryLevelUnicode=0,scancode=0,extendedKeyCode=0x0] on new item stop price field
Sep 21, 2021 2:24:40 AM net.sourceforge.marathon.javaagent.EventQueueDevice dispatchEvent
INFO: java.awt.event.KeyEvent[KEY_RELEASED,keyCode=49,keyText=1,keyChar='1',keyLocation=KEY_LOCATION_UNKNOWN,rawCode=0,primaryLevelUnicode=0,scancode=0,extendedKeyCode=0x0] on new item stop price field
Sep 21, 2021 2:24:40 AM net.sourceforge.marathon.javaagent.EventQueueDevice dispatchEvent
INFO: java.awt.event.KeyEvent[KEY_PRESSED,keyCode=48,keyText=0,keyChar='0',keyLocation=KEY_LOCATION_UNKNOWN,rawCode=0,primaryLevelUnicode=0,scancode=0,extendedKeyCode=0x0] on new item stop price field
Sep 21, 2021 2:24:40 AM net.sourceforge.marathon.javaagent.EventQueueDevice dispatchEvent
INFO: java.awt.event.KeyEvent[KEY_TYPED,keyCode=0,keyText=Unknown keyCode: 0x0,keyChar='0',keyLocation=KEY_LOCATION_UNKNOWN,rawCode=0,primaryLevelUnicode=0,scancode=0,extendedKeyCode=0x0] on new item stop price field
Sep 21, 2021 2:24:40 AM net.sourceforge.marathon.javaagent.EventQueueDevice dispatchEvent
INFO: java.awt.event.KeyEvent[KEY_RELEASED,keyCode=48,keyText=0,keyChar='0',keyLocation=KEY_LOCATION_UNKNOWN,rawCode=0,primaryLevelUnicode=0,scancode=0,extendedKeyCode=0x0] on new item stop price field
Sep 21, 2021 2:24:40 AM net.sourceforge.marathon.javaagent.EventQueueDevice dispatchEvent
INFO: java.awt.event.KeyEvent[KEY_PRESSED,keyCode=48,keyText=0,keyChar='0',keyLocation=KEY_LOCATION_UNKNOWN,rawCode=0,primaryLevelUnicode=0,scancode=0,extendedKeyCode=0x0] on new item stop price field
Sep 21, 2021 2:24:40 AM net.sourceforge.marathon.javaagent.EventQueueDevice dispatchEvent
INFO: java.awt.event.KeyEvent[KEY_TYPED,keyCode=0,keyText=Unknown keyCode: 0x0,keyChar='0',keyLocation=KEY_LOCATION_UNKNOWN,rawCode=0,primaryLevelUnicode=0,scancode=0,extendedKeyCode=0x0] on new item stop price field
Sep 21, 2021 2:24:40 AM net.sourceforge.marathon.javaagent.EventQueueDevice dispatchEvent
INFO: java.awt.event.KeyEvent[KEY_RELEASED,keyCode=48,keyText=0,keyChar='0',keyLocation=KEY_LOCATION_UNKNOWN,rawCode=0,primaryLevelUnicode=0,scancode=0,extendedKeyCode=0x0] on new item stop price field
Sep 21, 2021 2:24:40 AM net.sourceforge.marathon.javaagent.EventQueueDevice dispatchEvent
INFO: java.awt.event.KeyEvent[KEY_PRESSED,keyCode=48,keyText=0,keyChar='0',keyLocation=KEY_LOCATION_UNKNOWN,rawCode=0,primaryLevelUnicode=0,scancode=0,extendedKeyCode=0x0] on new item stop price field
Sep 21, 2021 2:24:40 AM net.sourceforge.marathon.javaagent.EventQueueDevice dispatchEvent
INFO: java.awt.event.KeyEvent[KEY_TYPED,keyCode=0,keyText=Unknown keyCode: 0x0,keyChar='0',keyLocation=KEY_LOCATION_UNKNOWN,rawCode=0,primaryLevelUnicode=0,scancode=0,extendedKeyCode=0x0] on new item stop price field
Sep 21, 2021 2:24:40 AM net.sourceforge.marathon.javaagent.EventQueueDevice dispatchEvent
INFO: java.awt.event.KeyEvent[KEY_RELEASED,keyCode=48,keyText=0,keyChar='0',keyLocation=KEY_LOCATION_UNKNOWN,rawCode=0,primaryLevelUnicode=0,scancode=0,extendedKeyCode=0x0] on new item stop price field
Sep 21, 2021 2:24:40 AM net.sourceforge.marathon.javaagent.server.JavaServer serve
INFO: POST(/session/6cd1c7c9-e394-40fb-8e98-0d9242f8f373/element/0acf94ed-be17-4c5f-92a2-5f381d415779/value, {"id":"0acf94ed-be17-4c5f-92a2-5f381d415779","value":["11000"]}) = {data={"name":"sendKeysElement","sessionId":"6cd1c7c9-e394-40fb-8e98-0d9242f8f373","status":0}, status=OK}
Sep 21, 2021 2:24:40 AM net.sourceforge.marathon.javaagent.server.JavaServer serve
INFO: JavaServer.serve(POST /session/6cd1c7c9-e394-40fb-8e98-0d9242f8f373/element): {
  "using": "name",
  "value": "join button"
}
Sep 21, 2021 2:24:40 AM net.sourceforge.marathon.javaagent.server.JavaServer serve
INFO: POST(/session/6cd1c7c9-e394-40fb-8e98-0d9242f8f373/element, {"using":"name","value":"join button"}) = {data={"name":"findElement","sessionId":"6cd1c7c9-e394-40fb-8e98-0d9242f8f373","value":{"ELEMENT":"889b9236-7d0d-474a-bbd5-1238e23a219e"},"status":0}, status=OK}
Sep 21, 2021 2:24:40 AM net.sourceforge.marathon.javaagent.server.JavaServer serve
INFO: JavaServer.serve(POST /session/6cd1c7c9-e394-40fb-8e98-0d9242f8f373/element/889b9236-7d0d-474a-bbd5-1238e23a219e/click): {
  "id": "889b9236-7d0d-474a-bbd5-1238e23a219e"
}
Sep 21, 2021 2:24:40 AM net.sourceforge.marathon.javaagent.EventQueueDevice dispatchEvent
INFO: java.awt.event.MouseEvent[MOUSE_PRESSED,(58,12),absolute(589,17),button=1,modifiers=Button1,extModifiers=Button1,clickCount=1] on join button
Sep 21, 2021 2:24:40 AM net.sourceforge.marathon.javaagent.EventQueueDevice dispatchEvent
INFO: java.awt.event.MouseEvent[MOUSE_RELEASED,(58,12),absolute(589,17),button=1,modifiers=Button1,clickCount=1] on join button
Sep 21, 2021 2:24:40 AM net.sourceforge.marathon.javaagent.EventQueueDevice dispatchEvent
INFO: java.awt.event.MouseEvent[MOUSE_CLICKED,(58,12),absolute(589,17),button=1,modifiers=Button1,clickCount=1] on join button
Sep 21, 2021 2:24:41 AM net.sourceforge.marathon.javaagent.server.JavaServer serve
INFO: POST(/session/6cd1c7c9-e394-40fb-8e98-0d9242f8f373/element/889b9236-7d0d-474a-bbd5-1238e23a219e/click, {"id":"889b9236-7d0d-474a-bbd5-1238e23a219e"}) = {data={"name":"clickElement","sessionId":"6cd1c7c9-e394-40fb-8e98-0d9242f8f373","status":0}, status=OK}
Sep 21, 2021 2:24:41 AM net.sourceforge.marathon.javaagent.server.JavaServer serve
INFO: JavaServer.serve(DELETE /session/6cd1c7c9-e394-40fb-8e98-0d9242f8f373/window): {}
Sep 21, 2021 2:24:41 AM net.sourceforge.marathon.javaagent.server.JavaServer serve
INFO: DELETE(/session/6cd1c7c9-e394-40fb-8e98-0d9242f8f373/window) = {data={"name":"closeSession","sessionId":"6cd1c7c9-e394-40fb-8e98-0d9242f8f373","status":0}, status=OK}
Sep 21, 2021 2:24:41 AM net.sourceforge.marathon.javaagent.server.JavaServer serve
INFO: JavaServer.serve(POST /session): {
  "desiredCapabilities": {
    "browserName": "java",
    "platform": "ANY"
  },
  "capabilities": {
    "firstMatch": [
      {
        "browserName": "java"
      }
    ]
  }
}
Sep 21, 2021 2:24:41 AM net.sourceforge.marathon.javaagent.server.JavaServer createSession
INFO: Creating device with type: EVENT_QUEUE
Sep 21, 2021 2:24:41 AM net.sourceforge.marathon.javaagent.Device getDevice
INFO: Creating a EVENT_QUEUE device
Sep 21, 2021 2:24:41 AM net.sourceforge.marathon.javaagent.server.JavaServer serve
INFO: POST(/session, {"desiredCapabilities":{"browserName":"java","platform":"ANY"},"capabilities":{"firstMatch":[{"browserName":"java"}]}}) = {data=, status=REDIRECT}
Sep 21, 2021 2:24:41 AM net.sourceforge.marathon.javaagent.server.JavaServer serve
INFO: JavaServer.serve(GET /session/089cbbca-b7f0-4906-9954-8a1c34322ad6): {}
Sep 21, 2021 2:24:41 AM net.sourceforge.marathon.javaagent.server.JavaServer serve
INFO: GET(/session/089cbbca-b7f0-4906-9954-8a1c34322ad6) = {data={"name":"getCapabilities","sessionId":"089cbbca-b7f0-4906-9954-8a1c34322ad6","value":{"applicationCacheEnabled":false,"rotatable":false,"loggingPrefs":{"driver":"ALL"},"handlesAlerts":false,"databaseEnabled":false,"version":"1.0","platform":"ANY","browserConnectionEnabled":false,"nativeEvents":false,"acceptSslCerts":false,"locationContextEnabled":false,"webStorageEnabled":false,"browserName":"java","takesScreenshot":true,"javascriptEnabled":true,"cssSelectorsEnabled":false},"status":0}, status=OK}
Sep 21, 2021 2:24:41 AM org.openqa.selenium.remote.ProtocolHandshake createSession
INFO: Detected dialect: OSS
Sep 21, 2021 2:24:41 AM net.sourceforge.marathon.javaagent.server.JavaServer serve
INFO: JavaServer.serve(POST /session/089cbbca-b7f0-4906-9954-8a1c34322ad6/element): {
  "using": "name",
  "value": "sniper reset button"
}
Sep 21, 2021 2:24:41 AM net.sourceforge.marathon.javaagent.server.JavaServer serve
INFO: POST(/session/089cbbca-b7f0-4906-9954-8a1c34322ad6/element, {"using":"name","value":"sniper reset button"}) = {data={"name":"findElement","sessionId":"089cbbca-b7f0-4906-9954-8a1c34322ad6","value":{"ELEMENT":"9a6b4dc0-b825-4425-a11a-90b7b08f6a77"},"status":0}, status=OK}
Sep 21, 2021 2:24:41 AM net.sourceforge.marathon.javaagent.server.JavaServer serve
INFO: JavaServer.serve(POST /session/089cbbca-b7f0-4906-9954-8a1c34322ad6/element/9a6b4dc0-b825-4425-a11a-90b7b08f6a77/click): {
  "id": "9a6b4dc0-b825-4425-a11a-90b7b08f6a77"
}
Sep 21, 2021 2:24:41 AM net.sourceforge.marathon.javaagent.EventQueueDevice dispatchEvent
INFO: java.awt.event.MouseEvent[MOUSE_PRESSED,(37,12),absolute(326,474),button=1,modifiers=Button1,extModifiers=Button1,clickCount=1] on sniper reset button
Sep 21, 2021 2:24:41 AM net.sourceforge.marathon.javaagent.EventQueueDevice dispatchEvent
INFO: java.awt.event.MouseEvent[MOUSE_RELEASED,(37,12),absolute(326,474),button=1,modifiers=Button1,clickCount=1] on sniper reset button
Sep 21, 2021 2:24:41 AM net.sourceforge.marathon.javaagent.EventQueueDevice dispatchEvent
INFO: java.awt.event.MouseEvent[MOUSE_CLICKED,(37,12),absolute(326,474),button=1,modifiers=Button1,clickCount=1] on sniper reset button
Sep 21, 2021 2:24:41 AM net.sourceforge.marathon.javaagent.server.JavaServer serve
INFO: POST(/session/089cbbca-b7f0-4906-9954-8a1c34322ad6/element/9a6b4dc0-b825-4425-a11a-90b7b08f6a77/click, {"id":"9a6b4dc0-b825-4425-a11a-90b7b08f6a77"}) = {data={"name":"clickElement","sessionId":"089cbbca-b7f0-4906-9954-8a1c34322ad6","status":0}, status=OK}
Sep 21, 2021 2:24:41 AM net.sourceforge.marathon.javaagent.server.JavaServer serve
INFO: JavaServer.serve(DELETE /session/089cbbca-b7f0-4906-9954-8a1c34322ad6/window): {}
Sep 21, 2021 2:24:41 AM net.sourceforge.marathon.javaagent.server.JavaServer serve
INFO: DELETE(/session/089cbbca-b7f0-4906-9954-8a1c34322ad6/window) = {data={"name":"closeSession","sessionId":"089cbbca-b7f0-4906-9954-8a1c34322ad6","status":0}, status=OK}
]]></system-err>
</testsuite>
