<?xml version="1.0" encoding="UTF-8"?>
<testsuite name="goos.ui.swing.MainWindowTest" tests="3" skipped="0" failures="0" errors="0" timestamp="2021-10-12T02:28:04" hostname="buildkitsandbox" time="4.1">
  <properties/>
  <testcase name="window has expected features" classname="goos.ui.swing.MainWindowTest" time="3.16"/>
  <testcase name="make user request when join button clicked" classname="goos.ui.swing.MainWindowTest" time="0.765"/>
  <testcase name="make user request when reset button clicked" classname="goos.ui.swing.MainWindowTest" time="0.171"/>
  <system-out><![CDATA[]]></system-out>
  <system-err><![CDATA[Oct 12, 2021 2:28:05 AM io.mockk.impl.log.JULLogger warn
WARNING: Failed to transform class goos/ui/api/UserRequestListener
java.lang.IllegalArgumentException: Unsupported class file major version 59
	at net.bytebuddy.jar.asm.ClassReader.<init>(ClassReader.java:176)
	at net.bytebuddy.jar.asm.ClassReader.<init>(ClassReader.java:158)
	at net.bytebuddy.jar.asm.ClassReader.<init>(ClassReader.java:146)
	at net.bytebuddy.utility.OpenedClassReader.of(OpenedClassReader.java:69)
	at net.bytebuddy.dynamic.scaffold.TypeWriter$Default$ForInlining.create(TypeWriter.java:2877)
	at net.bytebuddy.dynamic.scaffold.TypeWriter$Default.make(TypeWriter.java:1653)
	at net.bytebuddy.dynamic.scaffold.inline.RedefinitionDynamicTypeBuilder.make(RedefinitionDynamicTypeBuilder.java:180)
	at net.bytebuddy.dynamic.scaffold.inline.AbstractInliningDynamicTypeBuilder.make(AbstractInliningDynamicTypeBuilder.java:94)
	at net.bytebuddy.dynamic.DynamicType$Builder$AbstractBase.make(DynamicType.java:2669)
	at io.mockk.proxy.jvm.transformation.InliningClassTransformer.transform(InliningClassTransformer.kt:78)
	at java.instrument/java.lang.instrument.ClassFileTransformer.transform(ClassFileTransformer.java:246)
	at java.instrument/sun.instrument.TransformerManager.transform(TransformerManager.java:188)
	at java.instrument/sun.instrument.InstrumentationImpl.transform(InstrumentationImpl.java:563)
	at java.instrument/sun.instrument.InstrumentationImpl.retransformClasses0(Native Method)
	at java.instrument/sun.instrument.InstrumentationImpl.retransformClasses(InstrumentationImpl.java:167)
	at io.mockk.proxy.jvm.transformation.JvmInlineInstrumentation.retransform(JvmInlineInstrumentation.kt:28)
	at io.mockk.proxy.common.transformation.RetransformInlineInstrumnetation$execute$1.invoke(RetransformInlineInstrumnetation.kt:19)
	at io.mockk.proxy.common.transformation.RetransformInlineInstrumnetation$execute$1.invoke(RetransformInlineInstrumnetation.kt:6)
	at io.mockk.proxy.common.transformation.ClassTransformationSpecMap.applyTransformation(ClassTransformationSpecMap.kt:41)
	at io.mockk.proxy.common.transformation.RetransformInlineInstrumnetation.execute(RetransformInlineInstrumnetation.kt:16)
	at io.mockk.proxy.jvm.ProxyMaker.inline(ProxyMaker.kt:88)
	at io.mockk.proxy.jvm.ProxyMaker.proxy(ProxyMaker.kt:30)
	at io.mockk.impl.instantiation.JvmMockFactory.newProxy(JvmMockFactory.kt:34)
	at io.mockk.impl.instantiation.AbstractMockFactory.newProxy$default(AbstractMockFactory.kt:29)
	at io.mockk.impl.instantiation.AbstractMockFactory.mockk(AbstractMockFactory.kt:59)
	at goos.ui.swing.MainWindowTest$1$1.invokeSuspend(MainWindowTest.kt:90)
	at goos.ui.swing.MainWindowTest$1$1.invoke(MainWindowTest.kt)
	at goos.ui.swing.MainWindowTest$1$1.invoke(MainWindowTest.kt)
	at io.kotest.core.TestConfiguration$beforeTest$1.beforeTest(TestConfiguration.kt:137)
	at io.kotest.core.spec.LifecycleKt.invokeAllBeforeTestCallbacks(lifecycle.kt:76)
	at io.kotest.core.internal.TestCaseExecutor.executeActiveTest(TestCaseExecutor.kt:152)
	at io.kotest.core.internal.TestCaseExecutor.access$executeActiveTest(TestCaseExecutor.kt:57)
	at io.kotest.core.internal.TestCaseExecutor$intercept$innerExecute$1$1.invokeSuspend(TestCaseExecutor.kt:89)
	at io.kotest.core.internal.TestCaseExecutor$intercept$innerExecute$1$1.invoke(TestCaseExecutor.kt)
	at io.kotest.core.internal.TestCaseExecutor$intercept$innerExecute$1$1.invoke(TestCaseExecutor.kt)
	at io.kotest.core.internal.TestCaseExecutor.executeIfEnabled(TestCaseExecutor.kt:117)
	at io.kotest.core.internal.TestCaseExecutor.access$executeIfEnabled(TestCaseExecutor.kt:57)
	at io.kotest.core.internal.TestCaseExecutor$intercept$innerExecute$1.invokeSuspend(TestCaseExecutor.kt:89)
	at io.kotest.core.internal.TestCaseExecutor$intercept$innerExecute$1.invoke(TestCaseExecutor.kt)
	at io.kotest.core.internal.TestCaseExecutor$intercept$innerExecute$1.invoke(TestCaseExecutor.kt)
	at io.kotest.core.internal.TestCaseExecutor.intercept(TestCaseExecutor.kt:103)
	at io.kotest.core.internal.TestCaseExecutor.execute(TestCaseExecutor.kt:69)
	at io.kotest.engine.spec.runners.SingleInstanceSpecRunner.runTest(SingleInstanceSpecRunner.kt:104)
	at io.kotest.engine.spec.runners.SingleInstanceSpecRunner.access$runTest(SingleInstanceSpecRunner.kt:34)
	at io.kotest.engine.spec.runners.SingleInstanceSpecRunner$execute$interceptAndRun$2$4.invokeSuspend(SingleInstanceSpecRunner.kt:57)
	at io.kotest.engine.spec.runners.SingleInstanceSpecRunner$execute$interceptAndRun$2$4.invoke(SingleInstanceSpecRunner.kt)
	at io.kotest.engine.spec.runners.SingleInstanceSpecRunner$execute$interceptAndRun$2$4.invoke(SingleInstanceSpecRunner.kt)
	at io.kotest.engine.launchers.SequentialTestLauncher$launch$3$1$1.invokeSuspend(SequentialTestLauncher.kt:22)
	at kotlin.coroutines.jvm.internal.BaseContinuationImpl.resumeWith(ContinuationImpl.kt:33)
	at kotlinx.coroutines.DispatchedTask.run(DispatchedTask.kt:106)
	at java.base/java.util.concurrent.ThreadPoolExecutor.runWorker(ThreadPoolExecutor.java:1130)
	at java.base/java.util.concurrent.ThreadPoolExecutor$Worker.run(ThreadPoolExecutor.java:630)
	at java.base/java.lang.Thread.run(Thread.java:832)

Oct 12, 2021 2:28:07 AM net.sourceforge.marathon.javaagent.server.JavaServer serve
INFO: JavaServer.serve(POST /session): {
  "desiredCapabilities": {
    "browserName": "java",
    "platform": "ANY"
  },
  "capabilities": {
    "firstMatch": [
      {
        "browserName": "java"
      }
    ]
  }
}
Oct 12, 2021 2:28:07 AM net.sourceforge.marathon.javaagent.server.JavaServer createSession
INFO: Creating device with type: EVENT_QUEUE
Oct 12, 2021 2:28:07 AM net.sourceforge.marathon.javaagent.Device getDevice
INFO: Creating a EVENT_QUEUE device
Oct 12, 2021 2:28:07 AM net.sourceforge.marathon.javaagent.server.JavaServer serve
INFO: POST(/session, {"desiredCapabilities":{"browserName":"java","platform":"ANY"},"capabilities":{"firstMatch":[{"browserName":"java"}]}}) = {data=, status=REDIRECT}
Oct 12, 2021 2:28:07 AM net.sourceforge.marathon.javaagent.server.JavaServer serve
INFO: JavaServer.serve(GET /session/1f0867a8-ec53-4e30-b763-9c970a4c0e71): {}
Oct 12, 2021 2:28:07 AM net.sourceforge.marathon.javaagent.server.JavaServer serve
INFO: GET(/session/1f0867a8-ec53-4e30-b763-9c970a4c0e71) = {data={"name":"getCapabilities","sessionId":"1f0867a8-ec53-4e30-b763-9c970a4c0e71","value":{"applicationCacheEnabled":false,"rotatable":false,"loggingPrefs":{"driver":"ALL"},"handlesAlerts":false,"databaseEnabled":false,"version":"1.0","platform":"ANY","browserConnectionEnabled":false,"nativeEvents":false,"acceptSslCerts":false,"locationContextEnabled":false,"webStorageEnabled":false,"browserName":"java","takesScreenshot":true,"javascriptEnabled":true,"cssSelectorsEnabled":false},"status":0}, status=OK}
Oct 12, 2021 2:28:07 AM org.openqa.selenium.remote.ProtocolHandshake createSession
INFO: Detected dialect: OSS
Oct 12, 2021 2:28:07 AM net.sourceforge.marathon.javaagent.server.JavaServer serve
INFO: JavaServer.serve(POST /session/1f0867a8-ec53-4e30-b763-9c970a4c0e71/element): {
  "using": "css selector",
  "value": "."
}
Oct 12, 2021 2:28:07 AM net.sourceforge.marathon.javaagent.server.JavaServer serve
INFO: POST(/session/1f0867a8-ec53-4e30-b763-9c970a4c0e71/element, {"using":"css selector","value":"."}) = {data={"name":"findElement","sessionId":"1f0867a8-ec53-4e30-b763-9c970a4c0e71","value":{"ELEMENT":"8522e8f3-3581-4859-854a-4942f10d86d1"},"status":0}, status=OK}
Oct 12, 2021 2:28:07 AM net.sourceforge.marathon.javaagent.server.JavaServer serve
INFO: JavaServer.serve(GET /session/1f0867a8-ec53-4e30-b763-9c970a4c0e71/element/8522e8f3-3581-4859-854a-4942f10d86d1/attribute/name): {}
Oct 12, 2021 2:28:07 AM net.sourceforge.marathon.javaagent.server.JavaServer serve
INFO: GET(/session/1f0867a8-ec53-4e30-b763-9c970a4c0e71/element/8522e8f3-3581-4859-854a-4942f10d86d1/attribute/name) = {data={"name":"getElementAttribute","sessionId":"1f0867a8-ec53-4e30-b763-9c970a4c0e71","value":"Auction Sniper Name","status":0}, status=OK}
Oct 12, 2021 2:28:07 AM net.sourceforge.marathon.javaagent.server.JavaServer serve
INFO: JavaServer.serve(POST /session/1f0867a8-ec53-4e30-b763-9c970a4c0e71/element): {
  "using": "css selector",
  "value": "."
}
Oct 12, 2021 2:28:07 AM net.sourceforge.marathon.javaagent.server.JavaServer serve
INFO: POST(/session/1f0867a8-ec53-4e30-b763-9c970a4c0e71/element, {"using":"css selector","value":"."}) = {data={"name":"findElement","sessionId":"1f0867a8-ec53-4e30-b763-9c970a4c0e71","value":{"ELEMENT":"8522e8f3-3581-4859-854a-4942f10d86d1"},"status":0}, status=OK}
Oct 12, 2021 2:28:07 AM net.sourceforge.marathon.javaagent.server.JavaServer serve
INFO: JavaServer.serve(GET /session/1f0867a8-ec53-4e30-b763-9c970a4c0e71/element/8522e8f3-3581-4859-854a-4942f10d86d1/displayed): {}
Oct 12, 2021 2:28:07 AM net.sourceforge.marathon.javaagent.server.JavaServer serve
INFO: GET(/session/1f0867a8-ec53-4e30-b763-9c970a4c0e71/element/8522e8f3-3581-4859-854a-4942f10d86d1/displayed) = {data={"name":"isDisplayed","sessionId":"1f0867a8-ec53-4e30-b763-9c970a4c0e71","value":true,"status":0}, status=OK}
Oct 12, 2021 2:28:07 AM net.sourceforge.marathon.javaagent.server.JavaServer serve
INFO: JavaServer.serve(GET /session/1f0867a8-ec53-4e30-b763-9c970a4c0e71/title): {}
Oct 12, 2021 2:28:07 AM net.sourceforge.marathon.javaagent.server.JavaServer serve
INFO: GET(/session/1f0867a8-ec53-4e30-b763-9c970a4c0e71/title) = {data={"name":"getWindowTitle","sessionId":"1f0867a8-ec53-4e30-b763-9c970a4c0e71","value":"Auction Sniper","status":0}, status=OK}
Oct 12, 2021 2:28:07 AM net.sourceforge.marathon.javaagent.server.JavaServer serve
INFO: JavaServer.serve(POST /session/1f0867a8-ec53-4e30-b763-9c970a4c0e71/element): {
  "using": "name",
  "value": "snipers table"
}
Oct 12, 2021 2:28:07 AM net.sourceforge.marathon.javaagent.server.JavaServer serve
INFO: POST(/session/1f0867a8-ec53-4e30-b763-9c970a4c0e71/element, {"using":"name","value":"snipers table"}) = {data={"name":"findElement","sessionId":"1f0867a8-ec53-4e30-b763-9c970a4c0e71","value":{"ELEMENT":"0c73c92e-49b0-4bab-ad25-9d4808dd2703"},"status":0}, status=OK}
Oct 12, 2021 2:28:07 AM net.sourceforge.marathon.javaagent.server.JavaServer serve
INFO: JavaServer.serve(POST /session/1f0867a8-ec53-4e30-b763-9c970a4c0e71/element/0c73c92e-49b0-4bab-ad25-9d4808dd2703/elements): {
  "id": "0c73c92e-49b0-4bab-ad25-9d4808dd2703",
  "using": "css selector",
  "value": ".::header.::all-items"
}
Oct 12, 2021 2:28:07 AM net.sourceforge.marathon.javaagent.server.JavaServer serve
INFO: POST(/session/1f0867a8-ec53-4e30-b763-9c970a4c0e71/element/0c73c92e-49b0-4bab-ad25-9d4808dd2703/elements, {"using":"css selector","id":"0c73c92e-49b0-4bab-ad25-9d4808dd2703","value":".::header.::all-items"}) = {data={"name":"findElementsOfElement","sessionId":"1f0867a8-ec53-4e30-b763-9c970a4c0e71","value":[{"ELEMENT":"59fbdd7e-3fab-415b-9442-aa94b80d48e1%23%7B%22selector%22%3A%22nth-item%22%2C%22parameters%22%3A%5B1%5D%7D"},{"ELEMENT":"59fbdd7e-3fab-415b-9442-aa94b80d48e1%23%7B%22selector%22%3A%22nth-item%22%2C%22parameters%22%3A%5B2%5D%7D"},{"ELEMENT":"59fbdd7e-3fab-415b-9442-aa94b80d48e1%23%7B%22selector%22%3A%22nth-item%22%2C%22parameters%22%3A%5B3%5D%7D"},{"ELEMENT":"59fbdd7e-3fab-415b-9442-aa94b80d48e1%23%7B%22selector%22%3A%22nth-item%22%2C%22parameters%22%3A%5B4%5D%7D"}],"status":0}, status=OK}
Oct 12, 2021 2:28:07 AM net.sourceforge.marathon.javaagent.server.JavaServer serve
INFO: JavaServer.serve(GET /session/1f0867a8-ec53-4e30-b763-9c970a4c0e71/element/59fbdd7e-3fab-415b-9442-aa94b80d48e1%23%7B%22selector%22%3A%22nth-item%22%2C%22parameters%22%3A%5B1%5D%7D/text): {}
Oct 12, 2021 2:28:07 AM net.sourceforge.marathon.javaagent.server.JavaServer serve
INFO: GET(/session/1f0867a8-ec53-4e30-b763-9c970a4c0e71/element/59fbdd7e-3fab-415b-9442-aa94b80d48e1%23%7B%22selector%22%3A%22nth-item%22%2C%22parameters%22%3A%5B1%5D%7D/text) = {data={"name":"getElementText","sessionId":"1f0867a8-ec53-4e30-b763-9c970a4c0e71","value":"Item","status":0}, status=OK}
Oct 12, 2021 2:28:07 AM net.sourceforge.marathon.javaagent.server.JavaServer serve
INFO: JavaServer.serve(GET /session/1f0867a8-ec53-4e30-b763-9c970a4c0e71/element/59fbdd7e-3fab-415b-9442-aa94b80d48e1%23%7B%22selector%22%3A%22nth-item%22%2C%22parameters%22%3A%5B2%5D%7D/text): {}
Oct 12, 2021 2:28:07 AM net.sourceforge.marathon.javaagent.server.JavaServer serve
INFO: GET(/session/1f0867a8-ec53-4e30-b763-9c970a4c0e71/element/59fbdd7e-3fab-415b-9442-aa94b80d48e1%23%7B%22selector%22%3A%22nth-item%22%2C%22parameters%22%3A%5B2%5D%7D/text) = {data={"name":"getElementText","sessionId":"1f0867a8-ec53-4e30-b763-9c970a4c0e71","value":"Last Price","status":0}, status=OK}
Oct 12, 2021 2:28:07 AM net.sourceforge.marathon.javaagent.server.JavaServer serve
INFO: JavaServer.serve(GET /session/1f0867a8-ec53-4e30-b763-9c970a4c0e71/element/59fbdd7e-3fab-415b-9442-aa94b80d48e1%23%7B%22selector%22%3A%22nth-item%22%2C%22parameters%22%3A%5B3%5D%7D/text): {}
Oct 12, 2021 2:28:07 AM net.sourceforge.marathon.javaagent.server.JavaServer serve
INFO: GET(/session/1f0867a8-ec53-4e30-b763-9c970a4c0e71/element/59fbdd7e-3fab-415b-9442-aa94b80d48e1%23%7B%22selector%22%3A%22nth-item%22%2C%22parameters%22%3A%5B3%5D%7D/text) = {data={"name":"getElementText","sessionId":"1f0867a8-ec53-4e30-b763-9c970a4c0e71","value":"Last Bid","status":0}, status=OK}
Oct 12, 2021 2:28:07 AM net.sourceforge.marathon.javaagent.server.JavaServer serve
INFO: JavaServer.serve(GET /session/1f0867a8-ec53-4e30-b763-9c970a4c0e71/element/59fbdd7e-3fab-415b-9442-aa94b80d48e1%23%7B%22selector%22%3A%22nth-item%22%2C%22parameters%22%3A%5B4%5D%7D/text): {}
Oct 12, 2021 2:28:07 AM net.sourceforge.marathon.javaagent.server.JavaServer serve
INFO: GET(/session/1f0867a8-ec53-4e30-b763-9c970a4c0e71/element/59fbdd7e-3fab-415b-9442-aa94b80d48e1%23%7B%22selector%22%3A%22nth-item%22%2C%22parameters%22%3A%5B4%5D%7D/text) = {data={"name":"getElementText","sessionId":"1f0867a8-ec53-4e30-b763-9c970a4c0e71","value":"State","status":0}, status=OK}
Oct 12, 2021 2:28:07 AM net.sourceforge.marathon.javaagent.server.JavaServer serve
INFO: JavaServer.serve(DELETE /session/1f0867a8-ec53-4e30-b763-9c970a4c0e71/window): {}
Oct 12, 2021 2:28:07 AM net.sourceforge.marathon.javaagent.server.JavaServer serve
INFO: DELETE(/session/1f0867a8-ec53-4e30-b763-9c970a4c0e71/window) = {data={"name":"closeSession","sessionId":"1f0867a8-ec53-4e30-b763-9c970a4c0e71","status":0}, status=OK}
Oct 12, 2021 2:28:07 AM net.sourceforge.marathon.javaagent.server.JavaServer serve
INFO: JavaServer.serve(POST /session): {
  "desiredCapabilities": {
    "browserName": "java",
    "platform": "ANY"
  },
  "capabilities": {
    "firstMatch": [
      {
        "browserName": "java"
      }
    ]
  }
}
Oct 12, 2021 2:28:07 AM net.sourceforge.marathon.javaagent.server.JavaServer createSession
INFO: Creating device with type: EVENT_QUEUE
Oct 12, 2021 2:28:07 AM net.sourceforge.marathon.javaagent.Device getDevice
INFO: Creating a EVENT_QUEUE device
Oct 12, 2021 2:28:07 AM net.sourceforge.marathon.javaagent.server.JavaServer serve
INFO: POST(/session, {"desiredCapabilities":{"browserName":"java","platform":"ANY"},"capabilities":{"firstMatch":[{"browserName":"java"}]}}) = {data=, status=REDIRECT}
Oct 12, 2021 2:28:07 AM net.sourceforge.marathon.javaagent.server.JavaServer serve
INFO: JavaServer.serve(GET /session/8e0e22a5-302b-48ec-94e0-d79deebcbc7b): {}
Oct 12, 2021 2:28:07 AM net.sourceforge.marathon.javaagent.server.JavaServer serve
INFO: GET(/session/8e0e22a5-302b-48ec-94e0-d79deebcbc7b) = {data={"name":"getCapabilities","sessionId":"8e0e22a5-302b-48ec-94e0-d79deebcbc7b","value":{"applicationCacheEnabled":false,"rotatable":false,"loggingPrefs":{"driver":"ALL"},"handlesAlerts":false,"databaseEnabled":false,"version":"1.0","platform":"ANY","browserConnectionEnabled":false,"nativeEvents":false,"acceptSslCerts":false,"locationContextEnabled":false,"webStorageEnabled":false,"browserName":"java","takesScreenshot":true,"javascriptEnabled":true,"cssSelectorsEnabled":false},"status":0}, status=OK}
Oct 12, 2021 2:28:07 AM org.openqa.selenium.remote.ProtocolHandshake createSession
INFO: Detected dialect: OSS
Oct 12, 2021 2:28:07 AM net.sourceforge.marathon.javaagent.server.JavaServer serve
INFO: JavaServer.serve(POST /session/8e0e22a5-302b-48ec-94e0-d79deebcbc7b/element): {
  "using": "name",
  "value": "new item id field"
}
Oct 12, 2021 2:28:07 AM net.sourceforge.marathon.javaagent.server.JavaServer serve
INFO: POST(/session/8e0e22a5-302b-48ec-94e0-d79deebcbc7b/element, {"using":"name","value":"new item id field"}) = {data={"name":"findElement","sessionId":"8e0e22a5-302b-48ec-94e0-d79deebcbc7b","value":{"ELEMENT":"24c7d138-fc45-4ff3-a889-5002f23724ed"},"status":0}, status=OK}
Oct 12, 2021 2:28:07 AM net.sourceforge.marathon.javaagent.server.JavaServer serve
INFO: JavaServer.serve(POST /session/8e0e22a5-302b-48ec-94e0-d79deebcbc7b/element/24c7d138-fc45-4ff3-a889-5002f23724ed/clear): {
  "id": "24c7d138-fc45-4ff3-a889-5002f23724ed"
}
Oct 12, 2021 2:28:07 AM net.sourceforge.marathon.javaagent.server.JavaServer serve
INFO: POST(/session/8e0e22a5-302b-48ec-94e0-d79deebcbc7b/element/24c7d138-fc45-4ff3-a889-5002f23724ed/clear, {"id":"24c7d138-fc45-4ff3-a889-5002f23724ed"}) = {data={"name":"clearElement","sessionId":"8e0e22a5-302b-48ec-94e0-d79deebcbc7b","status":0}, status=OK}
Oct 12, 2021 2:28:07 AM net.sourceforge.marathon.javaagent.server.JavaServer serve
INFO: JavaServer.serve(POST /session/8e0e22a5-302b-48ec-94e0-d79deebcbc7b/element/24c7d138-fc45-4ff3-a889-5002f23724ed/value): {
  "id": "24c7d138-fc45-4ff3-a889-5002f23724ed",
  "value": [
    "an item-id"
  ]
}
Oct 12, 2021 2:28:07 AM net.sourceforge.marathon.javaagent.EventQueueDevice dispatchEvent
INFO: java.awt.event.KeyEvent[KEY_PRESSED,keyCode=65,keyText=A,keyChar='a',keyLocation=KEY_LOCATION_UNKNOWN,rawCode=0,primaryLevelUnicode=0,scancode=0,extendedKeyCode=0x0] on new item id field
Oct 12, 2021 2:28:07 AM net.sourceforge.marathon.javaagent.EventQueueDevice dispatchEvent
INFO: java.awt.event.KeyEvent[KEY_TYPED,keyCode=0,keyText=Unknown keyCode: 0x0,keyChar='a',keyLocation=KEY_LOCATION_UNKNOWN,rawCode=0,primaryLevelUnicode=0,scancode=0,extendedKeyCode=0x0] on new item id field
Oct 12, 2021 2:28:07 AM net.sourceforge.marathon.javaagent.EventQueueDevice dispatchEvent
INFO: java.awt.event.KeyEvent[KEY_RELEASED,keyCode=65,keyText=A,keyChar='a',keyLocation=KEY_LOCATION_UNKNOWN,rawCode=0,primaryLevelUnicode=0,scancode=0,extendedKeyCode=0x0] on new item id field
Oct 12, 2021 2:28:07 AM net.sourceforge.marathon.javaagent.EventQueueDevice dispatchEvent
INFO: java.awt.event.KeyEvent[KEY_PRESSED,keyCode=78,keyText=N,keyChar='n',keyLocation=KEY_LOCATION_UNKNOWN,rawCode=0,primaryLevelUnicode=0,scancode=0,extendedKeyCode=0x0] on new item id field
Oct 12, 2021 2:28:07 AM net.sourceforge.marathon.javaagent.EventQueueDevice dispatchEvent
INFO: java.awt.event.KeyEvent[KEY_TYPED,keyCode=0,keyText=Unknown keyCode: 0x0,keyChar='n',keyLocation=KEY_LOCATION_UNKNOWN,rawCode=0,primaryLevelUnicode=0,scancode=0,extendedKeyCode=0x0] on new item id field
Oct 12, 2021 2:28:07 AM net.sourceforge.marathon.javaagent.EventQueueDevice dispatchEvent
INFO: java.awt.event.KeyEvent[KEY_RELEASED,keyCode=78,keyText=N,keyChar='n',keyLocation=KEY_LOCATION_UNKNOWN,rawCode=0,primaryLevelUnicode=0,scancode=0,extendedKeyCode=0x0] on new item id field
Oct 12, 2021 2:28:07 AM net.sourceforge.marathon.javaagent.EventQueueDevice dispatchEvent
INFO: java.awt.event.KeyEvent[KEY_PRESSED,keyCode=16,keyText=Shift,keyChar=Undefined keyChar,modifiers=Shift,extModifiers=Shift,keyLocation=KEY_LOCATION_UNKNOWN,rawCode=0,primaryLevelUnicode=0,scancode=0,extendedKeyCode=0x0] on new item id field
Oct 12, 2021 2:28:07 AM net.sourceforge.marathon.javaagent.EventQueueDevice dispatchEvent
INFO: java.awt.event.KeyEvent[KEY_PRESSED,keyCode=32,keyText=Space,keyChar=' ',modifiers=Shift,extModifiers=Shift,keyLocation=KEY_LOCATION_UNKNOWN,rawCode=0,primaryLevelUnicode=0,scancode=0,extendedKeyCode=0x0] on new item id field
Oct 12, 2021 2:28:07 AM net.sourceforge.marathon.javaagent.EventQueueDevice dispatchEvent
INFO: java.awt.event.KeyEvent[KEY_TYPED,keyCode=0,keyText=Unknown keyCode: 0x0,keyChar=' ',modifiers=Shift,extModifiers=Shift,keyLocation=KEY_LOCATION_UNKNOWN,rawCode=0,primaryLevelUnicode=0,scancode=0,extendedKeyCode=0x0] on new item id field
Oct 12, 2021 2:28:07 AM net.sourceforge.marathon.javaagent.EventQueueDevice dispatchEvent
INFO: java.awt.event.KeyEvent[KEY_RELEASED,keyCode=32,keyText=Space,keyChar=' ',modifiers=Shift,extModifiers=Shift,keyLocation=KEY_LOCATION_UNKNOWN,rawCode=0,primaryLevelUnicode=0,scancode=0,extendedKeyCode=0x0] on new item id field
Oct 12, 2021 2:28:07 AM net.sourceforge.marathon.javaagent.EventQueueDevice dispatchEvent
INFO: java.awt.event.KeyEvent[KEY_RELEASED,keyCode=16,keyText=Shift,keyChar=Undefined keyChar,keyLocation=KEY_LOCATION_UNKNOWN,rawCode=0,primaryLevelUnicode=0,scancode=0,extendedKeyCode=0x0] on new item id field
Oct 12, 2021 2:28:07 AM net.sourceforge.marathon.javaagent.EventQueueDevice dispatchEvent
INFO: java.awt.event.KeyEvent[KEY_PRESSED,keyCode=73,keyText=I,keyChar='i',keyLocation=KEY_LOCATION_UNKNOWN,rawCode=0,primaryLevelUnicode=0,scancode=0,extendedKeyCode=0x0] on new item id field
Oct 12, 2021 2:28:07 AM net.sourceforge.marathon.javaagent.EventQueueDevice dispatchEvent
INFO: java.awt.event.KeyEvent[KEY_TYPED,keyCode=0,keyText=Unknown keyCode: 0x0,keyChar='i',keyLocation=KEY_LOCATION_UNKNOWN,rawCode=0,primaryLevelUnicode=0,scancode=0,extendedKeyCode=0x0] on new item id field
Oct 12, 2021 2:28:07 AM net.sourceforge.marathon.javaagent.EventQueueDevice dispatchEvent
INFO: java.awt.event.KeyEvent[KEY_RELEASED,keyCode=73,keyText=I,keyChar='i',keyLocation=KEY_LOCATION_UNKNOWN,rawCode=0,primaryLevelUnicode=0,scancode=0,extendedKeyCode=0x0] on new item id field
Oct 12, 2021 2:28:07 AM net.sourceforge.marathon.javaagent.EventQueueDevice dispatchEvent
INFO: java.awt.event.KeyEvent[KEY_PRESSED,keyCode=84,keyText=T,keyChar='t',keyLocation=KEY_LOCATION_UNKNOWN,rawCode=0,primaryLevelUnicode=0,scancode=0,extendedKeyCode=0x0] on new item id field
Oct 12, 2021 2:28:07 AM net.sourceforge.marathon.javaagent.EventQueueDevice dispatchEvent
INFO: java.awt.event.KeyEvent[KEY_TYPED,keyCode=0,keyText=Unknown keyCode: 0x0,keyChar='t',keyLocation=KEY_LOCATION_UNKNOWN,rawCode=0,primaryLevelUnicode=0,scancode=0,extendedKeyCode=0x0] on new item id field
Oct 12, 2021 2:28:07 AM net.sourceforge.marathon.javaagent.EventQueueDevice dispatchEvent
INFO: java.awt.event.KeyEvent[KEY_RELEASED,keyCode=84,keyText=T,keyChar='t',keyLocation=KEY_LOCATION_UNKNOWN,rawCode=0,primaryLevelUnicode=0,scancode=0,extendedKeyCode=0x0] on new item id field
Oct 12, 2021 2:28:07 AM net.sourceforge.marathon.javaagent.EventQueueDevice dispatchEvent
INFO: java.awt.event.KeyEvent[KEY_PRESSED,keyCode=69,keyText=E,keyChar='e',keyLocation=KEY_LOCATION_UNKNOWN,rawCode=0,primaryLevelUnicode=0,scancode=0,extendedKeyCode=0x0] on new item id field
Oct 12, 2021 2:28:07 AM net.sourceforge.marathon.javaagent.EventQueueDevice dispatchEvent
INFO: java.awt.event.KeyEvent[KEY_TYPED,keyCode=0,keyText=Unknown keyCode: 0x0,keyChar='e',keyLocation=KEY_LOCATION_UNKNOWN,rawCode=0,primaryLevelUnicode=0,scancode=0,extendedKeyCode=0x0] on new item id field
Oct 12, 2021 2:28:07 AM net.sourceforge.marathon.javaagent.EventQueueDevice dispatchEvent
INFO: java.awt.event.KeyEvent[KEY_RELEASED,keyCode=69,keyText=E,keyChar='e',keyLocation=KEY_LOCATION_UNKNOWN,rawCode=0,primaryLevelUnicode=0,scancode=0,extendedKeyCode=0x0] on new item id field
Oct 12, 2021 2:28:07 AM net.sourceforge.marathon.javaagent.EventQueueDevice dispatchEvent
INFO: java.awt.event.KeyEvent[KEY_PRESSED,keyCode=77,keyText=M,keyChar='m',keyLocation=KEY_LOCATION_UNKNOWN,rawCode=0,primaryLevelUnicode=0,scancode=0,extendedKeyCode=0x0] on new item id field
Oct 12, 2021 2:28:07 AM net.sourceforge.marathon.javaagent.EventQueueDevice dispatchEvent
INFO: java.awt.event.KeyEvent[KEY_TYPED,keyCode=0,keyText=Unknown keyCode: 0x0,keyChar='m',keyLocation=KEY_LOCATION_UNKNOWN,rawCode=0,primaryLevelUnicode=0,scancode=0,extendedKeyCode=0x0] on new item id field
Oct 12, 2021 2:28:07 AM net.sourceforge.marathon.javaagent.EventQueueDevice dispatchEvent
INFO: java.awt.event.KeyEvent[KEY_RELEASED,keyCode=77,keyText=M,keyChar='m',keyLocation=KEY_LOCATION_UNKNOWN,rawCode=0,primaryLevelUnicode=0,scancode=0,extendedKeyCode=0x0] on new item id field
Oct 12, 2021 2:28:07 AM net.sourceforge.marathon.javaagent.EventQueueDevice dispatchEvent
INFO: java.awt.event.KeyEvent[KEY_PRESSED,keyCode=45,keyText=Minus,keyChar='-',keyLocation=KEY_LOCATION_UNKNOWN,rawCode=0,primaryLevelUnicode=0,scancode=0,extendedKeyCode=0x0] on new item id field
Oct 12, 2021 2:28:07 AM net.sourceforge.marathon.javaagent.EventQueueDevice dispatchEvent
INFO: java.awt.event.KeyEvent[KEY_TYPED,keyCode=0,keyText=Unknown keyCode: 0x0,keyChar='-',keyLocation=KEY_LOCATION_UNKNOWN,rawCode=0,primaryLevelUnicode=0,scancode=0,extendedKeyCode=0x0] on new item id field
Oct 12, 2021 2:28:07 AM net.sourceforge.marathon.javaagent.EventQueueDevice dispatchEvent
INFO: java.awt.event.KeyEvent[KEY_RELEASED,keyCode=45,keyText=Minus,keyChar='-',keyLocation=KEY_LOCATION_UNKNOWN,rawCode=0,primaryLevelUnicode=0,scancode=0,extendedKeyCode=0x0] on new item id field
Oct 12, 2021 2:28:07 AM net.sourceforge.marathon.javaagent.EventQueueDevice dispatchEvent
INFO: java.awt.event.KeyEvent[KEY_PRESSED,keyCode=73,keyText=I,keyChar='i',keyLocation=KEY_LOCATION_UNKNOWN,rawCode=0,primaryLevelUnicode=0,scancode=0,extendedKeyCode=0x0] on new item id field
Oct 12, 2021 2:28:07 AM net.sourceforge.marathon.javaagent.EventQueueDevice dispatchEvent
INFO: java.awt.event.KeyEvent[KEY_TYPED,keyCode=0,keyText=Unknown keyCode: 0x0,keyChar='i',keyLocation=KEY_LOCATION_UNKNOWN,rawCode=0,primaryLevelUnicode=0,scancode=0,extendedKeyCode=0x0] on new item id field
Oct 12, 2021 2:28:07 AM net.sourceforge.marathon.javaagent.EventQueueDevice dispatchEvent
INFO: java.awt.event.KeyEvent[KEY_RELEASED,keyCode=73,keyText=I,keyChar='i',keyLocation=KEY_LOCATION_UNKNOWN,rawCode=0,primaryLevelUnicode=0,scancode=0,extendedKeyCode=0x0] on new item id field
Oct 12, 2021 2:28:07 AM net.sourceforge.marathon.javaagent.EventQueueDevice dispatchEvent
INFO: java.awt.event.KeyEvent[KEY_PRESSED,keyCode=68,keyText=D,keyChar='d',keyLocation=KEY_LOCATION_UNKNOWN,rawCode=0,primaryLevelUnicode=0,scancode=0,extendedKeyCode=0x0] on new item id field
Oct 12, 2021 2:28:07 AM net.sourceforge.marathon.javaagent.EventQueueDevice dispatchEvent
INFO: java.awt.event.KeyEvent[KEY_TYPED,keyCode=0,keyText=Unknown keyCode: 0x0,keyChar='d',keyLocation=KEY_LOCATION_UNKNOWN,rawCode=0,primaryLevelUnicode=0,scancode=0,extendedKeyCode=0x0] on new item id field
Oct 12, 2021 2:28:07 AM net.sourceforge.marathon.javaagent.EventQueueDevice dispatchEvent
INFO: java.awt.event.KeyEvent[KEY_RELEASED,keyCode=68,keyText=D,keyChar='d',keyLocation=KEY_LOCATION_UNKNOWN,rawCode=0,primaryLevelUnicode=0,scancode=0,extendedKeyCode=0x0] on new item id field
Oct 12, 2021 2:28:07 AM net.sourceforge.marathon.javaagent.server.JavaServer serve
INFO: POST(/session/8e0e22a5-302b-48ec-94e0-d79deebcbc7b/element/24c7d138-fc45-4ff3-a889-5002f23724ed/value, {"id":"24c7d138-fc45-4ff3-a889-5002f23724ed","value":["an item-id"]}) = {data={"name":"sendKeysElement","sessionId":"8e0e22a5-302b-48ec-94e0-d79deebcbc7b","status":0}, status=OK}
Oct 12, 2021 2:28:07 AM net.sourceforge.marathon.javaagent.server.JavaServer serve
INFO: JavaServer.serve(POST /session/8e0e22a5-302b-48ec-94e0-d79deebcbc7b/element): {
  "using": "name",
  "value": "new item stop price field"
}
Oct 12, 2021 2:28:07 AM net.sourceforge.marathon.javaagent.server.JavaServer serve
INFO: POST(/session/8e0e22a5-302b-48ec-94e0-d79deebcbc7b/element, {"using":"name","value":"new item stop price field"}) = {data={"name":"findElement","sessionId":"8e0e22a5-302b-48ec-94e0-d79deebcbc7b","value":{"ELEMENT":"726379db-cba5-43b1-8fd5-313e9cc45826"},"status":0}, status=OK}
Oct 12, 2021 2:28:07 AM net.sourceforge.marathon.javaagent.server.JavaServer serve
INFO: JavaServer.serve(POST /session/8e0e22a5-302b-48ec-94e0-d79deebcbc7b/element/726379db-cba5-43b1-8fd5-313e9cc45826/clear): {
  "id": "726379db-cba5-43b1-8fd5-313e9cc45826"
}
Oct 12, 2021 2:28:07 AM net.sourceforge.marathon.javaagent.server.JavaServer serve
INFO: POST(/session/8e0e22a5-302b-48ec-94e0-d79deebcbc7b/element/726379db-cba5-43b1-8fd5-313e9cc45826/clear, {"id":"726379db-cba5-43b1-8fd5-313e9cc45826"}) = {data={"name":"clearElement","sessionId":"8e0e22a5-302b-48ec-94e0-d79deebcbc7b","status":0}, status=OK}
Oct 12, 2021 2:28:07 AM net.sourceforge.marathon.javaagent.server.JavaServer serve
INFO: JavaServer.serve(POST /session/8e0e22a5-302b-48ec-94e0-d79deebcbc7b/element/726379db-cba5-43b1-8fd5-313e9cc45826/value): {
  "id": "726379db-cba5-43b1-8fd5-313e9cc45826",
  "value": [
    "11000"
  ]
}
Oct 12, 2021 2:28:08 AM net.sourceforge.marathon.javaagent.EventQueueDevice dispatchEvent
INFO: java.awt.event.KeyEvent[KEY_PRESSED,keyCode=49,keyText=1,keyChar='1',keyLocation=KEY_LOCATION_UNKNOWN,rawCode=0,primaryLevelUnicode=0,scancode=0,extendedKeyCode=0x0] on new item stop price field
Oct 12, 2021 2:28:08 AM net.sourceforge.marathon.javaagent.EventQueueDevice dispatchEvent
INFO: java.awt.event.KeyEvent[KEY_TYPED,keyCode=0,keyText=Unknown keyCode: 0x0,keyChar='1',keyLocation=KEY_LOCATION_UNKNOWN,rawCode=0,primaryLevelUnicode=0,scancode=0,extendedKeyCode=0x0] on new item stop price field
Oct 12, 2021 2:28:08 AM net.sourceforge.marathon.javaagent.EventQueueDevice dispatchEvent
INFO: java.awt.event.KeyEvent[KEY_RELEASED,keyCode=49,keyText=1,keyChar='1',keyLocation=KEY_LOCATION_UNKNOWN,rawCode=0,primaryLevelUnicode=0,scancode=0,extendedKeyCode=0x0] on new item stop price field
Oct 12, 2021 2:28:08 AM net.sourceforge.marathon.javaagent.EventQueueDevice dispatchEvent
INFO: java.awt.event.KeyEvent[KEY_PRESSED,keyCode=49,keyText=1,keyChar='1',keyLocation=KEY_LOCATION_UNKNOWN,rawCode=0,primaryLevelUnicode=0,scancode=0,extendedKeyCode=0x0] on new item stop price field
Oct 12, 2021 2:28:08 AM net.sourceforge.marathon.javaagent.EventQueueDevice dispatchEvent
INFO: java.awt.event.KeyEvent[KEY_TYPED,keyCode=0,keyText=Unknown keyCode: 0x0,keyChar='1',keyLocation=KEY_LOCATION_UNKNOWN,rawCode=0,primaryLevelUnicode=0,scancode=0,extendedKeyCode=0x0] on new item stop price field
Oct 12, 2021 2:28:08 AM net.sourceforge.marathon.javaagent.EventQueueDevice dispatchEvent
INFO: java.awt.event.KeyEvent[KEY_RELEASED,keyCode=49,keyText=1,keyChar='1',keyLocation=KEY_LOCATION_UNKNOWN,rawCode=0,primaryLevelUnicode=0,scancode=0,extendedKeyCode=0x0] on new item stop price field
Oct 12, 2021 2:28:08 AM net.sourceforge.marathon.javaagent.EventQueueDevice dispatchEvent
INFO: java.awt.event.KeyEvent[KEY_PRESSED,keyCode=48,keyText=0,keyChar='0',keyLocation=KEY_LOCATION_UNKNOWN,rawCode=0,primaryLevelUnicode=0,scancode=0,extendedKeyCode=0x0] on new item stop price field
Oct 12, 2021 2:28:08 AM net.sourceforge.marathon.javaagent.EventQueueDevice dispatchEvent
INFO: java.awt.event.KeyEvent[KEY_TYPED,keyCode=0,keyText=Unknown keyCode: 0x0,keyChar='0',keyLocation=KEY_LOCATION_UNKNOWN,rawCode=0,primaryLevelUnicode=0,scancode=0,extendedKeyCode=0x0] on new item stop price field
Oct 12, 2021 2:28:08 AM net.sourceforge.marathon.javaagent.EventQueueDevice dispatchEvent
INFO: java.awt.event.KeyEvent[KEY_RELEASED,keyCode=48,keyText=0,keyChar='0',keyLocation=KEY_LOCATION_UNKNOWN,rawCode=0,primaryLevelUnicode=0,scancode=0,extendedKeyCode=0x0] on new item stop price field
Oct 12, 2021 2:28:08 AM net.sourceforge.marathon.javaagent.EventQueueDevice dispatchEvent
INFO: java.awt.event.KeyEvent[KEY_PRESSED,keyCode=48,keyText=0,keyChar='0',keyLocation=KEY_LOCATION_UNKNOWN,rawCode=0,primaryLevelUnicode=0,scancode=0,extendedKeyCode=0x0] on new item stop price field
Oct 12, 2021 2:28:08 AM net.sourceforge.marathon.javaagent.EventQueueDevice dispatchEvent
INFO: java.awt.event.KeyEvent[KEY_TYPED,keyCode=0,keyText=Unknown keyCode: 0x0,keyChar='0',keyLocation=KEY_LOCATION_UNKNOWN,rawCode=0,primaryLevelUnicode=0,scancode=0,extendedKeyCode=0x0] on new item stop price field
Oct 12, 2021 2:28:08 AM net.sourceforge.marathon.javaagent.EventQueueDevice dispatchEvent
INFO: java.awt.event.KeyEvent[KEY_RELEASED,keyCode=48,keyText=0,keyChar='0',keyLocation=KEY_LOCATION_UNKNOWN,rawCode=0,primaryLevelUnicode=0,scancode=0,extendedKeyCode=0x0] on new item stop price field
Oct 12, 2021 2:28:08 AM net.sourceforge.marathon.javaagent.EventQueueDevice dispatchEvent
INFO: java.awt.event.KeyEvent[KEY_PRESSED,keyCode=48,keyText=0,keyChar='0',keyLocation=KEY_LOCATION_UNKNOWN,rawCode=0,primaryLevelUnicode=0,scancode=0,extendedKeyCode=0x0] on new item stop price field
Oct 12, 2021 2:28:08 AM net.sourceforge.marathon.javaagent.EventQueueDevice dispatchEvent
INFO: java.awt.event.KeyEvent[KEY_TYPED,keyCode=0,keyText=Unknown keyCode: 0x0,keyChar='0',keyLocation=KEY_LOCATION_UNKNOWN,rawCode=0,primaryLevelUnicode=0,scancode=0,extendedKeyCode=0x0] on new item stop price field
Oct 12, 2021 2:28:08 AM net.sourceforge.marathon.javaagent.EventQueueDevice dispatchEvent
INFO: java.awt.event.KeyEvent[KEY_RELEASED,keyCode=48,keyText=0,keyChar='0',keyLocation=KEY_LOCATION_UNKNOWN,rawCode=0,primaryLevelUnicode=0,scancode=0,extendedKeyCode=0x0] on new item stop price field
Oct 12, 2021 2:28:08 AM net.sourceforge.marathon.javaagent.server.JavaServer serve
INFO: POST(/session/8e0e22a5-302b-48ec-94e0-d79deebcbc7b/element/726379db-cba5-43b1-8fd5-313e9cc45826/value, {"id":"726379db-cba5-43b1-8fd5-313e9cc45826","value":["11000"]}) = {data={"name":"sendKeysElement","sessionId":"8e0e22a5-302b-48ec-94e0-d79deebcbc7b","status":0}, status=OK}
Oct 12, 2021 2:28:08 AM net.sourceforge.marathon.javaagent.server.JavaServer serve
INFO: JavaServer.serve(POST /session/8e0e22a5-302b-48ec-94e0-d79deebcbc7b/element): {
  "using": "name",
  "value": "join button"
}
Oct 12, 2021 2:28:08 AM net.sourceforge.marathon.javaagent.server.JavaServer serve
INFO: POST(/session/8e0e22a5-302b-48ec-94e0-d79deebcbc7b/element, {"using":"name","value":"join button"}) = {data={"name":"findElement","sessionId":"8e0e22a5-302b-48ec-94e0-d79deebcbc7b","value":{"ELEMENT":"b784384d-5d7d-41fe-a2d9-b8d29ebe270c"},"status":0}, status=OK}
Oct 12, 2021 2:28:08 AM net.sourceforge.marathon.javaagent.server.JavaServer serve
INFO: JavaServer.serve(POST /session/8e0e22a5-302b-48ec-94e0-d79deebcbc7b/element/b784384d-5d7d-41fe-a2d9-b8d29ebe270c/click): {
  "id": "b784384d-5d7d-41fe-a2d9-b8d29ebe270c"
}
Oct 12, 2021 2:28:08 AM net.sourceforge.marathon.javaagent.EventQueueDevice dispatchEvent
INFO: java.awt.event.MouseEvent[MOUSE_PRESSED,(58,12),absolute(589,17),button=1,modifiers=Button1,extModifiers=Button1,clickCount=1] on join button
Oct 12, 2021 2:28:08 AM net.sourceforge.marathon.javaagent.EventQueueDevice dispatchEvent
INFO: java.awt.event.MouseEvent[MOUSE_RELEASED,(58,12),absolute(589,17),button=1,modifiers=Button1,clickCount=1] on join button
Oct 12, 2021 2:28:08 AM net.sourceforge.marathon.javaagent.EventQueueDevice dispatchEvent
INFO: java.awt.event.MouseEvent[MOUSE_CLICKED,(58,12),absolute(589,17),button=1,modifiers=Button1,clickCount=1] on join button
Oct 12, 2021 2:28:08 AM net.sourceforge.marathon.javaagent.server.JavaServer serve
INFO: POST(/session/8e0e22a5-302b-48ec-94e0-d79deebcbc7b/element/b784384d-5d7d-41fe-a2d9-b8d29ebe270c/click, {"id":"b784384d-5d7d-41fe-a2d9-b8d29ebe270c"}) = {data={"name":"clickElement","sessionId":"8e0e22a5-302b-48ec-94e0-d79deebcbc7b","status":0}, status=OK}
Oct 12, 2021 2:28:08 AM net.sourceforge.marathon.javaagent.server.JavaServer serve
INFO: JavaServer.serve(DELETE /session/8e0e22a5-302b-48ec-94e0-d79deebcbc7b/window): {}
Oct 12, 2021 2:28:08 AM net.sourceforge.marathon.javaagent.server.JavaServer serve
INFO: DELETE(/session/8e0e22a5-302b-48ec-94e0-d79deebcbc7b/window) = {data={"name":"closeSession","sessionId":"8e0e22a5-302b-48ec-94e0-d79deebcbc7b","status":0}, status=OK}
Oct 12, 2021 2:28:08 AM net.sourceforge.marathon.javaagent.server.JavaServer serve
INFO: JavaServer.serve(POST /session): {
  "desiredCapabilities": {
    "browserName": "java",
    "platform": "ANY"
  },
  "capabilities": {
    "firstMatch": [
      {
        "browserName": "java"
      }
    ]
  }
}
Oct 12, 2021 2:28:08 AM net.sourceforge.marathon.javaagent.server.JavaServer createSession
INFO: Creating device with type: EVENT_QUEUE
Oct 12, 2021 2:28:08 AM net.sourceforge.marathon.javaagent.Device getDevice
INFO: Creating a EVENT_QUEUE device
Oct 12, 2021 2:28:08 AM net.sourceforge.marathon.javaagent.server.JavaServer serve
INFO: POST(/session, {"desiredCapabilities":{"browserName":"java","platform":"ANY"},"capabilities":{"firstMatch":[{"browserName":"java"}]}}) = {data=, status=REDIRECT}
Oct 12, 2021 2:28:08 AM net.sourceforge.marathon.javaagent.server.JavaServer serve
INFO: JavaServer.serve(GET /session/fb08353d-6485-4043-8306-abcfd32d5baf): {}
Oct 12, 2021 2:28:08 AM net.sourceforge.marathon.javaagent.server.JavaServer serve
INFO: GET(/session/fb08353d-6485-4043-8306-abcfd32d5baf) = {data={"name":"getCapabilities","sessionId":"fb08353d-6485-4043-8306-abcfd32d5baf","value":{"applicationCacheEnabled":false,"rotatable":false,"loggingPrefs":{"driver":"ALL"},"handlesAlerts":false,"databaseEnabled":false,"version":"1.0","platform":"ANY","browserConnectionEnabled":false,"nativeEvents":false,"acceptSslCerts":false,"locationContextEnabled":false,"webStorageEnabled":false,"browserName":"java","takesScreenshot":true,"javascriptEnabled":true,"cssSelectorsEnabled":false},"status":0}, status=OK}
Oct 12, 2021 2:28:08 AM org.openqa.selenium.remote.ProtocolHandshake createSession
INFO: Detected dialect: OSS
Oct 12, 2021 2:28:08 AM net.sourceforge.marathon.javaagent.server.JavaServer serve
INFO: JavaServer.serve(POST /session/fb08353d-6485-4043-8306-abcfd32d5baf/element): {
  "using": "name",
  "value": "sniper reset button"
}
Oct 12, 2021 2:28:08 AM net.sourceforge.marathon.javaagent.server.JavaServer serve
INFO: POST(/session/fb08353d-6485-4043-8306-abcfd32d5baf/element, {"using":"name","value":"sniper reset button"}) = {data={"name":"findElement","sessionId":"fb08353d-6485-4043-8306-abcfd32d5baf","value":{"ELEMENT":"e1e2cb46-d949-43b3-b6ac-ed2c2e7a831a"},"status":0}, status=OK}
Oct 12, 2021 2:28:08 AM net.sourceforge.marathon.javaagent.server.JavaServer serve
INFO: JavaServer.serve(POST /session/fb08353d-6485-4043-8306-abcfd32d5baf/element/e1e2cb46-d949-43b3-b6ac-ed2c2e7a831a/click): {
  "id": "e1e2cb46-d949-43b3-b6ac-ed2c2e7a831a"
}
Oct 12, 2021 2:28:08 AM net.sourceforge.marathon.javaagent.EventQueueDevice dispatchEvent
INFO: java.awt.event.MouseEvent[MOUSE_PRESSED,(37,12),absolute(326,474),button=1,modifiers=Button1,extModifiers=Button1,clickCount=1] on sniper reset button
Oct 12, 2021 2:28:08 AM net.sourceforge.marathon.javaagent.EventQueueDevice dispatchEvent
INFO: java.awt.event.MouseEvent[MOUSE_RELEASED,(37,12),absolute(326,474),button=1,modifiers=Button1,clickCount=1] on sniper reset button
Oct 12, 2021 2:28:08 AM net.sourceforge.marathon.javaagent.EventQueueDevice dispatchEvent
INFO: java.awt.event.MouseEvent[MOUSE_CLICKED,(37,12),absolute(326,474),button=1,modifiers=Button1,clickCount=1] on sniper reset button
Oct 12, 2021 2:28:08 AM net.sourceforge.marathon.javaagent.server.JavaServer serve
INFO: POST(/session/fb08353d-6485-4043-8306-abcfd32d5baf/element/e1e2cb46-d949-43b3-b6ac-ed2c2e7a831a/click, {"id":"e1e2cb46-d949-43b3-b6ac-ed2c2e7a831a"}) = {data={"name":"clickElement","sessionId":"fb08353d-6485-4043-8306-abcfd32d5baf","status":0}, status=OK}
Oct 12, 2021 2:28:08 AM net.sourceforge.marathon.javaagent.server.JavaServer serve
INFO: JavaServer.serve(DELETE /session/fb08353d-6485-4043-8306-abcfd32d5baf/window): {}
Oct 12, 2021 2:28:08 AM net.sourceforge.marathon.javaagent.server.JavaServer serve
INFO: DELETE(/session/fb08353d-6485-4043-8306-abcfd32d5baf/window) = {data={"name":"closeSession","sessionId":"fb08353d-6485-4043-8306-abcfd32d5baf","status":0}, status=OK}
]]></system-err>
</testsuite>
