<?xml version="1.0" encoding="UTF-8"?>
<testsuite name="goos.ui.swing.MainWindowTest" tests="3" skipped="0" failures="0" errors="0" timestamp="2021-10-30T02:24:37" hostname="buildkitsandbox" time="3.463">
  <properties/>
  <testcase name="window has expected features" classname="goos.ui.swing.MainWindowTest" time="2.602"/>
  <testcase name="make user request when join button clicked" classname="goos.ui.swing.MainWindowTest" time="0.68"/>
  <testcase name="make user request when reset button clicked" classname="goos.ui.swing.MainWindowTest" time="0.178"/>
  <system-out><![CDATA[]]></system-out>
  <system-err><![CDATA[Oct 30, 2021 2:24:37 AM io.mockk.impl.log.JULLogger warn
WARNING: Failed to transform class goos/ui/api/UserRequestListener
java.lang.IllegalArgumentException: Unsupported class file major version 59
	at net.bytebuddy.jar.asm.ClassReader.<init>(ClassReader.java:176)
	at net.bytebuddy.jar.asm.ClassReader.<init>(ClassReader.java:158)
	at net.bytebuddy.jar.asm.ClassReader.<init>(ClassReader.java:146)
	at net.bytebuddy.utility.OpenedClassReader.of(OpenedClassReader.java:69)
	at net.bytebuddy.dynamic.scaffold.TypeWriter$Default$ForInlining.create(TypeWriter.java:2877)
	at net.bytebuddy.dynamic.scaffold.TypeWriter$Default.make(TypeWriter.java:1653)
	at net.bytebuddy.dynamic.scaffold.inline.RedefinitionDynamicTypeBuilder.make(RedefinitionDynamicTypeBuilder.java:180)
	at net.bytebuddy.dynamic.scaffold.inline.AbstractInliningDynamicTypeBuilder.make(AbstractInliningDynamicTypeBuilder.java:94)
	at net.bytebuddy.dynamic.DynamicType$Builder$AbstractBase.make(DynamicType.java:2669)
	at io.mockk.proxy.jvm.transformation.InliningClassTransformer.transform(InliningClassTransformer.kt:78)
	at java.instrument/java.lang.instrument.ClassFileTransformer.transform(ClassFileTransformer.java:246)
	at java.instrument/sun.instrument.TransformerManager.transform(TransformerManager.java:188)
	at java.instrument/sun.instrument.InstrumentationImpl.transform(InstrumentationImpl.java:563)
	at java.instrument/sun.instrument.InstrumentationImpl.retransformClasses0(Native Method)
	at java.instrument/sun.instrument.InstrumentationImpl.retransformClasses(InstrumentationImpl.java:167)
	at io.mockk.proxy.jvm.transformation.JvmInlineInstrumentation.retransform(JvmInlineInstrumentation.kt:28)
	at io.mockk.proxy.common.transformation.RetransformInlineInstrumnetation$execute$1.invoke(RetransformInlineInstrumnetation.kt:19)
	at io.mockk.proxy.common.transformation.RetransformInlineInstrumnetation$execute$1.invoke(RetransformInlineInstrumnetation.kt:6)
	at io.mockk.proxy.common.transformation.ClassTransformationSpecMap.applyTransformation(ClassTransformationSpecMap.kt:41)
	at io.mockk.proxy.common.transformation.RetransformInlineInstrumnetation.execute(RetransformInlineInstrumnetation.kt:16)
	at io.mockk.proxy.jvm.ProxyMaker.inline(ProxyMaker.kt:88)
	at io.mockk.proxy.jvm.ProxyMaker.proxy(ProxyMaker.kt:30)
	at io.mockk.impl.instantiation.JvmMockFactory.newProxy(JvmMockFactory.kt:34)
	at io.mockk.impl.instantiation.AbstractMockFactory.newProxy$default(AbstractMockFactory.kt:29)
	at io.mockk.impl.instantiation.AbstractMockFactory.mockk(AbstractMockFactory.kt:59)
	at goos.ui.swing.MainWindowTest$1$1.invokeSuspend(MainWindowTest.kt:90)
	at goos.ui.swing.MainWindowTest$1$1.invoke(MainWindowTest.kt)
	at goos.ui.swing.MainWindowTest$1$1.invoke(MainWindowTest.kt)
	at io.kotest.core.TestConfiguration$beforeTest$1.beforeTest(TestConfiguration.kt:137)
	at io.kotest.core.spec.LifecycleKt.invokeAllBeforeTestCallbacks(lifecycle.kt:76)
	at io.kotest.core.internal.TestCaseExecutor.executeActiveTest(TestCaseExecutor.kt:152)
	at io.kotest.core.internal.TestCaseExecutor.access$executeActiveTest(TestCaseExecutor.kt:57)
	at io.kotest.core.internal.TestCaseExecutor$intercept$innerExecute$1$1.invokeSuspend(TestCaseExecutor.kt:89)
	at io.kotest.core.internal.TestCaseExecutor$intercept$innerExecute$1$1.invoke(TestCaseExecutor.kt)
	at io.kotest.core.internal.TestCaseExecutor$intercept$innerExecute$1$1.invoke(TestCaseExecutor.kt)
	at io.kotest.core.internal.TestCaseExecutor.executeIfEnabled(TestCaseExecutor.kt:117)
	at io.kotest.core.internal.TestCaseExecutor.access$executeIfEnabled(TestCaseExecutor.kt:57)
	at io.kotest.core.internal.TestCaseExecutor$intercept$innerExecute$1.invokeSuspend(TestCaseExecutor.kt:89)
	at io.kotest.core.internal.TestCaseExecutor$intercept$innerExecute$1.invoke(TestCaseExecutor.kt)
	at io.kotest.core.internal.TestCaseExecutor$intercept$innerExecute$1.invoke(TestCaseExecutor.kt)
	at io.kotest.core.internal.TestCaseExecutor.intercept(TestCaseExecutor.kt:103)
	at io.kotest.core.internal.TestCaseExecutor.execute(TestCaseExecutor.kt:69)
	at io.kotest.engine.spec.runners.SingleInstanceSpecRunner.runTest(SingleInstanceSpecRunner.kt:104)
	at io.kotest.engine.spec.runners.SingleInstanceSpecRunner.access$runTest(SingleInstanceSpecRunner.kt:34)
	at io.kotest.engine.spec.runners.SingleInstanceSpecRunner$execute$interceptAndRun$2$4.invokeSuspend(SingleInstanceSpecRunner.kt:57)
	at io.kotest.engine.spec.runners.SingleInstanceSpecRunner$execute$interceptAndRun$2$4.invoke(SingleInstanceSpecRunner.kt)
	at io.kotest.engine.spec.runners.SingleInstanceSpecRunner$execute$interceptAndRun$2$4.invoke(SingleInstanceSpecRunner.kt)
	at io.kotest.engine.launchers.SequentialTestLauncher$launch$3$1$1.invokeSuspend(SequentialTestLauncher.kt:22)
	at kotlin.coroutines.jvm.internal.BaseContinuationImpl.resumeWith(ContinuationImpl.kt:33)
	at kotlinx.coroutines.DispatchedTask.run(DispatchedTask.kt:106)
	at java.base/java.util.concurrent.ThreadPoolExecutor.runWorker(ThreadPoolExecutor.java:1130)
	at java.base/java.util.concurrent.ThreadPoolExecutor$Worker.run(ThreadPoolExecutor.java:630)
	at java.base/java.lang.Thread.run(Thread.java:832)

Oct 30, 2021 2:24:39 AM net.sourceforge.marathon.javaagent.server.JavaServer serve
INFO: JavaServer.serve(POST /session): {
  "desiredCapabilities": {
    "browserName": "java",
    "platform": "ANY"
  },
  "capabilities": {
    "firstMatch": [
      {
        "browserName": "java"
      }
    ]
  }
}
Oct 30, 2021 2:24:39 AM net.sourceforge.marathon.javaagent.server.JavaServer createSession
INFO: Creating device with type: EVENT_QUEUE
Oct 30, 2021 2:24:39 AM net.sourceforge.marathon.javaagent.Device getDevice
INFO: Creating a EVENT_QUEUE device
Oct 30, 2021 2:24:39 AM net.sourceforge.marathon.javaagent.server.JavaServer serve
INFO: POST(/session, {"desiredCapabilities":{"browserName":"java","platform":"ANY"},"capabilities":{"firstMatch":[{"browserName":"java"}]}}) = {data=, status=REDIRECT}
Oct 30, 2021 2:24:39 AM net.sourceforge.marathon.javaagent.server.JavaServer serve
INFO: JavaServer.serve(GET /session/46efbaf5-684d-4e8e-a224-16bffde69d95): {}
Oct 30, 2021 2:24:39 AM net.sourceforge.marathon.javaagent.server.JavaServer serve
INFO: GET(/session/46efbaf5-684d-4e8e-a224-16bffde69d95) = {data={"name":"getCapabilities","sessionId":"46efbaf5-684d-4e8e-a224-16bffde69d95","value":{"applicationCacheEnabled":false,"rotatable":false,"loggingPrefs":{"driver":"ALL"},"handlesAlerts":false,"databaseEnabled":false,"version":"1.0","platform":"ANY","browserConnectionEnabled":false,"nativeEvents":false,"acceptSslCerts":false,"locationContextEnabled":false,"webStorageEnabled":false,"browserName":"java","takesScreenshot":true,"javascriptEnabled":true,"cssSelectorsEnabled":false},"status":0}, status=OK}
Oct 30, 2021 2:24:39 AM org.openqa.selenium.remote.ProtocolHandshake createSession
INFO: Detected dialect: OSS
Oct 30, 2021 2:24:39 AM net.sourceforge.marathon.javaagent.server.JavaServer serve
INFO: JavaServer.serve(POST /session/46efbaf5-684d-4e8e-a224-16bffde69d95/element): {
  "using": "css selector",
  "value": "."
}
Oct 30, 2021 2:24:39 AM net.sourceforge.marathon.javaagent.server.JavaServer serve
INFO: POST(/session/46efbaf5-684d-4e8e-a224-16bffde69d95/element, {"using":"css selector","value":"."}) = {data={"name":"findElement","sessionId":"46efbaf5-684d-4e8e-a224-16bffde69d95","value":{"ELEMENT":"282ce62f-b247-47c3-8729-113cfed21de1"},"status":0}, status=OK}
Oct 30, 2021 2:24:39 AM net.sourceforge.marathon.javaagent.server.JavaServer serve
INFO: JavaServer.serve(GET /session/46efbaf5-684d-4e8e-a224-16bffde69d95/element/282ce62f-b247-47c3-8729-113cfed21de1/attribute/name): {}
Oct 30, 2021 2:24:39 AM net.sourceforge.marathon.javaagent.server.JavaServer serve
INFO: GET(/session/46efbaf5-684d-4e8e-a224-16bffde69d95/element/282ce62f-b247-47c3-8729-113cfed21de1/attribute/name) = {data={"name":"getElementAttribute","sessionId":"46efbaf5-684d-4e8e-a224-16bffde69d95","value":"Auction Sniper Name","status":0}, status=OK}
Oct 30, 2021 2:24:39 AM net.sourceforge.marathon.javaagent.server.JavaServer serve
INFO: JavaServer.serve(POST /session/46efbaf5-684d-4e8e-a224-16bffde69d95/element): {
  "using": "css selector",
  "value": "."
}
Oct 30, 2021 2:24:39 AM net.sourceforge.marathon.javaagent.server.JavaServer serve
INFO: POST(/session/46efbaf5-684d-4e8e-a224-16bffde69d95/element, {"using":"css selector","value":"."}) = {data={"name":"findElement","sessionId":"46efbaf5-684d-4e8e-a224-16bffde69d95","value":{"ELEMENT":"282ce62f-b247-47c3-8729-113cfed21de1"},"status":0}, status=OK}
Oct 30, 2021 2:24:39 AM net.sourceforge.marathon.javaagent.server.JavaServer serve
INFO: JavaServer.serve(GET /session/46efbaf5-684d-4e8e-a224-16bffde69d95/element/282ce62f-b247-47c3-8729-113cfed21de1/displayed): {}
Oct 30, 2021 2:24:39 AM net.sourceforge.marathon.javaagent.server.JavaServer serve
INFO: GET(/session/46efbaf5-684d-4e8e-a224-16bffde69d95/element/282ce62f-b247-47c3-8729-113cfed21de1/displayed) = {data={"name":"isDisplayed","sessionId":"46efbaf5-684d-4e8e-a224-16bffde69d95","value":true,"status":0}, status=OK}
Oct 30, 2021 2:24:39 AM net.sourceforge.marathon.javaagent.server.JavaServer serve
INFO: JavaServer.serve(GET /session/46efbaf5-684d-4e8e-a224-16bffde69d95/title): {}
Oct 30, 2021 2:24:39 AM net.sourceforge.marathon.javaagent.server.JavaServer serve
INFO: GET(/session/46efbaf5-684d-4e8e-a224-16bffde69d95/title) = {data={"name":"getWindowTitle","sessionId":"46efbaf5-684d-4e8e-a224-16bffde69d95","value":"Auction Sniper","status":0}, status=OK}
Oct 30, 2021 2:24:39 AM net.sourceforge.marathon.javaagent.server.JavaServer serve
INFO: JavaServer.serve(POST /session/46efbaf5-684d-4e8e-a224-16bffde69d95/element): {
  "using": "name",
  "value": "snipers table"
}
Oct 30, 2021 2:24:39 AM net.sourceforge.marathon.javaagent.server.JavaServer serve
INFO: POST(/session/46efbaf5-684d-4e8e-a224-16bffde69d95/element, {"using":"name","value":"snipers table"}) = {data={"name":"findElement","sessionId":"46efbaf5-684d-4e8e-a224-16bffde69d95","value":{"ELEMENT":"48e8942d-35f9-4220-9f13-4864476f2af6"},"status":0}, status=OK}
Oct 30, 2021 2:24:39 AM net.sourceforge.marathon.javaagent.server.JavaServer serve
INFO: JavaServer.serve(POST /session/46efbaf5-684d-4e8e-a224-16bffde69d95/element/48e8942d-35f9-4220-9f13-4864476f2af6/elements): {
  "id": "48e8942d-35f9-4220-9f13-4864476f2af6",
  "using": "css selector",
  "value": ".::header.::all-items"
}
Oct 30, 2021 2:24:39 AM net.sourceforge.marathon.javaagent.server.JavaServer serve
INFO: POST(/session/46efbaf5-684d-4e8e-a224-16bffde69d95/element/48e8942d-35f9-4220-9f13-4864476f2af6/elements, {"using":"css selector","id":"48e8942d-35f9-4220-9f13-4864476f2af6","value":".::header.::all-items"}) = {data={"name":"findElementsOfElement","sessionId":"46efbaf5-684d-4e8e-a224-16bffde69d95","value":[{"ELEMENT":"76561f07-24f4-4a2f-a325-25b875eff897%23%7B%22selector%22%3A%22nth-item%22%2C%22parameters%22%3A%5B1%5D%7D"},{"ELEMENT":"76561f07-24f4-4a2f-a325-25b875eff897%23%7B%22selector%22%3A%22nth-item%22%2C%22parameters%22%3A%5B2%5D%7D"},{"ELEMENT":"76561f07-24f4-4a2f-a325-25b875eff897%23%7B%22selector%22%3A%22nth-item%22%2C%22parameters%22%3A%5B3%5D%7D"},{"ELEMENT":"76561f07-24f4-4a2f-a325-25b875eff897%23%7B%22selector%22%3A%22nth-item%22%2C%22parameters%22%3A%5B4%5D%7D"}],"status":0}, status=OK}
Oct 30, 2021 2:24:39 AM net.sourceforge.marathon.javaagent.server.JavaServer serve
INFO: JavaServer.serve(GET /session/46efbaf5-684d-4e8e-a224-16bffde69d95/element/76561f07-24f4-4a2f-a325-25b875eff897%23%7B%22selector%22%3A%22nth-item%22%2C%22parameters%22%3A%5B1%5D%7D/text): {}
Oct 30, 2021 2:24:39 AM net.sourceforge.marathon.javaagent.server.JavaServer serve
INFO: GET(/session/46efbaf5-684d-4e8e-a224-16bffde69d95/element/76561f07-24f4-4a2f-a325-25b875eff897%23%7B%22selector%22%3A%22nth-item%22%2C%22parameters%22%3A%5B1%5D%7D/text) = {data={"name":"getElementText","sessionId":"46efbaf5-684d-4e8e-a224-16bffde69d95","value":"Item","status":0}, status=OK}
Oct 30, 2021 2:24:39 AM net.sourceforge.marathon.javaagent.server.JavaServer serve
INFO: JavaServer.serve(GET /session/46efbaf5-684d-4e8e-a224-16bffde69d95/element/76561f07-24f4-4a2f-a325-25b875eff897%23%7B%22selector%22%3A%22nth-item%22%2C%22parameters%22%3A%5B2%5D%7D/text): {}
Oct 30, 2021 2:24:39 AM net.sourceforge.marathon.javaagent.server.JavaServer serve
INFO: GET(/session/46efbaf5-684d-4e8e-a224-16bffde69d95/element/76561f07-24f4-4a2f-a325-25b875eff897%23%7B%22selector%22%3A%22nth-item%22%2C%22parameters%22%3A%5B2%5D%7D/text) = {data={"name":"getElementText","sessionId":"46efbaf5-684d-4e8e-a224-16bffde69d95","value":"Last Price","status":0}, status=OK}
Oct 30, 2021 2:24:39 AM net.sourceforge.marathon.javaagent.server.JavaServer serve
INFO: JavaServer.serve(GET /session/46efbaf5-684d-4e8e-a224-16bffde69d95/element/76561f07-24f4-4a2f-a325-25b875eff897%23%7B%22selector%22%3A%22nth-item%22%2C%22parameters%22%3A%5B3%5D%7D/text): {}
Oct 30, 2021 2:24:39 AM net.sourceforge.marathon.javaagent.server.JavaServer serve
INFO: GET(/session/46efbaf5-684d-4e8e-a224-16bffde69d95/element/76561f07-24f4-4a2f-a325-25b875eff897%23%7B%22selector%22%3A%22nth-item%22%2C%22parameters%22%3A%5B3%5D%7D/text) = {data={"name":"getElementText","sessionId":"46efbaf5-684d-4e8e-a224-16bffde69d95","value":"Last Bid","status":0}, status=OK}
Oct 30, 2021 2:24:39 AM net.sourceforge.marathon.javaagent.server.JavaServer serve
INFO: JavaServer.serve(GET /session/46efbaf5-684d-4e8e-a224-16bffde69d95/element/76561f07-24f4-4a2f-a325-25b875eff897%23%7B%22selector%22%3A%22nth-item%22%2C%22parameters%22%3A%5B4%5D%7D/text): {}
Oct 30, 2021 2:24:39 AM net.sourceforge.marathon.javaagent.server.JavaServer serve
INFO: GET(/session/46efbaf5-684d-4e8e-a224-16bffde69d95/element/76561f07-24f4-4a2f-a325-25b875eff897%23%7B%22selector%22%3A%22nth-item%22%2C%22parameters%22%3A%5B4%5D%7D/text) = {data={"name":"getElementText","sessionId":"46efbaf5-684d-4e8e-a224-16bffde69d95","value":"State","status":0}, status=OK}
Oct 30, 2021 2:24:39 AM net.sourceforge.marathon.javaagent.server.JavaServer serve
INFO: JavaServer.serve(DELETE /session/46efbaf5-684d-4e8e-a224-16bffde69d95/window): {}
Oct 30, 2021 2:24:39 AM net.sourceforge.marathon.javaagent.server.JavaServer serve
INFO: DELETE(/session/46efbaf5-684d-4e8e-a224-16bffde69d95/window) = {data={"name":"closeSession","sessionId":"46efbaf5-684d-4e8e-a224-16bffde69d95","status":0}, status=OK}
Oct 30, 2021 2:24:39 AM net.sourceforge.marathon.javaagent.server.JavaServer serve
INFO: JavaServer.serve(POST /session): {
  "desiredCapabilities": {
    "browserName": "java",
    "platform": "ANY"
  },
  "capabilities": {
    "firstMatch": [
      {
        "browserName": "java"
      }
    ]
  }
}
Oct 30, 2021 2:24:39 AM net.sourceforge.marathon.javaagent.server.JavaServer createSession
INFO: Creating device with type: EVENT_QUEUE
Oct 30, 2021 2:24:39 AM net.sourceforge.marathon.javaagent.Device getDevice
INFO: Creating a EVENT_QUEUE device
Oct 30, 2021 2:24:39 AM net.sourceforge.marathon.javaagent.server.JavaServer serve
INFO: POST(/session, {"desiredCapabilities":{"browserName":"java","platform":"ANY"},"capabilities":{"firstMatch":[{"browserName":"java"}]}}) = {data=, status=REDIRECT}
Oct 30, 2021 2:24:39 AM net.sourceforge.marathon.javaagent.server.JavaServer serve
INFO: JavaServer.serve(GET /session/b73f35d3-60f9-45fa-915a-4914422ba715): {}
Oct 30, 2021 2:24:39 AM net.sourceforge.marathon.javaagent.server.JavaServer serve
INFO: GET(/session/b73f35d3-60f9-45fa-915a-4914422ba715) = {data={"name":"getCapabilities","sessionId":"b73f35d3-60f9-45fa-915a-4914422ba715","value":{"applicationCacheEnabled":false,"rotatable":false,"loggingPrefs":{"driver":"ALL"},"handlesAlerts":false,"databaseEnabled":false,"version":"1.0","platform":"ANY","browserConnectionEnabled":false,"nativeEvents":false,"acceptSslCerts":false,"locationContextEnabled":false,"webStorageEnabled":false,"browserName":"java","takesScreenshot":true,"javascriptEnabled":true,"cssSelectorsEnabled":false},"status":0}, status=OK}
Oct 30, 2021 2:24:39 AM org.openqa.selenium.remote.ProtocolHandshake createSession
INFO: Detected dialect: OSS
Oct 30, 2021 2:24:39 AM net.sourceforge.marathon.javaagent.server.JavaServer serve
INFO: JavaServer.serve(POST /session/b73f35d3-60f9-45fa-915a-4914422ba715/element): {
  "using": "name",
  "value": "new item id field"
}
Oct 30, 2021 2:24:39 AM net.sourceforge.marathon.javaagent.server.JavaServer serve
INFO: POST(/session/b73f35d3-60f9-45fa-915a-4914422ba715/element, {"using":"name","value":"new item id field"}) = {data={"name":"findElement","sessionId":"b73f35d3-60f9-45fa-915a-4914422ba715","value":{"ELEMENT":"2c33d5e6-9c78-4c42-a6c4-4c8358d9bba4"},"status":0}, status=OK}
Oct 30, 2021 2:24:39 AM net.sourceforge.marathon.javaagent.server.JavaServer serve
INFO: JavaServer.serve(POST /session/b73f35d3-60f9-45fa-915a-4914422ba715/element/2c33d5e6-9c78-4c42-a6c4-4c8358d9bba4/clear): {
  "id": "2c33d5e6-9c78-4c42-a6c4-4c8358d9bba4"
}
Oct 30, 2021 2:24:39 AM net.sourceforge.marathon.javaagent.server.JavaServer serve
INFO: POST(/session/b73f35d3-60f9-45fa-915a-4914422ba715/element/2c33d5e6-9c78-4c42-a6c4-4c8358d9bba4/clear, {"id":"2c33d5e6-9c78-4c42-a6c4-4c8358d9bba4"}) = {data={"name":"clearElement","sessionId":"b73f35d3-60f9-45fa-915a-4914422ba715","status":0}, status=OK}
Oct 30, 2021 2:24:39 AM net.sourceforge.marathon.javaagent.server.JavaServer serve
INFO: JavaServer.serve(POST /session/b73f35d3-60f9-45fa-915a-4914422ba715/element/2c33d5e6-9c78-4c42-a6c4-4c8358d9bba4/value): {
  "id": "2c33d5e6-9c78-4c42-a6c4-4c8358d9bba4",
  "value": [
    "an item-id"
  ]
}
Oct 30, 2021 2:24:39 AM net.sourceforge.marathon.javaagent.EventQueueDevice dispatchEvent
INFO: java.awt.event.KeyEvent[KEY_PRESSED,keyCode=65,keyText=A,keyChar='a',keyLocation=KEY_LOCATION_UNKNOWN,rawCode=0,primaryLevelUnicode=0,scancode=0,extendedKeyCode=0x0] on new item id field
Oct 30, 2021 2:24:39 AM net.sourceforge.marathon.javaagent.EventQueueDevice dispatchEvent
INFO: java.awt.event.KeyEvent[KEY_TYPED,keyCode=0,keyText=Unknown keyCode: 0x0,keyChar='a',keyLocation=KEY_LOCATION_UNKNOWN,rawCode=0,primaryLevelUnicode=0,scancode=0,extendedKeyCode=0x0] on new item id field
Oct 30, 2021 2:24:39 AM net.sourceforge.marathon.javaagent.EventQueueDevice dispatchEvent
INFO: java.awt.event.KeyEvent[KEY_RELEASED,keyCode=65,keyText=A,keyChar='a',keyLocation=KEY_LOCATION_UNKNOWN,rawCode=0,primaryLevelUnicode=0,scancode=0,extendedKeyCode=0x0] on new item id field
Oct 30, 2021 2:24:39 AM net.sourceforge.marathon.javaagent.EventQueueDevice dispatchEvent
INFO: java.awt.event.KeyEvent[KEY_PRESSED,keyCode=78,keyText=N,keyChar='n',keyLocation=KEY_LOCATION_UNKNOWN,rawCode=0,primaryLevelUnicode=0,scancode=0,extendedKeyCode=0x0] on new item id field
Oct 30, 2021 2:24:39 AM net.sourceforge.marathon.javaagent.EventQueueDevice dispatchEvent
INFO: java.awt.event.KeyEvent[KEY_TYPED,keyCode=0,keyText=Unknown keyCode: 0x0,keyChar='n',keyLocation=KEY_LOCATION_UNKNOWN,rawCode=0,primaryLevelUnicode=0,scancode=0,extendedKeyCode=0x0] on new item id field
Oct 30, 2021 2:24:39 AM net.sourceforge.marathon.javaagent.EventQueueDevice dispatchEvent
INFO: java.awt.event.KeyEvent[KEY_RELEASED,keyCode=78,keyText=N,keyChar='n',keyLocation=KEY_LOCATION_UNKNOWN,rawCode=0,primaryLevelUnicode=0,scancode=0,extendedKeyCode=0x0] on new item id field
Oct 30, 2021 2:24:39 AM net.sourceforge.marathon.javaagent.EventQueueDevice dispatchEvent
INFO: java.awt.event.KeyEvent[KEY_PRESSED,keyCode=16,keyText=Shift,keyChar=Undefined keyChar,modifiers=Shift,extModifiers=Shift,keyLocation=KEY_LOCATION_UNKNOWN,rawCode=0,primaryLevelUnicode=0,scancode=0,extendedKeyCode=0x0] on new item id field
Oct 30, 2021 2:24:39 AM net.sourceforge.marathon.javaagent.EventQueueDevice dispatchEvent
INFO: java.awt.event.KeyEvent[KEY_PRESSED,keyCode=32,keyText=Space,keyChar=' ',modifiers=Shift,extModifiers=Shift,keyLocation=KEY_LOCATION_UNKNOWN,rawCode=0,primaryLevelUnicode=0,scancode=0,extendedKeyCode=0x0] on new item id field
Oct 30, 2021 2:24:39 AM net.sourceforge.marathon.javaagent.EventQueueDevice dispatchEvent
INFO: java.awt.event.KeyEvent[KEY_TYPED,keyCode=0,keyText=Unknown keyCode: 0x0,keyChar=' ',modifiers=Shift,extModifiers=Shift,keyLocation=KEY_LOCATION_UNKNOWN,rawCode=0,primaryLevelUnicode=0,scancode=0,extendedKeyCode=0x0] on new item id field
Oct 30, 2021 2:24:39 AM net.sourceforge.marathon.javaagent.EventQueueDevice dispatchEvent
INFO: java.awt.event.KeyEvent[KEY_RELEASED,keyCode=32,keyText=Space,keyChar=' ',modifiers=Shift,extModifiers=Shift,keyLocation=KEY_LOCATION_UNKNOWN,rawCode=0,primaryLevelUnicode=0,scancode=0,extendedKeyCode=0x0] on new item id field
Oct 30, 2021 2:24:39 AM net.sourceforge.marathon.javaagent.EventQueueDevice dispatchEvent
INFO: java.awt.event.KeyEvent[KEY_RELEASED,keyCode=16,keyText=Shift,keyChar=Undefined keyChar,keyLocation=KEY_LOCATION_UNKNOWN,rawCode=0,primaryLevelUnicode=0,scancode=0,extendedKeyCode=0x0] on new item id field
Oct 30, 2021 2:24:39 AM net.sourceforge.marathon.javaagent.EventQueueDevice dispatchEvent
INFO: java.awt.event.KeyEvent[KEY_PRESSED,keyCode=73,keyText=I,keyChar='i',keyLocation=KEY_LOCATION_UNKNOWN,rawCode=0,primaryLevelUnicode=0,scancode=0,extendedKeyCode=0x0] on new item id field
Oct 30, 2021 2:24:39 AM net.sourceforge.marathon.javaagent.EventQueueDevice dispatchEvent
INFO: java.awt.event.KeyEvent[KEY_TYPED,keyCode=0,keyText=Unknown keyCode: 0x0,keyChar='i',keyLocation=KEY_LOCATION_UNKNOWN,rawCode=0,primaryLevelUnicode=0,scancode=0,extendedKeyCode=0x0] on new item id field
Oct 30, 2021 2:24:39 AM net.sourceforge.marathon.javaagent.EventQueueDevice dispatchEvent
INFO: java.awt.event.KeyEvent[KEY_RELEASED,keyCode=73,keyText=I,keyChar='i',keyLocation=KEY_LOCATION_UNKNOWN,rawCode=0,primaryLevelUnicode=0,scancode=0,extendedKeyCode=0x0] on new item id field
Oct 30, 2021 2:24:39 AM net.sourceforge.marathon.javaagent.EventQueueDevice dispatchEvent
INFO: java.awt.event.KeyEvent[KEY_PRESSED,keyCode=84,keyText=T,keyChar='t',keyLocation=KEY_LOCATION_UNKNOWN,rawCode=0,primaryLevelUnicode=0,scancode=0,extendedKeyCode=0x0] on new item id field
Oct 30, 2021 2:24:39 AM net.sourceforge.marathon.javaagent.EventQueueDevice dispatchEvent
INFO: java.awt.event.KeyEvent[KEY_TYPED,keyCode=0,keyText=Unknown keyCode: 0x0,keyChar='t',keyLocation=KEY_LOCATION_UNKNOWN,rawCode=0,primaryLevelUnicode=0,scancode=0,extendedKeyCode=0x0] on new item id field
Oct 30, 2021 2:24:39 AM net.sourceforge.marathon.javaagent.EventQueueDevice dispatchEvent
INFO: java.awt.event.KeyEvent[KEY_RELEASED,keyCode=84,keyText=T,keyChar='t',keyLocation=KEY_LOCATION_UNKNOWN,rawCode=0,primaryLevelUnicode=0,scancode=0,extendedKeyCode=0x0] on new item id field
Oct 30, 2021 2:24:39 AM net.sourceforge.marathon.javaagent.EventQueueDevice dispatchEvent
INFO: java.awt.event.KeyEvent[KEY_PRESSED,keyCode=69,keyText=E,keyChar='e',keyLocation=KEY_LOCATION_UNKNOWN,rawCode=0,primaryLevelUnicode=0,scancode=0,extendedKeyCode=0x0] on new item id field
Oct 30, 2021 2:24:39 AM net.sourceforge.marathon.javaagent.EventQueueDevice dispatchEvent
INFO: java.awt.event.KeyEvent[KEY_TYPED,keyCode=0,keyText=Unknown keyCode: 0x0,keyChar='e',keyLocation=KEY_LOCATION_UNKNOWN,rawCode=0,primaryLevelUnicode=0,scancode=0,extendedKeyCode=0x0] on new item id field
Oct 30, 2021 2:24:39 AM net.sourceforge.marathon.javaagent.EventQueueDevice dispatchEvent
INFO: java.awt.event.KeyEvent[KEY_RELEASED,keyCode=69,keyText=E,keyChar='e',keyLocation=KEY_LOCATION_UNKNOWN,rawCode=0,primaryLevelUnicode=0,scancode=0,extendedKeyCode=0x0] on new item id field
Oct 30, 2021 2:24:39 AM net.sourceforge.marathon.javaagent.EventQueueDevice dispatchEvent
INFO: java.awt.event.KeyEvent[KEY_PRESSED,keyCode=77,keyText=M,keyChar='m',keyLocation=KEY_LOCATION_UNKNOWN,rawCode=0,primaryLevelUnicode=0,scancode=0,extendedKeyCode=0x0] on new item id field
Oct 30, 2021 2:24:39 AM net.sourceforge.marathon.javaagent.EventQueueDevice dispatchEvent
INFO: java.awt.event.KeyEvent[KEY_TYPED,keyCode=0,keyText=Unknown keyCode: 0x0,keyChar='m',keyLocation=KEY_LOCATION_UNKNOWN,rawCode=0,primaryLevelUnicode=0,scancode=0,extendedKeyCode=0x0] on new item id field
Oct 30, 2021 2:24:39 AM net.sourceforge.marathon.javaagent.EventQueueDevice dispatchEvent
INFO: java.awt.event.KeyEvent[KEY_RELEASED,keyCode=77,keyText=M,keyChar='m',keyLocation=KEY_LOCATION_UNKNOWN,rawCode=0,primaryLevelUnicode=0,scancode=0,extendedKeyCode=0x0] on new item id field
Oct 30, 2021 2:24:39 AM net.sourceforge.marathon.javaagent.EventQueueDevice dispatchEvent
INFO: java.awt.event.KeyEvent[KEY_PRESSED,keyCode=45,keyText=Minus,keyChar='-',keyLocation=KEY_LOCATION_UNKNOWN,rawCode=0,primaryLevelUnicode=0,scancode=0,extendedKeyCode=0x0] on new item id field
Oct 30, 2021 2:24:39 AM net.sourceforge.marathon.javaagent.EventQueueDevice dispatchEvent
INFO: java.awt.event.KeyEvent[KEY_TYPED,keyCode=0,keyText=Unknown keyCode: 0x0,keyChar='-',keyLocation=KEY_LOCATION_UNKNOWN,rawCode=0,primaryLevelUnicode=0,scancode=0,extendedKeyCode=0x0] on new item id field
Oct 30, 2021 2:24:39 AM net.sourceforge.marathon.javaagent.EventQueueDevice dispatchEvent
INFO: java.awt.event.KeyEvent[KEY_RELEASED,keyCode=45,keyText=Minus,keyChar='-',keyLocation=KEY_LOCATION_UNKNOWN,rawCode=0,primaryLevelUnicode=0,scancode=0,extendedKeyCode=0x0] on new item id field
Oct 30, 2021 2:24:39 AM net.sourceforge.marathon.javaagent.EventQueueDevice dispatchEvent
INFO: java.awt.event.KeyEvent[KEY_PRESSED,keyCode=73,keyText=I,keyChar='i',keyLocation=KEY_LOCATION_UNKNOWN,rawCode=0,primaryLevelUnicode=0,scancode=0,extendedKeyCode=0x0] on new item id field
Oct 30, 2021 2:24:39 AM net.sourceforge.marathon.javaagent.EventQueueDevice dispatchEvent
INFO: java.awt.event.KeyEvent[KEY_TYPED,keyCode=0,keyText=Unknown keyCode: 0x0,keyChar='i',keyLocation=KEY_LOCATION_UNKNOWN,rawCode=0,primaryLevelUnicode=0,scancode=0,extendedKeyCode=0x0] on new item id field
Oct 30, 2021 2:24:39 AM net.sourceforge.marathon.javaagent.EventQueueDevice dispatchEvent
INFO: java.awt.event.KeyEvent[KEY_RELEASED,keyCode=73,keyText=I,keyChar='i',keyLocation=KEY_LOCATION_UNKNOWN,rawCode=0,primaryLevelUnicode=0,scancode=0,extendedKeyCode=0x0] on new item id field
Oct 30, 2021 2:24:39 AM net.sourceforge.marathon.javaagent.EventQueueDevice dispatchEvent
INFO: java.awt.event.KeyEvent[KEY_PRESSED,keyCode=68,keyText=D,keyChar='d',keyLocation=KEY_LOCATION_UNKNOWN,rawCode=0,primaryLevelUnicode=0,scancode=0,extendedKeyCode=0x0] on new item id field
Oct 30, 2021 2:24:39 AM net.sourceforge.marathon.javaagent.EventQueueDevice dispatchEvent
INFO: java.awt.event.KeyEvent[KEY_TYPED,keyCode=0,keyText=Unknown keyCode: 0x0,keyChar='d',keyLocation=KEY_LOCATION_UNKNOWN,rawCode=0,primaryLevelUnicode=0,scancode=0,extendedKeyCode=0x0] on new item id field
Oct 30, 2021 2:24:39 AM net.sourceforge.marathon.javaagent.EventQueueDevice dispatchEvent
INFO: java.awt.event.KeyEvent[KEY_RELEASED,keyCode=68,keyText=D,keyChar='d',keyLocation=KEY_LOCATION_UNKNOWN,rawCode=0,primaryLevelUnicode=0,scancode=0,extendedKeyCode=0x0] on new item id field
Oct 30, 2021 2:24:39 AM net.sourceforge.marathon.javaagent.server.JavaServer serve
INFO: POST(/session/b73f35d3-60f9-45fa-915a-4914422ba715/element/2c33d5e6-9c78-4c42-a6c4-4c8358d9bba4/value, {"id":"2c33d5e6-9c78-4c42-a6c4-4c8358d9bba4","value":["an item-id"]}) = {data={"name":"sendKeysElement","sessionId":"b73f35d3-60f9-45fa-915a-4914422ba715","status":0}, status=OK}
Oct 30, 2021 2:24:39 AM net.sourceforge.marathon.javaagent.server.JavaServer serve
INFO: JavaServer.serve(POST /session/b73f35d3-60f9-45fa-915a-4914422ba715/element): {
  "using": "name",
  "value": "new item stop price field"
}
Oct 30, 2021 2:24:39 AM net.sourceforge.marathon.javaagent.server.JavaServer serve
INFO: POST(/session/b73f35d3-60f9-45fa-915a-4914422ba715/element, {"using":"name","value":"new item stop price field"}) = {data={"name":"findElement","sessionId":"b73f35d3-60f9-45fa-915a-4914422ba715","value":{"ELEMENT":"cf8901f9-329d-42da-bcae-c1bcf002712e"},"status":0}, status=OK}
Oct 30, 2021 2:24:39 AM net.sourceforge.marathon.javaagent.server.JavaServer serve
INFO: JavaServer.serve(POST /session/b73f35d3-60f9-45fa-915a-4914422ba715/element/cf8901f9-329d-42da-bcae-c1bcf002712e/clear): {
  "id": "cf8901f9-329d-42da-bcae-c1bcf002712e"
}
Oct 30, 2021 2:24:39 AM net.sourceforge.marathon.javaagent.server.JavaServer serve
INFO: POST(/session/b73f35d3-60f9-45fa-915a-4914422ba715/element/cf8901f9-329d-42da-bcae-c1bcf002712e/clear, {"id":"cf8901f9-329d-42da-bcae-c1bcf002712e"}) = {data={"name":"clearElement","sessionId":"b73f35d3-60f9-45fa-915a-4914422ba715","status":0}, status=OK}
Oct 30, 2021 2:24:39 AM net.sourceforge.marathon.javaagent.server.JavaServer serve
INFO: JavaServer.serve(POST /session/b73f35d3-60f9-45fa-915a-4914422ba715/element/cf8901f9-329d-42da-bcae-c1bcf002712e/value): {
  "id": "cf8901f9-329d-42da-bcae-c1bcf002712e",
  "value": [
    "11000"
  ]
}
Oct 30, 2021 2:24:39 AM net.sourceforge.marathon.javaagent.EventQueueDevice dispatchEvent
INFO: java.awt.event.KeyEvent[KEY_PRESSED,keyCode=49,keyText=1,keyChar='1',keyLocation=KEY_LOCATION_UNKNOWN,rawCode=0,primaryLevelUnicode=0,scancode=0,extendedKeyCode=0x0] on new item stop price field
Oct 30, 2021 2:24:39 AM net.sourceforge.marathon.javaagent.EventQueueDevice dispatchEvent
INFO: java.awt.event.KeyEvent[KEY_TYPED,keyCode=0,keyText=Unknown keyCode: 0x0,keyChar='1',keyLocation=KEY_LOCATION_UNKNOWN,rawCode=0,primaryLevelUnicode=0,scancode=0,extendedKeyCode=0x0] on new item stop price field
Oct 30, 2021 2:24:39 AM net.sourceforge.marathon.javaagent.EventQueueDevice dispatchEvent
INFO: java.awt.event.KeyEvent[KEY_RELEASED,keyCode=49,keyText=1,keyChar='1',keyLocation=KEY_LOCATION_UNKNOWN,rawCode=0,primaryLevelUnicode=0,scancode=0,extendedKeyCode=0x0] on new item stop price field
Oct 30, 2021 2:24:39 AM net.sourceforge.marathon.javaagent.EventQueueDevice dispatchEvent
INFO: java.awt.event.KeyEvent[KEY_PRESSED,keyCode=49,keyText=1,keyChar='1',keyLocation=KEY_LOCATION_UNKNOWN,rawCode=0,primaryLevelUnicode=0,scancode=0,extendedKeyCode=0x0] on new item stop price field
Oct 30, 2021 2:24:39 AM net.sourceforge.marathon.javaagent.EventQueueDevice dispatchEvent
INFO: java.awt.event.KeyEvent[KEY_TYPED,keyCode=0,keyText=Unknown keyCode: 0x0,keyChar='1',keyLocation=KEY_LOCATION_UNKNOWN,rawCode=0,primaryLevelUnicode=0,scancode=0,extendedKeyCode=0x0] on new item stop price field
Oct 30, 2021 2:24:39 AM net.sourceforge.marathon.javaagent.EventQueueDevice dispatchEvent
INFO: java.awt.event.KeyEvent[KEY_RELEASED,keyCode=49,keyText=1,keyChar='1',keyLocation=KEY_LOCATION_UNKNOWN,rawCode=0,primaryLevelUnicode=0,scancode=0,extendedKeyCode=0x0] on new item stop price field
Oct 30, 2021 2:24:39 AM net.sourceforge.marathon.javaagent.EventQueueDevice dispatchEvent
INFO: java.awt.event.KeyEvent[KEY_PRESSED,keyCode=48,keyText=0,keyChar='0',keyLocation=KEY_LOCATION_UNKNOWN,rawCode=0,primaryLevelUnicode=0,scancode=0,extendedKeyCode=0x0] on new item stop price field
Oct 30, 2021 2:24:39 AM net.sourceforge.marathon.javaagent.EventQueueDevice dispatchEvent
INFO: java.awt.event.KeyEvent[KEY_TYPED,keyCode=0,keyText=Unknown keyCode: 0x0,keyChar='0',keyLocation=KEY_LOCATION_UNKNOWN,rawCode=0,primaryLevelUnicode=0,scancode=0,extendedKeyCode=0x0] on new item stop price field
Oct 30, 2021 2:24:39 AM net.sourceforge.marathon.javaagent.EventQueueDevice dispatchEvent
INFO: java.awt.event.KeyEvent[KEY_RELEASED,keyCode=48,keyText=0,keyChar='0',keyLocation=KEY_LOCATION_UNKNOWN,rawCode=0,primaryLevelUnicode=0,scancode=0,extendedKeyCode=0x0] on new item stop price field
Oct 30, 2021 2:24:39 AM net.sourceforge.marathon.javaagent.EventQueueDevice dispatchEvent
INFO: java.awt.event.KeyEvent[KEY_PRESSED,keyCode=48,keyText=0,keyChar='0',keyLocation=KEY_LOCATION_UNKNOWN,rawCode=0,primaryLevelUnicode=0,scancode=0,extendedKeyCode=0x0] on new item stop price field
Oct 30, 2021 2:24:39 AM net.sourceforge.marathon.javaagent.EventQueueDevice dispatchEvent
INFO: java.awt.event.KeyEvent[KEY_TYPED,keyCode=0,keyText=Unknown keyCode: 0x0,keyChar='0',keyLocation=KEY_LOCATION_UNKNOWN,rawCode=0,primaryLevelUnicode=0,scancode=0,extendedKeyCode=0x0] on new item stop price field
Oct 30, 2021 2:24:39 AM net.sourceforge.marathon.javaagent.EventQueueDevice dispatchEvent
INFO: java.awt.event.KeyEvent[KEY_RELEASED,keyCode=48,keyText=0,keyChar='0',keyLocation=KEY_LOCATION_UNKNOWN,rawCode=0,primaryLevelUnicode=0,scancode=0,extendedKeyCode=0x0] on new item stop price field
Oct 30, 2021 2:24:39 AM net.sourceforge.marathon.javaagent.EventQueueDevice dispatchEvent
INFO: java.awt.event.KeyEvent[KEY_PRESSED,keyCode=48,keyText=0,keyChar='0',keyLocation=KEY_LOCATION_UNKNOWN,rawCode=0,primaryLevelUnicode=0,scancode=0,extendedKeyCode=0x0] on new item stop price field
Oct 30, 2021 2:24:39 AM net.sourceforge.marathon.javaagent.EventQueueDevice dispatchEvent
INFO: java.awt.event.KeyEvent[KEY_TYPED,keyCode=0,keyText=Unknown keyCode: 0x0,keyChar='0',keyLocation=KEY_LOCATION_UNKNOWN,rawCode=0,primaryLevelUnicode=0,scancode=0,extendedKeyCode=0x0] on new item stop price field
Oct 30, 2021 2:24:39 AM net.sourceforge.marathon.javaagent.EventQueueDevice dispatchEvent
INFO: java.awt.event.KeyEvent[KEY_RELEASED,keyCode=48,keyText=0,keyChar='0',keyLocation=KEY_LOCATION_UNKNOWN,rawCode=0,primaryLevelUnicode=0,scancode=0,extendedKeyCode=0x0] on new item stop price field
Oct 30, 2021 2:24:39 AM net.sourceforge.marathon.javaagent.server.JavaServer serve
INFO: POST(/session/b73f35d3-60f9-45fa-915a-4914422ba715/element/cf8901f9-329d-42da-bcae-c1bcf002712e/value, {"id":"cf8901f9-329d-42da-bcae-c1bcf002712e","value":["11000"]}) = {data={"name":"sendKeysElement","sessionId":"b73f35d3-60f9-45fa-915a-4914422ba715","status":0}, status=OK}
Oct 30, 2021 2:24:39 AM net.sourceforge.marathon.javaagent.server.JavaServer serve
INFO: JavaServer.serve(POST /session/b73f35d3-60f9-45fa-915a-4914422ba715/element): {
  "using": "name",
  "value": "join button"
}
Oct 30, 2021 2:24:39 AM net.sourceforge.marathon.javaagent.server.JavaServer serve
INFO: POST(/session/b73f35d3-60f9-45fa-915a-4914422ba715/element, {"using":"name","value":"join button"}) = {data={"name":"findElement","sessionId":"b73f35d3-60f9-45fa-915a-4914422ba715","value":{"ELEMENT":"12752a07-5a30-4915-bca5-48e734d6e54a"},"status":0}, status=OK}
Oct 30, 2021 2:24:40 AM net.sourceforge.marathon.javaagent.server.JavaServer serve
INFO: JavaServer.serve(POST /session/b73f35d3-60f9-45fa-915a-4914422ba715/element/12752a07-5a30-4915-bca5-48e734d6e54a/click): {
  "id": "12752a07-5a30-4915-bca5-48e734d6e54a"
}
Oct 30, 2021 2:24:40 AM net.sourceforge.marathon.javaagent.EventQueueDevice dispatchEvent
INFO: java.awt.event.MouseEvent[MOUSE_PRESSED,(58,12),absolute(589,17),button=1,modifiers=Button1,extModifiers=Button1,clickCount=1] on join button
Oct 30, 2021 2:24:40 AM net.sourceforge.marathon.javaagent.EventQueueDevice dispatchEvent
INFO: java.awt.event.MouseEvent[MOUSE_RELEASED,(58,12),absolute(589,17),button=1,modifiers=Button1,clickCount=1] on join button
Oct 30, 2021 2:24:40 AM net.sourceforge.marathon.javaagent.EventQueueDevice dispatchEvent
INFO: java.awt.event.MouseEvent[MOUSE_CLICKED,(58,12),absolute(589,17),button=1,modifiers=Button1,clickCount=1] on join button
Oct 30, 2021 2:24:40 AM net.sourceforge.marathon.javaagent.server.JavaServer serve
INFO: POST(/session/b73f35d3-60f9-45fa-915a-4914422ba715/element/12752a07-5a30-4915-bca5-48e734d6e54a/click, {"id":"12752a07-5a30-4915-bca5-48e734d6e54a"}) = {data={"name":"clickElement","sessionId":"b73f35d3-60f9-45fa-915a-4914422ba715","status":0}, status=OK}
Oct 30, 2021 2:24:40 AM net.sourceforge.marathon.javaagent.server.JavaServer serve
INFO: JavaServer.serve(DELETE /session/b73f35d3-60f9-45fa-915a-4914422ba715/window): {}
Oct 30, 2021 2:24:40 AM net.sourceforge.marathon.javaagent.server.JavaServer serve
INFO: DELETE(/session/b73f35d3-60f9-45fa-915a-4914422ba715/window) = {data={"name":"closeSession","sessionId":"b73f35d3-60f9-45fa-915a-4914422ba715","status":0}, status=OK}
Oct 30, 2021 2:24:40 AM net.sourceforge.marathon.javaagent.server.JavaServer serve
INFO: JavaServer.serve(POST /session): {
  "desiredCapabilities": {
    "browserName": "java",
    "platform": "ANY"
  },
  "capabilities": {
    "firstMatch": [
      {
        "browserName": "java"
      }
    ]
  }
}
Oct 30, 2021 2:24:40 AM net.sourceforge.marathon.javaagent.server.JavaServer createSession
INFO: Creating device with type: EVENT_QUEUE
Oct 30, 2021 2:24:40 AM net.sourceforge.marathon.javaagent.Device getDevice
INFO: Creating a EVENT_QUEUE device
Oct 30, 2021 2:24:40 AM net.sourceforge.marathon.javaagent.server.JavaServer serve
INFO: POST(/session, {"desiredCapabilities":{"browserName":"java","platform":"ANY"},"capabilities":{"firstMatch":[{"browserName":"java"}]}}) = {data=, status=REDIRECT}
Oct 30, 2021 2:24:40 AM net.sourceforge.marathon.javaagent.server.JavaServer serve
INFO: JavaServer.serve(GET /session/c69771e4-1eff-4bac-9658-152d6c1d455d): {}
Oct 30, 2021 2:24:40 AM net.sourceforge.marathon.javaagent.server.JavaServer serve
INFO: GET(/session/c69771e4-1eff-4bac-9658-152d6c1d455d) = {data={"name":"getCapabilities","sessionId":"c69771e4-1eff-4bac-9658-152d6c1d455d","value":{"applicationCacheEnabled":false,"rotatable":false,"loggingPrefs":{"driver":"ALL"},"handlesAlerts":false,"databaseEnabled":false,"version":"1.0","platform":"ANY","browserConnectionEnabled":false,"nativeEvents":false,"acceptSslCerts":false,"locationContextEnabled":false,"webStorageEnabled":false,"browserName":"java","takesScreenshot":true,"javascriptEnabled":true,"cssSelectorsEnabled":false},"status":0}, status=OK}
Oct 30, 2021 2:24:40 AM org.openqa.selenium.remote.ProtocolHandshake createSession
INFO: Detected dialect: OSS
Oct 30, 2021 2:24:40 AM net.sourceforge.marathon.javaagent.server.JavaServer serve
INFO: JavaServer.serve(POST /session/c69771e4-1eff-4bac-9658-152d6c1d455d/element): {
  "using": "name",
  "value": "sniper reset button"
}
Oct 30, 2021 2:24:40 AM net.sourceforge.marathon.javaagent.server.JavaServer serve
INFO: POST(/session/c69771e4-1eff-4bac-9658-152d6c1d455d/element, {"using":"name","value":"sniper reset button"}) = {data={"name":"findElement","sessionId":"c69771e4-1eff-4bac-9658-152d6c1d455d","value":{"ELEMENT":"3908f329-599d-419f-9717-92d24ade2162"},"status":0}, status=OK}
Oct 30, 2021 2:24:40 AM net.sourceforge.marathon.javaagent.server.JavaServer serve
INFO: JavaServer.serve(POST /session/c69771e4-1eff-4bac-9658-152d6c1d455d/element/3908f329-599d-419f-9717-92d24ade2162/click): {
  "id": "3908f329-599d-419f-9717-92d24ade2162"
}
Oct 30, 2021 2:24:40 AM net.sourceforge.marathon.javaagent.EventQueueDevice dispatchEvent
INFO: java.awt.event.MouseEvent[MOUSE_PRESSED,(37,12),absolute(326,474),button=1,modifiers=Button1,extModifiers=Button1,clickCount=1] on sniper reset button
Oct 30, 2021 2:24:40 AM net.sourceforge.marathon.javaagent.EventQueueDevice dispatchEvent
INFO: java.awt.event.MouseEvent[MOUSE_RELEASED,(37,12),absolute(326,474),button=1,modifiers=Button1,clickCount=1] on sniper reset button
Oct 30, 2021 2:24:40 AM net.sourceforge.marathon.javaagent.EventQueueDevice dispatchEvent
INFO: java.awt.event.MouseEvent[MOUSE_CLICKED,(37,12),absolute(326,474),button=1,modifiers=Button1,clickCount=1] on sniper reset button
Oct 30, 2021 2:24:40 AM net.sourceforge.marathon.javaagent.server.JavaServer serve
INFO: POST(/session/c69771e4-1eff-4bac-9658-152d6c1d455d/element/3908f329-599d-419f-9717-92d24ade2162/click, {"id":"3908f329-599d-419f-9717-92d24ade2162"}) = {data={"name":"clickElement","sessionId":"c69771e4-1eff-4bac-9658-152d6c1d455d","status":0}, status=OK}
Oct 30, 2021 2:24:40 AM net.sourceforge.marathon.javaagent.server.JavaServer serve
INFO: JavaServer.serve(DELETE /session/c69771e4-1eff-4bac-9658-152d6c1d455d/window): {}
Oct 30, 2021 2:24:40 AM net.sourceforge.marathon.javaagent.server.JavaServer serve
INFO: DELETE(/session/c69771e4-1eff-4bac-9658-152d6c1d455d/window) = {data={"name":"closeSession","sessionId":"c69771e4-1eff-4bac-9658-152d6c1d455d","status":0}, status=OK}
]]></system-err>
</testsuite>
