<?xml version="1.0" encoding="UTF-8"?>
<testsuite name="goos.ui.swing.MainWindowTest" tests="3" skipped="0" failures="0" errors="0" timestamp="2022-01-29T02:22:32" hostname="buildkitsandbox" time="5.059">
  <properties/>
  <testcase name="window has expected features" classname="goos.ui.swing.MainWindowTest" time="3.636"/>
  <testcase name="make user request when join button clicked" classname="goos.ui.swing.MainWindowTest" time="1.22"/>
  <testcase name="make user request when reset button clicked" classname="goos.ui.swing.MainWindowTest" time="0.2"/>
  <system-out><![CDATA[]]></system-out>
  <system-err><![CDATA[SLF4J: Failed to load class "org.slf4j.impl.StaticLoggerBinder".
SLF4J: Defaulting to no-operation (NOP) logger implementation
SLF4J: See http://www.slf4j.org/codes.html#StaticLoggerBinder for further details.
Jan 29, 2022 2:22:35 AM io.netty.util.internal.MacAddressUtil defaultMachineId
WARNING: Failed to find a usable hardware address from the network interfaces; using random bytes: ce:e0:78:d2:5a:b0:02:36
Jan 29, 2022 2:22:36 AM net.sourceforge.marathon.javaagent.server.JavaServer serve
INFO: JavaServer.serve(POST /session): {
  "desiredCapabilities": {
    "browserName": "java",
    "platform": "ANY"
  },
  "capabilities": {
    "firstMatch": [
      {
        "browserName": "java"
      }
    ]
  }
}
Jan 29, 2022 2:22:36 AM net.sourceforge.marathon.javaagent.server.JavaServer createSession
INFO: Creating device with type: EVENT_QUEUE
Jan 29, 2022 2:22:36 AM net.sourceforge.marathon.javaagent.Device getDevice
INFO: Creating a EVENT_QUEUE device
Jan 29, 2022 2:22:36 AM net.sourceforge.marathon.javaagent.server.JavaServer serve
INFO: POST(/session, {"desiredCapabilities":{"browserName":"java","platform":"ANY"},"capabilities":{"firstMatch":[{"browserName":"java"}]}}) = {data=, status=REDIRECT}
Jan 29, 2022 2:22:36 AM net.sourceforge.marathon.javaagent.server.JavaServer serve
INFO: JavaServer.serve(GET /session/26374a7a-d9ca-42a2-a30d-3c349ab90f4f): {}
Jan 29, 2022 2:22:36 AM net.sourceforge.marathon.javaagent.server.JavaServer serve
INFO: GET(/session/26374a7a-d9ca-42a2-a30d-3c349ab90f4f) = {data={"name":"getCapabilities","sessionId":"26374a7a-d9ca-42a2-a30d-3c349ab90f4f","value":{"applicationCacheEnabled":false,"rotatable":false,"loggingPrefs":{"driver":"ALL"},"handlesAlerts":false,"databaseEnabled":false,"version":"1.0","platform":"ANY","browserConnectionEnabled":false,"nativeEvents":false,"acceptSslCerts":false,"locationContextEnabled":false,"webStorageEnabled":false,"browserName":"java","takesScreenshot":true,"javascriptEnabled":true,"cssSelectorsEnabled":false},"status":0}, status=OK}
Jan 29, 2022 2:22:36 AM org.openqa.selenium.remote.ProtocolHandshake createSession
INFO: Detected dialect: OSS
Jan 29, 2022 2:22:36 AM net.sourceforge.marathon.javaagent.server.JavaServer serve
INFO: JavaServer.serve(POST /session/26374a7a-d9ca-42a2-a30d-3c349ab90f4f/element): {
  "using": "css selector",
  "value": "."
}
Jan 29, 2022 2:22:36 AM net.sourceforge.marathon.javaagent.server.JavaServer serve
INFO: POST(/session/26374a7a-d9ca-42a2-a30d-3c349ab90f4f/element, {"using":"css selector","value":"."}) = {data={"name":"findElement","sessionId":"26374a7a-d9ca-42a2-a30d-3c349ab90f4f","value":{"ELEMENT":"f2ae5f65-4e67-4eb5-9fea-040e8f98e1ca"},"status":0}, status=OK}
Jan 29, 2022 2:22:36 AM net.sourceforge.marathon.javaagent.server.JavaServer serve
INFO: JavaServer.serve(GET /session/26374a7a-d9ca-42a2-a30d-3c349ab90f4f/element/f2ae5f65-4e67-4eb5-9fea-040e8f98e1ca/attribute/name): {}
Jan 29, 2022 2:22:36 AM net.sourceforge.marathon.javaagent.server.JavaServer serve
INFO: GET(/session/26374a7a-d9ca-42a2-a30d-3c349ab90f4f/element/f2ae5f65-4e67-4eb5-9fea-040e8f98e1ca/attribute/name) = {data={"name":"getElementAttribute","sessionId":"26374a7a-d9ca-42a2-a30d-3c349ab90f4f","value":"Auction Sniper Name","status":0}, status=OK}
Jan 29, 2022 2:22:36 AM net.sourceforge.marathon.javaagent.server.JavaServer serve
INFO: JavaServer.serve(POST /session/26374a7a-d9ca-42a2-a30d-3c349ab90f4f/element): {
  "using": "css selector",
  "value": "."
}
Jan 29, 2022 2:22:36 AM net.sourceforge.marathon.javaagent.server.JavaServer serve
INFO: POST(/session/26374a7a-d9ca-42a2-a30d-3c349ab90f4f/element, {"using":"css selector","value":"."}) = {data={"name":"findElement","sessionId":"26374a7a-d9ca-42a2-a30d-3c349ab90f4f","value":{"ELEMENT":"f2ae5f65-4e67-4eb5-9fea-040e8f98e1ca"},"status":0}, status=OK}
Jan 29, 2022 2:22:36 AM net.sourceforge.marathon.javaagent.server.JavaServer serve
INFO: JavaServer.serve(GET /session/26374a7a-d9ca-42a2-a30d-3c349ab90f4f/element/f2ae5f65-4e67-4eb5-9fea-040e8f98e1ca/displayed): {}
Jan 29, 2022 2:22:36 AM net.sourceforge.marathon.javaagent.server.JavaServer serve
INFO: GET(/session/26374a7a-d9ca-42a2-a30d-3c349ab90f4f/element/f2ae5f65-4e67-4eb5-9fea-040e8f98e1ca/displayed) = {data={"name":"isDisplayed","sessionId":"26374a7a-d9ca-42a2-a30d-3c349ab90f4f","value":true,"status":0}, status=OK}
Jan 29, 2022 2:22:36 AM net.sourceforge.marathon.javaagent.server.JavaServer serve
INFO: JavaServer.serve(GET /session/26374a7a-d9ca-42a2-a30d-3c349ab90f4f/title): {}
Jan 29, 2022 2:22:36 AM net.sourceforge.marathon.javaagent.server.JavaServer serve
INFO: GET(/session/26374a7a-d9ca-42a2-a30d-3c349ab90f4f/title) = {data={"name":"getWindowTitle","sessionId":"26374a7a-d9ca-42a2-a30d-3c349ab90f4f","value":"Auction Sniper","status":0}, status=OK}
Jan 29, 2022 2:22:36 AM net.sourceforge.marathon.javaagent.server.JavaServer serve
INFO: JavaServer.serve(POST /session/26374a7a-d9ca-42a2-a30d-3c349ab90f4f/element): {
  "using": "name",
  "value": "snipers table"
}
Jan 29, 2022 2:22:36 AM net.sourceforge.marathon.javaagent.server.JavaServer serve
INFO: POST(/session/26374a7a-d9ca-42a2-a30d-3c349ab90f4f/element, {"using":"name","value":"snipers table"}) = {data={"name":"findElement","sessionId":"26374a7a-d9ca-42a2-a30d-3c349ab90f4f","value":{"ELEMENT":"98b977e7-f2ab-473e-9a28-26a68aad175b"},"status":0}, status=OK}
Jan 29, 2022 2:22:36 AM net.sourceforge.marathon.javaagent.server.JavaServer serve
INFO: JavaServer.serve(POST /session/26374a7a-d9ca-42a2-a30d-3c349ab90f4f/element/98b977e7-f2ab-473e-9a28-26a68aad175b/elements): {
  "id": "98b977e7-f2ab-473e-9a28-26a68aad175b",
  "using": "css selector",
  "value": ".::header.::all-items"
}
Jan 29, 2022 2:22:36 AM net.sourceforge.marathon.javaagent.server.JavaServer serve
INFO: POST(/session/26374a7a-d9ca-42a2-a30d-3c349ab90f4f/element/98b977e7-f2ab-473e-9a28-26a68aad175b/elements, {"using":"css selector","id":"98b977e7-f2ab-473e-9a28-26a68aad175b","value":".::header.::all-items"}) = {data={"name":"findElementsOfElement","sessionId":"26374a7a-d9ca-42a2-a30d-3c349ab90f4f","value":[{"ELEMENT":"b603c740-35ec-4962-beb2-26d6474e4f02%23%7B%22selector%22%3A%22nth-item%22%2C%22parameters%22%3A%5B1%5D%7D"},{"ELEMENT":"b603c740-35ec-4962-beb2-26d6474e4f02%23%7B%22selector%22%3A%22nth-item%22%2C%22parameters%22%3A%5B2%5D%7D"},{"ELEMENT":"b603c740-35ec-4962-beb2-26d6474e4f02%23%7B%22selector%22%3A%22nth-item%22%2C%22parameters%22%3A%5B3%5D%7D"},{"ELEMENT":"b603c740-35ec-4962-beb2-26d6474e4f02%23%7B%22selector%22%3A%22nth-item%22%2C%22parameters%22%3A%5B4%5D%7D"}],"status":0}, status=OK}
Jan 29, 2022 2:22:36 AM net.sourceforge.marathon.javaagent.server.JavaServer serve
INFO: JavaServer.serve(GET /session/26374a7a-d9ca-42a2-a30d-3c349ab90f4f/element/b603c740-35ec-4962-beb2-26d6474e4f02%23%7B%22selector%22%3A%22nth-item%22%2C%22parameters%22%3A%5B1%5D%7D/text): {}
Jan 29, 2022 2:22:36 AM net.sourceforge.marathon.javaagent.server.JavaServer serve
INFO: GET(/session/26374a7a-d9ca-42a2-a30d-3c349ab90f4f/element/b603c740-35ec-4962-beb2-26d6474e4f02%23%7B%22selector%22%3A%22nth-item%22%2C%22parameters%22%3A%5B1%5D%7D/text) = {data={"name":"getElementText","sessionId":"26374a7a-d9ca-42a2-a30d-3c349ab90f4f","value":"Item","status":0}, status=OK}
Jan 29, 2022 2:22:36 AM net.sourceforge.marathon.javaagent.server.JavaServer serve
INFO: JavaServer.serve(GET /session/26374a7a-d9ca-42a2-a30d-3c349ab90f4f/element/b603c740-35ec-4962-beb2-26d6474e4f02%23%7B%22selector%22%3A%22nth-item%22%2C%22parameters%22%3A%5B2%5D%7D/text): {}
Jan 29, 2022 2:22:36 AM net.sourceforge.marathon.javaagent.server.JavaServer serve
INFO: GET(/session/26374a7a-d9ca-42a2-a30d-3c349ab90f4f/element/b603c740-35ec-4962-beb2-26d6474e4f02%23%7B%22selector%22%3A%22nth-item%22%2C%22parameters%22%3A%5B2%5D%7D/text) = {data={"name":"getElementText","sessionId":"26374a7a-d9ca-42a2-a30d-3c349ab90f4f","value":"Last Price","status":0}, status=OK}
Jan 29, 2022 2:22:36 AM net.sourceforge.marathon.javaagent.server.JavaServer serve
INFO: JavaServer.serve(GET /session/26374a7a-d9ca-42a2-a30d-3c349ab90f4f/element/b603c740-35ec-4962-beb2-26d6474e4f02%23%7B%22selector%22%3A%22nth-item%22%2C%22parameters%22%3A%5B3%5D%7D/text): {}
Jan 29, 2022 2:22:36 AM net.sourceforge.marathon.javaagent.server.JavaServer serve
INFO: GET(/session/26374a7a-d9ca-42a2-a30d-3c349ab90f4f/element/b603c740-35ec-4962-beb2-26d6474e4f02%23%7B%22selector%22%3A%22nth-item%22%2C%22parameters%22%3A%5B3%5D%7D/text) = {data={"name":"getElementText","sessionId":"26374a7a-d9ca-42a2-a30d-3c349ab90f4f","value":"Last Bid","status":0}, status=OK}
Jan 29, 2022 2:22:36 AM net.sourceforge.marathon.javaagent.server.JavaServer serve
INFO: JavaServer.serve(GET /session/26374a7a-d9ca-42a2-a30d-3c349ab90f4f/element/b603c740-35ec-4962-beb2-26d6474e4f02%23%7B%22selector%22%3A%22nth-item%22%2C%22parameters%22%3A%5B4%5D%7D/text): {}
Jan 29, 2022 2:22:36 AM net.sourceforge.marathon.javaagent.server.JavaServer serve
INFO: GET(/session/26374a7a-d9ca-42a2-a30d-3c349ab90f4f/element/b603c740-35ec-4962-beb2-26d6474e4f02%23%7B%22selector%22%3A%22nth-item%22%2C%22parameters%22%3A%5B4%5D%7D/text) = {data={"name":"getElementText","sessionId":"26374a7a-d9ca-42a2-a30d-3c349ab90f4f","value":"State","status":0}, status=OK}
Jan 29, 2022 2:22:36 AM net.sourceforge.marathon.javaagent.server.JavaServer serve
INFO: JavaServer.serve(DELETE /session/26374a7a-d9ca-42a2-a30d-3c349ab90f4f/window): {}
Jan 29, 2022 2:22:36 AM net.sourceforge.marathon.javaagent.server.JavaServer serve
INFO: DELETE(/session/26374a7a-d9ca-42a2-a30d-3c349ab90f4f/window) = {data={"name":"closeSession","sessionId":"26374a7a-d9ca-42a2-a30d-3c349ab90f4f","status":0}, status=OK}
Jan 29, 2022 2:22:36 AM net.sourceforge.marathon.javaagent.server.JavaServer serve
INFO: JavaServer.serve(POST /session): {
  "desiredCapabilities": {
    "browserName": "java",
    "platform": "ANY"
  },
  "capabilities": {
    "firstMatch": [
      {
        "browserName": "java"
      }
    ]
  }
}
Jan 29, 2022 2:22:36 AM net.sourceforge.marathon.javaagent.server.JavaServer createSession
INFO: Creating device with type: EVENT_QUEUE
Jan 29, 2022 2:22:36 AM net.sourceforge.marathon.javaagent.Device getDevice
INFO: Creating a EVENT_QUEUE device
Jan 29, 2022 2:22:36 AM net.sourceforge.marathon.javaagent.server.JavaServer serve
INFO: POST(/session, {"desiredCapabilities":{"browserName":"java","platform":"ANY"},"capabilities":{"firstMatch":[{"browserName":"java"}]}}) = {data=, status=REDIRECT}
Jan 29, 2022 2:22:36 AM net.sourceforge.marathon.javaagent.server.JavaServer serve
INFO: JavaServer.serve(GET /session/6444deae-ec90-4635-bee1-e6fb1fee47c8): {}
Jan 29, 2022 2:22:36 AM net.sourceforge.marathon.javaagent.server.JavaServer serve
INFO: GET(/session/6444deae-ec90-4635-bee1-e6fb1fee47c8) = {data={"name":"getCapabilities","sessionId":"6444deae-ec90-4635-bee1-e6fb1fee47c8","value":{"applicationCacheEnabled":false,"rotatable":false,"loggingPrefs":{"driver":"ALL"},"handlesAlerts":false,"databaseEnabled":false,"version":"1.0","platform":"ANY","browserConnectionEnabled":false,"nativeEvents":false,"acceptSslCerts":false,"locationContextEnabled":false,"webStorageEnabled":false,"browserName":"java","takesScreenshot":true,"javascriptEnabled":true,"cssSelectorsEnabled":false},"status":0}, status=OK}
Jan 29, 2022 2:22:36 AM org.openqa.selenium.remote.ProtocolHandshake createSession
INFO: Detected dialect: OSS
Jan 29, 2022 2:22:36 AM net.sourceforge.marathon.javaagent.server.JavaServer serve
INFO: JavaServer.serve(POST /session/6444deae-ec90-4635-bee1-e6fb1fee47c8/element): {
  "using": "name",
  "value": "new item id field"
}
Jan 29, 2022 2:22:36 AM net.sourceforge.marathon.javaagent.server.JavaServer serve
INFO: POST(/session/6444deae-ec90-4635-bee1-e6fb1fee47c8/element, {"using":"name","value":"new item id field"}) = {data={"name":"findElement","sessionId":"6444deae-ec90-4635-bee1-e6fb1fee47c8","value":{"ELEMENT":"269ad092-2a9b-4a98-b143-4da3b98f59f5"},"status":0}, status=OK}
Jan 29, 2022 2:22:36 AM net.sourceforge.marathon.javaagent.server.JavaServer serve
INFO: JavaServer.serve(POST /session/6444deae-ec90-4635-bee1-e6fb1fee47c8/element/269ad092-2a9b-4a98-b143-4da3b98f59f5/clear): {
  "id": "269ad092-2a9b-4a98-b143-4da3b98f59f5"
}
Jan 29, 2022 2:22:36 AM net.sourceforge.marathon.javaagent.server.JavaServer serve
INFO: POST(/session/6444deae-ec90-4635-bee1-e6fb1fee47c8/element/269ad092-2a9b-4a98-b143-4da3b98f59f5/clear, {"id":"269ad092-2a9b-4a98-b143-4da3b98f59f5"}) = {data={"name":"clearElement","sessionId":"6444deae-ec90-4635-bee1-e6fb1fee47c8","status":0}, status=OK}
Jan 29, 2022 2:22:36 AM net.sourceforge.marathon.javaagent.server.JavaServer serve
INFO: JavaServer.serve(POST /session/6444deae-ec90-4635-bee1-e6fb1fee47c8/element/269ad092-2a9b-4a98-b143-4da3b98f59f5/value): {
  "id": "269ad092-2a9b-4a98-b143-4da3b98f59f5",
  "value": [
    "an item-id"
  ]
}
Jan 29, 2022 2:22:36 AM net.sourceforge.marathon.javaagent.EventQueueDevice dispatchEvent
INFO: java.awt.event.KeyEvent[KEY_PRESSED,keyCode=65,keyText=A,keyChar='a',keyLocation=KEY_LOCATION_UNKNOWN,rawCode=0,primaryLevelUnicode=0,scancode=0,extendedKeyCode=0x0] on new item id field
Jan 29, 2022 2:22:36 AM net.sourceforge.marathon.javaagent.EventQueueDevice dispatchEvent
INFO: java.awt.event.KeyEvent[KEY_TYPED,keyCode=0,keyText=Unknown keyCode: 0x0,keyChar='a',keyLocation=KEY_LOCATION_UNKNOWN,rawCode=0,primaryLevelUnicode=0,scancode=0,extendedKeyCode=0x0] on new item id field
Jan 29, 2022 2:22:36 AM net.sourceforge.marathon.javaagent.EventQueueDevice dispatchEvent
INFO: java.awt.event.KeyEvent[KEY_RELEASED,keyCode=65,keyText=A,keyChar='a',keyLocation=KEY_LOCATION_UNKNOWN,rawCode=0,primaryLevelUnicode=0,scancode=0,extendedKeyCode=0x0] on new item id field
Jan 29, 2022 2:22:36 AM net.sourceforge.marathon.javaagent.EventQueueDevice dispatchEvent
INFO: java.awt.event.KeyEvent[KEY_PRESSED,keyCode=78,keyText=N,keyChar='n',keyLocation=KEY_LOCATION_UNKNOWN,rawCode=0,primaryLevelUnicode=0,scancode=0,extendedKeyCode=0x0] on new item id field
Jan 29, 2022 2:22:36 AM net.sourceforge.marathon.javaagent.EventQueueDevice dispatchEvent
INFO: java.awt.event.KeyEvent[KEY_TYPED,keyCode=0,keyText=Unknown keyCode: 0x0,keyChar='n',keyLocation=KEY_LOCATION_UNKNOWN,rawCode=0,primaryLevelUnicode=0,scancode=0,extendedKeyCode=0x0] on new item id field
Jan 29, 2022 2:22:36 AM net.sourceforge.marathon.javaagent.EventQueueDevice dispatchEvent
INFO: java.awt.event.KeyEvent[KEY_RELEASED,keyCode=78,keyText=N,keyChar='n',keyLocation=KEY_LOCATION_UNKNOWN,rawCode=0,primaryLevelUnicode=0,scancode=0,extendedKeyCode=0x0] on new item id field
Jan 29, 2022 2:22:36 AM net.sourceforge.marathon.javaagent.EventQueueDevice dispatchEvent
INFO: java.awt.event.KeyEvent[KEY_PRESSED,keyCode=16,keyText=Shift,keyChar=Undefined keyChar,modifiers=Shift,extModifiers=Shift,keyLocation=KEY_LOCATION_UNKNOWN,rawCode=0,primaryLevelUnicode=0,scancode=0,extendedKeyCode=0x0] on new item id field
Jan 29, 2022 2:22:36 AM net.sourceforge.marathon.javaagent.EventQueueDevice dispatchEvent
INFO: java.awt.event.KeyEvent[KEY_PRESSED,keyCode=32,keyText=Space,keyChar=' ',modifiers=Shift,extModifiers=Shift,keyLocation=KEY_LOCATION_UNKNOWN,rawCode=0,primaryLevelUnicode=0,scancode=0,extendedKeyCode=0x0] on new item id field
Jan 29, 2022 2:22:36 AM net.sourceforge.marathon.javaagent.EventQueueDevice dispatchEvent
INFO: java.awt.event.KeyEvent[KEY_TYPED,keyCode=0,keyText=Unknown keyCode: 0x0,keyChar=' ',modifiers=Shift,extModifiers=Shift,keyLocation=KEY_LOCATION_UNKNOWN,rawCode=0,primaryLevelUnicode=0,scancode=0,extendedKeyCode=0x0] on new item id field
Jan 29, 2022 2:22:36 AM net.sourceforge.marathon.javaagent.EventQueueDevice dispatchEvent
INFO: java.awt.event.KeyEvent[KEY_RELEASED,keyCode=32,keyText=Space,keyChar=' ',modifiers=Shift,extModifiers=Shift,keyLocation=KEY_LOCATION_UNKNOWN,rawCode=0,primaryLevelUnicode=0,scancode=0,extendedKeyCode=0x0] on new item id field
Jan 29, 2022 2:22:36 AM net.sourceforge.marathon.javaagent.EventQueueDevice dispatchEvent
INFO: java.awt.event.KeyEvent[KEY_RELEASED,keyCode=16,keyText=Shift,keyChar=Undefined keyChar,keyLocation=KEY_LOCATION_UNKNOWN,rawCode=0,primaryLevelUnicode=0,scancode=0,extendedKeyCode=0x0] on new item id field
Jan 29, 2022 2:22:36 AM net.sourceforge.marathon.javaagent.EventQueueDevice dispatchEvent
INFO: java.awt.event.KeyEvent[KEY_PRESSED,keyCode=73,keyText=I,keyChar='i',keyLocation=KEY_LOCATION_UNKNOWN,rawCode=0,primaryLevelUnicode=0,scancode=0,extendedKeyCode=0x0] on new item id field
Jan 29, 2022 2:22:36 AM net.sourceforge.marathon.javaagent.EventQueueDevice dispatchEvent
INFO: java.awt.event.KeyEvent[KEY_TYPED,keyCode=0,keyText=Unknown keyCode: 0x0,keyChar='i',keyLocation=KEY_LOCATION_UNKNOWN,rawCode=0,primaryLevelUnicode=0,scancode=0,extendedKeyCode=0x0] on new item id field
Jan 29, 2022 2:22:36 AM net.sourceforge.marathon.javaagent.EventQueueDevice dispatchEvent
INFO: java.awt.event.KeyEvent[KEY_RELEASED,keyCode=73,keyText=I,keyChar='i',keyLocation=KEY_LOCATION_UNKNOWN,rawCode=0,primaryLevelUnicode=0,scancode=0,extendedKeyCode=0x0] on new item id field
Jan 29, 2022 2:22:36 AM net.sourceforge.marathon.javaagent.EventQueueDevice dispatchEvent
INFO: java.awt.event.KeyEvent[KEY_PRESSED,keyCode=84,keyText=T,keyChar='t',keyLocation=KEY_LOCATION_UNKNOWN,rawCode=0,primaryLevelUnicode=0,scancode=0,extendedKeyCode=0x0] on new item id field
Jan 29, 2022 2:22:36 AM net.sourceforge.marathon.javaagent.EventQueueDevice dispatchEvent
INFO: java.awt.event.KeyEvent[KEY_TYPED,keyCode=0,keyText=Unknown keyCode: 0x0,keyChar='t',keyLocation=KEY_LOCATION_UNKNOWN,rawCode=0,primaryLevelUnicode=0,scancode=0,extendedKeyCode=0x0] on new item id field
Jan 29, 2022 2:22:36 AM net.sourceforge.marathon.javaagent.EventQueueDevice dispatchEvent
INFO: java.awt.event.KeyEvent[KEY_RELEASED,keyCode=84,keyText=T,keyChar='t',keyLocation=KEY_LOCATION_UNKNOWN,rawCode=0,primaryLevelUnicode=0,scancode=0,extendedKeyCode=0x0] on new item id field
Jan 29, 2022 2:22:36 AM net.sourceforge.marathon.javaagent.EventQueueDevice dispatchEvent
INFO: java.awt.event.KeyEvent[KEY_PRESSED,keyCode=69,keyText=E,keyChar='e',keyLocation=KEY_LOCATION_UNKNOWN,rawCode=0,primaryLevelUnicode=0,scancode=0,extendedKeyCode=0x0] on new item id field
Jan 29, 2022 2:22:36 AM net.sourceforge.marathon.javaagent.EventQueueDevice dispatchEvent
INFO: java.awt.event.KeyEvent[KEY_TYPED,keyCode=0,keyText=Unknown keyCode: 0x0,keyChar='e',keyLocation=KEY_LOCATION_UNKNOWN,rawCode=0,primaryLevelUnicode=0,scancode=0,extendedKeyCode=0x0] on new item id field
Jan 29, 2022 2:22:36 AM net.sourceforge.marathon.javaagent.EventQueueDevice dispatchEvent
INFO: java.awt.event.KeyEvent[KEY_RELEASED,keyCode=69,keyText=E,keyChar='e',keyLocation=KEY_LOCATION_UNKNOWN,rawCode=0,primaryLevelUnicode=0,scancode=0,extendedKeyCode=0x0] on new item id field
Jan 29, 2022 2:22:36 AM net.sourceforge.marathon.javaagent.EventQueueDevice dispatchEvent
INFO: java.awt.event.KeyEvent[KEY_PRESSED,keyCode=77,keyText=M,keyChar='m',keyLocation=KEY_LOCATION_UNKNOWN,rawCode=0,primaryLevelUnicode=0,scancode=0,extendedKeyCode=0x0] on new item id field
Jan 29, 2022 2:22:36 AM net.sourceforge.marathon.javaagent.EventQueueDevice dispatchEvent
INFO: java.awt.event.KeyEvent[KEY_TYPED,keyCode=0,keyText=Unknown keyCode: 0x0,keyChar='m',keyLocation=KEY_LOCATION_UNKNOWN,rawCode=0,primaryLevelUnicode=0,scancode=0,extendedKeyCode=0x0] on new item id field
Jan 29, 2022 2:22:36 AM net.sourceforge.marathon.javaagent.EventQueueDevice dispatchEvent
INFO: java.awt.event.KeyEvent[KEY_RELEASED,keyCode=77,keyText=M,keyChar='m',keyLocation=KEY_LOCATION_UNKNOWN,rawCode=0,primaryLevelUnicode=0,scancode=0,extendedKeyCode=0x0] on new item id field
Jan 29, 2022 2:22:36 AM net.sourceforge.marathon.javaagent.EventQueueDevice dispatchEvent
INFO: java.awt.event.KeyEvent[KEY_PRESSED,keyCode=45,keyText=Minus,keyChar='-',keyLocation=KEY_LOCATION_UNKNOWN,rawCode=0,primaryLevelUnicode=0,scancode=0,extendedKeyCode=0x0] on new item id field
Jan 29, 2022 2:22:36 AM net.sourceforge.marathon.javaagent.EventQueueDevice dispatchEvent
INFO: java.awt.event.KeyEvent[KEY_TYPED,keyCode=0,keyText=Unknown keyCode: 0x0,keyChar='-',keyLocation=KEY_LOCATION_UNKNOWN,rawCode=0,primaryLevelUnicode=0,scancode=0,extendedKeyCode=0x0] on new item id field
Jan 29, 2022 2:22:36 AM net.sourceforge.marathon.javaagent.EventQueueDevice dispatchEvent
INFO: java.awt.event.KeyEvent[KEY_RELEASED,keyCode=45,keyText=Minus,keyChar='-',keyLocation=KEY_LOCATION_UNKNOWN,rawCode=0,primaryLevelUnicode=0,scancode=0,extendedKeyCode=0x0] on new item id field
Jan 29, 2022 2:22:36 AM net.sourceforge.marathon.javaagent.EventQueueDevice dispatchEvent
INFO: java.awt.event.KeyEvent[KEY_PRESSED,keyCode=73,keyText=I,keyChar='i',keyLocation=KEY_LOCATION_UNKNOWN,rawCode=0,primaryLevelUnicode=0,scancode=0,extendedKeyCode=0x0] on new item id field
Jan 29, 2022 2:22:36 AM net.sourceforge.marathon.javaagent.EventQueueDevice dispatchEvent
INFO: java.awt.event.KeyEvent[KEY_TYPED,keyCode=0,keyText=Unknown keyCode: 0x0,keyChar='i',keyLocation=KEY_LOCATION_UNKNOWN,rawCode=0,primaryLevelUnicode=0,scancode=0,extendedKeyCode=0x0] on new item id field
Jan 29, 2022 2:22:36 AM net.sourceforge.marathon.javaagent.EventQueueDevice dispatchEvent
INFO: java.awt.event.KeyEvent[KEY_RELEASED,keyCode=73,keyText=I,keyChar='i',keyLocation=KEY_LOCATION_UNKNOWN,rawCode=0,primaryLevelUnicode=0,scancode=0,extendedKeyCode=0x0] on new item id field
Jan 29, 2022 2:22:36 AM net.sourceforge.marathon.javaagent.EventQueueDevice dispatchEvent
INFO: java.awt.event.KeyEvent[KEY_PRESSED,keyCode=68,keyText=D,keyChar='d',keyLocation=KEY_LOCATION_UNKNOWN,rawCode=0,primaryLevelUnicode=0,scancode=0,extendedKeyCode=0x0] on new item id field
Jan 29, 2022 2:22:36 AM net.sourceforge.marathon.javaagent.EventQueueDevice dispatchEvent
INFO: java.awt.event.KeyEvent[KEY_TYPED,keyCode=0,keyText=Unknown keyCode: 0x0,keyChar='d',keyLocation=KEY_LOCATION_UNKNOWN,rawCode=0,primaryLevelUnicode=0,scancode=0,extendedKeyCode=0x0] on new item id field
Jan 29, 2022 2:22:36 AM net.sourceforge.marathon.javaagent.EventQueueDevice dispatchEvent
INFO: java.awt.event.KeyEvent[KEY_RELEASED,keyCode=68,keyText=D,keyChar='d',keyLocation=KEY_LOCATION_UNKNOWN,rawCode=0,primaryLevelUnicode=0,scancode=0,extendedKeyCode=0x0] on new item id field
Jan 29, 2022 2:22:36 AM net.sourceforge.marathon.javaagent.server.JavaServer serve
INFO: POST(/session/6444deae-ec90-4635-bee1-e6fb1fee47c8/element/269ad092-2a9b-4a98-b143-4da3b98f59f5/value, {"id":"269ad092-2a9b-4a98-b143-4da3b98f59f5","value":["an item-id"]}) = {data={"name":"sendKeysElement","sessionId":"6444deae-ec90-4635-bee1-e6fb1fee47c8","status":0}, status=OK}
Jan 29, 2022 2:22:36 AM net.sourceforge.marathon.javaagent.server.JavaServer serve
INFO: JavaServer.serve(POST /session/6444deae-ec90-4635-bee1-e6fb1fee47c8/element): {
  "using": "name",
  "value": "new item stop price field"
}
Jan 29, 2022 2:22:36 AM net.sourceforge.marathon.javaagent.server.JavaServer serve
INFO: POST(/session/6444deae-ec90-4635-bee1-e6fb1fee47c8/element, {"using":"name","value":"new item stop price field"}) = {data={"name":"findElement","sessionId":"6444deae-ec90-4635-bee1-e6fb1fee47c8","value":{"ELEMENT":"29a550a0-846b-40a6-a646-44094199118e"},"status":0}, status=OK}
Jan 29, 2022 2:22:36 AM net.sourceforge.marathon.javaagent.server.JavaServer serve
INFO: JavaServer.serve(POST /session/6444deae-ec90-4635-bee1-e6fb1fee47c8/element/29a550a0-846b-40a6-a646-44094199118e/clear): {
  "id": "29a550a0-846b-40a6-a646-44094199118e"
}
Jan 29, 2022 2:22:36 AM net.sourceforge.marathon.javaagent.server.JavaServer serve
INFO: POST(/session/6444deae-ec90-4635-bee1-e6fb1fee47c8/element/29a550a0-846b-40a6-a646-44094199118e/clear, {"id":"29a550a0-846b-40a6-a646-44094199118e"}) = {data={"name":"clearElement","sessionId":"6444deae-ec90-4635-bee1-e6fb1fee47c8","status":0}, status=OK}
Jan 29, 2022 2:22:36 AM net.sourceforge.marathon.javaagent.server.JavaServer serve
INFO: JavaServer.serve(POST /session/6444deae-ec90-4635-bee1-e6fb1fee47c8/element/29a550a0-846b-40a6-a646-44094199118e/value): {
  "id": "29a550a0-846b-40a6-a646-44094199118e",
  "value": [
    "11000"
  ]
}
Jan 29, 2022 2:22:36 AM net.sourceforge.marathon.javaagent.EventQueueDevice dispatchEvent
INFO: java.awt.event.KeyEvent[KEY_PRESSED,keyCode=49,keyText=1,keyChar='1',keyLocation=KEY_LOCATION_UNKNOWN,rawCode=0,primaryLevelUnicode=0,scancode=0,extendedKeyCode=0x0] on new item stop price field
Jan 29, 2022 2:22:36 AM net.sourceforge.marathon.javaagent.EventQueueDevice dispatchEvent
INFO: java.awt.event.KeyEvent[KEY_TYPED,keyCode=0,keyText=Unknown keyCode: 0x0,keyChar='1',keyLocation=KEY_LOCATION_UNKNOWN,rawCode=0,primaryLevelUnicode=0,scancode=0,extendedKeyCode=0x0] on new item stop price field
Jan 29, 2022 2:22:36 AM net.sourceforge.marathon.javaagent.EventQueueDevice dispatchEvent
INFO: java.awt.event.KeyEvent[KEY_RELEASED,keyCode=49,keyText=1,keyChar='1',keyLocation=KEY_LOCATION_UNKNOWN,rawCode=0,primaryLevelUnicode=0,scancode=0,extendedKeyCode=0x0] on new item stop price field
Jan 29, 2022 2:22:36 AM net.sourceforge.marathon.javaagent.EventQueueDevice dispatchEvent
INFO: java.awt.event.KeyEvent[KEY_PRESSED,keyCode=49,keyText=1,keyChar='1',keyLocation=KEY_LOCATION_UNKNOWN,rawCode=0,primaryLevelUnicode=0,scancode=0,extendedKeyCode=0x0] on new item stop price field
Jan 29, 2022 2:22:36 AM net.sourceforge.marathon.javaagent.EventQueueDevice dispatchEvent
INFO: java.awt.event.KeyEvent[KEY_TYPED,keyCode=0,keyText=Unknown keyCode: 0x0,keyChar='1',keyLocation=KEY_LOCATION_UNKNOWN,rawCode=0,primaryLevelUnicode=0,scancode=0,extendedKeyCode=0x0] on new item stop price field
Jan 29, 2022 2:22:36 AM net.sourceforge.marathon.javaagent.EventQueueDevice dispatchEvent
INFO: java.awt.event.KeyEvent[KEY_RELEASED,keyCode=49,keyText=1,keyChar='1',keyLocation=KEY_LOCATION_UNKNOWN,rawCode=0,primaryLevelUnicode=0,scancode=0,extendedKeyCode=0x0] on new item stop price field
Jan 29, 2022 2:22:36 AM net.sourceforge.marathon.javaagent.EventQueueDevice dispatchEvent
INFO: java.awt.event.KeyEvent[KEY_PRESSED,keyCode=48,keyText=0,keyChar='0',keyLocation=KEY_LOCATION_UNKNOWN,rawCode=0,primaryLevelUnicode=0,scancode=0,extendedKeyCode=0x0] on new item stop price field
Jan 29, 2022 2:22:36 AM net.sourceforge.marathon.javaagent.EventQueueDevice dispatchEvent
INFO: java.awt.event.KeyEvent[KEY_TYPED,keyCode=0,keyText=Unknown keyCode: 0x0,keyChar='0',keyLocation=KEY_LOCATION_UNKNOWN,rawCode=0,primaryLevelUnicode=0,scancode=0,extendedKeyCode=0x0] on new item stop price field
Jan 29, 2022 2:22:36 AM net.sourceforge.marathon.javaagent.EventQueueDevice dispatchEvent
INFO: java.awt.event.KeyEvent[KEY_RELEASED,keyCode=48,keyText=0,keyChar='0',keyLocation=KEY_LOCATION_UNKNOWN,rawCode=0,primaryLevelUnicode=0,scancode=0,extendedKeyCode=0x0] on new item stop price field
Jan 29, 2022 2:22:36 AM net.sourceforge.marathon.javaagent.EventQueueDevice dispatchEvent
INFO: java.awt.event.KeyEvent[KEY_PRESSED,keyCode=48,keyText=0,keyChar='0',keyLocation=KEY_LOCATION_UNKNOWN,rawCode=0,primaryLevelUnicode=0,scancode=0,extendedKeyCode=0x0] on new item stop price field
Jan 29, 2022 2:22:36 AM net.sourceforge.marathon.javaagent.EventQueueDevice dispatchEvent
INFO: java.awt.event.KeyEvent[KEY_TYPED,keyCode=0,keyText=Unknown keyCode: 0x0,keyChar='0',keyLocation=KEY_LOCATION_UNKNOWN,rawCode=0,primaryLevelUnicode=0,scancode=0,extendedKeyCode=0x0] on new item stop price field
Jan 29, 2022 2:22:36 AM net.sourceforge.marathon.javaagent.EventQueueDevice dispatchEvent
INFO: java.awt.event.KeyEvent[KEY_RELEASED,keyCode=48,keyText=0,keyChar='0',keyLocation=KEY_LOCATION_UNKNOWN,rawCode=0,primaryLevelUnicode=0,scancode=0,extendedKeyCode=0x0] on new item stop price field
Jan 29, 2022 2:22:36 AM net.sourceforge.marathon.javaagent.EventQueueDevice dispatchEvent
INFO: java.awt.event.KeyEvent[KEY_PRESSED,keyCode=48,keyText=0,keyChar='0',keyLocation=KEY_LOCATION_UNKNOWN,rawCode=0,primaryLevelUnicode=0,scancode=0,extendedKeyCode=0x0] on new item stop price field
Jan 29, 2022 2:22:36 AM net.sourceforge.marathon.javaagent.EventQueueDevice dispatchEvent
INFO: java.awt.event.KeyEvent[KEY_TYPED,keyCode=0,keyText=Unknown keyCode: 0x0,keyChar='0',keyLocation=KEY_LOCATION_UNKNOWN,rawCode=0,primaryLevelUnicode=0,scancode=0,extendedKeyCode=0x0] on new item stop price field
Jan 29, 2022 2:22:36 AM net.sourceforge.marathon.javaagent.EventQueueDevice dispatchEvent
INFO: java.awt.event.KeyEvent[KEY_RELEASED,keyCode=48,keyText=0,keyChar='0',keyLocation=KEY_LOCATION_UNKNOWN,rawCode=0,primaryLevelUnicode=0,scancode=0,extendedKeyCode=0x0] on new item stop price field
Jan 29, 2022 2:22:37 AM net.sourceforge.marathon.javaagent.server.JavaServer serve
INFO: POST(/session/6444deae-ec90-4635-bee1-e6fb1fee47c8/element/29a550a0-846b-40a6-a646-44094199118e/value, {"id":"29a550a0-846b-40a6-a646-44094199118e","value":["11000"]}) = {data={"name":"sendKeysElement","sessionId":"6444deae-ec90-4635-bee1-e6fb1fee47c8","status":0}, status=OK}
Jan 29, 2022 2:22:37 AM net.sourceforge.marathon.javaagent.server.JavaServer serve
INFO: JavaServer.serve(POST /session/6444deae-ec90-4635-bee1-e6fb1fee47c8/element): {
  "using": "name",
  "value": "join button"
}
Jan 29, 2022 2:22:37 AM net.sourceforge.marathon.javaagent.server.JavaServer serve
INFO: POST(/session/6444deae-ec90-4635-bee1-e6fb1fee47c8/element, {"using":"name","value":"join button"}) = {data={"name":"findElement","sessionId":"6444deae-ec90-4635-bee1-e6fb1fee47c8","value":{"ELEMENT":"fc3f8405-de89-4554-85c9-dca419174294"},"status":0}, status=OK}
Jan 29, 2022 2:22:37 AM net.sourceforge.marathon.javaagent.server.JavaServer serve
INFO: JavaServer.serve(POST /session/6444deae-ec90-4635-bee1-e6fb1fee47c8/element/fc3f8405-de89-4554-85c9-dca419174294/click): {
  "id": "fc3f8405-de89-4554-85c9-dca419174294"
}
Jan 29, 2022 2:22:37 AM net.sourceforge.marathon.javaagent.EventQueueDevice dispatchEvent
INFO: java.awt.event.MouseEvent[MOUSE_PRESSED,(58,12),absolute(589,17),button=1,modifiers=Button1,extModifiers=Button1,clickCount=1] on join button
Jan 29, 2022 2:22:37 AM net.sourceforge.marathon.javaagent.EventQueueDevice dispatchEvent
INFO: java.awt.event.MouseEvent[MOUSE_RELEASED,(58,12),absolute(589,17),button=1,modifiers=Button1,clickCount=1] on join button
Jan 29, 2022 2:22:37 AM net.sourceforge.marathon.javaagent.EventQueueDevice dispatchEvent
INFO: java.awt.event.MouseEvent[MOUSE_CLICKED,(58,12),absolute(589,17),button=1,modifiers=Button1,clickCount=1] on join button
Jan 29, 2022 2:22:37 AM net.sourceforge.marathon.javaagent.server.JavaServer serve
INFO: POST(/session/6444deae-ec90-4635-bee1-e6fb1fee47c8/element/fc3f8405-de89-4554-85c9-dca419174294/click, {"id":"fc3f8405-de89-4554-85c9-dca419174294"}) = {data={"name":"clickElement","sessionId":"6444deae-ec90-4635-bee1-e6fb1fee47c8","status":0}, status=OK}
Jan 29, 2022 2:22:37 AM net.sourceforge.marathon.javaagent.server.JavaServer serve
INFO: JavaServer.serve(DELETE /session/6444deae-ec90-4635-bee1-e6fb1fee47c8/window): {}
Jan 29, 2022 2:22:37 AM net.sourceforge.marathon.javaagent.server.JavaServer serve
INFO: DELETE(/session/6444deae-ec90-4635-bee1-e6fb1fee47c8/window) = {data={"name":"closeSession","sessionId":"6444deae-ec90-4635-bee1-e6fb1fee47c8","status":0}, status=OK}
Jan 29, 2022 2:22:37 AM net.sourceforge.marathon.javaagent.server.JavaServer serve
INFO: JavaServer.serve(POST /session): {
  "desiredCapabilities": {
    "browserName": "java",
    "platform": "ANY"
  },
  "capabilities": {
    "firstMatch": [
      {
        "browserName": "java"
      }
    ]
  }
}
Jan 29, 2022 2:22:37 AM net.sourceforge.marathon.javaagent.server.JavaServer createSession
INFO: Creating device with type: EVENT_QUEUE
Jan 29, 2022 2:22:37 AM net.sourceforge.marathon.javaagent.Device getDevice
INFO: Creating a EVENT_QUEUE device
Jan 29, 2022 2:22:37 AM net.sourceforge.marathon.javaagent.server.JavaServer serve
INFO: POST(/session, {"desiredCapabilities":{"browserName":"java","platform":"ANY"},"capabilities":{"firstMatch":[{"browserName":"java"}]}}) = {data=, status=REDIRECT}
Jan 29, 2022 2:22:37 AM net.sourceforge.marathon.javaagent.server.JavaServer serve
INFO: JavaServer.serve(GET /session/97d43f27-25ed-4004-acfb-a48eeccca60e): {}
Jan 29, 2022 2:22:37 AM net.sourceforge.marathon.javaagent.server.JavaServer serve
INFO: GET(/session/97d43f27-25ed-4004-acfb-a48eeccca60e) = {data={"name":"getCapabilities","sessionId":"97d43f27-25ed-4004-acfb-a48eeccca60e","value":{"applicationCacheEnabled":false,"rotatable":false,"loggingPrefs":{"driver":"ALL"},"handlesAlerts":false,"databaseEnabled":false,"version":"1.0","platform":"ANY","browserConnectionEnabled":false,"nativeEvents":false,"acceptSslCerts":false,"locationContextEnabled":false,"webStorageEnabled":false,"browserName":"java","takesScreenshot":true,"javascriptEnabled":true,"cssSelectorsEnabled":false},"status":0}, status=OK}
Jan 29, 2022 2:22:37 AM org.openqa.selenium.remote.ProtocolHandshake createSession
INFO: Detected dialect: OSS
Jan 29, 2022 2:22:37 AM net.sourceforge.marathon.javaagent.server.JavaServer serve
INFO: JavaServer.serve(POST /session/97d43f27-25ed-4004-acfb-a48eeccca60e/element): {
  "using": "name",
  "value": "sniper reset button"
}
Jan 29, 2022 2:22:37 AM net.sourceforge.marathon.javaagent.server.JavaServer serve
INFO: POST(/session/97d43f27-25ed-4004-acfb-a48eeccca60e/element, {"using":"name","value":"sniper reset button"}) = {data={"name":"findElement","sessionId":"97d43f27-25ed-4004-acfb-a48eeccca60e","value":{"ELEMENT":"14fdb4ee-7458-4f75-8c00-e22b77979e3e"},"status":0}, status=OK}
Jan 29, 2022 2:22:37 AM net.sourceforge.marathon.javaagent.server.JavaServer serve
INFO: JavaServer.serve(POST /session/97d43f27-25ed-4004-acfb-a48eeccca60e/element/14fdb4ee-7458-4f75-8c00-e22b77979e3e/click): {
  "id": "14fdb4ee-7458-4f75-8c00-e22b77979e3e"
}
Jan 29, 2022 2:22:37 AM net.sourceforge.marathon.javaagent.EventQueueDevice dispatchEvent
INFO: java.awt.event.MouseEvent[MOUSE_PRESSED,(37,12),absolute(326,474),button=1,modifiers=Button1,extModifiers=Button1,clickCount=1] on sniper reset button
Jan 29, 2022 2:22:37 AM net.sourceforge.marathon.javaagent.EventQueueDevice dispatchEvent
INFO: java.awt.event.MouseEvent[MOUSE_RELEASED,(37,12),absolute(326,474),button=1,modifiers=Button1,clickCount=1] on sniper reset button
Jan 29, 2022 2:22:37 AM net.sourceforge.marathon.javaagent.EventQueueDevice dispatchEvent
INFO: java.awt.event.MouseEvent[MOUSE_CLICKED,(37,12),absolute(326,474),button=1,modifiers=Button1,clickCount=1] on sniper reset button
Jan 29, 2022 2:22:37 AM net.sourceforge.marathon.javaagent.server.JavaServer serve
INFO: POST(/session/97d43f27-25ed-4004-acfb-a48eeccca60e/element/14fdb4ee-7458-4f75-8c00-e22b77979e3e/click, {"id":"14fdb4ee-7458-4f75-8c00-e22b77979e3e"}) = {data={"name":"clickElement","sessionId":"97d43f27-25ed-4004-acfb-a48eeccca60e","status":0}, status=OK}
Jan 29, 2022 2:22:38 AM net.sourceforge.marathon.javaagent.server.JavaServer serve
INFO: JavaServer.serve(DELETE /session/97d43f27-25ed-4004-acfb-a48eeccca60e/window): {}
Jan 29, 2022 2:22:38 AM net.sourceforge.marathon.javaagent.server.JavaServer serve
INFO: DELETE(/session/97d43f27-25ed-4004-acfb-a48eeccca60e/window) = {data={"name":"closeSession","sessionId":"97d43f27-25ed-4004-acfb-a48eeccca60e","status":0}, status=OK}
]]></system-err>
</testsuite>
