<?xml version="1.0" encoding="UTF-8"?>
<testsuite name="goos.core.FakeTest" tests="1" skipped="0" failures="0" errors="0" timestamp="2020-03-30T15:04:16" hostname="buildkitsandbox" time="0.027">
  <properties/>
  <testcase name="fake test" classname="goos.core.FakeTest" time="0.027"/>
  <system-out><![CDATA[]]></system-out>
  <system-err><![CDATA[]]></system-err>
</testsuite>
