<?xml version="1.0" encoding="UTF-8"?>
<testsuite name="goos.ui.swing.MainWindowTest" tests="3" skipped="0" failures="0" errors="0" timestamp="2021-10-07T02:28:17" hostname="buildkitsandbox" time="3.683">
  <properties/>
  <testcase name="window has expected features" classname="goos.ui.swing.MainWindowTest" time="2.806"/>
  <testcase name="make user request when join button clicked" classname="goos.ui.swing.MainWindowTest" time="0.704"/>
  <testcase name="make user request when reset button clicked" classname="goos.ui.swing.MainWindowTest" time="0.17"/>
  <system-out><![CDATA[]]></system-out>
  <system-err><![CDATA[Oct 07, 2021 2:28:18 AM io.mockk.impl.log.JULLogger warn
WARNING: Failed to transform class goos/ui/api/UserRequestListener
java.lang.IllegalArgumentException: Unsupported class file major version 59
	at net.bytebuddy.jar.asm.ClassReader.<init>(ClassReader.java:176)
	at net.bytebuddy.jar.asm.ClassReader.<init>(ClassReader.java:158)
	at net.bytebuddy.jar.asm.ClassReader.<init>(ClassReader.java:146)
	at net.bytebuddy.utility.OpenedClassReader.of(OpenedClassReader.java:69)
	at net.bytebuddy.dynamic.scaffold.TypeWriter$Default$ForInlining.create(TypeWriter.java:2877)
	at net.bytebuddy.dynamic.scaffold.TypeWriter$Default.make(TypeWriter.java:1653)
	at net.bytebuddy.dynamic.scaffold.inline.RedefinitionDynamicTypeBuilder.make(RedefinitionDynamicTypeBuilder.java:180)
	at net.bytebuddy.dynamic.scaffold.inline.AbstractInliningDynamicTypeBuilder.make(AbstractInliningDynamicTypeBuilder.java:94)
	at net.bytebuddy.dynamic.DynamicType$Builder$AbstractBase.make(DynamicType.java:2669)
	at io.mockk.proxy.jvm.transformation.InliningClassTransformer.transform(InliningClassTransformer.kt:78)
	at java.instrument/java.lang.instrument.ClassFileTransformer.transform(ClassFileTransformer.java:246)
	at java.instrument/sun.instrument.TransformerManager.transform(TransformerManager.java:188)
	at java.instrument/sun.instrument.InstrumentationImpl.transform(InstrumentationImpl.java:563)
	at java.instrument/sun.instrument.InstrumentationImpl.retransformClasses0(Native Method)
	at java.instrument/sun.instrument.InstrumentationImpl.retransformClasses(InstrumentationImpl.java:167)
	at io.mockk.proxy.jvm.transformation.JvmInlineInstrumentation.retransform(JvmInlineInstrumentation.kt:28)
	at io.mockk.proxy.common.transformation.RetransformInlineInstrumnetation$execute$1.invoke(RetransformInlineInstrumnetation.kt:19)
	at io.mockk.proxy.common.transformation.RetransformInlineInstrumnetation$execute$1.invoke(RetransformInlineInstrumnetation.kt:6)
	at io.mockk.proxy.common.transformation.ClassTransformationSpecMap.applyTransformation(ClassTransformationSpecMap.kt:41)
	at io.mockk.proxy.common.transformation.RetransformInlineInstrumnetation.execute(RetransformInlineInstrumnetation.kt:16)
	at io.mockk.proxy.jvm.ProxyMaker.inline(ProxyMaker.kt:88)
	at io.mockk.proxy.jvm.ProxyMaker.proxy(ProxyMaker.kt:30)
	at io.mockk.impl.instantiation.JvmMockFactory.newProxy(JvmMockFactory.kt:34)
	at io.mockk.impl.instantiation.AbstractMockFactory.newProxy$default(AbstractMockFactory.kt:29)
	at io.mockk.impl.instantiation.AbstractMockFactory.mockk(AbstractMockFactory.kt:59)
	at goos.ui.swing.MainWindowTest$1$1.invokeSuspend(MainWindowTest.kt:90)
	at goos.ui.swing.MainWindowTest$1$1.invoke(MainWindowTest.kt)
	at goos.ui.swing.MainWindowTest$1$1.invoke(MainWindowTest.kt)
	at io.kotest.core.TestConfiguration$beforeTest$1.beforeTest(TestConfiguration.kt:137)
	at io.kotest.core.spec.LifecycleKt.invokeAllBeforeTestCallbacks(lifecycle.kt:76)
	at io.kotest.core.internal.TestCaseExecutor.executeActiveTest(TestCaseExecutor.kt:152)
	at io.kotest.core.internal.TestCaseExecutor.access$executeActiveTest(TestCaseExecutor.kt:57)
	at io.kotest.core.internal.TestCaseExecutor$intercept$innerExecute$1$1.invokeSuspend(TestCaseExecutor.kt:89)
	at io.kotest.core.internal.TestCaseExecutor$intercept$innerExecute$1$1.invoke(TestCaseExecutor.kt)
	at io.kotest.core.internal.TestCaseExecutor$intercept$innerExecute$1$1.invoke(TestCaseExecutor.kt)
	at io.kotest.core.internal.TestCaseExecutor.executeIfEnabled(TestCaseExecutor.kt:117)
	at io.kotest.core.internal.TestCaseExecutor.access$executeIfEnabled(TestCaseExecutor.kt:57)
	at io.kotest.core.internal.TestCaseExecutor$intercept$innerExecute$1.invokeSuspend(TestCaseExecutor.kt:89)
	at io.kotest.core.internal.TestCaseExecutor$intercept$innerExecute$1.invoke(TestCaseExecutor.kt)
	at io.kotest.core.internal.TestCaseExecutor$intercept$innerExecute$1.invoke(TestCaseExecutor.kt)
	at io.kotest.core.internal.TestCaseExecutor.intercept(TestCaseExecutor.kt:103)
	at io.kotest.core.internal.TestCaseExecutor.execute(TestCaseExecutor.kt:69)
	at io.kotest.engine.spec.runners.SingleInstanceSpecRunner.runTest(SingleInstanceSpecRunner.kt:104)
	at io.kotest.engine.spec.runners.SingleInstanceSpecRunner.access$runTest(SingleInstanceSpecRunner.kt:34)
	at io.kotest.engine.spec.runners.SingleInstanceSpecRunner$execute$interceptAndRun$2$4.invokeSuspend(SingleInstanceSpecRunner.kt:57)
	at io.kotest.engine.spec.runners.SingleInstanceSpecRunner$execute$interceptAndRun$2$4.invoke(SingleInstanceSpecRunner.kt)
	at io.kotest.engine.spec.runners.SingleInstanceSpecRunner$execute$interceptAndRun$2$4.invoke(SingleInstanceSpecRunner.kt)
	at io.kotest.engine.launchers.SequentialTestLauncher$launch$3$1$1.invokeSuspend(SequentialTestLauncher.kt:22)
	at kotlin.coroutines.jvm.internal.BaseContinuationImpl.resumeWith(ContinuationImpl.kt:33)
	at kotlinx.coroutines.DispatchedTask.run(DispatchedTask.kt:106)
	at java.base/java.util.concurrent.ThreadPoolExecutor.runWorker(ThreadPoolExecutor.java:1130)
	at java.base/java.util.concurrent.ThreadPoolExecutor$Worker.run(ThreadPoolExecutor.java:630)
	at java.base/java.lang.Thread.run(Thread.java:832)

Oct 07, 2021 2:28:20 AM net.sourceforge.marathon.javaagent.server.JavaServer serve
INFO: JavaServer.serve(POST /session): {
  "desiredCapabilities": {
    "browserName": "java",
    "platform": "ANY"
  },
  "capabilities": {
    "firstMatch": [
      {
        "browserName": "java"
      }
    ]
  }
}
Oct 07, 2021 2:28:20 AM net.sourceforge.marathon.javaagent.server.JavaServer createSession
INFO: Creating device with type: EVENT_QUEUE
Oct 07, 2021 2:28:20 AM net.sourceforge.marathon.javaagent.Device getDevice
INFO: Creating a EVENT_QUEUE device
Oct 07, 2021 2:28:20 AM net.sourceforge.marathon.javaagent.server.JavaServer serve
INFO: POST(/session, {"desiredCapabilities":{"browserName":"java","platform":"ANY"},"capabilities":{"firstMatch":[{"browserName":"java"}]}}) = {data=, status=REDIRECT}
Oct 07, 2021 2:28:20 AM net.sourceforge.marathon.javaagent.server.JavaServer serve
INFO: JavaServer.serve(GET /session/978d9675-3a93-442a-97e3-b4d2f3cab3f6): {}
Oct 07, 2021 2:28:20 AM net.sourceforge.marathon.javaagent.server.JavaServer serve
INFO: GET(/session/978d9675-3a93-442a-97e3-b4d2f3cab3f6) = {data={"name":"getCapabilities","sessionId":"978d9675-3a93-442a-97e3-b4d2f3cab3f6","value":{"applicationCacheEnabled":false,"rotatable":false,"loggingPrefs":{"driver":"ALL"},"handlesAlerts":false,"databaseEnabled":false,"version":"1.0","platform":"ANY","browserConnectionEnabled":false,"nativeEvents":false,"acceptSslCerts":false,"locationContextEnabled":false,"webStorageEnabled":false,"browserName":"java","takesScreenshot":true,"javascriptEnabled":true,"cssSelectorsEnabled":false},"status":0}, status=OK}
Oct 07, 2021 2:28:20 AM org.openqa.selenium.remote.ProtocolHandshake createSession
INFO: Detected dialect: OSS
Oct 07, 2021 2:28:20 AM net.sourceforge.marathon.javaagent.server.JavaServer serve
INFO: JavaServer.serve(POST /session/978d9675-3a93-442a-97e3-b4d2f3cab3f6/element): {
  "using": "css selector",
  "value": "."
}
Oct 07, 2021 2:28:20 AM net.sourceforge.marathon.javaagent.server.JavaServer serve
INFO: POST(/session/978d9675-3a93-442a-97e3-b4d2f3cab3f6/element, {"using":"css selector","value":"."}) = {data={"name":"findElement","sessionId":"978d9675-3a93-442a-97e3-b4d2f3cab3f6","value":{"ELEMENT":"115e6c36-40ed-465b-b81e-5b822a1175a1"},"status":0}, status=OK}
Oct 07, 2021 2:28:20 AM net.sourceforge.marathon.javaagent.server.JavaServer serve
INFO: JavaServer.serve(GET /session/978d9675-3a93-442a-97e3-b4d2f3cab3f6/element/115e6c36-40ed-465b-b81e-5b822a1175a1/attribute/name): {}
Oct 07, 2021 2:28:20 AM net.sourceforge.marathon.javaagent.server.JavaServer serve
INFO: GET(/session/978d9675-3a93-442a-97e3-b4d2f3cab3f6/element/115e6c36-40ed-465b-b81e-5b822a1175a1/attribute/name) = {data={"name":"getElementAttribute","sessionId":"978d9675-3a93-442a-97e3-b4d2f3cab3f6","value":"Auction Sniper Name","status":0}, status=OK}
Oct 07, 2021 2:28:20 AM net.sourceforge.marathon.javaagent.server.JavaServer serve
INFO: JavaServer.serve(POST /session/978d9675-3a93-442a-97e3-b4d2f3cab3f6/element): {
  "using": "css selector",
  "value": "."
}
Oct 07, 2021 2:28:20 AM net.sourceforge.marathon.javaagent.server.JavaServer serve
INFO: POST(/session/978d9675-3a93-442a-97e3-b4d2f3cab3f6/element, {"using":"css selector","value":"."}) = {data={"name":"findElement","sessionId":"978d9675-3a93-442a-97e3-b4d2f3cab3f6","value":{"ELEMENT":"115e6c36-40ed-465b-b81e-5b822a1175a1"},"status":0}, status=OK}
Oct 07, 2021 2:28:20 AM net.sourceforge.marathon.javaagent.server.JavaServer serve
INFO: JavaServer.serve(GET /session/978d9675-3a93-442a-97e3-b4d2f3cab3f6/element/115e6c36-40ed-465b-b81e-5b822a1175a1/displayed): {}
Oct 07, 2021 2:28:20 AM net.sourceforge.marathon.javaagent.server.JavaServer serve
INFO: GET(/session/978d9675-3a93-442a-97e3-b4d2f3cab3f6/element/115e6c36-40ed-465b-b81e-5b822a1175a1/displayed) = {data={"name":"isDisplayed","sessionId":"978d9675-3a93-442a-97e3-b4d2f3cab3f6","value":true,"status":0}, status=OK}
Oct 07, 2021 2:28:20 AM net.sourceforge.marathon.javaagent.server.JavaServer serve
INFO: JavaServer.serve(GET /session/978d9675-3a93-442a-97e3-b4d2f3cab3f6/title): {}
Oct 07, 2021 2:28:20 AM net.sourceforge.marathon.javaagent.server.JavaServer serve
INFO: GET(/session/978d9675-3a93-442a-97e3-b4d2f3cab3f6/title) = {data={"name":"getWindowTitle","sessionId":"978d9675-3a93-442a-97e3-b4d2f3cab3f6","value":"Auction Sniper","status":0}, status=OK}
Oct 07, 2021 2:28:20 AM net.sourceforge.marathon.javaagent.server.JavaServer serve
INFO: JavaServer.serve(POST /session/978d9675-3a93-442a-97e3-b4d2f3cab3f6/element): {
  "using": "name",
  "value": "snipers table"
}
Oct 07, 2021 2:28:20 AM net.sourceforge.marathon.javaagent.server.JavaServer serve
INFO: POST(/session/978d9675-3a93-442a-97e3-b4d2f3cab3f6/element, {"using":"name","value":"snipers table"}) = {data={"name":"findElement","sessionId":"978d9675-3a93-442a-97e3-b4d2f3cab3f6","value":{"ELEMENT":"f6fd2204-9378-4d46-9744-7d7da117e918"},"status":0}, status=OK}
Oct 07, 2021 2:28:20 AM net.sourceforge.marathon.javaagent.server.JavaServer serve
INFO: JavaServer.serve(POST /session/978d9675-3a93-442a-97e3-b4d2f3cab3f6/element/f6fd2204-9378-4d46-9744-7d7da117e918/elements): {
  "id": "f6fd2204-9378-4d46-9744-7d7da117e918",
  "using": "css selector",
  "value": ".::header.::all-items"
}
Oct 07, 2021 2:28:20 AM net.sourceforge.marathon.javaagent.server.JavaServer serve
INFO: POST(/session/978d9675-3a93-442a-97e3-b4d2f3cab3f6/element/f6fd2204-9378-4d46-9744-7d7da117e918/elements, {"using":"css selector","id":"f6fd2204-9378-4d46-9744-7d7da117e918","value":".::header.::all-items"}) = {data={"name":"findElementsOfElement","sessionId":"978d9675-3a93-442a-97e3-b4d2f3cab3f6","value":[{"ELEMENT":"0002dd10-4964-447c-aca7-219eb3b2b442%23%7B%22selector%22%3A%22nth-item%22%2C%22parameters%22%3A%5B1%5D%7D"},{"ELEMENT":"0002dd10-4964-447c-aca7-219eb3b2b442%23%7B%22selector%22%3A%22nth-item%22%2C%22parameters%22%3A%5B2%5D%7D"},{"ELEMENT":"0002dd10-4964-447c-aca7-219eb3b2b442%23%7B%22selector%22%3A%22nth-item%22%2C%22parameters%22%3A%5B3%5D%7D"},{"ELEMENT":"0002dd10-4964-447c-aca7-219eb3b2b442%23%7B%22selector%22%3A%22nth-item%22%2C%22parameters%22%3A%5B4%5D%7D"}],"status":0}, status=OK}
Oct 07, 2021 2:28:20 AM net.sourceforge.marathon.javaagent.server.JavaServer serve
INFO: JavaServer.serve(GET /session/978d9675-3a93-442a-97e3-b4d2f3cab3f6/element/0002dd10-4964-447c-aca7-219eb3b2b442%23%7B%22selector%22%3A%22nth-item%22%2C%22parameters%22%3A%5B1%5D%7D/text): {}
Oct 07, 2021 2:28:20 AM net.sourceforge.marathon.javaagent.server.JavaServer serve
INFO: GET(/session/978d9675-3a93-442a-97e3-b4d2f3cab3f6/element/0002dd10-4964-447c-aca7-219eb3b2b442%23%7B%22selector%22%3A%22nth-item%22%2C%22parameters%22%3A%5B1%5D%7D/text) = {data={"name":"getElementText","sessionId":"978d9675-3a93-442a-97e3-b4d2f3cab3f6","value":"Item","status":0}, status=OK}
Oct 07, 2021 2:28:20 AM net.sourceforge.marathon.javaagent.server.JavaServer serve
INFO: JavaServer.serve(GET /session/978d9675-3a93-442a-97e3-b4d2f3cab3f6/element/0002dd10-4964-447c-aca7-219eb3b2b442%23%7B%22selector%22%3A%22nth-item%22%2C%22parameters%22%3A%5B2%5D%7D/text): {}
Oct 07, 2021 2:28:20 AM net.sourceforge.marathon.javaagent.server.JavaServer serve
INFO: GET(/session/978d9675-3a93-442a-97e3-b4d2f3cab3f6/element/0002dd10-4964-447c-aca7-219eb3b2b442%23%7B%22selector%22%3A%22nth-item%22%2C%22parameters%22%3A%5B2%5D%7D/text) = {data={"name":"getElementText","sessionId":"978d9675-3a93-442a-97e3-b4d2f3cab3f6","value":"Last Price","status":0}, status=OK}
Oct 07, 2021 2:28:20 AM net.sourceforge.marathon.javaagent.server.JavaServer serve
INFO: JavaServer.serve(GET /session/978d9675-3a93-442a-97e3-b4d2f3cab3f6/element/0002dd10-4964-447c-aca7-219eb3b2b442%23%7B%22selector%22%3A%22nth-item%22%2C%22parameters%22%3A%5B3%5D%7D/text): {}
Oct 07, 2021 2:28:20 AM net.sourceforge.marathon.javaagent.server.JavaServer serve
INFO: GET(/session/978d9675-3a93-442a-97e3-b4d2f3cab3f6/element/0002dd10-4964-447c-aca7-219eb3b2b442%23%7B%22selector%22%3A%22nth-item%22%2C%22parameters%22%3A%5B3%5D%7D/text) = {data={"name":"getElementText","sessionId":"978d9675-3a93-442a-97e3-b4d2f3cab3f6","value":"Last Bid","status":0}, status=OK}
Oct 07, 2021 2:28:20 AM net.sourceforge.marathon.javaagent.server.JavaServer serve
INFO: JavaServer.serve(GET /session/978d9675-3a93-442a-97e3-b4d2f3cab3f6/element/0002dd10-4964-447c-aca7-219eb3b2b442%23%7B%22selector%22%3A%22nth-item%22%2C%22parameters%22%3A%5B4%5D%7D/text): {}
Oct 07, 2021 2:28:20 AM net.sourceforge.marathon.javaagent.server.JavaServer serve
INFO: GET(/session/978d9675-3a93-442a-97e3-b4d2f3cab3f6/element/0002dd10-4964-447c-aca7-219eb3b2b442%23%7B%22selector%22%3A%22nth-item%22%2C%22parameters%22%3A%5B4%5D%7D/text) = {data={"name":"getElementText","sessionId":"978d9675-3a93-442a-97e3-b4d2f3cab3f6","value":"State","status":0}, status=OK}
Oct 07, 2021 2:28:20 AM net.sourceforge.marathon.javaagent.server.JavaServer serve
INFO: JavaServer.serve(DELETE /session/978d9675-3a93-442a-97e3-b4d2f3cab3f6/window): {}
Oct 07, 2021 2:28:20 AM net.sourceforge.marathon.javaagent.server.JavaServer serve
INFO: DELETE(/session/978d9675-3a93-442a-97e3-b4d2f3cab3f6/window) = {data={"name":"closeSession","sessionId":"978d9675-3a93-442a-97e3-b4d2f3cab3f6","status":0}, status=OK}
Oct 07, 2021 2:28:20 AM net.sourceforge.marathon.javaagent.server.JavaServer serve
INFO: JavaServer.serve(POST /session): {
  "desiredCapabilities": {
    "browserName": "java",
    "platform": "ANY"
  },
  "capabilities": {
    "firstMatch": [
      {
        "browserName": "java"
      }
    ]
  }
}
Oct 07, 2021 2:28:20 AM net.sourceforge.marathon.javaagent.server.JavaServer createSession
INFO: Creating device with type: EVENT_QUEUE
Oct 07, 2021 2:28:20 AM net.sourceforge.marathon.javaagent.Device getDevice
INFO: Creating a EVENT_QUEUE device
Oct 07, 2021 2:28:20 AM net.sourceforge.marathon.javaagent.server.JavaServer serve
INFO: POST(/session, {"desiredCapabilities":{"browserName":"java","platform":"ANY"},"capabilities":{"firstMatch":[{"browserName":"java"}]}}) = {data=, status=REDIRECT}
Oct 07, 2021 2:28:20 AM net.sourceforge.marathon.javaagent.server.JavaServer serve
INFO: JavaServer.serve(GET /session/03b89518-991f-48bc-b9c1-292bc96e8acb): {}
Oct 07, 2021 2:28:20 AM net.sourceforge.marathon.javaagent.server.JavaServer serve
INFO: GET(/session/03b89518-991f-48bc-b9c1-292bc96e8acb) = {data={"name":"getCapabilities","sessionId":"03b89518-991f-48bc-b9c1-292bc96e8acb","value":{"applicationCacheEnabled":false,"rotatable":false,"loggingPrefs":{"driver":"ALL"},"handlesAlerts":false,"databaseEnabled":false,"version":"1.0","platform":"ANY","browserConnectionEnabled":false,"nativeEvents":false,"acceptSslCerts":false,"locationContextEnabled":false,"webStorageEnabled":false,"browserName":"java","takesScreenshot":true,"javascriptEnabled":true,"cssSelectorsEnabled":false},"status":0}, status=OK}
Oct 07, 2021 2:28:20 AM org.openqa.selenium.remote.ProtocolHandshake createSession
INFO: Detected dialect: OSS
Oct 07, 2021 2:28:20 AM net.sourceforge.marathon.javaagent.server.JavaServer serve
INFO: JavaServer.serve(POST /session/03b89518-991f-48bc-b9c1-292bc96e8acb/element): {
  "using": "name",
  "value": "new item id field"
}
Oct 07, 2021 2:28:20 AM net.sourceforge.marathon.javaagent.server.JavaServer serve
INFO: POST(/session/03b89518-991f-48bc-b9c1-292bc96e8acb/element, {"using":"name","value":"new item id field"}) = {data={"name":"findElement","sessionId":"03b89518-991f-48bc-b9c1-292bc96e8acb","value":{"ELEMENT":"8bda2bae-1afb-442b-ab91-9c51fdf3450e"},"status":0}, status=OK}
Oct 07, 2021 2:28:20 AM net.sourceforge.marathon.javaagent.server.JavaServer serve
INFO: JavaServer.serve(POST /session/03b89518-991f-48bc-b9c1-292bc96e8acb/element/8bda2bae-1afb-442b-ab91-9c51fdf3450e/clear): {
  "id": "8bda2bae-1afb-442b-ab91-9c51fdf3450e"
}
Oct 07, 2021 2:28:20 AM net.sourceforge.marathon.javaagent.server.JavaServer serve
INFO: POST(/session/03b89518-991f-48bc-b9c1-292bc96e8acb/element/8bda2bae-1afb-442b-ab91-9c51fdf3450e/clear, {"id":"8bda2bae-1afb-442b-ab91-9c51fdf3450e"}) = {data={"name":"clearElement","sessionId":"03b89518-991f-48bc-b9c1-292bc96e8acb","status":0}, status=OK}
Oct 07, 2021 2:28:20 AM net.sourceforge.marathon.javaagent.server.JavaServer serve
INFO: JavaServer.serve(POST /session/03b89518-991f-48bc-b9c1-292bc96e8acb/element/8bda2bae-1afb-442b-ab91-9c51fdf3450e/value): {
  "id": "8bda2bae-1afb-442b-ab91-9c51fdf3450e",
  "value": [
    "an item-id"
  ]
}
Oct 07, 2021 2:28:20 AM net.sourceforge.marathon.javaagent.EventQueueDevice dispatchEvent
INFO: java.awt.event.KeyEvent[KEY_PRESSED,keyCode=65,keyText=A,keyChar='a',keyLocation=KEY_LOCATION_UNKNOWN,rawCode=0,primaryLevelUnicode=0,scancode=0,extendedKeyCode=0x0] on new item id field
Oct 07, 2021 2:28:20 AM net.sourceforge.marathon.javaagent.EventQueueDevice dispatchEvent
INFO: java.awt.event.KeyEvent[KEY_TYPED,keyCode=0,keyText=Unknown keyCode: 0x0,keyChar='a',keyLocation=KEY_LOCATION_UNKNOWN,rawCode=0,primaryLevelUnicode=0,scancode=0,extendedKeyCode=0x0] on new item id field
Oct 07, 2021 2:28:20 AM net.sourceforge.marathon.javaagent.EventQueueDevice dispatchEvent
INFO: java.awt.event.KeyEvent[KEY_RELEASED,keyCode=65,keyText=A,keyChar='a',keyLocation=KEY_LOCATION_UNKNOWN,rawCode=0,primaryLevelUnicode=0,scancode=0,extendedKeyCode=0x0] on new item id field
Oct 07, 2021 2:28:20 AM net.sourceforge.marathon.javaagent.EventQueueDevice dispatchEvent
INFO: java.awt.event.KeyEvent[KEY_PRESSED,keyCode=78,keyText=N,keyChar='n',keyLocation=KEY_LOCATION_UNKNOWN,rawCode=0,primaryLevelUnicode=0,scancode=0,extendedKeyCode=0x0] on new item id field
Oct 07, 2021 2:28:20 AM net.sourceforge.marathon.javaagent.EventQueueDevice dispatchEvent
INFO: java.awt.event.KeyEvent[KEY_TYPED,keyCode=0,keyText=Unknown keyCode: 0x0,keyChar='n',keyLocation=KEY_LOCATION_UNKNOWN,rawCode=0,primaryLevelUnicode=0,scancode=0,extendedKeyCode=0x0] on new item id field
Oct 07, 2021 2:28:20 AM net.sourceforge.marathon.javaagent.EventQueueDevice dispatchEvent
INFO: java.awt.event.KeyEvent[KEY_RELEASED,keyCode=78,keyText=N,keyChar='n',keyLocation=KEY_LOCATION_UNKNOWN,rawCode=0,primaryLevelUnicode=0,scancode=0,extendedKeyCode=0x0] on new item id field
Oct 07, 2021 2:28:20 AM net.sourceforge.marathon.javaagent.EventQueueDevice dispatchEvent
INFO: java.awt.event.KeyEvent[KEY_PRESSED,keyCode=16,keyText=Shift,keyChar=Undefined keyChar,modifiers=Shift,extModifiers=Shift,keyLocation=KEY_LOCATION_UNKNOWN,rawCode=0,primaryLevelUnicode=0,scancode=0,extendedKeyCode=0x0] on new item id field
Oct 07, 2021 2:28:20 AM net.sourceforge.marathon.javaagent.EventQueueDevice dispatchEvent
INFO: java.awt.event.KeyEvent[KEY_PRESSED,keyCode=32,keyText=Space,keyChar=' ',modifiers=Shift,extModifiers=Shift,keyLocation=KEY_LOCATION_UNKNOWN,rawCode=0,primaryLevelUnicode=0,scancode=0,extendedKeyCode=0x0] on new item id field
Oct 07, 2021 2:28:20 AM net.sourceforge.marathon.javaagent.EventQueueDevice dispatchEvent
INFO: java.awt.event.KeyEvent[KEY_TYPED,keyCode=0,keyText=Unknown keyCode: 0x0,keyChar=' ',modifiers=Shift,extModifiers=Shift,keyLocation=KEY_LOCATION_UNKNOWN,rawCode=0,primaryLevelUnicode=0,scancode=0,extendedKeyCode=0x0] on new item id field
Oct 07, 2021 2:28:20 AM net.sourceforge.marathon.javaagent.EventQueueDevice dispatchEvent
INFO: java.awt.event.KeyEvent[KEY_RELEASED,keyCode=32,keyText=Space,keyChar=' ',modifiers=Shift,extModifiers=Shift,keyLocation=KEY_LOCATION_UNKNOWN,rawCode=0,primaryLevelUnicode=0,scancode=0,extendedKeyCode=0x0] on new item id field
Oct 07, 2021 2:28:20 AM net.sourceforge.marathon.javaagent.EventQueueDevice dispatchEvent
INFO: java.awt.event.KeyEvent[KEY_RELEASED,keyCode=16,keyText=Shift,keyChar=Undefined keyChar,keyLocation=KEY_LOCATION_UNKNOWN,rawCode=0,primaryLevelUnicode=0,scancode=0,extendedKeyCode=0x0] on new item id field
Oct 07, 2021 2:28:20 AM net.sourceforge.marathon.javaagent.EventQueueDevice dispatchEvent
INFO: java.awt.event.KeyEvent[KEY_PRESSED,keyCode=73,keyText=I,keyChar='i',keyLocation=KEY_LOCATION_UNKNOWN,rawCode=0,primaryLevelUnicode=0,scancode=0,extendedKeyCode=0x0] on new item id field
Oct 07, 2021 2:28:20 AM net.sourceforge.marathon.javaagent.EventQueueDevice dispatchEvent
INFO: java.awt.event.KeyEvent[KEY_TYPED,keyCode=0,keyText=Unknown keyCode: 0x0,keyChar='i',keyLocation=KEY_LOCATION_UNKNOWN,rawCode=0,primaryLevelUnicode=0,scancode=0,extendedKeyCode=0x0] on new item id field
Oct 07, 2021 2:28:20 AM net.sourceforge.marathon.javaagent.EventQueueDevice dispatchEvent
INFO: java.awt.event.KeyEvent[KEY_RELEASED,keyCode=73,keyText=I,keyChar='i',keyLocation=KEY_LOCATION_UNKNOWN,rawCode=0,primaryLevelUnicode=0,scancode=0,extendedKeyCode=0x0] on new item id field
Oct 07, 2021 2:28:20 AM net.sourceforge.marathon.javaagent.EventQueueDevice dispatchEvent
INFO: java.awt.event.KeyEvent[KEY_PRESSED,keyCode=84,keyText=T,keyChar='t',keyLocation=KEY_LOCATION_UNKNOWN,rawCode=0,primaryLevelUnicode=0,scancode=0,extendedKeyCode=0x0] on new item id field
Oct 07, 2021 2:28:20 AM net.sourceforge.marathon.javaagent.EventQueueDevice dispatchEvent
INFO: java.awt.event.KeyEvent[KEY_TYPED,keyCode=0,keyText=Unknown keyCode: 0x0,keyChar='t',keyLocation=KEY_LOCATION_UNKNOWN,rawCode=0,primaryLevelUnicode=0,scancode=0,extendedKeyCode=0x0] on new item id field
Oct 07, 2021 2:28:20 AM net.sourceforge.marathon.javaagent.EventQueueDevice dispatchEvent
INFO: java.awt.event.KeyEvent[KEY_RELEASED,keyCode=84,keyText=T,keyChar='t',keyLocation=KEY_LOCATION_UNKNOWN,rawCode=0,primaryLevelUnicode=0,scancode=0,extendedKeyCode=0x0] on new item id field
Oct 07, 2021 2:28:20 AM net.sourceforge.marathon.javaagent.EventQueueDevice dispatchEvent
INFO: java.awt.event.KeyEvent[KEY_PRESSED,keyCode=69,keyText=E,keyChar='e',keyLocation=KEY_LOCATION_UNKNOWN,rawCode=0,primaryLevelUnicode=0,scancode=0,extendedKeyCode=0x0] on new item id field
Oct 07, 2021 2:28:20 AM net.sourceforge.marathon.javaagent.EventQueueDevice dispatchEvent
INFO: java.awt.event.KeyEvent[KEY_TYPED,keyCode=0,keyText=Unknown keyCode: 0x0,keyChar='e',keyLocation=KEY_LOCATION_UNKNOWN,rawCode=0,primaryLevelUnicode=0,scancode=0,extendedKeyCode=0x0] on new item id field
Oct 07, 2021 2:28:20 AM net.sourceforge.marathon.javaagent.EventQueueDevice dispatchEvent
INFO: java.awt.event.KeyEvent[KEY_RELEASED,keyCode=69,keyText=E,keyChar='e',keyLocation=KEY_LOCATION_UNKNOWN,rawCode=0,primaryLevelUnicode=0,scancode=0,extendedKeyCode=0x0] on new item id field
Oct 07, 2021 2:28:20 AM net.sourceforge.marathon.javaagent.EventQueueDevice dispatchEvent
INFO: java.awt.event.KeyEvent[KEY_PRESSED,keyCode=77,keyText=M,keyChar='m',keyLocation=KEY_LOCATION_UNKNOWN,rawCode=0,primaryLevelUnicode=0,scancode=0,extendedKeyCode=0x0] on new item id field
Oct 07, 2021 2:28:20 AM net.sourceforge.marathon.javaagent.EventQueueDevice dispatchEvent
INFO: java.awt.event.KeyEvent[KEY_TYPED,keyCode=0,keyText=Unknown keyCode: 0x0,keyChar='m',keyLocation=KEY_LOCATION_UNKNOWN,rawCode=0,primaryLevelUnicode=0,scancode=0,extendedKeyCode=0x0] on new item id field
Oct 07, 2021 2:28:20 AM net.sourceforge.marathon.javaagent.EventQueueDevice dispatchEvent
INFO: java.awt.event.KeyEvent[KEY_RELEASED,keyCode=77,keyText=M,keyChar='m',keyLocation=KEY_LOCATION_UNKNOWN,rawCode=0,primaryLevelUnicode=0,scancode=0,extendedKeyCode=0x0] on new item id field
Oct 07, 2021 2:28:20 AM net.sourceforge.marathon.javaagent.EventQueueDevice dispatchEvent
INFO: java.awt.event.KeyEvent[KEY_PRESSED,keyCode=45,keyText=Minus,keyChar='-',keyLocation=KEY_LOCATION_UNKNOWN,rawCode=0,primaryLevelUnicode=0,scancode=0,extendedKeyCode=0x0] on new item id field
Oct 07, 2021 2:28:20 AM net.sourceforge.marathon.javaagent.EventQueueDevice dispatchEvent
INFO: java.awt.event.KeyEvent[KEY_TYPED,keyCode=0,keyText=Unknown keyCode: 0x0,keyChar='-',keyLocation=KEY_LOCATION_UNKNOWN,rawCode=0,primaryLevelUnicode=0,scancode=0,extendedKeyCode=0x0] on new item id field
Oct 07, 2021 2:28:20 AM net.sourceforge.marathon.javaagent.EventQueueDevice dispatchEvent
INFO: java.awt.event.KeyEvent[KEY_RELEASED,keyCode=45,keyText=Minus,keyChar='-',keyLocation=KEY_LOCATION_UNKNOWN,rawCode=0,primaryLevelUnicode=0,scancode=0,extendedKeyCode=0x0] on new item id field
Oct 07, 2021 2:28:20 AM net.sourceforge.marathon.javaagent.EventQueueDevice dispatchEvent
INFO: java.awt.event.KeyEvent[KEY_PRESSED,keyCode=73,keyText=I,keyChar='i',keyLocation=KEY_LOCATION_UNKNOWN,rawCode=0,primaryLevelUnicode=0,scancode=0,extendedKeyCode=0x0] on new item id field
Oct 07, 2021 2:28:20 AM net.sourceforge.marathon.javaagent.EventQueueDevice dispatchEvent
INFO: java.awt.event.KeyEvent[KEY_TYPED,keyCode=0,keyText=Unknown keyCode: 0x0,keyChar='i',keyLocation=KEY_LOCATION_UNKNOWN,rawCode=0,primaryLevelUnicode=0,scancode=0,extendedKeyCode=0x0] on new item id field
Oct 07, 2021 2:28:20 AM net.sourceforge.marathon.javaagent.EventQueueDevice dispatchEvent
INFO: java.awt.event.KeyEvent[KEY_RELEASED,keyCode=73,keyText=I,keyChar='i',keyLocation=KEY_LOCATION_UNKNOWN,rawCode=0,primaryLevelUnicode=0,scancode=0,extendedKeyCode=0x0] on new item id field
Oct 07, 2021 2:28:20 AM net.sourceforge.marathon.javaagent.EventQueueDevice dispatchEvent
INFO: java.awt.event.KeyEvent[KEY_PRESSED,keyCode=68,keyText=D,keyChar='d',keyLocation=KEY_LOCATION_UNKNOWN,rawCode=0,primaryLevelUnicode=0,scancode=0,extendedKeyCode=0x0] on new item id field
Oct 07, 2021 2:28:20 AM net.sourceforge.marathon.javaagent.EventQueueDevice dispatchEvent
INFO: java.awt.event.KeyEvent[KEY_TYPED,keyCode=0,keyText=Unknown keyCode: 0x0,keyChar='d',keyLocation=KEY_LOCATION_UNKNOWN,rawCode=0,primaryLevelUnicode=0,scancode=0,extendedKeyCode=0x0] on new item id field
Oct 07, 2021 2:28:20 AM net.sourceforge.marathon.javaagent.EventQueueDevice dispatchEvent
INFO: java.awt.event.KeyEvent[KEY_RELEASED,keyCode=68,keyText=D,keyChar='d',keyLocation=KEY_LOCATION_UNKNOWN,rawCode=0,primaryLevelUnicode=0,scancode=0,extendedKeyCode=0x0] on new item id field
Oct 07, 2021 2:28:20 AM net.sourceforge.marathon.javaagent.server.JavaServer serve
INFO: POST(/session/03b89518-991f-48bc-b9c1-292bc96e8acb/element/8bda2bae-1afb-442b-ab91-9c51fdf3450e/value, {"id":"8bda2bae-1afb-442b-ab91-9c51fdf3450e","value":["an item-id"]}) = {data={"name":"sendKeysElement","sessionId":"03b89518-991f-48bc-b9c1-292bc96e8acb","status":0}, status=OK}
Oct 07, 2021 2:28:20 AM net.sourceforge.marathon.javaagent.server.JavaServer serve
INFO: JavaServer.serve(POST /session/03b89518-991f-48bc-b9c1-292bc96e8acb/element): {
  "using": "name",
  "value": "new item stop price field"
}
Oct 07, 2021 2:28:20 AM net.sourceforge.marathon.javaagent.server.JavaServer serve
INFO: POST(/session/03b89518-991f-48bc-b9c1-292bc96e8acb/element, {"using":"name","value":"new item stop price field"}) = {data={"name":"findElement","sessionId":"03b89518-991f-48bc-b9c1-292bc96e8acb","value":{"ELEMENT":"dcad8419-3e1c-4b92-a8db-3e13cadeebea"},"status":0}, status=OK}
Oct 07, 2021 2:28:20 AM net.sourceforge.marathon.javaagent.server.JavaServer serve
INFO: JavaServer.serve(POST /session/03b89518-991f-48bc-b9c1-292bc96e8acb/element/dcad8419-3e1c-4b92-a8db-3e13cadeebea/clear): {
  "id": "dcad8419-3e1c-4b92-a8db-3e13cadeebea"
}
Oct 07, 2021 2:28:20 AM net.sourceforge.marathon.javaagent.server.JavaServer serve
INFO: POST(/session/03b89518-991f-48bc-b9c1-292bc96e8acb/element/dcad8419-3e1c-4b92-a8db-3e13cadeebea/clear, {"id":"dcad8419-3e1c-4b92-a8db-3e13cadeebea"}) = {data={"name":"clearElement","sessionId":"03b89518-991f-48bc-b9c1-292bc96e8acb","status":0}, status=OK}
Oct 07, 2021 2:28:20 AM net.sourceforge.marathon.javaagent.server.JavaServer serve
INFO: JavaServer.serve(POST /session/03b89518-991f-48bc-b9c1-292bc96e8acb/element/dcad8419-3e1c-4b92-a8db-3e13cadeebea/value): {
  "id": "dcad8419-3e1c-4b92-a8db-3e13cadeebea",
  "value": [
    "11000"
  ]
}
Oct 07, 2021 2:28:20 AM net.sourceforge.marathon.javaagent.EventQueueDevice dispatchEvent
INFO: java.awt.event.KeyEvent[KEY_PRESSED,keyCode=49,keyText=1,keyChar='1',keyLocation=KEY_LOCATION_UNKNOWN,rawCode=0,primaryLevelUnicode=0,scancode=0,extendedKeyCode=0x0] on new item stop price field
Oct 07, 2021 2:28:20 AM net.sourceforge.marathon.javaagent.EventQueueDevice dispatchEvent
INFO: java.awt.event.KeyEvent[KEY_TYPED,keyCode=0,keyText=Unknown keyCode: 0x0,keyChar='1',keyLocation=KEY_LOCATION_UNKNOWN,rawCode=0,primaryLevelUnicode=0,scancode=0,extendedKeyCode=0x0] on new item stop price field
Oct 07, 2021 2:28:20 AM net.sourceforge.marathon.javaagent.EventQueueDevice dispatchEvent
INFO: java.awt.event.KeyEvent[KEY_RELEASED,keyCode=49,keyText=1,keyChar='1',keyLocation=KEY_LOCATION_UNKNOWN,rawCode=0,primaryLevelUnicode=0,scancode=0,extendedKeyCode=0x0] on new item stop price field
Oct 07, 2021 2:28:20 AM net.sourceforge.marathon.javaagent.EventQueueDevice dispatchEvent
INFO: java.awt.event.KeyEvent[KEY_PRESSED,keyCode=49,keyText=1,keyChar='1',keyLocation=KEY_LOCATION_UNKNOWN,rawCode=0,primaryLevelUnicode=0,scancode=0,extendedKeyCode=0x0] on new item stop price field
Oct 07, 2021 2:28:20 AM net.sourceforge.marathon.javaagent.EventQueueDevice dispatchEvent
INFO: java.awt.event.KeyEvent[KEY_TYPED,keyCode=0,keyText=Unknown keyCode: 0x0,keyChar='1',keyLocation=KEY_LOCATION_UNKNOWN,rawCode=0,primaryLevelUnicode=0,scancode=0,extendedKeyCode=0x0] on new item stop price field
Oct 07, 2021 2:28:20 AM net.sourceforge.marathon.javaagent.EventQueueDevice dispatchEvent
INFO: java.awt.event.KeyEvent[KEY_RELEASED,keyCode=49,keyText=1,keyChar='1',keyLocation=KEY_LOCATION_UNKNOWN,rawCode=0,primaryLevelUnicode=0,scancode=0,extendedKeyCode=0x0] on new item stop price field
Oct 07, 2021 2:28:20 AM net.sourceforge.marathon.javaagent.EventQueueDevice dispatchEvent
INFO: java.awt.event.KeyEvent[KEY_PRESSED,keyCode=48,keyText=0,keyChar='0',keyLocation=KEY_LOCATION_UNKNOWN,rawCode=0,primaryLevelUnicode=0,scancode=0,extendedKeyCode=0x0] on new item stop price field
Oct 07, 2021 2:28:20 AM net.sourceforge.marathon.javaagent.EventQueueDevice dispatchEvent
INFO: java.awt.event.KeyEvent[KEY_TYPED,keyCode=0,keyText=Unknown keyCode: 0x0,keyChar='0',keyLocation=KEY_LOCATION_UNKNOWN,rawCode=0,primaryLevelUnicode=0,scancode=0,extendedKeyCode=0x0] on new item stop price field
Oct 07, 2021 2:28:20 AM net.sourceforge.marathon.javaagent.EventQueueDevice dispatchEvent
INFO: java.awt.event.KeyEvent[KEY_RELEASED,keyCode=48,keyText=0,keyChar='0',keyLocation=KEY_LOCATION_UNKNOWN,rawCode=0,primaryLevelUnicode=0,scancode=0,extendedKeyCode=0x0] on new item stop price field
Oct 07, 2021 2:28:20 AM net.sourceforge.marathon.javaagent.EventQueueDevice dispatchEvent
INFO: java.awt.event.KeyEvent[KEY_PRESSED,keyCode=48,keyText=0,keyChar='0',keyLocation=KEY_LOCATION_UNKNOWN,rawCode=0,primaryLevelUnicode=0,scancode=0,extendedKeyCode=0x0] on new item stop price field
Oct 07, 2021 2:28:20 AM net.sourceforge.marathon.javaagent.EventQueueDevice dispatchEvent
INFO: java.awt.event.KeyEvent[KEY_TYPED,keyCode=0,keyText=Unknown keyCode: 0x0,keyChar='0',keyLocation=KEY_LOCATION_UNKNOWN,rawCode=0,primaryLevelUnicode=0,scancode=0,extendedKeyCode=0x0] on new item stop price field
Oct 07, 2021 2:28:20 AM net.sourceforge.marathon.javaagent.EventQueueDevice dispatchEvent
INFO: java.awt.event.KeyEvent[KEY_RELEASED,keyCode=48,keyText=0,keyChar='0',keyLocation=KEY_LOCATION_UNKNOWN,rawCode=0,primaryLevelUnicode=0,scancode=0,extendedKeyCode=0x0] on new item stop price field
Oct 07, 2021 2:28:20 AM net.sourceforge.marathon.javaagent.EventQueueDevice dispatchEvent
INFO: java.awt.event.KeyEvent[KEY_PRESSED,keyCode=48,keyText=0,keyChar='0',keyLocation=KEY_LOCATION_UNKNOWN,rawCode=0,primaryLevelUnicode=0,scancode=0,extendedKeyCode=0x0] on new item stop price field
Oct 07, 2021 2:28:20 AM net.sourceforge.marathon.javaagent.EventQueueDevice dispatchEvent
INFO: java.awt.event.KeyEvent[KEY_TYPED,keyCode=0,keyText=Unknown keyCode: 0x0,keyChar='0',keyLocation=KEY_LOCATION_UNKNOWN,rawCode=0,primaryLevelUnicode=0,scancode=0,extendedKeyCode=0x0] on new item stop price field
Oct 07, 2021 2:28:20 AM net.sourceforge.marathon.javaagent.EventQueueDevice dispatchEvent
INFO: java.awt.event.KeyEvent[KEY_RELEASED,keyCode=48,keyText=0,keyChar='0',keyLocation=KEY_LOCATION_UNKNOWN,rawCode=0,primaryLevelUnicode=0,scancode=0,extendedKeyCode=0x0] on new item stop price field
Oct 07, 2021 2:28:20 AM net.sourceforge.marathon.javaagent.server.JavaServer serve
INFO: POST(/session/03b89518-991f-48bc-b9c1-292bc96e8acb/element/dcad8419-3e1c-4b92-a8db-3e13cadeebea/value, {"id":"dcad8419-3e1c-4b92-a8db-3e13cadeebea","value":["11000"]}) = {data={"name":"sendKeysElement","sessionId":"03b89518-991f-48bc-b9c1-292bc96e8acb","status":0}, status=OK}
Oct 07, 2021 2:28:20 AM net.sourceforge.marathon.javaagent.server.JavaServer serve
INFO: JavaServer.serve(POST /session/03b89518-991f-48bc-b9c1-292bc96e8acb/element): {
  "using": "name",
  "value": "join button"
}
Oct 07, 2021 2:28:20 AM net.sourceforge.marathon.javaagent.server.JavaServer serve
INFO: POST(/session/03b89518-991f-48bc-b9c1-292bc96e8acb/element, {"using":"name","value":"join button"}) = {data={"name":"findElement","sessionId":"03b89518-991f-48bc-b9c1-292bc96e8acb","value":{"ELEMENT":"5652aeba-ceff-4004-9f11-f7050b8c36e6"},"status":0}, status=OK}
Oct 07, 2021 2:28:20 AM net.sourceforge.marathon.javaagent.server.JavaServer serve
INFO: JavaServer.serve(POST /session/03b89518-991f-48bc-b9c1-292bc96e8acb/element/5652aeba-ceff-4004-9f11-f7050b8c36e6/click): {
  "id": "5652aeba-ceff-4004-9f11-f7050b8c36e6"
}
Oct 07, 2021 2:28:20 AM net.sourceforge.marathon.javaagent.EventQueueDevice dispatchEvent
INFO: java.awt.event.MouseEvent[MOUSE_PRESSED,(58,12),absolute(589,17),button=1,modifiers=Button1,extModifiers=Button1,clickCount=1] on join button
Oct 07, 2021 2:28:20 AM net.sourceforge.marathon.javaagent.EventQueueDevice dispatchEvent
INFO: java.awt.event.MouseEvent[MOUSE_RELEASED,(58,12),absolute(589,17),button=1,modifiers=Button1,clickCount=1] on join button
Oct 07, 2021 2:28:20 AM net.sourceforge.marathon.javaagent.EventQueueDevice dispatchEvent
INFO: java.awt.event.MouseEvent[MOUSE_CLICKED,(58,12),absolute(589,17),button=1,modifiers=Button1,clickCount=1] on join button
Oct 07, 2021 2:28:21 AM net.sourceforge.marathon.javaagent.server.JavaServer serve
INFO: POST(/session/03b89518-991f-48bc-b9c1-292bc96e8acb/element/5652aeba-ceff-4004-9f11-f7050b8c36e6/click, {"id":"5652aeba-ceff-4004-9f11-f7050b8c36e6"}) = {data={"name":"clickElement","sessionId":"03b89518-991f-48bc-b9c1-292bc96e8acb","status":0}, status=OK}
Oct 07, 2021 2:28:21 AM net.sourceforge.marathon.javaagent.server.JavaServer serve
INFO: JavaServer.serve(DELETE /session/03b89518-991f-48bc-b9c1-292bc96e8acb/window): {}
Oct 07, 2021 2:28:21 AM net.sourceforge.marathon.javaagent.server.JavaServer serve
INFO: DELETE(/session/03b89518-991f-48bc-b9c1-292bc96e8acb/window) = {data={"name":"closeSession","sessionId":"03b89518-991f-48bc-b9c1-292bc96e8acb","status":0}, status=OK}
Oct 07, 2021 2:28:21 AM net.sourceforge.marathon.javaagent.server.JavaServer serve
INFO: JavaServer.serve(POST /session): {
  "desiredCapabilities": {
    "browserName": "java",
    "platform": "ANY"
  },
  "capabilities": {
    "firstMatch": [
      {
        "browserName": "java"
      }
    ]
  }
}
Oct 07, 2021 2:28:21 AM net.sourceforge.marathon.javaagent.server.JavaServer createSession
INFO: Creating device with type: EVENT_QUEUE
Oct 07, 2021 2:28:21 AM net.sourceforge.marathon.javaagent.Device getDevice
INFO: Creating a EVENT_QUEUE device
Oct 07, 2021 2:28:21 AM net.sourceforge.marathon.javaagent.server.JavaServer serve
INFO: POST(/session, {"desiredCapabilities":{"browserName":"java","platform":"ANY"},"capabilities":{"firstMatch":[{"browserName":"java"}]}}) = {data=, status=REDIRECT}
Oct 07, 2021 2:28:21 AM net.sourceforge.marathon.javaagent.server.JavaServer serve
INFO: JavaServer.serve(GET /session/93b6883f-24be-4f4c-9b46-731778696415): {}
Oct 07, 2021 2:28:21 AM net.sourceforge.marathon.javaagent.server.JavaServer serve
INFO: GET(/session/93b6883f-24be-4f4c-9b46-731778696415) = {data={"name":"getCapabilities","sessionId":"93b6883f-24be-4f4c-9b46-731778696415","value":{"applicationCacheEnabled":false,"rotatable":false,"loggingPrefs":{"driver":"ALL"},"handlesAlerts":false,"databaseEnabled":false,"version":"1.0","platform":"ANY","browserConnectionEnabled":false,"nativeEvents":false,"acceptSslCerts":false,"locationContextEnabled":false,"webStorageEnabled":false,"browserName":"java","takesScreenshot":true,"javascriptEnabled":true,"cssSelectorsEnabled":false},"status":0}, status=OK}
Oct 07, 2021 2:28:21 AM org.openqa.selenium.remote.ProtocolHandshake createSession
INFO: Detected dialect: OSS
Oct 07, 2021 2:28:21 AM net.sourceforge.marathon.javaagent.server.JavaServer serve
INFO: JavaServer.serve(POST /session/93b6883f-24be-4f4c-9b46-731778696415/element): {
  "using": "name",
  "value": "sniper reset button"
}
Oct 07, 2021 2:28:21 AM net.sourceforge.marathon.javaagent.server.JavaServer serve
INFO: POST(/session/93b6883f-24be-4f4c-9b46-731778696415/element, {"using":"name","value":"sniper reset button"}) = {data={"name":"findElement","sessionId":"93b6883f-24be-4f4c-9b46-731778696415","value":{"ELEMENT":"31ec23b6-911e-49f1-b295-c25ba0162877"},"status":0}, status=OK}
Oct 07, 2021 2:28:21 AM net.sourceforge.marathon.javaagent.server.JavaServer serve
INFO: JavaServer.serve(POST /session/93b6883f-24be-4f4c-9b46-731778696415/element/31ec23b6-911e-49f1-b295-c25ba0162877/click): {
  "id": "31ec23b6-911e-49f1-b295-c25ba0162877"
}
Oct 07, 2021 2:28:21 AM net.sourceforge.marathon.javaagent.EventQueueDevice dispatchEvent
INFO: java.awt.event.MouseEvent[MOUSE_PRESSED,(37,12),absolute(326,474),button=1,modifiers=Button1,extModifiers=Button1,clickCount=1] on sniper reset button
Oct 07, 2021 2:28:21 AM net.sourceforge.marathon.javaagent.EventQueueDevice dispatchEvent
INFO: java.awt.event.MouseEvent[MOUSE_RELEASED,(37,12),absolute(326,474),button=1,modifiers=Button1,clickCount=1] on sniper reset button
Oct 07, 2021 2:28:21 AM net.sourceforge.marathon.javaagent.EventQueueDevice dispatchEvent
INFO: java.awt.event.MouseEvent[MOUSE_CLICKED,(37,12),absolute(326,474),button=1,modifiers=Button1,clickCount=1] on sniper reset button
Oct 07, 2021 2:28:21 AM net.sourceforge.marathon.javaagent.server.JavaServer serve
INFO: POST(/session/93b6883f-24be-4f4c-9b46-731778696415/element/31ec23b6-911e-49f1-b295-c25ba0162877/click, {"id":"31ec23b6-911e-49f1-b295-c25ba0162877"}) = {data={"name":"clickElement","sessionId":"93b6883f-24be-4f4c-9b46-731778696415","status":0}, status=OK}
Oct 07, 2021 2:28:21 AM net.sourceforge.marathon.javaagent.server.JavaServer serve
INFO: JavaServer.serve(DELETE /session/93b6883f-24be-4f4c-9b46-731778696415/window): {}
Oct 07, 2021 2:28:21 AM net.sourceforge.marathon.javaagent.server.JavaServer serve
INFO: DELETE(/session/93b6883f-24be-4f4c-9b46-731778696415/window) = {data={"name":"closeSession","sessionId":"93b6883f-24be-4f4c-9b46-731778696415","status":0}, status=OK}
]]></system-err>
</testsuite>
