<?xml version="1.0" encoding="UTF-8"?>
<testsuite name="goos.ui.swing.MainWindowTest" tests="3" skipped="0" failures="0" errors="0" timestamp="2021-10-10T02:24:22" hostname="buildkitsandbox" time="3.589">
  <properties/>
  <testcase name="window has expected features" classname="goos.ui.swing.MainWindowTest" time="2.608"/>
  <testcase name="make user request when join button clicked" classname="goos.ui.swing.MainWindowTest" time="0.808"/>
  <testcase name="make user request when reset button clicked" classname="goos.ui.swing.MainWindowTest" time="0.169"/>
  <system-out><![CDATA[]]></system-out>
  <system-err><![CDATA[Oct 10, 2021 2:24:23 AM io.mockk.impl.log.JULLogger warn
WARNING: Failed to transform class goos/ui/api/UserRequestListener
java.lang.IllegalArgumentException: Unsupported class file major version 59
	at net.bytebuddy.jar.asm.ClassReader.<init>(ClassReader.java:176)
	at net.bytebuddy.jar.asm.ClassReader.<init>(ClassReader.java:158)
	at net.bytebuddy.jar.asm.ClassReader.<init>(ClassReader.java:146)
	at net.bytebuddy.utility.OpenedClassReader.of(OpenedClassReader.java:69)
	at net.bytebuddy.dynamic.scaffold.TypeWriter$Default$ForInlining.create(TypeWriter.java:2877)
	at net.bytebuddy.dynamic.scaffold.TypeWriter$Default.make(TypeWriter.java:1653)
	at net.bytebuddy.dynamic.scaffold.inline.RedefinitionDynamicTypeBuilder.make(RedefinitionDynamicTypeBuilder.java:180)
	at net.bytebuddy.dynamic.scaffold.inline.AbstractInliningDynamicTypeBuilder.make(AbstractInliningDynamicTypeBuilder.java:94)
	at net.bytebuddy.dynamic.DynamicType$Builder$AbstractBase.make(DynamicType.java:2669)
	at io.mockk.proxy.jvm.transformation.InliningClassTransformer.transform(InliningClassTransformer.kt:78)
	at java.instrument/java.lang.instrument.ClassFileTransformer.transform(ClassFileTransformer.java:246)
	at java.instrument/sun.instrument.TransformerManager.transform(TransformerManager.java:188)
	at java.instrument/sun.instrument.InstrumentationImpl.transform(InstrumentationImpl.java:563)
	at java.instrument/sun.instrument.InstrumentationImpl.retransformClasses0(Native Method)
	at java.instrument/sun.instrument.InstrumentationImpl.retransformClasses(InstrumentationImpl.java:167)
	at io.mockk.proxy.jvm.transformation.JvmInlineInstrumentation.retransform(JvmInlineInstrumentation.kt:28)
	at io.mockk.proxy.common.transformation.RetransformInlineInstrumnetation$execute$1.invoke(RetransformInlineInstrumnetation.kt:19)
	at io.mockk.proxy.common.transformation.RetransformInlineInstrumnetation$execute$1.invoke(RetransformInlineInstrumnetation.kt:6)
	at io.mockk.proxy.common.transformation.ClassTransformationSpecMap.applyTransformation(ClassTransformationSpecMap.kt:41)
	at io.mockk.proxy.common.transformation.RetransformInlineInstrumnetation.execute(RetransformInlineInstrumnetation.kt:16)
	at io.mockk.proxy.jvm.ProxyMaker.inline(ProxyMaker.kt:88)
	at io.mockk.proxy.jvm.ProxyMaker.proxy(ProxyMaker.kt:30)
	at io.mockk.impl.instantiation.JvmMockFactory.newProxy(JvmMockFactory.kt:34)
	at io.mockk.impl.instantiation.AbstractMockFactory.newProxy$default(AbstractMockFactory.kt:29)
	at io.mockk.impl.instantiation.AbstractMockFactory.mockk(AbstractMockFactory.kt:59)
	at goos.ui.swing.MainWindowTest$1$1.invokeSuspend(MainWindowTest.kt:90)
	at goos.ui.swing.MainWindowTest$1$1.invoke(MainWindowTest.kt)
	at goos.ui.swing.MainWindowTest$1$1.invoke(MainWindowTest.kt)
	at io.kotest.core.TestConfiguration$beforeTest$1.beforeTest(TestConfiguration.kt:137)
	at io.kotest.core.spec.LifecycleKt.invokeAllBeforeTestCallbacks(lifecycle.kt:76)
	at io.kotest.core.internal.TestCaseExecutor.executeActiveTest(TestCaseExecutor.kt:152)
	at io.kotest.core.internal.TestCaseExecutor.access$executeActiveTest(TestCaseExecutor.kt:57)
	at io.kotest.core.internal.TestCaseExecutor$intercept$innerExecute$1$1.invokeSuspend(TestCaseExecutor.kt:89)
	at io.kotest.core.internal.TestCaseExecutor$intercept$innerExecute$1$1.invoke(TestCaseExecutor.kt)
	at io.kotest.core.internal.TestCaseExecutor$intercept$innerExecute$1$1.invoke(TestCaseExecutor.kt)
	at io.kotest.core.internal.TestCaseExecutor.executeIfEnabled(TestCaseExecutor.kt:117)
	at io.kotest.core.internal.TestCaseExecutor.access$executeIfEnabled(TestCaseExecutor.kt:57)
	at io.kotest.core.internal.TestCaseExecutor$intercept$innerExecute$1.invokeSuspend(TestCaseExecutor.kt:89)
	at io.kotest.core.internal.TestCaseExecutor$intercept$innerExecute$1.invoke(TestCaseExecutor.kt)
	at io.kotest.core.internal.TestCaseExecutor$intercept$innerExecute$1.invoke(TestCaseExecutor.kt)
	at io.kotest.core.internal.TestCaseExecutor.intercept(TestCaseExecutor.kt:103)
	at io.kotest.core.internal.TestCaseExecutor.execute(TestCaseExecutor.kt:69)
	at io.kotest.engine.spec.runners.SingleInstanceSpecRunner.runTest(SingleInstanceSpecRunner.kt:104)
	at io.kotest.engine.spec.runners.SingleInstanceSpecRunner.access$runTest(SingleInstanceSpecRunner.kt:34)
	at io.kotest.engine.spec.runners.SingleInstanceSpecRunner$execute$interceptAndRun$2$4.invokeSuspend(SingleInstanceSpecRunner.kt:57)
	at io.kotest.engine.spec.runners.SingleInstanceSpecRunner$execute$interceptAndRun$2$4.invoke(SingleInstanceSpecRunner.kt)
	at io.kotest.engine.spec.runners.SingleInstanceSpecRunner$execute$interceptAndRun$2$4.invoke(SingleInstanceSpecRunner.kt)
	at io.kotest.engine.launchers.SequentialTestLauncher$launch$3$1$1.invokeSuspend(SequentialTestLauncher.kt:22)
	at kotlin.coroutines.jvm.internal.BaseContinuationImpl.resumeWith(ContinuationImpl.kt:33)
	at kotlinx.coroutines.DispatchedTask.run(DispatchedTask.kt:106)
	at java.base/java.util.concurrent.ThreadPoolExecutor.runWorker(ThreadPoolExecutor.java:1130)
	at java.base/java.util.concurrent.ThreadPoolExecutor$Worker.run(ThreadPoolExecutor.java:630)
	at java.base/java.lang.Thread.run(Thread.java:832)

Oct 10, 2021 2:24:24 AM net.sourceforge.marathon.javaagent.server.JavaServer serve
INFO: JavaServer.serve(POST /session): {
  "desiredCapabilities": {
    "browserName": "java",
    "platform": "ANY"
  },
  "capabilities": {
    "firstMatch": [
      {
        "browserName": "java"
      }
    ]
  }
}
Oct 10, 2021 2:24:24 AM net.sourceforge.marathon.javaagent.server.JavaServer createSession
INFO: Creating device with type: EVENT_QUEUE
Oct 10, 2021 2:24:24 AM net.sourceforge.marathon.javaagent.Device getDevice
INFO: Creating a EVENT_QUEUE device
Oct 10, 2021 2:24:24 AM net.sourceforge.marathon.javaagent.server.JavaServer serve
INFO: POST(/session, {"desiredCapabilities":{"browserName":"java","platform":"ANY"},"capabilities":{"firstMatch":[{"browserName":"java"}]}}) = {data=, status=REDIRECT}
Oct 10, 2021 2:24:24 AM net.sourceforge.marathon.javaagent.server.JavaServer serve
INFO: JavaServer.serve(GET /session/6a8efae0-5792-40f7-ba65-92ef6cbc0ac5): {}
Oct 10, 2021 2:24:24 AM net.sourceforge.marathon.javaagent.server.JavaServer serve
INFO: GET(/session/6a8efae0-5792-40f7-ba65-92ef6cbc0ac5) = {data={"name":"getCapabilities","sessionId":"6a8efae0-5792-40f7-ba65-92ef6cbc0ac5","value":{"applicationCacheEnabled":false,"rotatable":false,"loggingPrefs":{"driver":"ALL"},"handlesAlerts":false,"databaseEnabled":false,"version":"1.0","platform":"ANY","browserConnectionEnabled":false,"nativeEvents":false,"acceptSslCerts":false,"locationContextEnabled":false,"webStorageEnabled":false,"browserName":"java","takesScreenshot":true,"javascriptEnabled":true,"cssSelectorsEnabled":false},"status":0}, status=OK}
Oct 10, 2021 2:24:24 AM org.openqa.selenium.remote.ProtocolHandshake createSession
INFO: Detected dialect: OSS
Oct 10, 2021 2:24:24 AM net.sourceforge.marathon.javaagent.server.JavaServer serve
INFO: JavaServer.serve(POST /session/6a8efae0-5792-40f7-ba65-92ef6cbc0ac5/element): {
  "using": "css selector",
  "value": "."
}
Oct 10, 2021 2:24:24 AM net.sourceforge.marathon.javaagent.server.JavaServer serve
INFO: POST(/session/6a8efae0-5792-40f7-ba65-92ef6cbc0ac5/element, {"using":"css selector","value":"."}) = {data={"name":"findElement","sessionId":"6a8efae0-5792-40f7-ba65-92ef6cbc0ac5","value":{"ELEMENT":"439bbcc0-6fb7-4199-9a22-585b24b10f07"},"status":0}, status=OK}
Oct 10, 2021 2:24:25 AM net.sourceforge.marathon.javaagent.server.JavaServer serve
INFO: JavaServer.serve(GET /session/6a8efae0-5792-40f7-ba65-92ef6cbc0ac5/element/439bbcc0-6fb7-4199-9a22-585b24b10f07/attribute/name): {}
Oct 10, 2021 2:24:25 AM net.sourceforge.marathon.javaagent.server.JavaServer serve
INFO: GET(/session/6a8efae0-5792-40f7-ba65-92ef6cbc0ac5/element/439bbcc0-6fb7-4199-9a22-585b24b10f07/attribute/name) = {data={"name":"getElementAttribute","sessionId":"6a8efae0-5792-40f7-ba65-92ef6cbc0ac5","value":"Auction Sniper Name","status":0}, status=OK}
Oct 10, 2021 2:24:25 AM net.sourceforge.marathon.javaagent.server.JavaServer serve
INFO: JavaServer.serve(POST /session/6a8efae0-5792-40f7-ba65-92ef6cbc0ac5/element): {
  "using": "css selector",
  "value": "."
}
Oct 10, 2021 2:24:25 AM net.sourceforge.marathon.javaagent.server.JavaServer serve
INFO: POST(/session/6a8efae0-5792-40f7-ba65-92ef6cbc0ac5/element, {"using":"css selector","value":"."}) = {data={"name":"findElement","sessionId":"6a8efae0-5792-40f7-ba65-92ef6cbc0ac5","value":{"ELEMENT":"439bbcc0-6fb7-4199-9a22-585b24b10f07"},"status":0}, status=OK}
Oct 10, 2021 2:24:25 AM net.sourceforge.marathon.javaagent.server.JavaServer serve
INFO: JavaServer.serve(GET /session/6a8efae0-5792-40f7-ba65-92ef6cbc0ac5/element/439bbcc0-6fb7-4199-9a22-585b24b10f07/displayed): {}
Oct 10, 2021 2:24:25 AM net.sourceforge.marathon.javaagent.server.JavaServer serve
INFO: GET(/session/6a8efae0-5792-40f7-ba65-92ef6cbc0ac5/element/439bbcc0-6fb7-4199-9a22-585b24b10f07/displayed) = {data={"name":"isDisplayed","sessionId":"6a8efae0-5792-40f7-ba65-92ef6cbc0ac5","value":true,"status":0}, status=OK}
Oct 10, 2021 2:24:25 AM net.sourceforge.marathon.javaagent.server.JavaServer serve
INFO: JavaServer.serve(GET /session/6a8efae0-5792-40f7-ba65-92ef6cbc0ac5/title): {}
Oct 10, 2021 2:24:25 AM net.sourceforge.marathon.javaagent.server.JavaServer serve
INFO: GET(/session/6a8efae0-5792-40f7-ba65-92ef6cbc0ac5/title) = {data={"name":"getWindowTitle","sessionId":"6a8efae0-5792-40f7-ba65-92ef6cbc0ac5","value":"Auction Sniper","status":0}, status=OK}
Oct 10, 2021 2:24:25 AM net.sourceforge.marathon.javaagent.server.JavaServer serve
INFO: JavaServer.serve(POST /session/6a8efae0-5792-40f7-ba65-92ef6cbc0ac5/element): {
  "using": "name",
  "value": "snipers table"
}
Oct 10, 2021 2:24:25 AM net.sourceforge.marathon.javaagent.server.JavaServer serve
INFO: POST(/session/6a8efae0-5792-40f7-ba65-92ef6cbc0ac5/element, {"using":"name","value":"snipers table"}) = {data={"name":"findElement","sessionId":"6a8efae0-5792-40f7-ba65-92ef6cbc0ac5","value":{"ELEMENT":"3c21d1db-6c21-46c7-97c1-3a3751479bb4"},"status":0}, status=OK}
Oct 10, 2021 2:24:25 AM net.sourceforge.marathon.javaagent.server.JavaServer serve
INFO: JavaServer.serve(POST /session/6a8efae0-5792-40f7-ba65-92ef6cbc0ac5/element/3c21d1db-6c21-46c7-97c1-3a3751479bb4/elements): {
  "id": "3c21d1db-6c21-46c7-97c1-3a3751479bb4",
  "using": "css selector",
  "value": ".::header.::all-items"
}
Oct 10, 2021 2:24:25 AM net.sourceforge.marathon.javaagent.server.JavaServer serve
INFO: POST(/session/6a8efae0-5792-40f7-ba65-92ef6cbc0ac5/element/3c21d1db-6c21-46c7-97c1-3a3751479bb4/elements, {"using":"css selector","id":"3c21d1db-6c21-46c7-97c1-3a3751479bb4","value":".::header.::all-items"}) = {data={"name":"findElementsOfElement","sessionId":"6a8efae0-5792-40f7-ba65-92ef6cbc0ac5","value":[{"ELEMENT":"3716b311-c70b-4f0c-9ae6-ea36f10efb8f%23%7B%22selector%22%3A%22nth-item%22%2C%22parameters%22%3A%5B1%5D%7D"},{"ELEMENT":"3716b311-c70b-4f0c-9ae6-ea36f10efb8f%23%7B%22selector%22%3A%22nth-item%22%2C%22parameters%22%3A%5B2%5D%7D"},{"ELEMENT":"3716b311-c70b-4f0c-9ae6-ea36f10efb8f%23%7B%22selector%22%3A%22nth-item%22%2C%22parameters%22%3A%5B3%5D%7D"},{"ELEMENT":"3716b311-c70b-4f0c-9ae6-ea36f10efb8f%23%7B%22selector%22%3A%22nth-item%22%2C%22parameters%22%3A%5B4%5D%7D"}],"status":0}, status=OK}
Oct 10, 2021 2:24:25 AM net.sourceforge.marathon.javaagent.server.JavaServer serve
INFO: JavaServer.serve(GET /session/6a8efae0-5792-40f7-ba65-92ef6cbc0ac5/element/3716b311-c70b-4f0c-9ae6-ea36f10efb8f%23%7B%22selector%22%3A%22nth-item%22%2C%22parameters%22%3A%5B1%5D%7D/text): {}
Oct 10, 2021 2:24:25 AM net.sourceforge.marathon.javaagent.server.JavaServer serve
INFO: GET(/session/6a8efae0-5792-40f7-ba65-92ef6cbc0ac5/element/3716b311-c70b-4f0c-9ae6-ea36f10efb8f%23%7B%22selector%22%3A%22nth-item%22%2C%22parameters%22%3A%5B1%5D%7D/text) = {data={"name":"getElementText","sessionId":"6a8efae0-5792-40f7-ba65-92ef6cbc0ac5","value":"Item","status":0}, status=OK}
Oct 10, 2021 2:24:25 AM net.sourceforge.marathon.javaagent.server.JavaServer serve
INFO: JavaServer.serve(GET /session/6a8efae0-5792-40f7-ba65-92ef6cbc0ac5/element/3716b311-c70b-4f0c-9ae6-ea36f10efb8f%23%7B%22selector%22%3A%22nth-item%22%2C%22parameters%22%3A%5B2%5D%7D/text): {}
Oct 10, 2021 2:24:25 AM net.sourceforge.marathon.javaagent.server.JavaServer serve
INFO: GET(/session/6a8efae0-5792-40f7-ba65-92ef6cbc0ac5/element/3716b311-c70b-4f0c-9ae6-ea36f10efb8f%23%7B%22selector%22%3A%22nth-item%22%2C%22parameters%22%3A%5B2%5D%7D/text) = {data={"name":"getElementText","sessionId":"6a8efae0-5792-40f7-ba65-92ef6cbc0ac5","value":"Last Price","status":0}, status=OK}
Oct 10, 2021 2:24:25 AM net.sourceforge.marathon.javaagent.server.JavaServer serve
INFO: JavaServer.serve(GET /session/6a8efae0-5792-40f7-ba65-92ef6cbc0ac5/element/3716b311-c70b-4f0c-9ae6-ea36f10efb8f%23%7B%22selector%22%3A%22nth-item%22%2C%22parameters%22%3A%5B3%5D%7D/text): {}
Oct 10, 2021 2:24:25 AM net.sourceforge.marathon.javaagent.server.JavaServer serve
INFO: GET(/session/6a8efae0-5792-40f7-ba65-92ef6cbc0ac5/element/3716b311-c70b-4f0c-9ae6-ea36f10efb8f%23%7B%22selector%22%3A%22nth-item%22%2C%22parameters%22%3A%5B3%5D%7D/text) = {data={"name":"getElementText","sessionId":"6a8efae0-5792-40f7-ba65-92ef6cbc0ac5","value":"Last Bid","status":0}, status=OK}
Oct 10, 2021 2:24:25 AM net.sourceforge.marathon.javaagent.server.JavaServer serve
INFO: JavaServer.serve(GET /session/6a8efae0-5792-40f7-ba65-92ef6cbc0ac5/element/3716b311-c70b-4f0c-9ae6-ea36f10efb8f%23%7B%22selector%22%3A%22nth-item%22%2C%22parameters%22%3A%5B4%5D%7D/text): {}
Oct 10, 2021 2:24:25 AM net.sourceforge.marathon.javaagent.server.JavaServer serve
INFO: GET(/session/6a8efae0-5792-40f7-ba65-92ef6cbc0ac5/element/3716b311-c70b-4f0c-9ae6-ea36f10efb8f%23%7B%22selector%22%3A%22nth-item%22%2C%22parameters%22%3A%5B4%5D%7D/text) = {data={"name":"getElementText","sessionId":"6a8efae0-5792-40f7-ba65-92ef6cbc0ac5","value":"State","status":0}, status=OK}
Oct 10, 2021 2:24:25 AM net.sourceforge.marathon.javaagent.server.JavaServer serve
INFO: JavaServer.serve(DELETE /session/6a8efae0-5792-40f7-ba65-92ef6cbc0ac5/window): {}
Oct 10, 2021 2:24:25 AM net.sourceforge.marathon.javaagent.server.JavaServer serve
INFO: DELETE(/session/6a8efae0-5792-40f7-ba65-92ef6cbc0ac5/window) = {data={"name":"closeSession","sessionId":"6a8efae0-5792-40f7-ba65-92ef6cbc0ac5","status":0}, status=OK}
Oct 10, 2021 2:24:25 AM net.sourceforge.marathon.javaagent.server.JavaServer serve
INFO: JavaServer.serve(POST /session): {
  "desiredCapabilities": {
    "browserName": "java",
    "platform": "ANY"
  },
  "capabilities": {
    "firstMatch": [
      {
        "browserName": "java"
      }
    ]
  }
}
Oct 10, 2021 2:24:25 AM net.sourceforge.marathon.javaagent.server.JavaServer createSession
INFO: Creating device with type: EVENT_QUEUE
Oct 10, 2021 2:24:25 AM net.sourceforge.marathon.javaagent.Device getDevice
INFO: Creating a EVENT_QUEUE device
Oct 10, 2021 2:24:25 AM net.sourceforge.marathon.javaagent.server.JavaServer serve
INFO: POST(/session, {"desiredCapabilities":{"browserName":"java","platform":"ANY"},"capabilities":{"firstMatch":[{"browserName":"java"}]}}) = {data=, status=REDIRECT}
Oct 10, 2021 2:24:25 AM net.sourceforge.marathon.javaagent.server.JavaServer serve
INFO: JavaServer.serve(GET /session/521328f8-dc97-4a4e-9e92-3c693c7ea6ab): {}
Oct 10, 2021 2:24:25 AM net.sourceforge.marathon.javaagent.server.JavaServer serve
INFO: GET(/session/521328f8-dc97-4a4e-9e92-3c693c7ea6ab) = {data={"name":"getCapabilities","sessionId":"521328f8-dc97-4a4e-9e92-3c693c7ea6ab","value":{"applicationCacheEnabled":false,"rotatable":false,"loggingPrefs":{"driver":"ALL"},"handlesAlerts":false,"databaseEnabled":false,"version":"1.0","platform":"ANY","browserConnectionEnabled":false,"nativeEvents":false,"acceptSslCerts":false,"locationContextEnabled":false,"webStorageEnabled":false,"browserName":"java","takesScreenshot":true,"javascriptEnabled":true,"cssSelectorsEnabled":false},"status":0}, status=OK}
Oct 10, 2021 2:24:25 AM org.openqa.selenium.remote.ProtocolHandshake createSession
INFO: Detected dialect: OSS
Oct 10, 2021 2:24:25 AM net.sourceforge.marathon.javaagent.server.JavaServer serve
INFO: JavaServer.serve(POST /session/521328f8-dc97-4a4e-9e92-3c693c7ea6ab/element): {
  "using": "name",
  "value": "new item id field"
}
Oct 10, 2021 2:24:25 AM net.sourceforge.marathon.javaagent.server.JavaServer serve
INFO: POST(/session/521328f8-dc97-4a4e-9e92-3c693c7ea6ab/element, {"using":"name","value":"new item id field"}) = {data={"name":"findElement","sessionId":"521328f8-dc97-4a4e-9e92-3c693c7ea6ab","value":{"ELEMENT":"0a48441a-bf78-4f20-bba6-984ecbd29be6"},"status":0}, status=OK}
Oct 10, 2021 2:24:25 AM net.sourceforge.marathon.javaagent.server.JavaServer serve
INFO: JavaServer.serve(POST /session/521328f8-dc97-4a4e-9e92-3c693c7ea6ab/element/0a48441a-bf78-4f20-bba6-984ecbd29be6/clear): {
  "id": "0a48441a-bf78-4f20-bba6-984ecbd29be6"
}
Oct 10, 2021 2:24:25 AM net.sourceforge.marathon.javaagent.server.JavaServer serve
INFO: POST(/session/521328f8-dc97-4a4e-9e92-3c693c7ea6ab/element/0a48441a-bf78-4f20-bba6-984ecbd29be6/clear, {"id":"0a48441a-bf78-4f20-bba6-984ecbd29be6"}) = {data={"name":"clearElement","sessionId":"521328f8-dc97-4a4e-9e92-3c693c7ea6ab","status":0}, status=OK}
Oct 10, 2021 2:24:25 AM net.sourceforge.marathon.javaagent.server.JavaServer serve
INFO: JavaServer.serve(POST /session/521328f8-dc97-4a4e-9e92-3c693c7ea6ab/element/0a48441a-bf78-4f20-bba6-984ecbd29be6/value): {
  "id": "0a48441a-bf78-4f20-bba6-984ecbd29be6",
  "value": [
    "an item-id"
  ]
}
Oct 10, 2021 2:24:25 AM net.sourceforge.marathon.javaagent.EventQueueDevice dispatchEvent
INFO: java.awt.event.KeyEvent[KEY_PRESSED,keyCode=65,keyText=A,keyChar='a',keyLocation=KEY_LOCATION_UNKNOWN,rawCode=0,primaryLevelUnicode=0,scancode=0,extendedKeyCode=0x0] on new item id field
Oct 10, 2021 2:24:25 AM net.sourceforge.marathon.javaagent.EventQueueDevice dispatchEvent
INFO: java.awt.event.KeyEvent[KEY_TYPED,keyCode=0,keyText=Unknown keyCode: 0x0,keyChar='a',keyLocation=KEY_LOCATION_UNKNOWN,rawCode=0,primaryLevelUnicode=0,scancode=0,extendedKeyCode=0x0] on new item id field
Oct 10, 2021 2:24:25 AM net.sourceforge.marathon.javaagent.EventQueueDevice dispatchEvent
INFO: java.awt.event.KeyEvent[KEY_RELEASED,keyCode=65,keyText=A,keyChar='a',keyLocation=KEY_LOCATION_UNKNOWN,rawCode=0,primaryLevelUnicode=0,scancode=0,extendedKeyCode=0x0] on new item id field
Oct 10, 2021 2:24:25 AM net.sourceforge.marathon.javaagent.EventQueueDevice dispatchEvent
INFO: java.awt.event.KeyEvent[KEY_PRESSED,keyCode=78,keyText=N,keyChar='n',keyLocation=KEY_LOCATION_UNKNOWN,rawCode=0,primaryLevelUnicode=0,scancode=0,extendedKeyCode=0x0] on new item id field
Oct 10, 2021 2:24:25 AM net.sourceforge.marathon.javaagent.EventQueueDevice dispatchEvent
INFO: java.awt.event.KeyEvent[KEY_TYPED,keyCode=0,keyText=Unknown keyCode: 0x0,keyChar='n',keyLocation=KEY_LOCATION_UNKNOWN,rawCode=0,primaryLevelUnicode=0,scancode=0,extendedKeyCode=0x0] on new item id field
Oct 10, 2021 2:24:25 AM net.sourceforge.marathon.javaagent.EventQueueDevice dispatchEvent
INFO: java.awt.event.KeyEvent[KEY_RELEASED,keyCode=78,keyText=N,keyChar='n',keyLocation=KEY_LOCATION_UNKNOWN,rawCode=0,primaryLevelUnicode=0,scancode=0,extendedKeyCode=0x0] on new item id field
Oct 10, 2021 2:24:25 AM net.sourceforge.marathon.javaagent.EventQueueDevice dispatchEvent
INFO: java.awt.event.KeyEvent[KEY_PRESSED,keyCode=16,keyText=Shift,keyChar=Undefined keyChar,modifiers=Shift,extModifiers=Shift,keyLocation=KEY_LOCATION_UNKNOWN,rawCode=0,primaryLevelUnicode=0,scancode=0,extendedKeyCode=0x0] on new item id field
Oct 10, 2021 2:24:25 AM net.sourceforge.marathon.javaagent.EventQueueDevice dispatchEvent
INFO: java.awt.event.KeyEvent[KEY_PRESSED,keyCode=32,keyText=Space,keyChar=' ',modifiers=Shift,extModifiers=Shift,keyLocation=KEY_LOCATION_UNKNOWN,rawCode=0,primaryLevelUnicode=0,scancode=0,extendedKeyCode=0x0] on new item id field
Oct 10, 2021 2:24:25 AM net.sourceforge.marathon.javaagent.EventQueueDevice dispatchEvent
INFO: java.awt.event.KeyEvent[KEY_TYPED,keyCode=0,keyText=Unknown keyCode: 0x0,keyChar=' ',modifiers=Shift,extModifiers=Shift,keyLocation=KEY_LOCATION_UNKNOWN,rawCode=0,primaryLevelUnicode=0,scancode=0,extendedKeyCode=0x0] on new item id field
Oct 10, 2021 2:24:25 AM net.sourceforge.marathon.javaagent.EventQueueDevice dispatchEvent
INFO: java.awt.event.KeyEvent[KEY_RELEASED,keyCode=32,keyText=Space,keyChar=' ',modifiers=Shift,extModifiers=Shift,keyLocation=KEY_LOCATION_UNKNOWN,rawCode=0,primaryLevelUnicode=0,scancode=0,extendedKeyCode=0x0] on new item id field
Oct 10, 2021 2:24:25 AM net.sourceforge.marathon.javaagent.EventQueueDevice dispatchEvent
INFO: java.awt.event.KeyEvent[KEY_RELEASED,keyCode=16,keyText=Shift,keyChar=Undefined keyChar,keyLocation=KEY_LOCATION_UNKNOWN,rawCode=0,primaryLevelUnicode=0,scancode=0,extendedKeyCode=0x0] on new item id field
Oct 10, 2021 2:24:25 AM net.sourceforge.marathon.javaagent.EventQueueDevice dispatchEvent
INFO: java.awt.event.KeyEvent[KEY_PRESSED,keyCode=73,keyText=I,keyChar='i',keyLocation=KEY_LOCATION_UNKNOWN,rawCode=0,primaryLevelUnicode=0,scancode=0,extendedKeyCode=0x0] on new item id field
Oct 10, 2021 2:24:25 AM net.sourceforge.marathon.javaagent.EventQueueDevice dispatchEvent
INFO: java.awt.event.KeyEvent[KEY_TYPED,keyCode=0,keyText=Unknown keyCode: 0x0,keyChar='i',keyLocation=KEY_LOCATION_UNKNOWN,rawCode=0,primaryLevelUnicode=0,scancode=0,extendedKeyCode=0x0] on new item id field
Oct 10, 2021 2:24:25 AM net.sourceforge.marathon.javaagent.EventQueueDevice dispatchEvent
INFO: java.awt.event.KeyEvent[KEY_RELEASED,keyCode=73,keyText=I,keyChar='i',keyLocation=KEY_LOCATION_UNKNOWN,rawCode=0,primaryLevelUnicode=0,scancode=0,extendedKeyCode=0x0] on new item id field
Oct 10, 2021 2:24:25 AM net.sourceforge.marathon.javaagent.EventQueueDevice dispatchEvent
INFO: java.awt.event.KeyEvent[KEY_PRESSED,keyCode=84,keyText=T,keyChar='t',keyLocation=KEY_LOCATION_UNKNOWN,rawCode=0,primaryLevelUnicode=0,scancode=0,extendedKeyCode=0x0] on new item id field
Oct 10, 2021 2:24:25 AM net.sourceforge.marathon.javaagent.EventQueueDevice dispatchEvent
INFO: java.awt.event.KeyEvent[KEY_TYPED,keyCode=0,keyText=Unknown keyCode: 0x0,keyChar='t',keyLocation=KEY_LOCATION_UNKNOWN,rawCode=0,primaryLevelUnicode=0,scancode=0,extendedKeyCode=0x0] on new item id field
Oct 10, 2021 2:24:25 AM net.sourceforge.marathon.javaagent.EventQueueDevice dispatchEvent
INFO: java.awt.event.KeyEvent[KEY_RELEASED,keyCode=84,keyText=T,keyChar='t',keyLocation=KEY_LOCATION_UNKNOWN,rawCode=0,primaryLevelUnicode=0,scancode=0,extendedKeyCode=0x0] on new item id field
Oct 10, 2021 2:24:25 AM net.sourceforge.marathon.javaagent.EventQueueDevice dispatchEvent
INFO: java.awt.event.KeyEvent[KEY_PRESSED,keyCode=69,keyText=E,keyChar='e',keyLocation=KEY_LOCATION_UNKNOWN,rawCode=0,primaryLevelUnicode=0,scancode=0,extendedKeyCode=0x0] on new item id field
Oct 10, 2021 2:24:25 AM net.sourceforge.marathon.javaagent.EventQueueDevice dispatchEvent
INFO: java.awt.event.KeyEvent[KEY_TYPED,keyCode=0,keyText=Unknown keyCode: 0x0,keyChar='e',keyLocation=KEY_LOCATION_UNKNOWN,rawCode=0,primaryLevelUnicode=0,scancode=0,extendedKeyCode=0x0] on new item id field
Oct 10, 2021 2:24:25 AM net.sourceforge.marathon.javaagent.EventQueueDevice dispatchEvent
INFO: java.awt.event.KeyEvent[KEY_RELEASED,keyCode=69,keyText=E,keyChar='e',keyLocation=KEY_LOCATION_UNKNOWN,rawCode=0,primaryLevelUnicode=0,scancode=0,extendedKeyCode=0x0] on new item id field
Oct 10, 2021 2:24:25 AM net.sourceforge.marathon.javaagent.EventQueueDevice dispatchEvent
INFO: java.awt.event.KeyEvent[KEY_PRESSED,keyCode=77,keyText=M,keyChar='m',keyLocation=KEY_LOCATION_UNKNOWN,rawCode=0,primaryLevelUnicode=0,scancode=0,extendedKeyCode=0x0] on new item id field
Oct 10, 2021 2:24:25 AM net.sourceforge.marathon.javaagent.EventQueueDevice dispatchEvent
INFO: java.awt.event.KeyEvent[KEY_TYPED,keyCode=0,keyText=Unknown keyCode: 0x0,keyChar='m',keyLocation=KEY_LOCATION_UNKNOWN,rawCode=0,primaryLevelUnicode=0,scancode=0,extendedKeyCode=0x0] on new item id field
Oct 10, 2021 2:24:25 AM net.sourceforge.marathon.javaagent.EventQueueDevice dispatchEvent
INFO: java.awt.event.KeyEvent[KEY_RELEASED,keyCode=77,keyText=M,keyChar='m',keyLocation=KEY_LOCATION_UNKNOWN,rawCode=0,primaryLevelUnicode=0,scancode=0,extendedKeyCode=0x0] on new item id field
Oct 10, 2021 2:24:25 AM net.sourceforge.marathon.javaagent.EventQueueDevice dispatchEvent
INFO: java.awt.event.KeyEvent[KEY_PRESSED,keyCode=45,keyText=Minus,keyChar='-',keyLocation=KEY_LOCATION_UNKNOWN,rawCode=0,primaryLevelUnicode=0,scancode=0,extendedKeyCode=0x0] on new item id field
Oct 10, 2021 2:24:25 AM net.sourceforge.marathon.javaagent.EventQueueDevice dispatchEvent
INFO: java.awt.event.KeyEvent[KEY_TYPED,keyCode=0,keyText=Unknown keyCode: 0x0,keyChar='-',keyLocation=KEY_LOCATION_UNKNOWN,rawCode=0,primaryLevelUnicode=0,scancode=0,extendedKeyCode=0x0] on new item id field
Oct 10, 2021 2:24:25 AM net.sourceforge.marathon.javaagent.EventQueueDevice dispatchEvent
INFO: java.awt.event.KeyEvent[KEY_RELEASED,keyCode=45,keyText=Minus,keyChar='-',keyLocation=KEY_LOCATION_UNKNOWN,rawCode=0,primaryLevelUnicode=0,scancode=0,extendedKeyCode=0x0] on new item id field
Oct 10, 2021 2:24:25 AM net.sourceforge.marathon.javaagent.EventQueueDevice dispatchEvent
INFO: java.awt.event.KeyEvent[KEY_PRESSED,keyCode=73,keyText=I,keyChar='i',keyLocation=KEY_LOCATION_UNKNOWN,rawCode=0,primaryLevelUnicode=0,scancode=0,extendedKeyCode=0x0] on new item id field
Oct 10, 2021 2:24:25 AM net.sourceforge.marathon.javaagent.EventQueueDevice dispatchEvent
INFO: java.awt.event.KeyEvent[KEY_TYPED,keyCode=0,keyText=Unknown keyCode: 0x0,keyChar='i',keyLocation=KEY_LOCATION_UNKNOWN,rawCode=0,primaryLevelUnicode=0,scancode=0,extendedKeyCode=0x0] on new item id field
Oct 10, 2021 2:24:25 AM net.sourceforge.marathon.javaagent.EventQueueDevice dispatchEvent
INFO: java.awt.event.KeyEvent[KEY_RELEASED,keyCode=73,keyText=I,keyChar='i',keyLocation=KEY_LOCATION_UNKNOWN,rawCode=0,primaryLevelUnicode=0,scancode=0,extendedKeyCode=0x0] on new item id field
Oct 10, 2021 2:24:25 AM net.sourceforge.marathon.javaagent.EventQueueDevice dispatchEvent
INFO: java.awt.event.KeyEvent[KEY_PRESSED,keyCode=68,keyText=D,keyChar='d',keyLocation=KEY_LOCATION_UNKNOWN,rawCode=0,primaryLevelUnicode=0,scancode=0,extendedKeyCode=0x0] on new item id field
Oct 10, 2021 2:24:25 AM net.sourceforge.marathon.javaagent.EventQueueDevice dispatchEvent
INFO: java.awt.event.KeyEvent[KEY_TYPED,keyCode=0,keyText=Unknown keyCode: 0x0,keyChar='d',keyLocation=KEY_LOCATION_UNKNOWN,rawCode=0,primaryLevelUnicode=0,scancode=0,extendedKeyCode=0x0] on new item id field
Oct 10, 2021 2:24:25 AM net.sourceforge.marathon.javaagent.EventQueueDevice dispatchEvent
INFO: java.awt.event.KeyEvent[KEY_RELEASED,keyCode=68,keyText=D,keyChar='d',keyLocation=KEY_LOCATION_UNKNOWN,rawCode=0,primaryLevelUnicode=0,scancode=0,extendedKeyCode=0x0] on new item id field
Oct 10, 2021 2:24:25 AM net.sourceforge.marathon.javaagent.server.JavaServer serve
INFO: POST(/session/521328f8-dc97-4a4e-9e92-3c693c7ea6ab/element/0a48441a-bf78-4f20-bba6-984ecbd29be6/value, {"id":"0a48441a-bf78-4f20-bba6-984ecbd29be6","value":["an item-id"]}) = {data={"name":"sendKeysElement","sessionId":"521328f8-dc97-4a4e-9e92-3c693c7ea6ab","status":0}, status=OK}
Oct 10, 2021 2:24:25 AM net.sourceforge.marathon.javaagent.server.JavaServer serve
INFO: JavaServer.serve(POST /session/521328f8-dc97-4a4e-9e92-3c693c7ea6ab/element): {
  "using": "name",
  "value": "new item stop price field"
}
Oct 10, 2021 2:24:25 AM net.sourceforge.marathon.javaagent.server.JavaServer serve
INFO: POST(/session/521328f8-dc97-4a4e-9e92-3c693c7ea6ab/element, {"using":"name","value":"new item stop price field"}) = {data={"name":"findElement","sessionId":"521328f8-dc97-4a4e-9e92-3c693c7ea6ab","value":{"ELEMENT":"5c51b90a-db5c-4549-9b29-da2b981b5cca"},"status":0}, status=OK}
Oct 10, 2021 2:24:25 AM net.sourceforge.marathon.javaagent.server.JavaServer serve
INFO: JavaServer.serve(POST /session/521328f8-dc97-4a4e-9e92-3c693c7ea6ab/element/5c51b90a-db5c-4549-9b29-da2b981b5cca/clear): {
  "id": "5c51b90a-db5c-4549-9b29-da2b981b5cca"
}
Oct 10, 2021 2:24:25 AM net.sourceforge.marathon.javaagent.server.JavaServer serve
INFO: POST(/session/521328f8-dc97-4a4e-9e92-3c693c7ea6ab/element/5c51b90a-db5c-4549-9b29-da2b981b5cca/clear, {"id":"5c51b90a-db5c-4549-9b29-da2b981b5cca"}) = {data={"name":"clearElement","sessionId":"521328f8-dc97-4a4e-9e92-3c693c7ea6ab","status":0}, status=OK}
Oct 10, 2021 2:24:25 AM net.sourceforge.marathon.javaagent.server.JavaServer serve
INFO: JavaServer.serve(POST /session/521328f8-dc97-4a4e-9e92-3c693c7ea6ab/element/5c51b90a-db5c-4549-9b29-da2b981b5cca/value): {
  "id": "5c51b90a-db5c-4549-9b29-da2b981b5cca",
  "value": [
    "11000"
  ]
}
Oct 10, 2021 2:24:25 AM net.sourceforge.marathon.javaagent.EventQueueDevice dispatchEvent
INFO: java.awt.event.KeyEvent[KEY_PRESSED,keyCode=49,keyText=1,keyChar='1',keyLocation=KEY_LOCATION_UNKNOWN,rawCode=0,primaryLevelUnicode=0,scancode=0,extendedKeyCode=0x0] on new item stop price field
Oct 10, 2021 2:24:25 AM net.sourceforge.marathon.javaagent.EventQueueDevice dispatchEvent
INFO: java.awt.event.KeyEvent[KEY_TYPED,keyCode=0,keyText=Unknown keyCode: 0x0,keyChar='1',keyLocation=KEY_LOCATION_UNKNOWN,rawCode=0,primaryLevelUnicode=0,scancode=0,extendedKeyCode=0x0] on new item stop price field
Oct 10, 2021 2:24:25 AM net.sourceforge.marathon.javaagent.EventQueueDevice dispatchEvent
INFO: java.awt.event.KeyEvent[KEY_RELEASED,keyCode=49,keyText=1,keyChar='1',keyLocation=KEY_LOCATION_UNKNOWN,rawCode=0,primaryLevelUnicode=0,scancode=0,extendedKeyCode=0x0] on new item stop price field
Oct 10, 2021 2:24:25 AM net.sourceforge.marathon.javaagent.EventQueueDevice dispatchEvent
INFO: java.awt.event.KeyEvent[KEY_PRESSED,keyCode=49,keyText=1,keyChar='1',keyLocation=KEY_LOCATION_UNKNOWN,rawCode=0,primaryLevelUnicode=0,scancode=0,extendedKeyCode=0x0] on new item stop price field
Oct 10, 2021 2:24:25 AM net.sourceforge.marathon.javaagent.EventQueueDevice dispatchEvent
INFO: java.awt.event.KeyEvent[KEY_TYPED,keyCode=0,keyText=Unknown keyCode: 0x0,keyChar='1',keyLocation=KEY_LOCATION_UNKNOWN,rawCode=0,primaryLevelUnicode=0,scancode=0,extendedKeyCode=0x0] on new item stop price field
Oct 10, 2021 2:24:25 AM net.sourceforge.marathon.javaagent.EventQueueDevice dispatchEvent
INFO: java.awt.event.KeyEvent[KEY_RELEASED,keyCode=49,keyText=1,keyChar='1',keyLocation=KEY_LOCATION_UNKNOWN,rawCode=0,primaryLevelUnicode=0,scancode=0,extendedKeyCode=0x0] on new item stop price field
Oct 10, 2021 2:24:25 AM net.sourceforge.marathon.javaagent.EventQueueDevice dispatchEvent
INFO: java.awt.event.KeyEvent[KEY_PRESSED,keyCode=48,keyText=0,keyChar='0',keyLocation=KEY_LOCATION_UNKNOWN,rawCode=0,primaryLevelUnicode=0,scancode=0,extendedKeyCode=0x0] on new item stop price field
Oct 10, 2021 2:24:25 AM net.sourceforge.marathon.javaagent.EventQueueDevice dispatchEvent
INFO: java.awt.event.KeyEvent[KEY_TYPED,keyCode=0,keyText=Unknown keyCode: 0x0,keyChar='0',keyLocation=KEY_LOCATION_UNKNOWN,rawCode=0,primaryLevelUnicode=0,scancode=0,extendedKeyCode=0x0] on new item stop price field
Oct 10, 2021 2:24:25 AM net.sourceforge.marathon.javaagent.EventQueueDevice dispatchEvent
INFO: java.awt.event.KeyEvent[KEY_RELEASED,keyCode=48,keyText=0,keyChar='0',keyLocation=KEY_LOCATION_UNKNOWN,rawCode=0,primaryLevelUnicode=0,scancode=0,extendedKeyCode=0x0] on new item stop price field
Oct 10, 2021 2:24:25 AM net.sourceforge.marathon.javaagent.EventQueueDevice dispatchEvent
INFO: java.awt.event.KeyEvent[KEY_PRESSED,keyCode=48,keyText=0,keyChar='0',keyLocation=KEY_LOCATION_UNKNOWN,rawCode=0,primaryLevelUnicode=0,scancode=0,extendedKeyCode=0x0] on new item stop price field
Oct 10, 2021 2:24:25 AM net.sourceforge.marathon.javaagent.EventQueueDevice dispatchEvent
INFO: java.awt.event.KeyEvent[KEY_TYPED,keyCode=0,keyText=Unknown keyCode: 0x0,keyChar='0',keyLocation=KEY_LOCATION_UNKNOWN,rawCode=0,primaryLevelUnicode=0,scancode=0,extendedKeyCode=0x0] on new item stop price field
Oct 10, 2021 2:24:25 AM net.sourceforge.marathon.javaagent.EventQueueDevice dispatchEvent
INFO: java.awt.event.KeyEvent[KEY_RELEASED,keyCode=48,keyText=0,keyChar='0',keyLocation=KEY_LOCATION_UNKNOWN,rawCode=0,primaryLevelUnicode=0,scancode=0,extendedKeyCode=0x0] on new item stop price field
Oct 10, 2021 2:24:25 AM net.sourceforge.marathon.javaagent.EventQueueDevice dispatchEvent
INFO: java.awt.event.KeyEvent[KEY_PRESSED,keyCode=48,keyText=0,keyChar='0',keyLocation=KEY_LOCATION_UNKNOWN,rawCode=0,primaryLevelUnicode=0,scancode=0,extendedKeyCode=0x0] on new item stop price field
Oct 10, 2021 2:24:25 AM net.sourceforge.marathon.javaagent.EventQueueDevice dispatchEvent
INFO: java.awt.event.KeyEvent[KEY_TYPED,keyCode=0,keyText=Unknown keyCode: 0x0,keyChar='0',keyLocation=KEY_LOCATION_UNKNOWN,rawCode=0,primaryLevelUnicode=0,scancode=0,extendedKeyCode=0x0] on new item stop price field
Oct 10, 2021 2:24:25 AM net.sourceforge.marathon.javaagent.EventQueueDevice dispatchEvent
INFO: java.awt.event.KeyEvent[KEY_RELEASED,keyCode=48,keyText=0,keyChar='0',keyLocation=KEY_LOCATION_UNKNOWN,rawCode=0,primaryLevelUnicode=0,scancode=0,extendedKeyCode=0x0] on new item stop price field
Oct 10, 2021 2:24:25 AM net.sourceforge.marathon.javaagent.server.JavaServer serve
INFO: POST(/session/521328f8-dc97-4a4e-9e92-3c693c7ea6ab/element/5c51b90a-db5c-4549-9b29-da2b981b5cca/value, {"id":"5c51b90a-db5c-4549-9b29-da2b981b5cca","value":["11000"]}) = {data={"name":"sendKeysElement","sessionId":"521328f8-dc97-4a4e-9e92-3c693c7ea6ab","status":0}, status=OK}
Oct 10, 2021 2:24:25 AM net.sourceforge.marathon.javaagent.server.JavaServer serve
INFO: JavaServer.serve(POST /session/521328f8-dc97-4a4e-9e92-3c693c7ea6ab/element): {
  "using": "name",
  "value": "join button"
}
Oct 10, 2021 2:24:25 AM net.sourceforge.marathon.javaagent.server.JavaServer serve
INFO: POST(/session/521328f8-dc97-4a4e-9e92-3c693c7ea6ab/element, {"using":"name","value":"join button"}) = {data={"name":"findElement","sessionId":"521328f8-dc97-4a4e-9e92-3c693c7ea6ab","value":{"ELEMENT":"65c05ebc-6347-46b1-8077-18da32a0acb4"},"status":0}, status=OK}
Oct 10, 2021 2:24:25 AM net.sourceforge.marathon.javaagent.server.JavaServer serve
INFO: JavaServer.serve(POST /session/521328f8-dc97-4a4e-9e92-3c693c7ea6ab/element/65c05ebc-6347-46b1-8077-18da32a0acb4/click): {
  "id": "65c05ebc-6347-46b1-8077-18da32a0acb4"
}
Oct 10, 2021 2:24:25 AM net.sourceforge.marathon.javaagent.EventQueueDevice dispatchEvent
INFO: java.awt.event.MouseEvent[MOUSE_PRESSED,(58,12),absolute(589,17),button=1,modifiers=Button1,extModifiers=Button1,clickCount=1] on join button
Oct 10, 2021 2:24:25 AM net.sourceforge.marathon.javaagent.EventQueueDevice dispatchEvent
INFO: java.awt.event.MouseEvent[MOUSE_RELEASED,(58,12),absolute(589,17),button=1,modifiers=Button1,clickCount=1] on join button
Oct 10, 2021 2:24:25 AM net.sourceforge.marathon.javaagent.EventQueueDevice dispatchEvent
INFO: java.awt.event.MouseEvent[MOUSE_CLICKED,(58,12),absolute(589,17),button=1,modifiers=Button1,clickCount=1] on join button
Oct 10, 2021 2:24:25 AM net.sourceforge.marathon.javaagent.server.JavaServer serve
INFO: POST(/session/521328f8-dc97-4a4e-9e92-3c693c7ea6ab/element/65c05ebc-6347-46b1-8077-18da32a0acb4/click, {"id":"65c05ebc-6347-46b1-8077-18da32a0acb4"}) = {data={"name":"clickElement","sessionId":"521328f8-dc97-4a4e-9e92-3c693c7ea6ab","status":0}, status=OK}
Oct 10, 2021 2:24:26 AM net.sourceforge.marathon.javaagent.server.JavaServer serve
INFO: JavaServer.serve(DELETE /session/521328f8-dc97-4a4e-9e92-3c693c7ea6ab/window): {}
Oct 10, 2021 2:24:26 AM net.sourceforge.marathon.javaagent.server.JavaServer serve
INFO: DELETE(/session/521328f8-dc97-4a4e-9e92-3c693c7ea6ab/window) = {data={"name":"closeSession","sessionId":"521328f8-dc97-4a4e-9e92-3c693c7ea6ab","status":0}, status=OK}
Oct 10, 2021 2:24:26 AM net.sourceforge.marathon.javaagent.server.JavaServer serve
INFO: JavaServer.serve(POST /session): {
  "desiredCapabilities": {
    "browserName": "java",
    "platform": "ANY"
  },
  "capabilities": {
    "firstMatch": [
      {
        "browserName": "java"
      }
    ]
  }
}
Oct 10, 2021 2:24:26 AM net.sourceforge.marathon.javaagent.server.JavaServer createSession
INFO: Creating device with type: EVENT_QUEUE
Oct 10, 2021 2:24:26 AM net.sourceforge.marathon.javaagent.Device getDevice
INFO: Creating a EVENT_QUEUE device
Oct 10, 2021 2:24:26 AM net.sourceforge.marathon.javaagent.server.JavaServer serve
INFO: POST(/session, {"desiredCapabilities":{"browserName":"java","platform":"ANY"},"capabilities":{"firstMatch":[{"browserName":"java"}]}}) = {data=, status=REDIRECT}
Oct 10, 2021 2:24:26 AM net.sourceforge.marathon.javaagent.server.JavaServer serve
INFO: JavaServer.serve(GET /session/6d89868e-359f-415f-9631-a85b8e6cfcef): {}
Oct 10, 2021 2:24:26 AM net.sourceforge.marathon.javaagent.server.JavaServer serve
INFO: GET(/session/6d89868e-359f-415f-9631-a85b8e6cfcef) = {data={"name":"getCapabilities","sessionId":"6d89868e-359f-415f-9631-a85b8e6cfcef","value":{"applicationCacheEnabled":false,"rotatable":false,"loggingPrefs":{"driver":"ALL"},"handlesAlerts":false,"databaseEnabled":false,"version":"1.0","platform":"ANY","browserConnectionEnabled":false,"nativeEvents":false,"acceptSslCerts":false,"locationContextEnabled":false,"webStorageEnabled":false,"browserName":"java","takesScreenshot":true,"javascriptEnabled":true,"cssSelectorsEnabled":false},"status":0}, status=OK}
Oct 10, 2021 2:24:26 AM org.openqa.selenium.remote.ProtocolHandshake createSession
INFO: Detected dialect: OSS
Oct 10, 2021 2:24:26 AM net.sourceforge.marathon.javaagent.server.JavaServer serve
INFO: JavaServer.serve(POST /session/6d89868e-359f-415f-9631-a85b8e6cfcef/element): {
  "using": "name",
  "value": "sniper reset button"
}
Oct 10, 2021 2:24:26 AM net.sourceforge.marathon.javaagent.server.JavaServer serve
INFO: POST(/session/6d89868e-359f-415f-9631-a85b8e6cfcef/element, {"using":"name","value":"sniper reset button"}) = {data={"name":"findElement","sessionId":"6d89868e-359f-415f-9631-a85b8e6cfcef","value":{"ELEMENT":"a7746695-094a-4f6a-bbec-064fc0fe413a"},"status":0}, status=OK}
Oct 10, 2021 2:24:26 AM net.sourceforge.marathon.javaagent.server.JavaServer serve
INFO: JavaServer.serve(POST /session/6d89868e-359f-415f-9631-a85b8e6cfcef/element/a7746695-094a-4f6a-bbec-064fc0fe413a/click): {
  "id": "a7746695-094a-4f6a-bbec-064fc0fe413a"
}
Oct 10, 2021 2:24:26 AM net.sourceforge.marathon.javaagent.EventQueueDevice dispatchEvent
INFO: java.awt.event.MouseEvent[MOUSE_PRESSED,(37,12),absolute(326,474),button=1,modifiers=Button1,extModifiers=Button1,clickCount=1] on sniper reset button
Oct 10, 2021 2:24:26 AM net.sourceforge.marathon.javaagent.EventQueueDevice dispatchEvent
INFO: java.awt.event.MouseEvent[MOUSE_RELEASED,(37,12),absolute(326,474),button=1,modifiers=Button1,clickCount=1] on sniper reset button
Oct 10, 2021 2:24:26 AM net.sourceforge.marathon.javaagent.EventQueueDevice dispatchEvent
INFO: java.awt.event.MouseEvent[MOUSE_CLICKED,(37,12),absolute(326,474),button=1,modifiers=Button1,clickCount=1] on sniper reset button
Oct 10, 2021 2:24:26 AM net.sourceforge.marathon.javaagent.server.JavaServer serve
INFO: POST(/session/6d89868e-359f-415f-9631-a85b8e6cfcef/element/a7746695-094a-4f6a-bbec-064fc0fe413a/click, {"id":"a7746695-094a-4f6a-bbec-064fc0fe413a"}) = {data={"name":"clickElement","sessionId":"6d89868e-359f-415f-9631-a85b8e6cfcef","status":0}, status=OK}
Oct 10, 2021 2:24:26 AM net.sourceforge.marathon.javaagent.server.JavaServer serve
INFO: JavaServer.serve(DELETE /session/6d89868e-359f-415f-9631-a85b8e6cfcef/window): {}
Oct 10, 2021 2:24:26 AM net.sourceforge.marathon.javaagent.server.JavaServer serve
INFO: DELETE(/session/6d89868e-359f-415f-9631-a85b8e6cfcef/window) = {data={"name":"closeSession","sessionId":"6d89868e-359f-415f-9631-a85b8e6cfcef","status":0}, status=OK}
]]></system-err>
</testsuite>
