<?xml version="1.0" encoding="UTF-8"?>
<testsuite name="goos.ui.swing.MainWindowTest" tests="3" skipped="0" failures="0" errors="0" timestamp="2021-11-23T02:24:15" hostname="buildkitsandbox" time="3.483">
  <properties/>
  <testcase name="window has expected features" classname="goos.ui.swing.MainWindowTest" time="2.603"/>
  <testcase name="make user request when join button clicked" classname="goos.ui.swing.MainWindowTest" time="0.697"/>
  <testcase name="make user request when reset button clicked" classname="goos.ui.swing.MainWindowTest" time="0.178"/>
  <system-out><![CDATA[]]></system-out>
  <system-err><![CDATA[Nov 23, 2021 2:24:16 AM io.mockk.impl.log.JULLogger warn
WARNING: Failed to transform class goos/ui/api/UserRequestListener
java.lang.IllegalArgumentException: Unsupported class file major version 59
	at net.bytebuddy.jar.asm.ClassReader.<init>(ClassReader.java:176)
	at net.bytebuddy.jar.asm.ClassReader.<init>(ClassReader.java:158)
	at net.bytebuddy.jar.asm.ClassReader.<init>(ClassReader.java:146)
	at net.bytebuddy.utility.OpenedClassReader.of(OpenedClassReader.java:69)
	at net.bytebuddy.dynamic.scaffold.TypeWriter$Default$ForInlining.create(TypeWriter.java:2877)
	at net.bytebuddy.dynamic.scaffold.TypeWriter$Default.make(TypeWriter.java:1653)
	at net.bytebuddy.dynamic.scaffold.inline.RedefinitionDynamicTypeBuilder.make(RedefinitionDynamicTypeBuilder.java:180)
	at net.bytebuddy.dynamic.scaffold.inline.AbstractInliningDynamicTypeBuilder.make(AbstractInliningDynamicTypeBuilder.java:94)
	at net.bytebuddy.dynamic.DynamicType$Builder$AbstractBase.make(DynamicType.java:2669)
	at io.mockk.proxy.jvm.transformation.InliningClassTransformer.transform(InliningClassTransformer.kt:78)
	at java.instrument/java.lang.instrument.ClassFileTransformer.transform(ClassFileTransformer.java:246)
	at java.instrument/sun.instrument.TransformerManager.transform(TransformerManager.java:188)
	at java.instrument/sun.instrument.InstrumentationImpl.transform(InstrumentationImpl.java:563)
	at java.instrument/sun.instrument.InstrumentationImpl.retransformClasses0(Native Method)
	at java.instrument/sun.instrument.InstrumentationImpl.retransformClasses(InstrumentationImpl.java:167)
	at io.mockk.proxy.jvm.transformation.JvmInlineInstrumentation.retransform(JvmInlineInstrumentation.kt:28)
	at io.mockk.proxy.common.transformation.RetransformInlineInstrumnetation$execute$1.invoke(RetransformInlineInstrumnetation.kt:19)
	at io.mockk.proxy.common.transformation.RetransformInlineInstrumnetation$execute$1.invoke(RetransformInlineInstrumnetation.kt:6)
	at io.mockk.proxy.common.transformation.ClassTransformationSpecMap.applyTransformation(ClassTransformationSpecMap.kt:41)
	at io.mockk.proxy.common.transformation.RetransformInlineInstrumnetation.execute(RetransformInlineInstrumnetation.kt:16)
	at io.mockk.proxy.jvm.ProxyMaker.inline(ProxyMaker.kt:88)
	at io.mockk.proxy.jvm.ProxyMaker.proxy(ProxyMaker.kt:30)
	at io.mockk.impl.instantiation.JvmMockFactory.newProxy(JvmMockFactory.kt:34)
	at io.mockk.impl.instantiation.AbstractMockFactory.newProxy$default(AbstractMockFactory.kt:29)
	at io.mockk.impl.instantiation.AbstractMockFactory.mockk(AbstractMockFactory.kt:59)
	at goos.ui.swing.MainWindowTest$1$1.invokeSuspend(MainWindowTest.kt:90)
	at goos.ui.swing.MainWindowTest$1$1.invoke(MainWindowTest.kt)
	at goos.ui.swing.MainWindowTest$1$1.invoke(MainWindowTest.kt)
	at io.kotest.core.TestConfiguration$beforeTest$1.beforeTest(TestConfiguration.kt:137)
	at io.kotest.core.spec.LifecycleKt.invokeAllBeforeTestCallbacks(lifecycle.kt:76)
	at io.kotest.core.internal.TestCaseExecutor.executeActiveTest(TestCaseExecutor.kt:152)
	at io.kotest.core.internal.TestCaseExecutor.access$executeActiveTest(TestCaseExecutor.kt:57)
	at io.kotest.core.internal.TestCaseExecutor$intercept$innerExecute$1$1.invokeSuspend(TestCaseExecutor.kt:89)
	at io.kotest.core.internal.TestCaseExecutor$intercept$innerExecute$1$1.invoke(TestCaseExecutor.kt)
	at io.kotest.core.internal.TestCaseExecutor$intercept$innerExecute$1$1.invoke(TestCaseExecutor.kt)
	at io.kotest.core.internal.TestCaseExecutor.executeIfEnabled(TestCaseExecutor.kt:117)
	at io.kotest.core.internal.TestCaseExecutor.access$executeIfEnabled(TestCaseExecutor.kt:57)
	at io.kotest.core.internal.TestCaseExecutor$intercept$innerExecute$1.invokeSuspend(TestCaseExecutor.kt:89)
	at io.kotest.core.internal.TestCaseExecutor$intercept$innerExecute$1.invoke(TestCaseExecutor.kt)
	at io.kotest.core.internal.TestCaseExecutor$intercept$innerExecute$1.invoke(TestCaseExecutor.kt)
	at io.kotest.core.internal.TestCaseExecutor.intercept(TestCaseExecutor.kt:103)
	at io.kotest.core.internal.TestCaseExecutor.execute(TestCaseExecutor.kt:69)
	at io.kotest.engine.spec.runners.SingleInstanceSpecRunner.runTest(SingleInstanceSpecRunner.kt:104)
	at io.kotest.engine.spec.runners.SingleInstanceSpecRunner.access$runTest(SingleInstanceSpecRunner.kt:34)
	at io.kotest.engine.spec.runners.SingleInstanceSpecRunner$execute$interceptAndRun$2$4.invokeSuspend(SingleInstanceSpecRunner.kt:57)
	at io.kotest.engine.spec.runners.SingleInstanceSpecRunner$execute$interceptAndRun$2$4.invoke(SingleInstanceSpecRunner.kt)
	at io.kotest.engine.spec.runners.SingleInstanceSpecRunner$execute$interceptAndRun$2$4.invoke(SingleInstanceSpecRunner.kt)
	at io.kotest.engine.launchers.SequentialTestLauncher$launch$3$1$1.invokeSuspend(SequentialTestLauncher.kt:22)
	at kotlin.coroutines.jvm.internal.BaseContinuationImpl.resumeWith(ContinuationImpl.kt:33)
	at kotlinx.coroutines.DispatchedTask.run(DispatchedTask.kt:106)
	at java.base/java.util.concurrent.ThreadPoolExecutor.runWorker(ThreadPoolExecutor.java:1130)
	at java.base/java.util.concurrent.ThreadPoolExecutor$Worker.run(ThreadPoolExecutor.java:630)
	at java.base/java.lang.Thread.run(Thread.java:832)

Nov 23, 2021 2:24:17 AM net.sourceforge.marathon.javaagent.server.JavaServer serve
INFO: JavaServer.serve(POST /session): {
  "desiredCapabilities": {
    "browserName": "java",
    "platform": "ANY"
  },
  "capabilities": {
    "firstMatch": [
      {
        "browserName": "java"
      }
    ]
  }
}
Nov 23, 2021 2:24:17 AM net.sourceforge.marathon.javaagent.server.JavaServer createSession
INFO: Creating device with type: EVENT_QUEUE
Nov 23, 2021 2:24:17 AM net.sourceforge.marathon.javaagent.Device getDevice
INFO: Creating a EVENT_QUEUE device
Nov 23, 2021 2:24:17 AM net.sourceforge.marathon.javaagent.server.JavaServer serve
INFO: POST(/session, {"desiredCapabilities":{"browserName":"java","platform":"ANY"},"capabilities":{"firstMatch":[{"browserName":"java"}]}}) = {data=, status=REDIRECT}
Nov 23, 2021 2:24:17 AM net.sourceforge.marathon.javaagent.server.JavaServer serve
INFO: JavaServer.serve(GET /session/1bb787a0-c5fe-4aea-b82a-c249db3502b3): {}
Nov 23, 2021 2:24:17 AM net.sourceforge.marathon.javaagent.server.JavaServer serve
INFO: GET(/session/1bb787a0-c5fe-4aea-b82a-c249db3502b3) = {data={"name":"getCapabilities","sessionId":"1bb787a0-c5fe-4aea-b82a-c249db3502b3","value":{"applicationCacheEnabled":false,"rotatable":false,"loggingPrefs":{"driver":"ALL"},"handlesAlerts":false,"databaseEnabled":false,"version":"1.0","platform":"ANY","browserConnectionEnabled":false,"nativeEvents":false,"acceptSslCerts":false,"locationContextEnabled":false,"webStorageEnabled":false,"browserName":"java","takesScreenshot":true,"javascriptEnabled":true,"cssSelectorsEnabled":false},"status":0}, status=OK}
Nov 23, 2021 2:24:17 AM org.openqa.selenium.remote.ProtocolHandshake createSession
INFO: Detected dialect: OSS
Nov 23, 2021 2:24:17 AM net.sourceforge.marathon.javaagent.server.JavaServer serve
INFO: JavaServer.serve(POST /session/1bb787a0-c5fe-4aea-b82a-c249db3502b3/element): {
  "using": "css selector",
  "value": "."
}
Nov 23, 2021 2:24:17 AM net.sourceforge.marathon.javaagent.server.JavaServer serve
INFO: POST(/session/1bb787a0-c5fe-4aea-b82a-c249db3502b3/element, {"using":"css selector","value":"."}) = {data={"name":"findElement","sessionId":"1bb787a0-c5fe-4aea-b82a-c249db3502b3","value":{"ELEMENT":"63615ba3-2cb5-4b0d-ad88-102c8abc5fef"},"status":0}, status=OK}
Nov 23, 2021 2:24:18 AM net.sourceforge.marathon.javaagent.server.JavaServer serve
INFO: JavaServer.serve(GET /session/1bb787a0-c5fe-4aea-b82a-c249db3502b3/element/63615ba3-2cb5-4b0d-ad88-102c8abc5fef/attribute/name): {}
Nov 23, 2021 2:24:18 AM net.sourceforge.marathon.javaagent.server.JavaServer serve
INFO: GET(/session/1bb787a0-c5fe-4aea-b82a-c249db3502b3/element/63615ba3-2cb5-4b0d-ad88-102c8abc5fef/attribute/name) = {data={"name":"getElementAttribute","sessionId":"1bb787a0-c5fe-4aea-b82a-c249db3502b3","value":"Auction Sniper Name","status":0}, status=OK}
Nov 23, 2021 2:24:18 AM net.sourceforge.marathon.javaagent.server.JavaServer serve
INFO: JavaServer.serve(POST /session/1bb787a0-c5fe-4aea-b82a-c249db3502b3/element): {
  "using": "css selector",
  "value": "."
}
Nov 23, 2021 2:24:18 AM net.sourceforge.marathon.javaagent.server.JavaServer serve
INFO: POST(/session/1bb787a0-c5fe-4aea-b82a-c249db3502b3/element, {"using":"css selector","value":"."}) = {data={"name":"findElement","sessionId":"1bb787a0-c5fe-4aea-b82a-c249db3502b3","value":{"ELEMENT":"63615ba3-2cb5-4b0d-ad88-102c8abc5fef"},"status":0}, status=OK}
Nov 23, 2021 2:24:18 AM net.sourceforge.marathon.javaagent.server.JavaServer serve
INFO: JavaServer.serve(GET /session/1bb787a0-c5fe-4aea-b82a-c249db3502b3/element/63615ba3-2cb5-4b0d-ad88-102c8abc5fef/displayed): {}
Nov 23, 2021 2:24:18 AM net.sourceforge.marathon.javaagent.server.JavaServer serve
INFO: GET(/session/1bb787a0-c5fe-4aea-b82a-c249db3502b3/element/63615ba3-2cb5-4b0d-ad88-102c8abc5fef/displayed) = {data={"name":"isDisplayed","sessionId":"1bb787a0-c5fe-4aea-b82a-c249db3502b3","value":true,"status":0}, status=OK}
Nov 23, 2021 2:24:18 AM net.sourceforge.marathon.javaagent.server.JavaServer serve
INFO: JavaServer.serve(GET /session/1bb787a0-c5fe-4aea-b82a-c249db3502b3/title): {}
Nov 23, 2021 2:24:18 AM net.sourceforge.marathon.javaagent.server.JavaServer serve
INFO: GET(/session/1bb787a0-c5fe-4aea-b82a-c249db3502b3/title) = {data={"name":"getWindowTitle","sessionId":"1bb787a0-c5fe-4aea-b82a-c249db3502b3","value":"Auction Sniper","status":0}, status=OK}
Nov 23, 2021 2:24:18 AM net.sourceforge.marathon.javaagent.server.JavaServer serve
INFO: JavaServer.serve(POST /session/1bb787a0-c5fe-4aea-b82a-c249db3502b3/element): {
  "using": "name",
  "value": "snipers table"
}
Nov 23, 2021 2:24:18 AM net.sourceforge.marathon.javaagent.server.JavaServer serve
INFO: POST(/session/1bb787a0-c5fe-4aea-b82a-c249db3502b3/element, {"using":"name","value":"snipers table"}) = {data={"name":"findElement","sessionId":"1bb787a0-c5fe-4aea-b82a-c249db3502b3","value":{"ELEMENT":"4a4fe5b1-bd27-499c-a6d0-0080888182db"},"status":0}, status=OK}
Nov 23, 2021 2:24:18 AM net.sourceforge.marathon.javaagent.server.JavaServer serve
INFO: JavaServer.serve(POST /session/1bb787a0-c5fe-4aea-b82a-c249db3502b3/element/4a4fe5b1-bd27-499c-a6d0-0080888182db/elements): {
  "id": "4a4fe5b1-bd27-499c-a6d0-0080888182db",
  "using": "css selector",
  "value": ".::header.::all-items"
}
Nov 23, 2021 2:24:18 AM net.sourceforge.marathon.javaagent.server.JavaServer serve
INFO: POST(/session/1bb787a0-c5fe-4aea-b82a-c249db3502b3/element/4a4fe5b1-bd27-499c-a6d0-0080888182db/elements, {"using":"css selector","id":"4a4fe5b1-bd27-499c-a6d0-0080888182db","value":".::header.::all-items"}) = {data={"name":"findElementsOfElement","sessionId":"1bb787a0-c5fe-4aea-b82a-c249db3502b3","value":[{"ELEMENT":"eae4793d-2199-4dc8-8678-ef815e9e5b93%23%7B%22selector%22%3A%22nth-item%22%2C%22parameters%22%3A%5B1%5D%7D"},{"ELEMENT":"eae4793d-2199-4dc8-8678-ef815e9e5b93%23%7B%22selector%22%3A%22nth-item%22%2C%22parameters%22%3A%5B2%5D%7D"},{"ELEMENT":"eae4793d-2199-4dc8-8678-ef815e9e5b93%23%7B%22selector%22%3A%22nth-item%22%2C%22parameters%22%3A%5B3%5D%7D"},{"ELEMENT":"eae4793d-2199-4dc8-8678-ef815e9e5b93%23%7B%22selector%22%3A%22nth-item%22%2C%22parameters%22%3A%5B4%5D%7D"}],"status":0}, status=OK}
Nov 23, 2021 2:24:18 AM net.sourceforge.marathon.javaagent.server.JavaServer serve
INFO: JavaServer.serve(GET /session/1bb787a0-c5fe-4aea-b82a-c249db3502b3/element/eae4793d-2199-4dc8-8678-ef815e9e5b93%23%7B%22selector%22%3A%22nth-item%22%2C%22parameters%22%3A%5B1%5D%7D/text): {}
Nov 23, 2021 2:24:18 AM net.sourceforge.marathon.javaagent.server.JavaServer serve
INFO: GET(/session/1bb787a0-c5fe-4aea-b82a-c249db3502b3/element/eae4793d-2199-4dc8-8678-ef815e9e5b93%23%7B%22selector%22%3A%22nth-item%22%2C%22parameters%22%3A%5B1%5D%7D/text) = {data={"name":"getElementText","sessionId":"1bb787a0-c5fe-4aea-b82a-c249db3502b3","value":"Item","status":0}, status=OK}
Nov 23, 2021 2:24:18 AM net.sourceforge.marathon.javaagent.server.JavaServer serve
INFO: JavaServer.serve(GET /session/1bb787a0-c5fe-4aea-b82a-c249db3502b3/element/eae4793d-2199-4dc8-8678-ef815e9e5b93%23%7B%22selector%22%3A%22nth-item%22%2C%22parameters%22%3A%5B2%5D%7D/text): {}
Nov 23, 2021 2:24:18 AM net.sourceforge.marathon.javaagent.server.JavaServer serve
INFO: GET(/session/1bb787a0-c5fe-4aea-b82a-c249db3502b3/element/eae4793d-2199-4dc8-8678-ef815e9e5b93%23%7B%22selector%22%3A%22nth-item%22%2C%22parameters%22%3A%5B2%5D%7D/text) = {data={"name":"getElementText","sessionId":"1bb787a0-c5fe-4aea-b82a-c249db3502b3","value":"Last Price","status":0}, status=OK}
Nov 23, 2021 2:24:18 AM net.sourceforge.marathon.javaagent.server.JavaServer serve
INFO: JavaServer.serve(GET /session/1bb787a0-c5fe-4aea-b82a-c249db3502b3/element/eae4793d-2199-4dc8-8678-ef815e9e5b93%23%7B%22selector%22%3A%22nth-item%22%2C%22parameters%22%3A%5B3%5D%7D/text): {}
Nov 23, 2021 2:24:18 AM net.sourceforge.marathon.javaagent.server.JavaServer serve
INFO: GET(/session/1bb787a0-c5fe-4aea-b82a-c249db3502b3/element/eae4793d-2199-4dc8-8678-ef815e9e5b93%23%7B%22selector%22%3A%22nth-item%22%2C%22parameters%22%3A%5B3%5D%7D/text) = {data={"name":"getElementText","sessionId":"1bb787a0-c5fe-4aea-b82a-c249db3502b3","value":"Last Bid","status":0}, status=OK}
Nov 23, 2021 2:24:18 AM net.sourceforge.marathon.javaagent.server.JavaServer serve
INFO: JavaServer.serve(GET /session/1bb787a0-c5fe-4aea-b82a-c249db3502b3/element/eae4793d-2199-4dc8-8678-ef815e9e5b93%23%7B%22selector%22%3A%22nth-item%22%2C%22parameters%22%3A%5B4%5D%7D/text): {}
Nov 23, 2021 2:24:18 AM net.sourceforge.marathon.javaagent.server.JavaServer serve
INFO: GET(/session/1bb787a0-c5fe-4aea-b82a-c249db3502b3/element/eae4793d-2199-4dc8-8678-ef815e9e5b93%23%7B%22selector%22%3A%22nth-item%22%2C%22parameters%22%3A%5B4%5D%7D/text) = {data={"name":"getElementText","sessionId":"1bb787a0-c5fe-4aea-b82a-c249db3502b3","value":"State","status":0}, status=OK}
Nov 23, 2021 2:24:18 AM net.sourceforge.marathon.javaagent.server.JavaServer serve
INFO: JavaServer.serve(DELETE /session/1bb787a0-c5fe-4aea-b82a-c249db3502b3/window): {}
Nov 23, 2021 2:24:18 AM net.sourceforge.marathon.javaagent.server.JavaServer serve
INFO: DELETE(/session/1bb787a0-c5fe-4aea-b82a-c249db3502b3/window) = {data={"name":"closeSession","sessionId":"1bb787a0-c5fe-4aea-b82a-c249db3502b3","status":0}, status=OK}
Nov 23, 2021 2:24:18 AM net.sourceforge.marathon.javaagent.server.JavaServer serve
INFO: JavaServer.serve(POST /session): {
  "desiredCapabilities": {
    "browserName": "java",
    "platform": "ANY"
  },
  "capabilities": {
    "firstMatch": [
      {
        "browserName": "java"
      }
    ]
  }
}
Nov 23, 2021 2:24:18 AM net.sourceforge.marathon.javaagent.server.JavaServer createSession
INFO: Creating device with type: EVENT_QUEUE
Nov 23, 2021 2:24:18 AM net.sourceforge.marathon.javaagent.Device getDevice
INFO: Creating a EVENT_QUEUE device
Nov 23, 2021 2:24:18 AM net.sourceforge.marathon.javaagent.server.JavaServer serve
INFO: POST(/session, {"desiredCapabilities":{"browserName":"java","platform":"ANY"},"capabilities":{"firstMatch":[{"browserName":"java"}]}}) = {data=, status=REDIRECT}
Nov 23, 2021 2:24:18 AM net.sourceforge.marathon.javaagent.server.JavaServer serve
INFO: JavaServer.serve(GET /session/1ed7ba46-8292-4222-b0bb-569877ccd883): {}
Nov 23, 2021 2:24:18 AM net.sourceforge.marathon.javaagent.server.JavaServer serve
INFO: GET(/session/1ed7ba46-8292-4222-b0bb-569877ccd883) = {data={"name":"getCapabilities","sessionId":"1ed7ba46-8292-4222-b0bb-569877ccd883","value":{"applicationCacheEnabled":false,"rotatable":false,"loggingPrefs":{"driver":"ALL"},"handlesAlerts":false,"databaseEnabled":false,"version":"1.0","platform":"ANY","browserConnectionEnabled":false,"nativeEvents":false,"acceptSslCerts":false,"locationContextEnabled":false,"webStorageEnabled":false,"browserName":"java","takesScreenshot":true,"javascriptEnabled":true,"cssSelectorsEnabled":false},"status":0}, status=OK}
Nov 23, 2021 2:24:18 AM org.openqa.selenium.remote.ProtocolHandshake createSession
INFO: Detected dialect: OSS
Nov 23, 2021 2:24:18 AM net.sourceforge.marathon.javaagent.server.JavaServer serve
INFO: JavaServer.serve(POST /session/1ed7ba46-8292-4222-b0bb-569877ccd883/element): {
  "using": "name",
  "value": "new item id field"
}
Nov 23, 2021 2:24:18 AM net.sourceforge.marathon.javaagent.server.JavaServer serve
INFO: POST(/session/1ed7ba46-8292-4222-b0bb-569877ccd883/element, {"using":"name","value":"new item id field"}) = {data={"name":"findElement","sessionId":"1ed7ba46-8292-4222-b0bb-569877ccd883","value":{"ELEMENT":"dfe8663d-2c20-445d-953f-47ca45631754"},"status":0}, status=OK}
Nov 23, 2021 2:24:18 AM net.sourceforge.marathon.javaagent.server.JavaServer serve
INFO: JavaServer.serve(POST /session/1ed7ba46-8292-4222-b0bb-569877ccd883/element/dfe8663d-2c20-445d-953f-47ca45631754/clear): {
  "id": "dfe8663d-2c20-445d-953f-47ca45631754"
}
Nov 23, 2021 2:24:18 AM net.sourceforge.marathon.javaagent.server.JavaServer serve
INFO: POST(/session/1ed7ba46-8292-4222-b0bb-569877ccd883/element/dfe8663d-2c20-445d-953f-47ca45631754/clear, {"id":"dfe8663d-2c20-445d-953f-47ca45631754"}) = {data={"name":"clearElement","sessionId":"1ed7ba46-8292-4222-b0bb-569877ccd883","status":0}, status=OK}
Nov 23, 2021 2:24:18 AM net.sourceforge.marathon.javaagent.server.JavaServer serve
INFO: JavaServer.serve(POST /session/1ed7ba46-8292-4222-b0bb-569877ccd883/element/dfe8663d-2c20-445d-953f-47ca45631754/value): {
  "id": "dfe8663d-2c20-445d-953f-47ca45631754",
  "value": [
    "an item-id"
  ]
}
Nov 23, 2021 2:24:18 AM net.sourceforge.marathon.javaagent.EventQueueDevice dispatchEvent
INFO: java.awt.event.KeyEvent[KEY_PRESSED,keyCode=65,keyText=A,keyChar='a',keyLocation=KEY_LOCATION_UNKNOWN,rawCode=0,primaryLevelUnicode=0,scancode=0,extendedKeyCode=0x0] on new item id field
Nov 23, 2021 2:24:18 AM net.sourceforge.marathon.javaagent.EventQueueDevice dispatchEvent
INFO: java.awt.event.KeyEvent[KEY_TYPED,keyCode=0,keyText=Unknown keyCode: 0x0,keyChar='a',keyLocation=KEY_LOCATION_UNKNOWN,rawCode=0,primaryLevelUnicode=0,scancode=0,extendedKeyCode=0x0] on new item id field
Nov 23, 2021 2:24:18 AM net.sourceforge.marathon.javaagent.EventQueueDevice dispatchEvent
INFO: java.awt.event.KeyEvent[KEY_RELEASED,keyCode=65,keyText=A,keyChar='a',keyLocation=KEY_LOCATION_UNKNOWN,rawCode=0,primaryLevelUnicode=0,scancode=0,extendedKeyCode=0x0] on new item id field
Nov 23, 2021 2:24:18 AM net.sourceforge.marathon.javaagent.EventQueueDevice dispatchEvent
INFO: java.awt.event.KeyEvent[KEY_PRESSED,keyCode=78,keyText=N,keyChar='n',keyLocation=KEY_LOCATION_UNKNOWN,rawCode=0,primaryLevelUnicode=0,scancode=0,extendedKeyCode=0x0] on new item id field
Nov 23, 2021 2:24:18 AM net.sourceforge.marathon.javaagent.EventQueueDevice dispatchEvent
INFO: java.awt.event.KeyEvent[KEY_TYPED,keyCode=0,keyText=Unknown keyCode: 0x0,keyChar='n',keyLocation=KEY_LOCATION_UNKNOWN,rawCode=0,primaryLevelUnicode=0,scancode=0,extendedKeyCode=0x0] on new item id field
Nov 23, 2021 2:24:18 AM net.sourceforge.marathon.javaagent.EventQueueDevice dispatchEvent
INFO: java.awt.event.KeyEvent[KEY_RELEASED,keyCode=78,keyText=N,keyChar='n',keyLocation=KEY_LOCATION_UNKNOWN,rawCode=0,primaryLevelUnicode=0,scancode=0,extendedKeyCode=0x0] on new item id field
Nov 23, 2021 2:24:18 AM net.sourceforge.marathon.javaagent.EventQueueDevice dispatchEvent
INFO: java.awt.event.KeyEvent[KEY_PRESSED,keyCode=16,keyText=Shift,keyChar=Undefined keyChar,modifiers=Shift,extModifiers=Shift,keyLocation=KEY_LOCATION_UNKNOWN,rawCode=0,primaryLevelUnicode=0,scancode=0,extendedKeyCode=0x0] on new item id field
Nov 23, 2021 2:24:18 AM net.sourceforge.marathon.javaagent.EventQueueDevice dispatchEvent
INFO: java.awt.event.KeyEvent[KEY_PRESSED,keyCode=32,keyText=Space,keyChar=' ',modifiers=Shift,extModifiers=Shift,keyLocation=KEY_LOCATION_UNKNOWN,rawCode=0,primaryLevelUnicode=0,scancode=0,extendedKeyCode=0x0] on new item id field
Nov 23, 2021 2:24:18 AM net.sourceforge.marathon.javaagent.EventQueueDevice dispatchEvent
INFO: java.awt.event.KeyEvent[KEY_TYPED,keyCode=0,keyText=Unknown keyCode: 0x0,keyChar=' ',modifiers=Shift,extModifiers=Shift,keyLocation=KEY_LOCATION_UNKNOWN,rawCode=0,primaryLevelUnicode=0,scancode=0,extendedKeyCode=0x0] on new item id field
Nov 23, 2021 2:24:18 AM net.sourceforge.marathon.javaagent.EventQueueDevice dispatchEvent
INFO: java.awt.event.KeyEvent[KEY_RELEASED,keyCode=32,keyText=Space,keyChar=' ',modifiers=Shift,extModifiers=Shift,keyLocation=KEY_LOCATION_UNKNOWN,rawCode=0,primaryLevelUnicode=0,scancode=0,extendedKeyCode=0x0] on new item id field
Nov 23, 2021 2:24:18 AM net.sourceforge.marathon.javaagent.EventQueueDevice dispatchEvent
INFO: java.awt.event.KeyEvent[KEY_RELEASED,keyCode=16,keyText=Shift,keyChar=Undefined keyChar,keyLocation=KEY_LOCATION_UNKNOWN,rawCode=0,primaryLevelUnicode=0,scancode=0,extendedKeyCode=0x0] on new item id field
Nov 23, 2021 2:24:18 AM net.sourceforge.marathon.javaagent.EventQueueDevice dispatchEvent
INFO: java.awt.event.KeyEvent[KEY_PRESSED,keyCode=73,keyText=I,keyChar='i',keyLocation=KEY_LOCATION_UNKNOWN,rawCode=0,primaryLevelUnicode=0,scancode=0,extendedKeyCode=0x0] on new item id field
Nov 23, 2021 2:24:18 AM net.sourceforge.marathon.javaagent.EventQueueDevice dispatchEvent
INFO: java.awt.event.KeyEvent[KEY_TYPED,keyCode=0,keyText=Unknown keyCode: 0x0,keyChar='i',keyLocation=KEY_LOCATION_UNKNOWN,rawCode=0,primaryLevelUnicode=0,scancode=0,extendedKeyCode=0x0] on new item id field
Nov 23, 2021 2:24:18 AM net.sourceforge.marathon.javaagent.EventQueueDevice dispatchEvent
INFO: java.awt.event.KeyEvent[KEY_RELEASED,keyCode=73,keyText=I,keyChar='i',keyLocation=KEY_LOCATION_UNKNOWN,rawCode=0,primaryLevelUnicode=0,scancode=0,extendedKeyCode=0x0] on new item id field
Nov 23, 2021 2:24:18 AM net.sourceforge.marathon.javaagent.EventQueueDevice dispatchEvent
INFO: java.awt.event.KeyEvent[KEY_PRESSED,keyCode=84,keyText=T,keyChar='t',keyLocation=KEY_LOCATION_UNKNOWN,rawCode=0,primaryLevelUnicode=0,scancode=0,extendedKeyCode=0x0] on new item id field
Nov 23, 2021 2:24:18 AM net.sourceforge.marathon.javaagent.EventQueueDevice dispatchEvent
INFO: java.awt.event.KeyEvent[KEY_TYPED,keyCode=0,keyText=Unknown keyCode: 0x0,keyChar='t',keyLocation=KEY_LOCATION_UNKNOWN,rawCode=0,primaryLevelUnicode=0,scancode=0,extendedKeyCode=0x0] on new item id field
Nov 23, 2021 2:24:18 AM net.sourceforge.marathon.javaagent.EventQueueDevice dispatchEvent
INFO: java.awt.event.KeyEvent[KEY_RELEASED,keyCode=84,keyText=T,keyChar='t',keyLocation=KEY_LOCATION_UNKNOWN,rawCode=0,primaryLevelUnicode=0,scancode=0,extendedKeyCode=0x0] on new item id field
Nov 23, 2021 2:24:18 AM net.sourceforge.marathon.javaagent.EventQueueDevice dispatchEvent
INFO: java.awt.event.KeyEvent[KEY_PRESSED,keyCode=69,keyText=E,keyChar='e',keyLocation=KEY_LOCATION_UNKNOWN,rawCode=0,primaryLevelUnicode=0,scancode=0,extendedKeyCode=0x0] on new item id field
Nov 23, 2021 2:24:18 AM net.sourceforge.marathon.javaagent.EventQueueDevice dispatchEvent
INFO: java.awt.event.KeyEvent[KEY_TYPED,keyCode=0,keyText=Unknown keyCode: 0x0,keyChar='e',keyLocation=KEY_LOCATION_UNKNOWN,rawCode=0,primaryLevelUnicode=0,scancode=0,extendedKeyCode=0x0] on new item id field
Nov 23, 2021 2:24:18 AM net.sourceforge.marathon.javaagent.EventQueueDevice dispatchEvent
INFO: java.awt.event.KeyEvent[KEY_RELEASED,keyCode=69,keyText=E,keyChar='e',keyLocation=KEY_LOCATION_UNKNOWN,rawCode=0,primaryLevelUnicode=0,scancode=0,extendedKeyCode=0x0] on new item id field
Nov 23, 2021 2:24:18 AM net.sourceforge.marathon.javaagent.EventQueueDevice dispatchEvent
INFO: java.awt.event.KeyEvent[KEY_PRESSED,keyCode=77,keyText=M,keyChar='m',keyLocation=KEY_LOCATION_UNKNOWN,rawCode=0,primaryLevelUnicode=0,scancode=0,extendedKeyCode=0x0] on new item id field
Nov 23, 2021 2:24:18 AM net.sourceforge.marathon.javaagent.EventQueueDevice dispatchEvent
INFO: java.awt.event.KeyEvent[KEY_TYPED,keyCode=0,keyText=Unknown keyCode: 0x0,keyChar='m',keyLocation=KEY_LOCATION_UNKNOWN,rawCode=0,primaryLevelUnicode=0,scancode=0,extendedKeyCode=0x0] on new item id field
Nov 23, 2021 2:24:18 AM net.sourceforge.marathon.javaagent.EventQueueDevice dispatchEvent
INFO: java.awt.event.KeyEvent[KEY_RELEASED,keyCode=77,keyText=M,keyChar='m',keyLocation=KEY_LOCATION_UNKNOWN,rawCode=0,primaryLevelUnicode=0,scancode=0,extendedKeyCode=0x0] on new item id field
Nov 23, 2021 2:24:18 AM net.sourceforge.marathon.javaagent.EventQueueDevice dispatchEvent
INFO: java.awt.event.KeyEvent[KEY_PRESSED,keyCode=45,keyText=Minus,keyChar='-',keyLocation=KEY_LOCATION_UNKNOWN,rawCode=0,primaryLevelUnicode=0,scancode=0,extendedKeyCode=0x0] on new item id field
Nov 23, 2021 2:24:18 AM net.sourceforge.marathon.javaagent.EventQueueDevice dispatchEvent
INFO: java.awt.event.KeyEvent[KEY_TYPED,keyCode=0,keyText=Unknown keyCode: 0x0,keyChar='-',keyLocation=KEY_LOCATION_UNKNOWN,rawCode=0,primaryLevelUnicode=0,scancode=0,extendedKeyCode=0x0] on new item id field
Nov 23, 2021 2:24:18 AM net.sourceforge.marathon.javaagent.EventQueueDevice dispatchEvent
INFO: java.awt.event.KeyEvent[KEY_RELEASED,keyCode=45,keyText=Minus,keyChar='-',keyLocation=KEY_LOCATION_UNKNOWN,rawCode=0,primaryLevelUnicode=0,scancode=0,extendedKeyCode=0x0] on new item id field
Nov 23, 2021 2:24:18 AM net.sourceforge.marathon.javaagent.EventQueueDevice dispatchEvent
INFO: java.awt.event.KeyEvent[KEY_PRESSED,keyCode=73,keyText=I,keyChar='i',keyLocation=KEY_LOCATION_UNKNOWN,rawCode=0,primaryLevelUnicode=0,scancode=0,extendedKeyCode=0x0] on new item id field
Nov 23, 2021 2:24:18 AM net.sourceforge.marathon.javaagent.EventQueueDevice dispatchEvent
INFO: java.awt.event.KeyEvent[KEY_TYPED,keyCode=0,keyText=Unknown keyCode: 0x0,keyChar='i',keyLocation=KEY_LOCATION_UNKNOWN,rawCode=0,primaryLevelUnicode=0,scancode=0,extendedKeyCode=0x0] on new item id field
Nov 23, 2021 2:24:18 AM net.sourceforge.marathon.javaagent.EventQueueDevice dispatchEvent
INFO: java.awt.event.KeyEvent[KEY_RELEASED,keyCode=73,keyText=I,keyChar='i',keyLocation=KEY_LOCATION_UNKNOWN,rawCode=0,primaryLevelUnicode=0,scancode=0,extendedKeyCode=0x0] on new item id field
Nov 23, 2021 2:24:18 AM net.sourceforge.marathon.javaagent.EventQueueDevice dispatchEvent
INFO: java.awt.event.KeyEvent[KEY_PRESSED,keyCode=68,keyText=D,keyChar='d',keyLocation=KEY_LOCATION_UNKNOWN,rawCode=0,primaryLevelUnicode=0,scancode=0,extendedKeyCode=0x0] on new item id field
Nov 23, 2021 2:24:18 AM net.sourceforge.marathon.javaagent.EventQueueDevice dispatchEvent
INFO: java.awt.event.KeyEvent[KEY_TYPED,keyCode=0,keyText=Unknown keyCode: 0x0,keyChar='d',keyLocation=KEY_LOCATION_UNKNOWN,rawCode=0,primaryLevelUnicode=0,scancode=0,extendedKeyCode=0x0] on new item id field
Nov 23, 2021 2:24:18 AM net.sourceforge.marathon.javaagent.EventQueueDevice dispatchEvent
INFO: java.awt.event.KeyEvent[KEY_RELEASED,keyCode=68,keyText=D,keyChar='d',keyLocation=KEY_LOCATION_UNKNOWN,rawCode=0,primaryLevelUnicode=0,scancode=0,extendedKeyCode=0x0] on new item id field
Nov 23, 2021 2:24:18 AM net.sourceforge.marathon.javaagent.server.JavaServer serve
INFO: POST(/session/1ed7ba46-8292-4222-b0bb-569877ccd883/element/dfe8663d-2c20-445d-953f-47ca45631754/value, {"id":"dfe8663d-2c20-445d-953f-47ca45631754","value":["an item-id"]}) = {data={"name":"sendKeysElement","sessionId":"1ed7ba46-8292-4222-b0bb-569877ccd883","status":0}, status=OK}
Nov 23, 2021 2:24:18 AM net.sourceforge.marathon.javaagent.server.JavaServer serve
INFO: JavaServer.serve(POST /session/1ed7ba46-8292-4222-b0bb-569877ccd883/element): {
  "using": "name",
  "value": "new item stop price field"
}
Nov 23, 2021 2:24:18 AM net.sourceforge.marathon.javaagent.server.JavaServer serve
INFO: POST(/session/1ed7ba46-8292-4222-b0bb-569877ccd883/element, {"using":"name","value":"new item stop price field"}) = {data={"name":"findElement","sessionId":"1ed7ba46-8292-4222-b0bb-569877ccd883","value":{"ELEMENT":"82756694-95f3-4804-b0c1-af398067cb64"},"status":0}, status=OK}
Nov 23, 2021 2:24:18 AM net.sourceforge.marathon.javaagent.server.JavaServer serve
INFO: JavaServer.serve(POST /session/1ed7ba46-8292-4222-b0bb-569877ccd883/element/82756694-95f3-4804-b0c1-af398067cb64/clear): {
  "id": "82756694-95f3-4804-b0c1-af398067cb64"
}
Nov 23, 2021 2:24:18 AM net.sourceforge.marathon.javaagent.server.JavaServer serve
INFO: POST(/session/1ed7ba46-8292-4222-b0bb-569877ccd883/element/82756694-95f3-4804-b0c1-af398067cb64/clear, {"id":"82756694-95f3-4804-b0c1-af398067cb64"}) = {data={"name":"clearElement","sessionId":"1ed7ba46-8292-4222-b0bb-569877ccd883","status":0}, status=OK}
Nov 23, 2021 2:24:18 AM net.sourceforge.marathon.javaagent.server.JavaServer serve
INFO: JavaServer.serve(POST /session/1ed7ba46-8292-4222-b0bb-569877ccd883/element/82756694-95f3-4804-b0c1-af398067cb64/value): {
  "id": "82756694-95f3-4804-b0c1-af398067cb64",
  "value": [
    "11000"
  ]
}
Nov 23, 2021 2:24:18 AM net.sourceforge.marathon.javaagent.EventQueueDevice dispatchEvent
INFO: java.awt.event.KeyEvent[KEY_PRESSED,keyCode=49,keyText=1,keyChar='1',keyLocation=KEY_LOCATION_UNKNOWN,rawCode=0,primaryLevelUnicode=0,scancode=0,extendedKeyCode=0x0] on new item stop price field
Nov 23, 2021 2:24:18 AM net.sourceforge.marathon.javaagent.EventQueueDevice dispatchEvent
INFO: java.awt.event.KeyEvent[KEY_TYPED,keyCode=0,keyText=Unknown keyCode: 0x0,keyChar='1',keyLocation=KEY_LOCATION_UNKNOWN,rawCode=0,primaryLevelUnicode=0,scancode=0,extendedKeyCode=0x0] on new item stop price field
Nov 23, 2021 2:24:18 AM net.sourceforge.marathon.javaagent.EventQueueDevice dispatchEvent
INFO: java.awt.event.KeyEvent[KEY_RELEASED,keyCode=49,keyText=1,keyChar='1',keyLocation=KEY_LOCATION_UNKNOWN,rawCode=0,primaryLevelUnicode=0,scancode=0,extendedKeyCode=0x0] on new item stop price field
Nov 23, 2021 2:24:18 AM net.sourceforge.marathon.javaagent.EventQueueDevice dispatchEvent
INFO: java.awt.event.KeyEvent[KEY_PRESSED,keyCode=49,keyText=1,keyChar='1',keyLocation=KEY_LOCATION_UNKNOWN,rawCode=0,primaryLevelUnicode=0,scancode=0,extendedKeyCode=0x0] on new item stop price field
Nov 23, 2021 2:24:18 AM net.sourceforge.marathon.javaagent.EventQueueDevice dispatchEvent
INFO: java.awt.event.KeyEvent[KEY_TYPED,keyCode=0,keyText=Unknown keyCode: 0x0,keyChar='1',keyLocation=KEY_LOCATION_UNKNOWN,rawCode=0,primaryLevelUnicode=0,scancode=0,extendedKeyCode=0x0] on new item stop price field
Nov 23, 2021 2:24:18 AM net.sourceforge.marathon.javaagent.EventQueueDevice dispatchEvent
INFO: java.awt.event.KeyEvent[KEY_RELEASED,keyCode=49,keyText=1,keyChar='1',keyLocation=KEY_LOCATION_UNKNOWN,rawCode=0,primaryLevelUnicode=0,scancode=0,extendedKeyCode=0x0] on new item stop price field
Nov 23, 2021 2:24:18 AM net.sourceforge.marathon.javaagent.EventQueueDevice dispatchEvent
INFO: java.awt.event.KeyEvent[KEY_PRESSED,keyCode=48,keyText=0,keyChar='0',keyLocation=KEY_LOCATION_UNKNOWN,rawCode=0,primaryLevelUnicode=0,scancode=0,extendedKeyCode=0x0] on new item stop price field
Nov 23, 2021 2:24:18 AM net.sourceforge.marathon.javaagent.EventQueueDevice dispatchEvent
INFO: java.awt.event.KeyEvent[KEY_TYPED,keyCode=0,keyText=Unknown keyCode: 0x0,keyChar='0',keyLocation=KEY_LOCATION_UNKNOWN,rawCode=0,primaryLevelUnicode=0,scancode=0,extendedKeyCode=0x0] on new item stop price field
Nov 23, 2021 2:24:18 AM net.sourceforge.marathon.javaagent.EventQueueDevice dispatchEvent
INFO: java.awt.event.KeyEvent[KEY_RELEASED,keyCode=48,keyText=0,keyChar='0',keyLocation=KEY_LOCATION_UNKNOWN,rawCode=0,primaryLevelUnicode=0,scancode=0,extendedKeyCode=0x0] on new item stop price field
Nov 23, 2021 2:24:18 AM net.sourceforge.marathon.javaagent.EventQueueDevice dispatchEvent
INFO: java.awt.event.KeyEvent[KEY_PRESSED,keyCode=48,keyText=0,keyChar='0',keyLocation=KEY_LOCATION_UNKNOWN,rawCode=0,primaryLevelUnicode=0,scancode=0,extendedKeyCode=0x0] on new item stop price field
Nov 23, 2021 2:24:18 AM net.sourceforge.marathon.javaagent.EventQueueDevice dispatchEvent
INFO: java.awt.event.KeyEvent[KEY_TYPED,keyCode=0,keyText=Unknown keyCode: 0x0,keyChar='0',keyLocation=KEY_LOCATION_UNKNOWN,rawCode=0,primaryLevelUnicode=0,scancode=0,extendedKeyCode=0x0] on new item stop price field
Nov 23, 2021 2:24:18 AM net.sourceforge.marathon.javaagent.EventQueueDevice dispatchEvent
INFO: java.awt.event.KeyEvent[KEY_RELEASED,keyCode=48,keyText=0,keyChar='0',keyLocation=KEY_LOCATION_UNKNOWN,rawCode=0,primaryLevelUnicode=0,scancode=0,extendedKeyCode=0x0] on new item stop price field
Nov 23, 2021 2:24:18 AM net.sourceforge.marathon.javaagent.EventQueueDevice dispatchEvent
INFO: java.awt.event.KeyEvent[KEY_PRESSED,keyCode=48,keyText=0,keyChar='0',keyLocation=KEY_LOCATION_UNKNOWN,rawCode=0,primaryLevelUnicode=0,scancode=0,extendedKeyCode=0x0] on new item stop price field
Nov 23, 2021 2:24:18 AM net.sourceforge.marathon.javaagent.EventQueueDevice dispatchEvent
INFO: java.awt.event.KeyEvent[KEY_TYPED,keyCode=0,keyText=Unknown keyCode: 0x0,keyChar='0',keyLocation=KEY_LOCATION_UNKNOWN,rawCode=0,primaryLevelUnicode=0,scancode=0,extendedKeyCode=0x0] on new item stop price field
Nov 23, 2021 2:24:18 AM net.sourceforge.marathon.javaagent.EventQueueDevice dispatchEvent
INFO: java.awt.event.KeyEvent[KEY_RELEASED,keyCode=48,keyText=0,keyChar='0',keyLocation=KEY_LOCATION_UNKNOWN,rawCode=0,primaryLevelUnicode=0,scancode=0,extendedKeyCode=0x0] on new item stop price field
Nov 23, 2021 2:24:18 AM net.sourceforge.marathon.javaagent.server.JavaServer serve
INFO: POST(/session/1ed7ba46-8292-4222-b0bb-569877ccd883/element/82756694-95f3-4804-b0c1-af398067cb64/value, {"id":"82756694-95f3-4804-b0c1-af398067cb64","value":["11000"]}) = {data={"name":"sendKeysElement","sessionId":"1ed7ba46-8292-4222-b0bb-569877ccd883","status":0}, status=OK}
Nov 23, 2021 2:24:18 AM net.sourceforge.marathon.javaagent.server.JavaServer serve
INFO: JavaServer.serve(POST /session/1ed7ba46-8292-4222-b0bb-569877ccd883/element): {
  "using": "name",
  "value": "join button"
}
Nov 23, 2021 2:24:18 AM net.sourceforge.marathon.javaagent.server.JavaServer serve
INFO: POST(/session/1ed7ba46-8292-4222-b0bb-569877ccd883/element, {"using":"name","value":"join button"}) = {data={"name":"findElement","sessionId":"1ed7ba46-8292-4222-b0bb-569877ccd883","value":{"ELEMENT":"ec048ba1-f5ef-4153-a3cb-5cfce6eb8461"},"status":0}, status=OK}
Nov 23, 2021 2:24:18 AM net.sourceforge.marathon.javaagent.server.JavaServer serve
INFO: JavaServer.serve(POST /session/1ed7ba46-8292-4222-b0bb-569877ccd883/element/ec048ba1-f5ef-4153-a3cb-5cfce6eb8461/click): {
  "id": "ec048ba1-f5ef-4153-a3cb-5cfce6eb8461"
}
Nov 23, 2021 2:24:18 AM net.sourceforge.marathon.javaagent.EventQueueDevice dispatchEvent
INFO: java.awt.event.MouseEvent[MOUSE_PRESSED,(58,12),absolute(589,17),button=1,modifiers=Button1,extModifiers=Button1,clickCount=1] on join button
Nov 23, 2021 2:24:18 AM net.sourceforge.marathon.javaagent.EventQueueDevice dispatchEvent
INFO: java.awt.event.MouseEvent[MOUSE_RELEASED,(58,12),absolute(589,17),button=1,modifiers=Button1,clickCount=1] on join button
Nov 23, 2021 2:24:18 AM net.sourceforge.marathon.javaagent.EventQueueDevice dispatchEvent
INFO: java.awt.event.MouseEvent[MOUSE_CLICKED,(58,12),absolute(589,17),button=1,modifiers=Button1,clickCount=1] on join button
Nov 23, 2021 2:24:18 AM net.sourceforge.marathon.javaagent.server.JavaServer serve
INFO: POST(/session/1ed7ba46-8292-4222-b0bb-569877ccd883/element/ec048ba1-f5ef-4153-a3cb-5cfce6eb8461/click, {"id":"ec048ba1-f5ef-4153-a3cb-5cfce6eb8461"}) = {data={"name":"clickElement","sessionId":"1ed7ba46-8292-4222-b0bb-569877ccd883","status":0}, status=OK}
Nov 23, 2021 2:24:18 AM net.sourceforge.marathon.javaagent.server.JavaServer serve
INFO: JavaServer.serve(DELETE /session/1ed7ba46-8292-4222-b0bb-569877ccd883/window): {}
Nov 23, 2021 2:24:18 AM net.sourceforge.marathon.javaagent.server.JavaServer serve
INFO: DELETE(/session/1ed7ba46-8292-4222-b0bb-569877ccd883/window) = {data={"name":"closeSession","sessionId":"1ed7ba46-8292-4222-b0bb-569877ccd883","status":0}, status=OK}
Nov 23, 2021 2:24:18 AM net.sourceforge.marathon.javaagent.server.JavaServer serve
INFO: JavaServer.serve(POST /session): {
  "desiredCapabilities": {
    "browserName": "java",
    "platform": "ANY"
  },
  "capabilities": {
    "firstMatch": [
      {
        "browserName": "java"
      }
    ]
  }
}
Nov 23, 2021 2:24:18 AM net.sourceforge.marathon.javaagent.server.JavaServer createSession
INFO: Creating device with type: EVENT_QUEUE
Nov 23, 2021 2:24:18 AM net.sourceforge.marathon.javaagent.Device getDevice
INFO: Creating a EVENT_QUEUE device
Nov 23, 2021 2:24:18 AM net.sourceforge.marathon.javaagent.server.JavaServer serve
INFO: POST(/session, {"desiredCapabilities":{"browserName":"java","platform":"ANY"},"capabilities":{"firstMatch":[{"browserName":"java"}]}}) = {data=, status=REDIRECT}
Nov 23, 2021 2:24:18 AM net.sourceforge.marathon.javaagent.server.JavaServer serve
INFO: JavaServer.serve(GET /session/1d5bdae4-6703-4174-92f8-720782fbffbc): {}
Nov 23, 2021 2:24:18 AM net.sourceforge.marathon.javaagent.server.JavaServer serve
INFO: GET(/session/1d5bdae4-6703-4174-92f8-720782fbffbc) = {data={"name":"getCapabilities","sessionId":"1d5bdae4-6703-4174-92f8-720782fbffbc","value":{"applicationCacheEnabled":false,"rotatable":false,"loggingPrefs":{"driver":"ALL"},"handlesAlerts":false,"databaseEnabled":false,"version":"1.0","platform":"ANY","browserConnectionEnabled":false,"nativeEvents":false,"acceptSslCerts":false,"locationContextEnabled":false,"webStorageEnabled":false,"browserName":"java","takesScreenshot":true,"javascriptEnabled":true,"cssSelectorsEnabled":false},"status":0}, status=OK}
Nov 23, 2021 2:24:18 AM org.openqa.selenium.remote.ProtocolHandshake createSession
INFO: Detected dialect: OSS
Nov 23, 2021 2:24:19 AM net.sourceforge.marathon.javaagent.server.JavaServer serve
INFO: JavaServer.serve(POST /session/1d5bdae4-6703-4174-92f8-720782fbffbc/element): {
  "using": "name",
  "value": "sniper reset button"
}
Nov 23, 2021 2:24:19 AM net.sourceforge.marathon.javaagent.server.JavaServer serve
INFO: POST(/session/1d5bdae4-6703-4174-92f8-720782fbffbc/element, {"using":"name","value":"sniper reset button"}) = {data={"name":"findElement","sessionId":"1d5bdae4-6703-4174-92f8-720782fbffbc","value":{"ELEMENT":"616cf72c-a29c-4455-93a1-66945b73bb5e"},"status":0}, status=OK}
Nov 23, 2021 2:24:19 AM net.sourceforge.marathon.javaagent.server.JavaServer serve
INFO: JavaServer.serve(POST /session/1d5bdae4-6703-4174-92f8-720782fbffbc/element/616cf72c-a29c-4455-93a1-66945b73bb5e/click): {
  "id": "616cf72c-a29c-4455-93a1-66945b73bb5e"
}
Nov 23, 2021 2:24:19 AM net.sourceforge.marathon.javaagent.EventQueueDevice dispatchEvent
INFO: java.awt.event.MouseEvent[MOUSE_PRESSED,(37,12),absolute(326,474),button=1,modifiers=Button1,extModifiers=Button1,clickCount=1] on sniper reset button
Nov 23, 2021 2:24:19 AM net.sourceforge.marathon.javaagent.EventQueueDevice dispatchEvent
INFO: java.awt.event.MouseEvent[MOUSE_RELEASED,(37,12),absolute(326,474),button=1,modifiers=Button1,clickCount=1] on sniper reset button
Nov 23, 2021 2:24:19 AM net.sourceforge.marathon.javaagent.EventQueueDevice dispatchEvent
INFO: java.awt.event.MouseEvent[MOUSE_CLICKED,(37,12),absolute(326,474),button=1,modifiers=Button1,clickCount=1] on sniper reset button
Nov 23, 2021 2:24:19 AM net.sourceforge.marathon.javaagent.server.JavaServer serve
INFO: POST(/session/1d5bdae4-6703-4174-92f8-720782fbffbc/element/616cf72c-a29c-4455-93a1-66945b73bb5e/click, {"id":"616cf72c-a29c-4455-93a1-66945b73bb5e"}) = {data={"name":"clickElement","sessionId":"1d5bdae4-6703-4174-92f8-720782fbffbc","status":0}, status=OK}
Nov 23, 2021 2:24:19 AM net.sourceforge.marathon.javaagent.server.JavaServer serve
INFO: JavaServer.serve(DELETE /session/1d5bdae4-6703-4174-92f8-720782fbffbc/window): {}
Nov 23, 2021 2:24:19 AM net.sourceforge.marathon.javaagent.server.JavaServer serve
INFO: DELETE(/session/1d5bdae4-6703-4174-92f8-720782fbffbc/window) = {data={"name":"closeSession","sessionId":"1d5bdae4-6703-4174-92f8-720782fbffbc","status":0}, status=OK}
]]></system-err>
</testsuite>
