<?xml version="1.0" encoding="UTF-8"?>
<testsuite name="goos.auction.sol.AuctionMessageTranslatorTest" tests="5" skipped="0" failures="0" errors="0" timestamp="2021-09-27T02:24:09" hostname="buildkitsandbox" time="0.601">
  <properties/>
  <testcase name="notifies auction closed when close message received" classname="goos.auction.sol.AuctionMessageTranslatorTest" time="0.481"/>
  <testcase name="notifies bid details when current price message received from other bidder" classname="goos.auction.sol.AuctionMessageTranslatorTest" time="0.026"/>
  <testcase name="notifies bid details when current price message received from sniper" classname="goos.auction.sol.AuctionMessageTranslatorTest" time="0.035"/>
  <testcase name="notifies auction failed when bad message received" classname="goos.auction.sol.AuctionMessageTranslatorTest" time="0.004"/>
  <testcase name="does nothing when unknown event received" classname="goos.auction.sol.AuctionMessageTranslatorTest" time="0.009"/>
  <system-out><![CDATA[]]></system-out>
  <system-err><![CDATA[]]></system-err>
</testsuite>
