<?xml version="1.0" encoding="UTF-8"?>
<testsuite name="goos.ui.swing.MainWindowTest" tests="3" skipped="0" failures="0" errors="0" timestamp="2021-09-08T02:20:26" hostname="buildkitsandbox" time="3.901">
  <properties/>
  <testcase name="window has expected features" classname="goos.ui.swing.MainWindowTest" time="2.899"/>
  <testcase name="make user request when join button clicked" classname="goos.ui.swing.MainWindowTest" time="0.803"/>
  <testcase name="make user request when reset button clicked" classname="goos.ui.swing.MainWindowTest" time="0.195"/>
  <system-out><![CDATA[]]></system-out>
  <system-err><![CDATA[Sep 08, 2021 2:20:26 AM io.mockk.impl.log.JULLogger warn
WARNING: Failed to transform class goos/ui/api/UserRequestListener
java.lang.IllegalArgumentException: Unsupported class file major version 59
	at net.bytebuddy.jar.asm.ClassReader.<init>(ClassReader.java:176)
	at net.bytebuddy.jar.asm.ClassReader.<init>(ClassReader.java:158)
	at net.bytebuddy.jar.asm.ClassReader.<init>(ClassReader.java:146)
	at net.bytebuddy.utility.OpenedClassReader.of(OpenedClassReader.java:69)
	at net.bytebuddy.dynamic.scaffold.TypeWriter$Default$ForInlining.create(TypeWriter.java:2877)
	at net.bytebuddy.dynamic.scaffold.TypeWriter$Default.make(TypeWriter.java:1653)
	at net.bytebuddy.dynamic.scaffold.inline.RedefinitionDynamicTypeBuilder.make(RedefinitionDynamicTypeBuilder.java:180)
	at net.bytebuddy.dynamic.scaffold.inline.AbstractInliningDynamicTypeBuilder.make(AbstractInliningDynamicTypeBuilder.java:94)
	at net.bytebuddy.dynamic.DynamicType$Builder$AbstractBase.make(DynamicType.java:2669)
	at io.mockk.proxy.jvm.transformation.InliningClassTransformer.transform(InliningClassTransformer.kt:78)
	at java.instrument/java.lang.instrument.ClassFileTransformer.transform(ClassFileTransformer.java:246)
	at java.instrument/sun.instrument.TransformerManager.transform(TransformerManager.java:188)
	at java.instrument/sun.instrument.InstrumentationImpl.transform(InstrumentationImpl.java:563)
	at java.instrument/sun.instrument.InstrumentationImpl.retransformClasses0(Native Method)
	at java.instrument/sun.instrument.InstrumentationImpl.retransformClasses(InstrumentationImpl.java:167)
	at io.mockk.proxy.jvm.transformation.JvmInlineInstrumentation.retransform(JvmInlineInstrumentation.kt:28)
	at io.mockk.proxy.common.transformation.RetransformInlineInstrumnetation$execute$1.invoke(RetransformInlineInstrumnetation.kt:19)
	at io.mockk.proxy.common.transformation.RetransformInlineInstrumnetation$execute$1.invoke(RetransformInlineInstrumnetation.kt:6)
	at io.mockk.proxy.common.transformation.ClassTransformationSpecMap.applyTransformation(ClassTransformationSpecMap.kt:41)
	at io.mockk.proxy.common.transformation.RetransformInlineInstrumnetation.execute(RetransformInlineInstrumnetation.kt:16)
	at io.mockk.proxy.jvm.ProxyMaker.inline(ProxyMaker.kt:88)
	at io.mockk.proxy.jvm.ProxyMaker.proxy(ProxyMaker.kt:30)
	at io.mockk.impl.instantiation.JvmMockFactory.newProxy(JvmMockFactory.kt:34)
	at io.mockk.impl.instantiation.AbstractMockFactory.newProxy$default(AbstractMockFactory.kt:29)
	at io.mockk.impl.instantiation.AbstractMockFactory.mockk(AbstractMockFactory.kt:59)
	at goos.ui.swing.MainWindowTest$1$1.invokeSuspend(MainWindowTest.kt:90)
	at goos.ui.swing.MainWindowTest$1$1.invoke(MainWindowTest.kt)
	at goos.ui.swing.MainWindowTest$1$1.invoke(MainWindowTest.kt)
	at io.kotest.core.TestConfiguration$beforeTest$1.beforeTest(TestConfiguration.kt:137)
	at io.kotest.core.spec.LifecycleKt.invokeAllBeforeTestCallbacks(lifecycle.kt:76)
	at io.kotest.core.internal.TestCaseExecutor.executeActiveTest(TestCaseExecutor.kt:152)
	at io.kotest.core.internal.TestCaseExecutor.access$executeActiveTest(TestCaseExecutor.kt:57)
	at io.kotest.core.internal.TestCaseExecutor$intercept$innerExecute$1$1.invokeSuspend(TestCaseExecutor.kt:89)
	at io.kotest.core.internal.TestCaseExecutor$intercept$innerExecute$1$1.invoke(TestCaseExecutor.kt)
	at io.kotest.core.internal.TestCaseExecutor$intercept$innerExecute$1$1.invoke(TestCaseExecutor.kt)
	at io.kotest.core.internal.TestCaseExecutor.executeIfEnabled(TestCaseExecutor.kt:117)
	at io.kotest.core.internal.TestCaseExecutor.access$executeIfEnabled(TestCaseExecutor.kt:57)
	at io.kotest.core.internal.TestCaseExecutor$intercept$innerExecute$1.invokeSuspend(TestCaseExecutor.kt:89)
	at io.kotest.core.internal.TestCaseExecutor$intercept$innerExecute$1.invoke(TestCaseExecutor.kt)
	at io.kotest.core.internal.TestCaseExecutor$intercept$innerExecute$1.invoke(TestCaseExecutor.kt)
	at io.kotest.core.internal.TestCaseExecutor.intercept(TestCaseExecutor.kt:103)
	at io.kotest.core.internal.TestCaseExecutor.execute(TestCaseExecutor.kt:69)
	at io.kotest.engine.spec.runners.SingleInstanceSpecRunner.runTest(SingleInstanceSpecRunner.kt:104)
	at io.kotest.engine.spec.runners.SingleInstanceSpecRunner.access$runTest(SingleInstanceSpecRunner.kt:34)
	at io.kotest.engine.spec.runners.SingleInstanceSpecRunner$execute$interceptAndRun$2$4.invokeSuspend(SingleInstanceSpecRunner.kt:57)
	at io.kotest.engine.spec.runners.SingleInstanceSpecRunner$execute$interceptAndRun$2$4.invoke(SingleInstanceSpecRunner.kt)
	at io.kotest.engine.spec.runners.SingleInstanceSpecRunner$execute$interceptAndRun$2$4.invoke(SingleInstanceSpecRunner.kt)
	at io.kotest.engine.launchers.SequentialTestLauncher$launch$3$1$1.invokeSuspend(SequentialTestLauncher.kt:22)
	at kotlin.coroutines.jvm.internal.BaseContinuationImpl.resumeWith(ContinuationImpl.kt:33)
	at kotlinx.coroutines.DispatchedTask.run(DispatchedTask.kt:106)
	at java.base/java.util.concurrent.ThreadPoolExecutor.runWorker(ThreadPoolExecutor.java:1130)
	at java.base/java.util.concurrent.ThreadPoolExecutor$Worker.run(ThreadPoolExecutor.java:630)
	at java.base/java.lang.Thread.run(Thread.java:832)

Sep 08, 2021 2:20:28 AM net.sourceforge.marathon.javaagent.server.JavaServer serve
INFO: JavaServer.serve(POST /session): {
  "desiredCapabilities": {
    "browserName": "java",
    "platform": "ANY"
  },
  "capabilities": {
    "firstMatch": [
      {
        "browserName": "java"
      }
    ]
  }
}
Sep 08, 2021 2:20:28 AM net.sourceforge.marathon.javaagent.server.JavaServer createSession
INFO: Creating device with type: EVENT_QUEUE
Sep 08, 2021 2:20:28 AM net.sourceforge.marathon.javaagent.Device getDevice
INFO: Creating a EVENT_QUEUE device
Sep 08, 2021 2:20:28 AM net.sourceforge.marathon.javaagent.server.JavaServer serve
INFO: POST(/session, {"desiredCapabilities":{"browserName":"java","platform":"ANY"},"capabilities":{"firstMatch":[{"browserName":"java"}]}}) = {data=, status=REDIRECT}
Sep 08, 2021 2:20:28 AM net.sourceforge.marathon.javaagent.server.JavaServer serve
INFO: JavaServer.serve(GET /session/b372ec0f-77cc-48bb-9262-c8b75c9af8e1): {}
Sep 08, 2021 2:20:28 AM net.sourceforge.marathon.javaagent.server.JavaServer serve
INFO: GET(/session/b372ec0f-77cc-48bb-9262-c8b75c9af8e1) = {data={"name":"getCapabilities","sessionId":"b372ec0f-77cc-48bb-9262-c8b75c9af8e1","value":{"applicationCacheEnabled":false,"rotatable":false,"loggingPrefs":{"driver":"ALL"},"handlesAlerts":false,"databaseEnabled":false,"version":"1.0","platform":"ANY","browserConnectionEnabled":false,"nativeEvents":false,"acceptSslCerts":false,"locationContextEnabled":false,"webStorageEnabled":false,"browserName":"java","takesScreenshot":true,"javascriptEnabled":true,"cssSelectorsEnabled":false},"status":0}, status=OK}
Sep 08, 2021 2:20:28 AM org.openqa.selenium.remote.ProtocolHandshake createSession
INFO: Detected dialect: OSS
Sep 08, 2021 2:20:28 AM net.sourceforge.marathon.javaagent.server.JavaServer serve
INFO: JavaServer.serve(POST /session/b372ec0f-77cc-48bb-9262-c8b75c9af8e1/element): {
  "using": "css selector",
  "value": "."
}
Sep 08, 2021 2:20:28 AM net.sourceforge.marathon.javaagent.server.JavaServer serve
INFO: POST(/session/b372ec0f-77cc-48bb-9262-c8b75c9af8e1/element, {"using":"css selector","value":"."}) = {data={"name":"findElement","sessionId":"b372ec0f-77cc-48bb-9262-c8b75c9af8e1","value":{"ELEMENT":"a70e67be-c2f8-4f3c-ae80-b39b435af8a5"},"status":0}, status=OK}
Sep 08, 2021 2:20:28 AM net.sourceforge.marathon.javaagent.server.JavaServer serve
INFO: JavaServer.serve(GET /session/b372ec0f-77cc-48bb-9262-c8b75c9af8e1/element/a70e67be-c2f8-4f3c-ae80-b39b435af8a5/attribute/name): {}
Sep 08, 2021 2:20:28 AM net.sourceforge.marathon.javaagent.server.JavaServer serve
INFO: GET(/session/b372ec0f-77cc-48bb-9262-c8b75c9af8e1/element/a70e67be-c2f8-4f3c-ae80-b39b435af8a5/attribute/name) = {data={"name":"getElementAttribute","sessionId":"b372ec0f-77cc-48bb-9262-c8b75c9af8e1","value":"Auction Sniper Name","status":0}, status=OK}
Sep 08, 2021 2:20:28 AM net.sourceforge.marathon.javaagent.server.JavaServer serve
INFO: JavaServer.serve(POST /session/b372ec0f-77cc-48bb-9262-c8b75c9af8e1/element): {
  "using": "css selector",
  "value": "."
}
Sep 08, 2021 2:20:28 AM net.sourceforge.marathon.javaagent.server.JavaServer serve
INFO: POST(/session/b372ec0f-77cc-48bb-9262-c8b75c9af8e1/element, {"using":"css selector","value":"."}) = {data={"name":"findElement","sessionId":"b372ec0f-77cc-48bb-9262-c8b75c9af8e1","value":{"ELEMENT":"a70e67be-c2f8-4f3c-ae80-b39b435af8a5"},"status":0}, status=OK}
Sep 08, 2021 2:20:28 AM net.sourceforge.marathon.javaagent.server.JavaServer serve
INFO: JavaServer.serve(GET /session/b372ec0f-77cc-48bb-9262-c8b75c9af8e1/element/a70e67be-c2f8-4f3c-ae80-b39b435af8a5/displayed): {}
Sep 08, 2021 2:20:28 AM net.sourceforge.marathon.javaagent.server.JavaServer serve
INFO: GET(/session/b372ec0f-77cc-48bb-9262-c8b75c9af8e1/element/a70e67be-c2f8-4f3c-ae80-b39b435af8a5/displayed) = {data={"name":"isDisplayed","sessionId":"b372ec0f-77cc-48bb-9262-c8b75c9af8e1","value":true,"status":0}, status=OK}
Sep 08, 2021 2:20:28 AM net.sourceforge.marathon.javaagent.server.JavaServer serve
INFO: JavaServer.serve(GET /session/b372ec0f-77cc-48bb-9262-c8b75c9af8e1/title): {}
Sep 08, 2021 2:20:28 AM net.sourceforge.marathon.javaagent.server.JavaServer serve
INFO: GET(/session/b372ec0f-77cc-48bb-9262-c8b75c9af8e1/title) = {data={"name":"getWindowTitle","sessionId":"b372ec0f-77cc-48bb-9262-c8b75c9af8e1","value":"Auction Sniper","status":0}, status=OK}
Sep 08, 2021 2:20:28 AM net.sourceforge.marathon.javaagent.server.JavaServer serve
INFO: JavaServer.serve(POST /session/b372ec0f-77cc-48bb-9262-c8b75c9af8e1/element): {
  "using": "name",
  "value": "snipers table"
}
Sep 08, 2021 2:20:28 AM net.sourceforge.marathon.javaagent.server.JavaServer serve
INFO: POST(/session/b372ec0f-77cc-48bb-9262-c8b75c9af8e1/element, {"using":"name","value":"snipers table"}) = {data={"name":"findElement","sessionId":"b372ec0f-77cc-48bb-9262-c8b75c9af8e1","value":{"ELEMENT":"17120579-3b5d-4cb4-9e4f-d2badb4c3b40"},"status":0}, status=OK}
Sep 08, 2021 2:20:28 AM net.sourceforge.marathon.javaagent.server.JavaServer serve
INFO: JavaServer.serve(POST /session/b372ec0f-77cc-48bb-9262-c8b75c9af8e1/element/17120579-3b5d-4cb4-9e4f-d2badb4c3b40/elements): {
  "id": "17120579-3b5d-4cb4-9e4f-d2badb4c3b40",
  "using": "css selector",
  "value": ".::header.::all-items"
}
Sep 08, 2021 2:20:28 AM net.sourceforge.marathon.javaagent.server.JavaServer serve
INFO: POST(/session/b372ec0f-77cc-48bb-9262-c8b75c9af8e1/element/17120579-3b5d-4cb4-9e4f-d2badb4c3b40/elements, {"using":"css selector","id":"17120579-3b5d-4cb4-9e4f-d2badb4c3b40","value":".::header.::all-items"}) = {data={"name":"findElementsOfElement","sessionId":"b372ec0f-77cc-48bb-9262-c8b75c9af8e1","value":[{"ELEMENT":"391eb5b6-f533-427d-8351-284e04d07c34%23%7B%22selector%22%3A%22nth-item%22%2C%22parameters%22%3A%5B1%5D%7D"},{"ELEMENT":"391eb5b6-f533-427d-8351-284e04d07c34%23%7B%22selector%22%3A%22nth-item%22%2C%22parameters%22%3A%5B2%5D%7D"},{"ELEMENT":"391eb5b6-f533-427d-8351-284e04d07c34%23%7B%22selector%22%3A%22nth-item%22%2C%22parameters%22%3A%5B3%5D%7D"},{"ELEMENT":"391eb5b6-f533-427d-8351-284e04d07c34%23%7B%22selector%22%3A%22nth-item%22%2C%22parameters%22%3A%5B4%5D%7D"}],"status":0}, status=OK}
Sep 08, 2021 2:20:28 AM net.sourceforge.marathon.javaagent.server.JavaServer serve
INFO: JavaServer.serve(GET /session/b372ec0f-77cc-48bb-9262-c8b75c9af8e1/element/391eb5b6-f533-427d-8351-284e04d07c34%23%7B%22selector%22%3A%22nth-item%22%2C%22parameters%22%3A%5B1%5D%7D/text): {}
Sep 08, 2021 2:20:28 AM net.sourceforge.marathon.javaagent.server.JavaServer serve
INFO: GET(/session/b372ec0f-77cc-48bb-9262-c8b75c9af8e1/element/391eb5b6-f533-427d-8351-284e04d07c34%23%7B%22selector%22%3A%22nth-item%22%2C%22parameters%22%3A%5B1%5D%7D/text) = {data={"name":"getElementText","sessionId":"b372ec0f-77cc-48bb-9262-c8b75c9af8e1","value":"Item","status":0}, status=OK}
Sep 08, 2021 2:20:28 AM net.sourceforge.marathon.javaagent.server.JavaServer serve
INFO: JavaServer.serve(GET /session/b372ec0f-77cc-48bb-9262-c8b75c9af8e1/element/391eb5b6-f533-427d-8351-284e04d07c34%23%7B%22selector%22%3A%22nth-item%22%2C%22parameters%22%3A%5B2%5D%7D/text): {}
Sep 08, 2021 2:20:28 AM net.sourceforge.marathon.javaagent.server.JavaServer serve
INFO: GET(/session/b372ec0f-77cc-48bb-9262-c8b75c9af8e1/element/391eb5b6-f533-427d-8351-284e04d07c34%23%7B%22selector%22%3A%22nth-item%22%2C%22parameters%22%3A%5B2%5D%7D/text) = {data={"name":"getElementText","sessionId":"b372ec0f-77cc-48bb-9262-c8b75c9af8e1","value":"Last Price","status":0}, status=OK}
Sep 08, 2021 2:20:28 AM net.sourceforge.marathon.javaagent.server.JavaServer serve
INFO: JavaServer.serve(GET /session/b372ec0f-77cc-48bb-9262-c8b75c9af8e1/element/391eb5b6-f533-427d-8351-284e04d07c34%23%7B%22selector%22%3A%22nth-item%22%2C%22parameters%22%3A%5B3%5D%7D/text): {}
Sep 08, 2021 2:20:28 AM net.sourceforge.marathon.javaagent.server.JavaServer serve
INFO: GET(/session/b372ec0f-77cc-48bb-9262-c8b75c9af8e1/element/391eb5b6-f533-427d-8351-284e04d07c34%23%7B%22selector%22%3A%22nth-item%22%2C%22parameters%22%3A%5B3%5D%7D/text) = {data={"name":"getElementText","sessionId":"b372ec0f-77cc-48bb-9262-c8b75c9af8e1","value":"Last Bid","status":0}, status=OK}
Sep 08, 2021 2:20:28 AM net.sourceforge.marathon.javaagent.server.JavaServer serve
INFO: JavaServer.serve(GET /session/b372ec0f-77cc-48bb-9262-c8b75c9af8e1/element/391eb5b6-f533-427d-8351-284e04d07c34%23%7B%22selector%22%3A%22nth-item%22%2C%22parameters%22%3A%5B4%5D%7D/text): {}
Sep 08, 2021 2:20:28 AM net.sourceforge.marathon.javaagent.server.JavaServer serve
INFO: GET(/session/b372ec0f-77cc-48bb-9262-c8b75c9af8e1/element/391eb5b6-f533-427d-8351-284e04d07c34%23%7B%22selector%22%3A%22nth-item%22%2C%22parameters%22%3A%5B4%5D%7D/text) = {data={"name":"getElementText","sessionId":"b372ec0f-77cc-48bb-9262-c8b75c9af8e1","value":"State","status":0}, status=OK}
Sep 08, 2021 2:20:28 AM net.sourceforge.marathon.javaagent.server.JavaServer serve
INFO: JavaServer.serve(DELETE /session/b372ec0f-77cc-48bb-9262-c8b75c9af8e1/window): {}
Sep 08, 2021 2:20:28 AM net.sourceforge.marathon.javaagent.server.JavaServer serve
INFO: DELETE(/session/b372ec0f-77cc-48bb-9262-c8b75c9af8e1/window) = {data={"name":"closeSession","sessionId":"b372ec0f-77cc-48bb-9262-c8b75c9af8e1","status":0}, status=OK}
Sep 08, 2021 2:20:29 AM net.sourceforge.marathon.javaagent.server.JavaServer serve
INFO: JavaServer.serve(POST /session): {
  "desiredCapabilities": {
    "browserName": "java",
    "platform": "ANY"
  },
  "capabilities": {
    "firstMatch": [
      {
        "browserName": "java"
      }
    ]
  }
}
Sep 08, 2021 2:20:29 AM net.sourceforge.marathon.javaagent.server.JavaServer createSession
INFO: Creating device with type: EVENT_QUEUE
Sep 08, 2021 2:20:29 AM net.sourceforge.marathon.javaagent.Device getDevice
INFO: Creating a EVENT_QUEUE device
Sep 08, 2021 2:20:29 AM net.sourceforge.marathon.javaagent.server.JavaServer serve
INFO: POST(/session, {"desiredCapabilities":{"browserName":"java","platform":"ANY"},"capabilities":{"firstMatch":[{"browserName":"java"}]}}) = {data=, status=REDIRECT}
Sep 08, 2021 2:20:29 AM net.sourceforge.marathon.javaagent.server.JavaServer serve
INFO: JavaServer.serve(GET /session/ebbdd218-75b0-490b-bb80-31878f80f39b): {}
Sep 08, 2021 2:20:29 AM net.sourceforge.marathon.javaagent.server.JavaServer serve
INFO: GET(/session/ebbdd218-75b0-490b-bb80-31878f80f39b) = {data={"name":"getCapabilities","sessionId":"ebbdd218-75b0-490b-bb80-31878f80f39b","value":{"applicationCacheEnabled":false,"rotatable":false,"loggingPrefs":{"driver":"ALL"},"handlesAlerts":false,"databaseEnabled":false,"version":"1.0","platform":"ANY","browserConnectionEnabled":false,"nativeEvents":false,"acceptSslCerts":false,"locationContextEnabled":false,"webStorageEnabled":false,"browserName":"java","takesScreenshot":true,"javascriptEnabled":true,"cssSelectorsEnabled":false},"status":0}, status=OK}
Sep 08, 2021 2:20:29 AM org.openqa.selenium.remote.ProtocolHandshake createSession
INFO: Detected dialect: OSS
Sep 08, 2021 2:20:29 AM net.sourceforge.marathon.javaagent.server.JavaServer serve
INFO: JavaServer.serve(POST /session/ebbdd218-75b0-490b-bb80-31878f80f39b/element): {
  "using": "name",
  "value": "new item id field"
}
Sep 08, 2021 2:20:29 AM net.sourceforge.marathon.javaagent.server.JavaServer serve
INFO: POST(/session/ebbdd218-75b0-490b-bb80-31878f80f39b/element, {"using":"name","value":"new item id field"}) = {data={"name":"findElement","sessionId":"ebbdd218-75b0-490b-bb80-31878f80f39b","value":{"ELEMENT":"7c139af2-2ef3-4886-b30c-37cb47bbb458"},"status":0}, status=OK}
Sep 08, 2021 2:20:29 AM net.sourceforge.marathon.javaagent.server.JavaServer serve
INFO: JavaServer.serve(POST /session/ebbdd218-75b0-490b-bb80-31878f80f39b/element/7c139af2-2ef3-4886-b30c-37cb47bbb458/clear): {
  "id": "7c139af2-2ef3-4886-b30c-37cb47bbb458"
}
Sep 08, 2021 2:20:29 AM net.sourceforge.marathon.javaagent.server.JavaServer serve
INFO: POST(/session/ebbdd218-75b0-490b-bb80-31878f80f39b/element/7c139af2-2ef3-4886-b30c-37cb47bbb458/clear, {"id":"7c139af2-2ef3-4886-b30c-37cb47bbb458"}) = {data={"name":"clearElement","sessionId":"ebbdd218-75b0-490b-bb80-31878f80f39b","status":0}, status=OK}
Sep 08, 2021 2:20:29 AM net.sourceforge.marathon.javaagent.server.JavaServer serve
INFO: JavaServer.serve(POST /session/ebbdd218-75b0-490b-bb80-31878f80f39b/element/7c139af2-2ef3-4886-b30c-37cb47bbb458/value): {
  "id": "7c139af2-2ef3-4886-b30c-37cb47bbb458",
  "value": [
    "an item-id"
  ]
}
Sep 08, 2021 2:20:29 AM net.sourceforge.marathon.javaagent.EventQueueDevice dispatchEvent
INFO: java.awt.event.KeyEvent[KEY_PRESSED,keyCode=65,keyText=A,keyChar='a',keyLocation=KEY_LOCATION_UNKNOWN,rawCode=0,primaryLevelUnicode=0,scancode=0,extendedKeyCode=0x0] on new item id field
Sep 08, 2021 2:20:29 AM net.sourceforge.marathon.javaagent.EventQueueDevice dispatchEvent
INFO: java.awt.event.KeyEvent[KEY_TYPED,keyCode=0,keyText=Unknown keyCode: 0x0,keyChar='a',keyLocation=KEY_LOCATION_UNKNOWN,rawCode=0,primaryLevelUnicode=0,scancode=0,extendedKeyCode=0x0] on new item id field
Sep 08, 2021 2:20:29 AM net.sourceforge.marathon.javaagent.EventQueueDevice dispatchEvent
INFO: java.awt.event.KeyEvent[KEY_RELEASED,keyCode=65,keyText=A,keyChar='a',keyLocation=KEY_LOCATION_UNKNOWN,rawCode=0,primaryLevelUnicode=0,scancode=0,extendedKeyCode=0x0] on new item id field
Sep 08, 2021 2:20:29 AM net.sourceforge.marathon.javaagent.EventQueueDevice dispatchEvent
INFO: java.awt.event.KeyEvent[KEY_PRESSED,keyCode=78,keyText=N,keyChar='n',keyLocation=KEY_LOCATION_UNKNOWN,rawCode=0,primaryLevelUnicode=0,scancode=0,extendedKeyCode=0x0] on new item id field
Sep 08, 2021 2:20:29 AM net.sourceforge.marathon.javaagent.EventQueueDevice dispatchEvent
INFO: java.awt.event.KeyEvent[KEY_TYPED,keyCode=0,keyText=Unknown keyCode: 0x0,keyChar='n',keyLocation=KEY_LOCATION_UNKNOWN,rawCode=0,primaryLevelUnicode=0,scancode=0,extendedKeyCode=0x0] on new item id field
Sep 08, 2021 2:20:29 AM net.sourceforge.marathon.javaagent.EventQueueDevice dispatchEvent
INFO: java.awt.event.KeyEvent[KEY_RELEASED,keyCode=78,keyText=N,keyChar='n',keyLocation=KEY_LOCATION_UNKNOWN,rawCode=0,primaryLevelUnicode=0,scancode=0,extendedKeyCode=0x0] on new item id field
Sep 08, 2021 2:20:29 AM net.sourceforge.marathon.javaagent.EventQueueDevice dispatchEvent
INFO: java.awt.event.KeyEvent[KEY_PRESSED,keyCode=16,keyText=Shift,keyChar=Undefined keyChar,modifiers=Shift,extModifiers=Shift,keyLocation=KEY_LOCATION_UNKNOWN,rawCode=0,primaryLevelUnicode=0,scancode=0,extendedKeyCode=0x0] on new item id field
Sep 08, 2021 2:20:29 AM net.sourceforge.marathon.javaagent.EventQueueDevice dispatchEvent
INFO: java.awt.event.KeyEvent[KEY_PRESSED,keyCode=32,keyText=Space,keyChar=' ',modifiers=Shift,extModifiers=Shift,keyLocation=KEY_LOCATION_UNKNOWN,rawCode=0,primaryLevelUnicode=0,scancode=0,extendedKeyCode=0x0] on new item id field
Sep 08, 2021 2:20:29 AM net.sourceforge.marathon.javaagent.EventQueueDevice dispatchEvent
INFO: java.awt.event.KeyEvent[KEY_TYPED,keyCode=0,keyText=Unknown keyCode: 0x0,keyChar=' ',modifiers=Shift,extModifiers=Shift,keyLocation=KEY_LOCATION_UNKNOWN,rawCode=0,primaryLevelUnicode=0,scancode=0,extendedKeyCode=0x0] on new item id field
Sep 08, 2021 2:20:29 AM net.sourceforge.marathon.javaagent.EventQueueDevice dispatchEvent
INFO: java.awt.event.KeyEvent[KEY_RELEASED,keyCode=32,keyText=Space,keyChar=' ',modifiers=Shift,extModifiers=Shift,keyLocation=KEY_LOCATION_UNKNOWN,rawCode=0,primaryLevelUnicode=0,scancode=0,extendedKeyCode=0x0] on new item id field
Sep 08, 2021 2:20:29 AM net.sourceforge.marathon.javaagent.EventQueueDevice dispatchEvent
INFO: java.awt.event.KeyEvent[KEY_RELEASED,keyCode=16,keyText=Shift,keyChar=Undefined keyChar,keyLocation=KEY_LOCATION_UNKNOWN,rawCode=0,primaryLevelUnicode=0,scancode=0,extendedKeyCode=0x0] on new item id field
Sep 08, 2021 2:20:29 AM net.sourceforge.marathon.javaagent.EventQueueDevice dispatchEvent
INFO: java.awt.event.KeyEvent[KEY_PRESSED,keyCode=73,keyText=I,keyChar='i',keyLocation=KEY_LOCATION_UNKNOWN,rawCode=0,primaryLevelUnicode=0,scancode=0,extendedKeyCode=0x0] on new item id field
Sep 08, 2021 2:20:29 AM net.sourceforge.marathon.javaagent.EventQueueDevice dispatchEvent
INFO: java.awt.event.KeyEvent[KEY_TYPED,keyCode=0,keyText=Unknown keyCode: 0x0,keyChar='i',keyLocation=KEY_LOCATION_UNKNOWN,rawCode=0,primaryLevelUnicode=0,scancode=0,extendedKeyCode=0x0] on new item id field
Sep 08, 2021 2:20:29 AM net.sourceforge.marathon.javaagent.EventQueueDevice dispatchEvent
INFO: java.awt.event.KeyEvent[KEY_RELEASED,keyCode=73,keyText=I,keyChar='i',keyLocation=KEY_LOCATION_UNKNOWN,rawCode=0,primaryLevelUnicode=0,scancode=0,extendedKeyCode=0x0] on new item id field
Sep 08, 2021 2:20:29 AM net.sourceforge.marathon.javaagent.EventQueueDevice dispatchEvent
INFO: java.awt.event.KeyEvent[KEY_PRESSED,keyCode=84,keyText=T,keyChar='t',keyLocation=KEY_LOCATION_UNKNOWN,rawCode=0,primaryLevelUnicode=0,scancode=0,extendedKeyCode=0x0] on new item id field
Sep 08, 2021 2:20:29 AM net.sourceforge.marathon.javaagent.EventQueueDevice dispatchEvent
INFO: java.awt.event.KeyEvent[KEY_TYPED,keyCode=0,keyText=Unknown keyCode: 0x0,keyChar='t',keyLocation=KEY_LOCATION_UNKNOWN,rawCode=0,primaryLevelUnicode=0,scancode=0,extendedKeyCode=0x0] on new item id field
Sep 08, 2021 2:20:29 AM net.sourceforge.marathon.javaagent.EventQueueDevice dispatchEvent
INFO: java.awt.event.KeyEvent[KEY_RELEASED,keyCode=84,keyText=T,keyChar='t',keyLocation=KEY_LOCATION_UNKNOWN,rawCode=0,primaryLevelUnicode=0,scancode=0,extendedKeyCode=0x0] on new item id field
Sep 08, 2021 2:20:29 AM net.sourceforge.marathon.javaagent.EventQueueDevice dispatchEvent
INFO: java.awt.event.KeyEvent[KEY_PRESSED,keyCode=69,keyText=E,keyChar='e',keyLocation=KEY_LOCATION_UNKNOWN,rawCode=0,primaryLevelUnicode=0,scancode=0,extendedKeyCode=0x0] on new item id field
Sep 08, 2021 2:20:29 AM net.sourceforge.marathon.javaagent.EventQueueDevice dispatchEvent
INFO: java.awt.event.KeyEvent[KEY_TYPED,keyCode=0,keyText=Unknown keyCode: 0x0,keyChar='e',keyLocation=KEY_LOCATION_UNKNOWN,rawCode=0,primaryLevelUnicode=0,scancode=0,extendedKeyCode=0x0] on new item id field
Sep 08, 2021 2:20:29 AM net.sourceforge.marathon.javaagent.EventQueueDevice dispatchEvent
INFO: java.awt.event.KeyEvent[KEY_RELEASED,keyCode=69,keyText=E,keyChar='e',keyLocation=KEY_LOCATION_UNKNOWN,rawCode=0,primaryLevelUnicode=0,scancode=0,extendedKeyCode=0x0] on new item id field
Sep 08, 2021 2:20:29 AM net.sourceforge.marathon.javaagent.EventQueueDevice dispatchEvent
INFO: java.awt.event.KeyEvent[KEY_PRESSED,keyCode=77,keyText=M,keyChar='m',keyLocation=KEY_LOCATION_UNKNOWN,rawCode=0,primaryLevelUnicode=0,scancode=0,extendedKeyCode=0x0] on new item id field
Sep 08, 2021 2:20:29 AM net.sourceforge.marathon.javaagent.EventQueueDevice dispatchEvent
INFO: java.awt.event.KeyEvent[KEY_TYPED,keyCode=0,keyText=Unknown keyCode: 0x0,keyChar='m',keyLocation=KEY_LOCATION_UNKNOWN,rawCode=0,primaryLevelUnicode=0,scancode=0,extendedKeyCode=0x0] on new item id field
Sep 08, 2021 2:20:29 AM net.sourceforge.marathon.javaagent.EventQueueDevice dispatchEvent
INFO: java.awt.event.KeyEvent[KEY_RELEASED,keyCode=77,keyText=M,keyChar='m',keyLocation=KEY_LOCATION_UNKNOWN,rawCode=0,primaryLevelUnicode=0,scancode=0,extendedKeyCode=0x0] on new item id field
Sep 08, 2021 2:20:29 AM net.sourceforge.marathon.javaagent.EventQueueDevice dispatchEvent
INFO: java.awt.event.KeyEvent[KEY_PRESSED,keyCode=45,keyText=Minus,keyChar='-',keyLocation=KEY_LOCATION_UNKNOWN,rawCode=0,primaryLevelUnicode=0,scancode=0,extendedKeyCode=0x0] on new item id field
Sep 08, 2021 2:20:29 AM net.sourceforge.marathon.javaagent.EventQueueDevice dispatchEvent
INFO: java.awt.event.KeyEvent[KEY_TYPED,keyCode=0,keyText=Unknown keyCode: 0x0,keyChar='-',keyLocation=KEY_LOCATION_UNKNOWN,rawCode=0,primaryLevelUnicode=0,scancode=0,extendedKeyCode=0x0] on new item id field
Sep 08, 2021 2:20:29 AM net.sourceforge.marathon.javaagent.EventQueueDevice dispatchEvent
INFO: java.awt.event.KeyEvent[KEY_RELEASED,keyCode=45,keyText=Minus,keyChar='-',keyLocation=KEY_LOCATION_UNKNOWN,rawCode=0,primaryLevelUnicode=0,scancode=0,extendedKeyCode=0x0] on new item id field
Sep 08, 2021 2:20:29 AM net.sourceforge.marathon.javaagent.EventQueueDevice dispatchEvent
INFO: java.awt.event.KeyEvent[KEY_PRESSED,keyCode=73,keyText=I,keyChar='i',keyLocation=KEY_LOCATION_UNKNOWN,rawCode=0,primaryLevelUnicode=0,scancode=0,extendedKeyCode=0x0] on new item id field
Sep 08, 2021 2:20:29 AM net.sourceforge.marathon.javaagent.EventQueueDevice dispatchEvent
INFO: java.awt.event.KeyEvent[KEY_TYPED,keyCode=0,keyText=Unknown keyCode: 0x0,keyChar='i',keyLocation=KEY_LOCATION_UNKNOWN,rawCode=0,primaryLevelUnicode=0,scancode=0,extendedKeyCode=0x0] on new item id field
Sep 08, 2021 2:20:29 AM net.sourceforge.marathon.javaagent.EventQueueDevice dispatchEvent
INFO: java.awt.event.KeyEvent[KEY_RELEASED,keyCode=73,keyText=I,keyChar='i',keyLocation=KEY_LOCATION_UNKNOWN,rawCode=0,primaryLevelUnicode=0,scancode=0,extendedKeyCode=0x0] on new item id field
Sep 08, 2021 2:20:29 AM net.sourceforge.marathon.javaagent.EventQueueDevice dispatchEvent
INFO: java.awt.event.KeyEvent[KEY_PRESSED,keyCode=68,keyText=D,keyChar='d',keyLocation=KEY_LOCATION_UNKNOWN,rawCode=0,primaryLevelUnicode=0,scancode=0,extendedKeyCode=0x0] on new item id field
Sep 08, 2021 2:20:29 AM net.sourceforge.marathon.javaagent.EventQueueDevice dispatchEvent
INFO: java.awt.event.KeyEvent[KEY_TYPED,keyCode=0,keyText=Unknown keyCode: 0x0,keyChar='d',keyLocation=KEY_LOCATION_UNKNOWN,rawCode=0,primaryLevelUnicode=0,scancode=0,extendedKeyCode=0x0] on new item id field
Sep 08, 2021 2:20:29 AM net.sourceforge.marathon.javaagent.EventQueueDevice dispatchEvent
INFO: java.awt.event.KeyEvent[KEY_RELEASED,keyCode=68,keyText=D,keyChar='d',keyLocation=KEY_LOCATION_UNKNOWN,rawCode=0,primaryLevelUnicode=0,scancode=0,extendedKeyCode=0x0] on new item id field
Sep 08, 2021 2:20:29 AM net.sourceforge.marathon.javaagent.server.JavaServer serve
INFO: POST(/session/ebbdd218-75b0-490b-bb80-31878f80f39b/element/7c139af2-2ef3-4886-b30c-37cb47bbb458/value, {"id":"7c139af2-2ef3-4886-b30c-37cb47bbb458","value":["an item-id"]}) = {data={"name":"sendKeysElement","sessionId":"ebbdd218-75b0-490b-bb80-31878f80f39b","status":0}, status=OK}
Sep 08, 2021 2:20:29 AM net.sourceforge.marathon.javaagent.server.JavaServer serve
INFO: JavaServer.serve(POST /session/ebbdd218-75b0-490b-bb80-31878f80f39b/element): {
  "using": "name",
  "value": "new item stop price field"
}
Sep 08, 2021 2:20:29 AM net.sourceforge.marathon.javaagent.server.JavaServer serve
INFO: POST(/session/ebbdd218-75b0-490b-bb80-31878f80f39b/element, {"using":"name","value":"new item stop price field"}) = {data={"name":"findElement","sessionId":"ebbdd218-75b0-490b-bb80-31878f80f39b","value":{"ELEMENT":"9078b71f-983d-4f1a-bbe7-f75ffe54807e"},"status":0}, status=OK}
Sep 08, 2021 2:20:29 AM net.sourceforge.marathon.javaagent.server.JavaServer serve
INFO: JavaServer.serve(POST /session/ebbdd218-75b0-490b-bb80-31878f80f39b/element/9078b71f-983d-4f1a-bbe7-f75ffe54807e/clear): {
  "id": "9078b71f-983d-4f1a-bbe7-f75ffe54807e"
}
Sep 08, 2021 2:20:29 AM net.sourceforge.marathon.javaagent.server.JavaServer serve
INFO: POST(/session/ebbdd218-75b0-490b-bb80-31878f80f39b/element/9078b71f-983d-4f1a-bbe7-f75ffe54807e/clear, {"id":"9078b71f-983d-4f1a-bbe7-f75ffe54807e"}) = {data={"name":"clearElement","sessionId":"ebbdd218-75b0-490b-bb80-31878f80f39b","status":0}, status=OK}
Sep 08, 2021 2:20:29 AM net.sourceforge.marathon.javaagent.server.JavaServer serve
INFO: JavaServer.serve(POST /session/ebbdd218-75b0-490b-bb80-31878f80f39b/element/9078b71f-983d-4f1a-bbe7-f75ffe54807e/value): {
  "id": "9078b71f-983d-4f1a-bbe7-f75ffe54807e",
  "value": [
    "11000"
  ]
}
Sep 08, 2021 2:20:29 AM net.sourceforge.marathon.javaagent.EventQueueDevice dispatchEvent
INFO: java.awt.event.KeyEvent[KEY_PRESSED,keyCode=49,keyText=1,keyChar='1',keyLocation=KEY_LOCATION_UNKNOWN,rawCode=0,primaryLevelUnicode=0,scancode=0,extendedKeyCode=0x0] on new item stop price field
Sep 08, 2021 2:20:29 AM net.sourceforge.marathon.javaagent.EventQueueDevice dispatchEvent
INFO: java.awt.event.KeyEvent[KEY_TYPED,keyCode=0,keyText=Unknown keyCode: 0x0,keyChar='1',keyLocation=KEY_LOCATION_UNKNOWN,rawCode=0,primaryLevelUnicode=0,scancode=0,extendedKeyCode=0x0] on new item stop price field
Sep 08, 2021 2:20:29 AM net.sourceforge.marathon.javaagent.EventQueueDevice dispatchEvent
INFO: java.awt.event.KeyEvent[KEY_RELEASED,keyCode=49,keyText=1,keyChar='1',keyLocation=KEY_LOCATION_UNKNOWN,rawCode=0,primaryLevelUnicode=0,scancode=0,extendedKeyCode=0x0] on new item stop price field
Sep 08, 2021 2:20:29 AM net.sourceforge.marathon.javaagent.EventQueueDevice dispatchEvent
INFO: java.awt.event.KeyEvent[KEY_PRESSED,keyCode=49,keyText=1,keyChar='1',keyLocation=KEY_LOCATION_UNKNOWN,rawCode=0,primaryLevelUnicode=0,scancode=0,extendedKeyCode=0x0] on new item stop price field
Sep 08, 2021 2:20:29 AM net.sourceforge.marathon.javaagent.EventQueueDevice dispatchEvent
INFO: java.awt.event.KeyEvent[KEY_TYPED,keyCode=0,keyText=Unknown keyCode: 0x0,keyChar='1',keyLocation=KEY_LOCATION_UNKNOWN,rawCode=0,primaryLevelUnicode=0,scancode=0,extendedKeyCode=0x0] on new item stop price field
Sep 08, 2021 2:20:29 AM net.sourceforge.marathon.javaagent.EventQueueDevice dispatchEvent
INFO: java.awt.event.KeyEvent[KEY_RELEASED,keyCode=49,keyText=1,keyChar='1',keyLocation=KEY_LOCATION_UNKNOWN,rawCode=0,primaryLevelUnicode=0,scancode=0,extendedKeyCode=0x0] on new item stop price field
Sep 08, 2021 2:20:29 AM net.sourceforge.marathon.javaagent.EventQueueDevice dispatchEvent
INFO: java.awt.event.KeyEvent[KEY_PRESSED,keyCode=48,keyText=0,keyChar='0',keyLocation=KEY_LOCATION_UNKNOWN,rawCode=0,primaryLevelUnicode=0,scancode=0,extendedKeyCode=0x0] on new item stop price field
Sep 08, 2021 2:20:29 AM net.sourceforge.marathon.javaagent.EventQueueDevice dispatchEvent
INFO: java.awt.event.KeyEvent[KEY_TYPED,keyCode=0,keyText=Unknown keyCode: 0x0,keyChar='0',keyLocation=KEY_LOCATION_UNKNOWN,rawCode=0,primaryLevelUnicode=0,scancode=0,extendedKeyCode=0x0] on new item stop price field
Sep 08, 2021 2:20:29 AM net.sourceforge.marathon.javaagent.EventQueueDevice dispatchEvent
INFO: java.awt.event.KeyEvent[KEY_RELEASED,keyCode=48,keyText=0,keyChar='0',keyLocation=KEY_LOCATION_UNKNOWN,rawCode=0,primaryLevelUnicode=0,scancode=0,extendedKeyCode=0x0] on new item stop price field
Sep 08, 2021 2:20:29 AM net.sourceforge.marathon.javaagent.EventQueueDevice dispatchEvent
INFO: java.awt.event.KeyEvent[KEY_PRESSED,keyCode=48,keyText=0,keyChar='0',keyLocation=KEY_LOCATION_UNKNOWN,rawCode=0,primaryLevelUnicode=0,scancode=0,extendedKeyCode=0x0] on new item stop price field
Sep 08, 2021 2:20:29 AM net.sourceforge.marathon.javaagent.EventQueueDevice dispatchEvent
INFO: java.awt.event.KeyEvent[KEY_TYPED,keyCode=0,keyText=Unknown keyCode: 0x0,keyChar='0',keyLocation=KEY_LOCATION_UNKNOWN,rawCode=0,primaryLevelUnicode=0,scancode=0,extendedKeyCode=0x0] on new item stop price field
Sep 08, 2021 2:20:29 AM net.sourceforge.marathon.javaagent.EventQueueDevice dispatchEvent
INFO: java.awt.event.KeyEvent[KEY_RELEASED,keyCode=48,keyText=0,keyChar='0',keyLocation=KEY_LOCATION_UNKNOWN,rawCode=0,primaryLevelUnicode=0,scancode=0,extendedKeyCode=0x0] on new item stop price field
Sep 08, 2021 2:20:29 AM net.sourceforge.marathon.javaagent.EventQueueDevice dispatchEvent
INFO: java.awt.event.KeyEvent[KEY_PRESSED,keyCode=48,keyText=0,keyChar='0',keyLocation=KEY_LOCATION_UNKNOWN,rawCode=0,primaryLevelUnicode=0,scancode=0,extendedKeyCode=0x0] on new item stop price field
Sep 08, 2021 2:20:29 AM net.sourceforge.marathon.javaagent.EventQueueDevice dispatchEvent
INFO: java.awt.event.KeyEvent[KEY_TYPED,keyCode=0,keyText=Unknown keyCode: 0x0,keyChar='0',keyLocation=KEY_LOCATION_UNKNOWN,rawCode=0,primaryLevelUnicode=0,scancode=0,extendedKeyCode=0x0] on new item stop price field
Sep 08, 2021 2:20:29 AM net.sourceforge.marathon.javaagent.EventQueueDevice dispatchEvent
INFO: java.awt.event.KeyEvent[KEY_RELEASED,keyCode=48,keyText=0,keyChar='0',keyLocation=KEY_LOCATION_UNKNOWN,rawCode=0,primaryLevelUnicode=0,scancode=0,extendedKeyCode=0x0] on new item stop price field
Sep 08, 2021 2:20:29 AM net.sourceforge.marathon.javaagent.server.JavaServer serve
INFO: POST(/session/ebbdd218-75b0-490b-bb80-31878f80f39b/element/9078b71f-983d-4f1a-bbe7-f75ffe54807e/value, {"id":"9078b71f-983d-4f1a-bbe7-f75ffe54807e","value":["11000"]}) = {data={"name":"sendKeysElement","sessionId":"ebbdd218-75b0-490b-bb80-31878f80f39b","status":0}, status=OK}
Sep 08, 2021 2:20:29 AM net.sourceforge.marathon.javaagent.server.JavaServer serve
INFO: JavaServer.serve(POST /session/ebbdd218-75b0-490b-bb80-31878f80f39b/element): {
  "using": "name",
  "value": "join button"
}
Sep 08, 2021 2:20:29 AM net.sourceforge.marathon.javaagent.server.JavaServer serve
INFO: POST(/session/ebbdd218-75b0-490b-bb80-31878f80f39b/element, {"using":"name","value":"join button"}) = {data={"name":"findElement","sessionId":"ebbdd218-75b0-490b-bb80-31878f80f39b","value":{"ELEMENT":"7e6b860d-b012-416b-88e6-d725898b1359"},"status":0}, status=OK}
Sep 08, 2021 2:20:29 AM net.sourceforge.marathon.javaagent.server.JavaServer serve
INFO: JavaServer.serve(POST /session/ebbdd218-75b0-490b-bb80-31878f80f39b/element/7e6b860d-b012-416b-88e6-d725898b1359/click): {
  "id": "7e6b860d-b012-416b-88e6-d725898b1359"
}
Sep 08, 2021 2:20:29 AM net.sourceforge.marathon.javaagent.EventQueueDevice dispatchEvent
INFO: java.awt.event.MouseEvent[MOUSE_PRESSED,(58,12),absolute(589,17),button=1,modifiers=Button1,extModifiers=Button1,clickCount=1] on join button
Sep 08, 2021 2:20:29 AM net.sourceforge.marathon.javaagent.EventQueueDevice dispatchEvent
INFO: java.awt.event.MouseEvent[MOUSE_RELEASED,(58,12),absolute(589,17),button=1,modifiers=Button1,clickCount=1] on join button
Sep 08, 2021 2:20:29 AM net.sourceforge.marathon.javaagent.EventQueueDevice dispatchEvent
INFO: java.awt.event.MouseEvent[MOUSE_CLICKED,(58,12),absolute(589,17),button=1,modifiers=Button1,clickCount=1] on join button
Sep 08, 2021 2:20:29 AM net.sourceforge.marathon.javaagent.server.JavaServer serve
INFO: POST(/session/ebbdd218-75b0-490b-bb80-31878f80f39b/element/7e6b860d-b012-416b-88e6-d725898b1359/click, {"id":"7e6b860d-b012-416b-88e6-d725898b1359"}) = {data={"name":"clickElement","sessionId":"ebbdd218-75b0-490b-bb80-31878f80f39b","status":0}, status=OK}
Sep 08, 2021 2:20:29 AM net.sourceforge.marathon.javaagent.server.JavaServer serve
INFO: JavaServer.serve(DELETE /session/ebbdd218-75b0-490b-bb80-31878f80f39b/window): {}
Sep 08, 2021 2:20:29 AM net.sourceforge.marathon.javaagent.server.JavaServer serve
INFO: DELETE(/session/ebbdd218-75b0-490b-bb80-31878f80f39b/window) = {data={"name":"closeSession","sessionId":"ebbdd218-75b0-490b-bb80-31878f80f39b","status":0}, status=OK}
Sep 08, 2021 2:20:29 AM net.sourceforge.marathon.javaagent.server.JavaServer serve
INFO: JavaServer.serve(POST /session): {
  "desiredCapabilities": {
    "browserName": "java",
    "platform": "ANY"
  },
  "capabilities": {
    "firstMatch": [
      {
        "browserName": "java"
      }
    ]
  }
}
Sep 08, 2021 2:20:29 AM net.sourceforge.marathon.javaagent.server.JavaServer createSession
INFO: Creating device with type: EVENT_QUEUE
Sep 08, 2021 2:20:29 AM net.sourceforge.marathon.javaagent.Device getDevice
INFO: Creating a EVENT_QUEUE device
Sep 08, 2021 2:20:29 AM net.sourceforge.marathon.javaagent.server.JavaServer serve
INFO: POST(/session, {"desiredCapabilities":{"browserName":"java","platform":"ANY"},"capabilities":{"firstMatch":[{"browserName":"java"}]}}) = {data=, status=REDIRECT}
Sep 08, 2021 2:20:29 AM net.sourceforge.marathon.javaagent.server.JavaServer serve
INFO: JavaServer.serve(GET /session/a231b8c2-59f4-43ef-8f01-ed24bef94fb0): {}
Sep 08, 2021 2:20:29 AM net.sourceforge.marathon.javaagent.server.JavaServer serve
INFO: GET(/session/a231b8c2-59f4-43ef-8f01-ed24bef94fb0) = {data={"name":"getCapabilities","sessionId":"a231b8c2-59f4-43ef-8f01-ed24bef94fb0","value":{"applicationCacheEnabled":false,"rotatable":false,"loggingPrefs":{"driver":"ALL"},"handlesAlerts":false,"databaseEnabled":false,"version":"1.0","platform":"ANY","browserConnectionEnabled":false,"nativeEvents":false,"acceptSslCerts":false,"locationContextEnabled":false,"webStorageEnabled":false,"browserName":"java","takesScreenshot":true,"javascriptEnabled":true,"cssSelectorsEnabled":false},"status":0}, status=OK}
Sep 08, 2021 2:20:29 AM org.openqa.selenium.remote.ProtocolHandshake createSession
INFO: Detected dialect: OSS
Sep 08, 2021 2:20:29 AM net.sourceforge.marathon.javaagent.server.JavaServer serve
INFO: JavaServer.serve(POST /session/a231b8c2-59f4-43ef-8f01-ed24bef94fb0/element): {
  "using": "name",
  "value": "sniper reset button"
}
Sep 08, 2021 2:20:29 AM net.sourceforge.marathon.javaagent.server.JavaServer serve
INFO: POST(/session/a231b8c2-59f4-43ef-8f01-ed24bef94fb0/element, {"using":"name","value":"sniper reset button"}) = {data={"name":"findElement","sessionId":"a231b8c2-59f4-43ef-8f01-ed24bef94fb0","value":{"ELEMENT":"6b50c192-a0fb-46d0-8cf9-0dd092655df6"},"status":0}, status=OK}
Sep 08, 2021 2:20:29 AM net.sourceforge.marathon.javaagent.server.JavaServer serve
INFO: JavaServer.serve(POST /session/a231b8c2-59f4-43ef-8f01-ed24bef94fb0/element/6b50c192-a0fb-46d0-8cf9-0dd092655df6/click): {
  "id": "6b50c192-a0fb-46d0-8cf9-0dd092655df6"
}
Sep 08, 2021 2:20:29 AM net.sourceforge.marathon.javaagent.EventQueueDevice dispatchEvent
INFO: java.awt.event.MouseEvent[MOUSE_PRESSED,(37,12),absolute(326,474),button=1,modifiers=Button1,extModifiers=Button1,clickCount=1] on sniper reset button
Sep 08, 2021 2:20:29 AM net.sourceforge.marathon.javaagent.EventQueueDevice dispatchEvent
INFO: java.awt.event.MouseEvent[MOUSE_RELEASED,(37,12),absolute(326,474),button=1,modifiers=Button1,clickCount=1] on sniper reset button
Sep 08, 2021 2:20:29 AM net.sourceforge.marathon.javaagent.EventQueueDevice dispatchEvent
INFO: java.awt.event.MouseEvent[MOUSE_CLICKED,(37,12),absolute(326,474),button=1,modifiers=Button1,clickCount=1] on sniper reset button
Sep 08, 2021 2:20:29 AM net.sourceforge.marathon.javaagent.server.JavaServer serve
INFO: POST(/session/a231b8c2-59f4-43ef-8f01-ed24bef94fb0/element/6b50c192-a0fb-46d0-8cf9-0dd092655df6/click, {"id":"6b50c192-a0fb-46d0-8cf9-0dd092655df6"}) = {data={"name":"clickElement","sessionId":"a231b8c2-59f4-43ef-8f01-ed24bef94fb0","status":0}, status=OK}
Sep 08, 2021 2:20:30 AM net.sourceforge.marathon.javaagent.server.JavaServer serve
INFO: JavaServer.serve(DELETE /session/a231b8c2-59f4-43ef-8f01-ed24bef94fb0/window): {}
Sep 08, 2021 2:20:30 AM net.sourceforge.marathon.javaagent.server.JavaServer serve
INFO: DELETE(/session/a231b8c2-59f4-43ef-8f01-ed24bef94fb0/window) = {data={"name":"closeSession","sessionId":"a231b8c2-59f4-43ef-8f01-ed24bef94fb0","status":0}, status=OK}
]]></system-err>
</testsuite>
