<?xml version="1.0" encoding="UTF-8"?>
<testsuite name="goos.auction.sol.AuctionMessageTranslatorTest" tests="5" skipped="0" failures="0" errors="0" timestamp="2022-02-24T02:36:04" hostname="buildkitsandbox" time="1.406">
  <properties/>
  <testcase name="notifies auction closed when close message received" classname="goos.auction.sol.AuctionMessageTranslatorTest" time="1.311"/>
  <testcase name="notifies bid details when current price message received from other bidder" classname="goos.auction.sol.AuctionMessageTranslatorTest" time="0.036"/>
  <testcase name="notifies bid details when current price message received from sniper" classname="goos.auction.sol.AuctionMessageTranslatorTest" time="0.011"/>
  <testcase name="notifies auction failed when bad message received" classname="goos.auction.sol.AuctionMessageTranslatorTest" time="0.004"/>
  <testcase name="does nothing when unknown event received" classname="goos.auction.sol.AuctionMessageTranslatorTest" time="0.001"/>
  <system-out><![CDATA[]]></system-out>
  <system-err><![CDATA[]]></system-err>
</testsuite>
