<?xml version="1.0" encoding="UTF-8"?>
<testsuite name="goos.ui.stub.StubUiTest" tests="1" skipped="0" failures="0" errors="0" timestamp="2021-09-08T02:20:23" hostname="buildkitsandbox" time="0.096">
  <properties/>
  <testcase name="a test" classname="goos.ui.stub.StubUiTest" time="0.096"/>
  <system-out><![CDATA[]]></system-out>
  <system-err><![CDATA[]]></system-err>
</testsuite>
