<?xml version="1.0" encoding="UTF-8"?>
<testsuite name="goos.ui.swing.MainWindowTest" tests="3" skipped="0" failures="0" errors="0" timestamp="2022-02-16T02:30:01" hostname="buildkitsandbox" time="5.46">
  <properties/>
  <testcase name="window has expected features" classname="goos.ui.swing.MainWindowTest" time="3.876"/>
  <testcase name="make user request when join button clicked" classname="goos.ui.swing.MainWindowTest" time="1.334"/>
  <testcase name="make user request when reset button clicked" classname="goos.ui.swing.MainWindowTest" time="0.247"/>
  <system-out><![CDATA[]]></system-out>
  <system-err><![CDATA[SLF4J: Failed to load class "org.slf4j.impl.StaticLoggerBinder".
SLF4J: Defaulting to no-operation (NOP) logger implementation
SLF4J: See http://www.slf4j.org/codes.html#StaticLoggerBinder for further details.
Feb 16, 2022 2:30:04 AM io.netty.util.internal.MacAddressUtil defaultMachineId
WARNING: Failed to find a usable hardware address from the network interfaces; using random bytes: 7b:82:0e:92:a2:0a:3a:c9
Feb 16, 2022 2:30:04 AM net.sourceforge.marathon.javaagent.server.JavaServer serve
INFO: JavaServer.serve(POST /session): {
  "desiredCapabilities": {
    "browserName": "java",
    "platform": "ANY"
  },
  "capabilities": {
    "firstMatch": [
      {
        "browserName": "java"
      }
    ]
  }
}
Feb 16, 2022 2:30:04 AM net.sourceforge.marathon.javaagent.server.JavaServer createSession
INFO: Creating device with type: EVENT_QUEUE
Feb 16, 2022 2:30:04 AM net.sourceforge.marathon.javaagent.Device getDevice
INFO: Creating a EVENT_QUEUE device
Feb 16, 2022 2:30:04 AM net.sourceforge.marathon.javaagent.server.JavaServer serve
INFO: POST(/session, {"desiredCapabilities":{"browserName":"java","platform":"ANY"},"capabilities":{"firstMatch":[{"browserName":"java"}]}}) = {data=, status=REDIRECT}
Feb 16, 2022 2:30:04 AM net.sourceforge.marathon.javaagent.server.JavaServer serve
INFO: JavaServer.serve(GET /session/cf26d59a-3e8d-4881-8e43-8982464f0de1): {}
Feb 16, 2022 2:30:04 AM net.sourceforge.marathon.javaagent.server.JavaServer serve
INFO: GET(/session/cf26d59a-3e8d-4881-8e43-8982464f0de1) = {data={"name":"getCapabilities","sessionId":"cf26d59a-3e8d-4881-8e43-8982464f0de1","value":{"applicationCacheEnabled":false,"rotatable":false,"loggingPrefs":{"driver":"ALL"},"handlesAlerts":false,"databaseEnabled":false,"version":"1.0","platform":"ANY","browserConnectionEnabled":false,"nativeEvents":false,"acceptSslCerts":false,"locationContextEnabled":false,"webStorageEnabled":false,"browserName":"java","takesScreenshot":true,"javascriptEnabled":true,"cssSelectorsEnabled":false},"status":0}, status=OK}
Feb 16, 2022 2:30:04 AM org.openqa.selenium.remote.ProtocolHandshake createSession
INFO: Detected dialect: OSS
Feb 16, 2022 2:30:05 AM net.sourceforge.marathon.javaagent.server.JavaServer serve
INFO: JavaServer.serve(POST /session/cf26d59a-3e8d-4881-8e43-8982464f0de1/element): {
  "using": "css selector",
  "value": "."
}
Feb 16, 2022 2:30:05 AM net.sourceforge.marathon.javaagent.server.JavaServer serve
INFO: POST(/session/cf26d59a-3e8d-4881-8e43-8982464f0de1/element, {"using":"css selector","value":"."}) = {data={"name":"findElement","sessionId":"cf26d59a-3e8d-4881-8e43-8982464f0de1","value":{"ELEMENT":"7bbc870b-e266-45d9-b4b5-d6d05d036f53"},"status":0}, status=OK}
Feb 16, 2022 2:30:05 AM net.sourceforge.marathon.javaagent.server.JavaServer serve
INFO: JavaServer.serve(GET /session/cf26d59a-3e8d-4881-8e43-8982464f0de1/element/7bbc870b-e266-45d9-b4b5-d6d05d036f53/attribute/name): {}
Feb 16, 2022 2:30:05 AM net.sourceforge.marathon.javaagent.server.JavaServer serve
INFO: GET(/session/cf26d59a-3e8d-4881-8e43-8982464f0de1/element/7bbc870b-e266-45d9-b4b5-d6d05d036f53/attribute/name) = {data={"name":"getElementAttribute","sessionId":"cf26d59a-3e8d-4881-8e43-8982464f0de1","value":"Auction Sniper Name","status":0}, status=OK}
Feb 16, 2022 2:30:05 AM net.sourceforge.marathon.javaagent.server.JavaServer serve
INFO: JavaServer.serve(POST /session/cf26d59a-3e8d-4881-8e43-8982464f0de1/element): {
  "using": "css selector",
  "value": "."
}
Feb 16, 2022 2:30:05 AM net.sourceforge.marathon.javaagent.server.JavaServer serve
INFO: POST(/session/cf26d59a-3e8d-4881-8e43-8982464f0de1/element, {"using":"css selector","value":"."}) = {data={"name":"findElement","sessionId":"cf26d59a-3e8d-4881-8e43-8982464f0de1","value":{"ELEMENT":"7bbc870b-e266-45d9-b4b5-d6d05d036f53"},"status":0}, status=OK}
Feb 16, 2022 2:30:05 AM net.sourceforge.marathon.javaagent.server.JavaServer serve
INFO: JavaServer.serve(GET /session/cf26d59a-3e8d-4881-8e43-8982464f0de1/element/7bbc870b-e266-45d9-b4b5-d6d05d036f53/displayed): {}
Feb 16, 2022 2:30:05 AM net.sourceforge.marathon.javaagent.server.JavaServer serve
INFO: GET(/session/cf26d59a-3e8d-4881-8e43-8982464f0de1/element/7bbc870b-e266-45d9-b4b5-d6d05d036f53/displayed) = {data={"name":"isDisplayed","sessionId":"cf26d59a-3e8d-4881-8e43-8982464f0de1","value":true,"status":0}, status=OK}
Feb 16, 2022 2:30:05 AM net.sourceforge.marathon.javaagent.server.JavaServer serve
INFO: JavaServer.serve(GET /session/cf26d59a-3e8d-4881-8e43-8982464f0de1/title): {}
Feb 16, 2022 2:30:05 AM net.sourceforge.marathon.javaagent.server.JavaServer serve
INFO: GET(/session/cf26d59a-3e8d-4881-8e43-8982464f0de1/title) = {data={"name":"getWindowTitle","sessionId":"cf26d59a-3e8d-4881-8e43-8982464f0de1","value":"Auction Sniper","status":0}, status=OK}
Feb 16, 2022 2:30:05 AM net.sourceforge.marathon.javaagent.server.JavaServer serve
INFO: JavaServer.serve(POST /session/cf26d59a-3e8d-4881-8e43-8982464f0de1/element): {
  "using": "name",
  "value": "snipers table"
}
Feb 16, 2022 2:30:05 AM net.sourceforge.marathon.javaagent.server.JavaServer serve
INFO: POST(/session/cf26d59a-3e8d-4881-8e43-8982464f0de1/element, {"using":"name","value":"snipers table"}) = {data={"name":"findElement","sessionId":"cf26d59a-3e8d-4881-8e43-8982464f0de1","value":{"ELEMENT":"bca768ad-4d5a-41ea-9e3c-5b423b75c03a"},"status":0}, status=OK}
Feb 16, 2022 2:30:05 AM net.sourceforge.marathon.javaagent.server.JavaServer serve
INFO: JavaServer.serve(POST /session/cf26d59a-3e8d-4881-8e43-8982464f0de1/element/bca768ad-4d5a-41ea-9e3c-5b423b75c03a/elements): {
  "id": "bca768ad-4d5a-41ea-9e3c-5b423b75c03a",
  "using": "css selector",
  "value": ".::header.::all-items"
}
Feb 16, 2022 2:30:05 AM net.sourceforge.marathon.javaagent.server.JavaServer serve
INFO: POST(/session/cf26d59a-3e8d-4881-8e43-8982464f0de1/element/bca768ad-4d5a-41ea-9e3c-5b423b75c03a/elements, {"using":"css selector","id":"bca768ad-4d5a-41ea-9e3c-5b423b75c03a","value":".::header.::all-items"}) = {data={"name":"findElementsOfElement","sessionId":"cf26d59a-3e8d-4881-8e43-8982464f0de1","value":[{"ELEMENT":"d7e89241-4b35-4278-b4d6-5771db52abc9%23%7B%22selector%22%3A%22nth-item%22%2C%22parameters%22%3A%5B1%5D%7D"},{"ELEMENT":"d7e89241-4b35-4278-b4d6-5771db52abc9%23%7B%22selector%22%3A%22nth-item%22%2C%22parameters%22%3A%5B2%5D%7D"},{"ELEMENT":"d7e89241-4b35-4278-b4d6-5771db52abc9%23%7B%22selector%22%3A%22nth-item%22%2C%22parameters%22%3A%5B3%5D%7D"},{"ELEMENT":"d7e89241-4b35-4278-b4d6-5771db52abc9%23%7B%22selector%22%3A%22nth-item%22%2C%22parameters%22%3A%5B4%5D%7D"}],"status":0}, status=OK}
Feb 16, 2022 2:30:05 AM net.sourceforge.marathon.javaagent.server.JavaServer serve
INFO: JavaServer.serve(GET /session/cf26d59a-3e8d-4881-8e43-8982464f0de1/element/d7e89241-4b35-4278-b4d6-5771db52abc9%23%7B%22selector%22%3A%22nth-item%22%2C%22parameters%22%3A%5B1%5D%7D/text): {}
Feb 16, 2022 2:30:05 AM net.sourceforge.marathon.javaagent.server.JavaServer serve
INFO: GET(/session/cf26d59a-3e8d-4881-8e43-8982464f0de1/element/d7e89241-4b35-4278-b4d6-5771db52abc9%23%7B%22selector%22%3A%22nth-item%22%2C%22parameters%22%3A%5B1%5D%7D/text) = {data={"name":"getElementText","sessionId":"cf26d59a-3e8d-4881-8e43-8982464f0de1","value":"Item","status":0}, status=OK}
Feb 16, 2022 2:30:05 AM net.sourceforge.marathon.javaagent.server.JavaServer serve
INFO: JavaServer.serve(GET /session/cf26d59a-3e8d-4881-8e43-8982464f0de1/element/d7e89241-4b35-4278-b4d6-5771db52abc9%23%7B%22selector%22%3A%22nth-item%22%2C%22parameters%22%3A%5B2%5D%7D/text): {}
Feb 16, 2022 2:30:05 AM net.sourceforge.marathon.javaagent.server.JavaServer serve
INFO: GET(/session/cf26d59a-3e8d-4881-8e43-8982464f0de1/element/d7e89241-4b35-4278-b4d6-5771db52abc9%23%7B%22selector%22%3A%22nth-item%22%2C%22parameters%22%3A%5B2%5D%7D/text) = {data={"name":"getElementText","sessionId":"cf26d59a-3e8d-4881-8e43-8982464f0de1","value":"Last Price","status":0}, status=OK}
Feb 16, 2022 2:30:05 AM net.sourceforge.marathon.javaagent.server.JavaServer serve
INFO: JavaServer.serve(GET /session/cf26d59a-3e8d-4881-8e43-8982464f0de1/element/d7e89241-4b35-4278-b4d6-5771db52abc9%23%7B%22selector%22%3A%22nth-item%22%2C%22parameters%22%3A%5B3%5D%7D/text): {}
Feb 16, 2022 2:30:05 AM net.sourceforge.marathon.javaagent.server.JavaServer serve
INFO: GET(/session/cf26d59a-3e8d-4881-8e43-8982464f0de1/element/d7e89241-4b35-4278-b4d6-5771db52abc9%23%7B%22selector%22%3A%22nth-item%22%2C%22parameters%22%3A%5B3%5D%7D/text) = {data={"name":"getElementText","sessionId":"cf26d59a-3e8d-4881-8e43-8982464f0de1","value":"Last Bid","status":0}, status=OK}
Feb 16, 2022 2:30:05 AM net.sourceforge.marathon.javaagent.server.JavaServer serve
INFO: JavaServer.serve(GET /session/cf26d59a-3e8d-4881-8e43-8982464f0de1/element/d7e89241-4b35-4278-b4d6-5771db52abc9%23%7B%22selector%22%3A%22nth-item%22%2C%22parameters%22%3A%5B4%5D%7D/text): {}
Feb 16, 2022 2:30:05 AM net.sourceforge.marathon.javaagent.server.JavaServer serve
INFO: GET(/session/cf26d59a-3e8d-4881-8e43-8982464f0de1/element/d7e89241-4b35-4278-b4d6-5771db52abc9%23%7B%22selector%22%3A%22nth-item%22%2C%22parameters%22%3A%5B4%5D%7D/text) = {data={"name":"getElementText","sessionId":"cf26d59a-3e8d-4881-8e43-8982464f0de1","value":"State","status":0}, status=OK}
Feb 16, 2022 2:30:05 AM net.sourceforge.marathon.javaagent.server.JavaServer serve
INFO: JavaServer.serve(DELETE /session/cf26d59a-3e8d-4881-8e43-8982464f0de1/window): {}
Feb 16, 2022 2:30:05 AM net.sourceforge.marathon.javaagent.server.JavaServer serve
INFO: DELETE(/session/cf26d59a-3e8d-4881-8e43-8982464f0de1/window) = {data={"name":"closeSession","sessionId":"cf26d59a-3e8d-4881-8e43-8982464f0de1","status":0}, status=OK}
Feb 16, 2022 2:30:05 AM net.sourceforge.marathon.javaagent.server.JavaServer serve
INFO: JavaServer.serve(POST /session): {
  "desiredCapabilities": {
    "browserName": "java",
    "platform": "ANY"
  },
  "capabilities": {
    "firstMatch": [
      {
        "browserName": "java"
      }
    ]
  }
}
Feb 16, 2022 2:30:05 AM net.sourceforge.marathon.javaagent.server.JavaServer createSession
INFO: Creating device with type: EVENT_QUEUE
Feb 16, 2022 2:30:05 AM net.sourceforge.marathon.javaagent.Device getDevice
INFO: Creating a EVENT_QUEUE device
Feb 16, 2022 2:30:05 AM net.sourceforge.marathon.javaagent.server.JavaServer serve
INFO: POST(/session, {"desiredCapabilities":{"browserName":"java","platform":"ANY"},"capabilities":{"firstMatch":[{"browserName":"java"}]}}) = {data=, status=REDIRECT}
Feb 16, 2022 2:30:05 AM net.sourceforge.marathon.javaagent.server.JavaServer serve
INFO: JavaServer.serve(GET /session/aad27452-7bc2-4533-b266-ab4e31754573): {}
Feb 16, 2022 2:30:05 AM net.sourceforge.marathon.javaagent.server.JavaServer serve
INFO: GET(/session/aad27452-7bc2-4533-b266-ab4e31754573) = {data={"name":"getCapabilities","sessionId":"aad27452-7bc2-4533-b266-ab4e31754573","value":{"applicationCacheEnabled":false,"rotatable":false,"loggingPrefs":{"driver":"ALL"},"handlesAlerts":false,"databaseEnabled":false,"version":"1.0","platform":"ANY","browserConnectionEnabled":false,"nativeEvents":false,"acceptSslCerts":false,"locationContextEnabled":false,"webStorageEnabled":false,"browserName":"java","takesScreenshot":true,"javascriptEnabled":true,"cssSelectorsEnabled":false},"status":0}, status=OK}
Feb 16, 2022 2:30:05 AM org.openqa.selenium.remote.ProtocolHandshake createSession
INFO: Detected dialect: OSS
Feb 16, 2022 2:30:05 AM net.sourceforge.marathon.javaagent.server.JavaServer serve
INFO: JavaServer.serve(POST /session/aad27452-7bc2-4533-b266-ab4e31754573/element): {
  "using": "name",
  "value": "new item id field"
}
Feb 16, 2022 2:30:05 AM net.sourceforge.marathon.javaagent.server.JavaServer serve
INFO: POST(/session/aad27452-7bc2-4533-b266-ab4e31754573/element, {"using":"name","value":"new item id field"}) = {data={"name":"findElement","sessionId":"aad27452-7bc2-4533-b266-ab4e31754573","value":{"ELEMENT":"f0d23d80-393b-49ee-beae-fb7ac8360a85"},"status":0}, status=OK}
Feb 16, 2022 2:30:05 AM net.sourceforge.marathon.javaagent.server.JavaServer serve
INFO: JavaServer.serve(POST /session/aad27452-7bc2-4533-b266-ab4e31754573/element/f0d23d80-393b-49ee-beae-fb7ac8360a85/clear): {
  "id": "f0d23d80-393b-49ee-beae-fb7ac8360a85"
}
Feb 16, 2022 2:30:05 AM net.sourceforge.marathon.javaagent.server.JavaServer serve
INFO: POST(/session/aad27452-7bc2-4533-b266-ab4e31754573/element/f0d23d80-393b-49ee-beae-fb7ac8360a85/clear, {"id":"f0d23d80-393b-49ee-beae-fb7ac8360a85"}) = {data={"name":"clearElement","sessionId":"aad27452-7bc2-4533-b266-ab4e31754573","status":0}, status=OK}
Feb 16, 2022 2:30:05 AM net.sourceforge.marathon.javaagent.server.JavaServer serve
INFO: JavaServer.serve(POST /session/aad27452-7bc2-4533-b266-ab4e31754573/element/f0d23d80-393b-49ee-beae-fb7ac8360a85/value): {
  "id": "f0d23d80-393b-49ee-beae-fb7ac8360a85",
  "value": [
    "an item-id"
  ]
}
Feb 16, 2022 2:30:05 AM net.sourceforge.marathon.javaagent.EventQueueDevice dispatchEvent
INFO: java.awt.event.KeyEvent[KEY_PRESSED,keyCode=65,keyText=A,keyChar='a',keyLocation=KEY_LOCATION_UNKNOWN,rawCode=0,primaryLevelUnicode=0,scancode=0,extendedKeyCode=0x0] on new item id field
Feb 16, 2022 2:30:05 AM net.sourceforge.marathon.javaagent.EventQueueDevice dispatchEvent
INFO: java.awt.event.KeyEvent[KEY_TYPED,keyCode=0,keyText=Unknown keyCode: 0x0,keyChar='a',keyLocation=KEY_LOCATION_UNKNOWN,rawCode=0,primaryLevelUnicode=0,scancode=0,extendedKeyCode=0x0] on new item id field
Feb 16, 2022 2:30:05 AM net.sourceforge.marathon.javaagent.EventQueueDevice dispatchEvent
INFO: java.awt.event.KeyEvent[KEY_RELEASED,keyCode=65,keyText=A,keyChar='a',keyLocation=KEY_LOCATION_UNKNOWN,rawCode=0,primaryLevelUnicode=0,scancode=0,extendedKeyCode=0x0] on new item id field
Feb 16, 2022 2:30:05 AM net.sourceforge.marathon.javaagent.EventQueueDevice dispatchEvent
INFO: java.awt.event.KeyEvent[KEY_PRESSED,keyCode=78,keyText=N,keyChar='n',keyLocation=KEY_LOCATION_UNKNOWN,rawCode=0,primaryLevelUnicode=0,scancode=0,extendedKeyCode=0x0] on new item id field
Feb 16, 2022 2:30:05 AM net.sourceforge.marathon.javaagent.EventQueueDevice dispatchEvent
INFO: java.awt.event.KeyEvent[KEY_TYPED,keyCode=0,keyText=Unknown keyCode: 0x0,keyChar='n',keyLocation=KEY_LOCATION_UNKNOWN,rawCode=0,primaryLevelUnicode=0,scancode=0,extendedKeyCode=0x0] on new item id field
Feb 16, 2022 2:30:05 AM net.sourceforge.marathon.javaagent.EventQueueDevice dispatchEvent
INFO: java.awt.event.KeyEvent[KEY_RELEASED,keyCode=78,keyText=N,keyChar='n',keyLocation=KEY_LOCATION_UNKNOWN,rawCode=0,primaryLevelUnicode=0,scancode=0,extendedKeyCode=0x0] on new item id field
Feb 16, 2022 2:30:05 AM net.sourceforge.marathon.javaagent.EventQueueDevice dispatchEvent
INFO: java.awt.event.KeyEvent[KEY_PRESSED,keyCode=16,keyText=Shift,keyChar=Undefined keyChar,modifiers=Shift,extModifiers=Shift,keyLocation=KEY_LOCATION_UNKNOWN,rawCode=0,primaryLevelUnicode=0,scancode=0,extendedKeyCode=0x0] on new item id field
Feb 16, 2022 2:30:05 AM net.sourceforge.marathon.javaagent.EventQueueDevice dispatchEvent
INFO: java.awt.event.KeyEvent[KEY_PRESSED,keyCode=32,keyText=Space,keyChar=' ',modifiers=Shift,extModifiers=Shift,keyLocation=KEY_LOCATION_UNKNOWN,rawCode=0,primaryLevelUnicode=0,scancode=0,extendedKeyCode=0x0] on new item id field
Feb 16, 2022 2:30:05 AM net.sourceforge.marathon.javaagent.EventQueueDevice dispatchEvent
INFO: java.awt.event.KeyEvent[KEY_TYPED,keyCode=0,keyText=Unknown keyCode: 0x0,keyChar=' ',modifiers=Shift,extModifiers=Shift,keyLocation=KEY_LOCATION_UNKNOWN,rawCode=0,primaryLevelUnicode=0,scancode=0,extendedKeyCode=0x0] on new item id field
Feb 16, 2022 2:30:05 AM net.sourceforge.marathon.javaagent.EventQueueDevice dispatchEvent
INFO: java.awt.event.KeyEvent[KEY_RELEASED,keyCode=32,keyText=Space,keyChar=' ',modifiers=Shift,extModifiers=Shift,keyLocation=KEY_LOCATION_UNKNOWN,rawCode=0,primaryLevelUnicode=0,scancode=0,extendedKeyCode=0x0] on new item id field
Feb 16, 2022 2:30:05 AM net.sourceforge.marathon.javaagent.EventQueueDevice dispatchEvent
INFO: java.awt.event.KeyEvent[KEY_RELEASED,keyCode=16,keyText=Shift,keyChar=Undefined keyChar,keyLocation=KEY_LOCATION_UNKNOWN,rawCode=0,primaryLevelUnicode=0,scancode=0,extendedKeyCode=0x0] on new item id field
Feb 16, 2022 2:30:05 AM net.sourceforge.marathon.javaagent.EventQueueDevice dispatchEvent
INFO: java.awt.event.KeyEvent[KEY_PRESSED,keyCode=73,keyText=I,keyChar='i',keyLocation=KEY_LOCATION_UNKNOWN,rawCode=0,primaryLevelUnicode=0,scancode=0,extendedKeyCode=0x0] on new item id field
Feb 16, 2022 2:30:05 AM net.sourceforge.marathon.javaagent.EventQueueDevice dispatchEvent
INFO: java.awt.event.KeyEvent[KEY_TYPED,keyCode=0,keyText=Unknown keyCode: 0x0,keyChar='i',keyLocation=KEY_LOCATION_UNKNOWN,rawCode=0,primaryLevelUnicode=0,scancode=0,extendedKeyCode=0x0] on new item id field
Feb 16, 2022 2:30:05 AM net.sourceforge.marathon.javaagent.EventQueueDevice dispatchEvent
INFO: java.awt.event.KeyEvent[KEY_RELEASED,keyCode=73,keyText=I,keyChar='i',keyLocation=KEY_LOCATION_UNKNOWN,rawCode=0,primaryLevelUnicode=0,scancode=0,extendedKeyCode=0x0] on new item id field
Feb 16, 2022 2:30:05 AM net.sourceforge.marathon.javaagent.EventQueueDevice dispatchEvent
INFO: java.awt.event.KeyEvent[KEY_PRESSED,keyCode=84,keyText=T,keyChar='t',keyLocation=KEY_LOCATION_UNKNOWN,rawCode=0,primaryLevelUnicode=0,scancode=0,extendedKeyCode=0x0] on new item id field
Feb 16, 2022 2:30:05 AM net.sourceforge.marathon.javaagent.EventQueueDevice dispatchEvent
INFO: java.awt.event.KeyEvent[KEY_TYPED,keyCode=0,keyText=Unknown keyCode: 0x0,keyChar='t',keyLocation=KEY_LOCATION_UNKNOWN,rawCode=0,primaryLevelUnicode=0,scancode=0,extendedKeyCode=0x0] on new item id field
Feb 16, 2022 2:30:05 AM net.sourceforge.marathon.javaagent.EventQueueDevice dispatchEvent
INFO: java.awt.event.KeyEvent[KEY_RELEASED,keyCode=84,keyText=T,keyChar='t',keyLocation=KEY_LOCATION_UNKNOWN,rawCode=0,primaryLevelUnicode=0,scancode=0,extendedKeyCode=0x0] on new item id field
Feb 16, 2022 2:30:05 AM net.sourceforge.marathon.javaagent.EventQueueDevice dispatchEvent
INFO: java.awt.event.KeyEvent[KEY_PRESSED,keyCode=69,keyText=E,keyChar='e',keyLocation=KEY_LOCATION_UNKNOWN,rawCode=0,primaryLevelUnicode=0,scancode=0,extendedKeyCode=0x0] on new item id field
Feb 16, 2022 2:30:05 AM net.sourceforge.marathon.javaagent.EventQueueDevice dispatchEvent
INFO: java.awt.event.KeyEvent[KEY_TYPED,keyCode=0,keyText=Unknown keyCode: 0x0,keyChar='e',keyLocation=KEY_LOCATION_UNKNOWN,rawCode=0,primaryLevelUnicode=0,scancode=0,extendedKeyCode=0x0] on new item id field
Feb 16, 2022 2:30:05 AM net.sourceforge.marathon.javaagent.EventQueueDevice dispatchEvent
INFO: java.awt.event.KeyEvent[KEY_RELEASED,keyCode=69,keyText=E,keyChar='e',keyLocation=KEY_LOCATION_UNKNOWN,rawCode=0,primaryLevelUnicode=0,scancode=0,extendedKeyCode=0x0] on new item id field
Feb 16, 2022 2:30:05 AM net.sourceforge.marathon.javaagent.EventQueueDevice dispatchEvent
INFO: java.awt.event.KeyEvent[KEY_PRESSED,keyCode=77,keyText=M,keyChar='m',keyLocation=KEY_LOCATION_UNKNOWN,rawCode=0,primaryLevelUnicode=0,scancode=0,extendedKeyCode=0x0] on new item id field
Feb 16, 2022 2:30:05 AM net.sourceforge.marathon.javaagent.EventQueueDevice dispatchEvent
INFO: java.awt.event.KeyEvent[KEY_TYPED,keyCode=0,keyText=Unknown keyCode: 0x0,keyChar='m',keyLocation=KEY_LOCATION_UNKNOWN,rawCode=0,primaryLevelUnicode=0,scancode=0,extendedKeyCode=0x0] on new item id field
Feb 16, 2022 2:30:05 AM net.sourceforge.marathon.javaagent.EventQueueDevice dispatchEvent
INFO: java.awt.event.KeyEvent[KEY_RELEASED,keyCode=77,keyText=M,keyChar='m',keyLocation=KEY_LOCATION_UNKNOWN,rawCode=0,primaryLevelUnicode=0,scancode=0,extendedKeyCode=0x0] on new item id field
Feb 16, 2022 2:30:05 AM net.sourceforge.marathon.javaagent.EventQueueDevice dispatchEvent
INFO: java.awt.event.KeyEvent[KEY_PRESSED,keyCode=45,keyText=Minus,keyChar='-',keyLocation=KEY_LOCATION_UNKNOWN,rawCode=0,primaryLevelUnicode=0,scancode=0,extendedKeyCode=0x0] on new item id field
Feb 16, 2022 2:30:05 AM net.sourceforge.marathon.javaagent.EventQueueDevice dispatchEvent
INFO: java.awt.event.KeyEvent[KEY_TYPED,keyCode=0,keyText=Unknown keyCode: 0x0,keyChar='-',keyLocation=KEY_LOCATION_UNKNOWN,rawCode=0,primaryLevelUnicode=0,scancode=0,extendedKeyCode=0x0] on new item id field
Feb 16, 2022 2:30:05 AM net.sourceforge.marathon.javaagent.EventQueueDevice dispatchEvent
INFO: java.awt.event.KeyEvent[KEY_RELEASED,keyCode=45,keyText=Minus,keyChar='-',keyLocation=KEY_LOCATION_UNKNOWN,rawCode=0,primaryLevelUnicode=0,scancode=0,extendedKeyCode=0x0] on new item id field
Feb 16, 2022 2:30:05 AM net.sourceforge.marathon.javaagent.EventQueueDevice dispatchEvent
INFO: java.awt.event.KeyEvent[KEY_PRESSED,keyCode=73,keyText=I,keyChar='i',keyLocation=KEY_LOCATION_UNKNOWN,rawCode=0,primaryLevelUnicode=0,scancode=0,extendedKeyCode=0x0] on new item id field
Feb 16, 2022 2:30:05 AM net.sourceforge.marathon.javaagent.EventQueueDevice dispatchEvent
INFO: java.awt.event.KeyEvent[KEY_TYPED,keyCode=0,keyText=Unknown keyCode: 0x0,keyChar='i',keyLocation=KEY_LOCATION_UNKNOWN,rawCode=0,primaryLevelUnicode=0,scancode=0,extendedKeyCode=0x0] on new item id field
Feb 16, 2022 2:30:05 AM net.sourceforge.marathon.javaagent.EventQueueDevice dispatchEvent
INFO: java.awt.event.KeyEvent[KEY_RELEASED,keyCode=73,keyText=I,keyChar='i',keyLocation=KEY_LOCATION_UNKNOWN,rawCode=0,primaryLevelUnicode=0,scancode=0,extendedKeyCode=0x0] on new item id field
Feb 16, 2022 2:30:05 AM net.sourceforge.marathon.javaagent.EventQueueDevice dispatchEvent
INFO: java.awt.event.KeyEvent[KEY_PRESSED,keyCode=68,keyText=D,keyChar='d',keyLocation=KEY_LOCATION_UNKNOWN,rawCode=0,primaryLevelUnicode=0,scancode=0,extendedKeyCode=0x0] on new item id field
Feb 16, 2022 2:30:05 AM net.sourceforge.marathon.javaagent.EventQueueDevice dispatchEvent
INFO: java.awt.event.KeyEvent[KEY_TYPED,keyCode=0,keyText=Unknown keyCode: 0x0,keyChar='d',keyLocation=KEY_LOCATION_UNKNOWN,rawCode=0,primaryLevelUnicode=0,scancode=0,extendedKeyCode=0x0] on new item id field
Feb 16, 2022 2:30:05 AM net.sourceforge.marathon.javaagent.EventQueueDevice dispatchEvent
INFO: java.awt.event.KeyEvent[KEY_RELEASED,keyCode=68,keyText=D,keyChar='d',keyLocation=KEY_LOCATION_UNKNOWN,rawCode=0,primaryLevelUnicode=0,scancode=0,extendedKeyCode=0x0] on new item id field
Feb 16, 2022 2:30:05 AM net.sourceforge.marathon.javaagent.server.JavaServer serve
INFO: POST(/session/aad27452-7bc2-4533-b266-ab4e31754573/element/f0d23d80-393b-49ee-beae-fb7ac8360a85/value, {"id":"f0d23d80-393b-49ee-beae-fb7ac8360a85","value":["an item-id"]}) = {data={"name":"sendKeysElement","sessionId":"aad27452-7bc2-4533-b266-ab4e31754573","status":0}, status=OK}
Feb 16, 2022 2:30:05 AM net.sourceforge.marathon.javaagent.server.JavaServer serve
INFO: JavaServer.serve(POST /session/aad27452-7bc2-4533-b266-ab4e31754573/element): {
  "using": "name",
  "value": "new item stop price field"
}
Feb 16, 2022 2:30:05 AM net.sourceforge.marathon.javaagent.server.JavaServer serve
INFO: POST(/session/aad27452-7bc2-4533-b266-ab4e31754573/element, {"using":"name","value":"new item stop price field"}) = {data={"name":"findElement","sessionId":"aad27452-7bc2-4533-b266-ab4e31754573","value":{"ELEMENT":"873a346d-cd29-4df3-aa0e-f90604c849d0"},"status":0}, status=OK}
Feb 16, 2022 2:30:05 AM net.sourceforge.marathon.javaagent.server.JavaServer serve
INFO: JavaServer.serve(POST /session/aad27452-7bc2-4533-b266-ab4e31754573/element/873a346d-cd29-4df3-aa0e-f90604c849d0/clear): {
  "id": "873a346d-cd29-4df3-aa0e-f90604c849d0"
}
Feb 16, 2022 2:30:05 AM net.sourceforge.marathon.javaagent.server.JavaServer serve
INFO: POST(/session/aad27452-7bc2-4533-b266-ab4e31754573/element/873a346d-cd29-4df3-aa0e-f90604c849d0/clear, {"id":"873a346d-cd29-4df3-aa0e-f90604c849d0"}) = {data={"name":"clearElement","sessionId":"aad27452-7bc2-4533-b266-ab4e31754573","status":0}, status=OK}
Feb 16, 2022 2:30:05 AM net.sourceforge.marathon.javaagent.server.JavaServer serve
INFO: JavaServer.serve(POST /session/aad27452-7bc2-4533-b266-ab4e31754573/element/873a346d-cd29-4df3-aa0e-f90604c849d0/value): {
  "id": "873a346d-cd29-4df3-aa0e-f90604c849d0",
  "value": [
    "11000"
  ]
}
Feb 16, 2022 2:30:05 AM net.sourceforge.marathon.javaagent.EventQueueDevice dispatchEvent
INFO: java.awt.event.KeyEvent[KEY_PRESSED,keyCode=49,keyText=1,keyChar='1',keyLocation=KEY_LOCATION_UNKNOWN,rawCode=0,primaryLevelUnicode=0,scancode=0,extendedKeyCode=0x0] on new item stop price field
Feb 16, 2022 2:30:05 AM net.sourceforge.marathon.javaagent.EventQueueDevice dispatchEvent
INFO: java.awt.event.KeyEvent[KEY_TYPED,keyCode=0,keyText=Unknown keyCode: 0x0,keyChar='1',keyLocation=KEY_LOCATION_UNKNOWN,rawCode=0,primaryLevelUnicode=0,scancode=0,extendedKeyCode=0x0] on new item stop price field
Feb 16, 2022 2:30:05 AM net.sourceforge.marathon.javaagent.EventQueueDevice dispatchEvent
INFO: java.awt.event.KeyEvent[KEY_RELEASED,keyCode=49,keyText=1,keyChar='1',keyLocation=KEY_LOCATION_UNKNOWN,rawCode=0,primaryLevelUnicode=0,scancode=0,extendedKeyCode=0x0] on new item stop price field
Feb 16, 2022 2:30:05 AM net.sourceforge.marathon.javaagent.EventQueueDevice dispatchEvent
INFO: java.awt.event.KeyEvent[KEY_PRESSED,keyCode=49,keyText=1,keyChar='1',keyLocation=KEY_LOCATION_UNKNOWN,rawCode=0,primaryLevelUnicode=0,scancode=0,extendedKeyCode=0x0] on new item stop price field
Feb 16, 2022 2:30:05 AM net.sourceforge.marathon.javaagent.EventQueueDevice dispatchEvent
INFO: java.awt.event.KeyEvent[KEY_TYPED,keyCode=0,keyText=Unknown keyCode: 0x0,keyChar='1',keyLocation=KEY_LOCATION_UNKNOWN,rawCode=0,primaryLevelUnicode=0,scancode=0,extendedKeyCode=0x0] on new item stop price field
Feb 16, 2022 2:30:05 AM net.sourceforge.marathon.javaagent.EventQueueDevice dispatchEvent
INFO: java.awt.event.KeyEvent[KEY_RELEASED,keyCode=49,keyText=1,keyChar='1',keyLocation=KEY_LOCATION_UNKNOWN,rawCode=0,primaryLevelUnicode=0,scancode=0,extendedKeyCode=0x0] on new item stop price field
Feb 16, 2022 2:30:05 AM net.sourceforge.marathon.javaagent.EventQueueDevice dispatchEvent
INFO: java.awt.event.KeyEvent[KEY_PRESSED,keyCode=48,keyText=0,keyChar='0',keyLocation=KEY_LOCATION_UNKNOWN,rawCode=0,primaryLevelUnicode=0,scancode=0,extendedKeyCode=0x0] on new item stop price field
Feb 16, 2022 2:30:05 AM net.sourceforge.marathon.javaagent.EventQueueDevice dispatchEvent
INFO: java.awt.event.KeyEvent[KEY_TYPED,keyCode=0,keyText=Unknown keyCode: 0x0,keyChar='0',keyLocation=KEY_LOCATION_UNKNOWN,rawCode=0,primaryLevelUnicode=0,scancode=0,extendedKeyCode=0x0] on new item stop price field
Feb 16, 2022 2:30:05 AM net.sourceforge.marathon.javaagent.EventQueueDevice dispatchEvent
INFO: java.awt.event.KeyEvent[KEY_RELEASED,keyCode=48,keyText=0,keyChar='0',keyLocation=KEY_LOCATION_UNKNOWN,rawCode=0,primaryLevelUnicode=0,scancode=0,extendedKeyCode=0x0] on new item stop price field
Feb 16, 2022 2:30:05 AM net.sourceforge.marathon.javaagent.EventQueueDevice dispatchEvent
INFO: java.awt.event.KeyEvent[KEY_PRESSED,keyCode=48,keyText=0,keyChar='0',keyLocation=KEY_LOCATION_UNKNOWN,rawCode=0,primaryLevelUnicode=0,scancode=0,extendedKeyCode=0x0] on new item stop price field
Feb 16, 2022 2:30:05 AM net.sourceforge.marathon.javaagent.EventQueueDevice dispatchEvent
INFO: java.awt.event.KeyEvent[KEY_TYPED,keyCode=0,keyText=Unknown keyCode: 0x0,keyChar='0',keyLocation=KEY_LOCATION_UNKNOWN,rawCode=0,primaryLevelUnicode=0,scancode=0,extendedKeyCode=0x0] on new item stop price field
Feb 16, 2022 2:30:05 AM net.sourceforge.marathon.javaagent.EventQueueDevice dispatchEvent
INFO: java.awt.event.KeyEvent[KEY_RELEASED,keyCode=48,keyText=0,keyChar='0',keyLocation=KEY_LOCATION_UNKNOWN,rawCode=0,primaryLevelUnicode=0,scancode=0,extendedKeyCode=0x0] on new item stop price field
Feb 16, 2022 2:30:05 AM net.sourceforge.marathon.javaagent.EventQueueDevice dispatchEvent
INFO: java.awt.event.KeyEvent[KEY_PRESSED,keyCode=48,keyText=0,keyChar='0',keyLocation=KEY_LOCATION_UNKNOWN,rawCode=0,primaryLevelUnicode=0,scancode=0,extendedKeyCode=0x0] on new item stop price field
Feb 16, 2022 2:30:05 AM net.sourceforge.marathon.javaagent.EventQueueDevice dispatchEvent
INFO: java.awt.event.KeyEvent[KEY_TYPED,keyCode=0,keyText=Unknown keyCode: 0x0,keyChar='0',keyLocation=KEY_LOCATION_UNKNOWN,rawCode=0,primaryLevelUnicode=0,scancode=0,extendedKeyCode=0x0] on new item stop price field
Feb 16, 2022 2:30:05 AM net.sourceforge.marathon.javaagent.EventQueueDevice dispatchEvent
INFO: java.awt.event.KeyEvent[KEY_RELEASED,keyCode=48,keyText=0,keyChar='0',keyLocation=KEY_LOCATION_UNKNOWN,rawCode=0,primaryLevelUnicode=0,scancode=0,extendedKeyCode=0x0] on new item stop price field
Feb 16, 2022 2:30:05 AM net.sourceforge.marathon.javaagent.server.JavaServer serve
INFO: POST(/session/aad27452-7bc2-4533-b266-ab4e31754573/element/873a346d-cd29-4df3-aa0e-f90604c849d0/value, {"id":"873a346d-cd29-4df3-aa0e-f90604c849d0","value":["11000"]}) = {data={"name":"sendKeysElement","sessionId":"aad27452-7bc2-4533-b266-ab4e31754573","status":0}, status=OK}
Feb 16, 2022 2:30:05 AM net.sourceforge.marathon.javaagent.server.JavaServer serve
INFO: JavaServer.serve(POST /session/aad27452-7bc2-4533-b266-ab4e31754573/element): {
  "using": "name",
  "value": "join button"
}
Feb 16, 2022 2:30:05 AM net.sourceforge.marathon.javaagent.server.JavaServer serve
INFO: POST(/session/aad27452-7bc2-4533-b266-ab4e31754573/element, {"using":"name","value":"join button"}) = {data={"name":"findElement","sessionId":"aad27452-7bc2-4533-b266-ab4e31754573","value":{"ELEMENT":"61f3cdee-7e04-4de4-8185-587a276458be"},"status":0}, status=OK}
Feb 16, 2022 2:30:05 AM net.sourceforge.marathon.javaagent.server.JavaServer serve
INFO: JavaServer.serve(POST /session/aad27452-7bc2-4533-b266-ab4e31754573/element/61f3cdee-7e04-4de4-8185-587a276458be/click): {
  "id": "61f3cdee-7e04-4de4-8185-587a276458be"
}
Feb 16, 2022 2:30:05 AM net.sourceforge.marathon.javaagent.EventQueueDevice dispatchEvent
INFO: java.awt.event.MouseEvent[MOUSE_PRESSED,(58,12),absolute(589,17),button=1,modifiers=Button1,extModifiers=Button1,clickCount=1] on join button
Feb 16, 2022 2:30:05 AM net.sourceforge.marathon.javaagent.EventQueueDevice dispatchEvent
INFO: java.awt.event.MouseEvent[MOUSE_RELEASED,(58,12),absolute(589,17),button=1,modifiers=Button1,clickCount=1] on join button
Feb 16, 2022 2:30:05 AM net.sourceforge.marathon.javaagent.EventQueueDevice dispatchEvent
INFO: java.awt.event.MouseEvent[MOUSE_CLICKED,(58,12),absolute(589,17),button=1,modifiers=Button1,clickCount=1] on join button
Feb 16, 2022 2:30:05 AM net.sourceforge.marathon.javaagent.server.JavaServer serve
INFO: POST(/session/aad27452-7bc2-4533-b266-ab4e31754573/element/61f3cdee-7e04-4de4-8185-587a276458be/click, {"id":"61f3cdee-7e04-4de4-8185-587a276458be"}) = {data={"name":"clickElement","sessionId":"aad27452-7bc2-4533-b266-ab4e31754573","status":0}, status=OK}
Feb 16, 2022 2:30:06 AM net.sourceforge.marathon.javaagent.server.JavaServer serve
INFO: JavaServer.serve(DELETE /session/aad27452-7bc2-4533-b266-ab4e31754573/window): {}
Feb 16, 2022 2:30:06 AM net.sourceforge.marathon.javaagent.server.JavaServer serve
INFO: DELETE(/session/aad27452-7bc2-4533-b266-ab4e31754573/window) = {data={"name":"closeSession","sessionId":"aad27452-7bc2-4533-b266-ab4e31754573","status":0}, status=OK}
Feb 16, 2022 2:30:06 AM net.sourceforge.marathon.javaagent.server.JavaServer serve
INFO: JavaServer.serve(POST /session): {
  "desiredCapabilities": {
    "browserName": "java",
    "platform": "ANY"
  },
  "capabilities": {
    "firstMatch": [
      {
        "browserName": "java"
      }
    ]
  }
}
Feb 16, 2022 2:30:06 AM net.sourceforge.marathon.javaagent.server.JavaServer createSession
INFO: Creating device with type: EVENT_QUEUE
Feb 16, 2022 2:30:06 AM net.sourceforge.marathon.javaagent.Device getDevice
INFO: Creating a EVENT_QUEUE device
Feb 16, 2022 2:30:06 AM net.sourceforge.marathon.javaagent.server.JavaServer serve
INFO: POST(/session, {"desiredCapabilities":{"browserName":"java","platform":"ANY"},"capabilities":{"firstMatch":[{"browserName":"java"}]}}) = {data=, status=REDIRECT}
Feb 16, 2022 2:30:06 AM net.sourceforge.marathon.javaagent.server.JavaServer serve
INFO: JavaServer.serve(GET /session/60080e28-6a4c-4606-8988-4bbbe032dcc5): {}
Feb 16, 2022 2:30:06 AM net.sourceforge.marathon.javaagent.server.JavaServer serve
INFO: GET(/session/60080e28-6a4c-4606-8988-4bbbe032dcc5) = {data={"name":"getCapabilities","sessionId":"60080e28-6a4c-4606-8988-4bbbe032dcc5","value":{"applicationCacheEnabled":false,"rotatable":false,"loggingPrefs":{"driver":"ALL"},"handlesAlerts":false,"databaseEnabled":false,"version":"1.0","platform":"ANY","browserConnectionEnabled":false,"nativeEvents":false,"acceptSslCerts":false,"locationContextEnabled":false,"webStorageEnabled":false,"browserName":"java","takesScreenshot":true,"javascriptEnabled":true,"cssSelectorsEnabled":false},"status":0}, status=OK}
Feb 16, 2022 2:30:06 AM org.openqa.selenium.remote.ProtocolHandshake createSession
INFO: Detected dialect: OSS
Feb 16, 2022 2:30:06 AM net.sourceforge.marathon.javaagent.server.JavaServer serve
INFO: JavaServer.serve(POST /session/60080e28-6a4c-4606-8988-4bbbe032dcc5/element): {
  "using": "name",
  "value": "sniper reset button"
}
Feb 16, 2022 2:30:06 AM net.sourceforge.marathon.javaagent.server.JavaServer serve
INFO: POST(/session/60080e28-6a4c-4606-8988-4bbbe032dcc5/element, {"using":"name","value":"sniper reset button"}) = {data={"name":"findElement","sessionId":"60080e28-6a4c-4606-8988-4bbbe032dcc5","value":{"ELEMENT":"173bdc31-bd9d-465c-bfc3-879ba6c83aeb"},"status":0}, status=OK}
Feb 16, 2022 2:30:06 AM net.sourceforge.marathon.javaagent.server.JavaServer serve
INFO: JavaServer.serve(POST /session/60080e28-6a4c-4606-8988-4bbbe032dcc5/element/173bdc31-bd9d-465c-bfc3-879ba6c83aeb/click): {
  "id": "173bdc31-bd9d-465c-bfc3-879ba6c83aeb"
}
Feb 16, 2022 2:30:06 AM net.sourceforge.marathon.javaagent.EventQueueDevice dispatchEvent
INFO: java.awt.event.MouseEvent[MOUSE_PRESSED,(37,12),absolute(326,474),button=1,modifiers=Button1,extModifiers=Button1,clickCount=1] on sniper reset button
Feb 16, 2022 2:30:06 AM net.sourceforge.marathon.javaagent.EventQueueDevice dispatchEvent
INFO: java.awt.event.MouseEvent[MOUSE_RELEASED,(37,12),absolute(326,474),button=1,modifiers=Button1,clickCount=1] on sniper reset button
Feb 16, 2022 2:30:06 AM net.sourceforge.marathon.javaagent.EventQueueDevice dispatchEvent
INFO: java.awt.event.MouseEvent[MOUSE_CLICKED,(37,12),absolute(326,474),button=1,modifiers=Button1,clickCount=1] on sniper reset button
Feb 16, 2022 2:30:06 AM net.sourceforge.marathon.javaagent.server.JavaServer serve
INFO: POST(/session/60080e28-6a4c-4606-8988-4bbbe032dcc5/element/173bdc31-bd9d-465c-bfc3-879ba6c83aeb/click, {"id":"173bdc31-bd9d-465c-bfc3-879ba6c83aeb"}) = {data={"name":"clickElement","sessionId":"60080e28-6a4c-4606-8988-4bbbe032dcc5","status":0}, status=OK}
Feb 16, 2022 2:30:06 AM net.sourceforge.marathon.javaagent.server.JavaServer serve
INFO: JavaServer.serve(DELETE /session/60080e28-6a4c-4606-8988-4bbbe032dcc5/window): {}
Feb 16, 2022 2:30:06 AM net.sourceforge.marathon.javaagent.server.JavaServer serve
INFO: DELETE(/session/60080e28-6a4c-4606-8988-4bbbe032dcc5/window) = {data={"name":"closeSession","sessionId":"60080e28-6a4c-4606-8988-4bbbe032dcc5","status":0}, status=OK}
]]></system-err>
</testsuite>
