<?xml version="1.0" encoding="UTF-8"?>
<testsuite name="goos.ui.swing.MainWindowTest" tests="3" skipped="0" failures="0" errors="0" timestamp="2021-11-12T02:26:15" hostname="buildkitsandbox" time="4.158">
  <properties/>
  <testcase name="window has expected features" classname="goos.ui.swing.MainWindowTest" time="3.193"/>
  <testcase name="make user request when join button clicked" classname="goos.ui.swing.MainWindowTest" time="0.758"/>
  <testcase name="make user request when reset button clicked" classname="goos.ui.swing.MainWindowTest" time="0.202"/>
  <system-out><![CDATA[]]></system-out>
  <system-err><![CDATA[Nov 12, 2021 2:26:16 AM io.mockk.impl.log.JULLogger warn
WARNING: Failed to transform class goos/ui/api/UserRequestListener
java.lang.IllegalArgumentException: Unsupported class file major version 59
	at net.bytebuddy.jar.asm.ClassReader.<init>(ClassReader.java:176)
	at net.bytebuddy.jar.asm.ClassReader.<init>(ClassReader.java:158)
	at net.bytebuddy.jar.asm.ClassReader.<init>(ClassReader.java:146)
	at net.bytebuddy.utility.OpenedClassReader.of(OpenedClassReader.java:69)
	at net.bytebuddy.dynamic.scaffold.TypeWriter$Default$ForInlining.create(TypeWriter.java:2877)
	at net.bytebuddy.dynamic.scaffold.TypeWriter$Default.make(TypeWriter.java:1653)
	at net.bytebuddy.dynamic.scaffold.inline.RedefinitionDynamicTypeBuilder.make(RedefinitionDynamicTypeBuilder.java:180)
	at net.bytebuddy.dynamic.scaffold.inline.AbstractInliningDynamicTypeBuilder.make(AbstractInliningDynamicTypeBuilder.java:94)
	at net.bytebuddy.dynamic.DynamicType$Builder$AbstractBase.make(DynamicType.java:2669)
	at io.mockk.proxy.jvm.transformation.InliningClassTransformer.transform(InliningClassTransformer.kt:78)
	at java.instrument/java.lang.instrument.ClassFileTransformer.transform(ClassFileTransformer.java:246)
	at java.instrument/sun.instrument.TransformerManager.transform(TransformerManager.java:188)
	at java.instrument/sun.instrument.InstrumentationImpl.transform(InstrumentationImpl.java:563)
	at java.instrument/sun.instrument.InstrumentationImpl.retransformClasses0(Native Method)
	at java.instrument/sun.instrument.InstrumentationImpl.retransformClasses(InstrumentationImpl.java:167)
	at io.mockk.proxy.jvm.transformation.JvmInlineInstrumentation.retransform(JvmInlineInstrumentation.kt:28)
	at io.mockk.proxy.common.transformation.RetransformInlineInstrumnetation$execute$1.invoke(RetransformInlineInstrumnetation.kt:19)
	at io.mockk.proxy.common.transformation.RetransformInlineInstrumnetation$execute$1.invoke(RetransformInlineInstrumnetation.kt:6)
	at io.mockk.proxy.common.transformation.ClassTransformationSpecMap.applyTransformation(ClassTransformationSpecMap.kt:41)
	at io.mockk.proxy.common.transformation.RetransformInlineInstrumnetation.execute(RetransformInlineInstrumnetation.kt:16)
	at io.mockk.proxy.jvm.ProxyMaker.inline(ProxyMaker.kt:88)
	at io.mockk.proxy.jvm.ProxyMaker.proxy(ProxyMaker.kt:30)
	at io.mockk.impl.instantiation.JvmMockFactory.newProxy(JvmMockFactory.kt:34)
	at io.mockk.impl.instantiation.AbstractMockFactory.newProxy$default(AbstractMockFactory.kt:29)
	at io.mockk.impl.instantiation.AbstractMockFactory.mockk(AbstractMockFactory.kt:59)
	at goos.ui.swing.MainWindowTest$1$1.invokeSuspend(MainWindowTest.kt:90)
	at goos.ui.swing.MainWindowTest$1$1.invoke(MainWindowTest.kt)
	at goos.ui.swing.MainWindowTest$1$1.invoke(MainWindowTest.kt)
	at io.kotest.core.TestConfiguration$beforeTest$1.beforeTest(TestConfiguration.kt:137)
	at io.kotest.core.spec.LifecycleKt.invokeAllBeforeTestCallbacks(lifecycle.kt:76)
	at io.kotest.core.internal.TestCaseExecutor.executeActiveTest(TestCaseExecutor.kt:152)
	at io.kotest.core.internal.TestCaseExecutor.access$executeActiveTest(TestCaseExecutor.kt:57)
	at io.kotest.core.internal.TestCaseExecutor$intercept$innerExecute$1$1.invokeSuspend(TestCaseExecutor.kt:89)
	at io.kotest.core.internal.TestCaseExecutor$intercept$innerExecute$1$1.invoke(TestCaseExecutor.kt)
	at io.kotest.core.internal.TestCaseExecutor$intercept$innerExecute$1$1.invoke(TestCaseExecutor.kt)
	at io.kotest.core.internal.TestCaseExecutor.executeIfEnabled(TestCaseExecutor.kt:117)
	at io.kotest.core.internal.TestCaseExecutor.access$executeIfEnabled(TestCaseExecutor.kt:57)
	at io.kotest.core.internal.TestCaseExecutor$intercept$innerExecute$1.invokeSuspend(TestCaseExecutor.kt:89)
	at io.kotest.core.internal.TestCaseExecutor$intercept$innerExecute$1.invoke(TestCaseExecutor.kt)
	at io.kotest.core.internal.TestCaseExecutor$intercept$innerExecute$1.invoke(TestCaseExecutor.kt)
	at io.kotest.core.internal.TestCaseExecutor.intercept(TestCaseExecutor.kt:103)
	at io.kotest.core.internal.TestCaseExecutor.execute(TestCaseExecutor.kt:69)
	at io.kotest.engine.spec.runners.SingleInstanceSpecRunner.runTest(SingleInstanceSpecRunner.kt:104)
	at io.kotest.engine.spec.runners.SingleInstanceSpecRunner.access$runTest(SingleInstanceSpecRunner.kt:34)
	at io.kotest.engine.spec.runners.SingleInstanceSpecRunner$execute$interceptAndRun$2$4.invokeSuspend(SingleInstanceSpecRunner.kt:57)
	at io.kotest.engine.spec.runners.SingleInstanceSpecRunner$execute$interceptAndRun$2$4.invoke(SingleInstanceSpecRunner.kt)
	at io.kotest.engine.spec.runners.SingleInstanceSpecRunner$execute$interceptAndRun$2$4.invoke(SingleInstanceSpecRunner.kt)
	at io.kotest.engine.launchers.SequentialTestLauncher$launch$3$1$1.invokeSuspend(SequentialTestLauncher.kt:22)
	at kotlin.coroutines.jvm.internal.BaseContinuationImpl.resumeWith(ContinuationImpl.kt:33)
	at kotlinx.coroutines.DispatchedTask.run(DispatchedTask.kt:106)
	at java.base/java.util.concurrent.ThreadPoolExecutor.runWorker(ThreadPoolExecutor.java:1130)
	at java.base/java.util.concurrent.ThreadPoolExecutor$Worker.run(ThreadPoolExecutor.java:630)
	at java.base/java.lang.Thread.run(Thread.java:832)

Nov 12, 2021 2:26:18 AM net.sourceforge.marathon.javaagent.server.JavaServer serve
INFO: JavaServer.serve(POST /session): {
  "desiredCapabilities": {
    "browserName": "java",
    "platform": "ANY"
  },
  "capabilities": {
    "firstMatch": [
      {
        "browserName": "java"
      }
    ]
  }
}
Nov 12, 2021 2:26:18 AM net.sourceforge.marathon.javaagent.server.JavaServer createSession
INFO: Creating device with type: EVENT_QUEUE
Nov 12, 2021 2:26:18 AM net.sourceforge.marathon.javaagent.Device getDevice
INFO: Creating a EVENT_QUEUE device
Nov 12, 2021 2:26:18 AM net.sourceforge.marathon.javaagent.server.JavaServer serve
INFO: POST(/session, {"desiredCapabilities":{"browserName":"java","platform":"ANY"},"capabilities":{"firstMatch":[{"browserName":"java"}]}}) = {data=, status=REDIRECT}
Nov 12, 2021 2:26:18 AM net.sourceforge.marathon.javaagent.server.JavaServer serve
INFO: JavaServer.serve(GET /session/9bb158c7-5292-4f74-8146-6e6d54af3561): {}
Nov 12, 2021 2:26:18 AM net.sourceforge.marathon.javaagent.server.JavaServer serve
INFO: GET(/session/9bb158c7-5292-4f74-8146-6e6d54af3561) = {data={"name":"getCapabilities","sessionId":"9bb158c7-5292-4f74-8146-6e6d54af3561","value":{"applicationCacheEnabled":false,"rotatable":false,"loggingPrefs":{"driver":"ALL"},"handlesAlerts":false,"databaseEnabled":false,"version":"1.0","platform":"ANY","browserConnectionEnabled":false,"nativeEvents":false,"acceptSslCerts":false,"locationContextEnabled":false,"webStorageEnabled":false,"browserName":"java","takesScreenshot":true,"javascriptEnabled":true,"cssSelectorsEnabled":false},"status":0}, status=OK}
Nov 12, 2021 2:26:18 AM org.openqa.selenium.remote.ProtocolHandshake createSession
INFO: Detected dialect: OSS
Nov 12, 2021 2:26:18 AM net.sourceforge.marathon.javaagent.server.JavaServer serve
INFO: JavaServer.serve(POST /session/9bb158c7-5292-4f74-8146-6e6d54af3561/element): {
  "using": "css selector",
  "value": "."
}
Nov 12, 2021 2:26:18 AM net.sourceforge.marathon.javaagent.server.JavaServer serve
INFO: POST(/session/9bb158c7-5292-4f74-8146-6e6d54af3561/element, {"using":"css selector","value":"."}) = {data={"name":"findElement","sessionId":"9bb158c7-5292-4f74-8146-6e6d54af3561","value":{"ELEMENT":"986ed366-9a5b-4acf-9932-ea62166a5d57"},"status":0}, status=OK}
Nov 12, 2021 2:26:18 AM net.sourceforge.marathon.javaagent.server.JavaServer serve
INFO: JavaServer.serve(GET /session/9bb158c7-5292-4f74-8146-6e6d54af3561/element/986ed366-9a5b-4acf-9932-ea62166a5d57/attribute/name): {}
Nov 12, 2021 2:26:18 AM net.sourceforge.marathon.javaagent.server.JavaServer serve
INFO: GET(/session/9bb158c7-5292-4f74-8146-6e6d54af3561/element/986ed366-9a5b-4acf-9932-ea62166a5d57/attribute/name) = {data={"name":"getElementAttribute","sessionId":"9bb158c7-5292-4f74-8146-6e6d54af3561","value":"Auction Sniper Name","status":0}, status=OK}
Nov 12, 2021 2:26:18 AM net.sourceforge.marathon.javaagent.server.JavaServer serve
INFO: JavaServer.serve(POST /session/9bb158c7-5292-4f74-8146-6e6d54af3561/element): {
  "using": "css selector",
  "value": "."
}
Nov 12, 2021 2:26:18 AM net.sourceforge.marathon.javaagent.server.JavaServer serve
INFO: POST(/session/9bb158c7-5292-4f74-8146-6e6d54af3561/element, {"using":"css selector","value":"."}) = {data={"name":"findElement","sessionId":"9bb158c7-5292-4f74-8146-6e6d54af3561","value":{"ELEMENT":"986ed366-9a5b-4acf-9932-ea62166a5d57"},"status":0}, status=OK}
Nov 12, 2021 2:26:18 AM net.sourceforge.marathon.javaagent.server.JavaServer serve
INFO: JavaServer.serve(GET /session/9bb158c7-5292-4f74-8146-6e6d54af3561/element/986ed366-9a5b-4acf-9932-ea62166a5d57/displayed): {}
Nov 12, 2021 2:26:18 AM net.sourceforge.marathon.javaagent.server.JavaServer serve
INFO: GET(/session/9bb158c7-5292-4f74-8146-6e6d54af3561/element/986ed366-9a5b-4acf-9932-ea62166a5d57/displayed) = {data={"name":"isDisplayed","sessionId":"9bb158c7-5292-4f74-8146-6e6d54af3561","value":true,"status":0}, status=OK}
Nov 12, 2021 2:26:18 AM net.sourceforge.marathon.javaagent.server.JavaServer serve
INFO: JavaServer.serve(GET /session/9bb158c7-5292-4f74-8146-6e6d54af3561/title): {}
Nov 12, 2021 2:26:18 AM net.sourceforge.marathon.javaagent.server.JavaServer serve
INFO: GET(/session/9bb158c7-5292-4f74-8146-6e6d54af3561/title) = {data={"name":"getWindowTitle","sessionId":"9bb158c7-5292-4f74-8146-6e6d54af3561","value":"Auction Sniper","status":0}, status=OK}
Nov 12, 2021 2:26:18 AM net.sourceforge.marathon.javaagent.server.JavaServer serve
INFO: JavaServer.serve(POST /session/9bb158c7-5292-4f74-8146-6e6d54af3561/element): {
  "using": "name",
  "value": "snipers table"
}
Nov 12, 2021 2:26:18 AM net.sourceforge.marathon.javaagent.server.JavaServer serve
INFO: POST(/session/9bb158c7-5292-4f74-8146-6e6d54af3561/element, {"using":"name","value":"snipers table"}) = {data={"name":"findElement","sessionId":"9bb158c7-5292-4f74-8146-6e6d54af3561","value":{"ELEMENT":"6e57ead2-9f20-4cb9-8e69-b6ff74e6daa0"},"status":0}, status=OK}
Nov 12, 2021 2:26:18 AM net.sourceforge.marathon.javaagent.server.JavaServer serve
INFO: JavaServer.serve(POST /session/9bb158c7-5292-4f74-8146-6e6d54af3561/element/6e57ead2-9f20-4cb9-8e69-b6ff74e6daa0/elements): {
  "id": "6e57ead2-9f20-4cb9-8e69-b6ff74e6daa0",
  "using": "css selector",
  "value": ".::header.::all-items"
}
Nov 12, 2021 2:26:18 AM net.sourceforge.marathon.javaagent.server.JavaServer serve
INFO: POST(/session/9bb158c7-5292-4f74-8146-6e6d54af3561/element/6e57ead2-9f20-4cb9-8e69-b6ff74e6daa0/elements, {"using":"css selector","id":"6e57ead2-9f20-4cb9-8e69-b6ff74e6daa0","value":".::header.::all-items"}) = {data={"name":"findElementsOfElement","sessionId":"9bb158c7-5292-4f74-8146-6e6d54af3561","value":[{"ELEMENT":"df2c4787-82e2-4b24-839a-b10ef3873c1d%23%7B%22selector%22%3A%22nth-item%22%2C%22parameters%22%3A%5B1%5D%7D"},{"ELEMENT":"df2c4787-82e2-4b24-839a-b10ef3873c1d%23%7B%22selector%22%3A%22nth-item%22%2C%22parameters%22%3A%5B2%5D%7D"},{"ELEMENT":"df2c4787-82e2-4b24-839a-b10ef3873c1d%23%7B%22selector%22%3A%22nth-item%22%2C%22parameters%22%3A%5B3%5D%7D"},{"ELEMENT":"df2c4787-82e2-4b24-839a-b10ef3873c1d%23%7B%22selector%22%3A%22nth-item%22%2C%22parameters%22%3A%5B4%5D%7D"}],"status":0}, status=OK}
Nov 12, 2021 2:26:18 AM net.sourceforge.marathon.javaagent.server.JavaServer serve
INFO: JavaServer.serve(GET /session/9bb158c7-5292-4f74-8146-6e6d54af3561/element/df2c4787-82e2-4b24-839a-b10ef3873c1d%23%7B%22selector%22%3A%22nth-item%22%2C%22parameters%22%3A%5B1%5D%7D/text): {}
Nov 12, 2021 2:26:18 AM net.sourceforge.marathon.javaagent.server.JavaServer serve
INFO: GET(/session/9bb158c7-5292-4f74-8146-6e6d54af3561/element/df2c4787-82e2-4b24-839a-b10ef3873c1d%23%7B%22selector%22%3A%22nth-item%22%2C%22parameters%22%3A%5B1%5D%7D/text) = {data={"name":"getElementText","sessionId":"9bb158c7-5292-4f74-8146-6e6d54af3561","value":"Item","status":0}, status=OK}
Nov 12, 2021 2:26:18 AM net.sourceforge.marathon.javaagent.server.JavaServer serve
INFO: JavaServer.serve(GET /session/9bb158c7-5292-4f74-8146-6e6d54af3561/element/df2c4787-82e2-4b24-839a-b10ef3873c1d%23%7B%22selector%22%3A%22nth-item%22%2C%22parameters%22%3A%5B2%5D%7D/text): {}
Nov 12, 2021 2:26:18 AM net.sourceforge.marathon.javaagent.server.JavaServer serve
INFO: GET(/session/9bb158c7-5292-4f74-8146-6e6d54af3561/element/df2c4787-82e2-4b24-839a-b10ef3873c1d%23%7B%22selector%22%3A%22nth-item%22%2C%22parameters%22%3A%5B2%5D%7D/text) = {data={"name":"getElementText","sessionId":"9bb158c7-5292-4f74-8146-6e6d54af3561","value":"Last Price","status":0}, status=OK}
Nov 12, 2021 2:26:18 AM net.sourceforge.marathon.javaagent.server.JavaServer serve
INFO: JavaServer.serve(GET /session/9bb158c7-5292-4f74-8146-6e6d54af3561/element/df2c4787-82e2-4b24-839a-b10ef3873c1d%23%7B%22selector%22%3A%22nth-item%22%2C%22parameters%22%3A%5B3%5D%7D/text): {}
Nov 12, 2021 2:26:18 AM net.sourceforge.marathon.javaagent.server.JavaServer serve
INFO: GET(/session/9bb158c7-5292-4f74-8146-6e6d54af3561/element/df2c4787-82e2-4b24-839a-b10ef3873c1d%23%7B%22selector%22%3A%22nth-item%22%2C%22parameters%22%3A%5B3%5D%7D/text) = {data={"name":"getElementText","sessionId":"9bb158c7-5292-4f74-8146-6e6d54af3561","value":"Last Bid","status":0}, status=OK}
Nov 12, 2021 2:26:18 AM net.sourceforge.marathon.javaagent.server.JavaServer serve
INFO: JavaServer.serve(GET /session/9bb158c7-5292-4f74-8146-6e6d54af3561/element/df2c4787-82e2-4b24-839a-b10ef3873c1d%23%7B%22selector%22%3A%22nth-item%22%2C%22parameters%22%3A%5B4%5D%7D/text): {}
Nov 12, 2021 2:26:18 AM net.sourceforge.marathon.javaagent.server.JavaServer serve
INFO: GET(/session/9bb158c7-5292-4f74-8146-6e6d54af3561/element/df2c4787-82e2-4b24-839a-b10ef3873c1d%23%7B%22selector%22%3A%22nth-item%22%2C%22parameters%22%3A%5B4%5D%7D/text) = {data={"name":"getElementText","sessionId":"9bb158c7-5292-4f74-8146-6e6d54af3561","value":"State","status":0}, status=OK}
Nov 12, 2021 2:26:18 AM net.sourceforge.marathon.javaagent.server.JavaServer serve
INFO: JavaServer.serve(DELETE /session/9bb158c7-5292-4f74-8146-6e6d54af3561/window): {}
Nov 12, 2021 2:26:18 AM net.sourceforge.marathon.javaagent.server.JavaServer serve
INFO: DELETE(/session/9bb158c7-5292-4f74-8146-6e6d54af3561/window) = {data={"name":"closeSession","sessionId":"9bb158c7-5292-4f74-8146-6e6d54af3561","status":0}, status=OK}
Nov 12, 2021 2:26:18 AM net.sourceforge.marathon.javaagent.server.JavaServer serve
INFO: JavaServer.serve(POST /session): {
  "desiredCapabilities": {
    "browserName": "java",
    "platform": "ANY"
  },
  "capabilities": {
    "firstMatch": [
      {
        "browserName": "java"
      }
    ]
  }
}
Nov 12, 2021 2:26:18 AM net.sourceforge.marathon.javaagent.server.JavaServer createSession
INFO: Creating device with type: EVENT_QUEUE
Nov 12, 2021 2:26:18 AM net.sourceforge.marathon.javaagent.Device getDevice
INFO: Creating a EVENT_QUEUE device
Nov 12, 2021 2:26:18 AM net.sourceforge.marathon.javaagent.server.JavaServer serve
INFO: POST(/session, {"desiredCapabilities":{"browserName":"java","platform":"ANY"},"capabilities":{"firstMatch":[{"browserName":"java"}]}}) = {data=, status=REDIRECT}
Nov 12, 2021 2:26:18 AM net.sourceforge.marathon.javaagent.server.JavaServer serve
INFO: JavaServer.serve(GET /session/4804e7c8-a1f9-407e-bcf9-26e9b8c432fb): {}
Nov 12, 2021 2:26:18 AM net.sourceforge.marathon.javaagent.server.JavaServer serve
INFO: GET(/session/4804e7c8-a1f9-407e-bcf9-26e9b8c432fb) = {data={"name":"getCapabilities","sessionId":"4804e7c8-a1f9-407e-bcf9-26e9b8c432fb","value":{"applicationCacheEnabled":false,"rotatable":false,"loggingPrefs":{"driver":"ALL"},"handlesAlerts":false,"databaseEnabled":false,"version":"1.0","platform":"ANY","browserConnectionEnabled":false,"nativeEvents":false,"acceptSslCerts":false,"locationContextEnabled":false,"webStorageEnabled":false,"browserName":"java","takesScreenshot":true,"javascriptEnabled":true,"cssSelectorsEnabled":false},"status":0}, status=OK}
Nov 12, 2021 2:26:18 AM org.openqa.selenium.remote.ProtocolHandshake createSession
INFO: Detected dialect: OSS
Nov 12, 2021 2:26:18 AM net.sourceforge.marathon.javaagent.server.JavaServer serve
INFO: JavaServer.serve(POST /session/4804e7c8-a1f9-407e-bcf9-26e9b8c432fb/element): {
  "using": "name",
  "value": "new item id field"
}
Nov 12, 2021 2:26:18 AM net.sourceforge.marathon.javaagent.server.JavaServer serve
INFO: POST(/session/4804e7c8-a1f9-407e-bcf9-26e9b8c432fb/element, {"using":"name","value":"new item id field"}) = {data={"name":"findElement","sessionId":"4804e7c8-a1f9-407e-bcf9-26e9b8c432fb","value":{"ELEMENT":"c35b40e9-8657-4492-b3fa-45200895a9bb"},"status":0}, status=OK}
Nov 12, 2021 2:26:18 AM net.sourceforge.marathon.javaagent.server.JavaServer serve
INFO: JavaServer.serve(POST /session/4804e7c8-a1f9-407e-bcf9-26e9b8c432fb/element/c35b40e9-8657-4492-b3fa-45200895a9bb/clear): {
  "id": "c35b40e9-8657-4492-b3fa-45200895a9bb"
}
Nov 12, 2021 2:26:18 AM net.sourceforge.marathon.javaagent.server.JavaServer serve
INFO: POST(/session/4804e7c8-a1f9-407e-bcf9-26e9b8c432fb/element/c35b40e9-8657-4492-b3fa-45200895a9bb/clear, {"id":"c35b40e9-8657-4492-b3fa-45200895a9bb"}) = {data={"name":"clearElement","sessionId":"4804e7c8-a1f9-407e-bcf9-26e9b8c432fb","status":0}, status=OK}
Nov 12, 2021 2:26:18 AM net.sourceforge.marathon.javaagent.server.JavaServer serve
INFO: JavaServer.serve(POST /session/4804e7c8-a1f9-407e-bcf9-26e9b8c432fb/element/c35b40e9-8657-4492-b3fa-45200895a9bb/value): {
  "id": "c35b40e9-8657-4492-b3fa-45200895a9bb",
  "value": [
    "an item-id"
  ]
}
Nov 12, 2021 2:26:19 AM net.sourceforge.marathon.javaagent.EventQueueDevice dispatchEvent
INFO: java.awt.event.KeyEvent[KEY_PRESSED,keyCode=65,keyText=A,keyChar='a',keyLocation=KEY_LOCATION_UNKNOWN,rawCode=0,primaryLevelUnicode=0,scancode=0,extendedKeyCode=0x0] on new item id field
Nov 12, 2021 2:26:19 AM net.sourceforge.marathon.javaagent.EventQueueDevice dispatchEvent
INFO: java.awt.event.KeyEvent[KEY_TYPED,keyCode=0,keyText=Unknown keyCode: 0x0,keyChar='a',keyLocation=KEY_LOCATION_UNKNOWN,rawCode=0,primaryLevelUnicode=0,scancode=0,extendedKeyCode=0x0] on new item id field
Nov 12, 2021 2:26:19 AM net.sourceforge.marathon.javaagent.EventQueueDevice dispatchEvent
INFO: java.awt.event.KeyEvent[KEY_RELEASED,keyCode=65,keyText=A,keyChar='a',keyLocation=KEY_LOCATION_UNKNOWN,rawCode=0,primaryLevelUnicode=0,scancode=0,extendedKeyCode=0x0] on new item id field
Nov 12, 2021 2:26:19 AM net.sourceforge.marathon.javaagent.EventQueueDevice dispatchEvent
INFO: java.awt.event.KeyEvent[KEY_PRESSED,keyCode=78,keyText=N,keyChar='n',keyLocation=KEY_LOCATION_UNKNOWN,rawCode=0,primaryLevelUnicode=0,scancode=0,extendedKeyCode=0x0] on new item id field
Nov 12, 2021 2:26:19 AM net.sourceforge.marathon.javaagent.EventQueueDevice dispatchEvent
INFO: java.awt.event.KeyEvent[KEY_TYPED,keyCode=0,keyText=Unknown keyCode: 0x0,keyChar='n',keyLocation=KEY_LOCATION_UNKNOWN,rawCode=0,primaryLevelUnicode=0,scancode=0,extendedKeyCode=0x0] on new item id field
Nov 12, 2021 2:26:19 AM net.sourceforge.marathon.javaagent.EventQueueDevice dispatchEvent
INFO: java.awt.event.KeyEvent[KEY_RELEASED,keyCode=78,keyText=N,keyChar='n',keyLocation=KEY_LOCATION_UNKNOWN,rawCode=0,primaryLevelUnicode=0,scancode=0,extendedKeyCode=0x0] on new item id field
Nov 12, 2021 2:26:19 AM net.sourceforge.marathon.javaagent.EventQueueDevice dispatchEvent
INFO: java.awt.event.KeyEvent[KEY_PRESSED,keyCode=16,keyText=Shift,keyChar=Undefined keyChar,modifiers=Shift,extModifiers=Shift,keyLocation=KEY_LOCATION_UNKNOWN,rawCode=0,primaryLevelUnicode=0,scancode=0,extendedKeyCode=0x0] on new item id field
Nov 12, 2021 2:26:19 AM net.sourceforge.marathon.javaagent.EventQueueDevice dispatchEvent
INFO: java.awt.event.KeyEvent[KEY_PRESSED,keyCode=32,keyText=Space,keyChar=' ',modifiers=Shift,extModifiers=Shift,keyLocation=KEY_LOCATION_UNKNOWN,rawCode=0,primaryLevelUnicode=0,scancode=0,extendedKeyCode=0x0] on new item id field
Nov 12, 2021 2:26:19 AM net.sourceforge.marathon.javaagent.EventQueueDevice dispatchEvent
INFO: java.awt.event.KeyEvent[KEY_TYPED,keyCode=0,keyText=Unknown keyCode: 0x0,keyChar=' ',modifiers=Shift,extModifiers=Shift,keyLocation=KEY_LOCATION_UNKNOWN,rawCode=0,primaryLevelUnicode=0,scancode=0,extendedKeyCode=0x0] on new item id field
Nov 12, 2021 2:26:19 AM net.sourceforge.marathon.javaagent.EventQueueDevice dispatchEvent
INFO: java.awt.event.KeyEvent[KEY_RELEASED,keyCode=32,keyText=Space,keyChar=' ',modifiers=Shift,extModifiers=Shift,keyLocation=KEY_LOCATION_UNKNOWN,rawCode=0,primaryLevelUnicode=0,scancode=0,extendedKeyCode=0x0] on new item id field
Nov 12, 2021 2:26:19 AM net.sourceforge.marathon.javaagent.EventQueueDevice dispatchEvent
INFO: java.awt.event.KeyEvent[KEY_RELEASED,keyCode=16,keyText=Shift,keyChar=Undefined keyChar,keyLocation=KEY_LOCATION_UNKNOWN,rawCode=0,primaryLevelUnicode=0,scancode=0,extendedKeyCode=0x0] on new item id field
Nov 12, 2021 2:26:19 AM net.sourceforge.marathon.javaagent.EventQueueDevice dispatchEvent
INFO: java.awt.event.KeyEvent[KEY_PRESSED,keyCode=73,keyText=I,keyChar='i',keyLocation=KEY_LOCATION_UNKNOWN,rawCode=0,primaryLevelUnicode=0,scancode=0,extendedKeyCode=0x0] on new item id field
Nov 12, 2021 2:26:19 AM net.sourceforge.marathon.javaagent.EventQueueDevice dispatchEvent
INFO: java.awt.event.KeyEvent[KEY_TYPED,keyCode=0,keyText=Unknown keyCode: 0x0,keyChar='i',keyLocation=KEY_LOCATION_UNKNOWN,rawCode=0,primaryLevelUnicode=0,scancode=0,extendedKeyCode=0x0] on new item id field
Nov 12, 2021 2:26:19 AM net.sourceforge.marathon.javaagent.EventQueueDevice dispatchEvent
INFO: java.awt.event.KeyEvent[KEY_RELEASED,keyCode=73,keyText=I,keyChar='i',keyLocation=KEY_LOCATION_UNKNOWN,rawCode=0,primaryLevelUnicode=0,scancode=0,extendedKeyCode=0x0] on new item id field
Nov 12, 2021 2:26:19 AM net.sourceforge.marathon.javaagent.EventQueueDevice dispatchEvent
INFO: java.awt.event.KeyEvent[KEY_PRESSED,keyCode=84,keyText=T,keyChar='t',keyLocation=KEY_LOCATION_UNKNOWN,rawCode=0,primaryLevelUnicode=0,scancode=0,extendedKeyCode=0x0] on new item id field
Nov 12, 2021 2:26:19 AM net.sourceforge.marathon.javaagent.EventQueueDevice dispatchEvent
INFO: java.awt.event.KeyEvent[KEY_TYPED,keyCode=0,keyText=Unknown keyCode: 0x0,keyChar='t',keyLocation=KEY_LOCATION_UNKNOWN,rawCode=0,primaryLevelUnicode=0,scancode=0,extendedKeyCode=0x0] on new item id field
Nov 12, 2021 2:26:19 AM net.sourceforge.marathon.javaagent.EventQueueDevice dispatchEvent
INFO: java.awt.event.KeyEvent[KEY_RELEASED,keyCode=84,keyText=T,keyChar='t',keyLocation=KEY_LOCATION_UNKNOWN,rawCode=0,primaryLevelUnicode=0,scancode=0,extendedKeyCode=0x0] on new item id field
Nov 12, 2021 2:26:19 AM net.sourceforge.marathon.javaagent.EventQueueDevice dispatchEvent
INFO: java.awt.event.KeyEvent[KEY_PRESSED,keyCode=69,keyText=E,keyChar='e',keyLocation=KEY_LOCATION_UNKNOWN,rawCode=0,primaryLevelUnicode=0,scancode=0,extendedKeyCode=0x0] on new item id field
Nov 12, 2021 2:26:19 AM net.sourceforge.marathon.javaagent.EventQueueDevice dispatchEvent
INFO: java.awt.event.KeyEvent[KEY_TYPED,keyCode=0,keyText=Unknown keyCode: 0x0,keyChar='e',keyLocation=KEY_LOCATION_UNKNOWN,rawCode=0,primaryLevelUnicode=0,scancode=0,extendedKeyCode=0x0] on new item id field
Nov 12, 2021 2:26:19 AM net.sourceforge.marathon.javaagent.EventQueueDevice dispatchEvent
INFO: java.awt.event.KeyEvent[KEY_RELEASED,keyCode=69,keyText=E,keyChar='e',keyLocation=KEY_LOCATION_UNKNOWN,rawCode=0,primaryLevelUnicode=0,scancode=0,extendedKeyCode=0x0] on new item id field
Nov 12, 2021 2:26:19 AM net.sourceforge.marathon.javaagent.EventQueueDevice dispatchEvent
INFO: java.awt.event.KeyEvent[KEY_PRESSED,keyCode=77,keyText=M,keyChar='m',keyLocation=KEY_LOCATION_UNKNOWN,rawCode=0,primaryLevelUnicode=0,scancode=0,extendedKeyCode=0x0] on new item id field
Nov 12, 2021 2:26:19 AM net.sourceforge.marathon.javaagent.EventQueueDevice dispatchEvent
INFO: java.awt.event.KeyEvent[KEY_TYPED,keyCode=0,keyText=Unknown keyCode: 0x0,keyChar='m',keyLocation=KEY_LOCATION_UNKNOWN,rawCode=0,primaryLevelUnicode=0,scancode=0,extendedKeyCode=0x0] on new item id field
Nov 12, 2021 2:26:19 AM net.sourceforge.marathon.javaagent.EventQueueDevice dispatchEvent
INFO: java.awt.event.KeyEvent[KEY_RELEASED,keyCode=77,keyText=M,keyChar='m',keyLocation=KEY_LOCATION_UNKNOWN,rawCode=0,primaryLevelUnicode=0,scancode=0,extendedKeyCode=0x0] on new item id field
Nov 12, 2021 2:26:19 AM net.sourceforge.marathon.javaagent.EventQueueDevice dispatchEvent
INFO: java.awt.event.KeyEvent[KEY_PRESSED,keyCode=45,keyText=Minus,keyChar='-',keyLocation=KEY_LOCATION_UNKNOWN,rawCode=0,primaryLevelUnicode=0,scancode=0,extendedKeyCode=0x0] on new item id field
Nov 12, 2021 2:26:19 AM net.sourceforge.marathon.javaagent.EventQueueDevice dispatchEvent
INFO: java.awt.event.KeyEvent[KEY_TYPED,keyCode=0,keyText=Unknown keyCode: 0x0,keyChar='-',keyLocation=KEY_LOCATION_UNKNOWN,rawCode=0,primaryLevelUnicode=0,scancode=0,extendedKeyCode=0x0] on new item id field
Nov 12, 2021 2:26:19 AM net.sourceforge.marathon.javaagent.EventQueueDevice dispatchEvent
INFO: java.awt.event.KeyEvent[KEY_RELEASED,keyCode=45,keyText=Minus,keyChar='-',keyLocation=KEY_LOCATION_UNKNOWN,rawCode=0,primaryLevelUnicode=0,scancode=0,extendedKeyCode=0x0] on new item id field
Nov 12, 2021 2:26:19 AM net.sourceforge.marathon.javaagent.EventQueueDevice dispatchEvent
INFO: java.awt.event.KeyEvent[KEY_PRESSED,keyCode=73,keyText=I,keyChar='i',keyLocation=KEY_LOCATION_UNKNOWN,rawCode=0,primaryLevelUnicode=0,scancode=0,extendedKeyCode=0x0] on new item id field
Nov 12, 2021 2:26:19 AM net.sourceforge.marathon.javaagent.EventQueueDevice dispatchEvent
INFO: java.awt.event.KeyEvent[KEY_TYPED,keyCode=0,keyText=Unknown keyCode: 0x0,keyChar='i',keyLocation=KEY_LOCATION_UNKNOWN,rawCode=0,primaryLevelUnicode=0,scancode=0,extendedKeyCode=0x0] on new item id field
Nov 12, 2021 2:26:19 AM net.sourceforge.marathon.javaagent.EventQueueDevice dispatchEvent
INFO: java.awt.event.KeyEvent[KEY_RELEASED,keyCode=73,keyText=I,keyChar='i',keyLocation=KEY_LOCATION_UNKNOWN,rawCode=0,primaryLevelUnicode=0,scancode=0,extendedKeyCode=0x0] on new item id field
Nov 12, 2021 2:26:19 AM net.sourceforge.marathon.javaagent.EventQueueDevice dispatchEvent
INFO: java.awt.event.KeyEvent[KEY_PRESSED,keyCode=68,keyText=D,keyChar='d',keyLocation=KEY_LOCATION_UNKNOWN,rawCode=0,primaryLevelUnicode=0,scancode=0,extendedKeyCode=0x0] on new item id field
Nov 12, 2021 2:26:19 AM net.sourceforge.marathon.javaagent.EventQueueDevice dispatchEvent
INFO: java.awt.event.KeyEvent[KEY_TYPED,keyCode=0,keyText=Unknown keyCode: 0x0,keyChar='d',keyLocation=KEY_LOCATION_UNKNOWN,rawCode=0,primaryLevelUnicode=0,scancode=0,extendedKeyCode=0x0] on new item id field
Nov 12, 2021 2:26:19 AM net.sourceforge.marathon.javaagent.EventQueueDevice dispatchEvent
INFO: java.awt.event.KeyEvent[KEY_RELEASED,keyCode=68,keyText=D,keyChar='d',keyLocation=KEY_LOCATION_UNKNOWN,rawCode=0,primaryLevelUnicode=0,scancode=0,extendedKeyCode=0x0] on new item id field
Nov 12, 2021 2:26:19 AM net.sourceforge.marathon.javaagent.server.JavaServer serve
INFO: POST(/session/4804e7c8-a1f9-407e-bcf9-26e9b8c432fb/element/c35b40e9-8657-4492-b3fa-45200895a9bb/value, {"id":"c35b40e9-8657-4492-b3fa-45200895a9bb","value":["an item-id"]}) = {data={"name":"sendKeysElement","sessionId":"4804e7c8-a1f9-407e-bcf9-26e9b8c432fb","status":0}, status=OK}
Nov 12, 2021 2:26:19 AM net.sourceforge.marathon.javaagent.server.JavaServer serve
INFO: JavaServer.serve(POST /session/4804e7c8-a1f9-407e-bcf9-26e9b8c432fb/element): {
  "using": "name",
  "value": "new item stop price field"
}
Nov 12, 2021 2:26:19 AM net.sourceforge.marathon.javaagent.server.JavaServer serve
INFO: POST(/session/4804e7c8-a1f9-407e-bcf9-26e9b8c432fb/element, {"using":"name","value":"new item stop price field"}) = {data={"name":"findElement","sessionId":"4804e7c8-a1f9-407e-bcf9-26e9b8c432fb","value":{"ELEMENT":"9cb41b04-e969-4810-a475-8c5f664059f8"},"status":0}, status=OK}
Nov 12, 2021 2:26:19 AM net.sourceforge.marathon.javaagent.server.JavaServer serve
INFO: JavaServer.serve(POST /session/4804e7c8-a1f9-407e-bcf9-26e9b8c432fb/element/9cb41b04-e969-4810-a475-8c5f664059f8/clear): {
  "id": "9cb41b04-e969-4810-a475-8c5f664059f8"
}
Nov 12, 2021 2:26:19 AM net.sourceforge.marathon.javaagent.server.JavaServer serve
INFO: POST(/session/4804e7c8-a1f9-407e-bcf9-26e9b8c432fb/element/9cb41b04-e969-4810-a475-8c5f664059f8/clear, {"id":"9cb41b04-e969-4810-a475-8c5f664059f8"}) = {data={"name":"clearElement","sessionId":"4804e7c8-a1f9-407e-bcf9-26e9b8c432fb","status":0}, status=OK}
Nov 12, 2021 2:26:19 AM net.sourceforge.marathon.javaagent.server.JavaServer serve
INFO: JavaServer.serve(POST /session/4804e7c8-a1f9-407e-bcf9-26e9b8c432fb/element/9cb41b04-e969-4810-a475-8c5f664059f8/value): {
  "id": "9cb41b04-e969-4810-a475-8c5f664059f8",
  "value": [
    "11000"
  ]
}
Nov 12, 2021 2:26:19 AM net.sourceforge.marathon.javaagent.EventQueueDevice dispatchEvent
INFO: java.awt.event.KeyEvent[KEY_PRESSED,keyCode=49,keyText=1,keyChar='1',keyLocation=KEY_LOCATION_UNKNOWN,rawCode=0,primaryLevelUnicode=0,scancode=0,extendedKeyCode=0x0] on new item stop price field
Nov 12, 2021 2:26:19 AM net.sourceforge.marathon.javaagent.EventQueueDevice dispatchEvent
INFO: java.awt.event.KeyEvent[KEY_TYPED,keyCode=0,keyText=Unknown keyCode: 0x0,keyChar='1',keyLocation=KEY_LOCATION_UNKNOWN,rawCode=0,primaryLevelUnicode=0,scancode=0,extendedKeyCode=0x0] on new item stop price field
Nov 12, 2021 2:26:19 AM net.sourceforge.marathon.javaagent.EventQueueDevice dispatchEvent
INFO: java.awt.event.KeyEvent[KEY_RELEASED,keyCode=49,keyText=1,keyChar='1',keyLocation=KEY_LOCATION_UNKNOWN,rawCode=0,primaryLevelUnicode=0,scancode=0,extendedKeyCode=0x0] on new item stop price field
Nov 12, 2021 2:26:19 AM net.sourceforge.marathon.javaagent.EventQueueDevice dispatchEvent
INFO: java.awt.event.KeyEvent[KEY_PRESSED,keyCode=49,keyText=1,keyChar='1',keyLocation=KEY_LOCATION_UNKNOWN,rawCode=0,primaryLevelUnicode=0,scancode=0,extendedKeyCode=0x0] on new item stop price field
Nov 12, 2021 2:26:19 AM net.sourceforge.marathon.javaagent.EventQueueDevice dispatchEvent
INFO: java.awt.event.KeyEvent[KEY_TYPED,keyCode=0,keyText=Unknown keyCode: 0x0,keyChar='1',keyLocation=KEY_LOCATION_UNKNOWN,rawCode=0,primaryLevelUnicode=0,scancode=0,extendedKeyCode=0x0] on new item stop price field
Nov 12, 2021 2:26:19 AM net.sourceforge.marathon.javaagent.EventQueueDevice dispatchEvent
INFO: java.awt.event.KeyEvent[KEY_RELEASED,keyCode=49,keyText=1,keyChar='1',keyLocation=KEY_LOCATION_UNKNOWN,rawCode=0,primaryLevelUnicode=0,scancode=0,extendedKeyCode=0x0] on new item stop price field
Nov 12, 2021 2:26:19 AM net.sourceforge.marathon.javaagent.EventQueueDevice dispatchEvent
INFO: java.awt.event.KeyEvent[KEY_PRESSED,keyCode=48,keyText=0,keyChar='0',keyLocation=KEY_LOCATION_UNKNOWN,rawCode=0,primaryLevelUnicode=0,scancode=0,extendedKeyCode=0x0] on new item stop price field
Nov 12, 2021 2:26:19 AM net.sourceforge.marathon.javaagent.EventQueueDevice dispatchEvent
INFO: java.awt.event.KeyEvent[KEY_TYPED,keyCode=0,keyText=Unknown keyCode: 0x0,keyChar='0',keyLocation=KEY_LOCATION_UNKNOWN,rawCode=0,primaryLevelUnicode=0,scancode=0,extendedKeyCode=0x0] on new item stop price field
Nov 12, 2021 2:26:19 AM net.sourceforge.marathon.javaagent.EventQueueDevice dispatchEvent
INFO: java.awt.event.KeyEvent[KEY_RELEASED,keyCode=48,keyText=0,keyChar='0',keyLocation=KEY_LOCATION_UNKNOWN,rawCode=0,primaryLevelUnicode=0,scancode=0,extendedKeyCode=0x0] on new item stop price field
Nov 12, 2021 2:26:19 AM net.sourceforge.marathon.javaagent.EventQueueDevice dispatchEvent
INFO: java.awt.event.KeyEvent[KEY_PRESSED,keyCode=48,keyText=0,keyChar='0',keyLocation=KEY_LOCATION_UNKNOWN,rawCode=0,primaryLevelUnicode=0,scancode=0,extendedKeyCode=0x0] on new item stop price field
Nov 12, 2021 2:26:19 AM net.sourceforge.marathon.javaagent.EventQueueDevice dispatchEvent
INFO: java.awt.event.KeyEvent[KEY_TYPED,keyCode=0,keyText=Unknown keyCode: 0x0,keyChar='0',keyLocation=KEY_LOCATION_UNKNOWN,rawCode=0,primaryLevelUnicode=0,scancode=0,extendedKeyCode=0x0] on new item stop price field
Nov 12, 2021 2:26:19 AM net.sourceforge.marathon.javaagent.EventQueueDevice dispatchEvent
INFO: java.awt.event.KeyEvent[KEY_RELEASED,keyCode=48,keyText=0,keyChar='0',keyLocation=KEY_LOCATION_UNKNOWN,rawCode=0,primaryLevelUnicode=0,scancode=0,extendedKeyCode=0x0] on new item stop price field
Nov 12, 2021 2:26:19 AM net.sourceforge.marathon.javaagent.EventQueueDevice dispatchEvent
INFO: java.awt.event.KeyEvent[KEY_PRESSED,keyCode=48,keyText=0,keyChar='0',keyLocation=KEY_LOCATION_UNKNOWN,rawCode=0,primaryLevelUnicode=0,scancode=0,extendedKeyCode=0x0] on new item stop price field
Nov 12, 2021 2:26:19 AM net.sourceforge.marathon.javaagent.EventQueueDevice dispatchEvent
INFO: java.awt.event.KeyEvent[KEY_TYPED,keyCode=0,keyText=Unknown keyCode: 0x0,keyChar='0',keyLocation=KEY_LOCATION_UNKNOWN,rawCode=0,primaryLevelUnicode=0,scancode=0,extendedKeyCode=0x0] on new item stop price field
Nov 12, 2021 2:26:19 AM net.sourceforge.marathon.javaagent.EventQueueDevice dispatchEvent
INFO: java.awt.event.KeyEvent[KEY_RELEASED,keyCode=48,keyText=0,keyChar='0',keyLocation=KEY_LOCATION_UNKNOWN,rawCode=0,primaryLevelUnicode=0,scancode=0,extendedKeyCode=0x0] on new item stop price field
Nov 12, 2021 2:26:19 AM net.sourceforge.marathon.javaagent.server.JavaServer serve
INFO: POST(/session/4804e7c8-a1f9-407e-bcf9-26e9b8c432fb/element/9cb41b04-e969-4810-a475-8c5f664059f8/value, {"id":"9cb41b04-e969-4810-a475-8c5f664059f8","value":["11000"]}) = {data={"name":"sendKeysElement","sessionId":"4804e7c8-a1f9-407e-bcf9-26e9b8c432fb","status":0}, status=OK}
Nov 12, 2021 2:26:19 AM net.sourceforge.marathon.javaagent.server.JavaServer serve
INFO: JavaServer.serve(POST /session/4804e7c8-a1f9-407e-bcf9-26e9b8c432fb/element): {
  "using": "name",
  "value": "join button"
}
Nov 12, 2021 2:26:19 AM net.sourceforge.marathon.javaagent.server.JavaServer serve
INFO: POST(/session/4804e7c8-a1f9-407e-bcf9-26e9b8c432fb/element, {"using":"name","value":"join button"}) = {data={"name":"findElement","sessionId":"4804e7c8-a1f9-407e-bcf9-26e9b8c432fb","value":{"ELEMENT":"b5d179d4-b2e4-4ccf-9b97-ffd100de9d1a"},"status":0}, status=OK}
Nov 12, 2021 2:26:19 AM net.sourceforge.marathon.javaagent.server.JavaServer serve
INFO: JavaServer.serve(POST /session/4804e7c8-a1f9-407e-bcf9-26e9b8c432fb/element/b5d179d4-b2e4-4ccf-9b97-ffd100de9d1a/click): {
  "id": "b5d179d4-b2e4-4ccf-9b97-ffd100de9d1a"
}
Nov 12, 2021 2:26:19 AM net.sourceforge.marathon.javaagent.EventQueueDevice dispatchEvent
INFO: java.awt.event.MouseEvent[MOUSE_PRESSED,(58,12),absolute(589,17),button=1,modifiers=Button1,extModifiers=Button1,clickCount=1] on join button
Nov 12, 2021 2:26:19 AM net.sourceforge.marathon.javaagent.EventQueueDevice dispatchEvent
INFO: java.awt.event.MouseEvent[MOUSE_RELEASED,(58,12),absolute(589,17),button=1,modifiers=Button1,clickCount=1] on join button
Nov 12, 2021 2:26:19 AM net.sourceforge.marathon.javaagent.EventQueueDevice dispatchEvent
INFO: java.awt.event.MouseEvent[MOUSE_CLICKED,(58,12),absolute(589,17),button=1,modifiers=Button1,clickCount=1] on join button
Nov 12, 2021 2:26:19 AM net.sourceforge.marathon.javaagent.server.JavaServer serve
INFO: POST(/session/4804e7c8-a1f9-407e-bcf9-26e9b8c432fb/element/b5d179d4-b2e4-4ccf-9b97-ffd100de9d1a/click, {"id":"b5d179d4-b2e4-4ccf-9b97-ffd100de9d1a"}) = {data={"name":"clickElement","sessionId":"4804e7c8-a1f9-407e-bcf9-26e9b8c432fb","status":0}, status=OK}
Nov 12, 2021 2:26:19 AM net.sourceforge.marathon.javaagent.server.JavaServer serve
INFO: JavaServer.serve(DELETE /session/4804e7c8-a1f9-407e-bcf9-26e9b8c432fb/window): {}
Nov 12, 2021 2:26:19 AM net.sourceforge.marathon.javaagent.server.JavaServer serve
INFO: DELETE(/session/4804e7c8-a1f9-407e-bcf9-26e9b8c432fb/window) = {data={"name":"closeSession","sessionId":"4804e7c8-a1f9-407e-bcf9-26e9b8c432fb","status":0}, status=OK}
Nov 12, 2021 2:26:19 AM net.sourceforge.marathon.javaagent.server.JavaServer serve
INFO: JavaServer.serve(POST /session): {
  "desiredCapabilities": {
    "browserName": "java",
    "platform": "ANY"
  },
  "capabilities": {
    "firstMatch": [
      {
        "browserName": "java"
      }
    ]
  }
}
Nov 12, 2021 2:26:19 AM net.sourceforge.marathon.javaagent.server.JavaServer createSession
INFO: Creating device with type: EVENT_QUEUE
Nov 12, 2021 2:26:19 AM net.sourceforge.marathon.javaagent.Device getDevice
INFO: Creating a EVENT_QUEUE device
Nov 12, 2021 2:26:19 AM net.sourceforge.marathon.javaagent.server.JavaServer serve
INFO: POST(/session, {"desiredCapabilities":{"browserName":"java","platform":"ANY"},"capabilities":{"firstMatch":[{"browserName":"java"}]}}) = {data=, status=REDIRECT}
Nov 12, 2021 2:26:19 AM net.sourceforge.marathon.javaagent.server.JavaServer serve
INFO: JavaServer.serve(GET /session/a6d0f465-5b6d-4e25-acf9-46df3e6a7d3f): {}
Nov 12, 2021 2:26:19 AM net.sourceforge.marathon.javaagent.server.JavaServer serve
INFO: GET(/session/a6d0f465-5b6d-4e25-acf9-46df3e6a7d3f) = {data={"name":"getCapabilities","sessionId":"a6d0f465-5b6d-4e25-acf9-46df3e6a7d3f","value":{"applicationCacheEnabled":false,"rotatable":false,"loggingPrefs":{"driver":"ALL"},"handlesAlerts":false,"databaseEnabled":false,"version":"1.0","platform":"ANY","browserConnectionEnabled":false,"nativeEvents":false,"acceptSslCerts":false,"locationContextEnabled":false,"webStorageEnabled":false,"browserName":"java","takesScreenshot":true,"javascriptEnabled":true,"cssSelectorsEnabled":false},"status":0}, status=OK}
Nov 12, 2021 2:26:19 AM org.openqa.selenium.remote.ProtocolHandshake createSession
INFO: Detected dialect: OSS
Nov 12, 2021 2:26:19 AM net.sourceforge.marathon.javaagent.server.JavaServer serve
INFO: JavaServer.serve(POST /session/a6d0f465-5b6d-4e25-acf9-46df3e6a7d3f/element): {
  "using": "name",
  "value": "sniper reset button"
}
Nov 12, 2021 2:26:19 AM net.sourceforge.marathon.javaagent.server.JavaServer serve
INFO: POST(/session/a6d0f465-5b6d-4e25-acf9-46df3e6a7d3f/element, {"using":"name","value":"sniper reset button"}) = {data={"name":"findElement","sessionId":"a6d0f465-5b6d-4e25-acf9-46df3e6a7d3f","value":{"ELEMENT":"691ee968-c35c-4faf-87b1-8e048c0bdfd0"},"status":0}, status=OK}
Nov 12, 2021 2:26:19 AM net.sourceforge.marathon.javaagent.server.JavaServer serve
INFO: JavaServer.serve(POST /session/a6d0f465-5b6d-4e25-acf9-46df3e6a7d3f/element/691ee968-c35c-4faf-87b1-8e048c0bdfd0/click): {
  "id": "691ee968-c35c-4faf-87b1-8e048c0bdfd0"
}
Nov 12, 2021 2:26:19 AM net.sourceforge.marathon.javaagent.EventQueueDevice dispatchEvent
INFO: java.awt.event.MouseEvent[MOUSE_PRESSED,(37,12),absolute(326,474),button=1,modifiers=Button1,extModifiers=Button1,clickCount=1] on sniper reset button
Nov 12, 2021 2:26:19 AM net.sourceforge.marathon.javaagent.EventQueueDevice dispatchEvent
INFO: java.awt.event.MouseEvent[MOUSE_RELEASED,(37,12),absolute(326,474),button=1,modifiers=Button1,clickCount=1] on sniper reset button
Nov 12, 2021 2:26:19 AM net.sourceforge.marathon.javaagent.EventQueueDevice dispatchEvent
INFO: java.awt.event.MouseEvent[MOUSE_CLICKED,(37,12),absolute(326,474),button=1,modifiers=Button1,clickCount=1] on sniper reset button
Nov 12, 2021 2:26:19 AM net.sourceforge.marathon.javaagent.server.JavaServer serve
INFO: POST(/session/a6d0f465-5b6d-4e25-acf9-46df3e6a7d3f/element/691ee968-c35c-4faf-87b1-8e048c0bdfd0/click, {"id":"691ee968-c35c-4faf-87b1-8e048c0bdfd0"}) = {data={"name":"clickElement","sessionId":"a6d0f465-5b6d-4e25-acf9-46df3e6a7d3f","status":0}, status=OK}
Nov 12, 2021 2:26:19 AM net.sourceforge.marathon.javaagent.server.JavaServer serve
INFO: JavaServer.serve(DELETE /session/a6d0f465-5b6d-4e25-acf9-46df3e6a7d3f/window): {}
Nov 12, 2021 2:26:19 AM net.sourceforge.marathon.javaagent.server.JavaServer serve
INFO: DELETE(/session/a6d0f465-5b6d-4e25-acf9-46df3e6a7d3f/window) = {data={"name":"closeSession","sessionId":"a6d0f465-5b6d-4e25-acf9-46df3e6a7d3f","status":0}, status=OK}
]]></system-err>
</testsuite>
