<?xml version="1.0" encoding="UTF-8"?>
<testsuite name="Kotest" tests="2" skipped="0" failures="0" errors="0" time="3.06" hostname="df26a72e6cd4" timestamp="2021-10-26T02:27:21">
<properties>
<property name="file.encoding" value="UTF-8"/>
<property name="file.separator" value="/"/>
<property name="java.class.path" value="auction-xmpp-integration-tests.jar"/>
<property name="java.class.version" value="59.0"/>
<property name="java.home" value="/opt/java/openjdk"/>
<property name="java.io.tmpdir" value="/tmp"/>
<property name="java.library.path" value="/usr/java/packages/lib:/usr/lib64:/lib64:/lib:/usr/lib"/>
<property name="java.runtime.name" value="OpenJDK Runtime Environment"/>
<property name="java.runtime.version" value="15.0.2+7"/>
<property name="java.security.auth.login.config" value="gss.conf"/>
<property name="java.specification.name" value="Java Platform API Specification"/>
<property name="java.specification.vendor" value="Oracle Corporation"/>
<property name="java.specification.version" value="15"/>
<property name="java.vendor" value="AdoptOpenJDK"/>
<property name="java.vendor.url" value="https://adoptopenjdk.net/"/>
<property name="java.vendor.url.bug" value="https://github.com/AdoptOpenJDK/openjdk-support/issues"/>
<property name="java.vendor.version" value="AdoptOpenJDK"/>
<property name="java.version" value="15.0.2"/>
<property name="java.version.date" value="2021-01-19"/>
<property name="java.vm.compressedOopsMode" value="32-bit"/>
<property name="java.vm.info" value="mixed mode, sharing"/>
<property name="java.vm.name" value="OpenJDK 64-Bit Server VM"/>
<property name="java.vm.specification.name" value="Java Virtual Machine Specification"/>
<property name="java.vm.specification.vendor" value="Oracle Corporation"/>
<property name="java.vm.specification.version" value="15"/>
<property name="java.vm.vendor" value="AdoptOpenJDK"/>
<property name="java.vm.version" value="15.0.2+7"/>
<property name="javax.security.auth.useSubjectCredsOnly" value="false"/>
<property name="jdk.debug" value="release"/>
<property name="line.separator" value="
"/>
<property name="os.arch" value="amd64"/>
<property name="os.name" value="Linux"/>
<property name="os.version" value="5.4.0-1061-azure"/>
<property name="path.separator" value=":"/>
<property name="sun.arch.data.model" value="64"/>
<property name="sun.boot.library.path" value="/opt/java/openjdk/lib"/>
<property name="sun.cpu.endian" value="little"/>
<property name="sun.io.unicode.encoding" value="UnicodeLittle"/>
<property name="sun.java.command" value="auction-xmpp-integration-tests.jar --disable-banner --reports-dir=build/reports"/>
<property name="sun.java.launcher" value="SUN_STANDARD"/>
<property name="sun.jnu.encoding" value="UTF-8"/>
<property name="sun.management.compiler" value="HotSpot 64-Bit Tiered Compilers"/>
<property name="user.country" value="US"/>
<property name="user.dir" value="/home/worker/work"/>
<property name="user.home" value="/home/worker"/>
<property name="user.language" value="en"/>
<property name="user.name" value="worker"/>
<property name="user.timezone" value="GMT"/>
</properties>
<testcase name="receives events from auction server after joining" classname="goos.auction.xmpp.integration.XMPPAuctionTest" time="1.251">
<system-out><![CDATA[
unique-id: [engine:kotest]/[spec:goos.auction.xmpp.integration.XMPPAuctionTest]/[test:receives events from auction server after joining]
display-name: receives events from auction server after joining
]]></system-out>
</testcase>
<testcase name="stops receiving events from auction server after failure" classname="goos.auction.xmpp.integration.XMPPAuctionTest" time="0.443">
<system-out><![CDATA[
unique-id: [engine:kotest]/[spec:goos.auction.xmpp.integration.XMPPAuctionTest]/[test:stops receiving events from auction server after failure]
display-name: stops receiving events from auction server after failure
]]></system-out>
</testcase>
<system-out><![CDATA[
unique-id: [engine:kotest]
display-name: Kotest
]]></system-out>
</testsuite>
