<?xml version="1.0" encoding="UTF-8"?>
<testsuite name="goos.ui.swing.MainWindowTest" tests="3" skipped="0" failures="0" errors="0" timestamp="2022-02-17T12:56:28" hostname="buildkitsandbox" time="3.997">
  <properties/>
  <testcase name="window has expected features" classname="goos.ui.swing.MainWindowTest" time="2.955"/>
  <testcase name="make user request when join button clicked" classname="goos.ui.swing.MainWindowTest" time="0.851"/>
  <testcase name="make user request when reset button clicked" classname="goos.ui.swing.MainWindowTest" time="0.186"/>
  <system-out><![CDATA[]]></system-out>
  <system-err><![CDATA[SLF4J: Failed to load class "org.slf4j.impl.StaticLoggerBinder".
SLF4J: Defaulting to no-operation (NOP) logger implementation
SLF4J: See http://www.slf4j.org/codes.html#StaticLoggerBinder for further details.
Feb 17, 2022 12:56:30 PM io.netty.util.internal.MacAddressUtil defaultMachineId
WARNING: Failed to find a usable hardware address from the network interfaces; using random bytes: fa:4c:e3:dd:d5:93:0b:ec
Feb 17, 2022 12:56:30 PM net.sourceforge.marathon.javaagent.server.JavaServer serve
INFO: JavaServer.serve(POST /session): {
  "desiredCapabilities": {
    "browserName": "java",
    "platform": "ANY"
  },
  "capabilities": {
    "firstMatch": [
      {
        "browserName": "java"
      }
    ]
  }
}
Feb 17, 2022 12:56:30 PM net.sourceforge.marathon.javaagent.server.JavaServer createSession
INFO: Creating device with type: EVENT_QUEUE
Feb 17, 2022 12:56:31 PM net.sourceforge.marathon.javaagent.Device getDevice
INFO: Creating a EVENT_QUEUE device
Feb 17, 2022 12:56:31 PM net.sourceforge.marathon.javaagent.server.JavaServer serve
INFO: POST(/session, {"desiredCapabilities":{"browserName":"java","platform":"ANY"},"capabilities":{"firstMatch":[{"browserName":"java"}]}}) = {data=, status=REDIRECT}
Feb 17, 2022 12:56:31 PM net.sourceforge.marathon.javaagent.server.JavaServer serve
INFO: JavaServer.serve(GET /session/8fdd368d-f7a9-43ba-8679-6e6ed9d4e2f4): {}
Feb 17, 2022 12:56:31 PM net.sourceforge.marathon.javaagent.server.JavaServer serve
INFO: GET(/session/8fdd368d-f7a9-43ba-8679-6e6ed9d4e2f4) = {data={"name":"getCapabilities","sessionId":"8fdd368d-f7a9-43ba-8679-6e6ed9d4e2f4","value":{"applicationCacheEnabled":false,"rotatable":false,"loggingPrefs":{"driver":"ALL"},"handlesAlerts":false,"databaseEnabled":false,"version":"1.0","platform":"ANY","browserConnectionEnabled":false,"nativeEvents":false,"acceptSslCerts":false,"locationContextEnabled":false,"webStorageEnabled":false,"browserName":"java","takesScreenshot":true,"javascriptEnabled":true,"cssSelectorsEnabled":false},"status":0}, status=OK}
Feb 17, 2022 12:56:31 PM org.openqa.selenium.remote.ProtocolHandshake createSession
INFO: Detected dialect: OSS
Feb 17, 2022 12:56:31 PM net.sourceforge.marathon.javaagent.server.JavaServer serve
INFO: JavaServer.serve(POST /session/8fdd368d-f7a9-43ba-8679-6e6ed9d4e2f4/element): {
  "using": "css selector",
  "value": "."
}
Feb 17, 2022 12:56:31 PM net.sourceforge.marathon.javaagent.server.JavaServer serve
INFO: POST(/session/8fdd368d-f7a9-43ba-8679-6e6ed9d4e2f4/element, {"using":"css selector","value":"."}) = {data={"name":"findElement","sessionId":"8fdd368d-f7a9-43ba-8679-6e6ed9d4e2f4","value":{"ELEMENT":"dbb4af58-c4c3-44a0-9429-917a6267b556"},"status":0}, status=OK}
Feb 17, 2022 12:56:31 PM net.sourceforge.marathon.javaagent.server.JavaServer serve
INFO: JavaServer.serve(GET /session/8fdd368d-f7a9-43ba-8679-6e6ed9d4e2f4/element/dbb4af58-c4c3-44a0-9429-917a6267b556/attribute/name): {}
Feb 17, 2022 12:56:31 PM net.sourceforge.marathon.javaagent.server.JavaServer serve
INFO: GET(/session/8fdd368d-f7a9-43ba-8679-6e6ed9d4e2f4/element/dbb4af58-c4c3-44a0-9429-917a6267b556/attribute/name) = {data={"name":"getElementAttribute","sessionId":"8fdd368d-f7a9-43ba-8679-6e6ed9d4e2f4","value":"Auction Sniper Name","status":0}, status=OK}
Feb 17, 2022 12:56:31 PM net.sourceforge.marathon.javaagent.server.JavaServer serve
INFO: JavaServer.serve(POST /session/8fdd368d-f7a9-43ba-8679-6e6ed9d4e2f4/element): {
  "using": "css selector",
  "value": "."
}
Feb 17, 2022 12:56:31 PM net.sourceforge.marathon.javaagent.server.JavaServer serve
INFO: POST(/session/8fdd368d-f7a9-43ba-8679-6e6ed9d4e2f4/element, {"using":"css selector","value":"."}) = {data={"name":"findElement","sessionId":"8fdd368d-f7a9-43ba-8679-6e6ed9d4e2f4","value":{"ELEMENT":"dbb4af58-c4c3-44a0-9429-917a6267b556"},"status":0}, status=OK}
Feb 17, 2022 12:56:31 PM net.sourceforge.marathon.javaagent.server.JavaServer serve
INFO: JavaServer.serve(GET /session/8fdd368d-f7a9-43ba-8679-6e6ed9d4e2f4/element/dbb4af58-c4c3-44a0-9429-917a6267b556/displayed): {}
Feb 17, 2022 12:56:31 PM net.sourceforge.marathon.javaagent.server.JavaServer serve
INFO: GET(/session/8fdd368d-f7a9-43ba-8679-6e6ed9d4e2f4/element/dbb4af58-c4c3-44a0-9429-917a6267b556/displayed) = {data={"name":"isDisplayed","sessionId":"8fdd368d-f7a9-43ba-8679-6e6ed9d4e2f4","value":true,"status":0}, status=OK}
Feb 17, 2022 12:56:31 PM net.sourceforge.marathon.javaagent.server.JavaServer serve
INFO: JavaServer.serve(GET /session/8fdd368d-f7a9-43ba-8679-6e6ed9d4e2f4/title): {}
Feb 17, 2022 12:56:31 PM net.sourceforge.marathon.javaagent.server.JavaServer serve
INFO: GET(/session/8fdd368d-f7a9-43ba-8679-6e6ed9d4e2f4/title) = {data={"name":"getWindowTitle","sessionId":"8fdd368d-f7a9-43ba-8679-6e6ed9d4e2f4","value":"Auction Sniper","status":0}, status=OK}
Feb 17, 2022 12:56:31 PM net.sourceforge.marathon.javaagent.server.JavaServer serve
INFO: JavaServer.serve(POST /session/8fdd368d-f7a9-43ba-8679-6e6ed9d4e2f4/element): {
  "using": "name",
  "value": "snipers table"
}
Feb 17, 2022 12:56:31 PM net.sourceforge.marathon.javaagent.server.JavaServer serve
INFO: POST(/session/8fdd368d-f7a9-43ba-8679-6e6ed9d4e2f4/element, {"using":"name","value":"snipers table"}) = {data={"name":"findElement","sessionId":"8fdd368d-f7a9-43ba-8679-6e6ed9d4e2f4","value":{"ELEMENT":"cb8a0fdd-caa4-40aa-ad2d-3d002e387fd1"},"status":0}, status=OK}
Feb 17, 2022 12:56:31 PM net.sourceforge.marathon.javaagent.server.JavaServer serve
INFO: JavaServer.serve(POST /session/8fdd368d-f7a9-43ba-8679-6e6ed9d4e2f4/element/cb8a0fdd-caa4-40aa-ad2d-3d002e387fd1/elements): {
  "id": "cb8a0fdd-caa4-40aa-ad2d-3d002e387fd1",
  "using": "css selector",
  "value": ".::header.::all-items"
}
Feb 17, 2022 12:56:31 PM net.sourceforge.marathon.javaagent.server.JavaServer serve
INFO: POST(/session/8fdd368d-f7a9-43ba-8679-6e6ed9d4e2f4/element/cb8a0fdd-caa4-40aa-ad2d-3d002e387fd1/elements, {"using":"css selector","id":"cb8a0fdd-caa4-40aa-ad2d-3d002e387fd1","value":".::header.::all-items"}) = {data={"name":"findElementsOfElement","sessionId":"8fdd368d-f7a9-43ba-8679-6e6ed9d4e2f4","value":[{"ELEMENT":"76fd2229-9415-4747-8aa4-a8e7d618a6c8%23%7B%22selector%22%3A%22nth-item%22%2C%22parameters%22%3A%5B1%5D%7D"},{"ELEMENT":"76fd2229-9415-4747-8aa4-a8e7d618a6c8%23%7B%22selector%22%3A%22nth-item%22%2C%22parameters%22%3A%5B2%5D%7D"},{"ELEMENT":"76fd2229-9415-4747-8aa4-a8e7d618a6c8%23%7B%22selector%22%3A%22nth-item%22%2C%22parameters%22%3A%5B3%5D%7D"},{"ELEMENT":"76fd2229-9415-4747-8aa4-a8e7d618a6c8%23%7B%22selector%22%3A%22nth-item%22%2C%22parameters%22%3A%5B4%5D%7D"}],"status":0}, status=OK}
Feb 17, 2022 12:56:31 PM net.sourceforge.marathon.javaagent.server.JavaServer serve
INFO: JavaServer.serve(GET /session/8fdd368d-f7a9-43ba-8679-6e6ed9d4e2f4/element/76fd2229-9415-4747-8aa4-a8e7d618a6c8%23%7B%22selector%22%3A%22nth-item%22%2C%22parameters%22%3A%5B1%5D%7D/text): {}
Feb 17, 2022 12:56:31 PM net.sourceforge.marathon.javaagent.server.JavaServer serve
INFO: GET(/session/8fdd368d-f7a9-43ba-8679-6e6ed9d4e2f4/element/76fd2229-9415-4747-8aa4-a8e7d618a6c8%23%7B%22selector%22%3A%22nth-item%22%2C%22parameters%22%3A%5B1%5D%7D/text) = {data={"name":"getElementText","sessionId":"8fdd368d-f7a9-43ba-8679-6e6ed9d4e2f4","value":"Item","status":0}, status=OK}
Feb 17, 2022 12:56:31 PM net.sourceforge.marathon.javaagent.server.JavaServer serve
INFO: JavaServer.serve(GET /session/8fdd368d-f7a9-43ba-8679-6e6ed9d4e2f4/element/76fd2229-9415-4747-8aa4-a8e7d618a6c8%23%7B%22selector%22%3A%22nth-item%22%2C%22parameters%22%3A%5B2%5D%7D/text): {}
Feb 17, 2022 12:56:31 PM net.sourceforge.marathon.javaagent.server.JavaServer serve
INFO: GET(/session/8fdd368d-f7a9-43ba-8679-6e6ed9d4e2f4/element/76fd2229-9415-4747-8aa4-a8e7d618a6c8%23%7B%22selector%22%3A%22nth-item%22%2C%22parameters%22%3A%5B2%5D%7D/text) = {data={"name":"getElementText","sessionId":"8fdd368d-f7a9-43ba-8679-6e6ed9d4e2f4","value":"Last Price","status":0}, status=OK}
Feb 17, 2022 12:56:31 PM net.sourceforge.marathon.javaagent.server.JavaServer serve
INFO: JavaServer.serve(GET /session/8fdd368d-f7a9-43ba-8679-6e6ed9d4e2f4/element/76fd2229-9415-4747-8aa4-a8e7d618a6c8%23%7B%22selector%22%3A%22nth-item%22%2C%22parameters%22%3A%5B3%5D%7D/text): {}
Feb 17, 2022 12:56:31 PM net.sourceforge.marathon.javaagent.server.JavaServer serve
INFO: GET(/session/8fdd368d-f7a9-43ba-8679-6e6ed9d4e2f4/element/76fd2229-9415-4747-8aa4-a8e7d618a6c8%23%7B%22selector%22%3A%22nth-item%22%2C%22parameters%22%3A%5B3%5D%7D/text) = {data={"name":"getElementText","sessionId":"8fdd368d-f7a9-43ba-8679-6e6ed9d4e2f4","value":"Last Bid","status":0}, status=OK}
Feb 17, 2022 12:56:31 PM net.sourceforge.marathon.javaagent.server.JavaServer serve
INFO: JavaServer.serve(GET /session/8fdd368d-f7a9-43ba-8679-6e6ed9d4e2f4/element/76fd2229-9415-4747-8aa4-a8e7d618a6c8%23%7B%22selector%22%3A%22nth-item%22%2C%22parameters%22%3A%5B4%5D%7D/text): {}
Feb 17, 2022 12:56:31 PM net.sourceforge.marathon.javaagent.server.JavaServer serve
INFO: GET(/session/8fdd368d-f7a9-43ba-8679-6e6ed9d4e2f4/element/76fd2229-9415-4747-8aa4-a8e7d618a6c8%23%7B%22selector%22%3A%22nth-item%22%2C%22parameters%22%3A%5B4%5D%7D/text) = {data={"name":"getElementText","sessionId":"8fdd368d-f7a9-43ba-8679-6e6ed9d4e2f4","value":"State","status":0}, status=OK}
Feb 17, 2022 12:56:31 PM net.sourceforge.marathon.javaagent.server.JavaServer serve
INFO: JavaServer.serve(DELETE /session/8fdd368d-f7a9-43ba-8679-6e6ed9d4e2f4/window): {}
Feb 17, 2022 12:56:31 PM net.sourceforge.marathon.javaagent.server.JavaServer serve
INFO: DELETE(/session/8fdd368d-f7a9-43ba-8679-6e6ed9d4e2f4/window) = {data={"name":"closeSession","sessionId":"8fdd368d-f7a9-43ba-8679-6e6ed9d4e2f4","status":0}, status=OK}
Feb 17, 2022 12:56:31 PM net.sourceforge.marathon.javaagent.server.JavaServer serve
INFO: JavaServer.serve(POST /session): {
  "desiredCapabilities": {
    "browserName": "java",
    "platform": "ANY"
  },
  "capabilities": {
    "firstMatch": [
      {
        "browserName": "java"
      }
    ]
  }
}
Feb 17, 2022 12:56:31 PM net.sourceforge.marathon.javaagent.server.JavaServer createSession
INFO: Creating device with type: EVENT_QUEUE
Feb 17, 2022 12:56:31 PM net.sourceforge.marathon.javaagent.Device getDevice
INFO: Creating a EVENT_QUEUE device
Feb 17, 2022 12:56:31 PM net.sourceforge.marathon.javaagent.server.JavaServer serve
INFO: POST(/session, {"desiredCapabilities":{"browserName":"java","platform":"ANY"},"capabilities":{"firstMatch":[{"browserName":"java"}]}}) = {data=, status=REDIRECT}
Feb 17, 2022 12:56:31 PM net.sourceforge.marathon.javaagent.server.JavaServer serve
INFO: JavaServer.serve(GET /session/2dd81aeb-2840-499e-a7b7-8aad5037b2a4): {}
Feb 17, 2022 12:56:31 PM net.sourceforge.marathon.javaagent.server.JavaServer serve
INFO: GET(/session/2dd81aeb-2840-499e-a7b7-8aad5037b2a4) = {data={"name":"getCapabilities","sessionId":"2dd81aeb-2840-499e-a7b7-8aad5037b2a4","value":{"applicationCacheEnabled":false,"rotatable":false,"loggingPrefs":{"driver":"ALL"},"handlesAlerts":false,"databaseEnabled":false,"version":"1.0","platform":"ANY","browserConnectionEnabled":false,"nativeEvents":false,"acceptSslCerts":false,"locationContextEnabled":false,"webStorageEnabled":false,"browserName":"java","takesScreenshot":true,"javascriptEnabled":true,"cssSelectorsEnabled":false},"status":0}, status=OK}
Feb 17, 2022 12:56:31 PM org.openqa.selenium.remote.ProtocolHandshake createSession
INFO: Detected dialect: OSS
Feb 17, 2022 12:56:31 PM net.sourceforge.marathon.javaagent.server.JavaServer serve
INFO: JavaServer.serve(POST /session/2dd81aeb-2840-499e-a7b7-8aad5037b2a4/element): {
  "using": "name",
  "value": "new item id field"
}
Feb 17, 2022 12:56:31 PM net.sourceforge.marathon.javaagent.server.JavaServer serve
INFO: POST(/session/2dd81aeb-2840-499e-a7b7-8aad5037b2a4/element, {"using":"name","value":"new item id field"}) = {data={"name":"findElement","sessionId":"2dd81aeb-2840-499e-a7b7-8aad5037b2a4","value":{"ELEMENT":"cf215735-1f45-4c9a-bc8f-b2a9f4660e6d"},"status":0}, status=OK}
Feb 17, 2022 12:56:31 PM net.sourceforge.marathon.javaagent.server.JavaServer serve
INFO: JavaServer.serve(POST /session/2dd81aeb-2840-499e-a7b7-8aad5037b2a4/element/cf215735-1f45-4c9a-bc8f-b2a9f4660e6d/clear): {
  "id": "cf215735-1f45-4c9a-bc8f-b2a9f4660e6d"
}
Feb 17, 2022 12:56:31 PM net.sourceforge.marathon.javaagent.server.JavaServer serve
INFO: POST(/session/2dd81aeb-2840-499e-a7b7-8aad5037b2a4/element/cf215735-1f45-4c9a-bc8f-b2a9f4660e6d/clear, {"id":"cf215735-1f45-4c9a-bc8f-b2a9f4660e6d"}) = {data={"name":"clearElement","sessionId":"2dd81aeb-2840-499e-a7b7-8aad5037b2a4","status":0}, status=OK}
Feb 17, 2022 12:56:31 PM net.sourceforge.marathon.javaagent.server.JavaServer serve
INFO: JavaServer.serve(POST /session/2dd81aeb-2840-499e-a7b7-8aad5037b2a4/element/cf215735-1f45-4c9a-bc8f-b2a9f4660e6d/value): {
  "id": "cf215735-1f45-4c9a-bc8f-b2a9f4660e6d",
  "value": [
    "an item-id"
  ]
}
Feb 17, 2022 12:56:31 PM net.sourceforge.marathon.javaagent.EventQueueDevice dispatchEvent
INFO: java.awt.event.KeyEvent[KEY_PRESSED,keyCode=65,keyText=A,keyChar='a',keyLocation=KEY_LOCATION_UNKNOWN,rawCode=0,primaryLevelUnicode=0,scancode=0,extendedKeyCode=0x0] on new item id field
Feb 17, 2022 12:56:31 PM net.sourceforge.marathon.javaagent.EventQueueDevice dispatchEvent
INFO: java.awt.event.KeyEvent[KEY_TYPED,keyCode=0,keyText=Unknown keyCode: 0x0,keyChar='a',keyLocation=KEY_LOCATION_UNKNOWN,rawCode=0,primaryLevelUnicode=0,scancode=0,extendedKeyCode=0x0] on new item id field
Feb 17, 2022 12:56:31 PM net.sourceforge.marathon.javaagent.EventQueueDevice dispatchEvent
INFO: java.awt.event.KeyEvent[KEY_RELEASED,keyCode=65,keyText=A,keyChar='a',keyLocation=KEY_LOCATION_UNKNOWN,rawCode=0,primaryLevelUnicode=0,scancode=0,extendedKeyCode=0x0] on new item id field
Feb 17, 2022 12:56:31 PM net.sourceforge.marathon.javaagent.EventQueueDevice dispatchEvent
INFO: java.awt.event.KeyEvent[KEY_PRESSED,keyCode=78,keyText=N,keyChar='n',keyLocation=KEY_LOCATION_UNKNOWN,rawCode=0,primaryLevelUnicode=0,scancode=0,extendedKeyCode=0x0] on new item id field
Feb 17, 2022 12:56:31 PM net.sourceforge.marathon.javaagent.EventQueueDevice dispatchEvent
INFO: java.awt.event.KeyEvent[KEY_TYPED,keyCode=0,keyText=Unknown keyCode: 0x0,keyChar='n',keyLocation=KEY_LOCATION_UNKNOWN,rawCode=0,primaryLevelUnicode=0,scancode=0,extendedKeyCode=0x0] on new item id field
Feb 17, 2022 12:56:31 PM net.sourceforge.marathon.javaagent.EventQueueDevice dispatchEvent
INFO: java.awt.event.KeyEvent[KEY_RELEASED,keyCode=78,keyText=N,keyChar='n',keyLocation=KEY_LOCATION_UNKNOWN,rawCode=0,primaryLevelUnicode=0,scancode=0,extendedKeyCode=0x0] on new item id field
Feb 17, 2022 12:56:31 PM net.sourceforge.marathon.javaagent.EventQueueDevice dispatchEvent
INFO: java.awt.event.KeyEvent[KEY_PRESSED,keyCode=16,keyText=Shift,keyChar=Undefined keyChar,modifiers=Shift,extModifiers=Shift,keyLocation=KEY_LOCATION_UNKNOWN,rawCode=0,primaryLevelUnicode=0,scancode=0,extendedKeyCode=0x0] on new item id field
Feb 17, 2022 12:56:31 PM net.sourceforge.marathon.javaagent.EventQueueDevice dispatchEvent
INFO: java.awt.event.KeyEvent[KEY_PRESSED,keyCode=32,keyText=Space,keyChar=' ',modifiers=Shift,extModifiers=Shift,keyLocation=KEY_LOCATION_UNKNOWN,rawCode=0,primaryLevelUnicode=0,scancode=0,extendedKeyCode=0x0] on new item id field
Feb 17, 2022 12:56:31 PM net.sourceforge.marathon.javaagent.EventQueueDevice dispatchEvent
INFO: java.awt.event.KeyEvent[KEY_TYPED,keyCode=0,keyText=Unknown keyCode: 0x0,keyChar=' ',modifiers=Shift,extModifiers=Shift,keyLocation=KEY_LOCATION_UNKNOWN,rawCode=0,primaryLevelUnicode=0,scancode=0,extendedKeyCode=0x0] on new item id field
Feb 17, 2022 12:56:31 PM net.sourceforge.marathon.javaagent.EventQueueDevice dispatchEvent
INFO: java.awt.event.KeyEvent[KEY_RELEASED,keyCode=32,keyText=Space,keyChar=' ',modifiers=Shift,extModifiers=Shift,keyLocation=KEY_LOCATION_UNKNOWN,rawCode=0,primaryLevelUnicode=0,scancode=0,extendedKeyCode=0x0] on new item id field
Feb 17, 2022 12:56:31 PM net.sourceforge.marathon.javaagent.EventQueueDevice dispatchEvent
INFO: java.awt.event.KeyEvent[KEY_RELEASED,keyCode=16,keyText=Shift,keyChar=Undefined keyChar,keyLocation=KEY_LOCATION_UNKNOWN,rawCode=0,primaryLevelUnicode=0,scancode=0,extendedKeyCode=0x0] on new item id field
Feb 17, 2022 12:56:31 PM net.sourceforge.marathon.javaagent.EventQueueDevice dispatchEvent
INFO: java.awt.event.KeyEvent[KEY_PRESSED,keyCode=73,keyText=I,keyChar='i',keyLocation=KEY_LOCATION_UNKNOWN,rawCode=0,primaryLevelUnicode=0,scancode=0,extendedKeyCode=0x0] on new item id field
Feb 17, 2022 12:56:31 PM net.sourceforge.marathon.javaagent.EventQueueDevice dispatchEvent
INFO: java.awt.event.KeyEvent[KEY_TYPED,keyCode=0,keyText=Unknown keyCode: 0x0,keyChar='i',keyLocation=KEY_LOCATION_UNKNOWN,rawCode=0,primaryLevelUnicode=0,scancode=0,extendedKeyCode=0x0] on new item id field
Feb 17, 2022 12:56:31 PM net.sourceforge.marathon.javaagent.EventQueueDevice dispatchEvent
INFO: java.awt.event.KeyEvent[KEY_RELEASED,keyCode=73,keyText=I,keyChar='i',keyLocation=KEY_LOCATION_UNKNOWN,rawCode=0,primaryLevelUnicode=0,scancode=0,extendedKeyCode=0x0] on new item id field
Feb 17, 2022 12:56:31 PM net.sourceforge.marathon.javaagent.EventQueueDevice dispatchEvent
INFO: java.awt.event.KeyEvent[KEY_PRESSED,keyCode=84,keyText=T,keyChar='t',keyLocation=KEY_LOCATION_UNKNOWN,rawCode=0,primaryLevelUnicode=0,scancode=0,extendedKeyCode=0x0] on new item id field
Feb 17, 2022 12:56:31 PM net.sourceforge.marathon.javaagent.EventQueueDevice dispatchEvent
INFO: java.awt.event.KeyEvent[KEY_TYPED,keyCode=0,keyText=Unknown keyCode: 0x0,keyChar='t',keyLocation=KEY_LOCATION_UNKNOWN,rawCode=0,primaryLevelUnicode=0,scancode=0,extendedKeyCode=0x0] on new item id field
Feb 17, 2022 12:56:31 PM net.sourceforge.marathon.javaagent.EventQueueDevice dispatchEvent
INFO: java.awt.event.KeyEvent[KEY_RELEASED,keyCode=84,keyText=T,keyChar='t',keyLocation=KEY_LOCATION_UNKNOWN,rawCode=0,primaryLevelUnicode=0,scancode=0,extendedKeyCode=0x0] on new item id field
Feb 17, 2022 12:56:31 PM net.sourceforge.marathon.javaagent.EventQueueDevice dispatchEvent
INFO: java.awt.event.KeyEvent[KEY_PRESSED,keyCode=69,keyText=E,keyChar='e',keyLocation=KEY_LOCATION_UNKNOWN,rawCode=0,primaryLevelUnicode=0,scancode=0,extendedKeyCode=0x0] on new item id field
Feb 17, 2022 12:56:31 PM net.sourceforge.marathon.javaagent.EventQueueDevice dispatchEvent
INFO: java.awt.event.KeyEvent[KEY_TYPED,keyCode=0,keyText=Unknown keyCode: 0x0,keyChar='e',keyLocation=KEY_LOCATION_UNKNOWN,rawCode=0,primaryLevelUnicode=0,scancode=0,extendedKeyCode=0x0] on new item id field
Feb 17, 2022 12:56:31 PM net.sourceforge.marathon.javaagent.EventQueueDevice dispatchEvent
INFO: java.awt.event.KeyEvent[KEY_RELEASED,keyCode=69,keyText=E,keyChar='e',keyLocation=KEY_LOCATION_UNKNOWN,rawCode=0,primaryLevelUnicode=0,scancode=0,extendedKeyCode=0x0] on new item id field
Feb 17, 2022 12:56:31 PM net.sourceforge.marathon.javaagent.EventQueueDevice dispatchEvent
INFO: java.awt.event.KeyEvent[KEY_PRESSED,keyCode=77,keyText=M,keyChar='m',keyLocation=KEY_LOCATION_UNKNOWN,rawCode=0,primaryLevelUnicode=0,scancode=0,extendedKeyCode=0x0] on new item id field
Feb 17, 2022 12:56:31 PM net.sourceforge.marathon.javaagent.EventQueueDevice dispatchEvent
INFO: java.awt.event.KeyEvent[KEY_TYPED,keyCode=0,keyText=Unknown keyCode: 0x0,keyChar='m',keyLocation=KEY_LOCATION_UNKNOWN,rawCode=0,primaryLevelUnicode=0,scancode=0,extendedKeyCode=0x0] on new item id field
Feb 17, 2022 12:56:31 PM net.sourceforge.marathon.javaagent.EventQueueDevice dispatchEvent
INFO: java.awt.event.KeyEvent[KEY_RELEASED,keyCode=77,keyText=M,keyChar='m',keyLocation=KEY_LOCATION_UNKNOWN,rawCode=0,primaryLevelUnicode=0,scancode=0,extendedKeyCode=0x0] on new item id field
Feb 17, 2022 12:56:31 PM net.sourceforge.marathon.javaagent.EventQueueDevice dispatchEvent
INFO: java.awt.event.KeyEvent[KEY_PRESSED,keyCode=45,keyText=Minus,keyChar='-',keyLocation=KEY_LOCATION_UNKNOWN,rawCode=0,primaryLevelUnicode=0,scancode=0,extendedKeyCode=0x0] on new item id field
Feb 17, 2022 12:56:31 PM net.sourceforge.marathon.javaagent.EventQueueDevice dispatchEvent
INFO: java.awt.event.KeyEvent[KEY_TYPED,keyCode=0,keyText=Unknown keyCode: 0x0,keyChar='-',keyLocation=KEY_LOCATION_UNKNOWN,rawCode=0,primaryLevelUnicode=0,scancode=0,extendedKeyCode=0x0] on new item id field
Feb 17, 2022 12:56:31 PM net.sourceforge.marathon.javaagent.EventQueueDevice dispatchEvent
INFO: java.awt.event.KeyEvent[KEY_RELEASED,keyCode=45,keyText=Minus,keyChar='-',keyLocation=KEY_LOCATION_UNKNOWN,rawCode=0,primaryLevelUnicode=0,scancode=0,extendedKeyCode=0x0] on new item id field
Feb 17, 2022 12:56:31 PM net.sourceforge.marathon.javaagent.EventQueueDevice dispatchEvent
INFO: java.awt.event.KeyEvent[KEY_PRESSED,keyCode=73,keyText=I,keyChar='i',keyLocation=KEY_LOCATION_UNKNOWN,rawCode=0,primaryLevelUnicode=0,scancode=0,extendedKeyCode=0x0] on new item id field
Feb 17, 2022 12:56:31 PM net.sourceforge.marathon.javaagent.EventQueueDevice dispatchEvent
INFO: java.awt.event.KeyEvent[KEY_TYPED,keyCode=0,keyText=Unknown keyCode: 0x0,keyChar='i',keyLocation=KEY_LOCATION_UNKNOWN,rawCode=0,primaryLevelUnicode=0,scancode=0,extendedKeyCode=0x0] on new item id field
Feb 17, 2022 12:56:31 PM net.sourceforge.marathon.javaagent.EventQueueDevice dispatchEvent
INFO: java.awt.event.KeyEvent[KEY_RELEASED,keyCode=73,keyText=I,keyChar='i',keyLocation=KEY_LOCATION_UNKNOWN,rawCode=0,primaryLevelUnicode=0,scancode=0,extendedKeyCode=0x0] on new item id field
Feb 17, 2022 12:56:31 PM net.sourceforge.marathon.javaagent.EventQueueDevice dispatchEvent
INFO: java.awt.event.KeyEvent[KEY_PRESSED,keyCode=68,keyText=D,keyChar='d',keyLocation=KEY_LOCATION_UNKNOWN,rawCode=0,primaryLevelUnicode=0,scancode=0,extendedKeyCode=0x0] on new item id field
Feb 17, 2022 12:56:31 PM net.sourceforge.marathon.javaagent.EventQueueDevice dispatchEvent
INFO: java.awt.event.KeyEvent[KEY_TYPED,keyCode=0,keyText=Unknown keyCode: 0x0,keyChar='d',keyLocation=KEY_LOCATION_UNKNOWN,rawCode=0,primaryLevelUnicode=0,scancode=0,extendedKeyCode=0x0] on new item id field
Feb 17, 2022 12:56:31 PM net.sourceforge.marathon.javaagent.EventQueueDevice dispatchEvent
INFO: java.awt.event.KeyEvent[KEY_RELEASED,keyCode=68,keyText=D,keyChar='d',keyLocation=KEY_LOCATION_UNKNOWN,rawCode=0,primaryLevelUnicode=0,scancode=0,extendedKeyCode=0x0] on new item id field
Feb 17, 2022 12:56:31 PM net.sourceforge.marathon.javaagent.server.JavaServer serve
INFO: POST(/session/2dd81aeb-2840-499e-a7b7-8aad5037b2a4/element/cf215735-1f45-4c9a-bc8f-b2a9f4660e6d/value, {"id":"cf215735-1f45-4c9a-bc8f-b2a9f4660e6d","value":["an item-id"]}) = {data={"name":"sendKeysElement","sessionId":"2dd81aeb-2840-499e-a7b7-8aad5037b2a4","status":0}, status=OK}
Feb 17, 2022 12:56:31 PM net.sourceforge.marathon.javaagent.server.JavaServer serve
INFO: JavaServer.serve(POST /session/2dd81aeb-2840-499e-a7b7-8aad5037b2a4/element): {
  "using": "name",
  "value": "new item stop price field"
}
Feb 17, 2022 12:56:31 PM net.sourceforge.marathon.javaagent.server.JavaServer serve
INFO: POST(/session/2dd81aeb-2840-499e-a7b7-8aad5037b2a4/element, {"using":"name","value":"new item stop price field"}) = {data={"name":"findElement","sessionId":"2dd81aeb-2840-499e-a7b7-8aad5037b2a4","value":{"ELEMENT":"28705e4e-b81c-443b-be94-d665e1613f37"},"status":0}, status=OK}
Feb 17, 2022 12:56:31 PM net.sourceforge.marathon.javaagent.server.JavaServer serve
INFO: JavaServer.serve(POST /session/2dd81aeb-2840-499e-a7b7-8aad5037b2a4/element/28705e4e-b81c-443b-be94-d665e1613f37/clear): {
  "id": "28705e4e-b81c-443b-be94-d665e1613f37"
}
Feb 17, 2022 12:56:31 PM net.sourceforge.marathon.javaagent.server.JavaServer serve
INFO: POST(/session/2dd81aeb-2840-499e-a7b7-8aad5037b2a4/element/28705e4e-b81c-443b-be94-d665e1613f37/clear, {"id":"28705e4e-b81c-443b-be94-d665e1613f37"}) = {data={"name":"clearElement","sessionId":"2dd81aeb-2840-499e-a7b7-8aad5037b2a4","status":0}, status=OK}
Feb 17, 2022 12:56:31 PM net.sourceforge.marathon.javaagent.server.JavaServer serve
INFO: JavaServer.serve(POST /session/2dd81aeb-2840-499e-a7b7-8aad5037b2a4/element/28705e4e-b81c-443b-be94-d665e1613f37/value): {
  "id": "28705e4e-b81c-443b-be94-d665e1613f37",
  "value": [
    "11000"
  ]
}
Feb 17, 2022 12:56:31 PM net.sourceforge.marathon.javaagent.EventQueueDevice dispatchEvent
INFO: java.awt.event.KeyEvent[KEY_PRESSED,keyCode=49,keyText=1,keyChar='1',keyLocation=KEY_LOCATION_UNKNOWN,rawCode=0,primaryLevelUnicode=0,scancode=0,extendedKeyCode=0x0] on new item stop price field
Feb 17, 2022 12:56:31 PM net.sourceforge.marathon.javaagent.EventQueueDevice dispatchEvent
INFO: java.awt.event.KeyEvent[KEY_TYPED,keyCode=0,keyText=Unknown keyCode: 0x0,keyChar='1',keyLocation=KEY_LOCATION_UNKNOWN,rawCode=0,primaryLevelUnicode=0,scancode=0,extendedKeyCode=0x0] on new item stop price field
Feb 17, 2022 12:56:31 PM net.sourceforge.marathon.javaagent.EventQueueDevice dispatchEvent
INFO: java.awt.event.KeyEvent[KEY_RELEASED,keyCode=49,keyText=1,keyChar='1',keyLocation=KEY_LOCATION_UNKNOWN,rawCode=0,primaryLevelUnicode=0,scancode=0,extendedKeyCode=0x0] on new item stop price field
Feb 17, 2022 12:56:31 PM net.sourceforge.marathon.javaagent.EventQueueDevice dispatchEvent
INFO: java.awt.event.KeyEvent[KEY_PRESSED,keyCode=49,keyText=1,keyChar='1',keyLocation=KEY_LOCATION_UNKNOWN,rawCode=0,primaryLevelUnicode=0,scancode=0,extendedKeyCode=0x0] on new item stop price field
Feb 17, 2022 12:56:31 PM net.sourceforge.marathon.javaagent.EventQueueDevice dispatchEvent
INFO: java.awt.event.KeyEvent[KEY_TYPED,keyCode=0,keyText=Unknown keyCode: 0x0,keyChar='1',keyLocation=KEY_LOCATION_UNKNOWN,rawCode=0,primaryLevelUnicode=0,scancode=0,extendedKeyCode=0x0] on new item stop price field
Feb 17, 2022 12:56:31 PM net.sourceforge.marathon.javaagent.EventQueueDevice dispatchEvent
INFO: java.awt.event.KeyEvent[KEY_RELEASED,keyCode=49,keyText=1,keyChar='1',keyLocation=KEY_LOCATION_UNKNOWN,rawCode=0,primaryLevelUnicode=0,scancode=0,extendedKeyCode=0x0] on new item stop price field
Feb 17, 2022 12:56:31 PM net.sourceforge.marathon.javaagent.EventQueueDevice dispatchEvent
INFO: java.awt.event.KeyEvent[KEY_PRESSED,keyCode=48,keyText=0,keyChar='0',keyLocation=KEY_LOCATION_UNKNOWN,rawCode=0,primaryLevelUnicode=0,scancode=0,extendedKeyCode=0x0] on new item stop price field
Feb 17, 2022 12:56:31 PM net.sourceforge.marathon.javaagent.EventQueueDevice dispatchEvent
INFO: java.awt.event.KeyEvent[KEY_TYPED,keyCode=0,keyText=Unknown keyCode: 0x0,keyChar='0',keyLocation=KEY_LOCATION_UNKNOWN,rawCode=0,primaryLevelUnicode=0,scancode=0,extendedKeyCode=0x0] on new item stop price field
Feb 17, 2022 12:56:31 PM net.sourceforge.marathon.javaagent.EventQueueDevice dispatchEvent
INFO: java.awt.event.KeyEvent[KEY_RELEASED,keyCode=48,keyText=0,keyChar='0',keyLocation=KEY_LOCATION_UNKNOWN,rawCode=0,primaryLevelUnicode=0,scancode=0,extendedKeyCode=0x0] on new item stop price field
Feb 17, 2022 12:56:31 PM net.sourceforge.marathon.javaagent.EventQueueDevice dispatchEvent
INFO: java.awt.event.KeyEvent[KEY_PRESSED,keyCode=48,keyText=0,keyChar='0',keyLocation=KEY_LOCATION_UNKNOWN,rawCode=0,primaryLevelUnicode=0,scancode=0,extendedKeyCode=0x0] on new item stop price field
Feb 17, 2022 12:56:31 PM net.sourceforge.marathon.javaagent.EventQueueDevice dispatchEvent
INFO: java.awt.event.KeyEvent[KEY_TYPED,keyCode=0,keyText=Unknown keyCode: 0x0,keyChar='0',keyLocation=KEY_LOCATION_UNKNOWN,rawCode=0,primaryLevelUnicode=0,scancode=0,extendedKeyCode=0x0] on new item stop price field
Feb 17, 2022 12:56:31 PM net.sourceforge.marathon.javaagent.EventQueueDevice dispatchEvent
INFO: java.awt.event.KeyEvent[KEY_RELEASED,keyCode=48,keyText=0,keyChar='0',keyLocation=KEY_LOCATION_UNKNOWN,rawCode=0,primaryLevelUnicode=0,scancode=0,extendedKeyCode=0x0] on new item stop price field
Feb 17, 2022 12:56:31 PM net.sourceforge.marathon.javaagent.EventQueueDevice dispatchEvent
INFO: java.awt.event.KeyEvent[KEY_PRESSED,keyCode=48,keyText=0,keyChar='0',keyLocation=KEY_LOCATION_UNKNOWN,rawCode=0,primaryLevelUnicode=0,scancode=0,extendedKeyCode=0x0] on new item stop price field
Feb 17, 2022 12:56:31 PM net.sourceforge.marathon.javaagent.EventQueueDevice dispatchEvent
INFO: java.awt.event.KeyEvent[KEY_TYPED,keyCode=0,keyText=Unknown keyCode: 0x0,keyChar='0',keyLocation=KEY_LOCATION_UNKNOWN,rawCode=0,primaryLevelUnicode=0,scancode=0,extendedKeyCode=0x0] on new item stop price field
Feb 17, 2022 12:56:31 PM net.sourceforge.marathon.javaagent.EventQueueDevice dispatchEvent
INFO: java.awt.event.KeyEvent[KEY_RELEASED,keyCode=48,keyText=0,keyChar='0',keyLocation=KEY_LOCATION_UNKNOWN,rawCode=0,primaryLevelUnicode=0,scancode=0,extendedKeyCode=0x0] on new item stop price field
Feb 17, 2022 12:56:31 PM net.sourceforge.marathon.javaagent.server.JavaServer serve
INFO: POST(/session/2dd81aeb-2840-499e-a7b7-8aad5037b2a4/element/28705e4e-b81c-443b-be94-d665e1613f37/value, {"id":"28705e4e-b81c-443b-be94-d665e1613f37","value":["11000"]}) = {data={"name":"sendKeysElement","sessionId":"2dd81aeb-2840-499e-a7b7-8aad5037b2a4","status":0}, status=OK}
Feb 17, 2022 12:56:31 PM net.sourceforge.marathon.javaagent.server.JavaServer serve
INFO: JavaServer.serve(POST /session/2dd81aeb-2840-499e-a7b7-8aad5037b2a4/element): {
  "using": "name",
  "value": "join button"
}
Feb 17, 2022 12:56:31 PM net.sourceforge.marathon.javaagent.server.JavaServer serve
INFO: POST(/session/2dd81aeb-2840-499e-a7b7-8aad5037b2a4/element, {"using":"name","value":"join button"}) = {data={"name":"findElement","sessionId":"2dd81aeb-2840-499e-a7b7-8aad5037b2a4","value":{"ELEMENT":"f086ec2e-d644-40e1-90b3-74441c56714b"},"status":0}, status=OK}
Feb 17, 2022 12:56:31 PM net.sourceforge.marathon.javaagent.server.JavaServer serve
INFO: JavaServer.serve(POST /session/2dd81aeb-2840-499e-a7b7-8aad5037b2a4/element/f086ec2e-d644-40e1-90b3-74441c56714b/click): {
  "id": "f086ec2e-d644-40e1-90b3-74441c56714b"
}
Feb 17, 2022 12:56:31 PM net.sourceforge.marathon.javaagent.EventQueueDevice dispatchEvent
INFO: java.awt.event.MouseEvent[MOUSE_PRESSED,(58,12),absolute(589,17),button=1,modifiers=Button1,extModifiers=Button1,clickCount=1] on join button
Feb 17, 2022 12:56:31 PM net.sourceforge.marathon.javaagent.EventQueueDevice dispatchEvent
INFO: java.awt.event.MouseEvent[MOUSE_RELEASED,(58,12),absolute(589,17),button=1,modifiers=Button1,clickCount=1] on join button
Feb 17, 2022 12:56:31 PM net.sourceforge.marathon.javaagent.EventQueueDevice dispatchEvent
INFO: java.awt.event.MouseEvent[MOUSE_CLICKED,(58,12),absolute(589,17),button=1,modifiers=Button1,clickCount=1] on join button
Feb 17, 2022 12:56:31 PM net.sourceforge.marathon.javaagent.server.JavaServer serve
INFO: POST(/session/2dd81aeb-2840-499e-a7b7-8aad5037b2a4/element/f086ec2e-d644-40e1-90b3-74441c56714b/click, {"id":"f086ec2e-d644-40e1-90b3-74441c56714b"}) = {data={"name":"clickElement","sessionId":"2dd81aeb-2840-499e-a7b7-8aad5037b2a4","status":0}, status=OK}
Feb 17, 2022 12:56:32 PM net.sourceforge.marathon.javaagent.server.JavaServer serve
INFO: JavaServer.serve(DELETE /session/2dd81aeb-2840-499e-a7b7-8aad5037b2a4/window): {}
Feb 17, 2022 12:56:32 PM net.sourceforge.marathon.javaagent.server.JavaServer serve
INFO: DELETE(/session/2dd81aeb-2840-499e-a7b7-8aad5037b2a4/window) = {data={"name":"closeSession","sessionId":"2dd81aeb-2840-499e-a7b7-8aad5037b2a4","status":0}, status=OK}
Feb 17, 2022 12:56:32 PM net.sourceforge.marathon.javaagent.server.JavaServer serve
INFO: JavaServer.serve(POST /session): {
  "desiredCapabilities": {
    "browserName": "java",
    "platform": "ANY"
  },
  "capabilities": {
    "firstMatch": [
      {
        "browserName": "java"
      }
    ]
  }
}
Feb 17, 2022 12:56:32 PM net.sourceforge.marathon.javaagent.server.JavaServer createSession
INFO: Creating device with type: EVENT_QUEUE
Feb 17, 2022 12:56:32 PM net.sourceforge.marathon.javaagent.Device getDevice
INFO: Creating a EVENT_QUEUE device
Feb 17, 2022 12:56:32 PM net.sourceforge.marathon.javaagent.server.JavaServer serve
INFO: POST(/session, {"desiredCapabilities":{"browserName":"java","platform":"ANY"},"capabilities":{"firstMatch":[{"browserName":"java"}]}}) = {data=, status=REDIRECT}
Feb 17, 2022 12:56:32 PM net.sourceforge.marathon.javaagent.server.JavaServer serve
INFO: JavaServer.serve(GET /session/75b4aaf4-6981-4540-b020-82428ba50a03): {}
Feb 17, 2022 12:56:32 PM net.sourceforge.marathon.javaagent.server.JavaServer serve
INFO: GET(/session/75b4aaf4-6981-4540-b020-82428ba50a03) = {data={"name":"getCapabilities","sessionId":"75b4aaf4-6981-4540-b020-82428ba50a03","value":{"applicationCacheEnabled":false,"rotatable":false,"loggingPrefs":{"driver":"ALL"},"handlesAlerts":false,"databaseEnabled":false,"version":"1.0","platform":"ANY","browserConnectionEnabled":false,"nativeEvents":false,"acceptSslCerts":false,"locationContextEnabled":false,"webStorageEnabled":false,"browserName":"java","takesScreenshot":true,"javascriptEnabled":true,"cssSelectorsEnabled":false},"status":0}, status=OK}
Feb 17, 2022 12:56:32 PM org.openqa.selenium.remote.ProtocolHandshake createSession
INFO: Detected dialect: OSS
Feb 17, 2022 12:56:32 PM net.sourceforge.marathon.javaagent.server.JavaServer serve
INFO: JavaServer.serve(POST /session/75b4aaf4-6981-4540-b020-82428ba50a03/element): {
  "using": "name",
  "value": "sniper reset button"
}
Feb 17, 2022 12:56:32 PM net.sourceforge.marathon.javaagent.server.JavaServer serve
INFO: POST(/session/75b4aaf4-6981-4540-b020-82428ba50a03/element, {"using":"name","value":"sniper reset button"}) = {data={"name":"findElement","sessionId":"75b4aaf4-6981-4540-b020-82428ba50a03","value":{"ELEMENT":"182408e3-9733-4e00-922a-1e3b22a4907b"},"status":0}, status=OK}
Feb 17, 2022 12:56:32 PM net.sourceforge.marathon.javaagent.server.JavaServer serve
INFO: JavaServer.serve(POST /session/75b4aaf4-6981-4540-b020-82428ba50a03/element/182408e3-9733-4e00-922a-1e3b22a4907b/click): {
  "id": "182408e3-9733-4e00-922a-1e3b22a4907b"
}
Feb 17, 2022 12:56:32 PM net.sourceforge.marathon.javaagent.EventQueueDevice dispatchEvent
INFO: java.awt.event.MouseEvent[MOUSE_PRESSED,(37,12),absolute(326,474),button=1,modifiers=Button1,extModifiers=Button1,clickCount=1] on sniper reset button
Feb 17, 2022 12:56:32 PM net.sourceforge.marathon.javaagent.EventQueueDevice dispatchEvent
INFO: java.awt.event.MouseEvent[MOUSE_RELEASED,(37,12),absolute(326,474),button=1,modifiers=Button1,clickCount=1] on sniper reset button
Feb 17, 2022 12:56:32 PM net.sourceforge.marathon.javaagent.EventQueueDevice dispatchEvent
INFO: java.awt.event.MouseEvent[MOUSE_CLICKED,(37,12),absolute(326,474),button=1,modifiers=Button1,clickCount=1] on sniper reset button
Feb 17, 2022 12:56:32 PM net.sourceforge.marathon.javaagent.server.JavaServer serve
INFO: POST(/session/75b4aaf4-6981-4540-b020-82428ba50a03/element/182408e3-9733-4e00-922a-1e3b22a4907b/click, {"id":"182408e3-9733-4e00-922a-1e3b22a4907b"}) = {data={"name":"clickElement","sessionId":"75b4aaf4-6981-4540-b020-82428ba50a03","status":0}, status=OK}
Feb 17, 2022 12:56:32 PM net.sourceforge.marathon.javaagent.server.JavaServer serve
INFO: JavaServer.serve(DELETE /session/75b4aaf4-6981-4540-b020-82428ba50a03/window): {}
Feb 17, 2022 12:56:32 PM net.sourceforge.marathon.javaagent.server.JavaServer serve
INFO: DELETE(/session/75b4aaf4-6981-4540-b020-82428ba50a03/window) = {data={"name":"closeSession","sessionId":"75b4aaf4-6981-4540-b020-82428ba50a03","status":0}, status=OK}
]]></system-err>
</testsuite>
