<?xml version="1.0" encoding="UTF-8"?>
<testsuite name="goos.ui.swing.MainWindowTest" tests="3" skipped="0" failures="0" errors="0" timestamp="2021-12-02T02:25:06" hostname="buildkitsandbox" time="3.384">
  <properties/>
  <testcase name="window has expected features" classname="goos.ui.swing.MainWindowTest" time="2.558"/>
  <testcase name="make user request when join button clicked" classname="goos.ui.swing.MainWindowTest" time="0.654"/>
  <testcase name="make user request when reset button clicked" classname="goos.ui.swing.MainWindowTest" time="0.168"/>
  <system-out><![CDATA[]]></system-out>
  <system-err><![CDATA[Dec 02, 2021 2:25:06 AM io.mockk.impl.log.JULLogger warn
WARNING: Failed to transform class goos/ui/api/UserRequestListener
java.lang.IllegalArgumentException: Unsupported class file major version 59
	at net.bytebuddy.jar.asm.ClassReader.<init>(ClassReader.java:176)
	at net.bytebuddy.jar.asm.ClassReader.<init>(ClassReader.java:158)
	at net.bytebuddy.jar.asm.ClassReader.<init>(ClassReader.java:146)
	at net.bytebuddy.utility.OpenedClassReader.of(OpenedClassReader.java:69)
	at net.bytebuddy.dynamic.scaffold.TypeWriter$Default$ForInlining.create(TypeWriter.java:2877)
	at net.bytebuddy.dynamic.scaffold.TypeWriter$Default.make(TypeWriter.java:1653)
	at net.bytebuddy.dynamic.scaffold.inline.RedefinitionDynamicTypeBuilder.make(RedefinitionDynamicTypeBuilder.java:180)
	at net.bytebuddy.dynamic.scaffold.inline.AbstractInliningDynamicTypeBuilder.make(AbstractInliningDynamicTypeBuilder.java:94)
	at net.bytebuddy.dynamic.DynamicType$Builder$AbstractBase.make(DynamicType.java:2669)
	at io.mockk.proxy.jvm.transformation.InliningClassTransformer.transform(InliningClassTransformer.kt:78)
	at java.instrument/java.lang.instrument.ClassFileTransformer.transform(ClassFileTransformer.java:246)
	at java.instrument/sun.instrument.TransformerManager.transform(TransformerManager.java:188)
	at java.instrument/sun.instrument.InstrumentationImpl.transform(InstrumentationImpl.java:563)
	at java.instrument/sun.instrument.InstrumentationImpl.retransformClasses0(Native Method)
	at java.instrument/sun.instrument.InstrumentationImpl.retransformClasses(InstrumentationImpl.java:167)
	at io.mockk.proxy.jvm.transformation.JvmInlineInstrumentation.retransform(JvmInlineInstrumentation.kt:28)
	at io.mockk.proxy.common.transformation.RetransformInlineInstrumnetation$execute$1.invoke(RetransformInlineInstrumnetation.kt:19)
	at io.mockk.proxy.common.transformation.RetransformInlineInstrumnetation$execute$1.invoke(RetransformInlineInstrumnetation.kt:6)
	at io.mockk.proxy.common.transformation.ClassTransformationSpecMap.applyTransformation(ClassTransformationSpecMap.kt:41)
	at io.mockk.proxy.common.transformation.RetransformInlineInstrumnetation.execute(RetransformInlineInstrumnetation.kt:16)
	at io.mockk.proxy.jvm.ProxyMaker.inline(ProxyMaker.kt:88)
	at io.mockk.proxy.jvm.ProxyMaker.proxy(ProxyMaker.kt:30)
	at io.mockk.impl.instantiation.JvmMockFactory.newProxy(JvmMockFactory.kt:34)
	at io.mockk.impl.instantiation.AbstractMockFactory.newProxy$default(AbstractMockFactory.kt:29)
	at io.mockk.impl.instantiation.AbstractMockFactory.mockk(AbstractMockFactory.kt:59)
	at goos.ui.swing.MainWindowTest$1$1.invokeSuspend(MainWindowTest.kt:90)
	at goos.ui.swing.MainWindowTest$1$1.invoke(MainWindowTest.kt)
	at goos.ui.swing.MainWindowTest$1$1.invoke(MainWindowTest.kt)
	at io.kotest.core.TestConfiguration$beforeTest$1.beforeTest(TestConfiguration.kt:137)
	at io.kotest.core.spec.LifecycleKt.invokeAllBeforeTestCallbacks(lifecycle.kt:76)
	at io.kotest.core.internal.TestCaseExecutor.executeActiveTest(TestCaseExecutor.kt:152)
	at io.kotest.core.internal.TestCaseExecutor.access$executeActiveTest(TestCaseExecutor.kt:57)
	at io.kotest.core.internal.TestCaseExecutor$intercept$innerExecute$1$1.invokeSuspend(TestCaseExecutor.kt:89)
	at io.kotest.core.internal.TestCaseExecutor$intercept$innerExecute$1$1.invoke(TestCaseExecutor.kt)
	at io.kotest.core.internal.TestCaseExecutor$intercept$innerExecute$1$1.invoke(TestCaseExecutor.kt)
	at io.kotest.core.internal.TestCaseExecutor.executeIfEnabled(TestCaseExecutor.kt:117)
	at io.kotest.core.internal.TestCaseExecutor.access$executeIfEnabled(TestCaseExecutor.kt:57)
	at io.kotest.core.internal.TestCaseExecutor$intercept$innerExecute$1.invokeSuspend(TestCaseExecutor.kt:89)
	at io.kotest.core.internal.TestCaseExecutor$intercept$innerExecute$1.invoke(TestCaseExecutor.kt)
	at io.kotest.core.internal.TestCaseExecutor$intercept$innerExecute$1.invoke(TestCaseExecutor.kt)
	at io.kotest.core.internal.TestCaseExecutor.intercept(TestCaseExecutor.kt:103)
	at io.kotest.core.internal.TestCaseExecutor.execute(TestCaseExecutor.kt:69)
	at io.kotest.engine.spec.runners.SingleInstanceSpecRunner.runTest(SingleInstanceSpecRunner.kt:104)
	at io.kotest.engine.spec.runners.SingleInstanceSpecRunner.access$runTest(SingleInstanceSpecRunner.kt:34)
	at io.kotest.engine.spec.runners.SingleInstanceSpecRunner$execute$interceptAndRun$2$4.invokeSuspend(SingleInstanceSpecRunner.kt:57)
	at io.kotest.engine.spec.runners.SingleInstanceSpecRunner$execute$interceptAndRun$2$4.invoke(SingleInstanceSpecRunner.kt)
	at io.kotest.engine.spec.runners.SingleInstanceSpecRunner$execute$interceptAndRun$2$4.invoke(SingleInstanceSpecRunner.kt)
	at io.kotest.engine.launchers.SequentialTestLauncher$launch$3$1$1.invokeSuspend(SequentialTestLauncher.kt:22)
	at kotlin.coroutines.jvm.internal.BaseContinuationImpl.resumeWith(ContinuationImpl.kt:33)
	at kotlinx.coroutines.DispatchedTask.run(DispatchedTask.kt:106)
	at java.base/java.util.concurrent.ThreadPoolExecutor.runWorker(ThreadPoolExecutor.java:1130)
	at java.base/java.util.concurrent.ThreadPoolExecutor$Worker.run(ThreadPoolExecutor.java:630)
	at java.base/java.lang.Thread.run(Thread.java:832)

Dec 02, 2021 2:25:08 AM net.sourceforge.marathon.javaagent.server.JavaServer serve
INFO: JavaServer.serve(POST /session): {
  "desiredCapabilities": {
    "browserName": "java",
    "platform": "ANY"
  },
  "capabilities": {
    "firstMatch": [
      {
        "browserName": "java"
      }
    ]
  }
}
Dec 02, 2021 2:25:08 AM net.sourceforge.marathon.javaagent.server.JavaServer createSession
INFO: Creating device with type: EVENT_QUEUE
Dec 02, 2021 2:25:08 AM net.sourceforge.marathon.javaagent.Device getDevice
INFO: Creating a EVENT_QUEUE device
Dec 02, 2021 2:25:08 AM net.sourceforge.marathon.javaagent.server.JavaServer serve
INFO: POST(/session, {"desiredCapabilities":{"browserName":"java","platform":"ANY"},"capabilities":{"firstMatch":[{"browserName":"java"}]}}) = {data=, status=REDIRECT}
Dec 02, 2021 2:25:08 AM net.sourceforge.marathon.javaagent.server.JavaServer serve
INFO: JavaServer.serve(GET /session/876a63c3-bb95-4f41-b9ff-d46f77c0e426): {}
Dec 02, 2021 2:25:08 AM net.sourceforge.marathon.javaagent.server.JavaServer serve
INFO: GET(/session/876a63c3-bb95-4f41-b9ff-d46f77c0e426) = {data={"name":"getCapabilities","sessionId":"876a63c3-bb95-4f41-b9ff-d46f77c0e426","value":{"applicationCacheEnabled":false,"rotatable":false,"loggingPrefs":{"driver":"ALL"},"handlesAlerts":false,"databaseEnabled":false,"version":"1.0","platform":"ANY","browserConnectionEnabled":false,"nativeEvents":false,"acceptSslCerts":false,"locationContextEnabled":false,"webStorageEnabled":false,"browserName":"java","takesScreenshot":true,"javascriptEnabled":true,"cssSelectorsEnabled":false},"status":0}, status=OK}
Dec 02, 2021 2:25:08 AM org.openqa.selenium.remote.ProtocolHandshake createSession
INFO: Detected dialect: OSS
Dec 02, 2021 2:25:08 AM net.sourceforge.marathon.javaagent.server.JavaServer serve
INFO: JavaServer.serve(POST /session/876a63c3-bb95-4f41-b9ff-d46f77c0e426/element): {
  "using": "css selector",
  "value": "."
}
Dec 02, 2021 2:25:08 AM net.sourceforge.marathon.javaagent.server.JavaServer serve
INFO: POST(/session/876a63c3-bb95-4f41-b9ff-d46f77c0e426/element, {"using":"css selector","value":"."}) = {data={"name":"findElement","sessionId":"876a63c3-bb95-4f41-b9ff-d46f77c0e426","value":{"ELEMENT":"bc9eb63b-342e-473c-a2bc-a07fbf29194c"},"status":0}, status=OK}
Dec 02, 2021 2:25:08 AM net.sourceforge.marathon.javaagent.server.JavaServer serve
INFO: JavaServer.serve(GET /session/876a63c3-bb95-4f41-b9ff-d46f77c0e426/element/bc9eb63b-342e-473c-a2bc-a07fbf29194c/attribute/name): {}
Dec 02, 2021 2:25:08 AM net.sourceforge.marathon.javaagent.server.JavaServer serve
INFO: GET(/session/876a63c3-bb95-4f41-b9ff-d46f77c0e426/element/bc9eb63b-342e-473c-a2bc-a07fbf29194c/attribute/name) = {data={"name":"getElementAttribute","sessionId":"876a63c3-bb95-4f41-b9ff-d46f77c0e426","value":"Auction Sniper Name","status":0}, status=OK}
Dec 02, 2021 2:25:08 AM net.sourceforge.marathon.javaagent.server.JavaServer serve
INFO: JavaServer.serve(POST /session/876a63c3-bb95-4f41-b9ff-d46f77c0e426/element): {
  "using": "css selector",
  "value": "."
}
Dec 02, 2021 2:25:08 AM net.sourceforge.marathon.javaagent.server.JavaServer serve
INFO: POST(/session/876a63c3-bb95-4f41-b9ff-d46f77c0e426/element, {"using":"css selector","value":"."}) = {data={"name":"findElement","sessionId":"876a63c3-bb95-4f41-b9ff-d46f77c0e426","value":{"ELEMENT":"bc9eb63b-342e-473c-a2bc-a07fbf29194c"},"status":0}, status=OK}
Dec 02, 2021 2:25:08 AM net.sourceforge.marathon.javaagent.server.JavaServer serve
INFO: JavaServer.serve(GET /session/876a63c3-bb95-4f41-b9ff-d46f77c0e426/element/bc9eb63b-342e-473c-a2bc-a07fbf29194c/displayed): {}
Dec 02, 2021 2:25:08 AM net.sourceforge.marathon.javaagent.server.JavaServer serve
INFO: GET(/session/876a63c3-bb95-4f41-b9ff-d46f77c0e426/element/bc9eb63b-342e-473c-a2bc-a07fbf29194c/displayed) = {data={"name":"isDisplayed","sessionId":"876a63c3-bb95-4f41-b9ff-d46f77c0e426","value":true,"status":0}, status=OK}
Dec 02, 2021 2:25:08 AM net.sourceforge.marathon.javaagent.server.JavaServer serve
INFO: JavaServer.serve(GET /session/876a63c3-bb95-4f41-b9ff-d46f77c0e426/title): {}
Dec 02, 2021 2:25:08 AM net.sourceforge.marathon.javaagent.server.JavaServer serve
INFO: GET(/session/876a63c3-bb95-4f41-b9ff-d46f77c0e426/title) = {data={"name":"getWindowTitle","sessionId":"876a63c3-bb95-4f41-b9ff-d46f77c0e426","value":"Auction Sniper","status":0}, status=OK}
Dec 02, 2021 2:25:08 AM net.sourceforge.marathon.javaagent.server.JavaServer serve
INFO: JavaServer.serve(POST /session/876a63c3-bb95-4f41-b9ff-d46f77c0e426/element): {
  "using": "name",
  "value": "snipers table"
}
Dec 02, 2021 2:25:08 AM net.sourceforge.marathon.javaagent.server.JavaServer serve
INFO: POST(/session/876a63c3-bb95-4f41-b9ff-d46f77c0e426/element, {"using":"name","value":"snipers table"}) = {data={"name":"findElement","sessionId":"876a63c3-bb95-4f41-b9ff-d46f77c0e426","value":{"ELEMENT":"b28a3940-6706-4d7f-8ee2-eed70fd29895"},"status":0}, status=OK}
Dec 02, 2021 2:25:08 AM net.sourceforge.marathon.javaagent.server.JavaServer serve
INFO: JavaServer.serve(POST /session/876a63c3-bb95-4f41-b9ff-d46f77c0e426/element/b28a3940-6706-4d7f-8ee2-eed70fd29895/elements): {
  "id": "b28a3940-6706-4d7f-8ee2-eed70fd29895",
  "using": "css selector",
  "value": ".::header.::all-items"
}
Dec 02, 2021 2:25:08 AM net.sourceforge.marathon.javaagent.server.JavaServer serve
INFO: POST(/session/876a63c3-bb95-4f41-b9ff-d46f77c0e426/element/b28a3940-6706-4d7f-8ee2-eed70fd29895/elements, {"using":"css selector","id":"b28a3940-6706-4d7f-8ee2-eed70fd29895","value":".::header.::all-items"}) = {data={"name":"findElementsOfElement","sessionId":"876a63c3-bb95-4f41-b9ff-d46f77c0e426","value":[{"ELEMENT":"c45187f1-e49f-4703-99eb-2a4996e5c358%23%7B%22selector%22%3A%22nth-item%22%2C%22parameters%22%3A%5B1%5D%7D"},{"ELEMENT":"c45187f1-e49f-4703-99eb-2a4996e5c358%23%7B%22selector%22%3A%22nth-item%22%2C%22parameters%22%3A%5B2%5D%7D"},{"ELEMENT":"c45187f1-e49f-4703-99eb-2a4996e5c358%23%7B%22selector%22%3A%22nth-item%22%2C%22parameters%22%3A%5B3%5D%7D"},{"ELEMENT":"c45187f1-e49f-4703-99eb-2a4996e5c358%23%7B%22selector%22%3A%22nth-item%22%2C%22parameters%22%3A%5B4%5D%7D"}],"status":0}, status=OK}
Dec 02, 2021 2:25:08 AM net.sourceforge.marathon.javaagent.server.JavaServer serve
INFO: JavaServer.serve(GET /session/876a63c3-bb95-4f41-b9ff-d46f77c0e426/element/c45187f1-e49f-4703-99eb-2a4996e5c358%23%7B%22selector%22%3A%22nth-item%22%2C%22parameters%22%3A%5B1%5D%7D/text): {}
Dec 02, 2021 2:25:08 AM net.sourceforge.marathon.javaagent.server.JavaServer serve
INFO: GET(/session/876a63c3-bb95-4f41-b9ff-d46f77c0e426/element/c45187f1-e49f-4703-99eb-2a4996e5c358%23%7B%22selector%22%3A%22nth-item%22%2C%22parameters%22%3A%5B1%5D%7D/text) = {data={"name":"getElementText","sessionId":"876a63c3-bb95-4f41-b9ff-d46f77c0e426","value":"Item","status":0}, status=OK}
Dec 02, 2021 2:25:08 AM net.sourceforge.marathon.javaagent.server.JavaServer serve
INFO: JavaServer.serve(GET /session/876a63c3-bb95-4f41-b9ff-d46f77c0e426/element/c45187f1-e49f-4703-99eb-2a4996e5c358%23%7B%22selector%22%3A%22nth-item%22%2C%22parameters%22%3A%5B2%5D%7D/text): {}
Dec 02, 2021 2:25:08 AM net.sourceforge.marathon.javaagent.server.JavaServer serve
INFO: GET(/session/876a63c3-bb95-4f41-b9ff-d46f77c0e426/element/c45187f1-e49f-4703-99eb-2a4996e5c358%23%7B%22selector%22%3A%22nth-item%22%2C%22parameters%22%3A%5B2%5D%7D/text) = {data={"name":"getElementText","sessionId":"876a63c3-bb95-4f41-b9ff-d46f77c0e426","value":"Last Price","status":0}, status=OK}
Dec 02, 2021 2:25:08 AM net.sourceforge.marathon.javaagent.server.JavaServer serve
INFO: JavaServer.serve(GET /session/876a63c3-bb95-4f41-b9ff-d46f77c0e426/element/c45187f1-e49f-4703-99eb-2a4996e5c358%23%7B%22selector%22%3A%22nth-item%22%2C%22parameters%22%3A%5B3%5D%7D/text): {}
Dec 02, 2021 2:25:08 AM net.sourceforge.marathon.javaagent.server.JavaServer serve
INFO: GET(/session/876a63c3-bb95-4f41-b9ff-d46f77c0e426/element/c45187f1-e49f-4703-99eb-2a4996e5c358%23%7B%22selector%22%3A%22nth-item%22%2C%22parameters%22%3A%5B3%5D%7D/text) = {data={"name":"getElementText","sessionId":"876a63c3-bb95-4f41-b9ff-d46f77c0e426","value":"Last Bid","status":0}, status=OK}
Dec 02, 2021 2:25:08 AM net.sourceforge.marathon.javaagent.server.JavaServer serve
INFO: JavaServer.serve(GET /session/876a63c3-bb95-4f41-b9ff-d46f77c0e426/element/c45187f1-e49f-4703-99eb-2a4996e5c358%23%7B%22selector%22%3A%22nth-item%22%2C%22parameters%22%3A%5B4%5D%7D/text): {}
Dec 02, 2021 2:25:08 AM net.sourceforge.marathon.javaagent.server.JavaServer serve
INFO: GET(/session/876a63c3-bb95-4f41-b9ff-d46f77c0e426/element/c45187f1-e49f-4703-99eb-2a4996e5c358%23%7B%22selector%22%3A%22nth-item%22%2C%22parameters%22%3A%5B4%5D%7D/text) = {data={"name":"getElementText","sessionId":"876a63c3-bb95-4f41-b9ff-d46f77c0e426","value":"State","status":0}, status=OK}
Dec 02, 2021 2:25:08 AM net.sourceforge.marathon.javaagent.server.JavaServer serve
INFO: JavaServer.serve(DELETE /session/876a63c3-bb95-4f41-b9ff-d46f77c0e426/window): {}
Dec 02, 2021 2:25:08 AM net.sourceforge.marathon.javaagent.server.JavaServer serve
INFO: DELETE(/session/876a63c3-bb95-4f41-b9ff-d46f77c0e426/window) = {data={"name":"closeSession","sessionId":"876a63c3-bb95-4f41-b9ff-d46f77c0e426","status":0}, status=OK}
Dec 02, 2021 2:25:08 AM net.sourceforge.marathon.javaagent.server.JavaServer serve
INFO: JavaServer.serve(POST /session): {
  "desiredCapabilities": {
    "browserName": "java",
    "platform": "ANY"
  },
  "capabilities": {
    "firstMatch": [
      {
        "browserName": "java"
      }
    ]
  }
}
Dec 02, 2021 2:25:08 AM net.sourceforge.marathon.javaagent.server.JavaServer createSession
INFO: Creating device with type: EVENT_QUEUE
Dec 02, 2021 2:25:08 AM net.sourceforge.marathon.javaagent.Device getDevice
INFO: Creating a EVENT_QUEUE device
Dec 02, 2021 2:25:08 AM net.sourceforge.marathon.javaagent.server.JavaServer serve
INFO: POST(/session, {"desiredCapabilities":{"browserName":"java","platform":"ANY"},"capabilities":{"firstMatch":[{"browserName":"java"}]}}) = {data=, status=REDIRECT}
Dec 02, 2021 2:25:08 AM net.sourceforge.marathon.javaagent.server.JavaServer serve
INFO: JavaServer.serve(GET /session/bd139057-4ecb-4952-92ca-5ccbf166e139): {}
Dec 02, 2021 2:25:08 AM net.sourceforge.marathon.javaagent.server.JavaServer serve
INFO: GET(/session/bd139057-4ecb-4952-92ca-5ccbf166e139) = {data={"name":"getCapabilities","sessionId":"bd139057-4ecb-4952-92ca-5ccbf166e139","value":{"applicationCacheEnabled":false,"rotatable":false,"loggingPrefs":{"driver":"ALL"},"handlesAlerts":false,"databaseEnabled":false,"version":"1.0","platform":"ANY","browserConnectionEnabled":false,"nativeEvents":false,"acceptSslCerts":false,"locationContextEnabled":false,"webStorageEnabled":false,"browserName":"java","takesScreenshot":true,"javascriptEnabled":true,"cssSelectorsEnabled":false},"status":0}, status=OK}
Dec 02, 2021 2:25:08 AM org.openqa.selenium.remote.ProtocolHandshake createSession
INFO: Detected dialect: OSS
Dec 02, 2021 2:25:08 AM net.sourceforge.marathon.javaagent.server.JavaServer serve
INFO: JavaServer.serve(POST /session/bd139057-4ecb-4952-92ca-5ccbf166e139/element): {
  "using": "name",
  "value": "new item id field"
}
Dec 02, 2021 2:25:08 AM net.sourceforge.marathon.javaagent.server.JavaServer serve
INFO: POST(/session/bd139057-4ecb-4952-92ca-5ccbf166e139/element, {"using":"name","value":"new item id field"}) = {data={"name":"findElement","sessionId":"bd139057-4ecb-4952-92ca-5ccbf166e139","value":{"ELEMENT":"199aaefb-c33d-44a8-9cc1-6e9292e1f5eb"},"status":0}, status=OK}
Dec 02, 2021 2:25:08 AM net.sourceforge.marathon.javaagent.server.JavaServer serve
INFO: JavaServer.serve(POST /session/bd139057-4ecb-4952-92ca-5ccbf166e139/element/199aaefb-c33d-44a8-9cc1-6e9292e1f5eb/clear): {
  "id": "199aaefb-c33d-44a8-9cc1-6e9292e1f5eb"
}
Dec 02, 2021 2:25:08 AM net.sourceforge.marathon.javaagent.server.JavaServer serve
INFO: POST(/session/bd139057-4ecb-4952-92ca-5ccbf166e139/element/199aaefb-c33d-44a8-9cc1-6e9292e1f5eb/clear, {"id":"199aaefb-c33d-44a8-9cc1-6e9292e1f5eb"}) = {data={"name":"clearElement","sessionId":"bd139057-4ecb-4952-92ca-5ccbf166e139","status":0}, status=OK}
Dec 02, 2021 2:25:08 AM net.sourceforge.marathon.javaagent.server.JavaServer serve
INFO: JavaServer.serve(POST /session/bd139057-4ecb-4952-92ca-5ccbf166e139/element/199aaefb-c33d-44a8-9cc1-6e9292e1f5eb/value): {
  "id": "199aaefb-c33d-44a8-9cc1-6e9292e1f5eb",
  "value": [
    "an item-id"
  ]
}
Dec 02, 2021 2:25:08 AM net.sourceforge.marathon.javaagent.EventQueueDevice dispatchEvent
INFO: java.awt.event.KeyEvent[KEY_PRESSED,keyCode=65,keyText=A,keyChar='a',keyLocation=KEY_LOCATION_UNKNOWN,rawCode=0,primaryLevelUnicode=0,scancode=0,extendedKeyCode=0x0] on new item id field
Dec 02, 2021 2:25:08 AM net.sourceforge.marathon.javaagent.EventQueueDevice dispatchEvent
INFO: java.awt.event.KeyEvent[KEY_TYPED,keyCode=0,keyText=Unknown keyCode: 0x0,keyChar='a',keyLocation=KEY_LOCATION_UNKNOWN,rawCode=0,primaryLevelUnicode=0,scancode=0,extendedKeyCode=0x0] on new item id field
Dec 02, 2021 2:25:08 AM net.sourceforge.marathon.javaagent.EventQueueDevice dispatchEvent
INFO: java.awt.event.KeyEvent[KEY_RELEASED,keyCode=65,keyText=A,keyChar='a',keyLocation=KEY_LOCATION_UNKNOWN,rawCode=0,primaryLevelUnicode=0,scancode=0,extendedKeyCode=0x0] on new item id field
Dec 02, 2021 2:25:08 AM net.sourceforge.marathon.javaagent.EventQueueDevice dispatchEvent
INFO: java.awt.event.KeyEvent[KEY_PRESSED,keyCode=78,keyText=N,keyChar='n',keyLocation=KEY_LOCATION_UNKNOWN,rawCode=0,primaryLevelUnicode=0,scancode=0,extendedKeyCode=0x0] on new item id field
Dec 02, 2021 2:25:08 AM net.sourceforge.marathon.javaagent.EventQueueDevice dispatchEvent
INFO: java.awt.event.KeyEvent[KEY_TYPED,keyCode=0,keyText=Unknown keyCode: 0x0,keyChar='n',keyLocation=KEY_LOCATION_UNKNOWN,rawCode=0,primaryLevelUnicode=0,scancode=0,extendedKeyCode=0x0] on new item id field
Dec 02, 2021 2:25:08 AM net.sourceforge.marathon.javaagent.EventQueueDevice dispatchEvent
INFO: java.awt.event.KeyEvent[KEY_RELEASED,keyCode=78,keyText=N,keyChar='n',keyLocation=KEY_LOCATION_UNKNOWN,rawCode=0,primaryLevelUnicode=0,scancode=0,extendedKeyCode=0x0] on new item id field
Dec 02, 2021 2:25:08 AM net.sourceforge.marathon.javaagent.EventQueueDevice dispatchEvent
INFO: java.awt.event.KeyEvent[KEY_PRESSED,keyCode=16,keyText=Shift,keyChar=Undefined keyChar,modifiers=Shift,extModifiers=Shift,keyLocation=KEY_LOCATION_UNKNOWN,rawCode=0,primaryLevelUnicode=0,scancode=0,extendedKeyCode=0x0] on new item id field
Dec 02, 2021 2:25:08 AM net.sourceforge.marathon.javaagent.EventQueueDevice dispatchEvent
INFO: java.awt.event.KeyEvent[KEY_PRESSED,keyCode=32,keyText=Space,keyChar=' ',modifiers=Shift,extModifiers=Shift,keyLocation=KEY_LOCATION_UNKNOWN,rawCode=0,primaryLevelUnicode=0,scancode=0,extendedKeyCode=0x0] on new item id field
Dec 02, 2021 2:25:08 AM net.sourceforge.marathon.javaagent.EventQueueDevice dispatchEvent
INFO: java.awt.event.KeyEvent[KEY_TYPED,keyCode=0,keyText=Unknown keyCode: 0x0,keyChar=' ',modifiers=Shift,extModifiers=Shift,keyLocation=KEY_LOCATION_UNKNOWN,rawCode=0,primaryLevelUnicode=0,scancode=0,extendedKeyCode=0x0] on new item id field
Dec 02, 2021 2:25:08 AM net.sourceforge.marathon.javaagent.EventQueueDevice dispatchEvent
INFO: java.awt.event.KeyEvent[KEY_RELEASED,keyCode=32,keyText=Space,keyChar=' ',modifiers=Shift,extModifiers=Shift,keyLocation=KEY_LOCATION_UNKNOWN,rawCode=0,primaryLevelUnicode=0,scancode=0,extendedKeyCode=0x0] on new item id field
Dec 02, 2021 2:25:08 AM net.sourceforge.marathon.javaagent.EventQueueDevice dispatchEvent
INFO: java.awt.event.KeyEvent[KEY_RELEASED,keyCode=16,keyText=Shift,keyChar=Undefined keyChar,keyLocation=KEY_LOCATION_UNKNOWN,rawCode=0,primaryLevelUnicode=0,scancode=0,extendedKeyCode=0x0] on new item id field
Dec 02, 2021 2:25:08 AM net.sourceforge.marathon.javaagent.EventQueueDevice dispatchEvent
INFO: java.awt.event.KeyEvent[KEY_PRESSED,keyCode=73,keyText=I,keyChar='i',keyLocation=KEY_LOCATION_UNKNOWN,rawCode=0,primaryLevelUnicode=0,scancode=0,extendedKeyCode=0x0] on new item id field
Dec 02, 2021 2:25:08 AM net.sourceforge.marathon.javaagent.EventQueueDevice dispatchEvent
INFO: java.awt.event.KeyEvent[KEY_TYPED,keyCode=0,keyText=Unknown keyCode: 0x0,keyChar='i',keyLocation=KEY_LOCATION_UNKNOWN,rawCode=0,primaryLevelUnicode=0,scancode=0,extendedKeyCode=0x0] on new item id field
Dec 02, 2021 2:25:08 AM net.sourceforge.marathon.javaagent.EventQueueDevice dispatchEvent
INFO: java.awt.event.KeyEvent[KEY_RELEASED,keyCode=73,keyText=I,keyChar='i',keyLocation=KEY_LOCATION_UNKNOWN,rawCode=0,primaryLevelUnicode=0,scancode=0,extendedKeyCode=0x0] on new item id field
Dec 02, 2021 2:25:08 AM net.sourceforge.marathon.javaagent.EventQueueDevice dispatchEvent
INFO: java.awt.event.KeyEvent[KEY_PRESSED,keyCode=84,keyText=T,keyChar='t',keyLocation=KEY_LOCATION_UNKNOWN,rawCode=0,primaryLevelUnicode=0,scancode=0,extendedKeyCode=0x0] on new item id field
Dec 02, 2021 2:25:08 AM net.sourceforge.marathon.javaagent.EventQueueDevice dispatchEvent
INFO: java.awt.event.KeyEvent[KEY_TYPED,keyCode=0,keyText=Unknown keyCode: 0x0,keyChar='t',keyLocation=KEY_LOCATION_UNKNOWN,rawCode=0,primaryLevelUnicode=0,scancode=0,extendedKeyCode=0x0] on new item id field
Dec 02, 2021 2:25:08 AM net.sourceforge.marathon.javaagent.EventQueueDevice dispatchEvent
INFO: java.awt.event.KeyEvent[KEY_RELEASED,keyCode=84,keyText=T,keyChar='t',keyLocation=KEY_LOCATION_UNKNOWN,rawCode=0,primaryLevelUnicode=0,scancode=0,extendedKeyCode=0x0] on new item id field
Dec 02, 2021 2:25:08 AM net.sourceforge.marathon.javaagent.EventQueueDevice dispatchEvent
INFO: java.awt.event.KeyEvent[KEY_PRESSED,keyCode=69,keyText=E,keyChar='e',keyLocation=KEY_LOCATION_UNKNOWN,rawCode=0,primaryLevelUnicode=0,scancode=0,extendedKeyCode=0x0] on new item id field
Dec 02, 2021 2:25:08 AM net.sourceforge.marathon.javaagent.EventQueueDevice dispatchEvent
INFO: java.awt.event.KeyEvent[KEY_TYPED,keyCode=0,keyText=Unknown keyCode: 0x0,keyChar='e',keyLocation=KEY_LOCATION_UNKNOWN,rawCode=0,primaryLevelUnicode=0,scancode=0,extendedKeyCode=0x0] on new item id field
Dec 02, 2021 2:25:08 AM net.sourceforge.marathon.javaagent.EventQueueDevice dispatchEvent
INFO: java.awt.event.KeyEvent[KEY_RELEASED,keyCode=69,keyText=E,keyChar='e',keyLocation=KEY_LOCATION_UNKNOWN,rawCode=0,primaryLevelUnicode=0,scancode=0,extendedKeyCode=0x0] on new item id field
Dec 02, 2021 2:25:08 AM net.sourceforge.marathon.javaagent.EventQueueDevice dispatchEvent
INFO: java.awt.event.KeyEvent[KEY_PRESSED,keyCode=77,keyText=M,keyChar='m',keyLocation=KEY_LOCATION_UNKNOWN,rawCode=0,primaryLevelUnicode=0,scancode=0,extendedKeyCode=0x0] on new item id field
Dec 02, 2021 2:25:08 AM net.sourceforge.marathon.javaagent.EventQueueDevice dispatchEvent
INFO: java.awt.event.KeyEvent[KEY_TYPED,keyCode=0,keyText=Unknown keyCode: 0x0,keyChar='m',keyLocation=KEY_LOCATION_UNKNOWN,rawCode=0,primaryLevelUnicode=0,scancode=0,extendedKeyCode=0x0] on new item id field
Dec 02, 2021 2:25:08 AM net.sourceforge.marathon.javaagent.EventQueueDevice dispatchEvent
INFO: java.awt.event.KeyEvent[KEY_RELEASED,keyCode=77,keyText=M,keyChar='m',keyLocation=KEY_LOCATION_UNKNOWN,rawCode=0,primaryLevelUnicode=0,scancode=0,extendedKeyCode=0x0] on new item id field
Dec 02, 2021 2:25:08 AM net.sourceforge.marathon.javaagent.EventQueueDevice dispatchEvent
INFO: java.awt.event.KeyEvent[KEY_PRESSED,keyCode=45,keyText=Minus,keyChar='-',keyLocation=KEY_LOCATION_UNKNOWN,rawCode=0,primaryLevelUnicode=0,scancode=0,extendedKeyCode=0x0] on new item id field
Dec 02, 2021 2:25:08 AM net.sourceforge.marathon.javaagent.EventQueueDevice dispatchEvent
INFO: java.awt.event.KeyEvent[KEY_TYPED,keyCode=0,keyText=Unknown keyCode: 0x0,keyChar='-',keyLocation=KEY_LOCATION_UNKNOWN,rawCode=0,primaryLevelUnicode=0,scancode=0,extendedKeyCode=0x0] on new item id field
Dec 02, 2021 2:25:08 AM net.sourceforge.marathon.javaagent.EventQueueDevice dispatchEvent
INFO: java.awt.event.KeyEvent[KEY_RELEASED,keyCode=45,keyText=Minus,keyChar='-',keyLocation=KEY_LOCATION_UNKNOWN,rawCode=0,primaryLevelUnicode=0,scancode=0,extendedKeyCode=0x0] on new item id field
Dec 02, 2021 2:25:08 AM net.sourceforge.marathon.javaagent.EventQueueDevice dispatchEvent
INFO: java.awt.event.KeyEvent[KEY_PRESSED,keyCode=73,keyText=I,keyChar='i',keyLocation=KEY_LOCATION_UNKNOWN,rawCode=0,primaryLevelUnicode=0,scancode=0,extendedKeyCode=0x0] on new item id field
Dec 02, 2021 2:25:08 AM net.sourceforge.marathon.javaagent.EventQueueDevice dispatchEvent
INFO: java.awt.event.KeyEvent[KEY_TYPED,keyCode=0,keyText=Unknown keyCode: 0x0,keyChar='i',keyLocation=KEY_LOCATION_UNKNOWN,rawCode=0,primaryLevelUnicode=0,scancode=0,extendedKeyCode=0x0] on new item id field
Dec 02, 2021 2:25:08 AM net.sourceforge.marathon.javaagent.EventQueueDevice dispatchEvent
INFO: java.awt.event.KeyEvent[KEY_RELEASED,keyCode=73,keyText=I,keyChar='i',keyLocation=KEY_LOCATION_UNKNOWN,rawCode=0,primaryLevelUnicode=0,scancode=0,extendedKeyCode=0x0] on new item id field
Dec 02, 2021 2:25:08 AM net.sourceforge.marathon.javaagent.EventQueueDevice dispatchEvent
INFO: java.awt.event.KeyEvent[KEY_PRESSED,keyCode=68,keyText=D,keyChar='d',keyLocation=KEY_LOCATION_UNKNOWN,rawCode=0,primaryLevelUnicode=0,scancode=0,extendedKeyCode=0x0] on new item id field
Dec 02, 2021 2:25:08 AM net.sourceforge.marathon.javaagent.EventQueueDevice dispatchEvent
INFO: java.awt.event.KeyEvent[KEY_TYPED,keyCode=0,keyText=Unknown keyCode: 0x0,keyChar='d',keyLocation=KEY_LOCATION_UNKNOWN,rawCode=0,primaryLevelUnicode=0,scancode=0,extendedKeyCode=0x0] on new item id field
Dec 02, 2021 2:25:08 AM net.sourceforge.marathon.javaagent.EventQueueDevice dispatchEvent
INFO: java.awt.event.KeyEvent[KEY_RELEASED,keyCode=68,keyText=D,keyChar='d',keyLocation=KEY_LOCATION_UNKNOWN,rawCode=0,primaryLevelUnicode=0,scancode=0,extendedKeyCode=0x0] on new item id field
Dec 02, 2021 2:25:08 AM net.sourceforge.marathon.javaagent.server.JavaServer serve
INFO: POST(/session/bd139057-4ecb-4952-92ca-5ccbf166e139/element/199aaefb-c33d-44a8-9cc1-6e9292e1f5eb/value, {"id":"199aaefb-c33d-44a8-9cc1-6e9292e1f5eb","value":["an item-id"]}) = {data={"name":"sendKeysElement","sessionId":"bd139057-4ecb-4952-92ca-5ccbf166e139","status":0}, status=OK}
Dec 02, 2021 2:25:08 AM net.sourceforge.marathon.javaagent.server.JavaServer serve
INFO: JavaServer.serve(POST /session/bd139057-4ecb-4952-92ca-5ccbf166e139/element): {
  "using": "name",
  "value": "new item stop price field"
}
Dec 02, 2021 2:25:08 AM net.sourceforge.marathon.javaagent.server.JavaServer serve
INFO: POST(/session/bd139057-4ecb-4952-92ca-5ccbf166e139/element, {"using":"name","value":"new item stop price field"}) = {data={"name":"findElement","sessionId":"bd139057-4ecb-4952-92ca-5ccbf166e139","value":{"ELEMENT":"52867f23-8d9f-42be-bb2e-4b11e0932d20"},"status":0}, status=OK}
Dec 02, 2021 2:25:08 AM net.sourceforge.marathon.javaagent.server.JavaServer serve
INFO: JavaServer.serve(POST /session/bd139057-4ecb-4952-92ca-5ccbf166e139/element/52867f23-8d9f-42be-bb2e-4b11e0932d20/clear): {
  "id": "52867f23-8d9f-42be-bb2e-4b11e0932d20"
}
Dec 02, 2021 2:25:08 AM net.sourceforge.marathon.javaagent.server.JavaServer serve
INFO: POST(/session/bd139057-4ecb-4952-92ca-5ccbf166e139/element/52867f23-8d9f-42be-bb2e-4b11e0932d20/clear, {"id":"52867f23-8d9f-42be-bb2e-4b11e0932d20"}) = {data={"name":"clearElement","sessionId":"bd139057-4ecb-4952-92ca-5ccbf166e139","status":0}, status=OK}
Dec 02, 2021 2:25:08 AM net.sourceforge.marathon.javaagent.server.JavaServer serve
INFO: JavaServer.serve(POST /session/bd139057-4ecb-4952-92ca-5ccbf166e139/element/52867f23-8d9f-42be-bb2e-4b11e0932d20/value): {
  "id": "52867f23-8d9f-42be-bb2e-4b11e0932d20",
  "value": [
    "11000"
  ]
}
Dec 02, 2021 2:25:08 AM net.sourceforge.marathon.javaagent.EventQueueDevice dispatchEvent
INFO: java.awt.event.KeyEvent[KEY_PRESSED,keyCode=49,keyText=1,keyChar='1',keyLocation=KEY_LOCATION_UNKNOWN,rawCode=0,primaryLevelUnicode=0,scancode=0,extendedKeyCode=0x0] on new item stop price field
Dec 02, 2021 2:25:08 AM net.sourceforge.marathon.javaagent.EventQueueDevice dispatchEvent
INFO: java.awt.event.KeyEvent[KEY_TYPED,keyCode=0,keyText=Unknown keyCode: 0x0,keyChar='1',keyLocation=KEY_LOCATION_UNKNOWN,rawCode=0,primaryLevelUnicode=0,scancode=0,extendedKeyCode=0x0] on new item stop price field
Dec 02, 2021 2:25:08 AM net.sourceforge.marathon.javaagent.EventQueueDevice dispatchEvent
INFO: java.awt.event.KeyEvent[KEY_RELEASED,keyCode=49,keyText=1,keyChar='1',keyLocation=KEY_LOCATION_UNKNOWN,rawCode=0,primaryLevelUnicode=0,scancode=0,extendedKeyCode=0x0] on new item stop price field
Dec 02, 2021 2:25:08 AM net.sourceforge.marathon.javaagent.EventQueueDevice dispatchEvent
INFO: java.awt.event.KeyEvent[KEY_PRESSED,keyCode=49,keyText=1,keyChar='1',keyLocation=KEY_LOCATION_UNKNOWN,rawCode=0,primaryLevelUnicode=0,scancode=0,extendedKeyCode=0x0] on new item stop price field
Dec 02, 2021 2:25:08 AM net.sourceforge.marathon.javaagent.EventQueueDevice dispatchEvent
INFO: java.awt.event.KeyEvent[KEY_TYPED,keyCode=0,keyText=Unknown keyCode: 0x0,keyChar='1',keyLocation=KEY_LOCATION_UNKNOWN,rawCode=0,primaryLevelUnicode=0,scancode=0,extendedKeyCode=0x0] on new item stop price field
Dec 02, 2021 2:25:08 AM net.sourceforge.marathon.javaagent.EventQueueDevice dispatchEvent
INFO: java.awt.event.KeyEvent[KEY_RELEASED,keyCode=49,keyText=1,keyChar='1',keyLocation=KEY_LOCATION_UNKNOWN,rawCode=0,primaryLevelUnicode=0,scancode=0,extendedKeyCode=0x0] on new item stop price field
Dec 02, 2021 2:25:08 AM net.sourceforge.marathon.javaagent.EventQueueDevice dispatchEvent
INFO: java.awt.event.KeyEvent[KEY_PRESSED,keyCode=48,keyText=0,keyChar='0',keyLocation=KEY_LOCATION_UNKNOWN,rawCode=0,primaryLevelUnicode=0,scancode=0,extendedKeyCode=0x0] on new item stop price field
Dec 02, 2021 2:25:08 AM net.sourceforge.marathon.javaagent.EventQueueDevice dispatchEvent
INFO: java.awt.event.KeyEvent[KEY_TYPED,keyCode=0,keyText=Unknown keyCode: 0x0,keyChar='0',keyLocation=KEY_LOCATION_UNKNOWN,rawCode=0,primaryLevelUnicode=0,scancode=0,extendedKeyCode=0x0] on new item stop price field
Dec 02, 2021 2:25:08 AM net.sourceforge.marathon.javaagent.EventQueueDevice dispatchEvent
INFO: java.awt.event.KeyEvent[KEY_RELEASED,keyCode=48,keyText=0,keyChar='0',keyLocation=KEY_LOCATION_UNKNOWN,rawCode=0,primaryLevelUnicode=0,scancode=0,extendedKeyCode=0x0] on new item stop price field
Dec 02, 2021 2:25:08 AM net.sourceforge.marathon.javaagent.EventQueueDevice dispatchEvent
INFO: java.awt.event.KeyEvent[KEY_PRESSED,keyCode=48,keyText=0,keyChar='0',keyLocation=KEY_LOCATION_UNKNOWN,rawCode=0,primaryLevelUnicode=0,scancode=0,extendedKeyCode=0x0] on new item stop price field
Dec 02, 2021 2:25:08 AM net.sourceforge.marathon.javaagent.EventQueueDevice dispatchEvent
INFO: java.awt.event.KeyEvent[KEY_TYPED,keyCode=0,keyText=Unknown keyCode: 0x0,keyChar='0',keyLocation=KEY_LOCATION_UNKNOWN,rawCode=0,primaryLevelUnicode=0,scancode=0,extendedKeyCode=0x0] on new item stop price field
Dec 02, 2021 2:25:08 AM net.sourceforge.marathon.javaagent.EventQueueDevice dispatchEvent
INFO: java.awt.event.KeyEvent[KEY_RELEASED,keyCode=48,keyText=0,keyChar='0',keyLocation=KEY_LOCATION_UNKNOWN,rawCode=0,primaryLevelUnicode=0,scancode=0,extendedKeyCode=0x0] on new item stop price field
Dec 02, 2021 2:25:08 AM net.sourceforge.marathon.javaagent.EventQueueDevice dispatchEvent
INFO: java.awt.event.KeyEvent[KEY_PRESSED,keyCode=48,keyText=0,keyChar='0',keyLocation=KEY_LOCATION_UNKNOWN,rawCode=0,primaryLevelUnicode=0,scancode=0,extendedKeyCode=0x0] on new item stop price field
Dec 02, 2021 2:25:08 AM net.sourceforge.marathon.javaagent.EventQueueDevice dispatchEvent
INFO: java.awt.event.KeyEvent[KEY_TYPED,keyCode=0,keyText=Unknown keyCode: 0x0,keyChar='0',keyLocation=KEY_LOCATION_UNKNOWN,rawCode=0,primaryLevelUnicode=0,scancode=0,extendedKeyCode=0x0] on new item stop price field
Dec 02, 2021 2:25:08 AM net.sourceforge.marathon.javaagent.EventQueueDevice dispatchEvent
INFO: java.awt.event.KeyEvent[KEY_RELEASED,keyCode=48,keyText=0,keyChar='0',keyLocation=KEY_LOCATION_UNKNOWN,rawCode=0,primaryLevelUnicode=0,scancode=0,extendedKeyCode=0x0] on new item stop price field
Dec 02, 2021 2:25:08 AM net.sourceforge.marathon.javaagent.server.JavaServer serve
INFO: POST(/session/bd139057-4ecb-4952-92ca-5ccbf166e139/element/52867f23-8d9f-42be-bb2e-4b11e0932d20/value, {"id":"52867f23-8d9f-42be-bb2e-4b11e0932d20","value":["11000"]}) = {data={"name":"sendKeysElement","sessionId":"bd139057-4ecb-4952-92ca-5ccbf166e139","status":0}, status=OK}
Dec 02, 2021 2:25:08 AM net.sourceforge.marathon.javaagent.server.JavaServer serve
INFO: JavaServer.serve(POST /session/bd139057-4ecb-4952-92ca-5ccbf166e139/element): {
  "using": "name",
  "value": "join button"
}
Dec 02, 2021 2:25:08 AM net.sourceforge.marathon.javaagent.server.JavaServer serve
INFO: POST(/session/bd139057-4ecb-4952-92ca-5ccbf166e139/element, {"using":"name","value":"join button"}) = {data={"name":"findElement","sessionId":"bd139057-4ecb-4952-92ca-5ccbf166e139","value":{"ELEMENT":"41daacee-dafb-47a2-bb62-db2aba957e73"},"status":0}, status=OK}
Dec 02, 2021 2:25:08 AM net.sourceforge.marathon.javaagent.server.JavaServer serve
INFO: JavaServer.serve(POST /session/bd139057-4ecb-4952-92ca-5ccbf166e139/element/41daacee-dafb-47a2-bb62-db2aba957e73/click): {
  "id": "41daacee-dafb-47a2-bb62-db2aba957e73"
}
Dec 02, 2021 2:25:08 AM net.sourceforge.marathon.javaagent.EventQueueDevice dispatchEvent
INFO: java.awt.event.MouseEvent[MOUSE_PRESSED,(58,12),absolute(589,17),button=1,modifiers=Button1,extModifiers=Button1,clickCount=1] on join button
Dec 02, 2021 2:25:08 AM net.sourceforge.marathon.javaagent.EventQueueDevice dispatchEvent
INFO: java.awt.event.MouseEvent[MOUSE_RELEASED,(58,12),absolute(589,17),button=1,modifiers=Button1,clickCount=1] on join button
Dec 02, 2021 2:25:08 AM net.sourceforge.marathon.javaagent.EventQueueDevice dispatchEvent
INFO: java.awt.event.MouseEvent[MOUSE_CLICKED,(58,12),absolute(589,17),button=1,modifiers=Button1,clickCount=1] on join button
Dec 02, 2021 2:25:09 AM net.sourceforge.marathon.javaagent.server.JavaServer serve
INFO: POST(/session/bd139057-4ecb-4952-92ca-5ccbf166e139/element/41daacee-dafb-47a2-bb62-db2aba957e73/click, {"id":"41daacee-dafb-47a2-bb62-db2aba957e73"}) = {data={"name":"clickElement","sessionId":"bd139057-4ecb-4952-92ca-5ccbf166e139","status":0}, status=OK}
Dec 02, 2021 2:25:09 AM net.sourceforge.marathon.javaagent.server.JavaServer serve
INFO: JavaServer.serve(DELETE /session/bd139057-4ecb-4952-92ca-5ccbf166e139/window): {}
Dec 02, 2021 2:25:09 AM net.sourceforge.marathon.javaagent.server.JavaServer serve
INFO: DELETE(/session/bd139057-4ecb-4952-92ca-5ccbf166e139/window) = {data={"name":"closeSession","sessionId":"bd139057-4ecb-4952-92ca-5ccbf166e139","status":0}, status=OK}
Dec 02, 2021 2:25:09 AM net.sourceforge.marathon.javaagent.server.JavaServer serve
INFO: JavaServer.serve(POST /session): {
  "desiredCapabilities": {
    "browserName": "java",
    "platform": "ANY"
  },
  "capabilities": {
    "firstMatch": [
      {
        "browserName": "java"
      }
    ]
  }
}
Dec 02, 2021 2:25:09 AM net.sourceforge.marathon.javaagent.server.JavaServer createSession
INFO: Creating device with type: EVENT_QUEUE
Dec 02, 2021 2:25:09 AM net.sourceforge.marathon.javaagent.Device getDevice
INFO: Creating a EVENT_QUEUE device
Dec 02, 2021 2:25:09 AM net.sourceforge.marathon.javaagent.server.JavaServer serve
INFO: POST(/session, {"desiredCapabilities":{"browserName":"java","platform":"ANY"},"capabilities":{"firstMatch":[{"browserName":"java"}]}}) = {data=, status=REDIRECT}
Dec 02, 2021 2:25:09 AM net.sourceforge.marathon.javaagent.server.JavaServer serve
INFO: JavaServer.serve(GET /session/a7883839-ea54-4912-a455-79be8d05e5fb): {}
Dec 02, 2021 2:25:09 AM net.sourceforge.marathon.javaagent.server.JavaServer serve
INFO: GET(/session/a7883839-ea54-4912-a455-79be8d05e5fb) = {data={"name":"getCapabilities","sessionId":"a7883839-ea54-4912-a455-79be8d05e5fb","value":{"applicationCacheEnabled":false,"rotatable":false,"loggingPrefs":{"driver":"ALL"},"handlesAlerts":false,"databaseEnabled":false,"version":"1.0","platform":"ANY","browserConnectionEnabled":false,"nativeEvents":false,"acceptSslCerts":false,"locationContextEnabled":false,"webStorageEnabled":false,"browserName":"java","takesScreenshot":true,"javascriptEnabled":true,"cssSelectorsEnabled":false},"status":0}, status=OK}
Dec 02, 2021 2:25:09 AM org.openqa.selenium.remote.ProtocolHandshake createSession
INFO: Detected dialect: OSS
Dec 02, 2021 2:25:09 AM net.sourceforge.marathon.javaagent.server.JavaServer serve
INFO: JavaServer.serve(POST /session/a7883839-ea54-4912-a455-79be8d05e5fb/element): {
  "using": "name",
  "value": "sniper reset button"
}
Dec 02, 2021 2:25:09 AM net.sourceforge.marathon.javaagent.server.JavaServer serve
INFO: POST(/session/a7883839-ea54-4912-a455-79be8d05e5fb/element, {"using":"name","value":"sniper reset button"}) = {data={"name":"findElement","sessionId":"a7883839-ea54-4912-a455-79be8d05e5fb","value":{"ELEMENT":"42f182d2-a391-41aa-9052-fc2d180b9c40"},"status":0}, status=OK}
Dec 02, 2021 2:25:09 AM net.sourceforge.marathon.javaagent.server.JavaServer serve
INFO: JavaServer.serve(POST /session/a7883839-ea54-4912-a455-79be8d05e5fb/element/42f182d2-a391-41aa-9052-fc2d180b9c40/click): {
  "id": "42f182d2-a391-41aa-9052-fc2d180b9c40"
}
Dec 02, 2021 2:25:09 AM net.sourceforge.marathon.javaagent.EventQueueDevice dispatchEvent
INFO: java.awt.event.MouseEvent[MOUSE_PRESSED,(37,12),absolute(326,474),button=1,modifiers=Button1,extModifiers=Button1,clickCount=1] on sniper reset button
Dec 02, 2021 2:25:09 AM net.sourceforge.marathon.javaagent.EventQueueDevice dispatchEvent
INFO: java.awt.event.MouseEvent[MOUSE_RELEASED,(37,12),absolute(326,474),button=1,modifiers=Button1,clickCount=1] on sniper reset button
Dec 02, 2021 2:25:09 AM net.sourceforge.marathon.javaagent.EventQueueDevice dispatchEvent
INFO: java.awt.event.MouseEvent[MOUSE_CLICKED,(37,12),absolute(326,474),button=1,modifiers=Button1,clickCount=1] on sniper reset button
Dec 02, 2021 2:25:09 AM net.sourceforge.marathon.javaagent.server.JavaServer serve
INFO: POST(/session/a7883839-ea54-4912-a455-79be8d05e5fb/element/42f182d2-a391-41aa-9052-fc2d180b9c40/click, {"id":"42f182d2-a391-41aa-9052-fc2d180b9c40"}) = {data={"name":"clickElement","sessionId":"a7883839-ea54-4912-a455-79be8d05e5fb","status":0}, status=OK}
Dec 02, 2021 2:25:09 AM net.sourceforge.marathon.javaagent.server.JavaServer serve
INFO: JavaServer.serve(DELETE /session/a7883839-ea54-4912-a455-79be8d05e5fb/window): {}
Dec 02, 2021 2:25:09 AM net.sourceforge.marathon.javaagent.server.JavaServer serve
INFO: DELETE(/session/a7883839-ea54-4912-a455-79be8d05e5fb/window) = {data={"name":"closeSession","sessionId":"a7883839-ea54-4912-a455-79be8d05e5fb","status":0}, status=OK}
]]></system-err>
</testsuite>
