<?xml version="1.0" encoding="UTF-8"?>
<testsuite name="goos.ui.swing.MainWindowTest" tests="3" skipped="0" failures="0" errors="0" timestamp="2021-12-10T02:26:54" hostname="buildkitsandbox" time="4.14">
  <properties/>
  <testcase name="window has expected features" classname="goos.ui.swing.MainWindowTest" time="3.279"/>
  <testcase name="make user request when join button clicked" classname="goos.ui.swing.MainWindowTest" time="0.682"/>
  <testcase name="make user request when reset button clicked" classname="goos.ui.swing.MainWindowTest" time="0.175"/>
  <system-out><![CDATA[]]></system-out>
  <system-err><![CDATA[Dec 10, 2021 2:26:54 AM io.mockk.impl.log.JULLogger warn
WARNING: Failed to transform class goos/ui/api/UserRequestListener
java.lang.IllegalArgumentException: Unsupported class file major version 59
	at net.bytebuddy.jar.asm.ClassReader.<init>(ClassReader.java:176)
	at net.bytebuddy.jar.asm.ClassReader.<init>(ClassReader.java:158)
	at net.bytebuddy.jar.asm.ClassReader.<init>(ClassReader.java:146)
	at net.bytebuddy.utility.OpenedClassReader.of(OpenedClassReader.java:69)
	at net.bytebuddy.dynamic.scaffold.TypeWriter$Default$ForInlining.create(TypeWriter.java:2877)
	at net.bytebuddy.dynamic.scaffold.TypeWriter$Default.make(TypeWriter.java:1653)
	at net.bytebuddy.dynamic.scaffold.inline.RedefinitionDynamicTypeBuilder.make(RedefinitionDynamicTypeBuilder.java:180)
	at net.bytebuddy.dynamic.scaffold.inline.AbstractInliningDynamicTypeBuilder.make(AbstractInliningDynamicTypeBuilder.java:94)
	at net.bytebuddy.dynamic.DynamicType$Builder$AbstractBase.make(DynamicType.java:2669)
	at io.mockk.proxy.jvm.transformation.InliningClassTransformer.transform(InliningClassTransformer.kt:78)
	at java.instrument/java.lang.instrument.ClassFileTransformer.transform(ClassFileTransformer.java:246)
	at java.instrument/sun.instrument.TransformerManager.transform(TransformerManager.java:188)
	at java.instrument/sun.instrument.InstrumentationImpl.transform(InstrumentationImpl.java:563)
	at java.instrument/sun.instrument.InstrumentationImpl.retransformClasses0(Native Method)
	at java.instrument/sun.instrument.InstrumentationImpl.retransformClasses(InstrumentationImpl.java:167)
	at io.mockk.proxy.jvm.transformation.JvmInlineInstrumentation.retransform(JvmInlineInstrumentation.kt:28)
	at io.mockk.proxy.common.transformation.RetransformInlineInstrumnetation$execute$1.invoke(RetransformInlineInstrumnetation.kt:19)
	at io.mockk.proxy.common.transformation.RetransformInlineInstrumnetation$execute$1.invoke(RetransformInlineInstrumnetation.kt:6)
	at io.mockk.proxy.common.transformation.ClassTransformationSpecMap.applyTransformation(ClassTransformationSpecMap.kt:41)
	at io.mockk.proxy.common.transformation.RetransformInlineInstrumnetation.execute(RetransformInlineInstrumnetation.kt:16)
	at io.mockk.proxy.jvm.ProxyMaker.inline(ProxyMaker.kt:88)
	at io.mockk.proxy.jvm.ProxyMaker.proxy(ProxyMaker.kt:30)
	at io.mockk.impl.instantiation.JvmMockFactory.newProxy(JvmMockFactory.kt:34)
	at io.mockk.impl.instantiation.AbstractMockFactory.newProxy$default(AbstractMockFactory.kt:29)
	at io.mockk.impl.instantiation.AbstractMockFactory.mockk(AbstractMockFactory.kt:59)
	at goos.ui.swing.MainWindowTest$1$1.invokeSuspend(MainWindowTest.kt:90)
	at goos.ui.swing.MainWindowTest$1$1.invoke(MainWindowTest.kt)
	at goos.ui.swing.MainWindowTest$1$1.invoke(MainWindowTest.kt)
	at io.kotest.core.TestConfiguration$beforeTest$1.beforeTest(TestConfiguration.kt:137)
	at io.kotest.core.spec.LifecycleKt.invokeAllBeforeTestCallbacks(lifecycle.kt:76)
	at io.kotest.core.internal.TestCaseExecutor.executeActiveTest(TestCaseExecutor.kt:152)
	at io.kotest.core.internal.TestCaseExecutor.access$executeActiveTest(TestCaseExecutor.kt:57)
	at io.kotest.core.internal.TestCaseExecutor$intercept$innerExecute$1$1.invokeSuspend(TestCaseExecutor.kt:89)
	at io.kotest.core.internal.TestCaseExecutor$intercept$innerExecute$1$1.invoke(TestCaseExecutor.kt)
	at io.kotest.core.internal.TestCaseExecutor$intercept$innerExecute$1$1.invoke(TestCaseExecutor.kt)
	at io.kotest.core.internal.TestCaseExecutor.executeIfEnabled(TestCaseExecutor.kt:117)
	at io.kotest.core.internal.TestCaseExecutor.access$executeIfEnabled(TestCaseExecutor.kt:57)
	at io.kotest.core.internal.TestCaseExecutor$intercept$innerExecute$1.invokeSuspend(TestCaseExecutor.kt:89)
	at io.kotest.core.internal.TestCaseExecutor$intercept$innerExecute$1.invoke(TestCaseExecutor.kt)
	at io.kotest.core.internal.TestCaseExecutor$intercept$innerExecute$1.invoke(TestCaseExecutor.kt)
	at io.kotest.core.internal.TestCaseExecutor.intercept(TestCaseExecutor.kt:103)
	at io.kotest.core.internal.TestCaseExecutor.execute(TestCaseExecutor.kt:69)
	at io.kotest.engine.spec.runners.SingleInstanceSpecRunner.runTest(SingleInstanceSpecRunner.kt:104)
	at io.kotest.engine.spec.runners.SingleInstanceSpecRunner.access$runTest(SingleInstanceSpecRunner.kt:34)
	at io.kotest.engine.spec.runners.SingleInstanceSpecRunner$execute$interceptAndRun$2$4.invokeSuspend(SingleInstanceSpecRunner.kt:57)
	at io.kotest.engine.spec.runners.SingleInstanceSpecRunner$execute$interceptAndRun$2$4.invoke(SingleInstanceSpecRunner.kt)
	at io.kotest.engine.spec.runners.SingleInstanceSpecRunner$execute$interceptAndRun$2$4.invoke(SingleInstanceSpecRunner.kt)
	at io.kotest.engine.launchers.SequentialTestLauncher$launch$3$1$1.invokeSuspend(SequentialTestLauncher.kt:22)
	at kotlin.coroutines.jvm.internal.BaseContinuationImpl.resumeWith(ContinuationImpl.kt:33)
	at kotlinx.coroutines.DispatchedTask.run(DispatchedTask.kt:106)
	at java.base/java.util.concurrent.ThreadPoolExecutor.runWorker(ThreadPoolExecutor.java:1130)
	at java.base/java.util.concurrent.ThreadPoolExecutor$Worker.run(ThreadPoolExecutor.java:630)
	at java.base/java.lang.Thread.run(Thread.java:832)

Dec 10, 2021 2:26:56 AM net.sourceforge.marathon.javaagent.server.JavaServer serve
INFO: JavaServer.serve(POST /session): {
  "desiredCapabilities": {
    "browserName": "java",
    "platform": "ANY"
  },
  "capabilities": {
    "firstMatch": [
      {
        "browserName": "java"
      }
    ]
  }
}
Dec 10, 2021 2:26:56 AM net.sourceforge.marathon.javaagent.server.JavaServer createSession
INFO: Creating device with type: EVENT_QUEUE
Dec 10, 2021 2:26:56 AM net.sourceforge.marathon.javaagent.Device getDevice
INFO: Creating a EVENT_QUEUE device
Dec 10, 2021 2:26:56 AM net.sourceforge.marathon.javaagent.server.JavaServer serve
INFO: POST(/session, {"desiredCapabilities":{"browserName":"java","platform":"ANY"},"capabilities":{"firstMatch":[{"browserName":"java"}]}}) = {data=, status=REDIRECT}
Dec 10, 2021 2:26:56 AM net.sourceforge.marathon.javaagent.server.JavaServer serve
INFO: JavaServer.serve(GET /session/1ddb7e3f-ac74-41cd-9f17-57550630487d): {}
Dec 10, 2021 2:26:56 AM net.sourceforge.marathon.javaagent.server.JavaServer serve
INFO: GET(/session/1ddb7e3f-ac74-41cd-9f17-57550630487d) = {data={"name":"getCapabilities","sessionId":"1ddb7e3f-ac74-41cd-9f17-57550630487d","value":{"applicationCacheEnabled":false,"rotatable":false,"loggingPrefs":{"driver":"ALL"},"handlesAlerts":false,"databaseEnabled":false,"version":"1.0","platform":"ANY","browserConnectionEnabled":false,"nativeEvents":false,"acceptSslCerts":false,"locationContextEnabled":false,"webStorageEnabled":false,"browserName":"java","takesScreenshot":true,"javascriptEnabled":true,"cssSelectorsEnabled":false},"status":0}, status=OK}
Dec 10, 2021 2:26:56 AM org.openqa.selenium.remote.ProtocolHandshake createSession
INFO: Detected dialect: OSS
Dec 10, 2021 2:26:56 AM net.sourceforge.marathon.javaagent.server.JavaServer serve
INFO: JavaServer.serve(POST /session/1ddb7e3f-ac74-41cd-9f17-57550630487d/element): {
  "using": "css selector",
  "value": "."
}
Dec 10, 2021 2:26:56 AM net.sourceforge.marathon.javaagent.server.JavaServer serve
INFO: POST(/session/1ddb7e3f-ac74-41cd-9f17-57550630487d/element, {"using":"css selector","value":"."}) = {data={"name":"findElement","sessionId":"1ddb7e3f-ac74-41cd-9f17-57550630487d","value":{"ELEMENT":"5ce99293-6bc2-48fc-8e91-f3f0a9700f88"},"status":0}, status=OK}
Dec 10, 2021 2:26:56 AM net.sourceforge.marathon.javaagent.server.JavaServer serve
INFO: JavaServer.serve(GET /session/1ddb7e3f-ac74-41cd-9f17-57550630487d/element/5ce99293-6bc2-48fc-8e91-f3f0a9700f88/attribute/name): {}
Dec 10, 2021 2:26:56 AM net.sourceforge.marathon.javaagent.server.JavaServer serve
INFO: GET(/session/1ddb7e3f-ac74-41cd-9f17-57550630487d/element/5ce99293-6bc2-48fc-8e91-f3f0a9700f88/attribute/name) = {data={"name":"getElementAttribute","sessionId":"1ddb7e3f-ac74-41cd-9f17-57550630487d","value":"Auction Sniper Name","status":0}, status=OK}
Dec 10, 2021 2:26:56 AM net.sourceforge.marathon.javaagent.server.JavaServer serve
INFO: JavaServer.serve(POST /session/1ddb7e3f-ac74-41cd-9f17-57550630487d/element): {
  "using": "css selector",
  "value": "."
}
Dec 10, 2021 2:26:56 AM net.sourceforge.marathon.javaagent.server.JavaServer serve
INFO: POST(/session/1ddb7e3f-ac74-41cd-9f17-57550630487d/element, {"using":"css selector","value":"."}) = {data={"name":"findElement","sessionId":"1ddb7e3f-ac74-41cd-9f17-57550630487d","value":{"ELEMENT":"5ce99293-6bc2-48fc-8e91-f3f0a9700f88"},"status":0}, status=OK}
Dec 10, 2021 2:26:57 AM net.sourceforge.marathon.javaagent.server.JavaServer serve
INFO: JavaServer.serve(GET /session/1ddb7e3f-ac74-41cd-9f17-57550630487d/element/5ce99293-6bc2-48fc-8e91-f3f0a9700f88/displayed): {}
Dec 10, 2021 2:26:57 AM net.sourceforge.marathon.javaagent.server.JavaServer serve
INFO: GET(/session/1ddb7e3f-ac74-41cd-9f17-57550630487d/element/5ce99293-6bc2-48fc-8e91-f3f0a9700f88/displayed) = {data={"name":"isDisplayed","sessionId":"1ddb7e3f-ac74-41cd-9f17-57550630487d","value":true,"status":0}, status=OK}
Dec 10, 2021 2:26:57 AM net.sourceforge.marathon.javaagent.server.JavaServer serve
INFO: JavaServer.serve(GET /session/1ddb7e3f-ac74-41cd-9f17-57550630487d/title): {}
Dec 10, 2021 2:26:57 AM net.sourceforge.marathon.javaagent.server.JavaServer serve
INFO: GET(/session/1ddb7e3f-ac74-41cd-9f17-57550630487d/title) = {data={"name":"getWindowTitle","sessionId":"1ddb7e3f-ac74-41cd-9f17-57550630487d","value":"Auction Sniper","status":0}, status=OK}
Dec 10, 2021 2:26:57 AM net.sourceforge.marathon.javaagent.server.JavaServer serve
INFO: JavaServer.serve(POST /session/1ddb7e3f-ac74-41cd-9f17-57550630487d/element): {
  "using": "name",
  "value": "snipers table"
}
Dec 10, 2021 2:26:57 AM net.sourceforge.marathon.javaagent.server.JavaServer serve
INFO: POST(/session/1ddb7e3f-ac74-41cd-9f17-57550630487d/element, {"using":"name","value":"snipers table"}) = {data={"name":"findElement","sessionId":"1ddb7e3f-ac74-41cd-9f17-57550630487d","value":{"ELEMENT":"e5995e57-e20a-4554-9cdf-71ce6e4f47de"},"status":0}, status=OK}
Dec 10, 2021 2:26:57 AM net.sourceforge.marathon.javaagent.server.JavaServer serve
INFO: JavaServer.serve(POST /session/1ddb7e3f-ac74-41cd-9f17-57550630487d/element/e5995e57-e20a-4554-9cdf-71ce6e4f47de/elements): {
  "id": "e5995e57-e20a-4554-9cdf-71ce6e4f47de",
  "using": "css selector",
  "value": ".::header.::all-items"
}
Dec 10, 2021 2:26:57 AM net.sourceforge.marathon.javaagent.server.JavaServer serve
INFO: POST(/session/1ddb7e3f-ac74-41cd-9f17-57550630487d/element/e5995e57-e20a-4554-9cdf-71ce6e4f47de/elements, {"using":"css selector","id":"e5995e57-e20a-4554-9cdf-71ce6e4f47de","value":".::header.::all-items"}) = {data={"name":"findElementsOfElement","sessionId":"1ddb7e3f-ac74-41cd-9f17-57550630487d","value":[{"ELEMENT":"f02d704a-cf86-499a-bffd-8c7990f1e940%23%7B%22selector%22%3A%22nth-item%22%2C%22parameters%22%3A%5B1%5D%7D"},{"ELEMENT":"f02d704a-cf86-499a-bffd-8c7990f1e940%23%7B%22selector%22%3A%22nth-item%22%2C%22parameters%22%3A%5B2%5D%7D"},{"ELEMENT":"f02d704a-cf86-499a-bffd-8c7990f1e940%23%7B%22selector%22%3A%22nth-item%22%2C%22parameters%22%3A%5B3%5D%7D"},{"ELEMENT":"f02d704a-cf86-499a-bffd-8c7990f1e940%23%7B%22selector%22%3A%22nth-item%22%2C%22parameters%22%3A%5B4%5D%7D"}],"status":0}, status=OK}
Dec 10, 2021 2:26:57 AM net.sourceforge.marathon.javaagent.server.JavaServer serve
INFO: JavaServer.serve(GET /session/1ddb7e3f-ac74-41cd-9f17-57550630487d/element/f02d704a-cf86-499a-bffd-8c7990f1e940%23%7B%22selector%22%3A%22nth-item%22%2C%22parameters%22%3A%5B1%5D%7D/text): {}
Dec 10, 2021 2:26:57 AM net.sourceforge.marathon.javaagent.server.JavaServer serve
INFO: GET(/session/1ddb7e3f-ac74-41cd-9f17-57550630487d/element/f02d704a-cf86-499a-bffd-8c7990f1e940%23%7B%22selector%22%3A%22nth-item%22%2C%22parameters%22%3A%5B1%5D%7D/text) = {data={"name":"getElementText","sessionId":"1ddb7e3f-ac74-41cd-9f17-57550630487d","value":"Item","status":0}, status=OK}
Dec 10, 2021 2:26:57 AM net.sourceforge.marathon.javaagent.server.JavaServer serve
INFO: JavaServer.serve(GET /session/1ddb7e3f-ac74-41cd-9f17-57550630487d/element/f02d704a-cf86-499a-bffd-8c7990f1e940%23%7B%22selector%22%3A%22nth-item%22%2C%22parameters%22%3A%5B2%5D%7D/text): {}
Dec 10, 2021 2:26:57 AM net.sourceforge.marathon.javaagent.server.JavaServer serve
INFO: GET(/session/1ddb7e3f-ac74-41cd-9f17-57550630487d/element/f02d704a-cf86-499a-bffd-8c7990f1e940%23%7B%22selector%22%3A%22nth-item%22%2C%22parameters%22%3A%5B2%5D%7D/text) = {data={"name":"getElementText","sessionId":"1ddb7e3f-ac74-41cd-9f17-57550630487d","value":"Last Price","status":0}, status=OK}
Dec 10, 2021 2:26:57 AM net.sourceforge.marathon.javaagent.server.JavaServer serve
INFO: JavaServer.serve(GET /session/1ddb7e3f-ac74-41cd-9f17-57550630487d/element/f02d704a-cf86-499a-bffd-8c7990f1e940%23%7B%22selector%22%3A%22nth-item%22%2C%22parameters%22%3A%5B3%5D%7D/text): {}
Dec 10, 2021 2:26:57 AM net.sourceforge.marathon.javaagent.server.JavaServer serve
INFO: GET(/session/1ddb7e3f-ac74-41cd-9f17-57550630487d/element/f02d704a-cf86-499a-bffd-8c7990f1e940%23%7B%22selector%22%3A%22nth-item%22%2C%22parameters%22%3A%5B3%5D%7D/text) = {data={"name":"getElementText","sessionId":"1ddb7e3f-ac74-41cd-9f17-57550630487d","value":"Last Bid","status":0}, status=OK}
Dec 10, 2021 2:26:57 AM net.sourceforge.marathon.javaagent.server.JavaServer serve
INFO: JavaServer.serve(GET /session/1ddb7e3f-ac74-41cd-9f17-57550630487d/element/f02d704a-cf86-499a-bffd-8c7990f1e940%23%7B%22selector%22%3A%22nth-item%22%2C%22parameters%22%3A%5B4%5D%7D/text): {}
Dec 10, 2021 2:26:57 AM net.sourceforge.marathon.javaagent.server.JavaServer serve
INFO: GET(/session/1ddb7e3f-ac74-41cd-9f17-57550630487d/element/f02d704a-cf86-499a-bffd-8c7990f1e940%23%7B%22selector%22%3A%22nth-item%22%2C%22parameters%22%3A%5B4%5D%7D/text) = {data={"name":"getElementText","sessionId":"1ddb7e3f-ac74-41cd-9f17-57550630487d","value":"State","status":0}, status=OK}
Dec 10, 2021 2:26:57 AM net.sourceforge.marathon.javaagent.server.JavaServer serve
INFO: JavaServer.serve(DELETE /session/1ddb7e3f-ac74-41cd-9f17-57550630487d/window): {}
Dec 10, 2021 2:26:57 AM net.sourceforge.marathon.javaagent.server.JavaServer serve
INFO: DELETE(/session/1ddb7e3f-ac74-41cd-9f17-57550630487d/window) = {data={"name":"closeSession","sessionId":"1ddb7e3f-ac74-41cd-9f17-57550630487d","status":0}, status=OK}
Dec 10, 2021 2:26:57 AM net.sourceforge.marathon.javaagent.server.JavaServer serve
INFO: JavaServer.serve(POST /session): {
  "desiredCapabilities": {
    "browserName": "java",
    "platform": "ANY"
  },
  "capabilities": {
    "firstMatch": [
      {
        "browserName": "java"
      }
    ]
  }
}
Dec 10, 2021 2:26:57 AM net.sourceforge.marathon.javaagent.server.JavaServer createSession
INFO: Creating device with type: EVENT_QUEUE
Dec 10, 2021 2:26:57 AM net.sourceforge.marathon.javaagent.Device getDevice
INFO: Creating a EVENT_QUEUE device
Dec 10, 2021 2:26:57 AM net.sourceforge.marathon.javaagent.server.JavaServer serve
INFO: POST(/session, {"desiredCapabilities":{"browserName":"java","platform":"ANY"},"capabilities":{"firstMatch":[{"browserName":"java"}]}}) = {data=, status=REDIRECT}
Dec 10, 2021 2:26:57 AM net.sourceforge.marathon.javaagent.server.JavaServer serve
INFO: JavaServer.serve(GET /session/2d10dc00-a02d-4ef9-bf33-d663e72a822a): {}
Dec 10, 2021 2:26:57 AM net.sourceforge.marathon.javaagent.server.JavaServer serve
INFO: GET(/session/2d10dc00-a02d-4ef9-bf33-d663e72a822a) = {data={"name":"getCapabilities","sessionId":"2d10dc00-a02d-4ef9-bf33-d663e72a822a","value":{"applicationCacheEnabled":false,"rotatable":false,"loggingPrefs":{"driver":"ALL"},"handlesAlerts":false,"databaseEnabled":false,"version":"1.0","platform":"ANY","browserConnectionEnabled":false,"nativeEvents":false,"acceptSslCerts":false,"locationContextEnabled":false,"webStorageEnabled":false,"browserName":"java","takesScreenshot":true,"javascriptEnabled":true,"cssSelectorsEnabled":false},"status":0}, status=OK}
Dec 10, 2021 2:26:57 AM org.openqa.selenium.remote.ProtocolHandshake createSession
INFO: Detected dialect: OSS
Dec 10, 2021 2:26:57 AM net.sourceforge.marathon.javaagent.server.JavaServer serve
INFO: JavaServer.serve(POST /session/2d10dc00-a02d-4ef9-bf33-d663e72a822a/element): {
  "using": "name",
  "value": "new item id field"
}
Dec 10, 2021 2:26:57 AM net.sourceforge.marathon.javaagent.server.JavaServer serve
INFO: POST(/session/2d10dc00-a02d-4ef9-bf33-d663e72a822a/element, {"using":"name","value":"new item id field"}) = {data={"name":"findElement","sessionId":"2d10dc00-a02d-4ef9-bf33-d663e72a822a","value":{"ELEMENT":"43e9ebc0-6f21-42cc-91c4-aecd7448df3d"},"status":0}, status=OK}
Dec 10, 2021 2:26:57 AM net.sourceforge.marathon.javaagent.server.JavaServer serve
INFO: JavaServer.serve(POST /session/2d10dc00-a02d-4ef9-bf33-d663e72a822a/element/43e9ebc0-6f21-42cc-91c4-aecd7448df3d/clear): {
  "id": "43e9ebc0-6f21-42cc-91c4-aecd7448df3d"
}
Dec 10, 2021 2:26:57 AM net.sourceforge.marathon.javaagent.server.JavaServer serve
INFO: POST(/session/2d10dc00-a02d-4ef9-bf33-d663e72a822a/element/43e9ebc0-6f21-42cc-91c4-aecd7448df3d/clear, {"id":"43e9ebc0-6f21-42cc-91c4-aecd7448df3d"}) = {data={"name":"clearElement","sessionId":"2d10dc00-a02d-4ef9-bf33-d663e72a822a","status":0}, status=OK}
Dec 10, 2021 2:26:57 AM net.sourceforge.marathon.javaagent.server.JavaServer serve
INFO: JavaServer.serve(POST /session/2d10dc00-a02d-4ef9-bf33-d663e72a822a/element/43e9ebc0-6f21-42cc-91c4-aecd7448df3d/value): {
  "id": "43e9ebc0-6f21-42cc-91c4-aecd7448df3d",
  "value": [
    "an item-id"
  ]
}
Dec 10, 2021 2:26:57 AM net.sourceforge.marathon.javaagent.EventQueueDevice dispatchEvent
INFO: java.awt.event.KeyEvent[KEY_PRESSED,keyCode=65,keyText=A,keyChar='a',keyLocation=KEY_LOCATION_UNKNOWN,rawCode=0,primaryLevelUnicode=0,scancode=0,extendedKeyCode=0x0] on new item id field
Dec 10, 2021 2:26:57 AM net.sourceforge.marathon.javaagent.EventQueueDevice dispatchEvent
INFO: java.awt.event.KeyEvent[KEY_TYPED,keyCode=0,keyText=Unknown keyCode: 0x0,keyChar='a',keyLocation=KEY_LOCATION_UNKNOWN,rawCode=0,primaryLevelUnicode=0,scancode=0,extendedKeyCode=0x0] on new item id field
Dec 10, 2021 2:26:57 AM net.sourceforge.marathon.javaagent.EventQueueDevice dispatchEvent
INFO: java.awt.event.KeyEvent[KEY_RELEASED,keyCode=65,keyText=A,keyChar='a',keyLocation=KEY_LOCATION_UNKNOWN,rawCode=0,primaryLevelUnicode=0,scancode=0,extendedKeyCode=0x0] on new item id field
Dec 10, 2021 2:26:57 AM net.sourceforge.marathon.javaagent.EventQueueDevice dispatchEvent
INFO: java.awt.event.KeyEvent[KEY_PRESSED,keyCode=78,keyText=N,keyChar='n',keyLocation=KEY_LOCATION_UNKNOWN,rawCode=0,primaryLevelUnicode=0,scancode=0,extendedKeyCode=0x0] on new item id field
Dec 10, 2021 2:26:57 AM net.sourceforge.marathon.javaagent.EventQueueDevice dispatchEvent
INFO: java.awt.event.KeyEvent[KEY_TYPED,keyCode=0,keyText=Unknown keyCode: 0x0,keyChar='n',keyLocation=KEY_LOCATION_UNKNOWN,rawCode=0,primaryLevelUnicode=0,scancode=0,extendedKeyCode=0x0] on new item id field
Dec 10, 2021 2:26:57 AM net.sourceforge.marathon.javaagent.EventQueueDevice dispatchEvent
INFO: java.awt.event.KeyEvent[KEY_RELEASED,keyCode=78,keyText=N,keyChar='n',keyLocation=KEY_LOCATION_UNKNOWN,rawCode=0,primaryLevelUnicode=0,scancode=0,extendedKeyCode=0x0] on new item id field
Dec 10, 2021 2:26:57 AM net.sourceforge.marathon.javaagent.EventQueueDevice dispatchEvent
INFO: java.awt.event.KeyEvent[KEY_PRESSED,keyCode=16,keyText=Shift,keyChar=Undefined keyChar,modifiers=Shift,extModifiers=Shift,keyLocation=KEY_LOCATION_UNKNOWN,rawCode=0,primaryLevelUnicode=0,scancode=0,extendedKeyCode=0x0] on new item id field
Dec 10, 2021 2:26:57 AM net.sourceforge.marathon.javaagent.EventQueueDevice dispatchEvent
INFO: java.awt.event.KeyEvent[KEY_PRESSED,keyCode=32,keyText=Space,keyChar=' ',modifiers=Shift,extModifiers=Shift,keyLocation=KEY_LOCATION_UNKNOWN,rawCode=0,primaryLevelUnicode=0,scancode=0,extendedKeyCode=0x0] on new item id field
Dec 10, 2021 2:26:57 AM net.sourceforge.marathon.javaagent.EventQueueDevice dispatchEvent
INFO: java.awt.event.KeyEvent[KEY_TYPED,keyCode=0,keyText=Unknown keyCode: 0x0,keyChar=' ',modifiers=Shift,extModifiers=Shift,keyLocation=KEY_LOCATION_UNKNOWN,rawCode=0,primaryLevelUnicode=0,scancode=0,extendedKeyCode=0x0] on new item id field
Dec 10, 2021 2:26:57 AM net.sourceforge.marathon.javaagent.EventQueueDevice dispatchEvent
INFO: java.awt.event.KeyEvent[KEY_RELEASED,keyCode=32,keyText=Space,keyChar=' ',modifiers=Shift,extModifiers=Shift,keyLocation=KEY_LOCATION_UNKNOWN,rawCode=0,primaryLevelUnicode=0,scancode=0,extendedKeyCode=0x0] on new item id field
Dec 10, 2021 2:26:57 AM net.sourceforge.marathon.javaagent.EventQueueDevice dispatchEvent
INFO: java.awt.event.KeyEvent[KEY_RELEASED,keyCode=16,keyText=Shift,keyChar=Undefined keyChar,keyLocation=KEY_LOCATION_UNKNOWN,rawCode=0,primaryLevelUnicode=0,scancode=0,extendedKeyCode=0x0] on new item id field
Dec 10, 2021 2:26:57 AM net.sourceforge.marathon.javaagent.EventQueueDevice dispatchEvent
INFO: java.awt.event.KeyEvent[KEY_PRESSED,keyCode=73,keyText=I,keyChar='i',keyLocation=KEY_LOCATION_UNKNOWN,rawCode=0,primaryLevelUnicode=0,scancode=0,extendedKeyCode=0x0] on new item id field
Dec 10, 2021 2:26:57 AM net.sourceforge.marathon.javaagent.EventQueueDevice dispatchEvent
INFO: java.awt.event.KeyEvent[KEY_TYPED,keyCode=0,keyText=Unknown keyCode: 0x0,keyChar='i',keyLocation=KEY_LOCATION_UNKNOWN,rawCode=0,primaryLevelUnicode=0,scancode=0,extendedKeyCode=0x0] on new item id field
Dec 10, 2021 2:26:57 AM net.sourceforge.marathon.javaagent.EventQueueDevice dispatchEvent
INFO: java.awt.event.KeyEvent[KEY_RELEASED,keyCode=73,keyText=I,keyChar='i',keyLocation=KEY_LOCATION_UNKNOWN,rawCode=0,primaryLevelUnicode=0,scancode=0,extendedKeyCode=0x0] on new item id field
Dec 10, 2021 2:26:57 AM net.sourceforge.marathon.javaagent.EventQueueDevice dispatchEvent
INFO: java.awt.event.KeyEvent[KEY_PRESSED,keyCode=84,keyText=T,keyChar='t',keyLocation=KEY_LOCATION_UNKNOWN,rawCode=0,primaryLevelUnicode=0,scancode=0,extendedKeyCode=0x0] on new item id field
Dec 10, 2021 2:26:57 AM net.sourceforge.marathon.javaagent.EventQueueDevice dispatchEvent
INFO: java.awt.event.KeyEvent[KEY_TYPED,keyCode=0,keyText=Unknown keyCode: 0x0,keyChar='t',keyLocation=KEY_LOCATION_UNKNOWN,rawCode=0,primaryLevelUnicode=0,scancode=0,extendedKeyCode=0x0] on new item id field
Dec 10, 2021 2:26:57 AM net.sourceforge.marathon.javaagent.EventQueueDevice dispatchEvent
INFO: java.awt.event.KeyEvent[KEY_RELEASED,keyCode=84,keyText=T,keyChar='t',keyLocation=KEY_LOCATION_UNKNOWN,rawCode=0,primaryLevelUnicode=0,scancode=0,extendedKeyCode=0x0] on new item id field
Dec 10, 2021 2:26:57 AM net.sourceforge.marathon.javaagent.EventQueueDevice dispatchEvent
INFO: java.awt.event.KeyEvent[KEY_PRESSED,keyCode=69,keyText=E,keyChar='e',keyLocation=KEY_LOCATION_UNKNOWN,rawCode=0,primaryLevelUnicode=0,scancode=0,extendedKeyCode=0x0] on new item id field
Dec 10, 2021 2:26:57 AM net.sourceforge.marathon.javaagent.EventQueueDevice dispatchEvent
INFO: java.awt.event.KeyEvent[KEY_TYPED,keyCode=0,keyText=Unknown keyCode: 0x0,keyChar='e',keyLocation=KEY_LOCATION_UNKNOWN,rawCode=0,primaryLevelUnicode=0,scancode=0,extendedKeyCode=0x0] on new item id field
Dec 10, 2021 2:26:57 AM net.sourceforge.marathon.javaagent.EventQueueDevice dispatchEvent
INFO: java.awt.event.KeyEvent[KEY_RELEASED,keyCode=69,keyText=E,keyChar='e',keyLocation=KEY_LOCATION_UNKNOWN,rawCode=0,primaryLevelUnicode=0,scancode=0,extendedKeyCode=0x0] on new item id field
Dec 10, 2021 2:26:57 AM net.sourceforge.marathon.javaagent.EventQueueDevice dispatchEvent
INFO: java.awt.event.KeyEvent[KEY_PRESSED,keyCode=77,keyText=M,keyChar='m',keyLocation=KEY_LOCATION_UNKNOWN,rawCode=0,primaryLevelUnicode=0,scancode=0,extendedKeyCode=0x0] on new item id field
Dec 10, 2021 2:26:57 AM net.sourceforge.marathon.javaagent.EventQueueDevice dispatchEvent
INFO: java.awt.event.KeyEvent[KEY_TYPED,keyCode=0,keyText=Unknown keyCode: 0x0,keyChar='m',keyLocation=KEY_LOCATION_UNKNOWN,rawCode=0,primaryLevelUnicode=0,scancode=0,extendedKeyCode=0x0] on new item id field
Dec 10, 2021 2:26:57 AM net.sourceforge.marathon.javaagent.EventQueueDevice dispatchEvent
INFO: java.awt.event.KeyEvent[KEY_RELEASED,keyCode=77,keyText=M,keyChar='m',keyLocation=KEY_LOCATION_UNKNOWN,rawCode=0,primaryLevelUnicode=0,scancode=0,extendedKeyCode=0x0] on new item id field
Dec 10, 2021 2:26:57 AM net.sourceforge.marathon.javaagent.EventQueueDevice dispatchEvent
INFO: java.awt.event.KeyEvent[KEY_PRESSED,keyCode=45,keyText=Minus,keyChar='-',keyLocation=KEY_LOCATION_UNKNOWN,rawCode=0,primaryLevelUnicode=0,scancode=0,extendedKeyCode=0x0] on new item id field
Dec 10, 2021 2:26:57 AM net.sourceforge.marathon.javaagent.EventQueueDevice dispatchEvent
INFO: java.awt.event.KeyEvent[KEY_TYPED,keyCode=0,keyText=Unknown keyCode: 0x0,keyChar='-',keyLocation=KEY_LOCATION_UNKNOWN,rawCode=0,primaryLevelUnicode=0,scancode=0,extendedKeyCode=0x0] on new item id field
Dec 10, 2021 2:26:57 AM net.sourceforge.marathon.javaagent.EventQueueDevice dispatchEvent
INFO: java.awt.event.KeyEvent[KEY_RELEASED,keyCode=45,keyText=Minus,keyChar='-',keyLocation=KEY_LOCATION_UNKNOWN,rawCode=0,primaryLevelUnicode=0,scancode=0,extendedKeyCode=0x0] on new item id field
Dec 10, 2021 2:26:57 AM net.sourceforge.marathon.javaagent.EventQueueDevice dispatchEvent
INFO: java.awt.event.KeyEvent[KEY_PRESSED,keyCode=73,keyText=I,keyChar='i',keyLocation=KEY_LOCATION_UNKNOWN,rawCode=0,primaryLevelUnicode=0,scancode=0,extendedKeyCode=0x0] on new item id field
Dec 10, 2021 2:26:57 AM net.sourceforge.marathon.javaagent.EventQueueDevice dispatchEvent
INFO: java.awt.event.KeyEvent[KEY_TYPED,keyCode=0,keyText=Unknown keyCode: 0x0,keyChar='i',keyLocation=KEY_LOCATION_UNKNOWN,rawCode=0,primaryLevelUnicode=0,scancode=0,extendedKeyCode=0x0] on new item id field
Dec 10, 2021 2:26:57 AM net.sourceforge.marathon.javaagent.EventQueueDevice dispatchEvent
INFO: java.awt.event.KeyEvent[KEY_RELEASED,keyCode=73,keyText=I,keyChar='i',keyLocation=KEY_LOCATION_UNKNOWN,rawCode=0,primaryLevelUnicode=0,scancode=0,extendedKeyCode=0x0] on new item id field
Dec 10, 2021 2:26:57 AM net.sourceforge.marathon.javaagent.EventQueueDevice dispatchEvent
INFO: java.awt.event.KeyEvent[KEY_PRESSED,keyCode=68,keyText=D,keyChar='d',keyLocation=KEY_LOCATION_UNKNOWN,rawCode=0,primaryLevelUnicode=0,scancode=0,extendedKeyCode=0x0] on new item id field
Dec 10, 2021 2:26:57 AM net.sourceforge.marathon.javaagent.EventQueueDevice dispatchEvent
INFO: java.awt.event.KeyEvent[KEY_TYPED,keyCode=0,keyText=Unknown keyCode: 0x0,keyChar='d',keyLocation=KEY_LOCATION_UNKNOWN,rawCode=0,primaryLevelUnicode=0,scancode=0,extendedKeyCode=0x0] on new item id field
Dec 10, 2021 2:26:57 AM net.sourceforge.marathon.javaagent.EventQueueDevice dispatchEvent
INFO: java.awt.event.KeyEvent[KEY_RELEASED,keyCode=68,keyText=D,keyChar='d',keyLocation=KEY_LOCATION_UNKNOWN,rawCode=0,primaryLevelUnicode=0,scancode=0,extendedKeyCode=0x0] on new item id field
Dec 10, 2021 2:26:57 AM net.sourceforge.marathon.javaagent.server.JavaServer serve
INFO: POST(/session/2d10dc00-a02d-4ef9-bf33-d663e72a822a/element/43e9ebc0-6f21-42cc-91c4-aecd7448df3d/value, {"id":"43e9ebc0-6f21-42cc-91c4-aecd7448df3d","value":["an item-id"]}) = {data={"name":"sendKeysElement","sessionId":"2d10dc00-a02d-4ef9-bf33-d663e72a822a","status":0}, status=OK}
Dec 10, 2021 2:26:57 AM net.sourceforge.marathon.javaagent.server.JavaServer serve
INFO: JavaServer.serve(POST /session/2d10dc00-a02d-4ef9-bf33-d663e72a822a/element): {
  "using": "name",
  "value": "new item stop price field"
}
Dec 10, 2021 2:26:57 AM net.sourceforge.marathon.javaagent.server.JavaServer serve
INFO: POST(/session/2d10dc00-a02d-4ef9-bf33-d663e72a822a/element, {"using":"name","value":"new item stop price field"}) = {data={"name":"findElement","sessionId":"2d10dc00-a02d-4ef9-bf33-d663e72a822a","value":{"ELEMENT":"6ac0b9bf-7c19-482a-9e17-2d6c39d7e66d"},"status":0}, status=OK}
Dec 10, 2021 2:26:57 AM net.sourceforge.marathon.javaagent.server.JavaServer serve
INFO: JavaServer.serve(POST /session/2d10dc00-a02d-4ef9-bf33-d663e72a822a/element/6ac0b9bf-7c19-482a-9e17-2d6c39d7e66d/clear): {
  "id": "6ac0b9bf-7c19-482a-9e17-2d6c39d7e66d"
}
Dec 10, 2021 2:26:57 AM net.sourceforge.marathon.javaagent.server.JavaServer serve
INFO: POST(/session/2d10dc00-a02d-4ef9-bf33-d663e72a822a/element/6ac0b9bf-7c19-482a-9e17-2d6c39d7e66d/clear, {"id":"6ac0b9bf-7c19-482a-9e17-2d6c39d7e66d"}) = {data={"name":"clearElement","sessionId":"2d10dc00-a02d-4ef9-bf33-d663e72a822a","status":0}, status=OK}
Dec 10, 2021 2:26:57 AM net.sourceforge.marathon.javaagent.server.JavaServer serve
INFO: JavaServer.serve(POST /session/2d10dc00-a02d-4ef9-bf33-d663e72a822a/element/6ac0b9bf-7c19-482a-9e17-2d6c39d7e66d/value): {
  "id": "6ac0b9bf-7c19-482a-9e17-2d6c39d7e66d",
  "value": [
    "11000"
  ]
}
Dec 10, 2021 2:26:57 AM net.sourceforge.marathon.javaagent.EventQueueDevice dispatchEvent
INFO: java.awt.event.KeyEvent[KEY_PRESSED,keyCode=49,keyText=1,keyChar='1',keyLocation=KEY_LOCATION_UNKNOWN,rawCode=0,primaryLevelUnicode=0,scancode=0,extendedKeyCode=0x0] on new item stop price field
Dec 10, 2021 2:26:57 AM net.sourceforge.marathon.javaagent.EventQueueDevice dispatchEvent
INFO: java.awt.event.KeyEvent[KEY_TYPED,keyCode=0,keyText=Unknown keyCode: 0x0,keyChar='1',keyLocation=KEY_LOCATION_UNKNOWN,rawCode=0,primaryLevelUnicode=0,scancode=0,extendedKeyCode=0x0] on new item stop price field
Dec 10, 2021 2:26:57 AM net.sourceforge.marathon.javaagent.EventQueueDevice dispatchEvent
INFO: java.awt.event.KeyEvent[KEY_RELEASED,keyCode=49,keyText=1,keyChar='1',keyLocation=KEY_LOCATION_UNKNOWN,rawCode=0,primaryLevelUnicode=0,scancode=0,extendedKeyCode=0x0] on new item stop price field
Dec 10, 2021 2:26:57 AM net.sourceforge.marathon.javaagent.EventQueueDevice dispatchEvent
INFO: java.awt.event.KeyEvent[KEY_PRESSED,keyCode=49,keyText=1,keyChar='1',keyLocation=KEY_LOCATION_UNKNOWN,rawCode=0,primaryLevelUnicode=0,scancode=0,extendedKeyCode=0x0] on new item stop price field
Dec 10, 2021 2:26:57 AM net.sourceforge.marathon.javaagent.EventQueueDevice dispatchEvent
INFO: java.awt.event.KeyEvent[KEY_TYPED,keyCode=0,keyText=Unknown keyCode: 0x0,keyChar='1',keyLocation=KEY_LOCATION_UNKNOWN,rawCode=0,primaryLevelUnicode=0,scancode=0,extendedKeyCode=0x0] on new item stop price field
Dec 10, 2021 2:26:57 AM net.sourceforge.marathon.javaagent.EventQueueDevice dispatchEvent
INFO: java.awt.event.KeyEvent[KEY_RELEASED,keyCode=49,keyText=1,keyChar='1',keyLocation=KEY_LOCATION_UNKNOWN,rawCode=0,primaryLevelUnicode=0,scancode=0,extendedKeyCode=0x0] on new item stop price field
Dec 10, 2021 2:26:57 AM net.sourceforge.marathon.javaagent.EventQueueDevice dispatchEvent
INFO: java.awt.event.KeyEvent[KEY_PRESSED,keyCode=48,keyText=0,keyChar='0',keyLocation=KEY_LOCATION_UNKNOWN,rawCode=0,primaryLevelUnicode=0,scancode=0,extendedKeyCode=0x0] on new item stop price field
Dec 10, 2021 2:26:57 AM net.sourceforge.marathon.javaagent.EventQueueDevice dispatchEvent
INFO: java.awt.event.KeyEvent[KEY_TYPED,keyCode=0,keyText=Unknown keyCode: 0x0,keyChar='0',keyLocation=KEY_LOCATION_UNKNOWN,rawCode=0,primaryLevelUnicode=0,scancode=0,extendedKeyCode=0x0] on new item stop price field
Dec 10, 2021 2:26:57 AM net.sourceforge.marathon.javaagent.EventQueueDevice dispatchEvent
INFO: java.awt.event.KeyEvent[KEY_RELEASED,keyCode=48,keyText=0,keyChar='0',keyLocation=KEY_LOCATION_UNKNOWN,rawCode=0,primaryLevelUnicode=0,scancode=0,extendedKeyCode=0x0] on new item stop price field
Dec 10, 2021 2:26:57 AM net.sourceforge.marathon.javaagent.EventQueueDevice dispatchEvent
INFO: java.awt.event.KeyEvent[KEY_PRESSED,keyCode=48,keyText=0,keyChar='0',keyLocation=KEY_LOCATION_UNKNOWN,rawCode=0,primaryLevelUnicode=0,scancode=0,extendedKeyCode=0x0] on new item stop price field
Dec 10, 2021 2:26:57 AM net.sourceforge.marathon.javaagent.EventQueueDevice dispatchEvent
INFO: java.awt.event.KeyEvent[KEY_TYPED,keyCode=0,keyText=Unknown keyCode: 0x0,keyChar='0',keyLocation=KEY_LOCATION_UNKNOWN,rawCode=0,primaryLevelUnicode=0,scancode=0,extendedKeyCode=0x0] on new item stop price field
Dec 10, 2021 2:26:57 AM net.sourceforge.marathon.javaagent.EventQueueDevice dispatchEvent
INFO: java.awt.event.KeyEvent[KEY_RELEASED,keyCode=48,keyText=0,keyChar='0',keyLocation=KEY_LOCATION_UNKNOWN,rawCode=0,primaryLevelUnicode=0,scancode=0,extendedKeyCode=0x0] on new item stop price field
Dec 10, 2021 2:26:57 AM net.sourceforge.marathon.javaagent.EventQueueDevice dispatchEvent
INFO: java.awt.event.KeyEvent[KEY_PRESSED,keyCode=48,keyText=0,keyChar='0',keyLocation=KEY_LOCATION_UNKNOWN,rawCode=0,primaryLevelUnicode=0,scancode=0,extendedKeyCode=0x0] on new item stop price field
Dec 10, 2021 2:26:57 AM net.sourceforge.marathon.javaagent.EventQueueDevice dispatchEvent
INFO: java.awt.event.KeyEvent[KEY_TYPED,keyCode=0,keyText=Unknown keyCode: 0x0,keyChar='0',keyLocation=KEY_LOCATION_UNKNOWN,rawCode=0,primaryLevelUnicode=0,scancode=0,extendedKeyCode=0x0] on new item stop price field
Dec 10, 2021 2:26:57 AM net.sourceforge.marathon.javaagent.EventQueueDevice dispatchEvent
INFO: java.awt.event.KeyEvent[KEY_RELEASED,keyCode=48,keyText=0,keyChar='0',keyLocation=KEY_LOCATION_UNKNOWN,rawCode=0,primaryLevelUnicode=0,scancode=0,extendedKeyCode=0x0] on new item stop price field
Dec 10, 2021 2:26:57 AM net.sourceforge.marathon.javaagent.server.JavaServer serve
INFO: POST(/session/2d10dc00-a02d-4ef9-bf33-d663e72a822a/element/6ac0b9bf-7c19-482a-9e17-2d6c39d7e66d/value, {"id":"6ac0b9bf-7c19-482a-9e17-2d6c39d7e66d","value":["11000"]}) = {data={"name":"sendKeysElement","sessionId":"2d10dc00-a02d-4ef9-bf33-d663e72a822a","status":0}, status=OK}
Dec 10, 2021 2:26:57 AM net.sourceforge.marathon.javaagent.server.JavaServer serve
INFO: JavaServer.serve(POST /session/2d10dc00-a02d-4ef9-bf33-d663e72a822a/element): {
  "using": "name",
  "value": "join button"
}
Dec 10, 2021 2:26:57 AM net.sourceforge.marathon.javaagent.server.JavaServer serve
INFO: POST(/session/2d10dc00-a02d-4ef9-bf33-d663e72a822a/element, {"using":"name","value":"join button"}) = {data={"name":"findElement","sessionId":"2d10dc00-a02d-4ef9-bf33-d663e72a822a","value":{"ELEMENT":"451125ae-dcdf-4512-a3ad-208954073fd8"},"status":0}, status=OK}
Dec 10, 2021 2:26:57 AM net.sourceforge.marathon.javaagent.server.JavaServer serve
INFO: JavaServer.serve(POST /session/2d10dc00-a02d-4ef9-bf33-d663e72a822a/element/451125ae-dcdf-4512-a3ad-208954073fd8/click): {
  "id": "451125ae-dcdf-4512-a3ad-208954073fd8"
}
Dec 10, 2021 2:26:57 AM net.sourceforge.marathon.javaagent.EventQueueDevice dispatchEvent
INFO: java.awt.event.MouseEvent[MOUSE_PRESSED,(58,12),absolute(589,17),button=1,modifiers=Button1,extModifiers=Button1,clickCount=1] on join button
Dec 10, 2021 2:26:57 AM net.sourceforge.marathon.javaagent.EventQueueDevice dispatchEvent
INFO: java.awt.event.MouseEvent[MOUSE_RELEASED,(58,12),absolute(589,17),button=1,modifiers=Button1,clickCount=1] on join button
Dec 10, 2021 2:26:57 AM net.sourceforge.marathon.javaagent.EventQueueDevice dispatchEvent
INFO: java.awt.event.MouseEvent[MOUSE_CLICKED,(58,12),absolute(589,17),button=1,modifiers=Button1,clickCount=1] on join button
Dec 10, 2021 2:26:57 AM net.sourceforge.marathon.javaagent.server.JavaServer serve
INFO: POST(/session/2d10dc00-a02d-4ef9-bf33-d663e72a822a/element/451125ae-dcdf-4512-a3ad-208954073fd8/click, {"id":"451125ae-dcdf-4512-a3ad-208954073fd8"}) = {data={"name":"clickElement","sessionId":"2d10dc00-a02d-4ef9-bf33-d663e72a822a","status":0}, status=OK}
Dec 10, 2021 2:26:57 AM net.sourceforge.marathon.javaagent.server.JavaServer serve
INFO: JavaServer.serve(DELETE /session/2d10dc00-a02d-4ef9-bf33-d663e72a822a/window): {}
Dec 10, 2021 2:26:57 AM net.sourceforge.marathon.javaagent.server.JavaServer serve
INFO: DELETE(/session/2d10dc00-a02d-4ef9-bf33-d663e72a822a/window) = {data={"name":"closeSession","sessionId":"2d10dc00-a02d-4ef9-bf33-d663e72a822a","status":0}, status=OK}
Dec 10, 2021 2:26:58 AM net.sourceforge.marathon.javaagent.server.JavaServer serve
INFO: JavaServer.serve(POST /session): {
  "desiredCapabilities": {
    "browserName": "java",
    "platform": "ANY"
  },
  "capabilities": {
    "firstMatch": [
      {
        "browserName": "java"
      }
    ]
  }
}
Dec 10, 2021 2:26:58 AM net.sourceforge.marathon.javaagent.server.JavaServer createSession
INFO: Creating device with type: EVENT_QUEUE
Dec 10, 2021 2:26:58 AM net.sourceforge.marathon.javaagent.Device getDevice
INFO: Creating a EVENT_QUEUE device
Dec 10, 2021 2:26:58 AM net.sourceforge.marathon.javaagent.server.JavaServer serve
INFO: POST(/session, {"desiredCapabilities":{"browserName":"java","platform":"ANY"},"capabilities":{"firstMatch":[{"browserName":"java"}]}}) = {data=, status=REDIRECT}
Dec 10, 2021 2:26:58 AM net.sourceforge.marathon.javaagent.server.JavaServer serve
INFO: JavaServer.serve(GET /session/8b40a6fd-eea8-4346-ad1d-529eb3a9eb63): {}
Dec 10, 2021 2:26:58 AM net.sourceforge.marathon.javaagent.server.JavaServer serve
INFO: GET(/session/8b40a6fd-eea8-4346-ad1d-529eb3a9eb63) = {data={"name":"getCapabilities","sessionId":"8b40a6fd-eea8-4346-ad1d-529eb3a9eb63","value":{"applicationCacheEnabled":false,"rotatable":false,"loggingPrefs":{"driver":"ALL"},"handlesAlerts":false,"databaseEnabled":false,"version":"1.0","platform":"ANY","browserConnectionEnabled":false,"nativeEvents":false,"acceptSslCerts":false,"locationContextEnabled":false,"webStorageEnabled":false,"browserName":"java","takesScreenshot":true,"javascriptEnabled":true,"cssSelectorsEnabled":false},"status":0}, status=OK}
Dec 10, 2021 2:26:58 AM org.openqa.selenium.remote.ProtocolHandshake createSession
INFO: Detected dialect: OSS
Dec 10, 2021 2:26:58 AM net.sourceforge.marathon.javaagent.server.JavaServer serve
INFO: JavaServer.serve(POST /session/8b40a6fd-eea8-4346-ad1d-529eb3a9eb63/element): {
  "using": "name",
  "value": "sniper reset button"
}
Dec 10, 2021 2:26:58 AM net.sourceforge.marathon.javaagent.server.JavaServer serve
INFO: POST(/session/8b40a6fd-eea8-4346-ad1d-529eb3a9eb63/element, {"using":"name","value":"sniper reset button"}) = {data={"name":"findElement","sessionId":"8b40a6fd-eea8-4346-ad1d-529eb3a9eb63","value":{"ELEMENT":"559b8e9d-589e-4040-a9d3-21c8f530b264"},"status":0}, status=OK}
Dec 10, 2021 2:26:58 AM net.sourceforge.marathon.javaagent.server.JavaServer serve
INFO: JavaServer.serve(POST /session/8b40a6fd-eea8-4346-ad1d-529eb3a9eb63/element/559b8e9d-589e-4040-a9d3-21c8f530b264/click): {
  "id": "559b8e9d-589e-4040-a9d3-21c8f530b264"
}
Dec 10, 2021 2:26:58 AM net.sourceforge.marathon.javaagent.EventQueueDevice dispatchEvent
INFO: java.awt.event.MouseEvent[MOUSE_PRESSED,(37,12),absolute(326,474),button=1,modifiers=Button1,extModifiers=Button1,clickCount=1] on sniper reset button
Dec 10, 2021 2:26:58 AM net.sourceforge.marathon.javaagent.EventQueueDevice dispatchEvent
INFO: java.awt.event.MouseEvent[MOUSE_RELEASED,(37,12),absolute(326,474),button=1,modifiers=Button1,clickCount=1] on sniper reset button
Dec 10, 2021 2:26:58 AM net.sourceforge.marathon.javaagent.EventQueueDevice dispatchEvent
INFO: java.awt.event.MouseEvent[MOUSE_CLICKED,(37,12),absolute(326,474),button=1,modifiers=Button1,clickCount=1] on sniper reset button
Dec 10, 2021 2:26:58 AM net.sourceforge.marathon.javaagent.server.JavaServer serve
INFO: POST(/session/8b40a6fd-eea8-4346-ad1d-529eb3a9eb63/element/559b8e9d-589e-4040-a9d3-21c8f530b264/click, {"id":"559b8e9d-589e-4040-a9d3-21c8f530b264"}) = {data={"name":"clickElement","sessionId":"8b40a6fd-eea8-4346-ad1d-529eb3a9eb63","status":0}, status=OK}
Dec 10, 2021 2:26:58 AM net.sourceforge.marathon.javaagent.server.JavaServer serve
INFO: JavaServer.serve(DELETE /session/8b40a6fd-eea8-4346-ad1d-529eb3a9eb63/window): {}
Dec 10, 2021 2:26:58 AM net.sourceforge.marathon.javaagent.server.JavaServer serve
INFO: DELETE(/session/8b40a6fd-eea8-4346-ad1d-529eb3a9eb63/window) = {data={"name":"closeSession","sessionId":"8b40a6fd-eea8-4346-ad1d-529eb3a9eb63","status":0}, status=OK}
]]></system-err>
</testsuite>
