<?xml version="1.0" encoding="UTF-8"?>
<testsuite name="goos.ui.swing.MainWindowTest" tests="3" skipped="0" failures="0" errors="0" timestamp="2021-09-29T02:19:49" hostname="buildkitsandbox" time="4.152">
  <properties/>
  <testcase name="window has expected features" classname="goos.ui.swing.MainWindowTest" time="3.076"/>
  <testcase name="make user request when join button clicked" classname="goos.ui.swing.MainWindowTest" time="0.883"/>
  <testcase name="make user request when reset button clicked" classname="goos.ui.swing.MainWindowTest" time="0.189"/>
  <system-out><![CDATA[]]></system-out>
  <system-err><![CDATA[Sep 29, 2021 2:19:49 AM io.mockk.impl.log.JULLogger warn
WARNING: Failed to transform class goos/ui/api/UserRequestListener
java.lang.IllegalArgumentException: Unsupported class file major version 59
	at net.bytebuddy.jar.asm.ClassReader.<init>(ClassReader.java:176)
	at net.bytebuddy.jar.asm.ClassReader.<init>(ClassReader.java:158)
	at net.bytebuddy.jar.asm.ClassReader.<init>(ClassReader.java:146)
	at net.bytebuddy.utility.OpenedClassReader.of(OpenedClassReader.java:69)
	at net.bytebuddy.dynamic.scaffold.TypeWriter$Default$ForInlining.create(TypeWriter.java:2877)
	at net.bytebuddy.dynamic.scaffold.TypeWriter$Default.make(TypeWriter.java:1653)
	at net.bytebuddy.dynamic.scaffold.inline.RedefinitionDynamicTypeBuilder.make(RedefinitionDynamicTypeBuilder.java:180)
	at net.bytebuddy.dynamic.scaffold.inline.AbstractInliningDynamicTypeBuilder.make(AbstractInliningDynamicTypeBuilder.java:94)
	at net.bytebuddy.dynamic.DynamicType$Builder$AbstractBase.make(DynamicType.java:2669)
	at io.mockk.proxy.jvm.transformation.InliningClassTransformer.transform(InliningClassTransformer.kt:78)
	at java.instrument/java.lang.instrument.ClassFileTransformer.transform(ClassFileTransformer.java:246)
	at java.instrument/sun.instrument.TransformerManager.transform(TransformerManager.java:188)
	at java.instrument/sun.instrument.InstrumentationImpl.transform(InstrumentationImpl.java:563)
	at java.instrument/sun.instrument.InstrumentationImpl.retransformClasses0(Native Method)
	at java.instrument/sun.instrument.InstrumentationImpl.retransformClasses(InstrumentationImpl.java:167)
	at io.mockk.proxy.jvm.transformation.JvmInlineInstrumentation.retransform(JvmInlineInstrumentation.kt:28)
	at io.mockk.proxy.common.transformation.RetransformInlineInstrumnetation$execute$1.invoke(RetransformInlineInstrumnetation.kt:19)
	at io.mockk.proxy.common.transformation.RetransformInlineInstrumnetation$execute$1.invoke(RetransformInlineInstrumnetation.kt:6)
	at io.mockk.proxy.common.transformation.ClassTransformationSpecMap.applyTransformation(ClassTransformationSpecMap.kt:41)
	at io.mockk.proxy.common.transformation.RetransformInlineInstrumnetation.execute(RetransformInlineInstrumnetation.kt:16)
	at io.mockk.proxy.jvm.ProxyMaker.inline(ProxyMaker.kt:88)
	at io.mockk.proxy.jvm.ProxyMaker.proxy(ProxyMaker.kt:30)
	at io.mockk.impl.instantiation.JvmMockFactory.newProxy(JvmMockFactory.kt:34)
	at io.mockk.impl.instantiation.AbstractMockFactory.newProxy$default(AbstractMockFactory.kt:29)
	at io.mockk.impl.instantiation.AbstractMockFactory.mockk(AbstractMockFactory.kt:59)
	at goos.ui.swing.MainWindowTest$1$1.invokeSuspend(MainWindowTest.kt:90)
	at goos.ui.swing.MainWindowTest$1$1.invoke(MainWindowTest.kt)
	at goos.ui.swing.MainWindowTest$1$1.invoke(MainWindowTest.kt)
	at io.kotest.core.TestConfiguration$beforeTest$1.beforeTest(TestConfiguration.kt:137)
	at io.kotest.core.spec.LifecycleKt.invokeAllBeforeTestCallbacks(lifecycle.kt:76)
	at io.kotest.core.internal.TestCaseExecutor.executeActiveTest(TestCaseExecutor.kt:152)
	at io.kotest.core.internal.TestCaseExecutor.access$executeActiveTest(TestCaseExecutor.kt:57)
	at io.kotest.core.internal.TestCaseExecutor$intercept$innerExecute$1$1.invokeSuspend(TestCaseExecutor.kt:89)
	at io.kotest.core.internal.TestCaseExecutor$intercept$innerExecute$1$1.invoke(TestCaseExecutor.kt)
	at io.kotest.core.internal.TestCaseExecutor$intercept$innerExecute$1$1.invoke(TestCaseExecutor.kt)
	at io.kotest.core.internal.TestCaseExecutor.executeIfEnabled(TestCaseExecutor.kt:117)
	at io.kotest.core.internal.TestCaseExecutor.access$executeIfEnabled(TestCaseExecutor.kt:57)
	at io.kotest.core.internal.TestCaseExecutor$intercept$innerExecute$1.invokeSuspend(TestCaseExecutor.kt:89)
	at io.kotest.core.internal.TestCaseExecutor$intercept$innerExecute$1.invoke(TestCaseExecutor.kt)
	at io.kotest.core.internal.TestCaseExecutor$intercept$innerExecute$1.invoke(TestCaseExecutor.kt)
	at io.kotest.core.internal.TestCaseExecutor.intercept(TestCaseExecutor.kt:103)
	at io.kotest.core.internal.TestCaseExecutor.execute(TestCaseExecutor.kt:69)
	at io.kotest.engine.spec.runners.SingleInstanceSpecRunner.runTest(SingleInstanceSpecRunner.kt:104)
	at io.kotest.engine.spec.runners.SingleInstanceSpecRunner.access$runTest(SingleInstanceSpecRunner.kt:34)
	at io.kotest.engine.spec.runners.SingleInstanceSpecRunner$execute$interceptAndRun$2$4.invokeSuspend(SingleInstanceSpecRunner.kt:57)
	at io.kotest.engine.spec.runners.SingleInstanceSpecRunner$execute$interceptAndRun$2$4.invoke(SingleInstanceSpecRunner.kt)
	at io.kotest.engine.spec.runners.SingleInstanceSpecRunner$execute$interceptAndRun$2$4.invoke(SingleInstanceSpecRunner.kt)
	at io.kotest.engine.launchers.SequentialTestLauncher$launch$3$1$1.invokeSuspend(SequentialTestLauncher.kt:22)
	at kotlin.coroutines.jvm.internal.BaseContinuationImpl.resumeWith(ContinuationImpl.kt:33)
	at kotlinx.coroutines.DispatchedTask.run(DispatchedTask.kt:106)
	at java.base/java.util.concurrent.ThreadPoolExecutor.runWorker(ThreadPoolExecutor.java:1130)
	at java.base/java.util.concurrent.ThreadPoolExecutor$Worker.run(ThreadPoolExecutor.java:630)
	at java.base/java.lang.Thread.run(Thread.java:832)

Sep 29, 2021 2:19:51 AM net.sourceforge.marathon.javaagent.server.JavaServer serve
INFO: JavaServer.serve(POST /session): {
  "desiredCapabilities": {
    "browserName": "java",
    "platform": "ANY"
  },
  "capabilities": {
    "firstMatch": [
      {
        "browserName": "java"
      }
    ]
  }
}
Sep 29, 2021 2:19:51 AM net.sourceforge.marathon.javaagent.server.JavaServer createSession
INFO: Creating device with type: EVENT_QUEUE
Sep 29, 2021 2:19:51 AM net.sourceforge.marathon.javaagent.Device getDevice
INFO: Creating a EVENT_QUEUE device
Sep 29, 2021 2:19:51 AM net.sourceforge.marathon.javaagent.server.JavaServer serve
INFO: POST(/session, {"desiredCapabilities":{"browserName":"java","platform":"ANY"},"capabilities":{"firstMatch":[{"browserName":"java"}]}}) = {data=, status=REDIRECT}
Sep 29, 2021 2:19:51 AM net.sourceforge.marathon.javaagent.server.JavaServer serve
INFO: JavaServer.serve(GET /session/b4f06588-2789-47cb-800e-96558f7154bc): {}
Sep 29, 2021 2:19:51 AM net.sourceforge.marathon.javaagent.server.JavaServer serve
INFO: GET(/session/b4f06588-2789-47cb-800e-96558f7154bc) = {data={"name":"getCapabilities","sessionId":"b4f06588-2789-47cb-800e-96558f7154bc","value":{"applicationCacheEnabled":false,"rotatable":false,"loggingPrefs":{"driver":"ALL"},"handlesAlerts":false,"databaseEnabled":false,"version":"1.0","platform":"ANY","browserConnectionEnabled":false,"nativeEvents":false,"acceptSslCerts":false,"locationContextEnabled":false,"webStorageEnabled":false,"browserName":"java","takesScreenshot":true,"javascriptEnabled":true,"cssSelectorsEnabled":false},"status":0}, status=OK}
Sep 29, 2021 2:19:51 AM org.openqa.selenium.remote.ProtocolHandshake createSession
INFO: Detected dialect: OSS
Sep 29, 2021 2:19:51 AM net.sourceforge.marathon.javaagent.server.JavaServer serve
INFO: JavaServer.serve(POST /session/b4f06588-2789-47cb-800e-96558f7154bc/element): {
  "using": "css selector",
  "value": "."
}
Sep 29, 2021 2:19:51 AM net.sourceforge.marathon.javaagent.server.JavaServer serve
INFO: POST(/session/b4f06588-2789-47cb-800e-96558f7154bc/element, {"using":"css selector","value":"."}) = {data={"name":"findElement","sessionId":"b4f06588-2789-47cb-800e-96558f7154bc","value":{"ELEMENT":"24278843-331e-4c33-84d5-39e7841fad44"},"status":0}, status=OK}
Sep 29, 2021 2:19:51 AM net.sourceforge.marathon.javaagent.server.JavaServer serve
INFO: JavaServer.serve(GET /session/b4f06588-2789-47cb-800e-96558f7154bc/element/24278843-331e-4c33-84d5-39e7841fad44/attribute/name): {}
Sep 29, 2021 2:19:51 AM net.sourceforge.marathon.javaagent.server.JavaServer serve
INFO: GET(/session/b4f06588-2789-47cb-800e-96558f7154bc/element/24278843-331e-4c33-84d5-39e7841fad44/attribute/name) = {data={"name":"getElementAttribute","sessionId":"b4f06588-2789-47cb-800e-96558f7154bc","value":"Auction Sniper Name","status":0}, status=OK}
Sep 29, 2021 2:19:51 AM net.sourceforge.marathon.javaagent.server.JavaServer serve
INFO: JavaServer.serve(POST /session/b4f06588-2789-47cb-800e-96558f7154bc/element): {
  "using": "css selector",
  "value": "."
}
Sep 29, 2021 2:19:51 AM net.sourceforge.marathon.javaagent.server.JavaServer serve
INFO: POST(/session/b4f06588-2789-47cb-800e-96558f7154bc/element, {"using":"css selector","value":"."}) = {data={"name":"findElement","sessionId":"b4f06588-2789-47cb-800e-96558f7154bc","value":{"ELEMENT":"24278843-331e-4c33-84d5-39e7841fad44"},"status":0}, status=OK}
Sep 29, 2021 2:19:52 AM net.sourceforge.marathon.javaagent.server.JavaServer serve
INFO: JavaServer.serve(GET /session/b4f06588-2789-47cb-800e-96558f7154bc/element/24278843-331e-4c33-84d5-39e7841fad44/displayed): {}
Sep 29, 2021 2:19:52 AM net.sourceforge.marathon.javaagent.server.JavaServer serve
INFO: GET(/session/b4f06588-2789-47cb-800e-96558f7154bc/element/24278843-331e-4c33-84d5-39e7841fad44/displayed) = {data={"name":"isDisplayed","sessionId":"b4f06588-2789-47cb-800e-96558f7154bc","value":true,"status":0}, status=OK}
Sep 29, 2021 2:19:52 AM net.sourceforge.marathon.javaagent.server.JavaServer serve
INFO: JavaServer.serve(GET /session/b4f06588-2789-47cb-800e-96558f7154bc/title): {}
Sep 29, 2021 2:19:52 AM net.sourceforge.marathon.javaagent.server.JavaServer serve
INFO: GET(/session/b4f06588-2789-47cb-800e-96558f7154bc/title) = {data={"name":"getWindowTitle","sessionId":"b4f06588-2789-47cb-800e-96558f7154bc","value":"Auction Sniper","status":0}, status=OK}
Sep 29, 2021 2:19:52 AM net.sourceforge.marathon.javaagent.server.JavaServer serve
INFO: JavaServer.serve(POST /session/b4f06588-2789-47cb-800e-96558f7154bc/element): {
  "using": "name",
  "value": "snipers table"
}
Sep 29, 2021 2:19:52 AM net.sourceforge.marathon.javaagent.server.JavaServer serve
INFO: POST(/session/b4f06588-2789-47cb-800e-96558f7154bc/element, {"using":"name","value":"snipers table"}) = {data={"name":"findElement","sessionId":"b4f06588-2789-47cb-800e-96558f7154bc","value":{"ELEMENT":"f000229f-d39c-401d-babd-b161f03fe274"},"status":0}, status=OK}
Sep 29, 2021 2:19:52 AM net.sourceforge.marathon.javaagent.server.JavaServer serve
INFO: JavaServer.serve(POST /session/b4f06588-2789-47cb-800e-96558f7154bc/element/f000229f-d39c-401d-babd-b161f03fe274/elements): {
  "id": "f000229f-d39c-401d-babd-b161f03fe274",
  "using": "css selector",
  "value": ".::header.::all-items"
}
Sep 29, 2021 2:19:52 AM net.sourceforge.marathon.javaagent.server.JavaServer serve
INFO: POST(/session/b4f06588-2789-47cb-800e-96558f7154bc/element/f000229f-d39c-401d-babd-b161f03fe274/elements, {"using":"css selector","id":"f000229f-d39c-401d-babd-b161f03fe274","value":".::header.::all-items"}) = {data={"name":"findElementsOfElement","sessionId":"b4f06588-2789-47cb-800e-96558f7154bc","value":[{"ELEMENT":"d4452c46-cee4-44d6-b42c-4ca0cb657441%23%7B%22selector%22%3A%22nth-item%22%2C%22parameters%22%3A%5B1%5D%7D"},{"ELEMENT":"d4452c46-cee4-44d6-b42c-4ca0cb657441%23%7B%22selector%22%3A%22nth-item%22%2C%22parameters%22%3A%5B2%5D%7D"},{"ELEMENT":"d4452c46-cee4-44d6-b42c-4ca0cb657441%23%7B%22selector%22%3A%22nth-item%22%2C%22parameters%22%3A%5B3%5D%7D"},{"ELEMENT":"d4452c46-cee4-44d6-b42c-4ca0cb657441%23%7B%22selector%22%3A%22nth-item%22%2C%22parameters%22%3A%5B4%5D%7D"}],"status":0}, status=OK}
Sep 29, 2021 2:19:52 AM net.sourceforge.marathon.javaagent.server.JavaServer serve
INFO: JavaServer.serve(GET /session/b4f06588-2789-47cb-800e-96558f7154bc/element/d4452c46-cee4-44d6-b42c-4ca0cb657441%23%7B%22selector%22%3A%22nth-item%22%2C%22parameters%22%3A%5B1%5D%7D/text): {}
Sep 29, 2021 2:19:52 AM net.sourceforge.marathon.javaagent.server.JavaServer serve
INFO: GET(/session/b4f06588-2789-47cb-800e-96558f7154bc/element/d4452c46-cee4-44d6-b42c-4ca0cb657441%23%7B%22selector%22%3A%22nth-item%22%2C%22parameters%22%3A%5B1%5D%7D/text) = {data={"name":"getElementText","sessionId":"b4f06588-2789-47cb-800e-96558f7154bc","value":"Item","status":0}, status=OK}
Sep 29, 2021 2:19:52 AM net.sourceforge.marathon.javaagent.server.JavaServer serve
INFO: JavaServer.serve(GET /session/b4f06588-2789-47cb-800e-96558f7154bc/element/d4452c46-cee4-44d6-b42c-4ca0cb657441%23%7B%22selector%22%3A%22nth-item%22%2C%22parameters%22%3A%5B2%5D%7D/text): {}
Sep 29, 2021 2:19:52 AM net.sourceforge.marathon.javaagent.server.JavaServer serve
INFO: GET(/session/b4f06588-2789-47cb-800e-96558f7154bc/element/d4452c46-cee4-44d6-b42c-4ca0cb657441%23%7B%22selector%22%3A%22nth-item%22%2C%22parameters%22%3A%5B2%5D%7D/text) = {data={"name":"getElementText","sessionId":"b4f06588-2789-47cb-800e-96558f7154bc","value":"Last Price","status":0}, status=OK}
Sep 29, 2021 2:19:52 AM net.sourceforge.marathon.javaagent.server.JavaServer serve
INFO: JavaServer.serve(GET /session/b4f06588-2789-47cb-800e-96558f7154bc/element/d4452c46-cee4-44d6-b42c-4ca0cb657441%23%7B%22selector%22%3A%22nth-item%22%2C%22parameters%22%3A%5B3%5D%7D/text): {}
Sep 29, 2021 2:19:52 AM net.sourceforge.marathon.javaagent.server.JavaServer serve
INFO: GET(/session/b4f06588-2789-47cb-800e-96558f7154bc/element/d4452c46-cee4-44d6-b42c-4ca0cb657441%23%7B%22selector%22%3A%22nth-item%22%2C%22parameters%22%3A%5B3%5D%7D/text) = {data={"name":"getElementText","sessionId":"b4f06588-2789-47cb-800e-96558f7154bc","value":"Last Bid","status":0}, status=OK}
Sep 29, 2021 2:19:52 AM net.sourceforge.marathon.javaagent.server.JavaServer serve
INFO: JavaServer.serve(GET /session/b4f06588-2789-47cb-800e-96558f7154bc/element/d4452c46-cee4-44d6-b42c-4ca0cb657441%23%7B%22selector%22%3A%22nth-item%22%2C%22parameters%22%3A%5B4%5D%7D/text): {}
Sep 29, 2021 2:19:52 AM net.sourceforge.marathon.javaagent.server.JavaServer serve
INFO: GET(/session/b4f06588-2789-47cb-800e-96558f7154bc/element/d4452c46-cee4-44d6-b42c-4ca0cb657441%23%7B%22selector%22%3A%22nth-item%22%2C%22parameters%22%3A%5B4%5D%7D/text) = {data={"name":"getElementText","sessionId":"b4f06588-2789-47cb-800e-96558f7154bc","value":"State","status":0}, status=OK}
Sep 29, 2021 2:19:52 AM net.sourceforge.marathon.javaagent.server.JavaServer serve
INFO: JavaServer.serve(DELETE /session/b4f06588-2789-47cb-800e-96558f7154bc/window): {}
Sep 29, 2021 2:19:52 AM net.sourceforge.marathon.javaagent.server.JavaServer serve
INFO: DELETE(/session/b4f06588-2789-47cb-800e-96558f7154bc/window) = {data={"name":"closeSession","sessionId":"b4f06588-2789-47cb-800e-96558f7154bc","status":0}, status=OK}
Sep 29, 2021 2:19:52 AM net.sourceforge.marathon.javaagent.server.JavaServer serve
INFO: JavaServer.serve(POST /session): {
  "desiredCapabilities": {
    "browserName": "java",
    "platform": "ANY"
  },
  "capabilities": {
    "firstMatch": [
      {
        "browserName": "java"
      }
    ]
  }
}
Sep 29, 2021 2:19:52 AM net.sourceforge.marathon.javaagent.server.JavaServer createSession
INFO: Creating device with type: EVENT_QUEUE
Sep 29, 2021 2:19:52 AM net.sourceforge.marathon.javaagent.Device getDevice
INFO: Creating a EVENT_QUEUE device
Sep 29, 2021 2:19:52 AM net.sourceforge.marathon.javaagent.server.JavaServer serve
INFO: POST(/session, {"desiredCapabilities":{"browserName":"java","platform":"ANY"},"capabilities":{"firstMatch":[{"browserName":"java"}]}}) = {data=, status=REDIRECT}
Sep 29, 2021 2:19:52 AM net.sourceforge.marathon.javaagent.server.JavaServer serve
INFO: JavaServer.serve(GET /session/245d6168-cb4d-4be1-b76b-4481d729c72d): {}
Sep 29, 2021 2:19:52 AM net.sourceforge.marathon.javaagent.server.JavaServer serve
INFO: GET(/session/245d6168-cb4d-4be1-b76b-4481d729c72d) = {data={"name":"getCapabilities","sessionId":"245d6168-cb4d-4be1-b76b-4481d729c72d","value":{"applicationCacheEnabled":false,"rotatable":false,"loggingPrefs":{"driver":"ALL"},"handlesAlerts":false,"databaseEnabled":false,"version":"1.0","platform":"ANY","browserConnectionEnabled":false,"nativeEvents":false,"acceptSslCerts":false,"locationContextEnabled":false,"webStorageEnabled":false,"browserName":"java","takesScreenshot":true,"javascriptEnabled":true,"cssSelectorsEnabled":false},"status":0}, status=OK}
Sep 29, 2021 2:19:52 AM org.openqa.selenium.remote.ProtocolHandshake createSession
INFO: Detected dialect: OSS
Sep 29, 2021 2:19:52 AM net.sourceforge.marathon.javaagent.server.JavaServer serve
INFO: JavaServer.serve(POST /session/245d6168-cb4d-4be1-b76b-4481d729c72d/element): {
  "using": "name",
  "value": "new item id field"
}
Sep 29, 2021 2:19:52 AM net.sourceforge.marathon.javaagent.server.JavaServer serve
INFO: POST(/session/245d6168-cb4d-4be1-b76b-4481d729c72d/element, {"using":"name","value":"new item id field"}) = {data={"name":"findElement","sessionId":"245d6168-cb4d-4be1-b76b-4481d729c72d","value":{"ELEMENT":"a186ea75-c94b-4842-8c4a-0a5fbe595ba2"},"status":0}, status=OK}
Sep 29, 2021 2:19:52 AM net.sourceforge.marathon.javaagent.server.JavaServer serve
INFO: JavaServer.serve(POST /session/245d6168-cb4d-4be1-b76b-4481d729c72d/element/a186ea75-c94b-4842-8c4a-0a5fbe595ba2/clear): {
  "id": "a186ea75-c94b-4842-8c4a-0a5fbe595ba2"
}
Sep 29, 2021 2:19:52 AM net.sourceforge.marathon.javaagent.server.JavaServer serve
INFO: POST(/session/245d6168-cb4d-4be1-b76b-4481d729c72d/element/a186ea75-c94b-4842-8c4a-0a5fbe595ba2/clear, {"id":"a186ea75-c94b-4842-8c4a-0a5fbe595ba2"}) = {data={"name":"clearElement","sessionId":"245d6168-cb4d-4be1-b76b-4481d729c72d","status":0}, status=OK}
Sep 29, 2021 2:19:52 AM net.sourceforge.marathon.javaagent.server.JavaServer serve
INFO: JavaServer.serve(POST /session/245d6168-cb4d-4be1-b76b-4481d729c72d/element/a186ea75-c94b-4842-8c4a-0a5fbe595ba2/value): {
  "id": "a186ea75-c94b-4842-8c4a-0a5fbe595ba2",
  "value": [
    "an item-id"
  ]
}
Sep 29, 2021 2:19:52 AM net.sourceforge.marathon.javaagent.EventQueueDevice dispatchEvent
INFO: java.awt.event.KeyEvent[KEY_PRESSED,keyCode=65,keyText=A,keyChar='a',keyLocation=KEY_LOCATION_UNKNOWN,rawCode=0,primaryLevelUnicode=0,scancode=0,extendedKeyCode=0x0] on new item id field
Sep 29, 2021 2:19:52 AM net.sourceforge.marathon.javaagent.EventQueueDevice dispatchEvent
INFO: java.awt.event.KeyEvent[KEY_TYPED,keyCode=0,keyText=Unknown keyCode: 0x0,keyChar='a',keyLocation=KEY_LOCATION_UNKNOWN,rawCode=0,primaryLevelUnicode=0,scancode=0,extendedKeyCode=0x0] on new item id field
Sep 29, 2021 2:19:52 AM net.sourceforge.marathon.javaagent.EventQueueDevice dispatchEvent
INFO: java.awt.event.KeyEvent[KEY_RELEASED,keyCode=65,keyText=A,keyChar='a',keyLocation=KEY_LOCATION_UNKNOWN,rawCode=0,primaryLevelUnicode=0,scancode=0,extendedKeyCode=0x0] on new item id field
Sep 29, 2021 2:19:52 AM net.sourceforge.marathon.javaagent.EventQueueDevice dispatchEvent
INFO: java.awt.event.KeyEvent[KEY_PRESSED,keyCode=78,keyText=N,keyChar='n',keyLocation=KEY_LOCATION_UNKNOWN,rawCode=0,primaryLevelUnicode=0,scancode=0,extendedKeyCode=0x0] on new item id field
Sep 29, 2021 2:19:52 AM net.sourceforge.marathon.javaagent.EventQueueDevice dispatchEvent
INFO: java.awt.event.KeyEvent[KEY_TYPED,keyCode=0,keyText=Unknown keyCode: 0x0,keyChar='n',keyLocation=KEY_LOCATION_UNKNOWN,rawCode=0,primaryLevelUnicode=0,scancode=0,extendedKeyCode=0x0] on new item id field
Sep 29, 2021 2:19:52 AM net.sourceforge.marathon.javaagent.EventQueueDevice dispatchEvent
INFO: java.awt.event.KeyEvent[KEY_RELEASED,keyCode=78,keyText=N,keyChar='n',keyLocation=KEY_LOCATION_UNKNOWN,rawCode=0,primaryLevelUnicode=0,scancode=0,extendedKeyCode=0x0] on new item id field
Sep 29, 2021 2:19:52 AM net.sourceforge.marathon.javaagent.EventQueueDevice dispatchEvent
INFO: java.awt.event.KeyEvent[KEY_PRESSED,keyCode=16,keyText=Shift,keyChar=Undefined keyChar,modifiers=Shift,extModifiers=Shift,keyLocation=KEY_LOCATION_UNKNOWN,rawCode=0,primaryLevelUnicode=0,scancode=0,extendedKeyCode=0x0] on new item id field
Sep 29, 2021 2:19:52 AM net.sourceforge.marathon.javaagent.EventQueueDevice dispatchEvent
INFO: java.awt.event.KeyEvent[KEY_PRESSED,keyCode=32,keyText=Space,keyChar=' ',modifiers=Shift,extModifiers=Shift,keyLocation=KEY_LOCATION_UNKNOWN,rawCode=0,primaryLevelUnicode=0,scancode=0,extendedKeyCode=0x0] on new item id field
Sep 29, 2021 2:19:52 AM net.sourceforge.marathon.javaagent.EventQueueDevice dispatchEvent
INFO: java.awt.event.KeyEvent[KEY_TYPED,keyCode=0,keyText=Unknown keyCode: 0x0,keyChar=' ',modifiers=Shift,extModifiers=Shift,keyLocation=KEY_LOCATION_UNKNOWN,rawCode=0,primaryLevelUnicode=0,scancode=0,extendedKeyCode=0x0] on new item id field
Sep 29, 2021 2:19:52 AM net.sourceforge.marathon.javaagent.EventQueueDevice dispatchEvent
INFO: java.awt.event.KeyEvent[KEY_RELEASED,keyCode=32,keyText=Space,keyChar=' ',modifiers=Shift,extModifiers=Shift,keyLocation=KEY_LOCATION_UNKNOWN,rawCode=0,primaryLevelUnicode=0,scancode=0,extendedKeyCode=0x0] on new item id field
Sep 29, 2021 2:19:52 AM net.sourceforge.marathon.javaagent.EventQueueDevice dispatchEvent
INFO: java.awt.event.KeyEvent[KEY_RELEASED,keyCode=16,keyText=Shift,keyChar=Undefined keyChar,keyLocation=KEY_LOCATION_UNKNOWN,rawCode=0,primaryLevelUnicode=0,scancode=0,extendedKeyCode=0x0] on new item id field
Sep 29, 2021 2:19:52 AM net.sourceforge.marathon.javaagent.EventQueueDevice dispatchEvent
INFO: java.awt.event.KeyEvent[KEY_PRESSED,keyCode=73,keyText=I,keyChar='i',keyLocation=KEY_LOCATION_UNKNOWN,rawCode=0,primaryLevelUnicode=0,scancode=0,extendedKeyCode=0x0] on new item id field
Sep 29, 2021 2:19:52 AM net.sourceforge.marathon.javaagent.EventQueueDevice dispatchEvent
INFO: java.awt.event.KeyEvent[KEY_TYPED,keyCode=0,keyText=Unknown keyCode: 0x0,keyChar='i',keyLocation=KEY_LOCATION_UNKNOWN,rawCode=0,primaryLevelUnicode=0,scancode=0,extendedKeyCode=0x0] on new item id field
Sep 29, 2021 2:19:52 AM net.sourceforge.marathon.javaagent.EventQueueDevice dispatchEvent
INFO: java.awt.event.KeyEvent[KEY_RELEASED,keyCode=73,keyText=I,keyChar='i',keyLocation=KEY_LOCATION_UNKNOWN,rawCode=0,primaryLevelUnicode=0,scancode=0,extendedKeyCode=0x0] on new item id field
Sep 29, 2021 2:19:52 AM net.sourceforge.marathon.javaagent.EventQueueDevice dispatchEvent
INFO: java.awt.event.KeyEvent[KEY_PRESSED,keyCode=84,keyText=T,keyChar='t',keyLocation=KEY_LOCATION_UNKNOWN,rawCode=0,primaryLevelUnicode=0,scancode=0,extendedKeyCode=0x0] on new item id field
Sep 29, 2021 2:19:52 AM net.sourceforge.marathon.javaagent.EventQueueDevice dispatchEvent
INFO: java.awt.event.KeyEvent[KEY_TYPED,keyCode=0,keyText=Unknown keyCode: 0x0,keyChar='t',keyLocation=KEY_LOCATION_UNKNOWN,rawCode=0,primaryLevelUnicode=0,scancode=0,extendedKeyCode=0x0] on new item id field
Sep 29, 2021 2:19:52 AM net.sourceforge.marathon.javaagent.EventQueueDevice dispatchEvent
INFO: java.awt.event.KeyEvent[KEY_RELEASED,keyCode=84,keyText=T,keyChar='t',keyLocation=KEY_LOCATION_UNKNOWN,rawCode=0,primaryLevelUnicode=0,scancode=0,extendedKeyCode=0x0] on new item id field
Sep 29, 2021 2:19:52 AM net.sourceforge.marathon.javaagent.EventQueueDevice dispatchEvent
INFO: java.awt.event.KeyEvent[KEY_PRESSED,keyCode=69,keyText=E,keyChar='e',keyLocation=KEY_LOCATION_UNKNOWN,rawCode=0,primaryLevelUnicode=0,scancode=0,extendedKeyCode=0x0] on new item id field
Sep 29, 2021 2:19:52 AM net.sourceforge.marathon.javaagent.EventQueueDevice dispatchEvent
INFO: java.awt.event.KeyEvent[KEY_TYPED,keyCode=0,keyText=Unknown keyCode: 0x0,keyChar='e',keyLocation=KEY_LOCATION_UNKNOWN,rawCode=0,primaryLevelUnicode=0,scancode=0,extendedKeyCode=0x0] on new item id field
Sep 29, 2021 2:19:52 AM net.sourceforge.marathon.javaagent.EventQueueDevice dispatchEvent
INFO: java.awt.event.KeyEvent[KEY_RELEASED,keyCode=69,keyText=E,keyChar='e',keyLocation=KEY_LOCATION_UNKNOWN,rawCode=0,primaryLevelUnicode=0,scancode=0,extendedKeyCode=0x0] on new item id field
Sep 29, 2021 2:19:52 AM net.sourceforge.marathon.javaagent.EventQueueDevice dispatchEvent
INFO: java.awt.event.KeyEvent[KEY_PRESSED,keyCode=77,keyText=M,keyChar='m',keyLocation=KEY_LOCATION_UNKNOWN,rawCode=0,primaryLevelUnicode=0,scancode=0,extendedKeyCode=0x0] on new item id field
Sep 29, 2021 2:19:52 AM net.sourceforge.marathon.javaagent.EventQueueDevice dispatchEvent
INFO: java.awt.event.KeyEvent[KEY_TYPED,keyCode=0,keyText=Unknown keyCode: 0x0,keyChar='m',keyLocation=KEY_LOCATION_UNKNOWN,rawCode=0,primaryLevelUnicode=0,scancode=0,extendedKeyCode=0x0] on new item id field
Sep 29, 2021 2:19:52 AM net.sourceforge.marathon.javaagent.EventQueueDevice dispatchEvent
INFO: java.awt.event.KeyEvent[KEY_RELEASED,keyCode=77,keyText=M,keyChar='m',keyLocation=KEY_LOCATION_UNKNOWN,rawCode=0,primaryLevelUnicode=0,scancode=0,extendedKeyCode=0x0] on new item id field
Sep 29, 2021 2:19:52 AM net.sourceforge.marathon.javaagent.EventQueueDevice dispatchEvent
INFO: java.awt.event.KeyEvent[KEY_PRESSED,keyCode=45,keyText=Minus,keyChar='-',keyLocation=KEY_LOCATION_UNKNOWN,rawCode=0,primaryLevelUnicode=0,scancode=0,extendedKeyCode=0x0] on new item id field
Sep 29, 2021 2:19:52 AM net.sourceforge.marathon.javaagent.EventQueueDevice dispatchEvent
INFO: java.awt.event.KeyEvent[KEY_TYPED,keyCode=0,keyText=Unknown keyCode: 0x0,keyChar='-',keyLocation=KEY_LOCATION_UNKNOWN,rawCode=0,primaryLevelUnicode=0,scancode=0,extendedKeyCode=0x0] on new item id field
Sep 29, 2021 2:19:52 AM net.sourceforge.marathon.javaagent.EventQueueDevice dispatchEvent
INFO: java.awt.event.KeyEvent[KEY_RELEASED,keyCode=45,keyText=Minus,keyChar='-',keyLocation=KEY_LOCATION_UNKNOWN,rawCode=0,primaryLevelUnicode=0,scancode=0,extendedKeyCode=0x0] on new item id field
Sep 29, 2021 2:19:52 AM net.sourceforge.marathon.javaagent.EventQueueDevice dispatchEvent
INFO: java.awt.event.KeyEvent[KEY_PRESSED,keyCode=73,keyText=I,keyChar='i',keyLocation=KEY_LOCATION_UNKNOWN,rawCode=0,primaryLevelUnicode=0,scancode=0,extendedKeyCode=0x0] on new item id field
Sep 29, 2021 2:19:52 AM net.sourceforge.marathon.javaagent.EventQueueDevice dispatchEvent
INFO: java.awt.event.KeyEvent[KEY_TYPED,keyCode=0,keyText=Unknown keyCode: 0x0,keyChar='i',keyLocation=KEY_LOCATION_UNKNOWN,rawCode=0,primaryLevelUnicode=0,scancode=0,extendedKeyCode=0x0] on new item id field
Sep 29, 2021 2:19:52 AM net.sourceforge.marathon.javaagent.EventQueueDevice dispatchEvent
INFO: java.awt.event.KeyEvent[KEY_RELEASED,keyCode=73,keyText=I,keyChar='i',keyLocation=KEY_LOCATION_UNKNOWN,rawCode=0,primaryLevelUnicode=0,scancode=0,extendedKeyCode=0x0] on new item id field
Sep 29, 2021 2:19:52 AM net.sourceforge.marathon.javaagent.EventQueueDevice dispatchEvent
INFO: java.awt.event.KeyEvent[KEY_PRESSED,keyCode=68,keyText=D,keyChar='d',keyLocation=KEY_LOCATION_UNKNOWN,rawCode=0,primaryLevelUnicode=0,scancode=0,extendedKeyCode=0x0] on new item id field
Sep 29, 2021 2:19:52 AM net.sourceforge.marathon.javaagent.EventQueueDevice dispatchEvent
INFO: java.awt.event.KeyEvent[KEY_TYPED,keyCode=0,keyText=Unknown keyCode: 0x0,keyChar='d',keyLocation=KEY_LOCATION_UNKNOWN,rawCode=0,primaryLevelUnicode=0,scancode=0,extendedKeyCode=0x0] on new item id field
Sep 29, 2021 2:19:52 AM net.sourceforge.marathon.javaagent.EventQueueDevice dispatchEvent
INFO: java.awt.event.KeyEvent[KEY_RELEASED,keyCode=68,keyText=D,keyChar='d',keyLocation=KEY_LOCATION_UNKNOWN,rawCode=0,primaryLevelUnicode=0,scancode=0,extendedKeyCode=0x0] on new item id field
Sep 29, 2021 2:19:52 AM net.sourceforge.marathon.javaagent.server.JavaServer serve
INFO: POST(/session/245d6168-cb4d-4be1-b76b-4481d729c72d/element/a186ea75-c94b-4842-8c4a-0a5fbe595ba2/value, {"id":"a186ea75-c94b-4842-8c4a-0a5fbe595ba2","value":["an item-id"]}) = {data={"name":"sendKeysElement","sessionId":"245d6168-cb4d-4be1-b76b-4481d729c72d","status":0}, status=OK}
Sep 29, 2021 2:19:52 AM net.sourceforge.marathon.javaagent.server.JavaServer serve
INFO: JavaServer.serve(POST /session/245d6168-cb4d-4be1-b76b-4481d729c72d/element): {
  "using": "name",
  "value": "new item stop price field"
}
Sep 29, 2021 2:19:52 AM net.sourceforge.marathon.javaagent.server.JavaServer serve
INFO: POST(/session/245d6168-cb4d-4be1-b76b-4481d729c72d/element, {"using":"name","value":"new item stop price field"}) = {data={"name":"findElement","sessionId":"245d6168-cb4d-4be1-b76b-4481d729c72d","value":{"ELEMENT":"fa3b2eae-b557-4515-9802-f8de56e8fda1"},"status":0}, status=OK}
Sep 29, 2021 2:19:52 AM net.sourceforge.marathon.javaagent.server.JavaServer serve
INFO: JavaServer.serve(POST /session/245d6168-cb4d-4be1-b76b-4481d729c72d/element/fa3b2eae-b557-4515-9802-f8de56e8fda1/clear): {
  "id": "fa3b2eae-b557-4515-9802-f8de56e8fda1"
}
Sep 29, 2021 2:19:52 AM net.sourceforge.marathon.javaagent.server.JavaServer serve
INFO: POST(/session/245d6168-cb4d-4be1-b76b-4481d729c72d/element/fa3b2eae-b557-4515-9802-f8de56e8fda1/clear, {"id":"fa3b2eae-b557-4515-9802-f8de56e8fda1"}) = {data={"name":"clearElement","sessionId":"245d6168-cb4d-4be1-b76b-4481d729c72d","status":0}, status=OK}
Sep 29, 2021 2:19:52 AM net.sourceforge.marathon.javaagent.server.JavaServer serve
INFO: JavaServer.serve(POST /session/245d6168-cb4d-4be1-b76b-4481d729c72d/element/fa3b2eae-b557-4515-9802-f8de56e8fda1/value): {
  "id": "fa3b2eae-b557-4515-9802-f8de56e8fda1",
  "value": [
    "11000"
  ]
}
Sep 29, 2021 2:19:52 AM net.sourceforge.marathon.javaagent.EventQueueDevice dispatchEvent
INFO: java.awt.event.KeyEvent[KEY_PRESSED,keyCode=49,keyText=1,keyChar='1',keyLocation=KEY_LOCATION_UNKNOWN,rawCode=0,primaryLevelUnicode=0,scancode=0,extendedKeyCode=0x0] on new item stop price field
Sep 29, 2021 2:19:52 AM net.sourceforge.marathon.javaagent.EventQueueDevice dispatchEvent
INFO: java.awt.event.KeyEvent[KEY_TYPED,keyCode=0,keyText=Unknown keyCode: 0x0,keyChar='1',keyLocation=KEY_LOCATION_UNKNOWN,rawCode=0,primaryLevelUnicode=0,scancode=0,extendedKeyCode=0x0] on new item stop price field
Sep 29, 2021 2:19:52 AM net.sourceforge.marathon.javaagent.EventQueueDevice dispatchEvent
INFO: java.awt.event.KeyEvent[KEY_RELEASED,keyCode=49,keyText=1,keyChar='1',keyLocation=KEY_LOCATION_UNKNOWN,rawCode=0,primaryLevelUnicode=0,scancode=0,extendedKeyCode=0x0] on new item stop price field
Sep 29, 2021 2:19:52 AM net.sourceforge.marathon.javaagent.EventQueueDevice dispatchEvent
INFO: java.awt.event.KeyEvent[KEY_PRESSED,keyCode=49,keyText=1,keyChar='1',keyLocation=KEY_LOCATION_UNKNOWN,rawCode=0,primaryLevelUnicode=0,scancode=0,extendedKeyCode=0x0] on new item stop price field
Sep 29, 2021 2:19:52 AM net.sourceforge.marathon.javaagent.EventQueueDevice dispatchEvent
INFO: java.awt.event.KeyEvent[KEY_TYPED,keyCode=0,keyText=Unknown keyCode: 0x0,keyChar='1',keyLocation=KEY_LOCATION_UNKNOWN,rawCode=0,primaryLevelUnicode=0,scancode=0,extendedKeyCode=0x0] on new item stop price field
Sep 29, 2021 2:19:52 AM net.sourceforge.marathon.javaagent.EventQueueDevice dispatchEvent
INFO: java.awt.event.KeyEvent[KEY_RELEASED,keyCode=49,keyText=1,keyChar='1',keyLocation=KEY_LOCATION_UNKNOWN,rawCode=0,primaryLevelUnicode=0,scancode=0,extendedKeyCode=0x0] on new item stop price field
Sep 29, 2021 2:19:52 AM net.sourceforge.marathon.javaagent.EventQueueDevice dispatchEvent
INFO: java.awt.event.KeyEvent[KEY_PRESSED,keyCode=48,keyText=0,keyChar='0',keyLocation=KEY_LOCATION_UNKNOWN,rawCode=0,primaryLevelUnicode=0,scancode=0,extendedKeyCode=0x0] on new item stop price field
Sep 29, 2021 2:19:52 AM net.sourceforge.marathon.javaagent.EventQueueDevice dispatchEvent
INFO: java.awt.event.KeyEvent[KEY_TYPED,keyCode=0,keyText=Unknown keyCode: 0x0,keyChar='0',keyLocation=KEY_LOCATION_UNKNOWN,rawCode=0,primaryLevelUnicode=0,scancode=0,extendedKeyCode=0x0] on new item stop price field
Sep 29, 2021 2:19:52 AM net.sourceforge.marathon.javaagent.EventQueueDevice dispatchEvent
INFO: java.awt.event.KeyEvent[KEY_RELEASED,keyCode=48,keyText=0,keyChar='0',keyLocation=KEY_LOCATION_UNKNOWN,rawCode=0,primaryLevelUnicode=0,scancode=0,extendedKeyCode=0x0] on new item stop price field
Sep 29, 2021 2:19:52 AM net.sourceforge.marathon.javaagent.EventQueueDevice dispatchEvent
INFO: java.awt.event.KeyEvent[KEY_PRESSED,keyCode=48,keyText=0,keyChar='0',keyLocation=KEY_LOCATION_UNKNOWN,rawCode=0,primaryLevelUnicode=0,scancode=0,extendedKeyCode=0x0] on new item stop price field
Sep 29, 2021 2:19:52 AM net.sourceforge.marathon.javaagent.EventQueueDevice dispatchEvent
INFO: java.awt.event.KeyEvent[KEY_TYPED,keyCode=0,keyText=Unknown keyCode: 0x0,keyChar='0',keyLocation=KEY_LOCATION_UNKNOWN,rawCode=0,primaryLevelUnicode=0,scancode=0,extendedKeyCode=0x0] on new item stop price field
Sep 29, 2021 2:19:52 AM net.sourceforge.marathon.javaagent.EventQueueDevice dispatchEvent
INFO: java.awt.event.KeyEvent[KEY_RELEASED,keyCode=48,keyText=0,keyChar='0',keyLocation=KEY_LOCATION_UNKNOWN,rawCode=0,primaryLevelUnicode=0,scancode=0,extendedKeyCode=0x0] on new item stop price field
Sep 29, 2021 2:19:52 AM net.sourceforge.marathon.javaagent.EventQueueDevice dispatchEvent
INFO: java.awt.event.KeyEvent[KEY_PRESSED,keyCode=48,keyText=0,keyChar='0',keyLocation=KEY_LOCATION_UNKNOWN,rawCode=0,primaryLevelUnicode=0,scancode=0,extendedKeyCode=0x0] on new item stop price field
Sep 29, 2021 2:19:52 AM net.sourceforge.marathon.javaagent.EventQueueDevice dispatchEvent
INFO: java.awt.event.KeyEvent[KEY_TYPED,keyCode=0,keyText=Unknown keyCode: 0x0,keyChar='0',keyLocation=KEY_LOCATION_UNKNOWN,rawCode=0,primaryLevelUnicode=0,scancode=0,extendedKeyCode=0x0] on new item stop price field
Sep 29, 2021 2:19:52 AM net.sourceforge.marathon.javaagent.EventQueueDevice dispatchEvent
INFO: java.awt.event.KeyEvent[KEY_RELEASED,keyCode=48,keyText=0,keyChar='0',keyLocation=KEY_LOCATION_UNKNOWN,rawCode=0,primaryLevelUnicode=0,scancode=0,extendedKeyCode=0x0] on new item stop price field
Sep 29, 2021 2:19:52 AM net.sourceforge.marathon.javaagent.server.JavaServer serve
INFO: POST(/session/245d6168-cb4d-4be1-b76b-4481d729c72d/element/fa3b2eae-b557-4515-9802-f8de56e8fda1/value, {"id":"fa3b2eae-b557-4515-9802-f8de56e8fda1","value":["11000"]}) = {data={"name":"sendKeysElement","sessionId":"245d6168-cb4d-4be1-b76b-4481d729c72d","status":0}, status=OK}
Sep 29, 2021 2:19:52 AM net.sourceforge.marathon.javaagent.server.JavaServer serve
INFO: JavaServer.serve(POST /session/245d6168-cb4d-4be1-b76b-4481d729c72d/element): {
  "using": "name",
  "value": "join button"
}
Sep 29, 2021 2:19:52 AM net.sourceforge.marathon.javaagent.server.JavaServer serve
INFO: POST(/session/245d6168-cb4d-4be1-b76b-4481d729c72d/element, {"using":"name","value":"join button"}) = {data={"name":"findElement","sessionId":"245d6168-cb4d-4be1-b76b-4481d729c72d","value":{"ELEMENT":"f96e5c22-e628-4346-8742-567cf3e8e086"},"status":0}, status=OK}
Sep 29, 2021 2:19:52 AM net.sourceforge.marathon.javaagent.server.JavaServer serve
INFO: JavaServer.serve(POST /session/245d6168-cb4d-4be1-b76b-4481d729c72d/element/f96e5c22-e628-4346-8742-567cf3e8e086/click): {
  "id": "f96e5c22-e628-4346-8742-567cf3e8e086"
}
Sep 29, 2021 2:19:52 AM net.sourceforge.marathon.javaagent.EventQueueDevice dispatchEvent
INFO: java.awt.event.MouseEvent[MOUSE_PRESSED,(58,12),absolute(589,17),button=1,modifiers=Button1,extModifiers=Button1,clickCount=1] on join button
Sep 29, 2021 2:19:52 AM net.sourceforge.marathon.javaagent.EventQueueDevice dispatchEvent
INFO: java.awt.event.MouseEvent[MOUSE_RELEASED,(58,12),absolute(589,17),button=1,modifiers=Button1,clickCount=1] on join button
Sep 29, 2021 2:19:52 AM net.sourceforge.marathon.javaagent.EventQueueDevice dispatchEvent
INFO: java.awt.event.MouseEvent[MOUSE_CLICKED,(58,12),absolute(589,17),button=1,modifiers=Button1,clickCount=1] on join button
Sep 29, 2021 2:19:52 AM net.sourceforge.marathon.javaagent.server.JavaServer serve
INFO: POST(/session/245d6168-cb4d-4be1-b76b-4481d729c72d/element/f96e5c22-e628-4346-8742-567cf3e8e086/click, {"id":"f96e5c22-e628-4346-8742-567cf3e8e086"}) = {data={"name":"clickElement","sessionId":"245d6168-cb4d-4be1-b76b-4481d729c72d","status":0}, status=OK}
Sep 29, 2021 2:19:53 AM net.sourceforge.marathon.javaagent.server.JavaServer serve
INFO: JavaServer.serve(DELETE /session/245d6168-cb4d-4be1-b76b-4481d729c72d/window): {}
Sep 29, 2021 2:19:53 AM net.sourceforge.marathon.javaagent.server.JavaServer serve
INFO: DELETE(/session/245d6168-cb4d-4be1-b76b-4481d729c72d/window) = {data={"name":"closeSession","sessionId":"245d6168-cb4d-4be1-b76b-4481d729c72d","status":0}, status=OK}
Sep 29, 2021 2:19:53 AM net.sourceforge.marathon.javaagent.server.JavaServer serve
INFO: JavaServer.serve(POST /session): {
  "desiredCapabilities": {
    "browserName": "java",
    "platform": "ANY"
  },
  "capabilities": {
    "firstMatch": [
      {
        "browserName": "java"
      }
    ]
  }
}
Sep 29, 2021 2:19:53 AM net.sourceforge.marathon.javaagent.server.JavaServer createSession
INFO: Creating device with type: EVENT_QUEUE
Sep 29, 2021 2:19:53 AM net.sourceforge.marathon.javaagent.Device getDevice
INFO: Creating a EVENT_QUEUE device
Sep 29, 2021 2:19:53 AM net.sourceforge.marathon.javaagent.server.JavaServer serve
INFO: POST(/session, {"desiredCapabilities":{"browserName":"java","platform":"ANY"},"capabilities":{"firstMatch":[{"browserName":"java"}]}}) = {data=, status=REDIRECT}
Sep 29, 2021 2:19:53 AM net.sourceforge.marathon.javaagent.server.JavaServer serve
INFO: JavaServer.serve(GET /session/138fc9f4-3032-4e6a-956b-b9248ac34ead): {}
Sep 29, 2021 2:19:53 AM net.sourceforge.marathon.javaagent.server.JavaServer serve
INFO: GET(/session/138fc9f4-3032-4e6a-956b-b9248ac34ead) = {data={"name":"getCapabilities","sessionId":"138fc9f4-3032-4e6a-956b-b9248ac34ead","value":{"applicationCacheEnabled":false,"rotatable":false,"loggingPrefs":{"driver":"ALL"},"handlesAlerts":false,"databaseEnabled":false,"version":"1.0","platform":"ANY","browserConnectionEnabled":false,"nativeEvents":false,"acceptSslCerts":false,"locationContextEnabled":false,"webStorageEnabled":false,"browserName":"java","takesScreenshot":true,"javascriptEnabled":true,"cssSelectorsEnabled":false},"status":0}, status=OK}
Sep 29, 2021 2:19:53 AM org.openqa.selenium.remote.ProtocolHandshake createSession
INFO: Detected dialect: OSS
Sep 29, 2021 2:19:53 AM net.sourceforge.marathon.javaagent.server.JavaServer serve
INFO: JavaServer.serve(POST /session/138fc9f4-3032-4e6a-956b-b9248ac34ead/element): {
  "using": "name",
  "value": "sniper reset button"
}
Sep 29, 2021 2:19:53 AM net.sourceforge.marathon.javaagent.server.JavaServer serve
INFO: POST(/session/138fc9f4-3032-4e6a-956b-b9248ac34ead/element, {"using":"name","value":"sniper reset button"}) = {data={"name":"findElement","sessionId":"138fc9f4-3032-4e6a-956b-b9248ac34ead","value":{"ELEMENT":"d85757cb-b230-49bb-9a7b-ab8806e3a0f9"},"status":0}, status=OK}
Sep 29, 2021 2:19:53 AM net.sourceforge.marathon.javaagent.server.JavaServer serve
INFO: JavaServer.serve(POST /session/138fc9f4-3032-4e6a-956b-b9248ac34ead/element/d85757cb-b230-49bb-9a7b-ab8806e3a0f9/click): {
  "id": "d85757cb-b230-49bb-9a7b-ab8806e3a0f9"
}
Sep 29, 2021 2:19:53 AM net.sourceforge.marathon.javaagent.EventQueueDevice dispatchEvent
INFO: java.awt.event.MouseEvent[MOUSE_PRESSED,(37,12),absolute(326,474),button=1,modifiers=Button1,extModifiers=Button1,clickCount=1] on sniper reset button
Sep 29, 2021 2:19:53 AM net.sourceforge.marathon.javaagent.EventQueueDevice dispatchEvent
INFO: java.awt.event.MouseEvent[MOUSE_RELEASED,(37,12),absolute(326,474),button=1,modifiers=Button1,clickCount=1] on sniper reset button
Sep 29, 2021 2:19:53 AM net.sourceforge.marathon.javaagent.EventQueueDevice dispatchEvent
INFO: java.awt.event.MouseEvent[MOUSE_CLICKED,(37,12),absolute(326,474),button=1,modifiers=Button1,clickCount=1] on sniper reset button
Sep 29, 2021 2:19:53 AM net.sourceforge.marathon.javaagent.server.JavaServer serve
INFO: POST(/session/138fc9f4-3032-4e6a-956b-b9248ac34ead/element/d85757cb-b230-49bb-9a7b-ab8806e3a0f9/click, {"id":"d85757cb-b230-49bb-9a7b-ab8806e3a0f9"}) = {data={"name":"clickElement","sessionId":"138fc9f4-3032-4e6a-956b-b9248ac34ead","status":0}, status=OK}
Sep 29, 2021 2:19:53 AM net.sourceforge.marathon.javaagent.server.JavaServer serve
INFO: JavaServer.serve(DELETE /session/138fc9f4-3032-4e6a-956b-b9248ac34ead/window): {}
Sep 29, 2021 2:19:53 AM net.sourceforge.marathon.javaagent.server.JavaServer serve
INFO: DELETE(/session/138fc9f4-3032-4e6a-956b-b9248ac34ead/window) = {data={"name":"closeSession","sessionId":"138fc9f4-3032-4e6a-956b-b9248ac34ead","status":0}, status=OK}
]]></system-err>
</testsuite>
