<?xml version="1.0" encoding="UTF-8"?>
<testsuite name="goos.ui.swing.MainWindowTest" tests="3" skipped="0" failures="0" errors="0" timestamp="2022-02-17T02:22:44" hostname="buildkitsandbox" time="5.17">
  <properties/>
  <testcase name="window has expected features" classname="goos.ui.swing.MainWindowTest" time="3.655"/>
  <testcase name="make user request when join button clicked" classname="goos.ui.swing.MainWindowTest" time="1.298"/>
  <testcase name="make user request when reset button clicked" classname="goos.ui.swing.MainWindowTest" time="0.212"/>
  <system-out><![CDATA[]]></system-out>
  <system-err><![CDATA[SLF4J: Failed to load class "org.slf4j.impl.StaticLoggerBinder".
SLF4J: Defaulting to no-operation (NOP) logger implementation
SLF4J: See http://www.slf4j.org/codes.html#StaticLoggerBinder for further details.
Feb 17, 2022 2:22:47 AM io.netty.util.internal.MacAddressUtil defaultMachineId
WARNING: Failed to find a usable hardware address from the network interfaces; using random bytes: 59:38:1b:53:6d:5d:a5:2f
Feb 17, 2022 2:22:47 AM net.sourceforge.marathon.javaagent.server.JavaServer serve
INFO: JavaServer.serve(POST /session): {
  "desiredCapabilities": {
    "browserName": "java",
    "platform": "ANY"
  },
  "capabilities": {
    "firstMatch": [
      {
        "browserName": "java"
      }
    ]
  }
}
Feb 17, 2022 2:22:47 AM net.sourceforge.marathon.javaagent.server.JavaServer createSession
INFO: Creating device with type: EVENT_QUEUE
Feb 17, 2022 2:22:47 AM net.sourceforge.marathon.javaagent.Device getDevice
INFO: Creating a EVENT_QUEUE device
Feb 17, 2022 2:22:47 AM net.sourceforge.marathon.javaagent.server.JavaServer serve
INFO: POST(/session, {"desiredCapabilities":{"browserName":"java","platform":"ANY"},"capabilities":{"firstMatch":[{"browserName":"java"}]}}) = {data=, status=REDIRECT}
Feb 17, 2022 2:22:47 AM net.sourceforge.marathon.javaagent.server.JavaServer serve
INFO: JavaServer.serve(GET /session/51bceaaa-f6a0-4570-9317-9e0f4997dbf3): {}
Feb 17, 2022 2:22:47 AM net.sourceforge.marathon.javaagent.server.JavaServer serve
INFO: GET(/session/51bceaaa-f6a0-4570-9317-9e0f4997dbf3) = {data={"name":"getCapabilities","sessionId":"51bceaaa-f6a0-4570-9317-9e0f4997dbf3","value":{"applicationCacheEnabled":false,"rotatable":false,"loggingPrefs":{"driver":"ALL"},"handlesAlerts":false,"databaseEnabled":false,"version":"1.0","platform":"ANY","browserConnectionEnabled":false,"nativeEvents":false,"acceptSslCerts":false,"locationContextEnabled":false,"webStorageEnabled":false,"browserName":"java","takesScreenshot":true,"javascriptEnabled":true,"cssSelectorsEnabled":false},"status":0}, status=OK}
Feb 17, 2022 2:22:47 AM org.openqa.selenium.remote.ProtocolHandshake createSession
INFO: Detected dialect: OSS
Feb 17, 2022 2:22:47 AM net.sourceforge.marathon.javaagent.server.JavaServer serve
INFO: JavaServer.serve(POST /session/51bceaaa-f6a0-4570-9317-9e0f4997dbf3/element): {
  "using": "css selector",
  "value": "."
}
Feb 17, 2022 2:22:47 AM net.sourceforge.marathon.javaagent.server.JavaServer serve
INFO: POST(/session/51bceaaa-f6a0-4570-9317-9e0f4997dbf3/element, {"using":"css selector","value":"."}) = {data={"name":"findElement","sessionId":"51bceaaa-f6a0-4570-9317-9e0f4997dbf3","value":{"ELEMENT":"d6f4031c-c5a1-4957-88be-888eba33bbf4"},"status":0}, status=OK}
Feb 17, 2022 2:22:47 AM net.sourceforge.marathon.javaagent.server.JavaServer serve
INFO: JavaServer.serve(GET /session/51bceaaa-f6a0-4570-9317-9e0f4997dbf3/element/d6f4031c-c5a1-4957-88be-888eba33bbf4/attribute/name): {}
Feb 17, 2022 2:22:47 AM net.sourceforge.marathon.javaagent.server.JavaServer serve
INFO: GET(/session/51bceaaa-f6a0-4570-9317-9e0f4997dbf3/element/d6f4031c-c5a1-4957-88be-888eba33bbf4/attribute/name) = {data={"name":"getElementAttribute","sessionId":"51bceaaa-f6a0-4570-9317-9e0f4997dbf3","value":"Auction Sniper Name","status":0}, status=OK}
Feb 17, 2022 2:22:47 AM net.sourceforge.marathon.javaagent.server.JavaServer serve
INFO: JavaServer.serve(POST /session/51bceaaa-f6a0-4570-9317-9e0f4997dbf3/element): {
  "using": "css selector",
  "value": "."
}
Feb 17, 2022 2:22:47 AM net.sourceforge.marathon.javaagent.server.JavaServer serve
INFO: POST(/session/51bceaaa-f6a0-4570-9317-9e0f4997dbf3/element, {"using":"css selector","value":"."}) = {data={"name":"findElement","sessionId":"51bceaaa-f6a0-4570-9317-9e0f4997dbf3","value":{"ELEMENT":"d6f4031c-c5a1-4957-88be-888eba33bbf4"},"status":0}, status=OK}
Feb 17, 2022 2:22:47 AM net.sourceforge.marathon.javaagent.server.JavaServer serve
INFO: JavaServer.serve(GET /session/51bceaaa-f6a0-4570-9317-9e0f4997dbf3/element/d6f4031c-c5a1-4957-88be-888eba33bbf4/displayed): {}
Feb 17, 2022 2:22:47 AM net.sourceforge.marathon.javaagent.server.JavaServer serve
INFO: GET(/session/51bceaaa-f6a0-4570-9317-9e0f4997dbf3/element/d6f4031c-c5a1-4957-88be-888eba33bbf4/displayed) = {data={"name":"isDisplayed","sessionId":"51bceaaa-f6a0-4570-9317-9e0f4997dbf3","value":true,"status":0}, status=OK}
Feb 17, 2022 2:22:47 AM net.sourceforge.marathon.javaagent.server.JavaServer serve
INFO: JavaServer.serve(GET /session/51bceaaa-f6a0-4570-9317-9e0f4997dbf3/title): {}
Feb 17, 2022 2:22:47 AM net.sourceforge.marathon.javaagent.server.JavaServer serve
INFO: GET(/session/51bceaaa-f6a0-4570-9317-9e0f4997dbf3/title) = {data={"name":"getWindowTitle","sessionId":"51bceaaa-f6a0-4570-9317-9e0f4997dbf3","value":"Auction Sniper","status":0}, status=OK}
Feb 17, 2022 2:22:47 AM net.sourceforge.marathon.javaagent.server.JavaServer serve
INFO: JavaServer.serve(POST /session/51bceaaa-f6a0-4570-9317-9e0f4997dbf3/element): {
  "using": "name",
  "value": "snipers table"
}
Feb 17, 2022 2:22:47 AM net.sourceforge.marathon.javaagent.server.JavaServer serve
INFO: POST(/session/51bceaaa-f6a0-4570-9317-9e0f4997dbf3/element, {"using":"name","value":"snipers table"}) = {data={"name":"findElement","sessionId":"51bceaaa-f6a0-4570-9317-9e0f4997dbf3","value":{"ELEMENT":"a613ea9e-bb75-4dc9-9615-05313cd79fd5"},"status":0}, status=OK}
Feb 17, 2022 2:22:47 AM net.sourceforge.marathon.javaagent.server.JavaServer serve
INFO: JavaServer.serve(POST /session/51bceaaa-f6a0-4570-9317-9e0f4997dbf3/element/a613ea9e-bb75-4dc9-9615-05313cd79fd5/elements): {
  "id": "a613ea9e-bb75-4dc9-9615-05313cd79fd5",
  "using": "css selector",
  "value": ".::header.::all-items"
}
Feb 17, 2022 2:22:47 AM net.sourceforge.marathon.javaagent.server.JavaServer serve
INFO: POST(/session/51bceaaa-f6a0-4570-9317-9e0f4997dbf3/element/a613ea9e-bb75-4dc9-9615-05313cd79fd5/elements, {"using":"css selector","id":"a613ea9e-bb75-4dc9-9615-05313cd79fd5","value":".::header.::all-items"}) = {data={"name":"findElementsOfElement","sessionId":"51bceaaa-f6a0-4570-9317-9e0f4997dbf3","value":[{"ELEMENT":"c0f81da5-7b6d-4454-9ed8-6c54f6dde4a5%23%7B%22selector%22%3A%22nth-item%22%2C%22parameters%22%3A%5B1%5D%7D"},{"ELEMENT":"c0f81da5-7b6d-4454-9ed8-6c54f6dde4a5%23%7B%22selector%22%3A%22nth-item%22%2C%22parameters%22%3A%5B2%5D%7D"},{"ELEMENT":"c0f81da5-7b6d-4454-9ed8-6c54f6dde4a5%23%7B%22selector%22%3A%22nth-item%22%2C%22parameters%22%3A%5B3%5D%7D"},{"ELEMENT":"c0f81da5-7b6d-4454-9ed8-6c54f6dde4a5%23%7B%22selector%22%3A%22nth-item%22%2C%22parameters%22%3A%5B4%5D%7D"}],"status":0}, status=OK}
Feb 17, 2022 2:22:47 AM net.sourceforge.marathon.javaagent.server.JavaServer serve
INFO: JavaServer.serve(GET /session/51bceaaa-f6a0-4570-9317-9e0f4997dbf3/element/c0f81da5-7b6d-4454-9ed8-6c54f6dde4a5%23%7B%22selector%22%3A%22nth-item%22%2C%22parameters%22%3A%5B1%5D%7D/text): {}
Feb 17, 2022 2:22:47 AM net.sourceforge.marathon.javaagent.server.JavaServer serve
INFO: GET(/session/51bceaaa-f6a0-4570-9317-9e0f4997dbf3/element/c0f81da5-7b6d-4454-9ed8-6c54f6dde4a5%23%7B%22selector%22%3A%22nth-item%22%2C%22parameters%22%3A%5B1%5D%7D/text) = {data={"name":"getElementText","sessionId":"51bceaaa-f6a0-4570-9317-9e0f4997dbf3","value":"Item","status":0}, status=OK}
Feb 17, 2022 2:22:47 AM net.sourceforge.marathon.javaagent.server.JavaServer serve
INFO: JavaServer.serve(GET /session/51bceaaa-f6a0-4570-9317-9e0f4997dbf3/element/c0f81da5-7b6d-4454-9ed8-6c54f6dde4a5%23%7B%22selector%22%3A%22nth-item%22%2C%22parameters%22%3A%5B2%5D%7D/text): {}
Feb 17, 2022 2:22:47 AM net.sourceforge.marathon.javaagent.server.JavaServer serve
INFO: GET(/session/51bceaaa-f6a0-4570-9317-9e0f4997dbf3/element/c0f81da5-7b6d-4454-9ed8-6c54f6dde4a5%23%7B%22selector%22%3A%22nth-item%22%2C%22parameters%22%3A%5B2%5D%7D/text) = {data={"name":"getElementText","sessionId":"51bceaaa-f6a0-4570-9317-9e0f4997dbf3","value":"Last Price","status":0}, status=OK}
Feb 17, 2022 2:22:47 AM net.sourceforge.marathon.javaagent.server.JavaServer serve
INFO: JavaServer.serve(GET /session/51bceaaa-f6a0-4570-9317-9e0f4997dbf3/element/c0f81da5-7b6d-4454-9ed8-6c54f6dde4a5%23%7B%22selector%22%3A%22nth-item%22%2C%22parameters%22%3A%5B3%5D%7D/text): {}
Feb 17, 2022 2:22:47 AM net.sourceforge.marathon.javaagent.server.JavaServer serve
INFO: GET(/session/51bceaaa-f6a0-4570-9317-9e0f4997dbf3/element/c0f81da5-7b6d-4454-9ed8-6c54f6dde4a5%23%7B%22selector%22%3A%22nth-item%22%2C%22parameters%22%3A%5B3%5D%7D/text) = {data={"name":"getElementText","sessionId":"51bceaaa-f6a0-4570-9317-9e0f4997dbf3","value":"Last Bid","status":0}, status=OK}
Feb 17, 2022 2:22:47 AM net.sourceforge.marathon.javaagent.server.JavaServer serve
INFO: JavaServer.serve(GET /session/51bceaaa-f6a0-4570-9317-9e0f4997dbf3/element/c0f81da5-7b6d-4454-9ed8-6c54f6dde4a5%23%7B%22selector%22%3A%22nth-item%22%2C%22parameters%22%3A%5B4%5D%7D/text): {}
Feb 17, 2022 2:22:47 AM net.sourceforge.marathon.javaagent.server.JavaServer serve
INFO: GET(/session/51bceaaa-f6a0-4570-9317-9e0f4997dbf3/element/c0f81da5-7b6d-4454-9ed8-6c54f6dde4a5%23%7B%22selector%22%3A%22nth-item%22%2C%22parameters%22%3A%5B4%5D%7D/text) = {data={"name":"getElementText","sessionId":"51bceaaa-f6a0-4570-9317-9e0f4997dbf3","value":"State","status":0}, status=OK}
Feb 17, 2022 2:22:47 AM net.sourceforge.marathon.javaagent.server.JavaServer serve
INFO: JavaServer.serve(DELETE /session/51bceaaa-f6a0-4570-9317-9e0f4997dbf3/window): {}
Feb 17, 2022 2:22:47 AM net.sourceforge.marathon.javaagent.server.JavaServer serve
INFO: DELETE(/session/51bceaaa-f6a0-4570-9317-9e0f4997dbf3/window) = {data={"name":"closeSession","sessionId":"51bceaaa-f6a0-4570-9317-9e0f4997dbf3","status":0}, status=OK}
Feb 17, 2022 2:22:47 AM net.sourceforge.marathon.javaagent.server.JavaServer serve
INFO: JavaServer.serve(POST /session): {
  "desiredCapabilities": {
    "browserName": "java",
    "platform": "ANY"
  },
  "capabilities": {
    "firstMatch": [
      {
        "browserName": "java"
      }
    ]
  }
}
Feb 17, 2022 2:22:47 AM net.sourceforge.marathon.javaagent.server.JavaServer createSession
INFO: Creating device with type: EVENT_QUEUE
Feb 17, 2022 2:22:47 AM net.sourceforge.marathon.javaagent.Device getDevice
INFO: Creating a EVENT_QUEUE device
Feb 17, 2022 2:22:47 AM net.sourceforge.marathon.javaagent.server.JavaServer serve
INFO: POST(/session, {"desiredCapabilities":{"browserName":"java","platform":"ANY"},"capabilities":{"firstMatch":[{"browserName":"java"}]}}) = {data=, status=REDIRECT}
Feb 17, 2022 2:22:47 AM net.sourceforge.marathon.javaagent.server.JavaServer serve
INFO: JavaServer.serve(GET /session/1d1dc066-6e35-48fb-bee8-259c05cccd97): {}
Feb 17, 2022 2:22:47 AM net.sourceforge.marathon.javaagent.server.JavaServer serve
INFO: GET(/session/1d1dc066-6e35-48fb-bee8-259c05cccd97) = {data={"name":"getCapabilities","sessionId":"1d1dc066-6e35-48fb-bee8-259c05cccd97","value":{"applicationCacheEnabled":false,"rotatable":false,"loggingPrefs":{"driver":"ALL"},"handlesAlerts":false,"databaseEnabled":false,"version":"1.0","platform":"ANY","browserConnectionEnabled":false,"nativeEvents":false,"acceptSslCerts":false,"locationContextEnabled":false,"webStorageEnabled":false,"browserName":"java","takesScreenshot":true,"javascriptEnabled":true,"cssSelectorsEnabled":false},"status":0}, status=OK}
Feb 17, 2022 2:22:47 AM org.openqa.selenium.remote.ProtocolHandshake createSession
INFO: Detected dialect: OSS
Feb 17, 2022 2:22:47 AM net.sourceforge.marathon.javaagent.server.JavaServer serve
INFO: JavaServer.serve(POST /session/1d1dc066-6e35-48fb-bee8-259c05cccd97/element): {
  "using": "name",
  "value": "new item id field"
}
Feb 17, 2022 2:22:47 AM net.sourceforge.marathon.javaagent.server.JavaServer serve
INFO: POST(/session/1d1dc066-6e35-48fb-bee8-259c05cccd97/element, {"using":"name","value":"new item id field"}) = {data={"name":"findElement","sessionId":"1d1dc066-6e35-48fb-bee8-259c05cccd97","value":{"ELEMENT":"47019e32-09c3-461e-b264-324d7eaa6ea0"},"status":0}, status=OK}
Feb 17, 2022 2:22:47 AM net.sourceforge.marathon.javaagent.server.JavaServer serve
INFO: JavaServer.serve(POST /session/1d1dc066-6e35-48fb-bee8-259c05cccd97/element/47019e32-09c3-461e-b264-324d7eaa6ea0/clear): {
  "id": "47019e32-09c3-461e-b264-324d7eaa6ea0"
}
Feb 17, 2022 2:22:47 AM net.sourceforge.marathon.javaagent.server.JavaServer serve
INFO: POST(/session/1d1dc066-6e35-48fb-bee8-259c05cccd97/element/47019e32-09c3-461e-b264-324d7eaa6ea0/clear, {"id":"47019e32-09c3-461e-b264-324d7eaa6ea0"}) = {data={"name":"clearElement","sessionId":"1d1dc066-6e35-48fb-bee8-259c05cccd97","status":0}, status=OK}
Feb 17, 2022 2:22:47 AM net.sourceforge.marathon.javaagent.server.JavaServer serve
INFO: JavaServer.serve(POST /session/1d1dc066-6e35-48fb-bee8-259c05cccd97/element/47019e32-09c3-461e-b264-324d7eaa6ea0/value): {
  "id": "47019e32-09c3-461e-b264-324d7eaa6ea0",
  "value": [
    "an item-id"
  ]
}
Feb 17, 2022 2:22:47 AM net.sourceforge.marathon.javaagent.EventQueueDevice dispatchEvent
INFO: java.awt.event.KeyEvent[KEY_PRESSED,keyCode=65,keyText=A,keyChar='a',keyLocation=KEY_LOCATION_UNKNOWN,rawCode=0,primaryLevelUnicode=0,scancode=0,extendedKeyCode=0x0] on new item id field
Feb 17, 2022 2:22:47 AM net.sourceforge.marathon.javaagent.EventQueueDevice dispatchEvent
INFO: java.awt.event.KeyEvent[KEY_TYPED,keyCode=0,keyText=Unknown keyCode: 0x0,keyChar='a',keyLocation=KEY_LOCATION_UNKNOWN,rawCode=0,primaryLevelUnicode=0,scancode=0,extendedKeyCode=0x0] on new item id field
Feb 17, 2022 2:22:47 AM net.sourceforge.marathon.javaagent.EventQueueDevice dispatchEvent
INFO: java.awt.event.KeyEvent[KEY_RELEASED,keyCode=65,keyText=A,keyChar='a',keyLocation=KEY_LOCATION_UNKNOWN,rawCode=0,primaryLevelUnicode=0,scancode=0,extendedKeyCode=0x0] on new item id field
Feb 17, 2022 2:22:47 AM net.sourceforge.marathon.javaagent.EventQueueDevice dispatchEvent
INFO: java.awt.event.KeyEvent[KEY_PRESSED,keyCode=78,keyText=N,keyChar='n',keyLocation=KEY_LOCATION_UNKNOWN,rawCode=0,primaryLevelUnicode=0,scancode=0,extendedKeyCode=0x0] on new item id field
Feb 17, 2022 2:22:47 AM net.sourceforge.marathon.javaagent.EventQueueDevice dispatchEvent
INFO: java.awt.event.KeyEvent[KEY_TYPED,keyCode=0,keyText=Unknown keyCode: 0x0,keyChar='n',keyLocation=KEY_LOCATION_UNKNOWN,rawCode=0,primaryLevelUnicode=0,scancode=0,extendedKeyCode=0x0] on new item id field
Feb 17, 2022 2:22:47 AM net.sourceforge.marathon.javaagent.EventQueueDevice dispatchEvent
INFO: java.awt.event.KeyEvent[KEY_RELEASED,keyCode=78,keyText=N,keyChar='n',keyLocation=KEY_LOCATION_UNKNOWN,rawCode=0,primaryLevelUnicode=0,scancode=0,extendedKeyCode=0x0] on new item id field
Feb 17, 2022 2:22:48 AM net.sourceforge.marathon.javaagent.EventQueueDevice dispatchEvent
INFO: java.awt.event.KeyEvent[KEY_PRESSED,keyCode=16,keyText=Shift,keyChar=Undefined keyChar,modifiers=Shift,extModifiers=Shift,keyLocation=KEY_LOCATION_UNKNOWN,rawCode=0,primaryLevelUnicode=0,scancode=0,extendedKeyCode=0x0] on new item id field
Feb 17, 2022 2:22:48 AM net.sourceforge.marathon.javaagent.EventQueueDevice dispatchEvent
INFO: java.awt.event.KeyEvent[KEY_PRESSED,keyCode=32,keyText=Space,keyChar=' ',modifiers=Shift,extModifiers=Shift,keyLocation=KEY_LOCATION_UNKNOWN,rawCode=0,primaryLevelUnicode=0,scancode=0,extendedKeyCode=0x0] on new item id field
Feb 17, 2022 2:22:48 AM net.sourceforge.marathon.javaagent.EventQueueDevice dispatchEvent
INFO: java.awt.event.KeyEvent[KEY_TYPED,keyCode=0,keyText=Unknown keyCode: 0x0,keyChar=' ',modifiers=Shift,extModifiers=Shift,keyLocation=KEY_LOCATION_UNKNOWN,rawCode=0,primaryLevelUnicode=0,scancode=0,extendedKeyCode=0x0] on new item id field
Feb 17, 2022 2:22:48 AM net.sourceforge.marathon.javaagent.EventQueueDevice dispatchEvent
INFO: java.awt.event.KeyEvent[KEY_RELEASED,keyCode=32,keyText=Space,keyChar=' ',modifiers=Shift,extModifiers=Shift,keyLocation=KEY_LOCATION_UNKNOWN,rawCode=0,primaryLevelUnicode=0,scancode=0,extendedKeyCode=0x0] on new item id field
Feb 17, 2022 2:22:48 AM net.sourceforge.marathon.javaagent.EventQueueDevice dispatchEvent
INFO: java.awt.event.KeyEvent[KEY_RELEASED,keyCode=16,keyText=Shift,keyChar=Undefined keyChar,keyLocation=KEY_LOCATION_UNKNOWN,rawCode=0,primaryLevelUnicode=0,scancode=0,extendedKeyCode=0x0] on new item id field
Feb 17, 2022 2:22:48 AM net.sourceforge.marathon.javaagent.EventQueueDevice dispatchEvent
INFO: java.awt.event.KeyEvent[KEY_PRESSED,keyCode=73,keyText=I,keyChar='i',keyLocation=KEY_LOCATION_UNKNOWN,rawCode=0,primaryLevelUnicode=0,scancode=0,extendedKeyCode=0x0] on new item id field
Feb 17, 2022 2:22:48 AM net.sourceforge.marathon.javaagent.EventQueueDevice dispatchEvent
INFO: java.awt.event.KeyEvent[KEY_TYPED,keyCode=0,keyText=Unknown keyCode: 0x0,keyChar='i',keyLocation=KEY_LOCATION_UNKNOWN,rawCode=0,primaryLevelUnicode=0,scancode=0,extendedKeyCode=0x0] on new item id field
Feb 17, 2022 2:22:48 AM net.sourceforge.marathon.javaagent.EventQueueDevice dispatchEvent
INFO: java.awt.event.KeyEvent[KEY_RELEASED,keyCode=73,keyText=I,keyChar='i',keyLocation=KEY_LOCATION_UNKNOWN,rawCode=0,primaryLevelUnicode=0,scancode=0,extendedKeyCode=0x0] on new item id field
Feb 17, 2022 2:22:48 AM net.sourceforge.marathon.javaagent.EventQueueDevice dispatchEvent
INFO: java.awt.event.KeyEvent[KEY_PRESSED,keyCode=84,keyText=T,keyChar='t',keyLocation=KEY_LOCATION_UNKNOWN,rawCode=0,primaryLevelUnicode=0,scancode=0,extendedKeyCode=0x0] on new item id field
Feb 17, 2022 2:22:48 AM net.sourceforge.marathon.javaagent.EventQueueDevice dispatchEvent
INFO: java.awt.event.KeyEvent[KEY_TYPED,keyCode=0,keyText=Unknown keyCode: 0x0,keyChar='t',keyLocation=KEY_LOCATION_UNKNOWN,rawCode=0,primaryLevelUnicode=0,scancode=0,extendedKeyCode=0x0] on new item id field
Feb 17, 2022 2:22:48 AM net.sourceforge.marathon.javaagent.EventQueueDevice dispatchEvent
INFO: java.awt.event.KeyEvent[KEY_RELEASED,keyCode=84,keyText=T,keyChar='t',keyLocation=KEY_LOCATION_UNKNOWN,rawCode=0,primaryLevelUnicode=0,scancode=0,extendedKeyCode=0x0] on new item id field
Feb 17, 2022 2:22:48 AM net.sourceforge.marathon.javaagent.EventQueueDevice dispatchEvent
INFO: java.awt.event.KeyEvent[KEY_PRESSED,keyCode=69,keyText=E,keyChar='e',keyLocation=KEY_LOCATION_UNKNOWN,rawCode=0,primaryLevelUnicode=0,scancode=0,extendedKeyCode=0x0] on new item id field
Feb 17, 2022 2:22:48 AM net.sourceforge.marathon.javaagent.EventQueueDevice dispatchEvent
INFO: java.awt.event.KeyEvent[KEY_TYPED,keyCode=0,keyText=Unknown keyCode: 0x0,keyChar='e',keyLocation=KEY_LOCATION_UNKNOWN,rawCode=0,primaryLevelUnicode=0,scancode=0,extendedKeyCode=0x0] on new item id field
Feb 17, 2022 2:22:48 AM net.sourceforge.marathon.javaagent.EventQueueDevice dispatchEvent
INFO: java.awt.event.KeyEvent[KEY_RELEASED,keyCode=69,keyText=E,keyChar='e',keyLocation=KEY_LOCATION_UNKNOWN,rawCode=0,primaryLevelUnicode=0,scancode=0,extendedKeyCode=0x0] on new item id field
Feb 17, 2022 2:22:48 AM net.sourceforge.marathon.javaagent.EventQueueDevice dispatchEvent
INFO: java.awt.event.KeyEvent[KEY_PRESSED,keyCode=77,keyText=M,keyChar='m',keyLocation=KEY_LOCATION_UNKNOWN,rawCode=0,primaryLevelUnicode=0,scancode=0,extendedKeyCode=0x0] on new item id field
Feb 17, 2022 2:22:48 AM net.sourceforge.marathon.javaagent.EventQueueDevice dispatchEvent
INFO: java.awt.event.KeyEvent[KEY_TYPED,keyCode=0,keyText=Unknown keyCode: 0x0,keyChar='m',keyLocation=KEY_LOCATION_UNKNOWN,rawCode=0,primaryLevelUnicode=0,scancode=0,extendedKeyCode=0x0] on new item id field
Feb 17, 2022 2:22:48 AM net.sourceforge.marathon.javaagent.EventQueueDevice dispatchEvent
INFO: java.awt.event.KeyEvent[KEY_RELEASED,keyCode=77,keyText=M,keyChar='m',keyLocation=KEY_LOCATION_UNKNOWN,rawCode=0,primaryLevelUnicode=0,scancode=0,extendedKeyCode=0x0] on new item id field
Feb 17, 2022 2:22:48 AM net.sourceforge.marathon.javaagent.EventQueueDevice dispatchEvent
INFO: java.awt.event.KeyEvent[KEY_PRESSED,keyCode=45,keyText=Minus,keyChar='-',keyLocation=KEY_LOCATION_UNKNOWN,rawCode=0,primaryLevelUnicode=0,scancode=0,extendedKeyCode=0x0] on new item id field
Feb 17, 2022 2:22:48 AM net.sourceforge.marathon.javaagent.EventQueueDevice dispatchEvent
INFO: java.awt.event.KeyEvent[KEY_TYPED,keyCode=0,keyText=Unknown keyCode: 0x0,keyChar='-',keyLocation=KEY_LOCATION_UNKNOWN,rawCode=0,primaryLevelUnicode=0,scancode=0,extendedKeyCode=0x0] on new item id field
Feb 17, 2022 2:22:48 AM net.sourceforge.marathon.javaagent.EventQueueDevice dispatchEvent
INFO: java.awt.event.KeyEvent[KEY_RELEASED,keyCode=45,keyText=Minus,keyChar='-',keyLocation=KEY_LOCATION_UNKNOWN,rawCode=0,primaryLevelUnicode=0,scancode=0,extendedKeyCode=0x0] on new item id field
Feb 17, 2022 2:22:48 AM net.sourceforge.marathon.javaagent.EventQueueDevice dispatchEvent
INFO: java.awt.event.KeyEvent[KEY_PRESSED,keyCode=73,keyText=I,keyChar='i',keyLocation=KEY_LOCATION_UNKNOWN,rawCode=0,primaryLevelUnicode=0,scancode=0,extendedKeyCode=0x0] on new item id field
Feb 17, 2022 2:22:48 AM net.sourceforge.marathon.javaagent.EventQueueDevice dispatchEvent
INFO: java.awt.event.KeyEvent[KEY_TYPED,keyCode=0,keyText=Unknown keyCode: 0x0,keyChar='i',keyLocation=KEY_LOCATION_UNKNOWN,rawCode=0,primaryLevelUnicode=0,scancode=0,extendedKeyCode=0x0] on new item id field
Feb 17, 2022 2:22:48 AM net.sourceforge.marathon.javaagent.EventQueueDevice dispatchEvent
INFO: java.awt.event.KeyEvent[KEY_RELEASED,keyCode=73,keyText=I,keyChar='i',keyLocation=KEY_LOCATION_UNKNOWN,rawCode=0,primaryLevelUnicode=0,scancode=0,extendedKeyCode=0x0] on new item id field
Feb 17, 2022 2:22:48 AM net.sourceforge.marathon.javaagent.EventQueueDevice dispatchEvent
INFO: java.awt.event.KeyEvent[KEY_PRESSED,keyCode=68,keyText=D,keyChar='d',keyLocation=KEY_LOCATION_UNKNOWN,rawCode=0,primaryLevelUnicode=0,scancode=0,extendedKeyCode=0x0] on new item id field
Feb 17, 2022 2:22:48 AM net.sourceforge.marathon.javaagent.EventQueueDevice dispatchEvent
INFO: java.awt.event.KeyEvent[KEY_TYPED,keyCode=0,keyText=Unknown keyCode: 0x0,keyChar='d',keyLocation=KEY_LOCATION_UNKNOWN,rawCode=0,primaryLevelUnicode=0,scancode=0,extendedKeyCode=0x0] on new item id field
Feb 17, 2022 2:22:48 AM net.sourceforge.marathon.javaagent.EventQueueDevice dispatchEvent
INFO: java.awt.event.KeyEvent[KEY_RELEASED,keyCode=68,keyText=D,keyChar='d',keyLocation=KEY_LOCATION_UNKNOWN,rawCode=0,primaryLevelUnicode=0,scancode=0,extendedKeyCode=0x0] on new item id field
Feb 17, 2022 2:22:48 AM net.sourceforge.marathon.javaagent.server.JavaServer serve
INFO: POST(/session/1d1dc066-6e35-48fb-bee8-259c05cccd97/element/47019e32-09c3-461e-b264-324d7eaa6ea0/value, {"id":"47019e32-09c3-461e-b264-324d7eaa6ea0","value":["an item-id"]}) = {data={"name":"sendKeysElement","sessionId":"1d1dc066-6e35-48fb-bee8-259c05cccd97","status":0}, status=OK}
Feb 17, 2022 2:22:48 AM net.sourceforge.marathon.javaagent.server.JavaServer serve
INFO: JavaServer.serve(POST /session/1d1dc066-6e35-48fb-bee8-259c05cccd97/element): {
  "using": "name",
  "value": "new item stop price field"
}
Feb 17, 2022 2:22:48 AM net.sourceforge.marathon.javaagent.server.JavaServer serve
INFO: POST(/session/1d1dc066-6e35-48fb-bee8-259c05cccd97/element, {"using":"name","value":"new item stop price field"}) = {data={"name":"findElement","sessionId":"1d1dc066-6e35-48fb-bee8-259c05cccd97","value":{"ELEMENT":"29e0cbd8-6df0-453f-95dc-f1c65bf486ae"},"status":0}, status=OK}
Feb 17, 2022 2:22:48 AM net.sourceforge.marathon.javaagent.server.JavaServer serve
INFO: JavaServer.serve(POST /session/1d1dc066-6e35-48fb-bee8-259c05cccd97/element/29e0cbd8-6df0-453f-95dc-f1c65bf486ae/clear): {
  "id": "29e0cbd8-6df0-453f-95dc-f1c65bf486ae"
}
Feb 17, 2022 2:22:48 AM net.sourceforge.marathon.javaagent.server.JavaServer serve
INFO: POST(/session/1d1dc066-6e35-48fb-bee8-259c05cccd97/element/29e0cbd8-6df0-453f-95dc-f1c65bf486ae/clear, {"id":"29e0cbd8-6df0-453f-95dc-f1c65bf486ae"}) = {data={"name":"clearElement","sessionId":"1d1dc066-6e35-48fb-bee8-259c05cccd97","status":0}, status=OK}
Feb 17, 2022 2:22:48 AM net.sourceforge.marathon.javaagent.server.JavaServer serve
INFO: JavaServer.serve(POST /session/1d1dc066-6e35-48fb-bee8-259c05cccd97/element/29e0cbd8-6df0-453f-95dc-f1c65bf486ae/value): {
  "id": "29e0cbd8-6df0-453f-95dc-f1c65bf486ae",
  "value": [
    "11000"
  ]
}
Feb 17, 2022 2:22:48 AM net.sourceforge.marathon.javaagent.EventQueueDevice dispatchEvent
INFO: java.awt.event.KeyEvent[KEY_PRESSED,keyCode=49,keyText=1,keyChar='1',keyLocation=KEY_LOCATION_UNKNOWN,rawCode=0,primaryLevelUnicode=0,scancode=0,extendedKeyCode=0x0] on new item stop price field
Feb 17, 2022 2:22:48 AM net.sourceforge.marathon.javaagent.EventQueueDevice dispatchEvent
INFO: java.awt.event.KeyEvent[KEY_TYPED,keyCode=0,keyText=Unknown keyCode: 0x0,keyChar='1',keyLocation=KEY_LOCATION_UNKNOWN,rawCode=0,primaryLevelUnicode=0,scancode=0,extendedKeyCode=0x0] on new item stop price field
Feb 17, 2022 2:22:48 AM net.sourceforge.marathon.javaagent.EventQueueDevice dispatchEvent
INFO: java.awt.event.KeyEvent[KEY_RELEASED,keyCode=49,keyText=1,keyChar='1',keyLocation=KEY_LOCATION_UNKNOWN,rawCode=0,primaryLevelUnicode=0,scancode=0,extendedKeyCode=0x0] on new item stop price field
Feb 17, 2022 2:22:48 AM net.sourceforge.marathon.javaagent.EventQueueDevice dispatchEvent
INFO: java.awt.event.KeyEvent[KEY_PRESSED,keyCode=49,keyText=1,keyChar='1',keyLocation=KEY_LOCATION_UNKNOWN,rawCode=0,primaryLevelUnicode=0,scancode=0,extendedKeyCode=0x0] on new item stop price field
Feb 17, 2022 2:22:48 AM net.sourceforge.marathon.javaagent.EventQueueDevice dispatchEvent
INFO: java.awt.event.KeyEvent[KEY_TYPED,keyCode=0,keyText=Unknown keyCode: 0x0,keyChar='1',keyLocation=KEY_LOCATION_UNKNOWN,rawCode=0,primaryLevelUnicode=0,scancode=0,extendedKeyCode=0x0] on new item stop price field
Feb 17, 2022 2:22:48 AM net.sourceforge.marathon.javaagent.EventQueueDevice dispatchEvent
INFO: java.awt.event.KeyEvent[KEY_RELEASED,keyCode=49,keyText=1,keyChar='1',keyLocation=KEY_LOCATION_UNKNOWN,rawCode=0,primaryLevelUnicode=0,scancode=0,extendedKeyCode=0x0] on new item stop price field
Feb 17, 2022 2:22:48 AM net.sourceforge.marathon.javaagent.EventQueueDevice dispatchEvent
INFO: java.awt.event.KeyEvent[KEY_PRESSED,keyCode=48,keyText=0,keyChar='0',keyLocation=KEY_LOCATION_UNKNOWN,rawCode=0,primaryLevelUnicode=0,scancode=0,extendedKeyCode=0x0] on new item stop price field
Feb 17, 2022 2:22:48 AM net.sourceforge.marathon.javaagent.EventQueueDevice dispatchEvent
INFO: java.awt.event.KeyEvent[KEY_TYPED,keyCode=0,keyText=Unknown keyCode: 0x0,keyChar='0',keyLocation=KEY_LOCATION_UNKNOWN,rawCode=0,primaryLevelUnicode=0,scancode=0,extendedKeyCode=0x0] on new item stop price field
Feb 17, 2022 2:22:48 AM net.sourceforge.marathon.javaagent.EventQueueDevice dispatchEvent
INFO: java.awt.event.KeyEvent[KEY_RELEASED,keyCode=48,keyText=0,keyChar='0',keyLocation=KEY_LOCATION_UNKNOWN,rawCode=0,primaryLevelUnicode=0,scancode=0,extendedKeyCode=0x0] on new item stop price field
Feb 17, 2022 2:22:48 AM net.sourceforge.marathon.javaagent.EventQueueDevice dispatchEvent
INFO: java.awt.event.KeyEvent[KEY_PRESSED,keyCode=48,keyText=0,keyChar='0',keyLocation=KEY_LOCATION_UNKNOWN,rawCode=0,primaryLevelUnicode=0,scancode=0,extendedKeyCode=0x0] on new item stop price field
Feb 17, 2022 2:22:48 AM net.sourceforge.marathon.javaagent.EventQueueDevice dispatchEvent
INFO: java.awt.event.KeyEvent[KEY_TYPED,keyCode=0,keyText=Unknown keyCode: 0x0,keyChar='0',keyLocation=KEY_LOCATION_UNKNOWN,rawCode=0,primaryLevelUnicode=0,scancode=0,extendedKeyCode=0x0] on new item stop price field
Feb 17, 2022 2:22:48 AM net.sourceforge.marathon.javaagent.EventQueueDevice dispatchEvent
INFO: java.awt.event.KeyEvent[KEY_RELEASED,keyCode=48,keyText=0,keyChar='0',keyLocation=KEY_LOCATION_UNKNOWN,rawCode=0,primaryLevelUnicode=0,scancode=0,extendedKeyCode=0x0] on new item stop price field
Feb 17, 2022 2:22:48 AM net.sourceforge.marathon.javaagent.EventQueueDevice dispatchEvent
INFO: java.awt.event.KeyEvent[KEY_PRESSED,keyCode=48,keyText=0,keyChar='0',keyLocation=KEY_LOCATION_UNKNOWN,rawCode=0,primaryLevelUnicode=0,scancode=0,extendedKeyCode=0x0] on new item stop price field
Feb 17, 2022 2:22:48 AM net.sourceforge.marathon.javaagent.EventQueueDevice dispatchEvent
INFO: java.awt.event.KeyEvent[KEY_TYPED,keyCode=0,keyText=Unknown keyCode: 0x0,keyChar='0',keyLocation=KEY_LOCATION_UNKNOWN,rawCode=0,primaryLevelUnicode=0,scancode=0,extendedKeyCode=0x0] on new item stop price field
Feb 17, 2022 2:22:48 AM net.sourceforge.marathon.javaagent.EventQueueDevice dispatchEvent
INFO: java.awt.event.KeyEvent[KEY_RELEASED,keyCode=48,keyText=0,keyChar='0',keyLocation=KEY_LOCATION_UNKNOWN,rawCode=0,primaryLevelUnicode=0,scancode=0,extendedKeyCode=0x0] on new item stop price field
Feb 17, 2022 2:22:48 AM net.sourceforge.marathon.javaagent.server.JavaServer serve
INFO: POST(/session/1d1dc066-6e35-48fb-bee8-259c05cccd97/element/29e0cbd8-6df0-453f-95dc-f1c65bf486ae/value, {"id":"29e0cbd8-6df0-453f-95dc-f1c65bf486ae","value":["11000"]}) = {data={"name":"sendKeysElement","sessionId":"1d1dc066-6e35-48fb-bee8-259c05cccd97","status":0}, status=OK}
Feb 17, 2022 2:22:48 AM net.sourceforge.marathon.javaagent.server.JavaServer serve
INFO: JavaServer.serve(POST /session/1d1dc066-6e35-48fb-bee8-259c05cccd97/element): {
  "using": "name",
  "value": "join button"
}
Feb 17, 2022 2:22:48 AM net.sourceforge.marathon.javaagent.server.JavaServer serve
INFO: POST(/session/1d1dc066-6e35-48fb-bee8-259c05cccd97/element, {"using":"name","value":"join button"}) = {data={"name":"findElement","sessionId":"1d1dc066-6e35-48fb-bee8-259c05cccd97","value":{"ELEMENT":"af8d91a1-cd4a-4fab-bdad-299fdf112f9f"},"status":0}, status=OK}
Feb 17, 2022 2:22:48 AM net.sourceforge.marathon.javaagent.server.JavaServer serve
INFO: JavaServer.serve(POST /session/1d1dc066-6e35-48fb-bee8-259c05cccd97/element/af8d91a1-cd4a-4fab-bdad-299fdf112f9f/click): {
  "id": "af8d91a1-cd4a-4fab-bdad-299fdf112f9f"
}
Feb 17, 2022 2:22:48 AM net.sourceforge.marathon.javaagent.EventQueueDevice dispatchEvent
INFO: java.awt.event.MouseEvent[MOUSE_PRESSED,(58,12),absolute(589,17),button=1,modifiers=Button1,extModifiers=Button1,clickCount=1] on join button
Feb 17, 2022 2:22:48 AM net.sourceforge.marathon.javaagent.EventQueueDevice dispatchEvent
INFO: java.awt.event.MouseEvent[MOUSE_RELEASED,(58,12),absolute(589,17),button=1,modifiers=Button1,clickCount=1] on join button
Feb 17, 2022 2:22:48 AM net.sourceforge.marathon.javaagent.EventQueueDevice dispatchEvent
INFO: java.awt.event.MouseEvent[MOUSE_CLICKED,(58,12),absolute(589,17),button=1,modifiers=Button1,clickCount=1] on join button
Feb 17, 2022 2:22:48 AM net.sourceforge.marathon.javaagent.server.JavaServer serve
INFO: POST(/session/1d1dc066-6e35-48fb-bee8-259c05cccd97/element/af8d91a1-cd4a-4fab-bdad-299fdf112f9f/click, {"id":"af8d91a1-cd4a-4fab-bdad-299fdf112f9f"}) = {data={"name":"clickElement","sessionId":"1d1dc066-6e35-48fb-bee8-259c05cccd97","status":0}, status=OK}
Feb 17, 2022 2:22:49 AM net.sourceforge.marathon.javaagent.server.JavaServer serve
INFO: JavaServer.serve(DELETE /session/1d1dc066-6e35-48fb-bee8-259c05cccd97/window): {}
Feb 17, 2022 2:22:49 AM net.sourceforge.marathon.javaagent.server.JavaServer serve
INFO: DELETE(/session/1d1dc066-6e35-48fb-bee8-259c05cccd97/window) = {data={"name":"closeSession","sessionId":"1d1dc066-6e35-48fb-bee8-259c05cccd97","status":0}, status=OK}
Feb 17, 2022 2:22:49 AM net.sourceforge.marathon.javaagent.server.JavaServer serve
INFO: JavaServer.serve(POST /session): {
  "desiredCapabilities": {
    "browserName": "java",
    "platform": "ANY"
  },
  "capabilities": {
    "firstMatch": [
      {
        "browserName": "java"
      }
    ]
  }
}
Feb 17, 2022 2:22:49 AM net.sourceforge.marathon.javaagent.server.JavaServer createSession
INFO: Creating device with type: EVENT_QUEUE
Feb 17, 2022 2:22:49 AM net.sourceforge.marathon.javaagent.Device getDevice
INFO: Creating a EVENT_QUEUE device
Feb 17, 2022 2:22:49 AM net.sourceforge.marathon.javaagent.server.JavaServer serve
INFO: POST(/session, {"desiredCapabilities":{"browserName":"java","platform":"ANY"},"capabilities":{"firstMatch":[{"browserName":"java"}]}}) = {data=, status=REDIRECT}
Feb 17, 2022 2:22:49 AM net.sourceforge.marathon.javaagent.server.JavaServer serve
INFO: JavaServer.serve(GET /session/c3a1f595-6146-4c77-843e-872be6ff68c3): {}
Feb 17, 2022 2:22:49 AM net.sourceforge.marathon.javaagent.server.JavaServer serve
INFO: GET(/session/c3a1f595-6146-4c77-843e-872be6ff68c3) = {data={"name":"getCapabilities","sessionId":"c3a1f595-6146-4c77-843e-872be6ff68c3","value":{"applicationCacheEnabled":false,"rotatable":false,"loggingPrefs":{"driver":"ALL"},"handlesAlerts":false,"databaseEnabled":false,"version":"1.0","platform":"ANY","browserConnectionEnabled":false,"nativeEvents":false,"acceptSslCerts":false,"locationContextEnabled":false,"webStorageEnabled":false,"browserName":"java","takesScreenshot":true,"javascriptEnabled":true,"cssSelectorsEnabled":false},"status":0}, status=OK}
Feb 17, 2022 2:22:49 AM org.openqa.selenium.remote.ProtocolHandshake createSession
INFO: Detected dialect: OSS
Feb 17, 2022 2:22:49 AM net.sourceforge.marathon.javaagent.server.JavaServer serve
INFO: JavaServer.serve(POST /session/c3a1f595-6146-4c77-843e-872be6ff68c3/element): {
  "using": "name",
  "value": "sniper reset button"
}
Feb 17, 2022 2:22:49 AM net.sourceforge.marathon.javaagent.server.JavaServer serve
INFO: POST(/session/c3a1f595-6146-4c77-843e-872be6ff68c3/element, {"using":"name","value":"sniper reset button"}) = {data={"name":"findElement","sessionId":"c3a1f595-6146-4c77-843e-872be6ff68c3","value":{"ELEMENT":"0e30e321-245b-45cd-81e2-fc08cc95859a"},"status":0}, status=OK}
Feb 17, 2022 2:22:49 AM net.sourceforge.marathon.javaagent.server.JavaServer serve
INFO: JavaServer.serve(POST /session/c3a1f595-6146-4c77-843e-872be6ff68c3/element/0e30e321-245b-45cd-81e2-fc08cc95859a/click): {
  "id": "0e30e321-245b-45cd-81e2-fc08cc95859a"
}
Feb 17, 2022 2:22:49 AM net.sourceforge.marathon.javaagent.EventQueueDevice dispatchEvent
INFO: java.awt.event.MouseEvent[MOUSE_PRESSED,(37,12),absolute(326,474),button=1,modifiers=Button1,extModifiers=Button1,clickCount=1] on sniper reset button
Feb 17, 2022 2:22:49 AM net.sourceforge.marathon.javaagent.EventQueueDevice dispatchEvent
INFO: java.awt.event.MouseEvent[MOUSE_RELEASED,(37,12),absolute(326,474),button=1,modifiers=Button1,clickCount=1] on sniper reset button
Feb 17, 2022 2:22:49 AM net.sourceforge.marathon.javaagent.EventQueueDevice dispatchEvent
INFO: java.awt.event.MouseEvent[MOUSE_CLICKED,(37,12),absolute(326,474),button=1,modifiers=Button1,clickCount=1] on sniper reset button
Feb 17, 2022 2:22:49 AM net.sourceforge.marathon.javaagent.server.JavaServer serve
INFO: POST(/session/c3a1f595-6146-4c77-843e-872be6ff68c3/element/0e30e321-245b-45cd-81e2-fc08cc95859a/click, {"id":"0e30e321-245b-45cd-81e2-fc08cc95859a"}) = {data={"name":"clickElement","sessionId":"c3a1f595-6146-4c77-843e-872be6ff68c3","status":0}, status=OK}
Feb 17, 2022 2:22:49 AM net.sourceforge.marathon.javaagent.server.JavaServer serve
INFO: JavaServer.serve(DELETE /session/c3a1f595-6146-4c77-843e-872be6ff68c3/window): {}
Feb 17, 2022 2:22:49 AM net.sourceforge.marathon.javaagent.server.JavaServer serve
INFO: DELETE(/session/c3a1f595-6146-4c77-843e-872be6ff68c3/window) = {data={"name":"closeSession","sessionId":"c3a1f595-6146-4c77-843e-872be6ff68c3","status":0}, status=OK}
]]></system-err>
</testsuite>
