<?xml version="1.0" encoding="UTF-8"?>
<testsuite name="goos.ui.swing.MainWindowTest" tests="3" skipped="0" failures="0" errors="0" timestamp="2021-11-13T02:25:42" hostname="buildkitsandbox" time="4.213">
  <properties/>
  <testcase name="window has expected features" classname="goos.ui.swing.MainWindowTest" time="3.276"/>
  <testcase name="make user request when join button clicked" classname="goos.ui.swing.MainWindowTest" time="0.73"/>
  <testcase name="make user request when reset button clicked" classname="goos.ui.swing.MainWindowTest" time="0.203"/>
  <system-out><![CDATA[]]></system-out>
  <system-err><![CDATA[Nov 13, 2021 2:25:42 AM io.mockk.impl.log.JULLogger warn
WARNING: Failed to transform class goos/ui/api/UserRequestListener
java.lang.IllegalArgumentException: Unsupported class file major version 59
	at net.bytebuddy.jar.asm.ClassReader.<init>(ClassReader.java:176)
	at net.bytebuddy.jar.asm.ClassReader.<init>(ClassReader.java:158)
	at net.bytebuddy.jar.asm.ClassReader.<init>(ClassReader.java:146)
	at net.bytebuddy.utility.OpenedClassReader.of(OpenedClassReader.java:69)
	at net.bytebuddy.dynamic.scaffold.TypeWriter$Default$ForInlining.create(TypeWriter.java:2877)
	at net.bytebuddy.dynamic.scaffold.TypeWriter$Default.make(TypeWriter.java:1653)
	at net.bytebuddy.dynamic.scaffold.inline.RedefinitionDynamicTypeBuilder.make(RedefinitionDynamicTypeBuilder.java:180)
	at net.bytebuddy.dynamic.scaffold.inline.AbstractInliningDynamicTypeBuilder.make(AbstractInliningDynamicTypeBuilder.java:94)
	at net.bytebuddy.dynamic.DynamicType$Builder$AbstractBase.make(DynamicType.java:2669)
	at io.mockk.proxy.jvm.transformation.InliningClassTransformer.transform(InliningClassTransformer.kt:78)
	at java.instrument/java.lang.instrument.ClassFileTransformer.transform(ClassFileTransformer.java:246)
	at java.instrument/sun.instrument.TransformerManager.transform(TransformerManager.java:188)
	at java.instrument/sun.instrument.InstrumentationImpl.transform(InstrumentationImpl.java:563)
	at java.instrument/sun.instrument.InstrumentationImpl.retransformClasses0(Native Method)
	at java.instrument/sun.instrument.InstrumentationImpl.retransformClasses(InstrumentationImpl.java:167)
	at io.mockk.proxy.jvm.transformation.JvmInlineInstrumentation.retransform(JvmInlineInstrumentation.kt:28)
	at io.mockk.proxy.common.transformation.RetransformInlineInstrumnetation$execute$1.invoke(RetransformInlineInstrumnetation.kt:19)
	at io.mockk.proxy.common.transformation.RetransformInlineInstrumnetation$execute$1.invoke(RetransformInlineInstrumnetation.kt:6)
	at io.mockk.proxy.common.transformation.ClassTransformationSpecMap.applyTransformation(ClassTransformationSpecMap.kt:41)
	at io.mockk.proxy.common.transformation.RetransformInlineInstrumnetation.execute(RetransformInlineInstrumnetation.kt:16)
	at io.mockk.proxy.jvm.ProxyMaker.inline(ProxyMaker.kt:88)
	at io.mockk.proxy.jvm.ProxyMaker.proxy(ProxyMaker.kt:30)
	at io.mockk.impl.instantiation.JvmMockFactory.newProxy(JvmMockFactory.kt:34)
	at io.mockk.impl.instantiation.AbstractMockFactory.newProxy$default(AbstractMockFactory.kt:29)
	at io.mockk.impl.instantiation.AbstractMockFactory.mockk(AbstractMockFactory.kt:59)
	at goos.ui.swing.MainWindowTest$1$1.invokeSuspend(MainWindowTest.kt:90)
	at goos.ui.swing.MainWindowTest$1$1.invoke(MainWindowTest.kt)
	at goos.ui.swing.MainWindowTest$1$1.invoke(MainWindowTest.kt)
	at io.kotest.core.TestConfiguration$beforeTest$1.beforeTest(TestConfiguration.kt:137)
	at io.kotest.core.spec.LifecycleKt.invokeAllBeforeTestCallbacks(lifecycle.kt:76)
	at io.kotest.core.internal.TestCaseExecutor.executeActiveTest(TestCaseExecutor.kt:152)
	at io.kotest.core.internal.TestCaseExecutor.access$executeActiveTest(TestCaseExecutor.kt:57)
	at io.kotest.core.internal.TestCaseExecutor$intercept$innerExecute$1$1.invokeSuspend(TestCaseExecutor.kt:89)
	at io.kotest.core.internal.TestCaseExecutor$intercept$innerExecute$1$1.invoke(TestCaseExecutor.kt)
	at io.kotest.core.internal.TestCaseExecutor$intercept$innerExecute$1$1.invoke(TestCaseExecutor.kt)
	at io.kotest.core.internal.TestCaseExecutor.executeIfEnabled(TestCaseExecutor.kt:117)
	at io.kotest.core.internal.TestCaseExecutor.access$executeIfEnabled(TestCaseExecutor.kt:57)
	at io.kotest.core.internal.TestCaseExecutor$intercept$innerExecute$1.invokeSuspend(TestCaseExecutor.kt:89)
	at io.kotest.core.internal.TestCaseExecutor$intercept$innerExecute$1.invoke(TestCaseExecutor.kt)
	at io.kotest.core.internal.TestCaseExecutor$intercept$innerExecute$1.invoke(TestCaseExecutor.kt)
	at io.kotest.core.internal.TestCaseExecutor.intercept(TestCaseExecutor.kt:103)
	at io.kotest.core.internal.TestCaseExecutor.execute(TestCaseExecutor.kt:69)
	at io.kotest.engine.spec.runners.SingleInstanceSpecRunner.runTest(SingleInstanceSpecRunner.kt:104)
	at io.kotest.engine.spec.runners.SingleInstanceSpecRunner.access$runTest(SingleInstanceSpecRunner.kt:34)
	at io.kotest.engine.spec.runners.SingleInstanceSpecRunner$execute$interceptAndRun$2$4.invokeSuspend(SingleInstanceSpecRunner.kt:57)
	at io.kotest.engine.spec.runners.SingleInstanceSpecRunner$execute$interceptAndRun$2$4.invoke(SingleInstanceSpecRunner.kt)
	at io.kotest.engine.spec.runners.SingleInstanceSpecRunner$execute$interceptAndRun$2$4.invoke(SingleInstanceSpecRunner.kt)
	at io.kotest.engine.launchers.SequentialTestLauncher$launch$3$1$1.invokeSuspend(SequentialTestLauncher.kt:22)
	at kotlin.coroutines.jvm.internal.BaseContinuationImpl.resumeWith(ContinuationImpl.kt:33)
	at kotlinx.coroutines.DispatchedTask.run(DispatchedTask.kt:106)
	at java.base/java.util.concurrent.ThreadPoolExecutor.runWorker(ThreadPoolExecutor.java:1130)
	at java.base/java.util.concurrent.ThreadPoolExecutor$Worker.run(ThreadPoolExecutor.java:630)
	at java.base/java.lang.Thread.run(Thread.java:832)

Nov 13, 2021 2:25:45 AM net.sourceforge.marathon.javaagent.server.JavaServer serve
INFO: JavaServer.serve(POST /session): {
  "desiredCapabilities": {
    "browserName": "java",
    "platform": "ANY"
  },
  "capabilities": {
    "firstMatch": [
      {
        "browserName": "java"
      }
    ]
  }
}
Nov 13, 2021 2:25:45 AM net.sourceforge.marathon.javaagent.server.JavaServer createSession
INFO: Creating device with type: EVENT_QUEUE
Nov 13, 2021 2:25:45 AM net.sourceforge.marathon.javaagent.Device getDevice
INFO: Creating a EVENT_QUEUE device
Nov 13, 2021 2:25:45 AM net.sourceforge.marathon.javaagent.server.JavaServer serve
INFO: POST(/session, {"desiredCapabilities":{"browserName":"java","platform":"ANY"},"capabilities":{"firstMatch":[{"browserName":"java"}]}}) = {data=, status=REDIRECT}
Nov 13, 2021 2:25:45 AM net.sourceforge.marathon.javaagent.server.JavaServer serve
INFO: JavaServer.serve(GET /session/3c980300-9eb0-4abe-b276-e2c5d1ad522a): {}
Nov 13, 2021 2:25:45 AM net.sourceforge.marathon.javaagent.server.JavaServer serve
INFO: GET(/session/3c980300-9eb0-4abe-b276-e2c5d1ad522a) = {data={"name":"getCapabilities","sessionId":"3c980300-9eb0-4abe-b276-e2c5d1ad522a","value":{"applicationCacheEnabled":false,"rotatable":false,"loggingPrefs":{"driver":"ALL"},"handlesAlerts":false,"databaseEnabled":false,"version":"1.0","platform":"ANY","browserConnectionEnabled":false,"nativeEvents":false,"acceptSslCerts":false,"locationContextEnabled":false,"webStorageEnabled":false,"browserName":"java","takesScreenshot":true,"javascriptEnabled":true,"cssSelectorsEnabled":false},"status":0}, status=OK}
Nov 13, 2021 2:25:45 AM org.openqa.selenium.remote.ProtocolHandshake createSession
INFO: Detected dialect: OSS
Nov 13, 2021 2:25:45 AM net.sourceforge.marathon.javaagent.server.JavaServer serve
INFO: JavaServer.serve(POST /session/3c980300-9eb0-4abe-b276-e2c5d1ad522a/element): {
  "using": "css selector",
  "value": "."
}
Nov 13, 2021 2:25:45 AM net.sourceforge.marathon.javaagent.server.JavaServer serve
INFO: POST(/session/3c980300-9eb0-4abe-b276-e2c5d1ad522a/element, {"using":"css selector","value":"."}) = {data={"name":"findElement","sessionId":"3c980300-9eb0-4abe-b276-e2c5d1ad522a","value":{"ELEMENT":"1aa729b2-6728-4a50-a1c8-1ea7eea7c95f"},"status":0}, status=OK}
Nov 13, 2021 2:25:45 AM net.sourceforge.marathon.javaagent.server.JavaServer serve
INFO: JavaServer.serve(GET /session/3c980300-9eb0-4abe-b276-e2c5d1ad522a/element/1aa729b2-6728-4a50-a1c8-1ea7eea7c95f/attribute/name): {}
Nov 13, 2021 2:25:45 AM net.sourceforge.marathon.javaagent.server.JavaServer serve
INFO: GET(/session/3c980300-9eb0-4abe-b276-e2c5d1ad522a/element/1aa729b2-6728-4a50-a1c8-1ea7eea7c95f/attribute/name) = {data={"name":"getElementAttribute","sessionId":"3c980300-9eb0-4abe-b276-e2c5d1ad522a","value":"Auction Sniper Name","status":0}, status=OK}
Nov 13, 2021 2:25:45 AM net.sourceforge.marathon.javaagent.server.JavaServer serve
INFO: JavaServer.serve(POST /session/3c980300-9eb0-4abe-b276-e2c5d1ad522a/element): {
  "using": "css selector",
  "value": "."
}
Nov 13, 2021 2:25:45 AM net.sourceforge.marathon.javaagent.server.JavaServer serve
INFO: POST(/session/3c980300-9eb0-4abe-b276-e2c5d1ad522a/element, {"using":"css selector","value":"."}) = {data={"name":"findElement","sessionId":"3c980300-9eb0-4abe-b276-e2c5d1ad522a","value":{"ELEMENT":"1aa729b2-6728-4a50-a1c8-1ea7eea7c95f"},"status":0}, status=OK}
Nov 13, 2021 2:25:45 AM net.sourceforge.marathon.javaagent.server.JavaServer serve
INFO: JavaServer.serve(GET /session/3c980300-9eb0-4abe-b276-e2c5d1ad522a/element/1aa729b2-6728-4a50-a1c8-1ea7eea7c95f/displayed): {}
Nov 13, 2021 2:25:45 AM net.sourceforge.marathon.javaagent.server.JavaServer serve
INFO: GET(/session/3c980300-9eb0-4abe-b276-e2c5d1ad522a/element/1aa729b2-6728-4a50-a1c8-1ea7eea7c95f/displayed) = {data={"name":"isDisplayed","sessionId":"3c980300-9eb0-4abe-b276-e2c5d1ad522a","value":true,"status":0}, status=OK}
Nov 13, 2021 2:25:45 AM net.sourceforge.marathon.javaagent.server.JavaServer serve
INFO: JavaServer.serve(GET /session/3c980300-9eb0-4abe-b276-e2c5d1ad522a/title): {}
Nov 13, 2021 2:25:45 AM net.sourceforge.marathon.javaagent.server.JavaServer serve
INFO: GET(/session/3c980300-9eb0-4abe-b276-e2c5d1ad522a/title) = {data={"name":"getWindowTitle","sessionId":"3c980300-9eb0-4abe-b276-e2c5d1ad522a","value":"Auction Sniper","status":0}, status=OK}
Nov 13, 2021 2:25:45 AM net.sourceforge.marathon.javaagent.server.JavaServer serve
INFO: JavaServer.serve(POST /session/3c980300-9eb0-4abe-b276-e2c5d1ad522a/element): {
  "using": "name",
  "value": "snipers table"
}
Nov 13, 2021 2:25:45 AM net.sourceforge.marathon.javaagent.server.JavaServer serve
INFO: POST(/session/3c980300-9eb0-4abe-b276-e2c5d1ad522a/element, {"using":"name","value":"snipers table"}) = {data={"name":"findElement","sessionId":"3c980300-9eb0-4abe-b276-e2c5d1ad522a","value":{"ELEMENT":"60c99556-d476-4ab6-986b-ed4e0790e3dc"},"status":0}, status=OK}
Nov 13, 2021 2:25:45 AM net.sourceforge.marathon.javaagent.server.JavaServer serve
INFO: JavaServer.serve(POST /session/3c980300-9eb0-4abe-b276-e2c5d1ad522a/element/60c99556-d476-4ab6-986b-ed4e0790e3dc/elements): {
  "id": "60c99556-d476-4ab6-986b-ed4e0790e3dc",
  "using": "css selector",
  "value": ".::header.::all-items"
}
Nov 13, 2021 2:25:45 AM net.sourceforge.marathon.javaagent.server.JavaServer serve
INFO: POST(/session/3c980300-9eb0-4abe-b276-e2c5d1ad522a/element/60c99556-d476-4ab6-986b-ed4e0790e3dc/elements, {"using":"css selector","id":"60c99556-d476-4ab6-986b-ed4e0790e3dc","value":".::header.::all-items"}) = {data={"name":"findElementsOfElement","sessionId":"3c980300-9eb0-4abe-b276-e2c5d1ad522a","value":[{"ELEMENT":"8de359df-03ef-4747-ac10-831bccd7ce4f%23%7B%22selector%22%3A%22nth-item%22%2C%22parameters%22%3A%5B1%5D%7D"},{"ELEMENT":"8de359df-03ef-4747-ac10-831bccd7ce4f%23%7B%22selector%22%3A%22nth-item%22%2C%22parameters%22%3A%5B2%5D%7D"},{"ELEMENT":"8de359df-03ef-4747-ac10-831bccd7ce4f%23%7B%22selector%22%3A%22nth-item%22%2C%22parameters%22%3A%5B3%5D%7D"},{"ELEMENT":"8de359df-03ef-4747-ac10-831bccd7ce4f%23%7B%22selector%22%3A%22nth-item%22%2C%22parameters%22%3A%5B4%5D%7D"}],"status":0}, status=OK}
Nov 13, 2021 2:25:45 AM net.sourceforge.marathon.javaagent.server.JavaServer serve
INFO: JavaServer.serve(GET /session/3c980300-9eb0-4abe-b276-e2c5d1ad522a/element/8de359df-03ef-4747-ac10-831bccd7ce4f%23%7B%22selector%22%3A%22nth-item%22%2C%22parameters%22%3A%5B1%5D%7D/text): {}
Nov 13, 2021 2:25:45 AM net.sourceforge.marathon.javaagent.server.JavaServer serve
INFO: GET(/session/3c980300-9eb0-4abe-b276-e2c5d1ad522a/element/8de359df-03ef-4747-ac10-831bccd7ce4f%23%7B%22selector%22%3A%22nth-item%22%2C%22parameters%22%3A%5B1%5D%7D/text) = {data={"name":"getElementText","sessionId":"3c980300-9eb0-4abe-b276-e2c5d1ad522a","value":"Item","status":0}, status=OK}
Nov 13, 2021 2:25:45 AM net.sourceforge.marathon.javaagent.server.JavaServer serve
INFO: JavaServer.serve(GET /session/3c980300-9eb0-4abe-b276-e2c5d1ad522a/element/8de359df-03ef-4747-ac10-831bccd7ce4f%23%7B%22selector%22%3A%22nth-item%22%2C%22parameters%22%3A%5B2%5D%7D/text): {}
Nov 13, 2021 2:25:45 AM net.sourceforge.marathon.javaagent.server.JavaServer serve
INFO: GET(/session/3c980300-9eb0-4abe-b276-e2c5d1ad522a/element/8de359df-03ef-4747-ac10-831bccd7ce4f%23%7B%22selector%22%3A%22nth-item%22%2C%22parameters%22%3A%5B2%5D%7D/text) = {data={"name":"getElementText","sessionId":"3c980300-9eb0-4abe-b276-e2c5d1ad522a","value":"Last Price","status":0}, status=OK}
Nov 13, 2021 2:25:45 AM net.sourceforge.marathon.javaagent.server.JavaServer serve
INFO: JavaServer.serve(GET /session/3c980300-9eb0-4abe-b276-e2c5d1ad522a/element/8de359df-03ef-4747-ac10-831bccd7ce4f%23%7B%22selector%22%3A%22nth-item%22%2C%22parameters%22%3A%5B3%5D%7D/text): {}
Nov 13, 2021 2:25:45 AM net.sourceforge.marathon.javaagent.server.JavaServer serve
INFO: GET(/session/3c980300-9eb0-4abe-b276-e2c5d1ad522a/element/8de359df-03ef-4747-ac10-831bccd7ce4f%23%7B%22selector%22%3A%22nth-item%22%2C%22parameters%22%3A%5B3%5D%7D/text) = {data={"name":"getElementText","sessionId":"3c980300-9eb0-4abe-b276-e2c5d1ad522a","value":"Last Bid","status":0}, status=OK}
Nov 13, 2021 2:25:45 AM net.sourceforge.marathon.javaagent.server.JavaServer serve
INFO: JavaServer.serve(GET /session/3c980300-9eb0-4abe-b276-e2c5d1ad522a/element/8de359df-03ef-4747-ac10-831bccd7ce4f%23%7B%22selector%22%3A%22nth-item%22%2C%22parameters%22%3A%5B4%5D%7D/text): {}
Nov 13, 2021 2:25:45 AM net.sourceforge.marathon.javaagent.server.JavaServer serve
INFO: GET(/session/3c980300-9eb0-4abe-b276-e2c5d1ad522a/element/8de359df-03ef-4747-ac10-831bccd7ce4f%23%7B%22selector%22%3A%22nth-item%22%2C%22parameters%22%3A%5B4%5D%7D/text) = {data={"name":"getElementText","sessionId":"3c980300-9eb0-4abe-b276-e2c5d1ad522a","value":"State","status":0}, status=OK}
Nov 13, 2021 2:25:45 AM net.sourceforge.marathon.javaagent.server.JavaServer serve
INFO: JavaServer.serve(DELETE /session/3c980300-9eb0-4abe-b276-e2c5d1ad522a/window): {}
Nov 13, 2021 2:25:45 AM net.sourceforge.marathon.javaagent.server.JavaServer serve
INFO: DELETE(/session/3c980300-9eb0-4abe-b276-e2c5d1ad522a/window) = {data={"name":"closeSession","sessionId":"3c980300-9eb0-4abe-b276-e2c5d1ad522a","status":0}, status=OK}
Nov 13, 2021 2:25:45 AM net.sourceforge.marathon.javaagent.server.JavaServer serve
INFO: JavaServer.serve(POST /session): {
  "desiredCapabilities": {
    "browserName": "java",
    "platform": "ANY"
  },
  "capabilities": {
    "firstMatch": [
      {
        "browserName": "java"
      }
    ]
  }
}
Nov 13, 2021 2:25:45 AM net.sourceforge.marathon.javaagent.server.JavaServer createSession
INFO: Creating device with type: EVENT_QUEUE
Nov 13, 2021 2:25:45 AM net.sourceforge.marathon.javaagent.Device getDevice
INFO: Creating a EVENT_QUEUE device
Nov 13, 2021 2:25:45 AM net.sourceforge.marathon.javaagent.server.JavaServer serve
INFO: POST(/session, {"desiredCapabilities":{"browserName":"java","platform":"ANY"},"capabilities":{"firstMatch":[{"browserName":"java"}]}}) = {data=, status=REDIRECT}
Nov 13, 2021 2:25:45 AM net.sourceforge.marathon.javaagent.server.JavaServer serve
INFO: JavaServer.serve(GET /session/94c2782c-2634-442c-9d91-83d0a136c916): {}
Nov 13, 2021 2:25:45 AM net.sourceforge.marathon.javaagent.server.JavaServer serve
INFO: GET(/session/94c2782c-2634-442c-9d91-83d0a136c916) = {data={"name":"getCapabilities","sessionId":"94c2782c-2634-442c-9d91-83d0a136c916","value":{"applicationCacheEnabled":false,"rotatable":false,"loggingPrefs":{"driver":"ALL"},"handlesAlerts":false,"databaseEnabled":false,"version":"1.0","platform":"ANY","browserConnectionEnabled":false,"nativeEvents":false,"acceptSslCerts":false,"locationContextEnabled":false,"webStorageEnabled":false,"browserName":"java","takesScreenshot":true,"javascriptEnabled":true,"cssSelectorsEnabled":false},"status":0}, status=OK}
Nov 13, 2021 2:25:45 AM org.openqa.selenium.remote.ProtocolHandshake createSession
INFO: Detected dialect: OSS
Nov 13, 2021 2:25:45 AM net.sourceforge.marathon.javaagent.server.JavaServer serve
INFO: JavaServer.serve(POST /session/94c2782c-2634-442c-9d91-83d0a136c916/element): {
  "using": "name",
  "value": "new item id field"
}
Nov 13, 2021 2:25:45 AM net.sourceforge.marathon.javaagent.server.JavaServer serve
INFO: POST(/session/94c2782c-2634-442c-9d91-83d0a136c916/element, {"using":"name","value":"new item id field"}) = {data={"name":"findElement","sessionId":"94c2782c-2634-442c-9d91-83d0a136c916","value":{"ELEMENT":"7480ff40-5d04-4140-b941-d81c9819e040"},"status":0}, status=OK}
Nov 13, 2021 2:25:45 AM net.sourceforge.marathon.javaagent.server.JavaServer serve
INFO: JavaServer.serve(POST /session/94c2782c-2634-442c-9d91-83d0a136c916/element/7480ff40-5d04-4140-b941-d81c9819e040/clear): {
  "id": "7480ff40-5d04-4140-b941-d81c9819e040"
}
Nov 13, 2021 2:25:45 AM net.sourceforge.marathon.javaagent.server.JavaServer serve
INFO: POST(/session/94c2782c-2634-442c-9d91-83d0a136c916/element/7480ff40-5d04-4140-b941-d81c9819e040/clear, {"id":"7480ff40-5d04-4140-b941-d81c9819e040"}) = {data={"name":"clearElement","sessionId":"94c2782c-2634-442c-9d91-83d0a136c916","status":0}, status=OK}
Nov 13, 2021 2:25:45 AM net.sourceforge.marathon.javaagent.server.JavaServer serve
INFO: JavaServer.serve(POST /session/94c2782c-2634-442c-9d91-83d0a136c916/element/7480ff40-5d04-4140-b941-d81c9819e040/value): {
  "id": "7480ff40-5d04-4140-b941-d81c9819e040",
  "value": [
    "an item-id"
  ]
}
Nov 13, 2021 2:25:45 AM net.sourceforge.marathon.javaagent.EventQueueDevice dispatchEvent
INFO: java.awt.event.KeyEvent[KEY_PRESSED,keyCode=65,keyText=A,keyChar='a',keyLocation=KEY_LOCATION_UNKNOWN,rawCode=0,primaryLevelUnicode=0,scancode=0,extendedKeyCode=0x0] on new item id field
Nov 13, 2021 2:25:45 AM net.sourceforge.marathon.javaagent.EventQueueDevice dispatchEvent
INFO: java.awt.event.KeyEvent[KEY_TYPED,keyCode=0,keyText=Unknown keyCode: 0x0,keyChar='a',keyLocation=KEY_LOCATION_UNKNOWN,rawCode=0,primaryLevelUnicode=0,scancode=0,extendedKeyCode=0x0] on new item id field
Nov 13, 2021 2:25:45 AM net.sourceforge.marathon.javaagent.EventQueueDevice dispatchEvent
INFO: java.awt.event.KeyEvent[KEY_RELEASED,keyCode=65,keyText=A,keyChar='a',keyLocation=KEY_LOCATION_UNKNOWN,rawCode=0,primaryLevelUnicode=0,scancode=0,extendedKeyCode=0x0] on new item id field
Nov 13, 2021 2:25:45 AM net.sourceforge.marathon.javaagent.EventQueueDevice dispatchEvent
INFO: java.awt.event.KeyEvent[KEY_PRESSED,keyCode=78,keyText=N,keyChar='n',keyLocation=KEY_LOCATION_UNKNOWN,rawCode=0,primaryLevelUnicode=0,scancode=0,extendedKeyCode=0x0] on new item id field
Nov 13, 2021 2:25:45 AM net.sourceforge.marathon.javaagent.EventQueueDevice dispatchEvent
INFO: java.awt.event.KeyEvent[KEY_TYPED,keyCode=0,keyText=Unknown keyCode: 0x0,keyChar='n',keyLocation=KEY_LOCATION_UNKNOWN,rawCode=0,primaryLevelUnicode=0,scancode=0,extendedKeyCode=0x0] on new item id field
Nov 13, 2021 2:25:45 AM net.sourceforge.marathon.javaagent.EventQueueDevice dispatchEvent
INFO: java.awt.event.KeyEvent[KEY_RELEASED,keyCode=78,keyText=N,keyChar='n',keyLocation=KEY_LOCATION_UNKNOWN,rawCode=0,primaryLevelUnicode=0,scancode=0,extendedKeyCode=0x0] on new item id field
Nov 13, 2021 2:25:45 AM net.sourceforge.marathon.javaagent.EventQueueDevice dispatchEvent
INFO: java.awt.event.KeyEvent[KEY_PRESSED,keyCode=16,keyText=Shift,keyChar=Undefined keyChar,modifiers=Shift,extModifiers=Shift,keyLocation=KEY_LOCATION_UNKNOWN,rawCode=0,primaryLevelUnicode=0,scancode=0,extendedKeyCode=0x0] on new item id field
Nov 13, 2021 2:25:45 AM net.sourceforge.marathon.javaagent.EventQueueDevice dispatchEvent
INFO: java.awt.event.KeyEvent[KEY_PRESSED,keyCode=32,keyText=Space,keyChar=' ',modifiers=Shift,extModifiers=Shift,keyLocation=KEY_LOCATION_UNKNOWN,rawCode=0,primaryLevelUnicode=0,scancode=0,extendedKeyCode=0x0] on new item id field
Nov 13, 2021 2:25:45 AM net.sourceforge.marathon.javaagent.EventQueueDevice dispatchEvent
INFO: java.awt.event.KeyEvent[KEY_TYPED,keyCode=0,keyText=Unknown keyCode: 0x0,keyChar=' ',modifiers=Shift,extModifiers=Shift,keyLocation=KEY_LOCATION_UNKNOWN,rawCode=0,primaryLevelUnicode=0,scancode=0,extendedKeyCode=0x0] on new item id field
Nov 13, 2021 2:25:45 AM net.sourceforge.marathon.javaagent.EventQueueDevice dispatchEvent
INFO: java.awt.event.KeyEvent[KEY_RELEASED,keyCode=32,keyText=Space,keyChar=' ',modifiers=Shift,extModifiers=Shift,keyLocation=KEY_LOCATION_UNKNOWN,rawCode=0,primaryLevelUnicode=0,scancode=0,extendedKeyCode=0x0] on new item id field
Nov 13, 2021 2:25:45 AM net.sourceforge.marathon.javaagent.EventQueueDevice dispatchEvent
INFO: java.awt.event.KeyEvent[KEY_RELEASED,keyCode=16,keyText=Shift,keyChar=Undefined keyChar,keyLocation=KEY_LOCATION_UNKNOWN,rawCode=0,primaryLevelUnicode=0,scancode=0,extendedKeyCode=0x0] on new item id field
Nov 13, 2021 2:25:45 AM net.sourceforge.marathon.javaagent.EventQueueDevice dispatchEvent
INFO: java.awt.event.KeyEvent[KEY_PRESSED,keyCode=73,keyText=I,keyChar='i',keyLocation=KEY_LOCATION_UNKNOWN,rawCode=0,primaryLevelUnicode=0,scancode=0,extendedKeyCode=0x0] on new item id field
Nov 13, 2021 2:25:45 AM net.sourceforge.marathon.javaagent.EventQueueDevice dispatchEvent
INFO: java.awt.event.KeyEvent[KEY_TYPED,keyCode=0,keyText=Unknown keyCode: 0x0,keyChar='i',keyLocation=KEY_LOCATION_UNKNOWN,rawCode=0,primaryLevelUnicode=0,scancode=0,extendedKeyCode=0x0] on new item id field
Nov 13, 2021 2:25:45 AM net.sourceforge.marathon.javaagent.EventQueueDevice dispatchEvent
INFO: java.awt.event.KeyEvent[KEY_RELEASED,keyCode=73,keyText=I,keyChar='i',keyLocation=KEY_LOCATION_UNKNOWN,rawCode=0,primaryLevelUnicode=0,scancode=0,extendedKeyCode=0x0] on new item id field
Nov 13, 2021 2:25:45 AM net.sourceforge.marathon.javaagent.EventQueueDevice dispatchEvent
INFO: java.awt.event.KeyEvent[KEY_PRESSED,keyCode=84,keyText=T,keyChar='t',keyLocation=KEY_LOCATION_UNKNOWN,rawCode=0,primaryLevelUnicode=0,scancode=0,extendedKeyCode=0x0] on new item id field
Nov 13, 2021 2:25:45 AM net.sourceforge.marathon.javaagent.EventQueueDevice dispatchEvent
INFO: java.awt.event.KeyEvent[KEY_TYPED,keyCode=0,keyText=Unknown keyCode: 0x0,keyChar='t',keyLocation=KEY_LOCATION_UNKNOWN,rawCode=0,primaryLevelUnicode=0,scancode=0,extendedKeyCode=0x0] on new item id field
Nov 13, 2021 2:25:45 AM net.sourceforge.marathon.javaagent.EventQueueDevice dispatchEvent
INFO: java.awt.event.KeyEvent[KEY_RELEASED,keyCode=84,keyText=T,keyChar='t',keyLocation=KEY_LOCATION_UNKNOWN,rawCode=0,primaryLevelUnicode=0,scancode=0,extendedKeyCode=0x0] on new item id field
Nov 13, 2021 2:25:45 AM net.sourceforge.marathon.javaagent.EventQueueDevice dispatchEvent
INFO: java.awt.event.KeyEvent[KEY_PRESSED,keyCode=69,keyText=E,keyChar='e',keyLocation=KEY_LOCATION_UNKNOWN,rawCode=0,primaryLevelUnicode=0,scancode=0,extendedKeyCode=0x0] on new item id field
Nov 13, 2021 2:25:45 AM net.sourceforge.marathon.javaagent.EventQueueDevice dispatchEvent
INFO: java.awt.event.KeyEvent[KEY_TYPED,keyCode=0,keyText=Unknown keyCode: 0x0,keyChar='e',keyLocation=KEY_LOCATION_UNKNOWN,rawCode=0,primaryLevelUnicode=0,scancode=0,extendedKeyCode=0x0] on new item id field
Nov 13, 2021 2:25:45 AM net.sourceforge.marathon.javaagent.EventQueueDevice dispatchEvent
INFO: java.awt.event.KeyEvent[KEY_RELEASED,keyCode=69,keyText=E,keyChar='e',keyLocation=KEY_LOCATION_UNKNOWN,rawCode=0,primaryLevelUnicode=0,scancode=0,extendedKeyCode=0x0] on new item id field
Nov 13, 2021 2:25:45 AM net.sourceforge.marathon.javaagent.EventQueueDevice dispatchEvent
INFO: java.awt.event.KeyEvent[KEY_PRESSED,keyCode=77,keyText=M,keyChar='m',keyLocation=KEY_LOCATION_UNKNOWN,rawCode=0,primaryLevelUnicode=0,scancode=0,extendedKeyCode=0x0] on new item id field
Nov 13, 2021 2:25:45 AM net.sourceforge.marathon.javaagent.EventQueueDevice dispatchEvent
INFO: java.awt.event.KeyEvent[KEY_TYPED,keyCode=0,keyText=Unknown keyCode: 0x0,keyChar='m',keyLocation=KEY_LOCATION_UNKNOWN,rawCode=0,primaryLevelUnicode=0,scancode=0,extendedKeyCode=0x0] on new item id field
Nov 13, 2021 2:25:45 AM net.sourceforge.marathon.javaagent.EventQueueDevice dispatchEvent
INFO: java.awt.event.KeyEvent[KEY_RELEASED,keyCode=77,keyText=M,keyChar='m',keyLocation=KEY_LOCATION_UNKNOWN,rawCode=0,primaryLevelUnicode=0,scancode=0,extendedKeyCode=0x0] on new item id field
Nov 13, 2021 2:25:45 AM net.sourceforge.marathon.javaagent.EventQueueDevice dispatchEvent
INFO: java.awt.event.KeyEvent[KEY_PRESSED,keyCode=45,keyText=Minus,keyChar='-',keyLocation=KEY_LOCATION_UNKNOWN,rawCode=0,primaryLevelUnicode=0,scancode=0,extendedKeyCode=0x0] on new item id field
Nov 13, 2021 2:25:45 AM net.sourceforge.marathon.javaagent.EventQueueDevice dispatchEvent
INFO: java.awt.event.KeyEvent[KEY_TYPED,keyCode=0,keyText=Unknown keyCode: 0x0,keyChar='-',keyLocation=KEY_LOCATION_UNKNOWN,rawCode=0,primaryLevelUnicode=0,scancode=0,extendedKeyCode=0x0] on new item id field
Nov 13, 2021 2:25:45 AM net.sourceforge.marathon.javaagent.EventQueueDevice dispatchEvent
INFO: java.awt.event.KeyEvent[KEY_RELEASED,keyCode=45,keyText=Minus,keyChar='-',keyLocation=KEY_LOCATION_UNKNOWN,rawCode=0,primaryLevelUnicode=0,scancode=0,extendedKeyCode=0x0] on new item id field
Nov 13, 2021 2:25:45 AM net.sourceforge.marathon.javaagent.EventQueueDevice dispatchEvent
INFO: java.awt.event.KeyEvent[KEY_PRESSED,keyCode=73,keyText=I,keyChar='i',keyLocation=KEY_LOCATION_UNKNOWN,rawCode=0,primaryLevelUnicode=0,scancode=0,extendedKeyCode=0x0] on new item id field
Nov 13, 2021 2:25:45 AM net.sourceforge.marathon.javaagent.EventQueueDevice dispatchEvent
INFO: java.awt.event.KeyEvent[KEY_TYPED,keyCode=0,keyText=Unknown keyCode: 0x0,keyChar='i',keyLocation=KEY_LOCATION_UNKNOWN,rawCode=0,primaryLevelUnicode=0,scancode=0,extendedKeyCode=0x0] on new item id field
Nov 13, 2021 2:25:45 AM net.sourceforge.marathon.javaagent.EventQueueDevice dispatchEvent
INFO: java.awt.event.KeyEvent[KEY_RELEASED,keyCode=73,keyText=I,keyChar='i',keyLocation=KEY_LOCATION_UNKNOWN,rawCode=0,primaryLevelUnicode=0,scancode=0,extendedKeyCode=0x0] on new item id field
Nov 13, 2021 2:25:45 AM net.sourceforge.marathon.javaagent.EventQueueDevice dispatchEvent
INFO: java.awt.event.KeyEvent[KEY_PRESSED,keyCode=68,keyText=D,keyChar='d',keyLocation=KEY_LOCATION_UNKNOWN,rawCode=0,primaryLevelUnicode=0,scancode=0,extendedKeyCode=0x0] on new item id field
Nov 13, 2021 2:25:45 AM net.sourceforge.marathon.javaagent.EventQueueDevice dispatchEvent
INFO: java.awt.event.KeyEvent[KEY_TYPED,keyCode=0,keyText=Unknown keyCode: 0x0,keyChar='d',keyLocation=KEY_LOCATION_UNKNOWN,rawCode=0,primaryLevelUnicode=0,scancode=0,extendedKeyCode=0x0] on new item id field
Nov 13, 2021 2:25:45 AM net.sourceforge.marathon.javaagent.EventQueueDevice dispatchEvent
INFO: java.awt.event.KeyEvent[KEY_RELEASED,keyCode=68,keyText=D,keyChar='d',keyLocation=KEY_LOCATION_UNKNOWN,rawCode=0,primaryLevelUnicode=0,scancode=0,extendedKeyCode=0x0] on new item id field
Nov 13, 2021 2:25:45 AM net.sourceforge.marathon.javaagent.server.JavaServer serve
INFO: POST(/session/94c2782c-2634-442c-9d91-83d0a136c916/element/7480ff40-5d04-4140-b941-d81c9819e040/value, {"id":"7480ff40-5d04-4140-b941-d81c9819e040","value":["an item-id"]}) = {data={"name":"sendKeysElement","sessionId":"94c2782c-2634-442c-9d91-83d0a136c916","status":0}, status=OK}
Nov 13, 2021 2:25:45 AM net.sourceforge.marathon.javaagent.server.JavaServer serve
INFO: JavaServer.serve(POST /session/94c2782c-2634-442c-9d91-83d0a136c916/element): {
  "using": "name",
  "value": "new item stop price field"
}
Nov 13, 2021 2:25:45 AM net.sourceforge.marathon.javaagent.server.JavaServer serve
INFO: POST(/session/94c2782c-2634-442c-9d91-83d0a136c916/element, {"using":"name","value":"new item stop price field"}) = {data={"name":"findElement","sessionId":"94c2782c-2634-442c-9d91-83d0a136c916","value":{"ELEMENT":"74f9e474-64bd-493b-90ee-e7b0680ecfe4"},"status":0}, status=OK}
Nov 13, 2021 2:25:45 AM net.sourceforge.marathon.javaagent.server.JavaServer serve
INFO: JavaServer.serve(POST /session/94c2782c-2634-442c-9d91-83d0a136c916/element/74f9e474-64bd-493b-90ee-e7b0680ecfe4/clear): {
  "id": "74f9e474-64bd-493b-90ee-e7b0680ecfe4"
}
Nov 13, 2021 2:25:45 AM net.sourceforge.marathon.javaagent.server.JavaServer serve
INFO: POST(/session/94c2782c-2634-442c-9d91-83d0a136c916/element/74f9e474-64bd-493b-90ee-e7b0680ecfe4/clear, {"id":"74f9e474-64bd-493b-90ee-e7b0680ecfe4"}) = {data={"name":"clearElement","sessionId":"94c2782c-2634-442c-9d91-83d0a136c916","status":0}, status=OK}
Nov 13, 2021 2:25:45 AM net.sourceforge.marathon.javaagent.server.JavaServer serve
INFO: JavaServer.serve(POST /session/94c2782c-2634-442c-9d91-83d0a136c916/element/74f9e474-64bd-493b-90ee-e7b0680ecfe4/value): {
  "id": "74f9e474-64bd-493b-90ee-e7b0680ecfe4",
  "value": [
    "11000"
  ]
}
Nov 13, 2021 2:25:45 AM net.sourceforge.marathon.javaagent.EventQueueDevice dispatchEvent
INFO: java.awt.event.KeyEvent[KEY_PRESSED,keyCode=49,keyText=1,keyChar='1',keyLocation=KEY_LOCATION_UNKNOWN,rawCode=0,primaryLevelUnicode=0,scancode=0,extendedKeyCode=0x0] on new item stop price field
Nov 13, 2021 2:25:45 AM net.sourceforge.marathon.javaagent.EventQueueDevice dispatchEvent
INFO: java.awt.event.KeyEvent[KEY_TYPED,keyCode=0,keyText=Unknown keyCode: 0x0,keyChar='1',keyLocation=KEY_LOCATION_UNKNOWN,rawCode=0,primaryLevelUnicode=0,scancode=0,extendedKeyCode=0x0] on new item stop price field
Nov 13, 2021 2:25:45 AM net.sourceforge.marathon.javaagent.EventQueueDevice dispatchEvent
INFO: java.awt.event.KeyEvent[KEY_RELEASED,keyCode=49,keyText=1,keyChar='1',keyLocation=KEY_LOCATION_UNKNOWN,rawCode=0,primaryLevelUnicode=0,scancode=0,extendedKeyCode=0x0] on new item stop price field
Nov 13, 2021 2:25:45 AM net.sourceforge.marathon.javaagent.EventQueueDevice dispatchEvent
INFO: java.awt.event.KeyEvent[KEY_PRESSED,keyCode=49,keyText=1,keyChar='1',keyLocation=KEY_LOCATION_UNKNOWN,rawCode=0,primaryLevelUnicode=0,scancode=0,extendedKeyCode=0x0] on new item stop price field
Nov 13, 2021 2:25:45 AM net.sourceforge.marathon.javaagent.EventQueueDevice dispatchEvent
INFO: java.awt.event.KeyEvent[KEY_TYPED,keyCode=0,keyText=Unknown keyCode: 0x0,keyChar='1',keyLocation=KEY_LOCATION_UNKNOWN,rawCode=0,primaryLevelUnicode=0,scancode=0,extendedKeyCode=0x0] on new item stop price field
Nov 13, 2021 2:25:45 AM net.sourceforge.marathon.javaagent.EventQueueDevice dispatchEvent
INFO: java.awt.event.KeyEvent[KEY_RELEASED,keyCode=49,keyText=1,keyChar='1',keyLocation=KEY_LOCATION_UNKNOWN,rawCode=0,primaryLevelUnicode=0,scancode=0,extendedKeyCode=0x0] on new item stop price field
Nov 13, 2021 2:25:45 AM net.sourceforge.marathon.javaagent.EventQueueDevice dispatchEvent
INFO: java.awt.event.KeyEvent[KEY_PRESSED,keyCode=48,keyText=0,keyChar='0',keyLocation=KEY_LOCATION_UNKNOWN,rawCode=0,primaryLevelUnicode=0,scancode=0,extendedKeyCode=0x0] on new item stop price field
Nov 13, 2021 2:25:45 AM net.sourceforge.marathon.javaagent.EventQueueDevice dispatchEvent
INFO: java.awt.event.KeyEvent[KEY_TYPED,keyCode=0,keyText=Unknown keyCode: 0x0,keyChar='0',keyLocation=KEY_LOCATION_UNKNOWN,rawCode=0,primaryLevelUnicode=0,scancode=0,extendedKeyCode=0x0] on new item stop price field
Nov 13, 2021 2:25:45 AM net.sourceforge.marathon.javaagent.EventQueueDevice dispatchEvent
INFO: java.awt.event.KeyEvent[KEY_RELEASED,keyCode=48,keyText=0,keyChar='0',keyLocation=KEY_LOCATION_UNKNOWN,rawCode=0,primaryLevelUnicode=0,scancode=0,extendedKeyCode=0x0] on new item stop price field
Nov 13, 2021 2:25:45 AM net.sourceforge.marathon.javaagent.EventQueueDevice dispatchEvent
INFO: java.awt.event.KeyEvent[KEY_PRESSED,keyCode=48,keyText=0,keyChar='0',keyLocation=KEY_LOCATION_UNKNOWN,rawCode=0,primaryLevelUnicode=0,scancode=0,extendedKeyCode=0x0] on new item stop price field
Nov 13, 2021 2:25:45 AM net.sourceforge.marathon.javaagent.EventQueueDevice dispatchEvent
INFO: java.awt.event.KeyEvent[KEY_TYPED,keyCode=0,keyText=Unknown keyCode: 0x0,keyChar='0',keyLocation=KEY_LOCATION_UNKNOWN,rawCode=0,primaryLevelUnicode=0,scancode=0,extendedKeyCode=0x0] on new item stop price field
Nov 13, 2021 2:25:45 AM net.sourceforge.marathon.javaagent.EventQueueDevice dispatchEvent
INFO: java.awt.event.KeyEvent[KEY_RELEASED,keyCode=48,keyText=0,keyChar='0',keyLocation=KEY_LOCATION_UNKNOWN,rawCode=0,primaryLevelUnicode=0,scancode=0,extendedKeyCode=0x0] on new item stop price field
Nov 13, 2021 2:25:45 AM net.sourceforge.marathon.javaagent.EventQueueDevice dispatchEvent
INFO: java.awt.event.KeyEvent[KEY_PRESSED,keyCode=48,keyText=0,keyChar='0',keyLocation=KEY_LOCATION_UNKNOWN,rawCode=0,primaryLevelUnicode=0,scancode=0,extendedKeyCode=0x0] on new item stop price field
Nov 13, 2021 2:25:45 AM net.sourceforge.marathon.javaagent.EventQueueDevice dispatchEvent
INFO: java.awt.event.KeyEvent[KEY_TYPED,keyCode=0,keyText=Unknown keyCode: 0x0,keyChar='0',keyLocation=KEY_LOCATION_UNKNOWN,rawCode=0,primaryLevelUnicode=0,scancode=0,extendedKeyCode=0x0] on new item stop price field
Nov 13, 2021 2:25:45 AM net.sourceforge.marathon.javaagent.EventQueueDevice dispatchEvent
INFO: java.awt.event.KeyEvent[KEY_RELEASED,keyCode=48,keyText=0,keyChar='0',keyLocation=KEY_LOCATION_UNKNOWN,rawCode=0,primaryLevelUnicode=0,scancode=0,extendedKeyCode=0x0] on new item stop price field
Nov 13, 2021 2:25:45 AM net.sourceforge.marathon.javaagent.server.JavaServer serve
INFO: POST(/session/94c2782c-2634-442c-9d91-83d0a136c916/element/74f9e474-64bd-493b-90ee-e7b0680ecfe4/value, {"id":"74f9e474-64bd-493b-90ee-e7b0680ecfe4","value":["11000"]}) = {data={"name":"sendKeysElement","sessionId":"94c2782c-2634-442c-9d91-83d0a136c916","status":0}, status=OK}
Nov 13, 2021 2:25:45 AM net.sourceforge.marathon.javaagent.server.JavaServer serve
INFO: JavaServer.serve(POST /session/94c2782c-2634-442c-9d91-83d0a136c916/element): {
  "using": "name",
  "value": "join button"
}
Nov 13, 2021 2:25:45 AM net.sourceforge.marathon.javaagent.server.JavaServer serve
INFO: POST(/session/94c2782c-2634-442c-9d91-83d0a136c916/element, {"using":"name","value":"join button"}) = {data={"name":"findElement","sessionId":"94c2782c-2634-442c-9d91-83d0a136c916","value":{"ELEMENT":"a8c38ee7-1a3d-4371-9d5a-2a23e075919a"},"status":0}, status=OK}
Nov 13, 2021 2:25:45 AM net.sourceforge.marathon.javaagent.server.JavaServer serve
INFO: JavaServer.serve(POST /session/94c2782c-2634-442c-9d91-83d0a136c916/element/a8c38ee7-1a3d-4371-9d5a-2a23e075919a/click): {
  "id": "a8c38ee7-1a3d-4371-9d5a-2a23e075919a"
}
Nov 13, 2021 2:25:45 AM net.sourceforge.marathon.javaagent.EventQueueDevice dispatchEvent
INFO: java.awt.event.MouseEvent[MOUSE_PRESSED,(58,12),absolute(589,17),button=1,modifiers=Button1,extModifiers=Button1,clickCount=1] on join button
Nov 13, 2021 2:25:45 AM net.sourceforge.marathon.javaagent.EventQueueDevice dispatchEvent
INFO: java.awt.event.MouseEvent[MOUSE_RELEASED,(58,12),absolute(589,17),button=1,modifiers=Button1,clickCount=1] on join button
Nov 13, 2021 2:25:45 AM net.sourceforge.marathon.javaagent.EventQueueDevice dispatchEvent
INFO: java.awt.event.MouseEvent[MOUSE_CLICKED,(58,12),absolute(589,17),button=1,modifiers=Button1,clickCount=1] on join button
Nov 13, 2021 2:25:46 AM net.sourceforge.marathon.javaagent.server.JavaServer serve
INFO: POST(/session/94c2782c-2634-442c-9d91-83d0a136c916/element/a8c38ee7-1a3d-4371-9d5a-2a23e075919a/click, {"id":"a8c38ee7-1a3d-4371-9d5a-2a23e075919a"}) = {data={"name":"clickElement","sessionId":"94c2782c-2634-442c-9d91-83d0a136c916","status":0}, status=OK}
Nov 13, 2021 2:25:46 AM net.sourceforge.marathon.javaagent.server.JavaServer serve
INFO: JavaServer.serve(DELETE /session/94c2782c-2634-442c-9d91-83d0a136c916/window): {}
Nov 13, 2021 2:25:46 AM net.sourceforge.marathon.javaagent.server.JavaServer serve
INFO: DELETE(/session/94c2782c-2634-442c-9d91-83d0a136c916/window) = {data={"name":"closeSession","sessionId":"94c2782c-2634-442c-9d91-83d0a136c916","status":0}, status=OK}
Nov 13, 2021 2:25:46 AM net.sourceforge.marathon.javaagent.server.JavaServer serve
INFO: JavaServer.serve(POST /session): {
  "desiredCapabilities": {
    "browserName": "java",
    "platform": "ANY"
  },
  "capabilities": {
    "firstMatch": [
      {
        "browserName": "java"
      }
    ]
  }
}
Nov 13, 2021 2:25:46 AM net.sourceforge.marathon.javaagent.server.JavaServer createSession
INFO: Creating device with type: EVENT_QUEUE
Nov 13, 2021 2:25:46 AM net.sourceforge.marathon.javaagent.Device getDevice
INFO: Creating a EVENT_QUEUE device
Nov 13, 2021 2:25:46 AM net.sourceforge.marathon.javaagent.server.JavaServer serve
INFO: POST(/session, {"desiredCapabilities":{"browserName":"java","platform":"ANY"},"capabilities":{"firstMatch":[{"browserName":"java"}]}}) = {data=, status=REDIRECT}
Nov 13, 2021 2:25:46 AM net.sourceforge.marathon.javaagent.server.JavaServer serve
INFO: JavaServer.serve(GET /session/245e7b34-cf00-4bda-8081-141291d9c2fd): {}
Nov 13, 2021 2:25:46 AM net.sourceforge.marathon.javaagent.server.JavaServer serve
INFO: GET(/session/245e7b34-cf00-4bda-8081-141291d9c2fd) = {data={"name":"getCapabilities","sessionId":"245e7b34-cf00-4bda-8081-141291d9c2fd","value":{"applicationCacheEnabled":false,"rotatable":false,"loggingPrefs":{"driver":"ALL"},"handlesAlerts":false,"databaseEnabled":false,"version":"1.0","platform":"ANY","browserConnectionEnabled":false,"nativeEvents":false,"acceptSslCerts":false,"locationContextEnabled":false,"webStorageEnabled":false,"browserName":"java","takesScreenshot":true,"javascriptEnabled":true,"cssSelectorsEnabled":false},"status":0}, status=OK}
Nov 13, 2021 2:25:46 AM org.openqa.selenium.remote.ProtocolHandshake createSession
INFO: Detected dialect: OSS
Nov 13, 2021 2:25:46 AM net.sourceforge.marathon.javaagent.server.JavaServer serve
INFO: JavaServer.serve(POST /session/245e7b34-cf00-4bda-8081-141291d9c2fd/element): {
  "using": "name",
  "value": "sniper reset button"
}
Nov 13, 2021 2:25:46 AM net.sourceforge.marathon.javaagent.server.JavaServer serve
INFO: POST(/session/245e7b34-cf00-4bda-8081-141291d9c2fd/element, {"using":"name","value":"sniper reset button"}) = {data={"name":"findElement","sessionId":"245e7b34-cf00-4bda-8081-141291d9c2fd","value":{"ELEMENT":"83bd3e21-62ae-4c29-9eeb-ea59eb85f4eb"},"status":0}, status=OK}
Nov 13, 2021 2:25:46 AM net.sourceforge.marathon.javaagent.server.JavaServer serve
INFO: JavaServer.serve(POST /session/245e7b34-cf00-4bda-8081-141291d9c2fd/element/83bd3e21-62ae-4c29-9eeb-ea59eb85f4eb/click): {
  "id": "83bd3e21-62ae-4c29-9eeb-ea59eb85f4eb"
}
Nov 13, 2021 2:25:46 AM net.sourceforge.marathon.javaagent.EventQueueDevice dispatchEvent
INFO: java.awt.event.MouseEvent[MOUSE_PRESSED,(37,12),absolute(326,474),button=1,modifiers=Button1,extModifiers=Button1,clickCount=1] on sniper reset button
Nov 13, 2021 2:25:46 AM net.sourceforge.marathon.javaagent.EventQueueDevice dispatchEvent
INFO: java.awt.event.MouseEvent[MOUSE_RELEASED,(37,12),absolute(326,474),button=1,modifiers=Button1,clickCount=1] on sniper reset button
Nov 13, 2021 2:25:46 AM net.sourceforge.marathon.javaagent.EventQueueDevice dispatchEvent
INFO: java.awt.event.MouseEvent[MOUSE_CLICKED,(37,12),absolute(326,474),button=1,modifiers=Button1,clickCount=1] on sniper reset button
Nov 13, 2021 2:25:46 AM net.sourceforge.marathon.javaagent.server.JavaServer serve
INFO: POST(/session/245e7b34-cf00-4bda-8081-141291d9c2fd/element/83bd3e21-62ae-4c29-9eeb-ea59eb85f4eb/click, {"id":"83bd3e21-62ae-4c29-9eeb-ea59eb85f4eb"}) = {data={"name":"clickElement","sessionId":"245e7b34-cf00-4bda-8081-141291d9c2fd","status":0}, status=OK}
Nov 13, 2021 2:25:46 AM net.sourceforge.marathon.javaagent.server.JavaServer serve
INFO: JavaServer.serve(DELETE /session/245e7b34-cf00-4bda-8081-141291d9c2fd/window): {}
Nov 13, 2021 2:25:46 AM net.sourceforge.marathon.javaagent.server.JavaServer serve
INFO: DELETE(/session/245e7b34-cf00-4bda-8081-141291d9c2fd/window) = {data={"name":"closeSession","sessionId":"245e7b34-cf00-4bda-8081-141291d9c2fd","status":0}, status=OK}
]]></system-err>
</testsuite>
