<?xml version="1.0" encoding="UTF-8"?>
<testsuite name="uk.org.lidalia.kotlinlangext.coroutines.sync.CountDownLatchTest" tests="14" skipped="0" failures="0" errors="0" timestamp="2021-11-10T02:24:55" hostname="buildkitsandbox" time="0.898">
  <properties/>
  <testcase name="default initial count is 1" classname="uk.org.lidalia.kotlinlangext.coroutines.sync.CountDownLatchTest" time="0.081"/>
  <testcase name="initial count 0 is allowed" classname="uk.org.lidalia.kotlinlangext.coroutines.sync.CountDownLatchTest" time="0.001"/>
  <testcase name="initial count 1 is allowed" classname="uk.org.lidalia.kotlinlangext.coroutines.sync.CountDownLatchTest" time="0.001"/>
  <testcase name="initial count 10 is allowed" classname="uk.org.lidalia.kotlinlangext.coroutines.sync.CountDownLatchTest" time="0.001"/>
  <testcase name="initial count 1000000 is allowed" classname="uk.org.lidalia.kotlinlangext.coroutines.sync.CountDownLatchTest" time="0.006"/>
  <testcase name="initial count -1 is not allowed" classname="uk.org.lidalia.kotlinlangext.coroutines.sync.CountDownLatchTest" time="0.002"/>
  <testcase name="initial count -1000000 is not allowed" classname="uk.org.lidalia.kotlinlangext.coroutines.sync.CountDownLatchTest" time="0.001"/>
  <testcase name="countDown never goes below 0" classname="uk.org.lidalia.kotlinlangext.coroutines.sync.CountDownLatchTest" time="0.083"/>
  <testcase name="countDown is atomic" classname="uk.org.lidalia.kotlinlangext.coroutines.sync.CountDownLatchTest" time="0.043"/>
  <testcase name="initial count 0 is open" classname="uk.org.lidalia.kotlinlangext.coroutines.sync.CountDownLatchTest" time="0.001"/>
  <testcase name="waits for countdown" classname="uk.org.lidalia.kotlinlangext.coroutines.sync.CountDownLatchTest" time="0.132"/>
  <testcase name="remains open forever" classname="uk.org.lidalia.kotlinlangext.coroutines.sync.CountDownLatchTest" time="0.197"/>
  <testcase name="returns true if await completes inside time" classname="uk.org.lidalia.kotlinlangext.coroutines.sync.CountDownLatchTest" time="0.105"/>
  <testcase name="returns false if await does not complete inside time" classname="uk.org.lidalia.kotlinlangext.coroutines.sync.CountDownLatchTest" time="0.203"/>
  <system-out><![CDATA[]]></system-out>
  <system-err><![CDATA[]]></system-err>
</testsuite>
