<?xml version="1.0" encoding="UTF-8"?>
<testsuite name="goos.core.AuctionSniperTest" tests="7" skipped="0" failures="0" errors="0" timestamp="2021-10-08T02:28:01" hostname="buildkitsandbox" time="0.293">
  <properties/>
  <testcase name="reports lost if auction closes immediately" classname="goos.core.AuctionSniperTest" time="0.216"/>
  <testcase name="reports lost if auction closes when bidding" classname="goos.core.AuctionSniperTest" time="0.014"/>
  <testcase name="reports won if auction closes when winning" classname="goos.core.AuctionSniperTest" time="0.008"/>
  <testcase name="bids higher and reports bidding when new price arrives" classname="goos.core.AuctionSniperTest" time="0.006"/>
  <testcase name="reports is winning when current price comes from sniper" classname="goos.core.AuctionSniperTest" time="0.005"/>
  <testcase name="reports is losing when current price comes from other and next bid is higher than stop price" classname="goos.core.AuctionSniperTest" time="0.002"/>
  <testcase name="reports failed if auction fails when bidding" classname="goos.core.AuctionSniperTest" time="0.004"/>
  <system-out><![CDATA[]]></system-out>
  <system-err><![CDATA[]]></system-err>
</testsuite>
