<?xml version="1.0" encoding="UTF-8"?>
<testsuite name="goos.ui.swing.MainWindowTest" tests="3" skipped="0" failures="0" errors="0" timestamp="2021-10-31T02:26:58" hostname="buildkitsandbox" time="4.12">
  <properties/>
  <testcase name="window has expected features" classname="goos.ui.swing.MainWindowTest" time="3.147"/>
  <testcase name="make user request when join button clicked" classname="goos.ui.swing.MainWindowTest" time="0.77"/>
  <testcase name="make user request when reset button clicked" classname="goos.ui.swing.MainWindowTest" time="0.198"/>
  <system-out><![CDATA[]]></system-out>
  <system-err><![CDATA[Oct 31, 2021 2:26:58 AM io.mockk.impl.log.JULLogger warn
WARNING: Failed to transform class goos/ui/api/UserRequestListener
java.lang.IllegalArgumentException: Unsupported class file major version 59
	at net.bytebuddy.jar.asm.ClassReader.<init>(ClassReader.java:176)
	at net.bytebuddy.jar.asm.ClassReader.<init>(ClassReader.java:158)
	at net.bytebuddy.jar.asm.ClassReader.<init>(ClassReader.java:146)
	at net.bytebuddy.utility.OpenedClassReader.of(OpenedClassReader.java:69)
	at net.bytebuddy.dynamic.scaffold.TypeWriter$Default$ForInlining.create(TypeWriter.java:2877)
	at net.bytebuddy.dynamic.scaffold.TypeWriter$Default.make(TypeWriter.java:1653)
	at net.bytebuddy.dynamic.scaffold.inline.RedefinitionDynamicTypeBuilder.make(RedefinitionDynamicTypeBuilder.java:180)
	at net.bytebuddy.dynamic.scaffold.inline.AbstractInliningDynamicTypeBuilder.make(AbstractInliningDynamicTypeBuilder.java:94)
	at net.bytebuddy.dynamic.DynamicType$Builder$AbstractBase.make(DynamicType.java:2669)
	at io.mockk.proxy.jvm.transformation.InliningClassTransformer.transform(InliningClassTransformer.kt:78)
	at java.instrument/java.lang.instrument.ClassFileTransformer.transform(ClassFileTransformer.java:246)
	at java.instrument/sun.instrument.TransformerManager.transform(TransformerManager.java:188)
	at java.instrument/sun.instrument.InstrumentationImpl.transform(InstrumentationImpl.java:563)
	at java.instrument/sun.instrument.InstrumentationImpl.retransformClasses0(Native Method)
	at java.instrument/sun.instrument.InstrumentationImpl.retransformClasses(InstrumentationImpl.java:167)
	at io.mockk.proxy.jvm.transformation.JvmInlineInstrumentation.retransform(JvmInlineInstrumentation.kt:28)
	at io.mockk.proxy.common.transformation.RetransformInlineInstrumnetation$execute$1.invoke(RetransformInlineInstrumnetation.kt:19)
	at io.mockk.proxy.common.transformation.RetransformInlineInstrumnetation$execute$1.invoke(RetransformInlineInstrumnetation.kt:6)
	at io.mockk.proxy.common.transformation.ClassTransformationSpecMap.applyTransformation(ClassTransformationSpecMap.kt:41)
	at io.mockk.proxy.common.transformation.RetransformInlineInstrumnetation.execute(RetransformInlineInstrumnetation.kt:16)
	at io.mockk.proxy.jvm.ProxyMaker.inline(ProxyMaker.kt:88)
	at io.mockk.proxy.jvm.ProxyMaker.proxy(ProxyMaker.kt:30)
	at io.mockk.impl.instantiation.JvmMockFactory.newProxy(JvmMockFactory.kt:34)
	at io.mockk.impl.instantiation.AbstractMockFactory.newProxy$default(AbstractMockFactory.kt:29)
	at io.mockk.impl.instantiation.AbstractMockFactory.mockk(AbstractMockFactory.kt:59)
	at goos.ui.swing.MainWindowTest$1$1.invokeSuspend(MainWindowTest.kt:90)
	at goos.ui.swing.MainWindowTest$1$1.invoke(MainWindowTest.kt)
	at goos.ui.swing.MainWindowTest$1$1.invoke(MainWindowTest.kt)
	at io.kotest.core.TestConfiguration$beforeTest$1.beforeTest(TestConfiguration.kt:137)
	at io.kotest.core.spec.LifecycleKt.invokeAllBeforeTestCallbacks(lifecycle.kt:76)
	at io.kotest.core.internal.TestCaseExecutor.executeActiveTest(TestCaseExecutor.kt:152)
	at io.kotest.core.internal.TestCaseExecutor.access$executeActiveTest(TestCaseExecutor.kt:57)
	at io.kotest.core.internal.TestCaseExecutor$intercept$innerExecute$1$1.invokeSuspend(TestCaseExecutor.kt:89)
	at io.kotest.core.internal.TestCaseExecutor$intercept$innerExecute$1$1.invoke(TestCaseExecutor.kt)
	at io.kotest.core.internal.TestCaseExecutor$intercept$innerExecute$1$1.invoke(TestCaseExecutor.kt)
	at io.kotest.core.internal.TestCaseExecutor.executeIfEnabled(TestCaseExecutor.kt:117)
	at io.kotest.core.internal.TestCaseExecutor.access$executeIfEnabled(TestCaseExecutor.kt:57)
	at io.kotest.core.internal.TestCaseExecutor$intercept$innerExecute$1.invokeSuspend(TestCaseExecutor.kt:89)
	at io.kotest.core.internal.TestCaseExecutor$intercept$innerExecute$1.invoke(TestCaseExecutor.kt)
	at io.kotest.core.internal.TestCaseExecutor$intercept$innerExecute$1.invoke(TestCaseExecutor.kt)
	at io.kotest.core.internal.TestCaseExecutor.intercept(TestCaseExecutor.kt:103)
	at io.kotest.core.internal.TestCaseExecutor.execute(TestCaseExecutor.kt:69)
	at io.kotest.engine.spec.runners.SingleInstanceSpecRunner.runTest(SingleInstanceSpecRunner.kt:104)
	at io.kotest.engine.spec.runners.SingleInstanceSpecRunner.access$runTest(SingleInstanceSpecRunner.kt:34)
	at io.kotest.engine.spec.runners.SingleInstanceSpecRunner$execute$interceptAndRun$2$4.invokeSuspend(SingleInstanceSpecRunner.kt:57)
	at io.kotest.engine.spec.runners.SingleInstanceSpecRunner$execute$interceptAndRun$2$4.invoke(SingleInstanceSpecRunner.kt)
	at io.kotest.engine.spec.runners.SingleInstanceSpecRunner$execute$interceptAndRun$2$4.invoke(SingleInstanceSpecRunner.kt)
	at io.kotest.engine.launchers.SequentialTestLauncher$launch$3$1$1.invokeSuspend(SequentialTestLauncher.kt:22)
	at kotlin.coroutines.jvm.internal.BaseContinuationImpl.resumeWith(ContinuationImpl.kt:33)
	at kotlinx.coroutines.DispatchedTask.run(DispatchedTask.kt:106)
	at java.base/java.util.concurrent.ThreadPoolExecutor.runWorker(ThreadPoolExecutor.java:1130)
	at java.base/java.util.concurrent.ThreadPoolExecutor$Worker.run(ThreadPoolExecutor.java:630)
	at java.base/java.lang.Thread.run(Thread.java:832)

Oct 31, 2021 2:27:00 AM net.sourceforge.marathon.javaagent.server.JavaServer serve
INFO: JavaServer.serve(POST /session): {
  "desiredCapabilities": {
    "browserName": "java",
    "platform": "ANY"
  },
  "capabilities": {
    "firstMatch": [
      {
        "browserName": "java"
      }
    ]
  }
}
Oct 31, 2021 2:27:00 AM net.sourceforge.marathon.javaagent.server.JavaServer createSession
INFO: Creating device with type: EVENT_QUEUE
Oct 31, 2021 2:27:00 AM net.sourceforge.marathon.javaagent.Device getDevice
INFO: Creating a EVENT_QUEUE device
Oct 31, 2021 2:27:00 AM net.sourceforge.marathon.javaagent.server.JavaServer serve
INFO: POST(/session, {"desiredCapabilities":{"browserName":"java","platform":"ANY"},"capabilities":{"firstMatch":[{"browserName":"java"}]}}) = {data=, status=REDIRECT}
Oct 31, 2021 2:27:00 AM net.sourceforge.marathon.javaagent.server.JavaServer serve
INFO: JavaServer.serve(GET /session/42de3ab6-b4ac-4987-a1ec-205456ea345a): {}
Oct 31, 2021 2:27:00 AM net.sourceforge.marathon.javaagent.server.JavaServer serve
INFO: GET(/session/42de3ab6-b4ac-4987-a1ec-205456ea345a) = {data={"name":"getCapabilities","sessionId":"42de3ab6-b4ac-4987-a1ec-205456ea345a","value":{"applicationCacheEnabled":false,"rotatable":false,"loggingPrefs":{"driver":"ALL"},"handlesAlerts":false,"databaseEnabled":false,"version":"1.0","platform":"ANY","browserConnectionEnabled":false,"nativeEvents":false,"acceptSslCerts":false,"locationContextEnabled":false,"webStorageEnabled":false,"browserName":"java","takesScreenshot":true,"javascriptEnabled":true,"cssSelectorsEnabled":false},"status":0}, status=OK}
Oct 31, 2021 2:27:00 AM org.openqa.selenium.remote.ProtocolHandshake createSession
INFO: Detected dialect: OSS
Oct 31, 2021 2:27:00 AM net.sourceforge.marathon.javaagent.server.JavaServer serve
INFO: JavaServer.serve(POST /session/42de3ab6-b4ac-4987-a1ec-205456ea345a/element): {
  "using": "css selector",
  "value": "."
}
Oct 31, 2021 2:27:00 AM net.sourceforge.marathon.javaagent.server.JavaServer serve
INFO: POST(/session/42de3ab6-b4ac-4987-a1ec-205456ea345a/element, {"using":"css selector","value":"."}) = {data={"name":"findElement","sessionId":"42de3ab6-b4ac-4987-a1ec-205456ea345a","value":{"ELEMENT":"e7a89087-36ee-418a-a53a-74d81fbf5d75"},"status":0}, status=OK}
Oct 31, 2021 2:27:00 AM net.sourceforge.marathon.javaagent.server.JavaServer serve
INFO: JavaServer.serve(GET /session/42de3ab6-b4ac-4987-a1ec-205456ea345a/element/e7a89087-36ee-418a-a53a-74d81fbf5d75/attribute/name): {}
Oct 31, 2021 2:27:00 AM net.sourceforge.marathon.javaagent.server.JavaServer serve
INFO: GET(/session/42de3ab6-b4ac-4987-a1ec-205456ea345a/element/e7a89087-36ee-418a-a53a-74d81fbf5d75/attribute/name) = {data={"name":"getElementAttribute","sessionId":"42de3ab6-b4ac-4987-a1ec-205456ea345a","value":"Auction Sniper Name","status":0}, status=OK}
Oct 31, 2021 2:27:00 AM net.sourceforge.marathon.javaagent.server.JavaServer serve
INFO: JavaServer.serve(POST /session/42de3ab6-b4ac-4987-a1ec-205456ea345a/element): {
  "using": "css selector",
  "value": "."
}
Oct 31, 2021 2:27:00 AM net.sourceforge.marathon.javaagent.server.JavaServer serve
INFO: POST(/session/42de3ab6-b4ac-4987-a1ec-205456ea345a/element, {"using":"css selector","value":"."}) = {data={"name":"findElement","sessionId":"42de3ab6-b4ac-4987-a1ec-205456ea345a","value":{"ELEMENT":"e7a89087-36ee-418a-a53a-74d81fbf5d75"},"status":0}, status=OK}
Oct 31, 2021 2:27:01 AM net.sourceforge.marathon.javaagent.server.JavaServer serve
INFO: JavaServer.serve(GET /session/42de3ab6-b4ac-4987-a1ec-205456ea345a/element/e7a89087-36ee-418a-a53a-74d81fbf5d75/displayed): {}
Oct 31, 2021 2:27:01 AM net.sourceforge.marathon.javaagent.server.JavaServer serve
INFO: GET(/session/42de3ab6-b4ac-4987-a1ec-205456ea345a/element/e7a89087-36ee-418a-a53a-74d81fbf5d75/displayed) = {data={"name":"isDisplayed","sessionId":"42de3ab6-b4ac-4987-a1ec-205456ea345a","value":true,"status":0}, status=OK}
Oct 31, 2021 2:27:01 AM net.sourceforge.marathon.javaagent.server.JavaServer serve
INFO: JavaServer.serve(GET /session/42de3ab6-b4ac-4987-a1ec-205456ea345a/title): {}
Oct 31, 2021 2:27:01 AM net.sourceforge.marathon.javaagent.server.JavaServer serve
INFO: GET(/session/42de3ab6-b4ac-4987-a1ec-205456ea345a/title) = {data={"name":"getWindowTitle","sessionId":"42de3ab6-b4ac-4987-a1ec-205456ea345a","value":"Auction Sniper","status":0}, status=OK}
Oct 31, 2021 2:27:01 AM net.sourceforge.marathon.javaagent.server.JavaServer serve
INFO: JavaServer.serve(POST /session/42de3ab6-b4ac-4987-a1ec-205456ea345a/element): {
  "using": "name",
  "value": "snipers table"
}
Oct 31, 2021 2:27:01 AM net.sourceforge.marathon.javaagent.server.JavaServer serve
INFO: POST(/session/42de3ab6-b4ac-4987-a1ec-205456ea345a/element, {"using":"name","value":"snipers table"}) = {data={"name":"findElement","sessionId":"42de3ab6-b4ac-4987-a1ec-205456ea345a","value":{"ELEMENT":"4cff44aa-12a2-452a-a3d3-7611f847a736"},"status":0}, status=OK}
Oct 31, 2021 2:27:01 AM net.sourceforge.marathon.javaagent.server.JavaServer serve
INFO: JavaServer.serve(POST /session/42de3ab6-b4ac-4987-a1ec-205456ea345a/element/4cff44aa-12a2-452a-a3d3-7611f847a736/elements): {
  "id": "4cff44aa-12a2-452a-a3d3-7611f847a736",
  "using": "css selector",
  "value": ".::header.::all-items"
}
Oct 31, 2021 2:27:01 AM net.sourceforge.marathon.javaagent.server.JavaServer serve
INFO: POST(/session/42de3ab6-b4ac-4987-a1ec-205456ea345a/element/4cff44aa-12a2-452a-a3d3-7611f847a736/elements, {"using":"css selector","id":"4cff44aa-12a2-452a-a3d3-7611f847a736","value":".::header.::all-items"}) = {data={"name":"findElementsOfElement","sessionId":"42de3ab6-b4ac-4987-a1ec-205456ea345a","value":[{"ELEMENT":"dedaa0e9-75a4-4267-837a-4eed7f54d66c%23%7B%22selector%22%3A%22nth-item%22%2C%22parameters%22%3A%5B1%5D%7D"},{"ELEMENT":"dedaa0e9-75a4-4267-837a-4eed7f54d66c%23%7B%22selector%22%3A%22nth-item%22%2C%22parameters%22%3A%5B2%5D%7D"},{"ELEMENT":"dedaa0e9-75a4-4267-837a-4eed7f54d66c%23%7B%22selector%22%3A%22nth-item%22%2C%22parameters%22%3A%5B3%5D%7D"},{"ELEMENT":"dedaa0e9-75a4-4267-837a-4eed7f54d66c%23%7B%22selector%22%3A%22nth-item%22%2C%22parameters%22%3A%5B4%5D%7D"}],"status":0}, status=OK}
Oct 31, 2021 2:27:01 AM net.sourceforge.marathon.javaagent.server.JavaServer serve
INFO: JavaServer.serve(GET /session/42de3ab6-b4ac-4987-a1ec-205456ea345a/element/dedaa0e9-75a4-4267-837a-4eed7f54d66c%23%7B%22selector%22%3A%22nth-item%22%2C%22parameters%22%3A%5B1%5D%7D/text): {}
Oct 31, 2021 2:27:01 AM net.sourceforge.marathon.javaagent.server.JavaServer serve
INFO: GET(/session/42de3ab6-b4ac-4987-a1ec-205456ea345a/element/dedaa0e9-75a4-4267-837a-4eed7f54d66c%23%7B%22selector%22%3A%22nth-item%22%2C%22parameters%22%3A%5B1%5D%7D/text) = {data={"name":"getElementText","sessionId":"42de3ab6-b4ac-4987-a1ec-205456ea345a","value":"Item","status":0}, status=OK}
Oct 31, 2021 2:27:01 AM net.sourceforge.marathon.javaagent.server.JavaServer serve
INFO: JavaServer.serve(GET /session/42de3ab6-b4ac-4987-a1ec-205456ea345a/element/dedaa0e9-75a4-4267-837a-4eed7f54d66c%23%7B%22selector%22%3A%22nth-item%22%2C%22parameters%22%3A%5B2%5D%7D/text): {}
Oct 31, 2021 2:27:01 AM net.sourceforge.marathon.javaagent.server.JavaServer serve
INFO: GET(/session/42de3ab6-b4ac-4987-a1ec-205456ea345a/element/dedaa0e9-75a4-4267-837a-4eed7f54d66c%23%7B%22selector%22%3A%22nth-item%22%2C%22parameters%22%3A%5B2%5D%7D/text) = {data={"name":"getElementText","sessionId":"42de3ab6-b4ac-4987-a1ec-205456ea345a","value":"Last Price","status":0}, status=OK}
Oct 31, 2021 2:27:01 AM net.sourceforge.marathon.javaagent.server.JavaServer serve
INFO: JavaServer.serve(GET /session/42de3ab6-b4ac-4987-a1ec-205456ea345a/element/dedaa0e9-75a4-4267-837a-4eed7f54d66c%23%7B%22selector%22%3A%22nth-item%22%2C%22parameters%22%3A%5B3%5D%7D/text): {}
Oct 31, 2021 2:27:01 AM net.sourceforge.marathon.javaagent.server.JavaServer serve
INFO: GET(/session/42de3ab6-b4ac-4987-a1ec-205456ea345a/element/dedaa0e9-75a4-4267-837a-4eed7f54d66c%23%7B%22selector%22%3A%22nth-item%22%2C%22parameters%22%3A%5B3%5D%7D/text) = {data={"name":"getElementText","sessionId":"42de3ab6-b4ac-4987-a1ec-205456ea345a","value":"Last Bid","status":0}, status=OK}
Oct 31, 2021 2:27:01 AM net.sourceforge.marathon.javaagent.server.JavaServer serve
INFO: JavaServer.serve(GET /session/42de3ab6-b4ac-4987-a1ec-205456ea345a/element/dedaa0e9-75a4-4267-837a-4eed7f54d66c%23%7B%22selector%22%3A%22nth-item%22%2C%22parameters%22%3A%5B4%5D%7D/text): {}
Oct 31, 2021 2:27:01 AM net.sourceforge.marathon.javaagent.server.JavaServer serve
INFO: GET(/session/42de3ab6-b4ac-4987-a1ec-205456ea345a/element/dedaa0e9-75a4-4267-837a-4eed7f54d66c%23%7B%22selector%22%3A%22nth-item%22%2C%22parameters%22%3A%5B4%5D%7D/text) = {data={"name":"getElementText","sessionId":"42de3ab6-b4ac-4987-a1ec-205456ea345a","value":"State","status":0}, status=OK}
Oct 31, 2021 2:27:01 AM net.sourceforge.marathon.javaagent.server.JavaServer serve
INFO: JavaServer.serve(DELETE /session/42de3ab6-b4ac-4987-a1ec-205456ea345a/window): {}
Oct 31, 2021 2:27:01 AM net.sourceforge.marathon.javaagent.server.JavaServer serve
INFO: DELETE(/session/42de3ab6-b4ac-4987-a1ec-205456ea345a/window) = {data={"name":"closeSession","sessionId":"42de3ab6-b4ac-4987-a1ec-205456ea345a","status":0}, status=OK}
Oct 31, 2021 2:27:01 AM net.sourceforge.marathon.javaagent.server.JavaServer serve
INFO: JavaServer.serve(POST /session): {
  "desiredCapabilities": {
    "browserName": "java",
    "platform": "ANY"
  },
  "capabilities": {
    "firstMatch": [
      {
        "browserName": "java"
      }
    ]
  }
}
Oct 31, 2021 2:27:01 AM net.sourceforge.marathon.javaagent.server.JavaServer createSession
INFO: Creating device with type: EVENT_QUEUE
Oct 31, 2021 2:27:01 AM net.sourceforge.marathon.javaagent.Device getDevice
INFO: Creating a EVENT_QUEUE device
Oct 31, 2021 2:27:01 AM net.sourceforge.marathon.javaagent.server.JavaServer serve
INFO: POST(/session, {"desiredCapabilities":{"browserName":"java","platform":"ANY"},"capabilities":{"firstMatch":[{"browserName":"java"}]}}) = {data=, status=REDIRECT}
Oct 31, 2021 2:27:01 AM net.sourceforge.marathon.javaagent.server.JavaServer serve
INFO: JavaServer.serve(GET /session/62b1a876-f6f8-4dce-886d-76fe1cb6d877): {}
Oct 31, 2021 2:27:01 AM net.sourceforge.marathon.javaagent.server.JavaServer serve
INFO: GET(/session/62b1a876-f6f8-4dce-886d-76fe1cb6d877) = {data={"name":"getCapabilities","sessionId":"62b1a876-f6f8-4dce-886d-76fe1cb6d877","value":{"applicationCacheEnabled":false,"rotatable":false,"loggingPrefs":{"driver":"ALL"},"handlesAlerts":false,"databaseEnabled":false,"version":"1.0","platform":"ANY","browserConnectionEnabled":false,"nativeEvents":false,"acceptSslCerts":false,"locationContextEnabled":false,"webStorageEnabled":false,"browserName":"java","takesScreenshot":true,"javascriptEnabled":true,"cssSelectorsEnabled":false},"status":0}, status=OK}
Oct 31, 2021 2:27:01 AM org.openqa.selenium.remote.ProtocolHandshake createSession
INFO: Detected dialect: OSS
Oct 31, 2021 2:27:01 AM net.sourceforge.marathon.javaagent.server.JavaServer serve
INFO: JavaServer.serve(POST /session/62b1a876-f6f8-4dce-886d-76fe1cb6d877/element): {
  "using": "name",
  "value": "new item id field"
}
Oct 31, 2021 2:27:01 AM net.sourceforge.marathon.javaagent.server.JavaServer serve
INFO: POST(/session/62b1a876-f6f8-4dce-886d-76fe1cb6d877/element, {"using":"name","value":"new item id field"}) = {data={"name":"findElement","sessionId":"62b1a876-f6f8-4dce-886d-76fe1cb6d877","value":{"ELEMENT":"3e1f0709-0a83-4910-9d27-70b40d49a802"},"status":0}, status=OK}
Oct 31, 2021 2:27:01 AM net.sourceforge.marathon.javaagent.server.JavaServer serve
INFO: JavaServer.serve(POST /session/62b1a876-f6f8-4dce-886d-76fe1cb6d877/element/3e1f0709-0a83-4910-9d27-70b40d49a802/clear): {
  "id": "3e1f0709-0a83-4910-9d27-70b40d49a802"
}
Oct 31, 2021 2:27:01 AM net.sourceforge.marathon.javaagent.server.JavaServer serve
INFO: POST(/session/62b1a876-f6f8-4dce-886d-76fe1cb6d877/element/3e1f0709-0a83-4910-9d27-70b40d49a802/clear, {"id":"3e1f0709-0a83-4910-9d27-70b40d49a802"}) = {data={"name":"clearElement","sessionId":"62b1a876-f6f8-4dce-886d-76fe1cb6d877","status":0}, status=OK}
Oct 31, 2021 2:27:01 AM net.sourceforge.marathon.javaagent.server.JavaServer serve
INFO: JavaServer.serve(POST /session/62b1a876-f6f8-4dce-886d-76fe1cb6d877/element/3e1f0709-0a83-4910-9d27-70b40d49a802/value): {
  "id": "3e1f0709-0a83-4910-9d27-70b40d49a802",
  "value": [
    "an item-id"
  ]
}
Oct 31, 2021 2:27:01 AM net.sourceforge.marathon.javaagent.EventQueueDevice dispatchEvent
INFO: java.awt.event.KeyEvent[KEY_PRESSED,keyCode=65,keyText=A,keyChar='a',keyLocation=KEY_LOCATION_UNKNOWN,rawCode=0,primaryLevelUnicode=0,scancode=0,extendedKeyCode=0x0] on new item id field
Oct 31, 2021 2:27:01 AM net.sourceforge.marathon.javaagent.EventQueueDevice dispatchEvent
INFO: java.awt.event.KeyEvent[KEY_TYPED,keyCode=0,keyText=Unknown keyCode: 0x0,keyChar='a',keyLocation=KEY_LOCATION_UNKNOWN,rawCode=0,primaryLevelUnicode=0,scancode=0,extendedKeyCode=0x0] on new item id field
Oct 31, 2021 2:27:01 AM net.sourceforge.marathon.javaagent.EventQueueDevice dispatchEvent
INFO: java.awt.event.KeyEvent[KEY_RELEASED,keyCode=65,keyText=A,keyChar='a',keyLocation=KEY_LOCATION_UNKNOWN,rawCode=0,primaryLevelUnicode=0,scancode=0,extendedKeyCode=0x0] on new item id field
Oct 31, 2021 2:27:01 AM net.sourceforge.marathon.javaagent.EventQueueDevice dispatchEvent
INFO: java.awt.event.KeyEvent[KEY_PRESSED,keyCode=78,keyText=N,keyChar='n',keyLocation=KEY_LOCATION_UNKNOWN,rawCode=0,primaryLevelUnicode=0,scancode=0,extendedKeyCode=0x0] on new item id field
Oct 31, 2021 2:27:01 AM net.sourceforge.marathon.javaagent.EventQueueDevice dispatchEvent
INFO: java.awt.event.KeyEvent[KEY_TYPED,keyCode=0,keyText=Unknown keyCode: 0x0,keyChar='n',keyLocation=KEY_LOCATION_UNKNOWN,rawCode=0,primaryLevelUnicode=0,scancode=0,extendedKeyCode=0x0] on new item id field
Oct 31, 2021 2:27:01 AM net.sourceforge.marathon.javaagent.EventQueueDevice dispatchEvent
INFO: java.awt.event.KeyEvent[KEY_RELEASED,keyCode=78,keyText=N,keyChar='n',keyLocation=KEY_LOCATION_UNKNOWN,rawCode=0,primaryLevelUnicode=0,scancode=0,extendedKeyCode=0x0] on new item id field
Oct 31, 2021 2:27:01 AM net.sourceforge.marathon.javaagent.EventQueueDevice dispatchEvent
INFO: java.awt.event.KeyEvent[KEY_PRESSED,keyCode=16,keyText=Shift,keyChar=Undefined keyChar,modifiers=Shift,extModifiers=Shift,keyLocation=KEY_LOCATION_UNKNOWN,rawCode=0,primaryLevelUnicode=0,scancode=0,extendedKeyCode=0x0] on new item id field
Oct 31, 2021 2:27:01 AM net.sourceforge.marathon.javaagent.EventQueueDevice dispatchEvent
INFO: java.awt.event.KeyEvent[KEY_PRESSED,keyCode=32,keyText=Space,keyChar=' ',modifiers=Shift,extModifiers=Shift,keyLocation=KEY_LOCATION_UNKNOWN,rawCode=0,primaryLevelUnicode=0,scancode=0,extendedKeyCode=0x0] on new item id field
Oct 31, 2021 2:27:01 AM net.sourceforge.marathon.javaagent.EventQueueDevice dispatchEvent
INFO: java.awt.event.KeyEvent[KEY_TYPED,keyCode=0,keyText=Unknown keyCode: 0x0,keyChar=' ',modifiers=Shift,extModifiers=Shift,keyLocation=KEY_LOCATION_UNKNOWN,rawCode=0,primaryLevelUnicode=0,scancode=0,extendedKeyCode=0x0] on new item id field
Oct 31, 2021 2:27:01 AM net.sourceforge.marathon.javaagent.EventQueueDevice dispatchEvent
INFO: java.awt.event.KeyEvent[KEY_RELEASED,keyCode=32,keyText=Space,keyChar=' ',modifiers=Shift,extModifiers=Shift,keyLocation=KEY_LOCATION_UNKNOWN,rawCode=0,primaryLevelUnicode=0,scancode=0,extendedKeyCode=0x0] on new item id field
Oct 31, 2021 2:27:01 AM net.sourceforge.marathon.javaagent.EventQueueDevice dispatchEvent
INFO: java.awt.event.KeyEvent[KEY_RELEASED,keyCode=16,keyText=Shift,keyChar=Undefined keyChar,keyLocation=KEY_LOCATION_UNKNOWN,rawCode=0,primaryLevelUnicode=0,scancode=0,extendedKeyCode=0x0] on new item id field
Oct 31, 2021 2:27:01 AM net.sourceforge.marathon.javaagent.EventQueueDevice dispatchEvent
INFO: java.awt.event.KeyEvent[KEY_PRESSED,keyCode=73,keyText=I,keyChar='i',keyLocation=KEY_LOCATION_UNKNOWN,rawCode=0,primaryLevelUnicode=0,scancode=0,extendedKeyCode=0x0] on new item id field
Oct 31, 2021 2:27:01 AM net.sourceforge.marathon.javaagent.EventQueueDevice dispatchEvent
INFO: java.awt.event.KeyEvent[KEY_TYPED,keyCode=0,keyText=Unknown keyCode: 0x0,keyChar='i',keyLocation=KEY_LOCATION_UNKNOWN,rawCode=0,primaryLevelUnicode=0,scancode=0,extendedKeyCode=0x0] on new item id field
Oct 31, 2021 2:27:01 AM net.sourceforge.marathon.javaagent.EventQueueDevice dispatchEvent
INFO: java.awt.event.KeyEvent[KEY_RELEASED,keyCode=73,keyText=I,keyChar='i',keyLocation=KEY_LOCATION_UNKNOWN,rawCode=0,primaryLevelUnicode=0,scancode=0,extendedKeyCode=0x0] on new item id field
Oct 31, 2021 2:27:01 AM net.sourceforge.marathon.javaagent.EventQueueDevice dispatchEvent
INFO: java.awt.event.KeyEvent[KEY_PRESSED,keyCode=84,keyText=T,keyChar='t',keyLocation=KEY_LOCATION_UNKNOWN,rawCode=0,primaryLevelUnicode=0,scancode=0,extendedKeyCode=0x0] on new item id field
Oct 31, 2021 2:27:01 AM net.sourceforge.marathon.javaagent.EventQueueDevice dispatchEvent
INFO: java.awt.event.KeyEvent[KEY_TYPED,keyCode=0,keyText=Unknown keyCode: 0x0,keyChar='t',keyLocation=KEY_LOCATION_UNKNOWN,rawCode=0,primaryLevelUnicode=0,scancode=0,extendedKeyCode=0x0] on new item id field
Oct 31, 2021 2:27:01 AM net.sourceforge.marathon.javaagent.EventQueueDevice dispatchEvent
INFO: java.awt.event.KeyEvent[KEY_RELEASED,keyCode=84,keyText=T,keyChar='t',keyLocation=KEY_LOCATION_UNKNOWN,rawCode=0,primaryLevelUnicode=0,scancode=0,extendedKeyCode=0x0] on new item id field
Oct 31, 2021 2:27:01 AM net.sourceforge.marathon.javaagent.EventQueueDevice dispatchEvent
INFO: java.awt.event.KeyEvent[KEY_PRESSED,keyCode=69,keyText=E,keyChar='e',keyLocation=KEY_LOCATION_UNKNOWN,rawCode=0,primaryLevelUnicode=0,scancode=0,extendedKeyCode=0x0] on new item id field
Oct 31, 2021 2:27:01 AM net.sourceforge.marathon.javaagent.EventQueueDevice dispatchEvent
INFO: java.awt.event.KeyEvent[KEY_TYPED,keyCode=0,keyText=Unknown keyCode: 0x0,keyChar='e',keyLocation=KEY_LOCATION_UNKNOWN,rawCode=0,primaryLevelUnicode=0,scancode=0,extendedKeyCode=0x0] on new item id field
Oct 31, 2021 2:27:01 AM net.sourceforge.marathon.javaagent.EventQueueDevice dispatchEvent
INFO: java.awt.event.KeyEvent[KEY_RELEASED,keyCode=69,keyText=E,keyChar='e',keyLocation=KEY_LOCATION_UNKNOWN,rawCode=0,primaryLevelUnicode=0,scancode=0,extendedKeyCode=0x0] on new item id field
Oct 31, 2021 2:27:01 AM net.sourceforge.marathon.javaagent.EventQueueDevice dispatchEvent
INFO: java.awt.event.KeyEvent[KEY_PRESSED,keyCode=77,keyText=M,keyChar='m',keyLocation=KEY_LOCATION_UNKNOWN,rawCode=0,primaryLevelUnicode=0,scancode=0,extendedKeyCode=0x0] on new item id field
Oct 31, 2021 2:27:01 AM net.sourceforge.marathon.javaagent.EventQueueDevice dispatchEvent
INFO: java.awt.event.KeyEvent[KEY_TYPED,keyCode=0,keyText=Unknown keyCode: 0x0,keyChar='m',keyLocation=KEY_LOCATION_UNKNOWN,rawCode=0,primaryLevelUnicode=0,scancode=0,extendedKeyCode=0x0] on new item id field
Oct 31, 2021 2:27:01 AM net.sourceforge.marathon.javaagent.EventQueueDevice dispatchEvent
INFO: java.awt.event.KeyEvent[KEY_RELEASED,keyCode=77,keyText=M,keyChar='m',keyLocation=KEY_LOCATION_UNKNOWN,rawCode=0,primaryLevelUnicode=0,scancode=0,extendedKeyCode=0x0] on new item id field
Oct 31, 2021 2:27:01 AM net.sourceforge.marathon.javaagent.EventQueueDevice dispatchEvent
INFO: java.awt.event.KeyEvent[KEY_PRESSED,keyCode=45,keyText=Minus,keyChar='-',keyLocation=KEY_LOCATION_UNKNOWN,rawCode=0,primaryLevelUnicode=0,scancode=0,extendedKeyCode=0x0] on new item id field
Oct 31, 2021 2:27:01 AM net.sourceforge.marathon.javaagent.EventQueueDevice dispatchEvent
INFO: java.awt.event.KeyEvent[KEY_TYPED,keyCode=0,keyText=Unknown keyCode: 0x0,keyChar='-',keyLocation=KEY_LOCATION_UNKNOWN,rawCode=0,primaryLevelUnicode=0,scancode=0,extendedKeyCode=0x0] on new item id field
Oct 31, 2021 2:27:01 AM net.sourceforge.marathon.javaagent.EventQueueDevice dispatchEvent
INFO: java.awt.event.KeyEvent[KEY_RELEASED,keyCode=45,keyText=Minus,keyChar='-',keyLocation=KEY_LOCATION_UNKNOWN,rawCode=0,primaryLevelUnicode=0,scancode=0,extendedKeyCode=0x0] on new item id field
Oct 31, 2021 2:27:01 AM net.sourceforge.marathon.javaagent.EventQueueDevice dispatchEvent
INFO: java.awt.event.KeyEvent[KEY_PRESSED,keyCode=73,keyText=I,keyChar='i',keyLocation=KEY_LOCATION_UNKNOWN,rawCode=0,primaryLevelUnicode=0,scancode=0,extendedKeyCode=0x0] on new item id field
Oct 31, 2021 2:27:01 AM net.sourceforge.marathon.javaagent.EventQueueDevice dispatchEvent
INFO: java.awt.event.KeyEvent[KEY_TYPED,keyCode=0,keyText=Unknown keyCode: 0x0,keyChar='i',keyLocation=KEY_LOCATION_UNKNOWN,rawCode=0,primaryLevelUnicode=0,scancode=0,extendedKeyCode=0x0] on new item id field
Oct 31, 2021 2:27:01 AM net.sourceforge.marathon.javaagent.EventQueueDevice dispatchEvent
INFO: java.awt.event.KeyEvent[KEY_RELEASED,keyCode=73,keyText=I,keyChar='i',keyLocation=KEY_LOCATION_UNKNOWN,rawCode=0,primaryLevelUnicode=0,scancode=0,extendedKeyCode=0x0] on new item id field
Oct 31, 2021 2:27:01 AM net.sourceforge.marathon.javaagent.EventQueueDevice dispatchEvent
INFO: java.awt.event.KeyEvent[KEY_PRESSED,keyCode=68,keyText=D,keyChar='d',keyLocation=KEY_LOCATION_UNKNOWN,rawCode=0,primaryLevelUnicode=0,scancode=0,extendedKeyCode=0x0] on new item id field
Oct 31, 2021 2:27:01 AM net.sourceforge.marathon.javaagent.EventQueueDevice dispatchEvent
INFO: java.awt.event.KeyEvent[KEY_TYPED,keyCode=0,keyText=Unknown keyCode: 0x0,keyChar='d',keyLocation=KEY_LOCATION_UNKNOWN,rawCode=0,primaryLevelUnicode=0,scancode=0,extendedKeyCode=0x0] on new item id field
Oct 31, 2021 2:27:01 AM net.sourceforge.marathon.javaagent.EventQueueDevice dispatchEvent
INFO: java.awt.event.KeyEvent[KEY_RELEASED,keyCode=68,keyText=D,keyChar='d',keyLocation=KEY_LOCATION_UNKNOWN,rawCode=0,primaryLevelUnicode=0,scancode=0,extendedKeyCode=0x0] on new item id field
Oct 31, 2021 2:27:01 AM net.sourceforge.marathon.javaagent.server.JavaServer serve
INFO: POST(/session/62b1a876-f6f8-4dce-886d-76fe1cb6d877/element/3e1f0709-0a83-4910-9d27-70b40d49a802/value, {"id":"3e1f0709-0a83-4910-9d27-70b40d49a802","value":["an item-id"]}) = {data={"name":"sendKeysElement","sessionId":"62b1a876-f6f8-4dce-886d-76fe1cb6d877","status":0}, status=OK}
Oct 31, 2021 2:27:01 AM net.sourceforge.marathon.javaagent.server.JavaServer serve
INFO: JavaServer.serve(POST /session/62b1a876-f6f8-4dce-886d-76fe1cb6d877/element): {
  "using": "name",
  "value": "new item stop price field"
}
Oct 31, 2021 2:27:01 AM net.sourceforge.marathon.javaagent.server.JavaServer serve
INFO: POST(/session/62b1a876-f6f8-4dce-886d-76fe1cb6d877/element, {"using":"name","value":"new item stop price field"}) = {data={"name":"findElement","sessionId":"62b1a876-f6f8-4dce-886d-76fe1cb6d877","value":{"ELEMENT":"ddd6e191-a0dc-4628-91a8-f7cc5d17561e"},"status":0}, status=OK}
Oct 31, 2021 2:27:01 AM net.sourceforge.marathon.javaagent.server.JavaServer serve
INFO: JavaServer.serve(POST /session/62b1a876-f6f8-4dce-886d-76fe1cb6d877/element/ddd6e191-a0dc-4628-91a8-f7cc5d17561e/clear): {
  "id": "ddd6e191-a0dc-4628-91a8-f7cc5d17561e"
}
Oct 31, 2021 2:27:01 AM net.sourceforge.marathon.javaagent.server.JavaServer serve
INFO: POST(/session/62b1a876-f6f8-4dce-886d-76fe1cb6d877/element/ddd6e191-a0dc-4628-91a8-f7cc5d17561e/clear, {"id":"ddd6e191-a0dc-4628-91a8-f7cc5d17561e"}) = {data={"name":"clearElement","sessionId":"62b1a876-f6f8-4dce-886d-76fe1cb6d877","status":0}, status=OK}
Oct 31, 2021 2:27:01 AM net.sourceforge.marathon.javaagent.server.JavaServer serve
INFO: JavaServer.serve(POST /session/62b1a876-f6f8-4dce-886d-76fe1cb6d877/element/ddd6e191-a0dc-4628-91a8-f7cc5d17561e/value): {
  "id": "ddd6e191-a0dc-4628-91a8-f7cc5d17561e",
  "value": [
    "11000"
  ]
}
Oct 31, 2021 2:27:01 AM net.sourceforge.marathon.javaagent.EventQueueDevice dispatchEvent
INFO: java.awt.event.KeyEvent[KEY_PRESSED,keyCode=49,keyText=1,keyChar='1',keyLocation=KEY_LOCATION_UNKNOWN,rawCode=0,primaryLevelUnicode=0,scancode=0,extendedKeyCode=0x0] on new item stop price field
Oct 31, 2021 2:27:01 AM net.sourceforge.marathon.javaagent.EventQueueDevice dispatchEvent
INFO: java.awt.event.KeyEvent[KEY_TYPED,keyCode=0,keyText=Unknown keyCode: 0x0,keyChar='1',keyLocation=KEY_LOCATION_UNKNOWN,rawCode=0,primaryLevelUnicode=0,scancode=0,extendedKeyCode=0x0] on new item stop price field
Oct 31, 2021 2:27:01 AM net.sourceforge.marathon.javaagent.EventQueueDevice dispatchEvent
INFO: java.awt.event.KeyEvent[KEY_RELEASED,keyCode=49,keyText=1,keyChar='1',keyLocation=KEY_LOCATION_UNKNOWN,rawCode=0,primaryLevelUnicode=0,scancode=0,extendedKeyCode=0x0] on new item stop price field
Oct 31, 2021 2:27:01 AM net.sourceforge.marathon.javaagent.EventQueueDevice dispatchEvent
INFO: java.awt.event.KeyEvent[KEY_PRESSED,keyCode=49,keyText=1,keyChar='1',keyLocation=KEY_LOCATION_UNKNOWN,rawCode=0,primaryLevelUnicode=0,scancode=0,extendedKeyCode=0x0] on new item stop price field
Oct 31, 2021 2:27:01 AM net.sourceforge.marathon.javaagent.EventQueueDevice dispatchEvent
INFO: java.awt.event.KeyEvent[KEY_TYPED,keyCode=0,keyText=Unknown keyCode: 0x0,keyChar='1',keyLocation=KEY_LOCATION_UNKNOWN,rawCode=0,primaryLevelUnicode=0,scancode=0,extendedKeyCode=0x0] on new item stop price field
Oct 31, 2021 2:27:01 AM net.sourceforge.marathon.javaagent.EventQueueDevice dispatchEvent
INFO: java.awt.event.KeyEvent[KEY_RELEASED,keyCode=49,keyText=1,keyChar='1',keyLocation=KEY_LOCATION_UNKNOWN,rawCode=0,primaryLevelUnicode=0,scancode=0,extendedKeyCode=0x0] on new item stop price field
Oct 31, 2021 2:27:01 AM net.sourceforge.marathon.javaagent.EventQueueDevice dispatchEvent
INFO: java.awt.event.KeyEvent[KEY_PRESSED,keyCode=48,keyText=0,keyChar='0',keyLocation=KEY_LOCATION_UNKNOWN,rawCode=0,primaryLevelUnicode=0,scancode=0,extendedKeyCode=0x0] on new item stop price field
Oct 31, 2021 2:27:01 AM net.sourceforge.marathon.javaagent.EventQueueDevice dispatchEvent
INFO: java.awt.event.KeyEvent[KEY_TYPED,keyCode=0,keyText=Unknown keyCode: 0x0,keyChar='0',keyLocation=KEY_LOCATION_UNKNOWN,rawCode=0,primaryLevelUnicode=0,scancode=0,extendedKeyCode=0x0] on new item stop price field
Oct 31, 2021 2:27:01 AM net.sourceforge.marathon.javaagent.EventQueueDevice dispatchEvent
INFO: java.awt.event.KeyEvent[KEY_RELEASED,keyCode=48,keyText=0,keyChar='0',keyLocation=KEY_LOCATION_UNKNOWN,rawCode=0,primaryLevelUnicode=0,scancode=0,extendedKeyCode=0x0] on new item stop price field
Oct 31, 2021 2:27:01 AM net.sourceforge.marathon.javaagent.EventQueueDevice dispatchEvent
INFO: java.awt.event.KeyEvent[KEY_PRESSED,keyCode=48,keyText=0,keyChar='0',keyLocation=KEY_LOCATION_UNKNOWN,rawCode=0,primaryLevelUnicode=0,scancode=0,extendedKeyCode=0x0] on new item stop price field
Oct 31, 2021 2:27:01 AM net.sourceforge.marathon.javaagent.EventQueueDevice dispatchEvent
INFO: java.awt.event.KeyEvent[KEY_TYPED,keyCode=0,keyText=Unknown keyCode: 0x0,keyChar='0',keyLocation=KEY_LOCATION_UNKNOWN,rawCode=0,primaryLevelUnicode=0,scancode=0,extendedKeyCode=0x0] on new item stop price field
Oct 31, 2021 2:27:01 AM net.sourceforge.marathon.javaagent.EventQueueDevice dispatchEvent
INFO: java.awt.event.KeyEvent[KEY_RELEASED,keyCode=48,keyText=0,keyChar='0',keyLocation=KEY_LOCATION_UNKNOWN,rawCode=0,primaryLevelUnicode=0,scancode=0,extendedKeyCode=0x0] on new item stop price field
Oct 31, 2021 2:27:01 AM net.sourceforge.marathon.javaagent.EventQueueDevice dispatchEvent
INFO: java.awt.event.KeyEvent[KEY_PRESSED,keyCode=48,keyText=0,keyChar='0',keyLocation=KEY_LOCATION_UNKNOWN,rawCode=0,primaryLevelUnicode=0,scancode=0,extendedKeyCode=0x0] on new item stop price field
Oct 31, 2021 2:27:01 AM net.sourceforge.marathon.javaagent.EventQueueDevice dispatchEvent
INFO: java.awt.event.KeyEvent[KEY_TYPED,keyCode=0,keyText=Unknown keyCode: 0x0,keyChar='0',keyLocation=KEY_LOCATION_UNKNOWN,rawCode=0,primaryLevelUnicode=0,scancode=0,extendedKeyCode=0x0] on new item stop price field
Oct 31, 2021 2:27:01 AM net.sourceforge.marathon.javaagent.EventQueueDevice dispatchEvent
INFO: java.awt.event.KeyEvent[KEY_RELEASED,keyCode=48,keyText=0,keyChar='0',keyLocation=KEY_LOCATION_UNKNOWN,rawCode=0,primaryLevelUnicode=0,scancode=0,extendedKeyCode=0x0] on new item stop price field
Oct 31, 2021 2:27:01 AM net.sourceforge.marathon.javaagent.server.JavaServer serve
INFO: POST(/session/62b1a876-f6f8-4dce-886d-76fe1cb6d877/element/ddd6e191-a0dc-4628-91a8-f7cc5d17561e/value, {"id":"ddd6e191-a0dc-4628-91a8-f7cc5d17561e","value":["11000"]}) = {data={"name":"sendKeysElement","sessionId":"62b1a876-f6f8-4dce-886d-76fe1cb6d877","status":0}, status=OK}
Oct 31, 2021 2:27:01 AM net.sourceforge.marathon.javaagent.server.JavaServer serve
INFO: JavaServer.serve(POST /session/62b1a876-f6f8-4dce-886d-76fe1cb6d877/element): {
  "using": "name",
  "value": "join button"
}
Oct 31, 2021 2:27:01 AM net.sourceforge.marathon.javaagent.server.JavaServer serve
INFO: POST(/session/62b1a876-f6f8-4dce-886d-76fe1cb6d877/element, {"using":"name","value":"join button"}) = {data={"name":"findElement","sessionId":"62b1a876-f6f8-4dce-886d-76fe1cb6d877","value":{"ELEMENT":"3a049954-0a70-4f69-b5f4-80b7b458331c"},"status":0}, status=OK}
Oct 31, 2021 2:27:01 AM net.sourceforge.marathon.javaagent.server.JavaServer serve
INFO: JavaServer.serve(POST /session/62b1a876-f6f8-4dce-886d-76fe1cb6d877/element/3a049954-0a70-4f69-b5f4-80b7b458331c/click): {
  "id": "3a049954-0a70-4f69-b5f4-80b7b458331c"
}
Oct 31, 2021 2:27:01 AM net.sourceforge.marathon.javaagent.EventQueueDevice dispatchEvent
INFO: java.awt.event.MouseEvent[MOUSE_PRESSED,(58,12),absolute(589,17),button=1,modifiers=Button1,extModifiers=Button1,clickCount=1] on join button
Oct 31, 2021 2:27:01 AM net.sourceforge.marathon.javaagent.EventQueueDevice dispatchEvent
INFO: java.awt.event.MouseEvent[MOUSE_RELEASED,(58,12),absolute(589,17),button=1,modifiers=Button1,clickCount=1] on join button
Oct 31, 2021 2:27:01 AM net.sourceforge.marathon.javaagent.EventQueueDevice dispatchEvent
INFO: java.awt.event.MouseEvent[MOUSE_CLICKED,(58,12),absolute(589,17),button=1,modifiers=Button1,clickCount=1] on join button
Oct 31, 2021 2:27:01 AM net.sourceforge.marathon.javaagent.server.JavaServer serve
INFO: POST(/session/62b1a876-f6f8-4dce-886d-76fe1cb6d877/element/3a049954-0a70-4f69-b5f4-80b7b458331c/click, {"id":"3a049954-0a70-4f69-b5f4-80b7b458331c"}) = {data={"name":"clickElement","sessionId":"62b1a876-f6f8-4dce-886d-76fe1cb6d877","status":0}, status=OK}
Oct 31, 2021 2:27:02 AM net.sourceforge.marathon.javaagent.server.JavaServer serve
INFO: JavaServer.serve(DELETE /session/62b1a876-f6f8-4dce-886d-76fe1cb6d877/window): {}
Oct 31, 2021 2:27:02 AM net.sourceforge.marathon.javaagent.server.JavaServer serve
INFO: DELETE(/session/62b1a876-f6f8-4dce-886d-76fe1cb6d877/window) = {data={"name":"closeSession","sessionId":"62b1a876-f6f8-4dce-886d-76fe1cb6d877","status":0}, status=OK}
Oct 31, 2021 2:27:02 AM net.sourceforge.marathon.javaagent.server.JavaServer serve
INFO: JavaServer.serve(POST /session): {
  "desiredCapabilities": {
    "browserName": "java",
    "platform": "ANY"
  },
  "capabilities": {
    "firstMatch": [
      {
        "browserName": "java"
      }
    ]
  }
}
Oct 31, 2021 2:27:02 AM net.sourceforge.marathon.javaagent.server.JavaServer createSession
INFO: Creating device with type: EVENT_QUEUE
Oct 31, 2021 2:27:02 AM net.sourceforge.marathon.javaagent.Device getDevice
INFO: Creating a EVENT_QUEUE device
Oct 31, 2021 2:27:02 AM net.sourceforge.marathon.javaagent.server.JavaServer serve
INFO: POST(/session, {"desiredCapabilities":{"browserName":"java","platform":"ANY"},"capabilities":{"firstMatch":[{"browserName":"java"}]}}) = {data=, status=REDIRECT}
Oct 31, 2021 2:27:02 AM net.sourceforge.marathon.javaagent.server.JavaServer serve
INFO: JavaServer.serve(GET /session/da074bcf-963d-476e-b76c-c54f530e8d39): {}
Oct 31, 2021 2:27:02 AM net.sourceforge.marathon.javaagent.server.JavaServer serve
INFO: GET(/session/da074bcf-963d-476e-b76c-c54f530e8d39) = {data={"name":"getCapabilities","sessionId":"da074bcf-963d-476e-b76c-c54f530e8d39","value":{"applicationCacheEnabled":false,"rotatable":false,"loggingPrefs":{"driver":"ALL"},"handlesAlerts":false,"databaseEnabled":false,"version":"1.0","platform":"ANY","browserConnectionEnabled":false,"nativeEvents":false,"acceptSslCerts":false,"locationContextEnabled":false,"webStorageEnabled":false,"browserName":"java","takesScreenshot":true,"javascriptEnabled":true,"cssSelectorsEnabled":false},"status":0}, status=OK}
Oct 31, 2021 2:27:02 AM org.openqa.selenium.remote.ProtocolHandshake createSession
INFO: Detected dialect: OSS
Oct 31, 2021 2:27:02 AM net.sourceforge.marathon.javaagent.server.JavaServer serve
INFO: JavaServer.serve(POST /session/da074bcf-963d-476e-b76c-c54f530e8d39/element): {
  "using": "name",
  "value": "sniper reset button"
}
Oct 31, 2021 2:27:02 AM net.sourceforge.marathon.javaagent.server.JavaServer serve
INFO: POST(/session/da074bcf-963d-476e-b76c-c54f530e8d39/element, {"using":"name","value":"sniper reset button"}) = {data={"name":"findElement","sessionId":"da074bcf-963d-476e-b76c-c54f530e8d39","value":{"ELEMENT":"be1ba363-443b-41d0-a122-0a81687d8fa9"},"status":0}, status=OK}
Oct 31, 2021 2:27:02 AM net.sourceforge.marathon.javaagent.server.JavaServer serve
INFO: JavaServer.serve(POST /session/da074bcf-963d-476e-b76c-c54f530e8d39/element/be1ba363-443b-41d0-a122-0a81687d8fa9/click): {
  "id": "be1ba363-443b-41d0-a122-0a81687d8fa9"
}
Oct 31, 2021 2:27:02 AM net.sourceforge.marathon.javaagent.EventQueueDevice dispatchEvent
INFO: java.awt.event.MouseEvent[MOUSE_PRESSED,(37,12),absolute(326,474),button=1,modifiers=Button1,extModifiers=Button1,clickCount=1] on sniper reset button
Oct 31, 2021 2:27:02 AM net.sourceforge.marathon.javaagent.EventQueueDevice dispatchEvent
INFO: java.awt.event.MouseEvent[MOUSE_RELEASED,(37,12),absolute(326,474),button=1,modifiers=Button1,clickCount=1] on sniper reset button
Oct 31, 2021 2:27:02 AM net.sourceforge.marathon.javaagent.EventQueueDevice dispatchEvent
INFO: java.awt.event.MouseEvent[MOUSE_CLICKED,(37,12),absolute(326,474),button=1,modifiers=Button1,clickCount=1] on sniper reset button
Oct 31, 2021 2:27:02 AM net.sourceforge.marathon.javaagent.server.JavaServer serve
INFO: POST(/session/da074bcf-963d-476e-b76c-c54f530e8d39/element/be1ba363-443b-41d0-a122-0a81687d8fa9/click, {"id":"be1ba363-443b-41d0-a122-0a81687d8fa9"}) = {data={"name":"clickElement","sessionId":"da074bcf-963d-476e-b76c-c54f530e8d39","status":0}, status=OK}
Oct 31, 2021 2:27:02 AM net.sourceforge.marathon.javaagent.server.JavaServer serve
INFO: JavaServer.serve(DELETE /session/da074bcf-963d-476e-b76c-c54f530e8d39/window): {}
Oct 31, 2021 2:27:02 AM net.sourceforge.marathon.javaagent.server.JavaServer serve
INFO: DELETE(/session/da074bcf-963d-476e-b76c-c54f530e8d39/window) = {data={"name":"closeSession","sessionId":"da074bcf-963d-476e-b76c-c54f530e8d39","status":0}, status=OK}
]]></system-err>
</testsuite>
