<?xml version="1.0" encoding="UTF-8"?>
<testsuite name="goos.ui.swing.MainWindowTest" tests="3" skipped="0" failures="0" errors="0" timestamp="2021-11-11T02:25:40" hostname="buildkitsandbox" time="3.927">
  <properties/>
  <testcase name="window has expected features" classname="goos.ui.swing.MainWindowTest" time="2.975"/>
  <testcase name="make user request when join button clicked" classname="goos.ui.swing.MainWindowTest" time="0.769"/>
  <testcase name="make user request when reset button clicked" classname="goos.ui.swing.MainWindowTest" time="0.179"/>
  <system-out><![CDATA[]]></system-out>
  <system-err><![CDATA[Nov 11, 2021 2:25:40 AM io.mockk.impl.log.JULLogger warn
WARNING: Failed to transform class goos/ui/api/UserRequestListener
java.lang.IllegalArgumentException: Unsupported class file major version 59
	at net.bytebuddy.jar.asm.ClassReader.<init>(ClassReader.java:176)
	at net.bytebuddy.jar.asm.ClassReader.<init>(ClassReader.java:158)
	at net.bytebuddy.jar.asm.ClassReader.<init>(ClassReader.java:146)
	at net.bytebuddy.utility.OpenedClassReader.of(OpenedClassReader.java:69)
	at net.bytebuddy.dynamic.scaffold.TypeWriter$Default$ForInlining.create(TypeWriter.java:2877)
	at net.bytebuddy.dynamic.scaffold.TypeWriter$Default.make(TypeWriter.java:1653)
	at net.bytebuddy.dynamic.scaffold.inline.RedefinitionDynamicTypeBuilder.make(RedefinitionDynamicTypeBuilder.java:180)
	at net.bytebuddy.dynamic.scaffold.inline.AbstractInliningDynamicTypeBuilder.make(AbstractInliningDynamicTypeBuilder.java:94)
	at net.bytebuddy.dynamic.DynamicType$Builder$AbstractBase.make(DynamicType.java:2669)
	at io.mockk.proxy.jvm.transformation.InliningClassTransformer.transform(InliningClassTransformer.kt:78)
	at java.instrument/java.lang.instrument.ClassFileTransformer.transform(ClassFileTransformer.java:246)
	at java.instrument/sun.instrument.TransformerManager.transform(TransformerManager.java:188)
	at java.instrument/sun.instrument.InstrumentationImpl.transform(InstrumentationImpl.java:563)
	at java.instrument/sun.instrument.InstrumentationImpl.retransformClasses0(Native Method)
	at java.instrument/sun.instrument.InstrumentationImpl.retransformClasses(InstrumentationImpl.java:167)
	at io.mockk.proxy.jvm.transformation.JvmInlineInstrumentation.retransform(JvmInlineInstrumentation.kt:28)
	at io.mockk.proxy.common.transformation.RetransformInlineInstrumnetation$execute$1.invoke(RetransformInlineInstrumnetation.kt:19)
	at io.mockk.proxy.common.transformation.RetransformInlineInstrumnetation$execute$1.invoke(RetransformInlineInstrumnetation.kt:6)
	at io.mockk.proxy.common.transformation.ClassTransformationSpecMap.applyTransformation(ClassTransformationSpecMap.kt:41)
	at io.mockk.proxy.common.transformation.RetransformInlineInstrumnetation.execute(RetransformInlineInstrumnetation.kt:16)
	at io.mockk.proxy.jvm.ProxyMaker.inline(ProxyMaker.kt:88)
	at io.mockk.proxy.jvm.ProxyMaker.proxy(ProxyMaker.kt:30)
	at io.mockk.impl.instantiation.JvmMockFactory.newProxy(JvmMockFactory.kt:34)
	at io.mockk.impl.instantiation.AbstractMockFactory.newProxy$default(AbstractMockFactory.kt:29)
	at io.mockk.impl.instantiation.AbstractMockFactory.mockk(AbstractMockFactory.kt:59)
	at goos.ui.swing.MainWindowTest$1$1.invokeSuspend(MainWindowTest.kt:90)
	at goos.ui.swing.MainWindowTest$1$1.invoke(MainWindowTest.kt)
	at goos.ui.swing.MainWindowTest$1$1.invoke(MainWindowTest.kt)
	at io.kotest.core.TestConfiguration$beforeTest$1.beforeTest(TestConfiguration.kt:137)
	at io.kotest.core.spec.LifecycleKt.invokeAllBeforeTestCallbacks(lifecycle.kt:76)
	at io.kotest.core.internal.TestCaseExecutor.executeActiveTest(TestCaseExecutor.kt:152)
	at io.kotest.core.internal.TestCaseExecutor.access$executeActiveTest(TestCaseExecutor.kt:57)
	at io.kotest.core.internal.TestCaseExecutor$intercept$innerExecute$1$1.invokeSuspend(TestCaseExecutor.kt:89)
	at io.kotest.core.internal.TestCaseExecutor$intercept$innerExecute$1$1.invoke(TestCaseExecutor.kt)
	at io.kotest.core.internal.TestCaseExecutor$intercept$innerExecute$1$1.invoke(TestCaseExecutor.kt)
	at io.kotest.core.internal.TestCaseExecutor.executeIfEnabled(TestCaseExecutor.kt:117)
	at io.kotest.core.internal.TestCaseExecutor.access$executeIfEnabled(TestCaseExecutor.kt:57)
	at io.kotest.core.internal.TestCaseExecutor$intercept$innerExecute$1.invokeSuspend(TestCaseExecutor.kt:89)
	at io.kotest.core.internal.TestCaseExecutor$intercept$innerExecute$1.invoke(TestCaseExecutor.kt)
	at io.kotest.core.internal.TestCaseExecutor$intercept$innerExecute$1.invoke(TestCaseExecutor.kt)
	at io.kotest.core.internal.TestCaseExecutor.intercept(TestCaseExecutor.kt:103)
	at io.kotest.core.internal.TestCaseExecutor.execute(TestCaseExecutor.kt:69)
	at io.kotest.engine.spec.runners.SingleInstanceSpecRunner.runTest(SingleInstanceSpecRunner.kt:104)
	at io.kotest.engine.spec.runners.SingleInstanceSpecRunner.access$runTest(SingleInstanceSpecRunner.kt:34)
	at io.kotest.engine.spec.runners.SingleInstanceSpecRunner$execute$interceptAndRun$2$4.invokeSuspend(SingleInstanceSpecRunner.kt:57)
	at io.kotest.engine.spec.runners.SingleInstanceSpecRunner$execute$interceptAndRun$2$4.invoke(SingleInstanceSpecRunner.kt)
	at io.kotest.engine.spec.runners.SingleInstanceSpecRunner$execute$interceptAndRun$2$4.invoke(SingleInstanceSpecRunner.kt)
	at io.kotest.engine.launchers.SequentialTestLauncher$launch$3$1$1.invokeSuspend(SequentialTestLauncher.kt:22)
	at kotlin.coroutines.jvm.internal.BaseContinuationImpl.resumeWith(ContinuationImpl.kt:33)
	at kotlinx.coroutines.DispatchedTask.run(DispatchedTask.kt:106)
	at java.base/java.util.concurrent.ThreadPoolExecutor.runWorker(ThreadPoolExecutor.java:1130)
	at java.base/java.util.concurrent.ThreadPoolExecutor$Worker.run(ThreadPoolExecutor.java:630)
	at java.base/java.lang.Thread.run(Thread.java:832)

Nov 11, 2021 2:25:42 AM net.sourceforge.marathon.javaagent.server.JavaServer serve
INFO: JavaServer.serve(POST /session): {
  "desiredCapabilities": {
    "browserName": "java",
    "platform": "ANY"
  },
  "capabilities": {
    "firstMatch": [
      {
        "browserName": "java"
      }
    ]
  }
}
Nov 11, 2021 2:25:42 AM net.sourceforge.marathon.javaagent.server.JavaServer createSession
INFO: Creating device with type: EVENT_QUEUE
Nov 11, 2021 2:25:42 AM net.sourceforge.marathon.javaagent.Device getDevice
INFO: Creating a EVENT_QUEUE device
Nov 11, 2021 2:25:42 AM net.sourceforge.marathon.javaagent.server.JavaServer serve
INFO: POST(/session, {"desiredCapabilities":{"browserName":"java","platform":"ANY"},"capabilities":{"firstMatch":[{"browserName":"java"}]}}) = {data=, status=REDIRECT}
Nov 11, 2021 2:25:42 AM net.sourceforge.marathon.javaagent.server.JavaServer serve
INFO: JavaServer.serve(GET /session/2d31b5b0-d038-4ea7-8aa0-b928d4973c3f): {}
Nov 11, 2021 2:25:42 AM net.sourceforge.marathon.javaagent.server.JavaServer serve
INFO: GET(/session/2d31b5b0-d038-4ea7-8aa0-b928d4973c3f) = {data={"name":"getCapabilities","sessionId":"2d31b5b0-d038-4ea7-8aa0-b928d4973c3f","value":{"applicationCacheEnabled":false,"rotatable":false,"loggingPrefs":{"driver":"ALL"},"handlesAlerts":false,"databaseEnabled":false,"version":"1.0","platform":"ANY","browserConnectionEnabled":false,"nativeEvents":false,"acceptSslCerts":false,"locationContextEnabled":false,"webStorageEnabled":false,"browserName":"java","takesScreenshot":true,"javascriptEnabled":true,"cssSelectorsEnabled":false},"status":0}, status=OK}
Nov 11, 2021 2:25:42 AM org.openqa.selenium.remote.ProtocolHandshake createSession
INFO: Detected dialect: OSS
Nov 11, 2021 2:25:42 AM net.sourceforge.marathon.javaagent.server.JavaServer serve
INFO: JavaServer.serve(POST /session/2d31b5b0-d038-4ea7-8aa0-b928d4973c3f/element): {
  "using": "css selector",
  "value": "."
}
Nov 11, 2021 2:25:42 AM net.sourceforge.marathon.javaagent.server.JavaServer serve
INFO: POST(/session/2d31b5b0-d038-4ea7-8aa0-b928d4973c3f/element, {"using":"css selector","value":"."}) = {data={"name":"findElement","sessionId":"2d31b5b0-d038-4ea7-8aa0-b928d4973c3f","value":{"ELEMENT":"ea02177d-cc6b-4184-a79e-461451747659"},"status":0}, status=OK}
Nov 11, 2021 2:25:42 AM net.sourceforge.marathon.javaagent.server.JavaServer serve
INFO: JavaServer.serve(GET /session/2d31b5b0-d038-4ea7-8aa0-b928d4973c3f/element/ea02177d-cc6b-4184-a79e-461451747659/attribute/name): {}
Nov 11, 2021 2:25:42 AM net.sourceforge.marathon.javaagent.server.JavaServer serve
INFO: GET(/session/2d31b5b0-d038-4ea7-8aa0-b928d4973c3f/element/ea02177d-cc6b-4184-a79e-461451747659/attribute/name) = {data={"name":"getElementAttribute","sessionId":"2d31b5b0-d038-4ea7-8aa0-b928d4973c3f","value":"Auction Sniper Name","status":0}, status=OK}
Nov 11, 2021 2:25:42 AM net.sourceforge.marathon.javaagent.server.JavaServer serve
INFO: JavaServer.serve(POST /session/2d31b5b0-d038-4ea7-8aa0-b928d4973c3f/element): {
  "using": "css selector",
  "value": "."
}
Nov 11, 2021 2:25:42 AM net.sourceforge.marathon.javaagent.server.JavaServer serve
INFO: POST(/session/2d31b5b0-d038-4ea7-8aa0-b928d4973c3f/element, {"using":"css selector","value":"."}) = {data={"name":"findElement","sessionId":"2d31b5b0-d038-4ea7-8aa0-b928d4973c3f","value":{"ELEMENT":"ea02177d-cc6b-4184-a79e-461451747659"},"status":0}, status=OK}
Nov 11, 2021 2:25:42 AM net.sourceforge.marathon.javaagent.server.JavaServer serve
INFO: JavaServer.serve(GET /session/2d31b5b0-d038-4ea7-8aa0-b928d4973c3f/element/ea02177d-cc6b-4184-a79e-461451747659/displayed): {}
Nov 11, 2021 2:25:42 AM net.sourceforge.marathon.javaagent.server.JavaServer serve
INFO: GET(/session/2d31b5b0-d038-4ea7-8aa0-b928d4973c3f/element/ea02177d-cc6b-4184-a79e-461451747659/displayed) = {data={"name":"isDisplayed","sessionId":"2d31b5b0-d038-4ea7-8aa0-b928d4973c3f","value":true,"status":0}, status=OK}
Nov 11, 2021 2:25:42 AM net.sourceforge.marathon.javaagent.server.JavaServer serve
INFO: JavaServer.serve(GET /session/2d31b5b0-d038-4ea7-8aa0-b928d4973c3f/title): {}
Nov 11, 2021 2:25:42 AM net.sourceforge.marathon.javaagent.server.JavaServer serve
INFO: GET(/session/2d31b5b0-d038-4ea7-8aa0-b928d4973c3f/title) = {data={"name":"getWindowTitle","sessionId":"2d31b5b0-d038-4ea7-8aa0-b928d4973c3f","value":"Auction Sniper","status":0}, status=OK}
Nov 11, 2021 2:25:42 AM net.sourceforge.marathon.javaagent.server.JavaServer serve
INFO: JavaServer.serve(POST /session/2d31b5b0-d038-4ea7-8aa0-b928d4973c3f/element): {
  "using": "name",
  "value": "snipers table"
}
Nov 11, 2021 2:25:42 AM net.sourceforge.marathon.javaagent.server.JavaServer serve
INFO: POST(/session/2d31b5b0-d038-4ea7-8aa0-b928d4973c3f/element, {"using":"name","value":"snipers table"}) = {data={"name":"findElement","sessionId":"2d31b5b0-d038-4ea7-8aa0-b928d4973c3f","value":{"ELEMENT":"e442bd80-3cd9-436e-a104-6b55ea8e7621"},"status":0}, status=OK}
Nov 11, 2021 2:25:42 AM net.sourceforge.marathon.javaagent.server.JavaServer serve
INFO: JavaServer.serve(POST /session/2d31b5b0-d038-4ea7-8aa0-b928d4973c3f/element/e442bd80-3cd9-436e-a104-6b55ea8e7621/elements): {
  "id": "e442bd80-3cd9-436e-a104-6b55ea8e7621",
  "using": "css selector",
  "value": ".::header.::all-items"
}
Nov 11, 2021 2:25:42 AM net.sourceforge.marathon.javaagent.server.JavaServer serve
INFO: POST(/session/2d31b5b0-d038-4ea7-8aa0-b928d4973c3f/element/e442bd80-3cd9-436e-a104-6b55ea8e7621/elements, {"using":"css selector","id":"e442bd80-3cd9-436e-a104-6b55ea8e7621","value":".::header.::all-items"}) = {data={"name":"findElementsOfElement","sessionId":"2d31b5b0-d038-4ea7-8aa0-b928d4973c3f","value":[{"ELEMENT":"5607caa8-5caf-4672-82eb-a8c5c34840bc%23%7B%22selector%22%3A%22nth-item%22%2C%22parameters%22%3A%5B1%5D%7D"},{"ELEMENT":"5607caa8-5caf-4672-82eb-a8c5c34840bc%23%7B%22selector%22%3A%22nth-item%22%2C%22parameters%22%3A%5B2%5D%7D"},{"ELEMENT":"5607caa8-5caf-4672-82eb-a8c5c34840bc%23%7B%22selector%22%3A%22nth-item%22%2C%22parameters%22%3A%5B3%5D%7D"},{"ELEMENT":"5607caa8-5caf-4672-82eb-a8c5c34840bc%23%7B%22selector%22%3A%22nth-item%22%2C%22parameters%22%3A%5B4%5D%7D"}],"status":0}, status=OK}
Nov 11, 2021 2:25:42 AM net.sourceforge.marathon.javaagent.server.JavaServer serve
INFO: JavaServer.serve(GET /session/2d31b5b0-d038-4ea7-8aa0-b928d4973c3f/element/5607caa8-5caf-4672-82eb-a8c5c34840bc%23%7B%22selector%22%3A%22nth-item%22%2C%22parameters%22%3A%5B1%5D%7D/text): {}
Nov 11, 2021 2:25:42 AM net.sourceforge.marathon.javaagent.server.JavaServer serve
INFO: GET(/session/2d31b5b0-d038-4ea7-8aa0-b928d4973c3f/element/5607caa8-5caf-4672-82eb-a8c5c34840bc%23%7B%22selector%22%3A%22nth-item%22%2C%22parameters%22%3A%5B1%5D%7D/text) = {data={"name":"getElementText","sessionId":"2d31b5b0-d038-4ea7-8aa0-b928d4973c3f","value":"Item","status":0}, status=OK}
Nov 11, 2021 2:25:42 AM net.sourceforge.marathon.javaagent.server.JavaServer serve
INFO: JavaServer.serve(GET /session/2d31b5b0-d038-4ea7-8aa0-b928d4973c3f/element/5607caa8-5caf-4672-82eb-a8c5c34840bc%23%7B%22selector%22%3A%22nth-item%22%2C%22parameters%22%3A%5B2%5D%7D/text): {}
Nov 11, 2021 2:25:42 AM net.sourceforge.marathon.javaagent.server.JavaServer serve
INFO: GET(/session/2d31b5b0-d038-4ea7-8aa0-b928d4973c3f/element/5607caa8-5caf-4672-82eb-a8c5c34840bc%23%7B%22selector%22%3A%22nth-item%22%2C%22parameters%22%3A%5B2%5D%7D/text) = {data={"name":"getElementText","sessionId":"2d31b5b0-d038-4ea7-8aa0-b928d4973c3f","value":"Last Price","status":0}, status=OK}
Nov 11, 2021 2:25:42 AM net.sourceforge.marathon.javaagent.server.JavaServer serve
INFO: JavaServer.serve(GET /session/2d31b5b0-d038-4ea7-8aa0-b928d4973c3f/element/5607caa8-5caf-4672-82eb-a8c5c34840bc%23%7B%22selector%22%3A%22nth-item%22%2C%22parameters%22%3A%5B3%5D%7D/text): {}
Nov 11, 2021 2:25:42 AM net.sourceforge.marathon.javaagent.server.JavaServer serve
INFO: GET(/session/2d31b5b0-d038-4ea7-8aa0-b928d4973c3f/element/5607caa8-5caf-4672-82eb-a8c5c34840bc%23%7B%22selector%22%3A%22nth-item%22%2C%22parameters%22%3A%5B3%5D%7D/text) = {data={"name":"getElementText","sessionId":"2d31b5b0-d038-4ea7-8aa0-b928d4973c3f","value":"Last Bid","status":0}, status=OK}
Nov 11, 2021 2:25:42 AM net.sourceforge.marathon.javaagent.server.JavaServer serve
INFO: JavaServer.serve(GET /session/2d31b5b0-d038-4ea7-8aa0-b928d4973c3f/element/5607caa8-5caf-4672-82eb-a8c5c34840bc%23%7B%22selector%22%3A%22nth-item%22%2C%22parameters%22%3A%5B4%5D%7D/text): {}
Nov 11, 2021 2:25:42 AM net.sourceforge.marathon.javaagent.server.JavaServer serve
INFO: GET(/session/2d31b5b0-d038-4ea7-8aa0-b928d4973c3f/element/5607caa8-5caf-4672-82eb-a8c5c34840bc%23%7B%22selector%22%3A%22nth-item%22%2C%22parameters%22%3A%5B4%5D%7D/text) = {data={"name":"getElementText","sessionId":"2d31b5b0-d038-4ea7-8aa0-b928d4973c3f","value":"State","status":0}, status=OK}
Nov 11, 2021 2:25:42 AM net.sourceforge.marathon.javaagent.server.JavaServer serve
INFO: JavaServer.serve(DELETE /session/2d31b5b0-d038-4ea7-8aa0-b928d4973c3f/window): {}
Nov 11, 2021 2:25:42 AM net.sourceforge.marathon.javaagent.server.JavaServer serve
INFO: DELETE(/session/2d31b5b0-d038-4ea7-8aa0-b928d4973c3f/window) = {data={"name":"closeSession","sessionId":"2d31b5b0-d038-4ea7-8aa0-b928d4973c3f","status":0}, status=OK}
Nov 11, 2021 2:25:43 AM net.sourceforge.marathon.javaagent.server.JavaServer serve
INFO: JavaServer.serve(POST /session): {
  "desiredCapabilities": {
    "browserName": "java",
    "platform": "ANY"
  },
  "capabilities": {
    "firstMatch": [
      {
        "browserName": "java"
      }
    ]
  }
}
Nov 11, 2021 2:25:43 AM net.sourceforge.marathon.javaagent.server.JavaServer createSession
INFO: Creating device with type: EVENT_QUEUE
Nov 11, 2021 2:25:43 AM net.sourceforge.marathon.javaagent.Device getDevice
INFO: Creating a EVENT_QUEUE device
Nov 11, 2021 2:25:43 AM net.sourceforge.marathon.javaagent.server.JavaServer serve
INFO: POST(/session, {"desiredCapabilities":{"browserName":"java","platform":"ANY"},"capabilities":{"firstMatch":[{"browserName":"java"}]}}) = {data=, status=REDIRECT}
Nov 11, 2021 2:25:43 AM net.sourceforge.marathon.javaagent.server.JavaServer serve
INFO: JavaServer.serve(GET /session/a8b45847-2ef4-46d1-9422-39565e0aa454): {}
Nov 11, 2021 2:25:43 AM net.sourceforge.marathon.javaagent.server.JavaServer serve
INFO: GET(/session/a8b45847-2ef4-46d1-9422-39565e0aa454) = {data={"name":"getCapabilities","sessionId":"a8b45847-2ef4-46d1-9422-39565e0aa454","value":{"applicationCacheEnabled":false,"rotatable":false,"loggingPrefs":{"driver":"ALL"},"handlesAlerts":false,"databaseEnabled":false,"version":"1.0","platform":"ANY","browserConnectionEnabled":false,"nativeEvents":false,"acceptSslCerts":false,"locationContextEnabled":false,"webStorageEnabled":false,"browserName":"java","takesScreenshot":true,"javascriptEnabled":true,"cssSelectorsEnabled":false},"status":0}, status=OK}
Nov 11, 2021 2:25:43 AM org.openqa.selenium.remote.ProtocolHandshake createSession
INFO: Detected dialect: OSS
Nov 11, 2021 2:25:43 AM net.sourceforge.marathon.javaagent.server.JavaServer serve
INFO: JavaServer.serve(POST /session/a8b45847-2ef4-46d1-9422-39565e0aa454/element): {
  "using": "name",
  "value": "new item id field"
}
Nov 11, 2021 2:25:43 AM net.sourceforge.marathon.javaagent.server.JavaServer serve
INFO: POST(/session/a8b45847-2ef4-46d1-9422-39565e0aa454/element, {"using":"name","value":"new item id field"}) = {data={"name":"findElement","sessionId":"a8b45847-2ef4-46d1-9422-39565e0aa454","value":{"ELEMENT":"1487e75f-a919-4730-b2d5-0416f2cf4f87"},"status":0}, status=OK}
Nov 11, 2021 2:25:43 AM net.sourceforge.marathon.javaagent.server.JavaServer serve
INFO: JavaServer.serve(POST /session/a8b45847-2ef4-46d1-9422-39565e0aa454/element/1487e75f-a919-4730-b2d5-0416f2cf4f87/clear): {
  "id": "1487e75f-a919-4730-b2d5-0416f2cf4f87"
}
Nov 11, 2021 2:25:43 AM net.sourceforge.marathon.javaagent.server.JavaServer serve
INFO: POST(/session/a8b45847-2ef4-46d1-9422-39565e0aa454/element/1487e75f-a919-4730-b2d5-0416f2cf4f87/clear, {"id":"1487e75f-a919-4730-b2d5-0416f2cf4f87"}) = {data={"name":"clearElement","sessionId":"a8b45847-2ef4-46d1-9422-39565e0aa454","status":0}, status=OK}
Nov 11, 2021 2:25:43 AM net.sourceforge.marathon.javaagent.server.JavaServer serve
INFO: JavaServer.serve(POST /session/a8b45847-2ef4-46d1-9422-39565e0aa454/element/1487e75f-a919-4730-b2d5-0416f2cf4f87/value): {
  "id": "1487e75f-a919-4730-b2d5-0416f2cf4f87",
  "value": [
    "an item-id"
  ]
}
Nov 11, 2021 2:25:43 AM net.sourceforge.marathon.javaagent.EventQueueDevice dispatchEvent
INFO: java.awt.event.KeyEvent[KEY_PRESSED,keyCode=65,keyText=A,keyChar='a',keyLocation=KEY_LOCATION_UNKNOWN,rawCode=0,primaryLevelUnicode=0,scancode=0,extendedKeyCode=0x0] on new item id field
Nov 11, 2021 2:25:43 AM net.sourceforge.marathon.javaagent.EventQueueDevice dispatchEvent
INFO: java.awt.event.KeyEvent[KEY_TYPED,keyCode=0,keyText=Unknown keyCode: 0x0,keyChar='a',keyLocation=KEY_LOCATION_UNKNOWN,rawCode=0,primaryLevelUnicode=0,scancode=0,extendedKeyCode=0x0] on new item id field
Nov 11, 2021 2:25:43 AM net.sourceforge.marathon.javaagent.EventQueueDevice dispatchEvent
INFO: java.awt.event.KeyEvent[KEY_RELEASED,keyCode=65,keyText=A,keyChar='a',keyLocation=KEY_LOCATION_UNKNOWN,rawCode=0,primaryLevelUnicode=0,scancode=0,extendedKeyCode=0x0] on new item id field
Nov 11, 2021 2:25:43 AM net.sourceforge.marathon.javaagent.EventQueueDevice dispatchEvent
INFO: java.awt.event.KeyEvent[KEY_PRESSED,keyCode=78,keyText=N,keyChar='n',keyLocation=KEY_LOCATION_UNKNOWN,rawCode=0,primaryLevelUnicode=0,scancode=0,extendedKeyCode=0x0] on new item id field
Nov 11, 2021 2:25:43 AM net.sourceforge.marathon.javaagent.EventQueueDevice dispatchEvent
INFO: java.awt.event.KeyEvent[KEY_TYPED,keyCode=0,keyText=Unknown keyCode: 0x0,keyChar='n',keyLocation=KEY_LOCATION_UNKNOWN,rawCode=0,primaryLevelUnicode=0,scancode=0,extendedKeyCode=0x0] on new item id field
Nov 11, 2021 2:25:43 AM net.sourceforge.marathon.javaagent.EventQueueDevice dispatchEvent
INFO: java.awt.event.KeyEvent[KEY_RELEASED,keyCode=78,keyText=N,keyChar='n',keyLocation=KEY_LOCATION_UNKNOWN,rawCode=0,primaryLevelUnicode=0,scancode=0,extendedKeyCode=0x0] on new item id field
Nov 11, 2021 2:25:43 AM net.sourceforge.marathon.javaagent.EventQueueDevice dispatchEvent
INFO: java.awt.event.KeyEvent[KEY_PRESSED,keyCode=16,keyText=Shift,keyChar=Undefined keyChar,modifiers=Shift,extModifiers=Shift,keyLocation=KEY_LOCATION_UNKNOWN,rawCode=0,primaryLevelUnicode=0,scancode=0,extendedKeyCode=0x0] on new item id field
Nov 11, 2021 2:25:43 AM net.sourceforge.marathon.javaagent.EventQueueDevice dispatchEvent
INFO: java.awt.event.KeyEvent[KEY_PRESSED,keyCode=32,keyText=Space,keyChar=' ',modifiers=Shift,extModifiers=Shift,keyLocation=KEY_LOCATION_UNKNOWN,rawCode=0,primaryLevelUnicode=0,scancode=0,extendedKeyCode=0x0] on new item id field
Nov 11, 2021 2:25:43 AM net.sourceforge.marathon.javaagent.EventQueueDevice dispatchEvent
INFO: java.awt.event.KeyEvent[KEY_TYPED,keyCode=0,keyText=Unknown keyCode: 0x0,keyChar=' ',modifiers=Shift,extModifiers=Shift,keyLocation=KEY_LOCATION_UNKNOWN,rawCode=0,primaryLevelUnicode=0,scancode=0,extendedKeyCode=0x0] on new item id field
Nov 11, 2021 2:25:43 AM net.sourceforge.marathon.javaagent.EventQueueDevice dispatchEvent
INFO: java.awt.event.KeyEvent[KEY_RELEASED,keyCode=32,keyText=Space,keyChar=' ',modifiers=Shift,extModifiers=Shift,keyLocation=KEY_LOCATION_UNKNOWN,rawCode=0,primaryLevelUnicode=0,scancode=0,extendedKeyCode=0x0] on new item id field
Nov 11, 2021 2:25:43 AM net.sourceforge.marathon.javaagent.EventQueueDevice dispatchEvent
INFO: java.awt.event.KeyEvent[KEY_RELEASED,keyCode=16,keyText=Shift,keyChar=Undefined keyChar,keyLocation=KEY_LOCATION_UNKNOWN,rawCode=0,primaryLevelUnicode=0,scancode=0,extendedKeyCode=0x0] on new item id field
Nov 11, 2021 2:25:43 AM net.sourceforge.marathon.javaagent.EventQueueDevice dispatchEvent
INFO: java.awt.event.KeyEvent[KEY_PRESSED,keyCode=73,keyText=I,keyChar='i',keyLocation=KEY_LOCATION_UNKNOWN,rawCode=0,primaryLevelUnicode=0,scancode=0,extendedKeyCode=0x0] on new item id field
Nov 11, 2021 2:25:43 AM net.sourceforge.marathon.javaagent.EventQueueDevice dispatchEvent
INFO: java.awt.event.KeyEvent[KEY_TYPED,keyCode=0,keyText=Unknown keyCode: 0x0,keyChar='i',keyLocation=KEY_LOCATION_UNKNOWN,rawCode=0,primaryLevelUnicode=0,scancode=0,extendedKeyCode=0x0] on new item id field
Nov 11, 2021 2:25:43 AM net.sourceforge.marathon.javaagent.EventQueueDevice dispatchEvent
INFO: java.awt.event.KeyEvent[KEY_RELEASED,keyCode=73,keyText=I,keyChar='i',keyLocation=KEY_LOCATION_UNKNOWN,rawCode=0,primaryLevelUnicode=0,scancode=0,extendedKeyCode=0x0] on new item id field
Nov 11, 2021 2:25:43 AM net.sourceforge.marathon.javaagent.EventQueueDevice dispatchEvent
INFO: java.awt.event.KeyEvent[KEY_PRESSED,keyCode=84,keyText=T,keyChar='t',keyLocation=KEY_LOCATION_UNKNOWN,rawCode=0,primaryLevelUnicode=0,scancode=0,extendedKeyCode=0x0] on new item id field
Nov 11, 2021 2:25:43 AM net.sourceforge.marathon.javaagent.EventQueueDevice dispatchEvent
INFO: java.awt.event.KeyEvent[KEY_TYPED,keyCode=0,keyText=Unknown keyCode: 0x0,keyChar='t',keyLocation=KEY_LOCATION_UNKNOWN,rawCode=0,primaryLevelUnicode=0,scancode=0,extendedKeyCode=0x0] on new item id field
Nov 11, 2021 2:25:43 AM net.sourceforge.marathon.javaagent.EventQueueDevice dispatchEvent
INFO: java.awt.event.KeyEvent[KEY_RELEASED,keyCode=84,keyText=T,keyChar='t',keyLocation=KEY_LOCATION_UNKNOWN,rawCode=0,primaryLevelUnicode=0,scancode=0,extendedKeyCode=0x0] on new item id field
Nov 11, 2021 2:25:43 AM net.sourceforge.marathon.javaagent.EventQueueDevice dispatchEvent
INFO: java.awt.event.KeyEvent[KEY_PRESSED,keyCode=69,keyText=E,keyChar='e',keyLocation=KEY_LOCATION_UNKNOWN,rawCode=0,primaryLevelUnicode=0,scancode=0,extendedKeyCode=0x0] on new item id field
Nov 11, 2021 2:25:43 AM net.sourceforge.marathon.javaagent.EventQueueDevice dispatchEvent
INFO: java.awt.event.KeyEvent[KEY_TYPED,keyCode=0,keyText=Unknown keyCode: 0x0,keyChar='e',keyLocation=KEY_LOCATION_UNKNOWN,rawCode=0,primaryLevelUnicode=0,scancode=0,extendedKeyCode=0x0] on new item id field
Nov 11, 2021 2:25:43 AM net.sourceforge.marathon.javaagent.EventQueueDevice dispatchEvent
INFO: java.awt.event.KeyEvent[KEY_RELEASED,keyCode=69,keyText=E,keyChar='e',keyLocation=KEY_LOCATION_UNKNOWN,rawCode=0,primaryLevelUnicode=0,scancode=0,extendedKeyCode=0x0] on new item id field
Nov 11, 2021 2:25:43 AM net.sourceforge.marathon.javaagent.EventQueueDevice dispatchEvent
INFO: java.awt.event.KeyEvent[KEY_PRESSED,keyCode=77,keyText=M,keyChar='m',keyLocation=KEY_LOCATION_UNKNOWN,rawCode=0,primaryLevelUnicode=0,scancode=0,extendedKeyCode=0x0] on new item id field
Nov 11, 2021 2:25:43 AM net.sourceforge.marathon.javaagent.EventQueueDevice dispatchEvent
INFO: java.awt.event.KeyEvent[KEY_TYPED,keyCode=0,keyText=Unknown keyCode: 0x0,keyChar='m',keyLocation=KEY_LOCATION_UNKNOWN,rawCode=0,primaryLevelUnicode=0,scancode=0,extendedKeyCode=0x0] on new item id field
Nov 11, 2021 2:25:43 AM net.sourceforge.marathon.javaagent.EventQueueDevice dispatchEvent
INFO: java.awt.event.KeyEvent[KEY_RELEASED,keyCode=77,keyText=M,keyChar='m',keyLocation=KEY_LOCATION_UNKNOWN,rawCode=0,primaryLevelUnicode=0,scancode=0,extendedKeyCode=0x0] on new item id field
Nov 11, 2021 2:25:43 AM net.sourceforge.marathon.javaagent.EventQueueDevice dispatchEvent
INFO: java.awt.event.KeyEvent[KEY_PRESSED,keyCode=45,keyText=Minus,keyChar='-',keyLocation=KEY_LOCATION_UNKNOWN,rawCode=0,primaryLevelUnicode=0,scancode=0,extendedKeyCode=0x0] on new item id field
Nov 11, 2021 2:25:43 AM net.sourceforge.marathon.javaagent.EventQueueDevice dispatchEvent
INFO: java.awt.event.KeyEvent[KEY_TYPED,keyCode=0,keyText=Unknown keyCode: 0x0,keyChar='-',keyLocation=KEY_LOCATION_UNKNOWN,rawCode=0,primaryLevelUnicode=0,scancode=0,extendedKeyCode=0x0] on new item id field
Nov 11, 2021 2:25:43 AM net.sourceforge.marathon.javaagent.EventQueueDevice dispatchEvent
INFO: java.awt.event.KeyEvent[KEY_RELEASED,keyCode=45,keyText=Minus,keyChar='-',keyLocation=KEY_LOCATION_UNKNOWN,rawCode=0,primaryLevelUnicode=0,scancode=0,extendedKeyCode=0x0] on new item id field
Nov 11, 2021 2:25:43 AM net.sourceforge.marathon.javaagent.EventQueueDevice dispatchEvent
INFO: java.awt.event.KeyEvent[KEY_PRESSED,keyCode=73,keyText=I,keyChar='i',keyLocation=KEY_LOCATION_UNKNOWN,rawCode=0,primaryLevelUnicode=0,scancode=0,extendedKeyCode=0x0] on new item id field
Nov 11, 2021 2:25:43 AM net.sourceforge.marathon.javaagent.EventQueueDevice dispatchEvent
INFO: java.awt.event.KeyEvent[KEY_TYPED,keyCode=0,keyText=Unknown keyCode: 0x0,keyChar='i',keyLocation=KEY_LOCATION_UNKNOWN,rawCode=0,primaryLevelUnicode=0,scancode=0,extendedKeyCode=0x0] on new item id field
Nov 11, 2021 2:25:43 AM net.sourceforge.marathon.javaagent.EventQueueDevice dispatchEvent
INFO: java.awt.event.KeyEvent[KEY_RELEASED,keyCode=73,keyText=I,keyChar='i',keyLocation=KEY_LOCATION_UNKNOWN,rawCode=0,primaryLevelUnicode=0,scancode=0,extendedKeyCode=0x0] on new item id field
Nov 11, 2021 2:25:43 AM net.sourceforge.marathon.javaagent.EventQueueDevice dispatchEvent
INFO: java.awt.event.KeyEvent[KEY_PRESSED,keyCode=68,keyText=D,keyChar='d',keyLocation=KEY_LOCATION_UNKNOWN,rawCode=0,primaryLevelUnicode=0,scancode=0,extendedKeyCode=0x0] on new item id field
Nov 11, 2021 2:25:43 AM net.sourceforge.marathon.javaagent.EventQueueDevice dispatchEvent
INFO: java.awt.event.KeyEvent[KEY_TYPED,keyCode=0,keyText=Unknown keyCode: 0x0,keyChar='d',keyLocation=KEY_LOCATION_UNKNOWN,rawCode=0,primaryLevelUnicode=0,scancode=0,extendedKeyCode=0x0] on new item id field
Nov 11, 2021 2:25:43 AM net.sourceforge.marathon.javaagent.EventQueueDevice dispatchEvent
INFO: java.awt.event.KeyEvent[KEY_RELEASED,keyCode=68,keyText=D,keyChar='d',keyLocation=KEY_LOCATION_UNKNOWN,rawCode=0,primaryLevelUnicode=0,scancode=0,extendedKeyCode=0x0] on new item id field
Nov 11, 2021 2:25:43 AM net.sourceforge.marathon.javaagent.server.JavaServer serve
INFO: POST(/session/a8b45847-2ef4-46d1-9422-39565e0aa454/element/1487e75f-a919-4730-b2d5-0416f2cf4f87/value, {"id":"1487e75f-a919-4730-b2d5-0416f2cf4f87","value":["an item-id"]}) = {data={"name":"sendKeysElement","sessionId":"a8b45847-2ef4-46d1-9422-39565e0aa454","status":0}, status=OK}
Nov 11, 2021 2:25:43 AM net.sourceforge.marathon.javaagent.server.JavaServer serve
INFO: JavaServer.serve(POST /session/a8b45847-2ef4-46d1-9422-39565e0aa454/element): {
  "using": "name",
  "value": "new item stop price field"
}
Nov 11, 2021 2:25:43 AM net.sourceforge.marathon.javaagent.server.JavaServer serve
INFO: POST(/session/a8b45847-2ef4-46d1-9422-39565e0aa454/element, {"using":"name","value":"new item stop price field"}) = {data={"name":"findElement","sessionId":"a8b45847-2ef4-46d1-9422-39565e0aa454","value":{"ELEMENT":"4f8dbe3c-05c6-4758-a4d2-7d4b765ab403"},"status":0}, status=OK}
Nov 11, 2021 2:25:43 AM net.sourceforge.marathon.javaagent.server.JavaServer serve
INFO: JavaServer.serve(POST /session/a8b45847-2ef4-46d1-9422-39565e0aa454/element/4f8dbe3c-05c6-4758-a4d2-7d4b765ab403/clear): {
  "id": "4f8dbe3c-05c6-4758-a4d2-7d4b765ab403"
}
Nov 11, 2021 2:25:43 AM net.sourceforge.marathon.javaagent.server.JavaServer serve
INFO: POST(/session/a8b45847-2ef4-46d1-9422-39565e0aa454/element/4f8dbe3c-05c6-4758-a4d2-7d4b765ab403/clear, {"id":"4f8dbe3c-05c6-4758-a4d2-7d4b765ab403"}) = {data={"name":"clearElement","sessionId":"a8b45847-2ef4-46d1-9422-39565e0aa454","status":0}, status=OK}
Nov 11, 2021 2:25:43 AM net.sourceforge.marathon.javaagent.server.JavaServer serve
INFO: JavaServer.serve(POST /session/a8b45847-2ef4-46d1-9422-39565e0aa454/element/4f8dbe3c-05c6-4758-a4d2-7d4b765ab403/value): {
  "id": "4f8dbe3c-05c6-4758-a4d2-7d4b765ab403",
  "value": [
    "11000"
  ]
}
Nov 11, 2021 2:25:43 AM net.sourceforge.marathon.javaagent.EventQueueDevice dispatchEvent
INFO: java.awt.event.KeyEvent[KEY_PRESSED,keyCode=49,keyText=1,keyChar='1',keyLocation=KEY_LOCATION_UNKNOWN,rawCode=0,primaryLevelUnicode=0,scancode=0,extendedKeyCode=0x0] on new item stop price field
Nov 11, 2021 2:25:43 AM net.sourceforge.marathon.javaagent.EventQueueDevice dispatchEvent
INFO: java.awt.event.KeyEvent[KEY_TYPED,keyCode=0,keyText=Unknown keyCode: 0x0,keyChar='1',keyLocation=KEY_LOCATION_UNKNOWN,rawCode=0,primaryLevelUnicode=0,scancode=0,extendedKeyCode=0x0] on new item stop price field
Nov 11, 2021 2:25:43 AM net.sourceforge.marathon.javaagent.EventQueueDevice dispatchEvent
INFO: java.awt.event.KeyEvent[KEY_RELEASED,keyCode=49,keyText=1,keyChar='1',keyLocation=KEY_LOCATION_UNKNOWN,rawCode=0,primaryLevelUnicode=0,scancode=0,extendedKeyCode=0x0] on new item stop price field
Nov 11, 2021 2:25:43 AM net.sourceforge.marathon.javaagent.EventQueueDevice dispatchEvent
INFO: java.awt.event.KeyEvent[KEY_PRESSED,keyCode=49,keyText=1,keyChar='1',keyLocation=KEY_LOCATION_UNKNOWN,rawCode=0,primaryLevelUnicode=0,scancode=0,extendedKeyCode=0x0] on new item stop price field
Nov 11, 2021 2:25:43 AM net.sourceforge.marathon.javaagent.EventQueueDevice dispatchEvent
INFO: java.awt.event.KeyEvent[KEY_TYPED,keyCode=0,keyText=Unknown keyCode: 0x0,keyChar='1',keyLocation=KEY_LOCATION_UNKNOWN,rawCode=0,primaryLevelUnicode=0,scancode=0,extendedKeyCode=0x0] on new item stop price field
Nov 11, 2021 2:25:43 AM net.sourceforge.marathon.javaagent.EventQueueDevice dispatchEvent
INFO: java.awt.event.KeyEvent[KEY_RELEASED,keyCode=49,keyText=1,keyChar='1',keyLocation=KEY_LOCATION_UNKNOWN,rawCode=0,primaryLevelUnicode=0,scancode=0,extendedKeyCode=0x0] on new item stop price field
Nov 11, 2021 2:25:43 AM net.sourceforge.marathon.javaagent.EventQueueDevice dispatchEvent
INFO: java.awt.event.KeyEvent[KEY_PRESSED,keyCode=48,keyText=0,keyChar='0',keyLocation=KEY_LOCATION_UNKNOWN,rawCode=0,primaryLevelUnicode=0,scancode=0,extendedKeyCode=0x0] on new item stop price field
Nov 11, 2021 2:25:43 AM net.sourceforge.marathon.javaagent.EventQueueDevice dispatchEvent
INFO: java.awt.event.KeyEvent[KEY_TYPED,keyCode=0,keyText=Unknown keyCode: 0x0,keyChar='0',keyLocation=KEY_LOCATION_UNKNOWN,rawCode=0,primaryLevelUnicode=0,scancode=0,extendedKeyCode=0x0] on new item stop price field
Nov 11, 2021 2:25:43 AM net.sourceforge.marathon.javaagent.EventQueueDevice dispatchEvent
INFO: java.awt.event.KeyEvent[KEY_RELEASED,keyCode=48,keyText=0,keyChar='0',keyLocation=KEY_LOCATION_UNKNOWN,rawCode=0,primaryLevelUnicode=0,scancode=0,extendedKeyCode=0x0] on new item stop price field
Nov 11, 2021 2:25:43 AM net.sourceforge.marathon.javaagent.EventQueueDevice dispatchEvent
INFO: java.awt.event.KeyEvent[KEY_PRESSED,keyCode=48,keyText=0,keyChar='0',keyLocation=KEY_LOCATION_UNKNOWN,rawCode=0,primaryLevelUnicode=0,scancode=0,extendedKeyCode=0x0] on new item stop price field
Nov 11, 2021 2:25:43 AM net.sourceforge.marathon.javaagent.EventQueueDevice dispatchEvent
INFO: java.awt.event.KeyEvent[KEY_TYPED,keyCode=0,keyText=Unknown keyCode: 0x0,keyChar='0',keyLocation=KEY_LOCATION_UNKNOWN,rawCode=0,primaryLevelUnicode=0,scancode=0,extendedKeyCode=0x0] on new item stop price field
Nov 11, 2021 2:25:43 AM net.sourceforge.marathon.javaagent.EventQueueDevice dispatchEvent
INFO: java.awt.event.KeyEvent[KEY_RELEASED,keyCode=48,keyText=0,keyChar='0',keyLocation=KEY_LOCATION_UNKNOWN,rawCode=0,primaryLevelUnicode=0,scancode=0,extendedKeyCode=0x0] on new item stop price field
Nov 11, 2021 2:25:43 AM net.sourceforge.marathon.javaagent.EventQueueDevice dispatchEvent
INFO: java.awt.event.KeyEvent[KEY_PRESSED,keyCode=48,keyText=0,keyChar='0',keyLocation=KEY_LOCATION_UNKNOWN,rawCode=0,primaryLevelUnicode=0,scancode=0,extendedKeyCode=0x0] on new item stop price field
Nov 11, 2021 2:25:43 AM net.sourceforge.marathon.javaagent.EventQueueDevice dispatchEvent
INFO: java.awt.event.KeyEvent[KEY_TYPED,keyCode=0,keyText=Unknown keyCode: 0x0,keyChar='0',keyLocation=KEY_LOCATION_UNKNOWN,rawCode=0,primaryLevelUnicode=0,scancode=0,extendedKeyCode=0x0] on new item stop price field
Nov 11, 2021 2:25:43 AM net.sourceforge.marathon.javaagent.EventQueueDevice dispatchEvent
INFO: java.awt.event.KeyEvent[KEY_RELEASED,keyCode=48,keyText=0,keyChar='0',keyLocation=KEY_LOCATION_UNKNOWN,rawCode=0,primaryLevelUnicode=0,scancode=0,extendedKeyCode=0x0] on new item stop price field
Nov 11, 2021 2:25:43 AM net.sourceforge.marathon.javaagent.server.JavaServer serve
INFO: POST(/session/a8b45847-2ef4-46d1-9422-39565e0aa454/element/4f8dbe3c-05c6-4758-a4d2-7d4b765ab403/value, {"id":"4f8dbe3c-05c6-4758-a4d2-7d4b765ab403","value":["11000"]}) = {data={"name":"sendKeysElement","sessionId":"a8b45847-2ef4-46d1-9422-39565e0aa454","status":0}, status=OK}
Nov 11, 2021 2:25:43 AM net.sourceforge.marathon.javaagent.server.JavaServer serve
INFO: JavaServer.serve(POST /session/a8b45847-2ef4-46d1-9422-39565e0aa454/element): {
  "using": "name",
  "value": "join button"
}
Nov 11, 2021 2:25:43 AM net.sourceforge.marathon.javaagent.server.JavaServer serve
INFO: POST(/session/a8b45847-2ef4-46d1-9422-39565e0aa454/element, {"using":"name","value":"join button"}) = {data={"name":"findElement","sessionId":"a8b45847-2ef4-46d1-9422-39565e0aa454","value":{"ELEMENT":"d2602998-f6d0-4244-afa7-b5fb45f69ed9"},"status":0}, status=OK}
Nov 11, 2021 2:25:43 AM net.sourceforge.marathon.javaagent.server.JavaServer serve
INFO: JavaServer.serve(POST /session/a8b45847-2ef4-46d1-9422-39565e0aa454/element/d2602998-f6d0-4244-afa7-b5fb45f69ed9/click): {
  "id": "d2602998-f6d0-4244-afa7-b5fb45f69ed9"
}
Nov 11, 2021 2:25:43 AM net.sourceforge.marathon.javaagent.EventQueueDevice dispatchEvent
INFO: java.awt.event.MouseEvent[MOUSE_PRESSED,(58,12),absolute(589,17),button=1,modifiers=Button1,extModifiers=Button1,clickCount=1] on join button
Nov 11, 2021 2:25:43 AM net.sourceforge.marathon.javaagent.EventQueueDevice dispatchEvent
INFO: java.awt.event.MouseEvent[MOUSE_RELEASED,(58,12),absolute(589,17),button=1,modifiers=Button1,clickCount=1] on join button
Nov 11, 2021 2:25:43 AM net.sourceforge.marathon.javaagent.EventQueueDevice dispatchEvent
INFO: java.awt.event.MouseEvent[MOUSE_CLICKED,(58,12),absolute(589,17),button=1,modifiers=Button1,clickCount=1] on join button
Nov 11, 2021 2:25:43 AM net.sourceforge.marathon.javaagent.server.JavaServer serve
INFO: POST(/session/a8b45847-2ef4-46d1-9422-39565e0aa454/element/d2602998-f6d0-4244-afa7-b5fb45f69ed9/click, {"id":"d2602998-f6d0-4244-afa7-b5fb45f69ed9"}) = {data={"name":"clickElement","sessionId":"a8b45847-2ef4-46d1-9422-39565e0aa454","status":0}, status=OK}
Nov 11, 2021 2:25:43 AM net.sourceforge.marathon.javaagent.server.JavaServer serve
INFO: JavaServer.serve(DELETE /session/a8b45847-2ef4-46d1-9422-39565e0aa454/window): {}
Nov 11, 2021 2:25:43 AM net.sourceforge.marathon.javaagent.server.JavaServer serve
INFO: DELETE(/session/a8b45847-2ef4-46d1-9422-39565e0aa454/window) = {data={"name":"closeSession","sessionId":"a8b45847-2ef4-46d1-9422-39565e0aa454","status":0}, status=OK}
Nov 11, 2021 2:25:43 AM net.sourceforge.marathon.javaagent.server.JavaServer serve
INFO: JavaServer.serve(POST /session): {
  "desiredCapabilities": {
    "browserName": "java",
    "platform": "ANY"
  },
  "capabilities": {
    "firstMatch": [
      {
        "browserName": "java"
      }
    ]
  }
}
Nov 11, 2021 2:25:43 AM net.sourceforge.marathon.javaagent.server.JavaServer createSession
INFO: Creating device with type: EVENT_QUEUE
Nov 11, 2021 2:25:43 AM net.sourceforge.marathon.javaagent.Device getDevice
INFO: Creating a EVENT_QUEUE device
Nov 11, 2021 2:25:43 AM net.sourceforge.marathon.javaagent.server.JavaServer serve
INFO: POST(/session, {"desiredCapabilities":{"browserName":"java","platform":"ANY"},"capabilities":{"firstMatch":[{"browserName":"java"}]}}) = {data=, status=REDIRECT}
Nov 11, 2021 2:25:43 AM net.sourceforge.marathon.javaagent.server.JavaServer serve
INFO: JavaServer.serve(GET /session/3ae5b124-f6e7-4be7-991b-4db5364d51bf): {}
Nov 11, 2021 2:25:43 AM net.sourceforge.marathon.javaagent.server.JavaServer serve
INFO: GET(/session/3ae5b124-f6e7-4be7-991b-4db5364d51bf) = {data={"name":"getCapabilities","sessionId":"3ae5b124-f6e7-4be7-991b-4db5364d51bf","value":{"applicationCacheEnabled":false,"rotatable":false,"loggingPrefs":{"driver":"ALL"},"handlesAlerts":false,"databaseEnabled":false,"version":"1.0","platform":"ANY","browserConnectionEnabled":false,"nativeEvents":false,"acceptSslCerts":false,"locationContextEnabled":false,"webStorageEnabled":false,"browserName":"java","takesScreenshot":true,"javascriptEnabled":true,"cssSelectorsEnabled":false},"status":0}, status=OK}
Nov 11, 2021 2:25:43 AM org.openqa.selenium.remote.ProtocolHandshake createSession
INFO: Detected dialect: OSS
Nov 11, 2021 2:25:43 AM net.sourceforge.marathon.javaagent.server.JavaServer serve
INFO: JavaServer.serve(POST /session/3ae5b124-f6e7-4be7-991b-4db5364d51bf/element): {
  "using": "name",
  "value": "sniper reset button"
}
Nov 11, 2021 2:25:43 AM net.sourceforge.marathon.javaagent.server.JavaServer serve
INFO: POST(/session/3ae5b124-f6e7-4be7-991b-4db5364d51bf/element, {"using":"name","value":"sniper reset button"}) = {data={"name":"findElement","sessionId":"3ae5b124-f6e7-4be7-991b-4db5364d51bf","value":{"ELEMENT":"47fb2e97-55e6-47a7-ba8e-62442718cb78"},"status":0}, status=OK}
Nov 11, 2021 2:25:43 AM net.sourceforge.marathon.javaagent.server.JavaServer serve
INFO: JavaServer.serve(POST /session/3ae5b124-f6e7-4be7-991b-4db5364d51bf/element/47fb2e97-55e6-47a7-ba8e-62442718cb78/click): {
  "id": "47fb2e97-55e6-47a7-ba8e-62442718cb78"
}
Nov 11, 2021 2:25:43 AM net.sourceforge.marathon.javaagent.EventQueueDevice dispatchEvent
INFO: java.awt.event.MouseEvent[MOUSE_PRESSED,(37,12),absolute(326,474),button=1,modifiers=Button1,extModifiers=Button1,clickCount=1] on sniper reset button
Nov 11, 2021 2:25:43 AM net.sourceforge.marathon.javaagent.EventQueueDevice dispatchEvent
INFO: java.awt.event.MouseEvent[MOUSE_RELEASED,(37,12),absolute(326,474),button=1,modifiers=Button1,clickCount=1] on sniper reset button
Nov 11, 2021 2:25:43 AM net.sourceforge.marathon.javaagent.EventQueueDevice dispatchEvent
INFO: java.awt.event.MouseEvent[MOUSE_CLICKED,(37,12),absolute(326,474),button=1,modifiers=Button1,clickCount=1] on sniper reset button
Nov 11, 2021 2:25:43 AM net.sourceforge.marathon.javaagent.server.JavaServer serve
INFO: POST(/session/3ae5b124-f6e7-4be7-991b-4db5364d51bf/element/47fb2e97-55e6-47a7-ba8e-62442718cb78/click, {"id":"47fb2e97-55e6-47a7-ba8e-62442718cb78"}) = {data={"name":"clickElement","sessionId":"3ae5b124-f6e7-4be7-991b-4db5364d51bf","status":0}, status=OK}
Nov 11, 2021 2:25:43 AM net.sourceforge.marathon.javaagent.server.JavaServer serve
INFO: JavaServer.serve(DELETE /session/3ae5b124-f6e7-4be7-991b-4db5364d51bf/window): {}
Nov 11, 2021 2:25:43 AM net.sourceforge.marathon.javaagent.server.JavaServer serve
INFO: DELETE(/session/3ae5b124-f6e7-4be7-991b-4db5364d51bf/window) = {data={"name":"closeSession","sessionId":"3ae5b124-f6e7-4be7-991b-4db5364d51bf","status":0}, status=OK}
]]></system-err>
</testsuite>
