<?xml version="1.0" encoding="UTF-8"?>
<testsuite name="goos.ui.swing.MainWindowTest" tests="3" skipped="0" failures="0" errors="0" timestamp="2021-11-25T02:30:40" hostname="buildkitsandbox" time="4.197">
  <properties/>
  <testcase name="window has expected features" classname="goos.ui.swing.MainWindowTest" time="3.349"/>
  <testcase name="make user request when join button clicked" classname="goos.ui.swing.MainWindowTest" time="0.682"/>
  <testcase name="make user request when reset button clicked" classname="goos.ui.swing.MainWindowTest" time="0.163"/>
  <system-out><![CDATA[]]></system-out>
  <system-err><![CDATA[Nov 25, 2021 2:30:41 AM io.mockk.impl.log.JULLogger warn
WARNING: Failed to transform class goos/ui/api/UserRequestListener
java.lang.IllegalArgumentException: Unsupported class file major version 59
	at net.bytebuddy.jar.asm.ClassReader.<init>(ClassReader.java:176)
	at net.bytebuddy.jar.asm.ClassReader.<init>(ClassReader.java:158)
	at net.bytebuddy.jar.asm.ClassReader.<init>(ClassReader.java:146)
	at net.bytebuddy.utility.OpenedClassReader.of(OpenedClassReader.java:69)
	at net.bytebuddy.dynamic.scaffold.TypeWriter$Default$ForInlining.create(TypeWriter.java:2877)
	at net.bytebuddy.dynamic.scaffold.TypeWriter$Default.make(TypeWriter.java:1653)
	at net.bytebuddy.dynamic.scaffold.inline.RedefinitionDynamicTypeBuilder.make(RedefinitionDynamicTypeBuilder.java:180)
	at net.bytebuddy.dynamic.scaffold.inline.AbstractInliningDynamicTypeBuilder.make(AbstractInliningDynamicTypeBuilder.java:94)
	at net.bytebuddy.dynamic.DynamicType$Builder$AbstractBase.make(DynamicType.java:2669)
	at io.mockk.proxy.jvm.transformation.InliningClassTransformer.transform(InliningClassTransformer.kt:78)
	at java.instrument/java.lang.instrument.ClassFileTransformer.transform(ClassFileTransformer.java:246)
	at java.instrument/sun.instrument.TransformerManager.transform(TransformerManager.java:188)
	at java.instrument/sun.instrument.InstrumentationImpl.transform(InstrumentationImpl.java:563)
	at java.instrument/sun.instrument.InstrumentationImpl.retransformClasses0(Native Method)
	at java.instrument/sun.instrument.InstrumentationImpl.retransformClasses(InstrumentationImpl.java:167)
	at io.mockk.proxy.jvm.transformation.JvmInlineInstrumentation.retransform(JvmInlineInstrumentation.kt:28)
	at io.mockk.proxy.common.transformation.RetransformInlineInstrumnetation$execute$1.invoke(RetransformInlineInstrumnetation.kt:19)
	at io.mockk.proxy.common.transformation.RetransformInlineInstrumnetation$execute$1.invoke(RetransformInlineInstrumnetation.kt:6)
	at io.mockk.proxy.common.transformation.ClassTransformationSpecMap.applyTransformation(ClassTransformationSpecMap.kt:41)
	at io.mockk.proxy.common.transformation.RetransformInlineInstrumnetation.execute(RetransformInlineInstrumnetation.kt:16)
	at io.mockk.proxy.jvm.ProxyMaker.inline(ProxyMaker.kt:88)
	at io.mockk.proxy.jvm.ProxyMaker.proxy(ProxyMaker.kt:30)
	at io.mockk.impl.instantiation.JvmMockFactory.newProxy(JvmMockFactory.kt:34)
	at io.mockk.impl.instantiation.AbstractMockFactory.newProxy$default(AbstractMockFactory.kt:29)
	at io.mockk.impl.instantiation.AbstractMockFactory.mockk(AbstractMockFactory.kt:59)
	at goos.ui.swing.MainWindowTest$1$1.invokeSuspend(MainWindowTest.kt:90)
	at goos.ui.swing.MainWindowTest$1$1.invoke(MainWindowTest.kt)
	at goos.ui.swing.MainWindowTest$1$1.invoke(MainWindowTest.kt)
	at io.kotest.core.TestConfiguration$beforeTest$1.beforeTest(TestConfiguration.kt:137)
	at io.kotest.core.spec.LifecycleKt.invokeAllBeforeTestCallbacks(lifecycle.kt:76)
	at io.kotest.core.internal.TestCaseExecutor.executeActiveTest(TestCaseExecutor.kt:152)
	at io.kotest.core.internal.TestCaseExecutor.access$executeActiveTest(TestCaseExecutor.kt:57)
	at io.kotest.core.internal.TestCaseExecutor$intercept$innerExecute$1$1.invokeSuspend(TestCaseExecutor.kt:89)
	at io.kotest.core.internal.TestCaseExecutor$intercept$innerExecute$1$1.invoke(TestCaseExecutor.kt)
	at io.kotest.core.internal.TestCaseExecutor$intercept$innerExecute$1$1.invoke(TestCaseExecutor.kt)
	at io.kotest.core.internal.TestCaseExecutor.executeIfEnabled(TestCaseExecutor.kt:117)
	at io.kotest.core.internal.TestCaseExecutor.access$executeIfEnabled(TestCaseExecutor.kt:57)
	at io.kotest.core.internal.TestCaseExecutor$intercept$innerExecute$1.invokeSuspend(TestCaseExecutor.kt:89)
	at io.kotest.core.internal.TestCaseExecutor$intercept$innerExecute$1.invoke(TestCaseExecutor.kt)
	at io.kotest.core.internal.TestCaseExecutor$intercept$innerExecute$1.invoke(TestCaseExecutor.kt)
	at io.kotest.core.internal.TestCaseExecutor.intercept(TestCaseExecutor.kt:103)
	at io.kotest.core.internal.TestCaseExecutor.execute(TestCaseExecutor.kt:69)
	at io.kotest.engine.spec.runners.SingleInstanceSpecRunner.runTest(SingleInstanceSpecRunner.kt:104)
	at io.kotest.engine.spec.runners.SingleInstanceSpecRunner.access$runTest(SingleInstanceSpecRunner.kt:34)
	at io.kotest.engine.spec.runners.SingleInstanceSpecRunner$execute$interceptAndRun$2$4.invokeSuspend(SingleInstanceSpecRunner.kt:57)
	at io.kotest.engine.spec.runners.SingleInstanceSpecRunner$execute$interceptAndRun$2$4.invoke(SingleInstanceSpecRunner.kt)
	at io.kotest.engine.spec.runners.SingleInstanceSpecRunner$execute$interceptAndRun$2$4.invoke(SingleInstanceSpecRunner.kt)
	at io.kotest.engine.launchers.SequentialTestLauncher$launch$3$1$1.invokeSuspend(SequentialTestLauncher.kt:22)
	at kotlin.coroutines.jvm.internal.BaseContinuationImpl.resumeWith(ContinuationImpl.kt:33)
	at kotlinx.coroutines.DispatchedTask.run(DispatchedTask.kt:106)
	at java.base/java.util.concurrent.ThreadPoolExecutor.runWorker(ThreadPoolExecutor.java:1130)
	at java.base/java.util.concurrent.ThreadPoolExecutor$Worker.run(ThreadPoolExecutor.java:630)
	at java.base/java.lang.Thread.run(Thread.java:832)

Nov 25, 2021 2:30:43 AM net.sourceforge.marathon.javaagent.server.JavaServer serve
INFO: JavaServer.serve(POST /session): {
  "desiredCapabilities": {
    "browserName": "java",
    "platform": "ANY"
  },
  "capabilities": {
    "firstMatch": [
      {
        "browserName": "java"
      }
    ]
  }
}
Nov 25, 2021 2:30:43 AM net.sourceforge.marathon.javaagent.server.JavaServer createSession
INFO: Creating device with type: EVENT_QUEUE
Nov 25, 2021 2:30:43 AM net.sourceforge.marathon.javaagent.Device getDevice
INFO: Creating a EVENT_QUEUE device
Nov 25, 2021 2:30:43 AM net.sourceforge.marathon.javaagent.server.JavaServer serve
INFO: POST(/session, {"desiredCapabilities":{"browserName":"java","platform":"ANY"},"capabilities":{"firstMatch":[{"browserName":"java"}]}}) = {data=, status=REDIRECT}
Nov 25, 2021 2:30:43 AM net.sourceforge.marathon.javaagent.server.JavaServer serve
INFO: JavaServer.serve(GET /session/2cfbf096-01cf-4da6-9748-f55e0d18d697): {}
Nov 25, 2021 2:30:43 AM net.sourceforge.marathon.javaagent.server.JavaServer serve
INFO: GET(/session/2cfbf096-01cf-4da6-9748-f55e0d18d697) = {data={"name":"getCapabilities","sessionId":"2cfbf096-01cf-4da6-9748-f55e0d18d697","value":{"applicationCacheEnabled":false,"rotatable":false,"loggingPrefs":{"driver":"ALL"},"handlesAlerts":false,"databaseEnabled":false,"version":"1.0","platform":"ANY","browserConnectionEnabled":false,"nativeEvents":false,"acceptSslCerts":false,"locationContextEnabled":false,"webStorageEnabled":false,"browserName":"java","takesScreenshot":true,"javascriptEnabled":true,"cssSelectorsEnabled":false},"status":0}, status=OK}
Nov 25, 2021 2:30:43 AM org.openqa.selenium.remote.ProtocolHandshake createSession
INFO: Detected dialect: OSS
Nov 25, 2021 2:30:43 AM net.sourceforge.marathon.javaagent.server.JavaServer serve
INFO: JavaServer.serve(POST /session/2cfbf096-01cf-4da6-9748-f55e0d18d697/element): {
  "using": "css selector",
  "value": "."
}
Nov 25, 2021 2:30:43 AM net.sourceforge.marathon.javaagent.server.JavaServer serve
INFO: POST(/session/2cfbf096-01cf-4da6-9748-f55e0d18d697/element, {"using":"css selector","value":"."}) = {data={"name":"findElement","sessionId":"2cfbf096-01cf-4da6-9748-f55e0d18d697","value":{"ELEMENT":"20e248b3-c383-4e5a-8cc2-8141b3935cea"},"status":0}, status=OK}
Nov 25, 2021 2:30:43 AM net.sourceforge.marathon.javaagent.server.JavaServer serve
INFO: JavaServer.serve(GET /session/2cfbf096-01cf-4da6-9748-f55e0d18d697/element/20e248b3-c383-4e5a-8cc2-8141b3935cea/attribute/name): {}
Nov 25, 2021 2:30:43 AM net.sourceforge.marathon.javaagent.server.JavaServer serve
INFO: GET(/session/2cfbf096-01cf-4da6-9748-f55e0d18d697/element/20e248b3-c383-4e5a-8cc2-8141b3935cea/attribute/name) = {data={"name":"getElementAttribute","sessionId":"2cfbf096-01cf-4da6-9748-f55e0d18d697","value":"Auction Sniper Name","status":0}, status=OK}
Nov 25, 2021 2:30:43 AM net.sourceforge.marathon.javaagent.server.JavaServer serve
INFO: JavaServer.serve(POST /session/2cfbf096-01cf-4da6-9748-f55e0d18d697/element): {
  "using": "css selector",
  "value": "."
}
Nov 25, 2021 2:30:43 AM net.sourceforge.marathon.javaagent.server.JavaServer serve
INFO: POST(/session/2cfbf096-01cf-4da6-9748-f55e0d18d697/element, {"using":"css selector","value":"."}) = {data={"name":"findElement","sessionId":"2cfbf096-01cf-4da6-9748-f55e0d18d697","value":{"ELEMENT":"20e248b3-c383-4e5a-8cc2-8141b3935cea"},"status":0}, status=OK}
Nov 25, 2021 2:30:43 AM net.sourceforge.marathon.javaagent.server.JavaServer serve
INFO: JavaServer.serve(GET /session/2cfbf096-01cf-4da6-9748-f55e0d18d697/element/20e248b3-c383-4e5a-8cc2-8141b3935cea/displayed): {}
Nov 25, 2021 2:30:43 AM net.sourceforge.marathon.javaagent.server.JavaServer serve
INFO: GET(/session/2cfbf096-01cf-4da6-9748-f55e0d18d697/element/20e248b3-c383-4e5a-8cc2-8141b3935cea/displayed) = {data={"name":"isDisplayed","sessionId":"2cfbf096-01cf-4da6-9748-f55e0d18d697","value":true,"status":0}, status=OK}
Nov 25, 2021 2:30:43 AM net.sourceforge.marathon.javaagent.server.JavaServer serve
INFO: JavaServer.serve(GET /session/2cfbf096-01cf-4da6-9748-f55e0d18d697/title): {}
Nov 25, 2021 2:30:43 AM net.sourceforge.marathon.javaagent.server.JavaServer serve
INFO: GET(/session/2cfbf096-01cf-4da6-9748-f55e0d18d697/title) = {data={"name":"getWindowTitle","sessionId":"2cfbf096-01cf-4da6-9748-f55e0d18d697","value":"Auction Sniper","status":0}, status=OK}
Nov 25, 2021 2:30:43 AM net.sourceforge.marathon.javaagent.server.JavaServer serve
INFO: JavaServer.serve(POST /session/2cfbf096-01cf-4da6-9748-f55e0d18d697/element): {
  "using": "name",
  "value": "snipers table"
}
Nov 25, 2021 2:30:43 AM net.sourceforge.marathon.javaagent.server.JavaServer serve
INFO: POST(/session/2cfbf096-01cf-4da6-9748-f55e0d18d697/element, {"using":"name","value":"snipers table"}) = {data={"name":"findElement","sessionId":"2cfbf096-01cf-4da6-9748-f55e0d18d697","value":{"ELEMENT":"e74ee5aa-5db7-4c5e-a020-1a9cac0e2a8c"},"status":0}, status=OK}
Nov 25, 2021 2:30:43 AM net.sourceforge.marathon.javaagent.server.JavaServer serve
INFO: JavaServer.serve(POST /session/2cfbf096-01cf-4da6-9748-f55e0d18d697/element/e74ee5aa-5db7-4c5e-a020-1a9cac0e2a8c/elements): {
  "id": "e74ee5aa-5db7-4c5e-a020-1a9cac0e2a8c",
  "using": "css selector",
  "value": ".::header.::all-items"
}
Nov 25, 2021 2:30:43 AM net.sourceforge.marathon.javaagent.server.JavaServer serve
INFO: POST(/session/2cfbf096-01cf-4da6-9748-f55e0d18d697/element/e74ee5aa-5db7-4c5e-a020-1a9cac0e2a8c/elements, {"using":"css selector","id":"e74ee5aa-5db7-4c5e-a020-1a9cac0e2a8c","value":".::header.::all-items"}) = {data={"name":"findElementsOfElement","sessionId":"2cfbf096-01cf-4da6-9748-f55e0d18d697","value":[{"ELEMENT":"e41bea1f-ce98-420a-9b8f-ac6a407f19fd%23%7B%22selector%22%3A%22nth-item%22%2C%22parameters%22%3A%5B1%5D%7D"},{"ELEMENT":"e41bea1f-ce98-420a-9b8f-ac6a407f19fd%23%7B%22selector%22%3A%22nth-item%22%2C%22parameters%22%3A%5B2%5D%7D"},{"ELEMENT":"e41bea1f-ce98-420a-9b8f-ac6a407f19fd%23%7B%22selector%22%3A%22nth-item%22%2C%22parameters%22%3A%5B3%5D%7D"},{"ELEMENT":"e41bea1f-ce98-420a-9b8f-ac6a407f19fd%23%7B%22selector%22%3A%22nth-item%22%2C%22parameters%22%3A%5B4%5D%7D"}],"status":0}, status=OK}
Nov 25, 2021 2:30:43 AM net.sourceforge.marathon.javaagent.server.JavaServer serve
INFO: JavaServer.serve(GET /session/2cfbf096-01cf-4da6-9748-f55e0d18d697/element/e41bea1f-ce98-420a-9b8f-ac6a407f19fd%23%7B%22selector%22%3A%22nth-item%22%2C%22parameters%22%3A%5B1%5D%7D/text): {}
Nov 25, 2021 2:30:43 AM net.sourceforge.marathon.javaagent.server.JavaServer serve
INFO: GET(/session/2cfbf096-01cf-4da6-9748-f55e0d18d697/element/e41bea1f-ce98-420a-9b8f-ac6a407f19fd%23%7B%22selector%22%3A%22nth-item%22%2C%22parameters%22%3A%5B1%5D%7D/text) = {data={"name":"getElementText","sessionId":"2cfbf096-01cf-4da6-9748-f55e0d18d697","value":"Item","status":0}, status=OK}
Nov 25, 2021 2:30:43 AM net.sourceforge.marathon.javaagent.server.JavaServer serve
INFO: JavaServer.serve(GET /session/2cfbf096-01cf-4da6-9748-f55e0d18d697/element/e41bea1f-ce98-420a-9b8f-ac6a407f19fd%23%7B%22selector%22%3A%22nth-item%22%2C%22parameters%22%3A%5B2%5D%7D/text): {}
Nov 25, 2021 2:30:43 AM net.sourceforge.marathon.javaagent.server.JavaServer serve
INFO: GET(/session/2cfbf096-01cf-4da6-9748-f55e0d18d697/element/e41bea1f-ce98-420a-9b8f-ac6a407f19fd%23%7B%22selector%22%3A%22nth-item%22%2C%22parameters%22%3A%5B2%5D%7D/text) = {data={"name":"getElementText","sessionId":"2cfbf096-01cf-4da6-9748-f55e0d18d697","value":"Last Price","status":0}, status=OK}
Nov 25, 2021 2:30:43 AM net.sourceforge.marathon.javaagent.server.JavaServer serve
INFO: JavaServer.serve(GET /session/2cfbf096-01cf-4da6-9748-f55e0d18d697/element/e41bea1f-ce98-420a-9b8f-ac6a407f19fd%23%7B%22selector%22%3A%22nth-item%22%2C%22parameters%22%3A%5B3%5D%7D/text): {}
Nov 25, 2021 2:30:43 AM net.sourceforge.marathon.javaagent.server.JavaServer serve
INFO: GET(/session/2cfbf096-01cf-4da6-9748-f55e0d18d697/element/e41bea1f-ce98-420a-9b8f-ac6a407f19fd%23%7B%22selector%22%3A%22nth-item%22%2C%22parameters%22%3A%5B3%5D%7D/text) = {data={"name":"getElementText","sessionId":"2cfbf096-01cf-4da6-9748-f55e0d18d697","value":"Last Bid","status":0}, status=OK}
Nov 25, 2021 2:30:43 AM net.sourceforge.marathon.javaagent.server.JavaServer serve
INFO: JavaServer.serve(GET /session/2cfbf096-01cf-4da6-9748-f55e0d18d697/element/e41bea1f-ce98-420a-9b8f-ac6a407f19fd%23%7B%22selector%22%3A%22nth-item%22%2C%22parameters%22%3A%5B4%5D%7D/text): {}
Nov 25, 2021 2:30:43 AM net.sourceforge.marathon.javaagent.server.JavaServer serve
INFO: GET(/session/2cfbf096-01cf-4da6-9748-f55e0d18d697/element/e41bea1f-ce98-420a-9b8f-ac6a407f19fd%23%7B%22selector%22%3A%22nth-item%22%2C%22parameters%22%3A%5B4%5D%7D/text) = {data={"name":"getElementText","sessionId":"2cfbf096-01cf-4da6-9748-f55e0d18d697","value":"State","status":0}, status=OK}
Nov 25, 2021 2:30:43 AM net.sourceforge.marathon.javaagent.server.JavaServer serve
INFO: JavaServer.serve(DELETE /session/2cfbf096-01cf-4da6-9748-f55e0d18d697/window): {}
Nov 25, 2021 2:30:43 AM net.sourceforge.marathon.javaagent.server.JavaServer serve
INFO: DELETE(/session/2cfbf096-01cf-4da6-9748-f55e0d18d697/window) = {data={"name":"closeSession","sessionId":"2cfbf096-01cf-4da6-9748-f55e0d18d697","status":0}, status=OK}
Nov 25, 2021 2:30:44 AM net.sourceforge.marathon.javaagent.server.JavaServer serve
INFO: JavaServer.serve(POST /session): {
  "desiredCapabilities": {
    "browserName": "java",
    "platform": "ANY"
  },
  "capabilities": {
    "firstMatch": [
      {
        "browserName": "java"
      }
    ]
  }
}
Nov 25, 2021 2:30:44 AM net.sourceforge.marathon.javaagent.server.JavaServer createSession
INFO: Creating device with type: EVENT_QUEUE
Nov 25, 2021 2:30:44 AM net.sourceforge.marathon.javaagent.Device getDevice
INFO: Creating a EVENT_QUEUE device
Nov 25, 2021 2:30:44 AM net.sourceforge.marathon.javaagent.server.JavaServer serve
INFO: POST(/session, {"desiredCapabilities":{"browserName":"java","platform":"ANY"},"capabilities":{"firstMatch":[{"browserName":"java"}]}}) = {data=, status=REDIRECT}
Nov 25, 2021 2:30:44 AM net.sourceforge.marathon.javaagent.server.JavaServer serve
INFO: JavaServer.serve(GET /session/06503eab-0e76-4db6-abcd-c1596314fb3a): {}
Nov 25, 2021 2:30:44 AM net.sourceforge.marathon.javaagent.server.JavaServer serve
INFO: GET(/session/06503eab-0e76-4db6-abcd-c1596314fb3a) = {data={"name":"getCapabilities","sessionId":"06503eab-0e76-4db6-abcd-c1596314fb3a","value":{"applicationCacheEnabled":false,"rotatable":false,"loggingPrefs":{"driver":"ALL"},"handlesAlerts":false,"databaseEnabled":false,"version":"1.0","platform":"ANY","browserConnectionEnabled":false,"nativeEvents":false,"acceptSslCerts":false,"locationContextEnabled":false,"webStorageEnabled":false,"browserName":"java","takesScreenshot":true,"javascriptEnabled":true,"cssSelectorsEnabled":false},"status":0}, status=OK}
Nov 25, 2021 2:30:44 AM org.openqa.selenium.remote.ProtocolHandshake createSession
INFO: Detected dialect: OSS
Nov 25, 2021 2:30:44 AM net.sourceforge.marathon.javaagent.server.JavaServer serve
INFO: JavaServer.serve(POST /session/06503eab-0e76-4db6-abcd-c1596314fb3a/element): {
  "using": "name",
  "value": "new item id field"
}
Nov 25, 2021 2:30:44 AM net.sourceforge.marathon.javaagent.server.JavaServer serve
INFO: POST(/session/06503eab-0e76-4db6-abcd-c1596314fb3a/element, {"using":"name","value":"new item id field"}) = {data={"name":"findElement","sessionId":"06503eab-0e76-4db6-abcd-c1596314fb3a","value":{"ELEMENT":"9423670f-2377-48e3-81c5-ac0b9adfaf56"},"status":0}, status=OK}
Nov 25, 2021 2:30:44 AM net.sourceforge.marathon.javaagent.server.JavaServer serve
INFO: JavaServer.serve(POST /session/06503eab-0e76-4db6-abcd-c1596314fb3a/element/9423670f-2377-48e3-81c5-ac0b9adfaf56/clear): {
  "id": "9423670f-2377-48e3-81c5-ac0b9adfaf56"
}
Nov 25, 2021 2:30:44 AM net.sourceforge.marathon.javaagent.server.JavaServer serve
INFO: POST(/session/06503eab-0e76-4db6-abcd-c1596314fb3a/element/9423670f-2377-48e3-81c5-ac0b9adfaf56/clear, {"id":"9423670f-2377-48e3-81c5-ac0b9adfaf56"}) = {data={"name":"clearElement","sessionId":"06503eab-0e76-4db6-abcd-c1596314fb3a","status":0}, status=OK}
Nov 25, 2021 2:30:44 AM net.sourceforge.marathon.javaagent.server.JavaServer serve
INFO: JavaServer.serve(POST /session/06503eab-0e76-4db6-abcd-c1596314fb3a/element/9423670f-2377-48e3-81c5-ac0b9adfaf56/value): {
  "id": "9423670f-2377-48e3-81c5-ac0b9adfaf56",
  "value": [
    "an item-id"
  ]
}
Nov 25, 2021 2:30:44 AM net.sourceforge.marathon.javaagent.EventQueueDevice dispatchEvent
INFO: java.awt.event.KeyEvent[KEY_PRESSED,keyCode=65,keyText=A,keyChar='a',keyLocation=KEY_LOCATION_UNKNOWN,rawCode=0,primaryLevelUnicode=0,scancode=0,extendedKeyCode=0x0] on new item id field
Nov 25, 2021 2:30:44 AM net.sourceforge.marathon.javaagent.EventQueueDevice dispatchEvent
INFO: java.awt.event.KeyEvent[KEY_TYPED,keyCode=0,keyText=Unknown keyCode: 0x0,keyChar='a',keyLocation=KEY_LOCATION_UNKNOWN,rawCode=0,primaryLevelUnicode=0,scancode=0,extendedKeyCode=0x0] on new item id field
Nov 25, 2021 2:30:44 AM net.sourceforge.marathon.javaagent.EventQueueDevice dispatchEvent
INFO: java.awt.event.KeyEvent[KEY_RELEASED,keyCode=65,keyText=A,keyChar='a',keyLocation=KEY_LOCATION_UNKNOWN,rawCode=0,primaryLevelUnicode=0,scancode=0,extendedKeyCode=0x0] on new item id field
Nov 25, 2021 2:30:44 AM net.sourceforge.marathon.javaagent.EventQueueDevice dispatchEvent
INFO: java.awt.event.KeyEvent[KEY_PRESSED,keyCode=78,keyText=N,keyChar='n',keyLocation=KEY_LOCATION_UNKNOWN,rawCode=0,primaryLevelUnicode=0,scancode=0,extendedKeyCode=0x0] on new item id field
Nov 25, 2021 2:30:44 AM net.sourceforge.marathon.javaagent.EventQueueDevice dispatchEvent
INFO: java.awt.event.KeyEvent[KEY_TYPED,keyCode=0,keyText=Unknown keyCode: 0x0,keyChar='n',keyLocation=KEY_LOCATION_UNKNOWN,rawCode=0,primaryLevelUnicode=0,scancode=0,extendedKeyCode=0x0] on new item id field
Nov 25, 2021 2:30:44 AM net.sourceforge.marathon.javaagent.EventQueueDevice dispatchEvent
INFO: java.awt.event.KeyEvent[KEY_RELEASED,keyCode=78,keyText=N,keyChar='n',keyLocation=KEY_LOCATION_UNKNOWN,rawCode=0,primaryLevelUnicode=0,scancode=0,extendedKeyCode=0x0] on new item id field
Nov 25, 2021 2:30:44 AM net.sourceforge.marathon.javaagent.EventQueueDevice dispatchEvent
INFO: java.awt.event.KeyEvent[KEY_PRESSED,keyCode=16,keyText=Shift,keyChar=Undefined keyChar,modifiers=Shift,extModifiers=Shift,keyLocation=KEY_LOCATION_UNKNOWN,rawCode=0,primaryLevelUnicode=0,scancode=0,extendedKeyCode=0x0] on new item id field
Nov 25, 2021 2:30:44 AM net.sourceforge.marathon.javaagent.EventQueueDevice dispatchEvent
INFO: java.awt.event.KeyEvent[KEY_PRESSED,keyCode=32,keyText=Space,keyChar=' ',modifiers=Shift,extModifiers=Shift,keyLocation=KEY_LOCATION_UNKNOWN,rawCode=0,primaryLevelUnicode=0,scancode=0,extendedKeyCode=0x0] on new item id field
Nov 25, 2021 2:30:44 AM net.sourceforge.marathon.javaagent.EventQueueDevice dispatchEvent
INFO: java.awt.event.KeyEvent[KEY_TYPED,keyCode=0,keyText=Unknown keyCode: 0x0,keyChar=' ',modifiers=Shift,extModifiers=Shift,keyLocation=KEY_LOCATION_UNKNOWN,rawCode=0,primaryLevelUnicode=0,scancode=0,extendedKeyCode=0x0] on new item id field
Nov 25, 2021 2:30:44 AM net.sourceforge.marathon.javaagent.EventQueueDevice dispatchEvent
INFO: java.awt.event.KeyEvent[KEY_RELEASED,keyCode=32,keyText=Space,keyChar=' ',modifiers=Shift,extModifiers=Shift,keyLocation=KEY_LOCATION_UNKNOWN,rawCode=0,primaryLevelUnicode=0,scancode=0,extendedKeyCode=0x0] on new item id field
Nov 25, 2021 2:30:44 AM net.sourceforge.marathon.javaagent.EventQueueDevice dispatchEvent
INFO: java.awt.event.KeyEvent[KEY_RELEASED,keyCode=16,keyText=Shift,keyChar=Undefined keyChar,keyLocation=KEY_LOCATION_UNKNOWN,rawCode=0,primaryLevelUnicode=0,scancode=0,extendedKeyCode=0x0] on new item id field
Nov 25, 2021 2:30:44 AM net.sourceforge.marathon.javaagent.EventQueueDevice dispatchEvent
INFO: java.awt.event.KeyEvent[KEY_PRESSED,keyCode=73,keyText=I,keyChar='i',keyLocation=KEY_LOCATION_UNKNOWN,rawCode=0,primaryLevelUnicode=0,scancode=0,extendedKeyCode=0x0] on new item id field
Nov 25, 2021 2:30:44 AM net.sourceforge.marathon.javaagent.EventQueueDevice dispatchEvent
INFO: java.awt.event.KeyEvent[KEY_TYPED,keyCode=0,keyText=Unknown keyCode: 0x0,keyChar='i',keyLocation=KEY_LOCATION_UNKNOWN,rawCode=0,primaryLevelUnicode=0,scancode=0,extendedKeyCode=0x0] on new item id field
Nov 25, 2021 2:30:44 AM net.sourceforge.marathon.javaagent.EventQueueDevice dispatchEvent
INFO: java.awt.event.KeyEvent[KEY_RELEASED,keyCode=73,keyText=I,keyChar='i',keyLocation=KEY_LOCATION_UNKNOWN,rawCode=0,primaryLevelUnicode=0,scancode=0,extendedKeyCode=0x0] on new item id field
Nov 25, 2021 2:30:44 AM net.sourceforge.marathon.javaagent.EventQueueDevice dispatchEvent
INFO: java.awt.event.KeyEvent[KEY_PRESSED,keyCode=84,keyText=T,keyChar='t',keyLocation=KEY_LOCATION_UNKNOWN,rawCode=0,primaryLevelUnicode=0,scancode=0,extendedKeyCode=0x0] on new item id field
Nov 25, 2021 2:30:44 AM net.sourceforge.marathon.javaagent.EventQueueDevice dispatchEvent
INFO: java.awt.event.KeyEvent[KEY_TYPED,keyCode=0,keyText=Unknown keyCode: 0x0,keyChar='t',keyLocation=KEY_LOCATION_UNKNOWN,rawCode=0,primaryLevelUnicode=0,scancode=0,extendedKeyCode=0x0] on new item id field
Nov 25, 2021 2:30:44 AM net.sourceforge.marathon.javaagent.EventQueueDevice dispatchEvent
INFO: java.awt.event.KeyEvent[KEY_RELEASED,keyCode=84,keyText=T,keyChar='t',keyLocation=KEY_LOCATION_UNKNOWN,rawCode=0,primaryLevelUnicode=0,scancode=0,extendedKeyCode=0x0] on new item id field
Nov 25, 2021 2:30:44 AM net.sourceforge.marathon.javaagent.EventQueueDevice dispatchEvent
INFO: java.awt.event.KeyEvent[KEY_PRESSED,keyCode=69,keyText=E,keyChar='e',keyLocation=KEY_LOCATION_UNKNOWN,rawCode=0,primaryLevelUnicode=0,scancode=0,extendedKeyCode=0x0] on new item id field
Nov 25, 2021 2:30:44 AM net.sourceforge.marathon.javaagent.EventQueueDevice dispatchEvent
INFO: java.awt.event.KeyEvent[KEY_TYPED,keyCode=0,keyText=Unknown keyCode: 0x0,keyChar='e',keyLocation=KEY_LOCATION_UNKNOWN,rawCode=0,primaryLevelUnicode=0,scancode=0,extendedKeyCode=0x0] on new item id field
Nov 25, 2021 2:30:44 AM net.sourceforge.marathon.javaagent.EventQueueDevice dispatchEvent
INFO: java.awt.event.KeyEvent[KEY_RELEASED,keyCode=69,keyText=E,keyChar='e',keyLocation=KEY_LOCATION_UNKNOWN,rawCode=0,primaryLevelUnicode=0,scancode=0,extendedKeyCode=0x0] on new item id field
Nov 25, 2021 2:30:44 AM net.sourceforge.marathon.javaagent.EventQueueDevice dispatchEvent
INFO: java.awt.event.KeyEvent[KEY_PRESSED,keyCode=77,keyText=M,keyChar='m',keyLocation=KEY_LOCATION_UNKNOWN,rawCode=0,primaryLevelUnicode=0,scancode=0,extendedKeyCode=0x0] on new item id field
Nov 25, 2021 2:30:44 AM net.sourceforge.marathon.javaagent.EventQueueDevice dispatchEvent
INFO: java.awt.event.KeyEvent[KEY_TYPED,keyCode=0,keyText=Unknown keyCode: 0x0,keyChar='m',keyLocation=KEY_LOCATION_UNKNOWN,rawCode=0,primaryLevelUnicode=0,scancode=0,extendedKeyCode=0x0] on new item id field
Nov 25, 2021 2:30:44 AM net.sourceforge.marathon.javaagent.EventQueueDevice dispatchEvent
INFO: java.awt.event.KeyEvent[KEY_RELEASED,keyCode=77,keyText=M,keyChar='m',keyLocation=KEY_LOCATION_UNKNOWN,rawCode=0,primaryLevelUnicode=0,scancode=0,extendedKeyCode=0x0] on new item id field
Nov 25, 2021 2:30:44 AM net.sourceforge.marathon.javaagent.EventQueueDevice dispatchEvent
INFO: java.awt.event.KeyEvent[KEY_PRESSED,keyCode=45,keyText=Minus,keyChar='-',keyLocation=KEY_LOCATION_UNKNOWN,rawCode=0,primaryLevelUnicode=0,scancode=0,extendedKeyCode=0x0] on new item id field
Nov 25, 2021 2:30:44 AM net.sourceforge.marathon.javaagent.EventQueueDevice dispatchEvent
INFO: java.awt.event.KeyEvent[KEY_TYPED,keyCode=0,keyText=Unknown keyCode: 0x0,keyChar='-',keyLocation=KEY_LOCATION_UNKNOWN,rawCode=0,primaryLevelUnicode=0,scancode=0,extendedKeyCode=0x0] on new item id field
Nov 25, 2021 2:30:44 AM net.sourceforge.marathon.javaagent.EventQueueDevice dispatchEvent
INFO: java.awt.event.KeyEvent[KEY_RELEASED,keyCode=45,keyText=Minus,keyChar='-',keyLocation=KEY_LOCATION_UNKNOWN,rawCode=0,primaryLevelUnicode=0,scancode=0,extendedKeyCode=0x0] on new item id field
Nov 25, 2021 2:30:44 AM net.sourceforge.marathon.javaagent.EventQueueDevice dispatchEvent
INFO: java.awt.event.KeyEvent[KEY_PRESSED,keyCode=73,keyText=I,keyChar='i',keyLocation=KEY_LOCATION_UNKNOWN,rawCode=0,primaryLevelUnicode=0,scancode=0,extendedKeyCode=0x0] on new item id field
Nov 25, 2021 2:30:44 AM net.sourceforge.marathon.javaagent.EventQueueDevice dispatchEvent
INFO: java.awt.event.KeyEvent[KEY_TYPED,keyCode=0,keyText=Unknown keyCode: 0x0,keyChar='i',keyLocation=KEY_LOCATION_UNKNOWN,rawCode=0,primaryLevelUnicode=0,scancode=0,extendedKeyCode=0x0] on new item id field
Nov 25, 2021 2:30:44 AM net.sourceforge.marathon.javaagent.EventQueueDevice dispatchEvent
INFO: java.awt.event.KeyEvent[KEY_RELEASED,keyCode=73,keyText=I,keyChar='i',keyLocation=KEY_LOCATION_UNKNOWN,rawCode=0,primaryLevelUnicode=0,scancode=0,extendedKeyCode=0x0] on new item id field
Nov 25, 2021 2:30:44 AM net.sourceforge.marathon.javaagent.EventQueueDevice dispatchEvent
INFO: java.awt.event.KeyEvent[KEY_PRESSED,keyCode=68,keyText=D,keyChar='d',keyLocation=KEY_LOCATION_UNKNOWN,rawCode=0,primaryLevelUnicode=0,scancode=0,extendedKeyCode=0x0] on new item id field
Nov 25, 2021 2:30:44 AM net.sourceforge.marathon.javaagent.EventQueueDevice dispatchEvent
INFO: java.awt.event.KeyEvent[KEY_TYPED,keyCode=0,keyText=Unknown keyCode: 0x0,keyChar='d',keyLocation=KEY_LOCATION_UNKNOWN,rawCode=0,primaryLevelUnicode=0,scancode=0,extendedKeyCode=0x0] on new item id field
Nov 25, 2021 2:30:44 AM net.sourceforge.marathon.javaagent.EventQueueDevice dispatchEvent
INFO: java.awt.event.KeyEvent[KEY_RELEASED,keyCode=68,keyText=D,keyChar='d',keyLocation=KEY_LOCATION_UNKNOWN,rawCode=0,primaryLevelUnicode=0,scancode=0,extendedKeyCode=0x0] on new item id field
Nov 25, 2021 2:30:44 AM net.sourceforge.marathon.javaagent.server.JavaServer serve
INFO: POST(/session/06503eab-0e76-4db6-abcd-c1596314fb3a/element/9423670f-2377-48e3-81c5-ac0b9adfaf56/value, {"id":"9423670f-2377-48e3-81c5-ac0b9adfaf56","value":["an item-id"]}) = {data={"name":"sendKeysElement","sessionId":"06503eab-0e76-4db6-abcd-c1596314fb3a","status":0}, status=OK}
Nov 25, 2021 2:30:44 AM net.sourceforge.marathon.javaagent.server.JavaServer serve
INFO: JavaServer.serve(POST /session/06503eab-0e76-4db6-abcd-c1596314fb3a/element): {
  "using": "name",
  "value": "new item stop price field"
}
Nov 25, 2021 2:30:44 AM net.sourceforge.marathon.javaagent.server.JavaServer serve
INFO: POST(/session/06503eab-0e76-4db6-abcd-c1596314fb3a/element, {"using":"name","value":"new item stop price field"}) = {data={"name":"findElement","sessionId":"06503eab-0e76-4db6-abcd-c1596314fb3a","value":{"ELEMENT":"131aef1c-f039-4d11-9f05-712a9d87ab42"},"status":0}, status=OK}
Nov 25, 2021 2:30:44 AM net.sourceforge.marathon.javaagent.server.JavaServer serve
INFO: JavaServer.serve(POST /session/06503eab-0e76-4db6-abcd-c1596314fb3a/element/131aef1c-f039-4d11-9f05-712a9d87ab42/clear): {
  "id": "131aef1c-f039-4d11-9f05-712a9d87ab42"
}
Nov 25, 2021 2:30:44 AM net.sourceforge.marathon.javaagent.server.JavaServer serve
INFO: POST(/session/06503eab-0e76-4db6-abcd-c1596314fb3a/element/131aef1c-f039-4d11-9f05-712a9d87ab42/clear, {"id":"131aef1c-f039-4d11-9f05-712a9d87ab42"}) = {data={"name":"clearElement","sessionId":"06503eab-0e76-4db6-abcd-c1596314fb3a","status":0}, status=OK}
Nov 25, 2021 2:30:44 AM net.sourceforge.marathon.javaagent.server.JavaServer serve
INFO: JavaServer.serve(POST /session/06503eab-0e76-4db6-abcd-c1596314fb3a/element/131aef1c-f039-4d11-9f05-712a9d87ab42/value): {
  "id": "131aef1c-f039-4d11-9f05-712a9d87ab42",
  "value": [
    "11000"
  ]
}
Nov 25, 2021 2:30:44 AM net.sourceforge.marathon.javaagent.EventQueueDevice dispatchEvent
INFO: java.awt.event.KeyEvent[KEY_PRESSED,keyCode=49,keyText=1,keyChar='1',keyLocation=KEY_LOCATION_UNKNOWN,rawCode=0,primaryLevelUnicode=0,scancode=0,extendedKeyCode=0x0] on new item stop price field
Nov 25, 2021 2:30:44 AM net.sourceforge.marathon.javaagent.EventQueueDevice dispatchEvent
INFO: java.awt.event.KeyEvent[KEY_TYPED,keyCode=0,keyText=Unknown keyCode: 0x0,keyChar='1',keyLocation=KEY_LOCATION_UNKNOWN,rawCode=0,primaryLevelUnicode=0,scancode=0,extendedKeyCode=0x0] on new item stop price field
Nov 25, 2021 2:30:44 AM net.sourceforge.marathon.javaagent.EventQueueDevice dispatchEvent
INFO: java.awt.event.KeyEvent[KEY_RELEASED,keyCode=49,keyText=1,keyChar='1',keyLocation=KEY_LOCATION_UNKNOWN,rawCode=0,primaryLevelUnicode=0,scancode=0,extendedKeyCode=0x0] on new item stop price field
Nov 25, 2021 2:30:44 AM net.sourceforge.marathon.javaagent.EventQueueDevice dispatchEvent
INFO: java.awt.event.KeyEvent[KEY_PRESSED,keyCode=49,keyText=1,keyChar='1',keyLocation=KEY_LOCATION_UNKNOWN,rawCode=0,primaryLevelUnicode=0,scancode=0,extendedKeyCode=0x0] on new item stop price field
Nov 25, 2021 2:30:44 AM net.sourceforge.marathon.javaagent.EventQueueDevice dispatchEvent
INFO: java.awt.event.KeyEvent[KEY_TYPED,keyCode=0,keyText=Unknown keyCode: 0x0,keyChar='1',keyLocation=KEY_LOCATION_UNKNOWN,rawCode=0,primaryLevelUnicode=0,scancode=0,extendedKeyCode=0x0] on new item stop price field
Nov 25, 2021 2:30:44 AM net.sourceforge.marathon.javaagent.EventQueueDevice dispatchEvent
INFO: java.awt.event.KeyEvent[KEY_RELEASED,keyCode=49,keyText=1,keyChar='1',keyLocation=KEY_LOCATION_UNKNOWN,rawCode=0,primaryLevelUnicode=0,scancode=0,extendedKeyCode=0x0] on new item stop price field
Nov 25, 2021 2:30:44 AM net.sourceforge.marathon.javaagent.EventQueueDevice dispatchEvent
INFO: java.awt.event.KeyEvent[KEY_PRESSED,keyCode=48,keyText=0,keyChar='0',keyLocation=KEY_LOCATION_UNKNOWN,rawCode=0,primaryLevelUnicode=0,scancode=0,extendedKeyCode=0x0] on new item stop price field
Nov 25, 2021 2:30:44 AM net.sourceforge.marathon.javaagent.EventQueueDevice dispatchEvent
INFO: java.awt.event.KeyEvent[KEY_TYPED,keyCode=0,keyText=Unknown keyCode: 0x0,keyChar='0',keyLocation=KEY_LOCATION_UNKNOWN,rawCode=0,primaryLevelUnicode=0,scancode=0,extendedKeyCode=0x0] on new item stop price field
Nov 25, 2021 2:30:44 AM net.sourceforge.marathon.javaagent.EventQueueDevice dispatchEvent
INFO: java.awt.event.KeyEvent[KEY_RELEASED,keyCode=48,keyText=0,keyChar='0',keyLocation=KEY_LOCATION_UNKNOWN,rawCode=0,primaryLevelUnicode=0,scancode=0,extendedKeyCode=0x0] on new item stop price field
Nov 25, 2021 2:30:44 AM net.sourceforge.marathon.javaagent.EventQueueDevice dispatchEvent
INFO: java.awt.event.KeyEvent[KEY_PRESSED,keyCode=48,keyText=0,keyChar='0',keyLocation=KEY_LOCATION_UNKNOWN,rawCode=0,primaryLevelUnicode=0,scancode=0,extendedKeyCode=0x0] on new item stop price field
Nov 25, 2021 2:30:44 AM net.sourceforge.marathon.javaagent.EventQueueDevice dispatchEvent
INFO: java.awt.event.KeyEvent[KEY_TYPED,keyCode=0,keyText=Unknown keyCode: 0x0,keyChar='0',keyLocation=KEY_LOCATION_UNKNOWN,rawCode=0,primaryLevelUnicode=0,scancode=0,extendedKeyCode=0x0] on new item stop price field
Nov 25, 2021 2:30:44 AM net.sourceforge.marathon.javaagent.EventQueueDevice dispatchEvent
INFO: java.awt.event.KeyEvent[KEY_RELEASED,keyCode=48,keyText=0,keyChar='0',keyLocation=KEY_LOCATION_UNKNOWN,rawCode=0,primaryLevelUnicode=0,scancode=0,extendedKeyCode=0x0] on new item stop price field
Nov 25, 2021 2:30:44 AM net.sourceforge.marathon.javaagent.EventQueueDevice dispatchEvent
INFO: java.awt.event.KeyEvent[KEY_PRESSED,keyCode=48,keyText=0,keyChar='0',keyLocation=KEY_LOCATION_UNKNOWN,rawCode=0,primaryLevelUnicode=0,scancode=0,extendedKeyCode=0x0] on new item stop price field
Nov 25, 2021 2:30:44 AM net.sourceforge.marathon.javaagent.EventQueueDevice dispatchEvent
INFO: java.awt.event.KeyEvent[KEY_TYPED,keyCode=0,keyText=Unknown keyCode: 0x0,keyChar='0',keyLocation=KEY_LOCATION_UNKNOWN,rawCode=0,primaryLevelUnicode=0,scancode=0,extendedKeyCode=0x0] on new item stop price field
Nov 25, 2021 2:30:44 AM net.sourceforge.marathon.javaagent.EventQueueDevice dispatchEvent
INFO: java.awt.event.KeyEvent[KEY_RELEASED,keyCode=48,keyText=0,keyChar='0',keyLocation=KEY_LOCATION_UNKNOWN,rawCode=0,primaryLevelUnicode=0,scancode=0,extendedKeyCode=0x0] on new item stop price field
Nov 25, 2021 2:30:44 AM net.sourceforge.marathon.javaagent.server.JavaServer serve
INFO: POST(/session/06503eab-0e76-4db6-abcd-c1596314fb3a/element/131aef1c-f039-4d11-9f05-712a9d87ab42/value, {"id":"131aef1c-f039-4d11-9f05-712a9d87ab42","value":["11000"]}) = {data={"name":"sendKeysElement","sessionId":"06503eab-0e76-4db6-abcd-c1596314fb3a","status":0}, status=OK}
Nov 25, 2021 2:30:44 AM net.sourceforge.marathon.javaagent.server.JavaServer serve
INFO: JavaServer.serve(POST /session/06503eab-0e76-4db6-abcd-c1596314fb3a/element): {
  "using": "name",
  "value": "join button"
}
Nov 25, 2021 2:30:44 AM net.sourceforge.marathon.javaagent.server.JavaServer serve
INFO: POST(/session/06503eab-0e76-4db6-abcd-c1596314fb3a/element, {"using":"name","value":"join button"}) = {data={"name":"findElement","sessionId":"06503eab-0e76-4db6-abcd-c1596314fb3a","value":{"ELEMENT":"df7a1323-302b-4159-b90d-b1de0e7ecf00"},"status":0}, status=OK}
Nov 25, 2021 2:30:44 AM net.sourceforge.marathon.javaagent.server.JavaServer serve
INFO: JavaServer.serve(POST /session/06503eab-0e76-4db6-abcd-c1596314fb3a/element/df7a1323-302b-4159-b90d-b1de0e7ecf00/click): {
  "id": "df7a1323-302b-4159-b90d-b1de0e7ecf00"
}
Nov 25, 2021 2:30:44 AM net.sourceforge.marathon.javaagent.EventQueueDevice dispatchEvent
INFO: java.awt.event.MouseEvent[MOUSE_PRESSED,(58,12),absolute(589,17),button=1,modifiers=Button1,extModifiers=Button1,clickCount=1] on join button
Nov 25, 2021 2:30:44 AM net.sourceforge.marathon.javaagent.EventQueueDevice dispatchEvent
INFO: java.awt.event.MouseEvent[MOUSE_RELEASED,(58,12),absolute(589,17),button=1,modifiers=Button1,clickCount=1] on join button
Nov 25, 2021 2:30:44 AM net.sourceforge.marathon.javaagent.EventQueueDevice dispatchEvent
INFO: java.awt.event.MouseEvent[MOUSE_CLICKED,(58,12),absolute(589,17),button=1,modifiers=Button1,clickCount=1] on join button
Nov 25, 2021 2:30:44 AM net.sourceforge.marathon.javaagent.server.JavaServer serve
INFO: POST(/session/06503eab-0e76-4db6-abcd-c1596314fb3a/element/df7a1323-302b-4159-b90d-b1de0e7ecf00/click, {"id":"df7a1323-302b-4159-b90d-b1de0e7ecf00"}) = {data={"name":"clickElement","sessionId":"06503eab-0e76-4db6-abcd-c1596314fb3a","status":0}, status=OK}
Nov 25, 2021 2:30:44 AM net.sourceforge.marathon.javaagent.server.JavaServer serve
INFO: JavaServer.serve(DELETE /session/06503eab-0e76-4db6-abcd-c1596314fb3a/window): {}
Nov 25, 2021 2:30:44 AM net.sourceforge.marathon.javaagent.server.JavaServer serve
INFO: DELETE(/session/06503eab-0e76-4db6-abcd-c1596314fb3a/window) = {data={"name":"closeSession","sessionId":"06503eab-0e76-4db6-abcd-c1596314fb3a","status":0}, status=OK}
Nov 25, 2021 2:30:44 AM net.sourceforge.marathon.javaagent.server.JavaServer serve
INFO: JavaServer.serve(POST /session): {
  "desiredCapabilities": {
    "browserName": "java",
    "platform": "ANY"
  },
  "capabilities": {
    "firstMatch": [
      {
        "browserName": "java"
      }
    ]
  }
}
Nov 25, 2021 2:30:44 AM net.sourceforge.marathon.javaagent.server.JavaServer createSession
INFO: Creating device with type: EVENT_QUEUE
Nov 25, 2021 2:30:44 AM net.sourceforge.marathon.javaagent.Device getDevice
INFO: Creating a EVENT_QUEUE device
Nov 25, 2021 2:30:44 AM net.sourceforge.marathon.javaagent.server.JavaServer serve
INFO: POST(/session, {"desiredCapabilities":{"browserName":"java","platform":"ANY"},"capabilities":{"firstMatch":[{"browserName":"java"}]}}) = {data=, status=REDIRECT}
Nov 25, 2021 2:30:44 AM net.sourceforge.marathon.javaagent.server.JavaServer serve
INFO: JavaServer.serve(GET /session/afad40bd-3623-4827-a683-8736db020b0e): {}
Nov 25, 2021 2:30:44 AM net.sourceforge.marathon.javaagent.server.JavaServer serve
INFO: GET(/session/afad40bd-3623-4827-a683-8736db020b0e) = {data={"name":"getCapabilities","sessionId":"afad40bd-3623-4827-a683-8736db020b0e","value":{"applicationCacheEnabled":false,"rotatable":false,"loggingPrefs":{"driver":"ALL"},"handlesAlerts":false,"databaseEnabled":false,"version":"1.0","platform":"ANY","browserConnectionEnabled":false,"nativeEvents":false,"acceptSslCerts":false,"locationContextEnabled":false,"webStorageEnabled":false,"browserName":"java","takesScreenshot":true,"javascriptEnabled":true,"cssSelectorsEnabled":false},"status":0}, status=OK}
Nov 25, 2021 2:30:44 AM org.openqa.selenium.remote.ProtocolHandshake createSession
INFO: Detected dialect: OSS
Nov 25, 2021 2:30:44 AM net.sourceforge.marathon.javaagent.server.JavaServer serve
INFO: JavaServer.serve(POST /session/afad40bd-3623-4827-a683-8736db020b0e/element): {
  "using": "name",
  "value": "sniper reset button"
}
Nov 25, 2021 2:30:44 AM net.sourceforge.marathon.javaagent.server.JavaServer serve
INFO: POST(/session/afad40bd-3623-4827-a683-8736db020b0e/element, {"using":"name","value":"sniper reset button"}) = {data={"name":"findElement","sessionId":"afad40bd-3623-4827-a683-8736db020b0e","value":{"ELEMENT":"396e0483-e3bd-4f21-be2b-a268d88504a2"},"status":0}, status=OK}
Nov 25, 2021 2:30:44 AM net.sourceforge.marathon.javaagent.server.JavaServer serve
INFO: JavaServer.serve(POST /session/afad40bd-3623-4827-a683-8736db020b0e/element/396e0483-e3bd-4f21-be2b-a268d88504a2/click): {
  "id": "396e0483-e3bd-4f21-be2b-a268d88504a2"
}
Nov 25, 2021 2:30:44 AM net.sourceforge.marathon.javaagent.EventQueueDevice dispatchEvent
INFO: java.awt.event.MouseEvent[MOUSE_PRESSED,(37,12),absolute(326,474),button=1,modifiers=Button1,extModifiers=Button1,clickCount=1] on sniper reset button
Nov 25, 2021 2:30:44 AM net.sourceforge.marathon.javaagent.EventQueueDevice dispatchEvent
INFO: java.awt.event.MouseEvent[MOUSE_RELEASED,(37,12),absolute(326,474),button=1,modifiers=Button1,clickCount=1] on sniper reset button
Nov 25, 2021 2:30:44 AM net.sourceforge.marathon.javaagent.EventQueueDevice dispatchEvent
INFO: java.awt.event.MouseEvent[MOUSE_CLICKED,(37,12),absolute(326,474),button=1,modifiers=Button1,clickCount=1] on sniper reset button
Nov 25, 2021 2:30:44 AM net.sourceforge.marathon.javaagent.server.JavaServer serve
INFO: POST(/session/afad40bd-3623-4827-a683-8736db020b0e/element/396e0483-e3bd-4f21-be2b-a268d88504a2/click, {"id":"396e0483-e3bd-4f21-be2b-a268d88504a2"}) = {data={"name":"clickElement","sessionId":"afad40bd-3623-4827-a683-8736db020b0e","status":0}, status=OK}
Nov 25, 2021 2:30:44 AM net.sourceforge.marathon.javaagent.server.JavaServer serve
INFO: JavaServer.serve(DELETE /session/afad40bd-3623-4827-a683-8736db020b0e/window): {}
Nov 25, 2021 2:30:44 AM net.sourceforge.marathon.javaagent.server.JavaServer serve
INFO: DELETE(/session/afad40bd-3623-4827-a683-8736db020b0e/window) = {data={"name":"closeSession","sessionId":"afad40bd-3623-4827-a683-8736db020b0e","status":0}, status=OK}
]]></system-err>
</testsuite>
