<?xml version="1.0" encoding="UTF-8"?>
<testsuite name="goos.ui.swing.MainWindowTest" tests="3" skipped="0" failures="0" errors="0" timestamp="2022-01-11T02:35:05" hostname="buildkitsandbox" time="5.342">
  <properties/>
  <testcase name="window has expected features" classname="goos.ui.swing.MainWindowTest" time="3.995"/>
  <testcase name="make user request when join button clicked" classname="goos.ui.swing.MainWindowTest" time="1.131"/>
  <testcase name="make user request when reset button clicked" classname="goos.ui.swing.MainWindowTest" time="0.211"/>
  <system-out><![CDATA[]]></system-out>
  <system-err><![CDATA[SLF4J: Failed to load class "org.slf4j.impl.StaticLoggerBinder".
SLF4J: Defaulting to no-operation (NOP) logger implementation
SLF4J: See http://www.slf4j.org/codes.html#StaticLoggerBinder for further details.
Jan 11, 2022 2:35:08 AM io.netty.util.internal.MacAddressUtil defaultMachineId
WARNING: Failed to find a usable hardware address from the network interfaces; using random bytes: 11:ef:c8:e9:2a:42:6a:20
Jan 11, 2022 2:35:08 AM net.sourceforge.marathon.javaagent.server.JavaServer serve
INFO: JavaServer.serve(POST /session): {
  "desiredCapabilities": {
    "browserName": "java",
    "platform": "ANY"
  },
  "capabilities": {
    "firstMatch": [
      {
        "browserName": "java"
      }
    ]
  }
}
Jan 11, 2022 2:35:08 AM net.sourceforge.marathon.javaagent.server.JavaServer createSession
INFO: Creating device with type: EVENT_QUEUE
Jan 11, 2022 2:35:08 AM net.sourceforge.marathon.javaagent.Device getDevice
INFO: Creating a EVENT_QUEUE device
Jan 11, 2022 2:35:08 AM net.sourceforge.marathon.javaagent.server.JavaServer serve
INFO: POST(/session, {"desiredCapabilities":{"browserName":"java","platform":"ANY"},"capabilities":{"firstMatch":[{"browserName":"java"}]}}) = {data=, status=REDIRECT}
Jan 11, 2022 2:35:08 AM net.sourceforge.marathon.javaagent.server.JavaServer serve
INFO: JavaServer.serve(GET /session/945e8be0-a7a4-435d-93f5-6b81150d7cd3): {}
Jan 11, 2022 2:35:08 AM net.sourceforge.marathon.javaagent.server.JavaServer serve
INFO: GET(/session/945e8be0-a7a4-435d-93f5-6b81150d7cd3) = {data={"name":"getCapabilities","sessionId":"945e8be0-a7a4-435d-93f5-6b81150d7cd3","value":{"applicationCacheEnabled":false,"rotatable":false,"loggingPrefs":{"driver":"ALL"},"handlesAlerts":false,"databaseEnabled":false,"version":"1.0","platform":"ANY","browserConnectionEnabled":false,"nativeEvents":false,"acceptSslCerts":false,"locationContextEnabled":false,"webStorageEnabled":false,"browserName":"java","takesScreenshot":true,"javascriptEnabled":true,"cssSelectorsEnabled":false},"status":0}, status=OK}
Jan 11, 2022 2:35:08 AM org.openqa.selenium.remote.ProtocolHandshake createSession
INFO: Detected dialect: OSS
Jan 11, 2022 2:35:08 AM net.sourceforge.marathon.javaagent.server.JavaServer serve
INFO: JavaServer.serve(POST /session/945e8be0-a7a4-435d-93f5-6b81150d7cd3/element): {
  "using": "css selector",
  "value": "."
}
Jan 11, 2022 2:35:08 AM net.sourceforge.marathon.javaagent.server.JavaServer serve
INFO: POST(/session/945e8be0-a7a4-435d-93f5-6b81150d7cd3/element, {"using":"css selector","value":"."}) = {data={"name":"findElement","sessionId":"945e8be0-a7a4-435d-93f5-6b81150d7cd3","value":{"ELEMENT":"02e0642e-9e78-4fa1-9d62-a1609bd5243d"},"status":0}, status=OK}
Jan 11, 2022 2:35:08 AM net.sourceforge.marathon.javaagent.server.JavaServer serve
INFO: JavaServer.serve(GET /session/945e8be0-a7a4-435d-93f5-6b81150d7cd3/element/02e0642e-9e78-4fa1-9d62-a1609bd5243d/attribute/name): {}
Jan 11, 2022 2:35:08 AM net.sourceforge.marathon.javaagent.server.JavaServer serve
INFO: GET(/session/945e8be0-a7a4-435d-93f5-6b81150d7cd3/element/02e0642e-9e78-4fa1-9d62-a1609bd5243d/attribute/name) = {data={"name":"getElementAttribute","sessionId":"945e8be0-a7a4-435d-93f5-6b81150d7cd3","value":"Auction Sniper Name","status":0}, status=OK}
Jan 11, 2022 2:35:08 AM net.sourceforge.marathon.javaagent.server.JavaServer serve
INFO: JavaServer.serve(POST /session/945e8be0-a7a4-435d-93f5-6b81150d7cd3/element): {
  "using": "css selector",
  "value": "."
}
Jan 11, 2022 2:35:08 AM net.sourceforge.marathon.javaagent.server.JavaServer serve
INFO: POST(/session/945e8be0-a7a4-435d-93f5-6b81150d7cd3/element, {"using":"css selector","value":"."}) = {data={"name":"findElement","sessionId":"945e8be0-a7a4-435d-93f5-6b81150d7cd3","value":{"ELEMENT":"02e0642e-9e78-4fa1-9d62-a1609bd5243d"},"status":0}, status=OK}
Jan 11, 2022 2:35:08 AM net.sourceforge.marathon.javaagent.server.JavaServer serve
INFO: JavaServer.serve(GET /session/945e8be0-a7a4-435d-93f5-6b81150d7cd3/element/02e0642e-9e78-4fa1-9d62-a1609bd5243d/displayed): {}
Jan 11, 2022 2:35:08 AM net.sourceforge.marathon.javaagent.server.JavaServer serve
INFO: GET(/session/945e8be0-a7a4-435d-93f5-6b81150d7cd3/element/02e0642e-9e78-4fa1-9d62-a1609bd5243d/displayed) = {data={"name":"isDisplayed","sessionId":"945e8be0-a7a4-435d-93f5-6b81150d7cd3","value":true,"status":0}, status=OK}
Jan 11, 2022 2:35:08 AM net.sourceforge.marathon.javaagent.server.JavaServer serve
INFO: JavaServer.serve(GET /session/945e8be0-a7a4-435d-93f5-6b81150d7cd3/title): {}
Jan 11, 2022 2:35:08 AM net.sourceforge.marathon.javaagent.server.JavaServer serve
INFO: GET(/session/945e8be0-a7a4-435d-93f5-6b81150d7cd3/title) = {data={"name":"getWindowTitle","sessionId":"945e8be0-a7a4-435d-93f5-6b81150d7cd3","value":"Auction Sniper","status":0}, status=OK}
Jan 11, 2022 2:35:08 AM net.sourceforge.marathon.javaagent.server.JavaServer serve
INFO: JavaServer.serve(POST /session/945e8be0-a7a4-435d-93f5-6b81150d7cd3/element): {
  "using": "name",
  "value": "snipers table"
}
Jan 11, 2022 2:35:08 AM net.sourceforge.marathon.javaagent.server.JavaServer serve
INFO: POST(/session/945e8be0-a7a4-435d-93f5-6b81150d7cd3/element, {"using":"name","value":"snipers table"}) = {data={"name":"findElement","sessionId":"945e8be0-a7a4-435d-93f5-6b81150d7cd3","value":{"ELEMENT":"fd00f320-a4ea-498c-a6f7-3ca98e82624a"},"status":0}, status=OK}
Jan 11, 2022 2:35:08 AM net.sourceforge.marathon.javaagent.server.JavaServer serve
INFO: JavaServer.serve(POST /session/945e8be0-a7a4-435d-93f5-6b81150d7cd3/element/fd00f320-a4ea-498c-a6f7-3ca98e82624a/elements): {
  "id": "fd00f320-a4ea-498c-a6f7-3ca98e82624a",
  "using": "css selector",
  "value": ".::header.::all-items"
}
Jan 11, 2022 2:35:08 AM net.sourceforge.marathon.javaagent.server.JavaServer serve
INFO: POST(/session/945e8be0-a7a4-435d-93f5-6b81150d7cd3/element/fd00f320-a4ea-498c-a6f7-3ca98e82624a/elements, {"using":"css selector","id":"fd00f320-a4ea-498c-a6f7-3ca98e82624a","value":".::header.::all-items"}) = {data={"name":"findElementsOfElement","sessionId":"945e8be0-a7a4-435d-93f5-6b81150d7cd3","value":[{"ELEMENT":"1e6ad841-b676-4de8-ae61-3edc8c9247cf%23%7B%22selector%22%3A%22nth-item%22%2C%22parameters%22%3A%5B1%5D%7D"},{"ELEMENT":"1e6ad841-b676-4de8-ae61-3edc8c9247cf%23%7B%22selector%22%3A%22nth-item%22%2C%22parameters%22%3A%5B2%5D%7D"},{"ELEMENT":"1e6ad841-b676-4de8-ae61-3edc8c9247cf%23%7B%22selector%22%3A%22nth-item%22%2C%22parameters%22%3A%5B3%5D%7D"},{"ELEMENT":"1e6ad841-b676-4de8-ae61-3edc8c9247cf%23%7B%22selector%22%3A%22nth-item%22%2C%22parameters%22%3A%5B4%5D%7D"}],"status":0}, status=OK}
Jan 11, 2022 2:35:08 AM net.sourceforge.marathon.javaagent.server.JavaServer serve
INFO: JavaServer.serve(GET /session/945e8be0-a7a4-435d-93f5-6b81150d7cd3/element/1e6ad841-b676-4de8-ae61-3edc8c9247cf%23%7B%22selector%22%3A%22nth-item%22%2C%22parameters%22%3A%5B1%5D%7D/text): {}
Jan 11, 2022 2:35:08 AM net.sourceforge.marathon.javaagent.server.JavaServer serve
INFO: GET(/session/945e8be0-a7a4-435d-93f5-6b81150d7cd3/element/1e6ad841-b676-4de8-ae61-3edc8c9247cf%23%7B%22selector%22%3A%22nth-item%22%2C%22parameters%22%3A%5B1%5D%7D/text) = {data={"name":"getElementText","sessionId":"945e8be0-a7a4-435d-93f5-6b81150d7cd3","value":"Item","status":0}, status=OK}
Jan 11, 2022 2:35:08 AM net.sourceforge.marathon.javaagent.server.JavaServer serve
INFO: JavaServer.serve(GET /session/945e8be0-a7a4-435d-93f5-6b81150d7cd3/element/1e6ad841-b676-4de8-ae61-3edc8c9247cf%23%7B%22selector%22%3A%22nth-item%22%2C%22parameters%22%3A%5B2%5D%7D/text): {}
Jan 11, 2022 2:35:08 AM net.sourceforge.marathon.javaagent.server.JavaServer serve
INFO: GET(/session/945e8be0-a7a4-435d-93f5-6b81150d7cd3/element/1e6ad841-b676-4de8-ae61-3edc8c9247cf%23%7B%22selector%22%3A%22nth-item%22%2C%22parameters%22%3A%5B2%5D%7D/text) = {data={"name":"getElementText","sessionId":"945e8be0-a7a4-435d-93f5-6b81150d7cd3","value":"Last Price","status":0}, status=OK}
Jan 11, 2022 2:35:09 AM net.sourceforge.marathon.javaagent.server.JavaServer serve
INFO: JavaServer.serve(GET /session/945e8be0-a7a4-435d-93f5-6b81150d7cd3/element/1e6ad841-b676-4de8-ae61-3edc8c9247cf%23%7B%22selector%22%3A%22nth-item%22%2C%22parameters%22%3A%5B3%5D%7D/text): {}
Jan 11, 2022 2:35:09 AM net.sourceforge.marathon.javaagent.server.JavaServer serve
INFO: GET(/session/945e8be0-a7a4-435d-93f5-6b81150d7cd3/element/1e6ad841-b676-4de8-ae61-3edc8c9247cf%23%7B%22selector%22%3A%22nth-item%22%2C%22parameters%22%3A%5B3%5D%7D/text) = {data={"name":"getElementText","sessionId":"945e8be0-a7a4-435d-93f5-6b81150d7cd3","value":"Last Bid","status":0}, status=OK}
Jan 11, 2022 2:35:09 AM net.sourceforge.marathon.javaagent.server.JavaServer serve
INFO: JavaServer.serve(GET /session/945e8be0-a7a4-435d-93f5-6b81150d7cd3/element/1e6ad841-b676-4de8-ae61-3edc8c9247cf%23%7B%22selector%22%3A%22nth-item%22%2C%22parameters%22%3A%5B4%5D%7D/text): {}
Jan 11, 2022 2:35:09 AM net.sourceforge.marathon.javaagent.server.JavaServer serve
INFO: GET(/session/945e8be0-a7a4-435d-93f5-6b81150d7cd3/element/1e6ad841-b676-4de8-ae61-3edc8c9247cf%23%7B%22selector%22%3A%22nth-item%22%2C%22parameters%22%3A%5B4%5D%7D/text) = {data={"name":"getElementText","sessionId":"945e8be0-a7a4-435d-93f5-6b81150d7cd3","value":"State","status":0}, status=OK}
Jan 11, 2022 2:35:09 AM net.sourceforge.marathon.javaagent.server.JavaServer serve
INFO: JavaServer.serve(DELETE /session/945e8be0-a7a4-435d-93f5-6b81150d7cd3/window): {}
Jan 11, 2022 2:35:09 AM net.sourceforge.marathon.javaagent.server.JavaServer serve
INFO: DELETE(/session/945e8be0-a7a4-435d-93f5-6b81150d7cd3/window) = {data={"name":"closeSession","sessionId":"945e8be0-a7a4-435d-93f5-6b81150d7cd3","status":0}, status=OK}
Jan 11, 2022 2:35:09 AM net.sourceforge.marathon.javaagent.server.JavaServer serve
INFO: JavaServer.serve(POST /session): {
  "desiredCapabilities": {
    "browserName": "java",
    "platform": "ANY"
  },
  "capabilities": {
    "firstMatch": [
      {
        "browserName": "java"
      }
    ]
  }
}
Jan 11, 2022 2:35:09 AM net.sourceforge.marathon.javaagent.server.JavaServer createSession
INFO: Creating device with type: EVENT_QUEUE
Jan 11, 2022 2:35:09 AM net.sourceforge.marathon.javaagent.Device getDevice
INFO: Creating a EVENT_QUEUE device
Jan 11, 2022 2:35:09 AM net.sourceforge.marathon.javaagent.server.JavaServer serve
INFO: POST(/session, {"desiredCapabilities":{"browserName":"java","platform":"ANY"},"capabilities":{"firstMatch":[{"browserName":"java"}]}}) = {data=, status=REDIRECT}
Jan 11, 2022 2:35:09 AM net.sourceforge.marathon.javaagent.server.JavaServer serve
INFO: JavaServer.serve(GET /session/f4b3b486-0133-433d-ace7-f77301710217): {}
Jan 11, 2022 2:35:09 AM net.sourceforge.marathon.javaagent.server.JavaServer serve
INFO: GET(/session/f4b3b486-0133-433d-ace7-f77301710217) = {data={"name":"getCapabilities","sessionId":"f4b3b486-0133-433d-ace7-f77301710217","value":{"applicationCacheEnabled":false,"rotatable":false,"loggingPrefs":{"driver":"ALL"},"handlesAlerts":false,"databaseEnabled":false,"version":"1.0","platform":"ANY","browserConnectionEnabled":false,"nativeEvents":false,"acceptSslCerts":false,"locationContextEnabled":false,"webStorageEnabled":false,"browserName":"java","takesScreenshot":true,"javascriptEnabled":true,"cssSelectorsEnabled":false},"status":0}, status=OK}
Jan 11, 2022 2:35:09 AM org.openqa.selenium.remote.ProtocolHandshake createSession
INFO: Detected dialect: OSS
Jan 11, 2022 2:35:09 AM net.sourceforge.marathon.javaagent.server.JavaServer serve
INFO: JavaServer.serve(POST /session/f4b3b486-0133-433d-ace7-f77301710217/element): {
  "using": "name",
  "value": "new item id field"
}
Jan 11, 2022 2:35:09 AM net.sourceforge.marathon.javaagent.server.JavaServer serve
INFO: POST(/session/f4b3b486-0133-433d-ace7-f77301710217/element, {"using":"name","value":"new item id field"}) = {data={"name":"findElement","sessionId":"f4b3b486-0133-433d-ace7-f77301710217","value":{"ELEMENT":"6e694399-6d4f-4df7-b610-558723dac186"},"status":0}, status=OK}
Jan 11, 2022 2:35:09 AM net.sourceforge.marathon.javaagent.server.JavaServer serve
INFO: JavaServer.serve(POST /session/f4b3b486-0133-433d-ace7-f77301710217/element/6e694399-6d4f-4df7-b610-558723dac186/clear): {
  "id": "6e694399-6d4f-4df7-b610-558723dac186"
}
Jan 11, 2022 2:35:09 AM net.sourceforge.marathon.javaagent.server.JavaServer serve
INFO: POST(/session/f4b3b486-0133-433d-ace7-f77301710217/element/6e694399-6d4f-4df7-b610-558723dac186/clear, {"id":"6e694399-6d4f-4df7-b610-558723dac186"}) = {data={"name":"clearElement","sessionId":"f4b3b486-0133-433d-ace7-f77301710217","status":0}, status=OK}
Jan 11, 2022 2:35:09 AM net.sourceforge.marathon.javaagent.server.JavaServer serve
INFO: JavaServer.serve(POST /session/f4b3b486-0133-433d-ace7-f77301710217/element/6e694399-6d4f-4df7-b610-558723dac186/value): {
  "id": "6e694399-6d4f-4df7-b610-558723dac186",
  "value": [
    "an item-id"
  ]
}
Jan 11, 2022 2:35:09 AM net.sourceforge.marathon.javaagent.EventQueueDevice dispatchEvent
INFO: java.awt.event.KeyEvent[KEY_PRESSED,keyCode=65,keyText=A,keyChar='a',keyLocation=KEY_LOCATION_UNKNOWN,rawCode=0,primaryLevelUnicode=0,scancode=0,extendedKeyCode=0x0] on new item id field
Jan 11, 2022 2:35:09 AM net.sourceforge.marathon.javaagent.EventQueueDevice dispatchEvent
INFO: java.awt.event.KeyEvent[KEY_TYPED,keyCode=0,keyText=Unknown keyCode: 0x0,keyChar='a',keyLocation=KEY_LOCATION_UNKNOWN,rawCode=0,primaryLevelUnicode=0,scancode=0,extendedKeyCode=0x0] on new item id field
Jan 11, 2022 2:35:09 AM net.sourceforge.marathon.javaagent.EventQueueDevice dispatchEvent
INFO: java.awt.event.KeyEvent[KEY_RELEASED,keyCode=65,keyText=A,keyChar='a',keyLocation=KEY_LOCATION_UNKNOWN,rawCode=0,primaryLevelUnicode=0,scancode=0,extendedKeyCode=0x0] on new item id field
Jan 11, 2022 2:35:09 AM net.sourceforge.marathon.javaagent.EventQueueDevice dispatchEvent
INFO: java.awt.event.KeyEvent[KEY_PRESSED,keyCode=78,keyText=N,keyChar='n',keyLocation=KEY_LOCATION_UNKNOWN,rawCode=0,primaryLevelUnicode=0,scancode=0,extendedKeyCode=0x0] on new item id field
Jan 11, 2022 2:35:09 AM net.sourceforge.marathon.javaagent.EventQueueDevice dispatchEvent
INFO: java.awt.event.KeyEvent[KEY_TYPED,keyCode=0,keyText=Unknown keyCode: 0x0,keyChar='n',keyLocation=KEY_LOCATION_UNKNOWN,rawCode=0,primaryLevelUnicode=0,scancode=0,extendedKeyCode=0x0] on new item id field
Jan 11, 2022 2:35:09 AM net.sourceforge.marathon.javaagent.EventQueueDevice dispatchEvent
INFO: java.awt.event.KeyEvent[KEY_RELEASED,keyCode=78,keyText=N,keyChar='n',keyLocation=KEY_LOCATION_UNKNOWN,rawCode=0,primaryLevelUnicode=0,scancode=0,extendedKeyCode=0x0] on new item id field
Jan 11, 2022 2:35:09 AM net.sourceforge.marathon.javaagent.EventQueueDevice dispatchEvent
INFO: java.awt.event.KeyEvent[KEY_PRESSED,keyCode=16,keyText=Shift,keyChar=Undefined keyChar,modifiers=Shift,extModifiers=Shift,keyLocation=KEY_LOCATION_UNKNOWN,rawCode=0,primaryLevelUnicode=0,scancode=0,extendedKeyCode=0x0] on new item id field
Jan 11, 2022 2:35:09 AM net.sourceforge.marathon.javaagent.EventQueueDevice dispatchEvent
INFO: java.awt.event.KeyEvent[KEY_PRESSED,keyCode=32,keyText=Space,keyChar=' ',modifiers=Shift,extModifiers=Shift,keyLocation=KEY_LOCATION_UNKNOWN,rawCode=0,primaryLevelUnicode=0,scancode=0,extendedKeyCode=0x0] on new item id field
Jan 11, 2022 2:35:09 AM net.sourceforge.marathon.javaagent.EventQueueDevice dispatchEvent
INFO: java.awt.event.KeyEvent[KEY_TYPED,keyCode=0,keyText=Unknown keyCode: 0x0,keyChar=' ',modifiers=Shift,extModifiers=Shift,keyLocation=KEY_LOCATION_UNKNOWN,rawCode=0,primaryLevelUnicode=0,scancode=0,extendedKeyCode=0x0] on new item id field
Jan 11, 2022 2:35:09 AM net.sourceforge.marathon.javaagent.EventQueueDevice dispatchEvent
INFO: java.awt.event.KeyEvent[KEY_RELEASED,keyCode=32,keyText=Space,keyChar=' ',modifiers=Shift,extModifiers=Shift,keyLocation=KEY_LOCATION_UNKNOWN,rawCode=0,primaryLevelUnicode=0,scancode=0,extendedKeyCode=0x0] on new item id field
Jan 11, 2022 2:35:09 AM net.sourceforge.marathon.javaagent.EventQueueDevice dispatchEvent
INFO: java.awt.event.KeyEvent[KEY_RELEASED,keyCode=16,keyText=Shift,keyChar=Undefined keyChar,keyLocation=KEY_LOCATION_UNKNOWN,rawCode=0,primaryLevelUnicode=0,scancode=0,extendedKeyCode=0x0] on new item id field
Jan 11, 2022 2:35:09 AM net.sourceforge.marathon.javaagent.EventQueueDevice dispatchEvent
INFO: java.awt.event.KeyEvent[KEY_PRESSED,keyCode=73,keyText=I,keyChar='i',keyLocation=KEY_LOCATION_UNKNOWN,rawCode=0,primaryLevelUnicode=0,scancode=0,extendedKeyCode=0x0] on new item id field
Jan 11, 2022 2:35:09 AM net.sourceforge.marathon.javaagent.EventQueueDevice dispatchEvent
INFO: java.awt.event.KeyEvent[KEY_TYPED,keyCode=0,keyText=Unknown keyCode: 0x0,keyChar='i',keyLocation=KEY_LOCATION_UNKNOWN,rawCode=0,primaryLevelUnicode=0,scancode=0,extendedKeyCode=0x0] on new item id field
Jan 11, 2022 2:35:09 AM net.sourceforge.marathon.javaagent.EventQueueDevice dispatchEvent
INFO: java.awt.event.KeyEvent[KEY_RELEASED,keyCode=73,keyText=I,keyChar='i',keyLocation=KEY_LOCATION_UNKNOWN,rawCode=0,primaryLevelUnicode=0,scancode=0,extendedKeyCode=0x0] on new item id field
Jan 11, 2022 2:35:09 AM net.sourceforge.marathon.javaagent.EventQueueDevice dispatchEvent
INFO: java.awt.event.KeyEvent[KEY_PRESSED,keyCode=84,keyText=T,keyChar='t',keyLocation=KEY_LOCATION_UNKNOWN,rawCode=0,primaryLevelUnicode=0,scancode=0,extendedKeyCode=0x0] on new item id field
Jan 11, 2022 2:35:09 AM net.sourceforge.marathon.javaagent.EventQueueDevice dispatchEvent
INFO: java.awt.event.KeyEvent[KEY_TYPED,keyCode=0,keyText=Unknown keyCode: 0x0,keyChar='t',keyLocation=KEY_LOCATION_UNKNOWN,rawCode=0,primaryLevelUnicode=0,scancode=0,extendedKeyCode=0x0] on new item id field
Jan 11, 2022 2:35:09 AM net.sourceforge.marathon.javaagent.EventQueueDevice dispatchEvent
INFO: java.awt.event.KeyEvent[KEY_RELEASED,keyCode=84,keyText=T,keyChar='t',keyLocation=KEY_LOCATION_UNKNOWN,rawCode=0,primaryLevelUnicode=0,scancode=0,extendedKeyCode=0x0] on new item id field
Jan 11, 2022 2:35:09 AM net.sourceforge.marathon.javaagent.EventQueueDevice dispatchEvent
INFO: java.awt.event.KeyEvent[KEY_PRESSED,keyCode=69,keyText=E,keyChar='e',keyLocation=KEY_LOCATION_UNKNOWN,rawCode=0,primaryLevelUnicode=0,scancode=0,extendedKeyCode=0x0] on new item id field
Jan 11, 2022 2:35:09 AM net.sourceforge.marathon.javaagent.EventQueueDevice dispatchEvent
INFO: java.awt.event.KeyEvent[KEY_TYPED,keyCode=0,keyText=Unknown keyCode: 0x0,keyChar='e',keyLocation=KEY_LOCATION_UNKNOWN,rawCode=0,primaryLevelUnicode=0,scancode=0,extendedKeyCode=0x0] on new item id field
Jan 11, 2022 2:35:09 AM net.sourceforge.marathon.javaagent.EventQueueDevice dispatchEvent
INFO: java.awt.event.KeyEvent[KEY_RELEASED,keyCode=69,keyText=E,keyChar='e',keyLocation=KEY_LOCATION_UNKNOWN,rawCode=0,primaryLevelUnicode=0,scancode=0,extendedKeyCode=0x0] on new item id field
Jan 11, 2022 2:35:09 AM net.sourceforge.marathon.javaagent.EventQueueDevice dispatchEvent
INFO: java.awt.event.KeyEvent[KEY_PRESSED,keyCode=77,keyText=M,keyChar='m',keyLocation=KEY_LOCATION_UNKNOWN,rawCode=0,primaryLevelUnicode=0,scancode=0,extendedKeyCode=0x0] on new item id field
Jan 11, 2022 2:35:09 AM net.sourceforge.marathon.javaagent.EventQueueDevice dispatchEvent
INFO: java.awt.event.KeyEvent[KEY_TYPED,keyCode=0,keyText=Unknown keyCode: 0x0,keyChar='m',keyLocation=KEY_LOCATION_UNKNOWN,rawCode=0,primaryLevelUnicode=0,scancode=0,extendedKeyCode=0x0] on new item id field
Jan 11, 2022 2:35:09 AM net.sourceforge.marathon.javaagent.EventQueueDevice dispatchEvent
INFO: java.awt.event.KeyEvent[KEY_RELEASED,keyCode=77,keyText=M,keyChar='m',keyLocation=KEY_LOCATION_UNKNOWN,rawCode=0,primaryLevelUnicode=0,scancode=0,extendedKeyCode=0x0] on new item id field
Jan 11, 2022 2:35:09 AM net.sourceforge.marathon.javaagent.EventQueueDevice dispatchEvent
INFO: java.awt.event.KeyEvent[KEY_PRESSED,keyCode=45,keyText=Minus,keyChar='-',keyLocation=KEY_LOCATION_UNKNOWN,rawCode=0,primaryLevelUnicode=0,scancode=0,extendedKeyCode=0x0] on new item id field
Jan 11, 2022 2:35:09 AM net.sourceforge.marathon.javaagent.EventQueueDevice dispatchEvent
INFO: java.awt.event.KeyEvent[KEY_TYPED,keyCode=0,keyText=Unknown keyCode: 0x0,keyChar='-',keyLocation=KEY_LOCATION_UNKNOWN,rawCode=0,primaryLevelUnicode=0,scancode=0,extendedKeyCode=0x0] on new item id field
Jan 11, 2022 2:35:09 AM net.sourceforge.marathon.javaagent.EventQueueDevice dispatchEvent
INFO: java.awt.event.KeyEvent[KEY_RELEASED,keyCode=45,keyText=Minus,keyChar='-',keyLocation=KEY_LOCATION_UNKNOWN,rawCode=0,primaryLevelUnicode=0,scancode=0,extendedKeyCode=0x0] on new item id field
Jan 11, 2022 2:35:09 AM net.sourceforge.marathon.javaagent.EventQueueDevice dispatchEvent
INFO: java.awt.event.KeyEvent[KEY_PRESSED,keyCode=73,keyText=I,keyChar='i',keyLocation=KEY_LOCATION_UNKNOWN,rawCode=0,primaryLevelUnicode=0,scancode=0,extendedKeyCode=0x0] on new item id field
Jan 11, 2022 2:35:09 AM net.sourceforge.marathon.javaagent.EventQueueDevice dispatchEvent
INFO: java.awt.event.KeyEvent[KEY_TYPED,keyCode=0,keyText=Unknown keyCode: 0x0,keyChar='i',keyLocation=KEY_LOCATION_UNKNOWN,rawCode=0,primaryLevelUnicode=0,scancode=0,extendedKeyCode=0x0] on new item id field
Jan 11, 2022 2:35:09 AM net.sourceforge.marathon.javaagent.EventQueueDevice dispatchEvent
INFO: java.awt.event.KeyEvent[KEY_RELEASED,keyCode=73,keyText=I,keyChar='i',keyLocation=KEY_LOCATION_UNKNOWN,rawCode=0,primaryLevelUnicode=0,scancode=0,extendedKeyCode=0x0] on new item id field
Jan 11, 2022 2:35:09 AM net.sourceforge.marathon.javaagent.EventQueueDevice dispatchEvent
INFO: java.awt.event.KeyEvent[KEY_PRESSED,keyCode=68,keyText=D,keyChar='d',keyLocation=KEY_LOCATION_UNKNOWN,rawCode=0,primaryLevelUnicode=0,scancode=0,extendedKeyCode=0x0] on new item id field
Jan 11, 2022 2:35:09 AM net.sourceforge.marathon.javaagent.EventQueueDevice dispatchEvent
INFO: java.awt.event.KeyEvent[KEY_TYPED,keyCode=0,keyText=Unknown keyCode: 0x0,keyChar='d',keyLocation=KEY_LOCATION_UNKNOWN,rawCode=0,primaryLevelUnicode=0,scancode=0,extendedKeyCode=0x0] on new item id field
Jan 11, 2022 2:35:09 AM net.sourceforge.marathon.javaagent.EventQueueDevice dispatchEvent
INFO: java.awt.event.KeyEvent[KEY_RELEASED,keyCode=68,keyText=D,keyChar='d',keyLocation=KEY_LOCATION_UNKNOWN,rawCode=0,primaryLevelUnicode=0,scancode=0,extendedKeyCode=0x0] on new item id field
Jan 11, 2022 2:35:09 AM net.sourceforge.marathon.javaagent.server.JavaServer serve
INFO: POST(/session/f4b3b486-0133-433d-ace7-f77301710217/element/6e694399-6d4f-4df7-b610-558723dac186/value, {"id":"6e694399-6d4f-4df7-b610-558723dac186","value":["an item-id"]}) = {data={"name":"sendKeysElement","sessionId":"f4b3b486-0133-433d-ace7-f77301710217","status":0}, status=OK}
Jan 11, 2022 2:35:09 AM net.sourceforge.marathon.javaagent.server.JavaServer serve
INFO: JavaServer.serve(POST /session/f4b3b486-0133-433d-ace7-f77301710217/element): {
  "using": "name",
  "value": "new item stop price field"
}
Jan 11, 2022 2:35:09 AM net.sourceforge.marathon.javaagent.server.JavaServer serve
INFO: POST(/session/f4b3b486-0133-433d-ace7-f77301710217/element, {"using":"name","value":"new item stop price field"}) = {data={"name":"findElement","sessionId":"f4b3b486-0133-433d-ace7-f77301710217","value":{"ELEMENT":"1f0bd549-5233-4f06-b0dd-b3e782bd90eb"},"status":0}, status=OK}
Jan 11, 2022 2:35:09 AM net.sourceforge.marathon.javaagent.server.JavaServer serve
INFO: JavaServer.serve(POST /session/f4b3b486-0133-433d-ace7-f77301710217/element/1f0bd549-5233-4f06-b0dd-b3e782bd90eb/clear): {
  "id": "1f0bd549-5233-4f06-b0dd-b3e782bd90eb"
}
Jan 11, 2022 2:35:09 AM net.sourceforge.marathon.javaagent.server.JavaServer serve
INFO: POST(/session/f4b3b486-0133-433d-ace7-f77301710217/element/1f0bd549-5233-4f06-b0dd-b3e782bd90eb/clear, {"id":"1f0bd549-5233-4f06-b0dd-b3e782bd90eb"}) = {data={"name":"clearElement","sessionId":"f4b3b486-0133-433d-ace7-f77301710217","status":0}, status=OK}
Jan 11, 2022 2:35:09 AM net.sourceforge.marathon.javaagent.server.JavaServer serve
INFO: JavaServer.serve(POST /session/f4b3b486-0133-433d-ace7-f77301710217/element/1f0bd549-5233-4f06-b0dd-b3e782bd90eb/value): {
  "id": "1f0bd549-5233-4f06-b0dd-b3e782bd90eb",
  "value": [
    "11000"
  ]
}
Jan 11, 2022 2:35:09 AM net.sourceforge.marathon.javaagent.EventQueueDevice dispatchEvent
INFO: java.awt.event.KeyEvent[KEY_PRESSED,keyCode=49,keyText=1,keyChar='1',keyLocation=KEY_LOCATION_UNKNOWN,rawCode=0,primaryLevelUnicode=0,scancode=0,extendedKeyCode=0x0] on new item stop price field
Jan 11, 2022 2:35:09 AM net.sourceforge.marathon.javaagent.EventQueueDevice dispatchEvent
INFO: java.awt.event.KeyEvent[KEY_TYPED,keyCode=0,keyText=Unknown keyCode: 0x0,keyChar='1',keyLocation=KEY_LOCATION_UNKNOWN,rawCode=0,primaryLevelUnicode=0,scancode=0,extendedKeyCode=0x0] on new item stop price field
Jan 11, 2022 2:35:09 AM net.sourceforge.marathon.javaagent.EventQueueDevice dispatchEvent
INFO: java.awt.event.KeyEvent[KEY_RELEASED,keyCode=49,keyText=1,keyChar='1',keyLocation=KEY_LOCATION_UNKNOWN,rawCode=0,primaryLevelUnicode=0,scancode=0,extendedKeyCode=0x0] on new item stop price field
Jan 11, 2022 2:35:09 AM net.sourceforge.marathon.javaagent.EventQueueDevice dispatchEvent
INFO: java.awt.event.KeyEvent[KEY_PRESSED,keyCode=49,keyText=1,keyChar='1',keyLocation=KEY_LOCATION_UNKNOWN,rawCode=0,primaryLevelUnicode=0,scancode=0,extendedKeyCode=0x0] on new item stop price field
Jan 11, 2022 2:35:09 AM net.sourceforge.marathon.javaagent.EventQueueDevice dispatchEvent
INFO: java.awt.event.KeyEvent[KEY_TYPED,keyCode=0,keyText=Unknown keyCode: 0x0,keyChar='1',keyLocation=KEY_LOCATION_UNKNOWN,rawCode=0,primaryLevelUnicode=0,scancode=0,extendedKeyCode=0x0] on new item stop price field
Jan 11, 2022 2:35:09 AM net.sourceforge.marathon.javaagent.EventQueueDevice dispatchEvent
INFO: java.awt.event.KeyEvent[KEY_RELEASED,keyCode=49,keyText=1,keyChar='1',keyLocation=KEY_LOCATION_UNKNOWN,rawCode=0,primaryLevelUnicode=0,scancode=0,extendedKeyCode=0x0] on new item stop price field
Jan 11, 2022 2:35:09 AM net.sourceforge.marathon.javaagent.EventQueueDevice dispatchEvent
INFO: java.awt.event.KeyEvent[KEY_PRESSED,keyCode=48,keyText=0,keyChar='0',keyLocation=KEY_LOCATION_UNKNOWN,rawCode=0,primaryLevelUnicode=0,scancode=0,extendedKeyCode=0x0] on new item stop price field
Jan 11, 2022 2:35:09 AM net.sourceforge.marathon.javaagent.EventQueueDevice dispatchEvent
INFO: java.awt.event.KeyEvent[KEY_TYPED,keyCode=0,keyText=Unknown keyCode: 0x0,keyChar='0',keyLocation=KEY_LOCATION_UNKNOWN,rawCode=0,primaryLevelUnicode=0,scancode=0,extendedKeyCode=0x0] on new item stop price field
Jan 11, 2022 2:35:09 AM net.sourceforge.marathon.javaagent.EventQueueDevice dispatchEvent
INFO: java.awt.event.KeyEvent[KEY_RELEASED,keyCode=48,keyText=0,keyChar='0',keyLocation=KEY_LOCATION_UNKNOWN,rawCode=0,primaryLevelUnicode=0,scancode=0,extendedKeyCode=0x0] on new item stop price field
Jan 11, 2022 2:35:09 AM net.sourceforge.marathon.javaagent.EventQueueDevice dispatchEvent
INFO: java.awt.event.KeyEvent[KEY_PRESSED,keyCode=48,keyText=0,keyChar='0',keyLocation=KEY_LOCATION_UNKNOWN,rawCode=0,primaryLevelUnicode=0,scancode=0,extendedKeyCode=0x0] on new item stop price field
Jan 11, 2022 2:35:09 AM net.sourceforge.marathon.javaagent.EventQueueDevice dispatchEvent
INFO: java.awt.event.KeyEvent[KEY_TYPED,keyCode=0,keyText=Unknown keyCode: 0x0,keyChar='0',keyLocation=KEY_LOCATION_UNKNOWN,rawCode=0,primaryLevelUnicode=0,scancode=0,extendedKeyCode=0x0] on new item stop price field
Jan 11, 2022 2:35:09 AM net.sourceforge.marathon.javaagent.EventQueueDevice dispatchEvent
INFO: java.awt.event.KeyEvent[KEY_RELEASED,keyCode=48,keyText=0,keyChar='0',keyLocation=KEY_LOCATION_UNKNOWN,rawCode=0,primaryLevelUnicode=0,scancode=0,extendedKeyCode=0x0] on new item stop price field
Jan 11, 2022 2:35:09 AM net.sourceforge.marathon.javaagent.EventQueueDevice dispatchEvent
INFO: java.awt.event.KeyEvent[KEY_PRESSED,keyCode=48,keyText=0,keyChar='0',keyLocation=KEY_LOCATION_UNKNOWN,rawCode=0,primaryLevelUnicode=0,scancode=0,extendedKeyCode=0x0] on new item stop price field
Jan 11, 2022 2:35:09 AM net.sourceforge.marathon.javaagent.EventQueueDevice dispatchEvent
INFO: java.awt.event.KeyEvent[KEY_TYPED,keyCode=0,keyText=Unknown keyCode: 0x0,keyChar='0',keyLocation=KEY_LOCATION_UNKNOWN,rawCode=0,primaryLevelUnicode=0,scancode=0,extendedKeyCode=0x0] on new item stop price field
Jan 11, 2022 2:35:09 AM net.sourceforge.marathon.javaagent.EventQueueDevice dispatchEvent
INFO: java.awt.event.KeyEvent[KEY_RELEASED,keyCode=48,keyText=0,keyChar='0',keyLocation=KEY_LOCATION_UNKNOWN,rawCode=0,primaryLevelUnicode=0,scancode=0,extendedKeyCode=0x0] on new item stop price field
Jan 11, 2022 2:35:09 AM net.sourceforge.marathon.javaagent.server.JavaServer serve
INFO: POST(/session/f4b3b486-0133-433d-ace7-f77301710217/element/1f0bd549-5233-4f06-b0dd-b3e782bd90eb/value, {"id":"1f0bd549-5233-4f06-b0dd-b3e782bd90eb","value":["11000"]}) = {data={"name":"sendKeysElement","sessionId":"f4b3b486-0133-433d-ace7-f77301710217","status":0}, status=OK}
Jan 11, 2022 2:35:09 AM net.sourceforge.marathon.javaagent.server.JavaServer serve
INFO: JavaServer.serve(POST /session/f4b3b486-0133-433d-ace7-f77301710217/element): {
  "using": "name",
  "value": "join button"
}
Jan 11, 2022 2:35:09 AM net.sourceforge.marathon.javaagent.server.JavaServer serve
INFO: POST(/session/f4b3b486-0133-433d-ace7-f77301710217/element, {"using":"name","value":"join button"}) = {data={"name":"findElement","sessionId":"f4b3b486-0133-433d-ace7-f77301710217","value":{"ELEMENT":"4476b2e4-c12f-4bcd-a137-a8b5780a8e37"},"status":0}, status=OK}
Jan 11, 2022 2:35:09 AM net.sourceforge.marathon.javaagent.server.JavaServer serve
INFO: JavaServer.serve(POST /session/f4b3b486-0133-433d-ace7-f77301710217/element/4476b2e4-c12f-4bcd-a137-a8b5780a8e37/click): {
  "id": "4476b2e4-c12f-4bcd-a137-a8b5780a8e37"
}
Jan 11, 2022 2:35:09 AM net.sourceforge.marathon.javaagent.EventQueueDevice dispatchEvent
INFO: java.awt.event.MouseEvent[MOUSE_PRESSED,(58,12),absolute(589,17),button=1,modifiers=Button1,extModifiers=Button1,clickCount=1] on join button
Jan 11, 2022 2:35:09 AM net.sourceforge.marathon.javaagent.EventQueueDevice dispatchEvent
INFO: java.awt.event.MouseEvent[MOUSE_RELEASED,(58,12),absolute(589,17),button=1,modifiers=Button1,clickCount=1] on join button
Jan 11, 2022 2:35:09 AM net.sourceforge.marathon.javaagent.EventQueueDevice dispatchEvent
INFO: java.awt.event.MouseEvent[MOUSE_CLICKED,(58,12),absolute(589,17),button=1,modifiers=Button1,clickCount=1] on join button
Jan 11, 2022 2:35:09 AM net.sourceforge.marathon.javaagent.server.JavaServer serve
INFO: POST(/session/f4b3b486-0133-433d-ace7-f77301710217/element/4476b2e4-c12f-4bcd-a137-a8b5780a8e37/click, {"id":"4476b2e4-c12f-4bcd-a137-a8b5780a8e37"}) = {data={"name":"clickElement","sessionId":"f4b3b486-0133-433d-ace7-f77301710217","status":0}, status=OK}
Jan 11, 2022 2:35:10 AM net.sourceforge.marathon.javaagent.server.JavaServer serve
INFO: JavaServer.serve(DELETE /session/f4b3b486-0133-433d-ace7-f77301710217/window): {}
Jan 11, 2022 2:35:10 AM net.sourceforge.marathon.javaagent.server.JavaServer serve
INFO: DELETE(/session/f4b3b486-0133-433d-ace7-f77301710217/window) = {data={"name":"closeSession","sessionId":"f4b3b486-0133-433d-ace7-f77301710217","status":0}, status=OK}
Jan 11, 2022 2:35:10 AM net.sourceforge.marathon.javaagent.server.JavaServer serve
INFO: JavaServer.serve(POST /session): {
  "desiredCapabilities": {
    "browserName": "java",
    "platform": "ANY"
  },
  "capabilities": {
    "firstMatch": [
      {
        "browserName": "java"
      }
    ]
  }
}
Jan 11, 2022 2:35:10 AM net.sourceforge.marathon.javaagent.server.JavaServer createSession
INFO: Creating device with type: EVENT_QUEUE
Jan 11, 2022 2:35:10 AM net.sourceforge.marathon.javaagent.Device getDevice
INFO: Creating a EVENT_QUEUE device
Jan 11, 2022 2:35:10 AM net.sourceforge.marathon.javaagent.server.JavaServer serve
INFO: POST(/session, {"desiredCapabilities":{"browserName":"java","platform":"ANY"},"capabilities":{"firstMatch":[{"browserName":"java"}]}}) = {data=, status=REDIRECT}
Jan 11, 2022 2:35:10 AM net.sourceforge.marathon.javaagent.server.JavaServer serve
INFO: JavaServer.serve(GET /session/4be78f22-1b93-44c8-8fc0-90682c8f9e3a): {}
Jan 11, 2022 2:35:10 AM net.sourceforge.marathon.javaagent.server.JavaServer serve
INFO: GET(/session/4be78f22-1b93-44c8-8fc0-90682c8f9e3a) = {data={"name":"getCapabilities","sessionId":"4be78f22-1b93-44c8-8fc0-90682c8f9e3a","value":{"applicationCacheEnabled":false,"rotatable":false,"loggingPrefs":{"driver":"ALL"},"handlesAlerts":false,"databaseEnabled":false,"version":"1.0","platform":"ANY","browserConnectionEnabled":false,"nativeEvents":false,"acceptSslCerts":false,"locationContextEnabled":false,"webStorageEnabled":false,"browserName":"java","takesScreenshot":true,"javascriptEnabled":true,"cssSelectorsEnabled":false},"status":0}, status=OK}
Jan 11, 2022 2:35:10 AM org.openqa.selenium.remote.ProtocolHandshake createSession
INFO: Detected dialect: OSS
Jan 11, 2022 2:35:10 AM net.sourceforge.marathon.javaagent.server.JavaServer serve
INFO: JavaServer.serve(POST /session/4be78f22-1b93-44c8-8fc0-90682c8f9e3a/element): {
  "using": "name",
  "value": "sniper reset button"
}
Jan 11, 2022 2:35:10 AM net.sourceforge.marathon.javaagent.server.JavaServer serve
INFO: POST(/session/4be78f22-1b93-44c8-8fc0-90682c8f9e3a/element, {"using":"name","value":"sniper reset button"}) = {data={"name":"findElement","sessionId":"4be78f22-1b93-44c8-8fc0-90682c8f9e3a","value":{"ELEMENT":"a3258413-ef1c-41d3-a17f-f15518b96c41"},"status":0}, status=OK}
Jan 11, 2022 2:35:10 AM net.sourceforge.marathon.javaagent.server.JavaServer serve
INFO: JavaServer.serve(POST /session/4be78f22-1b93-44c8-8fc0-90682c8f9e3a/element/a3258413-ef1c-41d3-a17f-f15518b96c41/click): {
  "id": "a3258413-ef1c-41d3-a17f-f15518b96c41"
}
Jan 11, 2022 2:35:10 AM net.sourceforge.marathon.javaagent.EventQueueDevice dispatchEvent
INFO: java.awt.event.MouseEvent[MOUSE_PRESSED,(37,12),absolute(326,474),button=1,modifiers=Button1,extModifiers=Button1,clickCount=1] on sniper reset button
Jan 11, 2022 2:35:10 AM net.sourceforge.marathon.javaagent.EventQueueDevice dispatchEvent
INFO: java.awt.event.MouseEvent[MOUSE_RELEASED,(37,12),absolute(326,474),button=1,modifiers=Button1,clickCount=1] on sniper reset button
Jan 11, 2022 2:35:10 AM net.sourceforge.marathon.javaagent.EventQueueDevice dispatchEvent
INFO: java.awt.event.MouseEvent[MOUSE_CLICKED,(37,12),absolute(326,474),button=1,modifiers=Button1,clickCount=1] on sniper reset button
Jan 11, 2022 2:35:10 AM net.sourceforge.marathon.javaagent.server.JavaServer serve
INFO: POST(/session/4be78f22-1b93-44c8-8fc0-90682c8f9e3a/element/a3258413-ef1c-41d3-a17f-f15518b96c41/click, {"id":"a3258413-ef1c-41d3-a17f-f15518b96c41"}) = {data={"name":"clickElement","sessionId":"4be78f22-1b93-44c8-8fc0-90682c8f9e3a","status":0}, status=OK}
Jan 11, 2022 2:35:10 AM net.sourceforge.marathon.javaagent.server.JavaServer serve
INFO: JavaServer.serve(DELETE /session/4be78f22-1b93-44c8-8fc0-90682c8f9e3a/window): {}
Jan 11, 2022 2:35:10 AM net.sourceforge.marathon.javaagent.server.JavaServer serve
INFO: DELETE(/session/4be78f22-1b93-44c8-8fc0-90682c8f9e3a/window) = {data={"name":"closeSession","sessionId":"4be78f22-1b93-44c8-8fc0-90682c8f9e3a","status":0}, status=OK}
]]></system-err>
</testsuite>
