<?xml version="1.0" encoding="UTF-8"?>
<testsuite name="goos.ui.swing.MainWindowTest" tests="3" skipped="0" failures="0" errors="0" timestamp="2021-12-11T02:29:26" hostname="buildkitsandbox" time="3.697">
  <properties/>
  <testcase name="window has expected features" classname="goos.ui.swing.MainWindowTest" time="2.74"/>
  <testcase name="make user request when join button clicked" classname="goos.ui.swing.MainWindowTest" time="0.774"/>
  <testcase name="make user request when reset button clicked" classname="goos.ui.swing.MainWindowTest" time="0.179"/>
  <system-out><![CDATA[]]></system-out>
  <system-err><![CDATA[Dec 11, 2021 2:29:27 AM io.mockk.impl.log.JULLogger warn
WARNING: Failed to transform class goos/ui/api/UserRequestListener
java.lang.IllegalArgumentException: Unsupported class file major version 59
	at net.bytebuddy.jar.asm.ClassReader.<init>(ClassReader.java:176)
	at net.bytebuddy.jar.asm.ClassReader.<init>(ClassReader.java:158)
	at net.bytebuddy.jar.asm.ClassReader.<init>(ClassReader.java:146)
	at net.bytebuddy.utility.OpenedClassReader.of(OpenedClassReader.java:69)
	at net.bytebuddy.dynamic.scaffold.TypeWriter$Default$ForInlining.create(TypeWriter.java:2877)
	at net.bytebuddy.dynamic.scaffold.TypeWriter$Default.make(TypeWriter.java:1653)
	at net.bytebuddy.dynamic.scaffold.inline.RedefinitionDynamicTypeBuilder.make(RedefinitionDynamicTypeBuilder.java:180)
	at net.bytebuddy.dynamic.scaffold.inline.AbstractInliningDynamicTypeBuilder.make(AbstractInliningDynamicTypeBuilder.java:94)
	at net.bytebuddy.dynamic.DynamicType$Builder$AbstractBase.make(DynamicType.java:2669)
	at io.mockk.proxy.jvm.transformation.InliningClassTransformer.transform(InliningClassTransformer.kt:78)
	at java.instrument/java.lang.instrument.ClassFileTransformer.transform(ClassFileTransformer.java:246)
	at java.instrument/sun.instrument.TransformerManager.transform(TransformerManager.java:188)
	at java.instrument/sun.instrument.InstrumentationImpl.transform(InstrumentationImpl.java:563)
	at java.instrument/sun.instrument.InstrumentationImpl.retransformClasses0(Native Method)
	at java.instrument/sun.instrument.InstrumentationImpl.retransformClasses(InstrumentationImpl.java:167)
	at io.mockk.proxy.jvm.transformation.JvmInlineInstrumentation.retransform(JvmInlineInstrumentation.kt:28)
	at io.mockk.proxy.common.transformation.RetransformInlineInstrumnetation$execute$1.invoke(RetransformInlineInstrumnetation.kt:19)
	at io.mockk.proxy.common.transformation.RetransformInlineInstrumnetation$execute$1.invoke(RetransformInlineInstrumnetation.kt:6)
	at io.mockk.proxy.common.transformation.ClassTransformationSpecMap.applyTransformation(ClassTransformationSpecMap.kt:41)
	at io.mockk.proxy.common.transformation.RetransformInlineInstrumnetation.execute(RetransformInlineInstrumnetation.kt:16)
	at io.mockk.proxy.jvm.ProxyMaker.inline(ProxyMaker.kt:88)
	at io.mockk.proxy.jvm.ProxyMaker.proxy(ProxyMaker.kt:30)
	at io.mockk.impl.instantiation.JvmMockFactory.newProxy(JvmMockFactory.kt:34)
	at io.mockk.impl.instantiation.AbstractMockFactory.newProxy$default(AbstractMockFactory.kt:29)
	at io.mockk.impl.instantiation.AbstractMockFactory.mockk(AbstractMockFactory.kt:59)
	at goos.ui.swing.MainWindowTest$1$1.invokeSuspend(MainWindowTest.kt:90)
	at goos.ui.swing.MainWindowTest$1$1.invoke(MainWindowTest.kt)
	at goos.ui.swing.MainWindowTest$1$1.invoke(MainWindowTest.kt)
	at io.kotest.core.TestConfiguration$beforeTest$1.beforeTest(TestConfiguration.kt:137)
	at io.kotest.core.spec.LifecycleKt.invokeAllBeforeTestCallbacks(lifecycle.kt:76)
	at io.kotest.core.internal.TestCaseExecutor.executeActiveTest(TestCaseExecutor.kt:152)
	at io.kotest.core.internal.TestCaseExecutor.access$executeActiveTest(TestCaseExecutor.kt:57)
	at io.kotest.core.internal.TestCaseExecutor$intercept$innerExecute$1$1.invokeSuspend(TestCaseExecutor.kt:89)
	at io.kotest.core.internal.TestCaseExecutor$intercept$innerExecute$1$1.invoke(TestCaseExecutor.kt)
	at io.kotest.core.internal.TestCaseExecutor$intercept$innerExecute$1$1.invoke(TestCaseExecutor.kt)
	at io.kotest.core.internal.TestCaseExecutor.executeIfEnabled(TestCaseExecutor.kt:117)
	at io.kotest.core.internal.TestCaseExecutor.access$executeIfEnabled(TestCaseExecutor.kt:57)
	at io.kotest.core.internal.TestCaseExecutor$intercept$innerExecute$1.invokeSuspend(TestCaseExecutor.kt:89)
	at io.kotest.core.internal.TestCaseExecutor$intercept$innerExecute$1.invoke(TestCaseExecutor.kt)
	at io.kotest.core.internal.TestCaseExecutor$intercept$innerExecute$1.invoke(TestCaseExecutor.kt)
	at io.kotest.core.internal.TestCaseExecutor.intercept(TestCaseExecutor.kt:103)
	at io.kotest.core.internal.TestCaseExecutor.execute(TestCaseExecutor.kt:69)
	at io.kotest.engine.spec.runners.SingleInstanceSpecRunner.runTest(SingleInstanceSpecRunner.kt:104)
	at io.kotest.engine.spec.runners.SingleInstanceSpecRunner.access$runTest(SingleInstanceSpecRunner.kt:34)
	at io.kotest.engine.spec.runners.SingleInstanceSpecRunner$execute$interceptAndRun$2$4.invokeSuspend(SingleInstanceSpecRunner.kt:57)
	at io.kotest.engine.spec.runners.SingleInstanceSpecRunner$execute$interceptAndRun$2$4.invoke(SingleInstanceSpecRunner.kt)
	at io.kotest.engine.spec.runners.SingleInstanceSpecRunner$execute$interceptAndRun$2$4.invoke(SingleInstanceSpecRunner.kt)
	at io.kotest.engine.launchers.SequentialTestLauncher$launch$3$1$1.invokeSuspend(SequentialTestLauncher.kt:22)
	at kotlin.coroutines.jvm.internal.BaseContinuationImpl.resumeWith(ContinuationImpl.kt:33)
	at kotlinx.coroutines.DispatchedTask.run(DispatchedTask.kt:106)
	at java.base/java.util.concurrent.ThreadPoolExecutor.runWorker(ThreadPoolExecutor.java:1130)
	at java.base/java.util.concurrent.ThreadPoolExecutor$Worker.run(ThreadPoolExecutor.java:630)
	at java.base/java.lang.Thread.run(Thread.java:832)

Dec 11, 2021 2:29:29 AM net.sourceforge.marathon.javaagent.server.JavaServer serve
INFO: JavaServer.serve(POST /session): {
  "desiredCapabilities": {
    "browserName": "java",
    "platform": "ANY"
  },
  "capabilities": {
    "firstMatch": [
      {
        "browserName": "java"
      }
    ]
  }
}
Dec 11, 2021 2:29:29 AM net.sourceforge.marathon.javaagent.server.JavaServer createSession
INFO: Creating device with type: EVENT_QUEUE
Dec 11, 2021 2:29:29 AM net.sourceforge.marathon.javaagent.Device getDevice
INFO: Creating a EVENT_QUEUE device
Dec 11, 2021 2:29:29 AM net.sourceforge.marathon.javaagent.server.JavaServer serve
INFO: POST(/session, {"desiredCapabilities":{"browserName":"java","platform":"ANY"},"capabilities":{"firstMatch":[{"browserName":"java"}]}}) = {data=, status=REDIRECT}
Dec 11, 2021 2:29:29 AM net.sourceforge.marathon.javaagent.server.JavaServer serve
INFO: JavaServer.serve(GET /session/423e4ed3-3fda-42f0-8e20-9f40eb0fbe47): {}
Dec 11, 2021 2:29:29 AM net.sourceforge.marathon.javaagent.server.JavaServer serve
INFO: GET(/session/423e4ed3-3fda-42f0-8e20-9f40eb0fbe47) = {data={"name":"getCapabilities","sessionId":"423e4ed3-3fda-42f0-8e20-9f40eb0fbe47","value":{"applicationCacheEnabled":false,"rotatable":false,"loggingPrefs":{"driver":"ALL"},"handlesAlerts":false,"databaseEnabled":false,"version":"1.0","platform":"ANY","browserConnectionEnabled":false,"nativeEvents":false,"acceptSslCerts":false,"locationContextEnabled":false,"webStorageEnabled":false,"browserName":"java","takesScreenshot":true,"javascriptEnabled":true,"cssSelectorsEnabled":false},"status":0}, status=OK}
Dec 11, 2021 2:29:29 AM org.openqa.selenium.remote.ProtocolHandshake createSession
INFO: Detected dialect: OSS
Dec 11, 2021 2:29:29 AM net.sourceforge.marathon.javaagent.server.JavaServer serve
INFO: JavaServer.serve(POST /session/423e4ed3-3fda-42f0-8e20-9f40eb0fbe47/element): {
  "using": "css selector",
  "value": "."
}
Dec 11, 2021 2:29:29 AM net.sourceforge.marathon.javaagent.server.JavaServer serve
INFO: POST(/session/423e4ed3-3fda-42f0-8e20-9f40eb0fbe47/element, {"using":"css selector","value":"."}) = {data={"name":"findElement","sessionId":"423e4ed3-3fda-42f0-8e20-9f40eb0fbe47","value":{"ELEMENT":"55408317-4b91-4237-b79b-e910e527c001"},"status":0}, status=OK}
Dec 11, 2021 2:29:29 AM net.sourceforge.marathon.javaagent.server.JavaServer serve
INFO: JavaServer.serve(GET /session/423e4ed3-3fda-42f0-8e20-9f40eb0fbe47/element/55408317-4b91-4237-b79b-e910e527c001/attribute/name): {}
Dec 11, 2021 2:29:29 AM net.sourceforge.marathon.javaagent.server.JavaServer serve
INFO: GET(/session/423e4ed3-3fda-42f0-8e20-9f40eb0fbe47/element/55408317-4b91-4237-b79b-e910e527c001/attribute/name) = {data={"name":"getElementAttribute","sessionId":"423e4ed3-3fda-42f0-8e20-9f40eb0fbe47","value":"Auction Sniper Name","status":0}, status=OK}
Dec 11, 2021 2:29:29 AM net.sourceforge.marathon.javaagent.server.JavaServer serve
INFO: JavaServer.serve(POST /session/423e4ed3-3fda-42f0-8e20-9f40eb0fbe47/element): {
  "using": "css selector",
  "value": "."
}
Dec 11, 2021 2:29:29 AM net.sourceforge.marathon.javaagent.server.JavaServer serve
INFO: POST(/session/423e4ed3-3fda-42f0-8e20-9f40eb0fbe47/element, {"using":"css selector","value":"."}) = {data={"name":"findElement","sessionId":"423e4ed3-3fda-42f0-8e20-9f40eb0fbe47","value":{"ELEMENT":"55408317-4b91-4237-b79b-e910e527c001"},"status":0}, status=OK}
Dec 11, 2021 2:29:29 AM net.sourceforge.marathon.javaagent.server.JavaServer serve
INFO: JavaServer.serve(GET /session/423e4ed3-3fda-42f0-8e20-9f40eb0fbe47/element/55408317-4b91-4237-b79b-e910e527c001/displayed): {}
Dec 11, 2021 2:29:29 AM net.sourceforge.marathon.javaagent.server.JavaServer serve
INFO: GET(/session/423e4ed3-3fda-42f0-8e20-9f40eb0fbe47/element/55408317-4b91-4237-b79b-e910e527c001/displayed) = {data={"name":"isDisplayed","sessionId":"423e4ed3-3fda-42f0-8e20-9f40eb0fbe47","value":true,"status":0}, status=OK}
Dec 11, 2021 2:29:29 AM net.sourceforge.marathon.javaagent.server.JavaServer serve
INFO: JavaServer.serve(GET /session/423e4ed3-3fda-42f0-8e20-9f40eb0fbe47/title): {}
Dec 11, 2021 2:29:29 AM net.sourceforge.marathon.javaagent.server.JavaServer serve
INFO: GET(/session/423e4ed3-3fda-42f0-8e20-9f40eb0fbe47/title) = {data={"name":"getWindowTitle","sessionId":"423e4ed3-3fda-42f0-8e20-9f40eb0fbe47","value":"Auction Sniper","status":0}, status=OK}
Dec 11, 2021 2:29:29 AM net.sourceforge.marathon.javaagent.server.JavaServer serve
INFO: JavaServer.serve(POST /session/423e4ed3-3fda-42f0-8e20-9f40eb0fbe47/element): {
  "using": "name",
  "value": "snipers table"
}
Dec 11, 2021 2:29:29 AM net.sourceforge.marathon.javaagent.server.JavaServer serve
INFO: POST(/session/423e4ed3-3fda-42f0-8e20-9f40eb0fbe47/element, {"using":"name","value":"snipers table"}) = {data={"name":"findElement","sessionId":"423e4ed3-3fda-42f0-8e20-9f40eb0fbe47","value":{"ELEMENT":"aac5dc8e-455c-4ff8-a733-e9968218c9e0"},"status":0}, status=OK}
Dec 11, 2021 2:29:29 AM net.sourceforge.marathon.javaagent.server.JavaServer serve
INFO: JavaServer.serve(POST /session/423e4ed3-3fda-42f0-8e20-9f40eb0fbe47/element/aac5dc8e-455c-4ff8-a733-e9968218c9e0/elements): {
  "id": "aac5dc8e-455c-4ff8-a733-e9968218c9e0",
  "using": "css selector",
  "value": ".::header.::all-items"
}
Dec 11, 2021 2:29:29 AM net.sourceforge.marathon.javaagent.server.JavaServer serve
INFO: POST(/session/423e4ed3-3fda-42f0-8e20-9f40eb0fbe47/element/aac5dc8e-455c-4ff8-a733-e9968218c9e0/elements, {"using":"css selector","id":"aac5dc8e-455c-4ff8-a733-e9968218c9e0","value":".::header.::all-items"}) = {data={"name":"findElementsOfElement","sessionId":"423e4ed3-3fda-42f0-8e20-9f40eb0fbe47","value":[{"ELEMENT":"4a0d6e09-950f-4e5d-b70d-7b4d624afdd6%23%7B%22selector%22%3A%22nth-item%22%2C%22parameters%22%3A%5B1%5D%7D"},{"ELEMENT":"4a0d6e09-950f-4e5d-b70d-7b4d624afdd6%23%7B%22selector%22%3A%22nth-item%22%2C%22parameters%22%3A%5B2%5D%7D"},{"ELEMENT":"4a0d6e09-950f-4e5d-b70d-7b4d624afdd6%23%7B%22selector%22%3A%22nth-item%22%2C%22parameters%22%3A%5B3%5D%7D"},{"ELEMENT":"4a0d6e09-950f-4e5d-b70d-7b4d624afdd6%23%7B%22selector%22%3A%22nth-item%22%2C%22parameters%22%3A%5B4%5D%7D"}],"status":0}, status=OK}
Dec 11, 2021 2:29:29 AM net.sourceforge.marathon.javaagent.server.JavaServer serve
INFO: JavaServer.serve(GET /session/423e4ed3-3fda-42f0-8e20-9f40eb0fbe47/element/4a0d6e09-950f-4e5d-b70d-7b4d624afdd6%23%7B%22selector%22%3A%22nth-item%22%2C%22parameters%22%3A%5B1%5D%7D/text): {}
Dec 11, 2021 2:29:29 AM net.sourceforge.marathon.javaagent.server.JavaServer serve
INFO: GET(/session/423e4ed3-3fda-42f0-8e20-9f40eb0fbe47/element/4a0d6e09-950f-4e5d-b70d-7b4d624afdd6%23%7B%22selector%22%3A%22nth-item%22%2C%22parameters%22%3A%5B1%5D%7D/text) = {data={"name":"getElementText","sessionId":"423e4ed3-3fda-42f0-8e20-9f40eb0fbe47","value":"Item","status":0}, status=OK}
Dec 11, 2021 2:29:29 AM net.sourceforge.marathon.javaagent.server.JavaServer serve
INFO: JavaServer.serve(GET /session/423e4ed3-3fda-42f0-8e20-9f40eb0fbe47/element/4a0d6e09-950f-4e5d-b70d-7b4d624afdd6%23%7B%22selector%22%3A%22nth-item%22%2C%22parameters%22%3A%5B2%5D%7D/text): {}
Dec 11, 2021 2:29:29 AM net.sourceforge.marathon.javaagent.server.JavaServer serve
INFO: GET(/session/423e4ed3-3fda-42f0-8e20-9f40eb0fbe47/element/4a0d6e09-950f-4e5d-b70d-7b4d624afdd6%23%7B%22selector%22%3A%22nth-item%22%2C%22parameters%22%3A%5B2%5D%7D/text) = {data={"name":"getElementText","sessionId":"423e4ed3-3fda-42f0-8e20-9f40eb0fbe47","value":"Last Price","status":0}, status=OK}
Dec 11, 2021 2:29:29 AM net.sourceforge.marathon.javaagent.server.JavaServer serve
INFO: JavaServer.serve(GET /session/423e4ed3-3fda-42f0-8e20-9f40eb0fbe47/element/4a0d6e09-950f-4e5d-b70d-7b4d624afdd6%23%7B%22selector%22%3A%22nth-item%22%2C%22parameters%22%3A%5B3%5D%7D/text): {}
Dec 11, 2021 2:29:29 AM net.sourceforge.marathon.javaagent.server.JavaServer serve
INFO: GET(/session/423e4ed3-3fda-42f0-8e20-9f40eb0fbe47/element/4a0d6e09-950f-4e5d-b70d-7b4d624afdd6%23%7B%22selector%22%3A%22nth-item%22%2C%22parameters%22%3A%5B3%5D%7D/text) = {data={"name":"getElementText","sessionId":"423e4ed3-3fda-42f0-8e20-9f40eb0fbe47","value":"Last Bid","status":0}, status=OK}
Dec 11, 2021 2:29:29 AM net.sourceforge.marathon.javaagent.server.JavaServer serve
INFO: JavaServer.serve(GET /session/423e4ed3-3fda-42f0-8e20-9f40eb0fbe47/element/4a0d6e09-950f-4e5d-b70d-7b4d624afdd6%23%7B%22selector%22%3A%22nth-item%22%2C%22parameters%22%3A%5B4%5D%7D/text): {}
Dec 11, 2021 2:29:29 AM net.sourceforge.marathon.javaagent.server.JavaServer serve
INFO: GET(/session/423e4ed3-3fda-42f0-8e20-9f40eb0fbe47/element/4a0d6e09-950f-4e5d-b70d-7b4d624afdd6%23%7B%22selector%22%3A%22nth-item%22%2C%22parameters%22%3A%5B4%5D%7D/text) = {data={"name":"getElementText","sessionId":"423e4ed3-3fda-42f0-8e20-9f40eb0fbe47","value":"State","status":0}, status=OK}
Dec 11, 2021 2:29:29 AM net.sourceforge.marathon.javaagent.server.JavaServer serve
INFO: JavaServer.serve(DELETE /session/423e4ed3-3fda-42f0-8e20-9f40eb0fbe47/window): {}
Dec 11, 2021 2:29:29 AM net.sourceforge.marathon.javaagent.server.JavaServer serve
INFO: DELETE(/session/423e4ed3-3fda-42f0-8e20-9f40eb0fbe47/window) = {data={"name":"closeSession","sessionId":"423e4ed3-3fda-42f0-8e20-9f40eb0fbe47","status":0}, status=OK}
Dec 11, 2021 2:29:29 AM net.sourceforge.marathon.javaagent.server.JavaServer serve
INFO: JavaServer.serve(POST /session): {
  "desiredCapabilities": {
    "browserName": "java",
    "platform": "ANY"
  },
  "capabilities": {
    "firstMatch": [
      {
        "browserName": "java"
      }
    ]
  }
}
Dec 11, 2021 2:29:29 AM net.sourceforge.marathon.javaagent.server.JavaServer createSession
INFO: Creating device with type: EVENT_QUEUE
Dec 11, 2021 2:29:29 AM net.sourceforge.marathon.javaagent.Device getDevice
INFO: Creating a EVENT_QUEUE device
Dec 11, 2021 2:29:29 AM net.sourceforge.marathon.javaagent.server.JavaServer serve
INFO: POST(/session, {"desiredCapabilities":{"browserName":"java","platform":"ANY"},"capabilities":{"firstMatch":[{"browserName":"java"}]}}) = {data=, status=REDIRECT}
Dec 11, 2021 2:29:29 AM net.sourceforge.marathon.javaagent.server.JavaServer serve
INFO: JavaServer.serve(GET /session/2b0880e9-16f7-42ba-8fb9-89a3b453e344): {}
Dec 11, 2021 2:29:29 AM net.sourceforge.marathon.javaagent.server.JavaServer serve
INFO: GET(/session/2b0880e9-16f7-42ba-8fb9-89a3b453e344) = {data={"name":"getCapabilities","sessionId":"2b0880e9-16f7-42ba-8fb9-89a3b453e344","value":{"applicationCacheEnabled":false,"rotatable":false,"loggingPrefs":{"driver":"ALL"},"handlesAlerts":false,"databaseEnabled":false,"version":"1.0","platform":"ANY","browserConnectionEnabled":false,"nativeEvents":false,"acceptSslCerts":false,"locationContextEnabled":false,"webStorageEnabled":false,"browserName":"java","takesScreenshot":true,"javascriptEnabled":true,"cssSelectorsEnabled":false},"status":0}, status=OK}
Dec 11, 2021 2:29:29 AM org.openqa.selenium.remote.ProtocolHandshake createSession
INFO: Detected dialect: OSS
Dec 11, 2021 2:29:29 AM net.sourceforge.marathon.javaagent.server.JavaServer serve
INFO: JavaServer.serve(POST /session/2b0880e9-16f7-42ba-8fb9-89a3b453e344/element): {
  "using": "name",
  "value": "new item id field"
}
Dec 11, 2021 2:29:29 AM net.sourceforge.marathon.javaagent.server.JavaServer serve
INFO: POST(/session/2b0880e9-16f7-42ba-8fb9-89a3b453e344/element, {"using":"name","value":"new item id field"}) = {data={"name":"findElement","sessionId":"2b0880e9-16f7-42ba-8fb9-89a3b453e344","value":{"ELEMENT":"8b6eb7a4-0409-4b03-8576-84c738b1c6de"},"status":0}, status=OK}
Dec 11, 2021 2:29:29 AM net.sourceforge.marathon.javaagent.server.JavaServer serve
INFO: JavaServer.serve(POST /session/2b0880e9-16f7-42ba-8fb9-89a3b453e344/element/8b6eb7a4-0409-4b03-8576-84c738b1c6de/clear): {
  "id": "8b6eb7a4-0409-4b03-8576-84c738b1c6de"
}
Dec 11, 2021 2:29:29 AM net.sourceforge.marathon.javaagent.server.JavaServer serve
INFO: POST(/session/2b0880e9-16f7-42ba-8fb9-89a3b453e344/element/8b6eb7a4-0409-4b03-8576-84c738b1c6de/clear, {"id":"8b6eb7a4-0409-4b03-8576-84c738b1c6de"}) = {data={"name":"clearElement","sessionId":"2b0880e9-16f7-42ba-8fb9-89a3b453e344","status":0}, status=OK}
Dec 11, 2021 2:29:29 AM net.sourceforge.marathon.javaagent.server.JavaServer serve
INFO: JavaServer.serve(POST /session/2b0880e9-16f7-42ba-8fb9-89a3b453e344/element/8b6eb7a4-0409-4b03-8576-84c738b1c6de/value): {
  "id": "8b6eb7a4-0409-4b03-8576-84c738b1c6de",
  "value": [
    "an item-id"
  ]
}
Dec 11, 2021 2:29:29 AM net.sourceforge.marathon.javaagent.EventQueueDevice dispatchEvent
INFO: java.awt.event.KeyEvent[KEY_PRESSED,keyCode=65,keyText=A,keyChar='a',keyLocation=KEY_LOCATION_UNKNOWN,rawCode=0,primaryLevelUnicode=0,scancode=0,extendedKeyCode=0x0] on new item id field
Dec 11, 2021 2:29:29 AM net.sourceforge.marathon.javaagent.EventQueueDevice dispatchEvent
INFO: java.awt.event.KeyEvent[KEY_TYPED,keyCode=0,keyText=Unknown keyCode: 0x0,keyChar='a',keyLocation=KEY_LOCATION_UNKNOWN,rawCode=0,primaryLevelUnicode=0,scancode=0,extendedKeyCode=0x0] on new item id field
Dec 11, 2021 2:29:29 AM net.sourceforge.marathon.javaagent.EventQueueDevice dispatchEvent
INFO: java.awt.event.KeyEvent[KEY_RELEASED,keyCode=65,keyText=A,keyChar='a',keyLocation=KEY_LOCATION_UNKNOWN,rawCode=0,primaryLevelUnicode=0,scancode=0,extendedKeyCode=0x0] on new item id field
Dec 11, 2021 2:29:29 AM net.sourceforge.marathon.javaagent.EventQueueDevice dispatchEvent
INFO: java.awt.event.KeyEvent[KEY_PRESSED,keyCode=78,keyText=N,keyChar='n',keyLocation=KEY_LOCATION_UNKNOWN,rawCode=0,primaryLevelUnicode=0,scancode=0,extendedKeyCode=0x0] on new item id field
Dec 11, 2021 2:29:29 AM net.sourceforge.marathon.javaagent.EventQueueDevice dispatchEvent
INFO: java.awt.event.KeyEvent[KEY_TYPED,keyCode=0,keyText=Unknown keyCode: 0x0,keyChar='n',keyLocation=KEY_LOCATION_UNKNOWN,rawCode=0,primaryLevelUnicode=0,scancode=0,extendedKeyCode=0x0] on new item id field
Dec 11, 2021 2:29:29 AM net.sourceforge.marathon.javaagent.EventQueueDevice dispatchEvent
INFO: java.awt.event.KeyEvent[KEY_RELEASED,keyCode=78,keyText=N,keyChar='n',keyLocation=KEY_LOCATION_UNKNOWN,rawCode=0,primaryLevelUnicode=0,scancode=0,extendedKeyCode=0x0] on new item id field
Dec 11, 2021 2:29:29 AM net.sourceforge.marathon.javaagent.EventQueueDevice dispatchEvent
INFO: java.awt.event.KeyEvent[KEY_PRESSED,keyCode=16,keyText=Shift,keyChar=Undefined keyChar,modifiers=Shift,extModifiers=Shift,keyLocation=KEY_LOCATION_UNKNOWN,rawCode=0,primaryLevelUnicode=0,scancode=0,extendedKeyCode=0x0] on new item id field
Dec 11, 2021 2:29:29 AM net.sourceforge.marathon.javaagent.EventQueueDevice dispatchEvent
INFO: java.awt.event.KeyEvent[KEY_PRESSED,keyCode=32,keyText=Space,keyChar=' ',modifiers=Shift,extModifiers=Shift,keyLocation=KEY_LOCATION_UNKNOWN,rawCode=0,primaryLevelUnicode=0,scancode=0,extendedKeyCode=0x0] on new item id field
Dec 11, 2021 2:29:29 AM net.sourceforge.marathon.javaagent.EventQueueDevice dispatchEvent
INFO: java.awt.event.KeyEvent[KEY_TYPED,keyCode=0,keyText=Unknown keyCode: 0x0,keyChar=' ',modifiers=Shift,extModifiers=Shift,keyLocation=KEY_LOCATION_UNKNOWN,rawCode=0,primaryLevelUnicode=0,scancode=0,extendedKeyCode=0x0] on new item id field
Dec 11, 2021 2:29:29 AM net.sourceforge.marathon.javaagent.EventQueueDevice dispatchEvent
INFO: java.awt.event.KeyEvent[KEY_RELEASED,keyCode=32,keyText=Space,keyChar=' ',modifiers=Shift,extModifiers=Shift,keyLocation=KEY_LOCATION_UNKNOWN,rawCode=0,primaryLevelUnicode=0,scancode=0,extendedKeyCode=0x0] on new item id field
Dec 11, 2021 2:29:29 AM net.sourceforge.marathon.javaagent.EventQueueDevice dispatchEvent
INFO: java.awt.event.KeyEvent[KEY_RELEASED,keyCode=16,keyText=Shift,keyChar=Undefined keyChar,keyLocation=KEY_LOCATION_UNKNOWN,rawCode=0,primaryLevelUnicode=0,scancode=0,extendedKeyCode=0x0] on new item id field
Dec 11, 2021 2:29:29 AM net.sourceforge.marathon.javaagent.EventQueueDevice dispatchEvent
INFO: java.awt.event.KeyEvent[KEY_PRESSED,keyCode=73,keyText=I,keyChar='i',keyLocation=KEY_LOCATION_UNKNOWN,rawCode=0,primaryLevelUnicode=0,scancode=0,extendedKeyCode=0x0] on new item id field
Dec 11, 2021 2:29:29 AM net.sourceforge.marathon.javaagent.EventQueueDevice dispatchEvent
INFO: java.awt.event.KeyEvent[KEY_TYPED,keyCode=0,keyText=Unknown keyCode: 0x0,keyChar='i',keyLocation=KEY_LOCATION_UNKNOWN,rawCode=0,primaryLevelUnicode=0,scancode=0,extendedKeyCode=0x0] on new item id field
Dec 11, 2021 2:29:29 AM net.sourceforge.marathon.javaagent.EventQueueDevice dispatchEvent
INFO: java.awt.event.KeyEvent[KEY_RELEASED,keyCode=73,keyText=I,keyChar='i',keyLocation=KEY_LOCATION_UNKNOWN,rawCode=0,primaryLevelUnicode=0,scancode=0,extendedKeyCode=0x0] on new item id field
Dec 11, 2021 2:29:29 AM net.sourceforge.marathon.javaagent.EventQueueDevice dispatchEvent
INFO: java.awt.event.KeyEvent[KEY_PRESSED,keyCode=84,keyText=T,keyChar='t',keyLocation=KEY_LOCATION_UNKNOWN,rawCode=0,primaryLevelUnicode=0,scancode=0,extendedKeyCode=0x0] on new item id field
Dec 11, 2021 2:29:29 AM net.sourceforge.marathon.javaagent.EventQueueDevice dispatchEvent
INFO: java.awt.event.KeyEvent[KEY_TYPED,keyCode=0,keyText=Unknown keyCode: 0x0,keyChar='t',keyLocation=KEY_LOCATION_UNKNOWN,rawCode=0,primaryLevelUnicode=0,scancode=0,extendedKeyCode=0x0] on new item id field
Dec 11, 2021 2:29:29 AM net.sourceforge.marathon.javaagent.EventQueueDevice dispatchEvent
INFO: java.awt.event.KeyEvent[KEY_RELEASED,keyCode=84,keyText=T,keyChar='t',keyLocation=KEY_LOCATION_UNKNOWN,rawCode=0,primaryLevelUnicode=0,scancode=0,extendedKeyCode=0x0] on new item id field
Dec 11, 2021 2:29:29 AM net.sourceforge.marathon.javaagent.EventQueueDevice dispatchEvent
INFO: java.awt.event.KeyEvent[KEY_PRESSED,keyCode=69,keyText=E,keyChar='e',keyLocation=KEY_LOCATION_UNKNOWN,rawCode=0,primaryLevelUnicode=0,scancode=0,extendedKeyCode=0x0] on new item id field
Dec 11, 2021 2:29:29 AM net.sourceforge.marathon.javaagent.EventQueueDevice dispatchEvent
INFO: java.awt.event.KeyEvent[KEY_TYPED,keyCode=0,keyText=Unknown keyCode: 0x0,keyChar='e',keyLocation=KEY_LOCATION_UNKNOWN,rawCode=0,primaryLevelUnicode=0,scancode=0,extendedKeyCode=0x0] on new item id field
Dec 11, 2021 2:29:29 AM net.sourceforge.marathon.javaagent.EventQueueDevice dispatchEvent
INFO: java.awt.event.KeyEvent[KEY_RELEASED,keyCode=69,keyText=E,keyChar='e',keyLocation=KEY_LOCATION_UNKNOWN,rawCode=0,primaryLevelUnicode=0,scancode=0,extendedKeyCode=0x0] on new item id field
Dec 11, 2021 2:29:29 AM net.sourceforge.marathon.javaagent.EventQueueDevice dispatchEvent
INFO: java.awt.event.KeyEvent[KEY_PRESSED,keyCode=77,keyText=M,keyChar='m',keyLocation=KEY_LOCATION_UNKNOWN,rawCode=0,primaryLevelUnicode=0,scancode=0,extendedKeyCode=0x0] on new item id field
Dec 11, 2021 2:29:29 AM net.sourceforge.marathon.javaagent.EventQueueDevice dispatchEvent
INFO: java.awt.event.KeyEvent[KEY_TYPED,keyCode=0,keyText=Unknown keyCode: 0x0,keyChar='m',keyLocation=KEY_LOCATION_UNKNOWN,rawCode=0,primaryLevelUnicode=0,scancode=0,extendedKeyCode=0x0] on new item id field
Dec 11, 2021 2:29:29 AM net.sourceforge.marathon.javaagent.EventQueueDevice dispatchEvent
INFO: java.awt.event.KeyEvent[KEY_RELEASED,keyCode=77,keyText=M,keyChar='m',keyLocation=KEY_LOCATION_UNKNOWN,rawCode=0,primaryLevelUnicode=0,scancode=0,extendedKeyCode=0x0] on new item id field
Dec 11, 2021 2:29:29 AM net.sourceforge.marathon.javaagent.EventQueueDevice dispatchEvent
INFO: java.awt.event.KeyEvent[KEY_PRESSED,keyCode=45,keyText=Minus,keyChar='-',keyLocation=KEY_LOCATION_UNKNOWN,rawCode=0,primaryLevelUnicode=0,scancode=0,extendedKeyCode=0x0] on new item id field
Dec 11, 2021 2:29:29 AM net.sourceforge.marathon.javaagent.EventQueueDevice dispatchEvent
INFO: java.awt.event.KeyEvent[KEY_TYPED,keyCode=0,keyText=Unknown keyCode: 0x0,keyChar='-',keyLocation=KEY_LOCATION_UNKNOWN,rawCode=0,primaryLevelUnicode=0,scancode=0,extendedKeyCode=0x0] on new item id field
Dec 11, 2021 2:29:29 AM net.sourceforge.marathon.javaagent.EventQueueDevice dispatchEvent
INFO: java.awt.event.KeyEvent[KEY_RELEASED,keyCode=45,keyText=Minus,keyChar='-',keyLocation=KEY_LOCATION_UNKNOWN,rawCode=0,primaryLevelUnicode=0,scancode=0,extendedKeyCode=0x0] on new item id field
Dec 11, 2021 2:29:29 AM net.sourceforge.marathon.javaagent.EventQueueDevice dispatchEvent
INFO: java.awt.event.KeyEvent[KEY_PRESSED,keyCode=73,keyText=I,keyChar='i',keyLocation=KEY_LOCATION_UNKNOWN,rawCode=0,primaryLevelUnicode=0,scancode=0,extendedKeyCode=0x0] on new item id field
Dec 11, 2021 2:29:29 AM net.sourceforge.marathon.javaagent.EventQueueDevice dispatchEvent
INFO: java.awt.event.KeyEvent[KEY_TYPED,keyCode=0,keyText=Unknown keyCode: 0x0,keyChar='i',keyLocation=KEY_LOCATION_UNKNOWN,rawCode=0,primaryLevelUnicode=0,scancode=0,extendedKeyCode=0x0] on new item id field
Dec 11, 2021 2:29:29 AM net.sourceforge.marathon.javaagent.EventQueueDevice dispatchEvent
INFO: java.awt.event.KeyEvent[KEY_RELEASED,keyCode=73,keyText=I,keyChar='i',keyLocation=KEY_LOCATION_UNKNOWN,rawCode=0,primaryLevelUnicode=0,scancode=0,extendedKeyCode=0x0] on new item id field
Dec 11, 2021 2:29:29 AM net.sourceforge.marathon.javaagent.EventQueueDevice dispatchEvent
INFO: java.awt.event.KeyEvent[KEY_PRESSED,keyCode=68,keyText=D,keyChar='d',keyLocation=KEY_LOCATION_UNKNOWN,rawCode=0,primaryLevelUnicode=0,scancode=0,extendedKeyCode=0x0] on new item id field
Dec 11, 2021 2:29:29 AM net.sourceforge.marathon.javaagent.EventQueueDevice dispatchEvent
INFO: java.awt.event.KeyEvent[KEY_TYPED,keyCode=0,keyText=Unknown keyCode: 0x0,keyChar='d',keyLocation=KEY_LOCATION_UNKNOWN,rawCode=0,primaryLevelUnicode=0,scancode=0,extendedKeyCode=0x0] on new item id field
Dec 11, 2021 2:29:29 AM net.sourceforge.marathon.javaagent.EventQueueDevice dispatchEvent
INFO: java.awt.event.KeyEvent[KEY_RELEASED,keyCode=68,keyText=D,keyChar='d',keyLocation=KEY_LOCATION_UNKNOWN,rawCode=0,primaryLevelUnicode=0,scancode=0,extendedKeyCode=0x0] on new item id field
Dec 11, 2021 2:29:29 AM net.sourceforge.marathon.javaagent.server.JavaServer serve
INFO: POST(/session/2b0880e9-16f7-42ba-8fb9-89a3b453e344/element/8b6eb7a4-0409-4b03-8576-84c738b1c6de/value, {"id":"8b6eb7a4-0409-4b03-8576-84c738b1c6de","value":["an item-id"]}) = {data={"name":"sendKeysElement","sessionId":"2b0880e9-16f7-42ba-8fb9-89a3b453e344","status":0}, status=OK}
Dec 11, 2021 2:29:29 AM net.sourceforge.marathon.javaagent.server.JavaServer serve
INFO: JavaServer.serve(POST /session/2b0880e9-16f7-42ba-8fb9-89a3b453e344/element): {
  "using": "name",
  "value": "new item stop price field"
}
Dec 11, 2021 2:29:29 AM net.sourceforge.marathon.javaagent.server.JavaServer serve
INFO: POST(/session/2b0880e9-16f7-42ba-8fb9-89a3b453e344/element, {"using":"name","value":"new item stop price field"}) = {data={"name":"findElement","sessionId":"2b0880e9-16f7-42ba-8fb9-89a3b453e344","value":{"ELEMENT":"9a5de40e-3f2e-4d29-b279-de4c928acba8"},"status":0}, status=OK}
Dec 11, 2021 2:29:29 AM net.sourceforge.marathon.javaagent.server.JavaServer serve
INFO: JavaServer.serve(POST /session/2b0880e9-16f7-42ba-8fb9-89a3b453e344/element/9a5de40e-3f2e-4d29-b279-de4c928acba8/clear): {
  "id": "9a5de40e-3f2e-4d29-b279-de4c928acba8"
}
Dec 11, 2021 2:29:29 AM net.sourceforge.marathon.javaagent.server.JavaServer serve
INFO: POST(/session/2b0880e9-16f7-42ba-8fb9-89a3b453e344/element/9a5de40e-3f2e-4d29-b279-de4c928acba8/clear, {"id":"9a5de40e-3f2e-4d29-b279-de4c928acba8"}) = {data={"name":"clearElement","sessionId":"2b0880e9-16f7-42ba-8fb9-89a3b453e344","status":0}, status=OK}
Dec 11, 2021 2:29:29 AM net.sourceforge.marathon.javaagent.server.JavaServer serve
INFO: JavaServer.serve(POST /session/2b0880e9-16f7-42ba-8fb9-89a3b453e344/element/9a5de40e-3f2e-4d29-b279-de4c928acba8/value): {
  "id": "9a5de40e-3f2e-4d29-b279-de4c928acba8",
  "value": [
    "11000"
  ]
}
Dec 11, 2021 2:29:29 AM net.sourceforge.marathon.javaagent.EventQueueDevice dispatchEvent
INFO: java.awt.event.KeyEvent[KEY_PRESSED,keyCode=49,keyText=1,keyChar='1',keyLocation=KEY_LOCATION_UNKNOWN,rawCode=0,primaryLevelUnicode=0,scancode=0,extendedKeyCode=0x0] on new item stop price field
Dec 11, 2021 2:29:29 AM net.sourceforge.marathon.javaagent.EventQueueDevice dispatchEvent
INFO: java.awt.event.KeyEvent[KEY_TYPED,keyCode=0,keyText=Unknown keyCode: 0x0,keyChar='1',keyLocation=KEY_LOCATION_UNKNOWN,rawCode=0,primaryLevelUnicode=0,scancode=0,extendedKeyCode=0x0] on new item stop price field
Dec 11, 2021 2:29:29 AM net.sourceforge.marathon.javaagent.EventQueueDevice dispatchEvent
INFO: java.awt.event.KeyEvent[KEY_RELEASED,keyCode=49,keyText=1,keyChar='1',keyLocation=KEY_LOCATION_UNKNOWN,rawCode=0,primaryLevelUnicode=0,scancode=0,extendedKeyCode=0x0] on new item stop price field
Dec 11, 2021 2:29:29 AM net.sourceforge.marathon.javaagent.EventQueueDevice dispatchEvent
INFO: java.awt.event.KeyEvent[KEY_PRESSED,keyCode=49,keyText=1,keyChar='1',keyLocation=KEY_LOCATION_UNKNOWN,rawCode=0,primaryLevelUnicode=0,scancode=0,extendedKeyCode=0x0] on new item stop price field
Dec 11, 2021 2:29:29 AM net.sourceforge.marathon.javaagent.EventQueueDevice dispatchEvent
INFO: java.awt.event.KeyEvent[KEY_TYPED,keyCode=0,keyText=Unknown keyCode: 0x0,keyChar='1',keyLocation=KEY_LOCATION_UNKNOWN,rawCode=0,primaryLevelUnicode=0,scancode=0,extendedKeyCode=0x0] on new item stop price field
Dec 11, 2021 2:29:29 AM net.sourceforge.marathon.javaagent.EventQueueDevice dispatchEvent
INFO: java.awt.event.KeyEvent[KEY_RELEASED,keyCode=49,keyText=1,keyChar='1',keyLocation=KEY_LOCATION_UNKNOWN,rawCode=0,primaryLevelUnicode=0,scancode=0,extendedKeyCode=0x0] on new item stop price field
Dec 11, 2021 2:29:29 AM net.sourceforge.marathon.javaagent.EventQueueDevice dispatchEvent
INFO: java.awt.event.KeyEvent[KEY_PRESSED,keyCode=48,keyText=0,keyChar='0',keyLocation=KEY_LOCATION_UNKNOWN,rawCode=0,primaryLevelUnicode=0,scancode=0,extendedKeyCode=0x0] on new item stop price field
Dec 11, 2021 2:29:29 AM net.sourceforge.marathon.javaagent.EventQueueDevice dispatchEvent
INFO: java.awt.event.KeyEvent[KEY_TYPED,keyCode=0,keyText=Unknown keyCode: 0x0,keyChar='0',keyLocation=KEY_LOCATION_UNKNOWN,rawCode=0,primaryLevelUnicode=0,scancode=0,extendedKeyCode=0x0] on new item stop price field
Dec 11, 2021 2:29:29 AM net.sourceforge.marathon.javaagent.EventQueueDevice dispatchEvent
INFO: java.awt.event.KeyEvent[KEY_RELEASED,keyCode=48,keyText=0,keyChar='0',keyLocation=KEY_LOCATION_UNKNOWN,rawCode=0,primaryLevelUnicode=0,scancode=0,extendedKeyCode=0x0] on new item stop price field
Dec 11, 2021 2:29:29 AM net.sourceforge.marathon.javaagent.EventQueueDevice dispatchEvent
INFO: java.awt.event.KeyEvent[KEY_PRESSED,keyCode=48,keyText=0,keyChar='0',keyLocation=KEY_LOCATION_UNKNOWN,rawCode=0,primaryLevelUnicode=0,scancode=0,extendedKeyCode=0x0] on new item stop price field
Dec 11, 2021 2:29:29 AM net.sourceforge.marathon.javaagent.EventQueueDevice dispatchEvent
INFO: java.awt.event.KeyEvent[KEY_TYPED,keyCode=0,keyText=Unknown keyCode: 0x0,keyChar='0',keyLocation=KEY_LOCATION_UNKNOWN,rawCode=0,primaryLevelUnicode=0,scancode=0,extendedKeyCode=0x0] on new item stop price field
Dec 11, 2021 2:29:29 AM net.sourceforge.marathon.javaagent.EventQueueDevice dispatchEvent
INFO: java.awt.event.KeyEvent[KEY_RELEASED,keyCode=48,keyText=0,keyChar='0',keyLocation=KEY_LOCATION_UNKNOWN,rawCode=0,primaryLevelUnicode=0,scancode=0,extendedKeyCode=0x0] on new item stop price field
Dec 11, 2021 2:29:29 AM net.sourceforge.marathon.javaagent.EventQueueDevice dispatchEvent
INFO: java.awt.event.KeyEvent[KEY_PRESSED,keyCode=48,keyText=0,keyChar='0',keyLocation=KEY_LOCATION_UNKNOWN,rawCode=0,primaryLevelUnicode=0,scancode=0,extendedKeyCode=0x0] on new item stop price field
Dec 11, 2021 2:29:29 AM net.sourceforge.marathon.javaagent.EventQueueDevice dispatchEvent
INFO: java.awt.event.KeyEvent[KEY_TYPED,keyCode=0,keyText=Unknown keyCode: 0x0,keyChar='0',keyLocation=KEY_LOCATION_UNKNOWN,rawCode=0,primaryLevelUnicode=0,scancode=0,extendedKeyCode=0x0] on new item stop price field
Dec 11, 2021 2:29:29 AM net.sourceforge.marathon.javaagent.EventQueueDevice dispatchEvent
INFO: java.awt.event.KeyEvent[KEY_RELEASED,keyCode=48,keyText=0,keyChar='0',keyLocation=KEY_LOCATION_UNKNOWN,rawCode=0,primaryLevelUnicode=0,scancode=0,extendedKeyCode=0x0] on new item stop price field
Dec 11, 2021 2:29:29 AM net.sourceforge.marathon.javaagent.server.JavaServer serve
INFO: POST(/session/2b0880e9-16f7-42ba-8fb9-89a3b453e344/element/9a5de40e-3f2e-4d29-b279-de4c928acba8/value, {"id":"9a5de40e-3f2e-4d29-b279-de4c928acba8","value":["11000"]}) = {data={"name":"sendKeysElement","sessionId":"2b0880e9-16f7-42ba-8fb9-89a3b453e344","status":0}, status=OK}
Dec 11, 2021 2:29:29 AM net.sourceforge.marathon.javaagent.server.JavaServer serve
INFO: JavaServer.serve(POST /session/2b0880e9-16f7-42ba-8fb9-89a3b453e344/element): {
  "using": "name",
  "value": "join button"
}
Dec 11, 2021 2:29:29 AM net.sourceforge.marathon.javaagent.server.JavaServer serve
INFO: POST(/session/2b0880e9-16f7-42ba-8fb9-89a3b453e344/element, {"using":"name","value":"join button"}) = {data={"name":"findElement","sessionId":"2b0880e9-16f7-42ba-8fb9-89a3b453e344","value":{"ELEMENT":"72ee1c3d-d2df-43c6-886a-4e9162335445"},"status":0}, status=OK}
Dec 11, 2021 2:29:29 AM net.sourceforge.marathon.javaagent.server.JavaServer serve
INFO: JavaServer.serve(POST /session/2b0880e9-16f7-42ba-8fb9-89a3b453e344/element/72ee1c3d-d2df-43c6-886a-4e9162335445/click): {
  "id": "72ee1c3d-d2df-43c6-886a-4e9162335445"
}
Dec 11, 2021 2:29:30 AM net.sourceforge.marathon.javaagent.EventQueueDevice dispatchEvent
INFO: java.awt.event.MouseEvent[MOUSE_PRESSED,(58,12),absolute(589,17),button=1,modifiers=Button1,extModifiers=Button1,clickCount=1] on join button
Dec 11, 2021 2:29:30 AM net.sourceforge.marathon.javaagent.EventQueueDevice dispatchEvent
INFO: java.awt.event.MouseEvent[MOUSE_RELEASED,(58,12),absolute(589,17),button=1,modifiers=Button1,clickCount=1] on join button
Dec 11, 2021 2:29:30 AM net.sourceforge.marathon.javaagent.EventQueueDevice dispatchEvent
INFO: java.awt.event.MouseEvent[MOUSE_CLICKED,(58,12),absolute(589,17),button=1,modifiers=Button1,clickCount=1] on join button
Dec 11, 2021 2:29:30 AM net.sourceforge.marathon.javaagent.server.JavaServer serve
INFO: POST(/session/2b0880e9-16f7-42ba-8fb9-89a3b453e344/element/72ee1c3d-d2df-43c6-886a-4e9162335445/click, {"id":"72ee1c3d-d2df-43c6-886a-4e9162335445"}) = {data={"name":"clickElement","sessionId":"2b0880e9-16f7-42ba-8fb9-89a3b453e344","status":0}, status=OK}
Dec 11, 2021 2:29:30 AM net.sourceforge.marathon.javaagent.server.JavaServer serve
INFO: JavaServer.serve(DELETE /session/2b0880e9-16f7-42ba-8fb9-89a3b453e344/window): {}
Dec 11, 2021 2:29:30 AM net.sourceforge.marathon.javaagent.server.JavaServer serve
INFO: DELETE(/session/2b0880e9-16f7-42ba-8fb9-89a3b453e344/window) = {data={"name":"closeSession","sessionId":"2b0880e9-16f7-42ba-8fb9-89a3b453e344","status":0}, status=OK}
Dec 11, 2021 2:29:30 AM net.sourceforge.marathon.javaagent.server.JavaServer serve
INFO: JavaServer.serve(POST /session): {
  "desiredCapabilities": {
    "browserName": "java",
    "platform": "ANY"
  },
  "capabilities": {
    "firstMatch": [
      {
        "browserName": "java"
      }
    ]
  }
}
Dec 11, 2021 2:29:30 AM net.sourceforge.marathon.javaagent.server.JavaServer createSession
INFO: Creating device with type: EVENT_QUEUE
Dec 11, 2021 2:29:30 AM net.sourceforge.marathon.javaagent.Device getDevice
INFO: Creating a EVENT_QUEUE device
Dec 11, 2021 2:29:30 AM net.sourceforge.marathon.javaagent.server.JavaServer serve
INFO: POST(/session, {"desiredCapabilities":{"browserName":"java","platform":"ANY"},"capabilities":{"firstMatch":[{"browserName":"java"}]}}) = {data=, status=REDIRECT}
Dec 11, 2021 2:29:30 AM net.sourceforge.marathon.javaagent.server.JavaServer serve
INFO: JavaServer.serve(GET /session/d71b924a-b57b-4b71-b1b3-e9049934dcb9): {}
Dec 11, 2021 2:29:30 AM net.sourceforge.marathon.javaagent.server.JavaServer serve
INFO: GET(/session/d71b924a-b57b-4b71-b1b3-e9049934dcb9) = {data={"name":"getCapabilities","sessionId":"d71b924a-b57b-4b71-b1b3-e9049934dcb9","value":{"applicationCacheEnabled":false,"rotatable":false,"loggingPrefs":{"driver":"ALL"},"handlesAlerts":false,"databaseEnabled":false,"version":"1.0","platform":"ANY","browserConnectionEnabled":false,"nativeEvents":false,"acceptSslCerts":false,"locationContextEnabled":false,"webStorageEnabled":false,"browserName":"java","takesScreenshot":true,"javascriptEnabled":true,"cssSelectorsEnabled":false},"status":0}, status=OK}
Dec 11, 2021 2:29:30 AM org.openqa.selenium.remote.ProtocolHandshake createSession
INFO: Detected dialect: OSS
Dec 11, 2021 2:29:30 AM net.sourceforge.marathon.javaagent.server.JavaServer serve
INFO: JavaServer.serve(POST /session/d71b924a-b57b-4b71-b1b3-e9049934dcb9/element): {
  "using": "name",
  "value": "sniper reset button"
}
Dec 11, 2021 2:29:30 AM net.sourceforge.marathon.javaagent.server.JavaServer serve
INFO: POST(/session/d71b924a-b57b-4b71-b1b3-e9049934dcb9/element, {"using":"name","value":"sniper reset button"}) = {data={"name":"findElement","sessionId":"d71b924a-b57b-4b71-b1b3-e9049934dcb9","value":{"ELEMENT":"9267807f-b1a4-47d5-9612-a24eb36c25d0"},"status":0}, status=OK}
Dec 11, 2021 2:29:30 AM net.sourceforge.marathon.javaagent.server.JavaServer serve
INFO: JavaServer.serve(POST /session/d71b924a-b57b-4b71-b1b3-e9049934dcb9/element/9267807f-b1a4-47d5-9612-a24eb36c25d0/click): {
  "id": "9267807f-b1a4-47d5-9612-a24eb36c25d0"
}
Dec 11, 2021 2:29:30 AM net.sourceforge.marathon.javaagent.EventQueueDevice dispatchEvent
INFO: java.awt.event.MouseEvent[MOUSE_PRESSED,(37,12),absolute(326,474),button=1,modifiers=Button1,extModifiers=Button1,clickCount=1] on sniper reset button
Dec 11, 2021 2:29:30 AM net.sourceforge.marathon.javaagent.EventQueueDevice dispatchEvent
INFO: java.awt.event.MouseEvent[MOUSE_RELEASED,(37,12),absolute(326,474),button=1,modifiers=Button1,clickCount=1] on sniper reset button
Dec 11, 2021 2:29:30 AM net.sourceforge.marathon.javaagent.EventQueueDevice dispatchEvent
INFO: java.awt.event.MouseEvent[MOUSE_CLICKED,(37,12),absolute(326,474),button=1,modifiers=Button1,clickCount=1] on sniper reset button
Dec 11, 2021 2:29:30 AM net.sourceforge.marathon.javaagent.server.JavaServer serve
INFO: POST(/session/d71b924a-b57b-4b71-b1b3-e9049934dcb9/element/9267807f-b1a4-47d5-9612-a24eb36c25d0/click, {"id":"9267807f-b1a4-47d5-9612-a24eb36c25d0"}) = {data={"name":"clickElement","sessionId":"d71b924a-b57b-4b71-b1b3-e9049934dcb9","status":0}, status=OK}
Dec 11, 2021 2:29:30 AM net.sourceforge.marathon.javaagent.server.JavaServer serve
INFO: JavaServer.serve(DELETE /session/d71b924a-b57b-4b71-b1b3-e9049934dcb9/window): {}
Dec 11, 2021 2:29:30 AM net.sourceforge.marathon.javaagent.server.JavaServer serve
INFO: DELETE(/session/d71b924a-b57b-4b71-b1b3-e9049934dcb9/window) = {data={"name":"closeSession","sessionId":"d71b924a-b57b-4b71-b1b3-e9049934dcb9","status":0}, status=OK}
]]></system-err>
</testsuite>
