<?xml version="1.0" encoding="UTF-8"?>
<testsuite name="goos.ui.swing.MainWindowTest" tests="3" skipped="0" failures="0" errors="0" timestamp="2021-11-18T02:25:13" hostname="buildkitsandbox" time="3.105">
  <properties/>
  <testcase name="window has expected features" classname="goos.ui.swing.MainWindowTest" time="2.376"/>
  <testcase name="make user request when join button clicked" classname="goos.ui.swing.MainWindowTest" time="0.569"/>
  <testcase name="make user request when reset button clicked" classname="goos.ui.swing.MainWindowTest" time="0.158"/>
  <system-out><![CDATA[]]></system-out>
  <system-err><![CDATA[Nov 18, 2021 2:25:13 AM io.mockk.impl.log.JULLogger warn
WARNING: Failed to transform class goos/ui/api/UserRequestListener
java.lang.IllegalArgumentException: Unsupported class file major version 59
	at net.bytebuddy.jar.asm.ClassReader.<init>(ClassReader.java:176)
	at net.bytebuddy.jar.asm.ClassReader.<init>(ClassReader.java:158)
	at net.bytebuddy.jar.asm.ClassReader.<init>(ClassReader.java:146)
	at net.bytebuddy.utility.OpenedClassReader.of(OpenedClassReader.java:69)
	at net.bytebuddy.dynamic.scaffold.TypeWriter$Default$ForInlining.create(TypeWriter.java:2877)
	at net.bytebuddy.dynamic.scaffold.TypeWriter$Default.make(TypeWriter.java:1653)
	at net.bytebuddy.dynamic.scaffold.inline.RedefinitionDynamicTypeBuilder.make(RedefinitionDynamicTypeBuilder.java:180)
	at net.bytebuddy.dynamic.scaffold.inline.AbstractInliningDynamicTypeBuilder.make(AbstractInliningDynamicTypeBuilder.java:94)
	at net.bytebuddy.dynamic.DynamicType$Builder$AbstractBase.make(DynamicType.java:2669)
	at io.mockk.proxy.jvm.transformation.InliningClassTransformer.transform(InliningClassTransformer.kt:78)
	at java.instrument/java.lang.instrument.ClassFileTransformer.transform(ClassFileTransformer.java:246)
	at java.instrument/sun.instrument.TransformerManager.transform(TransformerManager.java:188)
	at java.instrument/sun.instrument.InstrumentationImpl.transform(InstrumentationImpl.java:563)
	at java.instrument/sun.instrument.InstrumentationImpl.retransformClasses0(Native Method)
	at java.instrument/sun.instrument.InstrumentationImpl.retransformClasses(InstrumentationImpl.java:167)
	at io.mockk.proxy.jvm.transformation.JvmInlineInstrumentation.retransform(JvmInlineInstrumentation.kt:28)
	at io.mockk.proxy.common.transformation.RetransformInlineInstrumnetation$execute$1.invoke(RetransformInlineInstrumnetation.kt:19)
	at io.mockk.proxy.common.transformation.RetransformInlineInstrumnetation$execute$1.invoke(RetransformInlineInstrumnetation.kt:6)
	at io.mockk.proxy.common.transformation.ClassTransformationSpecMap.applyTransformation(ClassTransformationSpecMap.kt:41)
	at io.mockk.proxy.common.transformation.RetransformInlineInstrumnetation.execute(RetransformInlineInstrumnetation.kt:16)
	at io.mockk.proxy.jvm.ProxyMaker.inline(ProxyMaker.kt:88)
	at io.mockk.proxy.jvm.ProxyMaker.proxy(ProxyMaker.kt:30)
	at io.mockk.impl.instantiation.JvmMockFactory.newProxy(JvmMockFactory.kt:34)
	at io.mockk.impl.instantiation.AbstractMockFactory.newProxy$default(AbstractMockFactory.kt:29)
	at io.mockk.impl.instantiation.AbstractMockFactory.mockk(AbstractMockFactory.kt:59)
	at goos.ui.swing.MainWindowTest$1$1.invokeSuspend(MainWindowTest.kt:90)
	at goos.ui.swing.MainWindowTest$1$1.invoke(MainWindowTest.kt)
	at goos.ui.swing.MainWindowTest$1$1.invoke(MainWindowTest.kt)
	at io.kotest.core.TestConfiguration$beforeTest$1.beforeTest(TestConfiguration.kt:137)
	at io.kotest.core.spec.LifecycleKt.invokeAllBeforeTestCallbacks(lifecycle.kt:76)
	at io.kotest.core.internal.TestCaseExecutor.executeActiveTest(TestCaseExecutor.kt:152)
	at io.kotest.core.internal.TestCaseExecutor.access$executeActiveTest(TestCaseExecutor.kt:57)
	at io.kotest.core.internal.TestCaseExecutor$intercept$innerExecute$1$1.invokeSuspend(TestCaseExecutor.kt:89)
	at io.kotest.core.internal.TestCaseExecutor$intercept$innerExecute$1$1.invoke(TestCaseExecutor.kt)
	at io.kotest.core.internal.TestCaseExecutor$intercept$innerExecute$1$1.invoke(TestCaseExecutor.kt)
	at io.kotest.core.internal.TestCaseExecutor.executeIfEnabled(TestCaseExecutor.kt:117)
	at io.kotest.core.internal.TestCaseExecutor.access$executeIfEnabled(TestCaseExecutor.kt:57)
	at io.kotest.core.internal.TestCaseExecutor$intercept$innerExecute$1.invokeSuspend(TestCaseExecutor.kt:89)
	at io.kotest.core.internal.TestCaseExecutor$intercept$innerExecute$1.invoke(TestCaseExecutor.kt)
	at io.kotest.core.internal.TestCaseExecutor$intercept$innerExecute$1.invoke(TestCaseExecutor.kt)
	at io.kotest.core.internal.TestCaseExecutor.intercept(TestCaseExecutor.kt:103)
	at io.kotest.core.internal.TestCaseExecutor.execute(TestCaseExecutor.kt:69)
	at io.kotest.engine.spec.runners.SingleInstanceSpecRunner.runTest(SingleInstanceSpecRunner.kt:104)
	at io.kotest.engine.spec.runners.SingleInstanceSpecRunner.access$runTest(SingleInstanceSpecRunner.kt:34)
	at io.kotest.engine.spec.runners.SingleInstanceSpecRunner$execute$interceptAndRun$2$4.invokeSuspend(SingleInstanceSpecRunner.kt:57)
	at io.kotest.engine.spec.runners.SingleInstanceSpecRunner$execute$interceptAndRun$2$4.invoke(SingleInstanceSpecRunner.kt)
	at io.kotest.engine.spec.runners.SingleInstanceSpecRunner$execute$interceptAndRun$2$4.invoke(SingleInstanceSpecRunner.kt)
	at io.kotest.engine.launchers.SequentialTestLauncher$launch$3$1$1.invokeSuspend(SequentialTestLauncher.kt:22)
	at kotlin.coroutines.jvm.internal.BaseContinuationImpl.resumeWith(ContinuationImpl.kt:33)
	at kotlinx.coroutines.DispatchedTask.run(DispatchedTask.kt:106)
	at java.base/java.util.concurrent.ThreadPoolExecutor.runWorker(ThreadPoolExecutor.java:1130)
	at java.base/java.util.concurrent.ThreadPoolExecutor$Worker.run(ThreadPoolExecutor.java:630)
	at java.base/java.lang.Thread.run(Thread.java:832)

Nov 18, 2021 2:25:15 AM net.sourceforge.marathon.javaagent.server.JavaServer serve
INFO: JavaServer.serve(POST /session): {
  "desiredCapabilities": {
    "browserName": "java",
    "platform": "ANY"
  },
  "capabilities": {
    "firstMatch": [
      {
        "browserName": "java"
      }
    ]
  }
}
Nov 18, 2021 2:25:15 AM net.sourceforge.marathon.javaagent.server.JavaServer createSession
INFO: Creating device with type: EVENT_QUEUE
Nov 18, 2021 2:25:15 AM net.sourceforge.marathon.javaagent.Device getDevice
INFO: Creating a EVENT_QUEUE device
Nov 18, 2021 2:25:15 AM net.sourceforge.marathon.javaagent.server.JavaServer serve
INFO: POST(/session, {"desiredCapabilities":{"browserName":"java","platform":"ANY"},"capabilities":{"firstMatch":[{"browserName":"java"}]}}) = {data=, status=REDIRECT}
Nov 18, 2021 2:25:15 AM net.sourceforge.marathon.javaagent.server.JavaServer serve
INFO: JavaServer.serve(GET /session/ea70b282-009f-4381-a54e-76840ee9e1cc): {}
Nov 18, 2021 2:25:15 AM net.sourceforge.marathon.javaagent.server.JavaServer serve
INFO: GET(/session/ea70b282-009f-4381-a54e-76840ee9e1cc) = {data={"name":"getCapabilities","sessionId":"ea70b282-009f-4381-a54e-76840ee9e1cc","value":{"applicationCacheEnabled":false,"rotatable":false,"loggingPrefs":{"driver":"ALL"},"handlesAlerts":false,"databaseEnabled":false,"version":"1.0","platform":"ANY","browserConnectionEnabled":false,"nativeEvents":false,"acceptSslCerts":false,"locationContextEnabled":false,"webStorageEnabled":false,"browserName":"java","takesScreenshot":true,"javascriptEnabled":true,"cssSelectorsEnabled":false},"status":0}, status=OK}
Nov 18, 2021 2:25:15 AM org.openqa.selenium.remote.ProtocolHandshake createSession
INFO: Detected dialect: OSS
Nov 18, 2021 2:25:15 AM net.sourceforge.marathon.javaagent.server.JavaServer serve
INFO: JavaServer.serve(POST /session/ea70b282-009f-4381-a54e-76840ee9e1cc/element): {
  "using": "css selector",
  "value": "."
}
Nov 18, 2021 2:25:15 AM net.sourceforge.marathon.javaagent.server.JavaServer serve
INFO: POST(/session/ea70b282-009f-4381-a54e-76840ee9e1cc/element, {"using":"css selector","value":"."}) = {data={"name":"findElement","sessionId":"ea70b282-009f-4381-a54e-76840ee9e1cc","value":{"ELEMENT":"ddf258dd-3960-4ad8-a062-cc23f43d46c9"},"status":0}, status=OK}
Nov 18, 2021 2:25:15 AM net.sourceforge.marathon.javaagent.server.JavaServer serve
INFO: JavaServer.serve(GET /session/ea70b282-009f-4381-a54e-76840ee9e1cc/element/ddf258dd-3960-4ad8-a062-cc23f43d46c9/attribute/name): {}
Nov 18, 2021 2:25:15 AM net.sourceforge.marathon.javaagent.server.JavaServer serve
INFO: GET(/session/ea70b282-009f-4381-a54e-76840ee9e1cc/element/ddf258dd-3960-4ad8-a062-cc23f43d46c9/attribute/name) = {data={"name":"getElementAttribute","sessionId":"ea70b282-009f-4381-a54e-76840ee9e1cc","value":"Auction Sniper Name","status":0}, status=OK}
Nov 18, 2021 2:25:15 AM net.sourceforge.marathon.javaagent.server.JavaServer serve
INFO: JavaServer.serve(POST /session/ea70b282-009f-4381-a54e-76840ee9e1cc/element): {
  "using": "css selector",
  "value": "."
}
Nov 18, 2021 2:25:15 AM net.sourceforge.marathon.javaagent.server.JavaServer serve
INFO: POST(/session/ea70b282-009f-4381-a54e-76840ee9e1cc/element, {"using":"css selector","value":"."}) = {data={"name":"findElement","sessionId":"ea70b282-009f-4381-a54e-76840ee9e1cc","value":{"ELEMENT":"ddf258dd-3960-4ad8-a062-cc23f43d46c9"},"status":0}, status=OK}
Nov 18, 2021 2:25:15 AM net.sourceforge.marathon.javaagent.server.JavaServer serve
INFO: JavaServer.serve(GET /session/ea70b282-009f-4381-a54e-76840ee9e1cc/element/ddf258dd-3960-4ad8-a062-cc23f43d46c9/displayed): {}
Nov 18, 2021 2:25:15 AM net.sourceforge.marathon.javaagent.server.JavaServer serve
INFO: GET(/session/ea70b282-009f-4381-a54e-76840ee9e1cc/element/ddf258dd-3960-4ad8-a062-cc23f43d46c9/displayed) = {data={"name":"isDisplayed","sessionId":"ea70b282-009f-4381-a54e-76840ee9e1cc","value":true,"status":0}, status=OK}
Nov 18, 2021 2:25:15 AM net.sourceforge.marathon.javaagent.server.JavaServer serve
INFO: JavaServer.serve(GET /session/ea70b282-009f-4381-a54e-76840ee9e1cc/title): {}
Nov 18, 2021 2:25:15 AM net.sourceforge.marathon.javaagent.server.JavaServer serve
INFO: GET(/session/ea70b282-009f-4381-a54e-76840ee9e1cc/title) = {data={"name":"getWindowTitle","sessionId":"ea70b282-009f-4381-a54e-76840ee9e1cc","value":"Auction Sniper","status":0}, status=OK}
Nov 18, 2021 2:25:15 AM net.sourceforge.marathon.javaagent.server.JavaServer serve
INFO: JavaServer.serve(POST /session/ea70b282-009f-4381-a54e-76840ee9e1cc/element): {
  "using": "name",
  "value": "snipers table"
}
Nov 18, 2021 2:25:15 AM net.sourceforge.marathon.javaagent.server.JavaServer serve
INFO: POST(/session/ea70b282-009f-4381-a54e-76840ee9e1cc/element, {"using":"name","value":"snipers table"}) = {data={"name":"findElement","sessionId":"ea70b282-009f-4381-a54e-76840ee9e1cc","value":{"ELEMENT":"b99568d6-2193-4557-afcb-fef8a9c71e1c"},"status":0}, status=OK}
Nov 18, 2021 2:25:15 AM net.sourceforge.marathon.javaagent.server.JavaServer serve
INFO: JavaServer.serve(POST /session/ea70b282-009f-4381-a54e-76840ee9e1cc/element/b99568d6-2193-4557-afcb-fef8a9c71e1c/elements): {
  "id": "b99568d6-2193-4557-afcb-fef8a9c71e1c",
  "using": "css selector",
  "value": ".::header.::all-items"
}
Nov 18, 2021 2:25:15 AM net.sourceforge.marathon.javaagent.server.JavaServer serve
INFO: POST(/session/ea70b282-009f-4381-a54e-76840ee9e1cc/element/b99568d6-2193-4557-afcb-fef8a9c71e1c/elements, {"using":"css selector","id":"b99568d6-2193-4557-afcb-fef8a9c71e1c","value":".::header.::all-items"}) = {data={"name":"findElementsOfElement","sessionId":"ea70b282-009f-4381-a54e-76840ee9e1cc","value":[{"ELEMENT":"b69c8910-1e34-4d50-b40f-5858974d422d%23%7B%22selector%22%3A%22nth-item%22%2C%22parameters%22%3A%5B1%5D%7D"},{"ELEMENT":"b69c8910-1e34-4d50-b40f-5858974d422d%23%7B%22selector%22%3A%22nth-item%22%2C%22parameters%22%3A%5B2%5D%7D"},{"ELEMENT":"b69c8910-1e34-4d50-b40f-5858974d422d%23%7B%22selector%22%3A%22nth-item%22%2C%22parameters%22%3A%5B3%5D%7D"},{"ELEMENT":"b69c8910-1e34-4d50-b40f-5858974d422d%23%7B%22selector%22%3A%22nth-item%22%2C%22parameters%22%3A%5B4%5D%7D"}],"status":0}, status=OK}
Nov 18, 2021 2:25:15 AM net.sourceforge.marathon.javaagent.server.JavaServer serve
INFO: JavaServer.serve(GET /session/ea70b282-009f-4381-a54e-76840ee9e1cc/element/b69c8910-1e34-4d50-b40f-5858974d422d%23%7B%22selector%22%3A%22nth-item%22%2C%22parameters%22%3A%5B1%5D%7D/text): {}
Nov 18, 2021 2:25:15 AM net.sourceforge.marathon.javaagent.server.JavaServer serve
INFO: GET(/session/ea70b282-009f-4381-a54e-76840ee9e1cc/element/b69c8910-1e34-4d50-b40f-5858974d422d%23%7B%22selector%22%3A%22nth-item%22%2C%22parameters%22%3A%5B1%5D%7D/text) = {data={"name":"getElementText","sessionId":"ea70b282-009f-4381-a54e-76840ee9e1cc","value":"Item","status":0}, status=OK}
Nov 18, 2021 2:25:15 AM net.sourceforge.marathon.javaagent.server.JavaServer serve
INFO: JavaServer.serve(GET /session/ea70b282-009f-4381-a54e-76840ee9e1cc/element/b69c8910-1e34-4d50-b40f-5858974d422d%23%7B%22selector%22%3A%22nth-item%22%2C%22parameters%22%3A%5B2%5D%7D/text): {}
Nov 18, 2021 2:25:15 AM net.sourceforge.marathon.javaagent.server.JavaServer serve
INFO: GET(/session/ea70b282-009f-4381-a54e-76840ee9e1cc/element/b69c8910-1e34-4d50-b40f-5858974d422d%23%7B%22selector%22%3A%22nth-item%22%2C%22parameters%22%3A%5B2%5D%7D/text) = {data={"name":"getElementText","sessionId":"ea70b282-009f-4381-a54e-76840ee9e1cc","value":"Last Price","status":0}, status=OK}
Nov 18, 2021 2:25:15 AM net.sourceforge.marathon.javaagent.server.JavaServer serve
INFO: JavaServer.serve(GET /session/ea70b282-009f-4381-a54e-76840ee9e1cc/element/b69c8910-1e34-4d50-b40f-5858974d422d%23%7B%22selector%22%3A%22nth-item%22%2C%22parameters%22%3A%5B3%5D%7D/text): {}
Nov 18, 2021 2:25:15 AM net.sourceforge.marathon.javaagent.server.JavaServer serve
INFO: GET(/session/ea70b282-009f-4381-a54e-76840ee9e1cc/element/b69c8910-1e34-4d50-b40f-5858974d422d%23%7B%22selector%22%3A%22nth-item%22%2C%22parameters%22%3A%5B3%5D%7D/text) = {data={"name":"getElementText","sessionId":"ea70b282-009f-4381-a54e-76840ee9e1cc","value":"Last Bid","status":0}, status=OK}
Nov 18, 2021 2:25:15 AM net.sourceforge.marathon.javaagent.server.JavaServer serve
INFO: JavaServer.serve(GET /session/ea70b282-009f-4381-a54e-76840ee9e1cc/element/b69c8910-1e34-4d50-b40f-5858974d422d%23%7B%22selector%22%3A%22nth-item%22%2C%22parameters%22%3A%5B4%5D%7D/text): {}
Nov 18, 2021 2:25:15 AM net.sourceforge.marathon.javaagent.server.JavaServer serve
INFO: GET(/session/ea70b282-009f-4381-a54e-76840ee9e1cc/element/b69c8910-1e34-4d50-b40f-5858974d422d%23%7B%22selector%22%3A%22nth-item%22%2C%22parameters%22%3A%5B4%5D%7D/text) = {data={"name":"getElementText","sessionId":"ea70b282-009f-4381-a54e-76840ee9e1cc","value":"State","status":0}, status=OK}
Nov 18, 2021 2:25:15 AM net.sourceforge.marathon.javaagent.server.JavaServer serve
INFO: JavaServer.serve(DELETE /session/ea70b282-009f-4381-a54e-76840ee9e1cc/window): {}
Nov 18, 2021 2:25:15 AM net.sourceforge.marathon.javaagent.server.JavaServer serve
INFO: DELETE(/session/ea70b282-009f-4381-a54e-76840ee9e1cc/window) = {data={"name":"closeSession","sessionId":"ea70b282-009f-4381-a54e-76840ee9e1cc","status":0}, status=OK}
Nov 18, 2021 2:25:15 AM net.sourceforge.marathon.javaagent.server.JavaServer serve
INFO: JavaServer.serve(POST /session): {
  "desiredCapabilities": {
    "browserName": "java",
    "platform": "ANY"
  },
  "capabilities": {
    "firstMatch": [
      {
        "browserName": "java"
      }
    ]
  }
}
Nov 18, 2021 2:25:15 AM net.sourceforge.marathon.javaagent.server.JavaServer createSession
INFO: Creating device with type: EVENT_QUEUE
Nov 18, 2021 2:25:15 AM net.sourceforge.marathon.javaagent.Device getDevice
INFO: Creating a EVENT_QUEUE device
Nov 18, 2021 2:25:15 AM net.sourceforge.marathon.javaagent.server.JavaServer serve
INFO: POST(/session, {"desiredCapabilities":{"browserName":"java","platform":"ANY"},"capabilities":{"firstMatch":[{"browserName":"java"}]}}) = {data=, status=REDIRECT}
Nov 18, 2021 2:25:15 AM net.sourceforge.marathon.javaagent.server.JavaServer serve
INFO: JavaServer.serve(GET /session/a0c085eb-caf3-4ae6-87f7-533fa22c4f92): {}
Nov 18, 2021 2:25:15 AM net.sourceforge.marathon.javaagent.server.JavaServer serve
INFO: GET(/session/a0c085eb-caf3-4ae6-87f7-533fa22c4f92) = {data={"name":"getCapabilities","sessionId":"a0c085eb-caf3-4ae6-87f7-533fa22c4f92","value":{"applicationCacheEnabled":false,"rotatable":false,"loggingPrefs":{"driver":"ALL"},"handlesAlerts":false,"databaseEnabled":false,"version":"1.0","platform":"ANY","browserConnectionEnabled":false,"nativeEvents":false,"acceptSslCerts":false,"locationContextEnabled":false,"webStorageEnabled":false,"browserName":"java","takesScreenshot":true,"javascriptEnabled":true,"cssSelectorsEnabled":false},"status":0}, status=OK}
Nov 18, 2021 2:25:15 AM org.openqa.selenium.remote.ProtocolHandshake createSession
INFO: Detected dialect: OSS
Nov 18, 2021 2:25:15 AM net.sourceforge.marathon.javaagent.server.JavaServer serve
INFO: JavaServer.serve(POST /session/a0c085eb-caf3-4ae6-87f7-533fa22c4f92/element): {
  "using": "name",
  "value": "new item id field"
}
Nov 18, 2021 2:25:15 AM net.sourceforge.marathon.javaagent.server.JavaServer serve
INFO: POST(/session/a0c085eb-caf3-4ae6-87f7-533fa22c4f92/element, {"using":"name","value":"new item id field"}) = {data={"name":"findElement","sessionId":"a0c085eb-caf3-4ae6-87f7-533fa22c4f92","value":{"ELEMENT":"aeab30a0-7572-429b-bb81-1a922b7361f3"},"status":0}, status=OK}
Nov 18, 2021 2:25:15 AM net.sourceforge.marathon.javaagent.server.JavaServer serve
INFO: JavaServer.serve(POST /session/a0c085eb-caf3-4ae6-87f7-533fa22c4f92/element/aeab30a0-7572-429b-bb81-1a922b7361f3/clear): {
  "id": "aeab30a0-7572-429b-bb81-1a922b7361f3"
}
Nov 18, 2021 2:25:15 AM net.sourceforge.marathon.javaagent.server.JavaServer serve
INFO: POST(/session/a0c085eb-caf3-4ae6-87f7-533fa22c4f92/element/aeab30a0-7572-429b-bb81-1a922b7361f3/clear, {"id":"aeab30a0-7572-429b-bb81-1a922b7361f3"}) = {data={"name":"clearElement","sessionId":"a0c085eb-caf3-4ae6-87f7-533fa22c4f92","status":0}, status=OK}
Nov 18, 2021 2:25:15 AM net.sourceforge.marathon.javaagent.server.JavaServer serve
INFO: JavaServer.serve(POST /session/a0c085eb-caf3-4ae6-87f7-533fa22c4f92/element/aeab30a0-7572-429b-bb81-1a922b7361f3/value): {
  "id": "aeab30a0-7572-429b-bb81-1a922b7361f3",
  "value": [
    "an item-id"
  ]
}
Nov 18, 2021 2:25:15 AM net.sourceforge.marathon.javaagent.EventQueueDevice dispatchEvent
INFO: java.awt.event.KeyEvent[KEY_PRESSED,keyCode=65,keyText=A,keyChar='a',keyLocation=KEY_LOCATION_UNKNOWN,rawCode=0,primaryLevelUnicode=0,scancode=0,extendedKeyCode=0x0] on new item id field
Nov 18, 2021 2:25:15 AM net.sourceforge.marathon.javaagent.EventQueueDevice dispatchEvent
INFO: java.awt.event.KeyEvent[KEY_TYPED,keyCode=0,keyText=Unknown keyCode: 0x0,keyChar='a',keyLocation=KEY_LOCATION_UNKNOWN,rawCode=0,primaryLevelUnicode=0,scancode=0,extendedKeyCode=0x0] on new item id field
Nov 18, 2021 2:25:15 AM net.sourceforge.marathon.javaagent.EventQueueDevice dispatchEvent
INFO: java.awt.event.KeyEvent[KEY_RELEASED,keyCode=65,keyText=A,keyChar='a',keyLocation=KEY_LOCATION_UNKNOWN,rawCode=0,primaryLevelUnicode=0,scancode=0,extendedKeyCode=0x0] on new item id field
Nov 18, 2021 2:25:15 AM net.sourceforge.marathon.javaagent.EventQueueDevice dispatchEvent
INFO: java.awt.event.KeyEvent[KEY_PRESSED,keyCode=78,keyText=N,keyChar='n',keyLocation=KEY_LOCATION_UNKNOWN,rawCode=0,primaryLevelUnicode=0,scancode=0,extendedKeyCode=0x0] on new item id field
Nov 18, 2021 2:25:15 AM net.sourceforge.marathon.javaagent.EventQueueDevice dispatchEvent
INFO: java.awt.event.KeyEvent[KEY_TYPED,keyCode=0,keyText=Unknown keyCode: 0x0,keyChar='n',keyLocation=KEY_LOCATION_UNKNOWN,rawCode=0,primaryLevelUnicode=0,scancode=0,extendedKeyCode=0x0] on new item id field
Nov 18, 2021 2:25:15 AM net.sourceforge.marathon.javaagent.EventQueueDevice dispatchEvent
INFO: java.awt.event.KeyEvent[KEY_RELEASED,keyCode=78,keyText=N,keyChar='n',keyLocation=KEY_LOCATION_UNKNOWN,rawCode=0,primaryLevelUnicode=0,scancode=0,extendedKeyCode=0x0] on new item id field
Nov 18, 2021 2:25:15 AM net.sourceforge.marathon.javaagent.EventQueueDevice dispatchEvent
INFO: java.awt.event.KeyEvent[KEY_PRESSED,keyCode=16,keyText=Shift,keyChar=Undefined keyChar,modifiers=Shift,extModifiers=Shift,keyLocation=KEY_LOCATION_UNKNOWN,rawCode=0,primaryLevelUnicode=0,scancode=0,extendedKeyCode=0x0] on new item id field
Nov 18, 2021 2:25:15 AM net.sourceforge.marathon.javaagent.EventQueueDevice dispatchEvent
INFO: java.awt.event.KeyEvent[KEY_PRESSED,keyCode=32,keyText=Space,keyChar=' ',modifiers=Shift,extModifiers=Shift,keyLocation=KEY_LOCATION_UNKNOWN,rawCode=0,primaryLevelUnicode=0,scancode=0,extendedKeyCode=0x0] on new item id field
Nov 18, 2021 2:25:15 AM net.sourceforge.marathon.javaagent.EventQueueDevice dispatchEvent
INFO: java.awt.event.KeyEvent[KEY_TYPED,keyCode=0,keyText=Unknown keyCode: 0x0,keyChar=' ',modifiers=Shift,extModifiers=Shift,keyLocation=KEY_LOCATION_UNKNOWN,rawCode=0,primaryLevelUnicode=0,scancode=0,extendedKeyCode=0x0] on new item id field
Nov 18, 2021 2:25:15 AM net.sourceforge.marathon.javaagent.EventQueueDevice dispatchEvent
INFO: java.awt.event.KeyEvent[KEY_RELEASED,keyCode=32,keyText=Space,keyChar=' ',modifiers=Shift,extModifiers=Shift,keyLocation=KEY_LOCATION_UNKNOWN,rawCode=0,primaryLevelUnicode=0,scancode=0,extendedKeyCode=0x0] on new item id field
Nov 18, 2021 2:25:15 AM net.sourceforge.marathon.javaagent.EventQueueDevice dispatchEvent
INFO: java.awt.event.KeyEvent[KEY_RELEASED,keyCode=16,keyText=Shift,keyChar=Undefined keyChar,keyLocation=KEY_LOCATION_UNKNOWN,rawCode=0,primaryLevelUnicode=0,scancode=0,extendedKeyCode=0x0] on new item id field
Nov 18, 2021 2:25:15 AM net.sourceforge.marathon.javaagent.EventQueueDevice dispatchEvent
INFO: java.awt.event.KeyEvent[KEY_PRESSED,keyCode=73,keyText=I,keyChar='i',keyLocation=KEY_LOCATION_UNKNOWN,rawCode=0,primaryLevelUnicode=0,scancode=0,extendedKeyCode=0x0] on new item id field
Nov 18, 2021 2:25:15 AM net.sourceforge.marathon.javaagent.EventQueueDevice dispatchEvent
INFO: java.awt.event.KeyEvent[KEY_TYPED,keyCode=0,keyText=Unknown keyCode: 0x0,keyChar='i',keyLocation=KEY_LOCATION_UNKNOWN,rawCode=0,primaryLevelUnicode=0,scancode=0,extendedKeyCode=0x0] on new item id field
Nov 18, 2021 2:25:15 AM net.sourceforge.marathon.javaagent.EventQueueDevice dispatchEvent
INFO: java.awt.event.KeyEvent[KEY_RELEASED,keyCode=73,keyText=I,keyChar='i',keyLocation=KEY_LOCATION_UNKNOWN,rawCode=0,primaryLevelUnicode=0,scancode=0,extendedKeyCode=0x0] on new item id field
Nov 18, 2021 2:25:15 AM net.sourceforge.marathon.javaagent.EventQueueDevice dispatchEvent
INFO: java.awt.event.KeyEvent[KEY_PRESSED,keyCode=84,keyText=T,keyChar='t',keyLocation=KEY_LOCATION_UNKNOWN,rawCode=0,primaryLevelUnicode=0,scancode=0,extendedKeyCode=0x0] on new item id field
Nov 18, 2021 2:25:15 AM net.sourceforge.marathon.javaagent.EventQueueDevice dispatchEvent
INFO: java.awt.event.KeyEvent[KEY_TYPED,keyCode=0,keyText=Unknown keyCode: 0x0,keyChar='t',keyLocation=KEY_LOCATION_UNKNOWN,rawCode=0,primaryLevelUnicode=0,scancode=0,extendedKeyCode=0x0] on new item id field
Nov 18, 2021 2:25:15 AM net.sourceforge.marathon.javaagent.EventQueueDevice dispatchEvent
INFO: java.awt.event.KeyEvent[KEY_RELEASED,keyCode=84,keyText=T,keyChar='t',keyLocation=KEY_LOCATION_UNKNOWN,rawCode=0,primaryLevelUnicode=0,scancode=0,extendedKeyCode=0x0] on new item id field
Nov 18, 2021 2:25:15 AM net.sourceforge.marathon.javaagent.EventQueueDevice dispatchEvent
INFO: java.awt.event.KeyEvent[KEY_PRESSED,keyCode=69,keyText=E,keyChar='e',keyLocation=KEY_LOCATION_UNKNOWN,rawCode=0,primaryLevelUnicode=0,scancode=0,extendedKeyCode=0x0] on new item id field
Nov 18, 2021 2:25:15 AM net.sourceforge.marathon.javaagent.EventQueueDevice dispatchEvent
INFO: java.awt.event.KeyEvent[KEY_TYPED,keyCode=0,keyText=Unknown keyCode: 0x0,keyChar='e',keyLocation=KEY_LOCATION_UNKNOWN,rawCode=0,primaryLevelUnicode=0,scancode=0,extendedKeyCode=0x0] on new item id field
Nov 18, 2021 2:25:15 AM net.sourceforge.marathon.javaagent.EventQueueDevice dispatchEvent
INFO: java.awt.event.KeyEvent[KEY_RELEASED,keyCode=69,keyText=E,keyChar='e',keyLocation=KEY_LOCATION_UNKNOWN,rawCode=0,primaryLevelUnicode=0,scancode=0,extendedKeyCode=0x0] on new item id field
Nov 18, 2021 2:25:15 AM net.sourceforge.marathon.javaagent.EventQueueDevice dispatchEvent
INFO: java.awt.event.KeyEvent[KEY_PRESSED,keyCode=77,keyText=M,keyChar='m',keyLocation=KEY_LOCATION_UNKNOWN,rawCode=0,primaryLevelUnicode=0,scancode=0,extendedKeyCode=0x0] on new item id field
Nov 18, 2021 2:25:15 AM net.sourceforge.marathon.javaagent.EventQueueDevice dispatchEvent
INFO: java.awt.event.KeyEvent[KEY_TYPED,keyCode=0,keyText=Unknown keyCode: 0x0,keyChar='m',keyLocation=KEY_LOCATION_UNKNOWN,rawCode=0,primaryLevelUnicode=0,scancode=0,extendedKeyCode=0x0] on new item id field
Nov 18, 2021 2:25:15 AM net.sourceforge.marathon.javaagent.EventQueueDevice dispatchEvent
INFO: java.awt.event.KeyEvent[KEY_RELEASED,keyCode=77,keyText=M,keyChar='m',keyLocation=KEY_LOCATION_UNKNOWN,rawCode=0,primaryLevelUnicode=0,scancode=0,extendedKeyCode=0x0] on new item id field
Nov 18, 2021 2:25:15 AM net.sourceforge.marathon.javaagent.EventQueueDevice dispatchEvent
INFO: java.awt.event.KeyEvent[KEY_PRESSED,keyCode=45,keyText=Minus,keyChar='-',keyLocation=KEY_LOCATION_UNKNOWN,rawCode=0,primaryLevelUnicode=0,scancode=0,extendedKeyCode=0x0] on new item id field
Nov 18, 2021 2:25:15 AM net.sourceforge.marathon.javaagent.EventQueueDevice dispatchEvent
INFO: java.awt.event.KeyEvent[KEY_TYPED,keyCode=0,keyText=Unknown keyCode: 0x0,keyChar='-',keyLocation=KEY_LOCATION_UNKNOWN,rawCode=0,primaryLevelUnicode=0,scancode=0,extendedKeyCode=0x0] on new item id field
Nov 18, 2021 2:25:15 AM net.sourceforge.marathon.javaagent.EventQueueDevice dispatchEvent
INFO: java.awt.event.KeyEvent[KEY_RELEASED,keyCode=45,keyText=Minus,keyChar='-',keyLocation=KEY_LOCATION_UNKNOWN,rawCode=0,primaryLevelUnicode=0,scancode=0,extendedKeyCode=0x0] on new item id field
Nov 18, 2021 2:25:15 AM net.sourceforge.marathon.javaagent.EventQueueDevice dispatchEvent
INFO: java.awt.event.KeyEvent[KEY_PRESSED,keyCode=73,keyText=I,keyChar='i',keyLocation=KEY_LOCATION_UNKNOWN,rawCode=0,primaryLevelUnicode=0,scancode=0,extendedKeyCode=0x0] on new item id field
Nov 18, 2021 2:25:15 AM net.sourceforge.marathon.javaagent.EventQueueDevice dispatchEvent
INFO: java.awt.event.KeyEvent[KEY_TYPED,keyCode=0,keyText=Unknown keyCode: 0x0,keyChar='i',keyLocation=KEY_LOCATION_UNKNOWN,rawCode=0,primaryLevelUnicode=0,scancode=0,extendedKeyCode=0x0] on new item id field
Nov 18, 2021 2:25:15 AM net.sourceforge.marathon.javaagent.EventQueueDevice dispatchEvent
INFO: java.awt.event.KeyEvent[KEY_RELEASED,keyCode=73,keyText=I,keyChar='i',keyLocation=KEY_LOCATION_UNKNOWN,rawCode=0,primaryLevelUnicode=0,scancode=0,extendedKeyCode=0x0] on new item id field
Nov 18, 2021 2:25:15 AM net.sourceforge.marathon.javaagent.EventQueueDevice dispatchEvent
INFO: java.awt.event.KeyEvent[KEY_PRESSED,keyCode=68,keyText=D,keyChar='d',keyLocation=KEY_LOCATION_UNKNOWN,rawCode=0,primaryLevelUnicode=0,scancode=0,extendedKeyCode=0x0] on new item id field
Nov 18, 2021 2:25:15 AM net.sourceforge.marathon.javaagent.EventQueueDevice dispatchEvent
INFO: java.awt.event.KeyEvent[KEY_TYPED,keyCode=0,keyText=Unknown keyCode: 0x0,keyChar='d',keyLocation=KEY_LOCATION_UNKNOWN,rawCode=0,primaryLevelUnicode=0,scancode=0,extendedKeyCode=0x0] on new item id field
Nov 18, 2021 2:25:15 AM net.sourceforge.marathon.javaagent.EventQueueDevice dispatchEvent
INFO: java.awt.event.KeyEvent[KEY_RELEASED,keyCode=68,keyText=D,keyChar='d',keyLocation=KEY_LOCATION_UNKNOWN,rawCode=0,primaryLevelUnicode=0,scancode=0,extendedKeyCode=0x0] on new item id field
Nov 18, 2021 2:25:15 AM net.sourceforge.marathon.javaagent.server.JavaServer serve
INFO: POST(/session/a0c085eb-caf3-4ae6-87f7-533fa22c4f92/element/aeab30a0-7572-429b-bb81-1a922b7361f3/value, {"id":"aeab30a0-7572-429b-bb81-1a922b7361f3","value":["an item-id"]}) = {data={"name":"sendKeysElement","sessionId":"a0c085eb-caf3-4ae6-87f7-533fa22c4f92","status":0}, status=OK}
Nov 18, 2021 2:25:15 AM net.sourceforge.marathon.javaagent.server.JavaServer serve
INFO: JavaServer.serve(POST /session/a0c085eb-caf3-4ae6-87f7-533fa22c4f92/element): {
  "using": "name",
  "value": "new item stop price field"
}
Nov 18, 2021 2:25:15 AM net.sourceforge.marathon.javaagent.server.JavaServer serve
INFO: POST(/session/a0c085eb-caf3-4ae6-87f7-533fa22c4f92/element, {"using":"name","value":"new item stop price field"}) = {data={"name":"findElement","sessionId":"a0c085eb-caf3-4ae6-87f7-533fa22c4f92","value":{"ELEMENT":"01985112-af6f-48c1-9cfa-90c58e911e7d"},"status":0}, status=OK}
Nov 18, 2021 2:25:15 AM net.sourceforge.marathon.javaagent.server.JavaServer serve
INFO: JavaServer.serve(POST /session/a0c085eb-caf3-4ae6-87f7-533fa22c4f92/element/01985112-af6f-48c1-9cfa-90c58e911e7d/clear): {
  "id": "01985112-af6f-48c1-9cfa-90c58e911e7d"
}
Nov 18, 2021 2:25:15 AM net.sourceforge.marathon.javaagent.server.JavaServer serve
INFO: POST(/session/a0c085eb-caf3-4ae6-87f7-533fa22c4f92/element/01985112-af6f-48c1-9cfa-90c58e911e7d/clear, {"id":"01985112-af6f-48c1-9cfa-90c58e911e7d"}) = {data={"name":"clearElement","sessionId":"a0c085eb-caf3-4ae6-87f7-533fa22c4f92","status":0}, status=OK}
Nov 18, 2021 2:25:15 AM net.sourceforge.marathon.javaagent.server.JavaServer serve
INFO: JavaServer.serve(POST /session/a0c085eb-caf3-4ae6-87f7-533fa22c4f92/element/01985112-af6f-48c1-9cfa-90c58e911e7d/value): {
  "id": "01985112-af6f-48c1-9cfa-90c58e911e7d",
  "value": [
    "11000"
  ]
}
Nov 18, 2021 2:25:15 AM net.sourceforge.marathon.javaagent.EventQueueDevice dispatchEvent
INFO: java.awt.event.KeyEvent[KEY_PRESSED,keyCode=49,keyText=1,keyChar='1',keyLocation=KEY_LOCATION_UNKNOWN,rawCode=0,primaryLevelUnicode=0,scancode=0,extendedKeyCode=0x0] on new item stop price field
Nov 18, 2021 2:25:15 AM net.sourceforge.marathon.javaagent.EventQueueDevice dispatchEvent
INFO: java.awt.event.KeyEvent[KEY_TYPED,keyCode=0,keyText=Unknown keyCode: 0x0,keyChar='1',keyLocation=KEY_LOCATION_UNKNOWN,rawCode=0,primaryLevelUnicode=0,scancode=0,extendedKeyCode=0x0] on new item stop price field
Nov 18, 2021 2:25:15 AM net.sourceforge.marathon.javaagent.EventQueueDevice dispatchEvent
INFO: java.awt.event.KeyEvent[KEY_RELEASED,keyCode=49,keyText=1,keyChar='1',keyLocation=KEY_LOCATION_UNKNOWN,rawCode=0,primaryLevelUnicode=0,scancode=0,extendedKeyCode=0x0] on new item stop price field
Nov 18, 2021 2:25:15 AM net.sourceforge.marathon.javaagent.EventQueueDevice dispatchEvent
INFO: java.awt.event.KeyEvent[KEY_PRESSED,keyCode=49,keyText=1,keyChar='1',keyLocation=KEY_LOCATION_UNKNOWN,rawCode=0,primaryLevelUnicode=0,scancode=0,extendedKeyCode=0x0] on new item stop price field
Nov 18, 2021 2:25:15 AM net.sourceforge.marathon.javaagent.EventQueueDevice dispatchEvent
INFO: java.awt.event.KeyEvent[KEY_TYPED,keyCode=0,keyText=Unknown keyCode: 0x0,keyChar='1',keyLocation=KEY_LOCATION_UNKNOWN,rawCode=0,primaryLevelUnicode=0,scancode=0,extendedKeyCode=0x0] on new item stop price field
Nov 18, 2021 2:25:15 AM net.sourceforge.marathon.javaagent.EventQueueDevice dispatchEvent
INFO: java.awt.event.KeyEvent[KEY_RELEASED,keyCode=49,keyText=1,keyChar='1',keyLocation=KEY_LOCATION_UNKNOWN,rawCode=0,primaryLevelUnicode=0,scancode=0,extendedKeyCode=0x0] on new item stop price field
Nov 18, 2021 2:25:15 AM net.sourceforge.marathon.javaagent.EventQueueDevice dispatchEvent
INFO: java.awt.event.KeyEvent[KEY_PRESSED,keyCode=48,keyText=0,keyChar='0',keyLocation=KEY_LOCATION_UNKNOWN,rawCode=0,primaryLevelUnicode=0,scancode=0,extendedKeyCode=0x0] on new item stop price field
Nov 18, 2021 2:25:15 AM net.sourceforge.marathon.javaagent.EventQueueDevice dispatchEvent
INFO: java.awt.event.KeyEvent[KEY_TYPED,keyCode=0,keyText=Unknown keyCode: 0x0,keyChar='0',keyLocation=KEY_LOCATION_UNKNOWN,rawCode=0,primaryLevelUnicode=0,scancode=0,extendedKeyCode=0x0] on new item stop price field
Nov 18, 2021 2:25:15 AM net.sourceforge.marathon.javaagent.EventQueueDevice dispatchEvent
INFO: java.awt.event.KeyEvent[KEY_RELEASED,keyCode=48,keyText=0,keyChar='0',keyLocation=KEY_LOCATION_UNKNOWN,rawCode=0,primaryLevelUnicode=0,scancode=0,extendedKeyCode=0x0] on new item stop price field
Nov 18, 2021 2:25:15 AM net.sourceforge.marathon.javaagent.EventQueueDevice dispatchEvent
INFO: java.awt.event.KeyEvent[KEY_PRESSED,keyCode=48,keyText=0,keyChar='0',keyLocation=KEY_LOCATION_UNKNOWN,rawCode=0,primaryLevelUnicode=0,scancode=0,extendedKeyCode=0x0] on new item stop price field
Nov 18, 2021 2:25:15 AM net.sourceforge.marathon.javaagent.EventQueueDevice dispatchEvent
INFO: java.awt.event.KeyEvent[KEY_TYPED,keyCode=0,keyText=Unknown keyCode: 0x0,keyChar='0',keyLocation=KEY_LOCATION_UNKNOWN,rawCode=0,primaryLevelUnicode=0,scancode=0,extendedKeyCode=0x0] on new item stop price field
Nov 18, 2021 2:25:15 AM net.sourceforge.marathon.javaagent.EventQueueDevice dispatchEvent
INFO: java.awt.event.KeyEvent[KEY_RELEASED,keyCode=48,keyText=0,keyChar='0',keyLocation=KEY_LOCATION_UNKNOWN,rawCode=0,primaryLevelUnicode=0,scancode=0,extendedKeyCode=0x0] on new item stop price field
Nov 18, 2021 2:25:15 AM net.sourceforge.marathon.javaagent.EventQueueDevice dispatchEvent
INFO: java.awt.event.KeyEvent[KEY_PRESSED,keyCode=48,keyText=0,keyChar='0',keyLocation=KEY_LOCATION_UNKNOWN,rawCode=0,primaryLevelUnicode=0,scancode=0,extendedKeyCode=0x0] on new item stop price field
Nov 18, 2021 2:25:15 AM net.sourceforge.marathon.javaagent.EventQueueDevice dispatchEvent
INFO: java.awt.event.KeyEvent[KEY_TYPED,keyCode=0,keyText=Unknown keyCode: 0x0,keyChar='0',keyLocation=KEY_LOCATION_UNKNOWN,rawCode=0,primaryLevelUnicode=0,scancode=0,extendedKeyCode=0x0] on new item stop price field
Nov 18, 2021 2:25:15 AM net.sourceforge.marathon.javaagent.EventQueueDevice dispatchEvent
INFO: java.awt.event.KeyEvent[KEY_RELEASED,keyCode=48,keyText=0,keyChar='0',keyLocation=KEY_LOCATION_UNKNOWN,rawCode=0,primaryLevelUnicode=0,scancode=0,extendedKeyCode=0x0] on new item stop price field
Nov 18, 2021 2:25:15 AM net.sourceforge.marathon.javaagent.server.JavaServer serve
INFO: POST(/session/a0c085eb-caf3-4ae6-87f7-533fa22c4f92/element/01985112-af6f-48c1-9cfa-90c58e911e7d/value, {"id":"01985112-af6f-48c1-9cfa-90c58e911e7d","value":["11000"]}) = {data={"name":"sendKeysElement","sessionId":"a0c085eb-caf3-4ae6-87f7-533fa22c4f92","status":0}, status=OK}
Nov 18, 2021 2:25:15 AM net.sourceforge.marathon.javaagent.server.JavaServer serve
INFO: JavaServer.serve(POST /session/a0c085eb-caf3-4ae6-87f7-533fa22c4f92/element): {
  "using": "name",
  "value": "join button"
}
Nov 18, 2021 2:25:15 AM net.sourceforge.marathon.javaagent.server.JavaServer serve
INFO: POST(/session/a0c085eb-caf3-4ae6-87f7-533fa22c4f92/element, {"using":"name","value":"join button"}) = {data={"name":"findElement","sessionId":"a0c085eb-caf3-4ae6-87f7-533fa22c4f92","value":{"ELEMENT":"52505c75-5725-4336-958f-8b97d4fd1c72"},"status":0}, status=OK}
Nov 18, 2021 2:25:15 AM net.sourceforge.marathon.javaagent.server.JavaServer serve
INFO: JavaServer.serve(POST /session/a0c085eb-caf3-4ae6-87f7-533fa22c4f92/element/52505c75-5725-4336-958f-8b97d4fd1c72/click): {
  "id": "52505c75-5725-4336-958f-8b97d4fd1c72"
}
Nov 18, 2021 2:25:15 AM net.sourceforge.marathon.javaagent.EventQueueDevice dispatchEvent
INFO: java.awt.event.MouseEvent[MOUSE_PRESSED,(58,12),absolute(589,17),button=1,modifiers=Button1,extModifiers=Button1,clickCount=1] on join button
Nov 18, 2021 2:25:15 AM net.sourceforge.marathon.javaagent.EventQueueDevice dispatchEvent
INFO: java.awt.event.MouseEvent[MOUSE_RELEASED,(58,12),absolute(589,17),button=1,modifiers=Button1,clickCount=1] on join button
Nov 18, 2021 2:25:15 AM net.sourceforge.marathon.javaagent.EventQueueDevice dispatchEvent
INFO: java.awt.event.MouseEvent[MOUSE_CLICKED,(58,12),absolute(589,17),button=1,modifiers=Button1,clickCount=1] on join button
Nov 18, 2021 2:25:16 AM net.sourceforge.marathon.javaagent.server.JavaServer serve
INFO: POST(/session/a0c085eb-caf3-4ae6-87f7-533fa22c4f92/element/52505c75-5725-4336-958f-8b97d4fd1c72/click, {"id":"52505c75-5725-4336-958f-8b97d4fd1c72"}) = {data={"name":"clickElement","sessionId":"a0c085eb-caf3-4ae6-87f7-533fa22c4f92","status":0}, status=OK}
Nov 18, 2021 2:25:16 AM net.sourceforge.marathon.javaagent.server.JavaServer serve
INFO: JavaServer.serve(DELETE /session/a0c085eb-caf3-4ae6-87f7-533fa22c4f92/window): {}
Nov 18, 2021 2:25:16 AM net.sourceforge.marathon.javaagent.server.JavaServer serve
INFO: DELETE(/session/a0c085eb-caf3-4ae6-87f7-533fa22c4f92/window) = {data={"name":"closeSession","sessionId":"a0c085eb-caf3-4ae6-87f7-533fa22c4f92","status":0}, status=OK}
Nov 18, 2021 2:25:16 AM net.sourceforge.marathon.javaagent.server.JavaServer serve
INFO: JavaServer.serve(POST /session): {
  "desiredCapabilities": {
    "browserName": "java",
    "platform": "ANY"
  },
  "capabilities": {
    "firstMatch": [
      {
        "browserName": "java"
      }
    ]
  }
}
Nov 18, 2021 2:25:16 AM net.sourceforge.marathon.javaagent.server.JavaServer createSession
INFO: Creating device with type: EVENT_QUEUE
Nov 18, 2021 2:25:16 AM net.sourceforge.marathon.javaagent.Device getDevice
INFO: Creating a EVENT_QUEUE device
Nov 18, 2021 2:25:16 AM net.sourceforge.marathon.javaagent.server.JavaServer serve
INFO: POST(/session, {"desiredCapabilities":{"browserName":"java","platform":"ANY"},"capabilities":{"firstMatch":[{"browserName":"java"}]}}) = {data=, status=REDIRECT}
Nov 18, 2021 2:25:16 AM net.sourceforge.marathon.javaagent.server.JavaServer serve
INFO: JavaServer.serve(GET /session/c1fbbf9c-5f26-44b5-abff-0dc4427e3a29): {}
Nov 18, 2021 2:25:16 AM net.sourceforge.marathon.javaagent.server.JavaServer serve
INFO: GET(/session/c1fbbf9c-5f26-44b5-abff-0dc4427e3a29) = {data={"name":"getCapabilities","sessionId":"c1fbbf9c-5f26-44b5-abff-0dc4427e3a29","value":{"applicationCacheEnabled":false,"rotatable":false,"loggingPrefs":{"driver":"ALL"},"handlesAlerts":false,"databaseEnabled":false,"version":"1.0","platform":"ANY","browserConnectionEnabled":false,"nativeEvents":false,"acceptSslCerts":false,"locationContextEnabled":false,"webStorageEnabled":false,"browserName":"java","takesScreenshot":true,"javascriptEnabled":true,"cssSelectorsEnabled":false},"status":0}, status=OK}
Nov 18, 2021 2:25:16 AM org.openqa.selenium.remote.ProtocolHandshake createSession
INFO: Detected dialect: OSS
Nov 18, 2021 2:25:16 AM net.sourceforge.marathon.javaagent.server.JavaServer serve
INFO: JavaServer.serve(POST /session/c1fbbf9c-5f26-44b5-abff-0dc4427e3a29/element): {
  "using": "name",
  "value": "sniper reset button"
}
Nov 18, 2021 2:25:16 AM net.sourceforge.marathon.javaagent.server.JavaServer serve
INFO: POST(/session/c1fbbf9c-5f26-44b5-abff-0dc4427e3a29/element, {"using":"name","value":"sniper reset button"}) = {data={"name":"findElement","sessionId":"c1fbbf9c-5f26-44b5-abff-0dc4427e3a29","value":{"ELEMENT":"2b1ef3b3-0325-4287-9168-7a59cdca33e5"},"status":0}, status=OK}
Nov 18, 2021 2:25:16 AM net.sourceforge.marathon.javaagent.server.JavaServer serve
INFO: JavaServer.serve(POST /session/c1fbbf9c-5f26-44b5-abff-0dc4427e3a29/element/2b1ef3b3-0325-4287-9168-7a59cdca33e5/click): {
  "id": "2b1ef3b3-0325-4287-9168-7a59cdca33e5"
}
Nov 18, 2021 2:25:16 AM net.sourceforge.marathon.javaagent.EventQueueDevice dispatchEvent
INFO: java.awt.event.MouseEvent[MOUSE_PRESSED,(37,12),absolute(326,474),button=1,modifiers=Button1,extModifiers=Button1,clickCount=1] on sniper reset button
Nov 18, 2021 2:25:16 AM net.sourceforge.marathon.javaagent.EventQueueDevice dispatchEvent
INFO: java.awt.event.MouseEvent[MOUSE_RELEASED,(37,12),absolute(326,474),button=1,modifiers=Button1,clickCount=1] on sniper reset button
Nov 18, 2021 2:25:16 AM net.sourceforge.marathon.javaagent.EventQueueDevice dispatchEvent
INFO: java.awt.event.MouseEvent[MOUSE_CLICKED,(37,12),absolute(326,474),button=1,modifiers=Button1,clickCount=1] on sniper reset button
Nov 18, 2021 2:25:16 AM net.sourceforge.marathon.javaagent.server.JavaServer serve
INFO: POST(/session/c1fbbf9c-5f26-44b5-abff-0dc4427e3a29/element/2b1ef3b3-0325-4287-9168-7a59cdca33e5/click, {"id":"2b1ef3b3-0325-4287-9168-7a59cdca33e5"}) = {data={"name":"clickElement","sessionId":"c1fbbf9c-5f26-44b5-abff-0dc4427e3a29","status":0}, status=OK}
Nov 18, 2021 2:25:16 AM net.sourceforge.marathon.javaagent.server.JavaServer serve
INFO: JavaServer.serve(DELETE /session/c1fbbf9c-5f26-44b5-abff-0dc4427e3a29/window): {}
Nov 18, 2021 2:25:16 AM net.sourceforge.marathon.javaagent.server.JavaServer serve
INFO: DELETE(/session/c1fbbf9c-5f26-44b5-abff-0dc4427e3a29/window) = {data={"name":"closeSession","sessionId":"c1fbbf9c-5f26-44b5-abff-0dc4427e3a29","status":0}, status=OK}
]]></system-err>
</testsuite>
