<?xml version="1.0" encoding="UTF-8"?>
<testsuite name="Kotest" tests="8" skipped="0" failures="0" errors="0" time="14.906" hostname="b3ad71d2df11" timestamp="2021-11-17T02:27:50">
<properties>
<property name="file.encoding" value="UTF-8"/>
<property name="file.separator" value="/"/>
<property name="java.class.path" value="end-to-end-tests.jar"/>
<property name="java.class.version" value="59.0"/>
<property name="java.home" value="/opt/java/openjdk"/>
<property name="java.io.tmpdir" value="/tmp"/>
<property name="java.library.path" value="/usr/java/packages/lib:/usr/lib64:/lib64:/lib:/usr/lib"/>
<property name="java.runtime.name" value="OpenJDK Runtime Environment"/>
<property name="java.runtime.version" value="15.0.2+7"/>
<property name="java.security.auth.login.config" value="gss.conf"/>
<property name="java.specification.name" value="Java Platform API Specification"/>
<property name="java.specification.vendor" value="Oracle Corporation"/>
<property name="java.specification.version" value="15"/>
<property name="java.vendor" value="AdoptOpenJDK"/>
<property name="java.vendor.url" value="https://adoptopenjdk.net/"/>
<property name="java.vendor.url.bug" value="https://github.com/AdoptOpenJDK/openjdk-support/issues"/>
<property name="java.vendor.version" value="AdoptOpenJDK"/>
<property name="java.version" value="15.0.2"/>
<property name="java.version.date" value="2021-01-19"/>
<property name="java.vm.compressedOopsMode" value="32-bit"/>
<property name="java.vm.info" value="mixed mode, sharing"/>
<property name="java.vm.name" value="OpenJDK 64-Bit Server VM"/>
<property name="java.vm.specification.name" value="Java Virtual Machine Specification"/>
<property name="java.vm.specification.vendor" value="Oracle Corporation"/>
<property name="java.vm.specification.version" value="15"/>
<property name="java.vm.vendor" value="AdoptOpenJDK"/>
<property name="java.vm.version" value="15.0.2+7"/>
<property name="javax.security.auth.useSubjectCredsOnly" value="false"/>
<property name="jdk.debug" value="release"/>
<property name="line.separator" value="
"/>
<property name="os.arch" value="amd64"/>
<property name="os.name" value="Linux"/>
<property name="os.version" value="5.4.0-1062-azure"/>
<property name="path.separator" value=":"/>
<property name="sun.arch.data.model" value="64"/>
<property name="sun.boot.library.path" value="/opt/java/openjdk/lib"/>
<property name="sun.cpu.endian" value="little"/>
<property name="sun.io.unicode.encoding" value="UnicodeLittle"/>
<property name="sun.java.command" value="end-to-end-tests.jar --disable-banner --reports-dir=build/reports"/>
<property name="sun.java.launcher" value="SUN_STANDARD"/>
<property name="sun.jnu.encoding" value="UTF-8"/>
<property name="sun.management.compiler" value="HotSpot 64-Bit Tiered Compilers"/>
<property name="user.country" value="US"/>
<property name="user.dir" value="/home/worker/work"/>
<property name="user.home" value="/home/worker"/>
<property name="user.language" value="en"/>
<property name="user.name" value="worker"/>
<property name="user.timezone" value="GMT"/>
</properties>
<testcase name="basic appearance of the app" classname="goos.AuctionSniperEndToEndTest" time="1.124">
<system-out><![CDATA[
unique-id: [engine:kotest]/[spec:goos.AuctionSniperEndToEndTest]/[test:basic appearance of the app]
display-name: basic appearance of the app
]]></system-out>
</testcase>
<testcase name="sniper joins auction, loses without bidding" classname="goos.AuctionSniperEndToEndTest" time="1.833">
<system-out><![CDATA[
unique-id: [engine:kotest]/[spec:goos.AuctionSniperEndToEndTest]/[test:sniper joins auction, loses without bidding]
display-name: sniper joins auction, loses without bidding
]]></system-out>
</testcase>
<testcase name="sniper joins auction, bids and loses" classname="goos.AuctionSniperEndToEndTest" time="1.574">
<system-out><![CDATA[
unique-id: [engine:kotest]/[spec:goos.AuctionSniperEndToEndTest]/[test:sniper joins auction, bids and loses]
display-name: sniper joins auction, bids and loses
]]></system-out>
</testcase>
<testcase name="sniper wins an auction by bidding higher" classname="goos.AuctionSniperEndToEndTest" time="1.453">
<system-out><![CDATA[
unique-id: [engine:kotest]/[spec:goos.AuctionSniperEndToEndTest]/[test:sniper wins an auction by bidding higher]
display-name: sniper wins an auction by bidding higher
]]></system-out>
</testcase>
<testcase name="sniper loses an auction after bidding" classname="goos.AuctionSniperEndToEndTest" time="1.565">
<system-out><![CDATA[
unique-id: [engine:kotest]/[spec:goos.AuctionSniperEndToEndTest]/[test:sniper loses an auction after bidding]
display-name: sniper loses an auction after bidding
]]></system-out>
</testcase>
<testcase name="sniper bids for multiple items" classname="goos.AuctionSniperEndToEndTest" time="2.579">
<system-out><![CDATA[
unique-id: [engine:kotest]/[spec:goos.AuctionSniperEndToEndTest]/[test:sniper bids for multiple items]
display-name: sniper bids for multiple items
]]></system-out>
</testcase>
<testcase name="sniper loses an auction when the price is too high" classname="goos.AuctionSniperEndToEndTest" time="1.577">
<system-out><![CDATA[
unique-id: [engine:kotest]/[spec:goos.AuctionSniperEndToEndTest]/[test:sniper loses an auction when the price is too high]
display-name: sniper loses an auction when the price is too high
]]></system-out>
</testcase>
<testcase name="sniper reports invalid auction message and stops responding to events" classname="goos.AuctionSniperEndToEndTest" time="2.124">
<system-out><![CDATA[
unique-id: [engine:kotest]/[spec:goos.AuctionSniperEndToEndTest]/[test:sniper reports invalid auction message and stops responding to events]
display-name: sniper reports invalid auction message and stops responding to events
]]></system-out>
</testcase>
<system-out><![CDATA[
unique-id: [engine:kotest]
display-name: Kotest
]]></system-out>
</testsuite>
