<?xml version="1.0" encoding="UTF-8"?>
<testsuite name="goos.ui.swing.MainWindowTest" tests="3" skipped="0" failures="0" errors="0" timestamp="2021-10-27T02:23:19" hostname="buildkitsandbox" time="3.409">
  <properties/>
  <testcase name="window has expected features" classname="goos.ui.swing.MainWindowTest" time="2.596"/>
  <testcase name="make user request when join button clicked" classname="goos.ui.swing.MainWindowTest" time="0.637"/>
  <testcase name="make user request when reset button clicked" classname="goos.ui.swing.MainWindowTest" time="0.172"/>
  <system-out><![CDATA[]]></system-out>
  <system-err><![CDATA[Oct 27, 2021 2:23:20 AM io.mockk.impl.log.JULLogger warn
WARNING: Failed to transform class goos/ui/api/UserRequestListener
java.lang.IllegalArgumentException: Unsupported class file major version 59
	at net.bytebuddy.jar.asm.ClassReader.<init>(ClassReader.java:176)
	at net.bytebuddy.jar.asm.ClassReader.<init>(ClassReader.java:158)
	at net.bytebuddy.jar.asm.ClassReader.<init>(ClassReader.java:146)
	at net.bytebuddy.utility.OpenedClassReader.of(OpenedClassReader.java:69)
	at net.bytebuddy.dynamic.scaffold.TypeWriter$Default$ForInlining.create(TypeWriter.java:2877)
	at net.bytebuddy.dynamic.scaffold.TypeWriter$Default.make(TypeWriter.java:1653)
	at net.bytebuddy.dynamic.scaffold.inline.RedefinitionDynamicTypeBuilder.make(RedefinitionDynamicTypeBuilder.java:180)
	at net.bytebuddy.dynamic.scaffold.inline.AbstractInliningDynamicTypeBuilder.make(AbstractInliningDynamicTypeBuilder.java:94)
	at net.bytebuddy.dynamic.DynamicType$Builder$AbstractBase.make(DynamicType.java:2669)
	at io.mockk.proxy.jvm.transformation.InliningClassTransformer.transform(InliningClassTransformer.kt:78)
	at java.instrument/java.lang.instrument.ClassFileTransformer.transform(ClassFileTransformer.java:246)
	at java.instrument/sun.instrument.TransformerManager.transform(TransformerManager.java:188)
	at java.instrument/sun.instrument.InstrumentationImpl.transform(InstrumentationImpl.java:563)
	at java.instrument/sun.instrument.InstrumentationImpl.retransformClasses0(Native Method)
	at java.instrument/sun.instrument.InstrumentationImpl.retransformClasses(InstrumentationImpl.java:167)
	at io.mockk.proxy.jvm.transformation.JvmInlineInstrumentation.retransform(JvmInlineInstrumentation.kt:28)
	at io.mockk.proxy.common.transformation.RetransformInlineInstrumnetation$execute$1.invoke(RetransformInlineInstrumnetation.kt:19)
	at io.mockk.proxy.common.transformation.RetransformInlineInstrumnetation$execute$1.invoke(RetransformInlineInstrumnetation.kt:6)
	at io.mockk.proxy.common.transformation.ClassTransformationSpecMap.applyTransformation(ClassTransformationSpecMap.kt:41)
	at io.mockk.proxy.common.transformation.RetransformInlineInstrumnetation.execute(RetransformInlineInstrumnetation.kt:16)
	at io.mockk.proxy.jvm.ProxyMaker.inline(ProxyMaker.kt:88)
	at io.mockk.proxy.jvm.ProxyMaker.proxy(ProxyMaker.kt:30)
	at io.mockk.impl.instantiation.JvmMockFactory.newProxy(JvmMockFactory.kt:34)
	at io.mockk.impl.instantiation.AbstractMockFactory.newProxy$default(AbstractMockFactory.kt:29)
	at io.mockk.impl.instantiation.AbstractMockFactory.mockk(AbstractMockFactory.kt:59)
	at goos.ui.swing.MainWindowTest$1$1.invokeSuspend(MainWindowTest.kt:90)
	at goos.ui.swing.MainWindowTest$1$1.invoke(MainWindowTest.kt)
	at goos.ui.swing.MainWindowTest$1$1.invoke(MainWindowTest.kt)
	at io.kotest.core.TestConfiguration$beforeTest$1.beforeTest(TestConfiguration.kt:137)
	at io.kotest.core.spec.LifecycleKt.invokeAllBeforeTestCallbacks(lifecycle.kt:76)
	at io.kotest.core.internal.TestCaseExecutor.executeActiveTest(TestCaseExecutor.kt:152)
	at io.kotest.core.internal.TestCaseExecutor.access$executeActiveTest(TestCaseExecutor.kt:57)
	at io.kotest.core.internal.TestCaseExecutor$intercept$innerExecute$1$1.invokeSuspend(TestCaseExecutor.kt:89)
	at io.kotest.core.internal.TestCaseExecutor$intercept$innerExecute$1$1.invoke(TestCaseExecutor.kt)
	at io.kotest.core.internal.TestCaseExecutor$intercept$innerExecute$1$1.invoke(TestCaseExecutor.kt)
	at io.kotest.core.internal.TestCaseExecutor.executeIfEnabled(TestCaseExecutor.kt:117)
	at io.kotest.core.internal.TestCaseExecutor.access$executeIfEnabled(TestCaseExecutor.kt:57)
	at io.kotest.core.internal.TestCaseExecutor$intercept$innerExecute$1.invokeSuspend(TestCaseExecutor.kt:89)
	at io.kotest.core.internal.TestCaseExecutor$intercept$innerExecute$1.invoke(TestCaseExecutor.kt)
	at io.kotest.core.internal.TestCaseExecutor$intercept$innerExecute$1.invoke(TestCaseExecutor.kt)
	at io.kotest.core.internal.TestCaseExecutor.intercept(TestCaseExecutor.kt:103)
	at io.kotest.core.internal.TestCaseExecutor.execute(TestCaseExecutor.kt:69)
	at io.kotest.engine.spec.runners.SingleInstanceSpecRunner.runTest(SingleInstanceSpecRunner.kt:104)
	at io.kotest.engine.spec.runners.SingleInstanceSpecRunner.access$runTest(SingleInstanceSpecRunner.kt:34)
	at io.kotest.engine.spec.runners.SingleInstanceSpecRunner$execute$interceptAndRun$2$4.invokeSuspend(SingleInstanceSpecRunner.kt:57)
	at io.kotest.engine.spec.runners.SingleInstanceSpecRunner$execute$interceptAndRun$2$4.invoke(SingleInstanceSpecRunner.kt)
	at io.kotest.engine.spec.runners.SingleInstanceSpecRunner$execute$interceptAndRun$2$4.invoke(SingleInstanceSpecRunner.kt)
	at io.kotest.engine.launchers.SequentialTestLauncher$launch$3$1$1.invokeSuspend(SequentialTestLauncher.kt:22)
	at kotlin.coroutines.jvm.internal.BaseContinuationImpl.resumeWith(ContinuationImpl.kt:33)
	at kotlinx.coroutines.DispatchedTask.run(DispatchedTask.kt:106)
	at java.base/java.util.concurrent.ThreadPoolExecutor.runWorker(ThreadPoolExecutor.java:1130)
	at java.base/java.util.concurrent.ThreadPoolExecutor$Worker.run(ThreadPoolExecutor.java:630)
	at java.base/java.lang.Thread.run(Thread.java:832)

Oct 27, 2021 2:23:21 AM net.sourceforge.marathon.javaagent.server.JavaServer serve
INFO: JavaServer.serve(POST /session): {
  "desiredCapabilities": {
    "browserName": "java",
    "platform": "ANY"
  },
  "capabilities": {
    "firstMatch": [
      {
        "browserName": "java"
      }
    ]
  }
}
Oct 27, 2021 2:23:21 AM net.sourceforge.marathon.javaagent.server.JavaServer createSession
INFO: Creating device with type: EVENT_QUEUE
Oct 27, 2021 2:23:21 AM net.sourceforge.marathon.javaagent.Device getDevice
INFO: Creating a EVENT_QUEUE device
Oct 27, 2021 2:23:21 AM net.sourceforge.marathon.javaagent.server.JavaServer serve
INFO: POST(/session, {"desiredCapabilities":{"browserName":"java","platform":"ANY"},"capabilities":{"firstMatch":[{"browserName":"java"}]}}) = {data=, status=REDIRECT}
Oct 27, 2021 2:23:21 AM net.sourceforge.marathon.javaagent.server.JavaServer serve
INFO: JavaServer.serve(GET /session/c6bf250f-2d46-4e84-a903-798ee58b1068): {}
Oct 27, 2021 2:23:21 AM net.sourceforge.marathon.javaagent.server.JavaServer serve
INFO: GET(/session/c6bf250f-2d46-4e84-a903-798ee58b1068) = {data={"name":"getCapabilities","sessionId":"c6bf250f-2d46-4e84-a903-798ee58b1068","value":{"applicationCacheEnabled":false,"rotatable":false,"loggingPrefs":{"driver":"ALL"},"handlesAlerts":false,"databaseEnabled":false,"version":"1.0","platform":"ANY","browserConnectionEnabled":false,"nativeEvents":false,"acceptSslCerts":false,"locationContextEnabled":false,"webStorageEnabled":false,"browserName":"java","takesScreenshot":true,"javascriptEnabled":true,"cssSelectorsEnabled":false},"status":0}, status=OK}
Oct 27, 2021 2:23:21 AM org.openqa.selenium.remote.ProtocolHandshake createSession
INFO: Detected dialect: OSS
Oct 27, 2021 2:23:21 AM net.sourceforge.marathon.javaagent.server.JavaServer serve
INFO: JavaServer.serve(POST /session/c6bf250f-2d46-4e84-a903-798ee58b1068/element): {
  "using": "css selector",
  "value": "."
}
Oct 27, 2021 2:23:21 AM net.sourceforge.marathon.javaagent.server.JavaServer serve
INFO: POST(/session/c6bf250f-2d46-4e84-a903-798ee58b1068/element, {"using":"css selector","value":"."}) = {data={"name":"findElement","sessionId":"c6bf250f-2d46-4e84-a903-798ee58b1068","value":{"ELEMENT":"74b00af8-7dd6-4851-be75-7c74e000923e"},"status":0}, status=OK}
Oct 27, 2021 2:23:21 AM net.sourceforge.marathon.javaagent.server.JavaServer serve
INFO: JavaServer.serve(GET /session/c6bf250f-2d46-4e84-a903-798ee58b1068/element/74b00af8-7dd6-4851-be75-7c74e000923e/attribute/name): {}
Oct 27, 2021 2:23:21 AM net.sourceforge.marathon.javaagent.server.JavaServer serve
INFO: GET(/session/c6bf250f-2d46-4e84-a903-798ee58b1068/element/74b00af8-7dd6-4851-be75-7c74e000923e/attribute/name) = {data={"name":"getElementAttribute","sessionId":"c6bf250f-2d46-4e84-a903-798ee58b1068","value":"Auction Sniper Name","status":0}, status=OK}
Oct 27, 2021 2:23:21 AM net.sourceforge.marathon.javaagent.server.JavaServer serve
INFO: JavaServer.serve(POST /session/c6bf250f-2d46-4e84-a903-798ee58b1068/element): {
  "using": "css selector",
  "value": "."
}
Oct 27, 2021 2:23:21 AM net.sourceforge.marathon.javaagent.server.JavaServer serve
INFO: POST(/session/c6bf250f-2d46-4e84-a903-798ee58b1068/element, {"using":"css selector","value":"."}) = {data={"name":"findElement","sessionId":"c6bf250f-2d46-4e84-a903-798ee58b1068","value":{"ELEMENT":"74b00af8-7dd6-4851-be75-7c74e000923e"},"status":0}, status=OK}
Oct 27, 2021 2:23:21 AM net.sourceforge.marathon.javaagent.server.JavaServer serve
INFO: JavaServer.serve(GET /session/c6bf250f-2d46-4e84-a903-798ee58b1068/element/74b00af8-7dd6-4851-be75-7c74e000923e/displayed): {}
Oct 27, 2021 2:23:21 AM net.sourceforge.marathon.javaagent.server.JavaServer serve
INFO: GET(/session/c6bf250f-2d46-4e84-a903-798ee58b1068/element/74b00af8-7dd6-4851-be75-7c74e000923e/displayed) = {data={"name":"isDisplayed","sessionId":"c6bf250f-2d46-4e84-a903-798ee58b1068","value":true,"status":0}, status=OK}
Oct 27, 2021 2:23:21 AM net.sourceforge.marathon.javaagent.server.JavaServer serve
INFO: JavaServer.serve(GET /session/c6bf250f-2d46-4e84-a903-798ee58b1068/title): {}
Oct 27, 2021 2:23:21 AM net.sourceforge.marathon.javaagent.server.JavaServer serve
INFO: GET(/session/c6bf250f-2d46-4e84-a903-798ee58b1068/title) = {data={"name":"getWindowTitle","sessionId":"c6bf250f-2d46-4e84-a903-798ee58b1068","value":"Auction Sniper","status":0}, status=OK}
Oct 27, 2021 2:23:21 AM net.sourceforge.marathon.javaagent.server.JavaServer serve
INFO: JavaServer.serve(POST /session/c6bf250f-2d46-4e84-a903-798ee58b1068/element): {
  "using": "name",
  "value": "snipers table"
}
Oct 27, 2021 2:23:22 AM net.sourceforge.marathon.javaagent.server.JavaServer serve
INFO: POST(/session/c6bf250f-2d46-4e84-a903-798ee58b1068/element, {"using":"name","value":"snipers table"}) = {data={"name":"findElement","sessionId":"c6bf250f-2d46-4e84-a903-798ee58b1068","value":{"ELEMENT":"a5528a1f-9b7d-4127-93b1-d5a9e58da14e"},"status":0}, status=OK}
Oct 27, 2021 2:23:22 AM net.sourceforge.marathon.javaagent.server.JavaServer serve
INFO: JavaServer.serve(POST /session/c6bf250f-2d46-4e84-a903-798ee58b1068/element/a5528a1f-9b7d-4127-93b1-d5a9e58da14e/elements): {
  "id": "a5528a1f-9b7d-4127-93b1-d5a9e58da14e",
  "using": "css selector",
  "value": ".::header.::all-items"
}
Oct 27, 2021 2:23:22 AM net.sourceforge.marathon.javaagent.server.JavaServer serve
INFO: POST(/session/c6bf250f-2d46-4e84-a903-798ee58b1068/element/a5528a1f-9b7d-4127-93b1-d5a9e58da14e/elements, {"using":"css selector","id":"a5528a1f-9b7d-4127-93b1-d5a9e58da14e","value":".::header.::all-items"}) = {data={"name":"findElementsOfElement","sessionId":"c6bf250f-2d46-4e84-a903-798ee58b1068","value":[{"ELEMENT":"1a71fdab-682c-4aab-a35c-4da9aae8022d%23%7B%22selector%22%3A%22nth-item%22%2C%22parameters%22%3A%5B1%5D%7D"},{"ELEMENT":"1a71fdab-682c-4aab-a35c-4da9aae8022d%23%7B%22selector%22%3A%22nth-item%22%2C%22parameters%22%3A%5B2%5D%7D"},{"ELEMENT":"1a71fdab-682c-4aab-a35c-4da9aae8022d%23%7B%22selector%22%3A%22nth-item%22%2C%22parameters%22%3A%5B3%5D%7D"},{"ELEMENT":"1a71fdab-682c-4aab-a35c-4da9aae8022d%23%7B%22selector%22%3A%22nth-item%22%2C%22parameters%22%3A%5B4%5D%7D"}],"status":0}, status=OK}
Oct 27, 2021 2:23:22 AM net.sourceforge.marathon.javaagent.server.JavaServer serve
INFO: JavaServer.serve(GET /session/c6bf250f-2d46-4e84-a903-798ee58b1068/element/1a71fdab-682c-4aab-a35c-4da9aae8022d%23%7B%22selector%22%3A%22nth-item%22%2C%22parameters%22%3A%5B1%5D%7D/text): {}
Oct 27, 2021 2:23:22 AM net.sourceforge.marathon.javaagent.server.JavaServer serve
INFO: GET(/session/c6bf250f-2d46-4e84-a903-798ee58b1068/element/1a71fdab-682c-4aab-a35c-4da9aae8022d%23%7B%22selector%22%3A%22nth-item%22%2C%22parameters%22%3A%5B1%5D%7D/text) = {data={"name":"getElementText","sessionId":"c6bf250f-2d46-4e84-a903-798ee58b1068","value":"Item","status":0}, status=OK}
Oct 27, 2021 2:23:22 AM net.sourceforge.marathon.javaagent.server.JavaServer serve
INFO: JavaServer.serve(GET /session/c6bf250f-2d46-4e84-a903-798ee58b1068/element/1a71fdab-682c-4aab-a35c-4da9aae8022d%23%7B%22selector%22%3A%22nth-item%22%2C%22parameters%22%3A%5B2%5D%7D/text): {}
Oct 27, 2021 2:23:22 AM net.sourceforge.marathon.javaagent.server.JavaServer serve
INFO: GET(/session/c6bf250f-2d46-4e84-a903-798ee58b1068/element/1a71fdab-682c-4aab-a35c-4da9aae8022d%23%7B%22selector%22%3A%22nth-item%22%2C%22parameters%22%3A%5B2%5D%7D/text) = {data={"name":"getElementText","sessionId":"c6bf250f-2d46-4e84-a903-798ee58b1068","value":"Last Price","status":0}, status=OK}
Oct 27, 2021 2:23:22 AM net.sourceforge.marathon.javaagent.server.JavaServer serve
INFO: JavaServer.serve(GET /session/c6bf250f-2d46-4e84-a903-798ee58b1068/element/1a71fdab-682c-4aab-a35c-4da9aae8022d%23%7B%22selector%22%3A%22nth-item%22%2C%22parameters%22%3A%5B3%5D%7D/text): {}
Oct 27, 2021 2:23:22 AM net.sourceforge.marathon.javaagent.server.JavaServer serve
INFO: GET(/session/c6bf250f-2d46-4e84-a903-798ee58b1068/element/1a71fdab-682c-4aab-a35c-4da9aae8022d%23%7B%22selector%22%3A%22nth-item%22%2C%22parameters%22%3A%5B3%5D%7D/text) = {data={"name":"getElementText","sessionId":"c6bf250f-2d46-4e84-a903-798ee58b1068","value":"Last Bid","status":0}, status=OK}
Oct 27, 2021 2:23:22 AM net.sourceforge.marathon.javaagent.server.JavaServer serve
INFO: JavaServer.serve(GET /session/c6bf250f-2d46-4e84-a903-798ee58b1068/element/1a71fdab-682c-4aab-a35c-4da9aae8022d%23%7B%22selector%22%3A%22nth-item%22%2C%22parameters%22%3A%5B4%5D%7D/text): {}
Oct 27, 2021 2:23:22 AM net.sourceforge.marathon.javaagent.server.JavaServer serve
INFO: GET(/session/c6bf250f-2d46-4e84-a903-798ee58b1068/element/1a71fdab-682c-4aab-a35c-4da9aae8022d%23%7B%22selector%22%3A%22nth-item%22%2C%22parameters%22%3A%5B4%5D%7D/text) = {data={"name":"getElementText","sessionId":"c6bf250f-2d46-4e84-a903-798ee58b1068","value":"State","status":0}, status=OK}
Oct 27, 2021 2:23:22 AM net.sourceforge.marathon.javaagent.server.JavaServer serve
INFO: JavaServer.serve(DELETE /session/c6bf250f-2d46-4e84-a903-798ee58b1068/window): {}
Oct 27, 2021 2:23:22 AM net.sourceforge.marathon.javaagent.server.JavaServer serve
INFO: DELETE(/session/c6bf250f-2d46-4e84-a903-798ee58b1068/window) = {data={"name":"closeSession","sessionId":"c6bf250f-2d46-4e84-a903-798ee58b1068","status":0}, status=OK}
Oct 27, 2021 2:23:22 AM net.sourceforge.marathon.javaagent.server.JavaServer serve
INFO: JavaServer.serve(POST /session): {
  "desiredCapabilities": {
    "browserName": "java",
    "platform": "ANY"
  },
  "capabilities": {
    "firstMatch": [
      {
        "browserName": "java"
      }
    ]
  }
}
Oct 27, 2021 2:23:22 AM net.sourceforge.marathon.javaagent.server.JavaServer createSession
INFO: Creating device with type: EVENT_QUEUE
Oct 27, 2021 2:23:22 AM net.sourceforge.marathon.javaagent.Device getDevice
INFO: Creating a EVENT_QUEUE device
Oct 27, 2021 2:23:22 AM net.sourceforge.marathon.javaagent.server.JavaServer serve
INFO: POST(/session, {"desiredCapabilities":{"browserName":"java","platform":"ANY"},"capabilities":{"firstMatch":[{"browserName":"java"}]}}) = {data=, status=REDIRECT}
Oct 27, 2021 2:23:22 AM net.sourceforge.marathon.javaagent.server.JavaServer serve
INFO: JavaServer.serve(GET /session/a6bcefaa-88b0-41c5-8ff1-6ecde831d4c8): {}
Oct 27, 2021 2:23:22 AM net.sourceforge.marathon.javaagent.server.JavaServer serve
INFO: GET(/session/a6bcefaa-88b0-41c5-8ff1-6ecde831d4c8) = {data={"name":"getCapabilities","sessionId":"a6bcefaa-88b0-41c5-8ff1-6ecde831d4c8","value":{"applicationCacheEnabled":false,"rotatable":false,"loggingPrefs":{"driver":"ALL"},"handlesAlerts":false,"databaseEnabled":false,"version":"1.0","platform":"ANY","browserConnectionEnabled":false,"nativeEvents":false,"acceptSslCerts":false,"locationContextEnabled":false,"webStorageEnabled":false,"browserName":"java","takesScreenshot":true,"javascriptEnabled":true,"cssSelectorsEnabled":false},"status":0}, status=OK}
Oct 27, 2021 2:23:22 AM org.openqa.selenium.remote.ProtocolHandshake createSession
INFO: Detected dialect: OSS
Oct 27, 2021 2:23:22 AM net.sourceforge.marathon.javaagent.server.JavaServer serve
INFO: JavaServer.serve(POST /session/a6bcefaa-88b0-41c5-8ff1-6ecde831d4c8/element): {
  "using": "name",
  "value": "new item id field"
}
Oct 27, 2021 2:23:22 AM net.sourceforge.marathon.javaagent.server.JavaServer serve
INFO: POST(/session/a6bcefaa-88b0-41c5-8ff1-6ecde831d4c8/element, {"using":"name","value":"new item id field"}) = {data={"name":"findElement","sessionId":"a6bcefaa-88b0-41c5-8ff1-6ecde831d4c8","value":{"ELEMENT":"8f8b1d79-7222-4694-bc7c-36ff031667f0"},"status":0}, status=OK}
Oct 27, 2021 2:23:22 AM net.sourceforge.marathon.javaagent.server.JavaServer serve
INFO: JavaServer.serve(POST /session/a6bcefaa-88b0-41c5-8ff1-6ecde831d4c8/element/8f8b1d79-7222-4694-bc7c-36ff031667f0/clear): {
  "id": "8f8b1d79-7222-4694-bc7c-36ff031667f0"
}
Oct 27, 2021 2:23:22 AM net.sourceforge.marathon.javaagent.server.JavaServer serve
INFO: POST(/session/a6bcefaa-88b0-41c5-8ff1-6ecde831d4c8/element/8f8b1d79-7222-4694-bc7c-36ff031667f0/clear, {"id":"8f8b1d79-7222-4694-bc7c-36ff031667f0"}) = {data={"name":"clearElement","sessionId":"a6bcefaa-88b0-41c5-8ff1-6ecde831d4c8","status":0}, status=OK}
Oct 27, 2021 2:23:22 AM net.sourceforge.marathon.javaagent.server.JavaServer serve
INFO: JavaServer.serve(POST /session/a6bcefaa-88b0-41c5-8ff1-6ecde831d4c8/element/8f8b1d79-7222-4694-bc7c-36ff031667f0/value): {
  "id": "8f8b1d79-7222-4694-bc7c-36ff031667f0",
  "value": [
    "an item-id"
  ]
}
Oct 27, 2021 2:23:22 AM net.sourceforge.marathon.javaagent.EventQueueDevice dispatchEvent
INFO: java.awt.event.KeyEvent[KEY_PRESSED,keyCode=65,keyText=A,keyChar='a',keyLocation=KEY_LOCATION_UNKNOWN,rawCode=0,primaryLevelUnicode=0,scancode=0,extendedKeyCode=0x0] on new item id field
Oct 27, 2021 2:23:22 AM net.sourceforge.marathon.javaagent.EventQueueDevice dispatchEvent
INFO: java.awt.event.KeyEvent[KEY_TYPED,keyCode=0,keyText=Unknown keyCode: 0x0,keyChar='a',keyLocation=KEY_LOCATION_UNKNOWN,rawCode=0,primaryLevelUnicode=0,scancode=0,extendedKeyCode=0x0] on new item id field
Oct 27, 2021 2:23:22 AM net.sourceforge.marathon.javaagent.EventQueueDevice dispatchEvent
INFO: java.awt.event.KeyEvent[KEY_RELEASED,keyCode=65,keyText=A,keyChar='a',keyLocation=KEY_LOCATION_UNKNOWN,rawCode=0,primaryLevelUnicode=0,scancode=0,extendedKeyCode=0x0] on new item id field
Oct 27, 2021 2:23:22 AM net.sourceforge.marathon.javaagent.EventQueueDevice dispatchEvent
INFO: java.awt.event.KeyEvent[KEY_PRESSED,keyCode=78,keyText=N,keyChar='n',keyLocation=KEY_LOCATION_UNKNOWN,rawCode=0,primaryLevelUnicode=0,scancode=0,extendedKeyCode=0x0] on new item id field
Oct 27, 2021 2:23:22 AM net.sourceforge.marathon.javaagent.EventQueueDevice dispatchEvent
INFO: java.awt.event.KeyEvent[KEY_TYPED,keyCode=0,keyText=Unknown keyCode: 0x0,keyChar='n',keyLocation=KEY_LOCATION_UNKNOWN,rawCode=0,primaryLevelUnicode=0,scancode=0,extendedKeyCode=0x0] on new item id field
Oct 27, 2021 2:23:22 AM net.sourceforge.marathon.javaagent.EventQueueDevice dispatchEvent
INFO: java.awt.event.KeyEvent[KEY_RELEASED,keyCode=78,keyText=N,keyChar='n',keyLocation=KEY_LOCATION_UNKNOWN,rawCode=0,primaryLevelUnicode=0,scancode=0,extendedKeyCode=0x0] on new item id field
Oct 27, 2021 2:23:22 AM net.sourceforge.marathon.javaagent.EventQueueDevice dispatchEvent
INFO: java.awt.event.KeyEvent[KEY_PRESSED,keyCode=16,keyText=Shift,keyChar=Undefined keyChar,modifiers=Shift,extModifiers=Shift,keyLocation=KEY_LOCATION_UNKNOWN,rawCode=0,primaryLevelUnicode=0,scancode=0,extendedKeyCode=0x0] on new item id field
Oct 27, 2021 2:23:22 AM net.sourceforge.marathon.javaagent.EventQueueDevice dispatchEvent
INFO: java.awt.event.KeyEvent[KEY_PRESSED,keyCode=32,keyText=Space,keyChar=' ',modifiers=Shift,extModifiers=Shift,keyLocation=KEY_LOCATION_UNKNOWN,rawCode=0,primaryLevelUnicode=0,scancode=0,extendedKeyCode=0x0] on new item id field
Oct 27, 2021 2:23:22 AM net.sourceforge.marathon.javaagent.EventQueueDevice dispatchEvent
INFO: java.awt.event.KeyEvent[KEY_TYPED,keyCode=0,keyText=Unknown keyCode: 0x0,keyChar=' ',modifiers=Shift,extModifiers=Shift,keyLocation=KEY_LOCATION_UNKNOWN,rawCode=0,primaryLevelUnicode=0,scancode=0,extendedKeyCode=0x0] on new item id field
Oct 27, 2021 2:23:22 AM net.sourceforge.marathon.javaagent.EventQueueDevice dispatchEvent
INFO: java.awt.event.KeyEvent[KEY_RELEASED,keyCode=32,keyText=Space,keyChar=' ',modifiers=Shift,extModifiers=Shift,keyLocation=KEY_LOCATION_UNKNOWN,rawCode=0,primaryLevelUnicode=0,scancode=0,extendedKeyCode=0x0] on new item id field
Oct 27, 2021 2:23:22 AM net.sourceforge.marathon.javaagent.EventQueueDevice dispatchEvent
INFO: java.awt.event.KeyEvent[KEY_RELEASED,keyCode=16,keyText=Shift,keyChar=Undefined keyChar,keyLocation=KEY_LOCATION_UNKNOWN,rawCode=0,primaryLevelUnicode=0,scancode=0,extendedKeyCode=0x0] on new item id field
Oct 27, 2021 2:23:22 AM net.sourceforge.marathon.javaagent.EventQueueDevice dispatchEvent
INFO: java.awt.event.KeyEvent[KEY_PRESSED,keyCode=73,keyText=I,keyChar='i',keyLocation=KEY_LOCATION_UNKNOWN,rawCode=0,primaryLevelUnicode=0,scancode=0,extendedKeyCode=0x0] on new item id field
Oct 27, 2021 2:23:22 AM net.sourceforge.marathon.javaagent.EventQueueDevice dispatchEvent
INFO: java.awt.event.KeyEvent[KEY_TYPED,keyCode=0,keyText=Unknown keyCode: 0x0,keyChar='i',keyLocation=KEY_LOCATION_UNKNOWN,rawCode=0,primaryLevelUnicode=0,scancode=0,extendedKeyCode=0x0] on new item id field
Oct 27, 2021 2:23:22 AM net.sourceforge.marathon.javaagent.EventQueueDevice dispatchEvent
INFO: java.awt.event.KeyEvent[KEY_RELEASED,keyCode=73,keyText=I,keyChar='i',keyLocation=KEY_LOCATION_UNKNOWN,rawCode=0,primaryLevelUnicode=0,scancode=0,extendedKeyCode=0x0] on new item id field
Oct 27, 2021 2:23:22 AM net.sourceforge.marathon.javaagent.EventQueueDevice dispatchEvent
INFO: java.awt.event.KeyEvent[KEY_PRESSED,keyCode=84,keyText=T,keyChar='t',keyLocation=KEY_LOCATION_UNKNOWN,rawCode=0,primaryLevelUnicode=0,scancode=0,extendedKeyCode=0x0] on new item id field
Oct 27, 2021 2:23:22 AM net.sourceforge.marathon.javaagent.EventQueueDevice dispatchEvent
INFO: java.awt.event.KeyEvent[KEY_TYPED,keyCode=0,keyText=Unknown keyCode: 0x0,keyChar='t',keyLocation=KEY_LOCATION_UNKNOWN,rawCode=0,primaryLevelUnicode=0,scancode=0,extendedKeyCode=0x0] on new item id field
Oct 27, 2021 2:23:22 AM net.sourceforge.marathon.javaagent.EventQueueDevice dispatchEvent
INFO: java.awt.event.KeyEvent[KEY_RELEASED,keyCode=84,keyText=T,keyChar='t',keyLocation=KEY_LOCATION_UNKNOWN,rawCode=0,primaryLevelUnicode=0,scancode=0,extendedKeyCode=0x0] on new item id field
Oct 27, 2021 2:23:22 AM net.sourceforge.marathon.javaagent.EventQueueDevice dispatchEvent
INFO: java.awt.event.KeyEvent[KEY_PRESSED,keyCode=69,keyText=E,keyChar='e',keyLocation=KEY_LOCATION_UNKNOWN,rawCode=0,primaryLevelUnicode=0,scancode=0,extendedKeyCode=0x0] on new item id field
Oct 27, 2021 2:23:22 AM net.sourceforge.marathon.javaagent.EventQueueDevice dispatchEvent
INFO: java.awt.event.KeyEvent[KEY_TYPED,keyCode=0,keyText=Unknown keyCode: 0x0,keyChar='e',keyLocation=KEY_LOCATION_UNKNOWN,rawCode=0,primaryLevelUnicode=0,scancode=0,extendedKeyCode=0x0] on new item id field
Oct 27, 2021 2:23:22 AM net.sourceforge.marathon.javaagent.EventQueueDevice dispatchEvent
INFO: java.awt.event.KeyEvent[KEY_RELEASED,keyCode=69,keyText=E,keyChar='e',keyLocation=KEY_LOCATION_UNKNOWN,rawCode=0,primaryLevelUnicode=0,scancode=0,extendedKeyCode=0x0] on new item id field
Oct 27, 2021 2:23:22 AM net.sourceforge.marathon.javaagent.EventQueueDevice dispatchEvent
INFO: java.awt.event.KeyEvent[KEY_PRESSED,keyCode=77,keyText=M,keyChar='m',keyLocation=KEY_LOCATION_UNKNOWN,rawCode=0,primaryLevelUnicode=0,scancode=0,extendedKeyCode=0x0] on new item id field
Oct 27, 2021 2:23:22 AM net.sourceforge.marathon.javaagent.EventQueueDevice dispatchEvent
INFO: java.awt.event.KeyEvent[KEY_TYPED,keyCode=0,keyText=Unknown keyCode: 0x0,keyChar='m',keyLocation=KEY_LOCATION_UNKNOWN,rawCode=0,primaryLevelUnicode=0,scancode=0,extendedKeyCode=0x0] on new item id field
Oct 27, 2021 2:23:22 AM net.sourceforge.marathon.javaagent.EventQueueDevice dispatchEvent
INFO: java.awt.event.KeyEvent[KEY_RELEASED,keyCode=77,keyText=M,keyChar='m',keyLocation=KEY_LOCATION_UNKNOWN,rawCode=0,primaryLevelUnicode=0,scancode=0,extendedKeyCode=0x0] on new item id field
Oct 27, 2021 2:23:22 AM net.sourceforge.marathon.javaagent.EventQueueDevice dispatchEvent
INFO: java.awt.event.KeyEvent[KEY_PRESSED,keyCode=45,keyText=Minus,keyChar='-',keyLocation=KEY_LOCATION_UNKNOWN,rawCode=0,primaryLevelUnicode=0,scancode=0,extendedKeyCode=0x0] on new item id field
Oct 27, 2021 2:23:22 AM net.sourceforge.marathon.javaagent.EventQueueDevice dispatchEvent
INFO: java.awt.event.KeyEvent[KEY_TYPED,keyCode=0,keyText=Unknown keyCode: 0x0,keyChar='-',keyLocation=KEY_LOCATION_UNKNOWN,rawCode=0,primaryLevelUnicode=0,scancode=0,extendedKeyCode=0x0] on new item id field
Oct 27, 2021 2:23:22 AM net.sourceforge.marathon.javaagent.EventQueueDevice dispatchEvent
INFO: java.awt.event.KeyEvent[KEY_RELEASED,keyCode=45,keyText=Minus,keyChar='-',keyLocation=KEY_LOCATION_UNKNOWN,rawCode=0,primaryLevelUnicode=0,scancode=0,extendedKeyCode=0x0] on new item id field
Oct 27, 2021 2:23:22 AM net.sourceforge.marathon.javaagent.EventQueueDevice dispatchEvent
INFO: java.awt.event.KeyEvent[KEY_PRESSED,keyCode=73,keyText=I,keyChar='i',keyLocation=KEY_LOCATION_UNKNOWN,rawCode=0,primaryLevelUnicode=0,scancode=0,extendedKeyCode=0x0] on new item id field
Oct 27, 2021 2:23:22 AM net.sourceforge.marathon.javaagent.EventQueueDevice dispatchEvent
INFO: java.awt.event.KeyEvent[KEY_TYPED,keyCode=0,keyText=Unknown keyCode: 0x0,keyChar='i',keyLocation=KEY_LOCATION_UNKNOWN,rawCode=0,primaryLevelUnicode=0,scancode=0,extendedKeyCode=0x0] on new item id field
Oct 27, 2021 2:23:22 AM net.sourceforge.marathon.javaagent.EventQueueDevice dispatchEvent
INFO: java.awt.event.KeyEvent[KEY_RELEASED,keyCode=73,keyText=I,keyChar='i',keyLocation=KEY_LOCATION_UNKNOWN,rawCode=0,primaryLevelUnicode=0,scancode=0,extendedKeyCode=0x0] on new item id field
Oct 27, 2021 2:23:22 AM net.sourceforge.marathon.javaagent.EventQueueDevice dispatchEvent
INFO: java.awt.event.KeyEvent[KEY_PRESSED,keyCode=68,keyText=D,keyChar='d',keyLocation=KEY_LOCATION_UNKNOWN,rawCode=0,primaryLevelUnicode=0,scancode=0,extendedKeyCode=0x0] on new item id field
Oct 27, 2021 2:23:22 AM net.sourceforge.marathon.javaagent.EventQueueDevice dispatchEvent
INFO: java.awt.event.KeyEvent[KEY_TYPED,keyCode=0,keyText=Unknown keyCode: 0x0,keyChar='d',keyLocation=KEY_LOCATION_UNKNOWN,rawCode=0,primaryLevelUnicode=0,scancode=0,extendedKeyCode=0x0] on new item id field
Oct 27, 2021 2:23:22 AM net.sourceforge.marathon.javaagent.EventQueueDevice dispatchEvent
INFO: java.awt.event.KeyEvent[KEY_RELEASED,keyCode=68,keyText=D,keyChar='d',keyLocation=KEY_LOCATION_UNKNOWN,rawCode=0,primaryLevelUnicode=0,scancode=0,extendedKeyCode=0x0] on new item id field
Oct 27, 2021 2:23:22 AM net.sourceforge.marathon.javaagent.server.JavaServer serve
INFO: POST(/session/a6bcefaa-88b0-41c5-8ff1-6ecde831d4c8/element/8f8b1d79-7222-4694-bc7c-36ff031667f0/value, {"id":"8f8b1d79-7222-4694-bc7c-36ff031667f0","value":["an item-id"]}) = {data={"name":"sendKeysElement","sessionId":"a6bcefaa-88b0-41c5-8ff1-6ecde831d4c8","status":0}, status=OK}
Oct 27, 2021 2:23:22 AM net.sourceforge.marathon.javaagent.server.JavaServer serve
INFO: JavaServer.serve(POST /session/a6bcefaa-88b0-41c5-8ff1-6ecde831d4c8/element): {
  "using": "name",
  "value": "new item stop price field"
}
Oct 27, 2021 2:23:22 AM net.sourceforge.marathon.javaagent.server.JavaServer serve
INFO: POST(/session/a6bcefaa-88b0-41c5-8ff1-6ecde831d4c8/element, {"using":"name","value":"new item stop price field"}) = {data={"name":"findElement","sessionId":"a6bcefaa-88b0-41c5-8ff1-6ecde831d4c8","value":{"ELEMENT":"eddb424e-1739-4451-83a3-54bbc3e8522a"},"status":0}, status=OK}
Oct 27, 2021 2:23:22 AM net.sourceforge.marathon.javaagent.server.JavaServer serve
INFO: JavaServer.serve(POST /session/a6bcefaa-88b0-41c5-8ff1-6ecde831d4c8/element/eddb424e-1739-4451-83a3-54bbc3e8522a/clear): {
  "id": "eddb424e-1739-4451-83a3-54bbc3e8522a"
}
Oct 27, 2021 2:23:22 AM net.sourceforge.marathon.javaagent.server.JavaServer serve
INFO: POST(/session/a6bcefaa-88b0-41c5-8ff1-6ecde831d4c8/element/eddb424e-1739-4451-83a3-54bbc3e8522a/clear, {"id":"eddb424e-1739-4451-83a3-54bbc3e8522a"}) = {data={"name":"clearElement","sessionId":"a6bcefaa-88b0-41c5-8ff1-6ecde831d4c8","status":0}, status=OK}
Oct 27, 2021 2:23:22 AM net.sourceforge.marathon.javaagent.server.JavaServer serve
INFO: JavaServer.serve(POST /session/a6bcefaa-88b0-41c5-8ff1-6ecde831d4c8/element/eddb424e-1739-4451-83a3-54bbc3e8522a/value): {
  "id": "eddb424e-1739-4451-83a3-54bbc3e8522a",
  "value": [
    "11000"
  ]
}
Oct 27, 2021 2:23:22 AM net.sourceforge.marathon.javaagent.EventQueueDevice dispatchEvent
INFO: java.awt.event.KeyEvent[KEY_PRESSED,keyCode=49,keyText=1,keyChar='1',keyLocation=KEY_LOCATION_UNKNOWN,rawCode=0,primaryLevelUnicode=0,scancode=0,extendedKeyCode=0x0] on new item stop price field
Oct 27, 2021 2:23:22 AM net.sourceforge.marathon.javaagent.EventQueueDevice dispatchEvent
INFO: java.awt.event.KeyEvent[KEY_TYPED,keyCode=0,keyText=Unknown keyCode: 0x0,keyChar='1',keyLocation=KEY_LOCATION_UNKNOWN,rawCode=0,primaryLevelUnicode=0,scancode=0,extendedKeyCode=0x0] on new item stop price field
Oct 27, 2021 2:23:22 AM net.sourceforge.marathon.javaagent.EventQueueDevice dispatchEvent
INFO: java.awt.event.KeyEvent[KEY_RELEASED,keyCode=49,keyText=1,keyChar='1',keyLocation=KEY_LOCATION_UNKNOWN,rawCode=0,primaryLevelUnicode=0,scancode=0,extendedKeyCode=0x0] on new item stop price field
Oct 27, 2021 2:23:22 AM net.sourceforge.marathon.javaagent.EventQueueDevice dispatchEvent
INFO: java.awt.event.KeyEvent[KEY_PRESSED,keyCode=49,keyText=1,keyChar='1',keyLocation=KEY_LOCATION_UNKNOWN,rawCode=0,primaryLevelUnicode=0,scancode=0,extendedKeyCode=0x0] on new item stop price field
Oct 27, 2021 2:23:22 AM net.sourceforge.marathon.javaagent.EventQueueDevice dispatchEvent
INFO: java.awt.event.KeyEvent[KEY_TYPED,keyCode=0,keyText=Unknown keyCode: 0x0,keyChar='1',keyLocation=KEY_LOCATION_UNKNOWN,rawCode=0,primaryLevelUnicode=0,scancode=0,extendedKeyCode=0x0] on new item stop price field
Oct 27, 2021 2:23:22 AM net.sourceforge.marathon.javaagent.EventQueueDevice dispatchEvent
INFO: java.awt.event.KeyEvent[KEY_RELEASED,keyCode=49,keyText=1,keyChar='1',keyLocation=KEY_LOCATION_UNKNOWN,rawCode=0,primaryLevelUnicode=0,scancode=0,extendedKeyCode=0x0] on new item stop price field
Oct 27, 2021 2:23:22 AM net.sourceforge.marathon.javaagent.EventQueueDevice dispatchEvent
INFO: java.awt.event.KeyEvent[KEY_PRESSED,keyCode=48,keyText=0,keyChar='0',keyLocation=KEY_LOCATION_UNKNOWN,rawCode=0,primaryLevelUnicode=0,scancode=0,extendedKeyCode=0x0] on new item stop price field
Oct 27, 2021 2:23:22 AM net.sourceforge.marathon.javaagent.EventQueueDevice dispatchEvent
INFO: java.awt.event.KeyEvent[KEY_TYPED,keyCode=0,keyText=Unknown keyCode: 0x0,keyChar='0',keyLocation=KEY_LOCATION_UNKNOWN,rawCode=0,primaryLevelUnicode=0,scancode=0,extendedKeyCode=0x0] on new item stop price field
Oct 27, 2021 2:23:22 AM net.sourceforge.marathon.javaagent.EventQueueDevice dispatchEvent
INFO: java.awt.event.KeyEvent[KEY_RELEASED,keyCode=48,keyText=0,keyChar='0',keyLocation=KEY_LOCATION_UNKNOWN,rawCode=0,primaryLevelUnicode=0,scancode=0,extendedKeyCode=0x0] on new item stop price field
Oct 27, 2021 2:23:22 AM net.sourceforge.marathon.javaagent.EventQueueDevice dispatchEvent
INFO: java.awt.event.KeyEvent[KEY_PRESSED,keyCode=48,keyText=0,keyChar='0',keyLocation=KEY_LOCATION_UNKNOWN,rawCode=0,primaryLevelUnicode=0,scancode=0,extendedKeyCode=0x0] on new item stop price field
Oct 27, 2021 2:23:22 AM net.sourceforge.marathon.javaagent.EventQueueDevice dispatchEvent
INFO: java.awt.event.KeyEvent[KEY_TYPED,keyCode=0,keyText=Unknown keyCode: 0x0,keyChar='0',keyLocation=KEY_LOCATION_UNKNOWN,rawCode=0,primaryLevelUnicode=0,scancode=0,extendedKeyCode=0x0] on new item stop price field
Oct 27, 2021 2:23:22 AM net.sourceforge.marathon.javaagent.EventQueueDevice dispatchEvent
INFO: java.awt.event.KeyEvent[KEY_RELEASED,keyCode=48,keyText=0,keyChar='0',keyLocation=KEY_LOCATION_UNKNOWN,rawCode=0,primaryLevelUnicode=0,scancode=0,extendedKeyCode=0x0] on new item stop price field
Oct 27, 2021 2:23:22 AM net.sourceforge.marathon.javaagent.EventQueueDevice dispatchEvent
INFO: java.awt.event.KeyEvent[KEY_PRESSED,keyCode=48,keyText=0,keyChar='0',keyLocation=KEY_LOCATION_UNKNOWN,rawCode=0,primaryLevelUnicode=0,scancode=0,extendedKeyCode=0x0] on new item stop price field
Oct 27, 2021 2:23:22 AM net.sourceforge.marathon.javaagent.EventQueueDevice dispatchEvent
INFO: java.awt.event.KeyEvent[KEY_TYPED,keyCode=0,keyText=Unknown keyCode: 0x0,keyChar='0',keyLocation=KEY_LOCATION_UNKNOWN,rawCode=0,primaryLevelUnicode=0,scancode=0,extendedKeyCode=0x0] on new item stop price field
Oct 27, 2021 2:23:22 AM net.sourceforge.marathon.javaagent.EventQueueDevice dispatchEvent
INFO: java.awt.event.KeyEvent[KEY_RELEASED,keyCode=48,keyText=0,keyChar='0',keyLocation=KEY_LOCATION_UNKNOWN,rawCode=0,primaryLevelUnicode=0,scancode=0,extendedKeyCode=0x0] on new item stop price field
Oct 27, 2021 2:23:22 AM net.sourceforge.marathon.javaagent.server.JavaServer serve
INFO: POST(/session/a6bcefaa-88b0-41c5-8ff1-6ecde831d4c8/element/eddb424e-1739-4451-83a3-54bbc3e8522a/value, {"id":"eddb424e-1739-4451-83a3-54bbc3e8522a","value":["11000"]}) = {data={"name":"sendKeysElement","sessionId":"a6bcefaa-88b0-41c5-8ff1-6ecde831d4c8","status":0}, status=OK}
Oct 27, 2021 2:23:22 AM net.sourceforge.marathon.javaagent.server.JavaServer serve
INFO: JavaServer.serve(POST /session/a6bcefaa-88b0-41c5-8ff1-6ecde831d4c8/element): {
  "using": "name",
  "value": "join button"
}
Oct 27, 2021 2:23:22 AM net.sourceforge.marathon.javaagent.server.JavaServer serve
INFO: POST(/session/a6bcefaa-88b0-41c5-8ff1-6ecde831d4c8/element, {"using":"name","value":"join button"}) = {data={"name":"findElement","sessionId":"a6bcefaa-88b0-41c5-8ff1-6ecde831d4c8","value":{"ELEMENT":"1836e6c2-789b-4275-930f-e8aebb8a9f3b"},"status":0}, status=OK}
Oct 27, 2021 2:23:22 AM net.sourceforge.marathon.javaagent.server.JavaServer serve
INFO: JavaServer.serve(POST /session/a6bcefaa-88b0-41c5-8ff1-6ecde831d4c8/element/1836e6c2-789b-4275-930f-e8aebb8a9f3b/click): {
  "id": "1836e6c2-789b-4275-930f-e8aebb8a9f3b"
}
Oct 27, 2021 2:23:22 AM net.sourceforge.marathon.javaagent.EventQueueDevice dispatchEvent
INFO: java.awt.event.MouseEvent[MOUSE_PRESSED,(58,12),absolute(589,17),button=1,modifiers=Button1,extModifiers=Button1,clickCount=1] on join button
Oct 27, 2021 2:23:22 AM net.sourceforge.marathon.javaagent.EventQueueDevice dispatchEvent
INFO: java.awt.event.MouseEvent[MOUSE_RELEASED,(58,12),absolute(589,17),button=1,modifiers=Button1,clickCount=1] on join button
Oct 27, 2021 2:23:22 AM net.sourceforge.marathon.javaagent.EventQueueDevice dispatchEvent
INFO: java.awt.event.MouseEvent[MOUSE_CLICKED,(58,12),absolute(589,17),button=1,modifiers=Button1,clickCount=1] on join button
Oct 27, 2021 2:23:22 AM net.sourceforge.marathon.javaagent.server.JavaServer serve
INFO: POST(/session/a6bcefaa-88b0-41c5-8ff1-6ecde831d4c8/element/1836e6c2-789b-4275-930f-e8aebb8a9f3b/click, {"id":"1836e6c2-789b-4275-930f-e8aebb8a9f3b"}) = {data={"name":"clickElement","sessionId":"a6bcefaa-88b0-41c5-8ff1-6ecde831d4c8","status":0}, status=OK}
Oct 27, 2021 2:23:22 AM net.sourceforge.marathon.javaagent.server.JavaServer serve
INFO: JavaServer.serve(DELETE /session/a6bcefaa-88b0-41c5-8ff1-6ecde831d4c8/window): {}
Oct 27, 2021 2:23:22 AM net.sourceforge.marathon.javaagent.server.JavaServer serve
INFO: DELETE(/session/a6bcefaa-88b0-41c5-8ff1-6ecde831d4c8/window) = {data={"name":"closeSession","sessionId":"a6bcefaa-88b0-41c5-8ff1-6ecde831d4c8","status":0}, status=OK}
Oct 27, 2021 2:23:22 AM net.sourceforge.marathon.javaagent.server.JavaServer serve
INFO: JavaServer.serve(POST /session): {
  "desiredCapabilities": {
    "browserName": "java",
    "platform": "ANY"
  },
  "capabilities": {
    "firstMatch": [
      {
        "browserName": "java"
      }
    ]
  }
}
Oct 27, 2021 2:23:22 AM net.sourceforge.marathon.javaagent.server.JavaServer createSession
INFO: Creating device with type: EVENT_QUEUE
Oct 27, 2021 2:23:22 AM net.sourceforge.marathon.javaagent.Device getDevice
INFO: Creating a EVENT_QUEUE device
Oct 27, 2021 2:23:22 AM net.sourceforge.marathon.javaagent.server.JavaServer serve
INFO: POST(/session, {"desiredCapabilities":{"browserName":"java","platform":"ANY"},"capabilities":{"firstMatch":[{"browserName":"java"}]}}) = {data=, status=REDIRECT}
Oct 27, 2021 2:23:22 AM net.sourceforge.marathon.javaagent.server.JavaServer serve
INFO: JavaServer.serve(GET /session/764b1fd1-d608-4c46-b016-9eb388d2197b): {}
Oct 27, 2021 2:23:22 AM net.sourceforge.marathon.javaagent.server.JavaServer serve
INFO: GET(/session/764b1fd1-d608-4c46-b016-9eb388d2197b) = {data={"name":"getCapabilities","sessionId":"764b1fd1-d608-4c46-b016-9eb388d2197b","value":{"applicationCacheEnabled":false,"rotatable":false,"loggingPrefs":{"driver":"ALL"},"handlesAlerts":false,"databaseEnabled":false,"version":"1.0","platform":"ANY","browserConnectionEnabled":false,"nativeEvents":false,"acceptSslCerts":false,"locationContextEnabled":false,"webStorageEnabled":false,"browserName":"java","takesScreenshot":true,"javascriptEnabled":true,"cssSelectorsEnabled":false},"status":0}, status=OK}
Oct 27, 2021 2:23:22 AM org.openqa.selenium.remote.ProtocolHandshake createSession
INFO: Detected dialect: OSS
Oct 27, 2021 2:23:22 AM net.sourceforge.marathon.javaagent.server.JavaServer serve
INFO: JavaServer.serve(POST /session/764b1fd1-d608-4c46-b016-9eb388d2197b/element): {
  "using": "name",
  "value": "sniper reset button"
}
Oct 27, 2021 2:23:22 AM net.sourceforge.marathon.javaagent.server.JavaServer serve
INFO: POST(/session/764b1fd1-d608-4c46-b016-9eb388d2197b/element, {"using":"name","value":"sniper reset button"}) = {data={"name":"findElement","sessionId":"764b1fd1-d608-4c46-b016-9eb388d2197b","value":{"ELEMENT":"7706bc27-0366-4f3f-9580-b9e86112504a"},"status":0}, status=OK}
Oct 27, 2021 2:23:22 AM net.sourceforge.marathon.javaagent.server.JavaServer serve
INFO: JavaServer.serve(POST /session/764b1fd1-d608-4c46-b016-9eb388d2197b/element/7706bc27-0366-4f3f-9580-b9e86112504a/click): {
  "id": "7706bc27-0366-4f3f-9580-b9e86112504a"
}
Oct 27, 2021 2:23:22 AM net.sourceforge.marathon.javaagent.EventQueueDevice dispatchEvent
INFO: java.awt.event.MouseEvent[MOUSE_PRESSED,(37,12),absolute(326,474),button=1,modifiers=Button1,extModifiers=Button1,clickCount=1] on sniper reset button
Oct 27, 2021 2:23:22 AM net.sourceforge.marathon.javaagent.EventQueueDevice dispatchEvent
INFO: java.awt.event.MouseEvent[MOUSE_RELEASED,(37,12),absolute(326,474),button=1,modifiers=Button1,clickCount=1] on sniper reset button
Oct 27, 2021 2:23:22 AM net.sourceforge.marathon.javaagent.EventQueueDevice dispatchEvent
INFO: java.awt.event.MouseEvent[MOUSE_CLICKED,(37,12),absolute(326,474),button=1,modifiers=Button1,clickCount=1] on sniper reset button
Oct 27, 2021 2:23:22 AM net.sourceforge.marathon.javaagent.server.JavaServer serve
INFO: POST(/session/764b1fd1-d608-4c46-b016-9eb388d2197b/element/7706bc27-0366-4f3f-9580-b9e86112504a/click, {"id":"7706bc27-0366-4f3f-9580-b9e86112504a"}) = {data={"name":"clickElement","sessionId":"764b1fd1-d608-4c46-b016-9eb388d2197b","status":0}, status=OK}
Oct 27, 2021 2:23:23 AM net.sourceforge.marathon.javaagent.server.JavaServer serve
INFO: JavaServer.serve(DELETE /session/764b1fd1-d608-4c46-b016-9eb388d2197b/window): {}
Oct 27, 2021 2:23:23 AM net.sourceforge.marathon.javaagent.server.JavaServer serve
INFO: DELETE(/session/764b1fd1-d608-4c46-b016-9eb388d2197b/window) = {data={"name":"closeSession","sessionId":"764b1fd1-d608-4c46-b016-9eb388d2197b","status":0}, status=OK}
]]></system-err>
</testsuite>
