<?xml version="1.0" encoding="UTF-8"?>
<testsuite name="goos.ui.swing.MainWindowTest" tests="3" skipped="0" failures="0" errors="0" timestamp="2021-12-19T02:35:44" hostname="buildkitsandbox" time="4.222">
  <properties/>
  <testcase name="window has expected features" classname="goos.ui.swing.MainWindowTest" time="3.225"/>
  <testcase name="make user request when join button clicked" classname="goos.ui.swing.MainWindowTest" time="0.799"/>
  <testcase name="make user request when reset button clicked" classname="goos.ui.swing.MainWindowTest" time="0.193"/>
  <system-out><![CDATA[]]></system-out>
  <system-err><![CDATA[Dec 19, 2021 2:35:45 AM io.mockk.impl.log.JULLogger warn
WARNING: Failed to transform class goos/ui/api/UserRequestListener
java.lang.IllegalArgumentException: Unsupported class file major version 59
	at net.bytebuddy.jar.asm.ClassReader.<init>(ClassReader.java:176)
	at net.bytebuddy.jar.asm.ClassReader.<init>(ClassReader.java:158)
	at net.bytebuddy.jar.asm.ClassReader.<init>(ClassReader.java:146)
	at net.bytebuddy.utility.OpenedClassReader.of(OpenedClassReader.java:69)
	at net.bytebuddy.dynamic.scaffold.TypeWriter$Default$ForInlining.create(TypeWriter.java:2877)
	at net.bytebuddy.dynamic.scaffold.TypeWriter$Default.make(TypeWriter.java:1653)
	at net.bytebuddy.dynamic.scaffold.inline.RedefinitionDynamicTypeBuilder.make(RedefinitionDynamicTypeBuilder.java:180)
	at net.bytebuddy.dynamic.scaffold.inline.AbstractInliningDynamicTypeBuilder.make(AbstractInliningDynamicTypeBuilder.java:94)
	at net.bytebuddy.dynamic.DynamicType$Builder$AbstractBase.make(DynamicType.java:2669)
	at io.mockk.proxy.jvm.transformation.InliningClassTransformer.transform(InliningClassTransformer.kt:78)
	at java.instrument/java.lang.instrument.ClassFileTransformer.transform(ClassFileTransformer.java:246)
	at java.instrument/sun.instrument.TransformerManager.transform(TransformerManager.java:188)
	at java.instrument/sun.instrument.InstrumentationImpl.transform(InstrumentationImpl.java:563)
	at java.instrument/sun.instrument.InstrumentationImpl.retransformClasses0(Native Method)
	at java.instrument/sun.instrument.InstrumentationImpl.retransformClasses(InstrumentationImpl.java:167)
	at io.mockk.proxy.jvm.transformation.JvmInlineInstrumentation.retransform(JvmInlineInstrumentation.kt:28)
	at io.mockk.proxy.common.transformation.RetransformInlineInstrumnetation$execute$1.invoke(RetransformInlineInstrumnetation.kt:19)
	at io.mockk.proxy.common.transformation.RetransformInlineInstrumnetation$execute$1.invoke(RetransformInlineInstrumnetation.kt:6)
	at io.mockk.proxy.common.transformation.ClassTransformationSpecMap.applyTransformation(ClassTransformationSpecMap.kt:41)
	at io.mockk.proxy.common.transformation.RetransformInlineInstrumnetation.execute(RetransformInlineInstrumnetation.kt:16)
	at io.mockk.proxy.jvm.ProxyMaker.inline(ProxyMaker.kt:88)
	at io.mockk.proxy.jvm.ProxyMaker.proxy(ProxyMaker.kt:30)
	at io.mockk.impl.instantiation.JvmMockFactory.newProxy(JvmMockFactory.kt:34)
	at io.mockk.impl.instantiation.AbstractMockFactory.newProxy$default(AbstractMockFactory.kt:29)
	at io.mockk.impl.instantiation.AbstractMockFactory.mockk(AbstractMockFactory.kt:59)
	at goos.ui.swing.MainWindowTest$1$1.invokeSuspend(MainWindowTest.kt:90)
	at goos.ui.swing.MainWindowTest$1$1.invoke(MainWindowTest.kt)
	at goos.ui.swing.MainWindowTest$1$1.invoke(MainWindowTest.kt)
	at io.kotest.core.TestConfiguration$beforeTest$1.beforeTest(TestConfiguration.kt:137)
	at io.kotest.core.spec.LifecycleKt.invokeAllBeforeTestCallbacks(lifecycle.kt:76)
	at io.kotest.core.internal.TestCaseExecutor.executeActiveTest(TestCaseExecutor.kt:152)
	at io.kotest.core.internal.TestCaseExecutor.access$executeActiveTest(TestCaseExecutor.kt:57)
	at io.kotest.core.internal.TestCaseExecutor$intercept$innerExecute$1$1.invokeSuspend(TestCaseExecutor.kt:89)
	at io.kotest.core.internal.TestCaseExecutor$intercept$innerExecute$1$1.invoke(TestCaseExecutor.kt)
	at io.kotest.core.internal.TestCaseExecutor$intercept$innerExecute$1$1.invoke(TestCaseExecutor.kt)
	at io.kotest.core.internal.TestCaseExecutor.executeIfEnabled(TestCaseExecutor.kt:117)
	at io.kotest.core.internal.TestCaseExecutor.access$executeIfEnabled(TestCaseExecutor.kt:57)
	at io.kotest.core.internal.TestCaseExecutor$intercept$innerExecute$1.invokeSuspend(TestCaseExecutor.kt:89)
	at io.kotest.core.internal.TestCaseExecutor$intercept$innerExecute$1.invoke(TestCaseExecutor.kt)
	at io.kotest.core.internal.TestCaseExecutor$intercept$innerExecute$1.invoke(TestCaseExecutor.kt)
	at io.kotest.core.internal.TestCaseExecutor.intercept(TestCaseExecutor.kt:103)
	at io.kotest.core.internal.TestCaseExecutor.execute(TestCaseExecutor.kt:69)
	at io.kotest.engine.spec.runners.SingleInstanceSpecRunner.runTest(SingleInstanceSpecRunner.kt:104)
	at io.kotest.engine.spec.runners.SingleInstanceSpecRunner.access$runTest(SingleInstanceSpecRunner.kt:34)
	at io.kotest.engine.spec.runners.SingleInstanceSpecRunner$execute$interceptAndRun$2$4.invokeSuspend(SingleInstanceSpecRunner.kt:57)
	at io.kotest.engine.spec.runners.SingleInstanceSpecRunner$execute$interceptAndRun$2$4.invoke(SingleInstanceSpecRunner.kt)
	at io.kotest.engine.spec.runners.SingleInstanceSpecRunner$execute$interceptAndRun$2$4.invoke(SingleInstanceSpecRunner.kt)
	at io.kotest.engine.launchers.SequentialTestLauncher$launch$3$1$1.invokeSuspend(SequentialTestLauncher.kt:22)
	at kotlin.coroutines.jvm.internal.BaseContinuationImpl.resumeWith(ContinuationImpl.kt:33)
	at kotlinx.coroutines.DispatchedTask.run(DispatchedTask.kt:106)
	at java.base/java.util.concurrent.ThreadPoolExecutor.runWorker(ThreadPoolExecutor.java:1130)
	at java.base/java.util.concurrent.ThreadPoolExecutor$Worker.run(ThreadPoolExecutor.java:630)
	at java.base/java.lang.Thread.run(Thread.java:832)

Dec 19, 2021 2:35:47 AM net.sourceforge.marathon.javaagent.server.JavaServer serve
INFO: JavaServer.serve(POST /session): {
  "desiredCapabilities": {
    "browserName": "java",
    "platform": "ANY"
  },
  "capabilities": {
    "firstMatch": [
      {
        "browserName": "java"
      }
    ]
  }
}
Dec 19, 2021 2:35:47 AM net.sourceforge.marathon.javaagent.server.JavaServer createSession
INFO: Creating device with type: EVENT_QUEUE
Dec 19, 2021 2:35:47 AM net.sourceforge.marathon.javaagent.Device getDevice
INFO: Creating a EVENT_QUEUE device
Dec 19, 2021 2:35:47 AM net.sourceforge.marathon.javaagent.server.JavaServer serve
INFO: POST(/session, {"desiredCapabilities":{"browserName":"java","platform":"ANY"},"capabilities":{"firstMatch":[{"browserName":"java"}]}}) = {data=, status=REDIRECT}
Dec 19, 2021 2:35:47 AM net.sourceforge.marathon.javaagent.server.JavaServer serve
INFO: JavaServer.serve(GET /session/065d530e-7677-4319-8ff9-0175dc42176b): {}
Dec 19, 2021 2:35:47 AM net.sourceforge.marathon.javaagent.server.JavaServer serve
INFO: GET(/session/065d530e-7677-4319-8ff9-0175dc42176b) = {data={"name":"getCapabilities","sessionId":"065d530e-7677-4319-8ff9-0175dc42176b","value":{"applicationCacheEnabled":false,"rotatable":false,"loggingPrefs":{"driver":"ALL"},"handlesAlerts":false,"databaseEnabled":false,"version":"1.0","platform":"ANY","browserConnectionEnabled":false,"nativeEvents":false,"acceptSslCerts":false,"locationContextEnabled":false,"webStorageEnabled":false,"browserName":"java","takesScreenshot":true,"javascriptEnabled":true,"cssSelectorsEnabled":false},"status":0}, status=OK}
Dec 19, 2021 2:35:47 AM org.openqa.selenium.remote.ProtocolHandshake createSession
INFO: Detected dialect: OSS
Dec 19, 2021 2:35:47 AM net.sourceforge.marathon.javaagent.server.JavaServer serve
INFO: JavaServer.serve(POST /session/065d530e-7677-4319-8ff9-0175dc42176b/element): {
  "using": "css selector",
  "value": "."
}
Dec 19, 2021 2:35:47 AM net.sourceforge.marathon.javaagent.server.JavaServer serve
INFO: POST(/session/065d530e-7677-4319-8ff9-0175dc42176b/element, {"using":"css selector","value":"."}) = {data={"name":"findElement","sessionId":"065d530e-7677-4319-8ff9-0175dc42176b","value":{"ELEMENT":"e649ce38-7b03-4ed5-a95b-a1921ec96b71"},"status":0}, status=OK}
Dec 19, 2021 2:35:47 AM net.sourceforge.marathon.javaagent.server.JavaServer serve
INFO: JavaServer.serve(GET /session/065d530e-7677-4319-8ff9-0175dc42176b/element/e649ce38-7b03-4ed5-a95b-a1921ec96b71/attribute/name): {}
Dec 19, 2021 2:35:47 AM net.sourceforge.marathon.javaagent.server.JavaServer serve
INFO: GET(/session/065d530e-7677-4319-8ff9-0175dc42176b/element/e649ce38-7b03-4ed5-a95b-a1921ec96b71/attribute/name) = {data={"name":"getElementAttribute","sessionId":"065d530e-7677-4319-8ff9-0175dc42176b","value":"Auction Sniper Name","status":0}, status=OK}
Dec 19, 2021 2:35:47 AM net.sourceforge.marathon.javaagent.server.JavaServer serve
INFO: JavaServer.serve(POST /session/065d530e-7677-4319-8ff9-0175dc42176b/element): {
  "using": "css selector",
  "value": "."
}
Dec 19, 2021 2:35:47 AM net.sourceforge.marathon.javaagent.server.JavaServer serve
INFO: POST(/session/065d530e-7677-4319-8ff9-0175dc42176b/element, {"using":"css selector","value":"."}) = {data={"name":"findElement","sessionId":"065d530e-7677-4319-8ff9-0175dc42176b","value":{"ELEMENT":"e649ce38-7b03-4ed5-a95b-a1921ec96b71"},"status":0}, status=OK}
Dec 19, 2021 2:35:47 AM net.sourceforge.marathon.javaagent.server.JavaServer serve
INFO: JavaServer.serve(GET /session/065d530e-7677-4319-8ff9-0175dc42176b/element/e649ce38-7b03-4ed5-a95b-a1921ec96b71/displayed): {}
Dec 19, 2021 2:35:47 AM net.sourceforge.marathon.javaagent.server.JavaServer serve
INFO: GET(/session/065d530e-7677-4319-8ff9-0175dc42176b/element/e649ce38-7b03-4ed5-a95b-a1921ec96b71/displayed) = {data={"name":"isDisplayed","sessionId":"065d530e-7677-4319-8ff9-0175dc42176b","value":true,"status":0}, status=OK}
Dec 19, 2021 2:35:47 AM net.sourceforge.marathon.javaagent.server.JavaServer serve
INFO: JavaServer.serve(GET /session/065d530e-7677-4319-8ff9-0175dc42176b/title): {}
Dec 19, 2021 2:35:47 AM net.sourceforge.marathon.javaagent.server.JavaServer serve
INFO: GET(/session/065d530e-7677-4319-8ff9-0175dc42176b/title) = {data={"name":"getWindowTitle","sessionId":"065d530e-7677-4319-8ff9-0175dc42176b","value":"Auction Sniper","status":0}, status=OK}
Dec 19, 2021 2:35:47 AM net.sourceforge.marathon.javaagent.server.JavaServer serve
INFO: JavaServer.serve(POST /session/065d530e-7677-4319-8ff9-0175dc42176b/element): {
  "using": "name",
  "value": "snipers table"
}
Dec 19, 2021 2:35:47 AM net.sourceforge.marathon.javaagent.server.JavaServer serve
INFO: POST(/session/065d530e-7677-4319-8ff9-0175dc42176b/element, {"using":"name","value":"snipers table"}) = {data={"name":"findElement","sessionId":"065d530e-7677-4319-8ff9-0175dc42176b","value":{"ELEMENT":"c26cd31a-dc30-42bc-ae1b-c4134b964cd5"},"status":0}, status=OK}
Dec 19, 2021 2:35:47 AM net.sourceforge.marathon.javaagent.server.JavaServer serve
INFO: JavaServer.serve(POST /session/065d530e-7677-4319-8ff9-0175dc42176b/element/c26cd31a-dc30-42bc-ae1b-c4134b964cd5/elements): {
  "id": "c26cd31a-dc30-42bc-ae1b-c4134b964cd5",
  "using": "css selector",
  "value": ".::header.::all-items"
}
Dec 19, 2021 2:35:47 AM net.sourceforge.marathon.javaagent.server.JavaServer serve
INFO: POST(/session/065d530e-7677-4319-8ff9-0175dc42176b/element/c26cd31a-dc30-42bc-ae1b-c4134b964cd5/elements, {"using":"css selector","id":"c26cd31a-dc30-42bc-ae1b-c4134b964cd5","value":".::header.::all-items"}) = {data={"name":"findElementsOfElement","sessionId":"065d530e-7677-4319-8ff9-0175dc42176b","value":[{"ELEMENT":"0cdcaab4-08fb-4b51-8edf-e3903ac9c527%23%7B%22selector%22%3A%22nth-item%22%2C%22parameters%22%3A%5B1%5D%7D"},{"ELEMENT":"0cdcaab4-08fb-4b51-8edf-e3903ac9c527%23%7B%22selector%22%3A%22nth-item%22%2C%22parameters%22%3A%5B2%5D%7D"},{"ELEMENT":"0cdcaab4-08fb-4b51-8edf-e3903ac9c527%23%7B%22selector%22%3A%22nth-item%22%2C%22parameters%22%3A%5B3%5D%7D"},{"ELEMENT":"0cdcaab4-08fb-4b51-8edf-e3903ac9c527%23%7B%22selector%22%3A%22nth-item%22%2C%22parameters%22%3A%5B4%5D%7D"}],"status":0}, status=OK}
Dec 19, 2021 2:35:47 AM net.sourceforge.marathon.javaagent.server.JavaServer serve
INFO: JavaServer.serve(GET /session/065d530e-7677-4319-8ff9-0175dc42176b/element/0cdcaab4-08fb-4b51-8edf-e3903ac9c527%23%7B%22selector%22%3A%22nth-item%22%2C%22parameters%22%3A%5B1%5D%7D/text): {}
Dec 19, 2021 2:35:47 AM net.sourceforge.marathon.javaagent.server.JavaServer serve
INFO: GET(/session/065d530e-7677-4319-8ff9-0175dc42176b/element/0cdcaab4-08fb-4b51-8edf-e3903ac9c527%23%7B%22selector%22%3A%22nth-item%22%2C%22parameters%22%3A%5B1%5D%7D/text) = {data={"name":"getElementText","sessionId":"065d530e-7677-4319-8ff9-0175dc42176b","value":"Item","status":0}, status=OK}
Dec 19, 2021 2:35:47 AM net.sourceforge.marathon.javaagent.server.JavaServer serve
INFO: JavaServer.serve(GET /session/065d530e-7677-4319-8ff9-0175dc42176b/element/0cdcaab4-08fb-4b51-8edf-e3903ac9c527%23%7B%22selector%22%3A%22nth-item%22%2C%22parameters%22%3A%5B2%5D%7D/text): {}
Dec 19, 2021 2:35:47 AM net.sourceforge.marathon.javaagent.server.JavaServer serve
INFO: GET(/session/065d530e-7677-4319-8ff9-0175dc42176b/element/0cdcaab4-08fb-4b51-8edf-e3903ac9c527%23%7B%22selector%22%3A%22nth-item%22%2C%22parameters%22%3A%5B2%5D%7D/text) = {data={"name":"getElementText","sessionId":"065d530e-7677-4319-8ff9-0175dc42176b","value":"Last Price","status":0}, status=OK}
Dec 19, 2021 2:35:47 AM net.sourceforge.marathon.javaagent.server.JavaServer serve
INFO: JavaServer.serve(GET /session/065d530e-7677-4319-8ff9-0175dc42176b/element/0cdcaab4-08fb-4b51-8edf-e3903ac9c527%23%7B%22selector%22%3A%22nth-item%22%2C%22parameters%22%3A%5B3%5D%7D/text): {}
Dec 19, 2021 2:35:47 AM net.sourceforge.marathon.javaagent.server.JavaServer serve
INFO: GET(/session/065d530e-7677-4319-8ff9-0175dc42176b/element/0cdcaab4-08fb-4b51-8edf-e3903ac9c527%23%7B%22selector%22%3A%22nth-item%22%2C%22parameters%22%3A%5B3%5D%7D/text) = {data={"name":"getElementText","sessionId":"065d530e-7677-4319-8ff9-0175dc42176b","value":"Last Bid","status":0}, status=OK}
Dec 19, 2021 2:35:47 AM net.sourceforge.marathon.javaagent.server.JavaServer serve
INFO: JavaServer.serve(GET /session/065d530e-7677-4319-8ff9-0175dc42176b/element/0cdcaab4-08fb-4b51-8edf-e3903ac9c527%23%7B%22selector%22%3A%22nth-item%22%2C%22parameters%22%3A%5B4%5D%7D/text): {}
Dec 19, 2021 2:35:47 AM net.sourceforge.marathon.javaagent.server.JavaServer serve
INFO: GET(/session/065d530e-7677-4319-8ff9-0175dc42176b/element/0cdcaab4-08fb-4b51-8edf-e3903ac9c527%23%7B%22selector%22%3A%22nth-item%22%2C%22parameters%22%3A%5B4%5D%7D/text) = {data={"name":"getElementText","sessionId":"065d530e-7677-4319-8ff9-0175dc42176b","value":"State","status":0}, status=OK}
Dec 19, 2021 2:35:47 AM net.sourceforge.marathon.javaagent.server.JavaServer serve
INFO: JavaServer.serve(DELETE /session/065d530e-7677-4319-8ff9-0175dc42176b/window): {}
Dec 19, 2021 2:35:47 AM net.sourceforge.marathon.javaagent.server.JavaServer serve
INFO: DELETE(/session/065d530e-7677-4319-8ff9-0175dc42176b/window) = {data={"name":"closeSession","sessionId":"065d530e-7677-4319-8ff9-0175dc42176b","status":0}, status=OK}
Dec 19, 2021 2:35:47 AM net.sourceforge.marathon.javaagent.server.JavaServer serve
INFO: JavaServer.serve(POST /session): {
  "desiredCapabilities": {
    "browserName": "java",
    "platform": "ANY"
  },
  "capabilities": {
    "firstMatch": [
      {
        "browserName": "java"
      }
    ]
  }
}
Dec 19, 2021 2:35:47 AM net.sourceforge.marathon.javaagent.server.JavaServer createSession
INFO: Creating device with type: EVENT_QUEUE
Dec 19, 2021 2:35:47 AM net.sourceforge.marathon.javaagent.Device getDevice
INFO: Creating a EVENT_QUEUE device
Dec 19, 2021 2:35:47 AM net.sourceforge.marathon.javaagent.server.JavaServer serve
INFO: POST(/session, {"desiredCapabilities":{"browserName":"java","platform":"ANY"},"capabilities":{"firstMatch":[{"browserName":"java"}]}}) = {data=, status=REDIRECT}
Dec 19, 2021 2:35:47 AM net.sourceforge.marathon.javaagent.server.JavaServer serve
INFO: JavaServer.serve(GET /session/365a3de4-5a80-4004-b57d-cc6a4fcc8403): {}
Dec 19, 2021 2:35:47 AM net.sourceforge.marathon.javaagent.server.JavaServer serve
INFO: GET(/session/365a3de4-5a80-4004-b57d-cc6a4fcc8403) = {data={"name":"getCapabilities","sessionId":"365a3de4-5a80-4004-b57d-cc6a4fcc8403","value":{"applicationCacheEnabled":false,"rotatable":false,"loggingPrefs":{"driver":"ALL"},"handlesAlerts":false,"databaseEnabled":false,"version":"1.0","platform":"ANY","browserConnectionEnabled":false,"nativeEvents":false,"acceptSslCerts":false,"locationContextEnabled":false,"webStorageEnabled":false,"browserName":"java","takesScreenshot":true,"javascriptEnabled":true,"cssSelectorsEnabled":false},"status":0}, status=OK}
Dec 19, 2021 2:35:47 AM org.openqa.selenium.remote.ProtocolHandshake createSession
INFO: Detected dialect: OSS
Dec 19, 2021 2:35:47 AM net.sourceforge.marathon.javaagent.server.JavaServer serve
INFO: JavaServer.serve(POST /session/365a3de4-5a80-4004-b57d-cc6a4fcc8403/element): {
  "using": "name",
  "value": "new item id field"
}
Dec 19, 2021 2:35:47 AM net.sourceforge.marathon.javaagent.server.JavaServer serve
INFO: POST(/session/365a3de4-5a80-4004-b57d-cc6a4fcc8403/element, {"using":"name","value":"new item id field"}) = {data={"name":"findElement","sessionId":"365a3de4-5a80-4004-b57d-cc6a4fcc8403","value":{"ELEMENT":"e0a9e69a-327c-4586-87bb-8e30e2405898"},"status":0}, status=OK}
Dec 19, 2021 2:35:47 AM net.sourceforge.marathon.javaagent.server.JavaServer serve
INFO: JavaServer.serve(POST /session/365a3de4-5a80-4004-b57d-cc6a4fcc8403/element/e0a9e69a-327c-4586-87bb-8e30e2405898/clear): {
  "id": "e0a9e69a-327c-4586-87bb-8e30e2405898"
}
Dec 19, 2021 2:35:47 AM net.sourceforge.marathon.javaagent.server.JavaServer serve
INFO: POST(/session/365a3de4-5a80-4004-b57d-cc6a4fcc8403/element/e0a9e69a-327c-4586-87bb-8e30e2405898/clear, {"id":"e0a9e69a-327c-4586-87bb-8e30e2405898"}) = {data={"name":"clearElement","sessionId":"365a3de4-5a80-4004-b57d-cc6a4fcc8403","status":0}, status=OK}
Dec 19, 2021 2:35:47 AM net.sourceforge.marathon.javaagent.server.JavaServer serve
INFO: JavaServer.serve(POST /session/365a3de4-5a80-4004-b57d-cc6a4fcc8403/element/e0a9e69a-327c-4586-87bb-8e30e2405898/value): {
  "id": "e0a9e69a-327c-4586-87bb-8e30e2405898",
  "value": [
    "an item-id"
  ]
}
Dec 19, 2021 2:35:47 AM net.sourceforge.marathon.javaagent.EventQueueDevice dispatchEvent
INFO: java.awt.event.KeyEvent[KEY_PRESSED,keyCode=65,keyText=A,keyChar='a',keyLocation=KEY_LOCATION_UNKNOWN,rawCode=0,primaryLevelUnicode=0,scancode=0,extendedKeyCode=0x0] on new item id field
Dec 19, 2021 2:35:47 AM net.sourceforge.marathon.javaagent.EventQueueDevice dispatchEvent
INFO: java.awt.event.KeyEvent[KEY_TYPED,keyCode=0,keyText=Unknown keyCode: 0x0,keyChar='a',keyLocation=KEY_LOCATION_UNKNOWN,rawCode=0,primaryLevelUnicode=0,scancode=0,extendedKeyCode=0x0] on new item id field
Dec 19, 2021 2:35:47 AM net.sourceforge.marathon.javaagent.EventQueueDevice dispatchEvent
INFO: java.awt.event.KeyEvent[KEY_RELEASED,keyCode=65,keyText=A,keyChar='a',keyLocation=KEY_LOCATION_UNKNOWN,rawCode=0,primaryLevelUnicode=0,scancode=0,extendedKeyCode=0x0] on new item id field
Dec 19, 2021 2:35:47 AM net.sourceforge.marathon.javaagent.EventQueueDevice dispatchEvent
INFO: java.awt.event.KeyEvent[KEY_PRESSED,keyCode=78,keyText=N,keyChar='n',keyLocation=KEY_LOCATION_UNKNOWN,rawCode=0,primaryLevelUnicode=0,scancode=0,extendedKeyCode=0x0] on new item id field
Dec 19, 2021 2:35:47 AM net.sourceforge.marathon.javaagent.EventQueueDevice dispatchEvent
INFO: java.awt.event.KeyEvent[KEY_TYPED,keyCode=0,keyText=Unknown keyCode: 0x0,keyChar='n',keyLocation=KEY_LOCATION_UNKNOWN,rawCode=0,primaryLevelUnicode=0,scancode=0,extendedKeyCode=0x0] on new item id field
Dec 19, 2021 2:35:47 AM net.sourceforge.marathon.javaagent.EventQueueDevice dispatchEvent
INFO: java.awt.event.KeyEvent[KEY_RELEASED,keyCode=78,keyText=N,keyChar='n',keyLocation=KEY_LOCATION_UNKNOWN,rawCode=0,primaryLevelUnicode=0,scancode=0,extendedKeyCode=0x0] on new item id field
Dec 19, 2021 2:35:47 AM net.sourceforge.marathon.javaagent.EventQueueDevice dispatchEvent
INFO: java.awt.event.KeyEvent[KEY_PRESSED,keyCode=16,keyText=Shift,keyChar=Undefined keyChar,modifiers=Shift,extModifiers=Shift,keyLocation=KEY_LOCATION_UNKNOWN,rawCode=0,primaryLevelUnicode=0,scancode=0,extendedKeyCode=0x0] on new item id field
Dec 19, 2021 2:35:47 AM net.sourceforge.marathon.javaagent.EventQueueDevice dispatchEvent
INFO: java.awt.event.KeyEvent[KEY_PRESSED,keyCode=32,keyText=Space,keyChar=' ',modifiers=Shift,extModifiers=Shift,keyLocation=KEY_LOCATION_UNKNOWN,rawCode=0,primaryLevelUnicode=0,scancode=0,extendedKeyCode=0x0] on new item id field
Dec 19, 2021 2:35:47 AM net.sourceforge.marathon.javaagent.EventQueueDevice dispatchEvent
INFO: java.awt.event.KeyEvent[KEY_TYPED,keyCode=0,keyText=Unknown keyCode: 0x0,keyChar=' ',modifiers=Shift,extModifiers=Shift,keyLocation=KEY_LOCATION_UNKNOWN,rawCode=0,primaryLevelUnicode=0,scancode=0,extendedKeyCode=0x0] on new item id field
Dec 19, 2021 2:35:47 AM net.sourceforge.marathon.javaagent.EventQueueDevice dispatchEvent
INFO: java.awt.event.KeyEvent[KEY_RELEASED,keyCode=32,keyText=Space,keyChar=' ',modifiers=Shift,extModifiers=Shift,keyLocation=KEY_LOCATION_UNKNOWN,rawCode=0,primaryLevelUnicode=0,scancode=0,extendedKeyCode=0x0] on new item id field
Dec 19, 2021 2:35:47 AM net.sourceforge.marathon.javaagent.EventQueueDevice dispatchEvent
INFO: java.awt.event.KeyEvent[KEY_RELEASED,keyCode=16,keyText=Shift,keyChar=Undefined keyChar,keyLocation=KEY_LOCATION_UNKNOWN,rawCode=0,primaryLevelUnicode=0,scancode=0,extendedKeyCode=0x0] on new item id field
Dec 19, 2021 2:35:47 AM net.sourceforge.marathon.javaagent.EventQueueDevice dispatchEvent
INFO: java.awt.event.KeyEvent[KEY_PRESSED,keyCode=73,keyText=I,keyChar='i',keyLocation=KEY_LOCATION_UNKNOWN,rawCode=0,primaryLevelUnicode=0,scancode=0,extendedKeyCode=0x0] on new item id field
Dec 19, 2021 2:35:47 AM net.sourceforge.marathon.javaagent.EventQueueDevice dispatchEvent
INFO: java.awt.event.KeyEvent[KEY_TYPED,keyCode=0,keyText=Unknown keyCode: 0x0,keyChar='i',keyLocation=KEY_LOCATION_UNKNOWN,rawCode=0,primaryLevelUnicode=0,scancode=0,extendedKeyCode=0x0] on new item id field
Dec 19, 2021 2:35:47 AM net.sourceforge.marathon.javaagent.EventQueueDevice dispatchEvent
INFO: java.awt.event.KeyEvent[KEY_RELEASED,keyCode=73,keyText=I,keyChar='i',keyLocation=KEY_LOCATION_UNKNOWN,rawCode=0,primaryLevelUnicode=0,scancode=0,extendedKeyCode=0x0] on new item id field
Dec 19, 2021 2:35:47 AM net.sourceforge.marathon.javaagent.EventQueueDevice dispatchEvent
INFO: java.awt.event.KeyEvent[KEY_PRESSED,keyCode=84,keyText=T,keyChar='t',keyLocation=KEY_LOCATION_UNKNOWN,rawCode=0,primaryLevelUnicode=0,scancode=0,extendedKeyCode=0x0] on new item id field
Dec 19, 2021 2:35:47 AM net.sourceforge.marathon.javaagent.EventQueueDevice dispatchEvent
INFO: java.awt.event.KeyEvent[KEY_TYPED,keyCode=0,keyText=Unknown keyCode: 0x0,keyChar='t',keyLocation=KEY_LOCATION_UNKNOWN,rawCode=0,primaryLevelUnicode=0,scancode=0,extendedKeyCode=0x0] on new item id field
Dec 19, 2021 2:35:47 AM net.sourceforge.marathon.javaagent.EventQueueDevice dispatchEvent
INFO: java.awt.event.KeyEvent[KEY_RELEASED,keyCode=84,keyText=T,keyChar='t',keyLocation=KEY_LOCATION_UNKNOWN,rawCode=0,primaryLevelUnicode=0,scancode=0,extendedKeyCode=0x0] on new item id field
Dec 19, 2021 2:35:47 AM net.sourceforge.marathon.javaagent.EventQueueDevice dispatchEvent
INFO: java.awt.event.KeyEvent[KEY_PRESSED,keyCode=69,keyText=E,keyChar='e',keyLocation=KEY_LOCATION_UNKNOWN,rawCode=0,primaryLevelUnicode=0,scancode=0,extendedKeyCode=0x0] on new item id field
Dec 19, 2021 2:35:47 AM net.sourceforge.marathon.javaagent.EventQueueDevice dispatchEvent
INFO: java.awt.event.KeyEvent[KEY_TYPED,keyCode=0,keyText=Unknown keyCode: 0x0,keyChar='e',keyLocation=KEY_LOCATION_UNKNOWN,rawCode=0,primaryLevelUnicode=0,scancode=0,extendedKeyCode=0x0] on new item id field
Dec 19, 2021 2:35:47 AM net.sourceforge.marathon.javaagent.EventQueueDevice dispatchEvent
INFO: java.awt.event.KeyEvent[KEY_RELEASED,keyCode=69,keyText=E,keyChar='e',keyLocation=KEY_LOCATION_UNKNOWN,rawCode=0,primaryLevelUnicode=0,scancode=0,extendedKeyCode=0x0] on new item id field
Dec 19, 2021 2:35:47 AM net.sourceforge.marathon.javaagent.EventQueueDevice dispatchEvent
INFO: java.awt.event.KeyEvent[KEY_PRESSED,keyCode=77,keyText=M,keyChar='m',keyLocation=KEY_LOCATION_UNKNOWN,rawCode=0,primaryLevelUnicode=0,scancode=0,extendedKeyCode=0x0] on new item id field
Dec 19, 2021 2:35:47 AM net.sourceforge.marathon.javaagent.EventQueueDevice dispatchEvent
INFO: java.awt.event.KeyEvent[KEY_TYPED,keyCode=0,keyText=Unknown keyCode: 0x0,keyChar='m',keyLocation=KEY_LOCATION_UNKNOWN,rawCode=0,primaryLevelUnicode=0,scancode=0,extendedKeyCode=0x0] on new item id field
Dec 19, 2021 2:35:47 AM net.sourceforge.marathon.javaagent.EventQueueDevice dispatchEvent
INFO: java.awt.event.KeyEvent[KEY_RELEASED,keyCode=77,keyText=M,keyChar='m',keyLocation=KEY_LOCATION_UNKNOWN,rawCode=0,primaryLevelUnicode=0,scancode=0,extendedKeyCode=0x0] on new item id field
Dec 19, 2021 2:35:47 AM net.sourceforge.marathon.javaagent.EventQueueDevice dispatchEvent
INFO: java.awt.event.KeyEvent[KEY_PRESSED,keyCode=45,keyText=Minus,keyChar='-',keyLocation=KEY_LOCATION_UNKNOWN,rawCode=0,primaryLevelUnicode=0,scancode=0,extendedKeyCode=0x0] on new item id field
Dec 19, 2021 2:35:47 AM net.sourceforge.marathon.javaagent.EventQueueDevice dispatchEvent
INFO: java.awt.event.KeyEvent[KEY_TYPED,keyCode=0,keyText=Unknown keyCode: 0x0,keyChar='-',keyLocation=KEY_LOCATION_UNKNOWN,rawCode=0,primaryLevelUnicode=0,scancode=0,extendedKeyCode=0x0] on new item id field
Dec 19, 2021 2:35:47 AM net.sourceforge.marathon.javaagent.EventQueueDevice dispatchEvent
INFO: java.awt.event.KeyEvent[KEY_RELEASED,keyCode=45,keyText=Minus,keyChar='-',keyLocation=KEY_LOCATION_UNKNOWN,rawCode=0,primaryLevelUnicode=0,scancode=0,extendedKeyCode=0x0] on new item id field
Dec 19, 2021 2:35:47 AM net.sourceforge.marathon.javaagent.EventQueueDevice dispatchEvent
INFO: java.awt.event.KeyEvent[KEY_PRESSED,keyCode=73,keyText=I,keyChar='i',keyLocation=KEY_LOCATION_UNKNOWN,rawCode=0,primaryLevelUnicode=0,scancode=0,extendedKeyCode=0x0] on new item id field
Dec 19, 2021 2:35:47 AM net.sourceforge.marathon.javaagent.EventQueueDevice dispatchEvent
INFO: java.awt.event.KeyEvent[KEY_TYPED,keyCode=0,keyText=Unknown keyCode: 0x0,keyChar='i',keyLocation=KEY_LOCATION_UNKNOWN,rawCode=0,primaryLevelUnicode=0,scancode=0,extendedKeyCode=0x0] on new item id field
Dec 19, 2021 2:35:47 AM net.sourceforge.marathon.javaagent.EventQueueDevice dispatchEvent
INFO: java.awt.event.KeyEvent[KEY_RELEASED,keyCode=73,keyText=I,keyChar='i',keyLocation=KEY_LOCATION_UNKNOWN,rawCode=0,primaryLevelUnicode=0,scancode=0,extendedKeyCode=0x0] on new item id field
Dec 19, 2021 2:35:47 AM net.sourceforge.marathon.javaagent.EventQueueDevice dispatchEvent
INFO: java.awt.event.KeyEvent[KEY_PRESSED,keyCode=68,keyText=D,keyChar='d',keyLocation=KEY_LOCATION_UNKNOWN,rawCode=0,primaryLevelUnicode=0,scancode=0,extendedKeyCode=0x0] on new item id field
Dec 19, 2021 2:35:47 AM net.sourceforge.marathon.javaagent.EventQueueDevice dispatchEvent
INFO: java.awt.event.KeyEvent[KEY_TYPED,keyCode=0,keyText=Unknown keyCode: 0x0,keyChar='d',keyLocation=KEY_LOCATION_UNKNOWN,rawCode=0,primaryLevelUnicode=0,scancode=0,extendedKeyCode=0x0] on new item id field
Dec 19, 2021 2:35:47 AM net.sourceforge.marathon.javaagent.EventQueueDevice dispatchEvent
INFO: java.awt.event.KeyEvent[KEY_RELEASED,keyCode=68,keyText=D,keyChar='d',keyLocation=KEY_LOCATION_UNKNOWN,rawCode=0,primaryLevelUnicode=0,scancode=0,extendedKeyCode=0x0] on new item id field
Dec 19, 2021 2:35:47 AM net.sourceforge.marathon.javaagent.server.JavaServer serve
INFO: POST(/session/365a3de4-5a80-4004-b57d-cc6a4fcc8403/element/e0a9e69a-327c-4586-87bb-8e30e2405898/value, {"id":"e0a9e69a-327c-4586-87bb-8e30e2405898","value":["an item-id"]}) = {data={"name":"sendKeysElement","sessionId":"365a3de4-5a80-4004-b57d-cc6a4fcc8403","status":0}, status=OK}
Dec 19, 2021 2:35:47 AM net.sourceforge.marathon.javaagent.server.JavaServer serve
INFO: JavaServer.serve(POST /session/365a3de4-5a80-4004-b57d-cc6a4fcc8403/element): {
  "using": "name",
  "value": "new item stop price field"
}
Dec 19, 2021 2:35:47 AM net.sourceforge.marathon.javaagent.server.JavaServer serve
INFO: POST(/session/365a3de4-5a80-4004-b57d-cc6a4fcc8403/element, {"using":"name","value":"new item stop price field"}) = {data={"name":"findElement","sessionId":"365a3de4-5a80-4004-b57d-cc6a4fcc8403","value":{"ELEMENT":"131a8c34-26fa-47ac-b386-ee015a684a2d"},"status":0}, status=OK}
Dec 19, 2021 2:35:47 AM net.sourceforge.marathon.javaagent.server.JavaServer serve
INFO: JavaServer.serve(POST /session/365a3de4-5a80-4004-b57d-cc6a4fcc8403/element/131a8c34-26fa-47ac-b386-ee015a684a2d/clear): {
  "id": "131a8c34-26fa-47ac-b386-ee015a684a2d"
}
Dec 19, 2021 2:35:47 AM net.sourceforge.marathon.javaagent.server.JavaServer serve
INFO: POST(/session/365a3de4-5a80-4004-b57d-cc6a4fcc8403/element/131a8c34-26fa-47ac-b386-ee015a684a2d/clear, {"id":"131a8c34-26fa-47ac-b386-ee015a684a2d"}) = {data={"name":"clearElement","sessionId":"365a3de4-5a80-4004-b57d-cc6a4fcc8403","status":0}, status=OK}
Dec 19, 2021 2:35:47 AM net.sourceforge.marathon.javaagent.server.JavaServer serve
INFO: JavaServer.serve(POST /session/365a3de4-5a80-4004-b57d-cc6a4fcc8403/element/131a8c34-26fa-47ac-b386-ee015a684a2d/value): {
  "id": "131a8c34-26fa-47ac-b386-ee015a684a2d",
  "value": [
    "11000"
  ]
}
Dec 19, 2021 2:35:48 AM net.sourceforge.marathon.javaagent.EventQueueDevice dispatchEvent
INFO: java.awt.event.KeyEvent[KEY_PRESSED,keyCode=49,keyText=1,keyChar='1',keyLocation=KEY_LOCATION_UNKNOWN,rawCode=0,primaryLevelUnicode=0,scancode=0,extendedKeyCode=0x0] on new item stop price field
Dec 19, 2021 2:35:48 AM net.sourceforge.marathon.javaagent.EventQueueDevice dispatchEvent
INFO: java.awt.event.KeyEvent[KEY_TYPED,keyCode=0,keyText=Unknown keyCode: 0x0,keyChar='1',keyLocation=KEY_LOCATION_UNKNOWN,rawCode=0,primaryLevelUnicode=0,scancode=0,extendedKeyCode=0x0] on new item stop price field
Dec 19, 2021 2:35:48 AM net.sourceforge.marathon.javaagent.EventQueueDevice dispatchEvent
INFO: java.awt.event.KeyEvent[KEY_RELEASED,keyCode=49,keyText=1,keyChar='1',keyLocation=KEY_LOCATION_UNKNOWN,rawCode=0,primaryLevelUnicode=0,scancode=0,extendedKeyCode=0x0] on new item stop price field
Dec 19, 2021 2:35:48 AM net.sourceforge.marathon.javaagent.EventQueueDevice dispatchEvent
INFO: java.awt.event.KeyEvent[KEY_PRESSED,keyCode=49,keyText=1,keyChar='1',keyLocation=KEY_LOCATION_UNKNOWN,rawCode=0,primaryLevelUnicode=0,scancode=0,extendedKeyCode=0x0] on new item stop price field
Dec 19, 2021 2:35:48 AM net.sourceforge.marathon.javaagent.EventQueueDevice dispatchEvent
INFO: java.awt.event.KeyEvent[KEY_TYPED,keyCode=0,keyText=Unknown keyCode: 0x0,keyChar='1',keyLocation=KEY_LOCATION_UNKNOWN,rawCode=0,primaryLevelUnicode=0,scancode=0,extendedKeyCode=0x0] on new item stop price field
Dec 19, 2021 2:35:48 AM net.sourceforge.marathon.javaagent.EventQueueDevice dispatchEvent
INFO: java.awt.event.KeyEvent[KEY_RELEASED,keyCode=49,keyText=1,keyChar='1',keyLocation=KEY_LOCATION_UNKNOWN,rawCode=0,primaryLevelUnicode=0,scancode=0,extendedKeyCode=0x0] on new item stop price field
Dec 19, 2021 2:35:48 AM net.sourceforge.marathon.javaagent.EventQueueDevice dispatchEvent
INFO: java.awt.event.KeyEvent[KEY_PRESSED,keyCode=48,keyText=0,keyChar='0',keyLocation=KEY_LOCATION_UNKNOWN,rawCode=0,primaryLevelUnicode=0,scancode=0,extendedKeyCode=0x0] on new item stop price field
Dec 19, 2021 2:35:48 AM net.sourceforge.marathon.javaagent.EventQueueDevice dispatchEvent
INFO: java.awt.event.KeyEvent[KEY_TYPED,keyCode=0,keyText=Unknown keyCode: 0x0,keyChar='0',keyLocation=KEY_LOCATION_UNKNOWN,rawCode=0,primaryLevelUnicode=0,scancode=0,extendedKeyCode=0x0] on new item stop price field
Dec 19, 2021 2:35:48 AM net.sourceforge.marathon.javaagent.EventQueueDevice dispatchEvent
INFO: java.awt.event.KeyEvent[KEY_RELEASED,keyCode=48,keyText=0,keyChar='0',keyLocation=KEY_LOCATION_UNKNOWN,rawCode=0,primaryLevelUnicode=0,scancode=0,extendedKeyCode=0x0] on new item stop price field
Dec 19, 2021 2:35:48 AM net.sourceforge.marathon.javaagent.EventQueueDevice dispatchEvent
INFO: java.awt.event.KeyEvent[KEY_PRESSED,keyCode=48,keyText=0,keyChar='0',keyLocation=KEY_LOCATION_UNKNOWN,rawCode=0,primaryLevelUnicode=0,scancode=0,extendedKeyCode=0x0] on new item stop price field
Dec 19, 2021 2:35:48 AM net.sourceforge.marathon.javaagent.EventQueueDevice dispatchEvent
INFO: java.awt.event.KeyEvent[KEY_TYPED,keyCode=0,keyText=Unknown keyCode: 0x0,keyChar='0',keyLocation=KEY_LOCATION_UNKNOWN,rawCode=0,primaryLevelUnicode=0,scancode=0,extendedKeyCode=0x0] on new item stop price field
Dec 19, 2021 2:35:48 AM net.sourceforge.marathon.javaagent.EventQueueDevice dispatchEvent
INFO: java.awt.event.KeyEvent[KEY_RELEASED,keyCode=48,keyText=0,keyChar='0',keyLocation=KEY_LOCATION_UNKNOWN,rawCode=0,primaryLevelUnicode=0,scancode=0,extendedKeyCode=0x0] on new item stop price field
Dec 19, 2021 2:35:48 AM net.sourceforge.marathon.javaagent.EventQueueDevice dispatchEvent
INFO: java.awt.event.KeyEvent[KEY_PRESSED,keyCode=48,keyText=0,keyChar='0',keyLocation=KEY_LOCATION_UNKNOWN,rawCode=0,primaryLevelUnicode=0,scancode=0,extendedKeyCode=0x0] on new item stop price field
Dec 19, 2021 2:35:48 AM net.sourceforge.marathon.javaagent.EventQueueDevice dispatchEvent
INFO: java.awt.event.KeyEvent[KEY_TYPED,keyCode=0,keyText=Unknown keyCode: 0x0,keyChar='0',keyLocation=KEY_LOCATION_UNKNOWN,rawCode=0,primaryLevelUnicode=0,scancode=0,extendedKeyCode=0x0] on new item stop price field
Dec 19, 2021 2:35:48 AM net.sourceforge.marathon.javaagent.EventQueueDevice dispatchEvent
INFO: java.awt.event.KeyEvent[KEY_RELEASED,keyCode=48,keyText=0,keyChar='0',keyLocation=KEY_LOCATION_UNKNOWN,rawCode=0,primaryLevelUnicode=0,scancode=0,extendedKeyCode=0x0] on new item stop price field
Dec 19, 2021 2:35:48 AM net.sourceforge.marathon.javaagent.server.JavaServer serve
INFO: POST(/session/365a3de4-5a80-4004-b57d-cc6a4fcc8403/element/131a8c34-26fa-47ac-b386-ee015a684a2d/value, {"id":"131a8c34-26fa-47ac-b386-ee015a684a2d","value":["11000"]}) = {data={"name":"sendKeysElement","sessionId":"365a3de4-5a80-4004-b57d-cc6a4fcc8403","status":0}, status=OK}
Dec 19, 2021 2:35:48 AM net.sourceforge.marathon.javaagent.server.JavaServer serve
INFO: JavaServer.serve(POST /session/365a3de4-5a80-4004-b57d-cc6a4fcc8403/element): {
  "using": "name",
  "value": "join button"
}
Dec 19, 2021 2:35:48 AM net.sourceforge.marathon.javaagent.server.JavaServer serve
INFO: POST(/session/365a3de4-5a80-4004-b57d-cc6a4fcc8403/element, {"using":"name","value":"join button"}) = {data={"name":"findElement","sessionId":"365a3de4-5a80-4004-b57d-cc6a4fcc8403","value":{"ELEMENT":"8532eb6b-a17f-42be-98f6-dec81f7e30a4"},"status":0}, status=OK}
Dec 19, 2021 2:35:48 AM net.sourceforge.marathon.javaagent.server.JavaServer serve
INFO: JavaServer.serve(POST /session/365a3de4-5a80-4004-b57d-cc6a4fcc8403/element/8532eb6b-a17f-42be-98f6-dec81f7e30a4/click): {
  "id": "8532eb6b-a17f-42be-98f6-dec81f7e30a4"
}
Dec 19, 2021 2:35:48 AM net.sourceforge.marathon.javaagent.EventQueueDevice dispatchEvent
INFO: java.awt.event.MouseEvent[MOUSE_PRESSED,(58,12),absolute(589,17),button=1,modifiers=Button1,extModifiers=Button1,clickCount=1] on join button
Dec 19, 2021 2:35:48 AM net.sourceforge.marathon.javaagent.EventQueueDevice dispatchEvent
INFO: java.awt.event.MouseEvent[MOUSE_RELEASED,(58,12),absolute(589,17),button=1,modifiers=Button1,clickCount=1] on join button
Dec 19, 2021 2:35:48 AM net.sourceforge.marathon.javaagent.EventQueueDevice dispatchEvent
INFO: java.awt.event.MouseEvent[MOUSE_CLICKED,(58,12),absolute(589,17),button=1,modifiers=Button1,clickCount=1] on join button
Dec 19, 2021 2:35:48 AM net.sourceforge.marathon.javaagent.server.JavaServer serve
INFO: POST(/session/365a3de4-5a80-4004-b57d-cc6a4fcc8403/element/8532eb6b-a17f-42be-98f6-dec81f7e30a4/click, {"id":"8532eb6b-a17f-42be-98f6-dec81f7e30a4"}) = {data={"name":"clickElement","sessionId":"365a3de4-5a80-4004-b57d-cc6a4fcc8403","status":0}, status=OK}
Dec 19, 2021 2:35:48 AM net.sourceforge.marathon.javaagent.server.JavaServer serve
INFO: JavaServer.serve(DELETE /session/365a3de4-5a80-4004-b57d-cc6a4fcc8403/window): {}
Dec 19, 2021 2:35:48 AM net.sourceforge.marathon.javaagent.server.JavaServer serve
INFO: DELETE(/session/365a3de4-5a80-4004-b57d-cc6a4fcc8403/window) = {data={"name":"closeSession","sessionId":"365a3de4-5a80-4004-b57d-cc6a4fcc8403","status":0}, status=OK}
Dec 19, 2021 2:35:48 AM net.sourceforge.marathon.javaagent.server.JavaServer serve
INFO: JavaServer.serve(POST /session): {
  "desiredCapabilities": {
    "browserName": "java",
    "platform": "ANY"
  },
  "capabilities": {
    "firstMatch": [
      {
        "browserName": "java"
      }
    ]
  }
}
Dec 19, 2021 2:35:48 AM net.sourceforge.marathon.javaagent.server.JavaServer createSession
INFO: Creating device with type: EVENT_QUEUE
Dec 19, 2021 2:35:48 AM net.sourceforge.marathon.javaagent.Device getDevice
INFO: Creating a EVENT_QUEUE device
Dec 19, 2021 2:35:48 AM net.sourceforge.marathon.javaagent.server.JavaServer serve
INFO: POST(/session, {"desiredCapabilities":{"browserName":"java","platform":"ANY"},"capabilities":{"firstMatch":[{"browserName":"java"}]}}) = {data=, status=REDIRECT}
Dec 19, 2021 2:35:48 AM net.sourceforge.marathon.javaagent.server.JavaServer serve
INFO: JavaServer.serve(GET /session/a280c037-bbce-4b8d-8295-b31bc42fbf6f): {}
Dec 19, 2021 2:35:48 AM net.sourceforge.marathon.javaagent.server.JavaServer serve
INFO: GET(/session/a280c037-bbce-4b8d-8295-b31bc42fbf6f) = {data={"name":"getCapabilities","sessionId":"a280c037-bbce-4b8d-8295-b31bc42fbf6f","value":{"applicationCacheEnabled":false,"rotatable":false,"loggingPrefs":{"driver":"ALL"},"handlesAlerts":false,"databaseEnabled":false,"version":"1.0","platform":"ANY","browserConnectionEnabled":false,"nativeEvents":false,"acceptSslCerts":false,"locationContextEnabled":false,"webStorageEnabled":false,"browserName":"java","takesScreenshot":true,"javascriptEnabled":true,"cssSelectorsEnabled":false},"status":0}, status=OK}
Dec 19, 2021 2:35:48 AM org.openqa.selenium.remote.ProtocolHandshake createSession
INFO: Detected dialect: OSS
Dec 19, 2021 2:35:48 AM net.sourceforge.marathon.javaagent.server.JavaServer serve
INFO: JavaServer.serve(POST /session/a280c037-bbce-4b8d-8295-b31bc42fbf6f/element): {
  "using": "name",
  "value": "sniper reset button"
}
Dec 19, 2021 2:35:48 AM net.sourceforge.marathon.javaagent.server.JavaServer serve
INFO: POST(/session/a280c037-bbce-4b8d-8295-b31bc42fbf6f/element, {"using":"name","value":"sniper reset button"}) = {data={"name":"findElement","sessionId":"a280c037-bbce-4b8d-8295-b31bc42fbf6f","value":{"ELEMENT":"65cb7d1a-43bd-4d6c-866a-be0fc30c0eae"},"status":0}, status=OK}
Dec 19, 2021 2:35:48 AM net.sourceforge.marathon.javaagent.server.JavaServer serve
INFO: JavaServer.serve(POST /session/a280c037-bbce-4b8d-8295-b31bc42fbf6f/element/65cb7d1a-43bd-4d6c-866a-be0fc30c0eae/click): {
  "id": "65cb7d1a-43bd-4d6c-866a-be0fc30c0eae"
}
Dec 19, 2021 2:35:48 AM net.sourceforge.marathon.javaagent.EventQueueDevice dispatchEvent
INFO: java.awt.event.MouseEvent[MOUSE_PRESSED,(37,12),absolute(326,474),button=1,modifiers=Button1,extModifiers=Button1,clickCount=1] on sniper reset button
Dec 19, 2021 2:35:48 AM net.sourceforge.marathon.javaagent.EventQueueDevice dispatchEvent
INFO: java.awt.event.MouseEvent[MOUSE_RELEASED,(37,12),absolute(326,474),button=1,modifiers=Button1,clickCount=1] on sniper reset button
Dec 19, 2021 2:35:48 AM net.sourceforge.marathon.javaagent.EventQueueDevice dispatchEvent
INFO: java.awt.event.MouseEvent[MOUSE_CLICKED,(37,12),absolute(326,474),button=1,modifiers=Button1,clickCount=1] on sniper reset button
Dec 19, 2021 2:35:48 AM net.sourceforge.marathon.javaagent.server.JavaServer serve
INFO: POST(/session/a280c037-bbce-4b8d-8295-b31bc42fbf6f/element/65cb7d1a-43bd-4d6c-866a-be0fc30c0eae/click, {"id":"65cb7d1a-43bd-4d6c-866a-be0fc30c0eae"}) = {data={"name":"clickElement","sessionId":"a280c037-bbce-4b8d-8295-b31bc42fbf6f","status":0}, status=OK}
Dec 19, 2021 2:35:48 AM net.sourceforge.marathon.javaagent.server.JavaServer serve
INFO: JavaServer.serve(DELETE /session/a280c037-bbce-4b8d-8295-b31bc42fbf6f/window): {}
Dec 19, 2021 2:35:48 AM net.sourceforge.marathon.javaagent.server.JavaServer serve
INFO: DELETE(/session/a280c037-bbce-4b8d-8295-b31bc42fbf6f/window) = {data={"name":"closeSession","sessionId":"a280c037-bbce-4b8d-8295-b31bc42fbf6f","status":0}, status=OK}
]]></system-err>
</testsuite>
