<?xml version="1.0" encoding="UTF-8"?>
<testsuite name="goos.ui.swing.MainWindowTest" tests="3" skipped="0" failures="0" errors="0" timestamp="2022-02-24T02:36:34" hostname="buildkitsandbox" time="4.773">
  <properties/>
  <testcase name="window has expected features" classname="goos.ui.swing.MainWindowTest" time="3.389"/>
  <testcase name="make user request when join button clicked" classname="goos.ui.swing.MainWindowTest" time="1.136"/>
  <testcase name="make user request when reset button clicked" classname="goos.ui.swing.MainWindowTest" time="0.243"/>
  <system-out><![CDATA[]]></system-out>
  <system-err><![CDATA[SLF4J: Failed to load class "org.slf4j.impl.StaticLoggerBinder".
SLF4J: Defaulting to no-operation (NOP) logger implementation
SLF4J: See http://www.slf4j.org/codes.html#StaticLoggerBinder for further details.
Feb 24, 2022 2:36:37 AM io.netty.util.internal.MacAddressUtil defaultMachineId
WARNING: Failed to find a usable hardware address from the network interfaces; using random bytes: 72:20:39:f0:86:6f:95:ad
Feb 24, 2022 2:36:37 AM net.sourceforge.marathon.javaagent.server.JavaServer serve
INFO: JavaServer.serve(POST /session): {
  "desiredCapabilities": {
    "browserName": "java",
    "platform": "ANY"
  },
  "capabilities": {
    "firstMatch": [
      {
        "browserName": "java"
      }
    ]
  }
}
Feb 24, 2022 2:36:37 AM net.sourceforge.marathon.javaagent.server.JavaServer createSession
INFO: Creating device with type: EVENT_QUEUE
Feb 24, 2022 2:36:37 AM net.sourceforge.marathon.javaagent.Device getDevice
INFO: Creating a EVENT_QUEUE device
Feb 24, 2022 2:36:37 AM net.sourceforge.marathon.javaagent.server.JavaServer serve
INFO: POST(/session, {"desiredCapabilities":{"browserName":"java","platform":"ANY"},"capabilities":{"firstMatch":[{"browserName":"java"}]}}) = {data=, status=REDIRECT}
Feb 24, 2022 2:36:37 AM net.sourceforge.marathon.javaagent.server.JavaServer serve
INFO: JavaServer.serve(GET /session/b5a99f14-3f86-4bec-af27-b5e5b391975f): {}
Feb 24, 2022 2:36:37 AM net.sourceforge.marathon.javaagent.server.JavaServer serve
INFO: GET(/session/b5a99f14-3f86-4bec-af27-b5e5b391975f) = {data={"name":"getCapabilities","sessionId":"b5a99f14-3f86-4bec-af27-b5e5b391975f","value":{"applicationCacheEnabled":false,"rotatable":false,"loggingPrefs":{"driver":"ALL"},"handlesAlerts":false,"databaseEnabled":false,"version":"1.0","platform":"ANY","browserConnectionEnabled":false,"nativeEvents":false,"acceptSslCerts":false,"locationContextEnabled":false,"webStorageEnabled":false,"browserName":"java","takesScreenshot":true,"javascriptEnabled":true,"cssSelectorsEnabled":false},"status":0}, status=OK}
Feb 24, 2022 2:36:37 AM org.openqa.selenium.remote.ProtocolHandshake createSession
INFO: Detected dialect: OSS
Feb 24, 2022 2:36:37 AM net.sourceforge.marathon.javaagent.server.JavaServer serve
INFO: JavaServer.serve(POST /session/b5a99f14-3f86-4bec-af27-b5e5b391975f/element): {
  "using": "css selector",
  "value": "."
}
Feb 24, 2022 2:36:37 AM net.sourceforge.marathon.javaagent.server.JavaServer serve
INFO: POST(/session/b5a99f14-3f86-4bec-af27-b5e5b391975f/element, {"using":"css selector","value":"."}) = {data={"name":"findElement","sessionId":"b5a99f14-3f86-4bec-af27-b5e5b391975f","value":{"ELEMENT":"7e88004d-d84e-493e-b211-61718c343319"},"status":0}, status=OK}
Feb 24, 2022 2:36:37 AM net.sourceforge.marathon.javaagent.server.JavaServer serve
INFO: JavaServer.serve(GET /session/b5a99f14-3f86-4bec-af27-b5e5b391975f/element/7e88004d-d84e-493e-b211-61718c343319/attribute/name): {}
Feb 24, 2022 2:36:37 AM net.sourceforge.marathon.javaagent.server.JavaServer serve
INFO: GET(/session/b5a99f14-3f86-4bec-af27-b5e5b391975f/element/7e88004d-d84e-493e-b211-61718c343319/attribute/name) = {data={"name":"getElementAttribute","sessionId":"b5a99f14-3f86-4bec-af27-b5e5b391975f","value":"Auction Sniper Name","status":0}, status=OK}
Feb 24, 2022 2:36:37 AM net.sourceforge.marathon.javaagent.server.JavaServer serve
INFO: JavaServer.serve(POST /session/b5a99f14-3f86-4bec-af27-b5e5b391975f/element): {
  "using": "css selector",
  "value": "."
}
Feb 24, 2022 2:36:37 AM net.sourceforge.marathon.javaagent.server.JavaServer serve
INFO: POST(/session/b5a99f14-3f86-4bec-af27-b5e5b391975f/element, {"using":"css selector","value":"."}) = {data={"name":"findElement","sessionId":"b5a99f14-3f86-4bec-af27-b5e5b391975f","value":{"ELEMENT":"7e88004d-d84e-493e-b211-61718c343319"},"status":0}, status=OK}
Feb 24, 2022 2:36:38 AM net.sourceforge.marathon.javaagent.server.JavaServer serve
INFO: JavaServer.serve(GET /session/b5a99f14-3f86-4bec-af27-b5e5b391975f/element/7e88004d-d84e-493e-b211-61718c343319/displayed): {}
Feb 24, 2022 2:36:38 AM net.sourceforge.marathon.javaagent.server.JavaServer serve
INFO: GET(/session/b5a99f14-3f86-4bec-af27-b5e5b391975f/element/7e88004d-d84e-493e-b211-61718c343319/displayed) = {data={"name":"isDisplayed","sessionId":"b5a99f14-3f86-4bec-af27-b5e5b391975f","value":true,"status":0}, status=OK}
Feb 24, 2022 2:36:38 AM net.sourceforge.marathon.javaagent.server.JavaServer serve
INFO: JavaServer.serve(GET /session/b5a99f14-3f86-4bec-af27-b5e5b391975f/title): {}
Feb 24, 2022 2:36:38 AM net.sourceforge.marathon.javaagent.server.JavaServer serve
INFO: GET(/session/b5a99f14-3f86-4bec-af27-b5e5b391975f/title) = {data={"name":"getWindowTitle","sessionId":"b5a99f14-3f86-4bec-af27-b5e5b391975f","value":"Auction Sniper","status":0}, status=OK}
Feb 24, 2022 2:36:38 AM net.sourceforge.marathon.javaagent.server.JavaServer serve
INFO: JavaServer.serve(POST /session/b5a99f14-3f86-4bec-af27-b5e5b391975f/element): {
  "using": "name",
  "value": "snipers table"
}
Feb 24, 2022 2:36:38 AM net.sourceforge.marathon.javaagent.server.JavaServer serve
INFO: POST(/session/b5a99f14-3f86-4bec-af27-b5e5b391975f/element, {"using":"name","value":"snipers table"}) = {data={"name":"findElement","sessionId":"b5a99f14-3f86-4bec-af27-b5e5b391975f","value":{"ELEMENT":"0a39b5d7-417b-47b2-ba0b-bf14c95e8034"},"status":0}, status=OK}
Feb 24, 2022 2:36:38 AM net.sourceforge.marathon.javaagent.server.JavaServer serve
INFO: JavaServer.serve(POST /session/b5a99f14-3f86-4bec-af27-b5e5b391975f/element/0a39b5d7-417b-47b2-ba0b-bf14c95e8034/elements): {
  "id": "0a39b5d7-417b-47b2-ba0b-bf14c95e8034",
  "using": "css selector",
  "value": ".::header.::all-items"
}
Feb 24, 2022 2:36:38 AM net.sourceforge.marathon.javaagent.server.JavaServer serve
INFO: POST(/session/b5a99f14-3f86-4bec-af27-b5e5b391975f/element/0a39b5d7-417b-47b2-ba0b-bf14c95e8034/elements, {"using":"css selector","id":"0a39b5d7-417b-47b2-ba0b-bf14c95e8034","value":".::header.::all-items"}) = {data={"name":"findElementsOfElement","sessionId":"b5a99f14-3f86-4bec-af27-b5e5b391975f","value":[{"ELEMENT":"1090a55d-5c08-4496-9d94-4c91ed3d3bd5%23%7B%22selector%22%3A%22nth-item%22%2C%22parameters%22%3A%5B1%5D%7D"},{"ELEMENT":"1090a55d-5c08-4496-9d94-4c91ed3d3bd5%23%7B%22selector%22%3A%22nth-item%22%2C%22parameters%22%3A%5B2%5D%7D"},{"ELEMENT":"1090a55d-5c08-4496-9d94-4c91ed3d3bd5%23%7B%22selector%22%3A%22nth-item%22%2C%22parameters%22%3A%5B3%5D%7D"},{"ELEMENT":"1090a55d-5c08-4496-9d94-4c91ed3d3bd5%23%7B%22selector%22%3A%22nth-item%22%2C%22parameters%22%3A%5B4%5D%7D"}],"status":0}, status=OK}
Feb 24, 2022 2:36:38 AM net.sourceforge.marathon.javaagent.server.JavaServer serve
INFO: JavaServer.serve(GET /session/b5a99f14-3f86-4bec-af27-b5e5b391975f/element/1090a55d-5c08-4496-9d94-4c91ed3d3bd5%23%7B%22selector%22%3A%22nth-item%22%2C%22parameters%22%3A%5B1%5D%7D/text): {}
Feb 24, 2022 2:36:38 AM net.sourceforge.marathon.javaagent.server.JavaServer serve
INFO: GET(/session/b5a99f14-3f86-4bec-af27-b5e5b391975f/element/1090a55d-5c08-4496-9d94-4c91ed3d3bd5%23%7B%22selector%22%3A%22nth-item%22%2C%22parameters%22%3A%5B1%5D%7D/text) = {data={"name":"getElementText","sessionId":"b5a99f14-3f86-4bec-af27-b5e5b391975f","value":"Item","status":0}, status=OK}
Feb 24, 2022 2:36:38 AM net.sourceforge.marathon.javaagent.server.JavaServer serve
INFO: JavaServer.serve(GET /session/b5a99f14-3f86-4bec-af27-b5e5b391975f/element/1090a55d-5c08-4496-9d94-4c91ed3d3bd5%23%7B%22selector%22%3A%22nth-item%22%2C%22parameters%22%3A%5B2%5D%7D/text): {}
Feb 24, 2022 2:36:38 AM net.sourceforge.marathon.javaagent.server.JavaServer serve
INFO: GET(/session/b5a99f14-3f86-4bec-af27-b5e5b391975f/element/1090a55d-5c08-4496-9d94-4c91ed3d3bd5%23%7B%22selector%22%3A%22nth-item%22%2C%22parameters%22%3A%5B2%5D%7D/text) = {data={"name":"getElementText","sessionId":"b5a99f14-3f86-4bec-af27-b5e5b391975f","value":"Last Price","status":0}, status=OK}
Feb 24, 2022 2:36:38 AM net.sourceforge.marathon.javaagent.server.JavaServer serve
INFO: JavaServer.serve(GET /session/b5a99f14-3f86-4bec-af27-b5e5b391975f/element/1090a55d-5c08-4496-9d94-4c91ed3d3bd5%23%7B%22selector%22%3A%22nth-item%22%2C%22parameters%22%3A%5B3%5D%7D/text): {}
Feb 24, 2022 2:36:38 AM net.sourceforge.marathon.javaagent.server.JavaServer serve
INFO: GET(/session/b5a99f14-3f86-4bec-af27-b5e5b391975f/element/1090a55d-5c08-4496-9d94-4c91ed3d3bd5%23%7B%22selector%22%3A%22nth-item%22%2C%22parameters%22%3A%5B3%5D%7D/text) = {data={"name":"getElementText","sessionId":"b5a99f14-3f86-4bec-af27-b5e5b391975f","value":"Last Bid","status":0}, status=OK}
Feb 24, 2022 2:36:38 AM net.sourceforge.marathon.javaagent.server.JavaServer serve
INFO: JavaServer.serve(GET /session/b5a99f14-3f86-4bec-af27-b5e5b391975f/element/1090a55d-5c08-4496-9d94-4c91ed3d3bd5%23%7B%22selector%22%3A%22nth-item%22%2C%22parameters%22%3A%5B4%5D%7D/text): {}
Feb 24, 2022 2:36:38 AM net.sourceforge.marathon.javaagent.server.JavaServer serve
INFO: GET(/session/b5a99f14-3f86-4bec-af27-b5e5b391975f/element/1090a55d-5c08-4496-9d94-4c91ed3d3bd5%23%7B%22selector%22%3A%22nth-item%22%2C%22parameters%22%3A%5B4%5D%7D/text) = {data={"name":"getElementText","sessionId":"b5a99f14-3f86-4bec-af27-b5e5b391975f","value":"State","status":0}, status=OK}
Feb 24, 2022 2:36:38 AM net.sourceforge.marathon.javaagent.server.JavaServer serve
INFO: JavaServer.serve(DELETE /session/b5a99f14-3f86-4bec-af27-b5e5b391975f/window): {}
Feb 24, 2022 2:36:38 AM net.sourceforge.marathon.javaagent.server.JavaServer serve
INFO: DELETE(/session/b5a99f14-3f86-4bec-af27-b5e5b391975f/window) = {data={"name":"closeSession","sessionId":"b5a99f14-3f86-4bec-af27-b5e5b391975f","status":0}, status=OK}
Feb 24, 2022 2:36:38 AM net.sourceforge.marathon.javaagent.server.JavaServer serve
INFO: JavaServer.serve(POST /session): {
  "desiredCapabilities": {
    "browserName": "java",
    "platform": "ANY"
  },
  "capabilities": {
    "firstMatch": [
      {
        "browserName": "java"
      }
    ]
  }
}
Feb 24, 2022 2:36:38 AM net.sourceforge.marathon.javaagent.server.JavaServer createSession
INFO: Creating device with type: EVENT_QUEUE
Feb 24, 2022 2:36:38 AM net.sourceforge.marathon.javaagent.Device getDevice
INFO: Creating a EVENT_QUEUE device
Feb 24, 2022 2:36:38 AM net.sourceforge.marathon.javaagent.server.JavaServer serve
INFO: POST(/session, {"desiredCapabilities":{"browserName":"java","platform":"ANY"},"capabilities":{"firstMatch":[{"browserName":"java"}]}}) = {data=, status=REDIRECT}
Feb 24, 2022 2:36:38 AM net.sourceforge.marathon.javaagent.server.JavaServer serve
INFO: JavaServer.serve(GET /session/bf771694-47cc-4d12-9196-22aa08367068): {}
Feb 24, 2022 2:36:38 AM net.sourceforge.marathon.javaagent.server.JavaServer serve
INFO: GET(/session/bf771694-47cc-4d12-9196-22aa08367068) = {data={"name":"getCapabilities","sessionId":"bf771694-47cc-4d12-9196-22aa08367068","value":{"applicationCacheEnabled":false,"rotatable":false,"loggingPrefs":{"driver":"ALL"},"handlesAlerts":false,"databaseEnabled":false,"version":"1.0","platform":"ANY","browserConnectionEnabled":false,"nativeEvents":false,"acceptSslCerts":false,"locationContextEnabled":false,"webStorageEnabled":false,"browserName":"java","takesScreenshot":true,"javascriptEnabled":true,"cssSelectorsEnabled":false},"status":0}, status=OK}
Feb 24, 2022 2:36:38 AM org.openqa.selenium.remote.ProtocolHandshake createSession
INFO: Detected dialect: OSS
Feb 24, 2022 2:36:38 AM net.sourceforge.marathon.javaagent.server.JavaServer serve
INFO: JavaServer.serve(POST /session/bf771694-47cc-4d12-9196-22aa08367068/element): {
  "using": "name",
  "value": "new item id field"
}
Feb 24, 2022 2:36:38 AM net.sourceforge.marathon.javaagent.server.JavaServer serve
INFO: POST(/session/bf771694-47cc-4d12-9196-22aa08367068/element, {"using":"name","value":"new item id field"}) = {data={"name":"findElement","sessionId":"bf771694-47cc-4d12-9196-22aa08367068","value":{"ELEMENT":"bab19567-b680-4880-8612-db838b62c6a3"},"status":0}, status=OK}
Feb 24, 2022 2:36:38 AM net.sourceforge.marathon.javaagent.server.JavaServer serve
INFO: JavaServer.serve(POST /session/bf771694-47cc-4d12-9196-22aa08367068/element/bab19567-b680-4880-8612-db838b62c6a3/clear): {
  "id": "bab19567-b680-4880-8612-db838b62c6a3"
}
Feb 24, 2022 2:36:38 AM net.sourceforge.marathon.javaagent.server.JavaServer serve
INFO: POST(/session/bf771694-47cc-4d12-9196-22aa08367068/element/bab19567-b680-4880-8612-db838b62c6a3/clear, {"id":"bab19567-b680-4880-8612-db838b62c6a3"}) = {data={"name":"clearElement","sessionId":"bf771694-47cc-4d12-9196-22aa08367068","status":0}, status=OK}
Feb 24, 2022 2:36:38 AM net.sourceforge.marathon.javaagent.server.JavaServer serve
INFO: JavaServer.serve(POST /session/bf771694-47cc-4d12-9196-22aa08367068/element/bab19567-b680-4880-8612-db838b62c6a3/value): {
  "id": "bab19567-b680-4880-8612-db838b62c6a3",
  "value": [
    "an item-id"
  ]
}
Feb 24, 2022 2:36:38 AM net.sourceforge.marathon.javaagent.EventQueueDevice dispatchEvent
INFO: java.awt.event.KeyEvent[KEY_PRESSED,keyCode=65,keyText=A,keyChar='a',keyLocation=KEY_LOCATION_UNKNOWN,rawCode=0,primaryLevelUnicode=0,scancode=0,extendedKeyCode=0x0] on new item id field
Feb 24, 2022 2:36:38 AM net.sourceforge.marathon.javaagent.EventQueueDevice dispatchEvent
INFO: java.awt.event.KeyEvent[KEY_TYPED,keyCode=0,keyText=Unknown keyCode: 0x0,keyChar='a',keyLocation=KEY_LOCATION_UNKNOWN,rawCode=0,primaryLevelUnicode=0,scancode=0,extendedKeyCode=0x0] on new item id field
Feb 24, 2022 2:36:38 AM net.sourceforge.marathon.javaagent.EventQueueDevice dispatchEvent
INFO: java.awt.event.KeyEvent[KEY_RELEASED,keyCode=65,keyText=A,keyChar='a',keyLocation=KEY_LOCATION_UNKNOWN,rawCode=0,primaryLevelUnicode=0,scancode=0,extendedKeyCode=0x0] on new item id field
Feb 24, 2022 2:36:38 AM net.sourceforge.marathon.javaagent.EventQueueDevice dispatchEvent
INFO: java.awt.event.KeyEvent[KEY_PRESSED,keyCode=78,keyText=N,keyChar='n',keyLocation=KEY_LOCATION_UNKNOWN,rawCode=0,primaryLevelUnicode=0,scancode=0,extendedKeyCode=0x0] on new item id field
Feb 24, 2022 2:36:38 AM net.sourceforge.marathon.javaagent.EventQueueDevice dispatchEvent
INFO: java.awt.event.KeyEvent[KEY_TYPED,keyCode=0,keyText=Unknown keyCode: 0x0,keyChar='n',keyLocation=KEY_LOCATION_UNKNOWN,rawCode=0,primaryLevelUnicode=0,scancode=0,extendedKeyCode=0x0] on new item id field
Feb 24, 2022 2:36:38 AM net.sourceforge.marathon.javaagent.EventQueueDevice dispatchEvent
INFO: java.awt.event.KeyEvent[KEY_RELEASED,keyCode=78,keyText=N,keyChar='n',keyLocation=KEY_LOCATION_UNKNOWN,rawCode=0,primaryLevelUnicode=0,scancode=0,extendedKeyCode=0x0] on new item id field
Feb 24, 2022 2:36:38 AM net.sourceforge.marathon.javaagent.EventQueueDevice dispatchEvent
INFO: java.awt.event.KeyEvent[KEY_PRESSED,keyCode=16,keyText=Shift,keyChar=Undefined keyChar,modifiers=Shift,extModifiers=Shift,keyLocation=KEY_LOCATION_UNKNOWN,rawCode=0,primaryLevelUnicode=0,scancode=0,extendedKeyCode=0x0] on new item id field
Feb 24, 2022 2:36:38 AM net.sourceforge.marathon.javaagent.EventQueueDevice dispatchEvent
INFO: java.awt.event.KeyEvent[KEY_PRESSED,keyCode=32,keyText=Space,keyChar=' ',modifiers=Shift,extModifiers=Shift,keyLocation=KEY_LOCATION_UNKNOWN,rawCode=0,primaryLevelUnicode=0,scancode=0,extendedKeyCode=0x0] on new item id field
Feb 24, 2022 2:36:38 AM net.sourceforge.marathon.javaagent.EventQueueDevice dispatchEvent
INFO: java.awt.event.KeyEvent[KEY_TYPED,keyCode=0,keyText=Unknown keyCode: 0x0,keyChar=' ',modifiers=Shift,extModifiers=Shift,keyLocation=KEY_LOCATION_UNKNOWN,rawCode=0,primaryLevelUnicode=0,scancode=0,extendedKeyCode=0x0] on new item id field
Feb 24, 2022 2:36:38 AM net.sourceforge.marathon.javaagent.EventQueueDevice dispatchEvent
INFO: java.awt.event.KeyEvent[KEY_RELEASED,keyCode=32,keyText=Space,keyChar=' ',modifiers=Shift,extModifiers=Shift,keyLocation=KEY_LOCATION_UNKNOWN,rawCode=0,primaryLevelUnicode=0,scancode=0,extendedKeyCode=0x0] on new item id field
Feb 24, 2022 2:36:38 AM net.sourceforge.marathon.javaagent.EventQueueDevice dispatchEvent
INFO: java.awt.event.KeyEvent[KEY_RELEASED,keyCode=16,keyText=Shift,keyChar=Undefined keyChar,keyLocation=KEY_LOCATION_UNKNOWN,rawCode=0,primaryLevelUnicode=0,scancode=0,extendedKeyCode=0x0] on new item id field
Feb 24, 2022 2:36:38 AM net.sourceforge.marathon.javaagent.EventQueueDevice dispatchEvent
INFO: java.awt.event.KeyEvent[KEY_PRESSED,keyCode=73,keyText=I,keyChar='i',keyLocation=KEY_LOCATION_UNKNOWN,rawCode=0,primaryLevelUnicode=0,scancode=0,extendedKeyCode=0x0] on new item id field
Feb 24, 2022 2:36:38 AM net.sourceforge.marathon.javaagent.EventQueueDevice dispatchEvent
INFO: java.awt.event.KeyEvent[KEY_TYPED,keyCode=0,keyText=Unknown keyCode: 0x0,keyChar='i',keyLocation=KEY_LOCATION_UNKNOWN,rawCode=0,primaryLevelUnicode=0,scancode=0,extendedKeyCode=0x0] on new item id field
Feb 24, 2022 2:36:38 AM net.sourceforge.marathon.javaagent.EventQueueDevice dispatchEvent
INFO: java.awt.event.KeyEvent[KEY_RELEASED,keyCode=73,keyText=I,keyChar='i',keyLocation=KEY_LOCATION_UNKNOWN,rawCode=0,primaryLevelUnicode=0,scancode=0,extendedKeyCode=0x0] on new item id field
Feb 24, 2022 2:36:38 AM net.sourceforge.marathon.javaagent.EventQueueDevice dispatchEvent
INFO: java.awt.event.KeyEvent[KEY_PRESSED,keyCode=84,keyText=T,keyChar='t',keyLocation=KEY_LOCATION_UNKNOWN,rawCode=0,primaryLevelUnicode=0,scancode=0,extendedKeyCode=0x0] on new item id field
Feb 24, 2022 2:36:38 AM net.sourceforge.marathon.javaagent.EventQueueDevice dispatchEvent
INFO: java.awt.event.KeyEvent[KEY_TYPED,keyCode=0,keyText=Unknown keyCode: 0x0,keyChar='t',keyLocation=KEY_LOCATION_UNKNOWN,rawCode=0,primaryLevelUnicode=0,scancode=0,extendedKeyCode=0x0] on new item id field
Feb 24, 2022 2:36:38 AM net.sourceforge.marathon.javaagent.EventQueueDevice dispatchEvent
INFO: java.awt.event.KeyEvent[KEY_RELEASED,keyCode=84,keyText=T,keyChar='t',keyLocation=KEY_LOCATION_UNKNOWN,rawCode=0,primaryLevelUnicode=0,scancode=0,extendedKeyCode=0x0] on new item id field
Feb 24, 2022 2:36:38 AM net.sourceforge.marathon.javaagent.EventQueueDevice dispatchEvent
INFO: java.awt.event.KeyEvent[KEY_PRESSED,keyCode=69,keyText=E,keyChar='e',keyLocation=KEY_LOCATION_UNKNOWN,rawCode=0,primaryLevelUnicode=0,scancode=0,extendedKeyCode=0x0] on new item id field
Feb 24, 2022 2:36:38 AM net.sourceforge.marathon.javaagent.EventQueueDevice dispatchEvent
INFO: java.awt.event.KeyEvent[KEY_TYPED,keyCode=0,keyText=Unknown keyCode: 0x0,keyChar='e',keyLocation=KEY_LOCATION_UNKNOWN,rawCode=0,primaryLevelUnicode=0,scancode=0,extendedKeyCode=0x0] on new item id field
Feb 24, 2022 2:36:38 AM net.sourceforge.marathon.javaagent.EventQueueDevice dispatchEvent
INFO: java.awt.event.KeyEvent[KEY_RELEASED,keyCode=69,keyText=E,keyChar='e',keyLocation=KEY_LOCATION_UNKNOWN,rawCode=0,primaryLevelUnicode=0,scancode=0,extendedKeyCode=0x0] on new item id field
Feb 24, 2022 2:36:38 AM net.sourceforge.marathon.javaagent.EventQueueDevice dispatchEvent
INFO: java.awt.event.KeyEvent[KEY_PRESSED,keyCode=77,keyText=M,keyChar='m',keyLocation=KEY_LOCATION_UNKNOWN,rawCode=0,primaryLevelUnicode=0,scancode=0,extendedKeyCode=0x0] on new item id field
Feb 24, 2022 2:36:38 AM net.sourceforge.marathon.javaagent.EventQueueDevice dispatchEvent
INFO: java.awt.event.KeyEvent[KEY_TYPED,keyCode=0,keyText=Unknown keyCode: 0x0,keyChar='m',keyLocation=KEY_LOCATION_UNKNOWN,rawCode=0,primaryLevelUnicode=0,scancode=0,extendedKeyCode=0x0] on new item id field
Feb 24, 2022 2:36:38 AM net.sourceforge.marathon.javaagent.EventQueueDevice dispatchEvent
INFO: java.awt.event.KeyEvent[KEY_RELEASED,keyCode=77,keyText=M,keyChar='m',keyLocation=KEY_LOCATION_UNKNOWN,rawCode=0,primaryLevelUnicode=0,scancode=0,extendedKeyCode=0x0] on new item id field
Feb 24, 2022 2:36:38 AM net.sourceforge.marathon.javaagent.EventQueueDevice dispatchEvent
INFO: java.awt.event.KeyEvent[KEY_PRESSED,keyCode=45,keyText=Minus,keyChar='-',keyLocation=KEY_LOCATION_UNKNOWN,rawCode=0,primaryLevelUnicode=0,scancode=0,extendedKeyCode=0x0] on new item id field
Feb 24, 2022 2:36:38 AM net.sourceforge.marathon.javaagent.EventQueueDevice dispatchEvent
INFO: java.awt.event.KeyEvent[KEY_TYPED,keyCode=0,keyText=Unknown keyCode: 0x0,keyChar='-',keyLocation=KEY_LOCATION_UNKNOWN,rawCode=0,primaryLevelUnicode=0,scancode=0,extendedKeyCode=0x0] on new item id field
Feb 24, 2022 2:36:38 AM net.sourceforge.marathon.javaagent.EventQueueDevice dispatchEvent
INFO: java.awt.event.KeyEvent[KEY_RELEASED,keyCode=45,keyText=Minus,keyChar='-',keyLocation=KEY_LOCATION_UNKNOWN,rawCode=0,primaryLevelUnicode=0,scancode=0,extendedKeyCode=0x0] on new item id field
Feb 24, 2022 2:36:38 AM net.sourceforge.marathon.javaagent.EventQueueDevice dispatchEvent
INFO: java.awt.event.KeyEvent[KEY_PRESSED,keyCode=73,keyText=I,keyChar='i',keyLocation=KEY_LOCATION_UNKNOWN,rawCode=0,primaryLevelUnicode=0,scancode=0,extendedKeyCode=0x0] on new item id field
Feb 24, 2022 2:36:38 AM net.sourceforge.marathon.javaagent.EventQueueDevice dispatchEvent
INFO: java.awt.event.KeyEvent[KEY_TYPED,keyCode=0,keyText=Unknown keyCode: 0x0,keyChar='i',keyLocation=KEY_LOCATION_UNKNOWN,rawCode=0,primaryLevelUnicode=0,scancode=0,extendedKeyCode=0x0] on new item id field
Feb 24, 2022 2:36:38 AM net.sourceforge.marathon.javaagent.EventQueueDevice dispatchEvent
INFO: java.awt.event.KeyEvent[KEY_RELEASED,keyCode=73,keyText=I,keyChar='i',keyLocation=KEY_LOCATION_UNKNOWN,rawCode=0,primaryLevelUnicode=0,scancode=0,extendedKeyCode=0x0] on new item id field
Feb 24, 2022 2:36:38 AM net.sourceforge.marathon.javaagent.EventQueueDevice dispatchEvent
INFO: java.awt.event.KeyEvent[KEY_PRESSED,keyCode=68,keyText=D,keyChar='d',keyLocation=KEY_LOCATION_UNKNOWN,rawCode=0,primaryLevelUnicode=0,scancode=0,extendedKeyCode=0x0] on new item id field
Feb 24, 2022 2:36:38 AM net.sourceforge.marathon.javaagent.EventQueueDevice dispatchEvent
INFO: java.awt.event.KeyEvent[KEY_TYPED,keyCode=0,keyText=Unknown keyCode: 0x0,keyChar='d',keyLocation=KEY_LOCATION_UNKNOWN,rawCode=0,primaryLevelUnicode=0,scancode=0,extendedKeyCode=0x0] on new item id field
Feb 24, 2022 2:36:38 AM net.sourceforge.marathon.javaagent.EventQueueDevice dispatchEvent
INFO: java.awt.event.KeyEvent[KEY_RELEASED,keyCode=68,keyText=D,keyChar='d',keyLocation=KEY_LOCATION_UNKNOWN,rawCode=0,primaryLevelUnicode=0,scancode=0,extendedKeyCode=0x0] on new item id field
Feb 24, 2022 2:36:38 AM net.sourceforge.marathon.javaagent.server.JavaServer serve
INFO: POST(/session/bf771694-47cc-4d12-9196-22aa08367068/element/bab19567-b680-4880-8612-db838b62c6a3/value, {"id":"bab19567-b680-4880-8612-db838b62c6a3","value":["an item-id"]}) = {data={"name":"sendKeysElement","sessionId":"bf771694-47cc-4d12-9196-22aa08367068","status":0}, status=OK}
Feb 24, 2022 2:36:38 AM net.sourceforge.marathon.javaagent.server.JavaServer serve
INFO: JavaServer.serve(POST /session/bf771694-47cc-4d12-9196-22aa08367068/element): {
  "using": "name",
  "value": "new item stop price field"
}
Feb 24, 2022 2:36:38 AM net.sourceforge.marathon.javaagent.server.JavaServer serve
INFO: POST(/session/bf771694-47cc-4d12-9196-22aa08367068/element, {"using":"name","value":"new item stop price field"}) = {data={"name":"findElement","sessionId":"bf771694-47cc-4d12-9196-22aa08367068","value":{"ELEMENT":"35a33bc3-d929-4275-a4c0-1f79035c3279"},"status":0}, status=OK}
Feb 24, 2022 2:36:38 AM net.sourceforge.marathon.javaagent.server.JavaServer serve
INFO: JavaServer.serve(POST /session/bf771694-47cc-4d12-9196-22aa08367068/element/35a33bc3-d929-4275-a4c0-1f79035c3279/clear): {
  "id": "35a33bc3-d929-4275-a4c0-1f79035c3279"
}
Feb 24, 2022 2:36:38 AM net.sourceforge.marathon.javaagent.server.JavaServer serve
INFO: POST(/session/bf771694-47cc-4d12-9196-22aa08367068/element/35a33bc3-d929-4275-a4c0-1f79035c3279/clear, {"id":"35a33bc3-d929-4275-a4c0-1f79035c3279"}) = {data={"name":"clearElement","sessionId":"bf771694-47cc-4d12-9196-22aa08367068","status":0}, status=OK}
Feb 24, 2022 2:36:38 AM net.sourceforge.marathon.javaagent.server.JavaServer serve
INFO: JavaServer.serve(POST /session/bf771694-47cc-4d12-9196-22aa08367068/element/35a33bc3-d929-4275-a4c0-1f79035c3279/value): {
  "id": "35a33bc3-d929-4275-a4c0-1f79035c3279",
  "value": [
    "11000"
  ]
}
Feb 24, 2022 2:36:38 AM net.sourceforge.marathon.javaagent.EventQueueDevice dispatchEvent
INFO: java.awt.event.KeyEvent[KEY_PRESSED,keyCode=49,keyText=1,keyChar='1',keyLocation=KEY_LOCATION_UNKNOWN,rawCode=0,primaryLevelUnicode=0,scancode=0,extendedKeyCode=0x0] on new item stop price field
Feb 24, 2022 2:36:38 AM net.sourceforge.marathon.javaagent.EventQueueDevice dispatchEvent
INFO: java.awt.event.KeyEvent[KEY_TYPED,keyCode=0,keyText=Unknown keyCode: 0x0,keyChar='1',keyLocation=KEY_LOCATION_UNKNOWN,rawCode=0,primaryLevelUnicode=0,scancode=0,extendedKeyCode=0x0] on new item stop price field
Feb 24, 2022 2:36:38 AM net.sourceforge.marathon.javaagent.EventQueueDevice dispatchEvent
INFO: java.awt.event.KeyEvent[KEY_RELEASED,keyCode=49,keyText=1,keyChar='1',keyLocation=KEY_LOCATION_UNKNOWN,rawCode=0,primaryLevelUnicode=0,scancode=0,extendedKeyCode=0x0] on new item stop price field
Feb 24, 2022 2:36:38 AM net.sourceforge.marathon.javaagent.EventQueueDevice dispatchEvent
INFO: java.awt.event.KeyEvent[KEY_PRESSED,keyCode=49,keyText=1,keyChar='1',keyLocation=KEY_LOCATION_UNKNOWN,rawCode=0,primaryLevelUnicode=0,scancode=0,extendedKeyCode=0x0] on new item stop price field
Feb 24, 2022 2:36:38 AM net.sourceforge.marathon.javaagent.EventQueueDevice dispatchEvent
INFO: java.awt.event.KeyEvent[KEY_TYPED,keyCode=0,keyText=Unknown keyCode: 0x0,keyChar='1',keyLocation=KEY_LOCATION_UNKNOWN,rawCode=0,primaryLevelUnicode=0,scancode=0,extendedKeyCode=0x0] on new item stop price field
Feb 24, 2022 2:36:38 AM net.sourceforge.marathon.javaagent.EventQueueDevice dispatchEvent
INFO: java.awt.event.KeyEvent[KEY_RELEASED,keyCode=49,keyText=1,keyChar='1',keyLocation=KEY_LOCATION_UNKNOWN,rawCode=0,primaryLevelUnicode=0,scancode=0,extendedKeyCode=0x0] on new item stop price field
Feb 24, 2022 2:36:38 AM net.sourceforge.marathon.javaagent.EventQueueDevice dispatchEvent
INFO: java.awt.event.KeyEvent[KEY_PRESSED,keyCode=48,keyText=0,keyChar='0',keyLocation=KEY_LOCATION_UNKNOWN,rawCode=0,primaryLevelUnicode=0,scancode=0,extendedKeyCode=0x0] on new item stop price field
Feb 24, 2022 2:36:38 AM net.sourceforge.marathon.javaagent.EventQueueDevice dispatchEvent
INFO: java.awt.event.KeyEvent[KEY_TYPED,keyCode=0,keyText=Unknown keyCode: 0x0,keyChar='0',keyLocation=KEY_LOCATION_UNKNOWN,rawCode=0,primaryLevelUnicode=0,scancode=0,extendedKeyCode=0x0] on new item stop price field
Feb 24, 2022 2:36:38 AM net.sourceforge.marathon.javaagent.EventQueueDevice dispatchEvent
INFO: java.awt.event.KeyEvent[KEY_RELEASED,keyCode=48,keyText=0,keyChar='0',keyLocation=KEY_LOCATION_UNKNOWN,rawCode=0,primaryLevelUnicode=0,scancode=0,extendedKeyCode=0x0] on new item stop price field
Feb 24, 2022 2:36:38 AM net.sourceforge.marathon.javaagent.EventQueueDevice dispatchEvent
INFO: java.awt.event.KeyEvent[KEY_PRESSED,keyCode=48,keyText=0,keyChar='0',keyLocation=KEY_LOCATION_UNKNOWN,rawCode=0,primaryLevelUnicode=0,scancode=0,extendedKeyCode=0x0] on new item stop price field
Feb 24, 2022 2:36:38 AM net.sourceforge.marathon.javaagent.EventQueueDevice dispatchEvent
INFO: java.awt.event.KeyEvent[KEY_TYPED,keyCode=0,keyText=Unknown keyCode: 0x0,keyChar='0',keyLocation=KEY_LOCATION_UNKNOWN,rawCode=0,primaryLevelUnicode=0,scancode=0,extendedKeyCode=0x0] on new item stop price field
Feb 24, 2022 2:36:38 AM net.sourceforge.marathon.javaagent.EventQueueDevice dispatchEvent
INFO: java.awt.event.KeyEvent[KEY_RELEASED,keyCode=48,keyText=0,keyChar='0',keyLocation=KEY_LOCATION_UNKNOWN,rawCode=0,primaryLevelUnicode=0,scancode=0,extendedKeyCode=0x0] on new item stop price field
Feb 24, 2022 2:36:38 AM net.sourceforge.marathon.javaagent.EventQueueDevice dispatchEvent
INFO: java.awt.event.KeyEvent[KEY_PRESSED,keyCode=48,keyText=0,keyChar='0',keyLocation=KEY_LOCATION_UNKNOWN,rawCode=0,primaryLevelUnicode=0,scancode=0,extendedKeyCode=0x0] on new item stop price field
Feb 24, 2022 2:36:38 AM net.sourceforge.marathon.javaagent.EventQueueDevice dispatchEvent
INFO: java.awt.event.KeyEvent[KEY_TYPED,keyCode=0,keyText=Unknown keyCode: 0x0,keyChar='0',keyLocation=KEY_LOCATION_UNKNOWN,rawCode=0,primaryLevelUnicode=0,scancode=0,extendedKeyCode=0x0] on new item stop price field
Feb 24, 2022 2:36:38 AM net.sourceforge.marathon.javaagent.EventQueueDevice dispatchEvent
INFO: java.awt.event.KeyEvent[KEY_RELEASED,keyCode=48,keyText=0,keyChar='0',keyLocation=KEY_LOCATION_UNKNOWN,rawCode=0,primaryLevelUnicode=0,scancode=0,extendedKeyCode=0x0] on new item stop price field
Feb 24, 2022 2:36:38 AM net.sourceforge.marathon.javaagent.server.JavaServer serve
INFO: POST(/session/bf771694-47cc-4d12-9196-22aa08367068/element/35a33bc3-d929-4275-a4c0-1f79035c3279/value, {"id":"35a33bc3-d929-4275-a4c0-1f79035c3279","value":["11000"]}) = {data={"name":"sendKeysElement","sessionId":"bf771694-47cc-4d12-9196-22aa08367068","status":0}, status=OK}
Feb 24, 2022 2:36:38 AM net.sourceforge.marathon.javaagent.server.JavaServer serve
INFO: JavaServer.serve(POST /session/bf771694-47cc-4d12-9196-22aa08367068/element): {
  "using": "name",
  "value": "join button"
}
Feb 24, 2022 2:36:38 AM net.sourceforge.marathon.javaagent.server.JavaServer serve
INFO: POST(/session/bf771694-47cc-4d12-9196-22aa08367068/element, {"using":"name","value":"join button"}) = {data={"name":"findElement","sessionId":"bf771694-47cc-4d12-9196-22aa08367068","value":{"ELEMENT":"1f071be0-640a-4c6a-8c25-2f77cdb09357"},"status":0}, status=OK}
Feb 24, 2022 2:36:38 AM net.sourceforge.marathon.javaagent.server.JavaServer serve
INFO: JavaServer.serve(POST /session/bf771694-47cc-4d12-9196-22aa08367068/element/1f071be0-640a-4c6a-8c25-2f77cdb09357/click): {
  "id": "1f071be0-640a-4c6a-8c25-2f77cdb09357"
}
Feb 24, 2022 2:36:38 AM net.sourceforge.marathon.javaagent.EventQueueDevice dispatchEvent
INFO: java.awt.event.MouseEvent[MOUSE_PRESSED,(58,12),absolute(589,17),button=1,modifiers=Button1,extModifiers=Button1,clickCount=1] on join button
Feb 24, 2022 2:36:38 AM net.sourceforge.marathon.javaagent.EventQueueDevice dispatchEvent
INFO: java.awt.event.MouseEvent[MOUSE_RELEASED,(58,12),absolute(589,17),button=1,modifiers=Button1,clickCount=1] on join button
Feb 24, 2022 2:36:38 AM net.sourceforge.marathon.javaagent.EventQueueDevice dispatchEvent
INFO: java.awt.event.MouseEvent[MOUSE_CLICKED,(58,12),absolute(589,17),button=1,modifiers=Button1,clickCount=1] on join button
Feb 24, 2022 2:36:38 AM net.sourceforge.marathon.javaagent.server.JavaServer serve
INFO: POST(/session/bf771694-47cc-4d12-9196-22aa08367068/element/1f071be0-640a-4c6a-8c25-2f77cdb09357/click, {"id":"1f071be0-640a-4c6a-8c25-2f77cdb09357"}) = {data={"name":"clickElement","sessionId":"bf771694-47cc-4d12-9196-22aa08367068","status":0}, status=OK}
Feb 24, 2022 2:36:39 AM net.sourceforge.marathon.javaagent.server.JavaServer serve
INFO: JavaServer.serve(DELETE /session/bf771694-47cc-4d12-9196-22aa08367068/window): {}
Feb 24, 2022 2:36:39 AM net.sourceforge.marathon.javaagent.server.JavaServer serve
INFO: DELETE(/session/bf771694-47cc-4d12-9196-22aa08367068/window) = {data={"name":"closeSession","sessionId":"bf771694-47cc-4d12-9196-22aa08367068","status":0}, status=OK}
Feb 24, 2022 2:36:39 AM net.sourceforge.marathon.javaagent.server.JavaServer serve
INFO: JavaServer.serve(POST /session): {
  "desiredCapabilities": {
    "browserName": "java",
    "platform": "ANY"
  },
  "capabilities": {
    "firstMatch": [
      {
        "browserName": "java"
      }
    ]
  }
}
Feb 24, 2022 2:36:39 AM net.sourceforge.marathon.javaagent.server.JavaServer createSession
INFO: Creating device with type: EVENT_QUEUE
Feb 24, 2022 2:36:39 AM net.sourceforge.marathon.javaagent.Device getDevice
INFO: Creating a EVENT_QUEUE device
Feb 24, 2022 2:36:39 AM net.sourceforge.marathon.javaagent.server.JavaServer serve
INFO: POST(/session, {"desiredCapabilities":{"browserName":"java","platform":"ANY"},"capabilities":{"firstMatch":[{"browserName":"java"}]}}) = {data=, status=REDIRECT}
Feb 24, 2022 2:36:39 AM net.sourceforge.marathon.javaagent.server.JavaServer serve
INFO: JavaServer.serve(GET /session/1078bb43-b463-4ad8-b140-66afa46d9246): {}
Feb 24, 2022 2:36:39 AM net.sourceforge.marathon.javaagent.server.JavaServer serve
INFO: GET(/session/1078bb43-b463-4ad8-b140-66afa46d9246) = {data={"name":"getCapabilities","sessionId":"1078bb43-b463-4ad8-b140-66afa46d9246","value":{"applicationCacheEnabled":false,"rotatable":false,"loggingPrefs":{"driver":"ALL"},"handlesAlerts":false,"databaseEnabled":false,"version":"1.0","platform":"ANY","browserConnectionEnabled":false,"nativeEvents":false,"acceptSslCerts":false,"locationContextEnabled":false,"webStorageEnabled":false,"browserName":"java","takesScreenshot":true,"javascriptEnabled":true,"cssSelectorsEnabled":false},"status":0}, status=OK}
Feb 24, 2022 2:36:39 AM org.openqa.selenium.remote.ProtocolHandshake createSession
INFO: Detected dialect: OSS
Feb 24, 2022 2:36:39 AM net.sourceforge.marathon.javaagent.server.JavaServer serve
INFO: JavaServer.serve(POST /session/1078bb43-b463-4ad8-b140-66afa46d9246/element): {
  "using": "name",
  "value": "sniper reset button"
}
Feb 24, 2022 2:36:39 AM net.sourceforge.marathon.javaagent.server.JavaServer serve
INFO: POST(/session/1078bb43-b463-4ad8-b140-66afa46d9246/element, {"using":"name","value":"sniper reset button"}) = {data={"name":"findElement","sessionId":"1078bb43-b463-4ad8-b140-66afa46d9246","value":{"ELEMENT":"8d0e144e-b1f0-4efe-850c-7fad76817b9e"},"status":0}, status=OK}
Feb 24, 2022 2:36:39 AM net.sourceforge.marathon.javaagent.server.JavaServer serve
INFO: JavaServer.serve(POST /session/1078bb43-b463-4ad8-b140-66afa46d9246/element/8d0e144e-b1f0-4efe-850c-7fad76817b9e/click): {
  "id": "8d0e144e-b1f0-4efe-850c-7fad76817b9e"
}
Feb 24, 2022 2:36:39 AM net.sourceforge.marathon.javaagent.EventQueueDevice dispatchEvent
INFO: java.awt.event.MouseEvent[MOUSE_PRESSED,(37,12),absolute(326,474),button=1,modifiers=Button1,extModifiers=Button1,clickCount=1] on sniper reset button
Feb 24, 2022 2:36:39 AM net.sourceforge.marathon.javaagent.EventQueueDevice dispatchEvent
INFO: java.awt.event.MouseEvent[MOUSE_RELEASED,(37,12),absolute(326,474),button=1,modifiers=Button1,clickCount=1] on sniper reset button
Feb 24, 2022 2:36:39 AM net.sourceforge.marathon.javaagent.EventQueueDevice dispatchEvent
INFO: java.awt.event.MouseEvent[MOUSE_CLICKED,(37,12),absolute(326,474),button=1,modifiers=Button1,clickCount=1] on sniper reset button
Feb 24, 2022 2:36:39 AM net.sourceforge.marathon.javaagent.server.JavaServer serve
INFO: POST(/session/1078bb43-b463-4ad8-b140-66afa46d9246/element/8d0e144e-b1f0-4efe-850c-7fad76817b9e/click, {"id":"8d0e144e-b1f0-4efe-850c-7fad76817b9e"}) = {data={"name":"clickElement","sessionId":"1078bb43-b463-4ad8-b140-66afa46d9246","status":0}, status=OK}
Feb 24, 2022 2:36:39 AM net.sourceforge.marathon.javaagent.server.JavaServer serve
INFO: JavaServer.serve(DELETE /session/1078bb43-b463-4ad8-b140-66afa46d9246/window): {}
Feb 24, 2022 2:36:39 AM net.sourceforge.marathon.javaagent.server.JavaServer serve
INFO: DELETE(/session/1078bb43-b463-4ad8-b140-66afa46d9246/window) = {data={"name":"closeSession","sessionId":"1078bb43-b463-4ad8-b140-66afa46d9246","status":0}, status=OK}
]]></system-err>
</testsuite>
