<?xml version="1.0" encoding="UTF-8"?>
<testsuite name="goos.ui.swing.MainWindowTest" tests="3" skipped="0" failures="0" errors="0" timestamp="2021-10-26T02:24:21" hostname="buildkitsandbox" time="3.968">
  <properties/>
  <testcase name="window has expected features" classname="goos.ui.swing.MainWindowTest" time="2.937"/>
  <testcase name="make user request when join button clicked" classname="goos.ui.swing.MainWindowTest" time="0.831"/>
  <testcase name="make user request when reset button clicked" classname="goos.ui.swing.MainWindowTest" time="0.196"/>
  <system-out><![CDATA[]]></system-out>
  <system-err><![CDATA[Oct 26, 2021 2:24:22 AM io.mockk.impl.log.JULLogger warn
WARNING: Failed to transform class goos/ui/api/UserRequestListener
java.lang.IllegalArgumentException: Unsupported class file major version 59
	at net.bytebuddy.jar.asm.ClassReader.<init>(ClassReader.java:176)
	at net.bytebuddy.jar.asm.ClassReader.<init>(ClassReader.java:158)
	at net.bytebuddy.jar.asm.ClassReader.<init>(ClassReader.java:146)
	at net.bytebuddy.utility.OpenedClassReader.of(OpenedClassReader.java:69)
	at net.bytebuddy.dynamic.scaffold.TypeWriter$Default$ForInlining.create(TypeWriter.java:2877)
	at net.bytebuddy.dynamic.scaffold.TypeWriter$Default.make(TypeWriter.java:1653)
	at net.bytebuddy.dynamic.scaffold.inline.RedefinitionDynamicTypeBuilder.make(RedefinitionDynamicTypeBuilder.java:180)
	at net.bytebuddy.dynamic.scaffold.inline.AbstractInliningDynamicTypeBuilder.make(AbstractInliningDynamicTypeBuilder.java:94)
	at net.bytebuddy.dynamic.DynamicType$Builder$AbstractBase.make(DynamicType.java:2669)
	at io.mockk.proxy.jvm.transformation.InliningClassTransformer.transform(InliningClassTransformer.kt:78)
	at java.instrument/java.lang.instrument.ClassFileTransformer.transform(ClassFileTransformer.java:246)
	at java.instrument/sun.instrument.TransformerManager.transform(TransformerManager.java:188)
	at java.instrument/sun.instrument.InstrumentationImpl.transform(InstrumentationImpl.java:563)
	at java.instrument/sun.instrument.InstrumentationImpl.retransformClasses0(Native Method)
	at java.instrument/sun.instrument.InstrumentationImpl.retransformClasses(InstrumentationImpl.java:167)
	at io.mockk.proxy.jvm.transformation.JvmInlineInstrumentation.retransform(JvmInlineInstrumentation.kt:28)
	at io.mockk.proxy.common.transformation.RetransformInlineInstrumnetation$execute$1.invoke(RetransformInlineInstrumnetation.kt:19)
	at io.mockk.proxy.common.transformation.RetransformInlineInstrumnetation$execute$1.invoke(RetransformInlineInstrumnetation.kt:6)
	at io.mockk.proxy.common.transformation.ClassTransformationSpecMap.applyTransformation(ClassTransformationSpecMap.kt:41)
	at io.mockk.proxy.common.transformation.RetransformInlineInstrumnetation.execute(RetransformInlineInstrumnetation.kt:16)
	at io.mockk.proxy.jvm.ProxyMaker.inline(ProxyMaker.kt:88)
	at io.mockk.proxy.jvm.ProxyMaker.proxy(ProxyMaker.kt:30)
	at io.mockk.impl.instantiation.JvmMockFactory.newProxy(JvmMockFactory.kt:34)
	at io.mockk.impl.instantiation.AbstractMockFactory.newProxy$default(AbstractMockFactory.kt:29)
	at io.mockk.impl.instantiation.AbstractMockFactory.mockk(AbstractMockFactory.kt:59)
	at goos.ui.swing.MainWindowTest$1$1.invokeSuspend(MainWindowTest.kt:90)
	at goos.ui.swing.MainWindowTest$1$1.invoke(MainWindowTest.kt)
	at goos.ui.swing.MainWindowTest$1$1.invoke(MainWindowTest.kt)
	at io.kotest.core.TestConfiguration$beforeTest$1.beforeTest(TestConfiguration.kt:137)
	at io.kotest.core.spec.LifecycleKt.invokeAllBeforeTestCallbacks(lifecycle.kt:76)
	at io.kotest.core.internal.TestCaseExecutor.executeActiveTest(TestCaseExecutor.kt:152)
	at io.kotest.core.internal.TestCaseExecutor.access$executeActiveTest(TestCaseExecutor.kt:57)
	at io.kotest.core.internal.TestCaseExecutor$intercept$innerExecute$1$1.invokeSuspend(TestCaseExecutor.kt:89)
	at io.kotest.core.internal.TestCaseExecutor$intercept$innerExecute$1$1.invoke(TestCaseExecutor.kt)
	at io.kotest.core.internal.TestCaseExecutor$intercept$innerExecute$1$1.invoke(TestCaseExecutor.kt)
	at io.kotest.core.internal.TestCaseExecutor.executeIfEnabled(TestCaseExecutor.kt:117)
	at io.kotest.core.internal.TestCaseExecutor.access$executeIfEnabled(TestCaseExecutor.kt:57)
	at io.kotest.core.internal.TestCaseExecutor$intercept$innerExecute$1.invokeSuspend(TestCaseExecutor.kt:89)
	at io.kotest.core.internal.TestCaseExecutor$intercept$innerExecute$1.invoke(TestCaseExecutor.kt)
	at io.kotest.core.internal.TestCaseExecutor$intercept$innerExecute$1.invoke(TestCaseExecutor.kt)
	at io.kotest.core.internal.TestCaseExecutor.intercept(TestCaseExecutor.kt:103)
	at io.kotest.core.internal.TestCaseExecutor.execute(TestCaseExecutor.kt:69)
	at io.kotest.engine.spec.runners.SingleInstanceSpecRunner.runTest(SingleInstanceSpecRunner.kt:104)
	at io.kotest.engine.spec.runners.SingleInstanceSpecRunner.access$runTest(SingleInstanceSpecRunner.kt:34)
	at io.kotest.engine.spec.runners.SingleInstanceSpecRunner$execute$interceptAndRun$2$4.invokeSuspend(SingleInstanceSpecRunner.kt:57)
	at io.kotest.engine.spec.runners.SingleInstanceSpecRunner$execute$interceptAndRun$2$4.invoke(SingleInstanceSpecRunner.kt)
	at io.kotest.engine.spec.runners.SingleInstanceSpecRunner$execute$interceptAndRun$2$4.invoke(SingleInstanceSpecRunner.kt)
	at io.kotest.engine.launchers.SequentialTestLauncher$launch$3$1$1.invokeSuspend(SequentialTestLauncher.kt:22)
	at kotlin.coroutines.jvm.internal.BaseContinuationImpl.resumeWith(ContinuationImpl.kt:33)
	at kotlinx.coroutines.DispatchedTask.run(DispatchedTask.kt:106)
	at java.base/java.util.concurrent.ThreadPoolExecutor.runWorker(ThreadPoolExecutor.java:1130)
	at java.base/java.util.concurrent.ThreadPoolExecutor$Worker.run(ThreadPoolExecutor.java:630)
	at java.base/java.lang.Thread.run(Thread.java:832)

Oct 26, 2021 2:24:24 AM net.sourceforge.marathon.javaagent.server.JavaServer serve
INFO: JavaServer.serve(POST /session): {
  "desiredCapabilities": {
    "browserName": "java",
    "platform": "ANY"
  },
  "capabilities": {
    "firstMatch": [
      {
        "browserName": "java"
      }
    ]
  }
}
Oct 26, 2021 2:24:24 AM net.sourceforge.marathon.javaagent.server.JavaServer createSession
INFO: Creating device with type: EVENT_QUEUE
Oct 26, 2021 2:24:24 AM net.sourceforge.marathon.javaagent.Device getDevice
INFO: Creating a EVENT_QUEUE device
Oct 26, 2021 2:24:24 AM net.sourceforge.marathon.javaagent.server.JavaServer serve
INFO: POST(/session, {"desiredCapabilities":{"browserName":"java","platform":"ANY"},"capabilities":{"firstMatch":[{"browserName":"java"}]}}) = {data=, status=REDIRECT}
Oct 26, 2021 2:24:24 AM net.sourceforge.marathon.javaagent.server.JavaServer serve
INFO: JavaServer.serve(GET /session/0ea695e9-baec-4016-a040-38de6fb5ba9d): {}
Oct 26, 2021 2:24:24 AM net.sourceforge.marathon.javaagent.server.JavaServer serve
INFO: GET(/session/0ea695e9-baec-4016-a040-38de6fb5ba9d) = {data={"name":"getCapabilities","sessionId":"0ea695e9-baec-4016-a040-38de6fb5ba9d","value":{"applicationCacheEnabled":false,"rotatable":false,"loggingPrefs":{"driver":"ALL"},"handlesAlerts":false,"databaseEnabled":false,"version":"1.0","platform":"ANY","browserConnectionEnabled":false,"nativeEvents":false,"acceptSslCerts":false,"locationContextEnabled":false,"webStorageEnabled":false,"browserName":"java","takesScreenshot":true,"javascriptEnabled":true,"cssSelectorsEnabled":false},"status":0}, status=OK}
Oct 26, 2021 2:24:24 AM org.openqa.selenium.remote.ProtocolHandshake createSession
INFO: Detected dialect: OSS
Oct 26, 2021 2:24:24 AM net.sourceforge.marathon.javaagent.server.JavaServer serve
INFO: JavaServer.serve(POST /session/0ea695e9-baec-4016-a040-38de6fb5ba9d/element): {
  "using": "css selector",
  "value": "."
}
Oct 26, 2021 2:24:24 AM net.sourceforge.marathon.javaagent.server.JavaServer serve
INFO: POST(/session/0ea695e9-baec-4016-a040-38de6fb5ba9d/element, {"using":"css selector","value":"."}) = {data={"name":"findElement","sessionId":"0ea695e9-baec-4016-a040-38de6fb5ba9d","value":{"ELEMENT":"9e264785-cfa2-4e93-9a21-8b35c6cc9c76"},"status":0}, status=OK}
Oct 26, 2021 2:24:24 AM net.sourceforge.marathon.javaagent.server.JavaServer serve
INFO: JavaServer.serve(GET /session/0ea695e9-baec-4016-a040-38de6fb5ba9d/element/9e264785-cfa2-4e93-9a21-8b35c6cc9c76/attribute/name): {}
Oct 26, 2021 2:24:24 AM net.sourceforge.marathon.javaagent.server.JavaServer serve
INFO: GET(/session/0ea695e9-baec-4016-a040-38de6fb5ba9d/element/9e264785-cfa2-4e93-9a21-8b35c6cc9c76/attribute/name) = {data={"name":"getElementAttribute","sessionId":"0ea695e9-baec-4016-a040-38de6fb5ba9d","value":"Auction Sniper Name","status":0}, status=OK}
Oct 26, 2021 2:24:24 AM net.sourceforge.marathon.javaagent.server.JavaServer serve
INFO: JavaServer.serve(POST /session/0ea695e9-baec-4016-a040-38de6fb5ba9d/element): {
  "using": "css selector",
  "value": "."
}
Oct 26, 2021 2:24:24 AM net.sourceforge.marathon.javaagent.server.JavaServer serve
INFO: POST(/session/0ea695e9-baec-4016-a040-38de6fb5ba9d/element, {"using":"css selector","value":"."}) = {data={"name":"findElement","sessionId":"0ea695e9-baec-4016-a040-38de6fb5ba9d","value":{"ELEMENT":"9e264785-cfa2-4e93-9a21-8b35c6cc9c76"},"status":0}, status=OK}
Oct 26, 2021 2:24:24 AM net.sourceforge.marathon.javaagent.server.JavaServer serve
INFO: JavaServer.serve(GET /session/0ea695e9-baec-4016-a040-38de6fb5ba9d/element/9e264785-cfa2-4e93-9a21-8b35c6cc9c76/displayed): {}
Oct 26, 2021 2:24:24 AM net.sourceforge.marathon.javaagent.server.JavaServer serve
INFO: GET(/session/0ea695e9-baec-4016-a040-38de6fb5ba9d/element/9e264785-cfa2-4e93-9a21-8b35c6cc9c76/displayed) = {data={"name":"isDisplayed","sessionId":"0ea695e9-baec-4016-a040-38de6fb5ba9d","value":true,"status":0}, status=OK}
Oct 26, 2021 2:24:24 AM net.sourceforge.marathon.javaagent.server.JavaServer serve
INFO: JavaServer.serve(GET /session/0ea695e9-baec-4016-a040-38de6fb5ba9d/title): {}
Oct 26, 2021 2:24:24 AM net.sourceforge.marathon.javaagent.server.JavaServer serve
INFO: GET(/session/0ea695e9-baec-4016-a040-38de6fb5ba9d/title) = {data={"name":"getWindowTitle","sessionId":"0ea695e9-baec-4016-a040-38de6fb5ba9d","value":"Auction Sniper","status":0}, status=OK}
Oct 26, 2021 2:24:24 AM net.sourceforge.marathon.javaagent.server.JavaServer serve
INFO: JavaServer.serve(POST /session/0ea695e9-baec-4016-a040-38de6fb5ba9d/element): {
  "using": "name",
  "value": "snipers table"
}
Oct 26, 2021 2:24:24 AM net.sourceforge.marathon.javaagent.server.JavaServer serve
INFO: POST(/session/0ea695e9-baec-4016-a040-38de6fb5ba9d/element, {"using":"name","value":"snipers table"}) = {data={"name":"findElement","sessionId":"0ea695e9-baec-4016-a040-38de6fb5ba9d","value":{"ELEMENT":"a0657a1f-5dcd-423c-b320-b60aaa6cd250"},"status":0}, status=OK}
Oct 26, 2021 2:24:24 AM net.sourceforge.marathon.javaagent.server.JavaServer serve
INFO: JavaServer.serve(POST /session/0ea695e9-baec-4016-a040-38de6fb5ba9d/element/a0657a1f-5dcd-423c-b320-b60aaa6cd250/elements): {
  "id": "a0657a1f-5dcd-423c-b320-b60aaa6cd250",
  "using": "css selector",
  "value": ".::header.::all-items"
}
Oct 26, 2021 2:24:24 AM net.sourceforge.marathon.javaagent.server.JavaServer serve
INFO: POST(/session/0ea695e9-baec-4016-a040-38de6fb5ba9d/element/a0657a1f-5dcd-423c-b320-b60aaa6cd250/elements, {"using":"css selector","id":"a0657a1f-5dcd-423c-b320-b60aaa6cd250","value":".::header.::all-items"}) = {data={"name":"findElementsOfElement","sessionId":"0ea695e9-baec-4016-a040-38de6fb5ba9d","value":[{"ELEMENT":"a5b1b6c0-9825-4623-bec0-5f7c81fec264%23%7B%22selector%22%3A%22nth-item%22%2C%22parameters%22%3A%5B1%5D%7D"},{"ELEMENT":"a5b1b6c0-9825-4623-bec0-5f7c81fec264%23%7B%22selector%22%3A%22nth-item%22%2C%22parameters%22%3A%5B2%5D%7D"},{"ELEMENT":"a5b1b6c0-9825-4623-bec0-5f7c81fec264%23%7B%22selector%22%3A%22nth-item%22%2C%22parameters%22%3A%5B3%5D%7D"},{"ELEMENT":"a5b1b6c0-9825-4623-bec0-5f7c81fec264%23%7B%22selector%22%3A%22nth-item%22%2C%22parameters%22%3A%5B4%5D%7D"}],"status":0}, status=OK}
Oct 26, 2021 2:24:24 AM net.sourceforge.marathon.javaagent.server.JavaServer serve
INFO: JavaServer.serve(GET /session/0ea695e9-baec-4016-a040-38de6fb5ba9d/element/a5b1b6c0-9825-4623-bec0-5f7c81fec264%23%7B%22selector%22%3A%22nth-item%22%2C%22parameters%22%3A%5B1%5D%7D/text): {}
Oct 26, 2021 2:24:24 AM net.sourceforge.marathon.javaagent.server.JavaServer serve
INFO: GET(/session/0ea695e9-baec-4016-a040-38de6fb5ba9d/element/a5b1b6c0-9825-4623-bec0-5f7c81fec264%23%7B%22selector%22%3A%22nth-item%22%2C%22parameters%22%3A%5B1%5D%7D/text) = {data={"name":"getElementText","sessionId":"0ea695e9-baec-4016-a040-38de6fb5ba9d","value":"Item","status":0}, status=OK}
Oct 26, 2021 2:24:24 AM net.sourceforge.marathon.javaagent.server.JavaServer serve
INFO: JavaServer.serve(GET /session/0ea695e9-baec-4016-a040-38de6fb5ba9d/element/a5b1b6c0-9825-4623-bec0-5f7c81fec264%23%7B%22selector%22%3A%22nth-item%22%2C%22parameters%22%3A%5B2%5D%7D/text): {}
Oct 26, 2021 2:24:24 AM net.sourceforge.marathon.javaagent.server.JavaServer serve
INFO: GET(/session/0ea695e9-baec-4016-a040-38de6fb5ba9d/element/a5b1b6c0-9825-4623-bec0-5f7c81fec264%23%7B%22selector%22%3A%22nth-item%22%2C%22parameters%22%3A%5B2%5D%7D/text) = {data={"name":"getElementText","sessionId":"0ea695e9-baec-4016-a040-38de6fb5ba9d","value":"Last Price","status":0}, status=OK}
Oct 26, 2021 2:24:24 AM net.sourceforge.marathon.javaagent.server.JavaServer serve
INFO: JavaServer.serve(GET /session/0ea695e9-baec-4016-a040-38de6fb5ba9d/element/a5b1b6c0-9825-4623-bec0-5f7c81fec264%23%7B%22selector%22%3A%22nth-item%22%2C%22parameters%22%3A%5B3%5D%7D/text): {}
Oct 26, 2021 2:24:24 AM net.sourceforge.marathon.javaagent.server.JavaServer serve
INFO: GET(/session/0ea695e9-baec-4016-a040-38de6fb5ba9d/element/a5b1b6c0-9825-4623-bec0-5f7c81fec264%23%7B%22selector%22%3A%22nth-item%22%2C%22parameters%22%3A%5B3%5D%7D/text) = {data={"name":"getElementText","sessionId":"0ea695e9-baec-4016-a040-38de6fb5ba9d","value":"Last Bid","status":0}, status=OK}
Oct 26, 2021 2:24:24 AM net.sourceforge.marathon.javaagent.server.JavaServer serve
INFO: JavaServer.serve(GET /session/0ea695e9-baec-4016-a040-38de6fb5ba9d/element/a5b1b6c0-9825-4623-bec0-5f7c81fec264%23%7B%22selector%22%3A%22nth-item%22%2C%22parameters%22%3A%5B4%5D%7D/text): {}
Oct 26, 2021 2:24:24 AM net.sourceforge.marathon.javaagent.server.JavaServer serve
INFO: GET(/session/0ea695e9-baec-4016-a040-38de6fb5ba9d/element/a5b1b6c0-9825-4623-bec0-5f7c81fec264%23%7B%22selector%22%3A%22nth-item%22%2C%22parameters%22%3A%5B4%5D%7D/text) = {data={"name":"getElementText","sessionId":"0ea695e9-baec-4016-a040-38de6fb5ba9d","value":"State","status":0}, status=OK}
Oct 26, 2021 2:24:24 AM net.sourceforge.marathon.javaagent.server.JavaServer serve
INFO: JavaServer.serve(DELETE /session/0ea695e9-baec-4016-a040-38de6fb5ba9d/window): {}
Oct 26, 2021 2:24:24 AM net.sourceforge.marathon.javaagent.server.JavaServer serve
INFO: DELETE(/session/0ea695e9-baec-4016-a040-38de6fb5ba9d/window) = {data={"name":"closeSession","sessionId":"0ea695e9-baec-4016-a040-38de6fb5ba9d","status":0}, status=OK}
Oct 26, 2021 2:24:24 AM net.sourceforge.marathon.javaagent.server.JavaServer serve
INFO: JavaServer.serve(POST /session): {
  "desiredCapabilities": {
    "browserName": "java",
    "platform": "ANY"
  },
  "capabilities": {
    "firstMatch": [
      {
        "browserName": "java"
      }
    ]
  }
}
Oct 26, 2021 2:24:24 AM net.sourceforge.marathon.javaagent.server.JavaServer createSession
INFO: Creating device with type: EVENT_QUEUE
Oct 26, 2021 2:24:24 AM net.sourceforge.marathon.javaagent.Device getDevice
INFO: Creating a EVENT_QUEUE device
Oct 26, 2021 2:24:24 AM net.sourceforge.marathon.javaagent.server.JavaServer serve
INFO: POST(/session, {"desiredCapabilities":{"browserName":"java","platform":"ANY"},"capabilities":{"firstMatch":[{"browserName":"java"}]}}) = {data=, status=REDIRECT}
Oct 26, 2021 2:24:24 AM net.sourceforge.marathon.javaagent.server.JavaServer serve
INFO: JavaServer.serve(GET /session/f08cb731-706f-4bca-80a5-8ffccdc605c9): {}
Oct 26, 2021 2:24:24 AM net.sourceforge.marathon.javaagent.server.JavaServer serve
INFO: GET(/session/f08cb731-706f-4bca-80a5-8ffccdc605c9) = {data={"name":"getCapabilities","sessionId":"f08cb731-706f-4bca-80a5-8ffccdc605c9","value":{"applicationCacheEnabled":false,"rotatable":false,"loggingPrefs":{"driver":"ALL"},"handlesAlerts":false,"databaseEnabled":false,"version":"1.0","platform":"ANY","browserConnectionEnabled":false,"nativeEvents":false,"acceptSslCerts":false,"locationContextEnabled":false,"webStorageEnabled":false,"browserName":"java","takesScreenshot":true,"javascriptEnabled":true,"cssSelectorsEnabled":false},"status":0}, status=OK}
Oct 26, 2021 2:24:24 AM org.openqa.selenium.remote.ProtocolHandshake createSession
INFO: Detected dialect: OSS
Oct 26, 2021 2:24:24 AM net.sourceforge.marathon.javaagent.server.JavaServer serve
INFO: JavaServer.serve(POST /session/f08cb731-706f-4bca-80a5-8ffccdc605c9/element): {
  "using": "name",
  "value": "new item id field"
}
Oct 26, 2021 2:24:24 AM net.sourceforge.marathon.javaagent.server.JavaServer serve
INFO: POST(/session/f08cb731-706f-4bca-80a5-8ffccdc605c9/element, {"using":"name","value":"new item id field"}) = {data={"name":"findElement","sessionId":"f08cb731-706f-4bca-80a5-8ffccdc605c9","value":{"ELEMENT":"5599666c-c6da-4bc4-ba42-a7e2a7c55de4"},"status":0}, status=OK}
Oct 26, 2021 2:24:24 AM net.sourceforge.marathon.javaagent.server.JavaServer serve
INFO: JavaServer.serve(POST /session/f08cb731-706f-4bca-80a5-8ffccdc605c9/element/5599666c-c6da-4bc4-ba42-a7e2a7c55de4/clear): {
  "id": "5599666c-c6da-4bc4-ba42-a7e2a7c55de4"
}
Oct 26, 2021 2:24:24 AM net.sourceforge.marathon.javaagent.server.JavaServer serve
INFO: POST(/session/f08cb731-706f-4bca-80a5-8ffccdc605c9/element/5599666c-c6da-4bc4-ba42-a7e2a7c55de4/clear, {"id":"5599666c-c6da-4bc4-ba42-a7e2a7c55de4"}) = {data={"name":"clearElement","sessionId":"f08cb731-706f-4bca-80a5-8ffccdc605c9","status":0}, status=OK}
Oct 26, 2021 2:24:24 AM net.sourceforge.marathon.javaagent.server.JavaServer serve
INFO: JavaServer.serve(POST /session/f08cb731-706f-4bca-80a5-8ffccdc605c9/element/5599666c-c6da-4bc4-ba42-a7e2a7c55de4/value): {
  "id": "5599666c-c6da-4bc4-ba42-a7e2a7c55de4",
  "value": [
    "an item-id"
  ]
}
Oct 26, 2021 2:24:24 AM net.sourceforge.marathon.javaagent.EventQueueDevice dispatchEvent
INFO: java.awt.event.KeyEvent[KEY_PRESSED,keyCode=65,keyText=A,keyChar='a',keyLocation=KEY_LOCATION_UNKNOWN,rawCode=0,primaryLevelUnicode=0,scancode=0,extendedKeyCode=0x0] on new item id field
Oct 26, 2021 2:24:24 AM net.sourceforge.marathon.javaagent.EventQueueDevice dispatchEvent
INFO: java.awt.event.KeyEvent[KEY_TYPED,keyCode=0,keyText=Unknown keyCode: 0x0,keyChar='a',keyLocation=KEY_LOCATION_UNKNOWN,rawCode=0,primaryLevelUnicode=0,scancode=0,extendedKeyCode=0x0] on new item id field
Oct 26, 2021 2:24:24 AM net.sourceforge.marathon.javaagent.EventQueueDevice dispatchEvent
INFO: java.awt.event.KeyEvent[KEY_RELEASED,keyCode=65,keyText=A,keyChar='a',keyLocation=KEY_LOCATION_UNKNOWN,rawCode=0,primaryLevelUnicode=0,scancode=0,extendedKeyCode=0x0] on new item id field
Oct 26, 2021 2:24:24 AM net.sourceforge.marathon.javaagent.EventQueueDevice dispatchEvent
INFO: java.awt.event.KeyEvent[KEY_PRESSED,keyCode=78,keyText=N,keyChar='n',keyLocation=KEY_LOCATION_UNKNOWN,rawCode=0,primaryLevelUnicode=0,scancode=0,extendedKeyCode=0x0] on new item id field
Oct 26, 2021 2:24:24 AM net.sourceforge.marathon.javaagent.EventQueueDevice dispatchEvent
INFO: java.awt.event.KeyEvent[KEY_TYPED,keyCode=0,keyText=Unknown keyCode: 0x0,keyChar='n',keyLocation=KEY_LOCATION_UNKNOWN,rawCode=0,primaryLevelUnicode=0,scancode=0,extendedKeyCode=0x0] on new item id field
Oct 26, 2021 2:24:24 AM net.sourceforge.marathon.javaagent.EventQueueDevice dispatchEvent
INFO: java.awt.event.KeyEvent[KEY_RELEASED,keyCode=78,keyText=N,keyChar='n',keyLocation=KEY_LOCATION_UNKNOWN,rawCode=0,primaryLevelUnicode=0,scancode=0,extendedKeyCode=0x0] on new item id field
Oct 26, 2021 2:24:24 AM net.sourceforge.marathon.javaagent.EventQueueDevice dispatchEvent
INFO: java.awt.event.KeyEvent[KEY_PRESSED,keyCode=16,keyText=Shift,keyChar=Undefined keyChar,modifiers=Shift,extModifiers=Shift,keyLocation=KEY_LOCATION_UNKNOWN,rawCode=0,primaryLevelUnicode=0,scancode=0,extendedKeyCode=0x0] on new item id field
Oct 26, 2021 2:24:24 AM net.sourceforge.marathon.javaagent.EventQueueDevice dispatchEvent
INFO: java.awt.event.KeyEvent[KEY_PRESSED,keyCode=32,keyText=Space,keyChar=' ',modifiers=Shift,extModifiers=Shift,keyLocation=KEY_LOCATION_UNKNOWN,rawCode=0,primaryLevelUnicode=0,scancode=0,extendedKeyCode=0x0] on new item id field
Oct 26, 2021 2:24:24 AM net.sourceforge.marathon.javaagent.EventQueueDevice dispatchEvent
INFO: java.awt.event.KeyEvent[KEY_TYPED,keyCode=0,keyText=Unknown keyCode: 0x0,keyChar=' ',modifiers=Shift,extModifiers=Shift,keyLocation=KEY_LOCATION_UNKNOWN,rawCode=0,primaryLevelUnicode=0,scancode=0,extendedKeyCode=0x0] on new item id field
Oct 26, 2021 2:24:24 AM net.sourceforge.marathon.javaagent.EventQueueDevice dispatchEvent
INFO: java.awt.event.KeyEvent[KEY_RELEASED,keyCode=32,keyText=Space,keyChar=' ',modifiers=Shift,extModifiers=Shift,keyLocation=KEY_LOCATION_UNKNOWN,rawCode=0,primaryLevelUnicode=0,scancode=0,extendedKeyCode=0x0] on new item id field
Oct 26, 2021 2:24:24 AM net.sourceforge.marathon.javaagent.EventQueueDevice dispatchEvent
INFO: java.awt.event.KeyEvent[KEY_RELEASED,keyCode=16,keyText=Shift,keyChar=Undefined keyChar,keyLocation=KEY_LOCATION_UNKNOWN,rawCode=0,primaryLevelUnicode=0,scancode=0,extendedKeyCode=0x0] on new item id field
Oct 26, 2021 2:24:24 AM net.sourceforge.marathon.javaagent.EventQueueDevice dispatchEvent
INFO: java.awt.event.KeyEvent[KEY_PRESSED,keyCode=73,keyText=I,keyChar='i',keyLocation=KEY_LOCATION_UNKNOWN,rawCode=0,primaryLevelUnicode=0,scancode=0,extendedKeyCode=0x0] on new item id field
Oct 26, 2021 2:24:24 AM net.sourceforge.marathon.javaagent.EventQueueDevice dispatchEvent
INFO: java.awt.event.KeyEvent[KEY_TYPED,keyCode=0,keyText=Unknown keyCode: 0x0,keyChar='i',keyLocation=KEY_LOCATION_UNKNOWN,rawCode=0,primaryLevelUnicode=0,scancode=0,extendedKeyCode=0x0] on new item id field
Oct 26, 2021 2:24:24 AM net.sourceforge.marathon.javaagent.EventQueueDevice dispatchEvent
INFO: java.awt.event.KeyEvent[KEY_RELEASED,keyCode=73,keyText=I,keyChar='i',keyLocation=KEY_LOCATION_UNKNOWN,rawCode=0,primaryLevelUnicode=0,scancode=0,extendedKeyCode=0x0] on new item id field
Oct 26, 2021 2:24:24 AM net.sourceforge.marathon.javaagent.EventQueueDevice dispatchEvent
INFO: java.awt.event.KeyEvent[KEY_PRESSED,keyCode=84,keyText=T,keyChar='t',keyLocation=KEY_LOCATION_UNKNOWN,rawCode=0,primaryLevelUnicode=0,scancode=0,extendedKeyCode=0x0] on new item id field
Oct 26, 2021 2:24:24 AM net.sourceforge.marathon.javaagent.EventQueueDevice dispatchEvent
INFO: java.awt.event.KeyEvent[KEY_TYPED,keyCode=0,keyText=Unknown keyCode: 0x0,keyChar='t',keyLocation=KEY_LOCATION_UNKNOWN,rawCode=0,primaryLevelUnicode=0,scancode=0,extendedKeyCode=0x0] on new item id field
Oct 26, 2021 2:24:24 AM net.sourceforge.marathon.javaagent.EventQueueDevice dispatchEvent
INFO: java.awt.event.KeyEvent[KEY_RELEASED,keyCode=84,keyText=T,keyChar='t',keyLocation=KEY_LOCATION_UNKNOWN,rawCode=0,primaryLevelUnicode=0,scancode=0,extendedKeyCode=0x0] on new item id field
Oct 26, 2021 2:24:24 AM net.sourceforge.marathon.javaagent.EventQueueDevice dispatchEvent
INFO: java.awt.event.KeyEvent[KEY_PRESSED,keyCode=69,keyText=E,keyChar='e',keyLocation=KEY_LOCATION_UNKNOWN,rawCode=0,primaryLevelUnicode=0,scancode=0,extendedKeyCode=0x0] on new item id field
Oct 26, 2021 2:24:24 AM net.sourceforge.marathon.javaagent.EventQueueDevice dispatchEvent
INFO: java.awt.event.KeyEvent[KEY_TYPED,keyCode=0,keyText=Unknown keyCode: 0x0,keyChar='e',keyLocation=KEY_LOCATION_UNKNOWN,rawCode=0,primaryLevelUnicode=0,scancode=0,extendedKeyCode=0x0] on new item id field
Oct 26, 2021 2:24:24 AM net.sourceforge.marathon.javaagent.EventQueueDevice dispatchEvent
INFO: java.awt.event.KeyEvent[KEY_RELEASED,keyCode=69,keyText=E,keyChar='e',keyLocation=KEY_LOCATION_UNKNOWN,rawCode=0,primaryLevelUnicode=0,scancode=0,extendedKeyCode=0x0] on new item id field
Oct 26, 2021 2:24:24 AM net.sourceforge.marathon.javaagent.EventQueueDevice dispatchEvent
INFO: java.awt.event.KeyEvent[KEY_PRESSED,keyCode=77,keyText=M,keyChar='m',keyLocation=KEY_LOCATION_UNKNOWN,rawCode=0,primaryLevelUnicode=0,scancode=0,extendedKeyCode=0x0] on new item id field
Oct 26, 2021 2:24:24 AM net.sourceforge.marathon.javaagent.EventQueueDevice dispatchEvent
INFO: java.awt.event.KeyEvent[KEY_TYPED,keyCode=0,keyText=Unknown keyCode: 0x0,keyChar='m',keyLocation=KEY_LOCATION_UNKNOWN,rawCode=0,primaryLevelUnicode=0,scancode=0,extendedKeyCode=0x0] on new item id field
Oct 26, 2021 2:24:24 AM net.sourceforge.marathon.javaagent.EventQueueDevice dispatchEvent
INFO: java.awt.event.KeyEvent[KEY_RELEASED,keyCode=77,keyText=M,keyChar='m',keyLocation=KEY_LOCATION_UNKNOWN,rawCode=0,primaryLevelUnicode=0,scancode=0,extendedKeyCode=0x0] on new item id field
Oct 26, 2021 2:24:24 AM net.sourceforge.marathon.javaagent.EventQueueDevice dispatchEvent
INFO: java.awt.event.KeyEvent[KEY_PRESSED,keyCode=45,keyText=Minus,keyChar='-',keyLocation=KEY_LOCATION_UNKNOWN,rawCode=0,primaryLevelUnicode=0,scancode=0,extendedKeyCode=0x0] on new item id field
Oct 26, 2021 2:24:24 AM net.sourceforge.marathon.javaagent.EventQueueDevice dispatchEvent
INFO: java.awt.event.KeyEvent[KEY_TYPED,keyCode=0,keyText=Unknown keyCode: 0x0,keyChar='-',keyLocation=KEY_LOCATION_UNKNOWN,rawCode=0,primaryLevelUnicode=0,scancode=0,extendedKeyCode=0x0] on new item id field
Oct 26, 2021 2:24:24 AM net.sourceforge.marathon.javaagent.EventQueueDevice dispatchEvent
INFO: java.awt.event.KeyEvent[KEY_RELEASED,keyCode=45,keyText=Minus,keyChar='-',keyLocation=KEY_LOCATION_UNKNOWN,rawCode=0,primaryLevelUnicode=0,scancode=0,extendedKeyCode=0x0] on new item id field
Oct 26, 2021 2:24:24 AM net.sourceforge.marathon.javaagent.EventQueueDevice dispatchEvent
INFO: java.awt.event.KeyEvent[KEY_PRESSED,keyCode=73,keyText=I,keyChar='i',keyLocation=KEY_LOCATION_UNKNOWN,rawCode=0,primaryLevelUnicode=0,scancode=0,extendedKeyCode=0x0] on new item id field
Oct 26, 2021 2:24:24 AM net.sourceforge.marathon.javaagent.EventQueueDevice dispatchEvent
INFO: java.awt.event.KeyEvent[KEY_TYPED,keyCode=0,keyText=Unknown keyCode: 0x0,keyChar='i',keyLocation=KEY_LOCATION_UNKNOWN,rawCode=0,primaryLevelUnicode=0,scancode=0,extendedKeyCode=0x0] on new item id field
Oct 26, 2021 2:24:24 AM net.sourceforge.marathon.javaagent.EventQueueDevice dispatchEvent
INFO: java.awt.event.KeyEvent[KEY_RELEASED,keyCode=73,keyText=I,keyChar='i',keyLocation=KEY_LOCATION_UNKNOWN,rawCode=0,primaryLevelUnicode=0,scancode=0,extendedKeyCode=0x0] on new item id field
Oct 26, 2021 2:24:24 AM net.sourceforge.marathon.javaagent.EventQueueDevice dispatchEvent
INFO: java.awt.event.KeyEvent[KEY_PRESSED,keyCode=68,keyText=D,keyChar='d',keyLocation=KEY_LOCATION_UNKNOWN,rawCode=0,primaryLevelUnicode=0,scancode=0,extendedKeyCode=0x0] on new item id field
Oct 26, 2021 2:24:24 AM net.sourceforge.marathon.javaagent.EventQueueDevice dispatchEvent
INFO: java.awt.event.KeyEvent[KEY_TYPED,keyCode=0,keyText=Unknown keyCode: 0x0,keyChar='d',keyLocation=KEY_LOCATION_UNKNOWN,rawCode=0,primaryLevelUnicode=0,scancode=0,extendedKeyCode=0x0] on new item id field
Oct 26, 2021 2:24:24 AM net.sourceforge.marathon.javaagent.EventQueueDevice dispatchEvent
INFO: java.awt.event.KeyEvent[KEY_RELEASED,keyCode=68,keyText=D,keyChar='d',keyLocation=KEY_LOCATION_UNKNOWN,rawCode=0,primaryLevelUnicode=0,scancode=0,extendedKeyCode=0x0] on new item id field
Oct 26, 2021 2:24:24 AM net.sourceforge.marathon.javaagent.server.JavaServer serve
INFO: POST(/session/f08cb731-706f-4bca-80a5-8ffccdc605c9/element/5599666c-c6da-4bc4-ba42-a7e2a7c55de4/value, {"id":"5599666c-c6da-4bc4-ba42-a7e2a7c55de4","value":["an item-id"]}) = {data={"name":"sendKeysElement","sessionId":"f08cb731-706f-4bca-80a5-8ffccdc605c9","status":0}, status=OK}
Oct 26, 2021 2:24:24 AM net.sourceforge.marathon.javaagent.server.JavaServer serve
INFO: JavaServer.serve(POST /session/f08cb731-706f-4bca-80a5-8ffccdc605c9/element): {
  "using": "name",
  "value": "new item stop price field"
}
Oct 26, 2021 2:24:24 AM net.sourceforge.marathon.javaagent.server.JavaServer serve
INFO: POST(/session/f08cb731-706f-4bca-80a5-8ffccdc605c9/element, {"using":"name","value":"new item stop price field"}) = {data={"name":"findElement","sessionId":"f08cb731-706f-4bca-80a5-8ffccdc605c9","value":{"ELEMENT":"055aeb5f-96f6-4d5f-8215-6e76742f3b72"},"status":0}, status=OK}
Oct 26, 2021 2:24:24 AM net.sourceforge.marathon.javaagent.server.JavaServer serve
INFO: JavaServer.serve(POST /session/f08cb731-706f-4bca-80a5-8ffccdc605c9/element/055aeb5f-96f6-4d5f-8215-6e76742f3b72/clear): {
  "id": "055aeb5f-96f6-4d5f-8215-6e76742f3b72"
}
Oct 26, 2021 2:24:24 AM net.sourceforge.marathon.javaagent.server.JavaServer serve
INFO: POST(/session/f08cb731-706f-4bca-80a5-8ffccdc605c9/element/055aeb5f-96f6-4d5f-8215-6e76742f3b72/clear, {"id":"055aeb5f-96f6-4d5f-8215-6e76742f3b72"}) = {data={"name":"clearElement","sessionId":"f08cb731-706f-4bca-80a5-8ffccdc605c9","status":0}, status=OK}
Oct 26, 2021 2:24:24 AM net.sourceforge.marathon.javaagent.server.JavaServer serve
INFO: JavaServer.serve(POST /session/f08cb731-706f-4bca-80a5-8ffccdc605c9/element/055aeb5f-96f6-4d5f-8215-6e76742f3b72/value): {
  "id": "055aeb5f-96f6-4d5f-8215-6e76742f3b72",
  "value": [
    "11000"
  ]
}
Oct 26, 2021 2:24:25 AM net.sourceforge.marathon.javaagent.EventQueueDevice dispatchEvent
INFO: java.awt.event.KeyEvent[KEY_PRESSED,keyCode=49,keyText=1,keyChar='1',keyLocation=KEY_LOCATION_UNKNOWN,rawCode=0,primaryLevelUnicode=0,scancode=0,extendedKeyCode=0x0] on new item stop price field
Oct 26, 2021 2:24:25 AM net.sourceforge.marathon.javaagent.EventQueueDevice dispatchEvent
INFO: java.awt.event.KeyEvent[KEY_TYPED,keyCode=0,keyText=Unknown keyCode: 0x0,keyChar='1',keyLocation=KEY_LOCATION_UNKNOWN,rawCode=0,primaryLevelUnicode=0,scancode=0,extendedKeyCode=0x0] on new item stop price field
Oct 26, 2021 2:24:25 AM net.sourceforge.marathon.javaagent.EventQueueDevice dispatchEvent
INFO: java.awt.event.KeyEvent[KEY_RELEASED,keyCode=49,keyText=1,keyChar='1',keyLocation=KEY_LOCATION_UNKNOWN,rawCode=0,primaryLevelUnicode=0,scancode=0,extendedKeyCode=0x0] on new item stop price field
Oct 26, 2021 2:24:25 AM net.sourceforge.marathon.javaagent.EventQueueDevice dispatchEvent
INFO: java.awt.event.KeyEvent[KEY_PRESSED,keyCode=49,keyText=1,keyChar='1',keyLocation=KEY_LOCATION_UNKNOWN,rawCode=0,primaryLevelUnicode=0,scancode=0,extendedKeyCode=0x0] on new item stop price field
Oct 26, 2021 2:24:25 AM net.sourceforge.marathon.javaagent.EventQueueDevice dispatchEvent
INFO: java.awt.event.KeyEvent[KEY_TYPED,keyCode=0,keyText=Unknown keyCode: 0x0,keyChar='1',keyLocation=KEY_LOCATION_UNKNOWN,rawCode=0,primaryLevelUnicode=0,scancode=0,extendedKeyCode=0x0] on new item stop price field
Oct 26, 2021 2:24:25 AM net.sourceforge.marathon.javaagent.EventQueueDevice dispatchEvent
INFO: java.awt.event.KeyEvent[KEY_RELEASED,keyCode=49,keyText=1,keyChar='1',keyLocation=KEY_LOCATION_UNKNOWN,rawCode=0,primaryLevelUnicode=0,scancode=0,extendedKeyCode=0x0] on new item stop price field
Oct 26, 2021 2:24:25 AM net.sourceforge.marathon.javaagent.EventQueueDevice dispatchEvent
INFO: java.awt.event.KeyEvent[KEY_PRESSED,keyCode=48,keyText=0,keyChar='0',keyLocation=KEY_LOCATION_UNKNOWN,rawCode=0,primaryLevelUnicode=0,scancode=0,extendedKeyCode=0x0] on new item stop price field
Oct 26, 2021 2:24:25 AM net.sourceforge.marathon.javaagent.EventQueueDevice dispatchEvent
INFO: java.awt.event.KeyEvent[KEY_TYPED,keyCode=0,keyText=Unknown keyCode: 0x0,keyChar='0',keyLocation=KEY_LOCATION_UNKNOWN,rawCode=0,primaryLevelUnicode=0,scancode=0,extendedKeyCode=0x0] on new item stop price field
Oct 26, 2021 2:24:25 AM net.sourceforge.marathon.javaagent.EventQueueDevice dispatchEvent
INFO: java.awt.event.KeyEvent[KEY_RELEASED,keyCode=48,keyText=0,keyChar='0',keyLocation=KEY_LOCATION_UNKNOWN,rawCode=0,primaryLevelUnicode=0,scancode=0,extendedKeyCode=0x0] on new item stop price field
Oct 26, 2021 2:24:25 AM net.sourceforge.marathon.javaagent.EventQueueDevice dispatchEvent
INFO: java.awt.event.KeyEvent[KEY_PRESSED,keyCode=48,keyText=0,keyChar='0',keyLocation=KEY_LOCATION_UNKNOWN,rawCode=0,primaryLevelUnicode=0,scancode=0,extendedKeyCode=0x0] on new item stop price field
Oct 26, 2021 2:24:25 AM net.sourceforge.marathon.javaagent.EventQueueDevice dispatchEvent
INFO: java.awt.event.KeyEvent[KEY_TYPED,keyCode=0,keyText=Unknown keyCode: 0x0,keyChar='0',keyLocation=KEY_LOCATION_UNKNOWN,rawCode=0,primaryLevelUnicode=0,scancode=0,extendedKeyCode=0x0] on new item stop price field
Oct 26, 2021 2:24:25 AM net.sourceforge.marathon.javaagent.EventQueueDevice dispatchEvent
INFO: java.awt.event.KeyEvent[KEY_RELEASED,keyCode=48,keyText=0,keyChar='0',keyLocation=KEY_LOCATION_UNKNOWN,rawCode=0,primaryLevelUnicode=0,scancode=0,extendedKeyCode=0x0] on new item stop price field
Oct 26, 2021 2:24:25 AM net.sourceforge.marathon.javaagent.EventQueueDevice dispatchEvent
INFO: java.awt.event.KeyEvent[KEY_PRESSED,keyCode=48,keyText=0,keyChar='0',keyLocation=KEY_LOCATION_UNKNOWN,rawCode=0,primaryLevelUnicode=0,scancode=0,extendedKeyCode=0x0] on new item stop price field
Oct 26, 2021 2:24:25 AM net.sourceforge.marathon.javaagent.EventQueueDevice dispatchEvent
INFO: java.awt.event.KeyEvent[KEY_TYPED,keyCode=0,keyText=Unknown keyCode: 0x0,keyChar='0',keyLocation=KEY_LOCATION_UNKNOWN,rawCode=0,primaryLevelUnicode=0,scancode=0,extendedKeyCode=0x0] on new item stop price field
Oct 26, 2021 2:24:25 AM net.sourceforge.marathon.javaagent.EventQueueDevice dispatchEvent
INFO: java.awt.event.KeyEvent[KEY_RELEASED,keyCode=48,keyText=0,keyChar='0',keyLocation=KEY_LOCATION_UNKNOWN,rawCode=0,primaryLevelUnicode=0,scancode=0,extendedKeyCode=0x0] on new item stop price field
Oct 26, 2021 2:24:25 AM net.sourceforge.marathon.javaagent.server.JavaServer serve
INFO: POST(/session/f08cb731-706f-4bca-80a5-8ffccdc605c9/element/055aeb5f-96f6-4d5f-8215-6e76742f3b72/value, {"id":"055aeb5f-96f6-4d5f-8215-6e76742f3b72","value":["11000"]}) = {data={"name":"sendKeysElement","sessionId":"f08cb731-706f-4bca-80a5-8ffccdc605c9","status":0}, status=OK}
Oct 26, 2021 2:24:25 AM net.sourceforge.marathon.javaagent.server.JavaServer serve
INFO: JavaServer.serve(POST /session/f08cb731-706f-4bca-80a5-8ffccdc605c9/element): {
  "using": "name",
  "value": "join button"
}
Oct 26, 2021 2:24:25 AM net.sourceforge.marathon.javaagent.server.JavaServer serve
INFO: POST(/session/f08cb731-706f-4bca-80a5-8ffccdc605c9/element, {"using":"name","value":"join button"}) = {data={"name":"findElement","sessionId":"f08cb731-706f-4bca-80a5-8ffccdc605c9","value":{"ELEMENT":"68f305f9-8616-4b17-afe6-73666e5831dd"},"status":0}, status=OK}
Oct 26, 2021 2:24:25 AM net.sourceforge.marathon.javaagent.server.JavaServer serve
INFO: JavaServer.serve(POST /session/f08cb731-706f-4bca-80a5-8ffccdc605c9/element/68f305f9-8616-4b17-afe6-73666e5831dd/click): {
  "id": "68f305f9-8616-4b17-afe6-73666e5831dd"
}
Oct 26, 2021 2:24:25 AM net.sourceforge.marathon.javaagent.EventQueueDevice dispatchEvent
INFO: java.awt.event.MouseEvent[MOUSE_PRESSED,(58,12),absolute(589,17),button=1,modifiers=Button1,extModifiers=Button1,clickCount=1] on join button
Oct 26, 2021 2:24:25 AM net.sourceforge.marathon.javaagent.EventQueueDevice dispatchEvent
INFO: java.awt.event.MouseEvent[MOUSE_RELEASED,(58,12),absolute(589,17),button=1,modifiers=Button1,clickCount=1] on join button
Oct 26, 2021 2:24:25 AM net.sourceforge.marathon.javaagent.EventQueueDevice dispatchEvent
INFO: java.awt.event.MouseEvent[MOUSE_CLICKED,(58,12),absolute(589,17),button=1,modifiers=Button1,clickCount=1] on join button
Oct 26, 2021 2:24:25 AM net.sourceforge.marathon.javaagent.server.JavaServer serve
INFO: POST(/session/f08cb731-706f-4bca-80a5-8ffccdc605c9/element/68f305f9-8616-4b17-afe6-73666e5831dd/click, {"id":"68f305f9-8616-4b17-afe6-73666e5831dd"}) = {data={"name":"clickElement","sessionId":"f08cb731-706f-4bca-80a5-8ffccdc605c9","status":0}, status=OK}
Oct 26, 2021 2:24:25 AM net.sourceforge.marathon.javaagent.server.JavaServer serve
INFO: JavaServer.serve(DELETE /session/f08cb731-706f-4bca-80a5-8ffccdc605c9/window): {}
Oct 26, 2021 2:24:25 AM net.sourceforge.marathon.javaagent.server.JavaServer serve
INFO: DELETE(/session/f08cb731-706f-4bca-80a5-8ffccdc605c9/window) = {data={"name":"closeSession","sessionId":"f08cb731-706f-4bca-80a5-8ffccdc605c9","status":0}, status=OK}
Oct 26, 2021 2:24:25 AM net.sourceforge.marathon.javaagent.server.JavaServer serve
INFO: JavaServer.serve(POST /session): {
  "desiredCapabilities": {
    "browserName": "java",
    "platform": "ANY"
  },
  "capabilities": {
    "firstMatch": [
      {
        "browserName": "java"
      }
    ]
  }
}
Oct 26, 2021 2:24:25 AM net.sourceforge.marathon.javaagent.server.JavaServer createSession
INFO: Creating device with type: EVENT_QUEUE
Oct 26, 2021 2:24:25 AM net.sourceforge.marathon.javaagent.Device getDevice
INFO: Creating a EVENT_QUEUE device
Oct 26, 2021 2:24:25 AM net.sourceforge.marathon.javaagent.server.JavaServer serve
INFO: POST(/session, {"desiredCapabilities":{"browserName":"java","platform":"ANY"},"capabilities":{"firstMatch":[{"browserName":"java"}]}}) = {data=, status=REDIRECT}
Oct 26, 2021 2:24:25 AM net.sourceforge.marathon.javaagent.server.JavaServer serve
INFO: JavaServer.serve(GET /session/ebde999f-8dba-428d-a3fd-c1f37f8e11e5): {}
Oct 26, 2021 2:24:25 AM net.sourceforge.marathon.javaagent.server.JavaServer serve
INFO: GET(/session/ebde999f-8dba-428d-a3fd-c1f37f8e11e5) = {data={"name":"getCapabilities","sessionId":"ebde999f-8dba-428d-a3fd-c1f37f8e11e5","value":{"applicationCacheEnabled":false,"rotatable":false,"loggingPrefs":{"driver":"ALL"},"handlesAlerts":false,"databaseEnabled":false,"version":"1.0","platform":"ANY","browserConnectionEnabled":false,"nativeEvents":false,"acceptSslCerts":false,"locationContextEnabled":false,"webStorageEnabled":false,"browserName":"java","takesScreenshot":true,"javascriptEnabled":true,"cssSelectorsEnabled":false},"status":0}, status=OK}
Oct 26, 2021 2:24:25 AM org.openqa.selenium.remote.ProtocolHandshake createSession
INFO: Detected dialect: OSS
Oct 26, 2021 2:24:25 AM net.sourceforge.marathon.javaagent.server.JavaServer serve
INFO: JavaServer.serve(POST /session/ebde999f-8dba-428d-a3fd-c1f37f8e11e5/element): {
  "using": "name",
  "value": "sniper reset button"
}
Oct 26, 2021 2:24:25 AM net.sourceforge.marathon.javaagent.server.JavaServer serve
INFO: POST(/session/ebde999f-8dba-428d-a3fd-c1f37f8e11e5/element, {"using":"name","value":"sniper reset button"}) = {data={"name":"findElement","sessionId":"ebde999f-8dba-428d-a3fd-c1f37f8e11e5","value":{"ELEMENT":"7b30377d-f76c-4ee4-96d8-11056b0ee85f"},"status":0}, status=OK}
Oct 26, 2021 2:24:25 AM net.sourceforge.marathon.javaagent.server.JavaServer serve
INFO: JavaServer.serve(POST /session/ebde999f-8dba-428d-a3fd-c1f37f8e11e5/element/7b30377d-f76c-4ee4-96d8-11056b0ee85f/click): {
  "id": "7b30377d-f76c-4ee4-96d8-11056b0ee85f"
}
Oct 26, 2021 2:24:25 AM net.sourceforge.marathon.javaagent.EventQueueDevice dispatchEvent
INFO: java.awt.event.MouseEvent[MOUSE_PRESSED,(37,12),absolute(326,474),button=1,modifiers=Button1,extModifiers=Button1,clickCount=1] on sniper reset button
Oct 26, 2021 2:24:25 AM net.sourceforge.marathon.javaagent.EventQueueDevice dispatchEvent
INFO: java.awt.event.MouseEvent[MOUSE_RELEASED,(37,12),absolute(326,474),button=1,modifiers=Button1,clickCount=1] on sniper reset button
Oct 26, 2021 2:24:25 AM net.sourceforge.marathon.javaagent.EventQueueDevice dispatchEvent
INFO: java.awt.event.MouseEvent[MOUSE_CLICKED,(37,12),absolute(326,474),button=1,modifiers=Button1,clickCount=1] on sniper reset button
Oct 26, 2021 2:24:25 AM net.sourceforge.marathon.javaagent.server.JavaServer serve
INFO: POST(/session/ebde999f-8dba-428d-a3fd-c1f37f8e11e5/element/7b30377d-f76c-4ee4-96d8-11056b0ee85f/click, {"id":"7b30377d-f76c-4ee4-96d8-11056b0ee85f"}) = {data={"name":"clickElement","sessionId":"ebde999f-8dba-428d-a3fd-c1f37f8e11e5","status":0}, status=OK}
Oct 26, 2021 2:24:25 AM net.sourceforge.marathon.javaagent.server.JavaServer serve
INFO: JavaServer.serve(DELETE /session/ebde999f-8dba-428d-a3fd-c1f37f8e11e5/window): {}
Oct 26, 2021 2:24:25 AM net.sourceforge.marathon.javaagent.server.JavaServer serve
INFO: DELETE(/session/ebde999f-8dba-428d-a3fd-c1f37f8e11e5/window) = {data={"name":"closeSession","sessionId":"ebde999f-8dba-428d-a3fd-c1f37f8e11e5","status":0}, status=OK}
]]></system-err>
</testsuite>
