<?xml version="1.0" encoding="UTF-8"?>
<testsuite name="goos.ui.swing.MainWindowTest" tests="3" skipped="0" failures="0" errors="0" timestamp="2021-10-29T02:24:08" hostname="buildkitsandbox" time="3.619">
  <properties/>
  <testcase name="window has expected features" classname="goos.ui.swing.MainWindowTest" time="2.748"/>
  <testcase name="make user request when join button clicked" classname="goos.ui.swing.MainWindowTest" time="0.684"/>
  <testcase name="make user request when reset button clicked" classname="goos.ui.swing.MainWindowTest" time="0.184"/>
  <system-out><![CDATA[]]></system-out>
  <system-err><![CDATA[Oct 29, 2021 2:24:08 AM io.mockk.impl.log.JULLogger warn
WARNING: Failed to transform class goos/ui/api/UserRequestListener
java.lang.IllegalArgumentException: Unsupported class file major version 59
	at net.bytebuddy.jar.asm.ClassReader.<init>(ClassReader.java:176)
	at net.bytebuddy.jar.asm.ClassReader.<init>(ClassReader.java:158)
	at net.bytebuddy.jar.asm.ClassReader.<init>(ClassReader.java:146)
	at net.bytebuddy.utility.OpenedClassReader.of(OpenedClassReader.java:69)
	at net.bytebuddy.dynamic.scaffold.TypeWriter$Default$ForInlining.create(TypeWriter.java:2877)
	at net.bytebuddy.dynamic.scaffold.TypeWriter$Default.make(TypeWriter.java:1653)
	at net.bytebuddy.dynamic.scaffold.inline.RedefinitionDynamicTypeBuilder.make(RedefinitionDynamicTypeBuilder.java:180)
	at net.bytebuddy.dynamic.scaffold.inline.AbstractInliningDynamicTypeBuilder.make(AbstractInliningDynamicTypeBuilder.java:94)
	at net.bytebuddy.dynamic.DynamicType$Builder$AbstractBase.make(DynamicType.java:2669)
	at io.mockk.proxy.jvm.transformation.InliningClassTransformer.transform(InliningClassTransformer.kt:78)
	at java.instrument/java.lang.instrument.ClassFileTransformer.transform(ClassFileTransformer.java:246)
	at java.instrument/sun.instrument.TransformerManager.transform(TransformerManager.java:188)
	at java.instrument/sun.instrument.InstrumentationImpl.transform(InstrumentationImpl.java:563)
	at java.instrument/sun.instrument.InstrumentationImpl.retransformClasses0(Native Method)
	at java.instrument/sun.instrument.InstrumentationImpl.retransformClasses(InstrumentationImpl.java:167)
	at io.mockk.proxy.jvm.transformation.JvmInlineInstrumentation.retransform(JvmInlineInstrumentation.kt:28)
	at io.mockk.proxy.common.transformation.RetransformInlineInstrumnetation$execute$1.invoke(RetransformInlineInstrumnetation.kt:19)
	at io.mockk.proxy.common.transformation.RetransformInlineInstrumnetation$execute$1.invoke(RetransformInlineInstrumnetation.kt:6)
	at io.mockk.proxy.common.transformation.ClassTransformationSpecMap.applyTransformation(ClassTransformationSpecMap.kt:41)
	at io.mockk.proxy.common.transformation.RetransformInlineInstrumnetation.execute(RetransformInlineInstrumnetation.kt:16)
	at io.mockk.proxy.jvm.ProxyMaker.inline(ProxyMaker.kt:88)
	at io.mockk.proxy.jvm.ProxyMaker.proxy(ProxyMaker.kt:30)
	at io.mockk.impl.instantiation.JvmMockFactory.newProxy(JvmMockFactory.kt:34)
	at io.mockk.impl.instantiation.AbstractMockFactory.newProxy$default(AbstractMockFactory.kt:29)
	at io.mockk.impl.instantiation.AbstractMockFactory.mockk(AbstractMockFactory.kt:59)
	at goos.ui.swing.MainWindowTest$1$1.invokeSuspend(MainWindowTest.kt:90)
	at goos.ui.swing.MainWindowTest$1$1.invoke(MainWindowTest.kt)
	at goos.ui.swing.MainWindowTest$1$1.invoke(MainWindowTest.kt)
	at io.kotest.core.TestConfiguration$beforeTest$1.beforeTest(TestConfiguration.kt:137)
	at io.kotest.core.spec.LifecycleKt.invokeAllBeforeTestCallbacks(lifecycle.kt:76)
	at io.kotest.core.internal.TestCaseExecutor.executeActiveTest(TestCaseExecutor.kt:152)
	at io.kotest.core.internal.TestCaseExecutor.access$executeActiveTest(TestCaseExecutor.kt:57)
	at io.kotest.core.internal.TestCaseExecutor$intercept$innerExecute$1$1.invokeSuspend(TestCaseExecutor.kt:89)
	at io.kotest.core.internal.TestCaseExecutor$intercept$innerExecute$1$1.invoke(TestCaseExecutor.kt)
	at io.kotest.core.internal.TestCaseExecutor$intercept$innerExecute$1$1.invoke(TestCaseExecutor.kt)
	at io.kotest.core.internal.TestCaseExecutor.executeIfEnabled(TestCaseExecutor.kt:117)
	at io.kotest.core.internal.TestCaseExecutor.access$executeIfEnabled(TestCaseExecutor.kt:57)
	at io.kotest.core.internal.TestCaseExecutor$intercept$innerExecute$1.invokeSuspend(TestCaseExecutor.kt:89)
	at io.kotest.core.internal.TestCaseExecutor$intercept$innerExecute$1.invoke(TestCaseExecutor.kt)
	at io.kotest.core.internal.TestCaseExecutor$intercept$innerExecute$1.invoke(TestCaseExecutor.kt)
	at io.kotest.core.internal.TestCaseExecutor.intercept(TestCaseExecutor.kt:103)
	at io.kotest.core.internal.TestCaseExecutor.execute(TestCaseExecutor.kt:69)
	at io.kotest.engine.spec.runners.SingleInstanceSpecRunner.runTest(SingleInstanceSpecRunner.kt:104)
	at io.kotest.engine.spec.runners.SingleInstanceSpecRunner.access$runTest(SingleInstanceSpecRunner.kt:34)
	at io.kotest.engine.spec.runners.SingleInstanceSpecRunner$execute$interceptAndRun$2$4.invokeSuspend(SingleInstanceSpecRunner.kt:57)
	at io.kotest.engine.spec.runners.SingleInstanceSpecRunner$execute$interceptAndRun$2$4.invoke(SingleInstanceSpecRunner.kt)
	at io.kotest.engine.spec.runners.SingleInstanceSpecRunner$execute$interceptAndRun$2$4.invoke(SingleInstanceSpecRunner.kt)
	at io.kotest.engine.launchers.SequentialTestLauncher$launch$3$1$1.invokeSuspend(SequentialTestLauncher.kt:22)
	at kotlin.coroutines.jvm.internal.BaseContinuationImpl.resumeWith(ContinuationImpl.kt:33)
	at kotlinx.coroutines.DispatchedTask.run(DispatchedTask.kt:106)
	at java.base/java.util.concurrent.ThreadPoolExecutor.runWorker(ThreadPoolExecutor.java:1130)
	at java.base/java.util.concurrent.ThreadPoolExecutor$Worker.run(ThreadPoolExecutor.java:630)
	at java.base/java.lang.Thread.run(Thread.java:832)

Oct 29, 2021 2:24:10 AM net.sourceforge.marathon.javaagent.server.JavaServer serve
INFO: JavaServer.serve(POST /session): {
  "desiredCapabilities": {
    "browserName": "java",
    "platform": "ANY"
  },
  "capabilities": {
    "firstMatch": [
      {
        "browserName": "java"
      }
    ]
  }
}
Oct 29, 2021 2:24:10 AM net.sourceforge.marathon.javaagent.server.JavaServer createSession
INFO: Creating device with type: EVENT_QUEUE
Oct 29, 2021 2:24:10 AM net.sourceforge.marathon.javaagent.Device getDevice
INFO: Creating a EVENT_QUEUE device
Oct 29, 2021 2:24:10 AM net.sourceforge.marathon.javaagent.server.JavaServer serve
INFO: POST(/session, {"desiredCapabilities":{"browserName":"java","platform":"ANY"},"capabilities":{"firstMatch":[{"browserName":"java"}]}}) = {data=, status=REDIRECT}
Oct 29, 2021 2:24:10 AM net.sourceforge.marathon.javaagent.server.JavaServer serve
INFO: JavaServer.serve(GET /session/5c8f7739-dcf6-4cac-9155-9e2cb37b4231): {}
Oct 29, 2021 2:24:10 AM net.sourceforge.marathon.javaagent.server.JavaServer serve
INFO: GET(/session/5c8f7739-dcf6-4cac-9155-9e2cb37b4231) = {data={"name":"getCapabilities","sessionId":"5c8f7739-dcf6-4cac-9155-9e2cb37b4231","value":{"applicationCacheEnabled":false,"rotatable":false,"loggingPrefs":{"driver":"ALL"},"handlesAlerts":false,"databaseEnabled":false,"version":"1.0","platform":"ANY","browserConnectionEnabled":false,"nativeEvents":false,"acceptSslCerts":false,"locationContextEnabled":false,"webStorageEnabled":false,"browserName":"java","takesScreenshot":true,"javascriptEnabled":true,"cssSelectorsEnabled":false},"status":0}, status=OK}
Oct 29, 2021 2:24:10 AM org.openqa.selenium.remote.ProtocolHandshake createSession
INFO: Detected dialect: OSS
Oct 29, 2021 2:24:10 AM net.sourceforge.marathon.javaagent.server.JavaServer serve
INFO: JavaServer.serve(POST /session/5c8f7739-dcf6-4cac-9155-9e2cb37b4231/element): {
  "using": "css selector",
  "value": "."
}
Oct 29, 2021 2:24:10 AM net.sourceforge.marathon.javaagent.server.JavaServer serve
INFO: POST(/session/5c8f7739-dcf6-4cac-9155-9e2cb37b4231/element, {"using":"css selector","value":"."}) = {data={"name":"findElement","sessionId":"5c8f7739-dcf6-4cac-9155-9e2cb37b4231","value":{"ELEMENT":"9ecd1c3c-8c3a-4c06-8b0e-e4fcbdc2fe39"},"status":0}, status=OK}
Oct 29, 2021 2:24:10 AM net.sourceforge.marathon.javaagent.server.JavaServer serve
INFO: JavaServer.serve(GET /session/5c8f7739-dcf6-4cac-9155-9e2cb37b4231/element/9ecd1c3c-8c3a-4c06-8b0e-e4fcbdc2fe39/attribute/name): {}
Oct 29, 2021 2:24:10 AM net.sourceforge.marathon.javaagent.server.JavaServer serve
INFO: GET(/session/5c8f7739-dcf6-4cac-9155-9e2cb37b4231/element/9ecd1c3c-8c3a-4c06-8b0e-e4fcbdc2fe39/attribute/name) = {data={"name":"getElementAttribute","sessionId":"5c8f7739-dcf6-4cac-9155-9e2cb37b4231","value":"Auction Sniper Name","status":0}, status=OK}
Oct 29, 2021 2:24:10 AM net.sourceforge.marathon.javaagent.server.JavaServer serve
INFO: JavaServer.serve(POST /session/5c8f7739-dcf6-4cac-9155-9e2cb37b4231/element): {
  "using": "css selector",
  "value": "."
}
Oct 29, 2021 2:24:10 AM net.sourceforge.marathon.javaagent.server.JavaServer serve
INFO: POST(/session/5c8f7739-dcf6-4cac-9155-9e2cb37b4231/element, {"using":"css selector","value":"."}) = {data={"name":"findElement","sessionId":"5c8f7739-dcf6-4cac-9155-9e2cb37b4231","value":{"ELEMENT":"9ecd1c3c-8c3a-4c06-8b0e-e4fcbdc2fe39"},"status":0}, status=OK}
Oct 29, 2021 2:24:10 AM net.sourceforge.marathon.javaagent.server.JavaServer serve
INFO: JavaServer.serve(GET /session/5c8f7739-dcf6-4cac-9155-9e2cb37b4231/element/9ecd1c3c-8c3a-4c06-8b0e-e4fcbdc2fe39/displayed): {}
Oct 29, 2021 2:24:10 AM net.sourceforge.marathon.javaagent.server.JavaServer serve
INFO: GET(/session/5c8f7739-dcf6-4cac-9155-9e2cb37b4231/element/9ecd1c3c-8c3a-4c06-8b0e-e4fcbdc2fe39/displayed) = {data={"name":"isDisplayed","sessionId":"5c8f7739-dcf6-4cac-9155-9e2cb37b4231","value":true,"status":0}, status=OK}
Oct 29, 2021 2:24:10 AM net.sourceforge.marathon.javaagent.server.JavaServer serve
INFO: JavaServer.serve(GET /session/5c8f7739-dcf6-4cac-9155-9e2cb37b4231/title): {}
Oct 29, 2021 2:24:10 AM net.sourceforge.marathon.javaagent.server.JavaServer serve
INFO: GET(/session/5c8f7739-dcf6-4cac-9155-9e2cb37b4231/title) = {data={"name":"getWindowTitle","sessionId":"5c8f7739-dcf6-4cac-9155-9e2cb37b4231","value":"Auction Sniper","status":0}, status=OK}
Oct 29, 2021 2:24:10 AM net.sourceforge.marathon.javaagent.server.JavaServer serve
INFO: JavaServer.serve(POST /session/5c8f7739-dcf6-4cac-9155-9e2cb37b4231/element): {
  "using": "name",
  "value": "snipers table"
}
Oct 29, 2021 2:24:10 AM net.sourceforge.marathon.javaagent.server.JavaServer serve
INFO: POST(/session/5c8f7739-dcf6-4cac-9155-9e2cb37b4231/element, {"using":"name","value":"snipers table"}) = {data={"name":"findElement","sessionId":"5c8f7739-dcf6-4cac-9155-9e2cb37b4231","value":{"ELEMENT":"7d617077-3623-4941-a2e5-eb08618c430f"},"status":0}, status=OK}
Oct 29, 2021 2:24:10 AM net.sourceforge.marathon.javaagent.server.JavaServer serve
INFO: JavaServer.serve(POST /session/5c8f7739-dcf6-4cac-9155-9e2cb37b4231/element/7d617077-3623-4941-a2e5-eb08618c430f/elements): {
  "id": "7d617077-3623-4941-a2e5-eb08618c430f",
  "using": "css selector",
  "value": ".::header.::all-items"
}
Oct 29, 2021 2:24:10 AM net.sourceforge.marathon.javaagent.server.JavaServer serve
INFO: POST(/session/5c8f7739-dcf6-4cac-9155-9e2cb37b4231/element/7d617077-3623-4941-a2e5-eb08618c430f/elements, {"using":"css selector","id":"7d617077-3623-4941-a2e5-eb08618c430f","value":".::header.::all-items"}) = {data={"name":"findElementsOfElement","sessionId":"5c8f7739-dcf6-4cac-9155-9e2cb37b4231","value":[{"ELEMENT":"a62f8604-fb39-4d6b-b3c7-fd59229a2bcc%23%7B%22selector%22%3A%22nth-item%22%2C%22parameters%22%3A%5B1%5D%7D"},{"ELEMENT":"a62f8604-fb39-4d6b-b3c7-fd59229a2bcc%23%7B%22selector%22%3A%22nth-item%22%2C%22parameters%22%3A%5B2%5D%7D"},{"ELEMENT":"a62f8604-fb39-4d6b-b3c7-fd59229a2bcc%23%7B%22selector%22%3A%22nth-item%22%2C%22parameters%22%3A%5B3%5D%7D"},{"ELEMENT":"a62f8604-fb39-4d6b-b3c7-fd59229a2bcc%23%7B%22selector%22%3A%22nth-item%22%2C%22parameters%22%3A%5B4%5D%7D"}],"status":0}, status=OK}
Oct 29, 2021 2:24:10 AM net.sourceforge.marathon.javaagent.server.JavaServer serve
INFO: JavaServer.serve(GET /session/5c8f7739-dcf6-4cac-9155-9e2cb37b4231/element/a62f8604-fb39-4d6b-b3c7-fd59229a2bcc%23%7B%22selector%22%3A%22nth-item%22%2C%22parameters%22%3A%5B1%5D%7D/text): {}
Oct 29, 2021 2:24:10 AM net.sourceforge.marathon.javaagent.server.JavaServer serve
INFO: GET(/session/5c8f7739-dcf6-4cac-9155-9e2cb37b4231/element/a62f8604-fb39-4d6b-b3c7-fd59229a2bcc%23%7B%22selector%22%3A%22nth-item%22%2C%22parameters%22%3A%5B1%5D%7D/text) = {data={"name":"getElementText","sessionId":"5c8f7739-dcf6-4cac-9155-9e2cb37b4231","value":"Item","status":0}, status=OK}
Oct 29, 2021 2:24:11 AM net.sourceforge.marathon.javaagent.server.JavaServer serve
INFO: JavaServer.serve(GET /session/5c8f7739-dcf6-4cac-9155-9e2cb37b4231/element/a62f8604-fb39-4d6b-b3c7-fd59229a2bcc%23%7B%22selector%22%3A%22nth-item%22%2C%22parameters%22%3A%5B2%5D%7D/text): {}
Oct 29, 2021 2:24:11 AM net.sourceforge.marathon.javaagent.server.JavaServer serve
INFO: GET(/session/5c8f7739-dcf6-4cac-9155-9e2cb37b4231/element/a62f8604-fb39-4d6b-b3c7-fd59229a2bcc%23%7B%22selector%22%3A%22nth-item%22%2C%22parameters%22%3A%5B2%5D%7D/text) = {data={"name":"getElementText","sessionId":"5c8f7739-dcf6-4cac-9155-9e2cb37b4231","value":"Last Price","status":0}, status=OK}
Oct 29, 2021 2:24:11 AM net.sourceforge.marathon.javaagent.server.JavaServer serve
INFO: JavaServer.serve(GET /session/5c8f7739-dcf6-4cac-9155-9e2cb37b4231/element/a62f8604-fb39-4d6b-b3c7-fd59229a2bcc%23%7B%22selector%22%3A%22nth-item%22%2C%22parameters%22%3A%5B3%5D%7D/text): {}
Oct 29, 2021 2:24:11 AM net.sourceforge.marathon.javaagent.server.JavaServer serve
INFO: GET(/session/5c8f7739-dcf6-4cac-9155-9e2cb37b4231/element/a62f8604-fb39-4d6b-b3c7-fd59229a2bcc%23%7B%22selector%22%3A%22nth-item%22%2C%22parameters%22%3A%5B3%5D%7D/text) = {data={"name":"getElementText","sessionId":"5c8f7739-dcf6-4cac-9155-9e2cb37b4231","value":"Last Bid","status":0}, status=OK}
Oct 29, 2021 2:24:11 AM net.sourceforge.marathon.javaagent.server.JavaServer serve
INFO: JavaServer.serve(GET /session/5c8f7739-dcf6-4cac-9155-9e2cb37b4231/element/a62f8604-fb39-4d6b-b3c7-fd59229a2bcc%23%7B%22selector%22%3A%22nth-item%22%2C%22parameters%22%3A%5B4%5D%7D/text): {}
Oct 29, 2021 2:24:11 AM net.sourceforge.marathon.javaagent.server.JavaServer serve
INFO: GET(/session/5c8f7739-dcf6-4cac-9155-9e2cb37b4231/element/a62f8604-fb39-4d6b-b3c7-fd59229a2bcc%23%7B%22selector%22%3A%22nth-item%22%2C%22parameters%22%3A%5B4%5D%7D/text) = {data={"name":"getElementText","sessionId":"5c8f7739-dcf6-4cac-9155-9e2cb37b4231","value":"State","status":0}, status=OK}
Oct 29, 2021 2:24:11 AM net.sourceforge.marathon.javaagent.server.JavaServer serve
INFO: JavaServer.serve(DELETE /session/5c8f7739-dcf6-4cac-9155-9e2cb37b4231/window): {}
Oct 29, 2021 2:24:11 AM net.sourceforge.marathon.javaagent.server.JavaServer serve
INFO: DELETE(/session/5c8f7739-dcf6-4cac-9155-9e2cb37b4231/window) = {data={"name":"closeSession","sessionId":"5c8f7739-dcf6-4cac-9155-9e2cb37b4231","status":0}, status=OK}
Oct 29, 2021 2:24:11 AM net.sourceforge.marathon.javaagent.server.JavaServer serve
INFO: JavaServer.serve(POST /session): {
  "desiredCapabilities": {
    "browserName": "java",
    "platform": "ANY"
  },
  "capabilities": {
    "firstMatch": [
      {
        "browserName": "java"
      }
    ]
  }
}
Oct 29, 2021 2:24:11 AM net.sourceforge.marathon.javaagent.server.JavaServer createSession
INFO: Creating device with type: EVENT_QUEUE
Oct 29, 2021 2:24:11 AM net.sourceforge.marathon.javaagent.Device getDevice
INFO: Creating a EVENT_QUEUE device
Oct 29, 2021 2:24:11 AM net.sourceforge.marathon.javaagent.server.JavaServer serve
INFO: POST(/session, {"desiredCapabilities":{"browserName":"java","platform":"ANY"},"capabilities":{"firstMatch":[{"browserName":"java"}]}}) = {data=, status=REDIRECT}
Oct 29, 2021 2:24:11 AM net.sourceforge.marathon.javaagent.server.JavaServer serve
INFO: JavaServer.serve(GET /session/2fa71d35-4f41-45be-a374-3cd43ae16604): {}
Oct 29, 2021 2:24:11 AM net.sourceforge.marathon.javaagent.server.JavaServer serve
INFO: GET(/session/2fa71d35-4f41-45be-a374-3cd43ae16604) = {data={"name":"getCapabilities","sessionId":"2fa71d35-4f41-45be-a374-3cd43ae16604","value":{"applicationCacheEnabled":false,"rotatable":false,"loggingPrefs":{"driver":"ALL"},"handlesAlerts":false,"databaseEnabled":false,"version":"1.0","platform":"ANY","browserConnectionEnabled":false,"nativeEvents":false,"acceptSslCerts":false,"locationContextEnabled":false,"webStorageEnabled":false,"browserName":"java","takesScreenshot":true,"javascriptEnabled":true,"cssSelectorsEnabled":false},"status":0}, status=OK}
Oct 29, 2021 2:24:11 AM org.openqa.selenium.remote.ProtocolHandshake createSession
INFO: Detected dialect: OSS
Oct 29, 2021 2:24:11 AM net.sourceforge.marathon.javaagent.server.JavaServer serve
INFO: JavaServer.serve(POST /session/2fa71d35-4f41-45be-a374-3cd43ae16604/element): {
  "using": "name",
  "value": "new item id field"
}
Oct 29, 2021 2:24:11 AM net.sourceforge.marathon.javaagent.server.JavaServer serve
INFO: POST(/session/2fa71d35-4f41-45be-a374-3cd43ae16604/element, {"using":"name","value":"new item id field"}) = {data={"name":"findElement","sessionId":"2fa71d35-4f41-45be-a374-3cd43ae16604","value":{"ELEMENT":"51c89e61-92f8-4190-8144-396ed3cae7f0"},"status":0}, status=OK}
Oct 29, 2021 2:24:11 AM net.sourceforge.marathon.javaagent.server.JavaServer serve
INFO: JavaServer.serve(POST /session/2fa71d35-4f41-45be-a374-3cd43ae16604/element/51c89e61-92f8-4190-8144-396ed3cae7f0/clear): {
  "id": "51c89e61-92f8-4190-8144-396ed3cae7f0"
}
Oct 29, 2021 2:24:11 AM net.sourceforge.marathon.javaagent.server.JavaServer serve
INFO: POST(/session/2fa71d35-4f41-45be-a374-3cd43ae16604/element/51c89e61-92f8-4190-8144-396ed3cae7f0/clear, {"id":"51c89e61-92f8-4190-8144-396ed3cae7f0"}) = {data={"name":"clearElement","sessionId":"2fa71d35-4f41-45be-a374-3cd43ae16604","status":0}, status=OK}
Oct 29, 2021 2:24:11 AM net.sourceforge.marathon.javaagent.server.JavaServer serve
INFO: JavaServer.serve(POST /session/2fa71d35-4f41-45be-a374-3cd43ae16604/element/51c89e61-92f8-4190-8144-396ed3cae7f0/value): {
  "id": "51c89e61-92f8-4190-8144-396ed3cae7f0",
  "value": [
    "an item-id"
  ]
}
Oct 29, 2021 2:24:11 AM net.sourceforge.marathon.javaagent.EventQueueDevice dispatchEvent
INFO: java.awt.event.KeyEvent[KEY_PRESSED,keyCode=65,keyText=A,keyChar='a',keyLocation=KEY_LOCATION_UNKNOWN,rawCode=0,primaryLevelUnicode=0,scancode=0,extendedKeyCode=0x0] on new item id field
Oct 29, 2021 2:24:11 AM net.sourceforge.marathon.javaagent.EventQueueDevice dispatchEvent
INFO: java.awt.event.KeyEvent[KEY_TYPED,keyCode=0,keyText=Unknown keyCode: 0x0,keyChar='a',keyLocation=KEY_LOCATION_UNKNOWN,rawCode=0,primaryLevelUnicode=0,scancode=0,extendedKeyCode=0x0] on new item id field
Oct 29, 2021 2:24:11 AM net.sourceforge.marathon.javaagent.EventQueueDevice dispatchEvent
INFO: java.awt.event.KeyEvent[KEY_RELEASED,keyCode=65,keyText=A,keyChar='a',keyLocation=KEY_LOCATION_UNKNOWN,rawCode=0,primaryLevelUnicode=0,scancode=0,extendedKeyCode=0x0] on new item id field
Oct 29, 2021 2:24:11 AM net.sourceforge.marathon.javaagent.EventQueueDevice dispatchEvent
INFO: java.awt.event.KeyEvent[KEY_PRESSED,keyCode=78,keyText=N,keyChar='n',keyLocation=KEY_LOCATION_UNKNOWN,rawCode=0,primaryLevelUnicode=0,scancode=0,extendedKeyCode=0x0] on new item id field
Oct 29, 2021 2:24:11 AM net.sourceforge.marathon.javaagent.EventQueueDevice dispatchEvent
INFO: java.awt.event.KeyEvent[KEY_TYPED,keyCode=0,keyText=Unknown keyCode: 0x0,keyChar='n',keyLocation=KEY_LOCATION_UNKNOWN,rawCode=0,primaryLevelUnicode=0,scancode=0,extendedKeyCode=0x0] on new item id field
Oct 29, 2021 2:24:11 AM net.sourceforge.marathon.javaagent.EventQueueDevice dispatchEvent
INFO: java.awt.event.KeyEvent[KEY_RELEASED,keyCode=78,keyText=N,keyChar='n',keyLocation=KEY_LOCATION_UNKNOWN,rawCode=0,primaryLevelUnicode=0,scancode=0,extendedKeyCode=0x0] on new item id field
Oct 29, 2021 2:24:11 AM net.sourceforge.marathon.javaagent.EventQueueDevice dispatchEvent
INFO: java.awt.event.KeyEvent[KEY_PRESSED,keyCode=16,keyText=Shift,keyChar=Undefined keyChar,modifiers=Shift,extModifiers=Shift,keyLocation=KEY_LOCATION_UNKNOWN,rawCode=0,primaryLevelUnicode=0,scancode=0,extendedKeyCode=0x0] on new item id field
Oct 29, 2021 2:24:11 AM net.sourceforge.marathon.javaagent.EventQueueDevice dispatchEvent
INFO: java.awt.event.KeyEvent[KEY_PRESSED,keyCode=32,keyText=Space,keyChar=' ',modifiers=Shift,extModifiers=Shift,keyLocation=KEY_LOCATION_UNKNOWN,rawCode=0,primaryLevelUnicode=0,scancode=0,extendedKeyCode=0x0] on new item id field
Oct 29, 2021 2:24:11 AM net.sourceforge.marathon.javaagent.EventQueueDevice dispatchEvent
INFO: java.awt.event.KeyEvent[KEY_TYPED,keyCode=0,keyText=Unknown keyCode: 0x0,keyChar=' ',modifiers=Shift,extModifiers=Shift,keyLocation=KEY_LOCATION_UNKNOWN,rawCode=0,primaryLevelUnicode=0,scancode=0,extendedKeyCode=0x0] on new item id field
Oct 29, 2021 2:24:11 AM net.sourceforge.marathon.javaagent.EventQueueDevice dispatchEvent
INFO: java.awt.event.KeyEvent[KEY_RELEASED,keyCode=32,keyText=Space,keyChar=' ',modifiers=Shift,extModifiers=Shift,keyLocation=KEY_LOCATION_UNKNOWN,rawCode=0,primaryLevelUnicode=0,scancode=0,extendedKeyCode=0x0] on new item id field
Oct 29, 2021 2:24:11 AM net.sourceforge.marathon.javaagent.EventQueueDevice dispatchEvent
INFO: java.awt.event.KeyEvent[KEY_RELEASED,keyCode=16,keyText=Shift,keyChar=Undefined keyChar,keyLocation=KEY_LOCATION_UNKNOWN,rawCode=0,primaryLevelUnicode=0,scancode=0,extendedKeyCode=0x0] on new item id field
Oct 29, 2021 2:24:11 AM net.sourceforge.marathon.javaagent.EventQueueDevice dispatchEvent
INFO: java.awt.event.KeyEvent[KEY_PRESSED,keyCode=73,keyText=I,keyChar='i',keyLocation=KEY_LOCATION_UNKNOWN,rawCode=0,primaryLevelUnicode=0,scancode=0,extendedKeyCode=0x0] on new item id field
Oct 29, 2021 2:24:11 AM net.sourceforge.marathon.javaagent.EventQueueDevice dispatchEvent
INFO: java.awt.event.KeyEvent[KEY_TYPED,keyCode=0,keyText=Unknown keyCode: 0x0,keyChar='i',keyLocation=KEY_LOCATION_UNKNOWN,rawCode=0,primaryLevelUnicode=0,scancode=0,extendedKeyCode=0x0] on new item id field
Oct 29, 2021 2:24:11 AM net.sourceforge.marathon.javaagent.EventQueueDevice dispatchEvent
INFO: java.awt.event.KeyEvent[KEY_RELEASED,keyCode=73,keyText=I,keyChar='i',keyLocation=KEY_LOCATION_UNKNOWN,rawCode=0,primaryLevelUnicode=0,scancode=0,extendedKeyCode=0x0] on new item id field
Oct 29, 2021 2:24:11 AM net.sourceforge.marathon.javaagent.EventQueueDevice dispatchEvent
INFO: java.awt.event.KeyEvent[KEY_PRESSED,keyCode=84,keyText=T,keyChar='t',keyLocation=KEY_LOCATION_UNKNOWN,rawCode=0,primaryLevelUnicode=0,scancode=0,extendedKeyCode=0x0] on new item id field
Oct 29, 2021 2:24:11 AM net.sourceforge.marathon.javaagent.EventQueueDevice dispatchEvent
INFO: java.awt.event.KeyEvent[KEY_TYPED,keyCode=0,keyText=Unknown keyCode: 0x0,keyChar='t',keyLocation=KEY_LOCATION_UNKNOWN,rawCode=0,primaryLevelUnicode=0,scancode=0,extendedKeyCode=0x0] on new item id field
Oct 29, 2021 2:24:11 AM net.sourceforge.marathon.javaagent.EventQueueDevice dispatchEvent
INFO: java.awt.event.KeyEvent[KEY_RELEASED,keyCode=84,keyText=T,keyChar='t',keyLocation=KEY_LOCATION_UNKNOWN,rawCode=0,primaryLevelUnicode=0,scancode=0,extendedKeyCode=0x0] on new item id field
Oct 29, 2021 2:24:11 AM net.sourceforge.marathon.javaagent.EventQueueDevice dispatchEvent
INFO: java.awt.event.KeyEvent[KEY_PRESSED,keyCode=69,keyText=E,keyChar='e',keyLocation=KEY_LOCATION_UNKNOWN,rawCode=0,primaryLevelUnicode=0,scancode=0,extendedKeyCode=0x0] on new item id field
Oct 29, 2021 2:24:11 AM net.sourceforge.marathon.javaagent.EventQueueDevice dispatchEvent
INFO: java.awt.event.KeyEvent[KEY_TYPED,keyCode=0,keyText=Unknown keyCode: 0x0,keyChar='e',keyLocation=KEY_LOCATION_UNKNOWN,rawCode=0,primaryLevelUnicode=0,scancode=0,extendedKeyCode=0x0] on new item id field
Oct 29, 2021 2:24:11 AM net.sourceforge.marathon.javaagent.EventQueueDevice dispatchEvent
INFO: java.awt.event.KeyEvent[KEY_RELEASED,keyCode=69,keyText=E,keyChar='e',keyLocation=KEY_LOCATION_UNKNOWN,rawCode=0,primaryLevelUnicode=0,scancode=0,extendedKeyCode=0x0] on new item id field
Oct 29, 2021 2:24:11 AM net.sourceforge.marathon.javaagent.EventQueueDevice dispatchEvent
INFO: java.awt.event.KeyEvent[KEY_PRESSED,keyCode=77,keyText=M,keyChar='m',keyLocation=KEY_LOCATION_UNKNOWN,rawCode=0,primaryLevelUnicode=0,scancode=0,extendedKeyCode=0x0] on new item id field
Oct 29, 2021 2:24:11 AM net.sourceforge.marathon.javaagent.EventQueueDevice dispatchEvent
INFO: java.awt.event.KeyEvent[KEY_TYPED,keyCode=0,keyText=Unknown keyCode: 0x0,keyChar='m',keyLocation=KEY_LOCATION_UNKNOWN,rawCode=0,primaryLevelUnicode=0,scancode=0,extendedKeyCode=0x0] on new item id field
Oct 29, 2021 2:24:11 AM net.sourceforge.marathon.javaagent.EventQueueDevice dispatchEvent
INFO: java.awt.event.KeyEvent[KEY_RELEASED,keyCode=77,keyText=M,keyChar='m',keyLocation=KEY_LOCATION_UNKNOWN,rawCode=0,primaryLevelUnicode=0,scancode=0,extendedKeyCode=0x0] on new item id field
Oct 29, 2021 2:24:11 AM net.sourceforge.marathon.javaagent.EventQueueDevice dispatchEvent
INFO: java.awt.event.KeyEvent[KEY_PRESSED,keyCode=45,keyText=Minus,keyChar='-',keyLocation=KEY_LOCATION_UNKNOWN,rawCode=0,primaryLevelUnicode=0,scancode=0,extendedKeyCode=0x0] on new item id field
Oct 29, 2021 2:24:11 AM net.sourceforge.marathon.javaagent.EventQueueDevice dispatchEvent
INFO: java.awt.event.KeyEvent[KEY_TYPED,keyCode=0,keyText=Unknown keyCode: 0x0,keyChar='-',keyLocation=KEY_LOCATION_UNKNOWN,rawCode=0,primaryLevelUnicode=0,scancode=0,extendedKeyCode=0x0] on new item id field
Oct 29, 2021 2:24:11 AM net.sourceforge.marathon.javaagent.EventQueueDevice dispatchEvent
INFO: java.awt.event.KeyEvent[KEY_RELEASED,keyCode=45,keyText=Minus,keyChar='-',keyLocation=KEY_LOCATION_UNKNOWN,rawCode=0,primaryLevelUnicode=0,scancode=0,extendedKeyCode=0x0] on new item id field
Oct 29, 2021 2:24:11 AM net.sourceforge.marathon.javaagent.EventQueueDevice dispatchEvent
INFO: java.awt.event.KeyEvent[KEY_PRESSED,keyCode=73,keyText=I,keyChar='i',keyLocation=KEY_LOCATION_UNKNOWN,rawCode=0,primaryLevelUnicode=0,scancode=0,extendedKeyCode=0x0] on new item id field
Oct 29, 2021 2:24:11 AM net.sourceforge.marathon.javaagent.EventQueueDevice dispatchEvent
INFO: java.awt.event.KeyEvent[KEY_TYPED,keyCode=0,keyText=Unknown keyCode: 0x0,keyChar='i',keyLocation=KEY_LOCATION_UNKNOWN,rawCode=0,primaryLevelUnicode=0,scancode=0,extendedKeyCode=0x0] on new item id field
Oct 29, 2021 2:24:11 AM net.sourceforge.marathon.javaagent.EventQueueDevice dispatchEvent
INFO: java.awt.event.KeyEvent[KEY_RELEASED,keyCode=73,keyText=I,keyChar='i',keyLocation=KEY_LOCATION_UNKNOWN,rawCode=0,primaryLevelUnicode=0,scancode=0,extendedKeyCode=0x0] on new item id field
Oct 29, 2021 2:24:11 AM net.sourceforge.marathon.javaagent.EventQueueDevice dispatchEvent
INFO: java.awt.event.KeyEvent[KEY_PRESSED,keyCode=68,keyText=D,keyChar='d',keyLocation=KEY_LOCATION_UNKNOWN,rawCode=0,primaryLevelUnicode=0,scancode=0,extendedKeyCode=0x0] on new item id field
Oct 29, 2021 2:24:11 AM net.sourceforge.marathon.javaagent.EventQueueDevice dispatchEvent
INFO: java.awt.event.KeyEvent[KEY_TYPED,keyCode=0,keyText=Unknown keyCode: 0x0,keyChar='d',keyLocation=KEY_LOCATION_UNKNOWN,rawCode=0,primaryLevelUnicode=0,scancode=0,extendedKeyCode=0x0] on new item id field
Oct 29, 2021 2:24:11 AM net.sourceforge.marathon.javaagent.EventQueueDevice dispatchEvent
INFO: java.awt.event.KeyEvent[KEY_RELEASED,keyCode=68,keyText=D,keyChar='d',keyLocation=KEY_LOCATION_UNKNOWN,rawCode=0,primaryLevelUnicode=0,scancode=0,extendedKeyCode=0x0] on new item id field
Oct 29, 2021 2:24:11 AM net.sourceforge.marathon.javaagent.server.JavaServer serve
INFO: POST(/session/2fa71d35-4f41-45be-a374-3cd43ae16604/element/51c89e61-92f8-4190-8144-396ed3cae7f0/value, {"id":"51c89e61-92f8-4190-8144-396ed3cae7f0","value":["an item-id"]}) = {data={"name":"sendKeysElement","sessionId":"2fa71d35-4f41-45be-a374-3cd43ae16604","status":0}, status=OK}
Oct 29, 2021 2:24:11 AM net.sourceforge.marathon.javaagent.server.JavaServer serve
INFO: JavaServer.serve(POST /session/2fa71d35-4f41-45be-a374-3cd43ae16604/element): {
  "using": "name",
  "value": "new item stop price field"
}
Oct 29, 2021 2:24:11 AM net.sourceforge.marathon.javaagent.server.JavaServer serve
INFO: POST(/session/2fa71d35-4f41-45be-a374-3cd43ae16604/element, {"using":"name","value":"new item stop price field"}) = {data={"name":"findElement","sessionId":"2fa71d35-4f41-45be-a374-3cd43ae16604","value":{"ELEMENT":"23c8da49-c649-4ed4-96a2-e082b0135557"},"status":0}, status=OK}
Oct 29, 2021 2:24:11 AM net.sourceforge.marathon.javaagent.server.JavaServer serve
INFO: JavaServer.serve(POST /session/2fa71d35-4f41-45be-a374-3cd43ae16604/element/23c8da49-c649-4ed4-96a2-e082b0135557/clear): {
  "id": "23c8da49-c649-4ed4-96a2-e082b0135557"
}
Oct 29, 2021 2:24:11 AM net.sourceforge.marathon.javaagent.server.JavaServer serve
INFO: POST(/session/2fa71d35-4f41-45be-a374-3cd43ae16604/element/23c8da49-c649-4ed4-96a2-e082b0135557/clear, {"id":"23c8da49-c649-4ed4-96a2-e082b0135557"}) = {data={"name":"clearElement","sessionId":"2fa71d35-4f41-45be-a374-3cd43ae16604","status":0}, status=OK}
Oct 29, 2021 2:24:11 AM net.sourceforge.marathon.javaagent.server.JavaServer serve
INFO: JavaServer.serve(POST /session/2fa71d35-4f41-45be-a374-3cd43ae16604/element/23c8da49-c649-4ed4-96a2-e082b0135557/value): {
  "id": "23c8da49-c649-4ed4-96a2-e082b0135557",
  "value": [
    "11000"
  ]
}
Oct 29, 2021 2:24:11 AM net.sourceforge.marathon.javaagent.EventQueueDevice dispatchEvent
INFO: java.awt.event.KeyEvent[KEY_PRESSED,keyCode=49,keyText=1,keyChar='1',keyLocation=KEY_LOCATION_UNKNOWN,rawCode=0,primaryLevelUnicode=0,scancode=0,extendedKeyCode=0x0] on new item stop price field
Oct 29, 2021 2:24:11 AM net.sourceforge.marathon.javaagent.EventQueueDevice dispatchEvent
INFO: java.awt.event.KeyEvent[KEY_TYPED,keyCode=0,keyText=Unknown keyCode: 0x0,keyChar='1',keyLocation=KEY_LOCATION_UNKNOWN,rawCode=0,primaryLevelUnicode=0,scancode=0,extendedKeyCode=0x0] on new item stop price field
Oct 29, 2021 2:24:11 AM net.sourceforge.marathon.javaagent.EventQueueDevice dispatchEvent
INFO: java.awt.event.KeyEvent[KEY_RELEASED,keyCode=49,keyText=1,keyChar='1',keyLocation=KEY_LOCATION_UNKNOWN,rawCode=0,primaryLevelUnicode=0,scancode=0,extendedKeyCode=0x0] on new item stop price field
Oct 29, 2021 2:24:11 AM net.sourceforge.marathon.javaagent.EventQueueDevice dispatchEvent
INFO: java.awt.event.KeyEvent[KEY_PRESSED,keyCode=49,keyText=1,keyChar='1',keyLocation=KEY_LOCATION_UNKNOWN,rawCode=0,primaryLevelUnicode=0,scancode=0,extendedKeyCode=0x0] on new item stop price field
Oct 29, 2021 2:24:11 AM net.sourceforge.marathon.javaagent.EventQueueDevice dispatchEvent
INFO: java.awt.event.KeyEvent[KEY_TYPED,keyCode=0,keyText=Unknown keyCode: 0x0,keyChar='1',keyLocation=KEY_LOCATION_UNKNOWN,rawCode=0,primaryLevelUnicode=0,scancode=0,extendedKeyCode=0x0] on new item stop price field
Oct 29, 2021 2:24:11 AM net.sourceforge.marathon.javaagent.EventQueueDevice dispatchEvent
INFO: java.awt.event.KeyEvent[KEY_RELEASED,keyCode=49,keyText=1,keyChar='1',keyLocation=KEY_LOCATION_UNKNOWN,rawCode=0,primaryLevelUnicode=0,scancode=0,extendedKeyCode=0x0] on new item stop price field
Oct 29, 2021 2:24:11 AM net.sourceforge.marathon.javaagent.EventQueueDevice dispatchEvent
INFO: java.awt.event.KeyEvent[KEY_PRESSED,keyCode=48,keyText=0,keyChar='0',keyLocation=KEY_LOCATION_UNKNOWN,rawCode=0,primaryLevelUnicode=0,scancode=0,extendedKeyCode=0x0] on new item stop price field
Oct 29, 2021 2:24:11 AM net.sourceforge.marathon.javaagent.EventQueueDevice dispatchEvent
INFO: java.awt.event.KeyEvent[KEY_TYPED,keyCode=0,keyText=Unknown keyCode: 0x0,keyChar='0',keyLocation=KEY_LOCATION_UNKNOWN,rawCode=0,primaryLevelUnicode=0,scancode=0,extendedKeyCode=0x0] on new item stop price field
Oct 29, 2021 2:24:11 AM net.sourceforge.marathon.javaagent.EventQueueDevice dispatchEvent
INFO: java.awt.event.KeyEvent[KEY_RELEASED,keyCode=48,keyText=0,keyChar='0',keyLocation=KEY_LOCATION_UNKNOWN,rawCode=0,primaryLevelUnicode=0,scancode=0,extendedKeyCode=0x0] on new item stop price field
Oct 29, 2021 2:24:11 AM net.sourceforge.marathon.javaagent.EventQueueDevice dispatchEvent
INFO: java.awt.event.KeyEvent[KEY_PRESSED,keyCode=48,keyText=0,keyChar='0',keyLocation=KEY_LOCATION_UNKNOWN,rawCode=0,primaryLevelUnicode=0,scancode=0,extendedKeyCode=0x0] on new item stop price field
Oct 29, 2021 2:24:11 AM net.sourceforge.marathon.javaagent.EventQueueDevice dispatchEvent
INFO: java.awt.event.KeyEvent[KEY_TYPED,keyCode=0,keyText=Unknown keyCode: 0x0,keyChar='0',keyLocation=KEY_LOCATION_UNKNOWN,rawCode=0,primaryLevelUnicode=0,scancode=0,extendedKeyCode=0x0] on new item stop price field
Oct 29, 2021 2:24:11 AM net.sourceforge.marathon.javaagent.EventQueueDevice dispatchEvent
INFO: java.awt.event.KeyEvent[KEY_RELEASED,keyCode=48,keyText=0,keyChar='0',keyLocation=KEY_LOCATION_UNKNOWN,rawCode=0,primaryLevelUnicode=0,scancode=0,extendedKeyCode=0x0] on new item stop price field
Oct 29, 2021 2:24:11 AM net.sourceforge.marathon.javaagent.EventQueueDevice dispatchEvent
INFO: java.awt.event.KeyEvent[KEY_PRESSED,keyCode=48,keyText=0,keyChar='0',keyLocation=KEY_LOCATION_UNKNOWN,rawCode=0,primaryLevelUnicode=0,scancode=0,extendedKeyCode=0x0] on new item stop price field
Oct 29, 2021 2:24:11 AM net.sourceforge.marathon.javaagent.EventQueueDevice dispatchEvent
INFO: java.awt.event.KeyEvent[KEY_TYPED,keyCode=0,keyText=Unknown keyCode: 0x0,keyChar='0',keyLocation=KEY_LOCATION_UNKNOWN,rawCode=0,primaryLevelUnicode=0,scancode=0,extendedKeyCode=0x0] on new item stop price field
Oct 29, 2021 2:24:11 AM net.sourceforge.marathon.javaagent.EventQueueDevice dispatchEvent
INFO: java.awt.event.KeyEvent[KEY_RELEASED,keyCode=48,keyText=0,keyChar='0',keyLocation=KEY_LOCATION_UNKNOWN,rawCode=0,primaryLevelUnicode=0,scancode=0,extendedKeyCode=0x0] on new item stop price field
Oct 29, 2021 2:24:11 AM net.sourceforge.marathon.javaagent.server.JavaServer serve
INFO: POST(/session/2fa71d35-4f41-45be-a374-3cd43ae16604/element/23c8da49-c649-4ed4-96a2-e082b0135557/value, {"id":"23c8da49-c649-4ed4-96a2-e082b0135557","value":["11000"]}) = {data={"name":"sendKeysElement","sessionId":"2fa71d35-4f41-45be-a374-3cd43ae16604","status":0}, status=OK}
Oct 29, 2021 2:24:11 AM net.sourceforge.marathon.javaagent.server.JavaServer serve
INFO: JavaServer.serve(POST /session/2fa71d35-4f41-45be-a374-3cd43ae16604/element): {
  "using": "name",
  "value": "join button"
}
Oct 29, 2021 2:24:11 AM net.sourceforge.marathon.javaagent.server.JavaServer serve
INFO: POST(/session/2fa71d35-4f41-45be-a374-3cd43ae16604/element, {"using":"name","value":"join button"}) = {data={"name":"findElement","sessionId":"2fa71d35-4f41-45be-a374-3cd43ae16604","value":{"ELEMENT":"2c13a493-ac4d-48c8-b76d-41627119c147"},"status":0}, status=OK}
Oct 29, 2021 2:24:11 AM net.sourceforge.marathon.javaagent.server.JavaServer serve
INFO: JavaServer.serve(POST /session/2fa71d35-4f41-45be-a374-3cd43ae16604/element/2c13a493-ac4d-48c8-b76d-41627119c147/click): {
  "id": "2c13a493-ac4d-48c8-b76d-41627119c147"
}
Oct 29, 2021 2:24:11 AM net.sourceforge.marathon.javaagent.EventQueueDevice dispatchEvent
INFO: java.awt.event.MouseEvent[MOUSE_PRESSED,(58,12),absolute(589,17),button=1,modifiers=Button1,extModifiers=Button1,clickCount=1] on join button
Oct 29, 2021 2:24:11 AM net.sourceforge.marathon.javaagent.EventQueueDevice dispatchEvent
INFO: java.awt.event.MouseEvent[MOUSE_RELEASED,(58,12),absolute(589,17),button=1,modifiers=Button1,clickCount=1] on join button
Oct 29, 2021 2:24:11 AM net.sourceforge.marathon.javaagent.EventQueueDevice dispatchEvent
INFO: java.awt.event.MouseEvent[MOUSE_CLICKED,(58,12),absolute(589,17),button=1,modifiers=Button1,clickCount=1] on join button
Oct 29, 2021 2:24:11 AM net.sourceforge.marathon.javaagent.server.JavaServer serve
INFO: POST(/session/2fa71d35-4f41-45be-a374-3cd43ae16604/element/2c13a493-ac4d-48c8-b76d-41627119c147/click, {"id":"2c13a493-ac4d-48c8-b76d-41627119c147"}) = {data={"name":"clickElement","sessionId":"2fa71d35-4f41-45be-a374-3cd43ae16604","status":0}, status=OK}
Oct 29, 2021 2:24:11 AM net.sourceforge.marathon.javaagent.server.JavaServer serve
INFO: JavaServer.serve(DELETE /session/2fa71d35-4f41-45be-a374-3cd43ae16604/window): {}
Oct 29, 2021 2:24:11 AM net.sourceforge.marathon.javaagent.server.JavaServer serve
INFO: DELETE(/session/2fa71d35-4f41-45be-a374-3cd43ae16604/window) = {data={"name":"closeSession","sessionId":"2fa71d35-4f41-45be-a374-3cd43ae16604","status":0}, status=OK}
Oct 29, 2021 2:24:11 AM net.sourceforge.marathon.javaagent.server.JavaServer serve
INFO: JavaServer.serve(POST /session): {
  "desiredCapabilities": {
    "browserName": "java",
    "platform": "ANY"
  },
  "capabilities": {
    "firstMatch": [
      {
        "browserName": "java"
      }
    ]
  }
}
Oct 29, 2021 2:24:11 AM net.sourceforge.marathon.javaagent.server.JavaServer createSession
INFO: Creating device with type: EVENT_QUEUE
Oct 29, 2021 2:24:11 AM net.sourceforge.marathon.javaagent.Device getDevice
INFO: Creating a EVENT_QUEUE device
Oct 29, 2021 2:24:11 AM net.sourceforge.marathon.javaagent.server.JavaServer serve
INFO: POST(/session, {"desiredCapabilities":{"browserName":"java","platform":"ANY"},"capabilities":{"firstMatch":[{"browserName":"java"}]}}) = {data=, status=REDIRECT}
Oct 29, 2021 2:24:11 AM net.sourceforge.marathon.javaagent.server.JavaServer serve
INFO: JavaServer.serve(GET /session/adcfcd20-5c73-4ca4-a2c8-7bb350e59f2e): {}
Oct 29, 2021 2:24:11 AM net.sourceforge.marathon.javaagent.server.JavaServer serve
INFO: GET(/session/adcfcd20-5c73-4ca4-a2c8-7bb350e59f2e) = {data={"name":"getCapabilities","sessionId":"adcfcd20-5c73-4ca4-a2c8-7bb350e59f2e","value":{"applicationCacheEnabled":false,"rotatable":false,"loggingPrefs":{"driver":"ALL"},"handlesAlerts":false,"databaseEnabled":false,"version":"1.0","platform":"ANY","browserConnectionEnabled":false,"nativeEvents":false,"acceptSslCerts":false,"locationContextEnabled":false,"webStorageEnabled":false,"browserName":"java","takesScreenshot":true,"javascriptEnabled":true,"cssSelectorsEnabled":false},"status":0}, status=OK}
Oct 29, 2021 2:24:11 AM org.openqa.selenium.remote.ProtocolHandshake createSession
INFO: Detected dialect: OSS
Oct 29, 2021 2:24:11 AM net.sourceforge.marathon.javaagent.server.JavaServer serve
INFO: JavaServer.serve(POST /session/adcfcd20-5c73-4ca4-a2c8-7bb350e59f2e/element): {
  "using": "name",
  "value": "sniper reset button"
}
Oct 29, 2021 2:24:11 AM net.sourceforge.marathon.javaagent.server.JavaServer serve
INFO: POST(/session/adcfcd20-5c73-4ca4-a2c8-7bb350e59f2e/element, {"using":"name","value":"sniper reset button"}) = {data={"name":"findElement","sessionId":"adcfcd20-5c73-4ca4-a2c8-7bb350e59f2e","value":{"ELEMENT":"029ace29-b183-4117-b142-8cd42460b7b9"},"status":0}, status=OK}
Oct 29, 2021 2:24:11 AM net.sourceforge.marathon.javaagent.server.JavaServer serve
INFO: JavaServer.serve(POST /session/adcfcd20-5c73-4ca4-a2c8-7bb350e59f2e/element/029ace29-b183-4117-b142-8cd42460b7b9/click): {
  "id": "029ace29-b183-4117-b142-8cd42460b7b9"
}
Oct 29, 2021 2:24:11 AM net.sourceforge.marathon.javaagent.EventQueueDevice dispatchEvent
INFO: java.awt.event.MouseEvent[MOUSE_PRESSED,(37,12),absolute(326,474),button=1,modifiers=Button1,extModifiers=Button1,clickCount=1] on sniper reset button
Oct 29, 2021 2:24:11 AM net.sourceforge.marathon.javaagent.EventQueueDevice dispatchEvent
INFO: java.awt.event.MouseEvent[MOUSE_RELEASED,(37,12),absolute(326,474),button=1,modifiers=Button1,clickCount=1] on sniper reset button
Oct 29, 2021 2:24:11 AM net.sourceforge.marathon.javaagent.EventQueueDevice dispatchEvent
INFO: java.awt.event.MouseEvent[MOUSE_CLICKED,(37,12),absolute(326,474),button=1,modifiers=Button1,clickCount=1] on sniper reset button
Oct 29, 2021 2:24:11 AM net.sourceforge.marathon.javaagent.server.JavaServer serve
INFO: POST(/session/adcfcd20-5c73-4ca4-a2c8-7bb350e59f2e/element/029ace29-b183-4117-b142-8cd42460b7b9/click, {"id":"029ace29-b183-4117-b142-8cd42460b7b9"}) = {data={"name":"clickElement","sessionId":"adcfcd20-5c73-4ca4-a2c8-7bb350e59f2e","status":0}, status=OK}
Oct 29, 2021 2:24:11 AM net.sourceforge.marathon.javaagent.server.JavaServer serve
INFO: JavaServer.serve(DELETE /session/adcfcd20-5c73-4ca4-a2c8-7bb350e59f2e/window): {}
Oct 29, 2021 2:24:11 AM net.sourceforge.marathon.javaagent.server.JavaServer serve
INFO: DELETE(/session/adcfcd20-5c73-4ca4-a2c8-7bb350e59f2e/window) = {data={"name":"closeSession","sessionId":"adcfcd20-5c73-4ca4-a2c8-7bb350e59f2e","status":0}, status=OK}
]]></system-err>
</testsuite>
