<?xml version="1.0" encoding="UTF-8"?>
<testsuite name="goos.ui.swing.MainWindowTest" tests="3" skipped="0" failures="0" errors="0" timestamp="2021-10-14T02:26:07" hostname="buildkitsandbox" time="3.727">
  <properties/>
  <testcase name="window has expected features" classname="goos.ui.swing.MainWindowTest" time="2.831"/>
  <testcase name="make user request when join button clicked" classname="goos.ui.swing.MainWindowTest" time="0.732"/>
  <testcase name="make user request when reset button clicked" classname="goos.ui.swing.MainWindowTest" time="0.16"/>
  <system-out><![CDATA[]]></system-out>
  <system-err><![CDATA[Oct 14, 2021 2:26:08 AM io.mockk.impl.log.JULLogger warn
WARNING: Failed to transform class goos/ui/api/UserRequestListener
java.lang.IllegalArgumentException: Unsupported class file major version 59
	at net.bytebuddy.jar.asm.ClassReader.<init>(ClassReader.java:176)
	at net.bytebuddy.jar.asm.ClassReader.<init>(ClassReader.java:158)
	at net.bytebuddy.jar.asm.ClassReader.<init>(ClassReader.java:146)
	at net.bytebuddy.utility.OpenedClassReader.of(OpenedClassReader.java:69)
	at net.bytebuddy.dynamic.scaffold.TypeWriter$Default$ForInlining.create(TypeWriter.java:2877)
	at net.bytebuddy.dynamic.scaffold.TypeWriter$Default.make(TypeWriter.java:1653)
	at net.bytebuddy.dynamic.scaffold.inline.RedefinitionDynamicTypeBuilder.make(RedefinitionDynamicTypeBuilder.java:180)
	at net.bytebuddy.dynamic.scaffold.inline.AbstractInliningDynamicTypeBuilder.make(AbstractInliningDynamicTypeBuilder.java:94)
	at net.bytebuddy.dynamic.DynamicType$Builder$AbstractBase.make(DynamicType.java:2669)
	at io.mockk.proxy.jvm.transformation.InliningClassTransformer.transform(InliningClassTransformer.kt:78)
	at java.instrument/java.lang.instrument.ClassFileTransformer.transform(ClassFileTransformer.java:246)
	at java.instrument/sun.instrument.TransformerManager.transform(TransformerManager.java:188)
	at java.instrument/sun.instrument.InstrumentationImpl.transform(InstrumentationImpl.java:563)
	at java.instrument/sun.instrument.InstrumentationImpl.retransformClasses0(Native Method)
	at java.instrument/sun.instrument.InstrumentationImpl.retransformClasses(InstrumentationImpl.java:167)
	at io.mockk.proxy.jvm.transformation.JvmInlineInstrumentation.retransform(JvmInlineInstrumentation.kt:28)
	at io.mockk.proxy.common.transformation.RetransformInlineInstrumnetation$execute$1.invoke(RetransformInlineInstrumnetation.kt:19)
	at io.mockk.proxy.common.transformation.RetransformInlineInstrumnetation$execute$1.invoke(RetransformInlineInstrumnetation.kt:6)
	at io.mockk.proxy.common.transformation.ClassTransformationSpecMap.applyTransformation(ClassTransformationSpecMap.kt:41)
	at io.mockk.proxy.common.transformation.RetransformInlineInstrumnetation.execute(RetransformInlineInstrumnetation.kt:16)
	at io.mockk.proxy.jvm.ProxyMaker.inline(ProxyMaker.kt:88)
	at io.mockk.proxy.jvm.ProxyMaker.proxy(ProxyMaker.kt:30)
	at io.mockk.impl.instantiation.JvmMockFactory.newProxy(JvmMockFactory.kt:34)
	at io.mockk.impl.instantiation.AbstractMockFactory.newProxy$default(AbstractMockFactory.kt:29)
	at io.mockk.impl.instantiation.AbstractMockFactory.mockk(AbstractMockFactory.kt:59)
	at goos.ui.swing.MainWindowTest$1$1.invokeSuspend(MainWindowTest.kt:90)
	at goos.ui.swing.MainWindowTest$1$1.invoke(MainWindowTest.kt)
	at goos.ui.swing.MainWindowTest$1$1.invoke(MainWindowTest.kt)
	at io.kotest.core.TestConfiguration$beforeTest$1.beforeTest(TestConfiguration.kt:137)
	at io.kotest.core.spec.LifecycleKt.invokeAllBeforeTestCallbacks(lifecycle.kt:76)
	at io.kotest.core.internal.TestCaseExecutor.executeActiveTest(TestCaseExecutor.kt:152)
	at io.kotest.core.internal.TestCaseExecutor.access$executeActiveTest(TestCaseExecutor.kt:57)
	at io.kotest.core.internal.TestCaseExecutor$intercept$innerExecute$1$1.invokeSuspend(TestCaseExecutor.kt:89)
	at io.kotest.core.internal.TestCaseExecutor$intercept$innerExecute$1$1.invoke(TestCaseExecutor.kt)
	at io.kotest.core.internal.TestCaseExecutor$intercept$innerExecute$1$1.invoke(TestCaseExecutor.kt)
	at io.kotest.core.internal.TestCaseExecutor.executeIfEnabled(TestCaseExecutor.kt:117)
	at io.kotest.core.internal.TestCaseExecutor.access$executeIfEnabled(TestCaseExecutor.kt:57)
	at io.kotest.core.internal.TestCaseExecutor$intercept$innerExecute$1.invokeSuspend(TestCaseExecutor.kt:89)
	at io.kotest.core.internal.TestCaseExecutor$intercept$innerExecute$1.invoke(TestCaseExecutor.kt)
	at io.kotest.core.internal.TestCaseExecutor$intercept$innerExecute$1.invoke(TestCaseExecutor.kt)
	at io.kotest.core.internal.TestCaseExecutor.intercept(TestCaseExecutor.kt:103)
	at io.kotest.core.internal.TestCaseExecutor.execute(TestCaseExecutor.kt:69)
	at io.kotest.engine.spec.runners.SingleInstanceSpecRunner.runTest(SingleInstanceSpecRunner.kt:104)
	at io.kotest.engine.spec.runners.SingleInstanceSpecRunner.access$runTest(SingleInstanceSpecRunner.kt:34)
	at io.kotest.engine.spec.runners.SingleInstanceSpecRunner$execute$interceptAndRun$2$4.invokeSuspend(SingleInstanceSpecRunner.kt:57)
	at io.kotest.engine.spec.runners.SingleInstanceSpecRunner$execute$interceptAndRun$2$4.invoke(SingleInstanceSpecRunner.kt)
	at io.kotest.engine.spec.runners.SingleInstanceSpecRunner$execute$interceptAndRun$2$4.invoke(SingleInstanceSpecRunner.kt)
	at io.kotest.engine.launchers.SequentialTestLauncher$launch$3$1$1.invokeSuspend(SequentialTestLauncher.kt:22)
	at kotlin.coroutines.jvm.internal.BaseContinuationImpl.resumeWith(ContinuationImpl.kt:33)
	at kotlinx.coroutines.DispatchedTask.run(DispatchedTask.kt:106)
	at java.base/java.util.concurrent.ThreadPoolExecutor.runWorker(ThreadPoolExecutor.java:1130)
	at java.base/java.util.concurrent.ThreadPoolExecutor$Worker.run(ThreadPoolExecutor.java:630)
	at java.base/java.lang.Thread.run(Thread.java:832)

Oct 14, 2021 2:26:09 AM net.sourceforge.marathon.javaagent.server.JavaServer serve
INFO: JavaServer.serve(POST /session): {
  "desiredCapabilities": {
    "browserName": "java",
    "platform": "ANY"
  },
  "capabilities": {
    "firstMatch": [
      {
        "browserName": "java"
      }
    ]
  }
}
Oct 14, 2021 2:26:09 AM net.sourceforge.marathon.javaagent.server.JavaServer createSession
INFO: Creating device with type: EVENT_QUEUE
Oct 14, 2021 2:26:09 AM net.sourceforge.marathon.javaagent.Device getDevice
INFO: Creating a EVENT_QUEUE device
Oct 14, 2021 2:26:09 AM net.sourceforge.marathon.javaagent.server.JavaServer serve
INFO: POST(/session, {"desiredCapabilities":{"browserName":"java","platform":"ANY"},"capabilities":{"firstMatch":[{"browserName":"java"}]}}) = {data=, status=REDIRECT}
Oct 14, 2021 2:26:09 AM net.sourceforge.marathon.javaagent.server.JavaServer serve
INFO: JavaServer.serve(GET /session/28d0bd96-1c4c-4309-adc2-2213c33e874b): {}
Oct 14, 2021 2:26:09 AM net.sourceforge.marathon.javaagent.server.JavaServer serve
INFO: GET(/session/28d0bd96-1c4c-4309-adc2-2213c33e874b) = {data={"name":"getCapabilities","sessionId":"28d0bd96-1c4c-4309-adc2-2213c33e874b","value":{"applicationCacheEnabled":false,"rotatable":false,"loggingPrefs":{"driver":"ALL"},"handlesAlerts":false,"databaseEnabled":false,"version":"1.0","platform":"ANY","browserConnectionEnabled":false,"nativeEvents":false,"acceptSslCerts":false,"locationContextEnabled":false,"webStorageEnabled":false,"browserName":"java","takesScreenshot":true,"javascriptEnabled":true,"cssSelectorsEnabled":false},"status":0}, status=OK}
Oct 14, 2021 2:26:09 AM org.openqa.selenium.remote.ProtocolHandshake createSession
INFO: Detected dialect: OSS
Oct 14, 2021 2:26:09 AM net.sourceforge.marathon.javaagent.server.JavaServer serve
INFO: JavaServer.serve(POST /session/28d0bd96-1c4c-4309-adc2-2213c33e874b/element): {
  "using": "css selector",
  "value": "."
}
Oct 14, 2021 2:26:09 AM net.sourceforge.marathon.javaagent.server.JavaServer serve
INFO: POST(/session/28d0bd96-1c4c-4309-adc2-2213c33e874b/element, {"using":"css selector","value":"."}) = {data={"name":"findElement","sessionId":"28d0bd96-1c4c-4309-adc2-2213c33e874b","value":{"ELEMENT":"e0d9d8a7-e361-4060-9bb0-64a5f68821ce"},"status":0}, status=OK}
Oct 14, 2021 2:26:09 AM net.sourceforge.marathon.javaagent.server.JavaServer serve
INFO: JavaServer.serve(GET /session/28d0bd96-1c4c-4309-adc2-2213c33e874b/element/e0d9d8a7-e361-4060-9bb0-64a5f68821ce/attribute/name): {}
Oct 14, 2021 2:26:10 AM net.sourceforge.marathon.javaagent.server.JavaServer serve
INFO: GET(/session/28d0bd96-1c4c-4309-adc2-2213c33e874b/element/e0d9d8a7-e361-4060-9bb0-64a5f68821ce/attribute/name) = {data={"name":"getElementAttribute","sessionId":"28d0bd96-1c4c-4309-adc2-2213c33e874b","value":"Auction Sniper Name","status":0}, status=OK}
Oct 14, 2021 2:26:10 AM net.sourceforge.marathon.javaagent.server.JavaServer serve
INFO: JavaServer.serve(POST /session/28d0bd96-1c4c-4309-adc2-2213c33e874b/element): {
  "using": "css selector",
  "value": "."
}
Oct 14, 2021 2:26:10 AM net.sourceforge.marathon.javaagent.server.JavaServer serve
INFO: POST(/session/28d0bd96-1c4c-4309-adc2-2213c33e874b/element, {"using":"css selector","value":"."}) = {data={"name":"findElement","sessionId":"28d0bd96-1c4c-4309-adc2-2213c33e874b","value":{"ELEMENT":"e0d9d8a7-e361-4060-9bb0-64a5f68821ce"},"status":0}, status=OK}
Oct 14, 2021 2:26:10 AM net.sourceforge.marathon.javaagent.server.JavaServer serve
INFO: JavaServer.serve(GET /session/28d0bd96-1c4c-4309-adc2-2213c33e874b/element/e0d9d8a7-e361-4060-9bb0-64a5f68821ce/displayed): {}
Oct 14, 2021 2:26:10 AM net.sourceforge.marathon.javaagent.server.JavaServer serve
INFO: GET(/session/28d0bd96-1c4c-4309-adc2-2213c33e874b/element/e0d9d8a7-e361-4060-9bb0-64a5f68821ce/displayed) = {data={"name":"isDisplayed","sessionId":"28d0bd96-1c4c-4309-adc2-2213c33e874b","value":true,"status":0}, status=OK}
Oct 14, 2021 2:26:10 AM net.sourceforge.marathon.javaagent.server.JavaServer serve
INFO: JavaServer.serve(GET /session/28d0bd96-1c4c-4309-adc2-2213c33e874b/title): {}
Oct 14, 2021 2:26:10 AM net.sourceforge.marathon.javaagent.server.JavaServer serve
INFO: GET(/session/28d0bd96-1c4c-4309-adc2-2213c33e874b/title) = {data={"name":"getWindowTitle","sessionId":"28d0bd96-1c4c-4309-adc2-2213c33e874b","value":"Auction Sniper","status":0}, status=OK}
Oct 14, 2021 2:26:10 AM net.sourceforge.marathon.javaagent.server.JavaServer serve
INFO: JavaServer.serve(POST /session/28d0bd96-1c4c-4309-adc2-2213c33e874b/element): {
  "using": "name",
  "value": "snipers table"
}
Oct 14, 2021 2:26:10 AM net.sourceforge.marathon.javaagent.server.JavaServer serve
INFO: POST(/session/28d0bd96-1c4c-4309-adc2-2213c33e874b/element, {"using":"name","value":"snipers table"}) = {data={"name":"findElement","sessionId":"28d0bd96-1c4c-4309-adc2-2213c33e874b","value":{"ELEMENT":"e17adc43-397e-46e5-8d15-a53e69bca23e"},"status":0}, status=OK}
Oct 14, 2021 2:26:10 AM net.sourceforge.marathon.javaagent.server.JavaServer serve
INFO: JavaServer.serve(POST /session/28d0bd96-1c4c-4309-adc2-2213c33e874b/element/e17adc43-397e-46e5-8d15-a53e69bca23e/elements): {
  "id": "e17adc43-397e-46e5-8d15-a53e69bca23e",
  "using": "css selector",
  "value": ".::header.::all-items"
}
Oct 14, 2021 2:26:10 AM net.sourceforge.marathon.javaagent.server.JavaServer serve
INFO: POST(/session/28d0bd96-1c4c-4309-adc2-2213c33e874b/element/e17adc43-397e-46e5-8d15-a53e69bca23e/elements, {"using":"css selector","id":"e17adc43-397e-46e5-8d15-a53e69bca23e","value":".::header.::all-items"}) = {data={"name":"findElementsOfElement","sessionId":"28d0bd96-1c4c-4309-adc2-2213c33e874b","value":[{"ELEMENT":"1c378271-1094-4ba8-a75b-66952f66dd76%23%7B%22selector%22%3A%22nth-item%22%2C%22parameters%22%3A%5B1%5D%7D"},{"ELEMENT":"1c378271-1094-4ba8-a75b-66952f66dd76%23%7B%22selector%22%3A%22nth-item%22%2C%22parameters%22%3A%5B2%5D%7D"},{"ELEMENT":"1c378271-1094-4ba8-a75b-66952f66dd76%23%7B%22selector%22%3A%22nth-item%22%2C%22parameters%22%3A%5B3%5D%7D"},{"ELEMENT":"1c378271-1094-4ba8-a75b-66952f66dd76%23%7B%22selector%22%3A%22nth-item%22%2C%22parameters%22%3A%5B4%5D%7D"}],"status":0}, status=OK}
Oct 14, 2021 2:26:10 AM net.sourceforge.marathon.javaagent.server.JavaServer serve
INFO: JavaServer.serve(GET /session/28d0bd96-1c4c-4309-adc2-2213c33e874b/element/1c378271-1094-4ba8-a75b-66952f66dd76%23%7B%22selector%22%3A%22nth-item%22%2C%22parameters%22%3A%5B1%5D%7D/text): {}
Oct 14, 2021 2:26:10 AM net.sourceforge.marathon.javaagent.server.JavaServer serve
INFO: GET(/session/28d0bd96-1c4c-4309-adc2-2213c33e874b/element/1c378271-1094-4ba8-a75b-66952f66dd76%23%7B%22selector%22%3A%22nth-item%22%2C%22parameters%22%3A%5B1%5D%7D/text) = {data={"name":"getElementText","sessionId":"28d0bd96-1c4c-4309-adc2-2213c33e874b","value":"Item","status":0}, status=OK}
Oct 14, 2021 2:26:10 AM net.sourceforge.marathon.javaagent.server.JavaServer serve
INFO: JavaServer.serve(GET /session/28d0bd96-1c4c-4309-adc2-2213c33e874b/element/1c378271-1094-4ba8-a75b-66952f66dd76%23%7B%22selector%22%3A%22nth-item%22%2C%22parameters%22%3A%5B2%5D%7D/text): {}
Oct 14, 2021 2:26:10 AM net.sourceforge.marathon.javaagent.server.JavaServer serve
INFO: GET(/session/28d0bd96-1c4c-4309-adc2-2213c33e874b/element/1c378271-1094-4ba8-a75b-66952f66dd76%23%7B%22selector%22%3A%22nth-item%22%2C%22parameters%22%3A%5B2%5D%7D/text) = {data={"name":"getElementText","sessionId":"28d0bd96-1c4c-4309-adc2-2213c33e874b","value":"Last Price","status":0}, status=OK}
Oct 14, 2021 2:26:10 AM net.sourceforge.marathon.javaagent.server.JavaServer serve
INFO: JavaServer.serve(GET /session/28d0bd96-1c4c-4309-adc2-2213c33e874b/element/1c378271-1094-4ba8-a75b-66952f66dd76%23%7B%22selector%22%3A%22nth-item%22%2C%22parameters%22%3A%5B3%5D%7D/text): {}
Oct 14, 2021 2:26:10 AM net.sourceforge.marathon.javaagent.server.JavaServer serve
INFO: GET(/session/28d0bd96-1c4c-4309-adc2-2213c33e874b/element/1c378271-1094-4ba8-a75b-66952f66dd76%23%7B%22selector%22%3A%22nth-item%22%2C%22parameters%22%3A%5B3%5D%7D/text) = {data={"name":"getElementText","sessionId":"28d0bd96-1c4c-4309-adc2-2213c33e874b","value":"Last Bid","status":0}, status=OK}
Oct 14, 2021 2:26:10 AM net.sourceforge.marathon.javaagent.server.JavaServer serve
INFO: JavaServer.serve(GET /session/28d0bd96-1c4c-4309-adc2-2213c33e874b/element/1c378271-1094-4ba8-a75b-66952f66dd76%23%7B%22selector%22%3A%22nth-item%22%2C%22parameters%22%3A%5B4%5D%7D/text): {}
Oct 14, 2021 2:26:10 AM net.sourceforge.marathon.javaagent.server.JavaServer serve
INFO: GET(/session/28d0bd96-1c4c-4309-adc2-2213c33e874b/element/1c378271-1094-4ba8-a75b-66952f66dd76%23%7B%22selector%22%3A%22nth-item%22%2C%22parameters%22%3A%5B4%5D%7D/text) = {data={"name":"getElementText","sessionId":"28d0bd96-1c4c-4309-adc2-2213c33e874b","value":"State","status":0}, status=OK}
Oct 14, 2021 2:26:10 AM net.sourceforge.marathon.javaagent.server.JavaServer serve
INFO: JavaServer.serve(DELETE /session/28d0bd96-1c4c-4309-adc2-2213c33e874b/window): {}
Oct 14, 2021 2:26:10 AM net.sourceforge.marathon.javaagent.server.JavaServer serve
INFO: DELETE(/session/28d0bd96-1c4c-4309-adc2-2213c33e874b/window) = {data={"name":"closeSession","sessionId":"28d0bd96-1c4c-4309-adc2-2213c33e874b","status":0}, status=OK}
Oct 14, 2021 2:26:10 AM net.sourceforge.marathon.javaagent.server.JavaServer serve
INFO: JavaServer.serve(POST /session): {
  "desiredCapabilities": {
    "browserName": "java",
    "platform": "ANY"
  },
  "capabilities": {
    "firstMatch": [
      {
        "browserName": "java"
      }
    ]
  }
}
Oct 14, 2021 2:26:10 AM net.sourceforge.marathon.javaagent.server.JavaServer createSession
INFO: Creating device with type: EVENT_QUEUE
Oct 14, 2021 2:26:10 AM net.sourceforge.marathon.javaagent.Device getDevice
INFO: Creating a EVENT_QUEUE device
Oct 14, 2021 2:26:10 AM net.sourceforge.marathon.javaagent.server.JavaServer serve
INFO: POST(/session, {"desiredCapabilities":{"browserName":"java","platform":"ANY"},"capabilities":{"firstMatch":[{"browserName":"java"}]}}) = {data=, status=REDIRECT}
Oct 14, 2021 2:26:10 AM net.sourceforge.marathon.javaagent.server.JavaServer serve
INFO: JavaServer.serve(GET /session/067ae69e-9293-4da1-b424-cbca0d42860f): {}
Oct 14, 2021 2:26:10 AM net.sourceforge.marathon.javaagent.server.JavaServer serve
INFO: GET(/session/067ae69e-9293-4da1-b424-cbca0d42860f) = {data={"name":"getCapabilities","sessionId":"067ae69e-9293-4da1-b424-cbca0d42860f","value":{"applicationCacheEnabled":false,"rotatable":false,"loggingPrefs":{"driver":"ALL"},"handlesAlerts":false,"databaseEnabled":false,"version":"1.0","platform":"ANY","browserConnectionEnabled":false,"nativeEvents":false,"acceptSslCerts":false,"locationContextEnabled":false,"webStorageEnabled":false,"browserName":"java","takesScreenshot":true,"javascriptEnabled":true,"cssSelectorsEnabled":false},"status":0}, status=OK}
Oct 14, 2021 2:26:10 AM org.openqa.selenium.remote.ProtocolHandshake createSession
INFO: Detected dialect: OSS
Oct 14, 2021 2:26:10 AM net.sourceforge.marathon.javaagent.server.JavaServer serve
INFO: JavaServer.serve(POST /session/067ae69e-9293-4da1-b424-cbca0d42860f/element): {
  "using": "name",
  "value": "new item id field"
}
Oct 14, 2021 2:26:10 AM net.sourceforge.marathon.javaagent.server.JavaServer serve
INFO: POST(/session/067ae69e-9293-4da1-b424-cbca0d42860f/element, {"using":"name","value":"new item id field"}) = {data={"name":"findElement","sessionId":"067ae69e-9293-4da1-b424-cbca0d42860f","value":{"ELEMENT":"b6c95b1c-f60a-4057-8120-2c100643ab16"},"status":0}, status=OK}
Oct 14, 2021 2:26:10 AM net.sourceforge.marathon.javaagent.server.JavaServer serve
INFO: JavaServer.serve(POST /session/067ae69e-9293-4da1-b424-cbca0d42860f/element/b6c95b1c-f60a-4057-8120-2c100643ab16/clear): {
  "id": "b6c95b1c-f60a-4057-8120-2c100643ab16"
}
Oct 14, 2021 2:26:10 AM net.sourceforge.marathon.javaagent.server.JavaServer serve
INFO: POST(/session/067ae69e-9293-4da1-b424-cbca0d42860f/element/b6c95b1c-f60a-4057-8120-2c100643ab16/clear, {"id":"b6c95b1c-f60a-4057-8120-2c100643ab16"}) = {data={"name":"clearElement","sessionId":"067ae69e-9293-4da1-b424-cbca0d42860f","status":0}, status=OK}
Oct 14, 2021 2:26:10 AM net.sourceforge.marathon.javaagent.server.JavaServer serve
INFO: JavaServer.serve(POST /session/067ae69e-9293-4da1-b424-cbca0d42860f/element/b6c95b1c-f60a-4057-8120-2c100643ab16/value): {
  "id": "b6c95b1c-f60a-4057-8120-2c100643ab16",
  "value": [
    "an item-id"
  ]
}
Oct 14, 2021 2:26:10 AM net.sourceforge.marathon.javaagent.EventQueueDevice dispatchEvent
INFO: java.awt.event.KeyEvent[KEY_PRESSED,keyCode=65,keyText=A,keyChar='a',keyLocation=KEY_LOCATION_UNKNOWN,rawCode=0,primaryLevelUnicode=0,scancode=0,extendedKeyCode=0x0] on new item id field
Oct 14, 2021 2:26:10 AM net.sourceforge.marathon.javaagent.EventQueueDevice dispatchEvent
INFO: java.awt.event.KeyEvent[KEY_TYPED,keyCode=0,keyText=Unknown keyCode: 0x0,keyChar='a',keyLocation=KEY_LOCATION_UNKNOWN,rawCode=0,primaryLevelUnicode=0,scancode=0,extendedKeyCode=0x0] on new item id field
Oct 14, 2021 2:26:10 AM net.sourceforge.marathon.javaagent.EventQueueDevice dispatchEvent
INFO: java.awt.event.KeyEvent[KEY_RELEASED,keyCode=65,keyText=A,keyChar='a',keyLocation=KEY_LOCATION_UNKNOWN,rawCode=0,primaryLevelUnicode=0,scancode=0,extendedKeyCode=0x0] on new item id field
Oct 14, 2021 2:26:10 AM net.sourceforge.marathon.javaagent.EventQueueDevice dispatchEvent
INFO: java.awt.event.KeyEvent[KEY_PRESSED,keyCode=78,keyText=N,keyChar='n',keyLocation=KEY_LOCATION_UNKNOWN,rawCode=0,primaryLevelUnicode=0,scancode=0,extendedKeyCode=0x0] on new item id field
Oct 14, 2021 2:26:10 AM net.sourceforge.marathon.javaagent.EventQueueDevice dispatchEvent
INFO: java.awt.event.KeyEvent[KEY_TYPED,keyCode=0,keyText=Unknown keyCode: 0x0,keyChar='n',keyLocation=KEY_LOCATION_UNKNOWN,rawCode=0,primaryLevelUnicode=0,scancode=0,extendedKeyCode=0x0] on new item id field
Oct 14, 2021 2:26:10 AM net.sourceforge.marathon.javaagent.EventQueueDevice dispatchEvent
INFO: java.awt.event.KeyEvent[KEY_RELEASED,keyCode=78,keyText=N,keyChar='n',keyLocation=KEY_LOCATION_UNKNOWN,rawCode=0,primaryLevelUnicode=0,scancode=0,extendedKeyCode=0x0] on new item id field
Oct 14, 2021 2:26:10 AM net.sourceforge.marathon.javaagent.EventQueueDevice dispatchEvent
INFO: java.awt.event.KeyEvent[KEY_PRESSED,keyCode=16,keyText=Shift,keyChar=Undefined keyChar,modifiers=Shift,extModifiers=Shift,keyLocation=KEY_LOCATION_UNKNOWN,rawCode=0,primaryLevelUnicode=0,scancode=0,extendedKeyCode=0x0] on new item id field
Oct 14, 2021 2:26:10 AM net.sourceforge.marathon.javaagent.EventQueueDevice dispatchEvent
INFO: java.awt.event.KeyEvent[KEY_PRESSED,keyCode=32,keyText=Space,keyChar=' ',modifiers=Shift,extModifiers=Shift,keyLocation=KEY_LOCATION_UNKNOWN,rawCode=0,primaryLevelUnicode=0,scancode=0,extendedKeyCode=0x0] on new item id field
Oct 14, 2021 2:26:10 AM net.sourceforge.marathon.javaagent.EventQueueDevice dispatchEvent
INFO: java.awt.event.KeyEvent[KEY_TYPED,keyCode=0,keyText=Unknown keyCode: 0x0,keyChar=' ',modifiers=Shift,extModifiers=Shift,keyLocation=KEY_LOCATION_UNKNOWN,rawCode=0,primaryLevelUnicode=0,scancode=0,extendedKeyCode=0x0] on new item id field
Oct 14, 2021 2:26:10 AM net.sourceforge.marathon.javaagent.EventQueueDevice dispatchEvent
INFO: java.awt.event.KeyEvent[KEY_RELEASED,keyCode=32,keyText=Space,keyChar=' ',modifiers=Shift,extModifiers=Shift,keyLocation=KEY_LOCATION_UNKNOWN,rawCode=0,primaryLevelUnicode=0,scancode=0,extendedKeyCode=0x0] on new item id field
Oct 14, 2021 2:26:10 AM net.sourceforge.marathon.javaagent.EventQueueDevice dispatchEvent
INFO: java.awt.event.KeyEvent[KEY_RELEASED,keyCode=16,keyText=Shift,keyChar=Undefined keyChar,keyLocation=KEY_LOCATION_UNKNOWN,rawCode=0,primaryLevelUnicode=0,scancode=0,extendedKeyCode=0x0] on new item id field
Oct 14, 2021 2:26:10 AM net.sourceforge.marathon.javaagent.EventQueueDevice dispatchEvent
INFO: java.awt.event.KeyEvent[KEY_PRESSED,keyCode=73,keyText=I,keyChar='i',keyLocation=KEY_LOCATION_UNKNOWN,rawCode=0,primaryLevelUnicode=0,scancode=0,extendedKeyCode=0x0] on new item id field
Oct 14, 2021 2:26:10 AM net.sourceforge.marathon.javaagent.EventQueueDevice dispatchEvent
INFO: java.awt.event.KeyEvent[KEY_TYPED,keyCode=0,keyText=Unknown keyCode: 0x0,keyChar='i',keyLocation=KEY_LOCATION_UNKNOWN,rawCode=0,primaryLevelUnicode=0,scancode=0,extendedKeyCode=0x0] on new item id field
Oct 14, 2021 2:26:10 AM net.sourceforge.marathon.javaagent.EventQueueDevice dispatchEvent
INFO: java.awt.event.KeyEvent[KEY_RELEASED,keyCode=73,keyText=I,keyChar='i',keyLocation=KEY_LOCATION_UNKNOWN,rawCode=0,primaryLevelUnicode=0,scancode=0,extendedKeyCode=0x0] on new item id field
Oct 14, 2021 2:26:10 AM net.sourceforge.marathon.javaagent.EventQueueDevice dispatchEvent
INFO: java.awt.event.KeyEvent[KEY_PRESSED,keyCode=84,keyText=T,keyChar='t',keyLocation=KEY_LOCATION_UNKNOWN,rawCode=0,primaryLevelUnicode=0,scancode=0,extendedKeyCode=0x0] on new item id field
Oct 14, 2021 2:26:10 AM net.sourceforge.marathon.javaagent.EventQueueDevice dispatchEvent
INFO: java.awt.event.KeyEvent[KEY_TYPED,keyCode=0,keyText=Unknown keyCode: 0x0,keyChar='t',keyLocation=KEY_LOCATION_UNKNOWN,rawCode=0,primaryLevelUnicode=0,scancode=0,extendedKeyCode=0x0] on new item id field
Oct 14, 2021 2:26:10 AM net.sourceforge.marathon.javaagent.EventQueueDevice dispatchEvent
INFO: java.awt.event.KeyEvent[KEY_RELEASED,keyCode=84,keyText=T,keyChar='t',keyLocation=KEY_LOCATION_UNKNOWN,rawCode=0,primaryLevelUnicode=0,scancode=0,extendedKeyCode=0x0] on new item id field
Oct 14, 2021 2:26:10 AM net.sourceforge.marathon.javaagent.EventQueueDevice dispatchEvent
INFO: java.awt.event.KeyEvent[KEY_PRESSED,keyCode=69,keyText=E,keyChar='e',keyLocation=KEY_LOCATION_UNKNOWN,rawCode=0,primaryLevelUnicode=0,scancode=0,extendedKeyCode=0x0] on new item id field
Oct 14, 2021 2:26:10 AM net.sourceforge.marathon.javaagent.EventQueueDevice dispatchEvent
INFO: java.awt.event.KeyEvent[KEY_TYPED,keyCode=0,keyText=Unknown keyCode: 0x0,keyChar='e',keyLocation=KEY_LOCATION_UNKNOWN,rawCode=0,primaryLevelUnicode=0,scancode=0,extendedKeyCode=0x0] on new item id field
Oct 14, 2021 2:26:10 AM net.sourceforge.marathon.javaagent.EventQueueDevice dispatchEvent
INFO: java.awt.event.KeyEvent[KEY_RELEASED,keyCode=69,keyText=E,keyChar='e',keyLocation=KEY_LOCATION_UNKNOWN,rawCode=0,primaryLevelUnicode=0,scancode=0,extendedKeyCode=0x0] on new item id field
Oct 14, 2021 2:26:10 AM net.sourceforge.marathon.javaagent.EventQueueDevice dispatchEvent
INFO: java.awt.event.KeyEvent[KEY_PRESSED,keyCode=77,keyText=M,keyChar='m',keyLocation=KEY_LOCATION_UNKNOWN,rawCode=0,primaryLevelUnicode=0,scancode=0,extendedKeyCode=0x0] on new item id field
Oct 14, 2021 2:26:10 AM net.sourceforge.marathon.javaagent.EventQueueDevice dispatchEvent
INFO: java.awt.event.KeyEvent[KEY_TYPED,keyCode=0,keyText=Unknown keyCode: 0x0,keyChar='m',keyLocation=KEY_LOCATION_UNKNOWN,rawCode=0,primaryLevelUnicode=0,scancode=0,extendedKeyCode=0x0] on new item id field
Oct 14, 2021 2:26:10 AM net.sourceforge.marathon.javaagent.EventQueueDevice dispatchEvent
INFO: java.awt.event.KeyEvent[KEY_RELEASED,keyCode=77,keyText=M,keyChar='m',keyLocation=KEY_LOCATION_UNKNOWN,rawCode=0,primaryLevelUnicode=0,scancode=0,extendedKeyCode=0x0] on new item id field
Oct 14, 2021 2:26:10 AM net.sourceforge.marathon.javaagent.EventQueueDevice dispatchEvent
INFO: java.awt.event.KeyEvent[KEY_PRESSED,keyCode=45,keyText=Minus,keyChar='-',keyLocation=KEY_LOCATION_UNKNOWN,rawCode=0,primaryLevelUnicode=0,scancode=0,extendedKeyCode=0x0] on new item id field
Oct 14, 2021 2:26:10 AM net.sourceforge.marathon.javaagent.EventQueueDevice dispatchEvent
INFO: java.awt.event.KeyEvent[KEY_TYPED,keyCode=0,keyText=Unknown keyCode: 0x0,keyChar='-',keyLocation=KEY_LOCATION_UNKNOWN,rawCode=0,primaryLevelUnicode=0,scancode=0,extendedKeyCode=0x0] on new item id field
Oct 14, 2021 2:26:10 AM net.sourceforge.marathon.javaagent.EventQueueDevice dispatchEvent
INFO: java.awt.event.KeyEvent[KEY_RELEASED,keyCode=45,keyText=Minus,keyChar='-',keyLocation=KEY_LOCATION_UNKNOWN,rawCode=0,primaryLevelUnicode=0,scancode=0,extendedKeyCode=0x0] on new item id field
Oct 14, 2021 2:26:10 AM net.sourceforge.marathon.javaagent.EventQueueDevice dispatchEvent
INFO: java.awt.event.KeyEvent[KEY_PRESSED,keyCode=73,keyText=I,keyChar='i',keyLocation=KEY_LOCATION_UNKNOWN,rawCode=0,primaryLevelUnicode=0,scancode=0,extendedKeyCode=0x0] on new item id field
Oct 14, 2021 2:26:10 AM net.sourceforge.marathon.javaagent.EventQueueDevice dispatchEvent
INFO: java.awt.event.KeyEvent[KEY_TYPED,keyCode=0,keyText=Unknown keyCode: 0x0,keyChar='i',keyLocation=KEY_LOCATION_UNKNOWN,rawCode=0,primaryLevelUnicode=0,scancode=0,extendedKeyCode=0x0] on new item id field
Oct 14, 2021 2:26:10 AM net.sourceforge.marathon.javaagent.EventQueueDevice dispatchEvent
INFO: java.awt.event.KeyEvent[KEY_RELEASED,keyCode=73,keyText=I,keyChar='i',keyLocation=KEY_LOCATION_UNKNOWN,rawCode=0,primaryLevelUnicode=0,scancode=0,extendedKeyCode=0x0] on new item id field
Oct 14, 2021 2:26:10 AM net.sourceforge.marathon.javaagent.EventQueueDevice dispatchEvent
INFO: java.awt.event.KeyEvent[KEY_PRESSED,keyCode=68,keyText=D,keyChar='d',keyLocation=KEY_LOCATION_UNKNOWN,rawCode=0,primaryLevelUnicode=0,scancode=0,extendedKeyCode=0x0] on new item id field
Oct 14, 2021 2:26:10 AM net.sourceforge.marathon.javaagent.EventQueueDevice dispatchEvent
INFO: java.awt.event.KeyEvent[KEY_TYPED,keyCode=0,keyText=Unknown keyCode: 0x0,keyChar='d',keyLocation=KEY_LOCATION_UNKNOWN,rawCode=0,primaryLevelUnicode=0,scancode=0,extendedKeyCode=0x0] on new item id field
Oct 14, 2021 2:26:10 AM net.sourceforge.marathon.javaagent.EventQueueDevice dispatchEvent
INFO: java.awt.event.KeyEvent[KEY_RELEASED,keyCode=68,keyText=D,keyChar='d',keyLocation=KEY_LOCATION_UNKNOWN,rawCode=0,primaryLevelUnicode=0,scancode=0,extendedKeyCode=0x0] on new item id field
Oct 14, 2021 2:26:10 AM net.sourceforge.marathon.javaagent.server.JavaServer serve
INFO: POST(/session/067ae69e-9293-4da1-b424-cbca0d42860f/element/b6c95b1c-f60a-4057-8120-2c100643ab16/value, {"id":"b6c95b1c-f60a-4057-8120-2c100643ab16","value":["an item-id"]}) = {data={"name":"sendKeysElement","sessionId":"067ae69e-9293-4da1-b424-cbca0d42860f","status":0}, status=OK}
Oct 14, 2021 2:26:10 AM net.sourceforge.marathon.javaagent.server.JavaServer serve
INFO: JavaServer.serve(POST /session/067ae69e-9293-4da1-b424-cbca0d42860f/element): {
  "using": "name",
  "value": "new item stop price field"
}
Oct 14, 2021 2:26:10 AM net.sourceforge.marathon.javaagent.server.JavaServer serve
INFO: POST(/session/067ae69e-9293-4da1-b424-cbca0d42860f/element, {"using":"name","value":"new item stop price field"}) = {data={"name":"findElement","sessionId":"067ae69e-9293-4da1-b424-cbca0d42860f","value":{"ELEMENT":"b301309b-b05d-4853-a071-384f8df6c451"},"status":0}, status=OK}
Oct 14, 2021 2:26:10 AM net.sourceforge.marathon.javaagent.server.JavaServer serve
INFO: JavaServer.serve(POST /session/067ae69e-9293-4da1-b424-cbca0d42860f/element/b301309b-b05d-4853-a071-384f8df6c451/clear): {
  "id": "b301309b-b05d-4853-a071-384f8df6c451"
}
Oct 14, 2021 2:26:10 AM net.sourceforge.marathon.javaagent.server.JavaServer serve
INFO: POST(/session/067ae69e-9293-4da1-b424-cbca0d42860f/element/b301309b-b05d-4853-a071-384f8df6c451/clear, {"id":"b301309b-b05d-4853-a071-384f8df6c451"}) = {data={"name":"clearElement","sessionId":"067ae69e-9293-4da1-b424-cbca0d42860f","status":0}, status=OK}
Oct 14, 2021 2:26:10 AM net.sourceforge.marathon.javaagent.server.JavaServer serve
INFO: JavaServer.serve(POST /session/067ae69e-9293-4da1-b424-cbca0d42860f/element/b301309b-b05d-4853-a071-384f8df6c451/value): {
  "id": "b301309b-b05d-4853-a071-384f8df6c451",
  "value": [
    "11000"
  ]
}
Oct 14, 2021 2:26:10 AM net.sourceforge.marathon.javaagent.EventQueueDevice dispatchEvent
INFO: java.awt.event.KeyEvent[KEY_PRESSED,keyCode=49,keyText=1,keyChar='1',keyLocation=KEY_LOCATION_UNKNOWN,rawCode=0,primaryLevelUnicode=0,scancode=0,extendedKeyCode=0x0] on new item stop price field
Oct 14, 2021 2:26:10 AM net.sourceforge.marathon.javaagent.EventQueueDevice dispatchEvent
INFO: java.awt.event.KeyEvent[KEY_TYPED,keyCode=0,keyText=Unknown keyCode: 0x0,keyChar='1',keyLocation=KEY_LOCATION_UNKNOWN,rawCode=0,primaryLevelUnicode=0,scancode=0,extendedKeyCode=0x0] on new item stop price field
Oct 14, 2021 2:26:10 AM net.sourceforge.marathon.javaagent.EventQueueDevice dispatchEvent
INFO: java.awt.event.KeyEvent[KEY_RELEASED,keyCode=49,keyText=1,keyChar='1',keyLocation=KEY_LOCATION_UNKNOWN,rawCode=0,primaryLevelUnicode=0,scancode=0,extendedKeyCode=0x0] on new item stop price field
Oct 14, 2021 2:26:10 AM net.sourceforge.marathon.javaagent.EventQueueDevice dispatchEvent
INFO: java.awt.event.KeyEvent[KEY_PRESSED,keyCode=49,keyText=1,keyChar='1',keyLocation=KEY_LOCATION_UNKNOWN,rawCode=0,primaryLevelUnicode=0,scancode=0,extendedKeyCode=0x0] on new item stop price field
Oct 14, 2021 2:26:10 AM net.sourceforge.marathon.javaagent.EventQueueDevice dispatchEvent
INFO: java.awt.event.KeyEvent[KEY_TYPED,keyCode=0,keyText=Unknown keyCode: 0x0,keyChar='1',keyLocation=KEY_LOCATION_UNKNOWN,rawCode=0,primaryLevelUnicode=0,scancode=0,extendedKeyCode=0x0] on new item stop price field
Oct 14, 2021 2:26:10 AM net.sourceforge.marathon.javaagent.EventQueueDevice dispatchEvent
INFO: java.awt.event.KeyEvent[KEY_RELEASED,keyCode=49,keyText=1,keyChar='1',keyLocation=KEY_LOCATION_UNKNOWN,rawCode=0,primaryLevelUnicode=0,scancode=0,extendedKeyCode=0x0] on new item stop price field
Oct 14, 2021 2:26:10 AM net.sourceforge.marathon.javaagent.EventQueueDevice dispatchEvent
INFO: java.awt.event.KeyEvent[KEY_PRESSED,keyCode=48,keyText=0,keyChar='0',keyLocation=KEY_LOCATION_UNKNOWN,rawCode=0,primaryLevelUnicode=0,scancode=0,extendedKeyCode=0x0] on new item stop price field
Oct 14, 2021 2:26:10 AM net.sourceforge.marathon.javaagent.EventQueueDevice dispatchEvent
INFO: java.awt.event.KeyEvent[KEY_TYPED,keyCode=0,keyText=Unknown keyCode: 0x0,keyChar='0',keyLocation=KEY_LOCATION_UNKNOWN,rawCode=0,primaryLevelUnicode=0,scancode=0,extendedKeyCode=0x0] on new item stop price field
Oct 14, 2021 2:26:10 AM net.sourceforge.marathon.javaagent.EventQueueDevice dispatchEvent
INFO: java.awt.event.KeyEvent[KEY_RELEASED,keyCode=48,keyText=0,keyChar='0',keyLocation=KEY_LOCATION_UNKNOWN,rawCode=0,primaryLevelUnicode=0,scancode=0,extendedKeyCode=0x0] on new item stop price field
Oct 14, 2021 2:26:10 AM net.sourceforge.marathon.javaagent.EventQueueDevice dispatchEvent
INFO: java.awt.event.KeyEvent[KEY_PRESSED,keyCode=48,keyText=0,keyChar='0',keyLocation=KEY_LOCATION_UNKNOWN,rawCode=0,primaryLevelUnicode=0,scancode=0,extendedKeyCode=0x0] on new item stop price field
Oct 14, 2021 2:26:10 AM net.sourceforge.marathon.javaagent.EventQueueDevice dispatchEvent
INFO: java.awt.event.KeyEvent[KEY_TYPED,keyCode=0,keyText=Unknown keyCode: 0x0,keyChar='0',keyLocation=KEY_LOCATION_UNKNOWN,rawCode=0,primaryLevelUnicode=0,scancode=0,extendedKeyCode=0x0] on new item stop price field
Oct 14, 2021 2:26:10 AM net.sourceforge.marathon.javaagent.EventQueueDevice dispatchEvent
INFO: java.awt.event.KeyEvent[KEY_RELEASED,keyCode=48,keyText=0,keyChar='0',keyLocation=KEY_LOCATION_UNKNOWN,rawCode=0,primaryLevelUnicode=0,scancode=0,extendedKeyCode=0x0] on new item stop price field
Oct 14, 2021 2:26:10 AM net.sourceforge.marathon.javaagent.EventQueueDevice dispatchEvent
INFO: java.awt.event.KeyEvent[KEY_PRESSED,keyCode=48,keyText=0,keyChar='0',keyLocation=KEY_LOCATION_UNKNOWN,rawCode=0,primaryLevelUnicode=0,scancode=0,extendedKeyCode=0x0] on new item stop price field
Oct 14, 2021 2:26:10 AM net.sourceforge.marathon.javaagent.EventQueueDevice dispatchEvent
INFO: java.awt.event.KeyEvent[KEY_TYPED,keyCode=0,keyText=Unknown keyCode: 0x0,keyChar='0',keyLocation=KEY_LOCATION_UNKNOWN,rawCode=0,primaryLevelUnicode=0,scancode=0,extendedKeyCode=0x0] on new item stop price field
Oct 14, 2021 2:26:10 AM net.sourceforge.marathon.javaagent.EventQueueDevice dispatchEvent
INFO: java.awt.event.KeyEvent[KEY_RELEASED,keyCode=48,keyText=0,keyChar='0',keyLocation=KEY_LOCATION_UNKNOWN,rawCode=0,primaryLevelUnicode=0,scancode=0,extendedKeyCode=0x0] on new item stop price field
Oct 14, 2021 2:26:10 AM net.sourceforge.marathon.javaagent.server.JavaServer serve
INFO: POST(/session/067ae69e-9293-4da1-b424-cbca0d42860f/element/b301309b-b05d-4853-a071-384f8df6c451/value, {"id":"b301309b-b05d-4853-a071-384f8df6c451","value":["11000"]}) = {data={"name":"sendKeysElement","sessionId":"067ae69e-9293-4da1-b424-cbca0d42860f","status":0}, status=OK}
Oct 14, 2021 2:26:10 AM net.sourceforge.marathon.javaagent.server.JavaServer serve
INFO: JavaServer.serve(POST /session/067ae69e-9293-4da1-b424-cbca0d42860f/element): {
  "using": "name",
  "value": "join button"
}
Oct 14, 2021 2:26:10 AM net.sourceforge.marathon.javaagent.server.JavaServer serve
INFO: POST(/session/067ae69e-9293-4da1-b424-cbca0d42860f/element, {"using":"name","value":"join button"}) = {data={"name":"findElement","sessionId":"067ae69e-9293-4da1-b424-cbca0d42860f","value":{"ELEMENT":"5bea9495-57ee-4ab0-991b-e56748c6f5b6"},"status":0}, status=OK}
Oct 14, 2021 2:26:10 AM net.sourceforge.marathon.javaagent.server.JavaServer serve
INFO: JavaServer.serve(POST /session/067ae69e-9293-4da1-b424-cbca0d42860f/element/5bea9495-57ee-4ab0-991b-e56748c6f5b6/click): {
  "id": "5bea9495-57ee-4ab0-991b-e56748c6f5b6"
}
Oct 14, 2021 2:26:10 AM net.sourceforge.marathon.javaagent.EventQueueDevice dispatchEvent
INFO: java.awt.event.MouseEvent[MOUSE_PRESSED,(58,12),absolute(589,17),button=1,modifiers=Button1,extModifiers=Button1,clickCount=1] on join button
Oct 14, 2021 2:26:10 AM net.sourceforge.marathon.javaagent.EventQueueDevice dispatchEvent
INFO: java.awt.event.MouseEvent[MOUSE_RELEASED,(58,12),absolute(589,17),button=1,modifiers=Button1,clickCount=1] on join button
Oct 14, 2021 2:26:10 AM net.sourceforge.marathon.javaagent.EventQueueDevice dispatchEvent
INFO: java.awt.event.MouseEvent[MOUSE_CLICKED,(58,12),absolute(589,17),button=1,modifiers=Button1,clickCount=1] on join button
Oct 14, 2021 2:26:10 AM net.sourceforge.marathon.javaagent.server.JavaServer serve
INFO: POST(/session/067ae69e-9293-4da1-b424-cbca0d42860f/element/5bea9495-57ee-4ab0-991b-e56748c6f5b6/click, {"id":"5bea9495-57ee-4ab0-991b-e56748c6f5b6"}) = {data={"name":"clickElement","sessionId":"067ae69e-9293-4da1-b424-cbca0d42860f","status":0}, status=OK}
Oct 14, 2021 2:26:11 AM net.sourceforge.marathon.javaagent.server.JavaServer serve
INFO: JavaServer.serve(DELETE /session/067ae69e-9293-4da1-b424-cbca0d42860f/window): {}
Oct 14, 2021 2:26:11 AM net.sourceforge.marathon.javaagent.server.JavaServer serve
INFO: DELETE(/session/067ae69e-9293-4da1-b424-cbca0d42860f/window) = {data={"name":"closeSession","sessionId":"067ae69e-9293-4da1-b424-cbca0d42860f","status":0}, status=OK}
Oct 14, 2021 2:26:11 AM net.sourceforge.marathon.javaagent.server.JavaServer serve
INFO: JavaServer.serve(POST /session): {
  "desiredCapabilities": {
    "browserName": "java",
    "platform": "ANY"
  },
  "capabilities": {
    "firstMatch": [
      {
        "browserName": "java"
      }
    ]
  }
}
Oct 14, 2021 2:26:11 AM net.sourceforge.marathon.javaagent.server.JavaServer createSession
INFO: Creating device with type: EVENT_QUEUE
Oct 14, 2021 2:26:11 AM net.sourceforge.marathon.javaagent.Device getDevice
INFO: Creating a EVENT_QUEUE device
Oct 14, 2021 2:26:11 AM net.sourceforge.marathon.javaagent.server.JavaServer serve
INFO: POST(/session, {"desiredCapabilities":{"browserName":"java","platform":"ANY"},"capabilities":{"firstMatch":[{"browserName":"java"}]}}) = {data=, status=REDIRECT}
Oct 14, 2021 2:26:11 AM net.sourceforge.marathon.javaagent.server.JavaServer serve
INFO: JavaServer.serve(GET /session/8d4e8a7c-ad31-43ed-9579-68ca665c20bb): {}
Oct 14, 2021 2:26:11 AM net.sourceforge.marathon.javaagent.server.JavaServer serve
INFO: GET(/session/8d4e8a7c-ad31-43ed-9579-68ca665c20bb) = {data={"name":"getCapabilities","sessionId":"8d4e8a7c-ad31-43ed-9579-68ca665c20bb","value":{"applicationCacheEnabled":false,"rotatable":false,"loggingPrefs":{"driver":"ALL"},"handlesAlerts":false,"databaseEnabled":false,"version":"1.0","platform":"ANY","browserConnectionEnabled":false,"nativeEvents":false,"acceptSslCerts":false,"locationContextEnabled":false,"webStorageEnabled":false,"browserName":"java","takesScreenshot":true,"javascriptEnabled":true,"cssSelectorsEnabled":false},"status":0}, status=OK}
Oct 14, 2021 2:26:11 AM org.openqa.selenium.remote.ProtocolHandshake createSession
INFO: Detected dialect: OSS
Oct 14, 2021 2:26:11 AM net.sourceforge.marathon.javaagent.server.JavaServer serve
INFO: JavaServer.serve(POST /session/8d4e8a7c-ad31-43ed-9579-68ca665c20bb/element): {
  "using": "name",
  "value": "sniper reset button"
}
Oct 14, 2021 2:26:11 AM net.sourceforge.marathon.javaagent.server.JavaServer serve
INFO: POST(/session/8d4e8a7c-ad31-43ed-9579-68ca665c20bb/element, {"using":"name","value":"sniper reset button"}) = {data={"name":"findElement","sessionId":"8d4e8a7c-ad31-43ed-9579-68ca665c20bb","value":{"ELEMENT":"a3710bb6-6d7f-4698-887a-89ff8de9e153"},"status":0}, status=OK}
Oct 14, 2021 2:26:11 AM net.sourceforge.marathon.javaagent.server.JavaServer serve
INFO: JavaServer.serve(POST /session/8d4e8a7c-ad31-43ed-9579-68ca665c20bb/element/a3710bb6-6d7f-4698-887a-89ff8de9e153/click): {
  "id": "a3710bb6-6d7f-4698-887a-89ff8de9e153"
}
Oct 14, 2021 2:26:11 AM net.sourceforge.marathon.javaagent.EventQueueDevice dispatchEvent
INFO: java.awt.event.MouseEvent[MOUSE_PRESSED,(37,12),absolute(326,474),button=1,modifiers=Button1,extModifiers=Button1,clickCount=1] on sniper reset button
Oct 14, 2021 2:26:11 AM net.sourceforge.marathon.javaagent.EventQueueDevice dispatchEvent
INFO: java.awt.event.MouseEvent[MOUSE_RELEASED,(37,12),absolute(326,474),button=1,modifiers=Button1,clickCount=1] on sniper reset button
Oct 14, 2021 2:26:11 AM net.sourceforge.marathon.javaagent.EventQueueDevice dispatchEvent
INFO: java.awt.event.MouseEvent[MOUSE_CLICKED,(37,12),absolute(326,474),button=1,modifiers=Button1,clickCount=1] on sniper reset button
Oct 14, 2021 2:26:11 AM net.sourceforge.marathon.javaagent.server.JavaServer serve
INFO: POST(/session/8d4e8a7c-ad31-43ed-9579-68ca665c20bb/element/a3710bb6-6d7f-4698-887a-89ff8de9e153/click, {"id":"a3710bb6-6d7f-4698-887a-89ff8de9e153"}) = {data={"name":"clickElement","sessionId":"8d4e8a7c-ad31-43ed-9579-68ca665c20bb","status":0}, status=OK}
Oct 14, 2021 2:26:11 AM net.sourceforge.marathon.javaagent.server.JavaServer serve
INFO: JavaServer.serve(DELETE /session/8d4e8a7c-ad31-43ed-9579-68ca665c20bb/window): {}
Oct 14, 2021 2:26:11 AM net.sourceforge.marathon.javaagent.server.JavaServer serve
INFO: DELETE(/session/8d4e8a7c-ad31-43ed-9579-68ca665c20bb/window) = {data={"name":"closeSession","sessionId":"8d4e8a7c-ad31-43ed-9579-68ca665c20bb","status":0}, status=OK}
]]></system-err>
</testsuite>
