<?xml version="1.0" encoding="UTF-8"?>
<testsuite name="goos.auction.xmpp.XMPPAuctionTest" tests="0" skipped="0" failures="0" errors="0" timestamp="1970-01-01T00:00:00" hostname="buildkitsandbox" time="0.0">
  <properties/>
  <system-out><![CDATA[17:44:55.944 [DefaultDispatcher-worker-1 @coroutine#3] WARN org.testcontainers.utility.TestcontainersConfiguration - Attempted to read Testcontainers configuration file at file:/home/worker/.testcontainers.properties but the file was not found. Exception message: FileNotFoundException: /home/worker/.testcontainers.properties (No such file or directory)
17:44:56.136 [DefaultDispatcher-worker-1 @coroutine#3] INFO org.testcontainers.dockerclient.DockerMachineClientProviderStrategy - docker-machine executable was not found on PATH ([/opt/java/openjdk/bin, /usr/local/sbin, /usr/local/bin, /usr/sbin, /usr/bin, /sbin, /bin])
17:44:56.137 [DefaultDispatcher-worker-1 @coroutine#3] ERROR org.testcontainers.dockerclient.DockerClientProviderStrategy - Could not find a valid Docker environment. Please check configuration. Attempted configurations were:
17:44:56.137 [DefaultDispatcher-worker-1 @coroutine#3] ERROR org.testcontainers.dockerclient.DockerClientProviderStrategy -     UnixSocketClientProviderStrategy: failed with exception InvalidConfigurationException (Could not find unix domain socket). Root cause NoSuchFileException (/var/run/docker.sock)
17:44:56.138 [DefaultDispatcher-worker-1 @coroutine#3] ERROR org.testcontainers.dockerclient.DockerClientProviderStrategy - As no valid configuration was found, execution cannot continue
]]></system-out>
  <system-err><![CDATA[]]></system-err>
</testsuite>
