<?xml version="1.0" encoding="UTF-8"?>
<testsuite name="goos.ui.swing.MainWindowTest" tests="3" skipped="0" failures="0" errors="0" timestamp="2021-09-19T02:24:38" hostname="buildkitsandbox" time="3.765">
  <properties/>
  <testcase name="window has expected features" classname="goos.ui.swing.MainWindowTest" time="2.935"/>
  <testcase name="make user request when join button clicked" classname="goos.ui.swing.MainWindowTest" time="0.655"/>
  <testcase name="make user request when reset button clicked" classname="goos.ui.swing.MainWindowTest" time="0.172"/>
  <system-out><![CDATA[]]></system-out>
  <system-err><![CDATA[Sep 19, 2021 2:24:39 AM io.mockk.impl.log.JULLogger warn
WARNING: Failed to transform class goos/ui/api/UserRequestListener
java.lang.IllegalArgumentException: Unsupported class file major version 59
	at net.bytebuddy.jar.asm.ClassReader.<init>(ClassReader.java:176)
	at net.bytebuddy.jar.asm.ClassReader.<init>(ClassReader.java:158)
	at net.bytebuddy.jar.asm.ClassReader.<init>(ClassReader.java:146)
	at net.bytebuddy.utility.OpenedClassReader.of(OpenedClassReader.java:69)
	at net.bytebuddy.dynamic.scaffold.TypeWriter$Default$ForInlining.create(TypeWriter.java:2877)
	at net.bytebuddy.dynamic.scaffold.TypeWriter$Default.make(TypeWriter.java:1653)
	at net.bytebuddy.dynamic.scaffold.inline.RedefinitionDynamicTypeBuilder.make(RedefinitionDynamicTypeBuilder.java:180)
	at net.bytebuddy.dynamic.scaffold.inline.AbstractInliningDynamicTypeBuilder.make(AbstractInliningDynamicTypeBuilder.java:94)
	at net.bytebuddy.dynamic.DynamicType$Builder$AbstractBase.make(DynamicType.java:2669)
	at io.mockk.proxy.jvm.transformation.InliningClassTransformer.transform(InliningClassTransformer.kt:78)
	at java.instrument/java.lang.instrument.ClassFileTransformer.transform(ClassFileTransformer.java:246)
	at java.instrument/sun.instrument.TransformerManager.transform(TransformerManager.java:188)
	at java.instrument/sun.instrument.InstrumentationImpl.transform(InstrumentationImpl.java:563)
	at java.instrument/sun.instrument.InstrumentationImpl.retransformClasses0(Native Method)
	at java.instrument/sun.instrument.InstrumentationImpl.retransformClasses(InstrumentationImpl.java:167)
	at io.mockk.proxy.jvm.transformation.JvmInlineInstrumentation.retransform(JvmInlineInstrumentation.kt:28)
	at io.mockk.proxy.common.transformation.RetransformInlineInstrumnetation$execute$1.invoke(RetransformInlineInstrumnetation.kt:19)
	at io.mockk.proxy.common.transformation.RetransformInlineInstrumnetation$execute$1.invoke(RetransformInlineInstrumnetation.kt:6)
	at io.mockk.proxy.common.transformation.ClassTransformationSpecMap.applyTransformation(ClassTransformationSpecMap.kt:41)
	at io.mockk.proxy.common.transformation.RetransformInlineInstrumnetation.execute(RetransformInlineInstrumnetation.kt:16)
	at io.mockk.proxy.jvm.ProxyMaker.inline(ProxyMaker.kt:88)
	at io.mockk.proxy.jvm.ProxyMaker.proxy(ProxyMaker.kt:30)
	at io.mockk.impl.instantiation.JvmMockFactory.newProxy(JvmMockFactory.kt:34)
	at io.mockk.impl.instantiation.AbstractMockFactory.newProxy$default(AbstractMockFactory.kt:29)
	at io.mockk.impl.instantiation.AbstractMockFactory.mockk(AbstractMockFactory.kt:59)
	at goos.ui.swing.MainWindowTest$1$1.invokeSuspend(MainWindowTest.kt:90)
	at goos.ui.swing.MainWindowTest$1$1.invoke(MainWindowTest.kt)
	at goos.ui.swing.MainWindowTest$1$1.invoke(MainWindowTest.kt)
	at io.kotest.core.TestConfiguration$beforeTest$1.beforeTest(TestConfiguration.kt:137)
	at io.kotest.core.spec.LifecycleKt.invokeAllBeforeTestCallbacks(lifecycle.kt:76)
	at io.kotest.core.internal.TestCaseExecutor.executeActiveTest(TestCaseExecutor.kt:152)
	at io.kotest.core.internal.TestCaseExecutor.access$executeActiveTest(TestCaseExecutor.kt:57)
	at io.kotest.core.internal.TestCaseExecutor$intercept$innerExecute$1$1.invokeSuspend(TestCaseExecutor.kt:89)
	at io.kotest.core.internal.TestCaseExecutor$intercept$innerExecute$1$1.invoke(TestCaseExecutor.kt)
	at io.kotest.core.internal.TestCaseExecutor$intercept$innerExecute$1$1.invoke(TestCaseExecutor.kt)
	at io.kotest.core.internal.TestCaseExecutor.executeIfEnabled(TestCaseExecutor.kt:117)
	at io.kotest.core.internal.TestCaseExecutor.access$executeIfEnabled(TestCaseExecutor.kt:57)
	at io.kotest.core.internal.TestCaseExecutor$intercept$innerExecute$1.invokeSuspend(TestCaseExecutor.kt:89)
	at io.kotest.core.internal.TestCaseExecutor$intercept$innerExecute$1.invoke(TestCaseExecutor.kt)
	at io.kotest.core.internal.TestCaseExecutor$intercept$innerExecute$1.invoke(TestCaseExecutor.kt)
	at io.kotest.core.internal.TestCaseExecutor.intercept(TestCaseExecutor.kt:103)
	at io.kotest.core.internal.TestCaseExecutor.execute(TestCaseExecutor.kt:69)
	at io.kotest.engine.spec.runners.SingleInstanceSpecRunner.runTest(SingleInstanceSpecRunner.kt:104)
	at io.kotest.engine.spec.runners.SingleInstanceSpecRunner.access$runTest(SingleInstanceSpecRunner.kt:34)
	at io.kotest.engine.spec.runners.SingleInstanceSpecRunner$execute$interceptAndRun$2$4.invokeSuspend(SingleInstanceSpecRunner.kt:57)
	at io.kotest.engine.spec.runners.SingleInstanceSpecRunner$execute$interceptAndRun$2$4.invoke(SingleInstanceSpecRunner.kt)
	at io.kotest.engine.spec.runners.SingleInstanceSpecRunner$execute$interceptAndRun$2$4.invoke(SingleInstanceSpecRunner.kt)
	at io.kotest.engine.launchers.SequentialTestLauncher$launch$3$1$1.invokeSuspend(SequentialTestLauncher.kt:22)
	at kotlin.coroutines.jvm.internal.BaseContinuationImpl.resumeWith(ContinuationImpl.kt:33)
	at kotlinx.coroutines.DispatchedTask.run(DispatchedTask.kt:106)
	at java.base/java.util.concurrent.ThreadPoolExecutor.runWorker(ThreadPoolExecutor.java:1130)
	at java.base/java.util.concurrent.ThreadPoolExecutor$Worker.run(ThreadPoolExecutor.java:630)
	at java.base/java.lang.Thread.run(Thread.java:832)

Sep 19, 2021 2:24:41 AM net.sourceforge.marathon.javaagent.server.JavaServer serve
INFO: JavaServer.serve(POST /session): {
  "desiredCapabilities": {
    "browserName": "java",
    "platform": "ANY"
  },
  "capabilities": {
    "firstMatch": [
      {
        "browserName": "java"
      }
    ]
  }
}
Sep 19, 2021 2:24:41 AM net.sourceforge.marathon.javaagent.server.JavaServer createSession
INFO: Creating device with type: EVENT_QUEUE
Sep 19, 2021 2:24:41 AM net.sourceforge.marathon.javaagent.Device getDevice
INFO: Creating a EVENT_QUEUE device
Sep 19, 2021 2:24:41 AM net.sourceforge.marathon.javaagent.server.JavaServer serve
INFO: POST(/session, {"desiredCapabilities":{"browserName":"java","platform":"ANY"},"capabilities":{"firstMatch":[{"browserName":"java"}]}}) = {data=, status=REDIRECT}
Sep 19, 2021 2:24:41 AM net.sourceforge.marathon.javaagent.server.JavaServer serve
INFO: JavaServer.serve(GET /session/9085c0f3-724c-4577-bd91-0b7f71f76e76): {}
Sep 19, 2021 2:24:41 AM net.sourceforge.marathon.javaagent.server.JavaServer serve
INFO: GET(/session/9085c0f3-724c-4577-bd91-0b7f71f76e76) = {data={"name":"getCapabilities","sessionId":"9085c0f3-724c-4577-bd91-0b7f71f76e76","value":{"applicationCacheEnabled":false,"rotatable":false,"loggingPrefs":{"driver":"ALL"},"handlesAlerts":false,"databaseEnabled":false,"version":"1.0","platform":"ANY","browserConnectionEnabled":false,"nativeEvents":false,"acceptSslCerts":false,"locationContextEnabled":false,"webStorageEnabled":false,"browserName":"java","takesScreenshot":true,"javascriptEnabled":true,"cssSelectorsEnabled":false},"status":0}, status=OK}
Sep 19, 2021 2:24:41 AM org.openqa.selenium.remote.ProtocolHandshake createSession
INFO: Detected dialect: OSS
Sep 19, 2021 2:24:41 AM net.sourceforge.marathon.javaagent.server.JavaServer serve
INFO: JavaServer.serve(POST /session/9085c0f3-724c-4577-bd91-0b7f71f76e76/element): {
  "using": "css selector",
  "value": "."
}
Sep 19, 2021 2:24:41 AM net.sourceforge.marathon.javaagent.server.JavaServer serve
INFO: POST(/session/9085c0f3-724c-4577-bd91-0b7f71f76e76/element, {"using":"css selector","value":"."}) = {data={"name":"findElement","sessionId":"9085c0f3-724c-4577-bd91-0b7f71f76e76","value":{"ELEMENT":"d94e1acb-6f77-4081-9415-0f4c0c082bf7"},"status":0}, status=OK}
Sep 19, 2021 2:24:41 AM net.sourceforge.marathon.javaagent.server.JavaServer serve
INFO: JavaServer.serve(GET /session/9085c0f3-724c-4577-bd91-0b7f71f76e76/element/d94e1acb-6f77-4081-9415-0f4c0c082bf7/attribute/name): {}
Sep 19, 2021 2:24:41 AM net.sourceforge.marathon.javaagent.server.JavaServer serve
INFO: GET(/session/9085c0f3-724c-4577-bd91-0b7f71f76e76/element/d94e1acb-6f77-4081-9415-0f4c0c082bf7/attribute/name) = {data={"name":"getElementAttribute","sessionId":"9085c0f3-724c-4577-bd91-0b7f71f76e76","value":"Auction Sniper Name","status":0}, status=OK}
Sep 19, 2021 2:24:41 AM net.sourceforge.marathon.javaagent.server.JavaServer serve
INFO: JavaServer.serve(POST /session/9085c0f3-724c-4577-bd91-0b7f71f76e76/element): {
  "using": "css selector",
  "value": "."
}
Sep 19, 2021 2:24:41 AM net.sourceforge.marathon.javaagent.server.JavaServer serve
INFO: POST(/session/9085c0f3-724c-4577-bd91-0b7f71f76e76/element, {"using":"css selector","value":"."}) = {data={"name":"findElement","sessionId":"9085c0f3-724c-4577-bd91-0b7f71f76e76","value":{"ELEMENT":"d94e1acb-6f77-4081-9415-0f4c0c082bf7"},"status":0}, status=OK}
Sep 19, 2021 2:24:41 AM net.sourceforge.marathon.javaagent.server.JavaServer serve
INFO: JavaServer.serve(GET /session/9085c0f3-724c-4577-bd91-0b7f71f76e76/element/d94e1acb-6f77-4081-9415-0f4c0c082bf7/displayed): {}
Sep 19, 2021 2:24:41 AM net.sourceforge.marathon.javaagent.server.JavaServer serve
INFO: GET(/session/9085c0f3-724c-4577-bd91-0b7f71f76e76/element/d94e1acb-6f77-4081-9415-0f4c0c082bf7/displayed) = {data={"name":"isDisplayed","sessionId":"9085c0f3-724c-4577-bd91-0b7f71f76e76","value":true,"status":0}, status=OK}
Sep 19, 2021 2:24:41 AM net.sourceforge.marathon.javaagent.server.JavaServer serve
INFO: JavaServer.serve(GET /session/9085c0f3-724c-4577-bd91-0b7f71f76e76/title): {}
Sep 19, 2021 2:24:41 AM net.sourceforge.marathon.javaagent.server.JavaServer serve
INFO: GET(/session/9085c0f3-724c-4577-bd91-0b7f71f76e76/title) = {data={"name":"getWindowTitle","sessionId":"9085c0f3-724c-4577-bd91-0b7f71f76e76","value":"Auction Sniper","status":0}, status=OK}
Sep 19, 2021 2:24:41 AM net.sourceforge.marathon.javaagent.server.JavaServer serve
INFO: JavaServer.serve(POST /session/9085c0f3-724c-4577-bd91-0b7f71f76e76/element): {
  "using": "name",
  "value": "snipers table"
}
Sep 19, 2021 2:24:41 AM net.sourceforge.marathon.javaagent.server.JavaServer serve
INFO: POST(/session/9085c0f3-724c-4577-bd91-0b7f71f76e76/element, {"using":"name","value":"snipers table"}) = {data={"name":"findElement","sessionId":"9085c0f3-724c-4577-bd91-0b7f71f76e76","value":{"ELEMENT":"c953c7b5-24c2-44d3-adc2-63030d080958"},"status":0}, status=OK}
Sep 19, 2021 2:24:41 AM net.sourceforge.marathon.javaagent.server.JavaServer serve
INFO: JavaServer.serve(POST /session/9085c0f3-724c-4577-bd91-0b7f71f76e76/element/c953c7b5-24c2-44d3-adc2-63030d080958/elements): {
  "id": "c953c7b5-24c2-44d3-adc2-63030d080958",
  "using": "css selector",
  "value": ".::header.::all-items"
}
Sep 19, 2021 2:24:41 AM net.sourceforge.marathon.javaagent.server.JavaServer serve
INFO: POST(/session/9085c0f3-724c-4577-bd91-0b7f71f76e76/element/c953c7b5-24c2-44d3-adc2-63030d080958/elements, {"using":"css selector","id":"c953c7b5-24c2-44d3-adc2-63030d080958","value":".::header.::all-items"}) = {data={"name":"findElementsOfElement","sessionId":"9085c0f3-724c-4577-bd91-0b7f71f76e76","value":[{"ELEMENT":"c17ade13-6911-4d28-ac8e-075f24ce7769%23%7B%22selector%22%3A%22nth-item%22%2C%22parameters%22%3A%5B1%5D%7D"},{"ELEMENT":"c17ade13-6911-4d28-ac8e-075f24ce7769%23%7B%22selector%22%3A%22nth-item%22%2C%22parameters%22%3A%5B2%5D%7D"},{"ELEMENT":"c17ade13-6911-4d28-ac8e-075f24ce7769%23%7B%22selector%22%3A%22nth-item%22%2C%22parameters%22%3A%5B3%5D%7D"},{"ELEMENT":"c17ade13-6911-4d28-ac8e-075f24ce7769%23%7B%22selector%22%3A%22nth-item%22%2C%22parameters%22%3A%5B4%5D%7D"}],"status":0}, status=OK}
Sep 19, 2021 2:24:41 AM net.sourceforge.marathon.javaagent.server.JavaServer serve
INFO: JavaServer.serve(GET /session/9085c0f3-724c-4577-bd91-0b7f71f76e76/element/c17ade13-6911-4d28-ac8e-075f24ce7769%23%7B%22selector%22%3A%22nth-item%22%2C%22parameters%22%3A%5B1%5D%7D/text): {}
Sep 19, 2021 2:24:41 AM net.sourceforge.marathon.javaagent.server.JavaServer serve
INFO: GET(/session/9085c0f3-724c-4577-bd91-0b7f71f76e76/element/c17ade13-6911-4d28-ac8e-075f24ce7769%23%7B%22selector%22%3A%22nth-item%22%2C%22parameters%22%3A%5B1%5D%7D/text) = {data={"name":"getElementText","sessionId":"9085c0f3-724c-4577-bd91-0b7f71f76e76","value":"Item","status":0}, status=OK}
Sep 19, 2021 2:24:41 AM net.sourceforge.marathon.javaagent.server.JavaServer serve
INFO: JavaServer.serve(GET /session/9085c0f3-724c-4577-bd91-0b7f71f76e76/element/c17ade13-6911-4d28-ac8e-075f24ce7769%23%7B%22selector%22%3A%22nth-item%22%2C%22parameters%22%3A%5B2%5D%7D/text): {}
Sep 19, 2021 2:24:41 AM net.sourceforge.marathon.javaagent.server.JavaServer serve
INFO: GET(/session/9085c0f3-724c-4577-bd91-0b7f71f76e76/element/c17ade13-6911-4d28-ac8e-075f24ce7769%23%7B%22selector%22%3A%22nth-item%22%2C%22parameters%22%3A%5B2%5D%7D/text) = {data={"name":"getElementText","sessionId":"9085c0f3-724c-4577-bd91-0b7f71f76e76","value":"Last Price","status":0}, status=OK}
Sep 19, 2021 2:24:41 AM net.sourceforge.marathon.javaagent.server.JavaServer serve
INFO: JavaServer.serve(GET /session/9085c0f3-724c-4577-bd91-0b7f71f76e76/element/c17ade13-6911-4d28-ac8e-075f24ce7769%23%7B%22selector%22%3A%22nth-item%22%2C%22parameters%22%3A%5B3%5D%7D/text): {}
Sep 19, 2021 2:24:41 AM net.sourceforge.marathon.javaagent.server.JavaServer serve
INFO: GET(/session/9085c0f3-724c-4577-bd91-0b7f71f76e76/element/c17ade13-6911-4d28-ac8e-075f24ce7769%23%7B%22selector%22%3A%22nth-item%22%2C%22parameters%22%3A%5B3%5D%7D/text) = {data={"name":"getElementText","sessionId":"9085c0f3-724c-4577-bd91-0b7f71f76e76","value":"Last Bid","status":0}, status=OK}
Sep 19, 2021 2:24:41 AM net.sourceforge.marathon.javaagent.server.JavaServer serve
INFO: JavaServer.serve(GET /session/9085c0f3-724c-4577-bd91-0b7f71f76e76/element/c17ade13-6911-4d28-ac8e-075f24ce7769%23%7B%22selector%22%3A%22nth-item%22%2C%22parameters%22%3A%5B4%5D%7D/text): {}
Sep 19, 2021 2:24:41 AM net.sourceforge.marathon.javaagent.server.JavaServer serve
INFO: GET(/session/9085c0f3-724c-4577-bd91-0b7f71f76e76/element/c17ade13-6911-4d28-ac8e-075f24ce7769%23%7B%22selector%22%3A%22nth-item%22%2C%22parameters%22%3A%5B4%5D%7D/text) = {data={"name":"getElementText","sessionId":"9085c0f3-724c-4577-bd91-0b7f71f76e76","value":"State","status":0}, status=OK}
Sep 19, 2021 2:24:41 AM net.sourceforge.marathon.javaagent.server.JavaServer serve
INFO: JavaServer.serve(DELETE /session/9085c0f3-724c-4577-bd91-0b7f71f76e76/window): {}
Sep 19, 2021 2:24:41 AM net.sourceforge.marathon.javaagent.server.JavaServer serve
INFO: DELETE(/session/9085c0f3-724c-4577-bd91-0b7f71f76e76/window) = {data={"name":"closeSession","sessionId":"9085c0f3-724c-4577-bd91-0b7f71f76e76","status":0}, status=OK}
Sep 19, 2021 2:24:41 AM net.sourceforge.marathon.javaagent.server.JavaServer serve
INFO: JavaServer.serve(POST /session): {
  "desiredCapabilities": {
    "browserName": "java",
    "platform": "ANY"
  },
  "capabilities": {
    "firstMatch": [
      {
        "browserName": "java"
      }
    ]
  }
}
Sep 19, 2021 2:24:41 AM net.sourceforge.marathon.javaagent.server.JavaServer createSession
INFO: Creating device with type: EVENT_QUEUE
Sep 19, 2021 2:24:41 AM net.sourceforge.marathon.javaagent.Device getDevice
INFO: Creating a EVENT_QUEUE device
Sep 19, 2021 2:24:41 AM net.sourceforge.marathon.javaagent.server.JavaServer serve
INFO: POST(/session, {"desiredCapabilities":{"browserName":"java","platform":"ANY"},"capabilities":{"firstMatch":[{"browserName":"java"}]}}) = {data=, status=REDIRECT}
Sep 19, 2021 2:24:41 AM net.sourceforge.marathon.javaagent.server.JavaServer serve
INFO: JavaServer.serve(GET /session/12849ba6-2315-4ed0-96c7-79ce3910051b): {}
Sep 19, 2021 2:24:41 AM net.sourceforge.marathon.javaagent.server.JavaServer serve
INFO: GET(/session/12849ba6-2315-4ed0-96c7-79ce3910051b) = {data={"name":"getCapabilities","sessionId":"12849ba6-2315-4ed0-96c7-79ce3910051b","value":{"applicationCacheEnabled":false,"rotatable":false,"loggingPrefs":{"driver":"ALL"},"handlesAlerts":false,"databaseEnabled":false,"version":"1.0","platform":"ANY","browserConnectionEnabled":false,"nativeEvents":false,"acceptSslCerts":false,"locationContextEnabled":false,"webStorageEnabled":false,"browserName":"java","takesScreenshot":true,"javascriptEnabled":true,"cssSelectorsEnabled":false},"status":0}, status=OK}
Sep 19, 2021 2:24:41 AM org.openqa.selenium.remote.ProtocolHandshake createSession
INFO: Detected dialect: OSS
Sep 19, 2021 2:24:41 AM net.sourceforge.marathon.javaagent.server.JavaServer serve
INFO: JavaServer.serve(POST /session/12849ba6-2315-4ed0-96c7-79ce3910051b/element): {
  "using": "name",
  "value": "new item id field"
}
Sep 19, 2021 2:24:41 AM net.sourceforge.marathon.javaagent.server.JavaServer serve
INFO: POST(/session/12849ba6-2315-4ed0-96c7-79ce3910051b/element, {"using":"name","value":"new item id field"}) = {data={"name":"findElement","sessionId":"12849ba6-2315-4ed0-96c7-79ce3910051b","value":{"ELEMENT":"b5b25fca-c05f-42a0-9e67-2814bd587f66"},"status":0}, status=OK}
Sep 19, 2021 2:24:41 AM net.sourceforge.marathon.javaagent.server.JavaServer serve
INFO: JavaServer.serve(POST /session/12849ba6-2315-4ed0-96c7-79ce3910051b/element/b5b25fca-c05f-42a0-9e67-2814bd587f66/clear): {
  "id": "b5b25fca-c05f-42a0-9e67-2814bd587f66"
}
Sep 19, 2021 2:24:41 AM net.sourceforge.marathon.javaagent.server.JavaServer serve
INFO: POST(/session/12849ba6-2315-4ed0-96c7-79ce3910051b/element/b5b25fca-c05f-42a0-9e67-2814bd587f66/clear, {"id":"b5b25fca-c05f-42a0-9e67-2814bd587f66"}) = {data={"name":"clearElement","sessionId":"12849ba6-2315-4ed0-96c7-79ce3910051b","status":0}, status=OK}
Sep 19, 2021 2:24:41 AM net.sourceforge.marathon.javaagent.server.JavaServer serve
INFO: JavaServer.serve(POST /session/12849ba6-2315-4ed0-96c7-79ce3910051b/element/b5b25fca-c05f-42a0-9e67-2814bd587f66/value): {
  "id": "b5b25fca-c05f-42a0-9e67-2814bd587f66",
  "value": [
    "an item-id"
  ]
}
Sep 19, 2021 2:24:41 AM net.sourceforge.marathon.javaagent.EventQueueDevice dispatchEvent
INFO: java.awt.event.KeyEvent[KEY_PRESSED,keyCode=65,keyText=A,keyChar='a',keyLocation=KEY_LOCATION_UNKNOWN,rawCode=0,primaryLevelUnicode=0,scancode=0,extendedKeyCode=0x0] on new item id field
Sep 19, 2021 2:24:41 AM net.sourceforge.marathon.javaagent.EventQueueDevice dispatchEvent
INFO: java.awt.event.KeyEvent[KEY_TYPED,keyCode=0,keyText=Unknown keyCode: 0x0,keyChar='a',keyLocation=KEY_LOCATION_UNKNOWN,rawCode=0,primaryLevelUnicode=0,scancode=0,extendedKeyCode=0x0] on new item id field
Sep 19, 2021 2:24:41 AM net.sourceforge.marathon.javaagent.EventQueueDevice dispatchEvent
INFO: java.awt.event.KeyEvent[KEY_RELEASED,keyCode=65,keyText=A,keyChar='a',keyLocation=KEY_LOCATION_UNKNOWN,rawCode=0,primaryLevelUnicode=0,scancode=0,extendedKeyCode=0x0] on new item id field
Sep 19, 2021 2:24:41 AM net.sourceforge.marathon.javaagent.EventQueueDevice dispatchEvent
INFO: java.awt.event.KeyEvent[KEY_PRESSED,keyCode=78,keyText=N,keyChar='n',keyLocation=KEY_LOCATION_UNKNOWN,rawCode=0,primaryLevelUnicode=0,scancode=0,extendedKeyCode=0x0] on new item id field
Sep 19, 2021 2:24:41 AM net.sourceforge.marathon.javaagent.EventQueueDevice dispatchEvent
INFO: java.awt.event.KeyEvent[KEY_TYPED,keyCode=0,keyText=Unknown keyCode: 0x0,keyChar='n',keyLocation=KEY_LOCATION_UNKNOWN,rawCode=0,primaryLevelUnicode=0,scancode=0,extendedKeyCode=0x0] on new item id field
Sep 19, 2021 2:24:41 AM net.sourceforge.marathon.javaagent.EventQueueDevice dispatchEvent
INFO: java.awt.event.KeyEvent[KEY_RELEASED,keyCode=78,keyText=N,keyChar='n',keyLocation=KEY_LOCATION_UNKNOWN,rawCode=0,primaryLevelUnicode=0,scancode=0,extendedKeyCode=0x0] on new item id field
Sep 19, 2021 2:24:41 AM net.sourceforge.marathon.javaagent.EventQueueDevice dispatchEvent
INFO: java.awt.event.KeyEvent[KEY_PRESSED,keyCode=16,keyText=Shift,keyChar=Undefined keyChar,modifiers=Shift,extModifiers=Shift,keyLocation=KEY_LOCATION_UNKNOWN,rawCode=0,primaryLevelUnicode=0,scancode=0,extendedKeyCode=0x0] on new item id field
Sep 19, 2021 2:24:41 AM net.sourceforge.marathon.javaagent.EventQueueDevice dispatchEvent
INFO: java.awt.event.KeyEvent[KEY_PRESSED,keyCode=32,keyText=Space,keyChar=' ',modifiers=Shift,extModifiers=Shift,keyLocation=KEY_LOCATION_UNKNOWN,rawCode=0,primaryLevelUnicode=0,scancode=0,extendedKeyCode=0x0] on new item id field
Sep 19, 2021 2:24:41 AM net.sourceforge.marathon.javaagent.EventQueueDevice dispatchEvent
INFO: java.awt.event.KeyEvent[KEY_TYPED,keyCode=0,keyText=Unknown keyCode: 0x0,keyChar=' ',modifiers=Shift,extModifiers=Shift,keyLocation=KEY_LOCATION_UNKNOWN,rawCode=0,primaryLevelUnicode=0,scancode=0,extendedKeyCode=0x0] on new item id field
Sep 19, 2021 2:24:41 AM net.sourceforge.marathon.javaagent.EventQueueDevice dispatchEvent
INFO: java.awt.event.KeyEvent[KEY_RELEASED,keyCode=32,keyText=Space,keyChar=' ',modifiers=Shift,extModifiers=Shift,keyLocation=KEY_LOCATION_UNKNOWN,rawCode=0,primaryLevelUnicode=0,scancode=0,extendedKeyCode=0x0] on new item id field
Sep 19, 2021 2:24:41 AM net.sourceforge.marathon.javaagent.EventQueueDevice dispatchEvent
INFO: java.awt.event.KeyEvent[KEY_RELEASED,keyCode=16,keyText=Shift,keyChar=Undefined keyChar,keyLocation=KEY_LOCATION_UNKNOWN,rawCode=0,primaryLevelUnicode=0,scancode=0,extendedKeyCode=0x0] on new item id field
Sep 19, 2021 2:24:41 AM net.sourceforge.marathon.javaagent.EventQueueDevice dispatchEvent
INFO: java.awt.event.KeyEvent[KEY_PRESSED,keyCode=73,keyText=I,keyChar='i',keyLocation=KEY_LOCATION_UNKNOWN,rawCode=0,primaryLevelUnicode=0,scancode=0,extendedKeyCode=0x0] on new item id field
Sep 19, 2021 2:24:41 AM net.sourceforge.marathon.javaagent.EventQueueDevice dispatchEvent
INFO: java.awt.event.KeyEvent[KEY_TYPED,keyCode=0,keyText=Unknown keyCode: 0x0,keyChar='i',keyLocation=KEY_LOCATION_UNKNOWN,rawCode=0,primaryLevelUnicode=0,scancode=0,extendedKeyCode=0x0] on new item id field
Sep 19, 2021 2:24:41 AM net.sourceforge.marathon.javaagent.EventQueueDevice dispatchEvent
INFO: java.awt.event.KeyEvent[KEY_RELEASED,keyCode=73,keyText=I,keyChar='i',keyLocation=KEY_LOCATION_UNKNOWN,rawCode=0,primaryLevelUnicode=0,scancode=0,extendedKeyCode=0x0] on new item id field
Sep 19, 2021 2:24:41 AM net.sourceforge.marathon.javaagent.EventQueueDevice dispatchEvent
INFO: java.awt.event.KeyEvent[KEY_PRESSED,keyCode=84,keyText=T,keyChar='t',keyLocation=KEY_LOCATION_UNKNOWN,rawCode=0,primaryLevelUnicode=0,scancode=0,extendedKeyCode=0x0] on new item id field
Sep 19, 2021 2:24:41 AM net.sourceforge.marathon.javaagent.EventQueueDevice dispatchEvent
INFO: java.awt.event.KeyEvent[KEY_TYPED,keyCode=0,keyText=Unknown keyCode: 0x0,keyChar='t',keyLocation=KEY_LOCATION_UNKNOWN,rawCode=0,primaryLevelUnicode=0,scancode=0,extendedKeyCode=0x0] on new item id field
Sep 19, 2021 2:24:41 AM net.sourceforge.marathon.javaagent.EventQueueDevice dispatchEvent
INFO: java.awt.event.KeyEvent[KEY_RELEASED,keyCode=84,keyText=T,keyChar='t',keyLocation=KEY_LOCATION_UNKNOWN,rawCode=0,primaryLevelUnicode=0,scancode=0,extendedKeyCode=0x0] on new item id field
Sep 19, 2021 2:24:41 AM net.sourceforge.marathon.javaagent.EventQueueDevice dispatchEvent
INFO: java.awt.event.KeyEvent[KEY_PRESSED,keyCode=69,keyText=E,keyChar='e',keyLocation=KEY_LOCATION_UNKNOWN,rawCode=0,primaryLevelUnicode=0,scancode=0,extendedKeyCode=0x0] on new item id field
Sep 19, 2021 2:24:41 AM net.sourceforge.marathon.javaagent.EventQueueDevice dispatchEvent
INFO: java.awt.event.KeyEvent[KEY_TYPED,keyCode=0,keyText=Unknown keyCode: 0x0,keyChar='e',keyLocation=KEY_LOCATION_UNKNOWN,rawCode=0,primaryLevelUnicode=0,scancode=0,extendedKeyCode=0x0] on new item id field
Sep 19, 2021 2:24:41 AM net.sourceforge.marathon.javaagent.EventQueueDevice dispatchEvent
INFO: java.awt.event.KeyEvent[KEY_RELEASED,keyCode=69,keyText=E,keyChar='e',keyLocation=KEY_LOCATION_UNKNOWN,rawCode=0,primaryLevelUnicode=0,scancode=0,extendedKeyCode=0x0] on new item id field
Sep 19, 2021 2:24:41 AM net.sourceforge.marathon.javaagent.EventQueueDevice dispatchEvent
INFO: java.awt.event.KeyEvent[KEY_PRESSED,keyCode=77,keyText=M,keyChar='m',keyLocation=KEY_LOCATION_UNKNOWN,rawCode=0,primaryLevelUnicode=0,scancode=0,extendedKeyCode=0x0] on new item id field
Sep 19, 2021 2:24:41 AM net.sourceforge.marathon.javaagent.EventQueueDevice dispatchEvent
INFO: java.awt.event.KeyEvent[KEY_TYPED,keyCode=0,keyText=Unknown keyCode: 0x0,keyChar='m',keyLocation=KEY_LOCATION_UNKNOWN,rawCode=0,primaryLevelUnicode=0,scancode=0,extendedKeyCode=0x0] on new item id field
Sep 19, 2021 2:24:41 AM net.sourceforge.marathon.javaagent.EventQueueDevice dispatchEvent
INFO: java.awt.event.KeyEvent[KEY_RELEASED,keyCode=77,keyText=M,keyChar='m',keyLocation=KEY_LOCATION_UNKNOWN,rawCode=0,primaryLevelUnicode=0,scancode=0,extendedKeyCode=0x0] on new item id field
Sep 19, 2021 2:24:41 AM net.sourceforge.marathon.javaagent.EventQueueDevice dispatchEvent
INFO: java.awt.event.KeyEvent[KEY_PRESSED,keyCode=45,keyText=Minus,keyChar='-',keyLocation=KEY_LOCATION_UNKNOWN,rawCode=0,primaryLevelUnicode=0,scancode=0,extendedKeyCode=0x0] on new item id field
Sep 19, 2021 2:24:41 AM net.sourceforge.marathon.javaagent.EventQueueDevice dispatchEvent
INFO: java.awt.event.KeyEvent[KEY_TYPED,keyCode=0,keyText=Unknown keyCode: 0x0,keyChar='-',keyLocation=KEY_LOCATION_UNKNOWN,rawCode=0,primaryLevelUnicode=0,scancode=0,extendedKeyCode=0x0] on new item id field
Sep 19, 2021 2:24:41 AM net.sourceforge.marathon.javaagent.EventQueueDevice dispatchEvent
INFO: java.awt.event.KeyEvent[KEY_RELEASED,keyCode=45,keyText=Minus,keyChar='-',keyLocation=KEY_LOCATION_UNKNOWN,rawCode=0,primaryLevelUnicode=0,scancode=0,extendedKeyCode=0x0] on new item id field
Sep 19, 2021 2:24:41 AM net.sourceforge.marathon.javaagent.EventQueueDevice dispatchEvent
INFO: java.awt.event.KeyEvent[KEY_PRESSED,keyCode=73,keyText=I,keyChar='i',keyLocation=KEY_LOCATION_UNKNOWN,rawCode=0,primaryLevelUnicode=0,scancode=0,extendedKeyCode=0x0] on new item id field
Sep 19, 2021 2:24:41 AM net.sourceforge.marathon.javaagent.EventQueueDevice dispatchEvent
INFO: java.awt.event.KeyEvent[KEY_TYPED,keyCode=0,keyText=Unknown keyCode: 0x0,keyChar='i',keyLocation=KEY_LOCATION_UNKNOWN,rawCode=0,primaryLevelUnicode=0,scancode=0,extendedKeyCode=0x0] on new item id field
Sep 19, 2021 2:24:41 AM net.sourceforge.marathon.javaagent.EventQueueDevice dispatchEvent
INFO: java.awt.event.KeyEvent[KEY_RELEASED,keyCode=73,keyText=I,keyChar='i',keyLocation=KEY_LOCATION_UNKNOWN,rawCode=0,primaryLevelUnicode=0,scancode=0,extendedKeyCode=0x0] on new item id field
Sep 19, 2021 2:24:41 AM net.sourceforge.marathon.javaagent.EventQueueDevice dispatchEvent
INFO: java.awt.event.KeyEvent[KEY_PRESSED,keyCode=68,keyText=D,keyChar='d',keyLocation=KEY_LOCATION_UNKNOWN,rawCode=0,primaryLevelUnicode=0,scancode=0,extendedKeyCode=0x0] on new item id field
Sep 19, 2021 2:24:41 AM net.sourceforge.marathon.javaagent.EventQueueDevice dispatchEvent
INFO: java.awt.event.KeyEvent[KEY_TYPED,keyCode=0,keyText=Unknown keyCode: 0x0,keyChar='d',keyLocation=KEY_LOCATION_UNKNOWN,rawCode=0,primaryLevelUnicode=0,scancode=0,extendedKeyCode=0x0] on new item id field
Sep 19, 2021 2:24:41 AM net.sourceforge.marathon.javaagent.EventQueueDevice dispatchEvent
INFO: java.awt.event.KeyEvent[KEY_RELEASED,keyCode=68,keyText=D,keyChar='d',keyLocation=KEY_LOCATION_UNKNOWN,rawCode=0,primaryLevelUnicode=0,scancode=0,extendedKeyCode=0x0] on new item id field
Sep 19, 2021 2:24:41 AM net.sourceforge.marathon.javaagent.server.JavaServer serve
INFO: POST(/session/12849ba6-2315-4ed0-96c7-79ce3910051b/element/b5b25fca-c05f-42a0-9e67-2814bd587f66/value, {"id":"b5b25fca-c05f-42a0-9e67-2814bd587f66","value":["an item-id"]}) = {data={"name":"sendKeysElement","sessionId":"12849ba6-2315-4ed0-96c7-79ce3910051b","status":0}, status=OK}
Sep 19, 2021 2:24:41 AM net.sourceforge.marathon.javaagent.server.JavaServer serve
INFO: JavaServer.serve(POST /session/12849ba6-2315-4ed0-96c7-79ce3910051b/element): {
  "using": "name",
  "value": "new item stop price field"
}
Sep 19, 2021 2:24:41 AM net.sourceforge.marathon.javaagent.server.JavaServer serve
INFO: POST(/session/12849ba6-2315-4ed0-96c7-79ce3910051b/element, {"using":"name","value":"new item stop price field"}) = {data={"name":"findElement","sessionId":"12849ba6-2315-4ed0-96c7-79ce3910051b","value":{"ELEMENT":"086c9355-a17f-42b6-887d-fcd9cec7be9b"},"status":0}, status=OK}
Sep 19, 2021 2:24:41 AM net.sourceforge.marathon.javaagent.server.JavaServer serve
INFO: JavaServer.serve(POST /session/12849ba6-2315-4ed0-96c7-79ce3910051b/element/086c9355-a17f-42b6-887d-fcd9cec7be9b/clear): {
  "id": "086c9355-a17f-42b6-887d-fcd9cec7be9b"
}
Sep 19, 2021 2:24:42 AM net.sourceforge.marathon.javaagent.server.JavaServer serve
INFO: POST(/session/12849ba6-2315-4ed0-96c7-79ce3910051b/element/086c9355-a17f-42b6-887d-fcd9cec7be9b/clear, {"id":"086c9355-a17f-42b6-887d-fcd9cec7be9b"}) = {data={"name":"clearElement","sessionId":"12849ba6-2315-4ed0-96c7-79ce3910051b","status":0}, status=OK}
Sep 19, 2021 2:24:42 AM net.sourceforge.marathon.javaagent.server.JavaServer serve
INFO: JavaServer.serve(POST /session/12849ba6-2315-4ed0-96c7-79ce3910051b/element/086c9355-a17f-42b6-887d-fcd9cec7be9b/value): {
  "id": "086c9355-a17f-42b6-887d-fcd9cec7be9b",
  "value": [
    "11000"
  ]
}
Sep 19, 2021 2:24:42 AM net.sourceforge.marathon.javaagent.EventQueueDevice dispatchEvent
INFO: java.awt.event.KeyEvent[KEY_PRESSED,keyCode=49,keyText=1,keyChar='1',keyLocation=KEY_LOCATION_UNKNOWN,rawCode=0,primaryLevelUnicode=0,scancode=0,extendedKeyCode=0x0] on new item stop price field
Sep 19, 2021 2:24:42 AM net.sourceforge.marathon.javaagent.EventQueueDevice dispatchEvent
INFO: java.awt.event.KeyEvent[KEY_TYPED,keyCode=0,keyText=Unknown keyCode: 0x0,keyChar='1',keyLocation=KEY_LOCATION_UNKNOWN,rawCode=0,primaryLevelUnicode=0,scancode=0,extendedKeyCode=0x0] on new item stop price field
Sep 19, 2021 2:24:42 AM net.sourceforge.marathon.javaagent.EventQueueDevice dispatchEvent
INFO: java.awt.event.KeyEvent[KEY_RELEASED,keyCode=49,keyText=1,keyChar='1',keyLocation=KEY_LOCATION_UNKNOWN,rawCode=0,primaryLevelUnicode=0,scancode=0,extendedKeyCode=0x0] on new item stop price field
Sep 19, 2021 2:24:42 AM net.sourceforge.marathon.javaagent.EventQueueDevice dispatchEvent
INFO: java.awt.event.KeyEvent[KEY_PRESSED,keyCode=49,keyText=1,keyChar='1',keyLocation=KEY_LOCATION_UNKNOWN,rawCode=0,primaryLevelUnicode=0,scancode=0,extendedKeyCode=0x0] on new item stop price field
Sep 19, 2021 2:24:42 AM net.sourceforge.marathon.javaagent.EventQueueDevice dispatchEvent
INFO: java.awt.event.KeyEvent[KEY_TYPED,keyCode=0,keyText=Unknown keyCode: 0x0,keyChar='1',keyLocation=KEY_LOCATION_UNKNOWN,rawCode=0,primaryLevelUnicode=0,scancode=0,extendedKeyCode=0x0] on new item stop price field
Sep 19, 2021 2:24:42 AM net.sourceforge.marathon.javaagent.EventQueueDevice dispatchEvent
INFO: java.awt.event.KeyEvent[KEY_RELEASED,keyCode=49,keyText=1,keyChar='1',keyLocation=KEY_LOCATION_UNKNOWN,rawCode=0,primaryLevelUnicode=0,scancode=0,extendedKeyCode=0x0] on new item stop price field
Sep 19, 2021 2:24:42 AM net.sourceforge.marathon.javaagent.EventQueueDevice dispatchEvent
INFO: java.awt.event.KeyEvent[KEY_PRESSED,keyCode=48,keyText=0,keyChar='0',keyLocation=KEY_LOCATION_UNKNOWN,rawCode=0,primaryLevelUnicode=0,scancode=0,extendedKeyCode=0x0] on new item stop price field
Sep 19, 2021 2:24:42 AM net.sourceforge.marathon.javaagent.EventQueueDevice dispatchEvent
INFO: java.awt.event.KeyEvent[KEY_TYPED,keyCode=0,keyText=Unknown keyCode: 0x0,keyChar='0',keyLocation=KEY_LOCATION_UNKNOWN,rawCode=0,primaryLevelUnicode=0,scancode=0,extendedKeyCode=0x0] on new item stop price field
Sep 19, 2021 2:24:42 AM net.sourceforge.marathon.javaagent.EventQueueDevice dispatchEvent
INFO: java.awt.event.KeyEvent[KEY_RELEASED,keyCode=48,keyText=0,keyChar='0',keyLocation=KEY_LOCATION_UNKNOWN,rawCode=0,primaryLevelUnicode=0,scancode=0,extendedKeyCode=0x0] on new item stop price field
Sep 19, 2021 2:24:42 AM net.sourceforge.marathon.javaagent.EventQueueDevice dispatchEvent
INFO: java.awt.event.KeyEvent[KEY_PRESSED,keyCode=48,keyText=0,keyChar='0',keyLocation=KEY_LOCATION_UNKNOWN,rawCode=0,primaryLevelUnicode=0,scancode=0,extendedKeyCode=0x0] on new item stop price field
Sep 19, 2021 2:24:42 AM net.sourceforge.marathon.javaagent.EventQueueDevice dispatchEvent
INFO: java.awt.event.KeyEvent[KEY_TYPED,keyCode=0,keyText=Unknown keyCode: 0x0,keyChar='0',keyLocation=KEY_LOCATION_UNKNOWN,rawCode=0,primaryLevelUnicode=0,scancode=0,extendedKeyCode=0x0] on new item stop price field
Sep 19, 2021 2:24:42 AM net.sourceforge.marathon.javaagent.EventQueueDevice dispatchEvent
INFO: java.awt.event.KeyEvent[KEY_RELEASED,keyCode=48,keyText=0,keyChar='0',keyLocation=KEY_LOCATION_UNKNOWN,rawCode=0,primaryLevelUnicode=0,scancode=0,extendedKeyCode=0x0] on new item stop price field
Sep 19, 2021 2:24:42 AM net.sourceforge.marathon.javaagent.EventQueueDevice dispatchEvent
INFO: java.awt.event.KeyEvent[KEY_PRESSED,keyCode=48,keyText=0,keyChar='0',keyLocation=KEY_LOCATION_UNKNOWN,rawCode=0,primaryLevelUnicode=0,scancode=0,extendedKeyCode=0x0] on new item stop price field
Sep 19, 2021 2:24:42 AM net.sourceforge.marathon.javaagent.EventQueueDevice dispatchEvent
INFO: java.awt.event.KeyEvent[KEY_TYPED,keyCode=0,keyText=Unknown keyCode: 0x0,keyChar='0',keyLocation=KEY_LOCATION_UNKNOWN,rawCode=0,primaryLevelUnicode=0,scancode=0,extendedKeyCode=0x0] on new item stop price field
Sep 19, 2021 2:24:42 AM net.sourceforge.marathon.javaagent.EventQueueDevice dispatchEvent
INFO: java.awt.event.KeyEvent[KEY_RELEASED,keyCode=48,keyText=0,keyChar='0',keyLocation=KEY_LOCATION_UNKNOWN,rawCode=0,primaryLevelUnicode=0,scancode=0,extendedKeyCode=0x0] on new item stop price field
Sep 19, 2021 2:24:42 AM net.sourceforge.marathon.javaagent.server.JavaServer serve
INFO: POST(/session/12849ba6-2315-4ed0-96c7-79ce3910051b/element/086c9355-a17f-42b6-887d-fcd9cec7be9b/value, {"id":"086c9355-a17f-42b6-887d-fcd9cec7be9b","value":["11000"]}) = {data={"name":"sendKeysElement","sessionId":"12849ba6-2315-4ed0-96c7-79ce3910051b","status":0}, status=OK}
Sep 19, 2021 2:24:42 AM net.sourceforge.marathon.javaagent.server.JavaServer serve
INFO: JavaServer.serve(POST /session/12849ba6-2315-4ed0-96c7-79ce3910051b/element): {
  "using": "name",
  "value": "join button"
}
Sep 19, 2021 2:24:42 AM net.sourceforge.marathon.javaagent.server.JavaServer serve
INFO: POST(/session/12849ba6-2315-4ed0-96c7-79ce3910051b/element, {"using":"name","value":"join button"}) = {data={"name":"findElement","sessionId":"12849ba6-2315-4ed0-96c7-79ce3910051b","value":{"ELEMENT":"2f8e3e70-3225-447a-be2d-ec4133f5c19d"},"status":0}, status=OK}
Sep 19, 2021 2:24:42 AM net.sourceforge.marathon.javaagent.server.JavaServer serve
INFO: JavaServer.serve(POST /session/12849ba6-2315-4ed0-96c7-79ce3910051b/element/2f8e3e70-3225-447a-be2d-ec4133f5c19d/click): {
  "id": "2f8e3e70-3225-447a-be2d-ec4133f5c19d"
}
Sep 19, 2021 2:24:42 AM net.sourceforge.marathon.javaagent.EventQueueDevice dispatchEvent
INFO: java.awt.event.MouseEvent[MOUSE_PRESSED,(58,12),absolute(589,17),button=1,modifiers=Button1,extModifiers=Button1,clickCount=1] on join button
Sep 19, 2021 2:24:42 AM net.sourceforge.marathon.javaagent.EventQueueDevice dispatchEvent
INFO: java.awt.event.MouseEvent[MOUSE_RELEASED,(58,12),absolute(589,17),button=1,modifiers=Button1,clickCount=1] on join button
Sep 19, 2021 2:24:42 AM net.sourceforge.marathon.javaagent.EventQueueDevice dispatchEvent
INFO: java.awt.event.MouseEvent[MOUSE_CLICKED,(58,12),absolute(589,17),button=1,modifiers=Button1,clickCount=1] on join button
Sep 19, 2021 2:24:42 AM net.sourceforge.marathon.javaagent.server.JavaServer serve
INFO: POST(/session/12849ba6-2315-4ed0-96c7-79ce3910051b/element/2f8e3e70-3225-447a-be2d-ec4133f5c19d/click, {"id":"2f8e3e70-3225-447a-be2d-ec4133f5c19d"}) = {data={"name":"clickElement","sessionId":"12849ba6-2315-4ed0-96c7-79ce3910051b","status":0}, status=OK}
Sep 19, 2021 2:24:42 AM net.sourceforge.marathon.javaagent.server.JavaServer serve
INFO: JavaServer.serve(DELETE /session/12849ba6-2315-4ed0-96c7-79ce3910051b/window): {}
Sep 19, 2021 2:24:42 AM net.sourceforge.marathon.javaagent.server.JavaServer serve
INFO: DELETE(/session/12849ba6-2315-4ed0-96c7-79ce3910051b/window) = {data={"name":"closeSession","sessionId":"12849ba6-2315-4ed0-96c7-79ce3910051b","status":0}, status=OK}
Sep 19, 2021 2:24:42 AM net.sourceforge.marathon.javaagent.server.JavaServer serve
INFO: JavaServer.serve(POST /session): {
  "desiredCapabilities": {
    "browserName": "java",
    "platform": "ANY"
  },
  "capabilities": {
    "firstMatch": [
      {
        "browserName": "java"
      }
    ]
  }
}
Sep 19, 2021 2:24:42 AM net.sourceforge.marathon.javaagent.server.JavaServer createSession
INFO: Creating device with type: EVENT_QUEUE
Sep 19, 2021 2:24:42 AM net.sourceforge.marathon.javaagent.Device getDevice
INFO: Creating a EVENT_QUEUE device
Sep 19, 2021 2:24:42 AM net.sourceforge.marathon.javaagent.server.JavaServer serve
INFO: POST(/session, {"desiredCapabilities":{"browserName":"java","platform":"ANY"},"capabilities":{"firstMatch":[{"browserName":"java"}]}}) = {data=, status=REDIRECT}
Sep 19, 2021 2:24:42 AM net.sourceforge.marathon.javaagent.server.JavaServer serve
INFO: JavaServer.serve(GET /session/b84bb287-5ddc-45f6-8d19-2ca94ba4879d): {}
Sep 19, 2021 2:24:42 AM net.sourceforge.marathon.javaagent.server.JavaServer serve
INFO: GET(/session/b84bb287-5ddc-45f6-8d19-2ca94ba4879d) = {data={"name":"getCapabilities","sessionId":"b84bb287-5ddc-45f6-8d19-2ca94ba4879d","value":{"applicationCacheEnabled":false,"rotatable":false,"loggingPrefs":{"driver":"ALL"},"handlesAlerts":false,"databaseEnabled":false,"version":"1.0","platform":"ANY","browserConnectionEnabled":false,"nativeEvents":false,"acceptSslCerts":false,"locationContextEnabled":false,"webStorageEnabled":false,"browserName":"java","takesScreenshot":true,"javascriptEnabled":true,"cssSelectorsEnabled":false},"status":0}, status=OK}
Sep 19, 2021 2:24:42 AM org.openqa.selenium.remote.ProtocolHandshake createSession
INFO: Detected dialect: OSS
Sep 19, 2021 2:24:42 AM net.sourceforge.marathon.javaagent.server.JavaServer serve
INFO: JavaServer.serve(POST /session/b84bb287-5ddc-45f6-8d19-2ca94ba4879d/element): {
  "using": "name",
  "value": "sniper reset button"
}
Sep 19, 2021 2:24:42 AM net.sourceforge.marathon.javaagent.server.JavaServer serve
INFO: POST(/session/b84bb287-5ddc-45f6-8d19-2ca94ba4879d/element, {"using":"name","value":"sniper reset button"}) = {data={"name":"findElement","sessionId":"b84bb287-5ddc-45f6-8d19-2ca94ba4879d","value":{"ELEMENT":"cecf5093-e8ff-411a-b493-52dddbc65c67"},"status":0}, status=OK}
Sep 19, 2021 2:24:42 AM net.sourceforge.marathon.javaagent.server.JavaServer serve
INFO: JavaServer.serve(POST /session/b84bb287-5ddc-45f6-8d19-2ca94ba4879d/element/cecf5093-e8ff-411a-b493-52dddbc65c67/click): {
  "id": "cecf5093-e8ff-411a-b493-52dddbc65c67"
}
Sep 19, 2021 2:24:42 AM net.sourceforge.marathon.javaagent.EventQueueDevice dispatchEvent
INFO: java.awt.event.MouseEvent[MOUSE_PRESSED,(37,12),absolute(326,474),button=1,modifiers=Button1,extModifiers=Button1,clickCount=1] on sniper reset button
Sep 19, 2021 2:24:42 AM net.sourceforge.marathon.javaagent.EventQueueDevice dispatchEvent
INFO: java.awt.event.MouseEvent[MOUSE_RELEASED,(37,12),absolute(326,474),button=1,modifiers=Button1,clickCount=1] on sniper reset button
Sep 19, 2021 2:24:42 AM net.sourceforge.marathon.javaagent.EventQueueDevice dispatchEvent
INFO: java.awt.event.MouseEvent[MOUSE_CLICKED,(37,12),absolute(326,474),button=1,modifiers=Button1,clickCount=1] on sniper reset button
Sep 19, 2021 2:24:42 AM net.sourceforge.marathon.javaagent.server.JavaServer serve
INFO: POST(/session/b84bb287-5ddc-45f6-8d19-2ca94ba4879d/element/cecf5093-e8ff-411a-b493-52dddbc65c67/click, {"id":"cecf5093-e8ff-411a-b493-52dddbc65c67"}) = {data={"name":"clickElement","sessionId":"b84bb287-5ddc-45f6-8d19-2ca94ba4879d","status":0}, status=OK}
Sep 19, 2021 2:24:42 AM net.sourceforge.marathon.javaagent.server.JavaServer serve
INFO: JavaServer.serve(DELETE /session/b84bb287-5ddc-45f6-8d19-2ca94ba4879d/window): {}
Sep 19, 2021 2:24:42 AM net.sourceforge.marathon.javaagent.server.JavaServer serve
INFO: DELETE(/session/b84bb287-5ddc-45f6-8d19-2ca94ba4879d/window) = {data={"name":"closeSession","sessionId":"b84bb287-5ddc-45f6-8d19-2ca94ba4879d","status":0}, status=OK}
]]></system-err>
</testsuite>
