<?xml version="1.0" encoding="UTF-8"?>
<testsuite name="goos.ui.swing.MainWindowTest" tests="3" skipped="0" failures="0" errors="0" timestamp="2021-12-23T10:07:57" hostname="buildkitsandbox" time="4.992">
  <properties/>
  <testcase name="window has expected features" classname="goos.ui.swing.MainWindowTest" time="3.694"/>
  <testcase name="make user request when join button clicked" classname="goos.ui.swing.MainWindowTest" time="1.092"/>
  <testcase name="make user request when reset button clicked" classname="goos.ui.swing.MainWindowTest" time="0.201"/>
  <system-out><![CDATA[]]></system-out>
  <system-err><![CDATA[SLF4J: Failed to load class "org.slf4j.impl.StaticLoggerBinder".
SLF4J: Defaulting to no-operation (NOP) logger implementation
SLF4J: See http://www.slf4j.org/codes.html#StaticLoggerBinder for further details.
Dec 23, 2021 10:08:00 AM io.netty.util.internal.MacAddressUtil defaultMachineId
WARNING: Failed to find a usable hardware address from the network interfaces; using random bytes: a4:bf:60:dc:11:92:c2:4e
Dec 23, 2021 10:08:00 AM net.sourceforge.marathon.javaagent.server.JavaServer serve
INFO: JavaServer.serve(POST /session): {
  "desiredCapabilities": {
    "browserName": "java",
    "platform": "ANY"
  },
  "capabilities": {
    "firstMatch": [
      {
        "browserName": "java"
      }
    ]
  }
}
Dec 23, 2021 10:08:00 AM net.sourceforge.marathon.javaagent.server.JavaServer createSession
INFO: Creating device with type: EVENT_QUEUE
Dec 23, 2021 10:08:00 AM net.sourceforge.marathon.javaagent.Device getDevice
INFO: Creating a EVENT_QUEUE device
Dec 23, 2021 10:08:00 AM net.sourceforge.marathon.javaagent.server.JavaServer serve
INFO: POST(/session, {"desiredCapabilities":{"browserName":"java","platform":"ANY"},"capabilities":{"firstMatch":[{"browserName":"java"}]}}) = {data=, status=REDIRECT}
Dec 23, 2021 10:08:00 AM net.sourceforge.marathon.javaagent.server.JavaServer serve
INFO: JavaServer.serve(GET /session/b2cb61f2-a8e2-4bf8-a7d1-b00cbcd53aea): {}
Dec 23, 2021 10:08:00 AM net.sourceforge.marathon.javaagent.server.JavaServer serve
INFO: GET(/session/b2cb61f2-a8e2-4bf8-a7d1-b00cbcd53aea) = {data={"name":"getCapabilities","sessionId":"b2cb61f2-a8e2-4bf8-a7d1-b00cbcd53aea","value":{"applicationCacheEnabled":false,"rotatable":false,"loggingPrefs":{"driver":"ALL"},"handlesAlerts":false,"databaseEnabled":false,"version":"1.0","platform":"ANY","browserConnectionEnabled":false,"nativeEvents":false,"acceptSslCerts":false,"locationContextEnabled":false,"webStorageEnabled":false,"browserName":"java","takesScreenshot":true,"javascriptEnabled":true,"cssSelectorsEnabled":false},"status":0}, status=OK}
Dec 23, 2021 10:08:00 AM org.openqa.selenium.remote.ProtocolHandshake createSession
INFO: Detected dialect: OSS
Dec 23, 2021 10:08:00 AM net.sourceforge.marathon.javaagent.server.JavaServer serve
INFO: JavaServer.serve(POST /session/b2cb61f2-a8e2-4bf8-a7d1-b00cbcd53aea/element): {
  "using": "css selector",
  "value": "."
}
Dec 23, 2021 10:08:00 AM net.sourceforge.marathon.javaagent.server.JavaServer serve
INFO: POST(/session/b2cb61f2-a8e2-4bf8-a7d1-b00cbcd53aea/element, {"using":"css selector","value":"."}) = {data={"name":"findElement","sessionId":"b2cb61f2-a8e2-4bf8-a7d1-b00cbcd53aea","value":{"ELEMENT":"89b98e3f-adce-4a47-893d-bae5baefca93"},"status":0}, status=OK}
Dec 23, 2021 10:08:00 AM net.sourceforge.marathon.javaagent.server.JavaServer serve
INFO: JavaServer.serve(GET /session/b2cb61f2-a8e2-4bf8-a7d1-b00cbcd53aea/element/89b98e3f-adce-4a47-893d-bae5baefca93/attribute/name): {}
Dec 23, 2021 10:08:00 AM net.sourceforge.marathon.javaagent.server.JavaServer serve
INFO: GET(/session/b2cb61f2-a8e2-4bf8-a7d1-b00cbcd53aea/element/89b98e3f-adce-4a47-893d-bae5baefca93/attribute/name) = {data={"name":"getElementAttribute","sessionId":"b2cb61f2-a8e2-4bf8-a7d1-b00cbcd53aea","value":"Auction Sniper Name","status":0}, status=OK}
Dec 23, 2021 10:08:00 AM net.sourceforge.marathon.javaagent.server.JavaServer serve
INFO: JavaServer.serve(POST /session/b2cb61f2-a8e2-4bf8-a7d1-b00cbcd53aea/element): {
  "using": "css selector",
  "value": "."
}
Dec 23, 2021 10:08:00 AM net.sourceforge.marathon.javaagent.server.JavaServer serve
INFO: POST(/session/b2cb61f2-a8e2-4bf8-a7d1-b00cbcd53aea/element, {"using":"css selector","value":"."}) = {data={"name":"findElement","sessionId":"b2cb61f2-a8e2-4bf8-a7d1-b00cbcd53aea","value":{"ELEMENT":"89b98e3f-adce-4a47-893d-bae5baefca93"},"status":0}, status=OK}
Dec 23, 2021 10:08:00 AM net.sourceforge.marathon.javaagent.server.JavaServer serve
INFO: JavaServer.serve(GET /session/b2cb61f2-a8e2-4bf8-a7d1-b00cbcd53aea/element/89b98e3f-adce-4a47-893d-bae5baefca93/displayed): {}
Dec 23, 2021 10:08:00 AM net.sourceforge.marathon.javaagent.server.JavaServer serve
INFO: GET(/session/b2cb61f2-a8e2-4bf8-a7d1-b00cbcd53aea/element/89b98e3f-adce-4a47-893d-bae5baefca93/displayed) = {data={"name":"isDisplayed","sessionId":"b2cb61f2-a8e2-4bf8-a7d1-b00cbcd53aea","value":true,"status":0}, status=OK}
Dec 23, 2021 10:08:00 AM net.sourceforge.marathon.javaagent.server.JavaServer serve
INFO: JavaServer.serve(GET /session/b2cb61f2-a8e2-4bf8-a7d1-b00cbcd53aea/title): {}
Dec 23, 2021 10:08:00 AM net.sourceforge.marathon.javaagent.server.JavaServer serve
INFO: GET(/session/b2cb61f2-a8e2-4bf8-a7d1-b00cbcd53aea/title) = {data={"name":"getWindowTitle","sessionId":"b2cb61f2-a8e2-4bf8-a7d1-b00cbcd53aea","value":"Auction Sniper","status":0}, status=OK}
Dec 23, 2021 10:08:00 AM net.sourceforge.marathon.javaagent.server.JavaServer serve
INFO: JavaServer.serve(POST /session/b2cb61f2-a8e2-4bf8-a7d1-b00cbcd53aea/element): {
  "using": "name",
  "value": "snipers table"
}
Dec 23, 2021 10:08:00 AM net.sourceforge.marathon.javaagent.server.JavaServer serve
INFO: POST(/session/b2cb61f2-a8e2-4bf8-a7d1-b00cbcd53aea/element, {"using":"name","value":"snipers table"}) = {data={"name":"findElement","sessionId":"b2cb61f2-a8e2-4bf8-a7d1-b00cbcd53aea","value":{"ELEMENT":"6c8e86d2-e094-48f2-a3fe-96aebc09a9c7"},"status":0}, status=OK}
Dec 23, 2021 10:08:00 AM net.sourceforge.marathon.javaagent.server.JavaServer serve
INFO: JavaServer.serve(POST /session/b2cb61f2-a8e2-4bf8-a7d1-b00cbcd53aea/element/6c8e86d2-e094-48f2-a3fe-96aebc09a9c7/elements): {
  "id": "6c8e86d2-e094-48f2-a3fe-96aebc09a9c7",
  "using": "css selector",
  "value": ".::header.::all-items"
}
Dec 23, 2021 10:08:00 AM net.sourceforge.marathon.javaagent.server.JavaServer serve
INFO: POST(/session/b2cb61f2-a8e2-4bf8-a7d1-b00cbcd53aea/element/6c8e86d2-e094-48f2-a3fe-96aebc09a9c7/elements, {"using":"css selector","id":"6c8e86d2-e094-48f2-a3fe-96aebc09a9c7","value":".::header.::all-items"}) = {data={"name":"findElementsOfElement","sessionId":"b2cb61f2-a8e2-4bf8-a7d1-b00cbcd53aea","value":[{"ELEMENT":"3e5e20b7-1be9-4238-8fff-acc3eba04fed%23%7B%22selector%22%3A%22nth-item%22%2C%22parameters%22%3A%5B1%5D%7D"},{"ELEMENT":"3e5e20b7-1be9-4238-8fff-acc3eba04fed%23%7B%22selector%22%3A%22nth-item%22%2C%22parameters%22%3A%5B2%5D%7D"},{"ELEMENT":"3e5e20b7-1be9-4238-8fff-acc3eba04fed%23%7B%22selector%22%3A%22nth-item%22%2C%22parameters%22%3A%5B3%5D%7D"},{"ELEMENT":"3e5e20b7-1be9-4238-8fff-acc3eba04fed%23%7B%22selector%22%3A%22nth-item%22%2C%22parameters%22%3A%5B4%5D%7D"}],"status":0}, status=OK}
Dec 23, 2021 10:08:00 AM net.sourceforge.marathon.javaagent.server.JavaServer serve
INFO: JavaServer.serve(GET /session/b2cb61f2-a8e2-4bf8-a7d1-b00cbcd53aea/element/3e5e20b7-1be9-4238-8fff-acc3eba04fed%23%7B%22selector%22%3A%22nth-item%22%2C%22parameters%22%3A%5B1%5D%7D/text): {}
Dec 23, 2021 10:08:00 AM net.sourceforge.marathon.javaagent.server.JavaServer serve
INFO: GET(/session/b2cb61f2-a8e2-4bf8-a7d1-b00cbcd53aea/element/3e5e20b7-1be9-4238-8fff-acc3eba04fed%23%7B%22selector%22%3A%22nth-item%22%2C%22parameters%22%3A%5B1%5D%7D/text) = {data={"name":"getElementText","sessionId":"b2cb61f2-a8e2-4bf8-a7d1-b00cbcd53aea","value":"Item","status":0}, status=OK}
Dec 23, 2021 10:08:00 AM net.sourceforge.marathon.javaagent.server.JavaServer serve
INFO: JavaServer.serve(GET /session/b2cb61f2-a8e2-4bf8-a7d1-b00cbcd53aea/element/3e5e20b7-1be9-4238-8fff-acc3eba04fed%23%7B%22selector%22%3A%22nth-item%22%2C%22parameters%22%3A%5B2%5D%7D/text): {}
Dec 23, 2021 10:08:00 AM net.sourceforge.marathon.javaagent.server.JavaServer serve
INFO: GET(/session/b2cb61f2-a8e2-4bf8-a7d1-b00cbcd53aea/element/3e5e20b7-1be9-4238-8fff-acc3eba04fed%23%7B%22selector%22%3A%22nth-item%22%2C%22parameters%22%3A%5B2%5D%7D/text) = {data={"name":"getElementText","sessionId":"b2cb61f2-a8e2-4bf8-a7d1-b00cbcd53aea","value":"Last Price","status":0}, status=OK}
Dec 23, 2021 10:08:00 AM net.sourceforge.marathon.javaagent.server.JavaServer serve
INFO: JavaServer.serve(GET /session/b2cb61f2-a8e2-4bf8-a7d1-b00cbcd53aea/element/3e5e20b7-1be9-4238-8fff-acc3eba04fed%23%7B%22selector%22%3A%22nth-item%22%2C%22parameters%22%3A%5B3%5D%7D/text): {}
Dec 23, 2021 10:08:00 AM net.sourceforge.marathon.javaagent.server.JavaServer serve
INFO: GET(/session/b2cb61f2-a8e2-4bf8-a7d1-b00cbcd53aea/element/3e5e20b7-1be9-4238-8fff-acc3eba04fed%23%7B%22selector%22%3A%22nth-item%22%2C%22parameters%22%3A%5B3%5D%7D/text) = {data={"name":"getElementText","sessionId":"b2cb61f2-a8e2-4bf8-a7d1-b00cbcd53aea","value":"Last Bid","status":0}, status=OK}
Dec 23, 2021 10:08:00 AM net.sourceforge.marathon.javaagent.server.JavaServer serve
INFO: JavaServer.serve(GET /session/b2cb61f2-a8e2-4bf8-a7d1-b00cbcd53aea/element/3e5e20b7-1be9-4238-8fff-acc3eba04fed%23%7B%22selector%22%3A%22nth-item%22%2C%22parameters%22%3A%5B4%5D%7D/text): {}
Dec 23, 2021 10:08:00 AM net.sourceforge.marathon.javaagent.server.JavaServer serve
INFO: GET(/session/b2cb61f2-a8e2-4bf8-a7d1-b00cbcd53aea/element/3e5e20b7-1be9-4238-8fff-acc3eba04fed%23%7B%22selector%22%3A%22nth-item%22%2C%22parameters%22%3A%5B4%5D%7D/text) = {data={"name":"getElementText","sessionId":"b2cb61f2-a8e2-4bf8-a7d1-b00cbcd53aea","value":"State","status":0}, status=OK}
Dec 23, 2021 10:08:00 AM net.sourceforge.marathon.javaagent.server.JavaServer serve
INFO: JavaServer.serve(DELETE /session/b2cb61f2-a8e2-4bf8-a7d1-b00cbcd53aea/window): {}
Dec 23, 2021 10:08:00 AM net.sourceforge.marathon.javaagent.server.JavaServer serve
INFO: DELETE(/session/b2cb61f2-a8e2-4bf8-a7d1-b00cbcd53aea/window) = {data={"name":"closeSession","sessionId":"b2cb61f2-a8e2-4bf8-a7d1-b00cbcd53aea","status":0}, status=OK}
Dec 23, 2021 10:08:00 AM net.sourceforge.marathon.javaagent.server.JavaServer serve
INFO: JavaServer.serve(POST /session): {
  "desiredCapabilities": {
    "browserName": "java",
    "platform": "ANY"
  },
  "capabilities": {
    "firstMatch": [
      {
        "browserName": "java"
      }
    ]
  }
}
Dec 23, 2021 10:08:00 AM net.sourceforge.marathon.javaagent.server.JavaServer createSession
INFO: Creating device with type: EVENT_QUEUE
Dec 23, 2021 10:08:00 AM net.sourceforge.marathon.javaagent.Device getDevice
INFO: Creating a EVENT_QUEUE device
Dec 23, 2021 10:08:00 AM net.sourceforge.marathon.javaagent.server.JavaServer serve
INFO: POST(/session, {"desiredCapabilities":{"browserName":"java","platform":"ANY"},"capabilities":{"firstMatch":[{"browserName":"java"}]}}) = {data=, status=REDIRECT}
Dec 23, 2021 10:08:00 AM net.sourceforge.marathon.javaagent.server.JavaServer serve
INFO: JavaServer.serve(GET /session/4c578fc0-95ba-4883-a7ad-82d373ab89b5): {}
Dec 23, 2021 10:08:00 AM net.sourceforge.marathon.javaagent.server.JavaServer serve
INFO: GET(/session/4c578fc0-95ba-4883-a7ad-82d373ab89b5) = {data={"name":"getCapabilities","sessionId":"4c578fc0-95ba-4883-a7ad-82d373ab89b5","value":{"applicationCacheEnabled":false,"rotatable":false,"loggingPrefs":{"driver":"ALL"},"handlesAlerts":false,"databaseEnabled":false,"version":"1.0","platform":"ANY","browserConnectionEnabled":false,"nativeEvents":false,"acceptSslCerts":false,"locationContextEnabled":false,"webStorageEnabled":false,"browserName":"java","takesScreenshot":true,"javascriptEnabled":true,"cssSelectorsEnabled":false},"status":0}, status=OK}
Dec 23, 2021 10:08:00 AM org.openqa.selenium.remote.ProtocolHandshake createSession
INFO: Detected dialect: OSS
Dec 23, 2021 10:08:00 AM net.sourceforge.marathon.javaagent.server.JavaServer serve
INFO: JavaServer.serve(POST /session/4c578fc0-95ba-4883-a7ad-82d373ab89b5/element): {
  "using": "name",
  "value": "new item id field"
}
Dec 23, 2021 10:08:00 AM net.sourceforge.marathon.javaagent.server.JavaServer serve
INFO: POST(/session/4c578fc0-95ba-4883-a7ad-82d373ab89b5/element, {"using":"name","value":"new item id field"}) = {data={"name":"findElement","sessionId":"4c578fc0-95ba-4883-a7ad-82d373ab89b5","value":{"ELEMENT":"c463f333-f1aa-4e0a-81d7-2854704394e5"},"status":0}, status=OK}
Dec 23, 2021 10:08:00 AM net.sourceforge.marathon.javaagent.server.JavaServer serve
INFO: JavaServer.serve(POST /session/4c578fc0-95ba-4883-a7ad-82d373ab89b5/element/c463f333-f1aa-4e0a-81d7-2854704394e5/clear): {
  "id": "c463f333-f1aa-4e0a-81d7-2854704394e5"
}
Dec 23, 2021 10:08:00 AM net.sourceforge.marathon.javaagent.server.JavaServer serve
INFO: POST(/session/4c578fc0-95ba-4883-a7ad-82d373ab89b5/element/c463f333-f1aa-4e0a-81d7-2854704394e5/clear, {"id":"c463f333-f1aa-4e0a-81d7-2854704394e5"}) = {data={"name":"clearElement","sessionId":"4c578fc0-95ba-4883-a7ad-82d373ab89b5","status":0}, status=OK}
Dec 23, 2021 10:08:00 AM net.sourceforge.marathon.javaagent.server.JavaServer serve
INFO: JavaServer.serve(POST /session/4c578fc0-95ba-4883-a7ad-82d373ab89b5/element/c463f333-f1aa-4e0a-81d7-2854704394e5/value): {
  "id": "c463f333-f1aa-4e0a-81d7-2854704394e5",
  "value": [
    "an item-id"
  ]
}
Dec 23, 2021 10:08:00 AM net.sourceforge.marathon.javaagent.EventQueueDevice dispatchEvent
INFO: java.awt.event.KeyEvent[KEY_PRESSED,keyCode=65,keyText=A,keyChar='a',keyLocation=KEY_LOCATION_UNKNOWN,rawCode=0,primaryLevelUnicode=0,scancode=0,extendedKeyCode=0x0] on new item id field
Dec 23, 2021 10:08:00 AM net.sourceforge.marathon.javaagent.EventQueueDevice dispatchEvent
INFO: java.awt.event.KeyEvent[KEY_TYPED,keyCode=0,keyText=Unknown keyCode: 0x0,keyChar='a',keyLocation=KEY_LOCATION_UNKNOWN,rawCode=0,primaryLevelUnicode=0,scancode=0,extendedKeyCode=0x0] on new item id field
Dec 23, 2021 10:08:00 AM net.sourceforge.marathon.javaagent.EventQueueDevice dispatchEvent
INFO: java.awt.event.KeyEvent[KEY_RELEASED,keyCode=65,keyText=A,keyChar='a',keyLocation=KEY_LOCATION_UNKNOWN,rawCode=0,primaryLevelUnicode=0,scancode=0,extendedKeyCode=0x0] on new item id field
Dec 23, 2021 10:08:00 AM net.sourceforge.marathon.javaagent.EventQueueDevice dispatchEvent
INFO: java.awt.event.KeyEvent[KEY_PRESSED,keyCode=78,keyText=N,keyChar='n',keyLocation=KEY_LOCATION_UNKNOWN,rawCode=0,primaryLevelUnicode=0,scancode=0,extendedKeyCode=0x0] on new item id field
Dec 23, 2021 10:08:00 AM net.sourceforge.marathon.javaagent.EventQueueDevice dispatchEvent
INFO: java.awt.event.KeyEvent[KEY_TYPED,keyCode=0,keyText=Unknown keyCode: 0x0,keyChar='n',keyLocation=KEY_LOCATION_UNKNOWN,rawCode=0,primaryLevelUnicode=0,scancode=0,extendedKeyCode=0x0] on new item id field
Dec 23, 2021 10:08:00 AM net.sourceforge.marathon.javaagent.EventQueueDevice dispatchEvent
INFO: java.awt.event.KeyEvent[KEY_RELEASED,keyCode=78,keyText=N,keyChar='n',keyLocation=KEY_LOCATION_UNKNOWN,rawCode=0,primaryLevelUnicode=0,scancode=0,extendedKeyCode=0x0] on new item id field
Dec 23, 2021 10:08:00 AM net.sourceforge.marathon.javaagent.EventQueueDevice dispatchEvent
INFO: java.awt.event.KeyEvent[KEY_PRESSED,keyCode=16,keyText=Shift,keyChar=Undefined keyChar,modifiers=Shift,extModifiers=Shift,keyLocation=KEY_LOCATION_UNKNOWN,rawCode=0,primaryLevelUnicode=0,scancode=0,extendedKeyCode=0x0] on new item id field
Dec 23, 2021 10:08:00 AM net.sourceforge.marathon.javaagent.EventQueueDevice dispatchEvent
INFO: java.awt.event.KeyEvent[KEY_PRESSED,keyCode=32,keyText=Space,keyChar=' ',modifiers=Shift,extModifiers=Shift,keyLocation=KEY_LOCATION_UNKNOWN,rawCode=0,primaryLevelUnicode=0,scancode=0,extendedKeyCode=0x0] on new item id field
Dec 23, 2021 10:08:00 AM net.sourceforge.marathon.javaagent.EventQueueDevice dispatchEvent
INFO: java.awt.event.KeyEvent[KEY_TYPED,keyCode=0,keyText=Unknown keyCode: 0x0,keyChar=' ',modifiers=Shift,extModifiers=Shift,keyLocation=KEY_LOCATION_UNKNOWN,rawCode=0,primaryLevelUnicode=0,scancode=0,extendedKeyCode=0x0] on new item id field
Dec 23, 2021 10:08:00 AM net.sourceforge.marathon.javaagent.EventQueueDevice dispatchEvent
INFO: java.awt.event.KeyEvent[KEY_RELEASED,keyCode=32,keyText=Space,keyChar=' ',modifiers=Shift,extModifiers=Shift,keyLocation=KEY_LOCATION_UNKNOWN,rawCode=0,primaryLevelUnicode=0,scancode=0,extendedKeyCode=0x0] on new item id field
Dec 23, 2021 10:08:00 AM net.sourceforge.marathon.javaagent.EventQueueDevice dispatchEvent
INFO: java.awt.event.KeyEvent[KEY_RELEASED,keyCode=16,keyText=Shift,keyChar=Undefined keyChar,keyLocation=KEY_LOCATION_UNKNOWN,rawCode=0,primaryLevelUnicode=0,scancode=0,extendedKeyCode=0x0] on new item id field
Dec 23, 2021 10:08:00 AM net.sourceforge.marathon.javaagent.EventQueueDevice dispatchEvent
INFO: java.awt.event.KeyEvent[KEY_PRESSED,keyCode=73,keyText=I,keyChar='i',keyLocation=KEY_LOCATION_UNKNOWN,rawCode=0,primaryLevelUnicode=0,scancode=0,extendedKeyCode=0x0] on new item id field
Dec 23, 2021 10:08:00 AM net.sourceforge.marathon.javaagent.EventQueueDevice dispatchEvent
INFO: java.awt.event.KeyEvent[KEY_TYPED,keyCode=0,keyText=Unknown keyCode: 0x0,keyChar='i',keyLocation=KEY_LOCATION_UNKNOWN,rawCode=0,primaryLevelUnicode=0,scancode=0,extendedKeyCode=0x0] on new item id field
Dec 23, 2021 10:08:00 AM net.sourceforge.marathon.javaagent.EventQueueDevice dispatchEvent
INFO: java.awt.event.KeyEvent[KEY_RELEASED,keyCode=73,keyText=I,keyChar='i',keyLocation=KEY_LOCATION_UNKNOWN,rawCode=0,primaryLevelUnicode=0,scancode=0,extendedKeyCode=0x0] on new item id field
Dec 23, 2021 10:08:00 AM net.sourceforge.marathon.javaagent.EventQueueDevice dispatchEvent
INFO: java.awt.event.KeyEvent[KEY_PRESSED,keyCode=84,keyText=T,keyChar='t',keyLocation=KEY_LOCATION_UNKNOWN,rawCode=0,primaryLevelUnicode=0,scancode=0,extendedKeyCode=0x0] on new item id field
Dec 23, 2021 10:08:00 AM net.sourceforge.marathon.javaagent.EventQueueDevice dispatchEvent
INFO: java.awt.event.KeyEvent[KEY_TYPED,keyCode=0,keyText=Unknown keyCode: 0x0,keyChar='t',keyLocation=KEY_LOCATION_UNKNOWN,rawCode=0,primaryLevelUnicode=0,scancode=0,extendedKeyCode=0x0] on new item id field
Dec 23, 2021 10:08:00 AM net.sourceforge.marathon.javaagent.EventQueueDevice dispatchEvent
INFO: java.awt.event.KeyEvent[KEY_RELEASED,keyCode=84,keyText=T,keyChar='t',keyLocation=KEY_LOCATION_UNKNOWN,rawCode=0,primaryLevelUnicode=0,scancode=0,extendedKeyCode=0x0] on new item id field
Dec 23, 2021 10:08:00 AM net.sourceforge.marathon.javaagent.EventQueueDevice dispatchEvent
INFO: java.awt.event.KeyEvent[KEY_PRESSED,keyCode=69,keyText=E,keyChar='e',keyLocation=KEY_LOCATION_UNKNOWN,rawCode=0,primaryLevelUnicode=0,scancode=0,extendedKeyCode=0x0] on new item id field
Dec 23, 2021 10:08:00 AM net.sourceforge.marathon.javaagent.EventQueueDevice dispatchEvent
INFO: java.awt.event.KeyEvent[KEY_TYPED,keyCode=0,keyText=Unknown keyCode: 0x0,keyChar='e',keyLocation=KEY_LOCATION_UNKNOWN,rawCode=0,primaryLevelUnicode=0,scancode=0,extendedKeyCode=0x0] on new item id field
Dec 23, 2021 10:08:00 AM net.sourceforge.marathon.javaagent.EventQueueDevice dispatchEvent
INFO: java.awt.event.KeyEvent[KEY_RELEASED,keyCode=69,keyText=E,keyChar='e',keyLocation=KEY_LOCATION_UNKNOWN,rawCode=0,primaryLevelUnicode=0,scancode=0,extendedKeyCode=0x0] on new item id field
Dec 23, 2021 10:08:00 AM net.sourceforge.marathon.javaagent.EventQueueDevice dispatchEvent
INFO: java.awt.event.KeyEvent[KEY_PRESSED,keyCode=77,keyText=M,keyChar='m',keyLocation=KEY_LOCATION_UNKNOWN,rawCode=0,primaryLevelUnicode=0,scancode=0,extendedKeyCode=0x0] on new item id field
Dec 23, 2021 10:08:00 AM net.sourceforge.marathon.javaagent.EventQueueDevice dispatchEvent
INFO: java.awt.event.KeyEvent[KEY_TYPED,keyCode=0,keyText=Unknown keyCode: 0x0,keyChar='m',keyLocation=KEY_LOCATION_UNKNOWN,rawCode=0,primaryLevelUnicode=0,scancode=0,extendedKeyCode=0x0] on new item id field
Dec 23, 2021 10:08:00 AM net.sourceforge.marathon.javaagent.EventQueueDevice dispatchEvent
INFO: java.awt.event.KeyEvent[KEY_RELEASED,keyCode=77,keyText=M,keyChar='m',keyLocation=KEY_LOCATION_UNKNOWN,rawCode=0,primaryLevelUnicode=0,scancode=0,extendedKeyCode=0x0] on new item id field
Dec 23, 2021 10:08:00 AM net.sourceforge.marathon.javaagent.EventQueueDevice dispatchEvent
INFO: java.awt.event.KeyEvent[KEY_PRESSED,keyCode=45,keyText=Minus,keyChar='-',keyLocation=KEY_LOCATION_UNKNOWN,rawCode=0,primaryLevelUnicode=0,scancode=0,extendedKeyCode=0x0] on new item id field
Dec 23, 2021 10:08:00 AM net.sourceforge.marathon.javaagent.EventQueueDevice dispatchEvent
INFO: java.awt.event.KeyEvent[KEY_TYPED,keyCode=0,keyText=Unknown keyCode: 0x0,keyChar='-',keyLocation=KEY_LOCATION_UNKNOWN,rawCode=0,primaryLevelUnicode=0,scancode=0,extendedKeyCode=0x0] on new item id field
Dec 23, 2021 10:08:00 AM net.sourceforge.marathon.javaagent.EventQueueDevice dispatchEvent
INFO: java.awt.event.KeyEvent[KEY_RELEASED,keyCode=45,keyText=Minus,keyChar='-',keyLocation=KEY_LOCATION_UNKNOWN,rawCode=0,primaryLevelUnicode=0,scancode=0,extendedKeyCode=0x0] on new item id field
Dec 23, 2021 10:08:00 AM net.sourceforge.marathon.javaagent.EventQueueDevice dispatchEvent
INFO: java.awt.event.KeyEvent[KEY_PRESSED,keyCode=73,keyText=I,keyChar='i',keyLocation=KEY_LOCATION_UNKNOWN,rawCode=0,primaryLevelUnicode=0,scancode=0,extendedKeyCode=0x0] on new item id field
Dec 23, 2021 10:08:00 AM net.sourceforge.marathon.javaagent.EventQueueDevice dispatchEvent
INFO: java.awt.event.KeyEvent[KEY_TYPED,keyCode=0,keyText=Unknown keyCode: 0x0,keyChar='i',keyLocation=KEY_LOCATION_UNKNOWN,rawCode=0,primaryLevelUnicode=0,scancode=0,extendedKeyCode=0x0] on new item id field
Dec 23, 2021 10:08:00 AM net.sourceforge.marathon.javaagent.EventQueueDevice dispatchEvent
INFO: java.awt.event.KeyEvent[KEY_RELEASED,keyCode=73,keyText=I,keyChar='i',keyLocation=KEY_LOCATION_UNKNOWN,rawCode=0,primaryLevelUnicode=0,scancode=0,extendedKeyCode=0x0] on new item id field
Dec 23, 2021 10:08:00 AM net.sourceforge.marathon.javaagent.EventQueueDevice dispatchEvent
INFO: java.awt.event.KeyEvent[KEY_PRESSED,keyCode=68,keyText=D,keyChar='d',keyLocation=KEY_LOCATION_UNKNOWN,rawCode=0,primaryLevelUnicode=0,scancode=0,extendedKeyCode=0x0] on new item id field
Dec 23, 2021 10:08:00 AM net.sourceforge.marathon.javaagent.EventQueueDevice dispatchEvent
INFO: java.awt.event.KeyEvent[KEY_TYPED,keyCode=0,keyText=Unknown keyCode: 0x0,keyChar='d',keyLocation=KEY_LOCATION_UNKNOWN,rawCode=0,primaryLevelUnicode=0,scancode=0,extendedKeyCode=0x0] on new item id field
Dec 23, 2021 10:08:01 AM net.sourceforge.marathon.javaagent.EventQueueDevice dispatchEvent
INFO: java.awt.event.KeyEvent[KEY_RELEASED,keyCode=68,keyText=D,keyChar='d',keyLocation=KEY_LOCATION_UNKNOWN,rawCode=0,primaryLevelUnicode=0,scancode=0,extendedKeyCode=0x0] on new item id field
Dec 23, 2021 10:08:01 AM net.sourceforge.marathon.javaagent.server.JavaServer serve
INFO: POST(/session/4c578fc0-95ba-4883-a7ad-82d373ab89b5/element/c463f333-f1aa-4e0a-81d7-2854704394e5/value, {"id":"c463f333-f1aa-4e0a-81d7-2854704394e5","value":["an item-id"]}) = {data={"name":"sendKeysElement","sessionId":"4c578fc0-95ba-4883-a7ad-82d373ab89b5","status":0}, status=OK}
Dec 23, 2021 10:08:01 AM net.sourceforge.marathon.javaagent.server.JavaServer serve
INFO: JavaServer.serve(POST /session/4c578fc0-95ba-4883-a7ad-82d373ab89b5/element): {
  "using": "name",
  "value": "new item stop price field"
}
Dec 23, 2021 10:08:01 AM net.sourceforge.marathon.javaagent.server.JavaServer serve
INFO: POST(/session/4c578fc0-95ba-4883-a7ad-82d373ab89b5/element, {"using":"name","value":"new item stop price field"}) = {data={"name":"findElement","sessionId":"4c578fc0-95ba-4883-a7ad-82d373ab89b5","value":{"ELEMENT":"5738220c-747e-497a-a6e7-2cfc539fd527"},"status":0}, status=OK}
Dec 23, 2021 10:08:01 AM net.sourceforge.marathon.javaagent.server.JavaServer serve
INFO: JavaServer.serve(POST /session/4c578fc0-95ba-4883-a7ad-82d373ab89b5/element/5738220c-747e-497a-a6e7-2cfc539fd527/clear): {
  "id": "5738220c-747e-497a-a6e7-2cfc539fd527"
}
Dec 23, 2021 10:08:01 AM net.sourceforge.marathon.javaagent.server.JavaServer serve
INFO: POST(/session/4c578fc0-95ba-4883-a7ad-82d373ab89b5/element/5738220c-747e-497a-a6e7-2cfc539fd527/clear, {"id":"5738220c-747e-497a-a6e7-2cfc539fd527"}) = {data={"name":"clearElement","sessionId":"4c578fc0-95ba-4883-a7ad-82d373ab89b5","status":0}, status=OK}
Dec 23, 2021 10:08:01 AM net.sourceforge.marathon.javaagent.server.JavaServer serve
INFO: JavaServer.serve(POST /session/4c578fc0-95ba-4883-a7ad-82d373ab89b5/element/5738220c-747e-497a-a6e7-2cfc539fd527/value): {
  "id": "5738220c-747e-497a-a6e7-2cfc539fd527",
  "value": [
    "11000"
  ]
}
Dec 23, 2021 10:08:01 AM net.sourceforge.marathon.javaagent.EventQueueDevice dispatchEvent
INFO: java.awt.event.KeyEvent[KEY_PRESSED,keyCode=49,keyText=1,keyChar='1',keyLocation=KEY_LOCATION_UNKNOWN,rawCode=0,primaryLevelUnicode=0,scancode=0,extendedKeyCode=0x0] on new item stop price field
Dec 23, 2021 10:08:01 AM net.sourceforge.marathon.javaagent.EventQueueDevice dispatchEvent
INFO: java.awt.event.KeyEvent[KEY_TYPED,keyCode=0,keyText=Unknown keyCode: 0x0,keyChar='1',keyLocation=KEY_LOCATION_UNKNOWN,rawCode=0,primaryLevelUnicode=0,scancode=0,extendedKeyCode=0x0] on new item stop price field
Dec 23, 2021 10:08:01 AM net.sourceforge.marathon.javaagent.EventQueueDevice dispatchEvent
INFO: java.awt.event.KeyEvent[KEY_RELEASED,keyCode=49,keyText=1,keyChar='1',keyLocation=KEY_LOCATION_UNKNOWN,rawCode=0,primaryLevelUnicode=0,scancode=0,extendedKeyCode=0x0] on new item stop price field
Dec 23, 2021 10:08:01 AM net.sourceforge.marathon.javaagent.EventQueueDevice dispatchEvent
INFO: java.awt.event.KeyEvent[KEY_PRESSED,keyCode=49,keyText=1,keyChar='1',keyLocation=KEY_LOCATION_UNKNOWN,rawCode=0,primaryLevelUnicode=0,scancode=0,extendedKeyCode=0x0] on new item stop price field
Dec 23, 2021 10:08:01 AM net.sourceforge.marathon.javaagent.EventQueueDevice dispatchEvent
INFO: java.awt.event.KeyEvent[KEY_TYPED,keyCode=0,keyText=Unknown keyCode: 0x0,keyChar='1',keyLocation=KEY_LOCATION_UNKNOWN,rawCode=0,primaryLevelUnicode=0,scancode=0,extendedKeyCode=0x0] on new item stop price field
Dec 23, 2021 10:08:01 AM net.sourceforge.marathon.javaagent.EventQueueDevice dispatchEvent
INFO: java.awt.event.KeyEvent[KEY_RELEASED,keyCode=49,keyText=1,keyChar='1',keyLocation=KEY_LOCATION_UNKNOWN,rawCode=0,primaryLevelUnicode=0,scancode=0,extendedKeyCode=0x0] on new item stop price field
Dec 23, 2021 10:08:01 AM net.sourceforge.marathon.javaagent.EventQueueDevice dispatchEvent
INFO: java.awt.event.KeyEvent[KEY_PRESSED,keyCode=48,keyText=0,keyChar='0',keyLocation=KEY_LOCATION_UNKNOWN,rawCode=0,primaryLevelUnicode=0,scancode=0,extendedKeyCode=0x0] on new item stop price field
Dec 23, 2021 10:08:01 AM net.sourceforge.marathon.javaagent.EventQueueDevice dispatchEvent
INFO: java.awt.event.KeyEvent[KEY_TYPED,keyCode=0,keyText=Unknown keyCode: 0x0,keyChar='0',keyLocation=KEY_LOCATION_UNKNOWN,rawCode=0,primaryLevelUnicode=0,scancode=0,extendedKeyCode=0x0] on new item stop price field
Dec 23, 2021 10:08:01 AM net.sourceforge.marathon.javaagent.EventQueueDevice dispatchEvent
INFO: java.awt.event.KeyEvent[KEY_RELEASED,keyCode=48,keyText=0,keyChar='0',keyLocation=KEY_LOCATION_UNKNOWN,rawCode=0,primaryLevelUnicode=0,scancode=0,extendedKeyCode=0x0] on new item stop price field
Dec 23, 2021 10:08:01 AM net.sourceforge.marathon.javaagent.EventQueueDevice dispatchEvent
INFO: java.awt.event.KeyEvent[KEY_PRESSED,keyCode=48,keyText=0,keyChar='0',keyLocation=KEY_LOCATION_UNKNOWN,rawCode=0,primaryLevelUnicode=0,scancode=0,extendedKeyCode=0x0] on new item stop price field
Dec 23, 2021 10:08:01 AM net.sourceforge.marathon.javaagent.EventQueueDevice dispatchEvent
INFO: java.awt.event.KeyEvent[KEY_TYPED,keyCode=0,keyText=Unknown keyCode: 0x0,keyChar='0',keyLocation=KEY_LOCATION_UNKNOWN,rawCode=0,primaryLevelUnicode=0,scancode=0,extendedKeyCode=0x0] on new item stop price field
Dec 23, 2021 10:08:01 AM net.sourceforge.marathon.javaagent.EventQueueDevice dispatchEvent
INFO: java.awt.event.KeyEvent[KEY_RELEASED,keyCode=48,keyText=0,keyChar='0',keyLocation=KEY_LOCATION_UNKNOWN,rawCode=0,primaryLevelUnicode=0,scancode=0,extendedKeyCode=0x0] on new item stop price field
Dec 23, 2021 10:08:01 AM net.sourceforge.marathon.javaagent.EventQueueDevice dispatchEvent
INFO: java.awt.event.KeyEvent[KEY_PRESSED,keyCode=48,keyText=0,keyChar='0',keyLocation=KEY_LOCATION_UNKNOWN,rawCode=0,primaryLevelUnicode=0,scancode=0,extendedKeyCode=0x0] on new item stop price field
Dec 23, 2021 10:08:01 AM net.sourceforge.marathon.javaagent.EventQueueDevice dispatchEvent
INFO: java.awt.event.KeyEvent[KEY_TYPED,keyCode=0,keyText=Unknown keyCode: 0x0,keyChar='0',keyLocation=KEY_LOCATION_UNKNOWN,rawCode=0,primaryLevelUnicode=0,scancode=0,extendedKeyCode=0x0] on new item stop price field
Dec 23, 2021 10:08:01 AM net.sourceforge.marathon.javaagent.EventQueueDevice dispatchEvent
INFO: java.awt.event.KeyEvent[KEY_RELEASED,keyCode=48,keyText=0,keyChar='0',keyLocation=KEY_LOCATION_UNKNOWN,rawCode=0,primaryLevelUnicode=0,scancode=0,extendedKeyCode=0x0] on new item stop price field
Dec 23, 2021 10:08:01 AM net.sourceforge.marathon.javaagent.server.JavaServer serve
INFO: POST(/session/4c578fc0-95ba-4883-a7ad-82d373ab89b5/element/5738220c-747e-497a-a6e7-2cfc539fd527/value, {"id":"5738220c-747e-497a-a6e7-2cfc539fd527","value":["11000"]}) = {data={"name":"sendKeysElement","sessionId":"4c578fc0-95ba-4883-a7ad-82d373ab89b5","status":0}, status=OK}
Dec 23, 2021 10:08:01 AM net.sourceforge.marathon.javaagent.server.JavaServer serve
INFO: JavaServer.serve(POST /session/4c578fc0-95ba-4883-a7ad-82d373ab89b5/element): {
  "using": "name",
  "value": "join button"
}
Dec 23, 2021 10:08:01 AM net.sourceforge.marathon.javaagent.server.JavaServer serve
INFO: POST(/session/4c578fc0-95ba-4883-a7ad-82d373ab89b5/element, {"using":"name","value":"join button"}) = {data={"name":"findElement","sessionId":"4c578fc0-95ba-4883-a7ad-82d373ab89b5","value":{"ELEMENT":"4717f652-7c29-4a21-9a4e-44b8cfa86a48"},"status":0}, status=OK}
Dec 23, 2021 10:08:01 AM net.sourceforge.marathon.javaagent.server.JavaServer serve
INFO: JavaServer.serve(POST /session/4c578fc0-95ba-4883-a7ad-82d373ab89b5/element/4717f652-7c29-4a21-9a4e-44b8cfa86a48/click): {
  "id": "4717f652-7c29-4a21-9a4e-44b8cfa86a48"
}
Dec 23, 2021 10:08:01 AM net.sourceforge.marathon.javaagent.EventQueueDevice dispatchEvent
INFO: java.awt.event.MouseEvent[MOUSE_PRESSED,(58,12),absolute(589,17),button=1,modifiers=Button1,extModifiers=Button1,clickCount=1] on join button
Dec 23, 2021 10:08:01 AM net.sourceforge.marathon.javaagent.EventQueueDevice dispatchEvent
INFO: java.awt.event.MouseEvent[MOUSE_RELEASED,(58,12),absolute(589,17),button=1,modifiers=Button1,clickCount=1] on join button
Dec 23, 2021 10:08:01 AM net.sourceforge.marathon.javaagent.EventQueueDevice dispatchEvent
INFO: java.awt.event.MouseEvent[MOUSE_CLICKED,(58,12),absolute(589,17),button=1,modifiers=Button1,clickCount=1] on join button
Dec 23, 2021 10:08:01 AM net.sourceforge.marathon.javaagent.server.JavaServer serve
INFO: POST(/session/4c578fc0-95ba-4883-a7ad-82d373ab89b5/element/4717f652-7c29-4a21-9a4e-44b8cfa86a48/click, {"id":"4717f652-7c29-4a21-9a4e-44b8cfa86a48"}) = {data={"name":"clickElement","sessionId":"4c578fc0-95ba-4883-a7ad-82d373ab89b5","status":0}, status=OK}
Dec 23, 2021 10:08:01 AM net.sourceforge.marathon.javaagent.server.JavaServer serve
INFO: JavaServer.serve(DELETE /session/4c578fc0-95ba-4883-a7ad-82d373ab89b5/window): {}
Dec 23, 2021 10:08:01 AM net.sourceforge.marathon.javaagent.server.JavaServer serve
INFO: DELETE(/session/4c578fc0-95ba-4883-a7ad-82d373ab89b5/window) = {data={"name":"closeSession","sessionId":"4c578fc0-95ba-4883-a7ad-82d373ab89b5","status":0}, status=OK}
Dec 23, 2021 10:08:01 AM net.sourceforge.marathon.javaagent.server.JavaServer serve
INFO: JavaServer.serve(POST /session): {
  "desiredCapabilities": {
    "browserName": "java",
    "platform": "ANY"
  },
  "capabilities": {
    "firstMatch": [
      {
        "browserName": "java"
      }
    ]
  }
}
Dec 23, 2021 10:08:01 AM net.sourceforge.marathon.javaagent.server.JavaServer createSession
INFO: Creating device with type: EVENT_QUEUE
Dec 23, 2021 10:08:01 AM net.sourceforge.marathon.javaagent.Device getDevice
INFO: Creating a EVENT_QUEUE device
Dec 23, 2021 10:08:01 AM net.sourceforge.marathon.javaagent.server.JavaServer serve
INFO: POST(/session, {"desiredCapabilities":{"browserName":"java","platform":"ANY"},"capabilities":{"firstMatch":[{"browserName":"java"}]}}) = {data=, status=REDIRECT}
Dec 23, 2021 10:08:01 AM net.sourceforge.marathon.javaagent.server.JavaServer serve
INFO: JavaServer.serve(GET /session/1efa97e2-fd4a-45a2-bd6a-7b67340b1bcb): {}
Dec 23, 2021 10:08:01 AM net.sourceforge.marathon.javaagent.server.JavaServer serve
INFO: GET(/session/1efa97e2-fd4a-45a2-bd6a-7b67340b1bcb) = {data={"name":"getCapabilities","sessionId":"1efa97e2-fd4a-45a2-bd6a-7b67340b1bcb","value":{"applicationCacheEnabled":false,"rotatable":false,"loggingPrefs":{"driver":"ALL"},"handlesAlerts":false,"databaseEnabled":false,"version":"1.0","platform":"ANY","browserConnectionEnabled":false,"nativeEvents":false,"acceptSslCerts":false,"locationContextEnabled":false,"webStorageEnabled":false,"browserName":"java","takesScreenshot":true,"javascriptEnabled":true,"cssSelectorsEnabled":false},"status":0}, status=OK}
Dec 23, 2021 10:08:01 AM org.openqa.selenium.remote.ProtocolHandshake createSession
INFO: Detected dialect: OSS
Dec 23, 2021 10:08:01 AM net.sourceforge.marathon.javaagent.server.JavaServer serve
INFO: JavaServer.serve(POST /session/1efa97e2-fd4a-45a2-bd6a-7b67340b1bcb/element): {
  "using": "name",
  "value": "sniper reset button"
}
Dec 23, 2021 10:08:01 AM net.sourceforge.marathon.javaagent.server.JavaServer serve
INFO: POST(/session/1efa97e2-fd4a-45a2-bd6a-7b67340b1bcb/element, {"using":"name","value":"sniper reset button"}) = {data={"name":"findElement","sessionId":"1efa97e2-fd4a-45a2-bd6a-7b67340b1bcb","value":{"ELEMENT":"b351d9e5-eed1-46f2-874f-de0b62552404"},"status":0}, status=OK}
Dec 23, 2021 10:08:01 AM net.sourceforge.marathon.javaagent.server.JavaServer serve
INFO: JavaServer.serve(POST /session/1efa97e2-fd4a-45a2-bd6a-7b67340b1bcb/element/b351d9e5-eed1-46f2-874f-de0b62552404/click): {
  "id": "b351d9e5-eed1-46f2-874f-de0b62552404"
}
Dec 23, 2021 10:08:02 AM net.sourceforge.marathon.javaagent.EventQueueDevice dispatchEvent
INFO: java.awt.event.MouseEvent[MOUSE_PRESSED,(37,12),absolute(326,474),button=1,modifiers=Button1,extModifiers=Button1,clickCount=1] on sniper reset button
Dec 23, 2021 10:08:02 AM net.sourceforge.marathon.javaagent.EventQueueDevice dispatchEvent
INFO: java.awt.event.MouseEvent[MOUSE_RELEASED,(37,12),absolute(326,474),button=1,modifiers=Button1,clickCount=1] on sniper reset button
Dec 23, 2021 10:08:02 AM net.sourceforge.marathon.javaagent.EventQueueDevice dispatchEvent
INFO: java.awt.event.MouseEvent[MOUSE_CLICKED,(37,12),absolute(326,474),button=1,modifiers=Button1,clickCount=1] on sniper reset button
Dec 23, 2021 10:08:02 AM net.sourceforge.marathon.javaagent.server.JavaServer serve
INFO: POST(/session/1efa97e2-fd4a-45a2-bd6a-7b67340b1bcb/element/b351d9e5-eed1-46f2-874f-de0b62552404/click, {"id":"b351d9e5-eed1-46f2-874f-de0b62552404"}) = {data={"name":"clickElement","sessionId":"1efa97e2-fd4a-45a2-bd6a-7b67340b1bcb","status":0}, status=OK}
Dec 23, 2021 10:08:02 AM net.sourceforge.marathon.javaagent.server.JavaServer serve
INFO: JavaServer.serve(DELETE /session/1efa97e2-fd4a-45a2-bd6a-7b67340b1bcb/window): {}
Dec 23, 2021 10:08:02 AM net.sourceforge.marathon.javaagent.server.JavaServer serve
INFO: DELETE(/session/1efa97e2-fd4a-45a2-bd6a-7b67340b1bcb/window) = {data={"name":"closeSession","sessionId":"1efa97e2-fd4a-45a2-bd6a-7b67340b1bcb","status":0}, status=OK}
]]></system-err>
</testsuite>
