<?xml version="1.0" encoding="UTF-8"?>
<testsuite name="goos.ui.swing.MainWindowTest" tests="3" skipped="0" failures="0" errors="0" timestamp="2021-10-04T02:30:21" hostname="buildkitsandbox" time="4.368">
  <properties/>
  <testcase name="window has expected features" classname="goos.ui.swing.MainWindowTest" time="3.282"/>
  <testcase name="make user request when join button clicked" classname="goos.ui.swing.MainWindowTest" time="0.895"/>
  <testcase name="make user request when reset button clicked" classname="goos.ui.swing.MainWindowTest" time="0.186"/>
  <system-out><![CDATA[]]></system-out>
  <system-err><![CDATA[Oct 04, 2021 2:30:21 AM io.mockk.impl.log.JULLogger warn
WARNING: Failed to transform class goos/ui/api/UserRequestListener
java.lang.IllegalArgumentException: Unsupported class file major version 59
	at net.bytebuddy.jar.asm.ClassReader.<init>(ClassReader.java:176)
	at net.bytebuddy.jar.asm.ClassReader.<init>(ClassReader.java:158)
	at net.bytebuddy.jar.asm.ClassReader.<init>(ClassReader.java:146)
	at net.bytebuddy.utility.OpenedClassReader.of(OpenedClassReader.java:69)
	at net.bytebuddy.dynamic.scaffold.TypeWriter$Default$ForInlining.create(TypeWriter.java:2877)
	at net.bytebuddy.dynamic.scaffold.TypeWriter$Default.make(TypeWriter.java:1653)
	at net.bytebuddy.dynamic.scaffold.inline.RedefinitionDynamicTypeBuilder.make(RedefinitionDynamicTypeBuilder.java:180)
	at net.bytebuddy.dynamic.scaffold.inline.AbstractInliningDynamicTypeBuilder.make(AbstractInliningDynamicTypeBuilder.java:94)
	at net.bytebuddy.dynamic.DynamicType$Builder$AbstractBase.make(DynamicType.java:2669)
	at io.mockk.proxy.jvm.transformation.InliningClassTransformer.transform(InliningClassTransformer.kt:78)
	at java.instrument/java.lang.instrument.ClassFileTransformer.transform(ClassFileTransformer.java:246)
	at java.instrument/sun.instrument.TransformerManager.transform(TransformerManager.java:188)
	at java.instrument/sun.instrument.InstrumentationImpl.transform(InstrumentationImpl.java:563)
	at java.instrument/sun.instrument.InstrumentationImpl.retransformClasses0(Native Method)
	at java.instrument/sun.instrument.InstrumentationImpl.retransformClasses(InstrumentationImpl.java:167)
	at io.mockk.proxy.jvm.transformation.JvmInlineInstrumentation.retransform(JvmInlineInstrumentation.kt:28)
	at io.mockk.proxy.common.transformation.RetransformInlineInstrumnetation$execute$1.invoke(RetransformInlineInstrumnetation.kt:19)
	at io.mockk.proxy.common.transformation.RetransformInlineInstrumnetation$execute$1.invoke(RetransformInlineInstrumnetation.kt:6)
	at io.mockk.proxy.common.transformation.ClassTransformationSpecMap.applyTransformation(ClassTransformationSpecMap.kt:41)
	at io.mockk.proxy.common.transformation.RetransformInlineInstrumnetation.execute(RetransformInlineInstrumnetation.kt:16)
	at io.mockk.proxy.jvm.ProxyMaker.inline(ProxyMaker.kt:88)
	at io.mockk.proxy.jvm.ProxyMaker.proxy(ProxyMaker.kt:30)
	at io.mockk.impl.instantiation.JvmMockFactory.newProxy(JvmMockFactory.kt:34)
	at io.mockk.impl.instantiation.AbstractMockFactory.newProxy$default(AbstractMockFactory.kt:29)
	at io.mockk.impl.instantiation.AbstractMockFactory.mockk(AbstractMockFactory.kt:59)
	at goos.ui.swing.MainWindowTest$1$1.invokeSuspend(MainWindowTest.kt:90)
	at goos.ui.swing.MainWindowTest$1$1.invoke(MainWindowTest.kt)
	at goos.ui.swing.MainWindowTest$1$1.invoke(MainWindowTest.kt)
	at io.kotest.core.TestConfiguration$beforeTest$1.beforeTest(TestConfiguration.kt:137)
	at io.kotest.core.spec.LifecycleKt.invokeAllBeforeTestCallbacks(lifecycle.kt:76)
	at io.kotest.core.internal.TestCaseExecutor.executeActiveTest(TestCaseExecutor.kt:152)
	at io.kotest.core.internal.TestCaseExecutor.access$executeActiveTest(TestCaseExecutor.kt:57)
	at io.kotest.core.internal.TestCaseExecutor$intercept$innerExecute$1$1.invokeSuspend(TestCaseExecutor.kt:89)
	at io.kotest.core.internal.TestCaseExecutor$intercept$innerExecute$1$1.invoke(TestCaseExecutor.kt)
	at io.kotest.core.internal.TestCaseExecutor$intercept$innerExecute$1$1.invoke(TestCaseExecutor.kt)
	at io.kotest.core.internal.TestCaseExecutor.executeIfEnabled(TestCaseExecutor.kt:117)
	at io.kotest.core.internal.TestCaseExecutor.access$executeIfEnabled(TestCaseExecutor.kt:57)
	at io.kotest.core.internal.TestCaseExecutor$intercept$innerExecute$1.invokeSuspend(TestCaseExecutor.kt:89)
	at io.kotest.core.internal.TestCaseExecutor$intercept$innerExecute$1.invoke(TestCaseExecutor.kt)
	at io.kotest.core.internal.TestCaseExecutor$intercept$innerExecute$1.invoke(TestCaseExecutor.kt)
	at io.kotest.core.internal.TestCaseExecutor.intercept(TestCaseExecutor.kt:103)
	at io.kotest.core.internal.TestCaseExecutor.execute(TestCaseExecutor.kt:69)
	at io.kotest.engine.spec.runners.SingleInstanceSpecRunner.runTest(SingleInstanceSpecRunner.kt:104)
	at io.kotest.engine.spec.runners.SingleInstanceSpecRunner.access$runTest(SingleInstanceSpecRunner.kt:34)
	at io.kotest.engine.spec.runners.SingleInstanceSpecRunner$execute$interceptAndRun$2$4.invokeSuspend(SingleInstanceSpecRunner.kt:57)
	at io.kotest.engine.spec.runners.SingleInstanceSpecRunner$execute$interceptAndRun$2$4.invoke(SingleInstanceSpecRunner.kt)
	at io.kotest.engine.spec.runners.SingleInstanceSpecRunner$execute$interceptAndRun$2$4.invoke(SingleInstanceSpecRunner.kt)
	at io.kotest.engine.launchers.SequentialTestLauncher$launch$3$1$1.invokeSuspend(SequentialTestLauncher.kt:22)
	at kotlin.coroutines.jvm.internal.BaseContinuationImpl.resumeWith(ContinuationImpl.kt:33)
	at kotlinx.coroutines.DispatchedTask.run(DispatchedTask.kt:106)
	at java.base/java.util.concurrent.ThreadPoolExecutor.runWorker(ThreadPoolExecutor.java:1130)
	at java.base/java.util.concurrent.ThreadPoolExecutor$Worker.run(ThreadPoolExecutor.java:630)
	at java.base/java.lang.Thread.run(Thread.java:832)

Oct 04, 2021 2:30:23 AM net.sourceforge.marathon.javaagent.server.JavaServer serve
INFO: JavaServer.serve(POST /session): {
  "desiredCapabilities": {
    "browserName": "java",
    "platform": "ANY"
  },
  "capabilities": {
    "firstMatch": [
      {
        "browserName": "java"
      }
    ]
  }
}
Oct 04, 2021 2:30:23 AM net.sourceforge.marathon.javaagent.server.JavaServer createSession
INFO: Creating device with type: EVENT_QUEUE
Oct 04, 2021 2:30:23 AM net.sourceforge.marathon.javaagent.Device getDevice
INFO: Creating a EVENT_QUEUE device
Oct 04, 2021 2:30:23 AM net.sourceforge.marathon.javaagent.server.JavaServer serve
INFO: POST(/session, {"desiredCapabilities":{"browserName":"java","platform":"ANY"},"capabilities":{"firstMatch":[{"browserName":"java"}]}}) = {data=, status=REDIRECT}
Oct 04, 2021 2:30:23 AM net.sourceforge.marathon.javaagent.server.JavaServer serve
INFO: JavaServer.serve(GET /session/bf91a5ed-4ba7-4e7d-b0b4-44722aff5dca): {}
Oct 04, 2021 2:30:23 AM net.sourceforge.marathon.javaagent.server.JavaServer serve
INFO: GET(/session/bf91a5ed-4ba7-4e7d-b0b4-44722aff5dca) = {data={"name":"getCapabilities","sessionId":"bf91a5ed-4ba7-4e7d-b0b4-44722aff5dca","value":{"applicationCacheEnabled":false,"rotatable":false,"loggingPrefs":{"driver":"ALL"},"handlesAlerts":false,"databaseEnabled":false,"version":"1.0","platform":"ANY","browserConnectionEnabled":false,"nativeEvents":false,"acceptSslCerts":false,"locationContextEnabled":false,"webStorageEnabled":false,"browserName":"java","takesScreenshot":true,"javascriptEnabled":true,"cssSelectorsEnabled":false},"status":0}, status=OK}
Oct 04, 2021 2:30:23 AM org.openqa.selenium.remote.ProtocolHandshake createSession
INFO: Detected dialect: OSS
Oct 04, 2021 2:30:24 AM net.sourceforge.marathon.javaagent.server.JavaServer serve
INFO: JavaServer.serve(POST /session/bf91a5ed-4ba7-4e7d-b0b4-44722aff5dca/element): {
  "using": "css selector",
  "value": "."
}
Oct 04, 2021 2:30:24 AM net.sourceforge.marathon.javaagent.server.JavaServer serve
INFO: POST(/session/bf91a5ed-4ba7-4e7d-b0b4-44722aff5dca/element, {"using":"css selector","value":"."}) = {data={"name":"findElement","sessionId":"bf91a5ed-4ba7-4e7d-b0b4-44722aff5dca","value":{"ELEMENT":"37c35c99-7e79-4b7b-a05e-dd506567d8bb"},"status":0}, status=OK}
Oct 04, 2021 2:30:24 AM net.sourceforge.marathon.javaagent.server.JavaServer serve
INFO: JavaServer.serve(GET /session/bf91a5ed-4ba7-4e7d-b0b4-44722aff5dca/element/37c35c99-7e79-4b7b-a05e-dd506567d8bb/attribute/name): {}
Oct 04, 2021 2:30:24 AM net.sourceforge.marathon.javaagent.server.JavaServer serve
INFO: GET(/session/bf91a5ed-4ba7-4e7d-b0b4-44722aff5dca/element/37c35c99-7e79-4b7b-a05e-dd506567d8bb/attribute/name) = {data={"name":"getElementAttribute","sessionId":"bf91a5ed-4ba7-4e7d-b0b4-44722aff5dca","value":"Auction Sniper Name","status":0}, status=OK}
Oct 04, 2021 2:30:24 AM net.sourceforge.marathon.javaagent.server.JavaServer serve
INFO: JavaServer.serve(POST /session/bf91a5ed-4ba7-4e7d-b0b4-44722aff5dca/element): {
  "using": "css selector",
  "value": "."
}
Oct 04, 2021 2:30:24 AM net.sourceforge.marathon.javaagent.server.JavaServer serve
INFO: POST(/session/bf91a5ed-4ba7-4e7d-b0b4-44722aff5dca/element, {"using":"css selector","value":"."}) = {data={"name":"findElement","sessionId":"bf91a5ed-4ba7-4e7d-b0b4-44722aff5dca","value":{"ELEMENT":"37c35c99-7e79-4b7b-a05e-dd506567d8bb"},"status":0}, status=OK}
Oct 04, 2021 2:30:24 AM net.sourceforge.marathon.javaagent.server.JavaServer serve
INFO: JavaServer.serve(GET /session/bf91a5ed-4ba7-4e7d-b0b4-44722aff5dca/element/37c35c99-7e79-4b7b-a05e-dd506567d8bb/displayed): {}
Oct 04, 2021 2:30:24 AM net.sourceforge.marathon.javaagent.server.JavaServer serve
INFO: GET(/session/bf91a5ed-4ba7-4e7d-b0b4-44722aff5dca/element/37c35c99-7e79-4b7b-a05e-dd506567d8bb/displayed) = {data={"name":"isDisplayed","sessionId":"bf91a5ed-4ba7-4e7d-b0b4-44722aff5dca","value":true,"status":0}, status=OK}
Oct 04, 2021 2:30:24 AM net.sourceforge.marathon.javaagent.server.JavaServer serve
INFO: JavaServer.serve(GET /session/bf91a5ed-4ba7-4e7d-b0b4-44722aff5dca/title): {}
Oct 04, 2021 2:30:24 AM net.sourceforge.marathon.javaagent.server.JavaServer serve
INFO: GET(/session/bf91a5ed-4ba7-4e7d-b0b4-44722aff5dca/title) = {data={"name":"getWindowTitle","sessionId":"bf91a5ed-4ba7-4e7d-b0b4-44722aff5dca","value":"Auction Sniper","status":0}, status=OK}
Oct 04, 2021 2:30:24 AM net.sourceforge.marathon.javaagent.server.JavaServer serve
INFO: JavaServer.serve(POST /session/bf91a5ed-4ba7-4e7d-b0b4-44722aff5dca/element): {
  "using": "name",
  "value": "snipers table"
}
Oct 04, 2021 2:30:24 AM net.sourceforge.marathon.javaagent.server.JavaServer serve
INFO: POST(/session/bf91a5ed-4ba7-4e7d-b0b4-44722aff5dca/element, {"using":"name","value":"snipers table"}) = {data={"name":"findElement","sessionId":"bf91a5ed-4ba7-4e7d-b0b4-44722aff5dca","value":{"ELEMENT":"2e8cd141-f10e-4bba-8d1c-fda660e74c46"},"status":0}, status=OK}
Oct 04, 2021 2:30:24 AM net.sourceforge.marathon.javaagent.server.JavaServer serve
INFO: JavaServer.serve(POST /session/bf91a5ed-4ba7-4e7d-b0b4-44722aff5dca/element/2e8cd141-f10e-4bba-8d1c-fda660e74c46/elements): {
  "id": "2e8cd141-f10e-4bba-8d1c-fda660e74c46",
  "using": "css selector",
  "value": ".::header.::all-items"
}
Oct 04, 2021 2:30:24 AM net.sourceforge.marathon.javaagent.server.JavaServer serve
INFO: POST(/session/bf91a5ed-4ba7-4e7d-b0b4-44722aff5dca/element/2e8cd141-f10e-4bba-8d1c-fda660e74c46/elements, {"using":"css selector","id":"2e8cd141-f10e-4bba-8d1c-fda660e74c46","value":".::header.::all-items"}) = {data={"name":"findElementsOfElement","sessionId":"bf91a5ed-4ba7-4e7d-b0b4-44722aff5dca","value":[{"ELEMENT":"11300570-8491-4727-8437-ce6d9c00a593%23%7B%22selector%22%3A%22nth-item%22%2C%22parameters%22%3A%5B1%5D%7D"},{"ELEMENT":"11300570-8491-4727-8437-ce6d9c00a593%23%7B%22selector%22%3A%22nth-item%22%2C%22parameters%22%3A%5B2%5D%7D"},{"ELEMENT":"11300570-8491-4727-8437-ce6d9c00a593%23%7B%22selector%22%3A%22nth-item%22%2C%22parameters%22%3A%5B3%5D%7D"},{"ELEMENT":"11300570-8491-4727-8437-ce6d9c00a593%23%7B%22selector%22%3A%22nth-item%22%2C%22parameters%22%3A%5B4%5D%7D"}],"status":0}, status=OK}
Oct 04, 2021 2:30:24 AM net.sourceforge.marathon.javaagent.server.JavaServer serve
INFO: JavaServer.serve(GET /session/bf91a5ed-4ba7-4e7d-b0b4-44722aff5dca/element/11300570-8491-4727-8437-ce6d9c00a593%23%7B%22selector%22%3A%22nth-item%22%2C%22parameters%22%3A%5B1%5D%7D/text): {}
Oct 04, 2021 2:30:24 AM net.sourceforge.marathon.javaagent.server.JavaServer serve
INFO: GET(/session/bf91a5ed-4ba7-4e7d-b0b4-44722aff5dca/element/11300570-8491-4727-8437-ce6d9c00a593%23%7B%22selector%22%3A%22nth-item%22%2C%22parameters%22%3A%5B1%5D%7D/text) = {data={"name":"getElementText","sessionId":"bf91a5ed-4ba7-4e7d-b0b4-44722aff5dca","value":"Item","status":0}, status=OK}
Oct 04, 2021 2:30:24 AM net.sourceforge.marathon.javaagent.server.JavaServer serve
INFO: JavaServer.serve(GET /session/bf91a5ed-4ba7-4e7d-b0b4-44722aff5dca/element/11300570-8491-4727-8437-ce6d9c00a593%23%7B%22selector%22%3A%22nth-item%22%2C%22parameters%22%3A%5B2%5D%7D/text): {}
Oct 04, 2021 2:30:24 AM net.sourceforge.marathon.javaagent.server.JavaServer serve
INFO: GET(/session/bf91a5ed-4ba7-4e7d-b0b4-44722aff5dca/element/11300570-8491-4727-8437-ce6d9c00a593%23%7B%22selector%22%3A%22nth-item%22%2C%22parameters%22%3A%5B2%5D%7D/text) = {data={"name":"getElementText","sessionId":"bf91a5ed-4ba7-4e7d-b0b4-44722aff5dca","value":"Last Price","status":0}, status=OK}
Oct 04, 2021 2:30:24 AM net.sourceforge.marathon.javaagent.server.JavaServer serve
INFO: JavaServer.serve(GET /session/bf91a5ed-4ba7-4e7d-b0b4-44722aff5dca/element/11300570-8491-4727-8437-ce6d9c00a593%23%7B%22selector%22%3A%22nth-item%22%2C%22parameters%22%3A%5B3%5D%7D/text): {}
Oct 04, 2021 2:30:24 AM net.sourceforge.marathon.javaagent.server.JavaServer serve
INFO: GET(/session/bf91a5ed-4ba7-4e7d-b0b4-44722aff5dca/element/11300570-8491-4727-8437-ce6d9c00a593%23%7B%22selector%22%3A%22nth-item%22%2C%22parameters%22%3A%5B3%5D%7D/text) = {data={"name":"getElementText","sessionId":"bf91a5ed-4ba7-4e7d-b0b4-44722aff5dca","value":"Last Bid","status":0}, status=OK}
Oct 04, 2021 2:30:24 AM net.sourceforge.marathon.javaagent.server.JavaServer serve
INFO: JavaServer.serve(GET /session/bf91a5ed-4ba7-4e7d-b0b4-44722aff5dca/element/11300570-8491-4727-8437-ce6d9c00a593%23%7B%22selector%22%3A%22nth-item%22%2C%22parameters%22%3A%5B4%5D%7D/text): {}
Oct 04, 2021 2:30:24 AM net.sourceforge.marathon.javaagent.server.JavaServer serve
INFO: GET(/session/bf91a5ed-4ba7-4e7d-b0b4-44722aff5dca/element/11300570-8491-4727-8437-ce6d9c00a593%23%7B%22selector%22%3A%22nth-item%22%2C%22parameters%22%3A%5B4%5D%7D/text) = {data={"name":"getElementText","sessionId":"bf91a5ed-4ba7-4e7d-b0b4-44722aff5dca","value":"State","status":0}, status=OK}
Oct 04, 2021 2:30:24 AM net.sourceforge.marathon.javaagent.server.JavaServer serve
INFO: JavaServer.serve(DELETE /session/bf91a5ed-4ba7-4e7d-b0b4-44722aff5dca/window): {}
Oct 04, 2021 2:30:24 AM net.sourceforge.marathon.javaagent.server.JavaServer serve
INFO: DELETE(/session/bf91a5ed-4ba7-4e7d-b0b4-44722aff5dca/window) = {data={"name":"closeSession","sessionId":"bf91a5ed-4ba7-4e7d-b0b4-44722aff5dca","status":0}, status=OK}
Oct 04, 2021 2:30:24 AM net.sourceforge.marathon.javaagent.server.JavaServer serve
INFO: JavaServer.serve(POST /session): {
  "desiredCapabilities": {
    "browserName": "java",
    "platform": "ANY"
  },
  "capabilities": {
    "firstMatch": [
      {
        "browserName": "java"
      }
    ]
  }
}
Oct 04, 2021 2:30:24 AM net.sourceforge.marathon.javaagent.server.JavaServer createSession
INFO: Creating device with type: EVENT_QUEUE
Oct 04, 2021 2:30:24 AM net.sourceforge.marathon.javaagent.Device getDevice
INFO: Creating a EVENT_QUEUE device
Oct 04, 2021 2:30:24 AM net.sourceforge.marathon.javaagent.server.JavaServer serve
INFO: POST(/session, {"desiredCapabilities":{"browserName":"java","platform":"ANY"},"capabilities":{"firstMatch":[{"browserName":"java"}]}}) = {data=, status=REDIRECT}
Oct 04, 2021 2:30:24 AM net.sourceforge.marathon.javaagent.server.JavaServer serve
INFO: JavaServer.serve(GET /session/d607815c-4883-43e9-a230-3044e696e88d): {}
Oct 04, 2021 2:30:24 AM net.sourceforge.marathon.javaagent.server.JavaServer serve
INFO: GET(/session/d607815c-4883-43e9-a230-3044e696e88d) = {data={"name":"getCapabilities","sessionId":"d607815c-4883-43e9-a230-3044e696e88d","value":{"applicationCacheEnabled":false,"rotatable":false,"loggingPrefs":{"driver":"ALL"},"handlesAlerts":false,"databaseEnabled":false,"version":"1.0","platform":"ANY","browserConnectionEnabled":false,"nativeEvents":false,"acceptSslCerts":false,"locationContextEnabled":false,"webStorageEnabled":false,"browserName":"java","takesScreenshot":true,"javascriptEnabled":true,"cssSelectorsEnabled":false},"status":0}, status=OK}
Oct 04, 2021 2:30:24 AM org.openqa.selenium.remote.ProtocolHandshake createSession
INFO: Detected dialect: OSS
Oct 04, 2021 2:30:24 AM net.sourceforge.marathon.javaagent.server.JavaServer serve
INFO: JavaServer.serve(POST /session/d607815c-4883-43e9-a230-3044e696e88d/element): {
  "using": "name",
  "value": "new item id field"
}
Oct 04, 2021 2:30:24 AM net.sourceforge.marathon.javaagent.server.JavaServer serve
INFO: POST(/session/d607815c-4883-43e9-a230-3044e696e88d/element, {"using":"name","value":"new item id field"}) = {data={"name":"findElement","sessionId":"d607815c-4883-43e9-a230-3044e696e88d","value":{"ELEMENT":"e244eab6-0ccd-4a98-987d-1473c5d51f4e"},"status":0}, status=OK}
Oct 04, 2021 2:30:24 AM net.sourceforge.marathon.javaagent.server.JavaServer serve
INFO: JavaServer.serve(POST /session/d607815c-4883-43e9-a230-3044e696e88d/element/e244eab6-0ccd-4a98-987d-1473c5d51f4e/clear): {
  "id": "e244eab6-0ccd-4a98-987d-1473c5d51f4e"
}
Oct 04, 2021 2:30:24 AM net.sourceforge.marathon.javaagent.server.JavaServer serve
INFO: POST(/session/d607815c-4883-43e9-a230-3044e696e88d/element/e244eab6-0ccd-4a98-987d-1473c5d51f4e/clear, {"id":"e244eab6-0ccd-4a98-987d-1473c5d51f4e"}) = {data={"name":"clearElement","sessionId":"d607815c-4883-43e9-a230-3044e696e88d","status":0}, status=OK}
Oct 04, 2021 2:30:24 AM net.sourceforge.marathon.javaagent.server.JavaServer serve
INFO: JavaServer.serve(POST /session/d607815c-4883-43e9-a230-3044e696e88d/element/e244eab6-0ccd-4a98-987d-1473c5d51f4e/value): {
  "id": "e244eab6-0ccd-4a98-987d-1473c5d51f4e",
  "value": [
    "an item-id"
  ]
}
Oct 04, 2021 2:30:24 AM net.sourceforge.marathon.javaagent.EventQueueDevice dispatchEvent
INFO: java.awt.event.KeyEvent[KEY_PRESSED,keyCode=65,keyText=A,keyChar='a',keyLocation=KEY_LOCATION_UNKNOWN,rawCode=0,primaryLevelUnicode=0,scancode=0,extendedKeyCode=0x0] on new item id field
Oct 04, 2021 2:30:24 AM net.sourceforge.marathon.javaagent.EventQueueDevice dispatchEvent
INFO: java.awt.event.KeyEvent[KEY_TYPED,keyCode=0,keyText=Unknown keyCode: 0x0,keyChar='a',keyLocation=KEY_LOCATION_UNKNOWN,rawCode=0,primaryLevelUnicode=0,scancode=0,extendedKeyCode=0x0] on new item id field
Oct 04, 2021 2:30:24 AM net.sourceforge.marathon.javaagent.EventQueueDevice dispatchEvent
INFO: java.awt.event.KeyEvent[KEY_RELEASED,keyCode=65,keyText=A,keyChar='a',keyLocation=KEY_LOCATION_UNKNOWN,rawCode=0,primaryLevelUnicode=0,scancode=0,extendedKeyCode=0x0] on new item id field
Oct 04, 2021 2:30:24 AM net.sourceforge.marathon.javaagent.EventQueueDevice dispatchEvent
INFO: java.awt.event.KeyEvent[KEY_PRESSED,keyCode=78,keyText=N,keyChar='n',keyLocation=KEY_LOCATION_UNKNOWN,rawCode=0,primaryLevelUnicode=0,scancode=0,extendedKeyCode=0x0] on new item id field
Oct 04, 2021 2:30:24 AM net.sourceforge.marathon.javaagent.EventQueueDevice dispatchEvent
INFO: java.awt.event.KeyEvent[KEY_TYPED,keyCode=0,keyText=Unknown keyCode: 0x0,keyChar='n',keyLocation=KEY_LOCATION_UNKNOWN,rawCode=0,primaryLevelUnicode=0,scancode=0,extendedKeyCode=0x0] on new item id field
Oct 04, 2021 2:30:24 AM net.sourceforge.marathon.javaagent.EventQueueDevice dispatchEvent
INFO: java.awt.event.KeyEvent[KEY_RELEASED,keyCode=78,keyText=N,keyChar='n',keyLocation=KEY_LOCATION_UNKNOWN,rawCode=0,primaryLevelUnicode=0,scancode=0,extendedKeyCode=0x0] on new item id field
Oct 04, 2021 2:30:24 AM net.sourceforge.marathon.javaagent.EventQueueDevice dispatchEvent
INFO: java.awt.event.KeyEvent[KEY_PRESSED,keyCode=16,keyText=Shift,keyChar=Undefined keyChar,modifiers=Shift,extModifiers=Shift,keyLocation=KEY_LOCATION_UNKNOWN,rawCode=0,primaryLevelUnicode=0,scancode=0,extendedKeyCode=0x0] on new item id field
Oct 04, 2021 2:30:24 AM net.sourceforge.marathon.javaagent.EventQueueDevice dispatchEvent
INFO: java.awt.event.KeyEvent[KEY_PRESSED,keyCode=32,keyText=Space,keyChar=' ',modifiers=Shift,extModifiers=Shift,keyLocation=KEY_LOCATION_UNKNOWN,rawCode=0,primaryLevelUnicode=0,scancode=0,extendedKeyCode=0x0] on new item id field
Oct 04, 2021 2:30:24 AM net.sourceforge.marathon.javaagent.EventQueueDevice dispatchEvent
INFO: java.awt.event.KeyEvent[KEY_TYPED,keyCode=0,keyText=Unknown keyCode: 0x0,keyChar=' ',modifiers=Shift,extModifiers=Shift,keyLocation=KEY_LOCATION_UNKNOWN,rawCode=0,primaryLevelUnicode=0,scancode=0,extendedKeyCode=0x0] on new item id field
Oct 04, 2021 2:30:24 AM net.sourceforge.marathon.javaagent.EventQueueDevice dispatchEvent
INFO: java.awt.event.KeyEvent[KEY_RELEASED,keyCode=32,keyText=Space,keyChar=' ',modifiers=Shift,extModifiers=Shift,keyLocation=KEY_LOCATION_UNKNOWN,rawCode=0,primaryLevelUnicode=0,scancode=0,extendedKeyCode=0x0] on new item id field
Oct 04, 2021 2:30:24 AM net.sourceforge.marathon.javaagent.EventQueueDevice dispatchEvent
INFO: java.awt.event.KeyEvent[KEY_RELEASED,keyCode=16,keyText=Shift,keyChar=Undefined keyChar,keyLocation=KEY_LOCATION_UNKNOWN,rawCode=0,primaryLevelUnicode=0,scancode=0,extendedKeyCode=0x0] on new item id field
Oct 04, 2021 2:30:24 AM net.sourceforge.marathon.javaagent.EventQueueDevice dispatchEvent
INFO: java.awt.event.KeyEvent[KEY_PRESSED,keyCode=73,keyText=I,keyChar='i',keyLocation=KEY_LOCATION_UNKNOWN,rawCode=0,primaryLevelUnicode=0,scancode=0,extendedKeyCode=0x0] on new item id field
Oct 04, 2021 2:30:24 AM net.sourceforge.marathon.javaagent.EventQueueDevice dispatchEvent
INFO: java.awt.event.KeyEvent[KEY_TYPED,keyCode=0,keyText=Unknown keyCode: 0x0,keyChar='i',keyLocation=KEY_LOCATION_UNKNOWN,rawCode=0,primaryLevelUnicode=0,scancode=0,extendedKeyCode=0x0] on new item id field
Oct 04, 2021 2:30:24 AM net.sourceforge.marathon.javaagent.EventQueueDevice dispatchEvent
INFO: java.awt.event.KeyEvent[KEY_RELEASED,keyCode=73,keyText=I,keyChar='i',keyLocation=KEY_LOCATION_UNKNOWN,rawCode=0,primaryLevelUnicode=0,scancode=0,extendedKeyCode=0x0] on new item id field
Oct 04, 2021 2:30:24 AM net.sourceforge.marathon.javaagent.EventQueueDevice dispatchEvent
INFO: java.awt.event.KeyEvent[KEY_PRESSED,keyCode=84,keyText=T,keyChar='t',keyLocation=KEY_LOCATION_UNKNOWN,rawCode=0,primaryLevelUnicode=0,scancode=0,extendedKeyCode=0x0] on new item id field
Oct 04, 2021 2:30:24 AM net.sourceforge.marathon.javaagent.EventQueueDevice dispatchEvent
INFO: java.awt.event.KeyEvent[KEY_TYPED,keyCode=0,keyText=Unknown keyCode: 0x0,keyChar='t',keyLocation=KEY_LOCATION_UNKNOWN,rawCode=0,primaryLevelUnicode=0,scancode=0,extendedKeyCode=0x0] on new item id field
Oct 04, 2021 2:30:24 AM net.sourceforge.marathon.javaagent.EventQueueDevice dispatchEvent
INFO: java.awt.event.KeyEvent[KEY_RELEASED,keyCode=84,keyText=T,keyChar='t',keyLocation=KEY_LOCATION_UNKNOWN,rawCode=0,primaryLevelUnicode=0,scancode=0,extendedKeyCode=0x0] on new item id field
Oct 04, 2021 2:30:24 AM net.sourceforge.marathon.javaagent.EventQueueDevice dispatchEvent
INFO: java.awt.event.KeyEvent[KEY_PRESSED,keyCode=69,keyText=E,keyChar='e',keyLocation=KEY_LOCATION_UNKNOWN,rawCode=0,primaryLevelUnicode=0,scancode=0,extendedKeyCode=0x0] on new item id field
Oct 04, 2021 2:30:24 AM net.sourceforge.marathon.javaagent.EventQueueDevice dispatchEvent
INFO: java.awt.event.KeyEvent[KEY_TYPED,keyCode=0,keyText=Unknown keyCode: 0x0,keyChar='e',keyLocation=KEY_LOCATION_UNKNOWN,rawCode=0,primaryLevelUnicode=0,scancode=0,extendedKeyCode=0x0] on new item id field
Oct 04, 2021 2:30:24 AM net.sourceforge.marathon.javaagent.EventQueueDevice dispatchEvent
INFO: java.awt.event.KeyEvent[KEY_RELEASED,keyCode=69,keyText=E,keyChar='e',keyLocation=KEY_LOCATION_UNKNOWN,rawCode=0,primaryLevelUnicode=0,scancode=0,extendedKeyCode=0x0] on new item id field
Oct 04, 2021 2:30:24 AM net.sourceforge.marathon.javaagent.EventQueueDevice dispatchEvent
INFO: java.awt.event.KeyEvent[KEY_PRESSED,keyCode=77,keyText=M,keyChar='m',keyLocation=KEY_LOCATION_UNKNOWN,rawCode=0,primaryLevelUnicode=0,scancode=0,extendedKeyCode=0x0] on new item id field
Oct 04, 2021 2:30:24 AM net.sourceforge.marathon.javaagent.EventQueueDevice dispatchEvent
INFO: java.awt.event.KeyEvent[KEY_TYPED,keyCode=0,keyText=Unknown keyCode: 0x0,keyChar='m',keyLocation=KEY_LOCATION_UNKNOWN,rawCode=0,primaryLevelUnicode=0,scancode=0,extendedKeyCode=0x0] on new item id field
Oct 04, 2021 2:30:24 AM net.sourceforge.marathon.javaagent.EventQueueDevice dispatchEvent
INFO: java.awt.event.KeyEvent[KEY_RELEASED,keyCode=77,keyText=M,keyChar='m',keyLocation=KEY_LOCATION_UNKNOWN,rawCode=0,primaryLevelUnicode=0,scancode=0,extendedKeyCode=0x0] on new item id field
Oct 04, 2021 2:30:24 AM net.sourceforge.marathon.javaagent.EventQueueDevice dispatchEvent
INFO: java.awt.event.KeyEvent[KEY_PRESSED,keyCode=45,keyText=Minus,keyChar='-',keyLocation=KEY_LOCATION_UNKNOWN,rawCode=0,primaryLevelUnicode=0,scancode=0,extendedKeyCode=0x0] on new item id field
Oct 04, 2021 2:30:24 AM net.sourceforge.marathon.javaagent.EventQueueDevice dispatchEvent
INFO: java.awt.event.KeyEvent[KEY_TYPED,keyCode=0,keyText=Unknown keyCode: 0x0,keyChar='-',keyLocation=KEY_LOCATION_UNKNOWN,rawCode=0,primaryLevelUnicode=0,scancode=0,extendedKeyCode=0x0] on new item id field
Oct 04, 2021 2:30:24 AM net.sourceforge.marathon.javaagent.EventQueueDevice dispatchEvent
INFO: java.awt.event.KeyEvent[KEY_RELEASED,keyCode=45,keyText=Minus,keyChar='-',keyLocation=KEY_LOCATION_UNKNOWN,rawCode=0,primaryLevelUnicode=0,scancode=0,extendedKeyCode=0x0] on new item id field
Oct 04, 2021 2:30:24 AM net.sourceforge.marathon.javaagent.EventQueueDevice dispatchEvent
INFO: java.awt.event.KeyEvent[KEY_PRESSED,keyCode=73,keyText=I,keyChar='i',keyLocation=KEY_LOCATION_UNKNOWN,rawCode=0,primaryLevelUnicode=0,scancode=0,extendedKeyCode=0x0] on new item id field
Oct 04, 2021 2:30:24 AM net.sourceforge.marathon.javaagent.EventQueueDevice dispatchEvent
INFO: java.awt.event.KeyEvent[KEY_TYPED,keyCode=0,keyText=Unknown keyCode: 0x0,keyChar='i',keyLocation=KEY_LOCATION_UNKNOWN,rawCode=0,primaryLevelUnicode=0,scancode=0,extendedKeyCode=0x0] on new item id field
Oct 04, 2021 2:30:24 AM net.sourceforge.marathon.javaagent.EventQueueDevice dispatchEvent
INFO: java.awt.event.KeyEvent[KEY_RELEASED,keyCode=73,keyText=I,keyChar='i',keyLocation=KEY_LOCATION_UNKNOWN,rawCode=0,primaryLevelUnicode=0,scancode=0,extendedKeyCode=0x0] on new item id field
Oct 04, 2021 2:30:24 AM net.sourceforge.marathon.javaagent.EventQueueDevice dispatchEvent
INFO: java.awt.event.KeyEvent[KEY_PRESSED,keyCode=68,keyText=D,keyChar='d',keyLocation=KEY_LOCATION_UNKNOWN,rawCode=0,primaryLevelUnicode=0,scancode=0,extendedKeyCode=0x0] on new item id field
Oct 04, 2021 2:30:24 AM net.sourceforge.marathon.javaagent.EventQueueDevice dispatchEvent
INFO: java.awt.event.KeyEvent[KEY_TYPED,keyCode=0,keyText=Unknown keyCode: 0x0,keyChar='d',keyLocation=KEY_LOCATION_UNKNOWN,rawCode=0,primaryLevelUnicode=0,scancode=0,extendedKeyCode=0x0] on new item id field
Oct 04, 2021 2:30:24 AM net.sourceforge.marathon.javaagent.EventQueueDevice dispatchEvent
INFO: java.awt.event.KeyEvent[KEY_RELEASED,keyCode=68,keyText=D,keyChar='d',keyLocation=KEY_LOCATION_UNKNOWN,rawCode=0,primaryLevelUnicode=0,scancode=0,extendedKeyCode=0x0] on new item id field
Oct 04, 2021 2:30:24 AM net.sourceforge.marathon.javaagent.server.JavaServer serve
INFO: POST(/session/d607815c-4883-43e9-a230-3044e696e88d/element/e244eab6-0ccd-4a98-987d-1473c5d51f4e/value, {"id":"e244eab6-0ccd-4a98-987d-1473c5d51f4e","value":["an item-id"]}) = {data={"name":"sendKeysElement","sessionId":"d607815c-4883-43e9-a230-3044e696e88d","status":0}, status=OK}
Oct 04, 2021 2:30:24 AM net.sourceforge.marathon.javaagent.server.JavaServer serve
INFO: JavaServer.serve(POST /session/d607815c-4883-43e9-a230-3044e696e88d/element): {
  "using": "name",
  "value": "new item stop price field"
}
Oct 04, 2021 2:30:24 AM net.sourceforge.marathon.javaagent.server.JavaServer serve
INFO: POST(/session/d607815c-4883-43e9-a230-3044e696e88d/element, {"using":"name","value":"new item stop price field"}) = {data={"name":"findElement","sessionId":"d607815c-4883-43e9-a230-3044e696e88d","value":{"ELEMENT":"2e9cb7b2-e9f5-4bbf-b216-09162ac3627e"},"status":0}, status=OK}
Oct 04, 2021 2:30:24 AM net.sourceforge.marathon.javaagent.server.JavaServer serve
INFO: JavaServer.serve(POST /session/d607815c-4883-43e9-a230-3044e696e88d/element/2e9cb7b2-e9f5-4bbf-b216-09162ac3627e/clear): {
  "id": "2e9cb7b2-e9f5-4bbf-b216-09162ac3627e"
}
Oct 04, 2021 2:30:24 AM net.sourceforge.marathon.javaagent.server.JavaServer serve
INFO: POST(/session/d607815c-4883-43e9-a230-3044e696e88d/element/2e9cb7b2-e9f5-4bbf-b216-09162ac3627e/clear, {"id":"2e9cb7b2-e9f5-4bbf-b216-09162ac3627e"}) = {data={"name":"clearElement","sessionId":"d607815c-4883-43e9-a230-3044e696e88d","status":0}, status=OK}
Oct 04, 2021 2:30:24 AM net.sourceforge.marathon.javaagent.server.JavaServer serve
INFO: JavaServer.serve(POST /session/d607815c-4883-43e9-a230-3044e696e88d/element/2e9cb7b2-e9f5-4bbf-b216-09162ac3627e/value): {
  "id": "2e9cb7b2-e9f5-4bbf-b216-09162ac3627e",
  "value": [
    "11000"
  ]
}
Oct 04, 2021 2:30:24 AM net.sourceforge.marathon.javaagent.EventQueueDevice dispatchEvent
INFO: java.awt.event.KeyEvent[KEY_PRESSED,keyCode=49,keyText=1,keyChar='1',keyLocation=KEY_LOCATION_UNKNOWN,rawCode=0,primaryLevelUnicode=0,scancode=0,extendedKeyCode=0x0] on new item stop price field
Oct 04, 2021 2:30:24 AM net.sourceforge.marathon.javaagent.EventQueueDevice dispatchEvent
INFO: java.awt.event.KeyEvent[KEY_TYPED,keyCode=0,keyText=Unknown keyCode: 0x0,keyChar='1',keyLocation=KEY_LOCATION_UNKNOWN,rawCode=0,primaryLevelUnicode=0,scancode=0,extendedKeyCode=0x0] on new item stop price field
Oct 04, 2021 2:30:24 AM net.sourceforge.marathon.javaagent.EventQueueDevice dispatchEvent
INFO: java.awt.event.KeyEvent[KEY_RELEASED,keyCode=49,keyText=1,keyChar='1',keyLocation=KEY_LOCATION_UNKNOWN,rawCode=0,primaryLevelUnicode=0,scancode=0,extendedKeyCode=0x0] on new item stop price field
Oct 04, 2021 2:30:24 AM net.sourceforge.marathon.javaagent.EventQueueDevice dispatchEvent
INFO: java.awt.event.KeyEvent[KEY_PRESSED,keyCode=49,keyText=1,keyChar='1',keyLocation=KEY_LOCATION_UNKNOWN,rawCode=0,primaryLevelUnicode=0,scancode=0,extendedKeyCode=0x0] on new item stop price field
Oct 04, 2021 2:30:24 AM net.sourceforge.marathon.javaagent.EventQueueDevice dispatchEvent
INFO: java.awt.event.KeyEvent[KEY_TYPED,keyCode=0,keyText=Unknown keyCode: 0x0,keyChar='1',keyLocation=KEY_LOCATION_UNKNOWN,rawCode=0,primaryLevelUnicode=0,scancode=0,extendedKeyCode=0x0] on new item stop price field
Oct 04, 2021 2:30:24 AM net.sourceforge.marathon.javaagent.EventQueueDevice dispatchEvent
INFO: java.awt.event.KeyEvent[KEY_RELEASED,keyCode=49,keyText=1,keyChar='1',keyLocation=KEY_LOCATION_UNKNOWN,rawCode=0,primaryLevelUnicode=0,scancode=0,extendedKeyCode=0x0] on new item stop price field
Oct 04, 2021 2:30:24 AM net.sourceforge.marathon.javaagent.EventQueueDevice dispatchEvent
INFO: java.awt.event.KeyEvent[KEY_PRESSED,keyCode=48,keyText=0,keyChar='0',keyLocation=KEY_LOCATION_UNKNOWN,rawCode=0,primaryLevelUnicode=0,scancode=0,extendedKeyCode=0x0] on new item stop price field
Oct 04, 2021 2:30:24 AM net.sourceforge.marathon.javaagent.EventQueueDevice dispatchEvent
INFO: java.awt.event.KeyEvent[KEY_TYPED,keyCode=0,keyText=Unknown keyCode: 0x0,keyChar='0',keyLocation=KEY_LOCATION_UNKNOWN,rawCode=0,primaryLevelUnicode=0,scancode=0,extendedKeyCode=0x0] on new item stop price field
Oct 04, 2021 2:30:24 AM net.sourceforge.marathon.javaagent.EventQueueDevice dispatchEvent
INFO: java.awt.event.KeyEvent[KEY_RELEASED,keyCode=48,keyText=0,keyChar='0',keyLocation=KEY_LOCATION_UNKNOWN,rawCode=0,primaryLevelUnicode=0,scancode=0,extendedKeyCode=0x0] on new item stop price field
Oct 04, 2021 2:30:24 AM net.sourceforge.marathon.javaagent.EventQueueDevice dispatchEvent
INFO: java.awt.event.KeyEvent[KEY_PRESSED,keyCode=48,keyText=0,keyChar='0',keyLocation=KEY_LOCATION_UNKNOWN,rawCode=0,primaryLevelUnicode=0,scancode=0,extendedKeyCode=0x0] on new item stop price field
Oct 04, 2021 2:30:24 AM net.sourceforge.marathon.javaagent.EventQueueDevice dispatchEvent
INFO: java.awt.event.KeyEvent[KEY_TYPED,keyCode=0,keyText=Unknown keyCode: 0x0,keyChar='0',keyLocation=KEY_LOCATION_UNKNOWN,rawCode=0,primaryLevelUnicode=0,scancode=0,extendedKeyCode=0x0] on new item stop price field
Oct 04, 2021 2:30:24 AM net.sourceforge.marathon.javaagent.EventQueueDevice dispatchEvent
INFO: java.awt.event.KeyEvent[KEY_RELEASED,keyCode=48,keyText=0,keyChar='0',keyLocation=KEY_LOCATION_UNKNOWN,rawCode=0,primaryLevelUnicode=0,scancode=0,extendedKeyCode=0x0] on new item stop price field
Oct 04, 2021 2:30:24 AM net.sourceforge.marathon.javaagent.EventQueueDevice dispatchEvent
INFO: java.awt.event.KeyEvent[KEY_PRESSED,keyCode=48,keyText=0,keyChar='0',keyLocation=KEY_LOCATION_UNKNOWN,rawCode=0,primaryLevelUnicode=0,scancode=0,extendedKeyCode=0x0] on new item stop price field
Oct 04, 2021 2:30:24 AM net.sourceforge.marathon.javaagent.EventQueueDevice dispatchEvent
INFO: java.awt.event.KeyEvent[KEY_TYPED,keyCode=0,keyText=Unknown keyCode: 0x0,keyChar='0',keyLocation=KEY_LOCATION_UNKNOWN,rawCode=0,primaryLevelUnicode=0,scancode=0,extendedKeyCode=0x0] on new item stop price field
Oct 04, 2021 2:30:24 AM net.sourceforge.marathon.javaagent.EventQueueDevice dispatchEvent
INFO: java.awt.event.KeyEvent[KEY_RELEASED,keyCode=48,keyText=0,keyChar='0',keyLocation=KEY_LOCATION_UNKNOWN,rawCode=0,primaryLevelUnicode=0,scancode=0,extendedKeyCode=0x0] on new item stop price field
Oct 04, 2021 2:30:24 AM net.sourceforge.marathon.javaagent.server.JavaServer serve
INFO: POST(/session/d607815c-4883-43e9-a230-3044e696e88d/element/2e9cb7b2-e9f5-4bbf-b216-09162ac3627e/value, {"id":"2e9cb7b2-e9f5-4bbf-b216-09162ac3627e","value":["11000"]}) = {data={"name":"sendKeysElement","sessionId":"d607815c-4883-43e9-a230-3044e696e88d","status":0}, status=OK}
Oct 04, 2021 2:30:24 AM net.sourceforge.marathon.javaagent.server.JavaServer serve
INFO: JavaServer.serve(POST /session/d607815c-4883-43e9-a230-3044e696e88d/element): {
  "using": "name",
  "value": "join button"
}
Oct 04, 2021 2:30:24 AM net.sourceforge.marathon.javaagent.server.JavaServer serve
INFO: POST(/session/d607815c-4883-43e9-a230-3044e696e88d/element, {"using":"name","value":"join button"}) = {data={"name":"findElement","sessionId":"d607815c-4883-43e9-a230-3044e696e88d","value":{"ELEMENT":"05ce11e0-71f2-48e8-ba43-358f9d5fd289"},"status":0}, status=OK}
Oct 04, 2021 2:30:24 AM net.sourceforge.marathon.javaagent.server.JavaServer serve
INFO: JavaServer.serve(POST /session/d607815c-4883-43e9-a230-3044e696e88d/element/05ce11e0-71f2-48e8-ba43-358f9d5fd289/click): {
  "id": "05ce11e0-71f2-48e8-ba43-358f9d5fd289"
}
Oct 04, 2021 2:30:24 AM net.sourceforge.marathon.javaagent.EventQueueDevice dispatchEvent
INFO: java.awt.event.MouseEvent[MOUSE_PRESSED,(58,12),absolute(589,17),button=1,modifiers=Button1,extModifiers=Button1,clickCount=1] on join button
Oct 04, 2021 2:30:24 AM net.sourceforge.marathon.javaagent.EventQueueDevice dispatchEvent
INFO: java.awt.event.MouseEvent[MOUSE_RELEASED,(58,12),absolute(589,17),button=1,modifiers=Button1,clickCount=1] on join button
Oct 04, 2021 2:30:24 AM net.sourceforge.marathon.javaagent.EventQueueDevice dispatchEvent
INFO: java.awt.event.MouseEvent[MOUSE_CLICKED,(58,12),absolute(589,17),button=1,modifiers=Button1,clickCount=1] on join button
Oct 04, 2021 2:30:25 AM net.sourceforge.marathon.javaagent.server.JavaServer serve
INFO: POST(/session/d607815c-4883-43e9-a230-3044e696e88d/element/05ce11e0-71f2-48e8-ba43-358f9d5fd289/click, {"id":"05ce11e0-71f2-48e8-ba43-358f9d5fd289"}) = {data={"name":"clickElement","sessionId":"d607815c-4883-43e9-a230-3044e696e88d","status":0}, status=OK}
Oct 04, 2021 2:30:25 AM net.sourceforge.marathon.javaagent.server.JavaServer serve
INFO: JavaServer.serve(DELETE /session/d607815c-4883-43e9-a230-3044e696e88d/window): {}
Oct 04, 2021 2:30:25 AM net.sourceforge.marathon.javaagent.server.JavaServer serve
INFO: DELETE(/session/d607815c-4883-43e9-a230-3044e696e88d/window) = {data={"name":"closeSession","sessionId":"d607815c-4883-43e9-a230-3044e696e88d","status":0}, status=OK}
Oct 04, 2021 2:30:25 AM net.sourceforge.marathon.javaagent.server.JavaServer serve
INFO: JavaServer.serve(POST /session): {
  "desiredCapabilities": {
    "browserName": "java",
    "platform": "ANY"
  },
  "capabilities": {
    "firstMatch": [
      {
        "browserName": "java"
      }
    ]
  }
}
Oct 04, 2021 2:30:25 AM net.sourceforge.marathon.javaagent.server.JavaServer createSession
INFO: Creating device with type: EVENT_QUEUE
Oct 04, 2021 2:30:25 AM net.sourceforge.marathon.javaagent.Device getDevice
INFO: Creating a EVENT_QUEUE device
Oct 04, 2021 2:30:25 AM net.sourceforge.marathon.javaagent.server.JavaServer serve
INFO: POST(/session, {"desiredCapabilities":{"browserName":"java","platform":"ANY"},"capabilities":{"firstMatch":[{"browserName":"java"}]}}) = {data=, status=REDIRECT}
Oct 04, 2021 2:30:25 AM net.sourceforge.marathon.javaagent.server.JavaServer serve
INFO: JavaServer.serve(GET /session/6bdeeda9-7621-430e-a5b4-03c9aefc2164): {}
Oct 04, 2021 2:30:25 AM net.sourceforge.marathon.javaagent.server.JavaServer serve
INFO: GET(/session/6bdeeda9-7621-430e-a5b4-03c9aefc2164) = {data={"name":"getCapabilities","sessionId":"6bdeeda9-7621-430e-a5b4-03c9aefc2164","value":{"applicationCacheEnabled":false,"rotatable":false,"loggingPrefs":{"driver":"ALL"},"handlesAlerts":false,"databaseEnabled":false,"version":"1.0","platform":"ANY","browserConnectionEnabled":false,"nativeEvents":false,"acceptSslCerts":false,"locationContextEnabled":false,"webStorageEnabled":false,"browserName":"java","takesScreenshot":true,"javascriptEnabled":true,"cssSelectorsEnabled":false},"status":0}, status=OK}
Oct 04, 2021 2:30:25 AM org.openqa.selenium.remote.ProtocolHandshake createSession
INFO: Detected dialect: OSS
Oct 04, 2021 2:30:25 AM net.sourceforge.marathon.javaagent.server.JavaServer serve
INFO: JavaServer.serve(POST /session/6bdeeda9-7621-430e-a5b4-03c9aefc2164/element): {
  "using": "name",
  "value": "sniper reset button"
}
Oct 04, 2021 2:30:25 AM net.sourceforge.marathon.javaagent.server.JavaServer serve
INFO: POST(/session/6bdeeda9-7621-430e-a5b4-03c9aefc2164/element, {"using":"name","value":"sniper reset button"}) = {data={"name":"findElement","sessionId":"6bdeeda9-7621-430e-a5b4-03c9aefc2164","value":{"ELEMENT":"bcdc6d4a-c1ea-411b-ad85-4b2ac8e00c42"},"status":0}, status=OK}
Oct 04, 2021 2:30:25 AM net.sourceforge.marathon.javaagent.server.JavaServer serve
INFO: JavaServer.serve(POST /session/6bdeeda9-7621-430e-a5b4-03c9aefc2164/element/bcdc6d4a-c1ea-411b-ad85-4b2ac8e00c42/click): {
  "id": "bcdc6d4a-c1ea-411b-ad85-4b2ac8e00c42"
}
Oct 04, 2021 2:30:25 AM net.sourceforge.marathon.javaagent.EventQueueDevice dispatchEvent
INFO: java.awt.event.MouseEvent[MOUSE_PRESSED,(37,12),absolute(326,474),button=1,modifiers=Button1,extModifiers=Button1,clickCount=1] on sniper reset button
Oct 04, 2021 2:30:25 AM net.sourceforge.marathon.javaagent.EventQueueDevice dispatchEvent
INFO: java.awt.event.MouseEvent[MOUSE_RELEASED,(37,12),absolute(326,474),button=1,modifiers=Button1,clickCount=1] on sniper reset button
Oct 04, 2021 2:30:25 AM net.sourceforge.marathon.javaagent.EventQueueDevice dispatchEvent
INFO: java.awt.event.MouseEvent[MOUSE_CLICKED,(37,12),absolute(326,474),button=1,modifiers=Button1,clickCount=1] on sniper reset button
Oct 04, 2021 2:30:25 AM net.sourceforge.marathon.javaagent.server.JavaServer serve
INFO: POST(/session/6bdeeda9-7621-430e-a5b4-03c9aefc2164/element/bcdc6d4a-c1ea-411b-ad85-4b2ac8e00c42/click, {"id":"bcdc6d4a-c1ea-411b-ad85-4b2ac8e00c42"}) = {data={"name":"clickElement","sessionId":"6bdeeda9-7621-430e-a5b4-03c9aefc2164","status":0}, status=OK}
Oct 04, 2021 2:30:25 AM net.sourceforge.marathon.javaagent.server.JavaServer serve
INFO: JavaServer.serve(DELETE /session/6bdeeda9-7621-430e-a5b4-03c9aefc2164/window): {}
Oct 04, 2021 2:30:25 AM net.sourceforge.marathon.javaagent.server.JavaServer serve
INFO: DELETE(/session/6bdeeda9-7621-430e-a5b4-03c9aefc2164/window) = {data={"name":"closeSession","sessionId":"6bdeeda9-7621-430e-a5b4-03c9aefc2164","status":0}, status=OK}
]]></system-err>
</testsuite>
