<?xml version="1.0" encoding="UTF-8"?>
<testsuite name="goos.ui.swing.MainWindowTest" tests="3" skipped="0" failures="0" errors="0" timestamp="2021-11-24T02:26:07" hostname="buildkitsandbox" time="4.066">
  <properties/>
  <testcase name="window has expected features" classname="goos.ui.swing.MainWindowTest" time="3.099"/>
  <testcase name="make user request when join button clicked" classname="goos.ui.swing.MainWindowTest" time="0.78"/>
  <testcase name="make user request when reset button clicked" classname="goos.ui.swing.MainWindowTest" time="0.184"/>
  <system-out><![CDATA[]]></system-out>
  <system-err><![CDATA[Nov 24, 2021 2:26:07 AM io.mockk.impl.log.JULLogger warn
WARNING: Failed to transform class goos/ui/api/UserRequestListener
java.lang.IllegalArgumentException: Unsupported class file major version 59
	at net.bytebuddy.jar.asm.ClassReader.<init>(ClassReader.java:176)
	at net.bytebuddy.jar.asm.ClassReader.<init>(ClassReader.java:158)
	at net.bytebuddy.jar.asm.ClassReader.<init>(ClassReader.java:146)
	at net.bytebuddy.utility.OpenedClassReader.of(OpenedClassReader.java:69)
	at net.bytebuddy.dynamic.scaffold.TypeWriter$Default$ForInlining.create(TypeWriter.java:2877)
	at net.bytebuddy.dynamic.scaffold.TypeWriter$Default.make(TypeWriter.java:1653)
	at net.bytebuddy.dynamic.scaffold.inline.RedefinitionDynamicTypeBuilder.make(RedefinitionDynamicTypeBuilder.java:180)
	at net.bytebuddy.dynamic.scaffold.inline.AbstractInliningDynamicTypeBuilder.make(AbstractInliningDynamicTypeBuilder.java:94)
	at net.bytebuddy.dynamic.DynamicType$Builder$AbstractBase.make(DynamicType.java:2669)
	at io.mockk.proxy.jvm.transformation.InliningClassTransformer.transform(InliningClassTransformer.kt:78)
	at java.instrument/java.lang.instrument.ClassFileTransformer.transform(ClassFileTransformer.java:246)
	at java.instrument/sun.instrument.TransformerManager.transform(TransformerManager.java:188)
	at java.instrument/sun.instrument.InstrumentationImpl.transform(InstrumentationImpl.java:563)
	at java.instrument/sun.instrument.InstrumentationImpl.retransformClasses0(Native Method)
	at java.instrument/sun.instrument.InstrumentationImpl.retransformClasses(InstrumentationImpl.java:167)
	at io.mockk.proxy.jvm.transformation.JvmInlineInstrumentation.retransform(JvmInlineInstrumentation.kt:28)
	at io.mockk.proxy.common.transformation.RetransformInlineInstrumnetation$execute$1.invoke(RetransformInlineInstrumnetation.kt:19)
	at io.mockk.proxy.common.transformation.RetransformInlineInstrumnetation$execute$1.invoke(RetransformInlineInstrumnetation.kt:6)
	at io.mockk.proxy.common.transformation.ClassTransformationSpecMap.applyTransformation(ClassTransformationSpecMap.kt:41)
	at io.mockk.proxy.common.transformation.RetransformInlineInstrumnetation.execute(RetransformInlineInstrumnetation.kt:16)
	at io.mockk.proxy.jvm.ProxyMaker.inline(ProxyMaker.kt:88)
	at io.mockk.proxy.jvm.ProxyMaker.proxy(ProxyMaker.kt:30)
	at io.mockk.impl.instantiation.JvmMockFactory.newProxy(JvmMockFactory.kt:34)
	at io.mockk.impl.instantiation.AbstractMockFactory.newProxy$default(AbstractMockFactory.kt:29)
	at io.mockk.impl.instantiation.AbstractMockFactory.mockk(AbstractMockFactory.kt:59)
	at goos.ui.swing.MainWindowTest$1$1.invokeSuspend(MainWindowTest.kt:90)
	at goos.ui.swing.MainWindowTest$1$1.invoke(MainWindowTest.kt)
	at goos.ui.swing.MainWindowTest$1$1.invoke(MainWindowTest.kt)
	at io.kotest.core.TestConfiguration$beforeTest$1.beforeTest(TestConfiguration.kt:137)
	at io.kotest.core.spec.LifecycleKt.invokeAllBeforeTestCallbacks(lifecycle.kt:76)
	at io.kotest.core.internal.TestCaseExecutor.executeActiveTest(TestCaseExecutor.kt:152)
	at io.kotest.core.internal.TestCaseExecutor.access$executeActiveTest(TestCaseExecutor.kt:57)
	at io.kotest.core.internal.TestCaseExecutor$intercept$innerExecute$1$1.invokeSuspend(TestCaseExecutor.kt:89)
	at io.kotest.core.internal.TestCaseExecutor$intercept$innerExecute$1$1.invoke(TestCaseExecutor.kt)
	at io.kotest.core.internal.TestCaseExecutor$intercept$innerExecute$1$1.invoke(TestCaseExecutor.kt)
	at io.kotest.core.internal.TestCaseExecutor.executeIfEnabled(TestCaseExecutor.kt:117)
	at io.kotest.core.internal.TestCaseExecutor.access$executeIfEnabled(TestCaseExecutor.kt:57)
	at io.kotest.core.internal.TestCaseExecutor$intercept$innerExecute$1.invokeSuspend(TestCaseExecutor.kt:89)
	at io.kotest.core.internal.TestCaseExecutor$intercept$innerExecute$1.invoke(TestCaseExecutor.kt)
	at io.kotest.core.internal.TestCaseExecutor$intercept$innerExecute$1.invoke(TestCaseExecutor.kt)
	at io.kotest.core.internal.TestCaseExecutor.intercept(TestCaseExecutor.kt:103)
	at io.kotest.core.internal.TestCaseExecutor.execute(TestCaseExecutor.kt:69)
	at io.kotest.engine.spec.runners.SingleInstanceSpecRunner.runTest(SingleInstanceSpecRunner.kt:104)
	at io.kotest.engine.spec.runners.SingleInstanceSpecRunner.access$runTest(SingleInstanceSpecRunner.kt:34)
	at io.kotest.engine.spec.runners.SingleInstanceSpecRunner$execute$interceptAndRun$2$4.invokeSuspend(SingleInstanceSpecRunner.kt:57)
	at io.kotest.engine.spec.runners.SingleInstanceSpecRunner$execute$interceptAndRun$2$4.invoke(SingleInstanceSpecRunner.kt)
	at io.kotest.engine.spec.runners.SingleInstanceSpecRunner$execute$interceptAndRun$2$4.invoke(SingleInstanceSpecRunner.kt)
	at io.kotest.engine.launchers.SequentialTestLauncher$launch$3$1$1.invokeSuspend(SequentialTestLauncher.kt:22)
	at kotlin.coroutines.jvm.internal.BaseContinuationImpl.resumeWith(ContinuationImpl.kt:33)
	at kotlinx.coroutines.DispatchedTask.run(DispatchedTask.kt:106)
	at java.base/java.util.concurrent.ThreadPoolExecutor.runWorker(ThreadPoolExecutor.java:1130)
	at java.base/java.util.concurrent.ThreadPoolExecutor$Worker.run(ThreadPoolExecutor.java:630)
	at java.base/java.lang.Thread.run(Thread.java:832)

Nov 24, 2021 2:26:09 AM net.sourceforge.marathon.javaagent.server.JavaServer serve
INFO: JavaServer.serve(POST /session): {
  "desiredCapabilities": {
    "browserName": "java",
    "platform": "ANY"
  },
  "capabilities": {
    "firstMatch": [
      {
        "browserName": "java"
      }
    ]
  }
}
Nov 24, 2021 2:26:09 AM net.sourceforge.marathon.javaagent.server.JavaServer createSession
INFO: Creating device with type: EVENT_QUEUE
Nov 24, 2021 2:26:10 AM net.sourceforge.marathon.javaagent.Device getDevice
INFO: Creating a EVENT_QUEUE device
Nov 24, 2021 2:26:10 AM net.sourceforge.marathon.javaagent.server.JavaServer serve
INFO: POST(/session, {"desiredCapabilities":{"browserName":"java","platform":"ANY"},"capabilities":{"firstMatch":[{"browserName":"java"}]}}) = {data=, status=REDIRECT}
Nov 24, 2021 2:26:10 AM net.sourceforge.marathon.javaagent.server.JavaServer serve
INFO: JavaServer.serve(GET /session/5e84ea01-b72e-47df-8626-565f4881d432): {}
Nov 24, 2021 2:26:10 AM net.sourceforge.marathon.javaagent.server.JavaServer serve
INFO: GET(/session/5e84ea01-b72e-47df-8626-565f4881d432) = {data={"name":"getCapabilities","sessionId":"5e84ea01-b72e-47df-8626-565f4881d432","value":{"applicationCacheEnabled":false,"rotatable":false,"loggingPrefs":{"driver":"ALL"},"handlesAlerts":false,"databaseEnabled":false,"version":"1.0","platform":"ANY","browserConnectionEnabled":false,"nativeEvents":false,"acceptSslCerts":false,"locationContextEnabled":false,"webStorageEnabled":false,"browserName":"java","takesScreenshot":true,"javascriptEnabled":true,"cssSelectorsEnabled":false},"status":0}, status=OK}
Nov 24, 2021 2:26:10 AM org.openqa.selenium.remote.ProtocolHandshake createSession
INFO: Detected dialect: OSS
Nov 24, 2021 2:26:10 AM net.sourceforge.marathon.javaagent.server.JavaServer serve
INFO: JavaServer.serve(POST /session/5e84ea01-b72e-47df-8626-565f4881d432/element): {
  "using": "css selector",
  "value": "."
}
Nov 24, 2021 2:26:10 AM net.sourceforge.marathon.javaagent.server.JavaServer serve
INFO: POST(/session/5e84ea01-b72e-47df-8626-565f4881d432/element, {"using":"css selector","value":"."}) = {data={"name":"findElement","sessionId":"5e84ea01-b72e-47df-8626-565f4881d432","value":{"ELEMENT":"474151cb-ed6c-41c2-9517-fdee50832dc2"},"status":0}, status=OK}
Nov 24, 2021 2:26:10 AM net.sourceforge.marathon.javaagent.server.JavaServer serve
INFO: JavaServer.serve(GET /session/5e84ea01-b72e-47df-8626-565f4881d432/element/474151cb-ed6c-41c2-9517-fdee50832dc2/attribute/name): {}
Nov 24, 2021 2:26:10 AM net.sourceforge.marathon.javaagent.server.JavaServer serve
INFO: GET(/session/5e84ea01-b72e-47df-8626-565f4881d432/element/474151cb-ed6c-41c2-9517-fdee50832dc2/attribute/name) = {data={"name":"getElementAttribute","sessionId":"5e84ea01-b72e-47df-8626-565f4881d432","value":"Auction Sniper Name","status":0}, status=OK}
Nov 24, 2021 2:26:10 AM net.sourceforge.marathon.javaagent.server.JavaServer serve
INFO: JavaServer.serve(POST /session/5e84ea01-b72e-47df-8626-565f4881d432/element): {
  "using": "css selector",
  "value": "."
}
Nov 24, 2021 2:26:10 AM net.sourceforge.marathon.javaagent.server.JavaServer serve
INFO: POST(/session/5e84ea01-b72e-47df-8626-565f4881d432/element, {"using":"css selector","value":"."}) = {data={"name":"findElement","sessionId":"5e84ea01-b72e-47df-8626-565f4881d432","value":{"ELEMENT":"474151cb-ed6c-41c2-9517-fdee50832dc2"},"status":0}, status=OK}
Nov 24, 2021 2:26:10 AM net.sourceforge.marathon.javaagent.server.JavaServer serve
INFO: JavaServer.serve(GET /session/5e84ea01-b72e-47df-8626-565f4881d432/element/474151cb-ed6c-41c2-9517-fdee50832dc2/displayed): {}
Nov 24, 2021 2:26:10 AM net.sourceforge.marathon.javaagent.server.JavaServer serve
INFO: GET(/session/5e84ea01-b72e-47df-8626-565f4881d432/element/474151cb-ed6c-41c2-9517-fdee50832dc2/displayed) = {data={"name":"isDisplayed","sessionId":"5e84ea01-b72e-47df-8626-565f4881d432","value":true,"status":0}, status=OK}
Nov 24, 2021 2:26:10 AM net.sourceforge.marathon.javaagent.server.JavaServer serve
INFO: JavaServer.serve(GET /session/5e84ea01-b72e-47df-8626-565f4881d432/title): {}
Nov 24, 2021 2:26:10 AM net.sourceforge.marathon.javaagent.server.JavaServer serve
INFO: GET(/session/5e84ea01-b72e-47df-8626-565f4881d432/title) = {data={"name":"getWindowTitle","sessionId":"5e84ea01-b72e-47df-8626-565f4881d432","value":"Auction Sniper","status":0}, status=OK}
Nov 24, 2021 2:26:10 AM net.sourceforge.marathon.javaagent.server.JavaServer serve
INFO: JavaServer.serve(POST /session/5e84ea01-b72e-47df-8626-565f4881d432/element): {
  "using": "name",
  "value": "snipers table"
}
Nov 24, 2021 2:26:10 AM net.sourceforge.marathon.javaagent.server.JavaServer serve
INFO: POST(/session/5e84ea01-b72e-47df-8626-565f4881d432/element, {"using":"name","value":"snipers table"}) = {data={"name":"findElement","sessionId":"5e84ea01-b72e-47df-8626-565f4881d432","value":{"ELEMENT":"19d69781-7edb-4650-a867-e25938b11fef"},"status":0}, status=OK}
Nov 24, 2021 2:26:10 AM net.sourceforge.marathon.javaagent.server.JavaServer serve
INFO: JavaServer.serve(POST /session/5e84ea01-b72e-47df-8626-565f4881d432/element/19d69781-7edb-4650-a867-e25938b11fef/elements): {
  "id": "19d69781-7edb-4650-a867-e25938b11fef",
  "using": "css selector",
  "value": ".::header.::all-items"
}
Nov 24, 2021 2:26:10 AM net.sourceforge.marathon.javaagent.server.JavaServer serve
INFO: POST(/session/5e84ea01-b72e-47df-8626-565f4881d432/element/19d69781-7edb-4650-a867-e25938b11fef/elements, {"using":"css selector","id":"19d69781-7edb-4650-a867-e25938b11fef","value":".::header.::all-items"}) = {data={"name":"findElementsOfElement","sessionId":"5e84ea01-b72e-47df-8626-565f4881d432","value":[{"ELEMENT":"9ec46b99-5883-4cf6-9b56-92ec2eed4263%23%7B%22selector%22%3A%22nth-item%22%2C%22parameters%22%3A%5B1%5D%7D"},{"ELEMENT":"9ec46b99-5883-4cf6-9b56-92ec2eed4263%23%7B%22selector%22%3A%22nth-item%22%2C%22parameters%22%3A%5B2%5D%7D"},{"ELEMENT":"9ec46b99-5883-4cf6-9b56-92ec2eed4263%23%7B%22selector%22%3A%22nth-item%22%2C%22parameters%22%3A%5B3%5D%7D"},{"ELEMENT":"9ec46b99-5883-4cf6-9b56-92ec2eed4263%23%7B%22selector%22%3A%22nth-item%22%2C%22parameters%22%3A%5B4%5D%7D"}],"status":0}, status=OK}
Nov 24, 2021 2:26:10 AM net.sourceforge.marathon.javaagent.server.JavaServer serve
INFO: JavaServer.serve(GET /session/5e84ea01-b72e-47df-8626-565f4881d432/element/9ec46b99-5883-4cf6-9b56-92ec2eed4263%23%7B%22selector%22%3A%22nth-item%22%2C%22parameters%22%3A%5B1%5D%7D/text): {}
Nov 24, 2021 2:26:10 AM net.sourceforge.marathon.javaagent.server.JavaServer serve
INFO: GET(/session/5e84ea01-b72e-47df-8626-565f4881d432/element/9ec46b99-5883-4cf6-9b56-92ec2eed4263%23%7B%22selector%22%3A%22nth-item%22%2C%22parameters%22%3A%5B1%5D%7D/text) = {data={"name":"getElementText","sessionId":"5e84ea01-b72e-47df-8626-565f4881d432","value":"Item","status":0}, status=OK}
Nov 24, 2021 2:26:10 AM net.sourceforge.marathon.javaagent.server.JavaServer serve
INFO: JavaServer.serve(GET /session/5e84ea01-b72e-47df-8626-565f4881d432/element/9ec46b99-5883-4cf6-9b56-92ec2eed4263%23%7B%22selector%22%3A%22nth-item%22%2C%22parameters%22%3A%5B2%5D%7D/text): {}
Nov 24, 2021 2:26:10 AM net.sourceforge.marathon.javaagent.server.JavaServer serve
INFO: GET(/session/5e84ea01-b72e-47df-8626-565f4881d432/element/9ec46b99-5883-4cf6-9b56-92ec2eed4263%23%7B%22selector%22%3A%22nth-item%22%2C%22parameters%22%3A%5B2%5D%7D/text) = {data={"name":"getElementText","sessionId":"5e84ea01-b72e-47df-8626-565f4881d432","value":"Last Price","status":0}, status=OK}
Nov 24, 2021 2:26:10 AM net.sourceforge.marathon.javaagent.server.JavaServer serve
INFO: JavaServer.serve(GET /session/5e84ea01-b72e-47df-8626-565f4881d432/element/9ec46b99-5883-4cf6-9b56-92ec2eed4263%23%7B%22selector%22%3A%22nth-item%22%2C%22parameters%22%3A%5B3%5D%7D/text): {}
Nov 24, 2021 2:26:10 AM net.sourceforge.marathon.javaagent.server.JavaServer serve
INFO: GET(/session/5e84ea01-b72e-47df-8626-565f4881d432/element/9ec46b99-5883-4cf6-9b56-92ec2eed4263%23%7B%22selector%22%3A%22nth-item%22%2C%22parameters%22%3A%5B3%5D%7D/text) = {data={"name":"getElementText","sessionId":"5e84ea01-b72e-47df-8626-565f4881d432","value":"Last Bid","status":0}, status=OK}
Nov 24, 2021 2:26:10 AM net.sourceforge.marathon.javaagent.server.JavaServer serve
INFO: JavaServer.serve(GET /session/5e84ea01-b72e-47df-8626-565f4881d432/element/9ec46b99-5883-4cf6-9b56-92ec2eed4263%23%7B%22selector%22%3A%22nth-item%22%2C%22parameters%22%3A%5B4%5D%7D/text): {}
Nov 24, 2021 2:26:10 AM net.sourceforge.marathon.javaagent.server.JavaServer serve
INFO: GET(/session/5e84ea01-b72e-47df-8626-565f4881d432/element/9ec46b99-5883-4cf6-9b56-92ec2eed4263%23%7B%22selector%22%3A%22nth-item%22%2C%22parameters%22%3A%5B4%5D%7D/text) = {data={"name":"getElementText","sessionId":"5e84ea01-b72e-47df-8626-565f4881d432","value":"State","status":0}, status=OK}
Nov 24, 2021 2:26:10 AM net.sourceforge.marathon.javaagent.server.JavaServer serve
INFO: JavaServer.serve(DELETE /session/5e84ea01-b72e-47df-8626-565f4881d432/window): {}
Nov 24, 2021 2:26:10 AM net.sourceforge.marathon.javaagent.server.JavaServer serve
INFO: DELETE(/session/5e84ea01-b72e-47df-8626-565f4881d432/window) = {data={"name":"closeSession","sessionId":"5e84ea01-b72e-47df-8626-565f4881d432","status":0}, status=OK}
Nov 24, 2021 2:26:10 AM net.sourceforge.marathon.javaagent.server.JavaServer serve
INFO: JavaServer.serve(POST /session): {
  "desiredCapabilities": {
    "browserName": "java",
    "platform": "ANY"
  },
  "capabilities": {
    "firstMatch": [
      {
        "browserName": "java"
      }
    ]
  }
}
Nov 24, 2021 2:26:10 AM net.sourceforge.marathon.javaagent.server.JavaServer createSession
INFO: Creating device with type: EVENT_QUEUE
Nov 24, 2021 2:26:10 AM net.sourceforge.marathon.javaagent.Device getDevice
INFO: Creating a EVENT_QUEUE device
Nov 24, 2021 2:26:10 AM net.sourceforge.marathon.javaagent.server.JavaServer serve
INFO: POST(/session, {"desiredCapabilities":{"browserName":"java","platform":"ANY"},"capabilities":{"firstMatch":[{"browserName":"java"}]}}) = {data=, status=REDIRECT}
Nov 24, 2021 2:26:10 AM net.sourceforge.marathon.javaagent.server.JavaServer serve
INFO: JavaServer.serve(GET /session/3ddfe543-9028-4996-a4c1-bf37f9f4f27b): {}
Nov 24, 2021 2:26:10 AM net.sourceforge.marathon.javaagent.server.JavaServer serve
INFO: GET(/session/3ddfe543-9028-4996-a4c1-bf37f9f4f27b) = {data={"name":"getCapabilities","sessionId":"3ddfe543-9028-4996-a4c1-bf37f9f4f27b","value":{"applicationCacheEnabled":false,"rotatable":false,"loggingPrefs":{"driver":"ALL"},"handlesAlerts":false,"databaseEnabled":false,"version":"1.0","platform":"ANY","browserConnectionEnabled":false,"nativeEvents":false,"acceptSslCerts":false,"locationContextEnabled":false,"webStorageEnabled":false,"browserName":"java","takesScreenshot":true,"javascriptEnabled":true,"cssSelectorsEnabled":false},"status":0}, status=OK}
Nov 24, 2021 2:26:10 AM org.openqa.selenium.remote.ProtocolHandshake createSession
INFO: Detected dialect: OSS
Nov 24, 2021 2:26:10 AM net.sourceforge.marathon.javaagent.server.JavaServer serve
INFO: JavaServer.serve(POST /session/3ddfe543-9028-4996-a4c1-bf37f9f4f27b/element): {
  "using": "name",
  "value": "new item id field"
}
Nov 24, 2021 2:26:10 AM net.sourceforge.marathon.javaagent.server.JavaServer serve
INFO: POST(/session/3ddfe543-9028-4996-a4c1-bf37f9f4f27b/element, {"using":"name","value":"new item id field"}) = {data={"name":"findElement","sessionId":"3ddfe543-9028-4996-a4c1-bf37f9f4f27b","value":{"ELEMENT":"d9e62b2e-d25c-4c3b-bbd5-e44df22c2a02"},"status":0}, status=OK}
Nov 24, 2021 2:26:10 AM net.sourceforge.marathon.javaagent.server.JavaServer serve
INFO: JavaServer.serve(POST /session/3ddfe543-9028-4996-a4c1-bf37f9f4f27b/element/d9e62b2e-d25c-4c3b-bbd5-e44df22c2a02/clear): {
  "id": "d9e62b2e-d25c-4c3b-bbd5-e44df22c2a02"
}
Nov 24, 2021 2:26:10 AM net.sourceforge.marathon.javaagent.server.JavaServer serve
INFO: POST(/session/3ddfe543-9028-4996-a4c1-bf37f9f4f27b/element/d9e62b2e-d25c-4c3b-bbd5-e44df22c2a02/clear, {"id":"d9e62b2e-d25c-4c3b-bbd5-e44df22c2a02"}) = {data={"name":"clearElement","sessionId":"3ddfe543-9028-4996-a4c1-bf37f9f4f27b","status":0}, status=OK}
Nov 24, 2021 2:26:10 AM net.sourceforge.marathon.javaagent.server.JavaServer serve
INFO: JavaServer.serve(POST /session/3ddfe543-9028-4996-a4c1-bf37f9f4f27b/element/d9e62b2e-d25c-4c3b-bbd5-e44df22c2a02/value): {
  "id": "d9e62b2e-d25c-4c3b-bbd5-e44df22c2a02",
  "value": [
    "an item-id"
  ]
}
Nov 24, 2021 2:26:10 AM net.sourceforge.marathon.javaagent.EventQueueDevice dispatchEvent
INFO: java.awt.event.KeyEvent[KEY_PRESSED,keyCode=65,keyText=A,keyChar='a',keyLocation=KEY_LOCATION_UNKNOWN,rawCode=0,primaryLevelUnicode=0,scancode=0,extendedKeyCode=0x0] on new item id field
Nov 24, 2021 2:26:10 AM net.sourceforge.marathon.javaagent.EventQueueDevice dispatchEvent
INFO: java.awt.event.KeyEvent[KEY_TYPED,keyCode=0,keyText=Unknown keyCode: 0x0,keyChar='a',keyLocation=KEY_LOCATION_UNKNOWN,rawCode=0,primaryLevelUnicode=0,scancode=0,extendedKeyCode=0x0] on new item id field
Nov 24, 2021 2:26:10 AM net.sourceforge.marathon.javaagent.EventQueueDevice dispatchEvent
INFO: java.awt.event.KeyEvent[KEY_RELEASED,keyCode=65,keyText=A,keyChar='a',keyLocation=KEY_LOCATION_UNKNOWN,rawCode=0,primaryLevelUnicode=0,scancode=0,extendedKeyCode=0x0] on new item id field
Nov 24, 2021 2:26:10 AM net.sourceforge.marathon.javaagent.EventQueueDevice dispatchEvent
INFO: java.awt.event.KeyEvent[KEY_PRESSED,keyCode=78,keyText=N,keyChar='n',keyLocation=KEY_LOCATION_UNKNOWN,rawCode=0,primaryLevelUnicode=0,scancode=0,extendedKeyCode=0x0] on new item id field
Nov 24, 2021 2:26:10 AM net.sourceforge.marathon.javaagent.EventQueueDevice dispatchEvent
INFO: java.awt.event.KeyEvent[KEY_TYPED,keyCode=0,keyText=Unknown keyCode: 0x0,keyChar='n',keyLocation=KEY_LOCATION_UNKNOWN,rawCode=0,primaryLevelUnicode=0,scancode=0,extendedKeyCode=0x0] on new item id field
Nov 24, 2021 2:26:10 AM net.sourceforge.marathon.javaagent.EventQueueDevice dispatchEvent
INFO: java.awt.event.KeyEvent[KEY_RELEASED,keyCode=78,keyText=N,keyChar='n',keyLocation=KEY_LOCATION_UNKNOWN,rawCode=0,primaryLevelUnicode=0,scancode=0,extendedKeyCode=0x0] on new item id field
Nov 24, 2021 2:26:10 AM net.sourceforge.marathon.javaagent.EventQueueDevice dispatchEvent
INFO: java.awt.event.KeyEvent[KEY_PRESSED,keyCode=16,keyText=Shift,keyChar=Undefined keyChar,modifiers=Shift,extModifiers=Shift,keyLocation=KEY_LOCATION_UNKNOWN,rawCode=0,primaryLevelUnicode=0,scancode=0,extendedKeyCode=0x0] on new item id field
Nov 24, 2021 2:26:10 AM net.sourceforge.marathon.javaagent.EventQueueDevice dispatchEvent
INFO: java.awt.event.KeyEvent[KEY_PRESSED,keyCode=32,keyText=Space,keyChar=' ',modifiers=Shift,extModifiers=Shift,keyLocation=KEY_LOCATION_UNKNOWN,rawCode=0,primaryLevelUnicode=0,scancode=0,extendedKeyCode=0x0] on new item id field
Nov 24, 2021 2:26:10 AM net.sourceforge.marathon.javaagent.EventQueueDevice dispatchEvent
INFO: java.awt.event.KeyEvent[KEY_TYPED,keyCode=0,keyText=Unknown keyCode: 0x0,keyChar=' ',modifiers=Shift,extModifiers=Shift,keyLocation=KEY_LOCATION_UNKNOWN,rawCode=0,primaryLevelUnicode=0,scancode=0,extendedKeyCode=0x0] on new item id field
Nov 24, 2021 2:26:10 AM net.sourceforge.marathon.javaagent.EventQueueDevice dispatchEvent
INFO: java.awt.event.KeyEvent[KEY_RELEASED,keyCode=32,keyText=Space,keyChar=' ',modifiers=Shift,extModifiers=Shift,keyLocation=KEY_LOCATION_UNKNOWN,rawCode=0,primaryLevelUnicode=0,scancode=0,extendedKeyCode=0x0] on new item id field
Nov 24, 2021 2:26:10 AM net.sourceforge.marathon.javaagent.EventQueueDevice dispatchEvent
INFO: java.awt.event.KeyEvent[KEY_RELEASED,keyCode=16,keyText=Shift,keyChar=Undefined keyChar,keyLocation=KEY_LOCATION_UNKNOWN,rawCode=0,primaryLevelUnicode=0,scancode=0,extendedKeyCode=0x0] on new item id field
Nov 24, 2021 2:26:10 AM net.sourceforge.marathon.javaagent.EventQueueDevice dispatchEvent
INFO: java.awt.event.KeyEvent[KEY_PRESSED,keyCode=73,keyText=I,keyChar='i',keyLocation=KEY_LOCATION_UNKNOWN,rawCode=0,primaryLevelUnicode=0,scancode=0,extendedKeyCode=0x0] on new item id field
Nov 24, 2021 2:26:10 AM net.sourceforge.marathon.javaagent.EventQueueDevice dispatchEvent
INFO: java.awt.event.KeyEvent[KEY_TYPED,keyCode=0,keyText=Unknown keyCode: 0x0,keyChar='i',keyLocation=KEY_LOCATION_UNKNOWN,rawCode=0,primaryLevelUnicode=0,scancode=0,extendedKeyCode=0x0] on new item id field
Nov 24, 2021 2:26:10 AM net.sourceforge.marathon.javaagent.EventQueueDevice dispatchEvent
INFO: java.awt.event.KeyEvent[KEY_RELEASED,keyCode=73,keyText=I,keyChar='i',keyLocation=KEY_LOCATION_UNKNOWN,rawCode=0,primaryLevelUnicode=0,scancode=0,extendedKeyCode=0x0] on new item id field
Nov 24, 2021 2:26:10 AM net.sourceforge.marathon.javaagent.EventQueueDevice dispatchEvent
INFO: java.awt.event.KeyEvent[KEY_PRESSED,keyCode=84,keyText=T,keyChar='t',keyLocation=KEY_LOCATION_UNKNOWN,rawCode=0,primaryLevelUnicode=0,scancode=0,extendedKeyCode=0x0] on new item id field
Nov 24, 2021 2:26:10 AM net.sourceforge.marathon.javaagent.EventQueueDevice dispatchEvent
INFO: java.awt.event.KeyEvent[KEY_TYPED,keyCode=0,keyText=Unknown keyCode: 0x0,keyChar='t',keyLocation=KEY_LOCATION_UNKNOWN,rawCode=0,primaryLevelUnicode=0,scancode=0,extendedKeyCode=0x0] on new item id field
Nov 24, 2021 2:26:10 AM net.sourceforge.marathon.javaagent.EventQueueDevice dispatchEvent
INFO: java.awt.event.KeyEvent[KEY_RELEASED,keyCode=84,keyText=T,keyChar='t',keyLocation=KEY_LOCATION_UNKNOWN,rawCode=0,primaryLevelUnicode=0,scancode=0,extendedKeyCode=0x0] on new item id field
Nov 24, 2021 2:26:10 AM net.sourceforge.marathon.javaagent.EventQueueDevice dispatchEvent
INFO: java.awt.event.KeyEvent[KEY_PRESSED,keyCode=69,keyText=E,keyChar='e',keyLocation=KEY_LOCATION_UNKNOWN,rawCode=0,primaryLevelUnicode=0,scancode=0,extendedKeyCode=0x0] on new item id field
Nov 24, 2021 2:26:10 AM net.sourceforge.marathon.javaagent.EventQueueDevice dispatchEvent
INFO: java.awt.event.KeyEvent[KEY_TYPED,keyCode=0,keyText=Unknown keyCode: 0x0,keyChar='e',keyLocation=KEY_LOCATION_UNKNOWN,rawCode=0,primaryLevelUnicode=0,scancode=0,extendedKeyCode=0x0] on new item id field
Nov 24, 2021 2:26:10 AM net.sourceforge.marathon.javaagent.EventQueueDevice dispatchEvent
INFO: java.awt.event.KeyEvent[KEY_RELEASED,keyCode=69,keyText=E,keyChar='e',keyLocation=KEY_LOCATION_UNKNOWN,rawCode=0,primaryLevelUnicode=0,scancode=0,extendedKeyCode=0x0] on new item id field
Nov 24, 2021 2:26:10 AM net.sourceforge.marathon.javaagent.EventQueueDevice dispatchEvent
INFO: java.awt.event.KeyEvent[KEY_PRESSED,keyCode=77,keyText=M,keyChar='m',keyLocation=KEY_LOCATION_UNKNOWN,rawCode=0,primaryLevelUnicode=0,scancode=0,extendedKeyCode=0x0] on new item id field
Nov 24, 2021 2:26:10 AM net.sourceforge.marathon.javaagent.EventQueueDevice dispatchEvent
INFO: java.awt.event.KeyEvent[KEY_TYPED,keyCode=0,keyText=Unknown keyCode: 0x0,keyChar='m',keyLocation=KEY_LOCATION_UNKNOWN,rawCode=0,primaryLevelUnicode=0,scancode=0,extendedKeyCode=0x0] on new item id field
Nov 24, 2021 2:26:10 AM net.sourceforge.marathon.javaagent.EventQueueDevice dispatchEvent
INFO: java.awt.event.KeyEvent[KEY_RELEASED,keyCode=77,keyText=M,keyChar='m',keyLocation=KEY_LOCATION_UNKNOWN,rawCode=0,primaryLevelUnicode=0,scancode=0,extendedKeyCode=0x0] on new item id field
Nov 24, 2021 2:26:10 AM net.sourceforge.marathon.javaagent.EventQueueDevice dispatchEvent
INFO: java.awt.event.KeyEvent[KEY_PRESSED,keyCode=45,keyText=Minus,keyChar='-',keyLocation=KEY_LOCATION_UNKNOWN,rawCode=0,primaryLevelUnicode=0,scancode=0,extendedKeyCode=0x0] on new item id field
Nov 24, 2021 2:26:10 AM net.sourceforge.marathon.javaagent.EventQueueDevice dispatchEvent
INFO: java.awt.event.KeyEvent[KEY_TYPED,keyCode=0,keyText=Unknown keyCode: 0x0,keyChar='-',keyLocation=KEY_LOCATION_UNKNOWN,rawCode=0,primaryLevelUnicode=0,scancode=0,extendedKeyCode=0x0] on new item id field
Nov 24, 2021 2:26:10 AM net.sourceforge.marathon.javaagent.EventQueueDevice dispatchEvent
INFO: java.awt.event.KeyEvent[KEY_RELEASED,keyCode=45,keyText=Minus,keyChar='-',keyLocation=KEY_LOCATION_UNKNOWN,rawCode=0,primaryLevelUnicode=0,scancode=0,extendedKeyCode=0x0] on new item id field
Nov 24, 2021 2:26:10 AM net.sourceforge.marathon.javaagent.EventQueueDevice dispatchEvent
INFO: java.awt.event.KeyEvent[KEY_PRESSED,keyCode=73,keyText=I,keyChar='i',keyLocation=KEY_LOCATION_UNKNOWN,rawCode=0,primaryLevelUnicode=0,scancode=0,extendedKeyCode=0x0] on new item id field
Nov 24, 2021 2:26:10 AM net.sourceforge.marathon.javaagent.EventQueueDevice dispatchEvent
INFO: java.awt.event.KeyEvent[KEY_TYPED,keyCode=0,keyText=Unknown keyCode: 0x0,keyChar='i',keyLocation=KEY_LOCATION_UNKNOWN,rawCode=0,primaryLevelUnicode=0,scancode=0,extendedKeyCode=0x0] on new item id field
Nov 24, 2021 2:26:10 AM net.sourceforge.marathon.javaagent.EventQueueDevice dispatchEvent
INFO: java.awt.event.KeyEvent[KEY_RELEASED,keyCode=73,keyText=I,keyChar='i',keyLocation=KEY_LOCATION_UNKNOWN,rawCode=0,primaryLevelUnicode=0,scancode=0,extendedKeyCode=0x0] on new item id field
Nov 24, 2021 2:26:10 AM net.sourceforge.marathon.javaagent.EventQueueDevice dispatchEvent
INFO: java.awt.event.KeyEvent[KEY_PRESSED,keyCode=68,keyText=D,keyChar='d',keyLocation=KEY_LOCATION_UNKNOWN,rawCode=0,primaryLevelUnicode=0,scancode=0,extendedKeyCode=0x0] on new item id field
Nov 24, 2021 2:26:10 AM net.sourceforge.marathon.javaagent.EventQueueDevice dispatchEvent
INFO: java.awt.event.KeyEvent[KEY_TYPED,keyCode=0,keyText=Unknown keyCode: 0x0,keyChar='d',keyLocation=KEY_LOCATION_UNKNOWN,rawCode=0,primaryLevelUnicode=0,scancode=0,extendedKeyCode=0x0] on new item id field
Nov 24, 2021 2:26:10 AM net.sourceforge.marathon.javaagent.EventQueueDevice dispatchEvent
INFO: java.awt.event.KeyEvent[KEY_RELEASED,keyCode=68,keyText=D,keyChar='d',keyLocation=KEY_LOCATION_UNKNOWN,rawCode=0,primaryLevelUnicode=0,scancode=0,extendedKeyCode=0x0] on new item id field
Nov 24, 2021 2:26:10 AM net.sourceforge.marathon.javaagent.server.JavaServer serve
INFO: POST(/session/3ddfe543-9028-4996-a4c1-bf37f9f4f27b/element/d9e62b2e-d25c-4c3b-bbd5-e44df22c2a02/value, {"id":"d9e62b2e-d25c-4c3b-bbd5-e44df22c2a02","value":["an item-id"]}) = {data={"name":"sendKeysElement","sessionId":"3ddfe543-9028-4996-a4c1-bf37f9f4f27b","status":0}, status=OK}
Nov 24, 2021 2:26:10 AM net.sourceforge.marathon.javaagent.server.JavaServer serve
INFO: JavaServer.serve(POST /session/3ddfe543-9028-4996-a4c1-bf37f9f4f27b/element): {
  "using": "name",
  "value": "new item stop price field"
}
Nov 24, 2021 2:26:10 AM net.sourceforge.marathon.javaagent.server.JavaServer serve
INFO: POST(/session/3ddfe543-9028-4996-a4c1-bf37f9f4f27b/element, {"using":"name","value":"new item stop price field"}) = {data={"name":"findElement","sessionId":"3ddfe543-9028-4996-a4c1-bf37f9f4f27b","value":{"ELEMENT":"cab27ee9-646f-4a07-8ffd-ac71edba1b9b"},"status":0}, status=OK}
Nov 24, 2021 2:26:10 AM net.sourceforge.marathon.javaagent.server.JavaServer serve
INFO: JavaServer.serve(POST /session/3ddfe543-9028-4996-a4c1-bf37f9f4f27b/element/cab27ee9-646f-4a07-8ffd-ac71edba1b9b/clear): {
  "id": "cab27ee9-646f-4a07-8ffd-ac71edba1b9b"
}
Nov 24, 2021 2:26:10 AM net.sourceforge.marathon.javaagent.server.JavaServer serve
INFO: POST(/session/3ddfe543-9028-4996-a4c1-bf37f9f4f27b/element/cab27ee9-646f-4a07-8ffd-ac71edba1b9b/clear, {"id":"cab27ee9-646f-4a07-8ffd-ac71edba1b9b"}) = {data={"name":"clearElement","sessionId":"3ddfe543-9028-4996-a4c1-bf37f9f4f27b","status":0}, status=OK}
Nov 24, 2021 2:26:10 AM net.sourceforge.marathon.javaagent.server.JavaServer serve
INFO: JavaServer.serve(POST /session/3ddfe543-9028-4996-a4c1-bf37f9f4f27b/element/cab27ee9-646f-4a07-8ffd-ac71edba1b9b/value): {
  "id": "cab27ee9-646f-4a07-8ffd-ac71edba1b9b",
  "value": [
    "11000"
  ]
}
Nov 24, 2021 2:26:10 AM net.sourceforge.marathon.javaagent.EventQueueDevice dispatchEvent
INFO: java.awt.event.KeyEvent[KEY_PRESSED,keyCode=49,keyText=1,keyChar='1',keyLocation=KEY_LOCATION_UNKNOWN,rawCode=0,primaryLevelUnicode=0,scancode=0,extendedKeyCode=0x0] on new item stop price field
Nov 24, 2021 2:26:10 AM net.sourceforge.marathon.javaagent.EventQueueDevice dispatchEvent
INFO: java.awt.event.KeyEvent[KEY_TYPED,keyCode=0,keyText=Unknown keyCode: 0x0,keyChar='1',keyLocation=KEY_LOCATION_UNKNOWN,rawCode=0,primaryLevelUnicode=0,scancode=0,extendedKeyCode=0x0] on new item stop price field
Nov 24, 2021 2:26:10 AM net.sourceforge.marathon.javaagent.EventQueueDevice dispatchEvent
INFO: java.awt.event.KeyEvent[KEY_RELEASED,keyCode=49,keyText=1,keyChar='1',keyLocation=KEY_LOCATION_UNKNOWN,rawCode=0,primaryLevelUnicode=0,scancode=0,extendedKeyCode=0x0] on new item stop price field
Nov 24, 2021 2:26:10 AM net.sourceforge.marathon.javaagent.EventQueueDevice dispatchEvent
INFO: java.awt.event.KeyEvent[KEY_PRESSED,keyCode=49,keyText=1,keyChar='1',keyLocation=KEY_LOCATION_UNKNOWN,rawCode=0,primaryLevelUnicode=0,scancode=0,extendedKeyCode=0x0] on new item stop price field
Nov 24, 2021 2:26:10 AM net.sourceforge.marathon.javaagent.EventQueueDevice dispatchEvent
INFO: java.awt.event.KeyEvent[KEY_TYPED,keyCode=0,keyText=Unknown keyCode: 0x0,keyChar='1',keyLocation=KEY_LOCATION_UNKNOWN,rawCode=0,primaryLevelUnicode=0,scancode=0,extendedKeyCode=0x0] on new item stop price field
Nov 24, 2021 2:26:10 AM net.sourceforge.marathon.javaagent.EventQueueDevice dispatchEvent
INFO: java.awt.event.KeyEvent[KEY_RELEASED,keyCode=49,keyText=1,keyChar='1',keyLocation=KEY_LOCATION_UNKNOWN,rawCode=0,primaryLevelUnicode=0,scancode=0,extendedKeyCode=0x0] on new item stop price field
Nov 24, 2021 2:26:10 AM net.sourceforge.marathon.javaagent.EventQueueDevice dispatchEvent
INFO: java.awt.event.KeyEvent[KEY_PRESSED,keyCode=48,keyText=0,keyChar='0',keyLocation=KEY_LOCATION_UNKNOWN,rawCode=0,primaryLevelUnicode=0,scancode=0,extendedKeyCode=0x0] on new item stop price field
Nov 24, 2021 2:26:10 AM net.sourceforge.marathon.javaagent.EventQueueDevice dispatchEvent
INFO: java.awt.event.KeyEvent[KEY_TYPED,keyCode=0,keyText=Unknown keyCode: 0x0,keyChar='0',keyLocation=KEY_LOCATION_UNKNOWN,rawCode=0,primaryLevelUnicode=0,scancode=0,extendedKeyCode=0x0] on new item stop price field
Nov 24, 2021 2:26:10 AM net.sourceforge.marathon.javaagent.EventQueueDevice dispatchEvent
INFO: java.awt.event.KeyEvent[KEY_RELEASED,keyCode=48,keyText=0,keyChar='0',keyLocation=KEY_LOCATION_UNKNOWN,rawCode=0,primaryLevelUnicode=0,scancode=0,extendedKeyCode=0x0] on new item stop price field
Nov 24, 2021 2:26:10 AM net.sourceforge.marathon.javaagent.EventQueueDevice dispatchEvent
INFO: java.awt.event.KeyEvent[KEY_PRESSED,keyCode=48,keyText=0,keyChar='0',keyLocation=KEY_LOCATION_UNKNOWN,rawCode=0,primaryLevelUnicode=0,scancode=0,extendedKeyCode=0x0] on new item stop price field
Nov 24, 2021 2:26:10 AM net.sourceforge.marathon.javaagent.EventQueueDevice dispatchEvent
INFO: java.awt.event.KeyEvent[KEY_TYPED,keyCode=0,keyText=Unknown keyCode: 0x0,keyChar='0',keyLocation=KEY_LOCATION_UNKNOWN,rawCode=0,primaryLevelUnicode=0,scancode=0,extendedKeyCode=0x0] on new item stop price field
Nov 24, 2021 2:26:10 AM net.sourceforge.marathon.javaagent.EventQueueDevice dispatchEvent
INFO: java.awt.event.KeyEvent[KEY_RELEASED,keyCode=48,keyText=0,keyChar='0',keyLocation=KEY_LOCATION_UNKNOWN,rawCode=0,primaryLevelUnicode=0,scancode=0,extendedKeyCode=0x0] on new item stop price field
Nov 24, 2021 2:26:10 AM net.sourceforge.marathon.javaagent.EventQueueDevice dispatchEvent
INFO: java.awt.event.KeyEvent[KEY_PRESSED,keyCode=48,keyText=0,keyChar='0',keyLocation=KEY_LOCATION_UNKNOWN,rawCode=0,primaryLevelUnicode=0,scancode=0,extendedKeyCode=0x0] on new item stop price field
Nov 24, 2021 2:26:10 AM net.sourceforge.marathon.javaagent.EventQueueDevice dispatchEvent
INFO: java.awt.event.KeyEvent[KEY_TYPED,keyCode=0,keyText=Unknown keyCode: 0x0,keyChar='0',keyLocation=KEY_LOCATION_UNKNOWN,rawCode=0,primaryLevelUnicode=0,scancode=0,extendedKeyCode=0x0] on new item stop price field
Nov 24, 2021 2:26:10 AM net.sourceforge.marathon.javaagent.EventQueueDevice dispatchEvent
INFO: java.awt.event.KeyEvent[KEY_RELEASED,keyCode=48,keyText=0,keyChar='0',keyLocation=KEY_LOCATION_UNKNOWN,rawCode=0,primaryLevelUnicode=0,scancode=0,extendedKeyCode=0x0] on new item stop price field
Nov 24, 2021 2:26:10 AM net.sourceforge.marathon.javaagent.server.JavaServer serve
INFO: POST(/session/3ddfe543-9028-4996-a4c1-bf37f9f4f27b/element/cab27ee9-646f-4a07-8ffd-ac71edba1b9b/value, {"id":"cab27ee9-646f-4a07-8ffd-ac71edba1b9b","value":["11000"]}) = {data={"name":"sendKeysElement","sessionId":"3ddfe543-9028-4996-a4c1-bf37f9f4f27b","status":0}, status=OK}
Nov 24, 2021 2:26:10 AM net.sourceforge.marathon.javaagent.server.JavaServer serve
INFO: JavaServer.serve(POST /session/3ddfe543-9028-4996-a4c1-bf37f9f4f27b/element): {
  "using": "name",
  "value": "join button"
}
Nov 24, 2021 2:26:10 AM net.sourceforge.marathon.javaagent.server.JavaServer serve
INFO: POST(/session/3ddfe543-9028-4996-a4c1-bf37f9f4f27b/element, {"using":"name","value":"join button"}) = {data={"name":"findElement","sessionId":"3ddfe543-9028-4996-a4c1-bf37f9f4f27b","value":{"ELEMENT":"492120b1-1308-4374-9408-883985becb44"},"status":0}, status=OK}
Nov 24, 2021 2:26:10 AM net.sourceforge.marathon.javaagent.server.JavaServer serve
INFO: JavaServer.serve(POST /session/3ddfe543-9028-4996-a4c1-bf37f9f4f27b/element/492120b1-1308-4374-9408-883985becb44/click): {
  "id": "492120b1-1308-4374-9408-883985becb44"
}
Nov 24, 2021 2:26:10 AM net.sourceforge.marathon.javaagent.EventQueueDevice dispatchEvent
INFO: java.awt.event.MouseEvent[MOUSE_PRESSED,(58,12),absolute(589,17),button=1,modifiers=Button1,extModifiers=Button1,clickCount=1] on join button
Nov 24, 2021 2:26:10 AM net.sourceforge.marathon.javaagent.EventQueueDevice dispatchEvent
INFO: java.awt.event.MouseEvent[MOUSE_RELEASED,(58,12),absolute(589,17),button=1,modifiers=Button1,clickCount=1] on join button
Nov 24, 2021 2:26:10 AM net.sourceforge.marathon.javaagent.EventQueueDevice dispatchEvent
INFO: java.awt.event.MouseEvent[MOUSE_CLICKED,(58,12),absolute(589,17),button=1,modifiers=Button1,clickCount=1] on join button
Nov 24, 2021 2:26:11 AM net.sourceforge.marathon.javaagent.server.JavaServer serve
INFO: POST(/session/3ddfe543-9028-4996-a4c1-bf37f9f4f27b/element/492120b1-1308-4374-9408-883985becb44/click, {"id":"492120b1-1308-4374-9408-883985becb44"}) = {data={"name":"clickElement","sessionId":"3ddfe543-9028-4996-a4c1-bf37f9f4f27b","status":0}, status=OK}
Nov 24, 2021 2:26:11 AM net.sourceforge.marathon.javaagent.server.JavaServer serve
INFO: JavaServer.serve(DELETE /session/3ddfe543-9028-4996-a4c1-bf37f9f4f27b/window): {}
Nov 24, 2021 2:26:11 AM net.sourceforge.marathon.javaagent.server.JavaServer serve
INFO: DELETE(/session/3ddfe543-9028-4996-a4c1-bf37f9f4f27b/window) = {data={"name":"closeSession","sessionId":"3ddfe543-9028-4996-a4c1-bf37f9f4f27b","status":0}, status=OK}
Nov 24, 2021 2:26:11 AM net.sourceforge.marathon.javaagent.server.JavaServer serve
INFO: JavaServer.serve(POST /session): {
  "desiredCapabilities": {
    "browserName": "java",
    "platform": "ANY"
  },
  "capabilities": {
    "firstMatch": [
      {
        "browserName": "java"
      }
    ]
  }
}
Nov 24, 2021 2:26:11 AM net.sourceforge.marathon.javaagent.server.JavaServer createSession
INFO: Creating device with type: EVENT_QUEUE
Nov 24, 2021 2:26:11 AM net.sourceforge.marathon.javaagent.Device getDevice
INFO: Creating a EVENT_QUEUE device
Nov 24, 2021 2:26:11 AM net.sourceforge.marathon.javaagent.server.JavaServer serve
INFO: POST(/session, {"desiredCapabilities":{"browserName":"java","platform":"ANY"},"capabilities":{"firstMatch":[{"browserName":"java"}]}}) = {data=, status=REDIRECT}
Nov 24, 2021 2:26:11 AM net.sourceforge.marathon.javaagent.server.JavaServer serve
INFO: JavaServer.serve(GET /session/973fc815-02bd-4e1c-9da0-0b42d2f628d3): {}
Nov 24, 2021 2:26:11 AM net.sourceforge.marathon.javaagent.server.JavaServer serve
INFO: GET(/session/973fc815-02bd-4e1c-9da0-0b42d2f628d3) = {data={"name":"getCapabilities","sessionId":"973fc815-02bd-4e1c-9da0-0b42d2f628d3","value":{"applicationCacheEnabled":false,"rotatable":false,"loggingPrefs":{"driver":"ALL"},"handlesAlerts":false,"databaseEnabled":false,"version":"1.0","platform":"ANY","browserConnectionEnabled":false,"nativeEvents":false,"acceptSslCerts":false,"locationContextEnabled":false,"webStorageEnabled":false,"browserName":"java","takesScreenshot":true,"javascriptEnabled":true,"cssSelectorsEnabled":false},"status":0}, status=OK}
Nov 24, 2021 2:26:11 AM org.openqa.selenium.remote.ProtocolHandshake createSession
INFO: Detected dialect: OSS
Nov 24, 2021 2:26:11 AM net.sourceforge.marathon.javaagent.server.JavaServer serve
INFO: JavaServer.serve(POST /session/973fc815-02bd-4e1c-9da0-0b42d2f628d3/element): {
  "using": "name",
  "value": "sniper reset button"
}
Nov 24, 2021 2:26:11 AM net.sourceforge.marathon.javaagent.server.JavaServer serve
INFO: POST(/session/973fc815-02bd-4e1c-9da0-0b42d2f628d3/element, {"using":"name","value":"sniper reset button"}) = {data={"name":"findElement","sessionId":"973fc815-02bd-4e1c-9da0-0b42d2f628d3","value":{"ELEMENT":"218e3776-c002-4ae6-86ad-066abae50233"},"status":0}, status=OK}
Nov 24, 2021 2:26:11 AM net.sourceforge.marathon.javaagent.server.JavaServer serve
INFO: JavaServer.serve(POST /session/973fc815-02bd-4e1c-9da0-0b42d2f628d3/element/218e3776-c002-4ae6-86ad-066abae50233/click): {
  "id": "218e3776-c002-4ae6-86ad-066abae50233"
}
Nov 24, 2021 2:26:11 AM net.sourceforge.marathon.javaagent.EventQueueDevice dispatchEvent
INFO: java.awt.event.MouseEvent[MOUSE_PRESSED,(37,12),absolute(326,474),button=1,modifiers=Button1,extModifiers=Button1,clickCount=1] on sniper reset button
Nov 24, 2021 2:26:11 AM net.sourceforge.marathon.javaagent.EventQueueDevice dispatchEvent
INFO: java.awt.event.MouseEvent[MOUSE_RELEASED,(37,12),absolute(326,474),button=1,modifiers=Button1,clickCount=1] on sniper reset button
Nov 24, 2021 2:26:11 AM net.sourceforge.marathon.javaagent.EventQueueDevice dispatchEvent
INFO: java.awt.event.MouseEvent[MOUSE_CLICKED,(37,12),absolute(326,474),button=1,modifiers=Button1,clickCount=1] on sniper reset button
Nov 24, 2021 2:26:11 AM net.sourceforge.marathon.javaagent.server.JavaServer serve
INFO: POST(/session/973fc815-02bd-4e1c-9da0-0b42d2f628d3/element/218e3776-c002-4ae6-86ad-066abae50233/click, {"id":"218e3776-c002-4ae6-86ad-066abae50233"}) = {data={"name":"clickElement","sessionId":"973fc815-02bd-4e1c-9da0-0b42d2f628d3","status":0}, status=OK}
Nov 24, 2021 2:26:11 AM net.sourceforge.marathon.javaagent.server.JavaServer serve
INFO: JavaServer.serve(DELETE /session/973fc815-02bd-4e1c-9da0-0b42d2f628d3/window): {}
Nov 24, 2021 2:26:11 AM net.sourceforge.marathon.javaagent.server.JavaServer serve
INFO: DELETE(/session/973fc815-02bd-4e1c-9da0-0b42d2f628d3/window) = {data={"name":"closeSession","sessionId":"973fc815-02bd-4e1c-9da0-0b42d2f628d3","status":0}, status=OK}
]]></system-err>
</testsuite>
