<?xml version="1.0" encoding="UTF-8"?>
<testsuite name="goos.ui.swing.MainWindowTest" tests="3" skipped="0" failures="0" errors="0" timestamp="2021-12-14T02:30:51" hostname="buildkitsandbox" time="3.462">
  <properties/>
  <testcase name="window has expected features" classname="goos.ui.swing.MainWindowTest" time="2.586"/>
  <testcase name="make user request when join button clicked" classname="goos.ui.swing.MainWindowTest" time="0.693"/>
  <testcase name="make user request when reset button clicked" classname="goos.ui.swing.MainWindowTest" time="0.177"/>
  <system-out><![CDATA[]]></system-out>
  <system-err><![CDATA[Dec 14, 2021 2:30:52 AM io.mockk.impl.log.JULLogger warn
WARNING: Failed to transform class goos/ui/api/UserRequestListener
java.lang.IllegalArgumentException: Unsupported class file major version 59
	at net.bytebuddy.jar.asm.ClassReader.<init>(ClassReader.java:176)
	at net.bytebuddy.jar.asm.ClassReader.<init>(ClassReader.java:158)
	at net.bytebuddy.jar.asm.ClassReader.<init>(ClassReader.java:146)
	at net.bytebuddy.utility.OpenedClassReader.of(OpenedClassReader.java:69)
	at net.bytebuddy.dynamic.scaffold.TypeWriter$Default$ForInlining.create(TypeWriter.java:2877)
	at net.bytebuddy.dynamic.scaffold.TypeWriter$Default.make(TypeWriter.java:1653)
	at net.bytebuddy.dynamic.scaffold.inline.RedefinitionDynamicTypeBuilder.make(RedefinitionDynamicTypeBuilder.java:180)
	at net.bytebuddy.dynamic.scaffold.inline.AbstractInliningDynamicTypeBuilder.make(AbstractInliningDynamicTypeBuilder.java:94)
	at net.bytebuddy.dynamic.DynamicType$Builder$AbstractBase.make(DynamicType.java:2669)
	at io.mockk.proxy.jvm.transformation.InliningClassTransformer.transform(InliningClassTransformer.kt:78)
	at java.instrument/java.lang.instrument.ClassFileTransformer.transform(ClassFileTransformer.java:246)
	at java.instrument/sun.instrument.TransformerManager.transform(TransformerManager.java:188)
	at java.instrument/sun.instrument.InstrumentationImpl.transform(InstrumentationImpl.java:563)
	at java.instrument/sun.instrument.InstrumentationImpl.retransformClasses0(Native Method)
	at java.instrument/sun.instrument.InstrumentationImpl.retransformClasses(InstrumentationImpl.java:167)
	at io.mockk.proxy.jvm.transformation.JvmInlineInstrumentation.retransform(JvmInlineInstrumentation.kt:28)
	at io.mockk.proxy.common.transformation.RetransformInlineInstrumnetation$execute$1.invoke(RetransformInlineInstrumnetation.kt:19)
	at io.mockk.proxy.common.transformation.RetransformInlineInstrumnetation$execute$1.invoke(RetransformInlineInstrumnetation.kt:6)
	at io.mockk.proxy.common.transformation.ClassTransformationSpecMap.applyTransformation(ClassTransformationSpecMap.kt:41)
	at io.mockk.proxy.common.transformation.RetransformInlineInstrumnetation.execute(RetransformInlineInstrumnetation.kt:16)
	at io.mockk.proxy.jvm.ProxyMaker.inline(ProxyMaker.kt:88)
	at io.mockk.proxy.jvm.ProxyMaker.proxy(ProxyMaker.kt:30)
	at io.mockk.impl.instantiation.JvmMockFactory.newProxy(JvmMockFactory.kt:34)
	at io.mockk.impl.instantiation.AbstractMockFactory.newProxy$default(AbstractMockFactory.kt:29)
	at io.mockk.impl.instantiation.AbstractMockFactory.mockk(AbstractMockFactory.kt:59)
	at goos.ui.swing.MainWindowTest$1$1.invokeSuspend(MainWindowTest.kt:90)
	at goos.ui.swing.MainWindowTest$1$1.invoke(MainWindowTest.kt)
	at goos.ui.swing.MainWindowTest$1$1.invoke(MainWindowTest.kt)
	at io.kotest.core.TestConfiguration$beforeTest$1.beforeTest(TestConfiguration.kt:137)
	at io.kotest.core.spec.LifecycleKt.invokeAllBeforeTestCallbacks(lifecycle.kt:76)
	at io.kotest.core.internal.TestCaseExecutor.executeActiveTest(TestCaseExecutor.kt:152)
	at io.kotest.core.internal.TestCaseExecutor.access$executeActiveTest(TestCaseExecutor.kt:57)
	at io.kotest.core.internal.TestCaseExecutor$intercept$innerExecute$1$1.invokeSuspend(TestCaseExecutor.kt:89)
	at io.kotest.core.internal.TestCaseExecutor$intercept$innerExecute$1$1.invoke(TestCaseExecutor.kt)
	at io.kotest.core.internal.TestCaseExecutor$intercept$innerExecute$1$1.invoke(TestCaseExecutor.kt)
	at io.kotest.core.internal.TestCaseExecutor.executeIfEnabled(TestCaseExecutor.kt:117)
	at io.kotest.core.internal.TestCaseExecutor.access$executeIfEnabled(TestCaseExecutor.kt:57)
	at io.kotest.core.internal.TestCaseExecutor$intercept$innerExecute$1.invokeSuspend(TestCaseExecutor.kt:89)
	at io.kotest.core.internal.TestCaseExecutor$intercept$innerExecute$1.invoke(TestCaseExecutor.kt)
	at io.kotest.core.internal.TestCaseExecutor$intercept$innerExecute$1.invoke(TestCaseExecutor.kt)
	at io.kotest.core.internal.TestCaseExecutor.intercept(TestCaseExecutor.kt:103)
	at io.kotest.core.internal.TestCaseExecutor.execute(TestCaseExecutor.kt:69)
	at io.kotest.engine.spec.runners.SingleInstanceSpecRunner.runTest(SingleInstanceSpecRunner.kt:104)
	at io.kotest.engine.spec.runners.SingleInstanceSpecRunner.access$runTest(SingleInstanceSpecRunner.kt:34)
	at io.kotest.engine.spec.runners.SingleInstanceSpecRunner$execute$interceptAndRun$2$4.invokeSuspend(SingleInstanceSpecRunner.kt:57)
	at io.kotest.engine.spec.runners.SingleInstanceSpecRunner$execute$interceptAndRun$2$4.invoke(SingleInstanceSpecRunner.kt)
	at io.kotest.engine.spec.runners.SingleInstanceSpecRunner$execute$interceptAndRun$2$4.invoke(SingleInstanceSpecRunner.kt)
	at io.kotest.engine.launchers.SequentialTestLauncher$launch$3$1$1.invokeSuspend(SequentialTestLauncher.kt:22)
	at kotlin.coroutines.jvm.internal.BaseContinuationImpl.resumeWith(ContinuationImpl.kt:33)
	at kotlinx.coroutines.DispatchedTask.run(DispatchedTask.kt:106)
	at java.base/java.util.concurrent.ThreadPoolExecutor.runWorker(ThreadPoolExecutor.java:1130)
	at java.base/java.util.concurrent.ThreadPoolExecutor$Worker.run(ThreadPoolExecutor.java:630)
	at java.base/java.lang.Thread.run(Thread.java:832)

Dec 14, 2021 2:30:53 AM net.sourceforge.marathon.javaagent.server.JavaServer serve
INFO: JavaServer.serve(POST /session): {
  "desiredCapabilities": {
    "browserName": "java",
    "platform": "ANY"
  },
  "capabilities": {
    "firstMatch": [
      {
        "browserName": "java"
      }
    ]
  }
}
Dec 14, 2021 2:30:53 AM net.sourceforge.marathon.javaagent.server.JavaServer createSession
INFO: Creating device with type: EVENT_QUEUE
Dec 14, 2021 2:30:53 AM net.sourceforge.marathon.javaagent.Device getDevice
INFO: Creating a EVENT_QUEUE device
Dec 14, 2021 2:30:53 AM net.sourceforge.marathon.javaagent.server.JavaServer serve
INFO: POST(/session, {"desiredCapabilities":{"browserName":"java","platform":"ANY"},"capabilities":{"firstMatch":[{"browserName":"java"}]}}) = {data=, status=REDIRECT}
Dec 14, 2021 2:30:53 AM net.sourceforge.marathon.javaagent.server.JavaServer serve
INFO: JavaServer.serve(GET /session/683add99-37e9-4e1e-8f2d-613f8ef3a122): {}
Dec 14, 2021 2:30:53 AM net.sourceforge.marathon.javaagent.server.JavaServer serve
INFO: GET(/session/683add99-37e9-4e1e-8f2d-613f8ef3a122) = {data={"name":"getCapabilities","sessionId":"683add99-37e9-4e1e-8f2d-613f8ef3a122","value":{"applicationCacheEnabled":false,"rotatable":false,"loggingPrefs":{"driver":"ALL"},"handlesAlerts":false,"databaseEnabled":false,"version":"1.0","platform":"ANY","browserConnectionEnabled":false,"nativeEvents":false,"acceptSslCerts":false,"locationContextEnabled":false,"webStorageEnabled":false,"browserName":"java","takesScreenshot":true,"javascriptEnabled":true,"cssSelectorsEnabled":false},"status":0}, status=OK}
Dec 14, 2021 2:30:53 AM org.openqa.selenium.remote.ProtocolHandshake createSession
INFO: Detected dialect: OSS
Dec 14, 2021 2:30:53 AM net.sourceforge.marathon.javaagent.server.JavaServer serve
INFO: JavaServer.serve(POST /session/683add99-37e9-4e1e-8f2d-613f8ef3a122/element): {
  "using": "css selector",
  "value": "."
}
Dec 14, 2021 2:30:53 AM net.sourceforge.marathon.javaagent.server.JavaServer serve
INFO: POST(/session/683add99-37e9-4e1e-8f2d-613f8ef3a122/element, {"using":"css selector","value":"."}) = {data={"name":"findElement","sessionId":"683add99-37e9-4e1e-8f2d-613f8ef3a122","value":{"ELEMENT":"5f238037-cc15-4de5-8195-2f0926600ed9"},"status":0}, status=OK}
Dec 14, 2021 2:30:53 AM net.sourceforge.marathon.javaagent.server.JavaServer serve
INFO: JavaServer.serve(GET /session/683add99-37e9-4e1e-8f2d-613f8ef3a122/element/5f238037-cc15-4de5-8195-2f0926600ed9/attribute/name): {}
Dec 14, 2021 2:30:53 AM net.sourceforge.marathon.javaagent.server.JavaServer serve
INFO: GET(/session/683add99-37e9-4e1e-8f2d-613f8ef3a122/element/5f238037-cc15-4de5-8195-2f0926600ed9/attribute/name) = {data={"name":"getElementAttribute","sessionId":"683add99-37e9-4e1e-8f2d-613f8ef3a122","value":"Auction Sniper Name","status":0}, status=OK}
Dec 14, 2021 2:30:53 AM net.sourceforge.marathon.javaagent.server.JavaServer serve
INFO: JavaServer.serve(POST /session/683add99-37e9-4e1e-8f2d-613f8ef3a122/element): {
  "using": "css selector",
  "value": "."
}
Dec 14, 2021 2:30:53 AM net.sourceforge.marathon.javaagent.server.JavaServer serve
INFO: POST(/session/683add99-37e9-4e1e-8f2d-613f8ef3a122/element, {"using":"css selector","value":"."}) = {data={"name":"findElement","sessionId":"683add99-37e9-4e1e-8f2d-613f8ef3a122","value":{"ELEMENT":"5f238037-cc15-4de5-8195-2f0926600ed9"},"status":0}, status=OK}
Dec 14, 2021 2:30:54 AM net.sourceforge.marathon.javaagent.server.JavaServer serve
INFO: JavaServer.serve(GET /session/683add99-37e9-4e1e-8f2d-613f8ef3a122/element/5f238037-cc15-4de5-8195-2f0926600ed9/displayed): {}
Dec 14, 2021 2:30:54 AM net.sourceforge.marathon.javaagent.server.JavaServer serve
INFO: GET(/session/683add99-37e9-4e1e-8f2d-613f8ef3a122/element/5f238037-cc15-4de5-8195-2f0926600ed9/displayed) = {data={"name":"isDisplayed","sessionId":"683add99-37e9-4e1e-8f2d-613f8ef3a122","value":true,"status":0}, status=OK}
Dec 14, 2021 2:30:54 AM net.sourceforge.marathon.javaagent.server.JavaServer serve
INFO: JavaServer.serve(GET /session/683add99-37e9-4e1e-8f2d-613f8ef3a122/title): {}
Dec 14, 2021 2:30:54 AM net.sourceforge.marathon.javaagent.server.JavaServer serve
INFO: GET(/session/683add99-37e9-4e1e-8f2d-613f8ef3a122/title) = {data={"name":"getWindowTitle","sessionId":"683add99-37e9-4e1e-8f2d-613f8ef3a122","value":"Auction Sniper","status":0}, status=OK}
Dec 14, 2021 2:30:54 AM net.sourceforge.marathon.javaagent.server.JavaServer serve
INFO: JavaServer.serve(POST /session/683add99-37e9-4e1e-8f2d-613f8ef3a122/element): {
  "using": "name",
  "value": "snipers table"
}
Dec 14, 2021 2:30:54 AM net.sourceforge.marathon.javaagent.server.JavaServer serve
INFO: POST(/session/683add99-37e9-4e1e-8f2d-613f8ef3a122/element, {"using":"name","value":"snipers table"}) = {data={"name":"findElement","sessionId":"683add99-37e9-4e1e-8f2d-613f8ef3a122","value":{"ELEMENT":"96c55fa8-15ac-4a7b-9f6f-b1d2aba133d8"},"status":0}, status=OK}
Dec 14, 2021 2:30:54 AM net.sourceforge.marathon.javaagent.server.JavaServer serve
INFO: JavaServer.serve(POST /session/683add99-37e9-4e1e-8f2d-613f8ef3a122/element/96c55fa8-15ac-4a7b-9f6f-b1d2aba133d8/elements): {
  "id": "96c55fa8-15ac-4a7b-9f6f-b1d2aba133d8",
  "using": "css selector",
  "value": ".::header.::all-items"
}
Dec 14, 2021 2:30:54 AM net.sourceforge.marathon.javaagent.server.JavaServer serve
INFO: POST(/session/683add99-37e9-4e1e-8f2d-613f8ef3a122/element/96c55fa8-15ac-4a7b-9f6f-b1d2aba133d8/elements, {"using":"css selector","id":"96c55fa8-15ac-4a7b-9f6f-b1d2aba133d8","value":".::header.::all-items"}) = {data={"name":"findElementsOfElement","sessionId":"683add99-37e9-4e1e-8f2d-613f8ef3a122","value":[{"ELEMENT":"8d8829da-6bd1-4304-9d37-73c36315e086%23%7B%22selector%22%3A%22nth-item%22%2C%22parameters%22%3A%5B1%5D%7D"},{"ELEMENT":"8d8829da-6bd1-4304-9d37-73c36315e086%23%7B%22selector%22%3A%22nth-item%22%2C%22parameters%22%3A%5B2%5D%7D"},{"ELEMENT":"8d8829da-6bd1-4304-9d37-73c36315e086%23%7B%22selector%22%3A%22nth-item%22%2C%22parameters%22%3A%5B3%5D%7D"},{"ELEMENT":"8d8829da-6bd1-4304-9d37-73c36315e086%23%7B%22selector%22%3A%22nth-item%22%2C%22parameters%22%3A%5B4%5D%7D"}],"status":0}, status=OK}
Dec 14, 2021 2:30:54 AM net.sourceforge.marathon.javaagent.server.JavaServer serve
INFO: JavaServer.serve(GET /session/683add99-37e9-4e1e-8f2d-613f8ef3a122/element/8d8829da-6bd1-4304-9d37-73c36315e086%23%7B%22selector%22%3A%22nth-item%22%2C%22parameters%22%3A%5B1%5D%7D/text): {}
Dec 14, 2021 2:30:54 AM net.sourceforge.marathon.javaagent.server.JavaServer serve
INFO: GET(/session/683add99-37e9-4e1e-8f2d-613f8ef3a122/element/8d8829da-6bd1-4304-9d37-73c36315e086%23%7B%22selector%22%3A%22nth-item%22%2C%22parameters%22%3A%5B1%5D%7D/text) = {data={"name":"getElementText","sessionId":"683add99-37e9-4e1e-8f2d-613f8ef3a122","value":"Item","status":0}, status=OK}
Dec 14, 2021 2:30:54 AM net.sourceforge.marathon.javaagent.server.JavaServer serve
INFO: JavaServer.serve(GET /session/683add99-37e9-4e1e-8f2d-613f8ef3a122/element/8d8829da-6bd1-4304-9d37-73c36315e086%23%7B%22selector%22%3A%22nth-item%22%2C%22parameters%22%3A%5B2%5D%7D/text): {}
Dec 14, 2021 2:30:54 AM net.sourceforge.marathon.javaagent.server.JavaServer serve
INFO: GET(/session/683add99-37e9-4e1e-8f2d-613f8ef3a122/element/8d8829da-6bd1-4304-9d37-73c36315e086%23%7B%22selector%22%3A%22nth-item%22%2C%22parameters%22%3A%5B2%5D%7D/text) = {data={"name":"getElementText","sessionId":"683add99-37e9-4e1e-8f2d-613f8ef3a122","value":"Last Price","status":0}, status=OK}
Dec 14, 2021 2:30:54 AM net.sourceforge.marathon.javaagent.server.JavaServer serve
INFO: JavaServer.serve(GET /session/683add99-37e9-4e1e-8f2d-613f8ef3a122/element/8d8829da-6bd1-4304-9d37-73c36315e086%23%7B%22selector%22%3A%22nth-item%22%2C%22parameters%22%3A%5B3%5D%7D/text): {}
Dec 14, 2021 2:30:54 AM net.sourceforge.marathon.javaagent.server.JavaServer serve
INFO: GET(/session/683add99-37e9-4e1e-8f2d-613f8ef3a122/element/8d8829da-6bd1-4304-9d37-73c36315e086%23%7B%22selector%22%3A%22nth-item%22%2C%22parameters%22%3A%5B3%5D%7D/text) = {data={"name":"getElementText","sessionId":"683add99-37e9-4e1e-8f2d-613f8ef3a122","value":"Last Bid","status":0}, status=OK}
Dec 14, 2021 2:30:54 AM net.sourceforge.marathon.javaagent.server.JavaServer serve
INFO: JavaServer.serve(GET /session/683add99-37e9-4e1e-8f2d-613f8ef3a122/element/8d8829da-6bd1-4304-9d37-73c36315e086%23%7B%22selector%22%3A%22nth-item%22%2C%22parameters%22%3A%5B4%5D%7D/text): {}
Dec 14, 2021 2:30:54 AM net.sourceforge.marathon.javaagent.server.JavaServer serve
INFO: GET(/session/683add99-37e9-4e1e-8f2d-613f8ef3a122/element/8d8829da-6bd1-4304-9d37-73c36315e086%23%7B%22selector%22%3A%22nth-item%22%2C%22parameters%22%3A%5B4%5D%7D/text) = {data={"name":"getElementText","sessionId":"683add99-37e9-4e1e-8f2d-613f8ef3a122","value":"State","status":0}, status=OK}
Dec 14, 2021 2:30:54 AM net.sourceforge.marathon.javaagent.server.JavaServer serve
INFO: JavaServer.serve(DELETE /session/683add99-37e9-4e1e-8f2d-613f8ef3a122/window): {}
Dec 14, 2021 2:30:54 AM net.sourceforge.marathon.javaagent.server.JavaServer serve
INFO: DELETE(/session/683add99-37e9-4e1e-8f2d-613f8ef3a122/window) = {data={"name":"closeSession","sessionId":"683add99-37e9-4e1e-8f2d-613f8ef3a122","status":0}, status=OK}
Dec 14, 2021 2:30:54 AM net.sourceforge.marathon.javaagent.server.JavaServer serve
INFO: JavaServer.serve(POST /session): {
  "desiredCapabilities": {
    "browserName": "java",
    "platform": "ANY"
  },
  "capabilities": {
    "firstMatch": [
      {
        "browserName": "java"
      }
    ]
  }
}
Dec 14, 2021 2:30:54 AM net.sourceforge.marathon.javaagent.server.JavaServer createSession
INFO: Creating device with type: EVENT_QUEUE
Dec 14, 2021 2:30:54 AM net.sourceforge.marathon.javaagent.Device getDevice
INFO: Creating a EVENT_QUEUE device
Dec 14, 2021 2:30:54 AM net.sourceforge.marathon.javaagent.server.JavaServer serve
INFO: POST(/session, {"desiredCapabilities":{"browserName":"java","platform":"ANY"},"capabilities":{"firstMatch":[{"browserName":"java"}]}}) = {data=, status=REDIRECT}
Dec 14, 2021 2:30:54 AM net.sourceforge.marathon.javaagent.server.JavaServer serve
INFO: JavaServer.serve(GET /session/e700ba2f-255c-4079-8d79-e3d37473b0cd): {}
Dec 14, 2021 2:30:54 AM net.sourceforge.marathon.javaagent.server.JavaServer serve
INFO: GET(/session/e700ba2f-255c-4079-8d79-e3d37473b0cd) = {data={"name":"getCapabilities","sessionId":"e700ba2f-255c-4079-8d79-e3d37473b0cd","value":{"applicationCacheEnabled":false,"rotatable":false,"loggingPrefs":{"driver":"ALL"},"handlesAlerts":false,"databaseEnabled":false,"version":"1.0","platform":"ANY","browserConnectionEnabled":false,"nativeEvents":false,"acceptSslCerts":false,"locationContextEnabled":false,"webStorageEnabled":false,"browserName":"java","takesScreenshot":true,"javascriptEnabled":true,"cssSelectorsEnabled":false},"status":0}, status=OK}
Dec 14, 2021 2:30:54 AM org.openqa.selenium.remote.ProtocolHandshake createSession
INFO: Detected dialect: OSS
Dec 14, 2021 2:30:54 AM net.sourceforge.marathon.javaagent.server.JavaServer serve
INFO: JavaServer.serve(POST /session/e700ba2f-255c-4079-8d79-e3d37473b0cd/element): {
  "using": "name",
  "value": "new item id field"
}
Dec 14, 2021 2:30:54 AM net.sourceforge.marathon.javaagent.server.JavaServer serve
INFO: POST(/session/e700ba2f-255c-4079-8d79-e3d37473b0cd/element, {"using":"name","value":"new item id field"}) = {data={"name":"findElement","sessionId":"e700ba2f-255c-4079-8d79-e3d37473b0cd","value":{"ELEMENT":"1bf08e71-1eef-4500-89e1-19b641f49ae2"},"status":0}, status=OK}
Dec 14, 2021 2:30:54 AM net.sourceforge.marathon.javaagent.server.JavaServer serve
INFO: JavaServer.serve(POST /session/e700ba2f-255c-4079-8d79-e3d37473b0cd/element/1bf08e71-1eef-4500-89e1-19b641f49ae2/clear): {
  "id": "1bf08e71-1eef-4500-89e1-19b641f49ae2"
}
Dec 14, 2021 2:30:54 AM net.sourceforge.marathon.javaagent.server.JavaServer serve
INFO: POST(/session/e700ba2f-255c-4079-8d79-e3d37473b0cd/element/1bf08e71-1eef-4500-89e1-19b641f49ae2/clear, {"id":"1bf08e71-1eef-4500-89e1-19b641f49ae2"}) = {data={"name":"clearElement","sessionId":"e700ba2f-255c-4079-8d79-e3d37473b0cd","status":0}, status=OK}
Dec 14, 2021 2:30:54 AM net.sourceforge.marathon.javaagent.server.JavaServer serve
INFO: JavaServer.serve(POST /session/e700ba2f-255c-4079-8d79-e3d37473b0cd/element/1bf08e71-1eef-4500-89e1-19b641f49ae2/value): {
  "id": "1bf08e71-1eef-4500-89e1-19b641f49ae2",
  "value": [
    "an item-id"
  ]
}
Dec 14, 2021 2:30:54 AM net.sourceforge.marathon.javaagent.EventQueueDevice dispatchEvent
INFO: java.awt.event.KeyEvent[KEY_PRESSED,keyCode=65,keyText=A,keyChar='a',keyLocation=KEY_LOCATION_UNKNOWN,rawCode=0,primaryLevelUnicode=0,scancode=0,extendedKeyCode=0x0] on new item id field
Dec 14, 2021 2:30:54 AM net.sourceforge.marathon.javaagent.EventQueueDevice dispatchEvent
INFO: java.awt.event.KeyEvent[KEY_TYPED,keyCode=0,keyText=Unknown keyCode: 0x0,keyChar='a',keyLocation=KEY_LOCATION_UNKNOWN,rawCode=0,primaryLevelUnicode=0,scancode=0,extendedKeyCode=0x0] on new item id field
Dec 14, 2021 2:30:54 AM net.sourceforge.marathon.javaagent.EventQueueDevice dispatchEvent
INFO: java.awt.event.KeyEvent[KEY_RELEASED,keyCode=65,keyText=A,keyChar='a',keyLocation=KEY_LOCATION_UNKNOWN,rawCode=0,primaryLevelUnicode=0,scancode=0,extendedKeyCode=0x0] on new item id field
Dec 14, 2021 2:30:54 AM net.sourceforge.marathon.javaagent.EventQueueDevice dispatchEvent
INFO: java.awt.event.KeyEvent[KEY_PRESSED,keyCode=78,keyText=N,keyChar='n',keyLocation=KEY_LOCATION_UNKNOWN,rawCode=0,primaryLevelUnicode=0,scancode=0,extendedKeyCode=0x0] on new item id field
Dec 14, 2021 2:30:54 AM net.sourceforge.marathon.javaagent.EventQueueDevice dispatchEvent
INFO: java.awt.event.KeyEvent[KEY_TYPED,keyCode=0,keyText=Unknown keyCode: 0x0,keyChar='n',keyLocation=KEY_LOCATION_UNKNOWN,rawCode=0,primaryLevelUnicode=0,scancode=0,extendedKeyCode=0x0] on new item id field
Dec 14, 2021 2:30:54 AM net.sourceforge.marathon.javaagent.EventQueueDevice dispatchEvent
INFO: java.awt.event.KeyEvent[KEY_RELEASED,keyCode=78,keyText=N,keyChar='n',keyLocation=KEY_LOCATION_UNKNOWN,rawCode=0,primaryLevelUnicode=0,scancode=0,extendedKeyCode=0x0] on new item id field
Dec 14, 2021 2:30:54 AM net.sourceforge.marathon.javaagent.EventQueueDevice dispatchEvent
INFO: java.awt.event.KeyEvent[KEY_PRESSED,keyCode=16,keyText=Shift,keyChar=Undefined keyChar,modifiers=Shift,extModifiers=Shift,keyLocation=KEY_LOCATION_UNKNOWN,rawCode=0,primaryLevelUnicode=0,scancode=0,extendedKeyCode=0x0] on new item id field
Dec 14, 2021 2:30:54 AM net.sourceforge.marathon.javaagent.EventQueueDevice dispatchEvent
INFO: java.awt.event.KeyEvent[KEY_PRESSED,keyCode=32,keyText=Space,keyChar=' ',modifiers=Shift,extModifiers=Shift,keyLocation=KEY_LOCATION_UNKNOWN,rawCode=0,primaryLevelUnicode=0,scancode=0,extendedKeyCode=0x0] on new item id field
Dec 14, 2021 2:30:54 AM net.sourceforge.marathon.javaagent.EventQueueDevice dispatchEvent
INFO: java.awt.event.KeyEvent[KEY_TYPED,keyCode=0,keyText=Unknown keyCode: 0x0,keyChar=' ',modifiers=Shift,extModifiers=Shift,keyLocation=KEY_LOCATION_UNKNOWN,rawCode=0,primaryLevelUnicode=0,scancode=0,extendedKeyCode=0x0] on new item id field
Dec 14, 2021 2:30:54 AM net.sourceforge.marathon.javaagent.EventQueueDevice dispatchEvent
INFO: java.awt.event.KeyEvent[KEY_RELEASED,keyCode=32,keyText=Space,keyChar=' ',modifiers=Shift,extModifiers=Shift,keyLocation=KEY_LOCATION_UNKNOWN,rawCode=0,primaryLevelUnicode=0,scancode=0,extendedKeyCode=0x0] on new item id field
Dec 14, 2021 2:30:54 AM net.sourceforge.marathon.javaagent.EventQueueDevice dispatchEvent
INFO: java.awt.event.KeyEvent[KEY_RELEASED,keyCode=16,keyText=Shift,keyChar=Undefined keyChar,keyLocation=KEY_LOCATION_UNKNOWN,rawCode=0,primaryLevelUnicode=0,scancode=0,extendedKeyCode=0x0] on new item id field
Dec 14, 2021 2:30:54 AM net.sourceforge.marathon.javaagent.EventQueueDevice dispatchEvent
INFO: java.awt.event.KeyEvent[KEY_PRESSED,keyCode=73,keyText=I,keyChar='i',keyLocation=KEY_LOCATION_UNKNOWN,rawCode=0,primaryLevelUnicode=0,scancode=0,extendedKeyCode=0x0] on new item id field
Dec 14, 2021 2:30:54 AM net.sourceforge.marathon.javaagent.EventQueueDevice dispatchEvent
INFO: java.awt.event.KeyEvent[KEY_TYPED,keyCode=0,keyText=Unknown keyCode: 0x0,keyChar='i',keyLocation=KEY_LOCATION_UNKNOWN,rawCode=0,primaryLevelUnicode=0,scancode=0,extendedKeyCode=0x0] on new item id field
Dec 14, 2021 2:30:54 AM net.sourceforge.marathon.javaagent.EventQueueDevice dispatchEvent
INFO: java.awt.event.KeyEvent[KEY_RELEASED,keyCode=73,keyText=I,keyChar='i',keyLocation=KEY_LOCATION_UNKNOWN,rawCode=0,primaryLevelUnicode=0,scancode=0,extendedKeyCode=0x0] on new item id field
Dec 14, 2021 2:30:54 AM net.sourceforge.marathon.javaagent.EventQueueDevice dispatchEvent
INFO: java.awt.event.KeyEvent[KEY_PRESSED,keyCode=84,keyText=T,keyChar='t',keyLocation=KEY_LOCATION_UNKNOWN,rawCode=0,primaryLevelUnicode=0,scancode=0,extendedKeyCode=0x0] on new item id field
Dec 14, 2021 2:30:54 AM net.sourceforge.marathon.javaagent.EventQueueDevice dispatchEvent
INFO: java.awt.event.KeyEvent[KEY_TYPED,keyCode=0,keyText=Unknown keyCode: 0x0,keyChar='t',keyLocation=KEY_LOCATION_UNKNOWN,rawCode=0,primaryLevelUnicode=0,scancode=0,extendedKeyCode=0x0] on new item id field
Dec 14, 2021 2:30:54 AM net.sourceforge.marathon.javaagent.EventQueueDevice dispatchEvent
INFO: java.awt.event.KeyEvent[KEY_RELEASED,keyCode=84,keyText=T,keyChar='t',keyLocation=KEY_LOCATION_UNKNOWN,rawCode=0,primaryLevelUnicode=0,scancode=0,extendedKeyCode=0x0] on new item id field
Dec 14, 2021 2:30:54 AM net.sourceforge.marathon.javaagent.EventQueueDevice dispatchEvent
INFO: java.awt.event.KeyEvent[KEY_PRESSED,keyCode=69,keyText=E,keyChar='e',keyLocation=KEY_LOCATION_UNKNOWN,rawCode=0,primaryLevelUnicode=0,scancode=0,extendedKeyCode=0x0] on new item id field
Dec 14, 2021 2:30:54 AM net.sourceforge.marathon.javaagent.EventQueueDevice dispatchEvent
INFO: java.awt.event.KeyEvent[KEY_TYPED,keyCode=0,keyText=Unknown keyCode: 0x0,keyChar='e',keyLocation=KEY_LOCATION_UNKNOWN,rawCode=0,primaryLevelUnicode=0,scancode=0,extendedKeyCode=0x0] on new item id field
Dec 14, 2021 2:30:54 AM net.sourceforge.marathon.javaagent.EventQueueDevice dispatchEvent
INFO: java.awt.event.KeyEvent[KEY_RELEASED,keyCode=69,keyText=E,keyChar='e',keyLocation=KEY_LOCATION_UNKNOWN,rawCode=0,primaryLevelUnicode=0,scancode=0,extendedKeyCode=0x0] on new item id field
Dec 14, 2021 2:30:54 AM net.sourceforge.marathon.javaagent.EventQueueDevice dispatchEvent
INFO: java.awt.event.KeyEvent[KEY_PRESSED,keyCode=77,keyText=M,keyChar='m',keyLocation=KEY_LOCATION_UNKNOWN,rawCode=0,primaryLevelUnicode=0,scancode=0,extendedKeyCode=0x0] on new item id field
Dec 14, 2021 2:30:54 AM net.sourceforge.marathon.javaagent.EventQueueDevice dispatchEvent
INFO: java.awt.event.KeyEvent[KEY_TYPED,keyCode=0,keyText=Unknown keyCode: 0x0,keyChar='m',keyLocation=KEY_LOCATION_UNKNOWN,rawCode=0,primaryLevelUnicode=0,scancode=0,extendedKeyCode=0x0] on new item id field
Dec 14, 2021 2:30:54 AM net.sourceforge.marathon.javaagent.EventQueueDevice dispatchEvent
INFO: java.awt.event.KeyEvent[KEY_RELEASED,keyCode=77,keyText=M,keyChar='m',keyLocation=KEY_LOCATION_UNKNOWN,rawCode=0,primaryLevelUnicode=0,scancode=0,extendedKeyCode=0x0] on new item id field
Dec 14, 2021 2:30:54 AM net.sourceforge.marathon.javaagent.EventQueueDevice dispatchEvent
INFO: java.awt.event.KeyEvent[KEY_PRESSED,keyCode=45,keyText=Minus,keyChar='-',keyLocation=KEY_LOCATION_UNKNOWN,rawCode=0,primaryLevelUnicode=0,scancode=0,extendedKeyCode=0x0] on new item id field
Dec 14, 2021 2:30:54 AM net.sourceforge.marathon.javaagent.EventQueueDevice dispatchEvent
INFO: java.awt.event.KeyEvent[KEY_TYPED,keyCode=0,keyText=Unknown keyCode: 0x0,keyChar='-',keyLocation=KEY_LOCATION_UNKNOWN,rawCode=0,primaryLevelUnicode=0,scancode=0,extendedKeyCode=0x0] on new item id field
Dec 14, 2021 2:30:54 AM net.sourceforge.marathon.javaagent.EventQueueDevice dispatchEvent
INFO: java.awt.event.KeyEvent[KEY_RELEASED,keyCode=45,keyText=Minus,keyChar='-',keyLocation=KEY_LOCATION_UNKNOWN,rawCode=0,primaryLevelUnicode=0,scancode=0,extendedKeyCode=0x0] on new item id field
Dec 14, 2021 2:30:54 AM net.sourceforge.marathon.javaagent.EventQueueDevice dispatchEvent
INFO: java.awt.event.KeyEvent[KEY_PRESSED,keyCode=73,keyText=I,keyChar='i',keyLocation=KEY_LOCATION_UNKNOWN,rawCode=0,primaryLevelUnicode=0,scancode=0,extendedKeyCode=0x0] on new item id field
Dec 14, 2021 2:30:54 AM net.sourceforge.marathon.javaagent.EventQueueDevice dispatchEvent
INFO: java.awt.event.KeyEvent[KEY_TYPED,keyCode=0,keyText=Unknown keyCode: 0x0,keyChar='i',keyLocation=KEY_LOCATION_UNKNOWN,rawCode=0,primaryLevelUnicode=0,scancode=0,extendedKeyCode=0x0] on new item id field
Dec 14, 2021 2:30:54 AM net.sourceforge.marathon.javaagent.EventQueueDevice dispatchEvent
INFO: java.awt.event.KeyEvent[KEY_RELEASED,keyCode=73,keyText=I,keyChar='i',keyLocation=KEY_LOCATION_UNKNOWN,rawCode=0,primaryLevelUnicode=0,scancode=0,extendedKeyCode=0x0] on new item id field
Dec 14, 2021 2:30:54 AM net.sourceforge.marathon.javaagent.EventQueueDevice dispatchEvent
INFO: java.awt.event.KeyEvent[KEY_PRESSED,keyCode=68,keyText=D,keyChar='d',keyLocation=KEY_LOCATION_UNKNOWN,rawCode=0,primaryLevelUnicode=0,scancode=0,extendedKeyCode=0x0] on new item id field
Dec 14, 2021 2:30:54 AM net.sourceforge.marathon.javaagent.EventQueueDevice dispatchEvent
INFO: java.awt.event.KeyEvent[KEY_TYPED,keyCode=0,keyText=Unknown keyCode: 0x0,keyChar='d',keyLocation=KEY_LOCATION_UNKNOWN,rawCode=0,primaryLevelUnicode=0,scancode=0,extendedKeyCode=0x0] on new item id field
Dec 14, 2021 2:30:54 AM net.sourceforge.marathon.javaagent.EventQueueDevice dispatchEvent
INFO: java.awt.event.KeyEvent[KEY_RELEASED,keyCode=68,keyText=D,keyChar='d',keyLocation=KEY_LOCATION_UNKNOWN,rawCode=0,primaryLevelUnicode=0,scancode=0,extendedKeyCode=0x0] on new item id field
Dec 14, 2021 2:30:54 AM net.sourceforge.marathon.javaagent.server.JavaServer serve
INFO: POST(/session/e700ba2f-255c-4079-8d79-e3d37473b0cd/element/1bf08e71-1eef-4500-89e1-19b641f49ae2/value, {"id":"1bf08e71-1eef-4500-89e1-19b641f49ae2","value":["an item-id"]}) = {data={"name":"sendKeysElement","sessionId":"e700ba2f-255c-4079-8d79-e3d37473b0cd","status":0}, status=OK}
Dec 14, 2021 2:30:54 AM net.sourceforge.marathon.javaagent.server.JavaServer serve
INFO: JavaServer.serve(POST /session/e700ba2f-255c-4079-8d79-e3d37473b0cd/element): {
  "using": "name",
  "value": "new item stop price field"
}
Dec 14, 2021 2:30:54 AM net.sourceforge.marathon.javaagent.server.JavaServer serve
INFO: POST(/session/e700ba2f-255c-4079-8d79-e3d37473b0cd/element, {"using":"name","value":"new item stop price field"}) = {data={"name":"findElement","sessionId":"e700ba2f-255c-4079-8d79-e3d37473b0cd","value":{"ELEMENT":"7abb91b7-2c40-4c26-86db-e79ace14b7fc"},"status":0}, status=OK}
Dec 14, 2021 2:30:54 AM net.sourceforge.marathon.javaagent.server.JavaServer serve
INFO: JavaServer.serve(POST /session/e700ba2f-255c-4079-8d79-e3d37473b0cd/element/7abb91b7-2c40-4c26-86db-e79ace14b7fc/clear): {
  "id": "7abb91b7-2c40-4c26-86db-e79ace14b7fc"
}
Dec 14, 2021 2:30:54 AM net.sourceforge.marathon.javaagent.server.JavaServer serve
INFO: POST(/session/e700ba2f-255c-4079-8d79-e3d37473b0cd/element/7abb91b7-2c40-4c26-86db-e79ace14b7fc/clear, {"id":"7abb91b7-2c40-4c26-86db-e79ace14b7fc"}) = {data={"name":"clearElement","sessionId":"e700ba2f-255c-4079-8d79-e3d37473b0cd","status":0}, status=OK}
Dec 14, 2021 2:30:54 AM net.sourceforge.marathon.javaagent.server.JavaServer serve
INFO: JavaServer.serve(POST /session/e700ba2f-255c-4079-8d79-e3d37473b0cd/element/7abb91b7-2c40-4c26-86db-e79ace14b7fc/value): {
  "id": "7abb91b7-2c40-4c26-86db-e79ace14b7fc",
  "value": [
    "11000"
  ]
}
Dec 14, 2021 2:30:54 AM net.sourceforge.marathon.javaagent.EventQueueDevice dispatchEvent
INFO: java.awt.event.KeyEvent[KEY_PRESSED,keyCode=49,keyText=1,keyChar='1',keyLocation=KEY_LOCATION_UNKNOWN,rawCode=0,primaryLevelUnicode=0,scancode=0,extendedKeyCode=0x0] on new item stop price field
Dec 14, 2021 2:30:54 AM net.sourceforge.marathon.javaagent.EventQueueDevice dispatchEvent
INFO: java.awt.event.KeyEvent[KEY_TYPED,keyCode=0,keyText=Unknown keyCode: 0x0,keyChar='1',keyLocation=KEY_LOCATION_UNKNOWN,rawCode=0,primaryLevelUnicode=0,scancode=0,extendedKeyCode=0x0] on new item stop price field
Dec 14, 2021 2:30:54 AM net.sourceforge.marathon.javaagent.EventQueueDevice dispatchEvent
INFO: java.awt.event.KeyEvent[KEY_RELEASED,keyCode=49,keyText=1,keyChar='1',keyLocation=KEY_LOCATION_UNKNOWN,rawCode=0,primaryLevelUnicode=0,scancode=0,extendedKeyCode=0x0] on new item stop price field
Dec 14, 2021 2:30:54 AM net.sourceforge.marathon.javaagent.EventQueueDevice dispatchEvent
INFO: java.awt.event.KeyEvent[KEY_PRESSED,keyCode=49,keyText=1,keyChar='1',keyLocation=KEY_LOCATION_UNKNOWN,rawCode=0,primaryLevelUnicode=0,scancode=0,extendedKeyCode=0x0] on new item stop price field
Dec 14, 2021 2:30:54 AM net.sourceforge.marathon.javaagent.EventQueueDevice dispatchEvent
INFO: java.awt.event.KeyEvent[KEY_TYPED,keyCode=0,keyText=Unknown keyCode: 0x0,keyChar='1',keyLocation=KEY_LOCATION_UNKNOWN,rawCode=0,primaryLevelUnicode=0,scancode=0,extendedKeyCode=0x0] on new item stop price field
Dec 14, 2021 2:30:54 AM net.sourceforge.marathon.javaagent.EventQueueDevice dispatchEvent
INFO: java.awt.event.KeyEvent[KEY_RELEASED,keyCode=49,keyText=1,keyChar='1',keyLocation=KEY_LOCATION_UNKNOWN,rawCode=0,primaryLevelUnicode=0,scancode=0,extendedKeyCode=0x0] on new item stop price field
Dec 14, 2021 2:30:54 AM net.sourceforge.marathon.javaagent.EventQueueDevice dispatchEvent
INFO: java.awt.event.KeyEvent[KEY_PRESSED,keyCode=48,keyText=0,keyChar='0',keyLocation=KEY_LOCATION_UNKNOWN,rawCode=0,primaryLevelUnicode=0,scancode=0,extendedKeyCode=0x0] on new item stop price field
Dec 14, 2021 2:30:54 AM net.sourceforge.marathon.javaagent.EventQueueDevice dispatchEvent
INFO: java.awt.event.KeyEvent[KEY_TYPED,keyCode=0,keyText=Unknown keyCode: 0x0,keyChar='0',keyLocation=KEY_LOCATION_UNKNOWN,rawCode=0,primaryLevelUnicode=0,scancode=0,extendedKeyCode=0x0] on new item stop price field
Dec 14, 2021 2:30:54 AM net.sourceforge.marathon.javaagent.EventQueueDevice dispatchEvent
INFO: java.awt.event.KeyEvent[KEY_RELEASED,keyCode=48,keyText=0,keyChar='0',keyLocation=KEY_LOCATION_UNKNOWN,rawCode=0,primaryLevelUnicode=0,scancode=0,extendedKeyCode=0x0] on new item stop price field
Dec 14, 2021 2:30:54 AM net.sourceforge.marathon.javaagent.EventQueueDevice dispatchEvent
INFO: java.awt.event.KeyEvent[KEY_PRESSED,keyCode=48,keyText=0,keyChar='0',keyLocation=KEY_LOCATION_UNKNOWN,rawCode=0,primaryLevelUnicode=0,scancode=0,extendedKeyCode=0x0] on new item stop price field
Dec 14, 2021 2:30:54 AM net.sourceforge.marathon.javaagent.EventQueueDevice dispatchEvent
INFO: java.awt.event.KeyEvent[KEY_TYPED,keyCode=0,keyText=Unknown keyCode: 0x0,keyChar='0',keyLocation=KEY_LOCATION_UNKNOWN,rawCode=0,primaryLevelUnicode=0,scancode=0,extendedKeyCode=0x0] on new item stop price field
Dec 14, 2021 2:30:54 AM net.sourceforge.marathon.javaagent.EventQueueDevice dispatchEvent
INFO: java.awt.event.KeyEvent[KEY_RELEASED,keyCode=48,keyText=0,keyChar='0',keyLocation=KEY_LOCATION_UNKNOWN,rawCode=0,primaryLevelUnicode=0,scancode=0,extendedKeyCode=0x0] on new item stop price field
Dec 14, 2021 2:30:54 AM net.sourceforge.marathon.javaagent.EventQueueDevice dispatchEvent
INFO: java.awt.event.KeyEvent[KEY_PRESSED,keyCode=48,keyText=0,keyChar='0',keyLocation=KEY_LOCATION_UNKNOWN,rawCode=0,primaryLevelUnicode=0,scancode=0,extendedKeyCode=0x0] on new item stop price field
Dec 14, 2021 2:30:54 AM net.sourceforge.marathon.javaagent.EventQueueDevice dispatchEvent
INFO: java.awt.event.KeyEvent[KEY_TYPED,keyCode=0,keyText=Unknown keyCode: 0x0,keyChar='0',keyLocation=KEY_LOCATION_UNKNOWN,rawCode=0,primaryLevelUnicode=0,scancode=0,extendedKeyCode=0x0] on new item stop price field
Dec 14, 2021 2:30:54 AM net.sourceforge.marathon.javaagent.EventQueueDevice dispatchEvent
INFO: java.awt.event.KeyEvent[KEY_RELEASED,keyCode=48,keyText=0,keyChar='0',keyLocation=KEY_LOCATION_UNKNOWN,rawCode=0,primaryLevelUnicode=0,scancode=0,extendedKeyCode=0x0] on new item stop price field
Dec 14, 2021 2:30:54 AM net.sourceforge.marathon.javaagent.server.JavaServer serve
INFO: POST(/session/e700ba2f-255c-4079-8d79-e3d37473b0cd/element/7abb91b7-2c40-4c26-86db-e79ace14b7fc/value, {"id":"7abb91b7-2c40-4c26-86db-e79ace14b7fc","value":["11000"]}) = {data={"name":"sendKeysElement","sessionId":"e700ba2f-255c-4079-8d79-e3d37473b0cd","status":0}, status=OK}
Dec 14, 2021 2:30:54 AM net.sourceforge.marathon.javaagent.server.JavaServer serve
INFO: JavaServer.serve(POST /session/e700ba2f-255c-4079-8d79-e3d37473b0cd/element): {
  "using": "name",
  "value": "join button"
}
Dec 14, 2021 2:30:54 AM net.sourceforge.marathon.javaagent.server.JavaServer serve
INFO: POST(/session/e700ba2f-255c-4079-8d79-e3d37473b0cd/element, {"using":"name","value":"join button"}) = {data={"name":"findElement","sessionId":"e700ba2f-255c-4079-8d79-e3d37473b0cd","value":{"ELEMENT":"9a64c3d1-58cd-481b-9707-d6aafbcb53ce"},"status":0}, status=OK}
Dec 14, 2021 2:30:54 AM net.sourceforge.marathon.javaagent.server.JavaServer serve
INFO: JavaServer.serve(POST /session/e700ba2f-255c-4079-8d79-e3d37473b0cd/element/9a64c3d1-58cd-481b-9707-d6aafbcb53ce/click): {
  "id": "9a64c3d1-58cd-481b-9707-d6aafbcb53ce"
}
Dec 14, 2021 2:30:54 AM net.sourceforge.marathon.javaagent.EventQueueDevice dispatchEvent
INFO: java.awt.event.MouseEvent[MOUSE_PRESSED,(58,12),absolute(589,17),button=1,modifiers=Button1,extModifiers=Button1,clickCount=1] on join button
Dec 14, 2021 2:30:54 AM net.sourceforge.marathon.javaagent.EventQueueDevice dispatchEvent
INFO: java.awt.event.MouseEvent[MOUSE_RELEASED,(58,12),absolute(589,17),button=1,modifiers=Button1,clickCount=1] on join button
Dec 14, 2021 2:30:54 AM net.sourceforge.marathon.javaagent.EventQueueDevice dispatchEvent
INFO: java.awt.event.MouseEvent[MOUSE_CLICKED,(58,12),absolute(589,17),button=1,modifiers=Button1,clickCount=1] on join button
Dec 14, 2021 2:30:54 AM net.sourceforge.marathon.javaagent.server.JavaServer serve
INFO: POST(/session/e700ba2f-255c-4079-8d79-e3d37473b0cd/element/9a64c3d1-58cd-481b-9707-d6aafbcb53ce/click, {"id":"9a64c3d1-58cd-481b-9707-d6aafbcb53ce"}) = {data={"name":"clickElement","sessionId":"e700ba2f-255c-4079-8d79-e3d37473b0cd","status":0}, status=OK}
Dec 14, 2021 2:30:54 AM net.sourceforge.marathon.javaagent.server.JavaServer serve
INFO: JavaServer.serve(DELETE /session/e700ba2f-255c-4079-8d79-e3d37473b0cd/window): {}
Dec 14, 2021 2:30:54 AM net.sourceforge.marathon.javaagent.server.JavaServer serve
INFO: DELETE(/session/e700ba2f-255c-4079-8d79-e3d37473b0cd/window) = {data={"name":"closeSession","sessionId":"e700ba2f-255c-4079-8d79-e3d37473b0cd","status":0}, status=OK}
Dec 14, 2021 2:30:55 AM net.sourceforge.marathon.javaagent.server.JavaServer serve
INFO: JavaServer.serve(POST /session): {
  "desiredCapabilities": {
    "browserName": "java",
    "platform": "ANY"
  },
  "capabilities": {
    "firstMatch": [
      {
        "browserName": "java"
      }
    ]
  }
}
Dec 14, 2021 2:30:55 AM net.sourceforge.marathon.javaagent.server.JavaServer createSession
INFO: Creating device with type: EVENT_QUEUE
Dec 14, 2021 2:30:55 AM net.sourceforge.marathon.javaagent.Device getDevice
INFO: Creating a EVENT_QUEUE device
Dec 14, 2021 2:30:55 AM net.sourceforge.marathon.javaagent.server.JavaServer serve
INFO: POST(/session, {"desiredCapabilities":{"browserName":"java","platform":"ANY"},"capabilities":{"firstMatch":[{"browserName":"java"}]}}) = {data=, status=REDIRECT}
Dec 14, 2021 2:30:55 AM net.sourceforge.marathon.javaagent.server.JavaServer serve
INFO: JavaServer.serve(GET /session/4cf2a3f2-b65a-4d77-916c-1679cfd87639): {}
Dec 14, 2021 2:30:55 AM net.sourceforge.marathon.javaagent.server.JavaServer serve
INFO: GET(/session/4cf2a3f2-b65a-4d77-916c-1679cfd87639) = {data={"name":"getCapabilities","sessionId":"4cf2a3f2-b65a-4d77-916c-1679cfd87639","value":{"applicationCacheEnabled":false,"rotatable":false,"loggingPrefs":{"driver":"ALL"},"handlesAlerts":false,"databaseEnabled":false,"version":"1.0","platform":"ANY","browserConnectionEnabled":false,"nativeEvents":false,"acceptSslCerts":false,"locationContextEnabled":false,"webStorageEnabled":false,"browserName":"java","takesScreenshot":true,"javascriptEnabled":true,"cssSelectorsEnabled":false},"status":0}, status=OK}
Dec 14, 2021 2:30:55 AM org.openqa.selenium.remote.ProtocolHandshake createSession
INFO: Detected dialect: OSS
Dec 14, 2021 2:30:55 AM net.sourceforge.marathon.javaagent.server.JavaServer serve
INFO: JavaServer.serve(POST /session/4cf2a3f2-b65a-4d77-916c-1679cfd87639/element): {
  "using": "name",
  "value": "sniper reset button"
}
Dec 14, 2021 2:30:55 AM net.sourceforge.marathon.javaagent.server.JavaServer serve
INFO: POST(/session/4cf2a3f2-b65a-4d77-916c-1679cfd87639/element, {"using":"name","value":"sniper reset button"}) = {data={"name":"findElement","sessionId":"4cf2a3f2-b65a-4d77-916c-1679cfd87639","value":{"ELEMENT":"a56267c8-1487-4b6c-8ff1-673c0130742c"},"status":0}, status=OK}
Dec 14, 2021 2:30:55 AM net.sourceforge.marathon.javaagent.server.JavaServer serve
INFO: JavaServer.serve(POST /session/4cf2a3f2-b65a-4d77-916c-1679cfd87639/element/a56267c8-1487-4b6c-8ff1-673c0130742c/click): {
  "id": "a56267c8-1487-4b6c-8ff1-673c0130742c"
}
Dec 14, 2021 2:30:55 AM net.sourceforge.marathon.javaagent.EventQueueDevice dispatchEvent
INFO: java.awt.event.MouseEvent[MOUSE_PRESSED,(37,12),absolute(326,474),button=1,modifiers=Button1,extModifiers=Button1,clickCount=1] on sniper reset button
Dec 14, 2021 2:30:55 AM net.sourceforge.marathon.javaagent.EventQueueDevice dispatchEvent
INFO: java.awt.event.MouseEvent[MOUSE_RELEASED,(37,12),absolute(326,474),button=1,modifiers=Button1,clickCount=1] on sniper reset button
Dec 14, 2021 2:30:55 AM net.sourceforge.marathon.javaagent.EventQueueDevice dispatchEvent
INFO: java.awt.event.MouseEvent[MOUSE_CLICKED,(37,12),absolute(326,474),button=1,modifiers=Button1,clickCount=1] on sniper reset button
Dec 14, 2021 2:30:55 AM net.sourceforge.marathon.javaagent.server.JavaServer serve
INFO: POST(/session/4cf2a3f2-b65a-4d77-916c-1679cfd87639/element/a56267c8-1487-4b6c-8ff1-673c0130742c/click, {"id":"a56267c8-1487-4b6c-8ff1-673c0130742c"}) = {data={"name":"clickElement","sessionId":"4cf2a3f2-b65a-4d77-916c-1679cfd87639","status":0}, status=OK}
Dec 14, 2021 2:30:55 AM net.sourceforge.marathon.javaagent.server.JavaServer serve
INFO: JavaServer.serve(DELETE /session/4cf2a3f2-b65a-4d77-916c-1679cfd87639/window): {}
Dec 14, 2021 2:30:55 AM net.sourceforge.marathon.javaagent.server.JavaServer serve
INFO: DELETE(/session/4cf2a3f2-b65a-4d77-916c-1679cfd87639/window) = {data={"name":"closeSession","sessionId":"4cf2a3f2-b65a-4d77-916c-1679cfd87639","status":0}, status=OK}
]]></system-err>
</testsuite>
