<?xml version="1.0" encoding="UTF-8"?>
<testsuite name="goos.auction.stub.StubAuctionTest" tests="2" skipped="0" failures="0" errors="0" timestamp="2022-02-27T02:30:34" hostname="buildkitsandbox" time="1.44">
  <properties/>
  <testcase name="receives events from auction server after joining" classname="goos.auction.stub.StubAuctionTest" time="1.377"/>
  <testcase name="stops receiving events from auction server after failure" classname="goos.auction.stub.StubAuctionTest" time="0.049"/>
  <system-out><![CDATA[]]></system-out>
  <system-err><![CDATA[]]></system-err>
</testsuite>
