<?xml version="1.0" encoding="UTF-8"?>
<testsuite name="goos.ui.swing.MainWindowTest" tests="3" skipped="0" failures="0" errors="0" timestamp="2021-09-27T02:24:31" hostname="buildkitsandbox" time="3.705">
  <properties/>
  <testcase name="window has expected features" classname="goos.ui.swing.MainWindowTest" time="2.811"/>
  <testcase name="make user request when join button clicked" classname="goos.ui.swing.MainWindowTest" time="0.718"/>
  <testcase name="make user request when reset button clicked" classname="goos.ui.swing.MainWindowTest" time="0.17"/>
  <system-out><![CDATA[]]></system-out>
  <system-err><![CDATA[Sep 27, 2021 2:24:32 AM io.mockk.impl.log.JULLogger warn
WARNING: Failed to transform class goos/ui/api/UserRequestListener
java.lang.IllegalArgumentException: Unsupported class file major version 59
	at net.bytebuddy.jar.asm.ClassReader.<init>(ClassReader.java:176)
	at net.bytebuddy.jar.asm.ClassReader.<init>(ClassReader.java:158)
	at net.bytebuddy.jar.asm.ClassReader.<init>(ClassReader.java:146)
	at net.bytebuddy.utility.OpenedClassReader.of(OpenedClassReader.java:69)
	at net.bytebuddy.dynamic.scaffold.TypeWriter$Default$ForInlining.create(TypeWriter.java:2877)
	at net.bytebuddy.dynamic.scaffold.TypeWriter$Default.make(TypeWriter.java:1653)
	at net.bytebuddy.dynamic.scaffold.inline.RedefinitionDynamicTypeBuilder.make(RedefinitionDynamicTypeBuilder.java:180)
	at net.bytebuddy.dynamic.scaffold.inline.AbstractInliningDynamicTypeBuilder.make(AbstractInliningDynamicTypeBuilder.java:94)
	at net.bytebuddy.dynamic.DynamicType$Builder$AbstractBase.make(DynamicType.java:2669)
	at io.mockk.proxy.jvm.transformation.InliningClassTransformer.transform(InliningClassTransformer.kt:78)
	at java.instrument/java.lang.instrument.ClassFileTransformer.transform(ClassFileTransformer.java:246)
	at java.instrument/sun.instrument.TransformerManager.transform(TransformerManager.java:188)
	at java.instrument/sun.instrument.InstrumentationImpl.transform(InstrumentationImpl.java:563)
	at java.instrument/sun.instrument.InstrumentationImpl.retransformClasses0(Native Method)
	at java.instrument/sun.instrument.InstrumentationImpl.retransformClasses(InstrumentationImpl.java:167)
	at io.mockk.proxy.jvm.transformation.JvmInlineInstrumentation.retransform(JvmInlineInstrumentation.kt:28)
	at io.mockk.proxy.common.transformation.RetransformInlineInstrumnetation$execute$1.invoke(RetransformInlineInstrumnetation.kt:19)
	at io.mockk.proxy.common.transformation.RetransformInlineInstrumnetation$execute$1.invoke(RetransformInlineInstrumnetation.kt:6)
	at io.mockk.proxy.common.transformation.ClassTransformationSpecMap.applyTransformation(ClassTransformationSpecMap.kt:41)
	at io.mockk.proxy.common.transformation.RetransformInlineInstrumnetation.execute(RetransformInlineInstrumnetation.kt:16)
	at io.mockk.proxy.jvm.ProxyMaker.inline(ProxyMaker.kt:88)
	at io.mockk.proxy.jvm.ProxyMaker.proxy(ProxyMaker.kt:30)
	at io.mockk.impl.instantiation.JvmMockFactory.newProxy(JvmMockFactory.kt:34)
	at io.mockk.impl.instantiation.AbstractMockFactory.newProxy$default(AbstractMockFactory.kt:29)
	at io.mockk.impl.instantiation.AbstractMockFactory.mockk(AbstractMockFactory.kt:59)
	at goos.ui.swing.MainWindowTest$1$1.invokeSuspend(MainWindowTest.kt:90)
	at goos.ui.swing.MainWindowTest$1$1.invoke(MainWindowTest.kt)
	at goos.ui.swing.MainWindowTest$1$1.invoke(MainWindowTest.kt)
	at io.kotest.core.TestConfiguration$beforeTest$1.beforeTest(TestConfiguration.kt:137)
	at io.kotest.core.spec.LifecycleKt.invokeAllBeforeTestCallbacks(lifecycle.kt:76)
	at io.kotest.core.internal.TestCaseExecutor.executeActiveTest(TestCaseExecutor.kt:152)
	at io.kotest.core.internal.TestCaseExecutor.access$executeActiveTest(TestCaseExecutor.kt:57)
	at io.kotest.core.internal.TestCaseExecutor$intercept$innerExecute$1$1.invokeSuspend(TestCaseExecutor.kt:89)
	at io.kotest.core.internal.TestCaseExecutor$intercept$innerExecute$1$1.invoke(TestCaseExecutor.kt)
	at io.kotest.core.internal.TestCaseExecutor$intercept$innerExecute$1$1.invoke(TestCaseExecutor.kt)
	at io.kotest.core.internal.TestCaseExecutor.executeIfEnabled(TestCaseExecutor.kt:117)
	at io.kotest.core.internal.TestCaseExecutor.access$executeIfEnabled(TestCaseExecutor.kt:57)
	at io.kotest.core.internal.TestCaseExecutor$intercept$innerExecute$1.invokeSuspend(TestCaseExecutor.kt:89)
	at io.kotest.core.internal.TestCaseExecutor$intercept$innerExecute$1.invoke(TestCaseExecutor.kt)
	at io.kotest.core.internal.TestCaseExecutor$intercept$innerExecute$1.invoke(TestCaseExecutor.kt)
	at io.kotest.core.internal.TestCaseExecutor.intercept(TestCaseExecutor.kt:103)
	at io.kotest.core.internal.TestCaseExecutor.execute(TestCaseExecutor.kt:69)
	at io.kotest.engine.spec.runners.SingleInstanceSpecRunner.runTest(SingleInstanceSpecRunner.kt:104)
	at io.kotest.engine.spec.runners.SingleInstanceSpecRunner.access$runTest(SingleInstanceSpecRunner.kt:34)
	at io.kotest.engine.spec.runners.SingleInstanceSpecRunner$execute$interceptAndRun$2$4.invokeSuspend(SingleInstanceSpecRunner.kt:57)
	at io.kotest.engine.spec.runners.SingleInstanceSpecRunner$execute$interceptAndRun$2$4.invoke(SingleInstanceSpecRunner.kt)
	at io.kotest.engine.spec.runners.SingleInstanceSpecRunner$execute$interceptAndRun$2$4.invoke(SingleInstanceSpecRunner.kt)
	at io.kotest.engine.launchers.SequentialTestLauncher$launch$3$1$1.invokeSuspend(SequentialTestLauncher.kt:22)
	at kotlin.coroutines.jvm.internal.BaseContinuationImpl.resumeWith(ContinuationImpl.kt:33)
	at kotlinx.coroutines.DispatchedTask.run(DispatchedTask.kt:106)
	at java.base/java.util.concurrent.ThreadPoolExecutor.runWorker(ThreadPoolExecutor.java:1130)
	at java.base/java.util.concurrent.ThreadPoolExecutor$Worker.run(ThreadPoolExecutor.java:630)
	at java.base/java.lang.Thread.run(Thread.java:832)

Sep 27, 2021 2:24:34 AM net.sourceforge.marathon.javaagent.server.JavaServer serve
INFO: JavaServer.serve(POST /session): {
  "desiredCapabilities": {
    "browserName": "java",
    "platform": "ANY"
  },
  "capabilities": {
    "firstMatch": [
      {
        "browserName": "java"
      }
    ]
  }
}
Sep 27, 2021 2:24:34 AM net.sourceforge.marathon.javaagent.server.JavaServer createSession
INFO: Creating device with type: EVENT_QUEUE
Sep 27, 2021 2:24:34 AM net.sourceforge.marathon.javaagent.Device getDevice
INFO: Creating a EVENT_QUEUE device
Sep 27, 2021 2:24:34 AM net.sourceforge.marathon.javaagent.server.JavaServer serve
INFO: POST(/session, {"desiredCapabilities":{"browserName":"java","platform":"ANY"},"capabilities":{"firstMatch":[{"browserName":"java"}]}}) = {data=, status=REDIRECT}
Sep 27, 2021 2:24:34 AM net.sourceforge.marathon.javaagent.server.JavaServer serve
INFO: JavaServer.serve(GET /session/1880ac38-633c-4913-8677-40d177ad97fc): {}
Sep 27, 2021 2:24:34 AM net.sourceforge.marathon.javaagent.server.JavaServer serve
INFO: GET(/session/1880ac38-633c-4913-8677-40d177ad97fc) = {data={"name":"getCapabilities","sessionId":"1880ac38-633c-4913-8677-40d177ad97fc","value":{"applicationCacheEnabled":false,"rotatable":false,"loggingPrefs":{"driver":"ALL"},"handlesAlerts":false,"databaseEnabled":false,"version":"1.0","platform":"ANY","browserConnectionEnabled":false,"nativeEvents":false,"acceptSslCerts":false,"locationContextEnabled":false,"webStorageEnabled":false,"browserName":"java","takesScreenshot":true,"javascriptEnabled":true,"cssSelectorsEnabled":false},"status":0}, status=OK}
Sep 27, 2021 2:24:34 AM org.openqa.selenium.remote.ProtocolHandshake createSession
INFO: Detected dialect: OSS
Sep 27, 2021 2:24:34 AM net.sourceforge.marathon.javaagent.server.JavaServer serve
INFO: JavaServer.serve(POST /session/1880ac38-633c-4913-8677-40d177ad97fc/element): {
  "using": "css selector",
  "value": "."
}
Sep 27, 2021 2:24:34 AM net.sourceforge.marathon.javaagent.server.JavaServer serve
INFO: POST(/session/1880ac38-633c-4913-8677-40d177ad97fc/element, {"using":"css selector","value":"."}) = {data={"name":"findElement","sessionId":"1880ac38-633c-4913-8677-40d177ad97fc","value":{"ELEMENT":"b9dab1af-a019-41a4-91c3-5df70131087d"},"status":0}, status=OK}
Sep 27, 2021 2:24:34 AM net.sourceforge.marathon.javaagent.server.JavaServer serve
INFO: JavaServer.serve(GET /session/1880ac38-633c-4913-8677-40d177ad97fc/element/b9dab1af-a019-41a4-91c3-5df70131087d/attribute/name): {}
Sep 27, 2021 2:24:34 AM net.sourceforge.marathon.javaagent.server.JavaServer serve
INFO: GET(/session/1880ac38-633c-4913-8677-40d177ad97fc/element/b9dab1af-a019-41a4-91c3-5df70131087d/attribute/name) = {data={"name":"getElementAttribute","sessionId":"1880ac38-633c-4913-8677-40d177ad97fc","value":"Auction Sniper Name","status":0}, status=OK}
Sep 27, 2021 2:24:34 AM net.sourceforge.marathon.javaagent.server.JavaServer serve
INFO: JavaServer.serve(POST /session/1880ac38-633c-4913-8677-40d177ad97fc/element): {
  "using": "css selector",
  "value": "."
}
Sep 27, 2021 2:24:34 AM net.sourceforge.marathon.javaagent.server.JavaServer serve
INFO: POST(/session/1880ac38-633c-4913-8677-40d177ad97fc/element, {"using":"css selector","value":"."}) = {data={"name":"findElement","sessionId":"1880ac38-633c-4913-8677-40d177ad97fc","value":{"ELEMENT":"b9dab1af-a019-41a4-91c3-5df70131087d"},"status":0}, status=OK}
Sep 27, 2021 2:24:34 AM net.sourceforge.marathon.javaagent.server.JavaServer serve
INFO: JavaServer.serve(GET /session/1880ac38-633c-4913-8677-40d177ad97fc/element/b9dab1af-a019-41a4-91c3-5df70131087d/displayed): {}
Sep 27, 2021 2:24:34 AM net.sourceforge.marathon.javaagent.server.JavaServer serve
INFO: GET(/session/1880ac38-633c-4913-8677-40d177ad97fc/element/b9dab1af-a019-41a4-91c3-5df70131087d/displayed) = {data={"name":"isDisplayed","sessionId":"1880ac38-633c-4913-8677-40d177ad97fc","value":true,"status":0}, status=OK}
Sep 27, 2021 2:24:34 AM net.sourceforge.marathon.javaagent.server.JavaServer serve
INFO: JavaServer.serve(GET /session/1880ac38-633c-4913-8677-40d177ad97fc/title): {}
Sep 27, 2021 2:24:34 AM net.sourceforge.marathon.javaagent.server.JavaServer serve
INFO: GET(/session/1880ac38-633c-4913-8677-40d177ad97fc/title) = {data={"name":"getWindowTitle","sessionId":"1880ac38-633c-4913-8677-40d177ad97fc","value":"Auction Sniper","status":0}, status=OK}
Sep 27, 2021 2:24:34 AM net.sourceforge.marathon.javaagent.server.JavaServer serve
INFO: JavaServer.serve(POST /session/1880ac38-633c-4913-8677-40d177ad97fc/element): {
  "using": "name",
  "value": "snipers table"
}
Sep 27, 2021 2:24:34 AM net.sourceforge.marathon.javaagent.server.JavaServer serve
INFO: POST(/session/1880ac38-633c-4913-8677-40d177ad97fc/element, {"using":"name","value":"snipers table"}) = {data={"name":"findElement","sessionId":"1880ac38-633c-4913-8677-40d177ad97fc","value":{"ELEMENT":"049cc4b0-ae10-4848-b46d-7be0e59b9d2b"},"status":0}, status=OK}
Sep 27, 2021 2:24:34 AM net.sourceforge.marathon.javaagent.server.JavaServer serve
INFO: JavaServer.serve(POST /session/1880ac38-633c-4913-8677-40d177ad97fc/element/049cc4b0-ae10-4848-b46d-7be0e59b9d2b/elements): {
  "id": "049cc4b0-ae10-4848-b46d-7be0e59b9d2b",
  "using": "css selector",
  "value": ".::header.::all-items"
}
Sep 27, 2021 2:24:34 AM net.sourceforge.marathon.javaagent.server.JavaServer serve
INFO: POST(/session/1880ac38-633c-4913-8677-40d177ad97fc/element/049cc4b0-ae10-4848-b46d-7be0e59b9d2b/elements, {"using":"css selector","id":"049cc4b0-ae10-4848-b46d-7be0e59b9d2b","value":".::header.::all-items"}) = {data={"name":"findElementsOfElement","sessionId":"1880ac38-633c-4913-8677-40d177ad97fc","value":[{"ELEMENT":"e09f1d86-f034-46c8-84e8-633bafd7e865%23%7B%22selector%22%3A%22nth-item%22%2C%22parameters%22%3A%5B1%5D%7D"},{"ELEMENT":"e09f1d86-f034-46c8-84e8-633bafd7e865%23%7B%22selector%22%3A%22nth-item%22%2C%22parameters%22%3A%5B2%5D%7D"},{"ELEMENT":"e09f1d86-f034-46c8-84e8-633bafd7e865%23%7B%22selector%22%3A%22nth-item%22%2C%22parameters%22%3A%5B3%5D%7D"},{"ELEMENT":"e09f1d86-f034-46c8-84e8-633bafd7e865%23%7B%22selector%22%3A%22nth-item%22%2C%22parameters%22%3A%5B4%5D%7D"}],"status":0}, status=OK}
Sep 27, 2021 2:24:34 AM net.sourceforge.marathon.javaagent.server.JavaServer serve
INFO: JavaServer.serve(GET /session/1880ac38-633c-4913-8677-40d177ad97fc/element/e09f1d86-f034-46c8-84e8-633bafd7e865%23%7B%22selector%22%3A%22nth-item%22%2C%22parameters%22%3A%5B1%5D%7D/text): {}
Sep 27, 2021 2:24:34 AM net.sourceforge.marathon.javaagent.server.JavaServer serve
INFO: GET(/session/1880ac38-633c-4913-8677-40d177ad97fc/element/e09f1d86-f034-46c8-84e8-633bafd7e865%23%7B%22selector%22%3A%22nth-item%22%2C%22parameters%22%3A%5B1%5D%7D/text) = {data={"name":"getElementText","sessionId":"1880ac38-633c-4913-8677-40d177ad97fc","value":"Item","status":0}, status=OK}
Sep 27, 2021 2:24:34 AM net.sourceforge.marathon.javaagent.server.JavaServer serve
INFO: JavaServer.serve(GET /session/1880ac38-633c-4913-8677-40d177ad97fc/element/e09f1d86-f034-46c8-84e8-633bafd7e865%23%7B%22selector%22%3A%22nth-item%22%2C%22parameters%22%3A%5B2%5D%7D/text): {}
Sep 27, 2021 2:24:34 AM net.sourceforge.marathon.javaagent.server.JavaServer serve
INFO: GET(/session/1880ac38-633c-4913-8677-40d177ad97fc/element/e09f1d86-f034-46c8-84e8-633bafd7e865%23%7B%22selector%22%3A%22nth-item%22%2C%22parameters%22%3A%5B2%5D%7D/text) = {data={"name":"getElementText","sessionId":"1880ac38-633c-4913-8677-40d177ad97fc","value":"Last Price","status":0}, status=OK}
Sep 27, 2021 2:24:34 AM net.sourceforge.marathon.javaagent.server.JavaServer serve
INFO: JavaServer.serve(GET /session/1880ac38-633c-4913-8677-40d177ad97fc/element/e09f1d86-f034-46c8-84e8-633bafd7e865%23%7B%22selector%22%3A%22nth-item%22%2C%22parameters%22%3A%5B3%5D%7D/text): {}
Sep 27, 2021 2:24:34 AM net.sourceforge.marathon.javaagent.server.JavaServer serve
INFO: GET(/session/1880ac38-633c-4913-8677-40d177ad97fc/element/e09f1d86-f034-46c8-84e8-633bafd7e865%23%7B%22selector%22%3A%22nth-item%22%2C%22parameters%22%3A%5B3%5D%7D/text) = {data={"name":"getElementText","sessionId":"1880ac38-633c-4913-8677-40d177ad97fc","value":"Last Bid","status":0}, status=OK}
Sep 27, 2021 2:24:34 AM net.sourceforge.marathon.javaagent.server.JavaServer serve
INFO: JavaServer.serve(GET /session/1880ac38-633c-4913-8677-40d177ad97fc/element/e09f1d86-f034-46c8-84e8-633bafd7e865%23%7B%22selector%22%3A%22nth-item%22%2C%22parameters%22%3A%5B4%5D%7D/text): {}
Sep 27, 2021 2:24:34 AM net.sourceforge.marathon.javaagent.server.JavaServer serve
INFO: GET(/session/1880ac38-633c-4913-8677-40d177ad97fc/element/e09f1d86-f034-46c8-84e8-633bafd7e865%23%7B%22selector%22%3A%22nth-item%22%2C%22parameters%22%3A%5B4%5D%7D/text) = {data={"name":"getElementText","sessionId":"1880ac38-633c-4913-8677-40d177ad97fc","value":"State","status":0}, status=OK}
Sep 27, 2021 2:24:34 AM net.sourceforge.marathon.javaagent.server.JavaServer serve
INFO: JavaServer.serve(DELETE /session/1880ac38-633c-4913-8677-40d177ad97fc/window): {}
Sep 27, 2021 2:24:34 AM net.sourceforge.marathon.javaagent.server.JavaServer serve
INFO: DELETE(/session/1880ac38-633c-4913-8677-40d177ad97fc/window) = {data={"name":"closeSession","sessionId":"1880ac38-633c-4913-8677-40d177ad97fc","status":0}, status=OK}
Sep 27, 2021 2:24:34 AM net.sourceforge.marathon.javaagent.server.JavaServer serve
INFO: JavaServer.serve(POST /session): {
  "desiredCapabilities": {
    "browserName": "java",
    "platform": "ANY"
  },
  "capabilities": {
    "firstMatch": [
      {
        "browserName": "java"
      }
    ]
  }
}
Sep 27, 2021 2:24:34 AM net.sourceforge.marathon.javaagent.server.JavaServer createSession
INFO: Creating device with type: EVENT_QUEUE
Sep 27, 2021 2:24:34 AM net.sourceforge.marathon.javaagent.Device getDevice
INFO: Creating a EVENT_QUEUE device
Sep 27, 2021 2:24:34 AM net.sourceforge.marathon.javaagent.server.JavaServer serve
INFO: POST(/session, {"desiredCapabilities":{"browserName":"java","platform":"ANY"},"capabilities":{"firstMatch":[{"browserName":"java"}]}}) = {data=, status=REDIRECT}
Sep 27, 2021 2:24:34 AM net.sourceforge.marathon.javaagent.server.JavaServer serve
INFO: JavaServer.serve(GET /session/a6defef3-b866-475e-9031-9b17a3bbeb58): {}
Sep 27, 2021 2:24:34 AM net.sourceforge.marathon.javaagent.server.JavaServer serve
INFO: GET(/session/a6defef3-b866-475e-9031-9b17a3bbeb58) = {data={"name":"getCapabilities","sessionId":"a6defef3-b866-475e-9031-9b17a3bbeb58","value":{"applicationCacheEnabled":false,"rotatable":false,"loggingPrefs":{"driver":"ALL"},"handlesAlerts":false,"databaseEnabled":false,"version":"1.0","platform":"ANY","browserConnectionEnabled":false,"nativeEvents":false,"acceptSslCerts":false,"locationContextEnabled":false,"webStorageEnabled":false,"browserName":"java","takesScreenshot":true,"javascriptEnabled":true,"cssSelectorsEnabled":false},"status":0}, status=OK}
Sep 27, 2021 2:24:34 AM org.openqa.selenium.remote.ProtocolHandshake createSession
INFO: Detected dialect: OSS
Sep 27, 2021 2:24:34 AM net.sourceforge.marathon.javaagent.server.JavaServer serve
INFO: JavaServer.serve(POST /session/a6defef3-b866-475e-9031-9b17a3bbeb58/element): {
  "using": "name",
  "value": "new item id field"
}
Sep 27, 2021 2:24:34 AM net.sourceforge.marathon.javaagent.server.JavaServer serve
INFO: POST(/session/a6defef3-b866-475e-9031-9b17a3bbeb58/element, {"using":"name","value":"new item id field"}) = {data={"name":"findElement","sessionId":"a6defef3-b866-475e-9031-9b17a3bbeb58","value":{"ELEMENT":"737977b2-4db0-42ce-99f4-697d99972f4f"},"status":0}, status=OK}
Sep 27, 2021 2:24:34 AM net.sourceforge.marathon.javaagent.server.JavaServer serve
INFO: JavaServer.serve(POST /session/a6defef3-b866-475e-9031-9b17a3bbeb58/element/737977b2-4db0-42ce-99f4-697d99972f4f/clear): {
  "id": "737977b2-4db0-42ce-99f4-697d99972f4f"
}
Sep 27, 2021 2:24:34 AM net.sourceforge.marathon.javaagent.server.JavaServer serve
INFO: POST(/session/a6defef3-b866-475e-9031-9b17a3bbeb58/element/737977b2-4db0-42ce-99f4-697d99972f4f/clear, {"id":"737977b2-4db0-42ce-99f4-697d99972f4f"}) = {data={"name":"clearElement","sessionId":"a6defef3-b866-475e-9031-9b17a3bbeb58","status":0}, status=OK}
Sep 27, 2021 2:24:34 AM net.sourceforge.marathon.javaagent.server.JavaServer serve
INFO: JavaServer.serve(POST /session/a6defef3-b866-475e-9031-9b17a3bbeb58/element/737977b2-4db0-42ce-99f4-697d99972f4f/value): {
  "id": "737977b2-4db0-42ce-99f4-697d99972f4f",
  "value": [
    "an item-id"
  ]
}
Sep 27, 2021 2:24:34 AM net.sourceforge.marathon.javaagent.EventQueueDevice dispatchEvent
INFO: java.awt.event.KeyEvent[KEY_PRESSED,keyCode=65,keyText=A,keyChar='a',keyLocation=KEY_LOCATION_UNKNOWN,rawCode=0,primaryLevelUnicode=0,scancode=0,extendedKeyCode=0x0] on new item id field
Sep 27, 2021 2:24:34 AM net.sourceforge.marathon.javaagent.EventQueueDevice dispatchEvent
INFO: java.awt.event.KeyEvent[KEY_TYPED,keyCode=0,keyText=Unknown keyCode: 0x0,keyChar='a',keyLocation=KEY_LOCATION_UNKNOWN,rawCode=0,primaryLevelUnicode=0,scancode=0,extendedKeyCode=0x0] on new item id field
Sep 27, 2021 2:24:34 AM net.sourceforge.marathon.javaagent.EventQueueDevice dispatchEvent
INFO: java.awt.event.KeyEvent[KEY_RELEASED,keyCode=65,keyText=A,keyChar='a',keyLocation=KEY_LOCATION_UNKNOWN,rawCode=0,primaryLevelUnicode=0,scancode=0,extendedKeyCode=0x0] on new item id field
Sep 27, 2021 2:24:34 AM net.sourceforge.marathon.javaagent.EventQueueDevice dispatchEvent
INFO: java.awt.event.KeyEvent[KEY_PRESSED,keyCode=78,keyText=N,keyChar='n',keyLocation=KEY_LOCATION_UNKNOWN,rawCode=0,primaryLevelUnicode=0,scancode=0,extendedKeyCode=0x0] on new item id field
Sep 27, 2021 2:24:34 AM net.sourceforge.marathon.javaagent.EventQueueDevice dispatchEvent
INFO: java.awt.event.KeyEvent[KEY_TYPED,keyCode=0,keyText=Unknown keyCode: 0x0,keyChar='n',keyLocation=KEY_LOCATION_UNKNOWN,rawCode=0,primaryLevelUnicode=0,scancode=0,extendedKeyCode=0x0] on new item id field
Sep 27, 2021 2:24:34 AM net.sourceforge.marathon.javaagent.EventQueueDevice dispatchEvent
INFO: java.awt.event.KeyEvent[KEY_RELEASED,keyCode=78,keyText=N,keyChar='n',keyLocation=KEY_LOCATION_UNKNOWN,rawCode=0,primaryLevelUnicode=0,scancode=0,extendedKeyCode=0x0] on new item id field
Sep 27, 2021 2:24:34 AM net.sourceforge.marathon.javaagent.EventQueueDevice dispatchEvent
INFO: java.awt.event.KeyEvent[KEY_PRESSED,keyCode=16,keyText=Shift,keyChar=Undefined keyChar,modifiers=Shift,extModifiers=Shift,keyLocation=KEY_LOCATION_UNKNOWN,rawCode=0,primaryLevelUnicode=0,scancode=0,extendedKeyCode=0x0] on new item id field
Sep 27, 2021 2:24:34 AM net.sourceforge.marathon.javaagent.EventQueueDevice dispatchEvent
INFO: java.awt.event.KeyEvent[KEY_PRESSED,keyCode=32,keyText=Space,keyChar=' ',modifiers=Shift,extModifiers=Shift,keyLocation=KEY_LOCATION_UNKNOWN,rawCode=0,primaryLevelUnicode=0,scancode=0,extendedKeyCode=0x0] on new item id field
Sep 27, 2021 2:24:34 AM net.sourceforge.marathon.javaagent.EventQueueDevice dispatchEvent
INFO: java.awt.event.KeyEvent[KEY_TYPED,keyCode=0,keyText=Unknown keyCode: 0x0,keyChar=' ',modifiers=Shift,extModifiers=Shift,keyLocation=KEY_LOCATION_UNKNOWN,rawCode=0,primaryLevelUnicode=0,scancode=0,extendedKeyCode=0x0] on new item id field
Sep 27, 2021 2:24:34 AM net.sourceforge.marathon.javaagent.EventQueueDevice dispatchEvent
INFO: java.awt.event.KeyEvent[KEY_RELEASED,keyCode=32,keyText=Space,keyChar=' ',modifiers=Shift,extModifiers=Shift,keyLocation=KEY_LOCATION_UNKNOWN,rawCode=0,primaryLevelUnicode=0,scancode=0,extendedKeyCode=0x0] on new item id field
Sep 27, 2021 2:24:34 AM net.sourceforge.marathon.javaagent.EventQueueDevice dispatchEvent
INFO: java.awt.event.KeyEvent[KEY_RELEASED,keyCode=16,keyText=Shift,keyChar=Undefined keyChar,keyLocation=KEY_LOCATION_UNKNOWN,rawCode=0,primaryLevelUnicode=0,scancode=0,extendedKeyCode=0x0] on new item id field
Sep 27, 2021 2:24:34 AM net.sourceforge.marathon.javaagent.EventQueueDevice dispatchEvent
INFO: java.awt.event.KeyEvent[KEY_PRESSED,keyCode=73,keyText=I,keyChar='i',keyLocation=KEY_LOCATION_UNKNOWN,rawCode=0,primaryLevelUnicode=0,scancode=0,extendedKeyCode=0x0] on new item id field
Sep 27, 2021 2:24:34 AM net.sourceforge.marathon.javaagent.EventQueueDevice dispatchEvent
INFO: java.awt.event.KeyEvent[KEY_TYPED,keyCode=0,keyText=Unknown keyCode: 0x0,keyChar='i',keyLocation=KEY_LOCATION_UNKNOWN,rawCode=0,primaryLevelUnicode=0,scancode=0,extendedKeyCode=0x0] on new item id field
Sep 27, 2021 2:24:34 AM net.sourceforge.marathon.javaagent.EventQueueDevice dispatchEvent
INFO: java.awt.event.KeyEvent[KEY_RELEASED,keyCode=73,keyText=I,keyChar='i',keyLocation=KEY_LOCATION_UNKNOWN,rawCode=0,primaryLevelUnicode=0,scancode=0,extendedKeyCode=0x0] on new item id field
Sep 27, 2021 2:24:34 AM net.sourceforge.marathon.javaagent.EventQueueDevice dispatchEvent
INFO: java.awt.event.KeyEvent[KEY_PRESSED,keyCode=84,keyText=T,keyChar='t',keyLocation=KEY_LOCATION_UNKNOWN,rawCode=0,primaryLevelUnicode=0,scancode=0,extendedKeyCode=0x0] on new item id field
Sep 27, 2021 2:24:34 AM net.sourceforge.marathon.javaagent.EventQueueDevice dispatchEvent
INFO: java.awt.event.KeyEvent[KEY_TYPED,keyCode=0,keyText=Unknown keyCode: 0x0,keyChar='t',keyLocation=KEY_LOCATION_UNKNOWN,rawCode=0,primaryLevelUnicode=0,scancode=0,extendedKeyCode=0x0] on new item id field
Sep 27, 2021 2:24:34 AM net.sourceforge.marathon.javaagent.EventQueueDevice dispatchEvent
INFO: java.awt.event.KeyEvent[KEY_RELEASED,keyCode=84,keyText=T,keyChar='t',keyLocation=KEY_LOCATION_UNKNOWN,rawCode=0,primaryLevelUnicode=0,scancode=0,extendedKeyCode=0x0] on new item id field
Sep 27, 2021 2:24:34 AM net.sourceforge.marathon.javaagent.EventQueueDevice dispatchEvent
INFO: java.awt.event.KeyEvent[KEY_PRESSED,keyCode=69,keyText=E,keyChar='e',keyLocation=KEY_LOCATION_UNKNOWN,rawCode=0,primaryLevelUnicode=0,scancode=0,extendedKeyCode=0x0] on new item id field
Sep 27, 2021 2:24:34 AM net.sourceforge.marathon.javaagent.EventQueueDevice dispatchEvent
INFO: java.awt.event.KeyEvent[KEY_TYPED,keyCode=0,keyText=Unknown keyCode: 0x0,keyChar='e',keyLocation=KEY_LOCATION_UNKNOWN,rawCode=0,primaryLevelUnicode=0,scancode=0,extendedKeyCode=0x0] on new item id field
Sep 27, 2021 2:24:34 AM net.sourceforge.marathon.javaagent.EventQueueDevice dispatchEvent
INFO: java.awt.event.KeyEvent[KEY_RELEASED,keyCode=69,keyText=E,keyChar='e',keyLocation=KEY_LOCATION_UNKNOWN,rawCode=0,primaryLevelUnicode=0,scancode=0,extendedKeyCode=0x0] on new item id field
Sep 27, 2021 2:24:34 AM net.sourceforge.marathon.javaagent.EventQueueDevice dispatchEvent
INFO: java.awt.event.KeyEvent[KEY_PRESSED,keyCode=77,keyText=M,keyChar='m',keyLocation=KEY_LOCATION_UNKNOWN,rawCode=0,primaryLevelUnicode=0,scancode=0,extendedKeyCode=0x0] on new item id field
Sep 27, 2021 2:24:34 AM net.sourceforge.marathon.javaagent.EventQueueDevice dispatchEvent
INFO: java.awt.event.KeyEvent[KEY_TYPED,keyCode=0,keyText=Unknown keyCode: 0x0,keyChar='m',keyLocation=KEY_LOCATION_UNKNOWN,rawCode=0,primaryLevelUnicode=0,scancode=0,extendedKeyCode=0x0] on new item id field
Sep 27, 2021 2:24:34 AM net.sourceforge.marathon.javaagent.EventQueueDevice dispatchEvent
INFO: java.awt.event.KeyEvent[KEY_RELEASED,keyCode=77,keyText=M,keyChar='m',keyLocation=KEY_LOCATION_UNKNOWN,rawCode=0,primaryLevelUnicode=0,scancode=0,extendedKeyCode=0x0] on new item id field
Sep 27, 2021 2:24:34 AM net.sourceforge.marathon.javaagent.EventQueueDevice dispatchEvent
INFO: java.awt.event.KeyEvent[KEY_PRESSED,keyCode=45,keyText=Minus,keyChar='-',keyLocation=KEY_LOCATION_UNKNOWN,rawCode=0,primaryLevelUnicode=0,scancode=0,extendedKeyCode=0x0] on new item id field
Sep 27, 2021 2:24:34 AM net.sourceforge.marathon.javaagent.EventQueueDevice dispatchEvent
INFO: java.awt.event.KeyEvent[KEY_TYPED,keyCode=0,keyText=Unknown keyCode: 0x0,keyChar='-',keyLocation=KEY_LOCATION_UNKNOWN,rawCode=0,primaryLevelUnicode=0,scancode=0,extendedKeyCode=0x0] on new item id field
Sep 27, 2021 2:24:34 AM net.sourceforge.marathon.javaagent.EventQueueDevice dispatchEvent
INFO: java.awt.event.KeyEvent[KEY_RELEASED,keyCode=45,keyText=Minus,keyChar='-',keyLocation=KEY_LOCATION_UNKNOWN,rawCode=0,primaryLevelUnicode=0,scancode=0,extendedKeyCode=0x0] on new item id field
Sep 27, 2021 2:24:34 AM net.sourceforge.marathon.javaagent.EventQueueDevice dispatchEvent
INFO: java.awt.event.KeyEvent[KEY_PRESSED,keyCode=73,keyText=I,keyChar='i',keyLocation=KEY_LOCATION_UNKNOWN,rawCode=0,primaryLevelUnicode=0,scancode=0,extendedKeyCode=0x0] on new item id field
Sep 27, 2021 2:24:34 AM net.sourceforge.marathon.javaagent.EventQueueDevice dispatchEvent
INFO: java.awt.event.KeyEvent[KEY_TYPED,keyCode=0,keyText=Unknown keyCode: 0x0,keyChar='i',keyLocation=KEY_LOCATION_UNKNOWN,rawCode=0,primaryLevelUnicode=0,scancode=0,extendedKeyCode=0x0] on new item id field
Sep 27, 2021 2:24:34 AM net.sourceforge.marathon.javaagent.EventQueueDevice dispatchEvent
INFO: java.awt.event.KeyEvent[KEY_RELEASED,keyCode=73,keyText=I,keyChar='i',keyLocation=KEY_LOCATION_UNKNOWN,rawCode=0,primaryLevelUnicode=0,scancode=0,extendedKeyCode=0x0] on new item id field
Sep 27, 2021 2:24:34 AM net.sourceforge.marathon.javaagent.EventQueueDevice dispatchEvent
INFO: java.awt.event.KeyEvent[KEY_PRESSED,keyCode=68,keyText=D,keyChar='d',keyLocation=KEY_LOCATION_UNKNOWN,rawCode=0,primaryLevelUnicode=0,scancode=0,extendedKeyCode=0x0] on new item id field
Sep 27, 2021 2:24:34 AM net.sourceforge.marathon.javaagent.EventQueueDevice dispatchEvent
INFO: java.awt.event.KeyEvent[KEY_TYPED,keyCode=0,keyText=Unknown keyCode: 0x0,keyChar='d',keyLocation=KEY_LOCATION_UNKNOWN,rawCode=0,primaryLevelUnicode=0,scancode=0,extendedKeyCode=0x0] on new item id field
Sep 27, 2021 2:24:34 AM net.sourceforge.marathon.javaagent.EventQueueDevice dispatchEvent
INFO: java.awt.event.KeyEvent[KEY_RELEASED,keyCode=68,keyText=D,keyChar='d',keyLocation=KEY_LOCATION_UNKNOWN,rawCode=0,primaryLevelUnicode=0,scancode=0,extendedKeyCode=0x0] on new item id field
Sep 27, 2021 2:24:34 AM net.sourceforge.marathon.javaagent.server.JavaServer serve
INFO: POST(/session/a6defef3-b866-475e-9031-9b17a3bbeb58/element/737977b2-4db0-42ce-99f4-697d99972f4f/value, {"id":"737977b2-4db0-42ce-99f4-697d99972f4f","value":["an item-id"]}) = {data={"name":"sendKeysElement","sessionId":"a6defef3-b866-475e-9031-9b17a3bbeb58","status":0}, status=OK}
Sep 27, 2021 2:24:34 AM net.sourceforge.marathon.javaagent.server.JavaServer serve
INFO: JavaServer.serve(POST /session/a6defef3-b866-475e-9031-9b17a3bbeb58/element): {
  "using": "name",
  "value": "new item stop price field"
}
Sep 27, 2021 2:24:34 AM net.sourceforge.marathon.javaagent.server.JavaServer serve
INFO: POST(/session/a6defef3-b866-475e-9031-9b17a3bbeb58/element, {"using":"name","value":"new item stop price field"}) = {data={"name":"findElement","sessionId":"a6defef3-b866-475e-9031-9b17a3bbeb58","value":{"ELEMENT":"ddcd8ba6-459c-4968-848d-19601336e156"},"status":0}, status=OK}
Sep 27, 2021 2:24:34 AM net.sourceforge.marathon.javaagent.server.JavaServer serve
INFO: JavaServer.serve(POST /session/a6defef3-b866-475e-9031-9b17a3bbeb58/element/ddcd8ba6-459c-4968-848d-19601336e156/clear): {
  "id": "ddcd8ba6-459c-4968-848d-19601336e156"
}
Sep 27, 2021 2:24:34 AM net.sourceforge.marathon.javaagent.server.JavaServer serve
INFO: POST(/session/a6defef3-b866-475e-9031-9b17a3bbeb58/element/ddcd8ba6-459c-4968-848d-19601336e156/clear, {"id":"ddcd8ba6-459c-4968-848d-19601336e156"}) = {data={"name":"clearElement","sessionId":"a6defef3-b866-475e-9031-9b17a3bbeb58","status":0}, status=OK}
Sep 27, 2021 2:24:34 AM net.sourceforge.marathon.javaagent.server.JavaServer serve
INFO: JavaServer.serve(POST /session/a6defef3-b866-475e-9031-9b17a3bbeb58/element/ddcd8ba6-459c-4968-848d-19601336e156/value): {
  "id": "ddcd8ba6-459c-4968-848d-19601336e156",
  "value": [
    "11000"
  ]
}
Sep 27, 2021 2:24:34 AM net.sourceforge.marathon.javaagent.EventQueueDevice dispatchEvent
INFO: java.awt.event.KeyEvent[KEY_PRESSED,keyCode=49,keyText=1,keyChar='1',keyLocation=KEY_LOCATION_UNKNOWN,rawCode=0,primaryLevelUnicode=0,scancode=0,extendedKeyCode=0x0] on new item stop price field
Sep 27, 2021 2:24:34 AM net.sourceforge.marathon.javaagent.EventQueueDevice dispatchEvent
INFO: java.awt.event.KeyEvent[KEY_TYPED,keyCode=0,keyText=Unknown keyCode: 0x0,keyChar='1',keyLocation=KEY_LOCATION_UNKNOWN,rawCode=0,primaryLevelUnicode=0,scancode=0,extendedKeyCode=0x0] on new item stop price field
Sep 27, 2021 2:24:34 AM net.sourceforge.marathon.javaagent.EventQueueDevice dispatchEvent
INFO: java.awt.event.KeyEvent[KEY_RELEASED,keyCode=49,keyText=1,keyChar='1',keyLocation=KEY_LOCATION_UNKNOWN,rawCode=0,primaryLevelUnicode=0,scancode=0,extendedKeyCode=0x0] on new item stop price field
Sep 27, 2021 2:24:34 AM net.sourceforge.marathon.javaagent.EventQueueDevice dispatchEvent
INFO: java.awt.event.KeyEvent[KEY_PRESSED,keyCode=49,keyText=1,keyChar='1',keyLocation=KEY_LOCATION_UNKNOWN,rawCode=0,primaryLevelUnicode=0,scancode=0,extendedKeyCode=0x0] on new item stop price field
Sep 27, 2021 2:24:34 AM net.sourceforge.marathon.javaagent.EventQueueDevice dispatchEvent
INFO: java.awt.event.KeyEvent[KEY_TYPED,keyCode=0,keyText=Unknown keyCode: 0x0,keyChar='1',keyLocation=KEY_LOCATION_UNKNOWN,rawCode=0,primaryLevelUnicode=0,scancode=0,extendedKeyCode=0x0] on new item stop price field
Sep 27, 2021 2:24:34 AM net.sourceforge.marathon.javaagent.EventQueueDevice dispatchEvent
INFO: java.awt.event.KeyEvent[KEY_RELEASED,keyCode=49,keyText=1,keyChar='1',keyLocation=KEY_LOCATION_UNKNOWN,rawCode=0,primaryLevelUnicode=0,scancode=0,extendedKeyCode=0x0] on new item stop price field
Sep 27, 2021 2:24:34 AM net.sourceforge.marathon.javaagent.EventQueueDevice dispatchEvent
INFO: java.awt.event.KeyEvent[KEY_PRESSED,keyCode=48,keyText=0,keyChar='0',keyLocation=KEY_LOCATION_UNKNOWN,rawCode=0,primaryLevelUnicode=0,scancode=0,extendedKeyCode=0x0] on new item stop price field
Sep 27, 2021 2:24:34 AM net.sourceforge.marathon.javaagent.EventQueueDevice dispatchEvent
INFO: java.awt.event.KeyEvent[KEY_TYPED,keyCode=0,keyText=Unknown keyCode: 0x0,keyChar='0',keyLocation=KEY_LOCATION_UNKNOWN,rawCode=0,primaryLevelUnicode=0,scancode=0,extendedKeyCode=0x0] on new item stop price field
Sep 27, 2021 2:24:34 AM net.sourceforge.marathon.javaagent.EventQueueDevice dispatchEvent
INFO: java.awt.event.KeyEvent[KEY_RELEASED,keyCode=48,keyText=0,keyChar='0',keyLocation=KEY_LOCATION_UNKNOWN,rawCode=0,primaryLevelUnicode=0,scancode=0,extendedKeyCode=0x0] on new item stop price field
Sep 27, 2021 2:24:34 AM net.sourceforge.marathon.javaagent.EventQueueDevice dispatchEvent
INFO: java.awt.event.KeyEvent[KEY_PRESSED,keyCode=48,keyText=0,keyChar='0',keyLocation=KEY_LOCATION_UNKNOWN,rawCode=0,primaryLevelUnicode=0,scancode=0,extendedKeyCode=0x0] on new item stop price field
Sep 27, 2021 2:24:34 AM net.sourceforge.marathon.javaagent.EventQueueDevice dispatchEvent
INFO: java.awt.event.KeyEvent[KEY_TYPED,keyCode=0,keyText=Unknown keyCode: 0x0,keyChar='0',keyLocation=KEY_LOCATION_UNKNOWN,rawCode=0,primaryLevelUnicode=0,scancode=0,extendedKeyCode=0x0] on new item stop price field
Sep 27, 2021 2:24:34 AM net.sourceforge.marathon.javaagent.EventQueueDevice dispatchEvent
INFO: java.awt.event.KeyEvent[KEY_RELEASED,keyCode=48,keyText=0,keyChar='0',keyLocation=KEY_LOCATION_UNKNOWN,rawCode=0,primaryLevelUnicode=0,scancode=0,extendedKeyCode=0x0] on new item stop price field
Sep 27, 2021 2:24:34 AM net.sourceforge.marathon.javaagent.EventQueueDevice dispatchEvent
INFO: java.awt.event.KeyEvent[KEY_PRESSED,keyCode=48,keyText=0,keyChar='0',keyLocation=KEY_LOCATION_UNKNOWN,rawCode=0,primaryLevelUnicode=0,scancode=0,extendedKeyCode=0x0] on new item stop price field
Sep 27, 2021 2:24:34 AM net.sourceforge.marathon.javaagent.EventQueueDevice dispatchEvent
INFO: java.awt.event.KeyEvent[KEY_TYPED,keyCode=0,keyText=Unknown keyCode: 0x0,keyChar='0',keyLocation=KEY_LOCATION_UNKNOWN,rawCode=0,primaryLevelUnicode=0,scancode=0,extendedKeyCode=0x0] on new item stop price field
Sep 27, 2021 2:24:34 AM net.sourceforge.marathon.javaagent.EventQueueDevice dispatchEvent
INFO: java.awt.event.KeyEvent[KEY_RELEASED,keyCode=48,keyText=0,keyChar='0',keyLocation=KEY_LOCATION_UNKNOWN,rawCode=0,primaryLevelUnicode=0,scancode=0,extendedKeyCode=0x0] on new item stop price field
Sep 27, 2021 2:24:34 AM net.sourceforge.marathon.javaagent.server.JavaServer serve
INFO: POST(/session/a6defef3-b866-475e-9031-9b17a3bbeb58/element/ddcd8ba6-459c-4968-848d-19601336e156/value, {"id":"ddcd8ba6-459c-4968-848d-19601336e156","value":["11000"]}) = {data={"name":"sendKeysElement","sessionId":"a6defef3-b866-475e-9031-9b17a3bbeb58","status":0}, status=OK}
Sep 27, 2021 2:24:34 AM net.sourceforge.marathon.javaagent.server.JavaServer serve
INFO: JavaServer.serve(POST /session/a6defef3-b866-475e-9031-9b17a3bbeb58/element): {
  "using": "name",
  "value": "join button"
}
Sep 27, 2021 2:24:34 AM net.sourceforge.marathon.javaagent.server.JavaServer serve
INFO: POST(/session/a6defef3-b866-475e-9031-9b17a3bbeb58/element, {"using":"name","value":"join button"}) = {data={"name":"findElement","sessionId":"a6defef3-b866-475e-9031-9b17a3bbeb58","value":{"ELEMENT":"98becd25-bbf3-47a6-a1da-3835f954beed"},"status":0}, status=OK}
Sep 27, 2021 2:24:34 AM net.sourceforge.marathon.javaagent.server.JavaServer serve
INFO: JavaServer.serve(POST /session/a6defef3-b866-475e-9031-9b17a3bbeb58/element/98becd25-bbf3-47a6-a1da-3835f954beed/click): {
  "id": "98becd25-bbf3-47a6-a1da-3835f954beed"
}
Sep 27, 2021 2:24:34 AM net.sourceforge.marathon.javaagent.EventQueueDevice dispatchEvent
INFO: java.awt.event.MouseEvent[MOUSE_PRESSED,(58,12),absolute(589,17),button=1,modifiers=Button1,extModifiers=Button1,clickCount=1] on join button
Sep 27, 2021 2:24:34 AM net.sourceforge.marathon.javaagent.EventQueueDevice dispatchEvent
INFO: java.awt.event.MouseEvent[MOUSE_RELEASED,(58,12),absolute(589,17),button=1,modifiers=Button1,clickCount=1] on join button
Sep 27, 2021 2:24:34 AM net.sourceforge.marathon.javaagent.EventQueueDevice dispatchEvent
INFO: java.awt.event.MouseEvent[MOUSE_CLICKED,(58,12),absolute(589,17),button=1,modifiers=Button1,clickCount=1] on join button
Sep 27, 2021 2:24:35 AM net.sourceforge.marathon.javaagent.server.JavaServer serve
INFO: POST(/session/a6defef3-b866-475e-9031-9b17a3bbeb58/element/98becd25-bbf3-47a6-a1da-3835f954beed/click, {"id":"98becd25-bbf3-47a6-a1da-3835f954beed"}) = {data={"name":"clickElement","sessionId":"a6defef3-b866-475e-9031-9b17a3bbeb58","status":0}, status=OK}
Sep 27, 2021 2:24:35 AM net.sourceforge.marathon.javaagent.server.JavaServer serve
INFO: JavaServer.serve(DELETE /session/a6defef3-b866-475e-9031-9b17a3bbeb58/window): {}
Sep 27, 2021 2:24:35 AM net.sourceforge.marathon.javaagent.server.JavaServer serve
INFO: DELETE(/session/a6defef3-b866-475e-9031-9b17a3bbeb58/window) = {data={"name":"closeSession","sessionId":"a6defef3-b866-475e-9031-9b17a3bbeb58","status":0}, status=OK}
Sep 27, 2021 2:24:35 AM net.sourceforge.marathon.javaagent.server.JavaServer serve
INFO: JavaServer.serve(POST /session): {
  "desiredCapabilities": {
    "browserName": "java",
    "platform": "ANY"
  },
  "capabilities": {
    "firstMatch": [
      {
        "browserName": "java"
      }
    ]
  }
}
Sep 27, 2021 2:24:35 AM net.sourceforge.marathon.javaagent.server.JavaServer createSession
INFO: Creating device with type: EVENT_QUEUE
Sep 27, 2021 2:24:35 AM net.sourceforge.marathon.javaagent.Device getDevice
INFO: Creating a EVENT_QUEUE device
Sep 27, 2021 2:24:35 AM net.sourceforge.marathon.javaagent.server.JavaServer serve
INFO: POST(/session, {"desiredCapabilities":{"browserName":"java","platform":"ANY"},"capabilities":{"firstMatch":[{"browserName":"java"}]}}) = {data=, status=REDIRECT}
Sep 27, 2021 2:24:35 AM net.sourceforge.marathon.javaagent.server.JavaServer serve
INFO: JavaServer.serve(GET /session/92d69347-8e55-4873-a760-52585369325f): {}
Sep 27, 2021 2:24:35 AM net.sourceforge.marathon.javaagent.server.JavaServer serve
INFO: GET(/session/92d69347-8e55-4873-a760-52585369325f) = {data={"name":"getCapabilities","sessionId":"92d69347-8e55-4873-a760-52585369325f","value":{"applicationCacheEnabled":false,"rotatable":false,"loggingPrefs":{"driver":"ALL"},"handlesAlerts":false,"databaseEnabled":false,"version":"1.0","platform":"ANY","browserConnectionEnabled":false,"nativeEvents":false,"acceptSslCerts":false,"locationContextEnabled":false,"webStorageEnabled":false,"browserName":"java","takesScreenshot":true,"javascriptEnabled":true,"cssSelectorsEnabled":false},"status":0}, status=OK}
Sep 27, 2021 2:24:35 AM org.openqa.selenium.remote.ProtocolHandshake createSession
INFO: Detected dialect: OSS
Sep 27, 2021 2:24:35 AM net.sourceforge.marathon.javaagent.server.JavaServer serve
INFO: JavaServer.serve(POST /session/92d69347-8e55-4873-a760-52585369325f/element): {
  "using": "name",
  "value": "sniper reset button"
}
Sep 27, 2021 2:24:35 AM net.sourceforge.marathon.javaagent.server.JavaServer serve
INFO: POST(/session/92d69347-8e55-4873-a760-52585369325f/element, {"using":"name","value":"sniper reset button"}) = {data={"name":"findElement","sessionId":"92d69347-8e55-4873-a760-52585369325f","value":{"ELEMENT":"181de7bc-ea7d-4d35-aa0b-b17271e5c17f"},"status":0}, status=OK}
Sep 27, 2021 2:24:35 AM net.sourceforge.marathon.javaagent.server.JavaServer serve
INFO: JavaServer.serve(POST /session/92d69347-8e55-4873-a760-52585369325f/element/181de7bc-ea7d-4d35-aa0b-b17271e5c17f/click): {
  "id": "181de7bc-ea7d-4d35-aa0b-b17271e5c17f"
}
Sep 27, 2021 2:24:35 AM net.sourceforge.marathon.javaagent.EventQueueDevice dispatchEvent
INFO: java.awt.event.MouseEvent[MOUSE_PRESSED,(37,12),absolute(326,474),button=1,modifiers=Button1,extModifiers=Button1,clickCount=1] on sniper reset button
Sep 27, 2021 2:24:35 AM net.sourceforge.marathon.javaagent.EventQueueDevice dispatchEvent
INFO: java.awt.event.MouseEvent[MOUSE_RELEASED,(37,12),absolute(326,474),button=1,modifiers=Button1,clickCount=1] on sniper reset button
Sep 27, 2021 2:24:35 AM net.sourceforge.marathon.javaagent.EventQueueDevice dispatchEvent
INFO: java.awt.event.MouseEvent[MOUSE_CLICKED,(37,12),absolute(326,474),button=1,modifiers=Button1,clickCount=1] on sniper reset button
Sep 27, 2021 2:24:35 AM net.sourceforge.marathon.javaagent.server.JavaServer serve
INFO: POST(/session/92d69347-8e55-4873-a760-52585369325f/element/181de7bc-ea7d-4d35-aa0b-b17271e5c17f/click, {"id":"181de7bc-ea7d-4d35-aa0b-b17271e5c17f"}) = {data={"name":"clickElement","sessionId":"92d69347-8e55-4873-a760-52585369325f","status":0}, status=OK}
Sep 27, 2021 2:24:35 AM net.sourceforge.marathon.javaagent.server.JavaServer serve
INFO: JavaServer.serve(DELETE /session/92d69347-8e55-4873-a760-52585369325f/window): {}
Sep 27, 2021 2:24:35 AM net.sourceforge.marathon.javaagent.server.JavaServer serve
INFO: DELETE(/session/92d69347-8e55-4873-a760-52585369325f/window) = {data={"name":"closeSession","sessionId":"92d69347-8e55-4873-a760-52585369325f","status":0}, status=OK}
]]></system-err>
</testsuite>
