<?xml version="1.0" encoding="UTF-8"?>
<testsuite name="goos.ui.swing.MainWindowTest" tests="3" skipped="0" failures="0" errors="0" timestamp="2021-11-17T02:25:02" hostname="buildkitsandbox" time="3.345">
  <properties/>
  <testcase name="window has expected features" classname="goos.ui.swing.MainWindowTest" time="2.441"/>
  <testcase name="make user request when join button clicked" classname="goos.ui.swing.MainWindowTest" time="0.719"/>
  <testcase name="make user request when reset button clicked" classname="goos.ui.swing.MainWindowTest" time="0.174"/>
  <system-out><![CDATA[]]></system-out>
  <system-err><![CDATA[Nov 17, 2021 2:25:03 AM io.mockk.impl.log.JULLogger warn
WARNING: Failed to transform class goos/ui/api/UserRequestListener
java.lang.IllegalArgumentException: Unsupported class file major version 59
	at net.bytebuddy.jar.asm.ClassReader.<init>(ClassReader.java:176)
	at net.bytebuddy.jar.asm.ClassReader.<init>(ClassReader.java:158)
	at net.bytebuddy.jar.asm.ClassReader.<init>(ClassReader.java:146)
	at net.bytebuddy.utility.OpenedClassReader.of(OpenedClassReader.java:69)
	at net.bytebuddy.dynamic.scaffold.TypeWriter$Default$ForInlining.create(TypeWriter.java:2877)
	at net.bytebuddy.dynamic.scaffold.TypeWriter$Default.make(TypeWriter.java:1653)
	at net.bytebuddy.dynamic.scaffold.inline.RedefinitionDynamicTypeBuilder.make(RedefinitionDynamicTypeBuilder.java:180)
	at net.bytebuddy.dynamic.scaffold.inline.AbstractInliningDynamicTypeBuilder.make(AbstractInliningDynamicTypeBuilder.java:94)
	at net.bytebuddy.dynamic.DynamicType$Builder$AbstractBase.make(DynamicType.java:2669)
	at io.mockk.proxy.jvm.transformation.InliningClassTransformer.transform(InliningClassTransformer.kt:78)
	at java.instrument/java.lang.instrument.ClassFileTransformer.transform(ClassFileTransformer.java:246)
	at java.instrument/sun.instrument.TransformerManager.transform(TransformerManager.java:188)
	at java.instrument/sun.instrument.InstrumentationImpl.transform(InstrumentationImpl.java:563)
	at java.instrument/sun.instrument.InstrumentationImpl.retransformClasses0(Native Method)
	at java.instrument/sun.instrument.InstrumentationImpl.retransformClasses(InstrumentationImpl.java:167)
	at io.mockk.proxy.jvm.transformation.JvmInlineInstrumentation.retransform(JvmInlineInstrumentation.kt:28)
	at io.mockk.proxy.common.transformation.RetransformInlineInstrumnetation$execute$1.invoke(RetransformInlineInstrumnetation.kt:19)
	at io.mockk.proxy.common.transformation.RetransformInlineInstrumnetation$execute$1.invoke(RetransformInlineInstrumnetation.kt:6)
	at io.mockk.proxy.common.transformation.ClassTransformationSpecMap.applyTransformation(ClassTransformationSpecMap.kt:41)
	at io.mockk.proxy.common.transformation.RetransformInlineInstrumnetation.execute(RetransformInlineInstrumnetation.kt:16)
	at io.mockk.proxy.jvm.ProxyMaker.inline(ProxyMaker.kt:88)
	at io.mockk.proxy.jvm.ProxyMaker.proxy(ProxyMaker.kt:30)
	at io.mockk.impl.instantiation.JvmMockFactory.newProxy(JvmMockFactory.kt:34)
	at io.mockk.impl.instantiation.AbstractMockFactory.newProxy$default(AbstractMockFactory.kt:29)
	at io.mockk.impl.instantiation.AbstractMockFactory.mockk(AbstractMockFactory.kt:59)
	at goos.ui.swing.MainWindowTest$1$1.invokeSuspend(MainWindowTest.kt:90)
	at goos.ui.swing.MainWindowTest$1$1.invoke(MainWindowTest.kt)
	at goos.ui.swing.MainWindowTest$1$1.invoke(MainWindowTest.kt)
	at io.kotest.core.TestConfiguration$beforeTest$1.beforeTest(TestConfiguration.kt:137)
	at io.kotest.core.spec.LifecycleKt.invokeAllBeforeTestCallbacks(lifecycle.kt:76)
	at io.kotest.core.internal.TestCaseExecutor.executeActiveTest(TestCaseExecutor.kt:152)
	at io.kotest.core.internal.TestCaseExecutor.access$executeActiveTest(TestCaseExecutor.kt:57)
	at io.kotest.core.internal.TestCaseExecutor$intercept$innerExecute$1$1.invokeSuspend(TestCaseExecutor.kt:89)
	at io.kotest.core.internal.TestCaseExecutor$intercept$innerExecute$1$1.invoke(TestCaseExecutor.kt)
	at io.kotest.core.internal.TestCaseExecutor$intercept$innerExecute$1$1.invoke(TestCaseExecutor.kt)
	at io.kotest.core.internal.TestCaseExecutor.executeIfEnabled(TestCaseExecutor.kt:117)
	at io.kotest.core.internal.TestCaseExecutor.access$executeIfEnabled(TestCaseExecutor.kt:57)
	at io.kotest.core.internal.TestCaseExecutor$intercept$innerExecute$1.invokeSuspend(TestCaseExecutor.kt:89)
	at io.kotest.core.internal.TestCaseExecutor$intercept$innerExecute$1.invoke(TestCaseExecutor.kt)
	at io.kotest.core.internal.TestCaseExecutor$intercept$innerExecute$1.invoke(TestCaseExecutor.kt)
	at io.kotest.core.internal.TestCaseExecutor.intercept(TestCaseExecutor.kt:103)
	at io.kotest.core.internal.TestCaseExecutor.execute(TestCaseExecutor.kt:69)
	at io.kotest.engine.spec.runners.SingleInstanceSpecRunner.runTest(SingleInstanceSpecRunner.kt:104)
	at io.kotest.engine.spec.runners.SingleInstanceSpecRunner.access$runTest(SingleInstanceSpecRunner.kt:34)
	at io.kotest.engine.spec.runners.SingleInstanceSpecRunner$execute$interceptAndRun$2$4.invokeSuspend(SingleInstanceSpecRunner.kt:57)
	at io.kotest.engine.spec.runners.SingleInstanceSpecRunner$execute$interceptAndRun$2$4.invoke(SingleInstanceSpecRunner.kt)
	at io.kotest.engine.spec.runners.SingleInstanceSpecRunner$execute$interceptAndRun$2$4.invoke(SingleInstanceSpecRunner.kt)
	at io.kotest.engine.launchers.SequentialTestLauncher$launch$3$1$1.invokeSuspend(SequentialTestLauncher.kt:22)
	at kotlin.coroutines.jvm.internal.BaseContinuationImpl.resumeWith(ContinuationImpl.kt:33)
	at kotlinx.coroutines.DispatchedTask.run(DispatchedTask.kt:106)
	at java.base/java.util.concurrent.ThreadPoolExecutor.runWorker(ThreadPoolExecutor.java:1130)
	at java.base/java.util.concurrent.ThreadPoolExecutor$Worker.run(ThreadPoolExecutor.java:630)
	at java.base/java.lang.Thread.run(Thread.java:832)

Nov 17, 2021 2:25:04 AM net.sourceforge.marathon.javaagent.server.JavaServer serve
INFO: JavaServer.serve(POST /session): {
  "desiredCapabilities": {
    "browserName": "java",
    "platform": "ANY"
  },
  "capabilities": {
    "firstMatch": [
      {
        "browserName": "java"
      }
    ]
  }
}
Nov 17, 2021 2:25:04 AM net.sourceforge.marathon.javaagent.server.JavaServer createSession
INFO: Creating device with type: EVENT_QUEUE
Nov 17, 2021 2:25:04 AM net.sourceforge.marathon.javaagent.Device getDevice
INFO: Creating a EVENT_QUEUE device
Nov 17, 2021 2:25:04 AM net.sourceforge.marathon.javaagent.server.JavaServer serve
INFO: POST(/session, {"desiredCapabilities":{"browserName":"java","platform":"ANY"},"capabilities":{"firstMatch":[{"browserName":"java"}]}}) = {data=, status=REDIRECT}
Nov 17, 2021 2:25:04 AM net.sourceforge.marathon.javaagent.server.JavaServer serve
INFO: JavaServer.serve(GET /session/6f2be358-03b8-4b60-be5a-5f2b46eb489a): {}
Nov 17, 2021 2:25:04 AM net.sourceforge.marathon.javaagent.server.JavaServer serve
INFO: GET(/session/6f2be358-03b8-4b60-be5a-5f2b46eb489a) = {data={"name":"getCapabilities","sessionId":"6f2be358-03b8-4b60-be5a-5f2b46eb489a","value":{"applicationCacheEnabled":false,"rotatable":false,"loggingPrefs":{"driver":"ALL"},"handlesAlerts":false,"databaseEnabled":false,"version":"1.0","platform":"ANY","browserConnectionEnabled":false,"nativeEvents":false,"acceptSslCerts":false,"locationContextEnabled":false,"webStorageEnabled":false,"browserName":"java","takesScreenshot":true,"javascriptEnabled":true,"cssSelectorsEnabled":false},"status":0}, status=OK}
Nov 17, 2021 2:25:04 AM org.openqa.selenium.remote.ProtocolHandshake createSession
INFO: Detected dialect: OSS
Nov 17, 2021 2:25:04 AM net.sourceforge.marathon.javaagent.server.JavaServer serve
INFO: JavaServer.serve(POST /session/6f2be358-03b8-4b60-be5a-5f2b46eb489a/element): {
  "using": "css selector",
  "value": "."
}
Nov 17, 2021 2:25:04 AM net.sourceforge.marathon.javaagent.server.JavaServer serve
INFO: POST(/session/6f2be358-03b8-4b60-be5a-5f2b46eb489a/element, {"using":"css selector","value":"."}) = {data={"name":"findElement","sessionId":"6f2be358-03b8-4b60-be5a-5f2b46eb489a","value":{"ELEMENT":"a6ac76a2-fb96-4d73-84a3-4978202b1638"},"status":0}, status=OK}
Nov 17, 2021 2:25:04 AM net.sourceforge.marathon.javaagent.server.JavaServer serve
INFO: JavaServer.serve(GET /session/6f2be358-03b8-4b60-be5a-5f2b46eb489a/element/a6ac76a2-fb96-4d73-84a3-4978202b1638/attribute/name): {}
Nov 17, 2021 2:25:04 AM net.sourceforge.marathon.javaagent.server.JavaServer serve
INFO: GET(/session/6f2be358-03b8-4b60-be5a-5f2b46eb489a/element/a6ac76a2-fb96-4d73-84a3-4978202b1638/attribute/name) = {data={"name":"getElementAttribute","sessionId":"6f2be358-03b8-4b60-be5a-5f2b46eb489a","value":"Auction Sniper Name","status":0}, status=OK}
Nov 17, 2021 2:25:04 AM net.sourceforge.marathon.javaagent.server.JavaServer serve
INFO: JavaServer.serve(POST /session/6f2be358-03b8-4b60-be5a-5f2b46eb489a/element): {
  "using": "css selector",
  "value": "."
}
Nov 17, 2021 2:25:04 AM net.sourceforge.marathon.javaagent.server.JavaServer serve
INFO: POST(/session/6f2be358-03b8-4b60-be5a-5f2b46eb489a/element, {"using":"css selector","value":"."}) = {data={"name":"findElement","sessionId":"6f2be358-03b8-4b60-be5a-5f2b46eb489a","value":{"ELEMENT":"a6ac76a2-fb96-4d73-84a3-4978202b1638"},"status":0}, status=OK}
Nov 17, 2021 2:25:04 AM net.sourceforge.marathon.javaagent.server.JavaServer serve
INFO: JavaServer.serve(GET /session/6f2be358-03b8-4b60-be5a-5f2b46eb489a/element/a6ac76a2-fb96-4d73-84a3-4978202b1638/displayed): {}
Nov 17, 2021 2:25:04 AM net.sourceforge.marathon.javaagent.server.JavaServer serve
INFO: GET(/session/6f2be358-03b8-4b60-be5a-5f2b46eb489a/element/a6ac76a2-fb96-4d73-84a3-4978202b1638/displayed) = {data={"name":"isDisplayed","sessionId":"6f2be358-03b8-4b60-be5a-5f2b46eb489a","value":true,"status":0}, status=OK}
Nov 17, 2021 2:25:04 AM net.sourceforge.marathon.javaagent.server.JavaServer serve
INFO: JavaServer.serve(GET /session/6f2be358-03b8-4b60-be5a-5f2b46eb489a/title): {}
Nov 17, 2021 2:25:05 AM net.sourceforge.marathon.javaagent.server.JavaServer serve
INFO: GET(/session/6f2be358-03b8-4b60-be5a-5f2b46eb489a/title) = {data={"name":"getWindowTitle","sessionId":"6f2be358-03b8-4b60-be5a-5f2b46eb489a","value":"Auction Sniper","status":0}, status=OK}
Nov 17, 2021 2:25:05 AM net.sourceforge.marathon.javaagent.server.JavaServer serve
INFO: JavaServer.serve(POST /session/6f2be358-03b8-4b60-be5a-5f2b46eb489a/element): {
  "using": "name",
  "value": "snipers table"
}
Nov 17, 2021 2:25:05 AM net.sourceforge.marathon.javaagent.server.JavaServer serve
INFO: POST(/session/6f2be358-03b8-4b60-be5a-5f2b46eb489a/element, {"using":"name","value":"snipers table"}) = {data={"name":"findElement","sessionId":"6f2be358-03b8-4b60-be5a-5f2b46eb489a","value":{"ELEMENT":"84ffed07-61c7-48dc-ade2-378803c3a363"},"status":0}, status=OK}
Nov 17, 2021 2:25:05 AM net.sourceforge.marathon.javaagent.server.JavaServer serve
INFO: JavaServer.serve(POST /session/6f2be358-03b8-4b60-be5a-5f2b46eb489a/element/84ffed07-61c7-48dc-ade2-378803c3a363/elements): {
  "id": "84ffed07-61c7-48dc-ade2-378803c3a363",
  "using": "css selector",
  "value": ".::header.::all-items"
}
Nov 17, 2021 2:25:05 AM net.sourceforge.marathon.javaagent.server.JavaServer serve
INFO: POST(/session/6f2be358-03b8-4b60-be5a-5f2b46eb489a/element/84ffed07-61c7-48dc-ade2-378803c3a363/elements, {"using":"css selector","id":"84ffed07-61c7-48dc-ade2-378803c3a363","value":".::header.::all-items"}) = {data={"name":"findElementsOfElement","sessionId":"6f2be358-03b8-4b60-be5a-5f2b46eb489a","value":[{"ELEMENT":"16b370b1-3d39-47f6-932e-df62bc81827b%23%7B%22selector%22%3A%22nth-item%22%2C%22parameters%22%3A%5B1%5D%7D"},{"ELEMENT":"16b370b1-3d39-47f6-932e-df62bc81827b%23%7B%22selector%22%3A%22nth-item%22%2C%22parameters%22%3A%5B2%5D%7D"},{"ELEMENT":"16b370b1-3d39-47f6-932e-df62bc81827b%23%7B%22selector%22%3A%22nth-item%22%2C%22parameters%22%3A%5B3%5D%7D"},{"ELEMENT":"16b370b1-3d39-47f6-932e-df62bc81827b%23%7B%22selector%22%3A%22nth-item%22%2C%22parameters%22%3A%5B4%5D%7D"}],"status":0}, status=OK}
Nov 17, 2021 2:25:05 AM net.sourceforge.marathon.javaagent.server.JavaServer serve
INFO: JavaServer.serve(GET /session/6f2be358-03b8-4b60-be5a-5f2b46eb489a/element/16b370b1-3d39-47f6-932e-df62bc81827b%23%7B%22selector%22%3A%22nth-item%22%2C%22parameters%22%3A%5B1%5D%7D/text): {}
Nov 17, 2021 2:25:05 AM net.sourceforge.marathon.javaagent.server.JavaServer serve
INFO: GET(/session/6f2be358-03b8-4b60-be5a-5f2b46eb489a/element/16b370b1-3d39-47f6-932e-df62bc81827b%23%7B%22selector%22%3A%22nth-item%22%2C%22parameters%22%3A%5B1%5D%7D/text) = {data={"name":"getElementText","sessionId":"6f2be358-03b8-4b60-be5a-5f2b46eb489a","value":"Item","status":0}, status=OK}
Nov 17, 2021 2:25:05 AM net.sourceforge.marathon.javaagent.server.JavaServer serve
INFO: JavaServer.serve(GET /session/6f2be358-03b8-4b60-be5a-5f2b46eb489a/element/16b370b1-3d39-47f6-932e-df62bc81827b%23%7B%22selector%22%3A%22nth-item%22%2C%22parameters%22%3A%5B2%5D%7D/text): {}
Nov 17, 2021 2:25:05 AM net.sourceforge.marathon.javaagent.server.JavaServer serve
INFO: GET(/session/6f2be358-03b8-4b60-be5a-5f2b46eb489a/element/16b370b1-3d39-47f6-932e-df62bc81827b%23%7B%22selector%22%3A%22nth-item%22%2C%22parameters%22%3A%5B2%5D%7D/text) = {data={"name":"getElementText","sessionId":"6f2be358-03b8-4b60-be5a-5f2b46eb489a","value":"Last Price","status":0}, status=OK}
Nov 17, 2021 2:25:05 AM net.sourceforge.marathon.javaagent.server.JavaServer serve
INFO: JavaServer.serve(GET /session/6f2be358-03b8-4b60-be5a-5f2b46eb489a/element/16b370b1-3d39-47f6-932e-df62bc81827b%23%7B%22selector%22%3A%22nth-item%22%2C%22parameters%22%3A%5B3%5D%7D/text): {}
Nov 17, 2021 2:25:05 AM net.sourceforge.marathon.javaagent.server.JavaServer serve
INFO: GET(/session/6f2be358-03b8-4b60-be5a-5f2b46eb489a/element/16b370b1-3d39-47f6-932e-df62bc81827b%23%7B%22selector%22%3A%22nth-item%22%2C%22parameters%22%3A%5B3%5D%7D/text) = {data={"name":"getElementText","sessionId":"6f2be358-03b8-4b60-be5a-5f2b46eb489a","value":"Last Bid","status":0}, status=OK}
Nov 17, 2021 2:25:05 AM net.sourceforge.marathon.javaagent.server.JavaServer serve
INFO: JavaServer.serve(GET /session/6f2be358-03b8-4b60-be5a-5f2b46eb489a/element/16b370b1-3d39-47f6-932e-df62bc81827b%23%7B%22selector%22%3A%22nth-item%22%2C%22parameters%22%3A%5B4%5D%7D/text): {}
Nov 17, 2021 2:25:05 AM net.sourceforge.marathon.javaagent.server.JavaServer serve
INFO: GET(/session/6f2be358-03b8-4b60-be5a-5f2b46eb489a/element/16b370b1-3d39-47f6-932e-df62bc81827b%23%7B%22selector%22%3A%22nth-item%22%2C%22parameters%22%3A%5B4%5D%7D/text) = {data={"name":"getElementText","sessionId":"6f2be358-03b8-4b60-be5a-5f2b46eb489a","value":"State","status":0}, status=OK}
Nov 17, 2021 2:25:05 AM net.sourceforge.marathon.javaagent.server.JavaServer serve
INFO: JavaServer.serve(DELETE /session/6f2be358-03b8-4b60-be5a-5f2b46eb489a/window): {}
Nov 17, 2021 2:25:05 AM net.sourceforge.marathon.javaagent.server.JavaServer serve
INFO: DELETE(/session/6f2be358-03b8-4b60-be5a-5f2b46eb489a/window) = {data={"name":"closeSession","sessionId":"6f2be358-03b8-4b60-be5a-5f2b46eb489a","status":0}, status=OK}
Nov 17, 2021 2:25:05 AM net.sourceforge.marathon.javaagent.server.JavaServer serve
INFO: JavaServer.serve(POST /session): {
  "desiredCapabilities": {
    "browserName": "java",
    "platform": "ANY"
  },
  "capabilities": {
    "firstMatch": [
      {
        "browserName": "java"
      }
    ]
  }
}
Nov 17, 2021 2:25:05 AM net.sourceforge.marathon.javaagent.server.JavaServer createSession
INFO: Creating device with type: EVENT_QUEUE
Nov 17, 2021 2:25:05 AM net.sourceforge.marathon.javaagent.Device getDevice
INFO: Creating a EVENT_QUEUE device
Nov 17, 2021 2:25:05 AM net.sourceforge.marathon.javaagent.server.JavaServer serve
INFO: POST(/session, {"desiredCapabilities":{"browserName":"java","platform":"ANY"},"capabilities":{"firstMatch":[{"browserName":"java"}]}}) = {data=, status=REDIRECT}
Nov 17, 2021 2:25:05 AM net.sourceforge.marathon.javaagent.server.JavaServer serve
INFO: JavaServer.serve(GET /session/f5149e2c-3fb8-47ef-82f6-29db2739915e): {}
Nov 17, 2021 2:25:05 AM net.sourceforge.marathon.javaagent.server.JavaServer serve
INFO: GET(/session/f5149e2c-3fb8-47ef-82f6-29db2739915e) = {data={"name":"getCapabilities","sessionId":"f5149e2c-3fb8-47ef-82f6-29db2739915e","value":{"applicationCacheEnabled":false,"rotatable":false,"loggingPrefs":{"driver":"ALL"},"handlesAlerts":false,"databaseEnabled":false,"version":"1.0","platform":"ANY","browserConnectionEnabled":false,"nativeEvents":false,"acceptSslCerts":false,"locationContextEnabled":false,"webStorageEnabled":false,"browserName":"java","takesScreenshot":true,"javascriptEnabled":true,"cssSelectorsEnabled":false},"status":0}, status=OK}
Nov 17, 2021 2:25:05 AM org.openqa.selenium.remote.ProtocolHandshake createSession
INFO: Detected dialect: OSS
Nov 17, 2021 2:25:05 AM net.sourceforge.marathon.javaagent.server.JavaServer serve
INFO: JavaServer.serve(POST /session/f5149e2c-3fb8-47ef-82f6-29db2739915e/element): {
  "using": "name",
  "value": "new item id field"
}
Nov 17, 2021 2:25:05 AM net.sourceforge.marathon.javaagent.server.JavaServer serve
INFO: POST(/session/f5149e2c-3fb8-47ef-82f6-29db2739915e/element, {"using":"name","value":"new item id field"}) = {data={"name":"findElement","sessionId":"f5149e2c-3fb8-47ef-82f6-29db2739915e","value":{"ELEMENT":"8273a7ea-0151-46d3-a8cd-ba1068681ff3"},"status":0}, status=OK}
Nov 17, 2021 2:25:05 AM net.sourceforge.marathon.javaagent.server.JavaServer serve
INFO: JavaServer.serve(POST /session/f5149e2c-3fb8-47ef-82f6-29db2739915e/element/8273a7ea-0151-46d3-a8cd-ba1068681ff3/clear): {
  "id": "8273a7ea-0151-46d3-a8cd-ba1068681ff3"
}
Nov 17, 2021 2:25:05 AM net.sourceforge.marathon.javaagent.server.JavaServer serve
INFO: POST(/session/f5149e2c-3fb8-47ef-82f6-29db2739915e/element/8273a7ea-0151-46d3-a8cd-ba1068681ff3/clear, {"id":"8273a7ea-0151-46d3-a8cd-ba1068681ff3"}) = {data={"name":"clearElement","sessionId":"f5149e2c-3fb8-47ef-82f6-29db2739915e","status":0}, status=OK}
Nov 17, 2021 2:25:05 AM net.sourceforge.marathon.javaagent.server.JavaServer serve
INFO: JavaServer.serve(POST /session/f5149e2c-3fb8-47ef-82f6-29db2739915e/element/8273a7ea-0151-46d3-a8cd-ba1068681ff3/value): {
  "id": "8273a7ea-0151-46d3-a8cd-ba1068681ff3",
  "value": [
    "an item-id"
  ]
}
Nov 17, 2021 2:25:05 AM net.sourceforge.marathon.javaagent.EventQueueDevice dispatchEvent
INFO: java.awt.event.KeyEvent[KEY_PRESSED,keyCode=65,keyText=A,keyChar='a',keyLocation=KEY_LOCATION_UNKNOWN,rawCode=0,primaryLevelUnicode=0,scancode=0,extendedKeyCode=0x0] on new item id field
Nov 17, 2021 2:25:05 AM net.sourceforge.marathon.javaagent.EventQueueDevice dispatchEvent
INFO: java.awt.event.KeyEvent[KEY_TYPED,keyCode=0,keyText=Unknown keyCode: 0x0,keyChar='a',keyLocation=KEY_LOCATION_UNKNOWN,rawCode=0,primaryLevelUnicode=0,scancode=0,extendedKeyCode=0x0] on new item id field
Nov 17, 2021 2:25:05 AM net.sourceforge.marathon.javaagent.EventQueueDevice dispatchEvent
INFO: java.awt.event.KeyEvent[KEY_RELEASED,keyCode=65,keyText=A,keyChar='a',keyLocation=KEY_LOCATION_UNKNOWN,rawCode=0,primaryLevelUnicode=0,scancode=0,extendedKeyCode=0x0] on new item id field
Nov 17, 2021 2:25:05 AM net.sourceforge.marathon.javaagent.EventQueueDevice dispatchEvent
INFO: java.awt.event.KeyEvent[KEY_PRESSED,keyCode=78,keyText=N,keyChar='n',keyLocation=KEY_LOCATION_UNKNOWN,rawCode=0,primaryLevelUnicode=0,scancode=0,extendedKeyCode=0x0] on new item id field
Nov 17, 2021 2:25:05 AM net.sourceforge.marathon.javaagent.EventQueueDevice dispatchEvent
INFO: java.awt.event.KeyEvent[KEY_TYPED,keyCode=0,keyText=Unknown keyCode: 0x0,keyChar='n',keyLocation=KEY_LOCATION_UNKNOWN,rawCode=0,primaryLevelUnicode=0,scancode=0,extendedKeyCode=0x0] on new item id field
Nov 17, 2021 2:25:05 AM net.sourceforge.marathon.javaagent.EventQueueDevice dispatchEvent
INFO: java.awt.event.KeyEvent[KEY_RELEASED,keyCode=78,keyText=N,keyChar='n',keyLocation=KEY_LOCATION_UNKNOWN,rawCode=0,primaryLevelUnicode=0,scancode=0,extendedKeyCode=0x0] on new item id field
Nov 17, 2021 2:25:05 AM net.sourceforge.marathon.javaagent.EventQueueDevice dispatchEvent
INFO: java.awt.event.KeyEvent[KEY_PRESSED,keyCode=16,keyText=Shift,keyChar=Undefined keyChar,modifiers=Shift,extModifiers=Shift,keyLocation=KEY_LOCATION_UNKNOWN,rawCode=0,primaryLevelUnicode=0,scancode=0,extendedKeyCode=0x0] on new item id field
Nov 17, 2021 2:25:05 AM net.sourceforge.marathon.javaagent.EventQueueDevice dispatchEvent
INFO: java.awt.event.KeyEvent[KEY_PRESSED,keyCode=32,keyText=Space,keyChar=' ',modifiers=Shift,extModifiers=Shift,keyLocation=KEY_LOCATION_UNKNOWN,rawCode=0,primaryLevelUnicode=0,scancode=0,extendedKeyCode=0x0] on new item id field
Nov 17, 2021 2:25:05 AM net.sourceforge.marathon.javaagent.EventQueueDevice dispatchEvent
INFO: java.awt.event.KeyEvent[KEY_TYPED,keyCode=0,keyText=Unknown keyCode: 0x0,keyChar=' ',modifiers=Shift,extModifiers=Shift,keyLocation=KEY_LOCATION_UNKNOWN,rawCode=0,primaryLevelUnicode=0,scancode=0,extendedKeyCode=0x0] on new item id field
Nov 17, 2021 2:25:05 AM net.sourceforge.marathon.javaagent.EventQueueDevice dispatchEvent
INFO: java.awt.event.KeyEvent[KEY_RELEASED,keyCode=32,keyText=Space,keyChar=' ',modifiers=Shift,extModifiers=Shift,keyLocation=KEY_LOCATION_UNKNOWN,rawCode=0,primaryLevelUnicode=0,scancode=0,extendedKeyCode=0x0] on new item id field
Nov 17, 2021 2:25:05 AM net.sourceforge.marathon.javaagent.EventQueueDevice dispatchEvent
INFO: java.awt.event.KeyEvent[KEY_RELEASED,keyCode=16,keyText=Shift,keyChar=Undefined keyChar,keyLocation=KEY_LOCATION_UNKNOWN,rawCode=0,primaryLevelUnicode=0,scancode=0,extendedKeyCode=0x0] on new item id field
Nov 17, 2021 2:25:05 AM net.sourceforge.marathon.javaagent.EventQueueDevice dispatchEvent
INFO: java.awt.event.KeyEvent[KEY_PRESSED,keyCode=73,keyText=I,keyChar='i',keyLocation=KEY_LOCATION_UNKNOWN,rawCode=0,primaryLevelUnicode=0,scancode=0,extendedKeyCode=0x0] on new item id field
Nov 17, 2021 2:25:05 AM net.sourceforge.marathon.javaagent.EventQueueDevice dispatchEvent
INFO: java.awt.event.KeyEvent[KEY_TYPED,keyCode=0,keyText=Unknown keyCode: 0x0,keyChar='i',keyLocation=KEY_LOCATION_UNKNOWN,rawCode=0,primaryLevelUnicode=0,scancode=0,extendedKeyCode=0x0] on new item id field
Nov 17, 2021 2:25:05 AM net.sourceforge.marathon.javaagent.EventQueueDevice dispatchEvent
INFO: java.awt.event.KeyEvent[KEY_RELEASED,keyCode=73,keyText=I,keyChar='i',keyLocation=KEY_LOCATION_UNKNOWN,rawCode=0,primaryLevelUnicode=0,scancode=0,extendedKeyCode=0x0] on new item id field
Nov 17, 2021 2:25:05 AM net.sourceforge.marathon.javaagent.EventQueueDevice dispatchEvent
INFO: java.awt.event.KeyEvent[KEY_PRESSED,keyCode=84,keyText=T,keyChar='t',keyLocation=KEY_LOCATION_UNKNOWN,rawCode=0,primaryLevelUnicode=0,scancode=0,extendedKeyCode=0x0] on new item id field
Nov 17, 2021 2:25:05 AM net.sourceforge.marathon.javaagent.EventQueueDevice dispatchEvent
INFO: java.awt.event.KeyEvent[KEY_TYPED,keyCode=0,keyText=Unknown keyCode: 0x0,keyChar='t',keyLocation=KEY_LOCATION_UNKNOWN,rawCode=0,primaryLevelUnicode=0,scancode=0,extendedKeyCode=0x0] on new item id field
Nov 17, 2021 2:25:05 AM net.sourceforge.marathon.javaagent.EventQueueDevice dispatchEvent
INFO: java.awt.event.KeyEvent[KEY_RELEASED,keyCode=84,keyText=T,keyChar='t',keyLocation=KEY_LOCATION_UNKNOWN,rawCode=0,primaryLevelUnicode=0,scancode=0,extendedKeyCode=0x0] on new item id field
Nov 17, 2021 2:25:05 AM net.sourceforge.marathon.javaagent.EventQueueDevice dispatchEvent
INFO: java.awt.event.KeyEvent[KEY_PRESSED,keyCode=69,keyText=E,keyChar='e',keyLocation=KEY_LOCATION_UNKNOWN,rawCode=0,primaryLevelUnicode=0,scancode=0,extendedKeyCode=0x0] on new item id field
Nov 17, 2021 2:25:05 AM net.sourceforge.marathon.javaagent.EventQueueDevice dispatchEvent
INFO: java.awt.event.KeyEvent[KEY_TYPED,keyCode=0,keyText=Unknown keyCode: 0x0,keyChar='e',keyLocation=KEY_LOCATION_UNKNOWN,rawCode=0,primaryLevelUnicode=0,scancode=0,extendedKeyCode=0x0] on new item id field
Nov 17, 2021 2:25:05 AM net.sourceforge.marathon.javaagent.EventQueueDevice dispatchEvent
INFO: java.awt.event.KeyEvent[KEY_RELEASED,keyCode=69,keyText=E,keyChar='e',keyLocation=KEY_LOCATION_UNKNOWN,rawCode=0,primaryLevelUnicode=0,scancode=0,extendedKeyCode=0x0] on new item id field
Nov 17, 2021 2:25:05 AM net.sourceforge.marathon.javaagent.EventQueueDevice dispatchEvent
INFO: java.awt.event.KeyEvent[KEY_PRESSED,keyCode=77,keyText=M,keyChar='m',keyLocation=KEY_LOCATION_UNKNOWN,rawCode=0,primaryLevelUnicode=0,scancode=0,extendedKeyCode=0x0] on new item id field
Nov 17, 2021 2:25:05 AM net.sourceforge.marathon.javaagent.EventQueueDevice dispatchEvent
INFO: java.awt.event.KeyEvent[KEY_TYPED,keyCode=0,keyText=Unknown keyCode: 0x0,keyChar='m',keyLocation=KEY_LOCATION_UNKNOWN,rawCode=0,primaryLevelUnicode=0,scancode=0,extendedKeyCode=0x0] on new item id field
Nov 17, 2021 2:25:05 AM net.sourceforge.marathon.javaagent.EventQueueDevice dispatchEvent
INFO: java.awt.event.KeyEvent[KEY_RELEASED,keyCode=77,keyText=M,keyChar='m',keyLocation=KEY_LOCATION_UNKNOWN,rawCode=0,primaryLevelUnicode=0,scancode=0,extendedKeyCode=0x0] on new item id field
Nov 17, 2021 2:25:05 AM net.sourceforge.marathon.javaagent.EventQueueDevice dispatchEvent
INFO: java.awt.event.KeyEvent[KEY_PRESSED,keyCode=45,keyText=Minus,keyChar='-',keyLocation=KEY_LOCATION_UNKNOWN,rawCode=0,primaryLevelUnicode=0,scancode=0,extendedKeyCode=0x0] on new item id field
Nov 17, 2021 2:25:05 AM net.sourceforge.marathon.javaagent.EventQueueDevice dispatchEvent
INFO: java.awt.event.KeyEvent[KEY_TYPED,keyCode=0,keyText=Unknown keyCode: 0x0,keyChar='-',keyLocation=KEY_LOCATION_UNKNOWN,rawCode=0,primaryLevelUnicode=0,scancode=0,extendedKeyCode=0x0] on new item id field
Nov 17, 2021 2:25:05 AM net.sourceforge.marathon.javaagent.EventQueueDevice dispatchEvent
INFO: java.awt.event.KeyEvent[KEY_RELEASED,keyCode=45,keyText=Minus,keyChar='-',keyLocation=KEY_LOCATION_UNKNOWN,rawCode=0,primaryLevelUnicode=0,scancode=0,extendedKeyCode=0x0] on new item id field
Nov 17, 2021 2:25:05 AM net.sourceforge.marathon.javaagent.EventQueueDevice dispatchEvent
INFO: java.awt.event.KeyEvent[KEY_PRESSED,keyCode=73,keyText=I,keyChar='i',keyLocation=KEY_LOCATION_UNKNOWN,rawCode=0,primaryLevelUnicode=0,scancode=0,extendedKeyCode=0x0] on new item id field
Nov 17, 2021 2:25:05 AM net.sourceforge.marathon.javaagent.EventQueueDevice dispatchEvent
INFO: java.awt.event.KeyEvent[KEY_TYPED,keyCode=0,keyText=Unknown keyCode: 0x0,keyChar='i',keyLocation=KEY_LOCATION_UNKNOWN,rawCode=0,primaryLevelUnicode=0,scancode=0,extendedKeyCode=0x0] on new item id field
Nov 17, 2021 2:25:05 AM net.sourceforge.marathon.javaagent.EventQueueDevice dispatchEvent
INFO: java.awt.event.KeyEvent[KEY_RELEASED,keyCode=73,keyText=I,keyChar='i',keyLocation=KEY_LOCATION_UNKNOWN,rawCode=0,primaryLevelUnicode=0,scancode=0,extendedKeyCode=0x0] on new item id field
Nov 17, 2021 2:25:05 AM net.sourceforge.marathon.javaagent.EventQueueDevice dispatchEvent
INFO: java.awt.event.KeyEvent[KEY_PRESSED,keyCode=68,keyText=D,keyChar='d',keyLocation=KEY_LOCATION_UNKNOWN,rawCode=0,primaryLevelUnicode=0,scancode=0,extendedKeyCode=0x0] on new item id field
Nov 17, 2021 2:25:05 AM net.sourceforge.marathon.javaagent.EventQueueDevice dispatchEvent
INFO: java.awt.event.KeyEvent[KEY_TYPED,keyCode=0,keyText=Unknown keyCode: 0x0,keyChar='d',keyLocation=KEY_LOCATION_UNKNOWN,rawCode=0,primaryLevelUnicode=0,scancode=0,extendedKeyCode=0x0] on new item id field
Nov 17, 2021 2:25:05 AM net.sourceforge.marathon.javaagent.EventQueueDevice dispatchEvent
INFO: java.awt.event.KeyEvent[KEY_RELEASED,keyCode=68,keyText=D,keyChar='d',keyLocation=KEY_LOCATION_UNKNOWN,rawCode=0,primaryLevelUnicode=0,scancode=0,extendedKeyCode=0x0] on new item id field
Nov 17, 2021 2:25:05 AM net.sourceforge.marathon.javaagent.server.JavaServer serve
INFO: POST(/session/f5149e2c-3fb8-47ef-82f6-29db2739915e/element/8273a7ea-0151-46d3-a8cd-ba1068681ff3/value, {"id":"8273a7ea-0151-46d3-a8cd-ba1068681ff3","value":["an item-id"]}) = {data={"name":"sendKeysElement","sessionId":"f5149e2c-3fb8-47ef-82f6-29db2739915e","status":0}, status=OK}
Nov 17, 2021 2:25:05 AM net.sourceforge.marathon.javaagent.server.JavaServer serve
INFO: JavaServer.serve(POST /session/f5149e2c-3fb8-47ef-82f6-29db2739915e/element): {
  "using": "name",
  "value": "new item stop price field"
}
Nov 17, 2021 2:25:05 AM net.sourceforge.marathon.javaagent.server.JavaServer serve
INFO: POST(/session/f5149e2c-3fb8-47ef-82f6-29db2739915e/element, {"using":"name","value":"new item stop price field"}) = {data={"name":"findElement","sessionId":"f5149e2c-3fb8-47ef-82f6-29db2739915e","value":{"ELEMENT":"517736fd-089e-4e0d-ad28-08a695a3b727"},"status":0}, status=OK}
Nov 17, 2021 2:25:05 AM net.sourceforge.marathon.javaagent.server.JavaServer serve
INFO: JavaServer.serve(POST /session/f5149e2c-3fb8-47ef-82f6-29db2739915e/element/517736fd-089e-4e0d-ad28-08a695a3b727/clear): {
  "id": "517736fd-089e-4e0d-ad28-08a695a3b727"
}
Nov 17, 2021 2:25:05 AM net.sourceforge.marathon.javaagent.server.JavaServer serve
INFO: POST(/session/f5149e2c-3fb8-47ef-82f6-29db2739915e/element/517736fd-089e-4e0d-ad28-08a695a3b727/clear, {"id":"517736fd-089e-4e0d-ad28-08a695a3b727"}) = {data={"name":"clearElement","sessionId":"f5149e2c-3fb8-47ef-82f6-29db2739915e","status":0}, status=OK}
Nov 17, 2021 2:25:05 AM net.sourceforge.marathon.javaagent.server.JavaServer serve
INFO: JavaServer.serve(POST /session/f5149e2c-3fb8-47ef-82f6-29db2739915e/element/517736fd-089e-4e0d-ad28-08a695a3b727/value): {
  "id": "517736fd-089e-4e0d-ad28-08a695a3b727",
  "value": [
    "11000"
  ]
}
Nov 17, 2021 2:25:05 AM net.sourceforge.marathon.javaagent.EventQueueDevice dispatchEvent
INFO: java.awt.event.KeyEvent[KEY_PRESSED,keyCode=49,keyText=1,keyChar='1',keyLocation=KEY_LOCATION_UNKNOWN,rawCode=0,primaryLevelUnicode=0,scancode=0,extendedKeyCode=0x0] on new item stop price field
Nov 17, 2021 2:25:05 AM net.sourceforge.marathon.javaagent.EventQueueDevice dispatchEvent
INFO: java.awt.event.KeyEvent[KEY_TYPED,keyCode=0,keyText=Unknown keyCode: 0x0,keyChar='1',keyLocation=KEY_LOCATION_UNKNOWN,rawCode=0,primaryLevelUnicode=0,scancode=0,extendedKeyCode=0x0] on new item stop price field
Nov 17, 2021 2:25:05 AM net.sourceforge.marathon.javaagent.EventQueueDevice dispatchEvent
INFO: java.awt.event.KeyEvent[KEY_RELEASED,keyCode=49,keyText=1,keyChar='1',keyLocation=KEY_LOCATION_UNKNOWN,rawCode=0,primaryLevelUnicode=0,scancode=0,extendedKeyCode=0x0] on new item stop price field
Nov 17, 2021 2:25:05 AM net.sourceforge.marathon.javaagent.EventQueueDevice dispatchEvent
INFO: java.awt.event.KeyEvent[KEY_PRESSED,keyCode=49,keyText=1,keyChar='1',keyLocation=KEY_LOCATION_UNKNOWN,rawCode=0,primaryLevelUnicode=0,scancode=0,extendedKeyCode=0x0] on new item stop price field
Nov 17, 2021 2:25:05 AM net.sourceforge.marathon.javaagent.EventQueueDevice dispatchEvent
INFO: java.awt.event.KeyEvent[KEY_TYPED,keyCode=0,keyText=Unknown keyCode: 0x0,keyChar='1',keyLocation=KEY_LOCATION_UNKNOWN,rawCode=0,primaryLevelUnicode=0,scancode=0,extendedKeyCode=0x0] on new item stop price field
Nov 17, 2021 2:25:05 AM net.sourceforge.marathon.javaagent.EventQueueDevice dispatchEvent
INFO: java.awt.event.KeyEvent[KEY_RELEASED,keyCode=49,keyText=1,keyChar='1',keyLocation=KEY_LOCATION_UNKNOWN,rawCode=0,primaryLevelUnicode=0,scancode=0,extendedKeyCode=0x0] on new item stop price field
Nov 17, 2021 2:25:05 AM net.sourceforge.marathon.javaagent.EventQueueDevice dispatchEvent
INFO: java.awt.event.KeyEvent[KEY_PRESSED,keyCode=48,keyText=0,keyChar='0',keyLocation=KEY_LOCATION_UNKNOWN,rawCode=0,primaryLevelUnicode=0,scancode=0,extendedKeyCode=0x0] on new item stop price field
Nov 17, 2021 2:25:05 AM net.sourceforge.marathon.javaagent.EventQueueDevice dispatchEvent
INFO: java.awt.event.KeyEvent[KEY_TYPED,keyCode=0,keyText=Unknown keyCode: 0x0,keyChar='0',keyLocation=KEY_LOCATION_UNKNOWN,rawCode=0,primaryLevelUnicode=0,scancode=0,extendedKeyCode=0x0] on new item stop price field
Nov 17, 2021 2:25:05 AM net.sourceforge.marathon.javaagent.EventQueueDevice dispatchEvent
INFO: java.awt.event.KeyEvent[KEY_RELEASED,keyCode=48,keyText=0,keyChar='0',keyLocation=KEY_LOCATION_UNKNOWN,rawCode=0,primaryLevelUnicode=0,scancode=0,extendedKeyCode=0x0] on new item stop price field
Nov 17, 2021 2:25:05 AM net.sourceforge.marathon.javaagent.EventQueueDevice dispatchEvent
INFO: java.awt.event.KeyEvent[KEY_PRESSED,keyCode=48,keyText=0,keyChar='0',keyLocation=KEY_LOCATION_UNKNOWN,rawCode=0,primaryLevelUnicode=0,scancode=0,extendedKeyCode=0x0] on new item stop price field
Nov 17, 2021 2:25:05 AM net.sourceforge.marathon.javaagent.EventQueueDevice dispatchEvent
INFO: java.awt.event.KeyEvent[KEY_TYPED,keyCode=0,keyText=Unknown keyCode: 0x0,keyChar='0',keyLocation=KEY_LOCATION_UNKNOWN,rawCode=0,primaryLevelUnicode=0,scancode=0,extendedKeyCode=0x0] on new item stop price field
Nov 17, 2021 2:25:05 AM net.sourceforge.marathon.javaagent.EventQueueDevice dispatchEvent
INFO: java.awt.event.KeyEvent[KEY_RELEASED,keyCode=48,keyText=0,keyChar='0',keyLocation=KEY_LOCATION_UNKNOWN,rawCode=0,primaryLevelUnicode=0,scancode=0,extendedKeyCode=0x0] on new item stop price field
Nov 17, 2021 2:25:05 AM net.sourceforge.marathon.javaagent.EventQueueDevice dispatchEvent
INFO: java.awt.event.KeyEvent[KEY_PRESSED,keyCode=48,keyText=0,keyChar='0',keyLocation=KEY_LOCATION_UNKNOWN,rawCode=0,primaryLevelUnicode=0,scancode=0,extendedKeyCode=0x0] on new item stop price field
Nov 17, 2021 2:25:05 AM net.sourceforge.marathon.javaagent.EventQueueDevice dispatchEvent
INFO: java.awt.event.KeyEvent[KEY_TYPED,keyCode=0,keyText=Unknown keyCode: 0x0,keyChar='0',keyLocation=KEY_LOCATION_UNKNOWN,rawCode=0,primaryLevelUnicode=0,scancode=0,extendedKeyCode=0x0] on new item stop price field
Nov 17, 2021 2:25:05 AM net.sourceforge.marathon.javaagent.EventQueueDevice dispatchEvent
INFO: java.awt.event.KeyEvent[KEY_RELEASED,keyCode=48,keyText=0,keyChar='0',keyLocation=KEY_LOCATION_UNKNOWN,rawCode=0,primaryLevelUnicode=0,scancode=0,extendedKeyCode=0x0] on new item stop price field
Nov 17, 2021 2:25:05 AM net.sourceforge.marathon.javaagent.server.JavaServer serve
INFO: POST(/session/f5149e2c-3fb8-47ef-82f6-29db2739915e/element/517736fd-089e-4e0d-ad28-08a695a3b727/value, {"id":"517736fd-089e-4e0d-ad28-08a695a3b727","value":["11000"]}) = {data={"name":"sendKeysElement","sessionId":"f5149e2c-3fb8-47ef-82f6-29db2739915e","status":0}, status=OK}
Nov 17, 2021 2:25:05 AM net.sourceforge.marathon.javaagent.server.JavaServer serve
INFO: JavaServer.serve(POST /session/f5149e2c-3fb8-47ef-82f6-29db2739915e/element): {
  "using": "name",
  "value": "join button"
}
Nov 17, 2021 2:25:05 AM net.sourceforge.marathon.javaagent.server.JavaServer serve
INFO: POST(/session/f5149e2c-3fb8-47ef-82f6-29db2739915e/element, {"using":"name","value":"join button"}) = {data={"name":"findElement","sessionId":"f5149e2c-3fb8-47ef-82f6-29db2739915e","value":{"ELEMENT":"b9e614fc-e31d-43a5-b267-43642cade848"},"status":0}, status=OK}
Nov 17, 2021 2:25:05 AM net.sourceforge.marathon.javaagent.server.JavaServer serve
INFO: JavaServer.serve(POST /session/f5149e2c-3fb8-47ef-82f6-29db2739915e/element/b9e614fc-e31d-43a5-b267-43642cade848/click): {
  "id": "b9e614fc-e31d-43a5-b267-43642cade848"
}
Nov 17, 2021 2:25:05 AM net.sourceforge.marathon.javaagent.EventQueueDevice dispatchEvent
INFO: java.awt.event.MouseEvent[MOUSE_PRESSED,(58,12),absolute(589,17),button=1,modifiers=Button1,extModifiers=Button1,clickCount=1] on join button
Nov 17, 2021 2:25:05 AM net.sourceforge.marathon.javaagent.EventQueueDevice dispatchEvent
INFO: java.awt.event.MouseEvent[MOUSE_RELEASED,(58,12),absolute(589,17),button=1,modifiers=Button1,clickCount=1] on join button
Nov 17, 2021 2:25:05 AM net.sourceforge.marathon.javaagent.EventQueueDevice dispatchEvent
INFO: java.awt.event.MouseEvent[MOUSE_CLICKED,(58,12),absolute(589,17),button=1,modifiers=Button1,clickCount=1] on join button
Nov 17, 2021 2:25:05 AM net.sourceforge.marathon.javaagent.server.JavaServer serve
INFO: POST(/session/f5149e2c-3fb8-47ef-82f6-29db2739915e/element/b9e614fc-e31d-43a5-b267-43642cade848/click, {"id":"b9e614fc-e31d-43a5-b267-43642cade848"}) = {data={"name":"clickElement","sessionId":"f5149e2c-3fb8-47ef-82f6-29db2739915e","status":0}, status=OK}
Nov 17, 2021 2:25:05 AM net.sourceforge.marathon.javaagent.server.JavaServer serve
INFO: JavaServer.serve(DELETE /session/f5149e2c-3fb8-47ef-82f6-29db2739915e/window): {}
Nov 17, 2021 2:25:05 AM net.sourceforge.marathon.javaagent.server.JavaServer serve
INFO: DELETE(/session/f5149e2c-3fb8-47ef-82f6-29db2739915e/window) = {data={"name":"closeSession","sessionId":"f5149e2c-3fb8-47ef-82f6-29db2739915e","status":0}, status=OK}
Nov 17, 2021 2:25:05 AM net.sourceforge.marathon.javaagent.server.JavaServer serve
INFO: JavaServer.serve(POST /session): {
  "desiredCapabilities": {
    "browserName": "java",
    "platform": "ANY"
  },
  "capabilities": {
    "firstMatch": [
      {
        "browserName": "java"
      }
    ]
  }
}
Nov 17, 2021 2:25:05 AM net.sourceforge.marathon.javaagent.server.JavaServer createSession
INFO: Creating device with type: EVENT_QUEUE
Nov 17, 2021 2:25:05 AM net.sourceforge.marathon.javaagent.Device getDevice
INFO: Creating a EVENT_QUEUE device
Nov 17, 2021 2:25:05 AM net.sourceforge.marathon.javaagent.server.JavaServer serve
INFO: POST(/session, {"desiredCapabilities":{"browserName":"java","platform":"ANY"},"capabilities":{"firstMatch":[{"browserName":"java"}]}}) = {data=, status=REDIRECT}
Nov 17, 2021 2:25:05 AM net.sourceforge.marathon.javaagent.server.JavaServer serve
INFO: JavaServer.serve(GET /session/4e8a37ef-9692-4012-b283-0e798a9329fc): {}
Nov 17, 2021 2:25:05 AM net.sourceforge.marathon.javaagent.server.JavaServer serve
INFO: GET(/session/4e8a37ef-9692-4012-b283-0e798a9329fc) = {data={"name":"getCapabilities","sessionId":"4e8a37ef-9692-4012-b283-0e798a9329fc","value":{"applicationCacheEnabled":false,"rotatable":false,"loggingPrefs":{"driver":"ALL"},"handlesAlerts":false,"databaseEnabled":false,"version":"1.0","platform":"ANY","browserConnectionEnabled":false,"nativeEvents":false,"acceptSslCerts":false,"locationContextEnabled":false,"webStorageEnabled":false,"browserName":"java","takesScreenshot":true,"javascriptEnabled":true,"cssSelectorsEnabled":false},"status":0}, status=OK}
Nov 17, 2021 2:25:05 AM org.openqa.selenium.remote.ProtocolHandshake createSession
INFO: Detected dialect: OSS
Nov 17, 2021 2:25:05 AM net.sourceforge.marathon.javaagent.server.JavaServer serve
INFO: JavaServer.serve(POST /session/4e8a37ef-9692-4012-b283-0e798a9329fc/element): {
  "using": "name",
  "value": "sniper reset button"
}
Nov 17, 2021 2:25:05 AM net.sourceforge.marathon.javaagent.server.JavaServer serve
INFO: POST(/session/4e8a37ef-9692-4012-b283-0e798a9329fc/element, {"using":"name","value":"sniper reset button"}) = {data={"name":"findElement","sessionId":"4e8a37ef-9692-4012-b283-0e798a9329fc","value":{"ELEMENT":"c8687cba-eaba-47e2-a8df-7c814f6a48d0"},"status":0}, status=OK}
Nov 17, 2021 2:25:05 AM net.sourceforge.marathon.javaagent.server.JavaServer serve
INFO: JavaServer.serve(POST /session/4e8a37ef-9692-4012-b283-0e798a9329fc/element/c8687cba-eaba-47e2-a8df-7c814f6a48d0/click): {
  "id": "c8687cba-eaba-47e2-a8df-7c814f6a48d0"
}
Nov 17, 2021 2:25:06 AM net.sourceforge.marathon.javaagent.EventQueueDevice dispatchEvent
INFO: java.awt.event.MouseEvent[MOUSE_PRESSED,(37,12),absolute(326,474),button=1,modifiers=Button1,extModifiers=Button1,clickCount=1] on sniper reset button
Nov 17, 2021 2:25:06 AM net.sourceforge.marathon.javaagent.EventQueueDevice dispatchEvent
INFO: java.awt.event.MouseEvent[MOUSE_RELEASED,(37,12),absolute(326,474),button=1,modifiers=Button1,clickCount=1] on sniper reset button
Nov 17, 2021 2:25:06 AM net.sourceforge.marathon.javaagent.EventQueueDevice dispatchEvent
INFO: java.awt.event.MouseEvent[MOUSE_CLICKED,(37,12),absolute(326,474),button=1,modifiers=Button1,clickCount=1] on sniper reset button
Nov 17, 2021 2:25:06 AM net.sourceforge.marathon.javaagent.server.JavaServer serve
INFO: POST(/session/4e8a37ef-9692-4012-b283-0e798a9329fc/element/c8687cba-eaba-47e2-a8df-7c814f6a48d0/click, {"id":"c8687cba-eaba-47e2-a8df-7c814f6a48d0"}) = {data={"name":"clickElement","sessionId":"4e8a37ef-9692-4012-b283-0e798a9329fc","status":0}, status=OK}
Nov 17, 2021 2:25:06 AM net.sourceforge.marathon.javaagent.server.JavaServer serve
INFO: JavaServer.serve(DELETE /session/4e8a37ef-9692-4012-b283-0e798a9329fc/window): {}
Nov 17, 2021 2:25:06 AM net.sourceforge.marathon.javaagent.server.JavaServer serve
INFO: DELETE(/session/4e8a37ef-9692-4012-b283-0e798a9329fc/window) = {data={"name":"closeSession","sessionId":"4e8a37ef-9692-4012-b283-0e798a9329fc","status":0}, status=OK}
]]></system-err>
</testsuite>
