<?xml version="1.0" encoding="UTF-8"?>
<testsuite name="goos.auction.sol.AuctionMessageTranslatorTest" tests="5" skipped="0" failures="0" errors="0" timestamp="2021-10-12T02:27:39" hostname="buildkitsandbox" time="0.695">
  <properties/>
  <testcase name="notifies auction closed when close message received" classname="goos.auction.sol.AuctionMessageTranslatorTest" time="0.585"/>
  <testcase name="notifies bid details when current price message received from other bidder" classname="goos.auction.sol.AuctionMessageTranslatorTest" time="0.013"/>
  <testcase name="notifies bid details when current price message received from sniper" classname="goos.auction.sol.AuctionMessageTranslatorTest" time="0.034"/>
  <testcase name="notifies auction failed when bad message received" classname="goos.auction.sol.AuctionMessageTranslatorTest" time="0.008"/>
  <testcase name="does nothing when unknown event received" classname="goos.auction.sol.AuctionMessageTranslatorTest" time="0.01"/>
  <system-out><![CDATA[]]></system-out>
  <system-err><![CDATA[]]></system-err>
</testsuite>
