<?xml version="1.0" encoding="UTF-8"?>
<testsuite name="goos.ui.swing.MainWindowTest" tests="3" skipped="0" failures="0" errors="0" timestamp="2021-11-23T18:07:48" hostname="buildkitsandbox" time="3.81">
  <properties/>
  <testcase name="window has expected features" classname="goos.ui.swing.MainWindowTest" time="2.893"/>
  <testcase name="make user request when join button clicked" classname="goos.ui.swing.MainWindowTest" time="0.781"/>
  <testcase name="make user request when reset button clicked" classname="goos.ui.swing.MainWindowTest" time="0.13"/>
  <system-out><![CDATA[]]></system-out>
  <system-err><![CDATA[Nov 23, 2021 6:07:49 PM io.mockk.impl.log.JULLogger warn
WARNING: Failed to transform class goos/ui/api/UserRequestListener
java.lang.IllegalArgumentException: Unsupported class file major version 59
	at net.bytebuddy.jar.asm.ClassReader.<init>(ClassReader.java:176)
	at net.bytebuddy.jar.asm.ClassReader.<init>(ClassReader.java:158)
	at net.bytebuddy.jar.asm.ClassReader.<init>(ClassReader.java:146)
	at net.bytebuddy.utility.OpenedClassReader.of(OpenedClassReader.java:69)
	at net.bytebuddy.dynamic.scaffold.TypeWriter$Default$ForInlining.create(TypeWriter.java:2877)
	at net.bytebuddy.dynamic.scaffold.TypeWriter$Default.make(TypeWriter.java:1653)
	at net.bytebuddy.dynamic.scaffold.inline.RedefinitionDynamicTypeBuilder.make(RedefinitionDynamicTypeBuilder.java:180)
	at net.bytebuddy.dynamic.scaffold.inline.AbstractInliningDynamicTypeBuilder.make(AbstractInliningDynamicTypeBuilder.java:94)
	at net.bytebuddy.dynamic.DynamicType$Builder$AbstractBase.make(DynamicType.java:2669)
	at io.mockk.proxy.jvm.transformation.InliningClassTransformer.transform(InliningClassTransformer.kt:78)
	at java.instrument/java.lang.instrument.ClassFileTransformer.transform(ClassFileTransformer.java:246)
	at java.instrument/sun.instrument.TransformerManager.transform(TransformerManager.java:188)
	at java.instrument/sun.instrument.InstrumentationImpl.transform(InstrumentationImpl.java:563)
	at java.instrument/sun.instrument.InstrumentationImpl.retransformClasses0(Native Method)
	at java.instrument/sun.instrument.InstrumentationImpl.retransformClasses(InstrumentationImpl.java:167)
	at io.mockk.proxy.jvm.transformation.JvmInlineInstrumentation.retransform(JvmInlineInstrumentation.kt:28)
	at io.mockk.proxy.common.transformation.RetransformInlineInstrumnetation$execute$1.invoke(RetransformInlineInstrumnetation.kt:19)
	at io.mockk.proxy.common.transformation.RetransformInlineInstrumnetation$execute$1.invoke(RetransformInlineInstrumnetation.kt:6)
	at io.mockk.proxy.common.transformation.ClassTransformationSpecMap.applyTransformation(ClassTransformationSpecMap.kt:41)
	at io.mockk.proxy.common.transformation.RetransformInlineInstrumnetation.execute(RetransformInlineInstrumnetation.kt:16)
	at io.mockk.proxy.jvm.ProxyMaker.inline(ProxyMaker.kt:88)
	at io.mockk.proxy.jvm.ProxyMaker.proxy(ProxyMaker.kt:30)
	at io.mockk.impl.instantiation.JvmMockFactory.newProxy(JvmMockFactory.kt:34)
	at io.mockk.impl.instantiation.AbstractMockFactory.newProxy$default(AbstractMockFactory.kt:29)
	at io.mockk.impl.instantiation.AbstractMockFactory.mockk(AbstractMockFactory.kt:59)
	at goos.ui.swing.MainWindowTest$1$1.invokeSuspend(MainWindowTest.kt:90)
	at goos.ui.swing.MainWindowTest$1$1.invoke(MainWindowTest.kt)
	at goos.ui.swing.MainWindowTest$1$1.invoke(MainWindowTest.kt)
	at io.kotest.core.TestConfiguration$beforeTest$1.beforeTest(TestConfiguration.kt:137)
	at io.kotest.core.spec.LifecycleKt.invokeAllBeforeTestCallbacks(lifecycle.kt:76)
	at io.kotest.core.internal.TestCaseExecutor.executeActiveTest(TestCaseExecutor.kt:152)
	at io.kotest.core.internal.TestCaseExecutor.access$executeActiveTest(TestCaseExecutor.kt:57)
	at io.kotest.core.internal.TestCaseExecutor$intercept$innerExecute$1$1.invokeSuspend(TestCaseExecutor.kt:89)
	at io.kotest.core.internal.TestCaseExecutor$intercept$innerExecute$1$1.invoke(TestCaseExecutor.kt)
	at io.kotest.core.internal.TestCaseExecutor$intercept$innerExecute$1$1.invoke(TestCaseExecutor.kt)
	at io.kotest.core.internal.TestCaseExecutor.executeIfEnabled(TestCaseExecutor.kt:117)
	at io.kotest.core.internal.TestCaseExecutor.access$executeIfEnabled(TestCaseExecutor.kt:57)
	at io.kotest.core.internal.TestCaseExecutor$intercept$innerExecute$1.invokeSuspend(TestCaseExecutor.kt:89)
	at io.kotest.core.internal.TestCaseExecutor$intercept$innerExecute$1.invoke(TestCaseExecutor.kt)
	at io.kotest.core.internal.TestCaseExecutor$intercept$innerExecute$1.invoke(TestCaseExecutor.kt)
	at io.kotest.core.internal.TestCaseExecutor.intercept(TestCaseExecutor.kt:103)
	at io.kotest.core.internal.TestCaseExecutor.execute(TestCaseExecutor.kt:69)
	at io.kotest.engine.spec.runners.SingleInstanceSpecRunner.runTest(SingleInstanceSpecRunner.kt:104)
	at io.kotest.engine.spec.runners.SingleInstanceSpecRunner.access$runTest(SingleInstanceSpecRunner.kt:34)
	at io.kotest.engine.spec.runners.SingleInstanceSpecRunner$execute$interceptAndRun$2$4.invokeSuspend(SingleInstanceSpecRunner.kt:57)
	at io.kotest.engine.spec.runners.SingleInstanceSpecRunner$execute$interceptAndRun$2$4.invoke(SingleInstanceSpecRunner.kt)
	at io.kotest.engine.spec.runners.SingleInstanceSpecRunner$execute$interceptAndRun$2$4.invoke(SingleInstanceSpecRunner.kt)
	at io.kotest.engine.launchers.SequentialTestLauncher$launch$3$1$1.invokeSuspend(SequentialTestLauncher.kt:22)
	at kotlin.coroutines.jvm.internal.BaseContinuationImpl.resumeWith(ContinuationImpl.kt:33)
	at kotlinx.coroutines.DispatchedTask.run(DispatchedTask.kt:106)
	at java.base/java.util.concurrent.ThreadPoolExecutor.runWorker(ThreadPoolExecutor.java:1130)
	at java.base/java.util.concurrent.ThreadPoolExecutor$Worker.run(ThreadPoolExecutor.java:630)
	at java.base/java.lang.Thread.run(Thread.java:832)

Nov 23, 2021 6:07:50 PM net.sourceforge.marathon.javaagent.server.JavaServer serve
INFO: JavaServer.serve(POST /session): {
  "desiredCapabilities": {
    "browserName": "java",
    "platform": "ANY"
  },
  "capabilities": {
    "firstMatch": [
      {
        "browserName": "java"
      }
    ]
  }
}
Nov 23, 2021 6:07:50 PM net.sourceforge.marathon.javaagent.server.JavaServer createSession
INFO: Creating device with type: EVENT_QUEUE
Nov 23, 2021 6:07:50 PM net.sourceforge.marathon.javaagent.Device getDevice
INFO: Creating a EVENT_QUEUE device
Nov 23, 2021 6:07:50 PM net.sourceforge.marathon.javaagent.server.JavaServer serve
INFO: POST(/session, {"desiredCapabilities":{"browserName":"java","platform":"ANY"},"capabilities":{"firstMatch":[{"browserName":"java"}]}}) = {data=, status=REDIRECT}
Nov 23, 2021 6:07:50 PM net.sourceforge.marathon.javaagent.server.JavaServer serve
INFO: JavaServer.serve(GET /session/96cf0df2-d806-43ab-8c9f-7952f4510f5d): {}
Nov 23, 2021 6:07:50 PM net.sourceforge.marathon.javaagent.server.JavaServer serve
INFO: GET(/session/96cf0df2-d806-43ab-8c9f-7952f4510f5d) = {data={"name":"getCapabilities","sessionId":"96cf0df2-d806-43ab-8c9f-7952f4510f5d","value":{"applicationCacheEnabled":false,"rotatable":false,"loggingPrefs":{"driver":"ALL"},"handlesAlerts":false,"databaseEnabled":false,"version":"1.0","platform":"ANY","browserConnectionEnabled":false,"nativeEvents":false,"acceptSslCerts":false,"locationContextEnabled":false,"webStorageEnabled":false,"browserName":"java","takesScreenshot":true,"javascriptEnabled":true,"cssSelectorsEnabled":false},"status":0}, status=OK}
Nov 23, 2021 6:07:50 PM org.openqa.selenium.remote.ProtocolHandshake createSession
INFO: Detected dialect: OSS
Nov 23, 2021 6:07:50 PM net.sourceforge.marathon.javaagent.server.JavaServer serve
INFO: JavaServer.serve(POST /session/96cf0df2-d806-43ab-8c9f-7952f4510f5d/element): {
  "using": "css selector",
  "value": "."
}
Nov 23, 2021 6:07:51 PM net.sourceforge.marathon.javaagent.server.JavaServer serve
INFO: POST(/session/96cf0df2-d806-43ab-8c9f-7952f4510f5d/element, {"using":"css selector","value":"."}) = {data={"name":"findElement","sessionId":"96cf0df2-d806-43ab-8c9f-7952f4510f5d","value":{"ELEMENT":"28c32dda-c473-4a66-8183-34b0a56c3ab8"},"status":0}, status=OK}
Nov 23, 2021 6:07:51 PM net.sourceforge.marathon.javaagent.server.JavaServer serve
INFO: JavaServer.serve(GET /session/96cf0df2-d806-43ab-8c9f-7952f4510f5d/element/28c32dda-c473-4a66-8183-34b0a56c3ab8/attribute/name): {}
Nov 23, 2021 6:07:51 PM net.sourceforge.marathon.javaagent.server.JavaServer serve
INFO: GET(/session/96cf0df2-d806-43ab-8c9f-7952f4510f5d/element/28c32dda-c473-4a66-8183-34b0a56c3ab8/attribute/name) = {data={"name":"getElementAttribute","sessionId":"96cf0df2-d806-43ab-8c9f-7952f4510f5d","value":"Auction Sniper Name","status":0}, status=OK}
Nov 23, 2021 6:07:51 PM net.sourceforge.marathon.javaagent.server.JavaServer serve
INFO: JavaServer.serve(POST /session/96cf0df2-d806-43ab-8c9f-7952f4510f5d/element): {
  "using": "css selector",
  "value": "."
}
Nov 23, 2021 6:07:51 PM net.sourceforge.marathon.javaagent.server.JavaServer serve
INFO: POST(/session/96cf0df2-d806-43ab-8c9f-7952f4510f5d/element, {"using":"css selector","value":"."}) = {data={"name":"findElement","sessionId":"96cf0df2-d806-43ab-8c9f-7952f4510f5d","value":{"ELEMENT":"28c32dda-c473-4a66-8183-34b0a56c3ab8"},"status":0}, status=OK}
Nov 23, 2021 6:07:51 PM net.sourceforge.marathon.javaagent.server.JavaServer serve
INFO: JavaServer.serve(GET /session/96cf0df2-d806-43ab-8c9f-7952f4510f5d/element/28c32dda-c473-4a66-8183-34b0a56c3ab8/displayed): {}
Nov 23, 2021 6:07:51 PM net.sourceforge.marathon.javaagent.server.JavaServer serve
INFO: GET(/session/96cf0df2-d806-43ab-8c9f-7952f4510f5d/element/28c32dda-c473-4a66-8183-34b0a56c3ab8/displayed) = {data={"name":"isDisplayed","sessionId":"96cf0df2-d806-43ab-8c9f-7952f4510f5d","value":true,"status":0}, status=OK}
Nov 23, 2021 6:07:51 PM net.sourceforge.marathon.javaagent.server.JavaServer serve
INFO: JavaServer.serve(GET /session/96cf0df2-d806-43ab-8c9f-7952f4510f5d/title): {}
Nov 23, 2021 6:07:51 PM net.sourceforge.marathon.javaagent.server.JavaServer serve
INFO: GET(/session/96cf0df2-d806-43ab-8c9f-7952f4510f5d/title) = {data={"name":"getWindowTitle","sessionId":"96cf0df2-d806-43ab-8c9f-7952f4510f5d","value":"Auction Sniper","status":0}, status=OK}
Nov 23, 2021 6:07:51 PM net.sourceforge.marathon.javaagent.server.JavaServer serve
INFO: JavaServer.serve(POST /session/96cf0df2-d806-43ab-8c9f-7952f4510f5d/element): {
  "using": "name",
  "value": "snipers table"
}
Nov 23, 2021 6:07:51 PM net.sourceforge.marathon.javaagent.server.JavaServer serve
INFO: POST(/session/96cf0df2-d806-43ab-8c9f-7952f4510f5d/element, {"using":"name","value":"snipers table"}) = {data={"name":"findElement","sessionId":"96cf0df2-d806-43ab-8c9f-7952f4510f5d","value":{"ELEMENT":"456322e5-4dc6-473e-a3f9-4bacce3d5e4b"},"status":0}, status=OK}
Nov 23, 2021 6:07:51 PM net.sourceforge.marathon.javaagent.server.JavaServer serve
INFO: JavaServer.serve(POST /session/96cf0df2-d806-43ab-8c9f-7952f4510f5d/element/456322e5-4dc6-473e-a3f9-4bacce3d5e4b/elements): {
  "id": "456322e5-4dc6-473e-a3f9-4bacce3d5e4b",
  "using": "css selector",
  "value": ".::header.::all-items"
}
Nov 23, 2021 6:07:51 PM net.sourceforge.marathon.javaagent.server.JavaServer serve
INFO: POST(/session/96cf0df2-d806-43ab-8c9f-7952f4510f5d/element/456322e5-4dc6-473e-a3f9-4bacce3d5e4b/elements, {"using":"css selector","id":"456322e5-4dc6-473e-a3f9-4bacce3d5e4b","value":".::header.::all-items"}) = {data={"name":"findElementsOfElement","sessionId":"96cf0df2-d806-43ab-8c9f-7952f4510f5d","value":[{"ELEMENT":"e77be558-36b2-4264-9dc7-a6078d07bc8c%23%7B%22selector%22%3A%22nth-item%22%2C%22parameters%22%3A%5B1%5D%7D"},{"ELEMENT":"e77be558-36b2-4264-9dc7-a6078d07bc8c%23%7B%22selector%22%3A%22nth-item%22%2C%22parameters%22%3A%5B2%5D%7D"},{"ELEMENT":"e77be558-36b2-4264-9dc7-a6078d07bc8c%23%7B%22selector%22%3A%22nth-item%22%2C%22parameters%22%3A%5B3%5D%7D"},{"ELEMENT":"e77be558-36b2-4264-9dc7-a6078d07bc8c%23%7B%22selector%22%3A%22nth-item%22%2C%22parameters%22%3A%5B4%5D%7D"}],"status":0}, status=OK}
Nov 23, 2021 6:07:51 PM net.sourceforge.marathon.javaagent.server.JavaServer serve
INFO: JavaServer.serve(GET /session/96cf0df2-d806-43ab-8c9f-7952f4510f5d/element/e77be558-36b2-4264-9dc7-a6078d07bc8c%23%7B%22selector%22%3A%22nth-item%22%2C%22parameters%22%3A%5B1%5D%7D/text): {}
Nov 23, 2021 6:07:51 PM net.sourceforge.marathon.javaagent.server.JavaServer serve
INFO: GET(/session/96cf0df2-d806-43ab-8c9f-7952f4510f5d/element/e77be558-36b2-4264-9dc7-a6078d07bc8c%23%7B%22selector%22%3A%22nth-item%22%2C%22parameters%22%3A%5B1%5D%7D/text) = {data={"name":"getElementText","sessionId":"96cf0df2-d806-43ab-8c9f-7952f4510f5d","value":"Item","status":0}, status=OK}
Nov 23, 2021 6:07:51 PM net.sourceforge.marathon.javaagent.server.JavaServer serve
INFO: JavaServer.serve(GET /session/96cf0df2-d806-43ab-8c9f-7952f4510f5d/element/e77be558-36b2-4264-9dc7-a6078d07bc8c%23%7B%22selector%22%3A%22nth-item%22%2C%22parameters%22%3A%5B2%5D%7D/text): {}
Nov 23, 2021 6:07:51 PM net.sourceforge.marathon.javaagent.server.JavaServer serve
INFO: GET(/session/96cf0df2-d806-43ab-8c9f-7952f4510f5d/element/e77be558-36b2-4264-9dc7-a6078d07bc8c%23%7B%22selector%22%3A%22nth-item%22%2C%22parameters%22%3A%5B2%5D%7D/text) = {data={"name":"getElementText","sessionId":"96cf0df2-d806-43ab-8c9f-7952f4510f5d","value":"Last Price","status":0}, status=OK}
Nov 23, 2021 6:07:51 PM net.sourceforge.marathon.javaagent.server.JavaServer serve
INFO: JavaServer.serve(GET /session/96cf0df2-d806-43ab-8c9f-7952f4510f5d/element/e77be558-36b2-4264-9dc7-a6078d07bc8c%23%7B%22selector%22%3A%22nth-item%22%2C%22parameters%22%3A%5B3%5D%7D/text): {}
Nov 23, 2021 6:07:51 PM net.sourceforge.marathon.javaagent.server.JavaServer serve
INFO: GET(/session/96cf0df2-d806-43ab-8c9f-7952f4510f5d/element/e77be558-36b2-4264-9dc7-a6078d07bc8c%23%7B%22selector%22%3A%22nth-item%22%2C%22parameters%22%3A%5B3%5D%7D/text) = {data={"name":"getElementText","sessionId":"96cf0df2-d806-43ab-8c9f-7952f4510f5d","value":"Last Bid","status":0}, status=OK}
Nov 23, 2021 6:07:51 PM net.sourceforge.marathon.javaagent.server.JavaServer serve
INFO: JavaServer.serve(GET /session/96cf0df2-d806-43ab-8c9f-7952f4510f5d/element/e77be558-36b2-4264-9dc7-a6078d07bc8c%23%7B%22selector%22%3A%22nth-item%22%2C%22parameters%22%3A%5B4%5D%7D/text): {}
Nov 23, 2021 6:07:51 PM net.sourceforge.marathon.javaagent.server.JavaServer serve
INFO: GET(/session/96cf0df2-d806-43ab-8c9f-7952f4510f5d/element/e77be558-36b2-4264-9dc7-a6078d07bc8c%23%7B%22selector%22%3A%22nth-item%22%2C%22parameters%22%3A%5B4%5D%7D/text) = {data={"name":"getElementText","sessionId":"96cf0df2-d806-43ab-8c9f-7952f4510f5d","value":"State","status":0}, status=OK}
Nov 23, 2021 6:07:51 PM net.sourceforge.marathon.javaagent.server.JavaServer serve
INFO: JavaServer.serve(DELETE /session/96cf0df2-d806-43ab-8c9f-7952f4510f5d/window): {}
Nov 23, 2021 6:07:51 PM net.sourceforge.marathon.javaagent.server.JavaServer serve
INFO: DELETE(/session/96cf0df2-d806-43ab-8c9f-7952f4510f5d/window) = {data={"name":"closeSession","sessionId":"96cf0df2-d806-43ab-8c9f-7952f4510f5d","status":0}, status=OK}
Nov 23, 2021 6:07:51 PM net.sourceforge.marathon.javaagent.server.JavaServer serve
INFO: JavaServer.serve(POST /session): {
  "desiredCapabilities": {
    "browserName": "java",
    "platform": "ANY"
  },
  "capabilities": {
    "firstMatch": [
      {
        "browserName": "java"
      }
    ]
  }
}
Nov 23, 2021 6:07:51 PM net.sourceforge.marathon.javaagent.server.JavaServer createSession
INFO: Creating device with type: EVENT_QUEUE
Nov 23, 2021 6:07:51 PM net.sourceforge.marathon.javaagent.Device getDevice
INFO: Creating a EVENT_QUEUE device
Nov 23, 2021 6:07:51 PM net.sourceforge.marathon.javaagent.server.JavaServer serve
INFO: POST(/session, {"desiredCapabilities":{"browserName":"java","platform":"ANY"},"capabilities":{"firstMatch":[{"browserName":"java"}]}}) = {data=, status=REDIRECT}
Nov 23, 2021 6:07:51 PM net.sourceforge.marathon.javaagent.server.JavaServer serve
INFO: JavaServer.serve(GET /session/e20b05ee-8d2d-4ab8-86fb-998f0be9067b): {}
Nov 23, 2021 6:07:51 PM net.sourceforge.marathon.javaagent.server.JavaServer serve
INFO: GET(/session/e20b05ee-8d2d-4ab8-86fb-998f0be9067b) = {data={"name":"getCapabilities","sessionId":"e20b05ee-8d2d-4ab8-86fb-998f0be9067b","value":{"applicationCacheEnabled":false,"rotatable":false,"loggingPrefs":{"driver":"ALL"},"handlesAlerts":false,"databaseEnabled":false,"version":"1.0","platform":"ANY","browserConnectionEnabled":false,"nativeEvents":false,"acceptSslCerts":false,"locationContextEnabled":false,"webStorageEnabled":false,"browserName":"java","takesScreenshot":true,"javascriptEnabled":true,"cssSelectorsEnabled":false},"status":0}, status=OK}
Nov 23, 2021 6:07:51 PM org.openqa.selenium.remote.ProtocolHandshake createSession
INFO: Detected dialect: OSS
Nov 23, 2021 6:07:51 PM net.sourceforge.marathon.javaagent.server.JavaServer serve
INFO: JavaServer.serve(POST /session/e20b05ee-8d2d-4ab8-86fb-998f0be9067b/element): {
  "using": "name",
  "value": "new item id field"
}
Nov 23, 2021 6:07:51 PM net.sourceforge.marathon.javaagent.server.JavaServer serve
INFO: POST(/session/e20b05ee-8d2d-4ab8-86fb-998f0be9067b/element, {"using":"name","value":"new item id field"}) = {data={"name":"findElement","sessionId":"e20b05ee-8d2d-4ab8-86fb-998f0be9067b","value":{"ELEMENT":"a8ae39fe-5e2c-4c7b-bbf9-371f5f9ea846"},"status":0}, status=OK}
Nov 23, 2021 6:07:51 PM net.sourceforge.marathon.javaagent.server.JavaServer serve
INFO: JavaServer.serve(POST /session/e20b05ee-8d2d-4ab8-86fb-998f0be9067b/element/a8ae39fe-5e2c-4c7b-bbf9-371f5f9ea846/clear): {
  "id": "a8ae39fe-5e2c-4c7b-bbf9-371f5f9ea846"
}
Nov 23, 2021 6:07:51 PM net.sourceforge.marathon.javaagent.server.JavaServer serve
INFO: POST(/session/e20b05ee-8d2d-4ab8-86fb-998f0be9067b/element/a8ae39fe-5e2c-4c7b-bbf9-371f5f9ea846/clear, {"id":"a8ae39fe-5e2c-4c7b-bbf9-371f5f9ea846"}) = {data={"name":"clearElement","sessionId":"e20b05ee-8d2d-4ab8-86fb-998f0be9067b","status":0}, status=OK}
Nov 23, 2021 6:07:51 PM net.sourceforge.marathon.javaagent.server.JavaServer serve
INFO: JavaServer.serve(POST /session/e20b05ee-8d2d-4ab8-86fb-998f0be9067b/element/a8ae39fe-5e2c-4c7b-bbf9-371f5f9ea846/value): {
  "id": "a8ae39fe-5e2c-4c7b-bbf9-371f5f9ea846",
  "value": [
    "an item-id"
  ]
}
Nov 23, 2021 6:07:51 PM net.sourceforge.marathon.javaagent.EventQueueDevice dispatchEvent
INFO: java.awt.event.KeyEvent[KEY_PRESSED,keyCode=65,keyText=A,keyChar='a',keyLocation=KEY_LOCATION_UNKNOWN,rawCode=0,primaryLevelUnicode=0,scancode=0,extendedKeyCode=0x0] on new item id field
Nov 23, 2021 6:07:51 PM net.sourceforge.marathon.javaagent.EventQueueDevice dispatchEvent
INFO: java.awt.event.KeyEvent[KEY_TYPED,keyCode=0,keyText=Unknown keyCode: 0x0,keyChar='a',keyLocation=KEY_LOCATION_UNKNOWN,rawCode=0,primaryLevelUnicode=0,scancode=0,extendedKeyCode=0x0] on new item id field
Nov 23, 2021 6:07:51 PM net.sourceforge.marathon.javaagent.EventQueueDevice dispatchEvent
INFO: java.awt.event.KeyEvent[KEY_RELEASED,keyCode=65,keyText=A,keyChar='a',keyLocation=KEY_LOCATION_UNKNOWN,rawCode=0,primaryLevelUnicode=0,scancode=0,extendedKeyCode=0x0] on new item id field
Nov 23, 2021 6:07:51 PM net.sourceforge.marathon.javaagent.EventQueueDevice dispatchEvent
INFO: java.awt.event.KeyEvent[KEY_PRESSED,keyCode=78,keyText=N,keyChar='n',keyLocation=KEY_LOCATION_UNKNOWN,rawCode=0,primaryLevelUnicode=0,scancode=0,extendedKeyCode=0x0] on new item id field
Nov 23, 2021 6:07:51 PM net.sourceforge.marathon.javaagent.EventQueueDevice dispatchEvent
INFO: java.awt.event.KeyEvent[KEY_TYPED,keyCode=0,keyText=Unknown keyCode: 0x0,keyChar='n',keyLocation=KEY_LOCATION_UNKNOWN,rawCode=0,primaryLevelUnicode=0,scancode=0,extendedKeyCode=0x0] on new item id field
Nov 23, 2021 6:07:51 PM net.sourceforge.marathon.javaagent.EventQueueDevice dispatchEvent
INFO: java.awt.event.KeyEvent[KEY_RELEASED,keyCode=78,keyText=N,keyChar='n',keyLocation=KEY_LOCATION_UNKNOWN,rawCode=0,primaryLevelUnicode=0,scancode=0,extendedKeyCode=0x0] on new item id field
Nov 23, 2021 6:07:51 PM net.sourceforge.marathon.javaagent.EventQueueDevice dispatchEvent
INFO: java.awt.event.KeyEvent[KEY_PRESSED,keyCode=16,keyText=Shift,keyChar=Undefined keyChar,modifiers=Shift,extModifiers=Shift,keyLocation=KEY_LOCATION_UNKNOWN,rawCode=0,primaryLevelUnicode=0,scancode=0,extendedKeyCode=0x0] on new item id field
Nov 23, 2021 6:07:51 PM net.sourceforge.marathon.javaagent.EventQueueDevice dispatchEvent
INFO: java.awt.event.KeyEvent[KEY_PRESSED,keyCode=32,keyText=Space,keyChar=' ',modifiers=Shift,extModifiers=Shift,keyLocation=KEY_LOCATION_UNKNOWN,rawCode=0,primaryLevelUnicode=0,scancode=0,extendedKeyCode=0x0] on new item id field
Nov 23, 2021 6:07:51 PM net.sourceforge.marathon.javaagent.EventQueueDevice dispatchEvent
INFO: java.awt.event.KeyEvent[KEY_TYPED,keyCode=0,keyText=Unknown keyCode: 0x0,keyChar=' ',modifiers=Shift,extModifiers=Shift,keyLocation=KEY_LOCATION_UNKNOWN,rawCode=0,primaryLevelUnicode=0,scancode=0,extendedKeyCode=0x0] on new item id field
Nov 23, 2021 6:07:51 PM net.sourceforge.marathon.javaagent.EventQueueDevice dispatchEvent
INFO: java.awt.event.KeyEvent[KEY_RELEASED,keyCode=32,keyText=Space,keyChar=' ',modifiers=Shift,extModifiers=Shift,keyLocation=KEY_LOCATION_UNKNOWN,rawCode=0,primaryLevelUnicode=0,scancode=0,extendedKeyCode=0x0] on new item id field
Nov 23, 2021 6:07:51 PM net.sourceforge.marathon.javaagent.EventQueueDevice dispatchEvent
INFO: java.awt.event.KeyEvent[KEY_RELEASED,keyCode=16,keyText=Shift,keyChar=Undefined keyChar,keyLocation=KEY_LOCATION_UNKNOWN,rawCode=0,primaryLevelUnicode=0,scancode=0,extendedKeyCode=0x0] on new item id field
Nov 23, 2021 6:07:51 PM net.sourceforge.marathon.javaagent.EventQueueDevice dispatchEvent
INFO: java.awt.event.KeyEvent[KEY_PRESSED,keyCode=73,keyText=I,keyChar='i',keyLocation=KEY_LOCATION_UNKNOWN,rawCode=0,primaryLevelUnicode=0,scancode=0,extendedKeyCode=0x0] on new item id field
Nov 23, 2021 6:07:51 PM net.sourceforge.marathon.javaagent.EventQueueDevice dispatchEvent
INFO: java.awt.event.KeyEvent[KEY_TYPED,keyCode=0,keyText=Unknown keyCode: 0x0,keyChar='i',keyLocation=KEY_LOCATION_UNKNOWN,rawCode=0,primaryLevelUnicode=0,scancode=0,extendedKeyCode=0x0] on new item id field
Nov 23, 2021 6:07:51 PM net.sourceforge.marathon.javaagent.EventQueueDevice dispatchEvent
INFO: java.awt.event.KeyEvent[KEY_RELEASED,keyCode=73,keyText=I,keyChar='i',keyLocation=KEY_LOCATION_UNKNOWN,rawCode=0,primaryLevelUnicode=0,scancode=0,extendedKeyCode=0x0] on new item id field
Nov 23, 2021 6:07:51 PM net.sourceforge.marathon.javaagent.EventQueueDevice dispatchEvent
INFO: java.awt.event.KeyEvent[KEY_PRESSED,keyCode=84,keyText=T,keyChar='t',keyLocation=KEY_LOCATION_UNKNOWN,rawCode=0,primaryLevelUnicode=0,scancode=0,extendedKeyCode=0x0] on new item id field
Nov 23, 2021 6:07:51 PM net.sourceforge.marathon.javaagent.EventQueueDevice dispatchEvent
INFO: java.awt.event.KeyEvent[KEY_TYPED,keyCode=0,keyText=Unknown keyCode: 0x0,keyChar='t',keyLocation=KEY_LOCATION_UNKNOWN,rawCode=0,primaryLevelUnicode=0,scancode=0,extendedKeyCode=0x0] on new item id field
Nov 23, 2021 6:07:51 PM net.sourceforge.marathon.javaagent.EventQueueDevice dispatchEvent
INFO: java.awt.event.KeyEvent[KEY_RELEASED,keyCode=84,keyText=T,keyChar='t',keyLocation=KEY_LOCATION_UNKNOWN,rawCode=0,primaryLevelUnicode=0,scancode=0,extendedKeyCode=0x0] on new item id field
Nov 23, 2021 6:07:51 PM net.sourceforge.marathon.javaagent.EventQueueDevice dispatchEvent
INFO: java.awt.event.KeyEvent[KEY_PRESSED,keyCode=69,keyText=E,keyChar='e',keyLocation=KEY_LOCATION_UNKNOWN,rawCode=0,primaryLevelUnicode=0,scancode=0,extendedKeyCode=0x0] on new item id field
Nov 23, 2021 6:07:51 PM net.sourceforge.marathon.javaagent.EventQueueDevice dispatchEvent
INFO: java.awt.event.KeyEvent[KEY_TYPED,keyCode=0,keyText=Unknown keyCode: 0x0,keyChar='e',keyLocation=KEY_LOCATION_UNKNOWN,rawCode=0,primaryLevelUnicode=0,scancode=0,extendedKeyCode=0x0] on new item id field
Nov 23, 2021 6:07:51 PM net.sourceforge.marathon.javaagent.EventQueueDevice dispatchEvent
INFO: java.awt.event.KeyEvent[KEY_RELEASED,keyCode=69,keyText=E,keyChar='e',keyLocation=KEY_LOCATION_UNKNOWN,rawCode=0,primaryLevelUnicode=0,scancode=0,extendedKeyCode=0x0] on new item id field
Nov 23, 2021 6:07:51 PM net.sourceforge.marathon.javaagent.EventQueueDevice dispatchEvent
INFO: java.awt.event.KeyEvent[KEY_PRESSED,keyCode=77,keyText=M,keyChar='m',keyLocation=KEY_LOCATION_UNKNOWN,rawCode=0,primaryLevelUnicode=0,scancode=0,extendedKeyCode=0x0] on new item id field
Nov 23, 2021 6:07:51 PM net.sourceforge.marathon.javaagent.EventQueueDevice dispatchEvent
INFO: java.awt.event.KeyEvent[KEY_TYPED,keyCode=0,keyText=Unknown keyCode: 0x0,keyChar='m',keyLocation=KEY_LOCATION_UNKNOWN,rawCode=0,primaryLevelUnicode=0,scancode=0,extendedKeyCode=0x0] on new item id field
Nov 23, 2021 6:07:51 PM net.sourceforge.marathon.javaagent.EventQueueDevice dispatchEvent
INFO: java.awt.event.KeyEvent[KEY_RELEASED,keyCode=77,keyText=M,keyChar='m',keyLocation=KEY_LOCATION_UNKNOWN,rawCode=0,primaryLevelUnicode=0,scancode=0,extendedKeyCode=0x0] on new item id field
Nov 23, 2021 6:07:51 PM net.sourceforge.marathon.javaagent.EventQueueDevice dispatchEvent
INFO: java.awt.event.KeyEvent[KEY_PRESSED,keyCode=45,keyText=Minus,keyChar='-',keyLocation=KEY_LOCATION_UNKNOWN,rawCode=0,primaryLevelUnicode=0,scancode=0,extendedKeyCode=0x0] on new item id field
Nov 23, 2021 6:07:51 PM net.sourceforge.marathon.javaagent.EventQueueDevice dispatchEvent
INFO: java.awt.event.KeyEvent[KEY_TYPED,keyCode=0,keyText=Unknown keyCode: 0x0,keyChar='-',keyLocation=KEY_LOCATION_UNKNOWN,rawCode=0,primaryLevelUnicode=0,scancode=0,extendedKeyCode=0x0] on new item id field
Nov 23, 2021 6:07:51 PM net.sourceforge.marathon.javaagent.EventQueueDevice dispatchEvent
INFO: java.awt.event.KeyEvent[KEY_RELEASED,keyCode=45,keyText=Minus,keyChar='-',keyLocation=KEY_LOCATION_UNKNOWN,rawCode=0,primaryLevelUnicode=0,scancode=0,extendedKeyCode=0x0] on new item id field
Nov 23, 2021 6:07:51 PM net.sourceforge.marathon.javaagent.EventQueueDevice dispatchEvent
INFO: java.awt.event.KeyEvent[KEY_PRESSED,keyCode=73,keyText=I,keyChar='i',keyLocation=KEY_LOCATION_UNKNOWN,rawCode=0,primaryLevelUnicode=0,scancode=0,extendedKeyCode=0x0] on new item id field
Nov 23, 2021 6:07:51 PM net.sourceforge.marathon.javaagent.EventQueueDevice dispatchEvent
INFO: java.awt.event.KeyEvent[KEY_TYPED,keyCode=0,keyText=Unknown keyCode: 0x0,keyChar='i',keyLocation=KEY_LOCATION_UNKNOWN,rawCode=0,primaryLevelUnicode=0,scancode=0,extendedKeyCode=0x0] on new item id field
Nov 23, 2021 6:07:51 PM net.sourceforge.marathon.javaagent.EventQueueDevice dispatchEvent
INFO: java.awt.event.KeyEvent[KEY_RELEASED,keyCode=73,keyText=I,keyChar='i',keyLocation=KEY_LOCATION_UNKNOWN,rawCode=0,primaryLevelUnicode=0,scancode=0,extendedKeyCode=0x0] on new item id field
Nov 23, 2021 6:07:51 PM net.sourceforge.marathon.javaagent.EventQueueDevice dispatchEvent
INFO: java.awt.event.KeyEvent[KEY_PRESSED,keyCode=68,keyText=D,keyChar='d',keyLocation=KEY_LOCATION_UNKNOWN,rawCode=0,primaryLevelUnicode=0,scancode=0,extendedKeyCode=0x0] on new item id field
Nov 23, 2021 6:07:51 PM net.sourceforge.marathon.javaagent.EventQueueDevice dispatchEvent
INFO: java.awt.event.KeyEvent[KEY_TYPED,keyCode=0,keyText=Unknown keyCode: 0x0,keyChar='d',keyLocation=KEY_LOCATION_UNKNOWN,rawCode=0,primaryLevelUnicode=0,scancode=0,extendedKeyCode=0x0] on new item id field
Nov 23, 2021 6:07:51 PM net.sourceforge.marathon.javaagent.EventQueueDevice dispatchEvent
INFO: java.awt.event.KeyEvent[KEY_RELEASED,keyCode=68,keyText=D,keyChar='d',keyLocation=KEY_LOCATION_UNKNOWN,rawCode=0,primaryLevelUnicode=0,scancode=0,extendedKeyCode=0x0] on new item id field
Nov 23, 2021 6:07:51 PM net.sourceforge.marathon.javaagent.server.JavaServer serve
INFO: POST(/session/e20b05ee-8d2d-4ab8-86fb-998f0be9067b/element/a8ae39fe-5e2c-4c7b-bbf9-371f5f9ea846/value, {"id":"a8ae39fe-5e2c-4c7b-bbf9-371f5f9ea846","value":["an item-id"]}) = {data={"name":"sendKeysElement","sessionId":"e20b05ee-8d2d-4ab8-86fb-998f0be9067b","status":0}, status=OK}
Nov 23, 2021 6:07:51 PM net.sourceforge.marathon.javaagent.server.JavaServer serve
INFO: JavaServer.serve(POST /session/e20b05ee-8d2d-4ab8-86fb-998f0be9067b/element): {
  "using": "name",
  "value": "new item stop price field"
}
Nov 23, 2021 6:07:51 PM net.sourceforge.marathon.javaagent.server.JavaServer serve
INFO: POST(/session/e20b05ee-8d2d-4ab8-86fb-998f0be9067b/element, {"using":"name","value":"new item stop price field"}) = {data={"name":"findElement","sessionId":"e20b05ee-8d2d-4ab8-86fb-998f0be9067b","value":{"ELEMENT":"0768e007-abcc-4e56-aa78-66b716285278"},"status":0}, status=OK}
Nov 23, 2021 6:07:51 PM net.sourceforge.marathon.javaagent.server.JavaServer serve
INFO: JavaServer.serve(POST /session/e20b05ee-8d2d-4ab8-86fb-998f0be9067b/element/0768e007-abcc-4e56-aa78-66b716285278/clear): {
  "id": "0768e007-abcc-4e56-aa78-66b716285278"
}
Nov 23, 2021 6:07:51 PM net.sourceforge.marathon.javaagent.server.JavaServer serve
INFO: POST(/session/e20b05ee-8d2d-4ab8-86fb-998f0be9067b/element/0768e007-abcc-4e56-aa78-66b716285278/clear, {"id":"0768e007-abcc-4e56-aa78-66b716285278"}) = {data={"name":"clearElement","sessionId":"e20b05ee-8d2d-4ab8-86fb-998f0be9067b","status":0}, status=OK}
Nov 23, 2021 6:07:51 PM net.sourceforge.marathon.javaagent.server.JavaServer serve
INFO: JavaServer.serve(POST /session/e20b05ee-8d2d-4ab8-86fb-998f0be9067b/element/0768e007-abcc-4e56-aa78-66b716285278/value): {
  "id": "0768e007-abcc-4e56-aa78-66b716285278",
  "value": [
    "11000"
  ]
}
Nov 23, 2021 6:07:51 PM net.sourceforge.marathon.javaagent.EventQueueDevice dispatchEvent
INFO: java.awt.event.KeyEvent[KEY_PRESSED,keyCode=49,keyText=1,keyChar='1',keyLocation=KEY_LOCATION_UNKNOWN,rawCode=0,primaryLevelUnicode=0,scancode=0,extendedKeyCode=0x0] on new item stop price field
Nov 23, 2021 6:07:51 PM net.sourceforge.marathon.javaagent.EventQueueDevice dispatchEvent
INFO: java.awt.event.KeyEvent[KEY_TYPED,keyCode=0,keyText=Unknown keyCode: 0x0,keyChar='1',keyLocation=KEY_LOCATION_UNKNOWN,rawCode=0,primaryLevelUnicode=0,scancode=0,extendedKeyCode=0x0] on new item stop price field
Nov 23, 2021 6:07:51 PM net.sourceforge.marathon.javaagent.EventQueueDevice dispatchEvent
INFO: java.awt.event.KeyEvent[KEY_RELEASED,keyCode=49,keyText=1,keyChar='1',keyLocation=KEY_LOCATION_UNKNOWN,rawCode=0,primaryLevelUnicode=0,scancode=0,extendedKeyCode=0x0] on new item stop price field
Nov 23, 2021 6:07:51 PM net.sourceforge.marathon.javaagent.EventQueueDevice dispatchEvent
INFO: java.awt.event.KeyEvent[KEY_PRESSED,keyCode=49,keyText=1,keyChar='1',keyLocation=KEY_LOCATION_UNKNOWN,rawCode=0,primaryLevelUnicode=0,scancode=0,extendedKeyCode=0x0] on new item stop price field
Nov 23, 2021 6:07:51 PM net.sourceforge.marathon.javaagent.EventQueueDevice dispatchEvent
INFO: java.awt.event.KeyEvent[KEY_TYPED,keyCode=0,keyText=Unknown keyCode: 0x0,keyChar='1',keyLocation=KEY_LOCATION_UNKNOWN,rawCode=0,primaryLevelUnicode=0,scancode=0,extendedKeyCode=0x0] on new item stop price field
Nov 23, 2021 6:07:51 PM net.sourceforge.marathon.javaagent.EventQueueDevice dispatchEvent
INFO: java.awt.event.KeyEvent[KEY_RELEASED,keyCode=49,keyText=1,keyChar='1',keyLocation=KEY_LOCATION_UNKNOWN,rawCode=0,primaryLevelUnicode=0,scancode=0,extendedKeyCode=0x0] on new item stop price field
Nov 23, 2021 6:07:51 PM net.sourceforge.marathon.javaagent.EventQueueDevice dispatchEvent
INFO: java.awt.event.KeyEvent[KEY_PRESSED,keyCode=48,keyText=0,keyChar='0',keyLocation=KEY_LOCATION_UNKNOWN,rawCode=0,primaryLevelUnicode=0,scancode=0,extendedKeyCode=0x0] on new item stop price field
Nov 23, 2021 6:07:51 PM net.sourceforge.marathon.javaagent.EventQueueDevice dispatchEvent
INFO: java.awt.event.KeyEvent[KEY_TYPED,keyCode=0,keyText=Unknown keyCode: 0x0,keyChar='0',keyLocation=KEY_LOCATION_UNKNOWN,rawCode=0,primaryLevelUnicode=0,scancode=0,extendedKeyCode=0x0] on new item stop price field
Nov 23, 2021 6:07:51 PM net.sourceforge.marathon.javaagent.EventQueueDevice dispatchEvent
INFO: java.awt.event.KeyEvent[KEY_RELEASED,keyCode=48,keyText=0,keyChar='0',keyLocation=KEY_LOCATION_UNKNOWN,rawCode=0,primaryLevelUnicode=0,scancode=0,extendedKeyCode=0x0] on new item stop price field
Nov 23, 2021 6:07:51 PM net.sourceforge.marathon.javaagent.EventQueueDevice dispatchEvent
INFO: java.awt.event.KeyEvent[KEY_PRESSED,keyCode=48,keyText=0,keyChar='0',keyLocation=KEY_LOCATION_UNKNOWN,rawCode=0,primaryLevelUnicode=0,scancode=0,extendedKeyCode=0x0] on new item stop price field
Nov 23, 2021 6:07:51 PM net.sourceforge.marathon.javaagent.EventQueueDevice dispatchEvent
INFO: java.awt.event.KeyEvent[KEY_TYPED,keyCode=0,keyText=Unknown keyCode: 0x0,keyChar='0',keyLocation=KEY_LOCATION_UNKNOWN,rawCode=0,primaryLevelUnicode=0,scancode=0,extendedKeyCode=0x0] on new item stop price field
Nov 23, 2021 6:07:51 PM net.sourceforge.marathon.javaagent.EventQueueDevice dispatchEvent
INFO: java.awt.event.KeyEvent[KEY_RELEASED,keyCode=48,keyText=0,keyChar='0',keyLocation=KEY_LOCATION_UNKNOWN,rawCode=0,primaryLevelUnicode=0,scancode=0,extendedKeyCode=0x0] on new item stop price field
Nov 23, 2021 6:07:51 PM net.sourceforge.marathon.javaagent.EventQueueDevice dispatchEvent
INFO: java.awt.event.KeyEvent[KEY_PRESSED,keyCode=48,keyText=0,keyChar='0',keyLocation=KEY_LOCATION_UNKNOWN,rawCode=0,primaryLevelUnicode=0,scancode=0,extendedKeyCode=0x0] on new item stop price field
Nov 23, 2021 6:07:51 PM net.sourceforge.marathon.javaagent.EventQueueDevice dispatchEvent
INFO: java.awt.event.KeyEvent[KEY_TYPED,keyCode=0,keyText=Unknown keyCode: 0x0,keyChar='0',keyLocation=KEY_LOCATION_UNKNOWN,rawCode=0,primaryLevelUnicode=0,scancode=0,extendedKeyCode=0x0] on new item stop price field
Nov 23, 2021 6:07:51 PM net.sourceforge.marathon.javaagent.EventQueueDevice dispatchEvent
INFO: java.awt.event.KeyEvent[KEY_RELEASED,keyCode=48,keyText=0,keyChar='0',keyLocation=KEY_LOCATION_UNKNOWN,rawCode=0,primaryLevelUnicode=0,scancode=0,extendedKeyCode=0x0] on new item stop price field
Nov 23, 2021 6:07:51 PM net.sourceforge.marathon.javaagent.server.JavaServer serve
INFO: POST(/session/e20b05ee-8d2d-4ab8-86fb-998f0be9067b/element/0768e007-abcc-4e56-aa78-66b716285278/value, {"id":"0768e007-abcc-4e56-aa78-66b716285278","value":["11000"]}) = {data={"name":"sendKeysElement","sessionId":"e20b05ee-8d2d-4ab8-86fb-998f0be9067b","status":0}, status=OK}
Nov 23, 2021 6:07:51 PM net.sourceforge.marathon.javaagent.server.JavaServer serve
INFO: JavaServer.serve(POST /session/e20b05ee-8d2d-4ab8-86fb-998f0be9067b/element): {
  "using": "name",
  "value": "join button"
}
Nov 23, 2021 6:07:51 PM net.sourceforge.marathon.javaagent.server.JavaServer serve
INFO: POST(/session/e20b05ee-8d2d-4ab8-86fb-998f0be9067b/element, {"using":"name","value":"join button"}) = {data={"name":"findElement","sessionId":"e20b05ee-8d2d-4ab8-86fb-998f0be9067b","value":{"ELEMENT":"48c3efef-ba49-4aff-a4a4-5245d83b7f46"},"status":0}, status=OK}
Nov 23, 2021 6:07:51 PM net.sourceforge.marathon.javaagent.server.JavaServer serve
INFO: JavaServer.serve(POST /session/e20b05ee-8d2d-4ab8-86fb-998f0be9067b/element/48c3efef-ba49-4aff-a4a4-5245d83b7f46/click): {
  "id": "48c3efef-ba49-4aff-a4a4-5245d83b7f46"
}
Nov 23, 2021 6:07:51 PM net.sourceforge.marathon.javaagent.EventQueueDevice dispatchEvent
INFO: java.awt.event.MouseEvent[MOUSE_PRESSED,(58,12),absolute(589,17),button=1,modifiers=Button1,extModifiers=Button1,clickCount=1] on join button
Nov 23, 2021 6:07:51 PM net.sourceforge.marathon.javaagent.EventQueueDevice dispatchEvent
INFO: java.awt.event.MouseEvent[MOUSE_RELEASED,(58,12),absolute(589,17),button=1,modifiers=Button1,clickCount=1] on join button
Nov 23, 2021 6:07:51 PM net.sourceforge.marathon.javaagent.EventQueueDevice dispatchEvent
INFO: java.awt.event.MouseEvent[MOUSE_CLICKED,(58,12),absolute(589,17),button=1,modifiers=Button1,clickCount=1] on join button
Nov 23, 2021 6:07:52 PM net.sourceforge.marathon.javaagent.server.JavaServer serve
INFO: POST(/session/e20b05ee-8d2d-4ab8-86fb-998f0be9067b/element/48c3efef-ba49-4aff-a4a4-5245d83b7f46/click, {"id":"48c3efef-ba49-4aff-a4a4-5245d83b7f46"}) = {data={"name":"clickElement","sessionId":"e20b05ee-8d2d-4ab8-86fb-998f0be9067b","status":0}, status=OK}
Nov 23, 2021 6:07:52 PM net.sourceforge.marathon.javaagent.server.JavaServer serve
INFO: JavaServer.serve(DELETE /session/e20b05ee-8d2d-4ab8-86fb-998f0be9067b/window): {}
Nov 23, 2021 6:07:52 PM net.sourceforge.marathon.javaagent.server.JavaServer serve
INFO: DELETE(/session/e20b05ee-8d2d-4ab8-86fb-998f0be9067b/window) = {data={"name":"closeSession","sessionId":"e20b05ee-8d2d-4ab8-86fb-998f0be9067b","status":0}, status=OK}
Nov 23, 2021 6:07:52 PM net.sourceforge.marathon.javaagent.server.JavaServer serve
INFO: JavaServer.serve(POST /session): {
  "desiredCapabilities": {
    "browserName": "java",
    "platform": "ANY"
  },
  "capabilities": {
    "firstMatch": [
      {
        "browserName": "java"
      }
    ]
  }
}
Nov 23, 2021 6:07:52 PM net.sourceforge.marathon.javaagent.server.JavaServer createSession
INFO: Creating device with type: EVENT_QUEUE
Nov 23, 2021 6:07:52 PM net.sourceforge.marathon.javaagent.Device getDevice
INFO: Creating a EVENT_QUEUE device
Nov 23, 2021 6:07:52 PM net.sourceforge.marathon.javaagent.server.JavaServer serve
INFO: POST(/session, {"desiredCapabilities":{"browserName":"java","platform":"ANY"},"capabilities":{"firstMatch":[{"browserName":"java"}]}}) = {data=, status=REDIRECT}
Nov 23, 2021 6:07:52 PM net.sourceforge.marathon.javaagent.server.JavaServer serve
INFO: JavaServer.serve(GET /session/e9918139-2b69-4061-9c0e-15d95178faae): {}
Nov 23, 2021 6:07:52 PM net.sourceforge.marathon.javaagent.server.JavaServer serve
INFO: GET(/session/e9918139-2b69-4061-9c0e-15d95178faae) = {data={"name":"getCapabilities","sessionId":"e9918139-2b69-4061-9c0e-15d95178faae","value":{"applicationCacheEnabled":false,"rotatable":false,"loggingPrefs":{"driver":"ALL"},"handlesAlerts":false,"databaseEnabled":false,"version":"1.0","platform":"ANY","browserConnectionEnabled":false,"nativeEvents":false,"acceptSslCerts":false,"locationContextEnabled":false,"webStorageEnabled":false,"browserName":"java","takesScreenshot":true,"javascriptEnabled":true,"cssSelectorsEnabled":false},"status":0}, status=OK}
Nov 23, 2021 6:07:52 PM org.openqa.selenium.remote.ProtocolHandshake createSession
INFO: Detected dialect: OSS
Nov 23, 2021 6:07:52 PM net.sourceforge.marathon.javaagent.server.JavaServer serve
INFO: JavaServer.serve(POST /session/e9918139-2b69-4061-9c0e-15d95178faae/element): {
  "using": "name",
  "value": "sniper reset button"
}
Nov 23, 2021 6:07:52 PM net.sourceforge.marathon.javaagent.server.JavaServer serve
INFO: POST(/session/e9918139-2b69-4061-9c0e-15d95178faae/element, {"using":"name","value":"sniper reset button"}) = {data={"name":"findElement","sessionId":"e9918139-2b69-4061-9c0e-15d95178faae","value":{"ELEMENT":"ec26591e-e55e-49c1-81c1-5a3341fa1550"},"status":0}, status=OK}
Nov 23, 2021 6:07:52 PM net.sourceforge.marathon.javaagent.server.JavaServer serve
INFO: JavaServer.serve(POST /session/e9918139-2b69-4061-9c0e-15d95178faae/element/ec26591e-e55e-49c1-81c1-5a3341fa1550/click): {
  "id": "ec26591e-e55e-49c1-81c1-5a3341fa1550"
}
Nov 23, 2021 6:07:52 PM net.sourceforge.marathon.javaagent.EventQueueDevice dispatchEvent
INFO: java.awt.event.MouseEvent[MOUSE_PRESSED,(37,12),absolute(326,474),button=1,modifiers=Button1,extModifiers=Button1,clickCount=1] on sniper reset button
Nov 23, 2021 6:07:52 PM net.sourceforge.marathon.javaagent.EventQueueDevice dispatchEvent
INFO: java.awt.event.MouseEvent[MOUSE_RELEASED,(37,12),absolute(326,474),button=1,modifiers=Button1,clickCount=1] on sniper reset button
Nov 23, 2021 6:07:52 PM net.sourceforge.marathon.javaagent.EventQueueDevice dispatchEvent
INFO: java.awt.event.MouseEvent[MOUSE_CLICKED,(37,12),absolute(326,474),button=1,modifiers=Button1,clickCount=1] on sniper reset button
Nov 23, 2021 6:07:52 PM net.sourceforge.marathon.javaagent.server.JavaServer serve
INFO: POST(/session/e9918139-2b69-4061-9c0e-15d95178faae/element/ec26591e-e55e-49c1-81c1-5a3341fa1550/click, {"id":"ec26591e-e55e-49c1-81c1-5a3341fa1550"}) = {data={"name":"clickElement","sessionId":"e9918139-2b69-4061-9c0e-15d95178faae","status":0}, status=OK}
Nov 23, 2021 6:07:52 PM net.sourceforge.marathon.javaagent.server.JavaServer serve
INFO: JavaServer.serve(DELETE /session/e9918139-2b69-4061-9c0e-15d95178faae/window): {}
Nov 23, 2021 6:07:52 PM net.sourceforge.marathon.javaagent.server.JavaServer serve
INFO: DELETE(/session/e9918139-2b69-4061-9c0e-15d95178faae/window) = {data={"name":"closeSession","sessionId":"e9918139-2b69-4061-9c0e-15d95178faae","status":0}, status=OK}
]]></system-err>
</testsuite>
